[2022-07-31 08:00:41,375] {processor.py:153} INFO - Started process (PID=98948) to work on /Users/pro/Documents/a_env/proj_data/lib/python3.7/site-packages/airflow/example_dags/example_xcomargs.py
[2022-07-31 08:00:41,382] {processor.py:641} INFO - Processing file /Users/pro/Documents/a_env/proj_data/lib/python3.7/site-packages/airflow/example_dags/example_xcomargs.py for tasks to queue
[2022-07-31 08:00:41,389] {logging_mixin.py:115} INFO - [2022-07-31 08:00:41,387] {dagbag.py:508} INFO - Filling up the DagBag from /Users/pro/Documents/a_env/proj_data/lib/python3.7/site-packages/airflow/example_dags/example_xcomargs.py
[2022-07-31 08:00:41,570] {processor.py:651} INFO - DAG(s) dict_keys(['example_xcom_args', 'example_xcom_args_with_operators']) retrieved from /Users/pro/Documents/a_env/proj_data/lib/python3.7/site-packages/airflow/example_dags/example_xcomargs.py
[2022-07-31 08:00:42,059] {logging_mixin.py:115} INFO - [2022-07-31 08:00:42,057] {dag.py:2420} INFO - Sync 2 DAGs
[2022-07-31 08:00:42,184] {logging_mixin.py:115} INFO - [2022-07-31 08:00:42,181] {dag.py:2972} INFO - Setting next_dagrun for example_xcom_args to None, run_after=None
[2022-07-31 08:00:42,188] {logging_mixin.py:115} INFO - [2022-07-31 08:00:42,186] {dag.py:2972} INFO - Setting next_dagrun for example_xcom_args_with_operators to None, run_after=None
[2022-07-31 08:00:42,294] {processor.py:161} INFO - Processing /Users/pro/Documents/a_env/proj_data/lib/python3.7/site-packages/airflow/example_dags/example_xcomargs.py took 0.953 seconds
[2022-07-31 08:01:36,212] {processor.py:153} INFO - Started process (PID=98992) to work on /Users/pro/Documents/a_env/proj_data/lib/python3.7/site-packages/airflow/example_dags/example_xcomargs.py
[2022-07-31 08:01:36,214] {processor.py:641} INFO - Processing file /Users/pro/Documents/a_env/proj_data/lib/python3.7/site-packages/airflow/example_dags/example_xcomargs.py for tasks to queue
[2022-07-31 08:01:36,217] {logging_mixin.py:115} INFO - [2022-07-31 08:01:36,216] {dagbag.py:508} INFO - Filling up the DagBag from /Users/pro/Documents/a_env/proj_data/lib/python3.7/site-packages/airflow/example_dags/example_xcomargs.py
[2022-07-31 08:01:36,280] {processor.py:651} INFO - DAG(s) dict_keys(['example_xcom_args', 'example_xcom_args_with_operators']) retrieved from /Users/pro/Documents/a_env/proj_data/lib/python3.7/site-packages/airflow/example_dags/example_xcomargs.py
[2022-07-31 08:01:36,332] {logging_mixin.py:115} INFO - [2022-07-31 08:01:36,331] {dag.py:2420} INFO - Sync 2 DAGs
[2022-07-31 08:01:36,382] {logging_mixin.py:115} INFO - [2022-07-31 08:01:36,382] {dag.py:2972} INFO - Setting next_dagrun for example_xcom_args to None, run_after=None
[2022-07-31 08:01:36,384] {logging_mixin.py:115} INFO - [2022-07-31 08:01:36,383] {dag.py:2972} INFO - Setting next_dagrun for example_xcom_args_with_operators to None, run_after=None
[2022-07-31 08:01:36,410] {processor.py:161} INFO - Processing /Users/pro/Documents/a_env/proj_data/lib/python3.7/site-packages/airflow/example_dags/example_xcomargs.py took 0.208 seconds
[2022-07-31 08:15:35,841] {processor.py:153} INFO - Started process (PID=99034) to work on /Users/pro/Documents/a_env/proj_data/lib/python3.7/site-packages/airflow/example_dags/example_xcomargs.py
[2022-07-31 08:15:35,843] {processor.py:641} INFO - Processing file /Users/pro/Documents/a_env/proj_data/lib/python3.7/site-packages/airflow/example_dags/example_xcomargs.py for tasks to queue
[2022-07-31 08:15:35,845] {logging_mixin.py:115} INFO - [2022-07-31 08:15:35,844] {dagbag.py:508} INFO - Filling up the DagBag from /Users/pro/Documents/a_env/proj_data/lib/python3.7/site-packages/airflow/example_dags/example_xcomargs.py
[2022-07-31 08:15:35,870] {processor.py:651} INFO - DAG(s) dict_keys(['example_xcom_args', 'example_xcom_args_with_operators']) retrieved from /Users/pro/Documents/a_env/proj_data/lib/python3.7/site-packages/airflow/example_dags/example_xcomargs.py
[2022-07-31 08:15:35,929] {logging_mixin.py:115} INFO - [2022-07-31 08:15:35,929] {dag.py:2420} INFO - Sync 2 DAGs
[2022-07-31 08:15:35,945] {logging_mixin.py:115} INFO - [2022-07-31 08:15:35,944] {dag.py:2972} INFO - Setting next_dagrun for example_xcom_args to None, run_after=None
[2022-07-31 08:15:35,945] {logging_mixin.py:115} INFO - [2022-07-31 08:15:35,945] {dag.py:2972} INFO - Setting next_dagrun for example_xcom_args_with_operators to None, run_after=None
[2022-07-31 08:15:35,959] {processor.py:161} INFO - Processing /Users/pro/Documents/a_env/proj_data/lib/python3.7/site-packages/airflow/example_dags/example_xcomargs.py took 0.123 seconds
[2022-07-31 08:30:38,319] {processor.py:153} INFO - Started process (PID=99099) to work on /Users/pro/Documents/a_env/proj_data/lib/python3.7/site-packages/airflow/example_dags/example_xcomargs.py
[2022-07-31 08:30:38,320] {processor.py:641} INFO - Processing file /Users/pro/Documents/a_env/proj_data/lib/python3.7/site-packages/airflow/example_dags/example_xcomargs.py for tasks to queue
[2022-07-31 08:30:38,321] {logging_mixin.py:115} INFO - [2022-07-31 08:30:38,321] {dagbag.py:508} INFO - Filling up the DagBag from /Users/pro/Documents/a_env/proj_data/lib/python3.7/site-packages/airflow/example_dags/example_xcomargs.py
[2022-07-31 08:30:38,342] {processor.py:651} INFO - DAG(s) dict_keys(['example_xcom_args', 'example_xcom_args_with_operators']) retrieved from /Users/pro/Documents/a_env/proj_data/lib/python3.7/site-packages/airflow/example_dags/example_xcomargs.py
[2022-07-31 08:30:38,399] {logging_mixin.py:115} INFO - [2022-07-31 08:30:38,398] {dag.py:2420} INFO - Sync 2 DAGs
[2022-07-31 08:30:38,414] {logging_mixin.py:115} INFO - [2022-07-31 08:30:38,414] {dag.py:2972} INFO - Setting next_dagrun for example_xcom_args to None, run_after=None
[2022-07-31 08:30:38,415] {logging_mixin.py:115} INFO - [2022-07-31 08:30:38,414] {dag.py:2972} INFO - Setting next_dagrun for example_xcom_args_with_operators to None, run_after=None
[2022-07-31 08:30:38,433] {processor.py:161} INFO - Processing /Users/pro/Documents/a_env/proj_data/lib/python3.7/site-packages/airflow/example_dags/example_xcomargs.py took 0.118 seconds
[2022-07-31 08:31:37,149] {processor.py:153} INFO - Started process (PID=99147) to work on /Users/pro/Documents/a_env/proj_data/lib/python3.7/site-packages/airflow/example_dags/example_xcomargs.py
[2022-07-31 08:31:37,152] {processor.py:641} INFO - Processing file /Users/pro/Documents/a_env/proj_data/lib/python3.7/site-packages/airflow/example_dags/example_xcomargs.py for tasks to queue
[2022-07-31 08:31:37,154] {logging_mixin.py:115} INFO - [2022-07-31 08:31:37,154] {dagbag.py:508} INFO - Filling up the DagBag from /Users/pro/Documents/a_env/proj_data/lib/python3.7/site-packages/airflow/example_dags/example_xcomargs.py
[2022-07-31 08:31:37,212] {processor.py:651} INFO - DAG(s) dict_keys(['example_xcom_args', 'example_xcom_args_with_operators']) retrieved from /Users/pro/Documents/a_env/proj_data/lib/python3.7/site-packages/airflow/example_dags/example_xcomargs.py
[2022-07-31 08:31:37,374] {logging_mixin.py:115} INFO - [2022-07-31 08:31:37,374] {dag.py:2420} INFO - Sync 2 DAGs
[2022-07-31 08:31:37,416] {logging_mixin.py:115} INFO - [2022-07-31 08:31:37,415] {dag.py:2972} INFO - Setting next_dagrun for example_xcom_args to None, run_after=None
[2022-07-31 08:31:37,417] {logging_mixin.py:115} INFO - [2022-07-31 08:31:37,417] {dag.py:2972} INFO - Setting next_dagrun for example_xcom_args_with_operators to None, run_after=None
[2022-07-31 08:31:37,453] {processor.py:161} INFO - Processing /Users/pro/Documents/a_env/proj_data/lib/python3.7/site-packages/airflow/example_dags/example_xcomargs.py took 0.318 seconds
[2022-07-31 08:32:14,409] {processor.py:153} INFO - Started process (PID=99198) to work on /Users/pro/Documents/a_env/proj_data/lib/python3.7/site-packages/airflow/example_dags/example_xcomargs.py
[2022-07-31 08:32:14,411] {processor.py:641} INFO - Processing file /Users/pro/Documents/a_env/proj_data/lib/python3.7/site-packages/airflow/example_dags/example_xcomargs.py for tasks to queue
[2022-07-31 08:32:14,412] {logging_mixin.py:115} INFO - [2022-07-31 08:32:14,412] {dagbag.py:508} INFO - Filling up the DagBag from /Users/pro/Documents/a_env/proj_data/lib/python3.7/site-packages/airflow/example_dags/example_xcomargs.py
[2022-07-31 08:32:14,449] {processor.py:651} INFO - DAG(s) dict_keys(['example_xcom_args', 'example_xcom_args_with_operators']) retrieved from /Users/pro/Documents/a_env/proj_data/lib/python3.7/site-packages/airflow/example_dags/example_xcomargs.py
[2022-07-31 08:32:14,481] {logging_mixin.py:115} INFO - [2022-07-31 08:32:14,481] {dag.py:2420} INFO - Sync 2 DAGs
[2022-07-31 08:32:14,508] {logging_mixin.py:115} INFO - [2022-07-31 08:32:14,508] {dag.py:2972} INFO - Setting next_dagrun for example_xcom_args to None, run_after=None
[2022-07-31 08:32:14,509] {logging_mixin.py:115} INFO - [2022-07-31 08:32:14,509] {dag.py:2972} INFO - Setting next_dagrun for example_xcom_args_with_operators to None, run_after=None
[2022-07-31 08:32:14,527] {processor.py:161} INFO - Processing /Users/pro/Documents/a_env/proj_data/lib/python3.7/site-packages/airflow/example_dags/example_xcomargs.py took 0.124 seconds
[2022-07-31 08:32:51,789] {processor.py:153} INFO - Started process (PID=99257) to work on /Users/pro/Documents/a_env/proj_data/lib/python3.7/site-packages/airflow/example_dags/example_xcomargs.py
[2022-07-31 08:32:51,791] {processor.py:641} INFO - Processing file /Users/pro/Documents/a_env/proj_data/lib/python3.7/site-packages/airflow/example_dags/example_xcomargs.py for tasks to queue
[2022-07-31 08:32:51,793] {logging_mixin.py:115} INFO - [2022-07-31 08:32:51,792] {dagbag.py:508} INFO - Filling up the DagBag from /Users/pro/Documents/a_env/proj_data/lib/python3.7/site-packages/airflow/example_dags/example_xcomargs.py
[2022-07-31 08:32:51,827] {processor.py:651} INFO - DAG(s) dict_keys(['example_xcom_args', 'example_xcom_args_with_operators']) retrieved from /Users/pro/Documents/a_env/proj_data/lib/python3.7/site-packages/airflow/example_dags/example_xcomargs.py
[2022-07-31 08:32:51,858] {logging_mixin.py:115} INFO - [2022-07-31 08:32:51,857] {dag.py:2420} INFO - Sync 2 DAGs
[2022-07-31 08:32:51,885] {logging_mixin.py:115} INFO - [2022-07-31 08:32:51,885] {dag.py:2972} INFO - Setting next_dagrun for example_xcom_args to None, run_after=None
[2022-07-31 08:32:51,886] {logging_mixin.py:115} INFO - [2022-07-31 08:32:51,886] {dag.py:2972} INFO - Setting next_dagrun for example_xcom_args_with_operators to None, run_after=None
[2022-07-31 08:32:51,905] {processor.py:161} INFO - Processing /Users/pro/Documents/a_env/proj_data/lib/python3.7/site-packages/airflow/example_dags/example_xcomargs.py took 0.122 seconds
[2022-07-31 08:33:27,930] {processor.py:153} INFO - Started process (PID=99305) to work on /Users/pro/Documents/a_env/proj_data/lib/python3.7/site-packages/airflow/example_dags/example_xcomargs.py
[2022-07-31 08:33:27,931] {processor.py:641} INFO - Processing file /Users/pro/Documents/a_env/proj_data/lib/python3.7/site-packages/airflow/example_dags/example_xcomargs.py for tasks to queue
[2022-07-31 08:33:27,933] {logging_mixin.py:115} INFO - [2022-07-31 08:33:27,932] {dagbag.py:508} INFO - Filling up the DagBag from /Users/pro/Documents/a_env/proj_data/lib/python3.7/site-packages/airflow/example_dags/example_xcomargs.py
[2022-07-31 08:33:27,965] {processor.py:651} INFO - DAG(s) dict_keys(['example_xcom_args', 'example_xcom_args_with_operators']) retrieved from /Users/pro/Documents/a_env/proj_data/lib/python3.7/site-packages/airflow/example_dags/example_xcomargs.py
[2022-07-31 08:33:28,045] {logging_mixin.py:115} INFO - [2022-07-31 08:33:28,044] {dag.py:2420} INFO - Sync 2 DAGs
[2022-07-31 08:33:28,065] {logging_mixin.py:115} INFO - [2022-07-31 08:33:28,064] {dag.py:2972} INFO - Setting next_dagrun for example_xcom_args to None, run_after=None
[2022-07-31 08:33:28,066] {logging_mixin.py:115} INFO - [2022-07-31 08:33:28,065] {dag.py:2972} INFO - Setting next_dagrun for example_xcom_args_with_operators to None, run_after=None
[2022-07-31 08:33:28,085] {processor.py:161} INFO - Processing /Users/pro/Documents/a_env/proj_data/lib/python3.7/site-packages/airflow/example_dags/example_xcomargs.py took 0.161 seconds
[2022-07-31 08:45:42,056] {processor.py:153} INFO - Started process (PID=99366) to work on /Users/pro/Documents/a_env/proj_data/lib/python3.7/site-packages/airflow/example_dags/example_xcomargs.py
[2022-07-31 08:45:42,057] {processor.py:641} INFO - Processing file /Users/pro/Documents/a_env/proj_data/lib/python3.7/site-packages/airflow/example_dags/example_xcomargs.py for tasks to queue
[2022-07-31 08:45:42,058] {logging_mixin.py:115} INFO - [2022-07-31 08:45:42,057] {dagbag.py:508} INFO - Filling up the DagBag from /Users/pro/Documents/a_env/proj_data/lib/python3.7/site-packages/airflow/example_dags/example_xcomargs.py
[2022-07-31 08:45:42,079] {processor.py:651} INFO - DAG(s) dict_keys(['example_xcom_args', 'example_xcom_args_with_operators']) retrieved from /Users/pro/Documents/a_env/proj_data/lib/python3.7/site-packages/airflow/example_dags/example_xcomargs.py
[2022-07-31 08:45:42,136] {logging_mixin.py:115} INFO - [2022-07-31 08:45:42,136] {dag.py:2420} INFO - Sync 2 DAGs
[2022-07-31 08:45:42,153] {logging_mixin.py:115} INFO - [2022-07-31 08:45:42,152] {dag.py:2972} INFO - Setting next_dagrun for example_xcom_args to None, run_after=None
[2022-07-31 08:45:42,153] {logging_mixin.py:115} INFO - [2022-07-31 08:45:42,153] {dag.py:2972} INFO - Setting next_dagrun for example_xcom_args_with_operators to None, run_after=None
[2022-07-31 08:45:42,166] {processor.py:161} INFO - Processing /Users/pro/Documents/a_env/proj_data/lib/python3.7/site-packages/airflow/example_dags/example_xcomargs.py took 0.114 seconds
[2022-07-31 09:00:46,370] {processor.py:153} INFO - Started process (PID=99414) to work on /Users/pro/Documents/a_env/proj_data/lib/python3.7/site-packages/airflow/example_dags/example_xcomargs.py
[2022-07-31 09:00:46,377] {processor.py:641} INFO - Processing file /Users/pro/Documents/a_env/proj_data/lib/python3.7/site-packages/airflow/example_dags/example_xcomargs.py for tasks to queue
[2022-07-31 09:00:46,387] {logging_mixin.py:115} INFO - [2022-07-31 09:00:46,384] {dagbag.py:508} INFO - Filling up the DagBag from /Users/pro/Documents/a_env/proj_data/lib/python3.7/site-packages/airflow/example_dags/example_xcomargs.py
[2022-07-31 09:00:46,577] {processor.py:651} INFO - DAG(s) dict_keys(['example_xcom_args', 'example_xcom_args_with_operators']) retrieved from /Users/pro/Documents/a_env/proj_data/lib/python3.7/site-packages/airflow/example_dags/example_xcomargs.py
[2022-07-31 09:00:47,298] {logging_mixin.py:115} INFO - [2022-07-31 09:00:47,296] {dag.py:2420} INFO - Sync 2 DAGs
[2022-07-31 09:00:47,458] {logging_mixin.py:115} INFO - [2022-07-31 09:00:47,455] {dag.py:2972} INFO - Setting next_dagrun for example_xcom_args to None, run_after=None
[2022-07-31 09:00:47,463] {logging_mixin.py:115} INFO - [2022-07-31 09:00:47,461] {dag.py:2972} INFO - Setting next_dagrun for example_xcom_args_with_operators to None, run_after=None
[2022-07-31 09:00:47,598] {processor.py:161} INFO - Processing /Users/pro/Documents/a_env/proj_data/lib/python3.7/site-packages/airflow/example_dags/example_xcomargs.py took 1.259 seconds
[2022-07-31 09:15:47,200] {processor.py:153} INFO - Started process (PID=99461) to work on /Users/pro/Documents/a_env/proj_data/lib/python3.7/site-packages/airflow/example_dags/example_xcomargs.py
[2022-07-31 09:15:47,205] {processor.py:641} INFO - Processing file /Users/pro/Documents/a_env/proj_data/lib/python3.7/site-packages/airflow/example_dags/example_xcomargs.py for tasks to queue
[2022-07-31 09:15:47,214] {logging_mixin.py:115} INFO - [2022-07-31 09:15:47,212] {dagbag.py:508} INFO - Filling up the DagBag from /Users/pro/Documents/a_env/proj_data/lib/python3.7/site-packages/airflow/example_dags/example_xcomargs.py
[2022-07-31 09:15:47,448] {processor.py:651} INFO - DAG(s) dict_keys(['example_xcom_args', 'example_xcom_args_with_operators']) retrieved from /Users/pro/Documents/a_env/proj_data/lib/python3.7/site-packages/airflow/example_dags/example_xcomargs.py
[2022-07-31 09:15:47,940] {logging_mixin.py:115} INFO - [2022-07-31 09:15:47,938] {dag.py:2420} INFO - Sync 2 DAGs
[2022-07-31 09:15:48,061] {logging_mixin.py:115} INFO - [2022-07-31 09:15:48,059] {dag.py:2972} INFO - Setting next_dagrun for example_xcom_args to None, run_after=None
[2022-07-31 09:15:48,066] {logging_mixin.py:115} INFO - [2022-07-31 09:15:48,064] {dag.py:2972} INFO - Setting next_dagrun for example_xcom_args_with_operators to None, run_after=None
[2022-07-31 09:15:48,157] {processor.py:161} INFO - Processing /Users/pro/Documents/a_env/proj_data/lib/python3.7/site-packages/airflow/example_dags/example_xcomargs.py took 0.986 seconds
[2022-07-31 09:16:37,161] {processor.py:153} INFO - Started process (PID=99494) to work on /Users/pro/Documents/a_env/proj_data/lib/python3.7/site-packages/airflow/example_dags/example_xcomargs.py
[2022-07-31 09:16:37,163] {processor.py:641} INFO - Processing file /Users/pro/Documents/a_env/proj_data/lib/python3.7/site-packages/airflow/example_dags/example_xcomargs.py for tasks to queue
[2022-07-31 09:16:37,167] {logging_mixin.py:115} INFO - [2022-07-31 09:16:37,166] {dagbag.py:508} INFO - Filling up the DagBag from /Users/pro/Documents/a_env/proj_data/lib/python3.7/site-packages/airflow/example_dags/example_xcomargs.py
[2022-07-31 09:16:37,245] {processor.py:651} INFO - DAG(s) dict_keys(['example_xcom_args', 'example_xcom_args_with_operators']) retrieved from /Users/pro/Documents/a_env/proj_data/lib/python3.7/site-packages/airflow/example_dags/example_xcomargs.py
[2022-07-31 09:16:37,451] {logging_mixin.py:115} INFO - [2022-07-31 09:16:37,449] {dag.py:2420} INFO - Sync 2 DAGs
[2022-07-31 09:16:37,502] {logging_mixin.py:115} INFO - [2022-07-31 09:16:37,501] {dag.py:2972} INFO - Setting next_dagrun for example_xcom_args to None, run_after=None
[2022-07-31 09:16:37,504] {logging_mixin.py:115} INFO - [2022-07-31 09:16:37,503] {dag.py:2972} INFO - Setting next_dagrun for example_xcom_args_with_operators to None, run_after=None
[2022-07-31 09:16:37,544] {processor.py:161} INFO - Processing /Users/pro/Documents/a_env/proj_data/lib/python3.7/site-packages/airflow/example_dags/example_xcomargs.py took 0.397 seconds
[2022-07-31 10:15:06,798] {processor.py:153} INFO - Started process (PID=99560) to work on /Users/pro/Documents/a_env/proj_data/lib/python3.7/site-packages/airflow/example_dags/example_xcomargs.py
[2022-07-31 10:15:06,800] {processor.py:641} INFO - Processing file /Users/pro/Documents/a_env/proj_data/lib/python3.7/site-packages/airflow/example_dags/example_xcomargs.py for tasks to queue
[2022-07-31 10:15:06,801] {logging_mixin.py:115} INFO - [2022-07-31 10:15:06,800] {dagbag.py:508} INFO - Filling up the DagBag from /Users/pro/Documents/a_env/proj_data/lib/python3.7/site-packages/airflow/example_dags/example_xcomargs.py
[2022-07-31 10:15:06,826] {processor.py:651} INFO - DAG(s) dict_keys(['example_xcom_args', 'example_xcom_args_with_operators']) retrieved from /Users/pro/Documents/a_env/proj_data/lib/python3.7/site-packages/airflow/example_dags/example_xcomargs.py
[2022-07-31 10:15:06,895] {logging_mixin.py:115} INFO - [2022-07-31 10:15:06,895] {dag.py:2420} INFO - Sync 2 DAGs
[2022-07-31 10:15:06,913] {logging_mixin.py:115} INFO - [2022-07-31 10:15:06,912] {dag.py:2972} INFO - Setting next_dagrun for example_xcom_args to None, run_after=None
[2022-07-31 10:15:06,913] {logging_mixin.py:115} INFO - [2022-07-31 10:15:06,913] {dag.py:2972} INFO - Setting next_dagrun for example_xcom_args_with_operators to None, run_after=None
[2022-07-31 10:15:06,927] {processor.py:161} INFO - Processing /Users/pro/Documents/a_env/proj_data/lib/python3.7/site-packages/airflow/example_dags/example_xcomargs.py took 0.133 seconds
[2022-07-31 16:25:23,404] {processor.py:153} INFO - Started process (PID=99644) to work on /Users/pro/Documents/a_env/proj_data/lib/python3.7/site-packages/airflow/example_dags/example_xcomargs.py
[2022-07-31 16:25:23,405] {processor.py:641} INFO - Processing file /Users/pro/Documents/a_env/proj_data/lib/python3.7/site-packages/airflow/example_dags/example_xcomargs.py for tasks to queue
[2022-07-31 16:25:23,406] {logging_mixin.py:115} INFO - [2022-07-31 16:25:23,405] {dagbag.py:508} INFO - Filling up the DagBag from /Users/pro/Documents/a_env/proj_data/lib/python3.7/site-packages/airflow/example_dags/example_xcomargs.py
[2022-07-31 16:25:23,428] {processor.py:651} INFO - DAG(s) dict_keys(['example_xcom_args', 'example_xcom_args_with_operators']) retrieved from /Users/pro/Documents/a_env/proj_data/lib/python3.7/site-packages/airflow/example_dags/example_xcomargs.py
[2022-07-31 16:25:23,493] {logging_mixin.py:115} INFO - [2022-07-31 16:25:23,493] {dag.py:2420} INFO - Sync 2 DAGs
[2022-07-31 16:25:23,508] {logging_mixin.py:115} INFO - [2022-07-31 16:25:23,508] {dag.py:2972} INFO - Setting next_dagrun for example_xcom_args to None, run_after=None
[2022-07-31 16:25:23,509] {logging_mixin.py:115} INFO - [2022-07-31 16:25:23,509] {dag.py:2972} INFO - Setting next_dagrun for example_xcom_args_with_operators to None, run_after=None
[2022-07-31 16:25:23,526] {processor.py:161} INFO - Processing /Users/pro/Documents/a_env/proj_data/lib/python3.7/site-packages/airflow/example_dags/example_xcomargs.py took 0.127 seconds
[2022-07-31 21:26:05,774] {processor.py:153} INFO - Started process (PID=99739) to work on /Users/pro/Documents/a_env/proj_data/lib/python3.7/site-packages/airflow/example_dags/example_xcomargs.py
[2022-07-31 21:26:05,775] {processor.py:641} INFO - Processing file /Users/pro/Documents/a_env/proj_data/lib/python3.7/site-packages/airflow/example_dags/example_xcomargs.py for tasks to queue
[2022-07-31 21:26:05,776] {logging_mixin.py:115} INFO - [2022-07-31 21:26:05,776] {dagbag.py:508} INFO - Filling up the DagBag from /Users/pro/Documents/a_env/proj_data/lib/python3.7/site-packages/airflow/example_dags/example_xcomargs.py
[2022-07-31 21:26:05,798] {processor.py:651} INFO - DAG(s) dict_keys(['example_xcom_args', 'example_xcom_args_with_operators']) retrieved from /Users/pro/Documents/a_env/proj_data/lib/python3.7/site-packages/airflow/example_dags/example_xcomargs.py
[2022-07-31 21:26:05,859] {logging_mixin.py:115} INFO - [2022-07-31 21:26:05,859] {dag.py:2420} INFO - Sync 2 DAGs
[2022-07-31 21:26:05,873] {logging_mixin.py:115} INFO - [2022-07-31 21:26:05,873] {dag.py:2972} INFO - Setting next_dagrun for example_xcom_args to None, run_after=None
[2022-07-31 21:26:05,874] {logging_mixin.py:115} INFO - [2022-07-31 21:26:05,874] {dag.py:2972} INFO - Setting next_dagrun for example_xcom_args_with_operators to None, run_after=None
[2022-07-31 21:26:05,886] {processor.py:161} INFO - Processing /Users/pro/Documents/a_env/proj_data/lib/python3.7/site-packages/airflow/example_dags/example_xcomargs.py took 0.116 seconds
[2022-08-01 03:25:24,759] {processor.py:153} INFO - Started process (PID=99816) to work on /Users/pro/Documents/a_env/proj_data/lib/python3.7/site-packages/airflow/example_dags/example_xcomargs.py
[2022-08-01 03:25:24,759] {processor.py:641} INFO - Processing file /Users/pro/Documents/a_env/proj_data/lib/python3.7/site-packages/airflow/example_dags/example_xcomargs.py for tasks to queue
[2022-08-01 03:25:24,760] {logging_mixin.py:115} INFO - [2022-08-01 03:25:24,760] {dagbag.py:508} INFO - Filling up the DagBag from /Users/pro/Documents/a_env/proj_data/lib/python3.7/site-packages/airflow/example_dags/example_xcomargs.py
[2022-08-01 03:25:24,784] {processor.py:651} INFO - DAG(s) dict_keys(['example_xcom_args', 'example_xcom_args_with_operators']) retrieved from /Users/pro/Documents/a_env/proj_data/lib/python3.7/site-packages/airflow/example_dags/example_xcomargs.py
[2022-08-01 03:25:24,840] {logging_mixin.py:115} INFO - [2022-08-01 03:25:24,840] {dag.py:2420} INFO - Sync 2 DAGs
[2022-08-01 03:25:24,855] {logging_mixin.py:115} INFO - [2022-08-01 03:25:24,855] {dag.py:2972} INFO - Setting next_dagrun for example_xcom_args to None, run_after=None
[2022-08-01 03:25:24,856] {logging_mixin.py:115} INFO - [2022-08-01 03:25:24,856] {dag.py:2972} INFO - Setting next_dagrun for example_xcom_args_with_operators to None, run_after=None
[2022-08-01 03:25:24,875] {processor.py:161} INFO - Processing /Users/pro/Documents/a_env/proj_data/lib/python3.7/site-packages/airflow/example_dags/example_xcomargs.py took 0.121 seconds
