[2022-07-31 08:00:30,419] {processor.py:153} INFO - Started process (PID=98938) to work on /Users/pro/Documents/a_env/proj_data/lib/python3.7/site-packages/airflow/example_dags/example_branch_operator_decorator.py
[2022-07-31 08:00:30,420] {processor.py:641} INFO - Processing file /Users/pro/Documents/a_env/proj_data/lib/python3.7/site-packages/airflow/example_dags/example_branch_operator_decorator.py for tasks to queue
[2022-07-31 08:00:30,421] {logging_mixin.py:115} INFO - [2022-07-31 08:00:30,421] {dagbag.py:508} INFO - Filling up the DagBag from /Users/pro/Documents/a_env/proj_data/lib/python3.7/site-packages/airflow/example_dags/example_branch_operator_decorator.py
[2022-07-31 08:00:30,448] {processor.py:651} INFO - DAG(s) dict_keys(['example_branch_python_operator_decorator']) retrieved from /Users/pro/Documents/a_env/proj_data/lib/python3.7/site-packages/airflow/example_dags/example_branch_operator_decorator.py
[2022-07-31 08:00:30,467] {logging_mixin.py:115} INFO - [2022-07-31 08:00:30,467] {dag.py:2420} INFO - Sync 1 DAGs
[2022-07-31 08:00:30,486] {logging_mixin.py:115} INFO - [2022-07-31 08:00:30,486] {dag.py:2972} INFO - Setting next_dagrun for example_branch_python_operator_decorator to 2022-07-30T00:00:00+00:00, run_after=2022-07-31T00:00:00+00:00
[2022-07-31 08:00:30,500] {processor.py:161} INFO - Processing /Users/pro/Documents/a_env/proj_data/lib/python3.7/site-packages/airflow/example_dags/example_branch_operator_decorator.py took 0.085 seconds
[2022-07-31 08:01:48,739] {processor.py:153} INFO - Started process (PID=99010) to work on /Users/pro/Documents/a_env/proj_data/lib/python3.7/site-packages/airflow/example_dags/example_branch_operator_decorator.py
[2022-07-31 08:01:48,741] {processor.py:641} INFO - Processing file /Users/pro/Documents/a_env/proj_data/lib/python3.7/site-packages/airflow/example_dags/example_branch_operator_decorator.py for tasks to queue
[2022-07-31 08:01:48,742] {logging_mixin.py:115} INFO - [2022-07-31 08:01:48,742] {dagbag.py:508} INFO - Filling up the DagBag from /Users/pro/Documents/a_env/proj_data/lib/python3.7/site-packages/airflow/example_dags/example_branch_operator_decorator.py
[2022-07-31 08:01:48,777] {processor.py:651} INFO - DAG(s) dict_keys(['example_branch_python_operator_decorator']) retrieved from /Users/pro/Documents/a_env/proj_data/lib/python3.7/site-packages/airflow/example_dags/example_branch_operator_decorator.py
[2022-07-31 08:01:48,803] {logging_mixin.py:115} INFO - [2022-07-31 08:01:48,802] {dag.py:2420} INFO - Sync 1 DAGs
[2022-07-31 08:01:48,830] {logging_mixin.py:115} INFO - [2022-07-31 08:01:48,830] {dag.py:2972} INFO - Setting next_dagrun for example_branch_python_operator_decorator to 2022-07-30T00:00:00+00:00, run_after=2022-07-31T00:00:00+00:00
[2022-07-31 08:01:48,847] {processor.py:161} INFO - Processing /Users/pro/Documents/a_env/proj_data/lib/python3.7/site-packages/airflow/example_dags/example_branch_operator_decorator.py took 0.113 seconds
[2022-07-31 08:16:16,319] {processor.py:153} INFO - Started process (PID=99067) to work on /Users/pro/Documents/a_env/proj_data/lib/python3.7/site-packages/airflow/example_dags/example_branch_operator_decorator.py
[2022-07-31 08:16:16,325] {processor.py:641} INFO - Processing file /Users/pro/Documents/a_env/proj_data/lib/python3.7/site-packages/airflow/example_dags/example_branch_operator_decorator.py for tasks to queue
[2022-07-31 08:16:16,334] {logging_mixin.py:115} INFO - [2022-07-31 08:16:16,331] {dagbag.py:508} INFO - Filling up the DagBag from /Users/pro/Documents/a_env/proj_data/lib/python3.7/site-packages/airflow/example_dags/example_branch_operator_decorator.py
[2022-07-31 08:16:16,554] {processor.py:651} INFO - DAG(s) dict_keys(['example_branch_python_operator_decorator']) retrieved from /Users/pro/Documents/a_env/proj_data/lib/python3.7/site-packages/airflow/example_dags/example_branch_operator_decorator.py
[2022-07-31 08:16:16,701] {logging_mixin.py:115} INFO - [2022-07-31 08:16:16,698] {dag.py:2420} INFO - Sync 1 DAGs
[2022-07-31 08:16:16,862] {logging_mixin.py:115} INFO - [2022-07-31 08:16:16,858] {dag.py:2972} INFO - Setting next_dagrun for example_branch_python_operator_decorator to 2022-07-30T00:00:00+00:00, run_after=2022-07-31T00:00:00+00:00
[2022-07-31 08:16:17,009] {processor.py:161} INFO - Processing /Users/pro/Documents/a_env/proj_data/lib/python3.7/site-packages/airflow/example_dags/example_branch_operator_decorator.py took 0.720 seconds
[2022-07-31 08:31:18,366] {processor.py:153} INFO - Started process (PID=99131) to work on /Users/pro/Documents/a_env/proj_data/lib/python3.7/site-packages/airflow/example_dags/example_branch_operator_decorator.py
[2022-07-31 08:31:18,372] {processor.py:641} INFO - Processing file /Users/pro/Documents/a_env/proj_data/lib/python3.7/site-packages/airflow/example_dags/example_branch_operator_decorator.py for tasks to queue
[2022-07-31 08:31:18,380] {logging_mixin.py:115} INFO - [2022-07-31 08:31:18,378] {dagbag.py:508} INFO - Filling up the DagBag from /Users/pro/Documents/a_env/proj_data/lib/python3.7/site-packages/airflow/example_dags/example_branch_operator_decorator.py
[2022-07-31 08:31:18,611] {processor.py:651} INFO - DAG(s) dict_keys(['example_branch_python_operator_decorator']) retrieved from /Users/pro/Documents/a_env/proj_data/lib/python3.7/site-packages/airflow/example_dags/example_branch_operator_decorator.py
[2022-07-31 08:31:18,748] {logging_mixin.py:115} INFO - [2022-07-31 08:31:18,746] {dag.py:2420} INFO - Sync 1 DAGs
[2022-07-31 08:31:18,901] {logging_mixin.py:115} INFO - [2022-07-31 08:31:18,898] {dag.py:2972} INFO - Setting next_dagrun for example_branch_python_operator_decorator to 2022-07-30T00:00:00+00:00, run_after=2022-07-31T00:00:00+00:00
[2022-07-31 08:31:18,993] {processor.py:161} INFO - Processing /Users/pro/Documents/a_env/proj_data/lib/python3.7/site-packages/airflow/example_dags/example_branch_operator_decorator.py took 0.659 seconds
[2022-07-31 08:32:04,662] {processor.py:153} INFO - Started process (PID=99185) to work on /Users/pro/Documents/a_env/proj_data/lib/python3.7/site-packages/airflow/example_dags/example_branch_operator_decorator.py
[2022-07-31 08:32:04,663] {processor.py:641} INFO - Processing file /Users/pro/Documents/a_env/proj_data/lib/python3.7/site-packages/airflow/example_dags/example_branch_operator_decorator.py for tasks to queue
[2022-07-31 08:32:04,665] {logging_mixin.py:115} INFO - [2022-07-31 08:32:04,664] {dagbag.py:508} INFO - Filling up the DagBag from /Users/pro/Documents/a_env/proj_data/lib/python3.7/site-packages/airflow/example_dags/example_branch_operator_decorator.py
[2022-07-31 08:32:04,716] {processor.py:651} INFO - DAG(s) dict_keys(['example_branch_python_operator_decorator']) retrieved from /Users/pro/Documents/a_env/proj_data/lib/python3.7/site-packages/airflow/example_dags/example_branch_operator_decorator.py
[2022-07-31 08:32:04,743] {logging_mixin.py:115} INFO - [2022-07-31 08:32:04,743] {dag.py:2420} INFO - Sync 1 DAGs
[2022-07-31 08:32:04,776] {logging_mixin.py:115} INFO - [2022-07-31 08:32:04,775] {dag.py:2972} INFO - Setting next_dagrun for example_branch_python_operator_decorator to 2022-07-30T00:00:00+00:00, run_after=2022-07-31T00:00:00+00:00
[2022-07-31 08:32:04,793] {processor.py:161} INFO - Processing /Users/pro/Documents/a_env/proj_data/lib/python3.7/site-packages/airflow/example_dags/example_branch_operator_decorator.py took 0.137 seconds
[2022-07-31 08:32:42,340] {processor.py:153} INFO - Started process (PID=99238) to work on /Users/pro/Documents/a_env/proj_data/lib/python3.7/site-packages/airflow/example_dags/example_branch_operator_decorator.py
[2022-07-31 08:32:42,341] {processor.py:641} INFO - Processing file /Users/pro/Documents/a_env/proj_data/lib/python3.7/site-packages/airflow/example_dags/example_branch_operator_decorator.py for tasks to queue
[2022-07-31 08:32:42,343] {logging_mixin.py:115} INFO - [2022-07-31 08:32:42,342] {dagbag.py:508} INFO - Filling up the DagBag from /Users/pro/Documents/a_env/proj_data/lib/python3.7/site-packages/airflow/example_dags/example_branch_operator_decorator.py
[2022-07-31 08:32:42,382] {processor.py:651} INFO - DAG(s) dict_keys(['example_branch_python_operator_decorator']) retrieved from /Users/pro/Documents/a_env/proj_data/lib/python3.7/site-packages/airflow/example_dags/example_branch_operator_decorator.py
[2022-07-31 08:32:42,411] {logging_mixin.py:115} INFO - [2022-07-31 08:32:42,410] {dag.py:2420} INFO - Sync 1 DAGs
[2022-07-31 08:32:42,445] {logging_mixin.py:115} INFO - [2022-07-31 08:32:42,444] {dag.py:2972} INFO - Setting next_dagrun for example_branch_python_operator_decorator to 2022-07-30T00:00:00+00:00, run_after=2022-07-31T00:00:00+00:00
[2022-07-31 08:32:42,468] {processor.py:161} INFO - Processing /Users/pro/Documents/a_env/proj_data/lib/python3.7/site-packages/airflow/example_dags/example_branch_operator_decorator.py took 0.135 seconds
[2022-07-31 08:33:22,664] {processor.py:153} INFO - Started process (PID=99297) to work on /Users/pro/Documents/a_env/proj_data/lib/python3.7/site-packages/airflow/example_dags/example_branch_operator_decorator.py
[2022-07-31 08:33:22,666] {processor.py:641} INFO - Processing file /Users/pro/Documents/a_env/proj_data/lib/python3.7/site-packages/airflow/example_dags/example_branch_operator_decorator.py for tasks to queue
[2022-07-31 08:33:22,668] {logging_mixin.py:115} INFO - [2022-07-31 08:33:22,668] {dagbag.py:508} INFO - Filling up the DagBag from /Users/pro/Documents/a_env/proj_data/lib/python3.7/site-packages/airflow/example_dags/example_branch_operator_decorator.py
[2022-07-31 08:33:22,708] {processor.py:651} INFO - DAG(s) dict_keys(['example_branch_python_operator_decorator']) retrieved from /Users/pro/Documents/a_env/proj_data/lib/python3.7/site-packages/airflow/example_dags/example_branch_operator_decorator.py
[2022-07-31 08:33:22,739] {logging_mixin.py:115} INFO - [2022-07-31 08:33:22,738] {dag.py:2420} INFO - Sync 1 DAGs
[2022-07-31 08:33:22,771] {logging_mixin.py:115} INFO - [2022-07-31 08:33:22,770] {dag.py:2972} INFO - Setting next_dagrun for example_branch_python_operator_decorator to 2022-07-30T00:00:00+00:00, run_after=2022-07-31T00:00:00+00:00
[2022-07-31 08:33:22,792] {processor.py:161} INFO - Processing /Users/pro/Documents/a_env/proj_data/lib/python3.7/site-packages/airflow/example_dags/example_branch_operator_decorator.py took 0.133 seconds
[2022-07-31 08:45:33,094] {processor.py:153} INFO - Started process (PID=99340) to work on /Users/pro/Documents/a_env/proj_data/lib/python3.7/site-packages/airflow/example_dags/example_branch_operator_decorator.py
[2022-07-31 08:45:33,095] {processor.py:641} INFO - Processing file /Users/pro/Documents/a_env/proj_data/lib/python3.7/site-packages/airflow/example_dags/example_branch_operator_decorator.py for tasks to queue
[2022-07-31 08:45:33,097] {logging_mixin.py:115} INFO - [2022-07-31 08:45:33,096] {dagbag.py:508} INFO - Filling up the DagBag from /Users/pro/Documents/a_env/proj_data/lib/python3.7/site-packages/airflow/example_dags/example_branch_operator_decorator.py
[2022-07-31 08:45:33,129] {processor.py:651} INFO - DAG(s) dict_keys(['example_branch_python_operator_decorator']) retrieved from /Users/pro/Documents/a_env/proj_data/lib/python3.7/site-packages/airflow/example_dags/example_branch_operator_decorator.py
[2022-07-31 08:45:33,303] {logging_mixin.py:115} INFO - [2022-07-31 08:45:33,303] {dag.py:2420} INFO - Sync 1 DAGs
[2022-07-31 08:45:33,340] {logging_mixin.py:115} INFO - [2022-07-31 08:45:33,340] {dag.py:2972} INFO - Setting next_dagrun for example_branch_python_operator_decorator to 2022-07-30T00:00:00+00:00, run_after=2022-07-31T00:00:00+00:00
[2022-07-31 08:45:33,417] {processor.py:161} INFO - Processing /Users/pro/Documents/a_env/proj_data/lib/python3.7/site-packages/airflow/example_dags/example_branch_operator_decorator.py took 0.329 seconds
[2022-07-31 09:15:38,463] {processor.py:153} INFO - Started process (PID=99451) to work on /Users/pro/Documents/a_env/proj_data/lib/python3.7/site-packages/airflow/example_dags/example_branch_operator_decorator.py
[2022-07-31 09:15:38,464] {processor.py:641} INFO - Processing file /Users/pro/Documents/a_env/proj_data/lib/python3.7/site-packages/airflow/example_dags/example_branch_operator_decorator.py for tasks to queue
[2022-07-31 09:15:38,465] {logging_mixin.py:115} INFO - [2022-07-31 09:15:38,465] {dagbag.py:508} INFO - Filling up the DagBag from /Users/pro/Documents/a_env/proj_data/lib/python3.7/site-packages/airflow/example_dags/example_branch_operator_decorator.py
[2022-07-31 09:15:38,487] {processor.py:651} INFO - DAG(s) dict_keys(['example_branch_python_operator_decorator']) retrieved from /Users/pro/Documents/a_env/proj_data/lib/python3.7/site-packages/airflow/example_dags/example_branch_operator_decorator.py
[2022-07-31 09:15:38,506] {logging_mixin.py:115} INFO - [2022-07-31 09:15:38,506] {dag.py:2420} INFO - Sync 1 DAGs
[2022-07-31 09:15:38,525] {logging_mixin.py:115} INFO - [2022-07-31 09:15:38,525] {dag.py:2972} INFO - Setting next_dagrun for example_branch_python_operator_decorator to 2022-07-30T00:00:00+00:00, run_after=2022-07-31T00:00:00+00:00
[2022-07-31 09:15:38,536] {processor.py:161} INFO - Processing /Users/pro/Documents/a_env/proj_data/lib/python3.7/site-packages/airflow/example_dags/example_branch_operator_decorator.py took 0.076 seconds
[2022-07-31 09:25:03,990] {processor.py:153} INFO - Started process (PID=99532) to work on /Users/pro/Documents/a_env/proj_data/lib/python3.7/site-packages/airflow/example_dags/example_branch_operator_decorator.py
[2022-07-31 09:25:03,991] {processor.py:641} INFO - Processing file /Users/pro/Documents/a_env/proj_data/lib/python3.7/site-packages/airflow/example_dags/example_branch_operator_decorator.py for tasks to queue
[2022-07-31 09:25:03,992] {logging_mixin.py:115} INFO - [2022-07-31 09:25:03,992] {dagbag.py:508} INFO - Filling up the DagBag from /Users/pro/Documents/a_env/proj_data/lib/python3.7/site-packages/airflow/example_dags/example_branch_operator_decorator.py
[2022-07-31 09:25:04,018] {processor.py:651} INFO - DAG(s) dict_keys(['example_branch_python_operator_decorator']) retrieved from /Users/pro/Documents/a_env/proj_data/lib/python3.7/site-packages/airflow/example_dags/example_branch_operator_decorator.py
[2022-07-31 09:25:04,037] {logging_mixin.py:115} INFO - [2022-07-31 09:25:04,036] {dag.py:2420} INFO - Sync 1 DAGs
[2022-07-31 09:25:04,059] {logging_mixin.py:115} INFO - [2022-07-31 09:25:04,058] {dag.py:2972} INFO - Setting next_dagrun for example_branch_python_operator_decorator to 2022-07-30T00:00:00+00:00, run_after=2022-07-31T00:00:00+00:00
[2022-07-31 09:25:04,073] {processor.py:161} INFO - Processing /Users/pro/Documents/a_env/proj_data/lib/python3.7/site-packages/airflow/example_dags/example_branch_operator_decorator.py took 0.086 seconds
[2022-07-31 20:45:11,056] {processor.py:153} INFO - Started process (PID=99713) to work on /Users/pro/Documents/a_env/proj_data/lib/python3.7/site-packages/airflow/example_dags/example_branch_operator_decorator.py
[2022-07-31 20:45:11,057] {processor.py:641} INFO - Processing file /Users/pro/Documents/a_env/proj_data/lib/python3.7/site-packages/airflow/example_dags/example_branch_operator_decorator.py for tasks to queue
[2022-07-31 20:45:11,058] {logging_mixin.py:115} INFO - [2022-07-31 20:45:11,058] {dagbag.py:508} INFO - Filling up the DagBag from /Users/pro/Documents/a_env/proj_data/lib/python3.7/site-packages/airflow/example_dags/example_branch_operator_decorator.py
[2022-07-31 20:45:11,081] {processor.py:651} INFO - DAG(s) dict_keys(['example_branch_python_operator_decorator']) retrieved from /Users/pro/Documents/a_env/proj_data/lib/python3.7/site-packages/airflow/example_dags/example_branch_operator_decorator.py
[2022-07-31 20:45:11,102] {logging_mixin.py:115} INFO - [2022-07-31 20:45:11,101] {dag.py:2420} INFO - Sync 1 DAGs
[2022-07-31 20:45:11,122] {logging_mixin.py:115} INFO - [2022-07-31 20:45:11,122] {dag.py:2972} INFO - Setting next_dagrun for example_branch_python_operator_decorator to 2022-07-30T00:00:00+00:00, run_after=2022-07-31T00:00:00+00:00
[2022-07-31 20:45:11,134] {processor.py:161} INFO - Processing /Users/pro/Documents/a_env/proj_data/lib/python3.7/site-packages/airflow/example_dags/example_branch_operator_decorator.py took 0.082 seconds
