[2022-07-31 08:01:01,717] {processor.py:153} INFO - Started process (PID=98958) to work on /Users/pro/Documents/a_env/proj_data/lib/python3.7/site-packages/airflow/example_dags/example_short_circuit_operator.py
[2022-07-31 08:01:01,723] {processor.py:641} INFO - Processing file /Users/pro/Documents/a_env/proj_data/lib/python3.7/site-packages/airflow/example_dags/example_short_circuit_operator.py for tasks to queue
[2022-07-31 08:01:01,733] {logging_mixin.py:115} INFO - [2022-07-31 08:01:01,730] {dagbag.py:508} INFO - Filling up the DagBag from /Users/pro/Documents/a_env/proj_data/lib/python3.7/site-packages/airflow/example_dags/example_short_circuit_operator.py
[2022-07-31 08:01:01,839] {processor.py:651} INFO - DAG(s) dict_keys(['example_short_circuit_operator']) retrieved from /Users/pro/Documents/a_env/proj_data/lib/python3.7/site-packages/airflow/example_dags/example_short_circuit_operator.py
[2022-07-31 08:01:01,998] {logging_mixin.py:115} INFO - [2022-07-31 08:01:01,995] {dag.py:2420} INFO - Sync 1 DAGs
[2022-07-31 08:01:02,139] {logging_mixin.py:115} INFO - [2022-07-31 08:01:02,137] {dag.py:2972} INFO - Setting next_dagrun for example_short_circuit_operator to 2022-07-30T00:01:02.134948+00:00, run_after=2022-07-31T00:01:02.134948+00:00
[2022-07-31 08:01:02,235] {processor.py:161} INFO - Processing /Users/pro/Documents/a_env/proj_data/lib/python3.7/site-packages/airflow/example_dags/example_short_circuit_operator.py took 0.550 seconds
[2022-07-31 08:15:55,367] {processor.py:153} INFO - Started process (PID=99053) to work on /Users/pro/Documents/a_env/proj_data/lib/python3.7/site-packages/airflow/example_dags/example_short_circuit_operator.py
[2022-07-31 08:15:55,374] {processor.py:641} INFO - Processing file /Users/pro/Documents/a_env/proj_data/lib/python3.7/site-packages/airflow/example_dags/example_short_circuit_operator.py for tasks to queue
[2022-07-31 08:15:55,383] {logging_mixin.py:115} INFO - [2022-07-31 08:15:55,381] {dagbag.py:508} INFO - Filling up the DagBag from /Users/pro/Documents/a_env/proj_data/lib/python3.7/site-packages/airflow/example_dags/example_short_circuit_operator.py
[2022-07-31 08:15:55,480] {processor.py:651} INFO - DAG(s) dict_keys(['example_short_circuit_operator']) retrieved from /Users/pro/Documents/a_env/proj_data/lib/python3.7/site-packages/airflow/example_dags/example_short_circuit_operator.py
[2022-07-31 08:15:55,642] {logging_mixin.py:115} INFO - [2022-07-31 08:15:55,640] {dag.py:2420} INFO - Sync 1 DAGs
[2022-07-31 08:15:55,793] {logging_mixin.py:115} INFO - [2022-07-31 08:15:55,790] {dag.py:2972} INFO - Setting next_dagrun for example_short_circuit_operator to 2022-07-30T00:15:55.788399+00:00, run_after=2022-07-31T00:15:55.788399+00:00
[2022-07-31 08:15:55,889] {processor.py:161} INFO - Processing /Users/pro/Documents/a_env/proj_data/lib/python3.7/site-packages/airflow/example_dags/example_short_circuit_operator.py took 0.555 seconds
[2022-07-31 08:30:53,948] {processor.py:153} INFO - Started process (PID=99114) to work on /Users/pro/Documents/a_env/proj_data/lib/python3.7/site-packages/airflow/example_dags/example_short_circuit_operator.py
[2022-07-31 08:30:53,956] {processor.py:641} INFO - Processing file /Users/pro/Documents/a_env/proj_data/lib/python3.7/site-packages/airflow/example_dags/example_short_circuit_operator.py for tasks to queue
[2022-07-31 08:30:53,966] {logging_mixin.py:115} INFO - [2022-07-31 08:30:53,962] {dagbag.py:508} INFO - Filling up the DagBag from /Users/pro/Documents/a_env/proj_data/lib/python3.7/site-packages/airflow/example_dags/example_short_circuit_operator.py
[2022-07-31 08:30:54,120] {processor.py:651} INFO - DAG(s) dict_keys(['example_short_circuit_operator']) retrieved from /Users/pro/Documents/a_env/proj_data/lib/python3.7/site-packages/airflow/example_dags/example_short_circuit_operator.py
[2022-07-31 08:30:54,274] {logging_mixin.py:115} INFO - [2022-07-31 08:30:54,272] {dag.py:2420} INFO - Sync 1 DAGs
[2022-07-31 08:30:54,420] {logging_mixin.py:115} INFO - [2022-07-31 08:30:54,417] {dag.py:2972} INFO - Setting next_dagrun for example_short_circuit_operator to 2022-07-30T00:30:54.415658+00:00, run_after=2022-07-31T00:30:54.415658+00:00
[2022-07-31 08:30:54,548] {processor.py:161} INFO - Processing /Users/pro/Documents/a_env/proj_data/lib/python3.7/site-packages/airflow/example_dags/example_short_circuit_operator.py took 0.634 seconds
[2022-07-31 08:31:47,251] {processor.py:153} INFO - Started process (PID=99165) to work on /Users/pro/Documents/a_env/proj_data/lib/python3.7/site-packages/airflow/example_dags/example_short_circuit_operator.py
[2022-07-31 08:31:47,253] {processor.py:641} INFO - Processing file /Users/pro/Documents/a_env/proj_data/lib/python3.7/site-packages/airflow/example_dags/example_short_circuit_operator.py for tasks to queue
[2022-07-31 08:31:47,255] {logging_mixin.py:115} INFO - [2022-07-31 08:31:47,254] {dagbag.py:508} INFO - Filling up the DagBag from /Users/pro/Documents/a_env/proj_data/lib/python3.7/site-packages/airflow/example_dags/example_short_circuit_operator.py
[2022-07-31 08:31:47,273] {processor.py:651} INFO - DAG(s) dict_keys(['example_short_circuit_operator']) retrieved from /Users/pro/Documents/a_env/proj_data/lib/python3.7/site-packages/airflow/example_dags/example_short_circuit_operator.py
[2022-07-31 08:31:47,301] {logging_mixin.py:115} INFO - [2022-07-31 08:31:47,301] {dag.py:2420} INFO - Sync 1 DAGs
[2022-07-31 08:31:47,332] {logging_mixin.py:115} INFO - [2022-07-31 08:31:47,332] {dag.py:2972} INFO - Setting next_dagrun for example_short_circuit_operator to 2022-07-30T00:31:47.332067+00:00, run_after=2022-07-31T00:31:47.332067+00:00
[2022-07-31 08:31:47,349] {processor.py:161} INFO - Processing /Users/pro/Documents/a_env/proj_data/lib/python3.7/site-packages/airflow/example_dags/example_short_circuit_operator.py took 0.103 seconds
[2022-07-31 08:32:25,561] {processor.py:153} INFO - Started process (PID=99211) to work on /Users/pro/Documents/a_env/proj_data/lib/python3.7/site-packages/airflow/example_dags/example_short_circuit_operator.py
[2022-07-31 08:32:25,562] {processor.py:641} INFO - Processing file /Users/pro/Documents/a_env/proj_data/lib/python3.7/site-packages/airflow/example_dags/example_short_circuit_operator.py for tasks to queue
[2022-07-31 08:32:25,564] {logging_mixin.py:115} INFO - [2022-07-31 08:32:25,563] {dagbag.py:508} INFO - Filling up the DagBag from /Users/pro/Documents/a_env/proj_data/lib/python3.7/site-packages/airflow/example_dags/example_short_circuit_operator.py
[2022-07-31 08:32:25,584] {processor.py:651} INFO - DAG(s) dict_keys(['example_short_circuit_operator']) retrieved from /Users/pro/Documents/a_env/proj_data/lib/python3.7/site-packages/airflow/example_dags/example_short_circuit_operator.py
[2022-07-31 08:32:25,613] {logging_mixin.py:115} INFO - [2022-07-31 08:32:25,613] {dag.py:2420} INFO - Sync 1 DAGs
[2022-07-31 08:32:25,640] {logging_mixin.py:115} INFO - [2022-07-31 08:32:25,640] {dag.py:2972} INFO - Setting next_dagrun for example_short_circuit_operator to 2022-07-30T00:32:25.639636+00:00, run_after=2022-07-31T00:32:25.639636+00:00
[2022-07-31 08:32:25,657] {processor.py:161} INFO - Processing /Users/pro/Documents/a_env/proj_data/lib/python3.7/site-packages/airflow/example_dags/example_short_circuit_operator.py took 0.103 seconds
[2022-07-31 08:33:02,301] {processor.py:153} INFO - Started process (PID=99271) to work on /Users/pro/Documents/a_env/proj_data/lib/python3.7/site-packages/airflow/example_dags/example_short_circuit_operator.py
[2022-07-31 08:33:02,303] {processor.py:641} INFO - Processing file /Users/pro/Documents/a_env/proj_data/lib/python3.7/site-packages/airflow/example_dags/example_short_circuit_operator.py for tasks to queue
[2022-07-31 08:33:02,304] {logging_mixin.py:115} INFO - [2022-07-31 08:33:02,304] {dagbag.py:508} INFO - Filling up the DagBag from /Users/pro/Documents/a_env/proj_data/lib/python3.7/site-packages/airflow/example_dags/example_short_circuit_operator.py
[2022-07-31 08:33:02,322] {processor.py:651} INFO - DAG(s) dict_keys(['example_short_circuit_operator']) retrieved from /Users/pro/Documents/a_env/proj_data/lib/python3.7/site-packages/airflow/example_dags/example_short_circuit_operator.py
[2022-07-31 08:33:02,349] {logging_mixin.py:115} INFO - [2022-07-31 08:33:02,348] {dag.py:2420} INFO - Sync 1 DAGs
[2022-07-31 08:33:02,373] {logging_mixin.py:115} INFO - [2022-07-31 08:33:02,372] {dag.py:2972} INFO - Setting next_dagrun for example_short_circuit_operator to 2022-07-30T00:33:02.372363+00:00, run_after=2022-07-31T00:33:02.372363+00:00
[2022-07-31 08:33:02,388] {processor.py:161} INFO - Processing /Users/pro/Documents/a_env/proj_data/lib/python3.7/site-packages/airflow/example_dags/example_short_circuit_operator.py took 0.093 seconds
[2022-07-31 08:33:39,494] {processor.py:153} INFO - Started process (PID=99316) to work on /Users/pro/Documents/a_env/proj_data/lib/python3.7/site-packages/airflow/example_dags/example_short_circuit_operator.py
[2022-07-31 08:33:39,495] {processor.py:641} INFO - Processing file /Users/pro/Documents/a_env/proj_data/lib/python3.7/site-packages/airflow/example_dags/example_short_circuit_operator.py for tasks to queue
[2022-07-31 08:33:39,497] {logging_mixin.py:115} INFO - [2022-07-31 08:33:39,496] {dagbag.py:508} INFO - Filling up the DagBag from /Users/pro/Documents/a_env/proj_data/lib/python3.7/site-packages/airflow/example_dags/example_short_circuit_operator.py
[2022-07-31 08:33:39,511] {processor.py:651} INFO - DAG(s) dict_keys(['example_short_circuit_operator']) retrieved from /Users/pro/Documents/a_env/proj_data/lib/python3.7/site-packages/airflow/example_dags/example_short_circuit_operator.py
[2022-07-31 08:33:39,535] {logging_mixin.py:115} INFO - [2022-07-31 08:33:39,534] {dag.py:2420} INFO - Sync 1 DAGs
[2022-07-31 08:33:39,556] {logging_mixin.py:115} INFO - [2022-07-31 08:33:39,556] {dag.py:2972} INFO - Setting next_dagrun for example_short_circuit_operator to 2022-07-30T00:33:39.555704+00:00, run_after=2022-07-31T00:33:39.555704+00:00
[2022-07-31 08:33:39,570] {processor.py:161} INFO - Processing /Users/pro/Documents/a_env/proj_data/lib/python3.7/site-packages/airflow/example_dags/example_short_circuit_operator.py took 0.080 seconds
[2022-07-31 08:46:00,579] {processor.py:153} INFO - Started process (PID=99376) to work on /Users/pro/Documents/a_env/proj_data/lib/python3.7/site-packages/airflow/example_dags/example_short_circuit_operator.py
[2022-07-31 08:46:00,586] {processor.py:641} INFO - Processing file /Users/pro/Documents/a_env/proj_data/lib/python3.7/site-packages/airflow/example_dags/example_short_circuit_operator.py for tasks to queue
[2022-07-31 08:46:00,594] {logging_mixin.py:115} INFO - [2022-07-31 08:46:00,592] {dagbag.py:508} INFO - Filling up the DagBag from /Users/pro/Documents/a_env/proj_data/lib/python3.7/site-packages/airflow/example_dags/example_short_circuit_operator.py
[2022-07-31 08:46:00,689] {processor.py:651} INFO - DAG(s) dict_keys(['example_short_circuit_operator']) retrieved from /Users/pro/Documents/a_env/proj_data/lib/python3.7/site-packages/airflow/example_dags/example_short_circuit_operator.py
[2022-07-31 08:46:00,842] {logging_mixin.py:115} INFO - [2022-07-31 08:46:00,839] {dag.py:2420} INFO - Sync 1 DAGs
[2022-07-31 08:46:00,993] {logging_mixin.py:115} INFO - [2022-07-31 08:46:00,991] {dag.py:2972} INFO - Setting next_dagrun for example_short_circuit_operator to 2022-07-30T00:46:00.989228+00:00, run_after=2022-07-31T00:46:00.989228+00:00
[2022-07-31 08:46:01,091] {processor.py:161} INFO - Processing /Users/pro/Documents/a_env/proj_data/lib/python3.7/site-packages/airflow/example_dags/example_short_circuit_operator.py took 0.545 seconds
[2022-07-31 09:01:06,512] {processor.py:153} INFO - Started process (PID=99425) to work on /Users/pro/Documents/a_env/proj_data/lib/python3.7/site-packages/airflow/example_dags/example_short_circuit_operator.py
[2022-07-31 09:01:06,518] {processor.py:641} INFO - Processing file /Users/pro/Documents/a_env/proj_data/lib/python3.7/site-packages/airflow/example_dags/example_short_circuit_operator.py for tasks to queue
[2022-07-31 09:01:06,526] {logging_mixin.py:115} INFO - [2022-07-31 09:01:06,524] {dagbag.py:508} INFO - Filling up the DagBag from /Users/pro/Documents/a_env/proj_data/lib/python3.7/site-packages/airflow/example_dags/example_short_circuit_operator.py
[2022-07-31 09:01:06,623] {processor.py:651} INFO - DAG(s) dict_keys(['example_short_circuit_operator']) retrieved from /Users/pro/Documents/a_env/proj_data/lib/python3.7/site-packages/airflow/example_dags/example_short_circuit_operator.py
[2022-07-31 09:01:06,783] {logging_mixin.py:115} INFO - [2022-07-31 09:01:06,780] {dag.py:2420} INFO - Sync 1 DAGs
[2022-07-31 09:01:06,928] {logging_mixin.py:115} INFO - [2022-07-31 09:01:06,926] {dag.py:2972} INFO - Setting next_dagrun for example_short_circuit_operator to 2022-07-30T01:01:06.924103+00:00, run_after=2022-07-31T01:01:06.924103+00:00
[2022-07-31 09:01:07,015] {processor.py:161} INFO - Processing /Users/pro/Documents/a_env/proj_data/lib/python3.7/site-packages/airflow/example_dags/example_short_circuit_operator.py took 0.533 seconds
[2022-07-31 09:16:04,891] {processor.py:153} INFO - Started process (PID=99472) to work on /Users/pro/Documents/a_env/proj_data/lib/python3.7/site-packages/airflow/example_dags/example_short_circuit_operator.py
[2022-07-31 09:16:04,899] {processor.py:641} INFO - Processing file /Users/pro/Documents/a_env/proj_data/lib/python3.7/site-packages/airflow/example_dags/example_short_circuit_operator.py for tasks to queue
[2022-07-31 09:16:04,912] {logging_mixin.py:115} INFO - [2022-07-31 09:16:04,909] {dagbag.py:508} INFO - Filling up the DagBag from /Users/pro/Documents/a_env/proj_data/lib/python3.7/site-packages/airflow/example_dags/example_short_circuit_operator.py
[2022-07-31 09:16:05,029] {processor.py:651} INFO - DAG(s) dict_keys(['example_short_circuit_operator']) retrieved from /Users/pro/Documents/a_env/proj_data/lib/python3.7/site-packages/airflow/example_dags/example_short_circuit_operator.py
[2022-07-31 09:16:05,181] {logging_mixin.py:115} INFO - [2022-07-31 09:16:05,178] {dag.py:2420} INFO - Sync 1 DAGs
[2022-07-31 09:16:05,360] {logging_mixin.py:115} INFO - [2022-07-31 09:16:05,357] {dag.py:2972} INFO - Setting next_dagrun for example_short_circuit_operator to 2022-07-30T01:16:05.355525+00:00, run_after=2022-07-31T01:16:05.355525+00:00
[2022-07-31 09:16:05,459] {processor.py:161} INFO - Processing /Users/pro/Documents/a_env/proj_data/lib/python3.7/site-packages/airflow/example_dags/example_short_circuit_operator.py took 0.599 seconds
[2022-07-31 12:25:10,159] {processor.py:153} INFO - Started process (PID=99588) to work on /Users/pro/Documents/a_env/proj_data/lib/python3.7/site-packages/airflow/example_dags/example_short_circuit_operator.py
[2022-07-31 12:25:10,160] {processor.py:641} INFO - Processing file /Users/pro/Documents/a_env/proj_data/lib/python3.7/site-packages/airflow/example_dags/example_short_circuit_operator.py for tasks to queue
[2022-07-31 12:25:10,161] {logging_mixin.py:115} INFO - [2022-07-31 12:25:10,161] {dagbag.py:508} INFO - Filling up the DagBag from /Users/pro/Documents/a_env/proj_data/lib/python3.7/site-packages/airflow/example_dags/example_short_circuit_operator.py
[2022-07-31 12:25:10,173] {processor.py:651} INFO - DAG(s) dict_keys(['example_short_circuit_operator']) retrieved from /Users/pro/Documents/a_env/proj_data/lib/python3.7/site-packages/airflow/example_dags/example_short_circuit_operator.py
[2022-07-31 12:25:10,192] {logging_mixin.py:115} INFO - [2022-07-31 12:25:10,191] {dag.py:2420} INFO - Sync 1 DAGs
[2022-07-31 12:25:10,209] {logging_mixin.py:115} INFO - [2022-07-31 12:25:10,209] {dag.py:2972} INFO - Setting next_dagrun for example_short_circuit_operator to 2022-07-30T04:25:10.209383+00:00, run_after=2022-07-31T04:25:10.209383+00:00
[2022-07-31 12:25:10,223] {processor.py:161} INFO - Processing /Users/pro/Documents/a_env/proj_data/lib/python3.7/site-packages/airflow/example_dags/example_short_circuit_operator.py took 0.068 seconds
[2022-07-31 20:25:24,526] {processor.py:153} INFO - Started process (PID=99671) to work on /Users/pro/Documents/a_env/proj_data/lib/python3.7/site-packages/airflow/example_dags/example_short_circuit_operator.py
[2022-07-31 20:25:24,528] {processor.py:641} INFO - Processing file /Users/pro/Documents/a_env/proj_data/lib/python3.7/site-packages/airflow/example_dags/example_short_circuit_operator.py for tasks to queue
[2022-07-31 20:25:24,530] {logging_mixin.py:115} INFO - [2022-07-31 20:25:24,530] {dagbag.py:508} INFO - Filling up the DagBag from /Users/pro/Documents/a_env/proj_data/lib/python3.7/site-packages/airflow/example_dags/example_short_circuit_operator.py
[2022-07-31 20:25:24,871] {processor.py:651} INFO - DAG(s) dict_keys(['example_short_circuit_operator']) retrieved from /Users/pro/Documents/a_env/proj_data/lib/python3.7/site-packages/airflow/example_dags/example_short_circuit_operator.py
[2022-07-31 20:25:24,917] {logging_mixin.py:115} INFO - [2022-07-31 20:25:24,917] {dag.py:2420} INFO - Sync 1 DAGs
[2022-07-31 20:25:25,232] {logging_mixin.py:115} INFO - [2022-07-31 20:25:25,231] {dag.py:2972} INFO - Setting next_dagrun for example_short_circuit_operator to 2022-07-30T12:25:25.229190+00:00, run_after=2022-07-31T12:25:25.229190+00:00
[2022-07-31 20:25:25,262] {processor.py:161} INFO - Processing /Users/pro/Documents/a_env/proj_data/lib/python3.7/site-packages/airflow/example_dags/example_short_circuit_operator.py took 0.748 seconds
[2022-07-31 21:55:25,913] {processor.py:153} INFO - Started process (PID=99768) to work on /Users/pro/Documents/a_env/proj_data/lib/python3.7/site-packages/airflow/example_dags/example_short_circuit_operator.py
[2022-07-31 21:55:25,914] {processor.py:641} INFO - Processing file /Users/pro/Documents/a_env/proj_data/lib/python3.7/site-packages/airflow/example_dags/example_short_circuit_operator.py for tasks to queue
[2022-07-31 21:55:25,915] {logging_mixin.py:115} INFO - [2022-07-31 21:55:25,915] {dagbag.py:508} INFO - Filling up the DagBag from /Users/pro/Documents/a_env/proj_data/lib/python3.7/site-packages/airflow/example_dags/example_short_circuit_operator.py
[2022-07-31 21:55:25,927] {processor.py:651} INFO - DAG(s) dict_keys(['example_short_circuit_operator']) retrieved from /Users/pro/Documents/a_env/proj_data/lib/python3.7/site-packages/airflow/example_dags/example_short_circuit_operator.py
[2022-07-31 21:55:25,946] {logging_mixin.py:115} INFO - [2022-07-31 21:55:25,946] {dag.py:2420} INFO - Sync 1 DAGs
[2022-07-31 21:55:25,964] {logging_mixin.py:115} INFO - [2022-07-31 21:55:25,963] {dag.py:2972} INFO - Setting next_dagrun for example_short_circuit_operator to 2022-07-30T13:55:25.963618+00:00, run_after=2022-07-31T13:55:25.963618+00:00
[2022-07-31 21:55:25,976] {processor.py:161} INFO - Processing /Users/pro/Documents/a_env/proj_data/lib/python3.7/site-packages/airflow/example_dags/example_short_circuit_operator.py took 0.068 seconds
[2022-08-01 04:25:26,353] {processor.py:153} INFO - Started process (PID=99851) to work on /Users/pro/Documents/a_env/proj_data/lib/python3.7/site-packages/airflow/example_dags/example_short_circuit_operator.py
[2022-08-01 04:25:26,354] {processor.py:641} INFO - Processing file /Users/pro/Documents/a_env/proj_data/lib/python3.7/site-packages/airflow/example_dags/example_short_circuit_operator.py for tasks to queue
[2022-08-01 04:25:26,355] {logging_mixin.py:115} INFO - [2022-08-01 04:25:26,355] {dagbag.py:508} INFO - Filling up the DagBag from /Users/pro/Documents/a_env/proj_data/lib/python3.7/site-packages/airflow/example_dags/example_short_circuit_operator.py
[2022-08-01 04:25:26,367] {processor.py:651} INFO - DAG(s) dict_keys(['example_short_circuit_operator']) retrieved from /Users/pro/Documents/a_env/proj_data/lib/python3.7/site-packages/airflow/example_dags/example_short_circuit_operator.py
[2022-08-01 04:25:26,386] {logging_mixin.py:115} INFO - [2022-08-01 04:25:26,386] {dag.py:2420} INFO - Sync 1 DAGs
[2022-08-01 04:25:26,403] {logging_mixin.py:115} INFO - [2022-08-01 04:25:26,403] {dag.py:2972} INFO - Setting next_dagrun for example_short_circuit_operator to 2022-07-30T20:25:26.403194+00:00, run_after=2022-07-31T20:25:26.403194+00:00
[2022-08-01 04:25:26,416] {processor.py:161} INFO - Processing /Users/pro/Documents/a_env/proj_data/lib/python3.7/site-packages/airflow/example_dags/example_short_circuit_operator.py took 0.067 seconds
