[2022-07-31 08:01:26,459] {processor.py:153} INFO - Started process (PID=98983) to work on /Users/pro/Documents/a_env/proj_data/lib/python3.7/site-packages/airflow/example_dags/example_bash_operator.py
[2022-07-31 08:01:26,471] {processor.py:641} INFO - Processing file /Users/pro/Documents/a_env/proj_data/lib/python3.7/site-packages/airflow/example_dags/example_bash_operator.py for tasks to queue
[2022-07-31 08:01:26,480] {logging_mixin.py:115} INFO - [2022-07-31 08:01:26,477] {dagbag.py:508} INFO - Filling up the DagBag from /Users/pro/Documents/a_env/proj_data/lib/python3.7/site-packages/airflow/example_dags/example_bash_operator.py
[2022-07-31 08:01:26,620] {processor.py:651} INFO - DAG(s) dict_keys(['example_bash_operator']) retrieved from /Users/pro/Documents/a_env/proj_data/lib/python3.7/site-packages/airflow/example_dags/example_bash_operator.py
[2022-07-31 08:01:26,777] {logging_mixin.py:115} INFO - [2022-07-31 08:01:26,774] {dag.py:2420} INFO - Sync 1 DAGs
[2022-07-31 08:01:26,959] {logging_mixin.py:115} INFO - [2022-07-31 08:01:26,956] {dag.py:2972} INFO - Setting next_dagrun for example_bash_operator to 2022-07-30T00:00:00+00:00, run_after=2022-07-31T00:00:00+00:00
[2022-07-31 08:01:27,057] {processor.py:161} INFO - Processing /Users/pro/Documents/a_env/proj_data/lib/python3.7/site-packages/airflow/example_dags/example_bash_operator.py took 0.630 seconds
[2022-07-31 08:16:25,179] {processor.py:153} INFO - Started process (PID=99075) to work on /Users/pro/Documents/a_env/proj_data/lib/python3.7/site-packages/airflow/example_dags/example_bash_operator.py
[2022-07-31 08:16:25,186] {processor.py:641} INFO - Processing file /Users/pro/Documents/a_env/proj_data/lib/python3.7/site-packages/airflow/example_dags/example_bash_operator.py for tasks to queue
[2022-07-31 08:16:25,194] {logging_mixin.py:115} INFO - [2022-07-31 08:16:25,192] {dagbag.py:508} INFO - Filling up the DagBag from /Users/pro/Documents/a_env/proj_data/lib/python3.7/site-packages/airflow/example_dags/example_bash_operator.py
[2022-07-31 08:16:25,340] {processor.py:651} INFO - DAG(s) dict_keys(['example_bash_operator']) retrieved from /Users/pro/Documents/a_env/proj_data/lib/python3.7/site-packages/airflow/example_dags/example_bash_operator.py
[2022-07-31 08:16:25,514] {logging_mixin.py:115} INFO - [2022-07-31 08:16:25,511] {dag.py:2420} INFO - Sync 1 DAGs
[2022-07-31 08:16:25,686] {logging_mixin.py:115} INFO - [2022-07-31 08:16:25,683] {dag.py:2972} INFO - Setting next_dagrun for example_bash_operator to 2022-07-30T00:00:00+00:00, run_after=2022-07-31T00:00:00+00:00
[2022-07-31 08:16:25,799] {processor.py:161} INFO - Processing /Users/pro/Documents/a_env/proj_data/lib/python3.7/site-packages/airflow/example_dags/example_bash_operator.py took 0.653 seconds
[2022-07-31 08:31:25,446] {processor.py:153} INFO - Started process (PID=99135) to work on /Users/pro/Documents/a_env/proj_data/lib/python3.7/site-packages/airflow/example_dags/example_bash_operator.py
[2022-07-31 08:31:25,454] {processor.py:641} INFO - Processing file /Users/pro/Documents/a_env/proj_data/lib/python3.7/site-packages/airflow/example_dags/example_bash_operator.py for tasks to queue
[2022-07-31 08:31:25,464] {logging_mixin.py:115} INFO - [2022-07-31 08:31:25,461] {dagbag.py:508} INFO - Filling up the DagBag from /Users/pro/Documents/a_env/proj_data/lib/python3.7/site-packages/airflow/example_dags/example_bash_operator.py
[2022-07-31 08:31:25,632] {processor.py:651} INFO - DAG(s) dict_keys(['example_bash_operator']) retrieved from /Users/pro/Documents/a_env/proj_data/lib/python3.7/site-packages/airflow/example_dags/example_bash_operator.py
[2022-07-31 08:31:25,766] {logging_mixin.py:115} INFO - [2022-07-31 08:31:25,763] {dag.py:2420} INFO - Sync 1 DAGs
[2022-07-31 08:31:25,922] {logging_mixin.py:115} INFO - [2022-07-31 08:31:25,919] {dag.py:2972} INFO - Setting next_dagrun for example_bash_operator to 2022-07-30T00:00:00+00:00, run_after=2022-07-31T00:00:00+00:00
[2022-07-31 08:31:26,029] {processor.py:161} INFO - Processing /Users/pro/Documents/a_env/proj_data/lib/python3.7/site-packages/airflow/example_dags/example_bash_operator.py took 0.615 seconds
[2022-07-31 08:32:08,818] {processor.py:153} INFO - Started process (PID=99190) to work on /Users/pro/Documents/a_env/proj_data/lib/python3.7/site-packages/airflow/example_dags/example_bash_operator.py
[2022-07-31 08:32:08,820] {processor.py:641} INFO - Processing file /Users/pro/Documents/a_env/proj_data/lib/python3.7/site-packages/airflow/example_dags/example_bash_operator.py for tasks to queue
[2022-07-31 08:32:08,822] {logging_mixin.py:115} INFO - [2022-07-31 08:32:08,821] {dagbag.py:508} INFO - Filling up the DagBag from /Users/pro/Documents/a_env/proj_data/lib/python3.7/site-packages/airflow/example_dags/example_bash_operator.py
[2022-07-31 08:32:08,850] {processor.py:651} INFO - DAG(s) dict_keys(['example_bash_operator']) retrieved from /Users/pro/Documents/a_env/proj_data/lib/python3.7/site-packages/airflow/example_dags/example_bash_operator.py
[2022-07-31 08:32:08,880] {logging_mixin.py:115} INFO - [2022-07-31 08:32:08,879] {dag.py:2420} INFO - Sync 1 DAGs
[2022-07-31 08:32:08,913] {logging_mixin.py:115} INFO - [2022-07-31 08:32:08,912] {dag.py:2972} INFO - Setting next_dagrun for example_bash_operator to 2022-07-30T00:00:00+00:00, run_after=2022-07-31T00:00:00+00:00
[2022-07-31 08:32:08,934] {processor.py:161} INFO - Processing /Users/pro/Documents/a_env/proj_data/lib/python3.7/site-packages/airflow/example_dags/example_bash_operator.py took 0.123 seconds
[2022-07-31 08:32:46,776] {processor.py:153} INFO - Started process (PID=99249) to work on /Users/pro/Documents/a_env/proj_data/lib/python3.7/site-packages/airflow/example_dags/example_bash_operator.py
[2022-07-31 08:32:46,778] {processor.py:641} INFO - Processing file /Users/pro/Documents/a_env/proj_data/lib/python3.7/site-packages/airflow/example_dags/example_bash_operator.py for tasks to queue
[2022-07-31 08:32:46,779] {logging_mixin.py:115} INFO - [2022-07-31 08:32:46,779] {dagbag.py:508} INFO - Filling up the DagBag from /Users/pro/Documents/a_env/proj_data/lib/python3.7/site-packages/airflow/example_dags/example_bash_operator.py
[2022-07-31 08:32:46,806] {processor.py:651} INFO - DAG(s) dict_keys(['example_bash_operator']) retrieved from /Users/pro/Documents/a_env/proj_data/lib/python3.7/site-packages/airflow/example_dags/example_bash_operator.py
[2022-07-31 08:32:46,833] {logging_mixin.py:115} INFO - [2022-07-31 08:32:46,833] {dag.py:2420} INFO - Sync 1 DAGs
[2022-07-31 08:32:46,864] {logging_mixin.py:115} INFO - [2022-07-31 08:32:46,864] {dag.py:2972} INFO - Setting next_dagrun for example_bash_operator to 2022-07-30T00:00:00+00:00, run_after=2022-07-31T00:00:00+00:00
[2022-07-31 08:32:46,884] {processor.py:161} INFO - Processing /Users/pro/Documents/a_env/proj_data/lib/python3.7/site-packages/airflow/example_dags/example_bash_operator.py took 0.115 seconds
[2022-07-31 08:33:26,853] {processor.py:153} INFO - Started process (PID=99303) to work on /Users/pro/Documents/a_env/proj_data/lib/python3.7/site-packages/airflow/example_dags/example_bash_operator.py
[2022-07-31 08:33:26,855] {processor.py:641} INFO - Processing file /Users/pro/Documents/a_env/proj_data/lib/python3.7/site-packages/airflow/example_dags/example_bash_operator.py for tasks to queue
[2022-07-31 08:33:26,856] {logging_mixin.py:115} INFO - [2022-07-31 08:33:26,856] {dagbag.py:508} INFO - Filling up the DagBag from /Users/pro/Documents/a_env/proj_data/lib/python3.7/site-packages/airflow/example_dags/example_bash_operator.py
[2022-07-31 08:33:26,882] {processor.py:651} INFO - DAG(s) dict_keys(['example_bash_operator']) retrieved from /Users/pro/Documents/a_env/proj_data/lib/python3.7/site-packages/airflow/example_dags/example_bash_operator.py
[2022-07-31 08:33:26,908] {logging_mixin.py:115} INFO - [2022-07-31 08:33:26,908] {dag.py:2420} INFO - Sync 1 DAGs
[2022-07-31 08:33:26,940] {logging_mixin.py:115} INFO - [2022-07-31 08:33:26,939] {dag.py:2972} INFO - Setting next_dagrun for example_bash_operator to 2022-07-30T00:00:00+00:00, run_after=2022-07-31T00:00:00+00:00
[2022-07-31 08:33:26,958] {processor.py:161} INFO - Processing /Users/pro/Documents/a_env/proj_data/lib/python3.7/site-packages/airflow/example_dags/example_bash_operator.py took 0.110 seconds
[2022-07-31 09:00:37,501] {processor.py:153} INFO - Started process (PID=99406) to work on /Users/pro/Documents/a_env/proj_data/lib/python3.7/site-packages/airflow/example_dags/example_bash_operator.py
[2022-07-31 09:00:37,502] {processor.py:641} INFO - Processing file /Users/pro/Documents/a_env/proj_data/lib/python3.7/site-packages/airflow/example_dags/example_bash_operator.py for tasks to queue
[2022-07-31 09:00:37,503] {logging_mixin.py:115} INFO - [2022-07-31 09:00:37,503] {dagbag.py:508} INFO - Filling up the DagBag from /Users/pro/Documents/a_env/proj_data/lib/python3.7/site-packages/airflow/example_dags/example_bash_operator.py
[2022-07-31 09:00:37,520] {processor.py:651} INFO - DAG(s) dict_keys(['example_bash_operator']) retrieved from /Users/pro/Documents/a_env/proj_data/lib/python3.7/site-packages/airflow/example_dags/example_bash_operator.py
[2022-07-31 09:00:37,536] {logging_mixin.py:115} INFO - [2022-07-31 09:00:37,536] {dag.py:2420} INFO - Sync 1 DAGs
[2022-07-31 09:00:37,555] {logging_mixin.py:115} INFO - [2022-07-31 09:00:37,555] {dag.py:2972} INFO - Setting next_dagrun for example_bash_operator to 2022-07-30T00:00:00+00:00, run_after=2022-07-31T00:00:00+00:00
[2022-07-31 09:00:37,567] {processor.py:161} INFO - Processing /Users/pro/Documents/a_env/proj_data/lib/python3.7/site-packages/airflow/example_dags/example_bash_operator.py took 0.070 seconds
[2022-07-31 09:16:26,568] {processor.py:153} INFO - Started process (PID=99486) to work on /Users/pro/Documents/a_env/proj_data/lib/python3.7/site-packages/airflow/example_dags/example_bash_operator.py
[2022-07-31 09:16:26,574] {processor.py:641} INFO - Processing file /Users/pro/Documents/a_env/proj_data/lib/python3.7/site-packages/airflow/example_dags/example_bash_operator.py for tasks to queue
[2022-07-31 09:16:26,583] {logging_mixin.py:115} INFO - [2022-07-31 09:16:26,581] {dagbag.py:508} INFO - Filling up the DagBag from /Users/pro/Documents/a_env/proj_data/lib/python3.7/site-packages/airflow/example_dags/example_bash_operator.py
[2022-07-31 09:16:26,701] {processor.py:651} INFO - DAG(s) dict_keys(['example_bash_operator']) retrieved from /Users/pro/Documents/a_env/proj_data/lib/python3.7/site-packages/airflow/example_dags/example_bash_operator.py
[2022-07-31 09:16:26,862] {logging_mixin.py:115} INFO - [2022-07-31 09:16:26,859] {dag.py:2420} INFO - Sync 1 DAGs
[2022-07-31 09:16:27,060] {logging_mixin.py:115} INFO - [2022-07-31 09:16:27,057] {dag.py:2972} INFO - Setting next_dagrun for example_bash_operator to 2022-07-30T00:00:00+00:00, run_after=2022-07-31T00:00:00+00:00
[2022-07-31 09:16:27,151] {processor.py:161} INFO - Processing /Users/pro/Documents/a_env/proj_data/lib/python3.7/site-packages/airflow/example_dags/example_bash_operator.py took 0.613 seconds
[2022-07-31 16:25:15,298] {processor.py:153} INFO - Started process (PID=99630) to work on /Users/pro/Documents/a_env/proj_data/lib/python3.7/site-packages/airflow/example_dags/example_bash_operator.py
[2022-07-31 16:25:15,300] {processor.py:641} INFO - Processing file /Users/pro/Documents/a_env/proj_data/lib/python3.7/site-packages/airflow/example_dags/example_bash_operator.py for tasks to queue
[2022-07-31 16:25:15,302] {logging_mixin.py:115} INFO - [2022-07-31 16:25:15,301] {dagbag.py:508} INFO - Filling up the DagBag from /Users/pro/Documents/a_env/proj_data/lib/python3.7/site-packages/airflow/example_dags/example_bash_operator.py
[2022-07-31 16:25:15,423] {processor.py:651} INFO - DAG(s) dict_keys(['example_bash_operator']) retrieved from /Users/pro/Documents/a_env/proj_data/lib/python3.7/site-packages/airflow/example_dags/example_bash_operator.py
[2022-07-31 16:25:15,457] {logging_mixin.py:115} INFO - [2022-07-31 16:25:15,456] {dag.py:2420} INFO - Sync 1 DAGs
[2022-07-31 16:25:15,587] {logging_mixin.py:115} INFO - [2022-07-31 16:25:15,586] {dag.py:2972} INFO - Setting next_dagrun for example_bash_operator to 2022-07-30T00:00:00+00:00, run_after=2022-07-31T00:00:00+00:00
[2022-07-31 16:25:15,637] {processor.py:161} INFO - Processing /Users/pro/Documents/a_env/proj_data/lib/python3.7/site-packages/airflow/example_dags/example_bash_operator.py took 0.348 seconds
[2022-07-31 22:55:25,395] {processor.py:153} INFO - Started process (PID=99790) to work on /Users/pro/Documents/a_env/proj_data/lib/python3.7/site-packages/airflow/example_dags/example_bash_operator.py
[2022-07-31 22:55:25,396] {processor.py:641} INFO - Processing file /Users/pro/Documents/a_env/proj_data/lib/python3.7/site-packages/airflow/example_dags/example_bash_operator.py for tasks to queue
[2022-07-31 22:55:25,397] {logging_mixin.py:115} INFO - [2022-07-31 22:55:25,397] {dagbag.py:508} INFO - Filling up the DagBag from /Users/pro/Documents/a_env/proj_data/lib/python3.7/site-packages/airflow/example_dags/example_bash_operator.py
[2022-07-31 22:55:25,414] {processor.py:651} INFO - DAG(s) dict_keys(['example_bash_operator']) retrieved from /Users/pro/Documents/a_env/proj_data/lib/python3.7/site-packages/airflow/example_dags/example_bash_operator.py
[2022-07-31 22:55:25,432] {logging_mixin.py:115} INFO - [2022-07-31 22:55:25,431] {dag.py:2420} INFO - Sync 1 DAGs
[2022-07-31 22:55:25,456] {logging_mixin.py:115} INFO - [2022-07-31 22:55:25,455] {dag.py:2972} INFO - Setting next_dagrun for example_bash_operator to 2022-07-30T00:00:00+00:00, run_after=2022-07-31T00:00:00+00:00
[2022-07-31 22:55:25,467] {processor.py:161} INFO - Processing /Users/pro/Documents/a_env/proj_data/lib/python3.7/site-packages/airflow/example_dags/example_bash_operator.py took 0.076 seconds
