[2022-07-31 08:01:09,911] {processor.py:153} INFO - Started process (PID=98963) to work on /Users/pro/Documents/a_env/proj_data/lib/python3.7/site-packages/airflow/example_dags/example_nested_branch_dag.py
[2022-07-31 08:01:09,918] {processor.py:641} INFO - Processing file /Users/pro/Documents/a_env/proj_data/lib/python3.7/site-packages/airflow/example_dags/example_nested_branch_dag.py for tasks to queue
[2022-07-31 08:01:09,937] {logging_mixin.py:115} INFO - [2022-07-31 08:01:09,931] {dagbag.py:508} INFO - Filling up the DagBag from /Users/pro/Documents/a_env/proj_data/lib/python3.7/site-packages/airflow/example_dags/example_nested_branch_dag.py
[2022-07-31 08:01:10,126] {processor.py:651} INFO - DAG(s) dict_keys(['example_nested_branch_dag']) retrieved from /Users/pro/Documents/a_env/proj_data/lib/python3.7/site-packages/airflow/example_dags/example_nested_branch_dag.py
[2022-07-31 08:01:10,463] {logging_mixin.py:115} INFO - [2022-07-31 08:01:10,445] {dag.py:2420} INFO - Sync 1 DAGs
[2022-07-31 08:01:10,915] {logging_mixin.py:115} INFO - [2022-07-31 08:01:10,900] {dag.py:2972} INFO - Setting next_dagrun for example_nested_branch_dag to 2022-07-30T00:00:00+00:00, run_after=2022-07-31T00:00:00+00:00
[2022-07-31 08:01:11,091] {processor.py:161} INFO - Processing /Users/pro/Documents/a_env/proj_data/lib/python3.7/site-packages/airflow/example_dags/example_nested_branch_dag.py took 1.221 seconds
[2022-07-31 08:16:00,859] {processor.py:153} INFO - Started process (PID=99056) to work on /Users/pro/Documents/a_env/proj_data/lib/python3.7/site-packages/airflow/example_dags/example_nested_branch_dag.py
[2022-07-31 08:16:00,867] {processor.py:641} INFO - Processing file /Users/pro/Documents/a_env/proj_data/lib/python3.7/site-packages/airflow/example_dags/example_nested_branch_dag.py for tasks to queue
[2022-07-31 08:16:00,876] {logging_mixin.py:115} INFO - [2022-07-31 08:16:00,873] {dagbag.py:508} INFO - Filling up the DagBag from /Users/pro/Documents/a_env/proj_data/lib/python3.7/site-packages/airflow/example_dags/example_nested_branch_dag.py
[2022-07-31 08:16:00,989] {processor.py:651} INFO - DAG(s) dict_keys(['example_nested_branch_dag']) retrieved from /Users/pro/Documents/a_env/proj_data/lib/python3.7/site-packages/airflow/example_dags/example_nested_branch_dag.py
[2022-07-31 08:16:01,139] {logging_mixin.py:115} INFO - [2022-07-31 08:16:01,136] {dag.py:2420} INFO - Sync 1 DAGs
[2022-07-31 08:16:01,301] {logging_mixin.py:115} INFO - [2022-07-31 08:16:01,299] {dag.py:2972} INFO - Setting next_dagrun for example_nested_branch_dag to 2022-07-30T00:00:00+00:00, run_after=2022-07-31T00:00:00+00:00
[2022-07-31 08:16:01,410] {processor.py:161} INFO - Processing /Users/pro/Documents/a_env/proj_data/lib/python3.7/site-packages/airflow/example_dags/example_nested_branch_dag.py took 0.586 seconds
[2022-07-31 08:31:03,197] {processor.py:153} INFO - Started process (PID=99122) to work on /Users/pro/Documents/a_env/proj_data/lib/python3.7/site-packages/airflow/example_dags/example_nested_branch_dag.py
[2022-07-31 08:31:03,204] {processor.py:641} INFO - Processing file /Users/pro/Documents/a_env/proj_data/lib/python3.7/site-packages/airflow/example_dags/example_nested_branch_dag.py for tasks to queue
[2022-07-31 08:31:03,213] {logging_mixin.py:115} INFO - [2022-07-31 08:31:03,210] {dagbag.py:508} INFO - Filling up the DagBag from /Users/pro/Documents/a_env/proj_data/lib/python3.7/site-packages/airflow/example_dags/example_nested_branch_dag.py
[2022-07-31 08:31:03,351] {processor.py:651} INFO - DAG(s) dict_keys(['example_nested_branch_dag']) retrieved from /Users/pro/Documents/a_env/proj_data/lib/python3.7/site-packages/airflow/example_dags/example_nested_branch_dag.py
[2022-07-31 08:31:03,504] {logging_mixin.py:115} INFO - [2022-07-31 08:31:03,501] {dag.py:2420} INFO - Sync 1 DAGs
[2022-07-31 08:31:03,699] {logging_mixin.py:115} INFO - [2022-07-31 08:31:03,697] {dag.py:2972} INFO - Setting next_dagrun for example_nested_branch_dag to 2022-07-30T00:00:00+00:00, run_after=2022-07-31T00:00:00+00:00
[2022-07-31 08:31:03,789] {processor.py:161} INFO - Processing /Users/pro/Documents/a_env/proj_data/lib/python3.7/site-packages/airflow/example_dags/example_nested_branch_dag.py took 0.623 seconds
[2022-07-31 08:31:50,874] {processor.py:153} INFO - Started process (PID=99168) to work on /Users/pro/Documents/a_env/proj_data/lib/python3.7/site-packages/airflow/example_dags/example_nested_branch_dag.py
[2022-07-31 08:31:50,875] {processor.py:641} INFO - Processing file /Users/pro/Documents/a_env/proj_data/lib/python3.7/site-packages/airflow/example_dags/example_nested_branch_dag.py for tasks to queue
[2022-07-31 08:31:50,915] {logging_mixin.py:115} INFO - [2022-07-31 08:31:50,914] {dagbag.py:508} INFO - Filling up the DagBag from /Users/pro/Documents/a_env/proj_data/lib/python3.7/site-packages/airflow/example_dags/example_nested_branch_dag.py
[2022-07-31 08:31:50,940] {processor.py:651} INFO - DAG(s) dict_keys(['example_nested_branch_dag']) retrieved from /Users/pro/Documents/a_env/proj_data/lib/python3.7/site-packages/airflow/example_dags/example_nested_branch_dag.py
[2022-07-31 08:31:50,967] {logging_mixin.py:115} INFO - [2022-07-31 08:31:50,966] {dag.py:2420} INFO - Sync 1 DAGs
[2022-07-31 08:31:50,993] {logging_mixin.py:115} INFO - [2022-07-31 08:31:50,992] {dag.py:2972} INFO - Setting next_dagrun for example_nested_branch_dag to 2022-07-30T00:00:00+00:00, run_after=2022-07-31T00:00:00+00:00
[2022-07-31 08:31:51,009] {processor.py:161} INFO - Processing /Users/pro/Documents/a_env/proj_data/lib/python3.7/site-packages/airflow/example_dags/example_nested_branch_dag.py took 0.141 seconds
[2022-07-31 08:32:28,340] {processor.py:153} INFO - Started process (PID=99214) to work on /Users/pro/Documents/a_env/proj_data/lib/python3.7/site-packages/airflow/example_dags/example_nested_branch_dag.py
[2022-07-31 08:32:28,341] {processor.py:641} INFO - Processing file /Users/pro/Documents/a_env/proj_data/lib/python3.7/site-packages/airflow/example_dags/example_nested_branch_dag.py for tasks to queue
[2022-07-31 08:32:28,343] {logging_mixin.py:115} INFO - [2022-07-31 08:32:28,343] {dagbag.py:508} INFO - Filling up the DagBag from /Users/pro/Documents/a_env/proj_data/lib/python3.7/site-packages/airflow/example_dags/example_nested_branch_dag.py
[2022-07-31 08:32:28,366] {processor.py:651} INFO - DAG(s) dict_keys(['example_nested_branch_dag']) retrieved from /Users/pro/Documents/a_env/proj_data/lib/python3.7/site-packages/airflow/example_dags/example_nested_branch_dag.py
[2022-07-31 08:32:28,392] {logging_mixin.py:115} INFO - [2022-07-31 08:32:28,392] {dag.py:2420} INFO - Sync 1 DAGs
[2022-07-31 08:32:28,422] {logging_mixin.py:115} INFO - [2022-07-31 08:32:28,421] {dag.py:2972} INFO - Setting next_dagrun for example_nested_branch_dag to 2022-07-30T00:00:00+00:00, run_after=2022-07-31T00:00:00+00:00
[2022-07-31 08:32:28,441] {processor.py:161} INFO - Processing /Users/pro/Documents/a_env/proj_data/lib/python3.7/site-packages/airflow/example_dags/example_nested_branch_dag.py took 0.107 seconds
[2022-07-31 08:33:06,567] {processor.py:153} INFO - Started process (PID=99277) to work on /Users/pro/Documents/a_env/proj_data/lib/python3.7/site-packages/airflow/example_dags/example_nested_branch_dag.py
[2022-07-31 08:33:06,568] {processor.py:641} INFO - Processing file /Users/pro/Documents/a_env/proj_data/lib/python3.7/site-packages/airflow/example_dags/example_nested_branch_dag.py for tasks to queue
[2022-07-31 08:33:06,570] {logging_mixin.py:115} INFO - [2022-07-31 08:33:06,569] {dagbag.py:508} INFO - Filling up the DagBag from /Users/pro/Documents/a_env/proj_data/lib/python3.7/site-packages/airflow/example_dags/example_nested_branch_dag.py
[2022-07-31 08:33:06,589] {processor.py:651} INFO - DAG(s) dict_keys(['example_nested_branch_dag']) retrieved from /Users/pro/Documents/a_env/proj_data/lib/python3.7/site-packages/airflow/example_dags/example_nested_branch_dag.py
[2022-07-31 08:33:06,611] {logging_mixin.py:115} INFO - [2022-07-31 08:33:06,611] {dag.py:2420} INFO - Sync 1 DAGs
[2022-07-31 08:33:06,634] {logging_mixin.py:115} INFO - [2022-07-31 08:33:06,634] {dag.py:2972} INFO - Setting next_dagrun for example_nested_branch_dag to 2022-07-30T00:00:00+00:00, run_after=2022-07-31T00:00:00+00:00
[2022-07-31 08:33:06,648] {processor.py:161} INFO - Processing /Users/pro/Documents/a_env/proj_data/lib/python3.7/site-packages/airflow/example_dags/example_nested_branch_dag.py took 0.086 seconds
[2022-07-31 08:33:42,910] {processor.py:153} INFO - Started process (PID=99319) to work on /Users/pro/Documents/a_env/proj_data/lib/python3.7/site-packages/airflow/example_dags/example_nested_branch_dag.py
[2022-07-31 08:33:42,911] {processor.py:641} INFO - Processing file /Users/pro/Documents/a_env/proj_data/lib/python3.7/site-packages/airflow/example_dags/example_nested_branch_dag.py for tasks to queue
[2022-07-31 08:33:42,914] {logging_mixin.py:115} INFO - [2022-07-31 08:33:42,913] {dagbag.py:508} INFO - Filling up the DagBag from /Users/pro/Documents/a_env/proj_data/lib/python3.7/site-packages/airflow/example_dags/example_nested_branch_dag.py
[2022-07-31 08:33:42,933] {processor.py:651} INFO - DAG(s) dict_keys(['example_nested_branch_dag']) retrieved from /Users/pro/Documents/a_env/proj_data/lib/python3.7/site-packages/airflow/example_dags/example_nested_branch_dag.py
[2022-07-31 08:33:42,954] {logging_mixin.py:115} INFO - [2022-07-31 08:33:42,954] {dag.py:2420} INFO - Sync 1 DAGs
[2022-07-31 08:33:42,977] {logging_mixin.py:115} INFO - [2022-07-31 08:33:42,977] {dag.py:2972} INFO - Setting next_dagrun for example_nested_branch_dag to 2022-07-30T00:00:00+00:00, run_after=2022-07-31T00:00:00+00:00
[2022-07-31 08:33:42,992] {processor.py:161} INFO - Processing /Users/pro/Documents/a_env/proj_data/lib/python3.7/site-packages/airflow/example_dags/example_nested_branch_dag.py took 0.086 seconds
[2022-07-31 08:46:05,756] {processor.py:153} INFO - Started process (PID=99379) to work on /Users/pro/Documents/a_env/proj_data/lib/python3.7/site-packages/airflow/example_dags/example_nested_branch_dag.py
[2022-07-31 08:46:05,762] {processor.py:641} INFO - Processing file /Users/pro/Documents/a_env/proj_data/lib/python3.7/site-packages/airflow/example_dags/example_nested_branch_dag.py for tasks to queue
[2022-07-31 08:46:05,770] {logging_mixin.py:115} INFO - [2022-07-31 08:46:05,768] {dagbag.py:508} INFO - Filling up the DagBag from /Users/pro/Documents/a_env/proj_data/lib/python3.7/site-packages/airflow/example_dags/example_nested_branch_dag.py
[2022-07-31 08:46:05,874] {processor.py:651} INFO - DAG(s) dict_keys(['example_nested_branch_dag']) retrieved from /Users/pro/Documents/a_env/proj_data/lib/python3.7/site-packages/airflow/example_dags/example_nested_branch_dag.py
[2022-07-31 08:46:06,025] {logging_mixin.py:115} INFO - [2022-07-31 08:46:06,023] {dag.py:2420} INFO - Sync 1 DAGs
[2022-07-31 08:46:06,203] {logging_mixin.py:115} INFO - [2022-07-31 08:46:06,200] {dag.py:2972} INFO - Setting next_dagrun for example_nested_branch_dag to 2022-07-30T00:00:00+00:00, run_after=2022-07-31T00:00:00+00:00
[2022-07-31 08:46:06,308] {processor.py:161} INFO - Processing /Users/pro/Documents/a_env/proj_data/lib/python3.7/site-packages/airflow/example_dags/example_nested_branch_dag.py took 0.582 seconds
[2022-07-31 09:01:12,109] {processor.py:153} INFO - Started process (PID=99428) to work on /Users/pro/Documents/a_env/proj_data/lib/python3.7/site-packages/airflow/example_dags/example_nested_branch_dag.py
[2022-07-31 09:01:12,115] {processor.py:641} INFO - Processing file /Users/pro/Documents/a_env/proj_data/lib/python3.7/site-packages/airflow/example_dags/example_nested_branch_dag.py for tasks to queue
[2022-07-31 09:01:12,124] {logging_mixin.py:115} INFO - [2022-07-31 09:01:12,122] {dagbag.py:508} INFO - Filling up the DagBag from /Users/pro/Documents/a_env/proj_data/lib/python3.7/site-packages/airflow/example_dags/example_nested_branch_dag.py
[2022-07-31 09:01:12,262] {processor.py:651} INFO - DAG(s) dict_keys(['example_nested_branch_dag']) retrieved from /Users/pro/Documents/a_env/proj_data/lib/python3.7/site-packages/airflow/example_dags/example_nested_branch_dag.py
[2022-07-31 09:01:12,427] {logging_mixin.py:115} INFO - [2022-07-31 09:01:12,425] {dag.py:2420} INFO - Sync 1 DAGs
[2022-07-31 09:01:12,632] {logging_mixin.py:115} INFO - [2022-07-31 09:01:12,630] {dag.py:2972} INFO - Setting next_dagrun for example_nested_branch_dag to 2022-07-30T00:00:00+00:00, run_after=2022-07-31T00:00:00+00:00
[2022-07-31 09:01:12,735] {processor.py:161} INFO - Processing /Users/pro/Documents/a_env/proj_data/lib/python3.7/site-packages/airflow/example_dags/example_nested_branch_dag.py took 0.658 seconds
[2022-07-31 09:16:10,771] {processor.py:153} INFO - Started process (PID=99475) to work on /Users/pro/Documents/a_env/proj_data/lib/python3.7/site-packages/airflow/example_dags/example_nested_branch_dag.py
[2022-07-31 09:16:10,778] {processor.py:641} INFO - Processing file /Users/pro/Documents/a_env/proj_data/lib/python3.7/site-packages/airflow/example_dags/example_nested_branch_dag.py for tasks to queue
[2022-07-31 09:16:10,788] {logging_mixin.py:115} INFO - [2022-07-31 09:16:10,785] {dagbag.py:508} INFO - Filling up the DagBag from /Users/pro/Documents/a_env/proj_data/lib/python3.7/site-packages/airflow/example_dags/example_nested_branch_dag.py
[2022-07-31 09:16:10,949] {processor.py:651} INFO - DAG(s) dict_keys(['example_nested_branch_dag']) retrieved from /Users/pro/Documents/a_env/proj_data/lib/python3.7/site-packages/airflow/example_dags/example_nested_branch_dag.py
[2022-07-31 09:16:11,102] {logging_mixin.py:115} INFO - [2022-07-31 09:16:11,099] {dag.py:2420} INFO - Sync 1 DAGs
[2022-07-31 09:16:11,273] {logging_mixin.py:115} INFO - [2022-07-31 09:16:11,270] {dag.py:2972} INFO - Setting next_dagrun for example_nested_branch_dag to 2022-07-30T00:00:00+00:00, run_after=2022-07-31T00:00:00+00:00
[2022-07-31 09:16:11,369] {processor.py:161} INFO - Processing /Users/pro/Documents/a_env/proj_data/lib/python3.7/site-packages/airflow/example_dags/example_nested_branch_dag.py took 0.629 seconds
[2022-07-31 12:25:13,284] {processor.py:153} INFO - Started process (PID=99591) to work on /Users/pro/Documents/a_env/proj_data/lib/python3.7/site-packages/airflow/example_dags/example_nested_branch_dag.py
[2022-07-31 12:25:13,285] {processor.py:641} INFO - Processing file /Users/pro/Documents/a_env/proj_data/lib/python3.7/site-packages/airflow/example_dags/example_nested_branch_dag.py for tasks to queue
[2022-07-31 12:25:13,286] {logging_mixin.py:115} INFO - [2022-07-31 12:25:13,286] {dagbag.py:508} INFO - Filling up the DagBag from /Users/pro/Documents/a_env/proj_data/lib/python3.7/site-packages/airflow/example_dags/example_nested_branch_dag.py
[2022-07-31 12:25:13,300] {processor.py:651} INFO - DAG(s) dict_keys(['example_nested_branch_dag']) retrieved from /Users/pro/Documents/a_env/proj_data/lib/python3.7/site-packages/airflow/example_dags/example_nested_branch_dag.py
[2022-07-31 12:25:13,318] {logging_mixin.py:115} INFO - [2022-07-31 12:25:13,318] {dag.py:2420} INFO - Sync 1 DAGs
[2022-07-31 12:25:13,336] {logging_mixin.py:115} INFO - [2022-07-31 12:25:13,336] {dag.py:2972} INFO - Setting next_dagrun for example_nested_branch_dag to 2022-07-30T00:00:00+00:00, run_after=2022-07-31T00:00:00+00:00
[2022-07-31 12:25:13,347] {processor.py:161} INFO - Processing /Users/pro/Documents/a_env/proj_data/lib/python3.7/site-packages/airflow/example_dags/example_nested_branch_dag.py took 0.066 seconds
[2022-07-31 20:25:28,834] {processor.py:153} INFO - Started process (PID=99687) to work on /Users/pro/Documents/a_env/proj_data/lib/python3.7/site-packages/airflow/example_dags/example_nested_branch_dag.py
[2022-07-31 20:25:28,835] {processor.py:641} INFO - Processing file /Users/pro/Documents/a_env/proj_data/lib/python3.7/site-packages/airflow/example_dags/example_nested_branch_dag.py for tasks to queue
[2022-07-31 20:25:28,836] {logging_mixin.py:115} INFO - [2022-07-31 20:25:28,836] {dagbag.py:508} INFO - Filling up the DagBag from /Users/pro/Documents/a_env/proj_data/lib/python3.7/site-packages/airflow/example_dags/example_nested_branch_dag.py
[2022-07-31 20:25:28,852] {processor.py:651} INFO - DAG(s) dict_keys(['example_nested_branch_dag']) retrieved from /Users/pro/Documents/a_env/proj_data/lib/python3.7/site-packages/airflow/example_dags/example_nested_branch_dag.py
[2022-07-31 20:25:28,870] {logging_mixin.py:115} INFO - [2022-07-31 20:25:28,870] {dag.py:2420} INFO - Sync 1 DAGs
[2022-07-31 20:25:28,889] {logging_mixin.py:115} INFO - [2022-07-31 20:25:28,889] {dag.py:2972} INFO - Setting next_dagrun for example_nested_branch_dag to 2022-07-30T00:00:00+00:00, run_after=2022-07-31T00:00:00+00:00
[2022-07-31 20:25:28,903] {processor.py:161} INFO - Processing /Users/pro/Documents/a_env/proj_data/lib/python3.7/site-packages/airflow/example_dags/example_nested_branch_dag.py took 0.075 seconds
[2022-07-31 21:55:28,693] {processor.py:153} INFO - Started process (PID=99771) to work on /Users/pro/Documents/a_env/proj_data/lib/python3.7/site-packages/airflow/example_dags/example_nested_branch_dag.py
[2022-07-31 21:55:28,695] {processor.py:641} INFO - Processing file /Users/pro/Documents/a_env/proj_data/lib/python3.7/site-packages/airflow/example_dags/example_nested_branch_dag.py for tasks to queue
[2022-07-31 21:55:28,696] {logging_mixin.py:115} INFO - [2022-07-31 21:55:28,695] {dagbag.py:508} INFO - Filling up the DagBag from /Users/pro/Documents/a_env/proj_data/lib/python3.7/site-packages/airflow/example_dags/example_nested_branch_dag.py
[2022-07-31 21:55:28,708] {processor.py:651} INFO - DAG(s) dict_keys(['example_nested_branch_dag']) retrieved from /Users/pro/Documents/a_env/proj_data/lib/python3.7/site-packages/airflow/example_dags/example_nested_branch_dag.py
[2022-07-31 21:55:28,727] {logging_mixin.py:115} INFO - [2022-07-31 21:55:28,727] {dag.py:2420} INFO - Sync 1 DAGs
[2022-07-31 21:55:28,746] {logging_mixin.py:115} INFO - [2022-07-31 21:55:28,746] {dag.py:2972} INFO - Setting next_dagrun for example_nested_branch_dag to 2022-07-30T00:00:00+00:00, run_after=2022-07-31T00:00:00+00:00
[2022-07-31 21:55:28,756] {processor.py:161} INFO - Processing /Users/pro/Documents/a_env/proj_data/lib/python3.7/site-packages/airflow/example_dags/example_nested_branch_dag.py took 0.067 seconds
[2022-08-01 04:25:29,051] {processor.py:153} INFO - Started process (PID=99881) to work on /Users/pro/Documents/a_env/proj_data/lib/python3.7/site-packages/airflow/example_dags/example_nested_branch_dag.py
[2022-08-01 04:25:29,052] {processor.py:641} INFO - Processing file /Users/pro/Documents/a_env/proj_data/lib/python3.7/site-packages/airflow/example_dags/example_nested_branch_dag.py for tasks to queue
[2022-08-01 04:25:29,053] {logging_mixin.py:115} INFO - [2022-08-01 04:25:29,052] {dagbag.py:508} INFO - Filling up the DagBag from /Users/pro/Documents/a_env/proj_data/lib/python3.7/site-packages/airflow/example_dags/example_nested_branch_dag.py
[2022-08-01 04:25:29,067] {processor.py:651} INFO - DAG(s) dict_keys(['example_nested_branch_dag']) retrieved from /Users/pro/Documents/a_env/proj_data/lib/python3.7/site-packages/airflow/example_dags/example_nested_branch_dag.py
[2022-08-01 04:25:29,085] {logging_mixin.py:115} INFO - [2022-08-01 04:25:29,085] {dag.py:2420} INFO - Sync 1 DAGs
[2022-08-01 04:25:29,104] {logging_mixin.py:115} INFO - [2022-08-01 04:25:29,104] {dag.py:2972} INFO - Setting next_dagrun for example_nested_branch_dag to 2022-07-30T00:00:00+00:00, run_after=2022-07-31T00:00:00+00:00
[2022-08-01 04:25:29,118] {processor.py:161} INFO - Processing /Users/pro/Documents/a_env/proj_data/lib/python3.7/site-packages/airflow/example_dags/example_nested_branch_dag.py took 0.071 seconds
