[2022-07-31 08:00:57,910] {processor.py:153} INFO - Started process (PID=98956) to work on /Users/pro/Documents/a_env/proj_data/lib/python3.7/site-packages/airflow/example_dags/example_sla_dag.py
[2022-07-31 08:00:57,917] {processor.py:641} INFO - Processing file /Users/pro/Documents/a_env/proj_data/lib/python3.7/site-packages/airflow/example_dags/example_sla_dag.py for tasks to queue
[2022-07-31 08:00:57,925] {logging_mixin.py:115} INFO - [2022-07-31 08:00:57,923] {dagbag.py:508} INFO - Filling up the DagBag from /Users/pro/Documents/a_env/proj_data/lib/python3.7/site-packages/airflow/example_dags/example_sla_dag.py
[2022-07-31 08:00:58,114] {processor.py:651} INFO - DAG(s) dict_keys(['example_sla_dag']) retrieved from /Users/pro/Documents/a_env/proj_data/lib/python3.7/site-packages/airflow/example_dags/example_sla_dag.py
[2022-07-31 08:00:58,291] {logging_mixin.py:115} INFO - [2022-07-31 08:00:58,288] {dag.py:2420} INFO - Sync 1 DAGs
[2022-07-31 08:00:58,469] {logging_mixin.py:115} INFO - [2022-07-31 08:00:58,467] {dag.py:2972} INFO - Setting next_dagrun for example_sla_dag to 2022-07-30T23:58:00+00:00, run_after=2022-07-31T00:00:00+00:00
[2022-07-31 08:00:58,555] {processor.py:161} INFO - Processing /Users/pro/Documents/a_env/proj_data/lib/python3.7/site-packages/airflow/example_dags/example_sla_dag.py took 0.677 seconds
[2022-07-31 08:15:51,470] {processor.py:153} INFO - Started process (PID=99051) to work on /Users/pro/Documents/a_env/proj_data/lib/python3.7/site-packages/airflow/example_dags/example_sla_dag.py
[2022-07-31 08:15:51,479] {processor.py:641} INFO - Processing file /Users/pro/Documents/a_env/proj_data/lib/python3.7/site-packages/airflow/example_dags/example_sla_dag.py for tasks to queue
[2022-07-31 08:15:51,488] {logging_mixin.py:115} INFO - [2022-07-31 08:15:51,485] {dagbag.py:508} INFO - Filling up the DagBag from /Users/pro/Documents/a_env/proj_data/lib/python3.7/site-packages/airflow/example_dags/example_sla_dag.py
[2022-07-31 08:15:51,668] {processor.py:651} INFO - DAG(s) dict_keys(['example_sla_dag']) retrieved from /Users/pro/Documents/a_env/proj_data/lib/python3.7/site-packages/airflow/example_dags/example_sla_dag.py
[2022-07-31 08:15:51,900] {logging_mixin.py:115} INFO - [2022-07-31 08:15:51,896] {dag.py:2420} INFO - Sync 1 DAGs
[2022-07-31 08:15:52,112] {logging_mixin.py:115} INFO - [2022-07-31 08:15:52,109] {dag.py:2972} INFO - Setting next_dagrun for example_sla_dag to 2022-07-31T00:12:00+00:00, run_after=2022-07-31T00:14:00+00:00
[2022-07-31 08:15:52,196] {processor.py:161} INFO - Processing /Users/pro/Documents/a_env/proj_data/lib/python3.7/site-packages/airflow/example_dags/example_sla_dag.py took 0.757 seconds
[2022-07-31 08:30:51,009] {processor.py:153} INFO - Started process (PID=99112) to work on /Users/pro/Documents/a_env/proj_data/lib/python3.7/site-packages/airflow/example_dags/example_sla_dag.py
[2022-07-31 08:30:51,016] {processor.py:641} INFO - Processing file /Users/pro/Documents/a_env/proj_data/lib/python3.7/site-packages/airflow/example_dags/example_sla_dag.py for tasks to queue
[2022-07-31 08:30:51,025] {logging_mixin.py:115} INFO - [2022-07-31 08:30:51,022] {dagbag.py:508} INFO - Filling up the DagBag from /Users/pro/Documents/a_env/proj_data/lib/python3.7/site-packages/airflow/example_dags/example_sla_dag.py
[2022-07-31 08:30:51,224] {processor.py:651} INFO - DAG(s) dict_keys(['example_sla_dag']) retrieved from /Users/pro/Documents/a_env/proj_data/lib/python3.7/site-packages/airflow/example_dags/example_sla_dag.py
[2022-07-31 08:30:51,362] {logging_mixin.py:115} INFO - [2022-07-31 08:30:51,359] {dag.py:2420} INFO - Sync 1 DAGs
[2022-07-31 08:30:51,611] {logging_mixin.py:115} INFO - [2022-07-31 08:30:51,606] {dag.py:2972} INFO - Setting next_dagrun for example_sla_dag to 2022-07-31T00:28:00+00:00, run_after=2022-07-31T00:30:00+00:00
[2022-07-31 08:30:51,730] {processor.py:161} INFO - Processing /Users/pro/Documents/a_env/proj_data/lib/python3.7/site-packages/airflow/example_dags/example_sla_dag.py took 0.756 seconds
[2022-07-31 08:31:44,766] {processor.py:153} INFO - Started process (PID=99162) to work on /Users/pro/Documents/a_env/proj_data/lib/python3.7/site-packages/airflow/example_dags/example_sla_dag.py
[2022-07-31 08:31:44,769] {processor.py:641} INFO - Processing file /Users/pro/Documents/a_env/proj_data/lib/python3.7/site-packages/airflow/example_dags/example_sla_dag.py for tasks to queue
[2022-07-31 08:31:44,771] {logging_mixin.py:115} INFO - [2022-07-31 08:31:44,770] {dagbag.py:508} INFO - Filling up the DagBag from /Users/pro/Documents/a_env/proj_data/lib/python3.7/site-packages/airflow/example_dags/example_sla_dag.py
[2022-07-31 08:31:44,827] {processor.py:651} INFO - DAG(s) dict_keys(['example_sla_dag']) retrieved from /Users/pro/Documents/a_env/proj_data/lib/python3.7/site-packages/airflow/example_dags/example_sla_dag.py
[2022-07-31 08:31:44,855] {logging_mixin.py:115} INFO - [2022-07-31 08:31:44,855] {dag.py:2420} INFO - Sync 1 DAGs
[2022-07-31 08:31:44,894] {logging_mixin.py:115} INFO - [2022-07-31 08:31:44,893] {dag.py:2972} INFO - Setting next_dagrun for example_sla_dag to 2022-07-31T00:28:00+00:00, run_after=2022-07-31T00:30:00+00:00
[2022-07-31 08:31:44,911] {processor.py:161} INFO - Processing /Users/pro/Documents/a_env/proj_data/lib/python3.7/site-packages/airflow/example_dags/example_sla_dag.py took 0.159 seconds
[2022-07-31 08:32:23,071] {processor.py:153} INFO - Started process (PID=99209) to work on /Users/pro/Documents/a_env/proj_data/lib/python3.7/site-packages/airflow/example_dags/example_sla_dag.py
[2022-07-31 08:32:23,073] {processor.py:641} INFO - Processing file /Users/pro/Documents/a_env/proj_data/lib/python3.7/site-packages/airflow/example_dags/example_sla_dag.py for tasks to queue
[2022-07-31 08:32:23,075] {logging_mixin.py:115} INFO - [2022-07-31 08:32:23,074] {dagbag.py:508} INFO - Filling up the DagBag from /Users/pro/Documents/a_env/proj_data/lib/python3.7/site-packages/airflow/example_dags/example_sla_dag.py
[2022-07-31 08:32:23,110] {processor.py:651} INFO - DAG(s) dict_keys(['example_sla_dag']) retrieved from /Users/pro/Documents/a_env/proj_data/lib/python3.7/site-packages/airflow/example_dags/example_sla_dag.py
[2022-07-31 08:32:23,134] {logging_mixin.py:115} INFO - [2022-07-31 08:32:23,134] {dag.py:2420} INFO - Sync 1 DAGs
[2022-07-31 08:32:23,167] {logging_mixin.py:115} INFO - [2022-07-31 08:32:23,166] {dag.py:2972} INFO - Setting next_dagrun for example_sla_dag to 2022-07-31T00:30:00+00:00, run_after=2022-07-31T00:32:00+00:00
[2022-07-31 08:32:23,183] {processor.py:161} INFO - Processing /Users/pro/Documents/a_env/proj_data/lib/python3.7/site-packages/airflow/example_dags/example_sla_dag.py took 0.118 seconds
[2022-07-31 08:32:59,978] {processor.py:153} INFO - Started process (PID=99269) to work on /Users/pro/Documents/a_env/proj_data/lib/python3.7/site-packages/airflow/example_dags/example_sla_dag.py
[2022-07-31 08:32:59,980] {processor.py:641} INFO - Processing file /Users/pro/Documents/a_env/proj_data/lib/python3.7/site-packages/airflow/example_dags/example_sla_dag.py for tasks to queue
[2022-07-31 08:32:59,981] {logging_mixin.py:115} INFO - [2022-07-31 08:32:59,981] {dagbag.py:508} INFO - Filling up the DagBag from /Users/pro/Documents/a_env/proj_data/lib/python3.7/site-packages/airflow/example_dags/example_sla_dag.py
[2022-07-31 08:33:00,013] {processor.py:651} INFO - DAG(s) dict_keys(['example_sla_dag']) retrieved from /Users/pro/Documents/a_env/proj_data/lib/python3.7/site-packages/airflow/example_dags/example_sla_dag.py
[2022-07-31 08:33:00,036] {logging_mixin.py:115} INFO - [2022-07-31 08:33:00,035] {dag.py:2420} INFO - Sync 1 DAGs
[2022-07-31 08:33:00,064] {logging_mixin.py:115} INFO - [2022-07-31 08:33:00,064] {dag.py:2972} INFO - Setting next_dagrun for example_sla_dag to 2022-07-31T00:30:00+00:00, run_after=2022-07-31T00:32:00+00:00
[2022-07-31 08:33:00,079] {processor.py:161} INFO - Processing /Users/pro/Documents/a_env/proj_data/lib/python3.7/site-packages/airflow/example_dags/example_sla_dag.py took 0.106 seconds
[2022-07-31 08:33:37,099] {processor.py:153} INFO - Started process (PID=99314) to work on /Users/pro/Documents/a_env/proj_data/lib/python3.7/site-packages/airflow/example_dags/example_sla_dag.py
[2022-07-31 08:33:37,100] {processor.py:641} INFO - Processing file /Users/pro/Documents/a_env/proj_data/lib/python3.7/site-packages/airflow/example_dags/example_sla_dag.py for tasks to queue
[2022-07-31 08:33:37,101] {logging_mixin.py:115} INFO - [2022-07-31 08:33:37,101] {dagbag.py:508} INFO - Filling up the DagBag from /Users/pro/Documents/a_env/proj_data/lib/python3.7/site-packages/airflow/example_dags/example_sla_dag.py
[2022-07-31 08:33:37,128] {processor.py:651} INFO - DAG(s) dict_keys(['example_sla_dag']) retrieved from /Users/pro/Documents/a_env/proj_data/lib/python3.7/site-packages/airflow/example_dags/example_sla_dag.py
[2022-07-31 08:33:37,150] {logging_mixin.py:115} INFO - [2022-07-31 08:33:37,149] {dag.py:2420} INFO - Sync 1 DAGs
[2022-07-31 08:33:37,175] {logging_mixin.py:115} INFO - [2022-07-31 08:33:37,175] {dag.py:2972} INFO - Setting next_dagrun for example_sla_dag to 2022-07-31T00:30:00+00:00, run_after=2022-07-31T00:32:00+00:00
[2022-07-31 08:33:37,188] {processor.py:161} INFO - Processing /Users/pro/Documents/a_env/proj_data/lib/python3.7/site-packages/airflow/example_dags/example_sla_dag.py took 0.094 seconds
[2022-07-31 08:45:56,750] {processor.py:153} INFO - Started process (PID=99374) to work on /Users/pro/Documents/a_env/proj_data/lib/python3.7/site-packages/airflow/example_dags/example_sla_dag.py
[2022-07-31 08:45:56,756] {processor.py:641} INFO - Processing file /Users/pro/Documents/a_env/proj_data/lib/python3.7/site-packages/airflow/example_dags/example_sla_dag.py for tasks to queue
[2022-07-31 08:45:56,765] {logging_mixin.py:115} INFO - [2022-07-31 08:45:56,762] {dagbag.py:508} INFO - Filling up the DagBag from /Users/pro/Documents/a_env/proj_data/lib/python3.7/site-packages/airflow/example_dags/example_sla_dag.py
[2022-07-31 08:45:56,938] {processor.py:651} INFO - DAG(s) dict_keys(['example_sla_dag']) retrieved from /Users/pro/Documents/a_env/proj_data/lib/python3.7/site-packages/airflow/example_dags/example_sla_dag.py
[2022-07-31 08:45:57,085] {logging_mixin.py:115} INFO - [2022-07-31 08:45:57,083] {dag.py:2420} INFO - Sync 1 DAGs
[2022-07-31 08:45:57,316] {logging_mixin.py:115} INFO - [2022-07-31 08:45:57,314] {dag.py:2972} INFO - Setting next_dagrun for example_sla_dag to 2022-07-31T00:42:00+00:00, run_after=2022-07-31T00:44:00+00:00
[2022-07-31 08:45:57,393] {processor.py:161} INFO - Processing /Users/pro/Documents/a_env/proj_data/lib/python3.7/site-packages/airflow/example_dags/example_sla_dag.py took 0.673 seconds
[2022-07-31 09:01:02,793] {processor.py:153} INFO - Started process (PID=99423) to work on /Users/pro/Documents/a_env/proj_data/lib/python3.7/site-packages/airflow/example_dags/example_sla_dag.py
[2022-07-31 09:01:02,808] {processor.py:641} INFO - Processing file /Users/pro/Documents/a_env/proj_data/lib/python3.7/site-packages/airflow/example_dags/example_sla_dag.py for tasks to queue
[2022-07-31 09:01:02,822] {logging_mixin.py:115} INFO - [2022-07-31 09:01:02,819] {dagbag.py:508} INFO - Filling up the DagBag from /Users/pro/Documents/a_env/proj_data/lib/python3.7/site-packages/airflow/example_dags/example_sla_dag.py
[2022-07-31 09:01:03,086] {processor.py:651} INFO - DAG(s) dict_keys(['example_sla_dag']) retrieved from /Users/pro/Documents/a_env/proj_data/lib/python3.7/site-packages/airflow/example_dags/example_sla_dag.py
[2022-07-31 09:01:03,232] {logging_mixin.py:115} INFO - [2022-07-31 09:01:03,230] {dag.py:2420} INFO - Sync 1 DAGs
[2022-07-31 09:01:03,404] {logging_mixin.py:115} INFO - [2022-07-31 09:01:03,402] {dag.py:2972} INFO - Setting next_dagrun for example_sla_dag to 2022-07-31T00:58:00+00:00, run_after=2022-07-31T01:00:00+00:00
[2022-07-31 09:01:03,481] {processor.py:161} INFO - Processing /Users/pro/Documents/a_env/proj_data/lib/python3.7/site-packages/airflow/example_dags/example_sla_dag.py took 0.740 seconds
[2022-07-31 09:16:01,062] {processor.py:153} INFO - Started process (PID=99470) to work on /Users/pro/Documents/a_env/proj_data/lib/python3.7/site-packages/airflow/example_dags/example_sla_dag.py
[2022-07-31 09:16:01,068] {processor.py:641} INFO - Processing file /Users/pro/Documents/a_env/proj_data/lib/python3.7/site-packages/airflow/example_dags/example_sla_dag.py for tasks to queue
[2022-07-31 09:16:01,075] {logging_mixin.py:115} INFO - [2022-07-31 09:16:01,073] {dagbag.py:508} INFO - Filling up the DagBag from /Users/pro/Documents/a_env/proj_data/lib/python3.7/site-packages/airflow/example_dags/example_sla_dag.py
[2022-07-31 09:16:01,243] {processor.py:651} INFO - DAG(s) dict_keys(['example_sla_dag']) retrieved from /Users/pro/Documents/a_env/proj_data/lib/python3.7/site-packages/airflow/example_dags/example_sla_dag.py
[2022-07-31 09:16:01,510] {logging_mixin.py:115} INFO - [2022-07-31 09:16:01,507] {dag.py:2420} INFO - Sync 1 DAGs
[2022-07-31 09:16:01,686] {logging_mixin.py:115} INFO - [2022-07-31 09:16:01,684] {dag.py:2972} INFO - Setting next_dagrun for example_sla_dag to 2022-07-31T01:14:00+00:00, run_after=2022-07-31T01:16:00+00:00
[2022-07-31 09:16:01,781] {processor.py:161} INFO - Processing /Users/pro/Documents/a_env/proj_data/lib/python3.7/site-packages/airflow/example_dags/example_sla_dag.py took 0.749 seconds
[2022-07-31 12:25:07,887] {processor.py:153} INFO - Started process (PID=99585) to work on /Users/pro/Documents/a_env/proj_data/lib/python3.7/site-packages/airflow/example_dags/example_sla_dag.py
[2022-07-31 12:25:07,888] {processor.py:641} INFO - Processing file /Users/pro/Documents/a_env/proj_data/lib/python3.7/site-packages/airflow/example_dags/example_sla_dag.py for tasks to queue
[2022-07-31 12:25:07,889] {logging_mixin.py:115} INFO - [2022-07-31 12:25:07,888] {dagbag.py:508} INFO - Filling up the DagBag from /Users/pro/Documents/a_env/proj_data/lib/python3.7/site-packages/airflow/example_dags/example_sla_dag.py
[2022-07-31 12:25:07,922] {processor.py:651} INFO - DAG(s) dict_keys(['example_sla_dag']) retrieved from /Users/pro/Documents/a_env/proj_data/lib/python3.7/site-packages/airflow/example_dags/example_sla_dag.py
[2022-07-31 12:25:07,940] {logging_mixin.py:115} INFO - [2022-07-31 12:25:07,939] {dag.py:2420} INFO - Sync 1 DAGs
[2022-07-31 12:25:07,962] {logging_mixin.py:115} INFO - [2022-07-31 12:25:07,962] {dag.py:2972} INFO - Setting next_dagrun for example_sla_dag to 2022-07-31T04:22:00+00:00, run_after=2022-07-31T04:24:00+00:00
[2022-07-31 12:25:07,975] {processor.py:161} INFO - Processing /Users/pro/Documents/a_env/proj_data/lib/python3.7/site-packages/airflow/example_dags/example_sla_dag.py took 0.093 seconds
[2022-07-31 17:25:27,767] {processor.py:153} INFO - Started process (PID=99667) to work on /Users/pro/Documents/a_env/proj_data/lib/python3.7/site-packages/airflow/example_dags/example_sla_dag.py
[2022-07-31 17:25:27,768] {processor.py:641} INFO - Processing file /Users/pro/Documents/a_env/proj_data/lib/python3.7/site-packages/airflow/example_dags/example_sla_dag.py for tasks to queue
[2022-07-31 17:25:27,769] {logging_mixin.py:115} INFO - [2022-07-31 17:25:27,769] {dagbag.py:508} INFO - Filling up the DagBag from /Users/pro/Documents/a_env/proj_data/lib/python3.7/site-packages/airflow/example_dags/example_sla_dag.py
[2022-07-31 17:25:27,791] {processor.py:651} INFO - DAG(s) dict_keys(['example_sla_dag']) retrieved from /Users/pro/Documents/a_env/proj_data/lib/python3.7/site-packages/airflow/example_dags/example_sla_dag.py
[2022-07-31 17:25:27,811] {logging_mixin.py:115} INFO - [2022-07-31 17:25:27,811] {dag.py:2420} INFO - Sync 1 DAGs
[2022-07-31 17:25:27,832] {logging_mixin.py:115} INFO - [2022-07-31 17:25:27,831] {dag.py:2972} INFO - Setting next_dagrun for example_sla_dag to 2022-07-31T09:22:00+00:00, run_after=2022-07-31T09:24:00+00:00
[2022-07-31 17:25:27,844] {processor.py:161} INFO - Processing /Users/pro/Documents/a_env/proj_data/lib/python3.7/site-packages/airflow/example_dags/example_sla_dag.py took 0.080 seconds
[2022-07-31 21:55:24,737] {processor.py:153} INFO - Started process (PID=99766) to work on /Users/pro/Documents/a_env/proj_data/lib/python3.7/site-packages/airflow/example_dags/example_sla_dag.py
[2022-07-31 21:55:24,738] {processor.py:641} INFO - Processing file /Users/pro/Documents/a_env/proj_data/lib/python3.7/site-packages/airflow/example_dags/example_sla_dag.py for tasks to queue
[2022-07-31 21:55:24,739] {logging_mixin.py:115} INFO - [2022-07-31 21:55:24,739] {dagbag.py:508} INFO - Filling up the DagBag from /Users/pro/Documents/a_env/proj_data/lib/python3.7/site-packages/airflow/example_dags/example_sla_dag.py
[2022-07-31 21:55:24,761] {processor.py:651} INFO - DAG(s) dict_keys(['example_sla_dag']) retrieved from /Users/pro/Documents/a_env/proj_data/lib/python3.7/site-packages/airflow/example_dags/example_sla_dag.py
[2022-07-31 21:55:24,778] {logging_mixin.py:115} INFO - [2022-07-31 21:55:24,778] {dag.py:2420} INFO - Sync 1 DAGs
[2022-07-31 21:55:24,798] {logging_mixin.py:115} INFO - [2022-07-31 21:55:24,798] {dag.py:2972} INFO - Setting next_dagrun for example_sla_dag to 2022-07-31T13:52:00+00:00, run_after=2022-07-31T13:54:00+00:00
[2022-07-31 21:55:24,811] {processor.py:161} INFO - Processing /Users/pro/Documents/a_env/proj_data/lib/python3.7/site-packages/airflow/example_dags/example_sla_dag.py took 0.078 seconds
[2022-08-01 03:25:33,550] {processor.py:153} INFO - Started process (PID=99827) to work on /Users/pro/Documents/a_env/proj_data/lib/python3.7/site-packages/airflow/example_dags/example_sla_dag.py
[2022-08-01 03:25:33,561] {processor.py:641} INFO - Processing file /Users/pro/Documents/a_env/proj_data/lib/python3.7/site-packages/airflow/example_dags/example_sla_dag.py for tasks to queue
[2022-08-01 03:25:33,578] {logging_mixin.py:115} INFO - [2022-08-01 03:25:33,572] {dagbag.py:508} INFO - Filling up the DagBag from /Users/pro/Documents/a_env/proj_data/lib/python3.7/site-packages/airflow/example_dags/example_sla_dag.py
[2022-08-01 03:25:33,846] {processor.py:651} INFO - DAG(s) dict_keys(['example_sla_dag']) retrieved from /Users/pro/Documents/a_env/proj_data/lib/python3.7/site-packages/airflow/example_dags/example_sla_dag.py
[2022-08-01 04:25:23,180] {logging_mixin.py:115} INFO - [2022-08-01 04:25:23,180] {dag.py:2420} INFO - Sync 1 DAGs
[2022-08-01 04:25:23,926] {logging_mixin.py:115} INFO - [2022-08-01 04:25:23,925] {dag.py:2972} INFO - Setting next_dagrun for example_sla_dag to 2022-07-31T20:22:00+00:00, run_after=2022-07-31T20:24:00+00:00
[2022-08-01 04:25:23,955] {processor.py:161} INFO - Processing /Users/pro/Documents/a_env/proj_data/lib/python3.7/site-packages/airflow/example_dags/example_sla_dag.py took 2.824 seconds
