[2022-07-31 08:00:31,142] {processor.py:153} INFO - Started process (PID=98940) to work on /Users/pro/Documents/a_env/proj_data/lib/python3.7/site-packages/airflow/example_dags/example_branch_operator.py
[2022-07-31 08:00:31,143] {processor.py:641} INFO - Processing file /Users/pro/Documents/a_env/proj_data/lib/python3.7/site-packages/airflow/example_dags/example_branch_operator.py for tasks to queue
[2022-07-31 08:00:31,144] {logging_mixin.py:115} INFO - [2022-07-31 08:00:31,143] {dagbag.py:508} INFO - Filling up the DagBag from /Users/pro/Documents/a_env/proj_data/lib/python3.7/site-packages/airflow/example_dags/example_branch_operator.py
[2022-07-31 08:00:31,161] {processor.py:651} INFO - DAG(s) dict_keys(['example_branch_operator']) retrieved from /Users/pro/Documents/a_env/proj_data/lib/python3.7/site-packages/airflow/example_dags/example_branch_operator.py
[2022-07-31 08:00:31,180] {logging_mixin.py:115} INFO - [2022-07-31 08:00:31,180] {dag.py:2420} INFO - Sync 1 DAGs
[2022-07-31 08:00:31,202] {logging_mixin.py:115} INFO - [2022-07-31 08:00:31,201] {dag.py:2972} INFO - Setting next_dagrun for example_branch_operator to 2022-07-30T00:00:00+00:00, run_after=2022-07-31T00:00:00+00:00
[2022-07-31 08:00:31,215] {processor.py:161} INFO - Processing /Users/pro/Documents/a_env/proj_data/lib/python3.7/site-packages/airflow/example_dags/example_branch_operator.py took 0.078 seconds
[2022-07-31 08:01:49,982] {processor.py:153} INFO - Started process (PID=99011) to work on /Users/pro/Documents/a_env/proj_data/lib/python3.7/site-packages/airflow/example_dags/example_branch_operator.py
[2022-07-31 08:01:49,984] {processor.py:641} INFO - Processing file /Users/pro/Documents/a_env/proj_data/lib/python3.7/site-packages/airflow/example_dags/example_branch_operator.py for tasks to queue
[2022-07-31 08:01:49,985] {logging_mixin.py:115} INFO - [2022-07-31 08:01:49,985] {dagbag.py:508} INFO - Filling up the DagBag from /Users/pro/Documents/a_env/proj_data/lib/python3.7/site-packages/airflow/example_dags/example_branch_operator.py
[2022-07-31 08:01:50,006] {processor.py:651} INFO - DAG(s) dict_keys(['example_branch_operator']) retrieved from /Users/pro/Documents/a_env/proj_data/lib/python3.7/site-packages/airflow/example_dags/example_branch_operator.py
[2022-07-31 08:01:50,031] {logging_mixin.py:115} INFO - [2022-07-31 08:01:50,030] {dag.py:2420} INFO - Sync 1 DAGs
[2022-07-31 08:01:50,056] {logging_mixin.py:115} INFO - [2022-07-31 08:01:50,056] {dag.py:2972} INFO - Setting next_dagrun for example_branch_operator to 2022-07-30T00:00:00+00:00, run_after=2022-07-31T00:00:00+00:00
[2022-07-31 08:01:50,071] {processor.py:161} INFO - Processing /Users/pro/Documents/a_env/proj_data/lib/python3.7/site-packages/airflow/example_dags/example_branch_operator.py took 0.095 seconds
[2022-07-31 08:30:55,897] {processor.py:153} INFO - Started process (PID=99117) to work on /Users/pro/Documents/a_env/proj_data/lib/python3.7/site-packages/airflow/example_dags/example_branch_operator.py
[2022-07-31 08:30:55,903] {processor.py:641} INFO - Processing file /Users/pro/Documents/a_env/proj_data/lib/python3.7/site-packages/airflow/example_dags/example_branch_operator.py for tasks to queue
[2022-07-31 08:30:55,913] {logging_mixin.py:115} INFO - [2022-07-31 08:30:55,910] {dagbag.py:508} INFO - Filling up the DagBag from /Users/pro/Documents/a_env/proj_data/lib/python3.7/site-packages/airflow/example_dags/example_branch_operator.py
[2022-07-31 08:30:56,160] {processor.py:651} INFO - DAG(s) dict_keys(['example_branch_operator']) retrieved from /Users/pro/Documents/a_env/proj_data/lib/python3.7/site-packages/airflow/example_dags/example_branch_operator.py
[2022-07-31 08:30:56,399] {logging_mixin.py:115} INFO - [2022-07-31 08:30:56,397] {dag.py:2420} INFO - Sync 1 DAGs
[2022-07-31 08:30:57,017] {logging_mixin.py:115} INFO - [2022-07-31 08:30:57,006] {dag.py:2972} INFO - Setting next_dagrun for example_branch_operator to 2022-07-30T00:00:00+00:00, run_after=2022-07-31T00:00:00+00:00
[2022-07-31 08:30:57,349] {processor.py:161} INFO - Processing /Users/pro/Documents/a_env/proj_data/lib/python3.7/site-packages/airflow/example_dags/example_branch_operator.py took 1.484 seconds
[2022-07-31 08:32:00,029] {processor.py:153} INFO - Started process (PID=99181) to work on /Users/pro/Documents/a_env/proj_data/lib/python3.7/site-packages/airflow/example_dags/example_branch_operator.py
[2022-07-31 08:32:00,030] {processor.py:641} INFO - Processing file /Users/pro/Documents/a_env/proj_data/lib/python3.7/site-packages/airflow/example_dags/example_branch_operator.py for tasks to queue
[2022-07-31 08:32:00,031] {logging_mixin.py:115} INFO - [2022-07-31 08:32:00,031] {dagbag.py:508} INFO - Filling up the DagBag from /Users/pro/Documents/a_env/proj_data/lib/python3.7/site-packages/airflow/example_dags/example_branch_operator.py
[2022-07-31 08:32:00,051] {processor.py:651} INFO - DAG(s) dict_keys(['example_branch_operator']) retrieved from /Users/pro/Documents/a_env/proj_data/lib/python3.7/site-packages/airflow/example_dags/example_branch_operator.py
[2022-07-31 08:32:00,074] {logging_mixin.py:115} INFO - [2022-07-31 08:32:00,074] {dag.py:2420} INFO - Sync 1 DAGs
[2022-07-31 08:32:00,098] {logging_mixin.py:115} INFO - [2022-07-31 08:32:00,097] {dag.py:2972} INFO - Setting next_dagrun for example_branch_operator to 2022-07-30T00:00:00+00:00, run_after=2022-07-31T00:00:00+00:00
[2022-07-31 08:32:00,112] {processor.py:161} INFO - Processing /Users/pro/Documents/a_env/proj_data/lib/python3.7/site-packages/airflow/example_dags/example_branch_operator.py took 0.088 seconds
[2022-07-31 08:32:40,007] {processor.py:153} INFO - Started process (PID=99234) to work on /Users/pro/Documents/a_env/proj_data/lib/python3.7/site-packages/airflow/example_dags/example_branch_operator.py
[2022-07-31 08:32:40,008] {processor.py:641} INFO - Processing file /Users/pro/Documents/a_env/proj_data/lib/python3.7/site-packages/airflow/example_dags/example_branch_operator.py for tasks to queue
[2022-07-31 08:32:40,010] {logging_mixin.py:115} INFO - [2022-07-31 08:32:40,010] {dagbag.py:508} INFO - Filling up the DagBag from /Users/pro/Documents/a_env/proj_data/lib/python3.7/site-packages/airflow/example_dags/example_branch_operator.py
[2022-07-31 08:32:40,036] {processor.py:651} INFO - DAG(s) dict_keys(['example_branch_operator']) retrieved from /Users/pro/Documents/a_env/proj_data/lib/python3.7/site-packages/airflow/example_dags/example_branch_operator.py
[2022-07-31 08:32:40,065] {logging_mixin.py:115} INFO - [2022-07-31 08:32:40,065] {dag.py:2420} INFO - Sync 1 DAGs
[2022-07-31 08:32:40,097] {logging_mixin.py:115} INFO - [2022-07-31 08:32:40,097] {dag.py:2972} INFO - Setting next_dagrun for example_branch_operator to 2022-07-30T00:00:00+00:00, run_after=2022-07-31T00:00:00+00:00
[2022-07-31 08:32:40,117] {processor.py:161} INFO - Processing /Users/pro/Documents/a_env/proj_data/lib/python3.7/site-packages/airflow/example_dags/example_branch_operator.py took 0.116 seconds
[2022-07-31 08:33:18,905] {processor.py:153} INFO - Started process (PID=99292) to work on /Users/pro/Documents/a_env/proj_data/lib/python3.7/site-packages/airflow/example_dags/example_branch_operator.py
[2022-07-31 08:33:18,906] {processor.py:641} INFO - Processing file /Users/pro/Documents/a_env/proj_data/lib/python3.7/site-packages/airflow/example_dags/example_branch_operator.py for tasks to queue
[2022-07-31 08:33:18,908] {logging_mixin.py:115} INFO - [2022-07-31 08:33:18,908] {dagbag.py:508} INFO - Filling up the DagBag from /Users/pro/Documents/a_env/proj_data/lib/python3.7/site-packages/airflow/example_dags/example_branch_operator.py
[2022-07-31 08:33:18,931] {processor.py:651} INFO - DAG(s) dict_keys(['example_branch_operator']) retrieved from /Users/pro/Documents/a_env/proj_data/lib/python3.7/site-packages/airflow/example_dags/example_branch_operator.py
[2022-07-31 08:33:18,954] {logging_mixin.py:115} INFO - [2022-07-31 08:33:18,954] {dag.py:2420} INFO - Sync 1 DAGs
[2022-07-31 08:33:18,979] {logging_mixin.py:115} INFO - [2022-07-31 08:33:18,978] {dag.py:2972} INFO - Setting next_dagrun for example_branch_operator to 2022-07-30T00:00:00+00:00, run_after=2022-07-31T00:00:00+00:00
[2022-07-31 08:33:18,995] {processor.py:161} INFO - Processing /Users/pro/Documents/a_env/proj_data/lib/python3.7/site-packages/airflow/example_dags/example_branch_operator.py took 0.096 seconds
[2022-07-31 08:45:33,629] {processor.py:153} INFO - Started process (PID=99347) to work on /Users/pro/Documents/a_env/proj_data/lib/python3.7/site-packages/airflow/example_dags/example_branch_operator.py
[2022-07-31 08:45:33,630] {processor.py:641} INFO - Processing file /Users/pro/Documents/a_env/proj_data/lib/python3.7/site-packages/airflow/example_dags/example_branch_operator.py for tasks to queue
[2022-07-31 08:45:33,631] {logging_mixin.py:115} INFO - [2022-07-31 08:45:33,631] {dagbag.py:508} INFO - Filling up the DagBag from /Users/pro/Documents/a_env/proj_data/lib/python3.7/site-packages/airflow/example_dags/example_branch_operator.py
[2022-07-31 08:45:33,646] {processor.py:651} INFO - DAG(s) dict_keys(['example_branch_operator']) retrieved from /Users/pro/Documents/a_env/proj_data/lib/python3.7/site-packages/airflow/example_dags/example_branch_operator.py
[2022-07-31 08:45:33,665] {logging_mixin.py:115} INFO - [2022-07-31 08:45:33,665] {dag.py:2420} INFO - Sync 1 DAGs
[2022-07-31 08:45:33,686] {logging_mixin.py:115} INFO - [2022-07-31 08:45:33,685] {dag.py:2972} INFO - Setting next_dagrun for example_branch_operator to 2022-07-30T00:00:00+00:00, run_after=2022-07-31T00:00:00+00:00
[2022-07-31 08:45:33,697] {processor.py:161} INFO - Processing /Users/pro/Documents/a_env/proj_data/lib/python3.7/site-packages/airflow/example_dags/example_branch_operator.py took 0.072 seconds
[2022-07-31 09:15:39,606] {processor.py:153} INFO - Started process (PID=99453) to work on /Users/pro/Documents/a_env/proj_data/lib/python3.7/site-packages/airflow/example_dags/example_branch_operator.py
[2022-07-31 09:15:39,607] {processor.py:641} INFO - Processing file /Users/pro/Documents/a_env/proj_data/lib/python3.7/site-packages/airflow/example_dags/example_branch_operator.py for tasks to queue
[2022-07-31 09:15:39,608] {logging_mixin.py:115} INFO - [2022-07-31 09:15:39,607] {dagbag.py:508} INFO - Filling up the DagBag from /Users/pro/Documents/a_env/proj_data/lib/python3.7/site-packages/airflow/example_dags/example_branch_operator.py
[2022-07-31 09:15:39,621] {processor.py:651} INFO - DAG(s) dict_keys(['example_branch_operator']) retrieved from /Users/pro/Documents/a_env/proj_data/lib/python3.7/site-packages/airflow/example_dags/example_branch_operator.py
[2022-07-31 09:15:39,641] {logging_mixin.py:115} INFO - [2022-07-31 09:15:39,640] {dag.py:2420} INFO - Sync 1 DAGs
[2022-07-31 09:15:39,659] {logging_mixin.py:115} INFO - [2022-07-31 09:15:39,659] {dag.py:2972} INFO - Setting next_dagrun for example_branch_operator to 2022-07-30T00:00:00+00:00, run_after=2022-07-31T00:00:00+00:00
[2022-07-31 09:15:39,671] {processor.py:161} INFO - Processing /Users/pro/Documents/a_env/proj_data/lib/python3.7/site-packages/airflow/example_dags/example_branch_operator.py took 0.069 seconds
[2022-07-31 09:25:05,127] {processor.py:153} INFO - Started process (PID=99536) to work on /Users/pro/Documents/a_env/proj_data/lib/python3.7/site-packages/airflow/example_dags/example_branch_operator.py
[2022-07-31 09:25:05,128] {processor.py:641} INFO - Processing file /Users/pro/Documents/a_env/proj_data/lib/python3.7/site-packages/airflow/example_dags/example_branch_operator.py for tasks to queue
[2022-07-31 09:25:05,129] {logging_mixin.py:115} INFO - [2022-07-31 09:25:05,129] {dagbag.py:508} INFO - Filling up the DagBag from /Users/pro/Documents/a_env/proj_data/lib/python3.7/site-packages/airflow/example_dags/example_branch_operator.py
[2022-07-31 09:25:05,145] {processor.py:651} INFO - DAG(s) dict_keys(['example_branch_operator']) retrieved from /Users/pro/Documents/a_env/proj_data/lib/python3.7/site-packages/airflow/example_dags/example_branch_operator.py
[2022-07-31 09:25:05,164] {logging_mixin.py:115} INFO - [2022-07-31 09:25:05,164] {dag.py:2420} INFO - Sync 1 DAGs
[2022-07-31 09:25:05,183] {logging_mixin.py:115} INFO - [2022-07-31 09:25:05,182] {dag.py:2972} INFO - Setting next_dagrun for example_branch_operator to 2022-07-30T00:00:00+00:00, run_after=2022-07-31T00:00:00+00:00
[2022-07-31 09:25:05,194] {processor.py:161} INFO - Processing /Users/pro/Documents/a_env/proj_data/lib/python3.7/site-packages/airflow/example_dags/example_branch_operator.py took 0.071 seconds
[2022-07-31 20:45:11,447] {processor.py:153} INFO - Started process (PID=99714) to work on /Users/pro/Documents/a_env/proj_data/lib/python3.7/site-packages/airflow/example_dags/example_branch_operator.py
[2022-07-31 20:45:11,448] {processor.py:641} INFO - Processing file /Users/pro/Documents/a_env/proj_data/lib/python3.7/site-packages/airflow/example_dags/example_branch_operator.py for tasks to queue
[2022-07-31 20:45:11,449] {logging_mixin.py:115} INFO - [2022-07-31 20:45:11,449] {dagbag.py:508} INFO - Filling up the DagBag from /Users/pro/Documents/a_env/proj_data/lib/python3.7/site-packages/airflow/example_dags/example_branch_operator.py
[2022-07-31 20:45:11,462] {processor.py:651} INFO - DAG(s) dict_keys(['example_branch_operator']) retrieved from /Users/pro/Documents/a_env/proj_data/lib/python3.7/site-packages/airflow/example_dags/example_branch_operator.py
[2022-07-31 20:45:11,484] {logging_mixin.py:115} INFO - [2022-07-31 20:45:11,484] {dag.py:2420} INFO - Sync 1 DAGs
[2022-07-31 20:45:11,505] {logging_mixin.py:115} INFO - [2022-07-31 20:45:11,504] {dag.py:2972} INFO - Setting next_dagrun for example_branch_operator to 2022-07-30T00:00:00+00:00, run_after=2022-07-31T00:00:00+00:00
[2022-07-31 20:45:11,516] {processor.py:161} INFO - Processing /Users/pro/Documents/a_env/proj_data/lib/python3.7/site-packages/airflow/example_dags/example_branch_operator.py took 0.073 seconds
