[2022-07-31 08:00:46,039] {processor.py:153} INFO - Started process (PID=98950) to work on /Users/pro/Documents/a_env/proj_data/lib/python3.7/site-packages/airflow/example_dags/example_trigger_target_dag.py
[2022-07-31 08:00:46,047] {processor.py:641} INFO - Processing file /Users/pro/Documents/a_env/proj_data/lib/python3.7/site-packages/airflow/example_dags/example_trigger_target_dag.py for tasks to queue
[2022-07-31 08:00:46,057] {logging_mixin.py:115} INFO - [2022-07-31 08:00:46,054] {dagbag.py:508} INFO - Filling up the DagBag from /Users/pro/Documents/a_env/proj_data/lib/python3.7/site-packages/airflow/example_dags/example_trigger_target_dag.py
[2022-07-31 08:00:46,219] {processor.py:651} INFO - DAG(s) dict_keys(['example_trigger_target_dag']) retrieved from /Users/pro/Documents/a_env/proj_data/lib/python3.7/site-packages/airflow/example_dags/example_trigger_target_dag.py
[2022-07-31 08:00:46,362] {logging_mixin.py:115} INFO - [2022-07-31 08:00:46,359] {dag.py:2420} INFO - Sync 1 DAGs
[2022-07-31 08:00:46,509] {logging_mixin.py:115} INFO - [2022-07-31 08:00:46,506] {dag.py:2972} INFO - Setting next_dagrun for example_trigger_target_dag to None, run_after=None
[2022-07-31 08:00:46,601] {processor.py:161} INFO - Processing /Users/pro/Documents/a_env/proj_data/lib/python3.7/site-packages/airflow/example_dags/example_trigger_target_dag.py took 0.593 seconds
[2022-07-31 08:01:38,237] {processor.py:153} INFO - Started process (PID=98994) to work on /Users/pro/Documents/a_env/proj_data/lib/python3.7/site-packages/airflow/example_dags/example_trigger_target_dag.py
[2022-07-31 08:01:38,240] {processor.py:641} INFO - Processing file /Users/pro/Documents/a_env/proj_data/lib/python3.7/site-packages/airflow/example_dags/example_trigger_target_dag.py for tasks to queue
[2022-07-31 08:01:38,243] {logging_mixin.py:115} INFO - [2022-07-31 08:01:38,242] {dagbag.py:508} INFO - Filling up the DagBag from /Users/pro/Documents/a_env/proj_data/lib/python3.7/site-packages/airflow/example_dags/example_trigger_target_dag.py
[2022-07-31 08:01:38,286] {processor.py:651} INFO - DAG(s) dict_keys(['example_trigger_target_dag']) retrieved from /Users/pro/Documents/a_env/proj_data/lib/python3.7/site-packages/airflow/example_dags/example_trigger_target_dag.py
[2022-07-31 08:01:38,323] {logging_mixin.py:115} INFO - [2022-07-31 08:01:38,322] {dag.py:2420} INFO - Sync 1 DAGs
[2022-07-31 08:01:38,367] {logging_mixin.py:115} INFO - [2022-07-31 08:01:38,367] {dag.py:2972} INFO - Setting next_dagrun for example_trigger_target_dag to None, run_after=None
[2022-07-31 08:01:38,393] {processor.py:161} INFO - Processing /Users/pro/Documents/a_env/proj_data/lib/python3.7/site-packages/airflow/example_dags/example_trigger_target_dag.py took 0.168 seconds
[2022-07-31 08:15:38,311] {processor.py:153} INFO - Started process (PID=99037) to work on /Users/pro/Documents/a_env/proj_data/lib/python3.7/site-packages/airflow/example_dags/example_trigger_target_dag.py
[2022-07-31 08:15:38,315] {processor.py:641} INFO - Processing file /Users/pro/Documents/a_env/proj_data/lib/python3.7/site-packages/airflow/example_dags/example_trigger_target_dag.py for tasks to queue
[2022-07-31 08:15:38,316] {logging_mixin.py:115} INFO - [2022-07-31 08:15:38,315] {dagbag.py:508} INFO - Filling up the DagBag from /Users/pro/Documents/a_env/proj_data/lib/python3.7/site-packages/airflow/example_dags/example_trigger_target_dag.py
[2022-07-31 08:15:38,335] {processor.py:651} INFO - DAG(s) dict_keys(['example_trigger_target_dag']) retrieved from /Users/pro/Documents/a_env/proj_data/lib/python3.7/site-packages/airflow/example_dags/example_trigger_target_dag.py
[2022-07-31 08:15:38,358] {logging_mixin.py:115} INFO - [2022-07-31 08:15:38,357] {dag.py:2420} INFO - Sync 1 DAGs
[2022-07-31 08:15:38,376] {logging_mixin.py:115} INFO - [2022-07-31 08:15:38,376] {dag.py:2972} INFO - Setting next_dagrun for example_trigger_target_dag to None, run_after=None
[2022-07-31 08:15:38,387] {processor.py:161} INFO - Processing /Users/pro/Documents/a_env/proj_data/lib/python3.7/site-packages/airflow/example_dags/example_trigger_target_dag.py took 0.080 seconds
[2022-07-31 08:30:39,862] {processor.py:153} INFO - Started process (PID=99103) to work on /Users/pro/Documents/a_env/proj_data/lib/python3.7/site-packages/airflow/example_dags/example_trigger_target_dag.py
[2022-07-31 08:30:39,864] {processor.py:641} INFO - Processing file /Users/pro/Documents/a_env/proj_data/lib/python3.7/site-packages/airflow/example_dags/example_trigger_target_dag.py for tasks to queue
[2022-07-31 08:30:39,865] {logging_mixin.py:115} INFO - [2022-07-31 08:30:39,865] {dagbag.py:508} INFO - Filling up the DagBag from /Users/pro/Documents/a_env/proj_data/lib/python3.7/site-packages/airflow/example_dags/example_trigger_target_dag.py
[2022-07-31 08:30:39,886] {processor.py:651} INFO - DAG(s) dict_keys(['example_trigger_target_dag']) retrieved from /Users/pro/Documents/a_env/proj_data/lib/python3.7/site-packages/airflow/example_dags/example_trigger_target_dag.py
[2022-07-31 08:30:39,907] {logging_mixin.py:115} INFO - [2022-07-31 08:30:39,906] {dag.py:2420} INFO - Sync 1 DAGs
[2022-07-31 08:30:39,929] {logging_mixin.py:115} INFO - [2022-07-31 08:30:39,929] {dag.py:2972} INFO - Setting next_dagrun for example_trigger_target_dag to None, run_after=None
[2022-07-31 08:30:39,945] {processor.py:161} INFO - Processing /Users/pro/Documents/a_env/proj_data/lib/python3.7/site-packages/airflow/example_dags/example_trigger_target_dag.py took 0.087 seconds
[2022-07-31 08:31:39,070] {processor.py:153} INFO - Started process (PID=99151) to work on /Users/pro/Documents/a_env/proj_data/lib/python3.7/site-packages/airflow/example_dags/example_trigger_target_dag.py
[2022-07-31 08:31:39,072] {processor.py:641} INFO - Processing file /Users/pro/Documents/a_env/proj_data/lib/python3.7/site-packages/airflow/example_dags/example_trigger_target_dag.py for tasks to queue
[2022-07-31 08:31:39,075] {logging_mixin.py:115} INFO - [2022-07-31 08:31:39,074] {dagbag.py:508} INFO - Filling up the DagBag from /Users/pro/Documents/a_env/proj_data/lib/python3.7/site-packages/airflow/example_dags/example_trigger_target_dag.py
[2022-07-31 08:31:39,123] {processor.py:651} INFO - DAG(s) dict_keys(['example_trigger_target_dag']) retrieved from /Users/pro/Documents/a_env/proj_data/lib/python3.7/site-packages/airflow/example_dags/example_trigger_target_dag.py
[2022-07-31 08:31:39,171] {logging_mixin.py:115} INFO - [2022-07-31 08:31:39,170] {dag.py:2420} INFO - Sync 1 DAGs
[2022-07-31 08:31:39,211] {logging_mixin.py:115} INFO - [2022-07-31 08:31:39,210] {dag.py:2972} INFO - Setting next_dagrun for example_trigger_target_dag to None, run_after=None
[2022-07-31 08:31:39,237] {processor.py:161} INFO - Processing /Users/pro/Documents/a_env/proj_data/lib/python3.7/site-packages/airflow/example_dags/example_trigger_target_dag.py took 0.181 seconds
[2022-07-31 08:32:16,564] {processor.py:153} INFO - Started process (PID=99200) to work on /Users/pro/Documents/a_env/proj_data/lib/python3.7/site-packages/airflow/example_dags/example_trigger_target_dag.py
[2022-07-31 08:32:16,566] {processor.py:641} INFO - Processing file /Users/pro/Documents/a_env/proj_data/lib/python3.7/site-packages/airflow/example_dags/example_trigger_target_dag.py for tasks to queue
[2022-07-31 08:32:16,567] {logging_mixin.py:115} INFO - [2022-07-31 08:32:16,567] {dagbag.py:508} INFO - Filling up the DagBag from /Users/pro/Documents/a_env/proj_data/lib/python3.7/site-packages/airflow/example_dags/example_trigger_target_dag.py
[2022-07-31 08:32:16,596] {processor.py:651} INFO - DAG(s) dict_keys(['example_trigger_target_dag']) retrieved from /Users/pro/Documents/a_env/proj_data/lib/python3.7/site-packages/airflow/example_dags/example_trigger_target_dag.py
[2022-07-31 08:32:16,620] {logging_mixin.py:115} INFO - [2022-07-31 08:32:16,620] {dag.py:2420} INFO - Sync 1 DAGs
[2022-07-31 08:32:16,646] {logging_mixin.py:115} INFO - [2022-07-31 08:32:16,645] {dag.py:2972} INFO - Setting next_dagrun for example_trigger_target_dag to None, run_after=None
[2022-07-31 08:32:16,662] {processor.py:161} INFO - Processing /Users/pro/Documents/a_env/proj_data/lib/python3.7/site-packages/airflow/example_dags/example_trigger_target_dag.py took 0.103 seconds
[2022-07-31 08:32:54,291] {processor.py:153} INFO - Started process (PID=99259) to work on /Users/pro/Documents/a_env/proj_data/lib/python3.7/site-packages/airflow/example_dags/example_trigger_target_dag.py
[2022-07-31 08:32:54,292] {processor.py:641} INFO - Processing file /Users/pro/Documents/a_env/proj_data/lib/python3.7/site-packages/airflow/example_dags/example_trigger_target_dag.py for tasks to queue
[2022-07-31 08:32:54,294] {logging_mixin.py:115} INFO - [2022-07-31 08:32:54,294] {dagbag.py:508} INFO - Filling up the DagBag from /Users/pro/Documents/a_env/proj_data/lib/python3.7/site-packages/airflow/example_dags/example_trigger_target_dag.py
[2022-07-31 08:32:54,321] {processor.py:651} INFO - DAG(s) dict_keys(['example_trigger_target_dag']) retrieved from /Users/pro/Documents/a_env/proj_data/lib/python3.7/site-packages/airflow/example_dags/example_trigger_target_dag.py
[2022-07-31 08:32:54,346] {logging_mixin.py:115} INFO - [2022-07-31 08:32:54,345] {dag.py:2420} INFO - Sync 1 DAGs
[2022-07-31 08:32:54,371] {logging_mixin.py:115} INFO - [2022-07-31 08:32:54,371] {dag.py:2972} INFO - Setting next_dagrun for example_trigger_target_dag to None, run_after=None
[2022-07-31 08:32:54,386] {processor.py:161} INFO - Processing /Users/pro/Documents/a_env/proj_data/lib/python3.7/site-packages/airflow/example_dags/example_trigger_target_dag.py took 0.100 seconds
[2022-07-31 08:33:30,426] {processor.py:153} INFO - Started process (PID=99307) to work on /Users/pro/Documents/a_env/proj_data/lib/python3.7/site-packages/airflow/example_dags/example_trigger_target_dag.py
[2022-07-31 08:33:30,427] {processor.py:641} INFO - Processing file /Users/pro/Documents/a_env/proj_data/lib/python3.7/site-packages/airflow/example_dags/example_trigger_target_dag.py for tasks to queue
[2022-07-31 08:33:30,429] {logging_mixin.py:115} INFO - [2022-07-31 08:33:30,428] {dagbag.py:508} INFO - Filling up the DagBag from /Users/pro/Documents/a_env/proj_data/lib/python3.7/site-packages/airflow/example_dags/example_trigger_target_dag.py
[2022-07-31 08:33:30,454] {processor.py:651} INFO - DAG(s) dict_keys(['example_trigger_target_dag']) retrieved from /Users/pro/Documents/a_env/proj_data/lib/python3.7/site-packages/airflow/example_dags/example_trigger_target_dag.py
[2022-07-31 08:33:30,476] {logging_mixin.py:115} INFO - [2022-07-31 08:33:30,476] {dag.py:2420} INFO - Sync 1 DAGs
[2022-07-31 08:33:30,498] {logging_mixin.py:115} INFO - [2022-07-31 08:33:30,497] {dag.py:2972} INFO - Setting next_dagrun for example_trigger_target_dag to None, run_after=None
[2022-07-31 08:33:30,512] {processor.py:161} INFO - Processing /Users/pro/Documents/a_env/proj_data/lib/python3.7/site-packages/airflow/example_dags/example_trigger_target_dag.py took 0.091 seconds
[2022-07-31 08:45:44,996] {processor.py:153} INFO - Started process (PID=99368) to work on /Users/pro/Documents/a_env/proj_data/lib/python3.7/site-packages/airflow/example_dags/example_trigger_target_dag.py
[2022-07-31 08:45:45,002] {processor.py:641} INFO - Processing file /Users/pro/Documents/a_env/proj_data/lib/python3.7/site-packages/airflow/example_dags/example_trigger_target_dag.py for tasks to queue
[2022-07-31 08:45:45,011] {logging_mixin.py:115} INFO - [2022-07-31 08:45:45,009] {dagbag.py:508} INFO - Filling up the DagBag from /Users/pro/Documents/a_env/proj_data/lib/python3.7/site-packages/airflow/example_dags/example_trigger_target_dag.py
[2022-07-31 08:45:45,167] {processor.py:651} INFO - DAG(s) dict_keys(['example_trigger_target_dag']) retrieved from /Users/pro/Documents/a_env/proj_data/lib/python3.7/site-packages/airflow/example_dags/example_trigger_target_dag.py
[2022-07-31 08:45:45,297] {logging_mixin.py:115} INFO - [2022-07-31 08:45:45,295] {dag.py:2420} INFO - Sync 1 DAGs
[2022-07-31 08:45:45,433] {logging_mixin.py:115} INFO - [2022-07-31 08:45:45,430] {dag.py:2972} INFO - Setting next_dagrun for example_trigger_target_dag to None, run_after=None
[2022-07-31 08:45:45,526] {processor.py:161} INFO - Processing /Users/pro/Documents/a_env/proj_data/lib/python3.7/site-packages/airflow/example_dags/example_trigger_target_dag.py took 0.558 seconds
[2022-07-31 09:00:51,607] {processor.py:153} INFO - Started process (PID=99416) to work on /Users/pro/Documents/a_env/proj_data/lib/python3.7/site-packages/airflow/example_dags/example_trigger_target_dag.py
[2022-07-31 09:00:51,613] {processor.py:641} INFO - Processing file /Users/pro/Documents/a_env/proj_data/lib/python3.7/site-packages/airflow/example_dags/example_trigger_target_dag.py for tasks to queue
[2022-07-31 09:00:51,620] {logging_mixin.py:115} INFO - [2022-07-31 09:00:51,618] {dagbag.py:508} INFO - Filling up the DagBag from /Users/pro/Documents/a_env/proj_data/lib/python3.7/site-packages/airflow/example_dags/example_trigger_target_dag.py
[2022-07-31 09:00:51,824] {processor.py:651} INFO - DAG(s) dict_keys(['example_trigger_target_dag']) retrieved from /Users/pro/Documents/a_env/proj_data/lib/python3.7/site-packages/airflow/example_dags/example_trigger_target_dag.py
[2022-07-31 09:00:51,969] {logging_mixin.py:115} INFO - [2022-07-31 09:00:51,965] {dag.py:2420} INFO - Sync 1 DAGs
[2022-07-31 09:00:52,109] {logging_mixin.py:115} INFO - [2022-07-31 09:00:52,106] {dag.py:2972} INFO - Setting next_dagrun for example_trigger_target_dag to None, run_after=None
[2022-07-31 09:00:52,194] {processor.py:161} INFO - Processing /Users/pro/Documents/a_env/proj_data/lib/python3.7/site-packages/airflow/example_dags/example_trigger_target_dag.py took 0.617 seconds
[2022-07-31 09:15:50,151] {processor.py:153} INFO - Started process (PID=99463) to work on /Users/pro/Documents/a_env/proj_data/lib/python3.7/site-packages/airflow/example_dags/example_trigger_target_dag.py
[2022-07-31 09:15:50,158] {processor.py:641} INFO - Processing file /Users/pro/Documents/a_env/proj_data/lib/python3.7/site-packages/airflow/example_dags/example_trigger_target_dag.py for tasks to queue
[2022-07-31 09:15:50,168] {logging_mixin.py:115} INFO - [2022-07-31 09:15:50,164] {dagbag.py:508} INFO - Filling up the DagBag from /Users/pro/Documents/a_env/proj_data/lib/python3.7/site-packages/airflow/example_dags/example_trigger_target_dag.py
[2022-07-31 09:15:50,378] {processor.py:651} INFO - DAG(s) dict_keys(['example_trigger_target_dag']) retrieved from /Users/pro/Documents/a_env/proj_data/lib/python3.7/site-packages/airflow/example_dags/example_trigger_target_dag.py
[2022-07-31 09:15:50,509] {logging_mixin.py:115} INFO - [2022-07-31 09:15:50,507] {dag.py:2420} INFO - Sync 1 DAGs
[2022-07-31 09:15:50,648] {logging_mixin.py:115} INFO - [2022-07-31 09:15:50,645] {dag.py:2972} INFO - Setting next_dagrun for example_trigger_target_dag to None, run_after=None
[2022-07-31 09:15:50,736] {processor.py:161} INFO - Processing /Users/pro/Documents/a_env/proj_data/lib/python3.7/site-packages/airflow/example_dags/example_trigger_target_dag.py took 0.615 seconds
[2022-07-31 09:16:40,153] {processor.py:153} INFO - Started process (PID=99496) to work on /Users/pro/Documents/a_env/proj_data/lib/python3.7/site-packages/airflow/example_dags/example_trigger_target_dag.py
[2022-07-31 09:16:40,155] {processor.py:641} INFO - Processing file /Users/pro/Documents/a_env/proj_data/lib/python3.7/site-packages/airflow/example_dags/example_trigger_target_dag.py for tasks to queue
[2022-07-31 09:16:40,158] {logging_mixin.py:115} INFO - [2022-07-31 09:16:40,157] {dagbag.py:508} INFO - Filling up the DagBag from /Users/pro/Documents/a_env/proj_data/lib/python3.7/site-packages/airflow/example_dags/example_trigger_target_dag.py
[2022-07-31 09:16:40,205] {processor.py:651} INFO - DAG(s) dict_keys(['example_trigger_target_dag']) retrieved from /Users/pro/Documents/a_env/proj_data/lib/python3.7/site-packages/airflow/example_dags/example_trigger_target_dag.py
[2022-07-31 09:16:40,249] {logging_mixin.py:115} INFO - [2022-07-31 09:16:40,248] {dag.py:2420} INFO - Sync 1 DAGs
[2022-07-31 09:16:40,295] {logging_mixin.py:115} INFO - [2022-07-31 09:16:40,295] {dag.py:2972} INFO - Setting next_dagrun for example_trigger_target_dag to None, run_after=None
[2022-07-31 09:16:40,324] {processor.py:161} INFO - Processing /Users/pro/Documents/a_env/proj_data/lib/python3.7/site-packages/airflow/example_dags/example_trigger_target_dag.py took 0.180 seconds
[2022-07-31 10:15:08,525] {processor.py:153} INFO - Started process (PID=99562) to work on /Users/pro/Documents/a_env/proj_data/lib/python3.7/site-packages/airflow/example_dags/example_trigger_target_dag.py
[2022-07-31 10:15:08,526] {processor.py:641} INFO - Processing file /Users/pro/Documents/a_env/proj_data/lib/python3.7/site-packages/airflow/example_dags/example_trigger_target_dag.py for tasks to queue
[2022-07-31 10:15:08,527] {logging_mixin.py:115} INFO - [2022-07-31 10:15:08,527] {dagbag.py:508} INFO - Filling up the DagBag from /Users/pro/Documents/a_env/proj_data/lib/python3.7/site-packages/airflow/example_dags/example_trigger_target_dag.py
[2022-07-31 10:15:08,545] {processor.py:651} INFO - DAG(s) dict_keys(['example_trigger_target_dag']) retrieved from /Users/pro/Documents/a_env/proj_data/lib/python3.7/site-packages/airflow/example_dags/example_trigger_target_dag.py
[2022-07-31 10:15:08,564] {logging_mixin.py:115} INFO - [2022-07-31 10:15:08,563] {dag.py:2420} INFO - Sync 1 DAGs
[2022-07-31 10:15:08,583] {logging_mixin.py:115} INFO - [2022-07-31 10:15:08,582] {dag.py:2972} INFO - Setting next_dagrun for example_trigger_target_dag to None, run_after=None
[2022-07-31 10:15:08,594] {processor.py:161} INFO - Processing /Users/pro/Documents/a_env/proj_data/lib/python3.7/site-packages/airflow/example_dags/example_trigger_target_dag.py took 0.073 seconds
[2022-07-31 17:25:21,414] {processor.py:153} INFO - Started process (PID=99660) to work on /Users/pro/Documents/a_env/proj_data/lib/python3.7/site-packages/airflow/example_dags/example_trigger_target_dag.py
[2022-07-31 17:25:21,416] {processor.py:641} INFO - Processing file /Users/pro/Documents/a_env/proj_data/lib/python3.7/site-packages/airflow/example_dags/example_trigger_target_dag.py for tasks to queue
[2022-07-31 17:25:21,417] {logging_mixin.py:115} INFO - [2022-07-31 17:25:21,416] {dagbag.py:508} INFO - Filling up the DagBag from /Users/pro/Documents/a_env/proj_data/lib/python3.7/site-packages/airflow/example_dags/example_trigger_target_dag.py
[2022-07-31 17:25:21,443] {processor.py:651} INFO - DAG(s) dict_keys(['example_trigger_target_dag']) retrieved from /Users/pro/Documents/a_env/proj_data/lib/python3.7/site-packages/airflow/example_dags/example_trigger_target_dag.py
[2022-07-31 17:25:21,468] {logging_mixin.py:115} INFO - [2022-07-31 17:25:21,468] {dag.py:2420} INFO - Sync 1 DAGs
[2022-07-31 17:25:21,488] {logging_mixin.py:115} INFO - [2022-07-31 17:25:21,487] {dag.py:2972} INFO - Setting next_dagrun for example_trigger_target_dag to None, run_after=None
[2022-07-31 17:25:21,501] {processor.py:161} INFO - Processing /Users/pro/Documents/a_env/proj_data/lib/python3.7/site-packages/airflow/example_dags/example_trigger_target_dag.py took 0.094 seconds
[2022-07-31 21:26:08,252] {processor.py:153} INFO - Started process (PID=99744) to work on /Users/pro/Documents/a_env/proj_data/lib/python3.7/site-packages/airflow/example_dags/example_trigger_target_dag.py
[2022-07-31 21:26:08,257] {processor.py:641} INFO - Processing file /Users/pro/Documents/a_env/proj_data/lib/python3.7/site-packages/airflow/example_dags/example_trigger_target_dag.py for tasks to queue
[2022-07-31 21:26:08,259] {logging_mixin.py:115} INFO - [2022-07-31 21:26:08,259] {dagbag.py:508} INFO - Filling up the DagBag from /Users/pro/Documents/a_env/proj_data/lib/python3.7/site-packages/airflow/example_dags/example_trigger_target_dag.py
[2022-07-31 21:26:08,302] {processor.py:651} INFO - DAG(s) dict_keys(['example_trigger_target_dag']) retrieved from /Users/pro/Documents/a_env/proj_data/lib/python3.7/site-packages/airflow/example_dags/example_trigger_target_dag.py
[2022-07-31 21:26:08,318] {logging_mixin.py:115} INFO - [2022-07-31 21:26:08,318] {dag.py:2420} INFO - Sync 1 DAGs
[2022-07-31 21:26:08,335] {logging_mixin.py:115} INFO - [2022-07-31 21:26:08,335] {dag.py:2972} INFO - Setting next_dagrun for example_trigger_target_dag to None, run_after=None
[2022-07-31 21:26:08,347] {processor.py:161} INFO - Processing /Users/pro/Documents/a_env/proj_data/lib/python3.7/site-packages/airflow/example_dags/example_trigger_target_dag.py took 0.099 seconds
[2022-08-01 03:25:27,236] {processor.py:153} INFO - Started process (PID=99821) to work on /Users/pro/Documents/a_env/proj_data/lib/python3.7/site-packages/airflow/example_dags/example_trigger_target_dag.py
[2022-08-01 03:25:27,237] {processor.py:641} INFO - Processing file /Users/pro/Documents/a_env/proj_data/lib/python3.7/site-packages/airflow/example_dags/example_trigger_target_dag.py for tasks to queue
[2022-08-01 03:25:27,238] {logging_mixin.py:115} INFO - [2022-08-01 03:25:27,237] {dagbag.py:508} INFO - Filling up the DagBag from /Users/pro/Documents/a_env/proj_data/lib/python3.7/site-packages/airflow/example_dags/example_trigger_target_dag.py
[2022-08-01 03:25:27,257] {processor.py:651} INFO - DAG(s) dict_keys(['example_trigger_target_dag']) retrieved from /Users/pro/Documents/a_env/proj_data/lib/python3.7/site-packages/airflow/example_dags/example_trigger_target_dag.py
[2022-08-01 03:25:27,274] {logging_mixin.py:115} INFO - [2022-08-01 03:25:27,273] {dag.py:2420} INFO - Sync 1 DAGs
[2022-08-01 03:25:27,291] {logging_mixin.py:115} INFO - [2022-08-01 03:25:27,291] {dag.py:2972} INFO - Setting next_dagrun for example_trigger_target_dag to None, run_after=None
[2022-08-01 03:25:27,302] {processor.py:161} INFO - Processing /Users/pro/Documents/a_env/proj_data/lib/python3.7/site-packages/airflow/example_dags/example_trigger_target_dag.py took 0.071 seconds
