[2022-07-31 08:00:29,282] {processor.py:153} INFO - Started process (PID=98937) to work on /Users/pro/Documents/a_env/proj_data/lib/python3.7/site-packages/airflow/example_dags/example_branch_python_dop_operator_3.py
[2022-07-31 08:00:29,283] {processor.py:641} INFO - Processing file /Users/pro/Documents/a_env/proj_data/lib/python3.7/site-packages/airflow/example_dags/example_branch_python_dop_operator_3.py for tasks to queue
[2022-07-31 08:00:29,284] {logging_mixin.py:115} INFO - [2022-07-31 08:00:29,284] {dagbag.py:508} INFO - Filling up the DagBag from /Users/pro/Documents/a_env/proj_data/lib/python3.7/site-packages/airflow/example_dags/example_branch_python_dop_operator_3.py
[2022-07-31 08:00:29,300] {processor.py:651} INFO - DAG(s) dict_keys(['example_branch_dop_operator_v3']) retrieved from /Users/pro/Documents/a_env/proj_data/lib/python3.7/site-packages/airflow/example_dags/example_branch_python_dop_operator_3.py
[2022-07-31 08:00:29,319] {logging_mixin.py:115} INFO - [2022-07-31 08:00:29,319] {dag.py:2420} INFO - Sync 1 DAGs
[2022-07-31 08:00:29,343] {logging_mixin.py:115} INFO - [2022-07-31 08:00:29,343] {dag.py:2972} INFO - Setting next_dagrun for example_branch_dop_operator_v3 to 2022-07-30T23:59:00+00:00, run_after=2022-07-31T00:00:00+00:00
[2022-07-31 08:00:29,356] {processor.py:161} INFO - Processing /Users/pro/Documents/a_env/proj_data/lib/python3.7/site-packages/airflow/example_dags/example_branch_python_dop_operator_3.py took 0.078 seconds
[2022-07-31 08:01:47,480] {processor.py:153} INFO - Started process (PID=99009) to work on /Users/pro/Documents/a_env/proj_data/lib/python3.7/site-packages/airflow/example_dags/example_branch_python_dop_operator_3.py
[2022-07-31 08:01:47,482] {processor.py:641} INFO - Processing file /Users/pro/Documents/a_env/proj_data/lib/python3.7/site-packages/airflow/example_dags/example_branch_python_dop_operator_3.py for tasks to queue
[2022-07-31 08:01:47,484] {logging_mixin.py:115} INFO - [2022-07-31 08:01:47,484] {dagbag.py:508} INFO - Filling up the DagBag from /Users/pro/Documents/a_env/proj_data/lib/python3.7/site-packages/airflow/example_dags/example_branch_python_dop_operator_3.py
[2022-07-31 08:01:47,506] {processor.py:651} INFO - DAG(s) dict_keys(['example_branch_dop_operator_v3']) retrieved from /Users/pro/Documents/a_env/proj_data/lib/python3.7/site-packages/airflow/example_dags/example_branch_python_dop_operator_3.py
[2022-07-31 08:01:47,534] {logging_mixin.py:115} INFO - [2022-07-31 08:01:47,533] {dag.py:2420} INFO - Sync 1 DAGs
[2022-07-31 08:01:47,568] {logging_mixin.py:115} INFO - [2022-07-31 08:01:47,568] {dag.py:2972} INFO - Setting next_dagrun for example_branch_dop_operator_v3 to 2022-07-31T00:00:00+00:00, run_after=2022-07-31T00:01:00+00:00
[2022-07-31 08:01:47,585] {processor.py:161} INFO - Processing /Users/pro/Documents/a_env/proj_data/lib/python3.7/site-packages/airflow/example_dags/example_branch_python_dop_operator_3.py took 0.111 seconds
[2022-07-31 08:16:14,373] {processor.py:153} INFO - Started process (PID=99066) to work on /Users/pro/Documents/a_env/proj_data/lib/python3.7/site-packages/airflow/example_dags/example_branch_python_dop_operator_3.py
[2022-07-31 08:16:14,381] {processor.py:641} INFO - Processing file /Users/pro/Documents/a_env/proj_data/lib/python3.7/site-packages/airflow/example_dags/example_branch_python_dop_operator_3.py for tasks to queue
[2022-07-31 08:16:14,389] {logging_mixin.py:115} INFO - [2022-07-31 08:16:14,387] {dagbag.py:508} INFO - Filling up the DagBag from /Users/pro/Documents/a_env/proj_data/lib/python3.7/site-packages/airflow/example_dags/example_branch_python_dop_operator_3.py
[2022-07-31 08:16:14,500] {processor.py:651} INFO - DAG(s) dict_keys(['example_branch_dop_operator_v3']) retrieved from /Users/pro/Documents/a_env/proj_data/lib/python3.7/site-packages/airflow/example_dags/example_branch_python_dop_operator_3.py
[2022-07-31 08:16:14,646] {logging_mixin.py:115} INFO - [2022-07-31 08:16:14,643] {dag.py:2420} INFO - Sync 1 DAGs
[2022-07-31 08:16:14,844] {logging_mixin.py:115} INFO - [2022-07-31 08:16:14,840] {dag.py:2972} INFO - Setting next_dagrun for example_branch_dop_operator_v3 to 2022-07-31T00:15:00+00:00, run_after=2022-07-31T00:16:00+00:00
[2022-07-31 08:16:14,964] {processor.py:161} INFO - Processing /Users/pro/Documents/a_env/proj_data/lib/python3.7/site-packages/airflow/example_dags/example_branch_python_dop_operator_3.py took 0.626 seconds
[2022-07-31 08:31:16,406] {processor.py:153} INFO - Started process (PID=99130) to work on /Users/pro/Documents/a_env/proj_data/lib/python3.7/site-packages/airflow/example_dags/example_branch_python_dop_operator_3.py
[2022-07-31 08:31:16,413] {processor.py:641} INFO - Processing file /Users/pro/Documents/a_env/proj_data/lib/python3.7/site-packages/airflow/example_dags/example_branch_python_dop_operator_3.py for tasks to queue
[2022-07-31 08:31:16,421] {logging_mixin.py:115} INFO - [2022-07-31 08:31:16,419] {dagbag.py:508} INFO - Filling up the DagBag from /Users/pro/Documents/a_env/proj_data/lib/python3.7/site-packages/airflow/example_dags/example_branch_python_dop_operator_3.py
[2022-07-31 08:31:16,546] {processor.py:651} INFO - DAG(s) dict_keys(['example_branch_dop_operator_v3']) retrieved from /Users/pro/Documents/a_env/proj_data/lib/python3.7/site-packages/airflow/example_dags/example_branch_python_dop_operator_3.py
[2022-07-31 08:31:16,680] {logging_mixin.py:115} INFO - [2022-07-31 08:31:16,677] {dag.py:2420} INFO - Sync 1 DAGs
[2022-07-31 08:31:16,873] {logging_mixin.py:115} INFO - [2022-07-31 08:31:16,871] {dag.py:2972} INFO - Setting next_dagrun for example_branch_dop_operator_v3 to 2022-07-31T00:30:00+00:00, run_after=2022-07-31T00:31:00+00:00
[2022-07-31 08:31:16,978] {processor.py:161} INFO - Processing /Users/pro/Documents/a_env/proj_data/lib/python3.7/site-packages/airflow/example_dags/example_branch_python_dop_operator_3.py took 0.602 seconds
[2022-07-31 08:31:59,041] {processor.py:153} INFO - Started process (PID=99180) to work on /Users/pro/Documents/a_env/proj_data/lib/python3.7/site-packages/airflow/example_dags/example_branch_python_dop_operator_3.py
[2022-07-31 08:31:59,043] {processor.py:641} INFO - Processing file /Users/pro/Documents/a_env/proj_data/lib/python3.7/site-packages/airflow/example_dags/example_branch_python_dop_operator_3.py for tasks to queue
[2022-07-31 08:31:59,044] {logging_mixin.py:115} INFO - [2022-07-31 08:31:59,044] {dagbag.py:508} INFO - Filling up the DagBag from /Users/pro/Documents/a_env/proj_data/lib/python3.7/site-packages/airflow/example_dags/example_branch_python_dop_operator_3.py
[2022-07-31 08:31:59,062] {processor.py:651} INFO - DAG(s) dict_keys(['example_branch_dop_operator_v3']) retrieved from /Users/pro/Documents/a_env/proj_data/lib/python3.7/site-packages/airflow/example_dags/example_branch_python_dop_operator_3.py
[2022-07-31 08:31:59,084] {logging_mixin.py:115} INFO - [2022-07-31 08:31:59,083] {dag.py:2420} INFO - Sync 1 DAGs
[2022-07-31 08:31:59,111] {logging_mixin.py:115} INFO - [2022-07-31 08:31:59,111] {dag.py:2972} INFO - Setting next_dagrun for example_branch_dop_operator_v3 to 2022-07-31T00:30:00+00:00, run_after=2022-07-31T00:31:00+00:00
[2022-07-31 08:31:59,126] {processor.py:161} INFO - Processing /Users/pro/Documents/a_env/proj_data/lib/python3.7/site-packages/airflow/example_dags/example_branch_python_dop_operator_3.py took 0.089 seconds
[2022-07-31 08:32:38,759] {processor.py:153} INFO - Started process (PID=99233) to work on /Users/pro/Documents/a_env/proj_data/lib/python3.7/site-packages/airflow/example_dags/example_branch_python_dop_operator_3.py
[2022-07-31 08:32:38,760] {processor.py:641} INFO - Processing file /Users/pro/Documents/a_env/proj_data/lib/python3.7/site-packages/airflow/example_dags/example_branch_python_dop_operator_3.py for tasks to queue
[2022-07-31 08:32:38,762] {logging_mixin.py:115} INFO - [2022-07-31 08:32:38,761] {dagbag.py:508} INFO - Filling up the DagBag from /Users/pro/Documents/a_env/proj_data/lib/python3.7/site-packages/airflow/example_dags/example_branch_python_dop_operator_3.py
[2022-07-31 08:32:38,785] {processor.py:651} INFO - DAG(s) dict_keys(['example_branch_dop_operator_v3']) retrieved from /Users/pro/Documents/a_env/proj_data/lib/python3.7/site-packages/airflow/example_dags/example_branch_python_dop_operator_3.py
[2022-07-31 08:32:38,812] {logging_mixin.py:115} INFO - [2022-07-31 08:32:38,811] {dag.py:2420} INFO - Sync 1 DAGs
[2022-07-31 08:32:38,848] {logging_mixin.py:115} INFO - [2022-07-31 08:32:38,848] {dag.py:2972} INFO - Setting next_dagrun for example_branch_dop_operator_v3 to 2022-07-31T00:31:00+00:00, run_after=2022-07-31T00:32:00+00:00
[2022-07-31 08:32:38,869] {processor.py:161} INFO - Processing /Users/pro/Documents/a_env/proj_data/lib/python3.7/site-packages/airflow/example_dags/example_branch_python_dop_operator_3.py took 0.116 seconds
[2022-07-31 08:33:17,751] {processor.py:153} INFO - Started process (PID=99291) to work on /Users/pro/Documents/a_env/proj_data/lib/python3.7/site-packages/airflow/example_dags/example_branch_python_dop_operator_3.py
[2022-07-31 08:33:17,752] {processor.py:641} INFO - Processing file /Users/pro/Documents/a_env/proj_data/lib/python3.7/site-packages/airflow/example_dags/example_branch_python_dop_operator_3.py for tasks to queue
[2022-07-31 08:33:17,754] {logging_mixin.py:115} INFO - [2022-07-31 08:33:17,753] {dagbag.py:508} INFO - Filling up the DagBag from /Users/pro/Documents/a_env/proj_data/lib/python3.7/site-packages/airflow/example_dags/example_branch_python_dop_operator_3.py
[2022-07-31 08:33:17,772] {processor.py:651} INFO - DAG(s) dict_keys(['example_branch_dop_operator_v3']) retrieved from /Users/pro/Documents/a_env/proj_data/lib/python3.7/site-packages/airflow/example_dags/example_branch_python_dop_operator_3.py
[2022-07-31 08:33:17,794] {logging_mixin.py:115} INFO - [2022-07-31 08:33:17,794] {dag.py:2420} INFO - Sync 1 DAGs
[2022-07-31 08:33:17,822] {logging_mixin.py:115} INFO - [2022-07-31 08:33:17,822] {dag.py:2972} INFO - Setting next_dagrun for example_branch_dop_operator_v3 to 2022-07-31T00:32:00+00:00, run_after=2022-07-31T00:33:00+00:00
[2022-07-31 08:33:17,837] {processor.py:161} INFO - Processing /Users/pro/Documents/a_env/proj_data/lib/python3.7/site-packages/airflow/example_dags/example_branch_python_dop_operator_3.py took 0.091 seconds
[2022-07-31 08:33:55,051] {processor.py:153} INFO - Started process (PID=99332) to work on /Users/pro/Documents/a_env/proj_data/lib/python3.7/site-packages/airflow/example_dags/example_branch_python_dop_operator_3.py
[2022-07-31 08:33:55,052] {processor.py:641} INFO - Processing file /Users/pro/Documents/a_env/proj_data/lib/python3.7/site-packages/airflow/example_dags/example_branch_python_dop_operator_3.py for tasks to queue
[2022-07-31 08:33:55,053] {logging_mixin.py:115} INFO - [2022-07-31 08:33:55,053] {dagbag.py:508} INFO - Filling up the DagBag from /Users/pro/Documents/a_env/proj_data/lib/python3.7/site-packages/airflow/example_dags/example_branch_python_dop_operator_3.py
[2022-07-31 08:33:55,068] {processor.py:651} INFO - DAG(s) dict_keys(['example_branch_dop_operator_v3']) retrieved from /Users/pro/Documents/a_env/proj_data/lib/python3.7/site-packages/airflow/example_dags/example_branch_python_dop_operator_3.py
[2022-07-31 08:33:55,086] {logging_mixin.py:115} INFO - [2022-07-31 08:33:55,086] {dag.py:2420} INFO - Sync 1 DAGs
[2022-07-31 08:33:55,110] {logging_mixin.py:115} INFO - [2022-07-31 08:33:55,109] {dag.py:2972} INFO - Setting next_dagrun for example_branch_dop_operator_v3 to 2022-07-31T00:32:00+00:00, run_after=2022-07-31T00:33:00+00:00
[2022-07-31 08:33:55,123] {processor.py:161} INFO - Processing /Users/pro/Documents/a_env/proj_data/lib/python3.7/site-packages/airflow/example_dags/example_branch_python_dop_operator_3.py took 0.076 seconds
[2022-07-31 08:46:19,689] {processor.py:153} INFO - Started process (PID=99388) to work on /Users/pro/Documents/a_env/proj_data/lib/python3.7/site-packages/airflow/example_dags/example_branch_python_dop_operator_3.py
[2022-07-31 08:46:19,696] {processor.py:641} INFO - Processing file /Users/pro/Documents/a_env/proj_data/lib/python3.7/site-packages/airflow/example_dags/example_branch_python_dop_operator_3.py for tasks to queue
[2022-07-31 08:46:19,706] {logging_mixin.py:115} INFO - [2022-07-31 08:46:19,703] {dagbag.py:508} INFO - Filling up the DagBag from /Users/pro/Documents/a_env/proj_data/lib/python3.7/site-packages/airflow/example_dags/example_branch_python_dop_operator_3.py
[2022-07-31 08:46:19,809] {processor.py:651} INFO - DAG(s) dict_keys(['example_branch_dop_operator_v3']) retrieved from /Users/pro/Documents/a_env/proj_data/lib/python3.7/site-packages/airflow/example_dags/example_branch_python_dop_operator_3.py
[2022-07-31 08:46:19,951] {logging_mixin.py:115} INFO - [2022-07-31 08:46:19,949] {dag.py:2420} INFO - Sync 1 DAGs
[2022-07-31 08:46:20,145] {logging_mixin.py:115} INFO - [2022-07-31 08:46:20,143] {dag.py:2972} INFO - Setting next_dagrun for example_branch_dop_operator_v3 to 2022-07-31T00:45:00+00:00, run_after=2022-07-31T00:46:00+00:00
[2022-07-31 08:46:20,232] {processor.py:161} INFO - Processing /Users/pro/Documents/a_env/proj_data/lib/python3.7/site-packages/airflow/example_dags/example_branch_python_dop_operator_3.py took 0.575 seconds
[2022-07-31 09:15:38,092] {processor.py:153} INFO - Started process (PID=99450) to work on /Users/pro/Documents/a_env/proj_data/lib/python3.7/site-packages/airflow/example_dags/example_branch_python_dop_operator_3.py
[2022-07-31 09:15:38,093] {processor.py:641} INFO - Processing file /Users/pro/Documents/a_env/proj_data/lib/python3.7/site-packages/airflow/example_dags/example_branch_python_dop_operator_3.py for tasks to queue
[2022-07-31 09:15:38,094] {logging_mixin.py:115} INFO - [2022-07-31 09:15:38,094] {dagbag.py:508} INFO - Filling up the DagBag from /Users/pro/Documents/a_env/proj_data/lib/python3.7/site-packages/airflow/example_dags/example_branch_python_dop_operator_3.py
[2022-07-31 09:15:38,106] {processor.py:651} INFO - DAG(s) dict_keys(['example_branch_dop_operator_v3']) retrieved from /Users/pro/Documents/a_env/proj_data/lib/python3.7/site-packages/airflow/example_dags/example_branch_python_dop_operator_3.py
[2022-07-31 09:15:38,125] {logging_mixin.py:115} INFO - [2022-07-31 09:15:38,124] {dag.py:2420} INFO - Sync 1 DAGs
[2022-07-31 09:15:38,149] {logging_mixin.py:115} INFO - [2022-07-31 09:15:38,148] {dag.py:2972} INFO - Setting next_dagrun for example_branch_dop_operator_v3 to 2022-07-31T01:14:00+00:00, run_after=2022-07-31T01:15:00+00:00
[2022-07-31 09:15:38,161] {processor.py:161} INFO - Processing /Users/pro/Documents/a_env/proj_data/lib/python3.7/site-packages/airflow/example_dags/example_branch_python_dop_operator_3.py took 0.072 seconds
[2022-07-31 09:25:02,859] {processor.py:153} INFO - Started process (PID=99531) to work on /Users/pro/Documents/a_env/proj_data/lib/python3.7/site-packages/airflow/example_dags/example_branch_python_dop_operator_3.py
[2022-07-31 09:25:02,860] {processor.py:641} INFO - Processing file /Users/pro/Documents/a_env/proj_data/lib/python3.7/site-packages/airflow/example_dags/example_branch_python_dop_operator_3.py for tasks to queue
[2022-07-31 09:25:02,861] {logging_mixin.py:115} INFO - [2022-07-31 09:25:02,861] {dagbag.py:508} INFO - Filling up the DagBag from /Users/pro/Documents/a_env/proj_data/lib/python3.7/site-packages/airflow/example_dags/example_branch_python_dop_operator_3.py
[2022-07-31 09:25:02,877] {processor.py:651} INFO - DAG(s) dict_keys(['example_branch_dop_operator_v3']) retrieved from /Users/pro/Documents/a_env/proj_data/lib/python3.7/site-packages/airflow/example_dags/example_branch_python_dop_operator_3.py
[2022-07-31 09:25:02,896] {logging_mixin.py:115} INFO - [2022-07-31 09:25:02,896] {dag.py:2420} INFO - Sync 1 DAGs
[2022-07-31 09:25:02,919] {logging_mixin.py:115} INFO - [2022-07-31 09:25:02,919] {dag.py:2972} INFO - Setting next_dagrun for example_branch_dop_operator_v3 to 2022-07-31T01:24:00+00:00, run_after=2022-07-31T01:25:00+00:00
[2022-07-31 09:25:02,931] {processor.py:161} INFO - Processing /Users/pro/Documents/a_env/proj_data/lib/python3.7/site-packages/airflow/example_dags/example_branch_python_dop_operator_3.py took 0.077 seconds
[2022-07-31 20:45:09,920] {processor.py:153} INFO - Started process (PID=99712) to work on /Users/pro/Documents/a_env/proj_data/lib/python3.7/site-packages/airflow/example_dags/example_branch_python_dop_operator_3.py
[2022-07-31 20:45:09,921] {processor.py:641} INFO - Processing file /Users/pro/Documents/a_env/proj_data/lib/python3.7/site-packages/airflow/example_dags/example_branch_python_dop_operator_3.py for tasks to queue
[2022-07-31 20:45:09,922] {logging_mixin.py:115} INFO - [2022-07-31 20:45:09,922] {dagbag.py:508} INFO - Filling up the DagBag from /Users/pro/Documents/a_env/proj_data/lib/python3.7/site-packages/airflow/example_dags/example_branch_python_dop_operator_3.py
[2022-07-31 20:45:09,936] {processor.py:651} INFO - DAG(s) dict_keys(['example_branch_dop_operator_v3']) retrieved from /Users/pro/Documents/a_env/proj_data/lib/python3.7/site-packages/airflow/example_dags/example_branch_python_dop_operator_3.py
[2022-07-31 20:45:09,955] {logging_mixin.py:115} INFO - [2022-07-31 20:45:09,955] {dag.py:2420} INFO - Sync 1 DAGs
[2022-07-31 20:45:09,979] {logging_mixin.py:115} INFO - [2022-07-31 20:45:09,978] {dag.py:2972} INFO - Setting next_dagrun for example_branch_dop_operator_v3 to 2022-07-31T12:44:00+00:00, run_after=2022-07-31T12:45:00+00:00
[2022-07-31 20:45:09,994] {processor.py:161} INFO - Processing /Users/pro/Documents/a_env/proj_data/lib/python3.7/site-packages/airflow/example_dags/example_branch_python_dop_operator_3.py took 0.078 seconds
[2022-08-01 04:25:34,381] {processor.py:153} INFO - Started process (PID=99886) to work on /Users/pro/Documents/a_env/proj_data/lib/python3.7/site-packages/airflow/example_dags/example_branch_python_dop_operator_3.py
[2022-08-01 04:25:34,458] {processor.py:641} INFO - Processing file /Users/pro/Documents/a_env/proj_data/lib/python3.7/site-packages/airflow/example_dags/example_branch_python_dop_operator_3.py for tasks to queue
[2022-08-01 04:25:34,479] {logging_mixin.py:115} INFO - [2022-08-01 04:25:34,473] {dagbag.py:508} INFO - Filling up the DagBag from /Users/pro/Documents/a_env/proj_data/lib/python3.7/site-packages/airflow/example_dags/example_branch_python_dop_operator_3.py
[2022-08-01 04:25:34,657] {processor.py:651} INFO - DAG(s) dict_keys(['example_branch_dop_operator_v3']) retrieved from /Users/pro/Documents/a_env/proj_data/lib/python3.7/site-packages/airflow/example_dags/example_branch_python_dop_operator_3.py
[2022-08-01 04:25:34,980] {logging_mixin.py:115} INFO - [2022-08-01 04:25:34,976] {dag.py:2420} INFO - Sync 1 DAGs
[2022-08-01 04:25:35,276] {logging_mixin.py:115} INFO - [2022-08-01 04:25:35,273] {dag.py:2972} INFO - Setting next_dagrun for example_branch_dop_operator_v3 to 2022-07-31T20:24:00+00:00, run_after=2022-07-31T20:25:00+00:00
[2022-08-01 04:25:35,479] {processor.py:161} INFO - Processing /Users/pro/Documents/a_env/proj_data/lib/python3.7/site-packages/airflow/example_dags/example_branch_python_dop_operator_3.py took 1.186 seconds
