[2022-07-31 08:00:47,959] {processor.py:153} INFO - Started process (PID=98951) to work on /Users/pro/Documents/a_env/proj_data/lib/python3.7/site-packages/airflow/example_dags/example_trigger_controller_dag.py
[2022-07-31 08:00:47,966] {processor.py:641} INFO - Processing file /Users/pro/Documents/a_env/proj_data/lib/python3.7/site-packages/airflow/example_dags/example_trigger_controller_dag.py for tasks to queue
[2022-07-31 08:00:47,975] {logging_mixin.py:115} INFO - [2022-07-31 08:00:47,972] {dagbag.py:508} INFO - Filling up the DagBag from /Users/pro/Documents/a_env/proj_data/lib/python3.7/site-packages/airflow/example_dags/example_trigger_controller_dag.py
[2022-07-31 08:00:48,013] {processor.py:651} INFO - DAG(s) dict_keys(['example_trigger_controller_dag']) retrieved from /Users/pro/Documents/a_env/proj_data/lib/python3.7/site-packages/airflow/example_dags/example_trigger_controller_dag.py
[2022-07-31 08:00:48,168] {logging_mixin.py:115} INFO - [2022-07-31 08:00:48,165] {dag.py:2420} INFO - Sync 1 DAGs
[2022-07-31 08:00:48,339] {logging_mixin.py:115} INFO - [2022-07-31 08:00:48,337] {dag.py:2972} INFO - Setting next_dagrun for example_trigger_controller_dag to 2021-01-01T00:00:00+00:00, run_after=2021-01-01T00:00:00+00:00
[2022-07-31 08:00:48,439] {processor.py:161} INFO - Processing /Users/pro/Documents/a_env/proj_data/lib/python3.7/site-packages/airflow/example_dags/example_trigger_controller_dag.py took 0.514 seconds
[2022-07-31 08:01:39,495] {processor.py:153} INFO - Started process (PID=98995) to work on /Users/pro/Documents/a_env/proj_data/lib/python3.7/site-packages/airflow/example_dags/example_trigger_controller_dag.py
[2022-07-31 08:01:39,497] {processor.py:641} INFO - Processing file /Users/pro/Documents/a_env/proj_data/lib/python3.7/site-packages/airflow/example_dags/example_trigger_controller_dag.py for tasks to queue
[2022-07-31 08:01:39,504] {logging_mixin.py:115} INFO - [2022-07-31 08:01:39,503] {dagbag.py:508} INFO - Filling up the DagBag from /Users/pro/Documents/a_env/proj_data/lib/python3.7/site-packages/airflow/example_dags/example_trigger_controller_dag.py
[2022-07-31 08:01:39,515] {processor.py:651} INFO - DAG(s) dict_keys(['example_trigger_controller_dag']) retrieved from /Users/pro/Documents/a_env/proj_data/lib/python3.7/site-packages/airflow/example_dags/example_trigger_controller_dag.py
[2022-07-31 08:01:39,559] {logging_mixin.py:115} INFO - [2022-07-31 08:01:39,558] {dag.py:2420} INFO - Sync 1 DAGs
[2022-07-31 08:01:39,599] {logging_mixin.py:115} INFO - [2022-07-31 08:01:39,598] {dag.py:2972} INFO - Setting next_dagrun for example_trigger_controller_dag to 2021-01-01T00:00:00+00:00, run_after=2021-01-01T00:00:00+00:00
[2022-07-31 08:01:39,629] {processor.py:161} INFO - Processing /Users/pro/Documents/a_env/proj_data/lib/python3.7/site-packages/airflow/example_dags/example_trigger_controller_dag.py took 0.144 seconds
[2022-07-31 08:15:39,548] {processor.py:153} INFO - Started process (PID=99038) to work on /Users/pro/Documents/a_env/proj_data/lib/python3.7/site-packages/airflow/example_dags/example_trigger_controller_dag.py
[2022-07-31 08:15:39,555] {processor.py:641} INFO - Processing file /Users/pro/Documents/a_env/proj_data/lib/python3.7/site-packages/airflow/example_dags/example_trigger_controller_dag.py for tasks to queue
[2022-07-31 08:15:39,564] {logging_mixin.py:115} INFO - [2022-07-31 08:15:39,561] {dagbag.py:508} INFO - Filling up the DagBag from /Users/pro/Documents/a_env/proj_data/lib/python3.7/site-packages/airflow/example_dags/example_trigger_controller_dag.py
[2022-07-31 08:15:39,600] {processor.py:651} INFO - DAG(s) dict_keys(['example_trigger_controller_dag']) retrieved from /Users/pro/Documents/a_env/proj_data/lib/python3.7/site-packages/airflow/example_dags/example_trigger_controller_dag.py
[2022-07-31 08:15:39,739] {logging_mixin.py:115} INFO - [2022-07-31 08:15:39,737] {dag.py:2420} INFO - Sync 1 DAGs
[2022-07-31 08:15:39,915] {logging_mixin.py:115} INFO - [2022-07-31 08:15:39,911] {dag.py:2972} INFO - Setting next_dagrun for example_trigger_controller_dag to 2021-01-01T00:00:00+00:00, run_after=2021-01-01T00:00:00+00:00
[2022-07-31 08:15:40,009] {processor.py:161} INFO - Processing /Users/pro/Documents/a_env/proj_data/lib/python3.7/site-packages/airflow/example_dags/example_trigger_controller_dag.py took 0.493 seconds
[2022-07-31 08:30:41,088] {processor.py:153} INFO - Started process (PID=99106) to work on /Users/pro/Documents/a_env/proj_data/lib/python3.7/site-packages/airflow/example_dags/example_trigger_controller_dag.py
[2022-07-31 08:30:41,096] {processor.py:641} INFO - Processing file /Users/pro/Documents/a_env/proj_data/lib/python3.7/site-packages/airflow/example_dags/example_trigger_controller_dag.py for tasks to queue
[2022-07-31 08:30:41,104] {logging_mixin.py:115} INFO - [2022-07-31 08:30:41,102] {dagbag.py:508} INFO - Filling up the DagBag from /Users/pro/Documents/a_env/proj_data/lib/python3.7/site-packages/airflow/example_dags/example_trigger_controller_dag.py
[2022-07-31 08:30:41,141] {processor.py:651} INFO - DAG(s) dict_keys(['example_trigger_controller_dag']) retrieved from /Users/pro/Documents/a_env/proj_data/lib/python3.7/site-packages/airflow/example_dags/example_trigger_controller_dag.py
[2022-07-31 08:30:41,289] {logging_mixin.py:115} INFO - [2022-07-31 08:30:41,286] {dag.py:2420} INFO - Sync 1 DAGs
[2022-07-31 08:30:41,435] {logging_mixin.py:115} INFO - [2022-07-31 08:30:41,431] {dag.py:2972} INFO - Setting next_dagrun for example_trigger_controller_dag to 2021-01-01T00:00:00+00:00, run_after=2021-01-01T00:00:00+00:00
[2022-07-31 08:30:41,537] {processor.py:161} INFO - Processing /Users/pro/Documents/a_env/proj_data/lib/python3.7/site-packages/airflow/example_dags/example_trigger_controller_dag.py took 0.485 seconds
[2022-07-31 08:31:40,347] {processor.py:153} INFO - Started process (PID=99154) to work on /Users/pro/Documents/a_env/proj_data/lib/python3.7/site-packages/airflow/example_dags/example_trigger_controller_dag.py
[2022-07-31 08:31:40,349] {processor.py:641} INFO - Processing file /Users/pro/Documents/a_env/proj_data/lib/python3.7/site-packages/airflow/example_dags/example_trigger_controller_dag.py for tasks to queue
[2022-07-31 08:31:40,356] {logging_mixin.py:115} INFO - [2022-07-31 08:31:40,355] {dagbag.py:508} INFO - Filling up the DagBag from /Users/pro/Documents/a_env/proj_data/lib/python3.7/site-packages/airflow/example_dags/example_trigger_controller_dag.py
[2022-07-31 08:31:40,367] {processor.py:651} INFO - DAG(s) dict_keys(['example_trigger_controller_dag']) retrieved from /Users/pro/Documents/a_env/proj_data/lib/python3.7/site-packages/airflow/example_dags/example_trigger_controller_dag.py
[2022-07-31 08:31:40,419] {logging_mixin.py:115} INFO - [2022-07-31 08:31:40,418] {dag.py:2420} INFO - Sync 1 DAGs
[2022-07-31 08:31:40,530] {logging_mixin.py:115} INFO - [2022-07-31 08:31:40,529] {dag.py:2972} INFO - Setting next_dagrun for example_trigger_controller_dag to 2021-01-01T00:00:00+00:00, run_after=2021-01-01T00:00:00+00:00
[2022-07-31 08:31:40,601] {processor.py:161} INFO - Processing /Users/pro/Documents/a_env/proj_data/lib/python3.7/site-packages/airflow/example_dags/example_trigger_controller_dag.py took 0.267 seconds
[2022-07-31 08:32:17,820] {processor.py:153} INFO - Started process (PID=99202) to work on /Users/pro/Documents/a_env/proj_data/lib/python3.7/site-packages/airflow/example_dags/example_trigger_controller_dag.py
[2022-07-31 08:32:17,822] {processor.py:641} INFO - Processing file /Users/pro/Documents/a_env/proj_data/lib/python3.7/site-packages/airflow/example_dags/example_trigger_controller_dag.py for tasks to queue
[2022-07-31 08:32:17,823] {logging_mixin.py:115} INFO - [2022-07-31 08:32:17,823] {dagbag.py:508} INFO - Filling up the DagBag from /Users/pro/Documents/a_env/proj_data/lib/python3.7/site-packages/airflow/example_dags/example_trigger_controller_dag.py
[2022-07-31 08:32:17,831] {processor.py:651} INFO - DAG(s) dict_keys(['example_trigger_controller_dag']) retrieved from /Users/pro/Documents/a_env/proj_data/lib/python3.7/site-packages/airflow/example_dags/example_trigger_controller_dag.py
[2022-07-31 08:32:17,858] {logging_mixin.py:115} INFO - [2022-07-31 08:32:17,858] {dag.py:2420} INFO - Sync 1 DAGs
[2022-07-31 08:32:17,886] {logging_mixin.py:115} INFO - [2022-07-31 08:32:17,885] {dag.py:2972} INFO - Setting next_dagrun for example_trigger_controller_dag to 2021-01-01T00:00:00+00:00, run_after=2021-01-01T00:00:00+00:00
[2022-07-31 08:32:17,901] {processor.py:161} INFO - Processing /Users/pro/Documents/a_env/proj_data/lib/python3.7/site-packages/airflow/example_dags/example_trigger_controller_dag.py took 0.087 seconds
[2022-07-31 08:32:55,536] {processor.py:153} INFO - Started process (PID=99261) to work on /Users/pro/Documents/a_env/proj_data/lib/python3.7/site-packages/airflow/example_dags/example_trigger_controller_dag.py
[2022-07-31 08:32:55,538] {processor.py:641} INFO - Processing file /Users/pro/Documents/a_env/proj_data/lib/python3.7/site-packages/airflow/example_dags/example_trigger_controller_dag.py for tasks to queue
[2022-07-31 08:32:55,539] {logging_mixin.py:115} INFO - [2022-07-31 08:32:55,539] {dagbag.py:508} INFO - Filling up the DagBag from /Users/pro/Documents/a_env/proj_data/lib/python3.7/site-packages/airflow/example_dags/example_trigger_controller_dag.py
[2022-07-31 08:32:55,547] {processor.py:651} INFO - DAG(s) dict_keys(['example_trigger_controller_dag']) retrieved from /Users/pro/Documents/a_env/proj_data/lib/python3.7/site-packages/airflow/example_dags/example_trigger_controller_dag.py
[2022-07-31 08:32:55,574] {logging_mixin.py:115} INFO - [2022-07-31 08:32:55,573] {dag.py:2420} INFO - Sync 1 DAGs
[2022-07-31 08:32:55,599] {logging_mixin.py:115} INFO - [2022-07-31 08:32:55,599] {dag.py:2972} INFO - Setting next_dagrun for example_trigger_controller_dag to 2021-01-01T00:00:00+00:00, run_after=2021-01-01T00:00:00+00:00
[2022-07-31 08:32:55,615] {processor.py:161} INFO - Processing /Users/pro/Documents/a_env/proj_data/lib/python3.7/site-packages/airflow/example_dags/example_trigger_controller_dag.py took 0.084 seconds
[2022-07-31 08:33:31,569] {processor.py:153} INFO - Started process (PID=99308) to work on /Users/pro/Documents/a_env/proj_data/lib/python3.7/site-packages/airflow/example_dags/example_trigger_controller_dag.py
[2022-07-31 08:33:31,570] {processor.py:641} INFO - Processing file /Users/pro/Documents/a_env/proj_data/lib/python3.7/site-packages/airflow/example_dags/example_trigger_controller_dag.py for tasks to queue
[2022-07-31 08:33:31,571] {logging_mixin.py:115} INFO - [2022-07-31 08:33:31,571] {dagbag.py:508} INFO - Filling up the DagBag from /Users/pro/Documents/a_env/proj_data/lib/python3.7/site-packages/airflow/example_dags/example_trigger_controller_dag.py
[2022-07-31 08:33:31,577] {processor.py:651} INFO - DAG(s) dict_keys(['example_trigger_controller_dag']) retrieved from /Users/pro/Documents/a_env/proj_data/lib/python3.7/site-packages/airflow/example_dags/example_trigger_controller_dag.py
[2022-07-31 08:33:31,600] {logging_mixin.py:115} INFO - [2022-07-31 08:33:31,600] {dag.py:2420} INFO - Sync 1 DAGs
[2022-07-31 08:33:31,623] {logging_mixin.py:115} INFO - [2022-07-31 08:33:31,622] {dag.py:2972} INFO - Setting next_dagrun for example_trigger_controller_dag to 2021-01-01T00:00:00+00:00, run_after=2021-01-01T00:00:00+00:00
[2022-07-31 08:33:31,639] {processor.py:161} INFO - Processing /Users/pro/Documents/a_env/proj_data/lib/python3.7/site-packages/airflow/example_dags/example_trigger_controller_dag.py took 0.075 seconds
[2022-07-31 08:45:46,844] {processor.py:153} INFO - Started process (PID=99369) to work on /Users/pro/Documents/a_env/proj_data/lib/python3.7/site-packages/airflow/example_dags/example_trigger_controller_dag.py
[2022-07-31 08:45:46,849] {processor.py:641} INFO - Processing file /Users/pro/Documents/a_env/proj_data/lib/python3.7/site-packages/airflow/example_dags/example_trigger_controller_dag.py for tasks to queue
[2022-07-31 08:45:46,857] {logging_mixin.py:115} INFO - [2022-07-31 08:45:46,855] {dagbag.py:508} INFO - Filling up the DagBag from /Users/pro/Documents/a_env/proj_data/lib/python3.7/site-packages/airflow/example_dags/example_trigger_controller_dag.py
[2022-07-31 08:45:46,890] {processor.py:651} INFO - DAG(s) dict_keys(['example_trigger_controller_dag']) retrieved from /Users/pro/Documents/a_env/proj_data/lib/python3.7/site-packages/airflow/example_dags/example_trigger_controller_dag.py
[2022-07-31 08:45:47,037] {logging_mixin.py:115} INFO - [2022-07-31 08:45:47,034] {dag.py:2420} INFO - Sync 1 DAGs
[2022-07-31 08:45:47,188] {logging_mixin.py:115} INFO - [2022-07-31 08:45:47,186] {dag.py:2972} INFO - Setting next_dagrun for example_trigger_controller_dag to 2021-01-01T00:00:00+00:00, run_after=2021-01-01T00:00:00+00:00
[2022-07-31 08:45:47,274] {processor.py:161} INFO - Processing /Users/pro/Documents/a_env/proj_data/lib/python3.7/site-packages/airflow/example_dags/example_trigger_controller_dag.py took 0.459 seconds
[2022-07-31 09:00:52,979] {processor.py:153} INFO - Started process (PID=99417) to work on /Users/pro/Documents/a_env/proj_data/lib/python3.7/site-packages/airflow/example_dags/example_trigger_controller_dag.py
[2022-07-31 09:00:52,985] {processor.py:641} INFO - Processing file /Users/pro/Documents/a_env/proj_data/lib/python3.7/site-packages/airflow/example_dags/example_trigger_controller_dag.py for tasks to queue
[2022-07-31 09:00:52,992] {logging_mixin.py:115} INFO - [2022-07-31 09:00:52,990] {dagbag.py:508} INFO - Filling up the DagBag from /Users/pro/Documents/a_env/proj_data/lib/python3.7/site-packages/airflow/example_dags/example_trigger_controller_dag.py
[2022-07-31 09:00:53,027] {processor.py:651} INFO - DAG(s) dict_keys(['example_trigger_controller_dag']) retrieved from /Users/pro/Documents/a_env/proj_data/lib/python3.7/site-packages/airflow/example_dags/example_trigger_controller_dag.py
[2022-07-31 09:00:53,177] {logging_mixin.py:115} INFO - [2022-07-31 09:00:53,172] {dag.py:2420} INFO - Sync 1 DAGs
[2022-07-31 09:00:53,328] {logging_mixin.py:115} INFO - [2022-07-31 09:00:53,326] {dag.py:2972} INFO - Setting next_dagrun for example_trigger_controller_dag to 2021-01-01T00:00:00+00:00, run_after=2021-01-01T00:00:00+00:00
[2022-07-31 09:00:53,413] {processor.py:161} INFO - Processing /Users/pro/Documents/a_env/proj_data/lib/python3.7/site-packages/airflow/example_dags/example_trigger_controller_dag.py took 0.464 seconds
[2022-07-31 09:15:52,065] {processor.py:153} INFO - Started process (PID=99464) to work on /Users/pro/Documents/a_env/proj_data/lib/python3.7/site-packages/airflow/example_dags/example_trigger_controller_dag.py
[2022-07-31 09:15:52,070] {processor.py:641} INFO - Processing file /Users/pro/Documents/a_env/proj_data/lib/python3.7/site-packages/airflow/example_dags/example_trigger_controller_dag.py for tasks to queue
[2022-07-31 09:15:52,078] {logging_mixin.py:115} INFO - [2022-07-31 09:15:52,076] {dagbag.py:508} INFO - Filling up the DagBag from /Users/pro/Documents/a_env/proj_data/lib/python3.7/site-packages/airflow/example_dags/example_trigger_controller_dag.py
[2022-07-31 09:15:52,112] {processor.py:651} INFO - DAG(s) dict_keys(['example_trigger_controller_dag']) retrieved from /Users/pro/Documents/a_env/proj_data/lib/python3.7/site-packages/airflow/example_dags/example_trigger_controller_dag.py
[2022-07-31 09:15:52,272] {logging_mixin.py:115} INFO - [2022-07-31 09:15:52,266] {dag.py:2420} INFO - Sync 1 DAGs
[2022-07-31 09:15:52,424] {logging_mixin.py:115} INFO - [2022-07-31 09:15:52,422] {dag.py:2972} INFO - Setting next_dagrun for example_trigger_controller_dag to 2021-01-01T00:00:00+00:00, run_after=2021-01-01T00:00:00+00:00
[2022-07-31 09:15:52,510] {processor.py:161} INFO - Processing /Users/pro/Documents/a_env/proj_data/lib/python3.7/site-packages/airflow/example_dags/example_trigger_controller_dag.py took 0.475 seconds
[2022-07-31 09:16:41,151] {processor.py:153} INFO - Started process (PID=99497) to work on /Users/pro/Documents/a_env/proj_data/lib/python3.7/site-packages/airflow/example_dags/example_trigger_controller_dag.py
[2022-07-31 09:16:41,153] {processor.py:641} INFO - Processing file /Users/pro/Documents/a_env/proj_data/lib/python3.7/site-packages/airflow/example_dags/example_trigger_controller_dag.py for tasks to queue
[2022-07-31 09:16:41,155] {logging_mixin.py:115} INFO - [2022-07-31 09:16:41,154] {dagbag.py:508} INFO - Filling up the DagBag from /Users/pro/Documents/a_env/proj_data/lib/python3.7/site-packages/airflow/example_dags/example_trigger_controller_dag.py
[2022-07-31 09:16:41,166] {processor.py:651} INFO - DAG(s) dict_keys(['example_trigger_controller_dag']) retrieved from /Users/pro/Documents/a_env/proj_data/lib/python3.7/site-packages/airflow/example_dags/example_trigger_controller_dag.py
[2022-07-31 09:16:41,212] {logging_mixin.py:115} INFO - [2022-07-31 09:16:41,212] {dag.py:2420} INFO - Sync 1 DAGs
[2022-07-31 09:16:41,261] {logging_mixin.py:115} INFO - [2022-07-31 09:16:41,260] {dag.py:2972} INFO - Setting next_dagrun for example_trigger_controller_dag to 2021-01-01T00:00:00+00:00, run_after=2021-01-01T00:00:00+00:00
[2022-07-31 09:16:41,288] {processor.py:161} INFO - Processing /Users/pro/Documents/a_env/proj_data/lib/python3.7/site-packages/airflow/example_dags/example_trigger_controller_dag.py took 0.147 seconds
[2022-07-31 10:15:09,667] {processor.py:153} INFO - Started process (PID=99563) to work on /Users/pro/Documents/a_env/proj_data/lib/python3.7/site-packages/airflow/example_dags/example_trigger_controller_dag.py
[2022-07-31 10:15:09,668] {processor.py:641} INFO - Processing file /Users/pro/Documents/a_env/proj_data/lib/python3.7/site-packages/airflow/example_dags/example_trigger_controller_dag.py for tasks to queue
[2022-07-31 10:15:09,669] {logging_mixin.py:115} INFO - [2022-07-31 10:15:09,669] {dagbag.py:508} INFO - Filling up the DagBag from /Users/pro/Documents/a_env/proj_data/lib/python3.7/site-packages/airflow/example_dags/example_trigger_controller_dag.py
[2022-07-31 10:15:09,674] {processor.py:651} INFO - DAG(s) dict_keys(['example_trigger_controller_dag']) retrieved from /Users/pro/Documents/a_env/proj_data/lib/python3.7/site-packages/airflow/example_dags/example_trigger_controller_dag.py
[2022-07-31 10:15:09,692] {logging_mixin.py:115} INFO - [2022-07-31 10:15:09,692] {dag.py:2420} INFO - Sync 1 DAGs
[2022-07-31 10:15:09,709] {logging_mixin.py:115} INFO - [2022-07-31 10:15:09,709] {dag.py:2972} INFO - Setting next_dagrun for example_trigger_controller_dag to 2021-01-01T00:00:00+00:00, run_after=2021-01-01T00:00:00+00:00
[2022-07-31 10:15:09,722] {processor.py:161} INFO - Processing /Users/pro/Documents/a_env/proj_data/lib/python3.7/site-packages/airflow/example_dags/example_trigger_controller_dag.py took 0.060 seconds
[2022-07-31 17:25:22,644] {processor.py:153} INFO - Started process (PID=99662) to work on /Users/pro/Documents/a_env/proj_data/lib/python3.7/site-packages/airflow/example_dags/example_trigger_controller_dag.py
[2022-07-31 17:25:22,646] {processor.py:641} INFO - Processing file /Users/pro/Documents/a_env/proj_data/lib/python3.7/site-packages/airflow/example_dags/example_trigger_controller_dag.py for tasks to queue
[2022-07-31 17:25:22,647] {logging_mixin.py:115} INFO - [2022-07-31 17:25:22,646] {dagbag.py:508} INFO - Filling up the DagBag from /Users/pro/Documents/a_env/proj_data/lib/python3.7/site-packages/airflow/example_dags/example_trigger_controller_dag.py
[2022-07-31 17:25:22,651] {processor.py:651} INFO - DAG(s) dict_keys(['example_trigger_controller_dag']) retrieved from /Users/pro/Documents/a_env/proj_data/lib/python3.7/site-packages/airflow/example_dags/example_trigger_controller_dag.py
[2022-07-31 17:25:22,670] {logging_mixin.py:115} INFO - [2022-07-31 17:25:22,670] {dag.py:2420} INFO - Sync 1 DAGs
[2022-07-31 17:25:22,688] {logging_mixin.py:115} INFO - [2022-07-31 17:25:22,688] {dag.py:2972} INFO - Setting next_dagrun for example_trigger_controller_dag to 2021-01-01T00:00:00+00:00, run_after=2021-01-01T00:00:00+00:00
[2022-07-31 17:25:22,700] {processor.py:161} INFO - Processing /Users/pro/Documents/a_env/proj_data/lib/python3.7/site-packages/airflow/example_dags/example_trigger_controller_dag.py took 0.059 seconds
[2022-07-31 21:26:08,639] {processor.py:153} INFO - Started process (PID=99745) to work on /Users/pro/Documents/a_env/proj_data/lib/python3.7/site-packages/airflow/example_dags/example_trigger_controller_dag.py
[2022-07-31 21:26:08,640] {processor.py:641} INFO - Processing file /Users/pro/Documents/a_env/proj_data/lib/python3.7/site-packages/airflow/example_dags/example_trigger_controller_dag.py for tasks to queue
[2022-07-31 21:26:08,641] {logging_mixin.py:115} INFO - [2022-07-31 21:26:08,641] {dagbag.py:508} INFO - Filling up the DagBag from /Users/pro/Documents/a_env/proj_data/lib/python3.7/site-packages/airflow/example_dags/example_trigger_controller_dag.py
[2022-07-31 21:26:08,646] {processor.py:651} INFO - DAG(s) dict_keys(['example_trigger_controller_dag']) retrieved from /Users/pro/Documents/a_env/proj_data/lib/python3.7/site-packages/airflow/example_dags/example_trigger_controller_dag.py
[2022-07-31 21:26:08,663] {logging_mixin.py:115} INFO - [2022-07-31 21:26:08,663] {dag.py:2420} INFO - Sync 1 DAGs
[2022-07-31 21:26:08,679] {logging_mixin.py:115} INFO - [2022-07-31 21:26:08,679] {dag.py:2972} INFO - Setting next_dagrun for example_trigger_controller_dag to 2021-01-01T00:00:00+00:00, run_after=2021-01-01T00:00:00+00:00
[2022-07-31 21:26:08,689] {processor.py:161} INFO - Processing /Users/pro/Documents/a_env/proj_data/lib/python3.7/site-packages/airflow/example_dags/example_trigger_controller_dag.py took 0.054 seconds
[2022-08-01 03:25:28,372] {processor.py:153} INFO - Started process (PID=99822) to work on /Users/pro/Documents/a_env/proj_data/lib/python3.7/site-packages/airflow/example_dags/example_trigger_controller_dag.py
[2022-08-01 03:25:28,372] {processor.py:641} INFO - Processing file /Users/pro/Documents/a_env/proj_data/lib/python3.7/site-packages/airflow/example_dags/example_trigger_controller_dag.py for tasks to queue
[2022-08-01 03:25:28,373] {logging_mixin.py:115} INFO - [2022-08-01 03:25:28,373] {dagbag.py:508} INFO - Filling up the DagBag from /Users/pro/Documents/a_env/proj_data/lib/python3.7/site-packages/airflow/example_dags/example_trigger_controller_dag.py
[2022-08-01 03:25:28,378] {processor.py:651} INFO - DAG(s) dict_keys(['example_trigger_controller_dag']) retrieved from /Users/pro/Documents/a_env/proj_data/lib/python3.7/site-packages/airflow/example_dags/example_trigger_controller_dag.py
[2022-08-01 03:25:28,396] {logging_mixin.py:115} INFO - [2022-08-01 03:25:28,395] {dag.py:2420} INFO - Sync 1 DAGs
[2022-08-01 03:25:28,413] {logging_mixin.py:115} INFO - [2022-08-01 03:25:28,413] {dag.py:2972} INFO - Setting next_dagrun for example_trigger_controller_dag to 2021-01-01T00:00:00+00:00, run_after=2021-01-01T00:00:00+00:00
[2022-08-01 03:25:28,427] {processor.py:161} INFO - Processing /Users/pro/Documents/a_env/proj_data/lib/python3.7/site-packages/airflow/example_dags/example_trigger_controller_dag.py took 0.059 seconds
