[2022-07-31 08:01:18,031] {processor.py:153} INFO - Started process (PID=98977) to work on /Users/pro/Documents/a_env/proj_data/lib/python3.7/site-packages/airflow/example_dags/example_kubernetes_executor.py
[2022-07-31 08:01:18,037] {processor.py:641} INFO - Processing file /Users/pro/Documents/a_env/proj_data/lib/python3.7/site-packages/airflow/example_dags/example_kubernetes_executor.py for tasks to queue
[2022-07-31 08:01:18,045] {logging_mixin.py:115} INFO - [2022-07-31 08:01:18,043] {dagbag.py:508} INFO - Filling up the DagBag from /Users/pro/Documents/a_env/proj_data/lib/python3.7/site-packages/airflow/example_dags/example_kubernetes_executor.py
[2022-07-31 08:01:18,214] {logging_mixin.py:115} INFO - [2022-07-31 08:01:18,211] {example_kubernetes_executor.py:40} WARNING - The example_kubernetes_executor example DAG requires the kubernetes provider. Please install it with: pip install apache-airflow[cncf.kubernetes]
[2022-07-31 08:01:18,217] {processor.py:653} WARNING - No viable dags retrieved from /Users/pro/Documents/a_env/proj_data/lib/python3.7/site-packages/airflow/example_dags/example_kubernetes_executor.py
[2022-07-31 08:01:18,311] {processor.py:161} INFO - Processing /Users/pro/Documents/a_env/proj_data/lib/python3.7/site-packages/airflow/example_dags/example_kubernetes_executor.py took 0.315 seconds
[2022-07-31 08:16:07,378] {processor.py:153} INFO - Started process (PID=99060) to work on /Users/pro/Documents/a_env/proj_data/lib/python3.7/site-packages/airflow/example_dags/example_kubernetes_executor.py
[2022-07-31 08:16:07,386] {processor.py:641} INFO - Processing file /Users/pro/Documents/a_env/proj_data/lib/python3.7/site-packages/airflow/example_dags/example_kubernetes_executor.py for tasks to queue
[2022-07-31 08:16:07,395] {logging_mixin.py:115} INFO - [2022-07-31 08:16:07,393] {dagbag.py:508} INFO - Filling up the DagBag from /Users/pro/Documents/a_env/proj_data/lib/python3.7/site-packages/airflow/example_dags/example_kubernetes_executor.py
[2022-07-31 08:16:07,554] {logging_mixin.py:115} INFO - [2022-07-31 08:16:07,552] {example_kubernetes_executor.py:40} WARNING - The example_kubernetes_executor example DAG requires the kubernetes provider. Please install it with: pip install apache-airflow[cncf.kubernetes]
[2022-07-31 08:16:07,557] {processor.py:653} WARNING - No viable dags retrieved from /Users/pro/Documents/a_env/proj_data/lib/python3.7/site-packages/airflow/example_dags/example_kubernetes_executor.py
[2022-07-31 08:16:07,644] {processor.py:161} INFO - Processing /Users/pro/Documents/a_env/proj_data/lib/python3.7/site-packages/airflow/example_dags/example_kubernetes_executor.py took 0.302 seconds
[2022-07-31 08:31:09,893] {processor.py:153} INFO - Started process (PID=99126) to work on /Users/pro/Documents/a_env/proj_data/lib/python3.7/site-packages/airflow/example_dags/example_kubernetes_executor.py
[2022-07-31 08:31:09,900] {processor.py:641} INFO - Processing file /Users/pro/Documents/a_env/proj_data/lib/python3.7/site-packages/airflow/example_dags/example_kubernetes_executor.py for tasks to queue
[2022-07-31 08:31:09,908] {logging_mixin.py:115} INFO - [2022-07-31 08:31:09,906] {dagbag.py:508} INFO - Filling up the DagBag from /Users/pro/Documents/a_env/proj_data/lib/python3.7/site-packages/airflow/example_dags/example_kubernetes_executor.py
[2022-07-31 08:31:10,109] {logging_mixin.py:115} INFO - [2022-07-31 08:31:10,106] {example_kubernetes_executor.py:40} WARNING - The example_kubernetes_executor example DAG requires the kubernetes provider. Please install it with: pip install apache-airflow[cncf.kubernetes]
[2022-07-31 08:31:10,128] {processor.py:653} WARNING - No viable dags retrieved from /Users/pro/Documents/a_env/proj_data/lib/python3.7/site-packages/airflow/example_dags/example_kubernetes_executor.py
[2022-07-31 08:31:10,305] {processor.py:161} INFO - Processing /Users/pro/Documents/a_env/proj_data/lib/python3.7/site-packages/airflow/example_dags/example_kubernetes_executor.py took 0.442 seconds
[2022-07-31 08:31:54,865] {processor.py:153} INFO - Started process (PID=99174) to work on /Users/pro/Documents/a_env/proj_data/lib/python3.7/site-packages/airflow/example_dags/example_kubernetes_executor.py
[2022-07-31 08:31:54,867] {processor.py:641} INFO - Processing file /Users/pro/Documents/a_env/proj_data/lib/python3.7/site-packages/airflow/example_dags/example_kubernetes_executor.py for tasks to queue
[2022-07-31 08:31:54,869] {logging_mixin.py:115} INFO - [2022-07-31 08:31:54,868] {dagbag.py:508} INFO - Filling up the DagBag from /Users/pro/Documents/a_env/proj_data/lib/python3.7/site-packages/airflow/example_dags/example_kubernetes_executor.py
[2022-07-31 08:31:54,901] {logging_mixin.py:115} INFO - [2022-07-31 08:31:54,900] {example_kubernetes_executor.py:40} WARNING - The example_kubernetes_executor example DAG requires the kubernetes provider. Please install it with: pip install apache-airflow[cncf.kubernetes]
[2022-07-31 08:31:54,901] {processor.py:653} WARNING - No viable dags retrieved from /Users/pro/Documents/a_env/proj_data/lib/python3.7/site-packages/airflow/example_dags/example_kubernetes_executor.py
[2022-07-31 08:31:54,920] {processor.py:161} INFO - Processing /Users/pro/Documents/a_env/proj_data/lib/python3.7/site-packages/airflow/example_dags/example_kubernetes_executor.py took 0.060 seconds
[2022-07-31 08:32:32,258] {processor.py:153} INFO - Started process (PID=99224) to work on /Users/pro/Documents/a_env/proj_data/lib/python3.7/site-packages/airflow/example_dags/example_kubernetes_executor.py
[2022-07-31 08:32:32,261] {processor.py:641} INFO - Processing file /Users/pro/Documents/a_env/proj_data/lib/python3.7/site-packages/airflow/example_dags/example_kubernetes_executor.py for tasks to queue
[2022-07-31 08:32:32,262] {logging_mixin.py:115} INFO - [2022-07-31 08:32:32,262] {dagbag.py:508} INFO - Filling up the DagBag from /Users/pro/Documents/a_env/proj_data/lib/python3.7/site-packages/airflow/example_dags/example_kubernetes_executor.py
[2022-07-31 08:32:32,293] {logging_mixin.py:115} INFO - [2022-07-31 08:32:32,293] {example_kubernetes_executor.py:40} WARNING - The example_kubernetes_executor example DAG requires the kubernetes provider. Please install it with: pip install apache-airflow[cncf.kubernetes]
[2022-07-31 08:32:32,294] {processor.py:653} WARNING - No viable dags retrieved from /Users/pro/Documents/a_env/proj_data/lib/python3.7/site-packages/airflow/example_dags/example_kubernetes_executor.py
[2022-07-31 08:32:32,309] {processor.py:161} INFO - Processing /Users/pro/Documents/a_env/proj_data/lib/python3.7/site-packages/airflow/example_dags/example_kubernetes_executor.py took 0.057 seconds
[2022-07-31 08:33:10,885] {processor.py:153} INFO - Started process (PID=99281) to work on /Users/pro/Documents/a_env/proj_data/lib/python3.7/site-packages/airflow/example_dags/example_kubernetes_executor.py
[2022-07-31 08:33:10,886] {processor.py:641} INFO - Processing file /Users/pro/Documents/a_env/proj_data/lib/python3.7/site-packages/airflow/example_dags/example_kubernetes_executor.py for tasks to queue
[2022-07-31 08:33:10,887] {logging_mixin.py:115} INFO - [2022-07-31 08:33:10,887] {dagbag.py:508} INFO - Filling up the DagBag from /Users/pro/Documents/a_env/proj_data/lib/python3.7/site-packages/airflow/example_dags/example_kubernetes_executor.py
[2022-07-31 08:33:10,909] {logging_mixin.py:115} INFO - [2022-07-31 08:33:10,909] {example_kubernetes_executor.py:40} WARNING - The example_kubernetes_executor example DAG requires the kubernetes provider. Please install it with: pip install apache-airflow[cncf.kubernetes]
[2022-07-31 08:33:10,909] {processor.py:653} WARNING - No viable dags retrieved from /Users/pro/Documents/a_env/proj_data/lib/python3.7/site-packages/airflow/example_dags/example_kubernetes_executor.py
[2022-07-31 08:33:10,923] {processor.py:161} INFO - Processing /Users/pro/Documents/a_env/proj_data/lib/python3.7/site-packages/airflow/example_dags/example_kubernetes_executor.py took 0.043 seconds
[2022-07-31 08:33:46,936] {processor.py:153} INFO - Started process (PID=99323) to work on /Users/pro/Documents/a_env/proj_data/lib/python3.7/site-packages/airflow/example_dags/example_kubernetes_executor.py
[2022-07-31 08:33:46,938] {processor.py:641} INFO - Processing file /Users/pro/Documents/a_env/proj_data/lib/python3.7/site-packages/airflow/example_dags/example_kubernetes_executor.py for tasks to queue
[2022-07-31 08:33:46,939] {logging_mixin.py:115} INFO - [2022-07-31 08:33:46,938] {dagbag.py:508} INFO - Filling up the DagBag from /Users/pro/Documents/a_env/proj_data/lib/python3.7/site-packages/airflow/example_dags/example_kubernetes_executor.py
[2022-07-31 08:33:46,959] {logging_mixin.py:115} INFO - [2022-07-31 08:33:46,958] {example_kubernetes_executor.py:40} WARNING - The example_kubernetes_executor example DAG requires the kubernetes provider. Please install it with: pip install apache-airflow[cncf.kubernetes]
[2022-07-31 08:33:46,959] {processor.py:653} WARNING - No viable dags retrieved from /Users/pro/Documents/a_env/proj_data/lib/python3.7/site-packages/airflow/example_dags/example_kubernetes_executor.py
[2022-07-31 08:33:46,972] {processor.py:161} INFO - Processing /Users/pro/Documents/a_env/proj_data/lib/python3.7/site-packages/airflow/example_dags/example_kubernetes_executor.py took 0.041 seconds
[2022-07-31 08:46:12,081] {processor.py:153} INFO - Started process (PID=99384) to work on /Users/pro/Documents/a_env/proj_data/lib/python3.7/site-packages/airflow/example_dags/example_kubernetes_executor.py
[2022-07-31 08:46:12,087] {processor.py:641} INFO - Processing file /Users/pro/Documents/a_env/proj_data/lib/python3.7/site-packages/airflow/example_dags/example_kubernetes_executor.py for tasks to queue
[2022-07-31 08:46:12,095] {logging_mixin.py:115} INFO - [2022-07-31 08:46:12,092] {dagbag.py:508} INFO - Filling up the DagBag from /Users/pro/Documents/a_env/proj_data/lib/python3.7/site-packages/airflow/example_dags/example_kubernetes_executor.py
[2022-07-31 08:46:12,234] {logging_mixin.py:115} INFO - [2022-07-31 08:46:12,232] {example_kubernetes_executor.py:40} WARNING - The example_kubernetes_executor example DAG requires the kubernetes provider. Please install it with: pip install apache-airflow[cncf.kubernetes]
[2022-07-31 08:46:12,237] {processor.py:653} WARNING - No viable dags retrieved from /Users/pro/Documents/a_env/proj_data/lib/python3.7/site-packages/airflow/example_dags/example_kubernetes_executor.py
[2022-07-31 08:46:12,318] {processor.py:161} INFO - Processing /Users/pro/Documents/a_env/proj_data/lib/python3.7/site-packages/airflow/example_dags/example_kubernetes_executor.py took 0.267 seconds
[2022-07-31 09:01:18,783] {processor.py:153} INFO - Started process (PID=99432) to work on /Users/pro/Documents/a_env/proj_data/lib/python3.7/site-packages/airflow/example_dags/example_kubernetes_executor.py
[2022-07-31 09:01:18,789] {processor.py:641} INFO - Processing file /Users/pro/Documents/a_env/proj_data/lib/python3.7/site-packages/airflow/example_dags/example_kubernetes_executor.py for tasks to queue
[2022-07-31 09:01:18,797] {logging_mixin.py:115} INFO - [2022-07-31 09:01:18,795] {dagbag.py:508} INFO - Filling up the DagBag from /Users/pro/Documents/a_env/proj_data/lib/python3.7/site-packages/airflow/example_dags/example_kubernetes_executor.py
[2022-07-31 09:01:18,934] {logging_mixin.py:115} INFO - [2022-07-31 09:01:18,932] {example_kubernetes_executor.py:40} WARNING - The example_kubernetes_executor example DAG requires the kubernetes provider. Please install it with: pip install apache-airflow[cncf.kubernetes]
[2022-07-31 09:01:18,937] {processor.py:653} WARNING - No viable dags retrieved from /Users/pro/Documents/a_env/proj_data/lib/python3.7/site-packages/airflow/example_dags/example_kubernetes_executor.py
[2022-07-31 09:01:19,018] {processor.py:161} INFO - Processing /Users/pro/Documents/a_env/proj_data/lib/python3.7/site-packages/airflow/example_dags/example_kubernetes_executor.py took 0.266 seconds
[2022-07-31 09:16:15,454] {processor.py:153} INFO - Started process (PID=99480) to work on /Users/pro/Documents/a_env/proj_data/lib/python3.7/site-packages/airflow/example_dags/example_kubernetes_executor.py
[2022-07-31 09:16:15,461] {processor.py:641} INFO - Processing file /Users/pro/Documents/a_env/proj_data/lib/python3.7/site-packages/airflow/example_dags/example_kubernetes_executor.py for tasks to queue
[2022-07-31 09:16:15,469] {logging_mixin.py:115} INFO - [2022-07-31 09:16:15,467] {dagbag.py:508} INFO - Filling up the DagBag from /Users/pro/Documents/a_env/proj_data/lib/python3.7/site-packages/airflow/example_dags/example_kubernetes_executor.py
[2022-07-31 09:16:15,603] {logging_mixin.py:115} INFO - [2022-07-31 09:16:15,601] {example_kubernetes_executor.py:40} WARNING - The example_kubernetes_executor example DAG requires the kubernetes provider. Please install it with: pip install apache-airflow[cncf.kubernetes]
[2022-07-31 09:16:15,606] {processor.py:653} WARNING - No viable dags retrieved from /Users/pro/Documents/a_env/proj_data/lib/python3.7/site-packages/airflow/example_dags/example_kubernetes_executor.py
[2022-07-31 09:16:15,686] {processor.py:161} INFO - Processing /Users/pro/Documents/a_env/proj_data/lib/python3.7/site-packages/airflow/example_dags/example_kubernetes_executor.py took 0.261 seconds
[2022-07-31 13:25:13,651] {processor.py:153} INFO - Started process (PID=99614) to work on /Users/pro/Documents/a_env/proj_data/lib/python3.7/site-packages/airflow/example_dags/example_kubernetes_executor.py
[2022-07-31 13:25:13,652] {processor.py:641} INFO - Processing file /Users/pro/Documents/a_env/proj_data/lib/python3.7/site-packages/airflow/example_dags/example_kubernetes_executor.py for tasks to queue
[2022-07-31 13:25:13,653] {logging_mixin.py:115} INFO - [2022-07-31 13:25:13,653] {dagbag.py:508} INFO - Filling up the DagBag from /Users/pro/Documents/a_env/proj_data/lib/python3.7/site-packages/airflow/example_dags/example_kubernetes_executor.py
[2022-07-31 13:25:13,681] {logging_mixin.py:115} INFO - [2022-07-31 13:25:13,681] {example_kubernetes_executor.py:40} WARNING - The example_kubernetes_executor example DAG requires the kubernetes provider. Please install it with: pip install apache-airflow[cncf.kubernetes]
[2022-07-31 13:25:13,682] {processor.py:653} WARNING - No viable dags retrieved from /Users/pro/Documents/a_env/proj_data/lib/python3.7/site-packages/airflow/example_dags/example_kubernetes_executor.py
[2022-07-31 13:25:13,694] {processor.py:161} INFO - Processing /Users/pro/Documents/a_env/proj_data/lib/python3.7/site-packages/airflow/example_dags/example_kubernetes_executor.py took 0.047 seconds
[2022-07-31 20:25:32,714] {processor.py:153} INFO - Started process (PID=99693) to work on /Users/pro/Documents/a_env/proj_data/lib/python3.7/site-packages/airflow/example_dags/example_kubernetes_executor.py
[2022-07-31 20:25:32,715] {processor.py:641} INFO - Processing file /Users/pro/Documents/a_env/proj_data/lib/python3.7/site-packages/airflow/example_dags/example_kubernetes_executor.py for tasks to queue
[2022-07-31 20:25:32,716] {logging_mixin.py:115} INFO - [2022-07-31 20:25:32,716] {dagbag.py:508} INFO - Filling up the DagBag from /Users/pro/Documents/a_env/proj_data/lib/python3.7/site-packages/airflow/example_dags/example_kubernetes_executor.py
[2022-07-31 20:25:32,733] {logging_mixin.py:115} INFO - [2022-07-31 20:25:32,733] {example_kubernetes_executor.py:40} WARNING - The example_kubernetes_executor example DAG requires the kubernetes provider. Please install it with: pip install apache-airflow[cncf.kubernetes]
[2022-07-31 20:25:32,733] {processor.py:653} WARNING - No viable dags retrieved from /Users/pro/Documents/a_env/proj_data/lib/python3.7/site-packages/airflow/example_dags/example_kubernetes_executor.py
[2022-07-31 20:25:32,745] {processor.py:161} INFO - Processing /Users/pro/Documents/a_env/proj_data/lib/python3.7/site-packages/airflow/example_dags/example_kubernetes_executor.py took 0.035 seconds
[2022-07-31 22:55:24,354] {processor.py:153} INFO - Started process (PID=99789) to work on /Users/pro/Documents/a_env/proj_data/lib/python3.7/site-packages/airflow/example_dags/example_kubernetes_executor.py
[2022-07-31 22:55:24,355] {processor.py:641} INFO - Processing file /Users/pro/Documents/a_env/proj_data/lib/python3.7/site-packages/airflow/example_dags/example_kubernetes_executor.py for tasks to queue
[2022-07-31 22:55:24,356] {logging_mixin.py:115} INFO - [2022-07-31 22:55:24,355] {dagbag.py:508} INFO - Filling up the DagBag from /Users/pro/Documents/a_env/proj_data/lib/python3.7/site-packages/airflow/example_dags/example_kubernetes_executor.py
[2022-07-31 22:55:24,373] {logging_mixin.py:115} INFO - [2022-07-31 22:55:24,372] {example_kubernetes_executor.py:40} WARNING - The example_kubernetes_executor example DAG requires the kubernetes provider. Please install it with: pip install apache-airflow[cncf.kubernetes]
[2022-07-31 22:55:24,373] {processor.py:653} WARNING - No viable dags retrieved from /Users/pro/Documents/a_env/proj_data/lib/python3.7/site-packages/airflow/example_dags/example_kubernetes_executor.py
[2022-07-31 22:55:24,384] {processor.py:161} INFO - Processing /Users/pro/Documents/a_env/proj_data/lib/python3.7/site-packages/airflow/example_dags/example_kubernetes_executor.py took 0.034 seconds
