[2022-07-31 08:01:16,211] {processor.py:153} INFO - Started process (PID=98974) to work on /Users/pro/Documents/a_env/proj_data/lib/python3.7/site-packages/airflow/example_dags/example_latest_only.py
[2022-07-31 08:01:16,222] {processor.py:641} INFO - Processing file /Users/pro/Documents/a_env/proj_data/lib/python3.7/site-packages/airflow/example_dags/example_latest_only.py for tasks to queue
[2022-07-31 08:01:16,234] {logging_mixin.py:115} INFO - [2022-07-31 08:01:16,231] {dagbag.py:508} INFO - Filling up the DagBag from /Users/pro/Documents/a_env/proj_data/lib/python3.7/site-packages/airflow/example_dags/example_latest_only.py
[2022-07-31 08:01:16,317] {processor.py:651} INFO - DAG(s) dict_keys(['latest_only']) retrieved from /Users/pro/Documents/a_env/proj_data/lib/python3.7/site-packages/airflow/example_dags/example_latest_only.py
[2022-07-31 08:01:16,462] {logging_mixin.py:115} INFO - [2022-07-31 08:01:16,459] {dag.py:2420} INFO - Sync 1 DAGs
[2022-07-31 08:01:16,626] {logging_mixin.py:115} INFO - [2022-07-31 08:01:16,623] {dag.py:2972} INFO - Setting next_dagrun for latest_only to 2022-07-30T20:01:16.620567+00:00, run_after=2022-07-31T00:01:16.620567+00:00
[2022-07-31 08:01:16,737] {processor.py:161} INFO - Processing /Users/pro/Documents/a_env/proj_data/lib/python3.7/site-packages/airflow/example_dags/example_latest_only.py took 0.559 seconds
[2022-07-31 08:16:05,473] {processor.py:153} INFO - Started process (PID=99059) to work on /Users/pro/Documents/a_env/proj_data/lib/python3.7/site-packages/airflow/example_dags/example_latest_only.py
[2022-07-31 08:16:05,481] {processor.py:641} INFO - Processing file /Users/pro/Documents/a_env/proj_data/lib/python3.7/site-packages/airflow/example_dags/example_latest_only.py for tasks to queue
[2022-07-31 08:16:05,492] {logging_mixin.py:115} INFO - [2022-07-31 08:16:05,490] {dagbag.py:508} INFO - Filling up the DagBag from /Users/pro/Documents/a_env/proj_data/lib/python3.7/site-packages/airflow/example_dags/example_latest_only.py
[2022-07-31 08:16:05,572] {processor.py:651} INFO - DAG(s) dict_keys(['latest_only']) retrieved from /Users/pro/Documents/a_env/proj_data/lib/python3.7/site-packages/airflow/example_dags/example_latest_only.py
[2022-07-31 08:16:05,726] {logging_mixin.py:115} INFO - [2022-07-31 08:16:05,723] {dag.py:2420} INFO - Sync 1 DAGs
[2022-07-31 08:16:05,885] {logging_mixin.py:115} INFO - [2022-07-31 08:16:05,882] {dag.py:2972} INFO - Setting next_dagrun for latest_only to 2022-07-30T20:16:05.876329+00:00, run_after=2022-07-31T00:16:05.876329+00:00
[2022-07-31 08:16:06,004] {processor.py:161} INFO - Processing /Users/pro/Documents/a_env/proj_data/lib/python3.7/site-packages/airflow/example_dags/example_latest_only.py took 0.564 seconds
[2022-07-31 08:31:08,540] {processor.py:153} INFO - Started process (PID=99125) to work on /Users/pro/Documents/a_env/proj_data/lib/python3.7/site-packages/airflow/example_dags/example_latest_only.py
[2022-07-31 08:31:08,548] {processor.py:641} INFO - Processing file /Users/pro/Documents/a_env/proj_data/lib/python3.7/site-packages/airflow/example_dags/example_latest_only.py for tasks to queue
[2022-07-31 08:31:08,557] {logging_mixin.py:115} INFO - [2022-07-31 08:31:08,554] {dagbag.py:508} INFO - Filling up the DagBag from /Users/pro/Documents/a_env/proj_data/lib/python3.7/site-packages/airflow/example_dags/example_latest_only.py
[2022-07-31 08:31:08,620] {processor.py:651} INFO - DAG(s) dict_keys(['latest_only']) retrieved from /Users/pro/Documents/a_env/proj_data/lib/python3.7/site-packages/airflow/example_dags/example_latest_only.py
[2022-07-31 08:31:08,770] {logging_mixin.py:115} INFO - [2022-07-31 08:31:08,768] {dag.py:2420} INFO - Sync 1 DAGs
[2022-07-31 08:31:08,924] {logging_mixin.py:115} INFO - [2022-07-31 08:31:08,915] {dag.py:2972} INFO - Setting next_dagrun for latest_only to 2022-07-30T20:31:08.912942+00:00, run_after=2022-07-31T00:31:08.912942+00:00
[2022-07-31 08:31:09,086] {processor.py:161} INFO - Processing /Users/pro/Documents/a_env/proj_data/lib/python3.7/site-packages/airflow/example_dags/example_latest_only.py took 0.578 seconds
[2022-07-31 08:31:54,407] {processor.py:153} INFO - Started process (PID=99171) to work on /Users/pro/Documents/a_env/proj_data/lib/python3.7/site-packages/airflow/example_dags/example_latest_only.py
[2022-07-31 08:31:54,409] {processor.py:641} INFO - Processing file /Users/pro/Documents/a_env/proj_data/lib/python3.7/site-packages/airflow/example_dags/example_latest_only.py for tasks to queue
[2022-07-31 08:31:54,412] {logging_mixin.py:115} INFO - [2022-07-31 08:31:54,412] {dagbag.py:508} INFO - Filling up the DagBag from /Users/pro/Documents/a_env/proj_data/lib/python3.7/site-packages/airflow/example_dags/example_latest_only.py
[2022-07-31 08:31:54,445] {processor.py:651} INFO - DAG(s) dict_keys(['latest_only']) retrieved from /Users/pro/Documents/a_env/proj_data/lib/python3.7/site-packages/airflow/example_dags/example_latest_only.py
[2022-07-31 08:31:54,482] {logging_mixin.py:115} INFO - [2022-07-31 08:31:54,481] {dag.py:2420} INFO - Sync 1 DAGs
[2022-07-31 08:31:54,519] {logging_mixin.py:115} INFO - [2022-07-31 08:31:54,518] {dag.py:2972} INFO - Setting next_dagrun for latest_only to 2022-07-30T20:31:54.517788+00:00, run_after=2022-07-31T00:31:54.517788+00:00
[2022-07-31 08:31:54,539] {processor.py:161} INFO - Processing /Users/pro/Documents/a_env/proj_data/lib/python3.7/site-packages/airflow/example_dags/example_latest_only.py took 0.143 seconds
[2022-07-31 08:32:31,090] {processor.py:153} INFO - Started process (PID=99218) to work on /Users/pro/Documents/a_env/proj_data/lib/python3.7/site-packages/airflow/example_dags/example_latest_only.py
[2022-07-31 08:32:31,092] {processor.py:641} INFO - Processing file /Users/pro/Documents/a_env/proj_data/lib/python3.7/site-packages/airflow/example_dags/example_latest_only.py for tasks to queue
[2022-07-31 08:32:31,094] {logging_mixin.py:115} INFO - [2022-07-31 08:32:31,093] {dagbag.py:508} INFO - Filling up the DagBag from /Users/pro/Documents/a_env/proj_data/lib/python3.7/site-packages/airflow/example_dags/example_latest_only.py
[2022-07-31 08:32:31,105] {processor.py:651} INFO - DAG(s) dict_keys(['latest_only']) retrieved from /Users/pro/Documents/a_env/proj_data/lib/python3.7/site-packages/airflow/example_dags/example_latest_only.py
[2022-07-31 08:32:31,132] {logging_mixin.py:115} INFO - [2022-07-31 08:32:31,132] {dag.py:2420} INFO - Sync 1 DAGs
[2022-07-31 08:32:31,160] {logging_mixin.py:115} INFO - [2022-07-31 08:32:31,160] {dag.py:2972} INFO - Setting next_dagrun for latest_only to 2022-07-30T20:32:31.159698+00:00, run_after=2022-07-31T00:32:31.159698+00:00
[2022-07-31 08:32:31,177] {processor.py:161} INFO - Processing /Users/pro/Documents/a_env/proj_data/lib/python3.7/site-packages/airflow/example_dags/example_latest_only.py took 0.092 seconds
[2022-07-31 08:33:09,746] {processor.py:153} INFO - Started process (PID=99280) to work on /Users/pro/Documents/a_env/proj_data/lib/python3.7/site-packages/airflow/example_dags/example_latest_only.py
[2022-07-31 08:33:09,747] {processor.py:641} INFO - Processing file /Users/pro/Documents/a_env/proj_data/lib/python3.7/site-packages/airflow/example_dags/example_latest_only.py for tasks to queue
[2022-07-31 08:33:09,748] {logging_mixin.py:115} INFO - [2022-07-31 08:33:09,748] {dagbag.py:508} INFO - Filling up the DagBag from /Users/pro/Documents/a_env/proj_data/lib/python3.7/site-packages/airflow/example_dags/example_latest_only.py
[2022-07-31 08:33:09,758] {processor.py:651} INFO - DAG(s) dict_keys(['latest_only']) retrieved from /Users/pro/Documents/a_env/proj_data/lib/python3.7/site-packages/airflow/example_dags/example_latest_only.py
[2022-07-31 08:33:09,779] {logging_mixin.py:115} INFO - [2022-07-31 08:33:09,778] {dag.py:2420} INFO - Sync 1 DAGs
[2022-07-31 08:33:09,800] {logging_mixin.py:115} INFO - [2022-07-31 08:33:09,799] {dag.py:2972} INFO - Setting next_dagrun for latest_only to 2022-07-30T20:33:09.799381+00:00, run_after=2022-07-31T00:33:09.799381+00:00
[2022-07-31 08:33:09,814] {processor.py:161} INFO - Processing /Users/pro/Documents/a_env/proj_data/lib/python3.7/site-packages/airflow/example_dags/example_latest_only.py took 0.073 seconds
[2022-07-31 08:33:45,796] {processor.py:153} INFO - Started process (PID=99322) to work on /Users/pro/Documents/a_env/proj_data/lib/python3.7/site-packages/airflow/example_dags/example_latest_only.py
[2022-07-31 08:33:45,797] {processor.py:641} INFO - Processing file /Users/pro/Documents/a_env/proj_data/lib/python3.7/site-packages/airflow/example_dags/example_latest_only.py for tasks to queue
[2022-07-31 08:33:45,798] {logging_mixin.py:115} INFO - [2022-07-31 08:33:45,798] {dagbag.py:508} INFO - Filling up the DagBag from /Users/pro/Documents/a_env/proj_data/lib/python3.7/site-packages/airflow/example_dags/example_latest_only.py
[2022-07-31 08:33:45,807] {processor.py:651} INFO - DAG(s) dict_keys(['latest_only']) retrieved from /Users/pro/Documents/a_env/proj_data/lib/python3.7/site-packages/airflow/example_dags/example_latest_only.py
[2022-07-31 08:33:45,828] {logging_mixin.py:115} INFO - [2022-07-31 08:33:45,828] {dag.py:2420} INFO - Sync 1 DAGs
[2022-07-31 08:33:45,849] {logging_mixin.py:115} INFO - [2022-07-31 08:33:45,849] {dag.py:2972} INFO - Setting next_dagrun for latest_only to 2022-07-30T20:33:45.849170+00:00, run_after=2022-07-31T00:33:45.849170+00:00
[2022-07-31 08:33:45,862] {processor.py:161} INFO - Processing /Users/pro/Documents/a_env/proj_data/lib/python3.7/site-packages/airflow/example_dags/example_latest_only.py took 0.071 seconds
[2022-07-31 08:46:10,273] {processor.py:153} INFO - Started process (PID=99383) to work on /Users/pro/Documents/a_env/proj_data/lib/python3.7/site-packages/airflow/example_dags/example_latest_only.py
[2022-07-31 08:46:10,279] {processor.py:641} INFO - Processing file /Users/pro/Documents/a_env/proj_data/lib/python3.7/site-packages/airflow/example_dags/example_latest_only.py for tasks to queue
[2022-07-31 08:46:10,287] {logging_mixin.py:115} INFO - [2022-07-31 08:46:10,285] {dagbag.py:508} INFO - Filling up the DagBag from /Users/pro/Documents/a_env/proj_data/lib/python3.7/site-packages/airflow/example_dags/example_latest_only.py
[2022-07-31 08:46:10,344] {processor.py:651} INFO - DAG(s) dict_keys(['latest_only']) retrieved from /Users/pro/Documents/a_env/proj_data/lib/python3.7/site-packages/airflow/example_dags/example_latest_only.py
[2022-07-31 08:46:10,484] {logging_mixin.py:115} INFO - [2022-07-31 08:46:10,482] {dag.py:2420} INFO - Sync 1 DAGs
[2022-07-31 08:46:10,675] {logging_mixin.py:115} INFO - [2022-07-31 08:46:10,672] {dag.py:2972} INFO - Setting next_dagrun for latest_only to 2022-07-30T20:46:10.670061+00:00, run_after=2022-07-31T00:46:10.670061+00:00
[2022-07-31 08:46:10,773] {processor.py:161} INFO - Processing /Users/pro/Documents/a_env/proj_data/lib/python3.7/site-packages/airflow/example_dags/example_latest_only.py took 0.530 seconds
[2022-07-31 09:01:17,515] {processor.py:153} INFO - Started process (PID=99431) to work on /Users/pro/Documents/a_env/proj_data/lib/python3.7/site-packages/airflow/example_dags/example_latest_only.py
[2022-07-31 09:01:17,521] {processor.py:641} INFO - Processing file /Users/pro/Documents/a_env/proj_data/lib/python3.7/site-packages/airflow/example_dags/example_latest_only.py for tasks to queue
[2022-07-31 09:01:17,528] {logging_mixin.py:115} INFO - [2022-07-31 09:01:17,526] {dagbag.py:508} INFO - Filling up the DagBag from /Users/pro/Documents/a_env/proj_data/lib/python3.7/site-packages/airflow/example_dags/example_latest_only.py
[2022-07-31 09:01:17,585] {processor.py:651} INFO - DAG(s) dict_keys(['latest_only']) retrieved from /Users/pro/Documents/a_env/proj_data/lib/python3.7/site-packages/airflow/example_dags/example_latest_only.py
[2022-07-31 09:01:17,739] {logging_mixin.py:115} INFO - [2022-07-31 09:01:17,736] {dag.py:2420} INFO - Sync 1 DAGs
[2022-07-31 09:01:17,888] {logging_mixin.py:115} INFO - [2022-07-31 09:01:17,885] {dag.py:2972} INFO - Setting next_dagrun for latest_only to 2022-07-30T21:01:17.883540+00:00, run_after=2022-07-31T01:01:17.883540+00:00
[2022-07-31 09:01:17,975] {processor.py:161} INFO - Processing /Users/pro/Documents/a_env/proj_data/lib/python3.7/site-packages/airflow/example_dags/example_latest_only.py took 0.490 seconds
[2022-07-31 09:16:14,596] {processor.py:153} INFO - Started process (PID=99479) to work on /Users/pro/Documents/a_env/proj_data/lib/python3.7/site-packages/airflow/example_dags/example_latest_only.py
[2022-07-31 09:16:14,602] {processor.py:641} INFO - Processing file /Users/pro/Documents/a_env/proj_data/lib/python3.7/site-packages/airflow/example_dags/example_latest_only.py for tasks to queue
[2022-07-31 09:16:14,609] {logging_mixin.py:115} INFO - [2022-07-31 09:16:14,607] {dagbag.py:508} INFO - Filling up the DagBag from /Users/pro/Documents/a_env/proj_data/lib/python3.7/site-packages/airflow/example_dags/example_latest_only.py
[2022-07-31 09:16:14,665] {processor.py:651} INFO - DAG(s) dict_keys(['latest_only']) retrieved from /Users/pro/Documents/a_env/proj_data/lib/python3.7/site-packages/airflow/example_dags/example_latest_only.py
[2022-07-31 09:16:14,809] {logging_mixin.py:115} INFO - [2022-07-31 09:16:14,806] {dag.py:2420} INFO - Sync 1 DAGs
[2022-07-31 09:16:14,966] {logging_mixin.py:115} INFO - [2022-07-31 09:16:14,963] {dag.py:2972} INFO - Setting next_dagrun for latest_only to 2022-07-30T21:16:14.961241+00:00, run_after=2022-07-31T01:16:14.961241+00:00
[2022-07-31 09:16:15,061] {processor.py:161} INFO - Processing /Users/pro/Documents/a_env/proj_data/lib/python3.7/site-packages/airflow/example_dags/example_latest_only.py took 0.495 seconds
[2022-07-31 13:25:12,515] {processor.py:153} INFO - Started process (PID=99612) to work on /Users/pro/Documents/a_env/proj_data/lib/python3.7/site-packages/airflow/example_dags/example_latest_only.py
[2022-07-31 13:25:12,516] {processor.py:641} INFO - Processing file /Users/pro/Documents/a_env/proj_data/lib/python3.7/site-packages/airflow/example_dags/example_latest_only.py for tasks to queue
[2022-07-31 13:25:12,517] {logging_mixin.py:115} INFO - [2022-07-31 13:25:12,516] {dagbag.py:508} INFO - Filling up the DagBag from /Users/pro/Documents/a_env/proj_data/lib/python3.7/site-packages/airflow/example_dags/example_latest_only.py
[2022-07-31 13:25:12,524] {processor.py:651} INFO - DAG(s) dict_keys(['latest_only']) retrieved from /Users/pro/Documents/a_env/proj_data/lib/python3.7/site-packages/airflow/example_dags/example_latest_only.py
[2022-07-31 13:25:12,542] {logging_mixin.py:115} INFO - [2022-07-31 13:25:12,541] {dag.py:2420} INFO - Sync 1 DAGs
[2022-07-31 13:25:12,562] {logging_mixin.py:115} INFO - [2022-07-31 13:25:12,562] {dag.py:2972} INFO - Setting next_dagrun for latest_only to 2022-07-31T01:25:12.562201+00:00, run_after=2022-07-31T05:25:12.562201+00:00
[2022-07-31 13:25:12,576] {processor.py:161} INFO - Processing /Users/pro/Documents/a_env/proj_data/lib/python3.7/site-packages/airflow/example_dags/example_latest_only.py took 0.065 seconds
[2022-07-31 20:25:31,580] {processor.py:153} INFO - Started process (PID=99692) to work on /Users/pro/Documents/a_env/proj_data/lib/python3.7/site-packages/airflow/example_dags/example_latest_only.py
[2022-07-31 20:25:31,581] {processor.py:641} INFO - Processing file /Users/pro/Documents/a_env/proj_data/lib/python3.7/site-packages/airflow/example_dags/example_latest_only.py for tasks to queue
[2022-07-31 20:25:31,583] {logging_mixin.py:115} INFO - [2022-07-31 20:25:31,583] {dagbag.py:508} INFO - Filling up the DagBag from /Users/pro/Documents/a_env/proj_data/lib/python3.7/site-packages/airflow/example_dags/example_latest_only.py
[2022-07-31 20:25:31,591] {processor.py:651} INFO - DAG(s) dict_keys(['latest_only']) retrieved from /Users/pro/Documents/a_env/proj_data/lib/python3.7/site-packages/airflow/example_dags/example_latest_only.py
[2022-07-31 20:25:31,609] {logging_mixin.py:115} INFO - [2022-07-31 20:25:31,609] {dag.py:2420} INFO - Sync 1 DAGs
[2022-07-31 20:25:31,627] {logging_mixin.py:115} INFO - [2022-07-31 20:25:31,627] {dag.py:2972} INFO - Setting next_dagrun for latest_only to 2022-07-31T08:25:31.627121+00:00, run_after=2022-07-31T12:25:31.627121+00:00
[2022-07-31 20:25:31,641] {processor.py:161} INFO - Processing /Users/pro/Documents/a_env/proj_data/lib/python3.7/site-packages/airflow/example_dags/example_latest_only.py took 0.065 seconds
[2022-07-31 22:55:23,222] {processor.py:153} INFO - Started process (PID=99787) to work on /Users/pro/Documents/a_env/proj_data/lib/python3.7/site-packages/airflow/example_dags/example_latest_only.py
[2022-07-31 22:55:23,223] {processor.py:641} INFO - Processing file /Users/pro/Documents/a_env/proj_data/lib/python3.7/site-packages/airflow/example_dags/example_latest_only.py for tasks to queue
[2022-07-31 22:55:23,224] {logging_mixin.py:115} INFO - [2022-07-31 22:55:23,224] {dagbag.py:508} INFO - Filling up the DagBag from /Users/pro/Documents/a_env/proj_data/lib/python3.7/site-packages/airflow/example_dags/example_latest_only.py
[2022-07-31 22:55:23,231] {processor.py:651} INFO - DAG(s) dict_keys(['latest_only']) retrieved from /Users/pro/Documents/a_env/proj_data/lib/python3.7/site-packages/airflow/example_dags/example_latest_only.py
[2022-07-31 22:55:23,248] {logging_mixin.py:115} INFO - [2022-07-31 22:55:23,248] {dag.py:2420} INFO - Sync 1 DAGs
[2022-07-31 22:55:23,266] {logging_mixin.py:115} INFO - [2022-07-31 22:55:23,266] {dag.py:2972} INFO - Setting next_dagrun for latest_only to 2022-07-31T10:55:23.266117+00:00, run_after=2022-07-31T14:55:23.266117+00:00
[2022-07-31 22:55:23,280] {processor.py:161} INFO - Processing /Users/pro/Documents/a_env/proj_data/lib/python3.7/site-packages/airflow/example_dags/example_latest_only.py took 0.062 seconds
