[2022-07-31 08:00:43,658] {processor.py:153} INFO - Started process (PID=98949) to work on /Users/pro/Documents/a_env/proj_data/lib/python3.7/site-packages/airflow/example_dags/example_xcom.py
[2022-07-31 08:00:43,665] {processor.py:641} INFO - Processing file /Users/pro/Documents/a_env/proj_data/lib/python3.7/site-packages/airflow/example_dags/example_xcom.py for tasks to queue
[2022-07-31 08:00:43,677] {logging_mixin.py:115} INFO - [2022-07-31 08:00:43,674] {dagbag.py:508} INFO - Filling up the DagBag from /Users/pro/Documents/a_env/proj_data/lib/python3.7/site-packages/airflow/example_dags/example_xcom.py
[2022-07-31 08:00:43,938] {processor.py:651} INFO - DAG(s) dict_keys(['example_xcom']) retrieved from /Users/pro/Documents/a_env/proj_data/lib/python3.7/site-packages/airflow/example_dags/example_xcom.py
[2022-07-31 08:00:44,477] {logging_mixin.py:115} INFO - [2022-07-31 08:00:44,475] {dag.py:2420} INFO - Sync 1 DAGs
[2022-07-31 08:00:44,598] {logging_mixin.py:115} INFO - [2022-07-31 08:00:44,595] {dag.py:2972} INFO - Setting next_dagrun for example_xcom to 2021-01-01T00:00:00+00:00, run_after=2021-01-01T00:00:00+00:00
[2022-07-31 08:00:44,692] {processor.py:161} INFO - Processing /Users/pro/Documents/a_env/proj_data/lib/python3.7/site-packages/airflow/example_dags/example_xcom.py took 1.066 seconds
[2022-07-31 08:01:36,864] {processor.py:153} INFO - Started process (PID=98993) to work on /Users/pro/Documents/a_env/proj_data/lib/python3.7/site-packages/airflow/example_dags/example_xcom.py
[2022-07-31 08:01:36,871] {processor.py:641} INFO - Processing file /Users/pro/Documents/a_env/proj_data/lib/python3.7/site-packages/airflow/example_dags/example_xcom.py for tasks to queue
[2022-07-31 08:01:36,873] {logging_mixin.py:115} INFO - [2022-07-31 08:01:36,872] {dagbag.py:508} INFO - Filling up the DagBag from /Users/pro/Documents/a_env/proj_data/lib/python3.7/site-packages/airflow/example_dags/example_xcom.py
[2022-07-31 08:01:36,935] {processor.py:651} INFO - DAG(s) dict_keys(['example_xcom']) retrieved from /Users/pro/Documents/a_env/proj_data/lib/python3.7/site-packages/airflow/example_dags/example_xcom.py
[2022-07-31 08:01:36,982] {logging_mixin.py:115} INFO - [2022-07-31 08:01:36,981] {dag.py:2420} INFO - Sync 1 DAGs
[2022-07-31 08:01:37,028] {logging_mixin.py:115} INFO - [2022-07-31 08:01:37,027] {dag.py:2972} INFO - Setting next_dagrun for example_xcom to 2021-01-01T00:00:00+00:00, run_after=2021-01-01T00:00:00+00:00
[2022-07-31 08:01:37,055] {processor.py:161} INFO - Processing /Users/pro/Documents/a_env/proj_data/lib/python3.7/site-packages/airflow/example_dags/example_xcom.py took 0.205 seconds
[2022-07-31 08:15:37,077] {processor.py:153} INFO - Started process (PID=99036) to work on /Users/pro/Documents/a_env/proj_data/lib/python3.7/site-packages/airflow/example_dags/example_xcom.py
[2022-07-31 08:15:37,078] {processor.py:641} INFO - Processing file /Users/pro/Documents/a_env/proj_data/lib/python3.7/site-packages/airflow/example_dags/example_xcom.py for tasks to queue
[2022-07-31 08:15:37,079] {logging_mixin.py:115} INFO - [2022-07-31 08:15:37,079] {dagbag.py:508} INFO - Filling up the DagBag from /Users/pro/Documents/a_env/proj_data/lib/python3.7/site-packages/airflow/example_dags/example_xcom.py
[2022-07-31 08:15:37,100] {processor.py:651} INFO - DAG(s) dict_keys(['example_xcom']) retrieved from /Users/pro/Documents/a_env/proj_data/lib/python3.7/site-packages/airflow/example_dags/example_xcom.py
[2022-07-31 08:15:37,155] {logging_mixin.py:115} INFO - [2022-07-31 08:15:37,154] {dag.py:2420} INFO - Sync 1 DAGs
[2022-07-31 08:15:37,172] {logging_mixin.py:115} INFO - [2022-07-31 08:15:37,171] {dag.py:2972} INFO - Setting next_dagrun for example_xcom to 2021-01-01T00:00:00+00:00, run_after=2021-01-01T00:00:00+00:00
[2022-07-31 08:15:37,186] {processor.py:161} INFO - Processing /Users/pro/Documents/a_env/proj_data/lib/python3.7/site-packages/airflow/example_dags/example_xcom.py took 0.113 seconds
[2022-07-31 08:30:38,622] {processor.py:153} INFO - Started process (PID=99100) to work on /Users/pro/Documents/a_env/proj_data/lib/python3.7/site-packages/airflow/example_dags/example_xcom.py
[2022-07-31 08:30:38,624] {processor.py:641} INFO - Processing file /Users/pro/Documents/a_env/proj_data/lib/python3.7/site-packages/airflow/example_dags/example_xcom.py for tasks to queue
[2022-07-31 08:30:38,624] {logging_mixin.py:115} INFO - [2022-07-31 08:30:38,624] {dagbag.py:508} INFO - Filling up the DagBag from /Users/pro/Documents/a_env/proj_data/lib/python3.7/site-packages/airflow/example_dags/example_xcom.py
[2022-07-31 08:30:38,646] {processor.py:651} INFO - DAG(s) dict_keys(['example_xcom']) retrieved from /Users/pro/Documents/a_env/proj_data/lib/python3.7/site-packages/airflow/example_dags/example_xcom.py
[2022-07-31 08:30:38,700] {logging_mixin.py:115} INFO - [2022-07-31 08:30:38,700] {dag.py:2420} INFO - Sync 1 DAGs
[2022-07-31 08:30:38,715] {logging_mixin.py:115} INFO - [2022-07-31 08:30:38,714] {dag.py:2972} INFO - Setting next_dagrun for example_xcom to 2021-01-01T00:00:00+00:00, run_after=2021-01-01T00:00:00+00:00
[2022-07-31 08:30:38,729] {processor.py:161} INFO - Processing /Users/pro/Documents/a_env/proj_data/lib/python3.7/site-packages/airflow/example_dags/example_xcom.py took 0.111 seconds
[2022-07-31 08:31:38,612] {processor.py:153} INFO - Started process (PID=99149) to work on /Users/pro/Documents/a_env/proj_data/lib/python3.7/site-packages/airflow/example_dags/example_xcom.py
[2022-07-31 08:31:38,614] {processor.py:641} INFO - Processing file /Users/pro/Documents/a_env/proj_data/lib/python3.7/site-packages/airflow/example_dags/example_xcom.py for tasks to queue
[2022-07-31 08:31:38,616] {logging_mixin.py:115} INFO - [2022-07-31 08:31:38,616] {dagbag.py:508} INFO - Filling up the DagBag from /Users/pro/Documents/a_env/proj_data/lib/python3.7/site-packages/airflow/example_dags/example_xcom.py
[2022-07-31 08:31:38,675] {processor.py:651} INFO - DAG(s) dict_keys(['example_xcom']) retrieved from /Users/pro/Documents/a_env/proj_data/lib/python3.7/site-packages/airflow/example_dags/example_xcom.py
[2022-07-31 08:31:38,807] {logging_mixin.py:115} INFO - [2022-07-31 08:31:38,806] {dag.py:2420} INFO - Sync 1 DAGs
[2022-07-31 08:31:38,846] {logging_mixin.py:115} INFO - [2022-07-31 08:31:38,845] {dag.py:2972} INFO - Setting next_dagrun for example_xcom to 2021-01-01T00:00:00+00:00, run_after=2021-01-01T00:00:00+00:00
[2022-07-31 08:31:38,879] {processor.py:161} INFO - Processing /Users/pro/Documents/a_env/proj_data/lib/python3.7/site-packages/airflow/example_dags/example_xcom.py took 0.276 seconds
[2022-07-31 08:32:15,302] {processor.py:153} INFO - Started process (PID=99199) to work on /Users/pro/Documents/a_env/proj_data/lib/python3.7/site-packages/airflow/example_dags/example_xcom.py
[2022-07-31 08:32:15,303] {processor.py:641} INFO - Processing file /Users/pro/Documents/a_env/proj_data/lib/python3.7/site-packages/airflow/example_dags/example_xcom.py for tasks to queue
[2022-07-31 08:32:15,305] {logging_mixin.py:115} INFO - [2022-07-31 08:32:15,304] {dagbag.py:508} INFO - Filling up the DagBag from /Users/pro/Documents/a_env/proj_data/lib/python3.7/site-packages/airflow/example_dags/example_xcom.py
[2022-07-31 08:32:15,338] {processor.py:651} INFO - DAG(s) dict_keys(['example_xcom']) retrieved from /Users/pro/Documents/a_env/proj_data/lib/python3.7/site-packages/airflow/example_dags/example_xcom.py
[2022-07-31 08:32:15,365] {logging_mixin.py:115} INFO - [2022-07-31 08:32:15,364] {dag.py:2420} INFO - Sync 1 DAGs
[2022-07-31 08:32:15,392] {logging_mixin.py:115} INFO - [2022-07-31 08:32:15,392] {dag.py:2972} INFO - Setting next_dagrun for example_xcom to 2021-01-01T00:00:00+00:00, run_after=2021-01-01T00:00:00+00:00
[2022-07-31 08:32:15,410] {processor.py:161} INFO - Processing /Users/pro/Documents/a_env/proj_data/lib/python3.7/site-packages/airflow/example_dags/example_xcom.py took 0.114 seconds
[2022-07-31 08:32:53,045] {processor.py:153} INFO - Started process (PID=99258) to work on /Users/pro/Documents/a_env/proj_data/lib/python3.7/site-packages/airflow/example_dags/example_xcom.py
[2022-07-31 08:32:53,047] {processor.py:641} INFO - Processing file /Users/pro/Documents/a_env/proj_data/lib/python3.7/site-packages/airflow/example_dags/example_xcom.py for tasks to queue
[2022-07-31 08:32:53,048] {logging_mixin.py:115} INFO - [2022-07-31 08:32:53,048] {dagbag.py:508} INFO - Filling up the DagBag from /Users/pro/Documents/a_env/proj_data/lib/python3.7/site-packages/airflow/example_dags/example_xcom.py
[2022-07-31 08:32:53,081] {processor.py:651} INFO - DAG(s) dict_keys(['example_xcom']) retrieved from /Users/pro/Documents/a_env/proj_data/lib/python3.7/site-packages/airflow/example_dags/example_xcom.py
[2022-07-31 08:32:53,107] {logging_mixin.py:115} INFO - [2022-07-31 08:32:53,107] {dag.py:2420} INFO - Sync 1 DAGs
[2022-07-31 08:32:53,133] {logging_mixin.py:115} INFO - [2022-07-31 08:32:53,133] {dag.py:2972} INFO - Setting next_dagrun for example_xcom to 2021-01-01T00:00:00+00:00, run_after=2021-01-01T00:00:00+00:00
[2022-07-31 08:32:53,150] {processor.py:161} INFO - Processing /Users/pro/Documents/a_env/proj_data/lib/python3.7/site-packages/airflow/example_dags/example_xcom.py took 0.110 seconds
[2022-07-31 08:33:29,184] {processor.py:153} INFO - Started process (PID=99306) to work on /Users/pro/Documents/a_env/proj_data/lib/python3.7/site-packages/airflow/example_dags/example_xcom.py
[2022-07-31 08:33:29,185] {processor.py:641} INFO - Processing file /Users/pro/Documents/a_env/proj_data/lib/python3.7/site-packages/airflow/example_dags/example_xcom.py for tasks to queue
[2022-07-31 08:33:29,187] {logging_mixin.py:115} INFO - [2022-07-31 08:33:29,186] {dagbag.py:508} INFO - Filling up the DagBag from /Users/pro/Documents/a_env/proj_data/lib/python3.7/site-packages/airflow/example_dags/example_xcom.py
[2022-07-31 08:33:29,214] {processor.py:651} INFO - DAG(s) dict_keys(['example_xcom']) retrieved from /Users/pro/Documents/a_env/proj_data/lib/python3.7/site-packages/airflow/example_dags/example_xcom.py
[2022-07-31 08:33:29,285] {logging_mixin.py:115} INFO - [2022-07-31 08:33:29,285] {dag.py:2420} INFO - Sync 1 DAGs
[2022-07-31 08:33:29,305] {logging_mixin.py:115} INFO - [2022-07-31 08:33:29,305] {dag.py:2972} INFO - Setting next_dagrun for example_xcom to 2021-01-01T00:00:00+00:00, run_after=2021-01-01T00:00:00+00:00
[2022-07-31 08:33:29,324] {processor.py:161} INFO - Processing /Users/pro/Documents/a_env/proj_data/lib/python3.7/site-packages/airflow/example_dags/example_xcom.py took 0.145 seconds
[2022-07-31 08:45:43,375] {processor.py:153} INFO - Started process (PID=99367) to work on /Users/pro/Documents/a_env/proj_data/lib/python3.7/site-packages/airflow/example_dags/example_xcom.py
[2022-07-31 08:45:43,380] {processor.py:641} INFO - Processing file /Users/pro/Documents/a_env/proj_data/lib/python3.7/site-packages/airflow/example_dags/example_xcom.py for tasks to queue
[2022-07-31 08:45:43,388] {logging_mixin.py:115} INFO - [2022-07-31 08:45:43,386] {dagbag.py:508} INFO - Filling up the DagBag from /Users/pro/Documents/a_env/proj_data/lib/python3.7/site-packages/airflow/example_dags/example_xcom.py
[2022-07-31 08:45:43,558] {processor.py:651} INFO - DAG(s) dict_keys(['example_xcom']) retrieved from /Users/pro/Documents/a_env/proj_data/lib/python3.7/site-packages/airflow/example_dags/example_xcom.py
[2022-07-31 08:45:44,090] {logging_mixin.py:115} INFO - [2022-07-31 08:45:44,088] {dag.py:2420} INFO - Sync 1 DAGs
[2022-07-31 08:45:44,240] {logging_mixin.py:115} INFO - [2022-07-31 08:45:44,237] {dag.py:2972} INFO - Setting next_dagrun for example_xcom to 2021-01-01T00:00:00+00:00, run_after=2021-01-01T00:00:00+00:00
[2022-07-31 08:45:44,332] {processor.py:161} INFO - Processing /Users/pro/Documents/a_env/proj_data/lib/python3.7/site-packages/airflow/example_dags/example_xcom.py took 0.986 seconds
[2022-07-31 09:00:48,998] {processor.py:153} INFO - Started process (PID=99415) to work on /Users/pro/Documents/a_env/proj_data/lib/python3.7/site-packages/airflow/example_dags/example_xcom.py
[2022-07-31 09:00:49,004] {processor.py:641} INFO - Processing file /Users/pro/Documents/a_env/proj_data/lib/python3.7/site-packages/airflow/example_dags/example_xcom.py for tasks to queue
[2022-07-31 09:00:49,012] {logging_mixin.py:115} INFO - [2022-07-31 09:00:49,010] {dagbag.py:508} INFO - Filling up the DagBag from /Users/pro/Documents/a_env/proj_data/lib/python3.7/site-packages/airflow/example_dags/example_xcom.py
[2022-07-31 09:00:49,278] {processor.py:651} INFO - DAG(s) dict_keys(['example_xcom']) retrieved from /Users/pro/Documents/a_env/proj_data/lib/python3.7/site-packages/airflow/example_dags/example_xcom.py
[2022-07-31 09:00:50,013] {logging_mixin.py:115} INFO - [2022-07-31 09:00:50,011] {dag.py:2420} INFO - Sync 1 DAGs
[2022-07-31 09:00:50,142] {logging_mixin.py:115} INFO - [2022-07-31 09:00:50,140] {dag.py:2972} INFO - Setting next_dagrun for example_xcom to 2021-01-01T00:00:00+00:00, run_after=2021-01-01T00:00:00+00:00
[2022-07-31 09:00:50,252] {processor.py:161} INFO - Processing /Users/pro/Documents/a_env/proj_data/lib/python3.7/site-packages/airflow/example_dags/example_xcom.py took 1.283 seconds
[2022-07-31 09:15:48,929] {processor.py:153} INFO - Started process (PID=99462) to work on /Users/pro/Documents/a_env/proj_data/lib/python3.7/site-packages/airflow/example_dags/example_xcom.py
[2022-07-31 09:15:48,936] {processor.py:641} INFO - Processing file /Users/pro/Documents/a_env/proj_data/lib/python3.7/site-packages/airflow/example_dags/example_xcom.py for tasks to queue
[2022-07-31 09:15:48,943] {logging_mixin.py:115} INFO - [2022-07-31 09:15:48,941] {dagbag.py:508} INFO - Filling up the DagBag from /Users/pro/Documents/a_env/proj_data/lib/python3.7/site-packages/airflow/example_dags/example_xcom.py
[2022-07-31 09:15:49,108] {processor.py:651} INFO - DAG(s) dict_keys(['example_xcom']) retrieved from /Users/pro/Documents/a_env/proj_data/lib/python3.7/site-packages/airflow/example_dags/example_xcom.py
[2022-07-31 09:15:49,574] {logging_mixin.py:115} INFO - [2022-07-31 09:15:49,572] {dag.py:2420} INFO - Sync 1 DAGs
[2022-07-31 09:15:49,690] {logging_mixin.py:115} INFO - [2022-07-31 09:15:49,687] {dag.py:2972} INFO - Setting next_dagrun for example_xcom to 2021-01-01T00:00:00+00:00, run_after=2021-01-01T00:00:00+00:00
[2022-07-31 09:15:49,785] {processor.py:161} INFO - Processing /Users/pro/Documents/a_env/proj_data/lib/python3.7/site-packages/airflow/example_dags/example_xcom.py took 0.889 seconds
[2022-07-31 09:16:38,788] {processor.py:153} INFO - Started process (PID=99495) to work on /Users/pro/Documents/a_env/proj_data/lib/python3.7/site-packages/airflow/example_dags/example_xcom.py
[2022-07-31 09:16:38,791] {processor.py:641} INFO - Processing file /Users/pro/Documents/a_env/proj_data/lib/python3.7/site-packages/airflow/example_dags/example_xcom.py for tasks to queue
[2022-07-31 09:16:38,795] {logging_mixin.py:115} INFO - [2022-07-31 09:16:38,794] {dagbag.py:508} INFO - Filling up the DagBag from /Users/pro/Documents/a_env/proj_data/lib/python3.7/site-packages/airflow/example_dags/example_xcom.py
[2022-07-31 09:16:38,882] {processor.py:651} INFO - DAG(s) dict_keys(['example_xcom']) retrieved from /Users/pro/Documents/a_env/proj_data/lib/python3.7/site-packages/airflow/example_dags/example_xcom.py
[2022-07-31 09:16:38,935] {logging_mixin.py:115} INFO - [2022-07-31 09:16:38,934] {dag.py:2420} INFO - Sync 1 DAGs
[2022-07-31 09:16:38,984] {logging_mixin.py:115} INFO - [2022-07-31 09:16:38,983] {dag.py:2972} INFO - Setting next_dagrun for example_xcom to 2021-01-01T00:00:00+00:00, run_after=2021-01-01T00:00:00+00:00
[2022-07-31 09:16:39,016] {processor.py:161} INFO - Processing /Users/pro/Documents/a_env/proj_data/lib/python3.7/site-packages/airflow/example_dags/example_xcom.py took 0.241 seconds
[2022-07-31 10:15:08,039] {processor.py:153} INFO - Started process (PID=99561) to work on /Users/pro/Documents/a_env/proj_data/lib/python3.7/site-packages/airflow/example_dags/example_xcom.py
[2022-07-31 10:15:08,040] {processor.py:641} INFO - Processing file /Users/pro/Documents/a_env/proj_data/lib/python3.7/site-packages/airflow/example_dags/example_xcom.py for tasks to queue
[2022-07-31 10:15:08,041] {logging_mixin.py:115} INFO - [2022-07-31 10:15:08,041] {dagbag.py:508} INFO - Filling up the DagBag from /Users/pro/Documents/a_env/proj_data/lib/python3.7/site-packages/airflow/example_dags/example_xcom.py
[2022-07-31 10:15:08,062] {processor.py:651} INFO - DAG(s) dict_keys(['example_xcom']) retrieved from /Users/pro/Documents/a_env/proj_data/lib/python3.7/site-packages/airflow/example_dags/example_xcom.py
[2022-07-31 10:15:08,119] {logging_mixin.py:115} INFO - [2022-07-31 10:15:08,119] {dag.py:2420} INFO - Sync 1 DAGs
[2022-07-31 10:15:08,133] {logging_mixin.py:115} INFO - [2022-07-31 10:15:08,133] {dag.py:2972} INFO - Setting next_dagrun for example_xcom to 2021-01-01T00:00:00+00:00, run_after=2021-01-01T00:00:00+00:00
[2022-07-31 10:15:08,146] {processor.py:161} INFO - Processing /Users/pro/Documents/a_env/proj_data/lib/python3.7/site-packages/airflow/example_dags/example_xcom.py took 0.111 seconds
[2022-07-31 17:25:19,945] {processor.py:153} INFO - Started process (PID=99654) to work on /Users/pro/Documents/a_env/proj_data/lib/python3.7/site-packages/airflow/example_dags/example_xcom.py
[2022-07-31 17:25:19,947] {processor.py:641} INFO - Processing file /Users/pro/Documents/a_env/proj_data/lib/python3.7/site-packages/airflow/example_dags/example_xcom.py for tasks to queue
[2022-07-31 17:25:19,948] {logging_mixin.py:115} INFO - [2022-07-31 17:25:19,948] {dagbag.py:508} INFO - Filling up the DagBag from /Users/pro/Documents/a_env/proj_data/lib/python3.7/site-packages/airflow/example_dags/example_xcom.py
[2022-07-31 17:25:20,047] {processor.py:651} INFO - DAG(s) dict_keys(['example_xcom']) retrieved from /Users/pro/Documents/a_env/proj_data/lib/python3.7/site-packages/airflow/example_dags/example_xcom.py
[2022-07-31 17:25:20,088] {logging_mixin.py:115} INFO - [2022-07-31 17:25:20,088] {dag.py:2420} INFO - Sync 1 DAGs
[2022-07-31 17:25:20,244] {logging_mixin.py:115} INFO - [2022-07-31 17:25:20,243] {dag.py:2972} INFO - Setting next_dagrun for example_xcom to 2021-01-01T00:00:00+00:00, run_after=2021-01-01T00:00:00+00:00
[2022-07-31 17:25:20,263] {processor.py:161} INFO - Processing /Users/pro/Documents/a_env/proj_data/lib/python3.7/site-packages/airflow/example_dags/example_xcom.py took 0.330 seconds
[2022-07-31 21:26:07,018] {processor.py:153} INFO - Started process (PID=99742) to work on /Users/pro/Documents/a_env/proj_data/lib/python3.7/site-packages/airflow/example_dags/example_xcom.py
[2022-07-31 21:26:07,019] {processor.py:641} INFO - Processing file /Users/pro/Documents/a_env/proj_data/lib/python3.7/site-packages/airflow/example_dags/example_xcom.py for tasks to queue
[2022-07-31 21:26:07,021] {logging_mixin.py:115} INFO - [2022-07-31 21:26:07,020] {dagbag.py:508} INFO - Filling up the DagBag from /Users/pro/Documents/a_env/proj_data/lib/python3.7/site-packages/airflow/example_dags/example_xcom.py
[2022-07-31 21:26:07,042] {processor.py:651} INFO - DAG(s) dict_keys(['example_xcom']) retrieved from /Users/pro/Documents/a_env/proj_data/lib/python3.7/site-packages/airflow/example_dags/example_xcom.py
[2022-07-31 21:26:07,099] {logging_mixin.py:115} INFO - [2022-07-31 21:26:07,099] {dag.py:2420} INFO - Sync 1 DAGs
[2022-07-31 21:26:07,115] {logging_mixin.py:115} INFO - [2022-07-31 21:26:07,114] {dag.py:2972} INFO - Setting next_dagrun for example_xcom to 2021-01-01T00:00:00+00:00, run_after=2021-01-01T00:00:00+00:00
[2022-07-31 21:26:07,128] {processor.py:161} INFO - Processing /Users/pro/Documents/a_env/proj_data/lib/python3.7/site-packages/airflow/example_dags/example_xcom.py took 0.113 seconds
[2022-08-01 03:25:25,997] {processor.py:153} INFO - Started process (PID=99820) to work on /Users/pro/Documents/a_env/proj_data/lib/python3.7/site-packages/airflow/example_dags/example_xcom.py
[2022-08-01 03:25:26,015] {processor.py:641} INFO - Processing file /Users/pro/Documents/a_env/proj_data/lib/python3.7/site-packages/airflow/example_dags/example_xcom.py for tasks to queue
[2022-08-01 03:25:26,016] {logging_mixin.py:115} INFO - [2022-08-01 03:25:26,016] {dagbag.py:508} INFO - Filling up the DagBag from /Users/pro/Documents/a_env/proj_data/lib/python3.7/site-packages/airflow/example_dags/example_xcom.py
[2022-08-01 03:25:26,038] {processor.py:651} INFO - DAG(s) dict_keys(['example_xcom']) retrieved from /Users/pro/Documents/a_env/proj_data/lib/python3.7/site-packages/airflow/example_dags/example_xcom.py
[2022-08-01 03:25:26,093] {logging_mixin.py:115} INFO - [2022-08-01 03:25:26,093] {dag.py:2420} INFO - Sync 1 DAGs
[2022-08-01 03:25:26,108] {logging_mixin.py:115} INFO - [2022-08-01 03:25:26,107] {dag.py:2972} INFO - Setting next_dagrun for example_xcom to 2021-01-01T00:00:00+00:00, run_after=2021-01-01T00:00:00+00:00
[2022-08-01 03:25:26,123] {processor.py:161} INFO - Processing /Users/pro/Documents/a_env/proj_data/lib/python3.7/site-packages/airflow/example_dags/example_xcom.py took 0.131 seconds
