[2022-07-31 08:01:14,057] {processor.py:153} INFO - Started process (PID=98972) to work on /Users/pro/Documents/a_env/proj_data/lib/python3.7/site-packages/airflow/example_dags/example_latest_only_with_trigger.py
[2022-07-31 08:01:14,065] {processor.py:641} INFO - Processing file /Users/pro/Documents/a_env/proj_data/lib/python3.7/site-packages/airflow/example_dags/example_latest_only_with_trigger.py for tasks to queue
[2022-07-31 08:01:14,073] {logging_mixin.py:115} INFO - [2022-07-31 08:01:14,071] {dagbag.py:508} INFO - Filling up the DagBag from /Users/pro/Documents/a_env/proj_data/lib/python3.7/site-packages/airflow/example_dags/example_latest_only_with_trigger.py
[2022-07-31 08:01:14,169] {processor.py:651} INFO - DAG(s) dict_keys(['latest_only_with_trigger']) retrieved from /Users/pro/Documents/a_env/proj_data/lib/python3.7/site-packages/airflow/example_dags/example_latest_only_with_trigger.py
[2022-07-31 08:01:14,480] {logging_mixin.py:115} INFO - [2022-07-31 08:01:14,477] {dag.py:2420} INFO - Sync 1 DAGs
[2022-07-31 08:01:14,661] {logging_mixin.py:115} INFO - [2022-07-31 08:01:14,659] {dag.py:2972} INFO - Setting next_dagrun for latest_only_with_trigger to 2022-07-30T20:01:14.656647+00:00, run_after=2022-07-31T00:01:14.656647+00:00
[2022-07-31 08:01:14,785] {processor.py:161} INFO - Processing /Users/pro/Documents/a_env/proj_data/lib/python3.7/site-packages/airflow/example_dags/example_latest_only_with_trigger.py took 0.760 seconds
[2022-07-31 08:16:04,442] {processor.py:153} INFO - Started process (PID=99058) to work on /Users/pro/Documents/a_env/proj_data/lib/python3.7/site-packages/airflow/example_dags/example_latest_only_with_trigger.py
[2022-07-31 08:16:04,450] {processor.py:641} INFO - Processing file /Users/pro/Documents/a_env/proj_data/lib/python3.7/site-packages/airflow/example_dags/example_latest_only_with_trigger.py for tasks to queue
[2022-07-31 08:16:04,461] {logging_mixin.py:115} INFO - [2022-07-31 08:16:04,458] {dagbag.py:508} INFO - Filling up the DagBag from /Users/pro/Documents/a_env/proj_data/lib/python3.7/site-packages/airflow/example_dags/example_latest_only_with_trigger.py
[2022-07-31 08:16:04,531] {processor.py:651} INFO - DAG(s) dict_keys(['latest_only_with_trigger']) retrieved from /Users/pro/Documents/a_env/proj_data/lib/python3.7/site-packages/airflow/example_dags/example_latest_only_with_trigger.py
[2022-07-31 08:16:04,680] {logging_mixin.py:115} INFO - [2022-07-31 08:16:04,678] {dag.py:2420} INFO - Sync 1 DAGs
[2022-07-31 08:16:04,829] {logging_mixin.py:115} INFO - [2022-07-31 08:16:04,825] {dag.py:2972} INFO - Setting next_dagrun for latest_only_with_trigger to 2022-07-30T20:16:04.823580+00:00, run_after=2022-07-31T00:16:04.823580+00:00
[2022-07-31 08:16:04,938] {processor.py:161} INFO - Processing /Users/pro/Documents/a_env/proj_data/lib/python3.7/site-packages/airflow/example_dags/example_latest_only_with_trigger.py took 0.537 seconds
[2022-07-31 08:31:06,749] {processor.py:153} INFO - Started process (PID=99124) to work on /Users/pro/Documents/a_env/proj_data/lib/python3.7/site-packages/airflow/example_dags/example_latest_only_with_trigger.py
[2022-07-31 08:31:06,756] {processor.py:641} INFO - Processing file /Users/pro/Documents/a_env/proj_data/lib/python3.7/site-packages/airflow/example_dags/example_latest_only_with_trigger.py for tasks to queue
[2022-07-31 08:31:06,766] {logging_mixin.py:115} INFO - [2022-07-31 08:31:06,764] {dagbag.py:508} INFO - Filling up the DagBag from /Users/pro/Documents/a_env/proj_data/lib/python3.7/site-packages/airflow/example_dags/example_latest_only_with_trigger.py
[2022-07-31 08:31:06,843] {processor.py:651} INFO - DAG(s) dict_keys(['latest_only_with_trigger']) retrieved from /Users/pro/Documents/a_env/proj_data/lib/python3.7/site-packages/airflow/example_dags/example_latest_only_with_trigger.py
[2022-07-31 08:31:06,998] {logging_mixin.py:115} INFO - [2022-07-31 08:31:06,995] {dag.py:2420} INFO - Sync 1 DAGs
[2022-07-31 08:31:07,147] {logging_mixin.py:115} INFO - [2022-07-31 08:31:07,144] {dag.py:2972} INFO - Setting next_dagrun for latest_only_with_trigger to 2022-07-30T20:31:07.142696+00:00, run_after=2022-07-31T00:31:07.142696+00:00
[2022-07-31 08:31:07,240] {processor.py:161} INFO - Processing /Users/pro/Documents/a_env/proj_data/lib/python3.7/site-packages/airflow/example_dags/example_latest_only_with_trigger.py took 0.523 seconds
[2022-07-31 08:31:53,250] {processor.py:153} INFO - Started process (PID=99170) to work on /Users/pro/Documents/a_env/proj_data/lib/python3.7/site-packages/airflow/example_dags/example_latest_only_with_trigger.py
[2022-07-31 08:31:53,251] {processor.py:641} INFO - Processing file /Users/pro/Documents/a_env/proj_data/lib/python3.7/site-packages/airflow/example_dags/example_latest_only_with_trigger.py for tasks to queue
[2022-07-31 08:31:53,253] {logging_mixin.py:115} INFO - [2022-07-31 08:31:53,252] {dagbag.py:508} INFO - Filling up the DagBag from /Users/pro/Documents/a_env/proj_data/lib/python3.7/site-packages/airflow/example_dags/example_latest_only_with_trigger.py
[2022-07-31 08:31:53,264] {processor.py:651} INFO - DAG(s) dict_keys(['latest_only_with_trigger']) retrieved from /Users/pro/Documents/a_env/proj_data/lib/python3.7/site-packages/airflow/example_dags/example_latest_only_with_trigger.py
[2022-07-31 08:31:53,287] {logging_mixin.py:115} INFO - [2022-07-31 08:31:53,287] {dag.py:2420} INFO - Sync 1 DAGs
[2022-07-31 08:31:53,310] {logging_mixin.py:115} INFO - [2022-07-31 08:31:53,309] {dag.py:2972} INFO - Setting next_dagrun for latest_only_with_trigger to 2022-07-30T20:31:53.309299+00:00, run_after=2022-07-31T00:31:53.309299+00:00
[2022-07-31 08:31:53,324] {processor.py:161} INFO - Processing /Users/pro/Documents/a_env/proj_data/lib/python3.7/site-packages/airflow/example_dags/example_latest_only_with_trigger.py took 0.078 seconds
[2022-07-31 08:32:30,731] {processor.py:153} INFO - Started process (PID=99217) to work on /Users/pro/Documents/a_env/proj_data/lib/python3.7/site-packages/airflow/example_dags/example_latest_only_with_trigger.py
[2022-07-31 08:32:30,732] {processor.py:641} INFO - Processing file /Users/pro/Documents/a_env/proj_data/lib/python3.7/site-packages/airflow/example_dags/example_latest_only_with_trigger.py for tasks to queue
[2022-07-31 08:32:30,734] {logging_mixin.py:115} INFO - [2022-07-31 08:32:30,733] {dagbag.py:508} INFO - Filling up the DagBag from /Users/pro/Documents/a_env/proj_data/lib/python3.7/site-packages/airflow/example_dags/example_latest_only_with_trigger.py
[2022-07-31 08:32:30,747] {processor.py:651} INFO - DAG(s) dict_keys(['latest_only_with_trigger']) retrieved from /Users/pro/Documents/a_env/proj_data/lib/python3.7/site-packages/airflow/example_dags/example_latest_only_with_trigger.py
[2022-07-31 08:32:30,774] {logging_mixin.py:115} INFO - [2022-07-31 08:32:30,773] {dag.py:2420} INFO - Sync 1 DAGs
[2022-07-31 08:32:30,801] {logging_mixin.py:115} INFO - [2022-07-31 08:32:30,800] {dag.py:2972} INFO - Setting next_dagrun for latest_only_with_trigger to 2022-07-30T20:32:30.800313+00:00, run_after=2022-07-31T00:32:30.800313+00:00
[2022-07-31 08:32:30,817] {processor.py:161} INFO - Processing /Users/pro/Documents/a_env/proj_data/lib/python3.7/site-packages/airflow/example_dags/example_latest_only_with_trigger.py took 0.093 seconds
[2022-07-31 08:33:08,607] {processor.py:153} INFO - Started process (PID=99279) to work on /Users/pro/Documents/a_env/proj_data/lib/python3.7/site-packages/airflow/example_dags/example_latest_only_with_trigger.py
[2022-07-31 08:33:08,608] {processor.py:641} INFO - Processing file /Users/pro/Documents/a_env/proj_data/lib/python3.7/site-packages/airflow/example_dags/example_latest_only_with_trigger.py for tasks to queue
[2022-07-31 08:33:08,610] {logging_mixin.py:115} INFO - [2022-07-31 08:33:08,609] {dagbag.py:508} INFO - Filling up the DagBag from /Users/pro/Documents/a_env/proj_data/lib/python3.7/site-packages/airflow/example_dags/example_latest_only_with_trigger.py
[2022-07-31 08:33:08,621] {processor.py:651} INFO - DAG(s) dict_keys(['latest_only_with_trigger']) retrieved from /Users/pro/Documents/a_env/proj_data/lib/python3.7/site-packages/airflow/example_dags/example_latest_only_with_trigger.py
[2022-07-31 08:33:08,643] {logging_mixin.py:115} INFO - [2022-07-31 08:33:08,642] {dag.py:2420} INFO - Sync 1 DAGs
[2022-07-31 08:33:08,664] {logging_mixin.py:115} INFO - [2022-07-31 08:33:08,664] {dag.py:2972} INFO - Setting next_dagrun for latest_only_with_trigger to 2022-07-30T20:33:08.663978+00:00, run_after=2022-07-31T00:33:08.663978+00:00
[2022-07-31 08:33:08,677] {processor.py:161} INFO - Processing /Users/pro/Documents/a_env/proj_data/lib/python3.7/site-packages/airflow/example_dags/example_latest_only_with_trigger.py took 0.075 seconds
[2022-07-31 08:33:44,658] {processor.py:153} INFO - Started process (PID=99321) to work on /Users/pro/Documents/a_env/proj_data/lib/python3.7/site-packages/airflow/example_dags/example_latest_only_with_trigger.py
[2022-07-31 08:33:44,659] {processor.py:641} INFO - Processing file /Users/pro/Documents/a_env/proj_data/lib/python3.7/site-packages/airflow/example_dags/example_latest_only_with_trigger.py for tasks to queue
[2022-07-31 08:33:44,661] {logging_mixin.py:115} INFO - [2022-07-31 08:33:44,660] {dagbag.py:508} INFO - Filling up the DagBag from /Users/pro/Documents/a_env/proj_data/lib/python3.7/site-packages/airflow/example_dags/example_latest_only_with_trigger.py
[2022-07-31 08:33:44,670] {processor.py:651} INFO - DAG(s) dict_keys(['latest_only_with_trigger']) retrieved from /Users/pro/Documents/a_env/proj_data/lib/python3.7/site-packages/airflow/example_dags/example_latest_only_with_trigger.py
[2022-07-31 08:33:44,692] {logging_mixin.py:115} INFO - [2022-07-31 08:33:44,691] {dag.py:2420} INFO - Sync 1 DAGs
[2022-07-31 08:33:44,713] {logging_mixin.py:115} INFO - [2022-07-31 08:33:44,713] {dag.py:2972} INFO - Setting next_dagrun for latest_only_with_trigger to 2022-07-30T20:33:44.712770+00:00, run_after=2022-07-31T00:33:44.712770+00:00
[2022-07-31 08:33:44,727] {processor.py:161} INFO - Processing /Users/pro/Documents/a_env/proj_data/lib/python3.7/site-packages/airflow/example_dags/example_latest_only_with_trigger.py took 0.074 seconds
[2022-07-31 08:46:08,415] {processor.py:153} INFO - Started process (PID=99381) to work on /Users/pro/Documents/a_env/proj_data/lib/python3.7/site-packages/airflow/example_dags/example_latest_only_with_trigger.py
[2022-07-31 08:46:08,421] {processor.py:641} INFO - Processing file /Users/pro/Documents/a_env/proj_data/lib/python3.7/site-packages/airflow/example_dags/example_latest_only_with_trigger.py for tasks to queue
[2022-07-31 08:46:08,429] {logging_mixin.py:115} INFO - [2022-07-31 08:46:08,427] {dagbag.py:508} INFO - Filling up the DagBag from /Users/pro/Documents/a_env/proj_data/lib/python3.7/site-packages/airflow/example_dags/example_latest_only_with_trigger.py
[2022-07-31 08:46:08,489] {processor.py:651} INFO - DAG(s) dict_keys(['latest_only_with_trigger']) retrieved from /Users/pro/Documents/a_env/proj_data/lib/python3.7/site-packages/airflow/example_dags/example_latest_only_with_trigger.py
[2022-07-31 08:46:08,649] {logging_mixin.py:115} INFO - [2022-07-31 08:46:08,647] {dag.py:2420} INFO - Sync 1 DAGs
[2022-07-31 08:46:08,810] {logging_mixin.py:115} INFO - [2022-07-31 08:46:08,807] {dag.py:2972} INFO - Setting next_dagrun for latest_only_with_trigger to 2022-07-30T20:46:08.805571+00:00, run_after=2022-07-31T00:46:08.805571+00:00
[2022-07-31 08:46:08,892] {processor.py:161} INFO - Processing /Users/pro/Documents/a_env/proj_data/lib/python3.7/site-packages/airflow/example_dags/example_latest_only_with_trigger.py took 0.507 seconds
[2022-07-31 09:01:15,622] {processor.py:153} INFO - Started process (PID=99430) to work on /Users/pro/Documents/a_env/proj_data/lib/python3.7/site-packages/airflow/example_dags/example_latest_only_with_trigger.py
[2022-07-31 09:01:15,628] {processor.py:641} INFO - Processing file /Users/pro/Documents/a_env/proj_data/lib/python3.7/site-packages/airflow/example_dags/example_latest_only_with_trigger.py for tasks to queue
[2022-07-31 09:01:15,635] {logging_mixin.py:115} INFO - [2022-07-31 09:01:15,633] {dagbag.py:508} INFO - Filling up the DagBag from /Users/pro/Documents/a_env/proj_data/lib/python3.7/site-packages/airflow/example_dags/example_latest_only_with_trigger.py
[2022-07-31 09:01:15,697] {processor.py:651} INFO - DAG(s) dict_keys(['latest_only_with_trigger']) retrieved from /Users/pro/Documents/a_env/proj_data/lib/python3.7/site-packages/airflow/example_dags/example_latest_only_with_trigger.py
[2022-07-31 09:01:15,883] {logging_mixin.py:115} INFO - [2022-07-31 09:01:15,880] {dag.py:2420} INFO - Sync 1 DAGs
[2022-07-31 09:01:16,026] {logging_mixin.py:115} INFO - [2022-07-31 09:01:16,024] {dag.py:2972} INFO - Setting next_dagrun for latest_only_with_trigger to 2022-07-30T21:01:16.021934+00:00, run_after=2022-07-31T01:01:16.021934+00:00
[2022-07-31 09:01:16,114] {processor.py:161} INFO - Processing /Users/pro/Documents/a_env/proj_data/lib/python3.7/site-packages/airflow/example_dags/example_latest_only_with_trigger.py took 0.523 seconds
[2022-07-31 09:16:12,782] {processor.py:153} INFO - Started process (PID=99478) to work on /Users/pro/Documents/a_env/proj_data/lib/python3.7/site-packages/airflow/example_dags/example_latest_only_with_trigger.py
[2022-07-31 09:16:12,789] {processor.py:641} INFO - Processing file /Users/pro/Documents/a_env/proj_data/lib/python3.7/site-packages/airflow/example_dags/example_latest_only_with_trigger.py for tasks to queue
[2022-07-31 09:16:12,799] {logging_mixin.py:115} INFO - [2022-07-31 09:16:12,796] {dagbag.py:508} INFO - Filling up the DagBag from /Users/pro/Documents/a_env/proj_data/lib/python3.7/site-packages/airflow/example_dags/example_latest_only_with_trigger.py
[2022-07-31 09:16:12,862] {processor.py:651} INFO - DAG(s) dict_keys(['latest_only_with_trigger']) retrieved from /Users/pro/Documents/a_env/proj_data/lib/python3.7/site-packages/airflow/example_dags/example_latest_only_with_trigger.py
[2022-07-31 09:16:13,018] {logging_mixin.py:115} INFO - [2022-07-31 09:16:13,015] {dag.py:2420} INFO - Sync 1 DAGs
[2022-07-31 09:16:13,164] {logging_mixin.py:115} INFO - [2022-07-31 09:16:13,162] {dag.py:2972} INFO - Setting next_dagrun for latest_only_with_trigger to 2022-07-30T21:16:13.159840+00:00, run_after=2022-07-31T01:16:13.159840+00:00
[2022-07-31 09:16:13,253] {processor.py:161} INFO - Processing /Users/pro/Documents/a_env/proj_data/lib/python3.7/site-packages/airflow/example_dags/example_latest_only_with_trigger.py took 0.501 seconds
[2022-07-31 13:25:11,290] {processor.py:153} INFO - Started process (PID=99609) to work on /Users/pro/Documents/a_env/proj_data/lib/python3.7/site-packages/airflow/example_dags/example_latest_only_with_trigger.py
[2022-07-31 13:25:11,291] {processor.py:641} INFO - Processing file /Users/pro/Documents/a_env/proj_data/lib/python3.7/site-packages/airflow/example_dags/example_latest_only_with_trigger.py for tasks to queue
[2022-07-31 13:25:11,292] {logging_mixin.py:115} INFO - [2022-07-31 13:25:11,292] {dagbag.py:508} INFO - Filling up the DagBag from /Users/pro/Documents/a_env/proj_data/lib/python3.7/site-packages/airflow/example_dags/example_latest_only_with_trigger.py
[2022-07-31 13:25:11,316] {processor.py:651} INFO - DAG(s) dict_keys(['latest_only_with_trigger']) retrieved from /Users/pro/Documents/a_env/proj_data/lib/python3.7/site-packages/airflow/example_dags/example_latest_only_with_trigger.py
[2022-07-31 13:25:11,350] {logging_mixin.py:115} INFO - [2022-07-31 13:25:11,349] {dag.py:2420} INFO - Sync 1 DAGs
[2022-07-31 13:25:11,383] {logging_mixin.py:115} INFO - [2022-07-31 13:25:11,383] {dag.py:2972} INFO - Setting next_dagrun for latest_only_with_trigger to 2022-07-31T01:25:11.382855+00:00, run_after=2022-07-31T05:25:11.382855+00:00
[2022-07-31 13:25:11,399] {processor.py:161} INFO - Processing /Users/pro/Documents/a_env/proj_data/lib/python3.7/site-packages/airflow/example_dags/example_latest_only_with_trigger.py took 0.119 seconds
[2022-07-31 20:25:30,434] {processor.py:153} INFO - Started process (PID=99689) to work on /Users/pro/Documents/a_env/proj_data/lib/python3.7/site-packages/airflow/example_dags/example_latest_only_with_trigger.py
[2022-07-31 20:25:30,435] {processor.py:641} INFO - Processing file /Users/pro/Documents/a_env/proj_data/lib/python3.7/site-packages/airflow/example_dags/example_latest_only_with_trigger.py for tasks to queue
[2022-07-31 20:25:30,436] {logging_mixin.py:115} INFO - [2022-07-31 20:25:30,435] {dagbag.py:508} INFO - Filling up the DagBag from /Users/pro/Documents/a_env/proj_data/lib/python3.7/site-packages/airflow/example_dags/example_latest_only_with_trigger.py
[2022-07-31 20:25:30,444] {processor.py:651} INFO - DAG(s) dict_keys(['latest_only_with_trigger']) retrieved from /Users/pro/Documents/a_env/proj_data/lib/python3.7/site-packages/airflow/example_dags/example_latest_only_with_trigger.py
[2022-07-31 20:25:30,461] {logging_mixin.py:115} INFO - [2022-07-31 20:25:30,461] {dag.py:2420} INFO - Sync 1 DAGs
[2022-07-31 20:25:30,481] {logging_mixin.py:115} INFO - [2022-07-31 20:25:30,481] {dag.py:2972} INFO - Setting next_dagrun for latest_only_with_trigger to 2022-07-31T08:25:30.480949+00:00, run_after=2022-07-31T12:25:30.480949+00:00
[2022-07-31 20:25:30,494] {processor.py:161} INFO - Processing /Users/pro/Documents/a_env/proj_data/lib/python3.7/site-packages/airflow/example_dags/example_latest_only_with_trigger.py took 0.064 seconds
[2022-07-31 22:55:21,268] {processor.py:153} INFO - Started process (PID=99775) to work on /Users/pro/Documents/a_env/proj_data/lib/python3.7/site-packages/airflow/example_dags/example_latest_only_with_trigger.py
[2022-07-31 22:55:21,895] {processor.py:641} INFO - Processing file /Users/pro/Documents/a_env/proj_data/lib/python3.7/site-packages/airflow/example_dags/example_latest_only_with_trigger.py for tasks to queue
[2022-07-31 22:55:21,898] {logging_mixin.py:115} INFO - [2022-07-31 22:55:21,896] {dagbag.py:508} INFO - Filling up the DagBag from /Users/pro/Documents/a_env/proj_data/lib/python3.7/site-packages/airflow/example_dags/example_latest_only_with_trigger.py
[2022-07-31 22:55:21,931] {processor.py:651} INFO - DAG(s) dict_keys(['latest_only_with_trigger']) retrieved from /Users/pro/Documents/a_env/proj_data/lib/python3.7/site-packages/airflow/example_dags/example_latest_only_with_trigger.py
[2022-07-31 22:55:21,968] {logging_mixin.py:115} INFO - [2022-07-31 22:55:21,967] {dag.py:2420} INFO - Sync 1 DAGs
[2022-07-31 22:55:22,085] {logging_mixin.py:115} INFO - [2022-07-31 22:55:22,084] {dag.py:2972} INFO - Setting next_dagrun for latest_only_with_trigger to 2022-07-31T10:55:22.084037+00:00, run_after=2022-07-31T14:55:22.084037+00:00
[2022-07-31 22:55:22,132] {processor.py:161} INFO - Processing /Users/pro/Documents/a_env/proj_data/lib/python3.7/site-packages/airflow/example_dags/example_latest_only_with_trigger.py took 0.886 seconds
