[2022-07-31 08:00:40,081] {processor.py:153} INFO - Started process (PID=98947) to work on /Users/pro/Documents/a_env/proj_data/lib/python3.7/site-packages/airflow/example_dags/tutorial.py
[2022-07-31 08:00:40,087] {processor.py:641} INFO - Processing file /Users/pro/Documents/a_env/proj_data/lib/python3.7/site-packages/airflow/example_dags/tutorial.py for tasks to queue
[2022-07-31 08:00:40,095] {logging_mixin.py:115} INFO - [2022-07-31 08:00:40,093] {dagbag.py:508} INFO - Filling up the DagBag from /Users/pro/Documents/a_env/proj_data/lib/python3.7/site-packages/airflow/example_dags/tutorial.py
[2022-07-31 08:00:40,163] {processor.py:651} INFO - DAG(s) dict_keys(['tutorial']) retrieved from /Users/pro/Documents/a_env/proj_data/lib/python3.7/site-packages/airflow/example_dags/tutorial.py
[2022-07-31 08:00:40,333] {logging_mixin.py:115} INFO - [2022-07-31 08:00:40,331] {dag.py:2420} INFO - Sync 1 DAGs
[2022-07-31 08:00:40,477] {logging_mixin.py:115} INFO - [2022-07-31 08:00:40,474] {dag.py:2972} INFO - Setting next_dagrun for tutorial to 2022-07-30T00:00:40.472436+00:00, run_after=2022-07-31T00:00:40.472436+00:00
[2022-07-31 08:00:40,561] {processor.py:161} INFO - Processing /Users/pro/Documents/a_env/proj_data/lib/python3.7/site-packages/airflow/example_dags/tutorial.py took 0.511 seconds
[2022-07-31 08:01:35,825] {processor.py:153} INFO - Started process (PID=98991) to work on /Users/pro/Documents/a_env/proj_data/lib/python3.7/site-packages/airflow/example_dags/tutorial.py
[2022-07-31 08:01:35,831] {processor.py:641} INFO - Processing file /Users/pro/Documents/a_env/proj_data/lib/python3.7/site-packages/airflow/example_dags/tutorial.py for tasks to queue
[2022-07-31 08:01:35,835] {logging_mixin.py:115} INFO - [2022-07-31 08:01:35,834] {dagbag.py:508} INFO - Filling up the DagBag from /Users/pro/Documents/a_env/proj_data/lib/python3.7/site-packages/airflow/example_dags/tutorial.py
[2022-07-31 08:01:35,859] {processor.py:651} INFO - DAG(s) dict_keys(['tutorial']) retrieved from /Users/pro/Documents/a_env/proj_data/lib/python3.7/site-packages/airflow/example_dags/tutorial.py
[2022-07-31 08:01:35,927] {logging_mixin.py:115} INFO - [2022-07-31 08:01:35,927] {dag.py:2420} INFO - Sync 1 DAGs
[2022-07-31 08:01:35,980] {logging_mixin.py:115} INFO - [2022-07-31 08:01:35,979] {dag.py:2972} INFO - Setting next_dagrun for tutorial to 2022-07-30T00:01:35.978651+00:00, run_after=2022-07-31T00:01:35.978651+00:00
[2022-07-31 08:01:36,013] {processor.py:161} INFO - Processing /Users/pro/Documents/a_env/proj_data/lib/python3.7/site-packages/airflow/example_dags/tutorial.py took 0.198 seconds
[2022-07-31 08:15:34,703] {processor.py:153} INFO - Started process (PID=99033) to work on /Users/pro/Documents/a_env/proj_data/lib/python3.7/site-packages/airflow/example_dags/tutorial.py
[2022-07-31 08:15:34,704] {processor.py:641} INFO - Processing file /Users/pro/Documents/a_env/proj_data/lib/python3.7/site-packages/airflow/example_dags/tutorial.py for tasks to queue
[2022-07-31 08:15:34,705] {logging_mixin.py:115} INFO - [2022-07-31 08:15:34,705] {dagbag.py:508} INFO - Filling up the DagBag from /Users/pro/Documents/a_env/proj_data/lib/python3.7/site-packages/airflow/example_dags/tutorial.py
[2022-07-31 08:15:34,713] {processor.py:651} INFO - DAG(s) dict_keys(['tutorial']) retrieved from /Users/pro/Documents/a_env/proj_data/lib/python3.7/site-packages/airflow/example_dags/tutorial.py
[2022-07-31 08:15:34,733] {logging_mixin.py:115} INFO - [2022-07-31 08:15:34,732] {dag.py:2420} INFO - Sync 1 DAGs
[2022-07-31 08:15:34,752] {logging_mixin.py:115} INFO - [2022-07-31 08:15:34,752] {dag.py:2972} INFO - Setting next_dagrun for tutorial to 2022-07-30T00:15:34.752128+00:00, run_after=2022-07-31T00:15:34.752128+00:00
[2022-07-31 08:15:34,766] {processor.py:161} INFO - Processing /Users/pro/Documents/a_env/proj_data/lib/python3.7/site-packages/airflow/example_dags/tutorial.py took 0.068 seconds
[2022-07-31 08:30:37,180] {processor.py:153} INFO - Started process (PID=99098) to work on /Users/pro/Documents/a_env/proj_data/lib/python3.7/site-packages/airflow/example_dags/tutorial.py
[2022-07-31 08:30:37,181] {processor.py:641} INFO - Processing file /Users/pro/Documents/a_env/proj_data/lib/python3.7/site-packages/airflow/example_dags/tutorial.py for tasks to queue
[2022-07-31 08:30:37,182] {logging_mixin.py:115} INFO - [2022-07-31 08:30:37,182] {dagbag.py:508} INFO - Filling up the DagBag from /Users/pro/Documents/a_env/proj_data/lib/python3.7/site-packages/airflow/example_dags/tutorial.py
[2022-07-31 08:30:37,190] {processor.py:651} INFO - DAG(s) dict_keys(['tutorial']) retrieved from /Users/pro/Documents/a_env/proj_data/lib/python3.7/site-packages/airflow/example_dags/tutorial.py
[2022-07-31 08:30:37,208] {logging_mixin.py:115} INFO - [2022-07-31 08:30:37,208] {dag.py:2420} INFO - Sync 1 DAGs
[2022-07-31 08:30:37,226] {logging_mixin.py:115} INFO - [2022-07-31 08:30:37,226] {dag.py:2972} INFO - Setting next_dagrun for tutorial to 2022-07-30T00:30:37.225917+00:00, run_after=2022-07-31T00:30:37.225917+00:00
[2022-07-31 08:30:37,237] {processor.py:161} INFO - Processing /Users/pro/Documents/a_env/proj_data/lib/python3.7/site-packages/airflow/example_dags/tutorial.py took 0.061 seconds
[2022-07-31 08:31:35,776] {processor.py:153} INFO - Started process (PID=99146) to work on /Users/pro/Documents/a_env/proj_data/lib/python3.7/site-packages/airflow/example_dags/tutorial.py
[2022-07-31 08:31:35,788] {processor.py:641} INFO - Processing file /Users/pro/Documents/a_env/proj_data/lib/python3.7/site-packages/airflow/example_dags/tutorial.py for tasks to queue
[2022-07-31 08:31:35,791] {logging_mixin.py:115} INFO - [2022-07-31 08:31:35,790] {dagbag.py:508} INFO - Filling up the DagBag from /Users/pro/Documents/a_env/proj_data/lib/python3.7/site-packages/airflow/example_dags/tutorial.py
[2022-07-31 08:31:35,815] {processor.py:651} INFO - DAG(s) dict_keys(['tutorial']) retrieved from /Users/pro/Documents/a_env/proj_data/lib/python3.7/site-packages/airflow/example_dags/tutorial.py
[2022-07-31 08:31:35,873] {logging_mixin.py:115} INFO - [2022-07-31 08:31:35,872] {dag.py:2420} INFO - Sync 1 DAGs
[2022-07-31 08:31:35,938] {logging_mixin.py:115} INFO - [2022-07-31 08:31:35,937] {dag.py:2972} INFO - Setting next_dagrun for tutorial to 2022-07-30T00:31:35.936278+00:00, run_after=2022-07-31T00:31:35.936278+00:00
[2022-07-31 08:31:35,974] {processor.py:161} INFO - Processing /Users/pro/Documents/a_env/proj_data/lib/python3.7/site-packages/airflow/example_dags/tutorial.py took 0.210 seconds
[2022-07-31 08:32:13,157] {processor.py:153} INFO - Started process (PID=99197) to work on /Users/pro/Documents/a_env/proj_data/lib/python3.7/site-packages/airflow/example_dags/tutorial.py
[2022-07-31 08:32:13,159] {processor.py:641} INFO - Processing file /Users/pro/Documents/a_env/proj_data/lib/python3.7/site-packages/airflow/example_dags/tutorial.py for tasks to queue
[2022-07-31 08:32:13,161] {logging_mixin.py:115} INFO - [2022-07-31 08:32:13,160] {dagbag.py:508} INFO - Filling up the DagBag from /Users/pro/Documents/a_env/proj_data/lib/python3.7/site-packages/airflow/example_dags/tutorial.py
[2022-07-31 08:32:13,174] {processor.py:651} INFO - DAG(s) dict_keys(['tutorial']) retrieved from /Users/pro/Documents/a_env/proj_data/lib/python3.7/site-packages/airflow/example_dags/tutorial.py
[2022-07-31 08:32:13,203] {logging_mixin.py:115} INFO - [2022-07-31 08:32:13,203] {dag.py:2420} INFO - Sync 1 DAGs
[2022-07-31 08:32:13,233] {logging_mixin.py:115} INFO - [2022-07-31 08:32:13,233] {dag.py:2972} INFO - Setting next_dagrun for tutorial to 2022-07-30T00:32:13.232588+00:00, run_after=2022-07-31T00:32:13.232588+00:00
[2022-07-31 08:32:13,251] {processor.py:161} INFO - Processing /Users/pro/Documents/a_env/proj_data/lib/python3.7/site-packages/airflow/example_dags/tutorial.py took 0.100 seconds
[2022-07-31 08:32:50,543] {processor.py:153} INFO - Started process (PID=99256) to work on /Users/pro/Documents/a_env/proj_data/lib/python3.7/site-packages/airflow/example_dags/tutorial.py
[2022-07-31 08:32:50,544] {processor.py:641} INFO - Processing file /Users/pro/Documents/a_env/proj_data/lib/python3.7/site-packages/airflow/example_dags/tutorial.py for tasks to queue
[2022-07-31 08:32:50,546] {logging_mixin.py:115} INFO - [2022-07-31 08:32:50,545] {dagbag.py:508} INFO - Filling up the DagBag from /Users/pro/Documents/a_env/proj_data/lib/python3.7/site-packages/airflow/example_dags/tutorial.py
[2022-07-31 08:32:50,559] {processor.py:651} INFO - DAG(s) dict_keys(['tutorial']) retrieved from /Users/pro/Documents/a_env/proj_data/lib/python3.7/site-packages/airflow/example_dags/tutorial.py
[2022-07-31 08:32:50,586] {logging_mixin.py:115} INFO - [2022-07-31 08:32:50,586] {dag.py:2420} INFO - Sync 1 DAGs
[2022-07-31 08:32:50,614] {logging_mixin.py:115} INFO - [2022-07-31 08:32:50,614] {dag.py:2972} INFO - Setting next_dagrun for tutorial to 2022-07-30T00:32:50.613929+00:00, run_after=2022-07-31T00:32:50.613929+00:00
[2022-07-31 08:32:50,631] {processor.py:161} INFO - Processing /Users/pro/Documents/a_env/proj_data/lib/python3.7/site-packages/airflow/example_dags/tutorial.py took 0.094 seconds
[2022-07-31 08:33:27,765] {processor.py:153} INFO - Started process (PID=99304) to work on /Users/pro/Documents/a_env/proj_data/lib/python3.7/site-packages/airflow/example_dags/tutorial.py
[2022-07-31 08:33:27,766] {processor.py:641} INFO - Processing file /Users/pro/Documents/a_env/proj_data/lib/python3.7/site-packages/airflow/example_dags/tutorial.py for tasks to queue
[2022-07-31 08:33:27,768] {logging_mixin.py:115} INFO - [2022-07-31 08:33:27,767] {dagbag.py:508} INFO - Filling up the DagBag from /Users/pro/Documents/a_env/proj_data/lib/python3.7/site-packages/airflow/example_dags/tutorial.py
[2022-07-31 08:33:27,779] {processor.py:651} INFO - DAG(s) dict_keys(['tutorial']) retrieved from /Users/pro/Documents/a_env/proj_data/lib/python3.7/site-packages/airflow/example_dags/tutorial.py
[2022-07-31 08:33:27,805] {logging_mixin.py:115} INFO - [2022-07-31 08:33:27,804] {dag.py:2420} INFO - Sync 1 DAGs
[2022-07-31 08:33:27,830] {logging_mixin.py:115} INFO - [2022-07-31 08:33:27,829] {dag.py:2972} INFO - Setting next_dagrun for tutorial to 2022-07-30T00:33:27.829210+00:00, run_after=2022-07-31T00:33:27.829210+00:00
[2022-07-31 08:33:27,845] {processor.py:161} INFO - Processing /Users/pro/Documents/a_env/proj_data/lib/python3.7/site-packages/airflow/example_dags/tutorial.py took 0.085 seconds
[2022-07-31 08:45:40,914] {processor.py:153} INFO - Started process (PID=99365) to work on /Users/pro/Documents/a_env/proj_data/lib/python3.7/site-packages/airflow/example_dags/tutorial.py
[2022-07-31 08:45:40,915] {processor.py:641} INFO - Processing file /Users/pro/Documents/a_env/proj_data/lib/python3.7/site-packages/airflow/example_dags/tutorial.py for tasks to queue
[2022-07-31 08:45:40,916] {logging_mixin.py:115} INFO - [2022-07-31 08:45:40,916] {dagbag.py:508} INFO - Filling up the DagBag from /Users/pro/Documents/a_env/proj_data/lib/python3.7/site-packages/airflow/example_dags/tutorial.py
[2022-07-31 08:45:40,924] {processor.py:651} INFO - DAG(s) dict_keys(['tutorial']) retrieved from /Users/pro/Documents/a_env/proj_data/lib/python3.7/site-packages/airflow/example_dags/tutorial.py
[2022-07-31 08:45:40,941] {logging_mixin.py:115} INFO - [2022-07-31 08:45:40,940] {dag.py:2420} INFO - Sync 1 DAGs
[2022-07-31 08:45:40,959] {logging_mixin.py:115} INFO - [2022-07-31 08:45:40,959] {dag.py:2972} INFO - Setting next_dagrun for tutorial to 2022-07-30T00:45:40.959018+00:00, run_after=2022-07-31T00:45:40.959018+00:00
[2022-07-31 08:45:40,972] {processor.py:161} INFO - Processing /Users/pro/Documents/a_env/proj_data/lib/python3.7/site-packages/airflow/example_dags/tutorial.py took 0.061 seconds
[2022-07-31 09:00:44,853] {processor.py:153} INFO - Started process (PID=99413) to work on /Users/pro/Documents/a_env/proj_data/lib/python3.7/site-packages/airflow/example_dags/tutorial.py
[2022-07-31 09:00:44,854] {processor.py:641} INFO - Processing file /Users/pro/Documents/a_env/proj_data/lib/python3.7/site-packages/airflow/example_dags/tutorial.py for tasks to queue
[2022-07-31 09:00:44,854] {logging_mixin.py:115} INFO - [2022-07-31 09:00:44,854] {dagbag.py:508} INFO - Filling up the DagBag from /Users/pro/Documents/a_env/proj_data/lib/python3.7/site-packages/airflow/example_dags/tutorial.py
[2022-07-31 09:00:44,883] {processor.py:651} INFO - DAG(s) dict_keys(['tutorial']) retrieved from /Users/pro/Documents/a_env/proj_data/lib/python3.7/site-packages/airflow/example_dags/tutorial.py
[2022-07-31 09:00:45,025] {logging_mixin.py:115} INFO - [2022-07-31 09:00:45,023] {dag.py:2420} INFO - Sync 1 DAGs
[2022-07-31 09:00:45,168] {logging_mixin.py:115} INFO - [2022-07-31 09:00:45,165] {dag.py:2972} INFO - Setting next_dagrun for tutorial to 2022-07-30T01:00:45.163521+00:00, run_after=2022-07-31T01:00:45.163521+00:00
[2022-07-31 09:00:45,263] {processor.py:161} INFO - Processing /Users/pro/Documents/a_env/proj_data/lib/python3.7/site-packages/airflow/example_dags/tutorial.py took 0.414 seconds
[2022-07-31 09:15:45,984] {processor.py:153} INFO - Started process (PID=99460) to work on /Users/pro/Documents/a_env/proj_data/lib/python3.7/site-packages/airflow/example_dags/tutorial.py
[2022-07-31 09:15:45,984] {processor.py:641} INFO - Processing file /Users/pro/Documents/a_env/proj_data/lib/python3.7/site-packages/airflow/example_dags/tutorial.py for tasks to queue
[2022-07-31 09:15:45,985] {logging_mixin.py:115} INFO - [2022-07-31 09:15:45,985] {dagbag.py:508} INFO - Filling up the DagBag from /Users/pro/Documents/a_env/proj_data/lib/python3.7/site-packages/airflow/example_dags/tutorial.py
[2022-07-31 09:15:45,993] {processor.py:651} INFO - DAG(s) dict_keys(['tutorial']) retrieved from /Users/pro/Documents/a_env/proj_data/lib/python3.7/site-packages/airflow/example_dags/tutorial.py
[2022-07-31 09:15:46,012] {logging_mixin.py:115} INFO - [2022-07-31 09:15:46,011] {dag.py:2420} INFO - Sync 1 DAGs
[2022-07-31 09:15:46,030] {logging_mixin.py:115} INFO - [2022-07-31 09:15:46,030] {dag.py:2972} INFO - Setting next_dagrun for tutorial to 2022-07-30T01:15:46.029960+00:00, run_after=2022-07-31T01:15:46.029960+00:00
[2022-07-31 09:15:46,041] {processor.py:161} INFO - Processing /Users/pro/Documents/a_env/proj_data/lib/python3.7/site-packages/airflow/example_dags/tutorial.py took 0.061 seconds
[2022-07-31 09:16:35,764] {processor.py:153} INFO - Started process (PID=99493) to work on /Users/pro/Documents/a_env/proj_data/lib/python3.7/site-packages/airflow/example_dags/tutorial.py
[2022-07-31 09:16:35,767] {processor.py:641} INFO - Processing file /Users/pro/Documents/a_env/proj_data/lib/python3.7/site-packages/airflow/example_dags/tutorial.py for tasks to queue
[2022-07-31 09:16:35,771] {logging_mixin.py:115} INFO - [2022-07-31 09:16:35,770] {dagbag.py:508} INFO - Filling up the DagBag from /Users/pro/Documents/a_env/proj_data/lib/python3.7/site-packages/airflow/example_dags/tutorial.py
[2022-07-31 09:16:35,799] {processor.py:651} INFO - DAG(s) dict_keys(['tutorial']) retrieved from /Users/pro/Documents/a_env/proj_data/lib/python3.7/site-packages/airflow/example_dags/tutorial.py
[2022-07-31 09:16:35,862] {logging_mixin.py:115} INFO - [2022-07-31 09:16:35,861] {dag.py:2420} INFO - Sync 1 DAGs
[2022-07-31 09:16:35,922] {logging_mixin.py:115} INFO - [2022-07-31 09:16:35,921] {dag.py:2972} INFO - Setting next_dagrun for tutorial to 2022-07-30T01:16:35.920189+00:00, run_after=2022-07-31T01:16:35.920189+00:00
[2022-07-31 09:16:35,960] {processor.py:161} INFO - Processing /Users/pro/Documents/a_env/proj_data/lib/python3.7/site-packages/airflow/example_dags/tutorial.py took 0.211 seconds
[2022-07-31 10:15:05,663] {processor.py:153} INFO - Started process (PID=99558) to work on /Users/pro/Documents/a_env/proj_data/lib/python3.7/site-packages/airflow/example_dags/tutorial.py
[2022-07-31 10:15:05,664] {processor.py:641} INFO - Processing file /Users/pro/Documents/a_env/proj_data/lib/python3.7/site-packages/airflow/example_dags/tutorial.py for tasks to queue
[2022-07-31 10:15:05,665] {logging_mixin.py:115} INFO - [2022-07-31 10:15:05,665] {dagbag.py:508} INFO - Filling up the DagBag from /Users/pro/Documents/a_env/proj_data/lib/python3.7/site-packages/airflow/example_dags/tutorial.py
[2022-07-31 10:15:05,673] {processor.py:651} INFO - DAG(s) dict_keys(['tutorial']) retrieved from /Users/pro/Documents/a_env/proj_data/lib/python3.7/site-packages/airflow/example_dags/tutorial.py
[2022-07-31 10:15:05,691] {logging_mixin.py:115} INFO - [2022-07-31 10:15:05,691] {dag.py:2420} INFO - Sync 1 DAGs
[2022-07-31 10:15:05,709] {logging_mixin.py:115} INFO - [2022-07-31 10:15:05,709] {dag.py:2972} INFO - Setting next_dagrun for tutorial to 2022-07-30T02:15:05.709139+00:00, run_after=2022-07-31T02:15:05.709139+00:00
[2022-07-31 10:15:05,720] {processor.py:161} INFO - Processing /Users/pro/Documents/a_env/proj_data/lib/python3.7/site-packages/airflow/example_dags/tutorial.py took 0.061 seconds
[2022-07-31 16:25:22,267] {processor.py:153} INFO - Started process (PID=99643) to work on /Users/pro/Documents/a_env/proj_data/lib/python3.7/site-packages/airflow/example_dags/tutorial.py
[2022-07-31 16:25:22,268] {processor.py:641} INFO - Processing file /Users/pro/Documents/a_env/proj_data/lib/python3.7/site-packages/airflow/example_dags/tutorial.py for tasks to queue
[2022-07-31 16:25:22,269] {logging_mixin.py:115} INFO - [2022-07-31 16:25:22,269] {dagbag.py:508} INFO - Filling up the DagBag from /Users/pro/Documents/a_env/proj_data/lib/python3.7/site-packages/airflow/example_dags/tutorial.py
[2022-07-31 16:25:22,277] {processor.py:651} INFO - DAG(s) dict_keys(['tutorial']) retrieved from /Users/pro/Documents/a_env/proj_data/lib/python3.7/site-packages/airflow/example_dags/tutorial.py
[2022-07-31 16:25:22,295] {logging_mixin.py:115} INFO - [2022-07-31 16:25:22,294] {dag.py:2420} INFO - Sync 1 DAGs
[2022-07-31 16:25:22,313] {logging_mixin.py:115} INFO - [2022-07-31 16:25:22,313] {dag.py:2972} INFO - Setting next_dagrun for tutorial to 2022-07-30T08:25:22.313066+00:00, run_after=2022-07-31T08:25:22.313066+00:00
[2022-07-31 16:25:22,327] {processor.py:161} INFO - Processing /Users/pro/Documents/a_env/proj_data/lib/python3.7/site-packages/airflow/example_dags/tutorial.py took 0.064 seconds
[2022-07-31 21:26:04,637] {processor.py:153} INFO - Started process (PID=99738) to work on /Users/pro/Documents/a_env/proj_data/lib/python3.7/site-packages/airflow/example_dags/tutorial.py
[2022-07-31 21:26:04,637] {processor.py:641} INFO - Processing file /Users/pro/Documents/a_env/proj_data/lib/python3.7/site-packages/airflow/example_dags/tutorial.py for tasks to queue
[2022-07-31 21:26:04,638] {logging_mixin.py:115} INFO - [2022-07-31 21:26:04,638] {dagbag.py:508} INFO - Filling up the DagBag from /Users/pro/Documents/a_env/proj_data/lib/python3.7/site-packages/airflow/example_dags/tutorial.py
[2022-07-31 21:26:04,646] {processor.py:651} INFO - DAG(s) dict_keys(['tutorial']) retrieved from /Users/pro/Documents/a_env/proj_data/lib/python3.7/site-packages/airflow/example_dags/tutorial.py
[2022-07-31 21:26:04,664] {logging_mixin.py:115} INFO - [2022-07-31 21:26:04,664] {dag.py:2420} INFO - Sync 1 DAGs
[2022-07-31 21:26:04,682] {logging_mixin.py:115} INFO - [2022-07-31 21:26:04,681] {dag.py:2972} INFO - Setting next_dagrun for tutorial to 2022-07-30T13:26:04.681510+00:00, run_after=2022-07-31T13:26:04.681510+00:00
[2022-07-31 21:26:04,692] {processor.py:161} INFO - Processing /Users/pro/Documents/a_env/proj_data/lib/python3.7/site-packages/airflow/example_dags/tutorial.py took 0.060 seconds
[2022-08-01 03:25:24,580] {processor.py:153} INFO - Started process (PID=99815) to work on /Users/pro/Documents/a_env/proj_data/lib/python3.7/site-packages/airflow/example_dags/tutorial.py
[2022-08-01 03:25:24,581] {processor.py:641} INFO - Processing file /Users/pro/Documents/a_env/proj_data/lib/python3.7/site-packages/airflow/example_dags/tutorial.py for tasks to queue
[2022-08-01 03:25:24,582] {logging_mixin.py:115} INFO - [2022-08-01 03:25:24,582] {dagbag.py:508} INFO - Filling up the DagBag from /Users/pro/Documents/a_env/proj_data/lib/python3.7/site-packages/airflow/example_dags/tutorial.py
[2022-08-01 03:25:24,590] {processor.py:651} INFO - DAG(s) dict_keys(['tutorial']) retrieved from /Users/pro/Documents/a_env/proj_data/lib/python3.7/site-packages/airflow/example_dags/tutorial.py
[2022-08-01 03:25:24,609] {logging_mixin.py:115} INFO - [2022-08-01 03:25:24,608] {dag.py:2420} INFO - Sync 1 DAGs
[2022-08-01 03:25:24,628] {logging_mixin.py:115} INFO - [2022-08-01 03:25:24,627] {dag.py:2972} INFO - Setting next_dagrun for tutorial to 2022-07-30T19:25:24.627444+00:00, run_after=2022-07-31T19:25:24.627444+00:00
[2022-08-01 03:25:24,639] {processor.py:161} INFO - Processing /Users/pro/Documents/a_env/proj_data/lib/python3.7/site-packages/airflow/example_dags/tutorial.py took 0.063 seconds
