[2022-08-11 08:02:36,094] {processor.py:153} INFO - Started process (PID=50720) to work on /Users/pro/Documents/a_env/proj_data/lib/python3.7/site-packages/airflow/example_dags/example_python_operator.py
[2022-08-11 08:02:36,105] {processor.py:641} INFO - Processing file /Users/pro/Documents/a_env/proj_data/lib/python3.7/site-packages/airflow/example_dags/example_python_operator.py for tasks to queue
[2022-08-11 08:02:36,120] {logging_mixin.py:115} INFO - [2022-08-11 08:02:36,114] {dagbag.py:508} INFO - Filling up the DagBag from /Users/pro/Documents/a_env/proj_data/lib/python3.7/site-packages/airflow/example_dags/example_python_operator.py
[2022-08-11 08:02:36,332] {processor.py:651} INFO - DAG(s) dict_keys(['example_python_operator']) retrieved from /Users/pro/Documents/a_env/proj_data/lib/python3.7/site-packages/airflow/example_dags/example_python_operator.py
[2022-08-11 08:02:36,481] {logging_mixin.py:115} INFO - [2022-08-11 08:02:36,479] {dag.py:2420} INFO - Sync 1 DAGs
[2022-08-11 08:02:36,621] {logging_mixin.py:115} INFO - [2022-08-11 08:02:36,618] {dag.py:2972} INFO - Setting next_dagrun for example_python_operator to None, run_after=None
[2022-08-11 08:02:36,707] {processor.py:161} INFO - Processing /Users/pro/Documents/a_env/proj_data/lib/python3.7/site-packages/airflow/example_dags/example_python_operator.py took 0.657 seconds
[2022-08-11 08:46:40,102] {processor.py:153} INFO - Started process (PID=50799) to work on /Users/pro/Documents/a_env/proj_data/lib/python3.7/site-packages/airflow/example_dags/example_python_operator.py
[2022-08-11 08:46:40,103] {processor.py:641} INFO - Processing file /Users/pro/Documents/a_env/proj_data/lib/python3.7/site-packages/airflow/example_dags/example_python_operator.py for tasks to queue
[2022-08-11 08:46:40,104] {logging_mixin.py:115} INFO - [2022-08-11 08:46:40,104] {dagbag.py:508} INFO - Filling up the DagBag from /Users/pro/Documents/a_env/proj_data/lib/python3.7/site-packages/airflow/example_dags/example_python_operator.py
[2022-08-11 08:46:40,126] {processor.py:651} INFO - DAG(s) dict_keys(['example_python_operator']) retrieved from /Users/pro/Documents/a_env/proj_data/lib/python3.7/site-packages/airflow/example_dags/example_python_operator.py
[2022-08-11 08:46:40,148] {logging_mixin.py:115} INFO - [2022-08-11 08:46:40,147] {dag.py:2420} INFO - Sync 1 DAGs
[2022-08-11 08:46:40,165] {logging_mixin.py:115} INFO - [2022-08-11 08:46:40,165] {dag.py:2972} INFO - Setting next_dagrun for example_python_operator to None, run_after=None
[2022-08-11 08:46:40,178] {processor.py:161} INFO - Processing /Users/pro/Documents/a_env/proj_data/lib/python3.7/site-packages/airflow/example_dags/example_python_operator.py took 0.080 seconds
[2022-08-11 09:45:35,687] {processor.py:153} INFO - Started process (PID=50889) to work on /Users/pro/Documents/a_env/proj_data/lib/python3.7/site-packages/airflow/example_dags/example_python_operator.py
[2022-08-11 09:45:35,699] {processor.py:641} INFO - Processing file /Users/pro/Documents/a_env/proj_data/lib/python3.7/site-packages/airflow/example_dags/example_python_operator.py for tasks to queue
[2022-08-11 09:45:35,705] {logging_mixin.py:115} INFO - [2022-08-11 09:45:35,705] {dagbag.py:508} INFO - Filling up the DagBag from /Users/pro/Documents/a_env/proj_data/lib/python3.7/site-packages/airflow/example_dags/example_python_operator.py
[2022-08-11 09:45:35,998] {processor.py:651} INFO - DAG(s) dict_keys(['example_python_operator']) retrieved from /Users/pro/Documents/a_env/proj_data/lib/python3.7/site-packages/airflow/example_dags/example_python_operator.py
[2022-08-11 09:45:36,031] {logging_mixin.py:115} INFO - [2022-08-11 09:45:36,031] {dag.py:2420} INFO - Sync 1 DAGs
[2022-08-11 09:45:36,062] {logging_mixin.py:115} INFO - [2022-08-11 09:45:36,062] {dag.py:2972} INFO - Setting next_dagrun for example_python_operator to None, run_after=None
[2022-08-11 09:45:36,081] {processor.py:161} INFO - Processing /Users/pro/Documents/a_env/proj_data/lib/python3.7/site-packages/airflow/example_dags/example_python_operator.py took 0.413 seconds
[2022-08-11 09:46:10,351] {processor.py:153} INFO - Started process (PID=50949) to work on /Users/pro/Documents/a_env/proj_data/lib/python3.7/site-packages/airflow/example_dags/example_python_operator.py
[2022-08-11 09:46:10,352] {processor.py:641} INFO - Processing file /Users/pro/Documents/a_env/proj_data/lib/python3.7/site-packages/airflow/example_dags/example_python_operator.py for tasks to queue
[2022-08-11 09:46:10,354] {logging_mixin.py:115} INFO - [2022-08-11 09:46:10,353] {dagbag.py:508} INFO - Filling up the DagBag from /Users/pro/Documents/a_env/proj_data/lib/python3.7/site-packages/airflow/example_dags/example_python_operator.py
[2022-08-11 09:46:10,376] {processor.py:651} INFO - DAG(s) dict_keys(['example_python_operator']) retrieved from /Users/pro/Documents/a_env/proj_data/lib/python3.7/site-packages/airflow/example_dags/example_python_operator.py
[2022-08-11 09:46:10,395] {logging_mixin.py:115} INFO - [2022-08-11 09:46:10,394] {dag.py:2420} INFO - Sync 1 DAGs
[2022-08-11 09:46:10,414] {logging_mixin.py:115} INFO - [2022-08-11 09:46:10,413] {dag.py:2972} INFO - Setting next_dagrun for example_python_operator to None, run_after=None
[2022-08-11 09:46:10,426] {processor.py:161} INFO - Processing /Users/pro/Documents/a_env/proj_data/lib/python3.7/site-packages/airflow/example_dags/example_python_operator.py took 0.080 seconds
[2022-08-11 09:46:45,583] {processor.py:153} INFO - Started process (PID=50986) to work on /Users/pro/Documents/a_env/proj_data/lib/python3.7/site-packages/airflow/example_dags/example_python_operator.py
[2022-08-11 09:46:45,584] {processor.py:641} INFO - Processing file /Users/pro/Documents/a_env/proj_data/lib/python3.7/site-packages/airflow/example_dags/example_python_operator.py for tasks to queue
[2022-08-11 09:46:45,585] {logging_mixin.py:115} INFO - [2022-08-11 09:46:45,585] {dagbag.py:508} INFO - Filling up the DagBag from /Users/pro/Documents/a_env/proj_data/lib/python3.7/site-packages/airflow/example_dags/example_python_operator.py
[2022-08-11 09:46:45,612] {processor.py:651} INFO - DAG(s) dict_keys(['example_python_operator']) retrieved from /Users/pro/Documents/a_env/proj_data/lib/python3.7/site-packages/airflow/example_dags/example_python_operator.py
[2022-08-11 09:46:45,635] {logging_mixin.py:115} INFO - [2022-08-11 09:46:45,634] {dag.py:2420} INFO - Sync 1 DAGs
[2022-08-11 09:46:45,657] {logging_mixin.py:115} INFO - [2022-08-11 09:46:45,656] {dag.py:2972} INFO - Setting next_dagrun for example_python_operator to None, run_after=None
[2022-08-11 09:46:45,668] {processor.py:161} INFO - Processing /Users/pro/Documents/a_env/proj_data/lib/python3.7/site-packages/airflow/example_dags/example_python_operator.py took 0.091 seconds
[2022-08-11 09:47:20,216] {processor.py:153} INFO - Started process (PID=51025) to work on /Users/pro/Documents/a_env/proj_data/lib/python3.7/site-packages/airflow/example_dags/example_python_operator.py
[2022-08-11 09:47:20,218] {processor.py:641} INFO - Processing file /Users/pro/Documents/a_env/proj_data/lib/python3.7/site-packages/airflow/example_dags/example_python_operator.py for tasks to queue
[2022-08-11 09:47:20,219] {logging_mixin.py:115} INFO - [2022-08-11 09:47:20,219] {dagbag.py:508} INFO - Filling up the DagBag from /Users/pro/Documents/a_env/proj_data/lib/python3.7/site-packages/airflow/example_dags/example_python_operator.py
[2022-08-11 09:47:20,241] {processor.py:651} INFO - DAG(s) dict_keys(['example_python_operator']) retrieved from /Users/pro/Documents/a_env/proj_data/lib/python3.7/site-packages/airflow/example_dags/example_python_operator.py
[2022-08-11 09:47:20,261] {logging_mixin.py:115} INFO - [2022-08-11 09:47:20,261] {dag.py:2420} INFO - Sync 1 DAGs
[2022-08-11 09:47:20,280] {logging_mixin.py:115} INFO - [2022-08-11 09:47:20,280] {dag.py:2972} INFO - Setting next_dagrun for example_python_operator to None, run_after=None
[2022-08-11 09:47:20,294] {processor.py:161} INFO - Processing /Users/pro/Documents/a_env/proj_data/lib/python3.7/site-packages/airflow/example_dags/example_python_operator.py took 0.082 seconds
[2022-08-11 09:47:55,256] {processor.py:153} INFO - Started process (PID=51064) to work on /Users/pro/Documents/a_env/proj_data/lib/python3.7/site-packages/airflow/example_dags/example_python_operator.py
[2022-08-11 09:47:55,258] {processor.py:641} INFO - Processing file /Users/pro/Documents/a_env/proj_data/lib/python3.7/site-packages/airflow/example_dags/example_python_operator.py for tasks to queue
[2022-08-11 09:47:55,259] {logging_mixin.py:115} INFO - [2022-08-11 09:47:55,259] {dagbag.py:508} INFO - Filling up the DagBag from /Users/pro/Documents/a_env/proj_data/lib/python3.7/site-packages/airflow/example_dags/example_python_operator.py
[2022-08-11 09:47:55,281] {processor.py:651} INFO - DAG(s) dict_keys(['example_python_operator']) retrieved from /Users/pro/Documents/a_env/proj_data/lib/python3.7/site-packages/airflow/example_dags/example_python_operator.py
[2022-08-11 09:47:55,302] {logging_mixin.py:115} INFO - [2022-08-11 09:47:55,302] {dag.py:2420} INFO - Sync 1 DAGs
[2022-08-11 09:47:55,321] {logging_mixin.py:115} INFO - [2022-08-11 09:47:55,321] {dag.py:2972} INFO - Setting next_dagrun for example_python_operator to None, run_after=None
[2022-08-11 09:47:55,333] {processor.py:161} INFO - Processing /Users/pro/Documents/a_env/proj_data/lib/python3.7/site-packages/airflow/example_dags/example_python_operator.py took 0.081 seconds
[2022-08-11 09:48:26,946] {processor.py:153} INFO - Started process (PID=51100) to work on /Users/pro/Documents/a_env/proj_data/lib/python3.7/site-packages/airflow/example_dags/example_python_operator.py
[2022-08-11 09:48:26,947] {processor.py:641} INFO - Processing file /Users/pro/Documents/a_env/proj_data/lib/python3.7/site-packages/airflow/example_dags/example_python_operator.py for tasks to queue
[2022-08-11 09:48:26,948] {logging_mixin.py:115} INFO - [2022-08-11 09:48:26,947] {dagbag.py:508} INFO - Filling up the DagBag from /Users/pro/Documents/a_env/proj_data/lib/python3.7/site-packages/airflow/example_dags/example_python_operator.py
[2022-08-11 09:48:26,970] {processor.py:651} INFO - DAG(s) dict_keys(['example_python_operator']) retrieved from /Users/pro/Documents/a_env/proj_data/lib/python3.7/site-packages/airflow/example_dags/example_python_operator.py
[2022-08-11 09:48:26,991] {logging_mixin.py:115} INFO - [2022-08-11 09:48:26,991] {dag.py:2420} INFO - Sync 1 DAGs
[2022-08-11 09:48:27,009] {logging_mixin.py:115} INFO - [2022-08-11 09:48:27,009] {dag.py:2972} INFO - Setting next_dagrun for example_python_operator to None, run_after=None
[2022-08-11 09:48:27,023] {processor.py:161} INFO - Processing /Users/pro/Documents/a_env/proj_data/lib/python3.7/site-packages/airflow/example_dags/example_python_operator.py took 0.081 seconds
[2022-08-11 09:49:03,136] {processor.py:153} INFO - Started process (PID=51136) to work on /Users/pro/Documents/a_env/proj_data/lib/python3.7/site-packages/airflow/example_dags/example_python_operator.py
[2022-08-11 09:49:03,138] {processor.py:641} INFO - Processing file /Users/pro/Documents/a_env/proj_data/lib/python3.7/site-packages/airflow/example_dags/example_python_operator.py for tasks to queue
[2022-08-11 09:49:03,139] {logging_mixin.py:115} INFO - [2022-08-11 09:49:03,138] {dagbag.py:508} INFO - Filling up the DagBag from /Users/pro/Documents/a_env/proj_data/lib/python3.7/site-packages/airflow/example_dags/example_python_operator.py
[2022-08-11 09:49:03,161] {processor.py:651} INFO - DAG(s) dict_keys(['example_python_operator']) retrieved from /Users/pro/Documents/a_env/proj_data/lib/python3.7/site-packages/airflow/example_dags/example_python_operator.py
[2022-08-11 09:49:03,181] {logging_mixin.py:115} INFO - [2022-08-11 09:49:03,181] {dag.py:2420} INFO - Sync 1 DAGs
[2022-08-11 09:49:03,200] {logging_mixin.py:115} INFO - [2022-08-11 09:49:03,199] {dag.py:2972} INFO - Setting next_dagrun for example_python_operator to None, run_after=None
[2022-08-11 09:49:03,211] {processor.py:161} INFO - Processing /Users/pro/Documents/a_env/proj_data/lib/python3.7/site-packages/airflow/example_dags/example_python_operator.py took 0.080 seconds
[2022-08-11 09:49:37,863] {processor.py:153} INFO - Started process (PID=51172) to work on /Users/pro/Documents/a_env/proj_data/lib/python3.7/site-packages/airflow/example_dags/example_python_operator.py
[2022-08-11 09:49:37,865] {processor.py:641} INFO - Processing file /Users/pro/Documents/a_env/proj_data/lib/python3.7/site-packages/airflow/example_dags/example_python_operator.py for tasks to queue
[2022-08-11 09:49:37,866] {logging_mixin.py:115} INFO - [2022-08-11 09:49:37,865] {dagbag.py:508} INFO - Filling up the DagBag from /Users/pro/Documents/a_env/proj_data/lib/python3.7/site-packages/airflow/example_dags/example_python_operator.py
[2022-08-11 09:49:37,888] {processor.py:651} INFO - DAG(s) dict_keys(['example_python_operator']) retrieved from /Users/pro/Documents/a_env/proj_data/lib/python3.7/site-packages/airflow/example_dags/example_python_operator.py
[2022-08-11 09:49:37,909] {logging_mixin.py:115} INFO - [2022-08-11 09:49:37,908] {dag.py:2420} INFO - Sync 1 DAGs
[2022-08-11 09:49:37,928] {logging_mixin.py:115} INFO - [2022-08-11 09:49:37,928] {dag.py:2972} INFO - Setting next_dagrun for example_python_operator to None, run_after=None
[2022-08-11 09:49:37,939] {processor.py:161} INFO - Processing /Users/pro/Documents/a_env/proj_data/lib/python3.7/site-packages/airflow/example_dags/example_python_operator.py took 0.080 seconds
[2022-08-11 09:50:12,566] {processor.py:153} INFO - Started process (PID=51208) to work on /Users/pro/Documents/a_env/proj_data/lib/python3.7/site-packages/airflow/example_dags/example_python_operator.py
[2022-08-11 09:50:12,566] {processor.py:641} INFO - Processing file /Users/pro/Documents/a_env/proj_data/lib/python3.7/site-packages/airflow/example_dags/example_python_operator.py for tasks to queue
[2022-08-11 09:50:12,567] {logging_mixin.py:115} INFO - [2022-08-11 09:50:12,567] {dagbag.py:508} INFO - Filling up the DagBag from /Users/pro/Documents/a_env/proj_data/lib/python3.7/site-packages/airflow/example_dags/example_python_operator.py
[2022-08-11 09:50:12,592] {processor.py:651} INFO - DAG(s) dict_keys(['example_python_operator']) retrieved from /Users/pro/Documents/a_env/proj_data/lib/python3.7/site-packages/airflow/example_dags/example_python_operator.py
[2022-08-11 09:50:12,612] {logging_mixin.py:115} INFO - [2022-08-11 09:50:12,612] {dag.py:2420} INFO - Sync 1 DAGs
[2022-08-11 09:50:12,630] {logging_mixin.py:115} INFO - [2022-08-11 09:50:12,630] {dag.py:2972} INFO - Setting next_dagrun for example_python_operator to None, run_after=None
[2022-08-11 09:50:12,642] {processor.py:161} INFO - Processing /Users/pro/Documents/a_env/proj_data/lib/python3.7/site-packages/airflow/example_dags/example_python_operator.py took 0.082 seconds
[2022-08-11 09:50:45,477] {processor.py:153} INFO - Started process (PID=51242) to work on /Users/pro/Documents/a_env/proj_data/lib/python3.7/site-packages/airflow/example_dags/example_python_operator.py
[2022-08-11 09:50:45,478] {processor.py:641} INFO - Processing file /Users/pro/Documents/a_env/proj_data/lib/python3.7/site-packages/airflow/example_dags/example_python_operator.py for tasks to queue
[2022-08-11 09:50:45,479] {logging_mixin.py:115} INFO - [2022-08-11 09:50:45,478] {dagbag.py:508} INFO - Filling up the DagBag from /Users/pro/Documents/a_env/proj_data/lib/python3.7/site-packages/airflow/example_dags/example_python_operator.py
[2022-08-11 09:50:45,501] {processor.py:651} INFO - DAG(s) dict_keys(['example_python_operator']) retrieved from /Users/pro/Documents/a_env/proj_data/lib/python3.7/site-packages/airflow/example_dags/example_python_operator.py
[2022-08-11 09:50:45,520] {logging_mixin.py:115} INFO - [2022-08-11 09:50:45,519] {dag.py:2420} INFO - Sync 1 DAGs
[2022-08-11 09:50:45,537] {logging_mixin.py:115} INFO - [2022-08-11 09:50:45,537] {dag.py:2972} INFO - Setting next_dagrun for example_python_operator to None, run_after=None
[2022-08-11 09:50:45,549] {processor.py:161} INFO - Processing /Users/pro/Documents/a_env/proj_data/lib/python3.7/site-packages/airflow/example_dags/example_python_operator.py took 0.076 seconds
[2022-08-11 09:51:20,736] {processor.py:153} INFO - Started process (PID=51278) to work on /Users/pro/Documents/a_env/proj_data/lib/python3.7/site-packages/airflow/example_dags/example_python_operator.py
[2022-08-11 09:51:20,737] {processor.py:641} INFO - Processing file /Users/pro/Documents/a_env/proj_data/lib/python3.7/site-packages/airflow/example_dags/example_python_operator.py for tasks to queue
[2022-08-11 09:51:20,738] {logging_mixin.py:115} INFO - [2022-08-11 09:51:20,738] {dagbag.py:508} INFO - Filling up the DagBag from /Users/pro/Documents/a_env/proj_data/lib/python3.7/site-packages/airflow/example_dags/example_python_operator.py
[2022-08-11 09:51:20,760] {processor.py:651} INFO - DAG(s) dict_keys(['example_python_operator']) retrieved from /Users/pro/Documents/a_env/proj_data/lib/python3.7/site-packages/airflow/example_dags/example_python_operator.py
[2022-08-11 09:51:20,780] {logging_mixin.py:115} INFO - [2022-08-11 09:51:20,779] {dag.py:2420} INFO - Sync 1 DAGs
[2022-08-11 09:51:20,797] {logging_mixin.py:115} INFO - [2022-08-11 09:51:20,797] {dag.py:2972} INFO - Setting next_dagrun for example_python_operator to None, run_after=None
[2022-08-11 09:51:20,811] {processor.py:161} INFO - Processing /Users/pro/Documents/a_env/proj_data/lib/python3.7/site-packages/airflow/example_dags/example_python_operator.py took 0.079 seconds
[2022-08-11 09:51:55,208] {processor.py:153} INFO - Started process (PID=51325) to work on /Users/pro/Documents/a_env/proj_data/lib/python3.7/site-packages/airflow/example_dags/example_python_operator.py
[2022-08-11 09:51:55,209] {processor.py:641} INFO - Processing file /Users/pro/Documents/a_env/proj_data/lib/python3.7/site-packages/airflow/example_dags/example_python_operator.py for tasks to queue
[2022-08-11 09:51:55,210] {logging_mixin.py:115} INFO - [2022-08-11 09:51:55,210] {dagbag.py:508} INFO - Filling up the DagBag from /Users/pro/Documents/a_env/proj_data/lib/python3.7/site-packages/airflow/example_dags/example_python_operator.py
[2022-08-11 09:51:55,232] {processor.py:651} INFO - DAG(s) dict_keys(['example_python_operator']) retrieved from /Users/pro/Documents/a_env/proj_data/lib/python3.7/site-packages/airflow/example_dags/example_python_operator.py
[2022-08-11 09:51:55,251] {logging_mixin.py:115} INFO - [2022-08-11 09:51:55,250] {dag.py:2420} INFO - Sync 1 DAGs
[2022-08-11 09:51:55,269] {logging_mixin.py:115} INFO - [2022-08-11 09:51:55,268] {dag.py:2972} INFO - Setting next_dagrun for example_python_operator to None, run_after=None
[2022-08-11 09:51:55,280] {processor.py:161} INFO - Processing /Users/pro/Documents/a_env/proj_data/lib/python3.7/site-packages/airflow/example_dags/example_python_operator.py took 0.076 seconds
[2022-08-11 09:52:28,220] {processor.py:153} INFO - Started process (PID=51365) to work on /Users/pro/Documents/a_env/proj_data/lib/python3.7/site-packages/airflow/example_dags/example_python_operator.py
[2022-08-11 09:52:28,221] {processor.py:641} INFO - Processing file /Users/pro/Documents/a_env/proj_data/lib/python3.7/site-packages/airflow/example_dags/example_python_operator.py for tasks to queue
[2022-08-11 09:52:28,222] {logging_mixin.py:115} INFO - [2022-08-11 09:52:28,222] {dagbag.py:508} INFO - Filling up the DagBag from /Users/pro/Documents/a_env/proj_data/lib/python3.7/site-packages/airflow/example_dags/example_python_operator.py
[2022-08-11 09:52:28,245] {processor.py:651} INFO - DAG(s) dict_keys(['example_python_operator']) retrieved from /Users/pro/Documents/a_env/proj_data/lib/python3.7/site-packages/airflow/example_dags/example_python_operator.py
[2022-08-11 09:52:28,263] {logging_mixin.py:115} INFO - [2022-08-11 09:52:28,262] {dag.py:2420} INFO - Sync 1 DAGs
[2022-08-11 09:52:28,281] {logging_mixin.py:115} INFO - [2022-08-11 09:52:28,280] {dag.py:2972} INFO - Setting next_dagrun for example_python_operator to None, run_after=None
[2022-08-11 09:52:28,293] {processor.py:161} INFO - Processing /Users/pro/Documents/a_env/proj_data/lib/python3.7/site-packages/airflow/example_dags/example_python_operator.py took 0.077 seconds
[2022-08-11 09:53:02,472] {processor.py:153} INFO - Started process (PID=51412) to work on /Users/pro/Documents/a_env/proj_data/lib/python3.7/site-packages/airflow/example_dags/example_python_operator.py
[2022-08-11 09:53:02,473] {processor.py:641} INFO - Processing file /Users/pro/Documents/a_env/proj_data/lib/python3.7/site-packages/airflow/example_dags/example_python_operator.py for tasks to queue
[2022-08-11 09:53:02,474] {logging_mixin.py:115} INFO - [2022-08-11 09:53:02,473] {dagbag.py:508} INFO - Filling up the DagBag from /Users/pro/Documents/a_env/proj_data/lib/python3.7/site-packages/airflow/example_dags/example_python_operator.py
[2022-08-11 09:53:02,496] {processor.py:651} INFO - DAG(s) dict_keys(['example_python_operator']) retrieved from /Users/pro/Documents/a_env/proj_data/lib/python3.7/site-packages/airflow/example_dags/example_python_operator.py
[2022-08-11 09:53:02,514] {logging_mixin.py:115} INFO - [2022-08-11 09:53:02,513] {dag.py:2420} INFO - Sync 1 DAGs
[2022-08-11 09:53:02,531] {logging_mixin.py:115} INFO - [2022-08-11 09:53:02,530] {dag.py:2972} INFO - Setting next_dagrun for example_python_operator to None, run_after=None
[2022-08-11 09:53:02,542] {processor.py:161} INFO - Processing /Users/pro/Documents/a_env/proj_data/lib/python3.7/site-packages/airflow/example_dags/example_python_operator.py took 0.074 seconds
[2022-08-11 09:53:37,814] {processor.py:153} INFO - Started process (PID=51449) to work on /Users/pro/Documents/a_env/proj_data/lib/python3.7/site-packages/airflow/example_dags/example_python_operator.py
[2022-08-11 09:53:37,815] {processor.py:641} INFO - Processing file /Users/pro/Documents/a_env/proj_data/lib/python3.7/site-packages/airflow/example_dags/example_python_operator.py for tasks to queue
[2022-08-11 09:53:37,816] {logging_mixin.py:115} INFO - [2022-08-11 09:53:37,816] {dagbag.py:508} INFO - Filling up the DagBag from /Users/pro/Documents/a_env/proj_data/lib/python3.7/site-packages/airflow/example_dags/example_python_operator.py
[2022-08-11 09:53:37,838] {processor.py:651} INFO - DAG(s) dict_keys(['example_python_operator']) retrieved from /Users/pro/Documents/a_env/proj_data/lib/python3.7/site-packages/airflow/example_dags/example_python_operator.py
[2022-08-11 09:53:37,857] {logging_mixin.py:115} INFO - [2022-08-11 09:53:37,857] {dag.py:2420} INFO - Sync 1 DAGs
[2022-08-11 09:53:37,875] {logging_mixin.py:115} INFO - [2022-08-11 09:53:37,875] {dag.py:2972} INFO - Setting next_dagrun for example_python_operator to None, run_after=None
[2022-08-11 09:53:37,887] {processor.py:161} INFO - Processing /Users/pro/Documents/a_env/proj_data/lib/python3.7/site-packages/airflow/example_dags/example_python_operator.py took 0.077 seconds
[2022-08-11 09:54:14,059] {processor.py:153} INFO - Started process (PID=51486) to work on /Users/pro/Documents/a_env/proj_data/lib/python3.7/site-packages/airflow/example_dags/example_python_operator.py
[2022-08-11 09:54:14,060] {processor.py:641} INFO - Processing file /Users/pro/Documents/a_env/proj_data/lib/python3.7/site-packages/airflow/example_dags/example_python_operator.py for tasks to queue
[2022-08-11 09:54:14,061] {logging_mixin.py:115} INFO - [2022-08-11 09:54:14,061] {dagbag.py:508} INFO - Filling up the DagBag from /Users/pro/Documents/a_env/proj_data/lib/python3.7/site-packages/airflow/example_dags/example_python_operator.py
[2022-08-11 09:54:14,084] {processor.py:651} INFO - DAG(s) dict_keys(['example_python_operator']) retrieved from /Users/pro/Documents/a_env/proj_data/lib/python3.7/site-packages/airflow/example_dags/example_python_operator.py
[2022-08-11 09:54:14,104] {logging_mixin.py:115} INFO - [2022-08-11 09:54:14,104] {dag.py:2420} INFO - Sync 1 DAGs
[2022-08-11 09:54:14,122] {logging_mixin.py:115} INFO - [2022-08-11 09:54:14,121] {dag.py:2972} INFO - Setting next_dagrun for example_python_operator to None, run_after=None
[2022-08-11 09:54:14,134] {processor.py:161} INFO - Processing /Users/pro/Documents/a_env/proj_data/lib/python3.7/site-packages/airflow/example_dags/example_python_operator.py took 0.080 seconds
[2022-08-11 09:54:47,930] {processor.py:153} INFO - Started process (PID=51521) to work on /Users/pro/Documents/a_env/proj_data/lib/python3.7/site-packages/airflow/example_dags/example_python_operator.py
[2022-08-11 09:54:47,932] {processor.py:641} INFO - Processing file /Users/pro/Documents/a_env/proj_data/lib/python3.7/site-packages/airflow/example_dags/example_python_operator.py for tasks to queue
[2022-08-11 09:54:47,933] {logging_mixin.py:115} INFO - [2022-08-11 09:54:47,933] {dagbag.py:508} INFO - Filling up the DagBag from /Users/pro/Documents/a_env/proj_data/lib/python3.7/site-packages/airflow/example_dags/example_python_operator.py
[2022-08-11 09:54:47,958] {processor.py:651} INFO - DAG(s) dict_keys(['example_python_operator']) retrieved from /Users/pro/Documents/a_env/proj_data/lib/python3.7/site-packages/airflow/example_dags/example_python_operator.py
[2022-08-11 09:54:47,977] {logging_mixin.py:115} INFO - [2022-08-11 09:54:47,976] {dag.py:2420} INFO - Sync 1 DAGs
[2022-08-11 09:54:47,994] {logging_mixin.py:115} INFO - [2022-08-11 09:54:47,994] {dag.py:2972} INFO - Setting next_dagrun for example_python_operator to None, run_after=None
[2022-08-11 09:54:48,006] {processor.py:161} INFO - Processing /Users/pro/Documents/a_env/proj_data/lib/python3.7/site-packages/airflow/example_dags/example_python_operator.py took 0.081 seconds
[2022-08-11 09:55:21,412] {processor.py:153} INFO - Started process (PID=51555) to work on /Users/pro/Documents/a_env/proj_data/lib/python3.7/site-packages/airflow/example_dags/example_python_operator.py
[2022-08-11 09:55:21,414] {processor.py:641} INFO - Processing file /Users/pro/Documents/a_env/proj_data/lib/python3.7/site-packages/airflow/example_dags/example_python_operator.py for tasks to queue
[2022-08-11 09:55:21,416] {logging_mixin.py:115} INFO - [2022-08-11 09:55:21,416] {dagbag.py:508} INFO - Filling up the DagBag from /Users/pro/Documents/a_env/proj_data/lib/python3.7/site-packages/airflow/example_dags/example_python_operator.py
[2022-08-11 09:55:21,440] {processor.py:651} INFO - DAG(s) dict_keys(['example_python_operator']) retrieved from /Users/pro/Documents/a_env/proj_data/lib/python3.7/site-packages/airflow/example_dags/example_python_operator.py
[2022-08-11 09:55:21,460] {logging_mixin.py:115} INFO - [2022-08-11 09:55:21,459] {dag.py:2420} INFO - Sync 1 DAGs
[2022-08-11 09:55:21,478] {logging_mixin.py:115} INFO - [2022-08-11 09:55:21,477] {dag.py:2972} INFO - Setting next_dagrun for example_python_operator to None, run_after=None
[2022-08-11 09:55:21,495] {processor.py:161} INFO - Processing /Users/pro/Documents/a_env/proj_data/lib/python3.7/site-packages/airflow/example_dags/example_python_operator.py took 0.088 seconds
[2022-08-11 09:55:55,459] {processor.py:153} INFO - Started process (PID=51590) to work on /Users/pro/Documents/a_env/proj_data/lib/python3.7/site-packages/airflow/example_dags/example_python_operator.py
[2022-08-11 09:55:55,461] {processor.py:641} INFO - Processing file /Users/pro/Documents/a_env/proj_data/lib/python3.7/site-packages/airflow/example_dags/example_python_operator.py for tasks to queue
[2022-08-11 09:55:55,462] {logging_mixin.py:115} INFO - [2022-08-11 09:55:55,462] {dagbag.py:508} INFO - Filling up the DagBag from /Users/pro/Documents/a_env/proj_data/lib/python3.7/site-packages/airflow/example_dags/example_python_operator.py
[2022-08-11 09:55:55,485] {processor.py:651} INFO - DAG(s) dict_keys(['example_python_operator']) retrieved from /Users/pro/Documents/a_env/proj_data/lib/python3.7/site-packages/airflow/example_dags/example_python_operator.py
[2022-08-11 09:55:55,504] {logging_mixin.py:115} INFO - [2022-08-11 09:55:55,504] {dag.py:2420} INFO - Sync 1 DAGs
[2022-08-11 09:55:55,522] {logging_mixin.py:115} INFO - [2022-08-11 09:55:55,521] {dag.py:2972} INFO - Setting next_dagrun for example_python_operator to None, run_after=None
[2022-08-11 09:55:55,535] {processor.py:161} INFO - Processing /Users/pro/Documents/a_env/proj_data/lib/python3.7/site-packages/airflow/example_dags/example_python_operator.py took 0.081 seconds
[2022-08-11 09:56:29,932] {processor.py:153} INFO - Started process (PID=51623) to work on /Users/pro/Documents/a_env/proj_data/lib/python3.7/site-packages/airflow/example_dags/example_python_operator.py
[2022-08-11 09:56:29,933] {processor.py:641} INFO - Processing file /Users/pro/Documents/a_env/proj_data/lib/python3.7/site-packages/airflow/example_dags/example_python_operator.py for tasks to queue
[2022-08-11 09:56:29,934] {logging_mixin.py:115} INFO - [2022-08-11 09:56:29,934] {dagbag.py:508} INFO - Filling up the DagBag from /Users/pro/Documents/a_env/proj_data/lib/python3.7/site-packages/airflow/example_dags/example_python_operator.py
[2022-08-11 09:56:29,958] {processor.py:651} INFO - DAG(s) dict_keys(['example_python_operator']) retrieved from /Users/pro/Documents/a_env/proj_data/lib/python3.7/site-packages/airflow/example_dags/example_python_operator.py
[2022-08-11 09:56:29,977] {logging_mixin.py:115} INFO - [2022-08-11 09:56:29,977] {dag.py:2420} INFO - Sync 1 DAGs
[2022-08-11 09:56:29,995] {logging_mixin.py:115} INFO - [2022-08-11 09:56:29,995] {dag.py:2972} INFO - Setting next_dagrun for example_python_operator to None, run_after=None
[2022-08-11 09:56:30,007] {processor.py:161} INFO - Processing /Users/pro/Documents/a_env/proj_data/lib/python3.7/site-packages/airflow/example_dags/example_python_operator.py took 0.080 seconds
[2022-08-11 09:57:02,562] {processor.py:153} INFO - Started process (PID=51660) to work on /Users/pro/Documents/a_env/proj_data/lib/python3.7/site-packages/airflow/example_dags/example_python_operator.py
[2022-08-11 09:57:02,565] {processor.py:641} INFO - Processing file /Users/pro/Documents/a_env/proj_data/lib/python3.7/site-packages/airflow/example_dags/example_python_operator.py for tasks to queue
[2022-08-11 09:57:02,566] {logging_mixin.py:115} INFO - [2022-08-11 09:57:02,566] {dagbag.py:508} INFO - Filling up the DagBag from /Users/pro/Documents/a_env/proj_data/lib/python3.7/site-packages/airflow/example_dags/example_python_operator.py
[2022-08-11 09:57:02,590] {processor.py:651} INFO - DAG(s) dict_keys(['example_python_operator']) retrieved from /Users/pro/Documents/a_env/proj_data/lib/python3.7/site-packages/airflow/example_dags/example_python_operator.py
[2022-08-11 09:57:02,610] {logging_mixin.py:115} INFO - [2022-08-11 09:57:02,610] {dag.py:2420} INFO - Sync 1 DAGs
[2022-08-11 09:57:02,628] {logging_mixin.py:115} INFO - [2022-08-11 09:57:02,627] {dag.py:2972} INFO - Setting next_dagrun for example_python_operator to None, run_after=None
[2022-08-11 09:57:02,640] {processor.py:161} INFO - Processing /Users/pro/Documents/a_env/proj_data/lib/python3.7/site-packages/airflow/example_dags/example_python_operator.py took 0.083 seconds
[2022-08-11 09:57:38,902] {processor.py:153} INFO - Started process (PID=51700) to work on /Users/pro/Documents/a_env/proj_data/lib/python3.7/site-packages/airflow/example_dags/example_python_operator.py
[2022-08-11 09:57:38,903] {processor.py:641} INFO - Processing file /Users/pro/Documents/a_env/proj_data/lib/python3.7/site-packages/airflow/example_dags/example_python_operator.py for tasks to queue
[2022-08-11 09:57:38,904] {logging_mixin.py:115} INFO - [2022-08-11 09:57:38,903] {dagbag.py:508} INFO - Filling up the DagBag from /Users/pro/Documents/a_env/proj_data/lib/python3.7/site-packages/airflow/example_dags/example_python_operator.py
[2022-08-11 09:57:38,926] {processor.py:651} INFO - DAG(s) dict_keys(['example_python_operator']) retrieved from /Users/pro/Documents/a_env/proj_data/lib/python3.7/site-packages/airflow/example_dags/example_python_operator.py
[2022-08-11 09:57:38,946] {logging_mixin.py:115} INFO - [2022-08-11 09:57:38,946] {dag.py:2420} INFO - Sync 1 DAGs
[2022-08-11 09:57:38,963] {logging_mixin.py:115} INFO - [2022-08-11 09:57:38,963] {dag.py:2972} INFO - Setting next_dagrun for example_python_operator to None, run_after=None
[2022-08-11 09:57:38,975] {processor.py:161} INFO - Processing /Users/pro/Documents/a_env/proj_data/lib/python3.7/site-packages/airflow/example_dags/example_python_operator.py took 0.079 seconds
[2022-08-11 09:58:13,802] {processor.py:153} INFO - Started process (PID=51735) to work on /Users/pro/Documents/a_env/proj_data/lib/python3.7/site-packages/airflow/example_dags/example_python_operator.py
[2022-08-11 09:58:13,803] {processor.py:641} INFO - Processing file /Users/pro/Documents/a_env/proj_data/lib/python3.7/site-packages/airflow/example_dags/example_python_operator.py for tasks to queue
[2022-08-11 09:58:13,804] {logging_mixin.py:115} INFO - [2022-08-11 09:58:13,804] {dagbag.py:508} INFO - Filling up the DagBag from /Users/pro/Documents/a_env/proj_data/lib/python3.7/site-packages/airflow/example_dags/example_python_operator.py
[2022-08-11 09:58:13,828] {processor.py:651} INFO - DAG(s) dict_keys(['example_python_operator']) retrieved from /Users/pro/Documents/a_env/proj_data/lib/python3.7/site-packages/airflow/example_dags/example_python_operator.py
[2022-08-11 09:58:13,848] {logging_mixin.py:115} INFO - [2022-08-11 09:58:13,847] {dag.py:2420} INFO - Sync 1 DAGs
[2022-08-11 09:58:13,865] {logging_mixin.py:115} INFO - [2022-08-11 09:58:13,865] {dag.py:2972} INFO - Setting next_dagrun for example_python_operator to None, run_after=None
[2022-08-11 09:58:13,879] {processor.py:161} INFO - Processing /Users/pro/Documents/a_env/proj_data/lib/python3.7/site-packages/airflow/example_dags/example_python_operator.py took 0.082 seconds
[2022-08-11 09:58:50,367] {processor.py:153} INFO - Started process (PID=51772) to work on /Users/pro/Documents/a_env/proj_data/lib/python3.7/site-packages/airflow/example_dags/example_python_operator.py
[2022-08-11 09:58:50,368] {processor.py:641} INFO - Processing file /Users/pro/Documents/a_env/proj_data/lib/python3.7/site-packages/airflow/example_dags/example_python_operator.py for tasks to queue
[2022-08-11 09:58:50,369] {logging_mixin.py:115} INFO - [2022-08-11 09:58:50,369] {dagbag.py:508} INFO - Filling up the DagBag from /Users/pro/Documents/a_env/proj_data/lib/python3.7/site-packages/airflow/example_dags/example_python_operator.py
[2022-08-11 09:58:50,393] {processor.py:651} INFO - DAG(s) dict_keys(['example_python_operator']) retrieved from /Users/pro/Documents/a_env/proj_data/lib/python3.7/site-packages/airflow/example_dags/example_python_operator.py
[2022-08-11 09:58:50,413] {logging_mixin.py:115} INFO - [2022-08-11 09:58:50,412] {dag.py:2420} INFO - Sync 1 DAGs
[2022-08-11 09:58:50,431] {logging_mixin.py:115} INFO - [2022-08-11 09:58:50,431] {dag.py:2972} INFO - Setting next_dagrun for example_python_operator to None, run_after=None
[2022-08-11 09:58:50,448] {processor.py:161} INFO - Processing /Users/pro/Documents/a_env/proj_data/lib/python3.7/site-packages/airflow/example_dags/example_python_operator.py took 0.085 seconds
[2022-08-11 09:59:27,549] {processor.py:153} INFO - Started process (PID=51809) to work on /Users/pro/Documents/a_env/proj_data/lib/python3.7/site-packages/airflow/example_dags/example_python_operator.py
[2022-08-11 09:59:27,552] {processor.py:641} INFO - Processing file /Users/pro/Documents/a_env/proj_data/lib/python3.7/site-packages/airflow/example_dags/example_python_operator.py for tasks to queue
[2022-08-11 09:59:27,554] {logging_mixin.py:115} INFO - [2022-08-11 09:59:27,554] {dagbag.py:508} INFO - Filling up the DagBag from /Users/pro/Documents/a_env/proj_data/lib/python3.7/site-packages/airflow/example_dags/example_python_operator.py
[2022-08-11 09:59:27,582] {processor.py:651} INFO - DAG(s) dict_keys(['example_python_operator']) retrieved from /Users/pro/Documents/a_env/proj_data/lib/python3.7/site-packages/airflow/example_dags/example_python_operator.py
[2022-08-11 09:59:27,602] {logging_mixin.py:115} INFO - [2022-08-11 09:59:27,601] {dag.py:2420} INFO - Sync 1 DAGs
[2022-08-11 09:59:27,619] {logging_mixin.py:115} INFO - [2022-08-11 09:59:27,619] {dag.py:2972} INFO - Setting next_dagrun for example_python_operator to None, run_after=None
[2022-08-11 09:59:27,634] {processor.py:161} INFO - Processing /Users/pro/Documents/a_env/proj_data/lib/python3.7/site-packages/airflow/example_dags/example_python_operator.py took 0.089 seconds
[2022-08-11 10:00:03,730] {processor.py:153} INFO - Started process (PID=51859) to work on /Users/pro/Documents/a_env/proj_data/lib/python3.7/site-packages/airflow/example_dags/example_python_operator.py
[2022-08-11 10:00:03,731] {processor.py:641} INFO - Processing file /Users/pro/Documents/a_env/proj_data/lib/python3.7/site-packages/airflow/example_dags/example_python_operator.py for tasks to queue
[2022-08-11 10:00:03,732] {logging_mixin.py:115} INFO - [2022-08-11 10:00:03,732] {dagbag.py:508} INFO - Filling up the DagBag from /Users/pro/Documents/a_env/proj_data/lib/python3.7/site-packages/airflow/example_dags/example_python_operator.py
[2022-08-11 10:00:03,754] {processor.py:651} INFO - DAG(s) dict_keys(['example_python_operator']) retrieved from /Users/pro/Documents/a_env/proj_data/lib/python3.7/site-packages/airflow/example_dags/example_python_operator.py
[2022-08-11 10:00:03,772] {logging_mixin.py:115} INFO - [2022-08-11 10:00:03,772] {dag.py:2420} INFO - Sync 1 DAGs
[2022-08-11 10:00:03,790] {logging_mixin.py:115} INFO - [2022-08-11 10:00:03,789] {dag.py:2972} INFO - Setting next_dagrun for example_python_operator to None, run_after=None
[2022-08-11 10:00:03,808] {processor.py:161} INFO - Processing /Users/pro/Documents/a_env/proj_data/lib/python3.7/site-packages/airflow/example_dags/example_python_operator.py took 0.083 seconds
[2022-08-11 10:00:38,147] {processor.py:153} INFO - Started process (PID=51912) to work on /Users/pro/Documents/a_env/proj_data/lib/python3.7/site-packages/airflow/example_dags/example_python_operator.py
[2022-08-11 10:00:38,148] {processor.py:641} INFO - Processing file /Users/pro/Documents/a_env/proj_data/lib/python3.7/site-packages/airflow/example_dags/example_python_operator.py for tasks to queue
[2022-08-11 10:00:38,149] {logging_mixin.py:115} INFO - [2022-08-11 10:00:38,148] {dagbag.py:508} INFO - Filling up the DagBag from /Users/pro/Documents/a_env/proj_data/lib/python3.7/site-packages/airflow/example_dags/example_python_operator.py
[2022-08-11 10:00:38,172] {processor.py:651} INFO - DAG(s) dict_keys(['example_python_operator']) retrieved from /Users/pro/Documents/a_env/proj_data/lib/python3.7/site-packages/airflow/example_dags/example_python_operator.py
[2022-08-11 10:00:38,191] {logging_mixin.py:115} INFO - [2022-08-11 10:00:38,190] {dag.py:2420} INFO - Sync 1 DAGs
[2022-08-11 10:00:38,210] {logging_mixin.py:115} INFO - [2022-08-11 10:00:38,210] {dag.py:2972} INFO - Setting next_dagrun for example_python_operator to None, run_after=None
[2022-08-11 10:00:38,221] {processor.py:161} INFO - Processing /Users/pro/Documents/a_env/proj_data/lib/python3.7/site-packages/airflow/example_dags/example_python_operator.py took 0.078 seconds
[2022-08-11 10:01:10,914] {processor.py:153} INFO - Started process (PID=51950) to work on /Users/pro/Documents/a_env/proj_data/lib/python3.7/site-packages/airflow/example_dags/example_python_operator.py
[2022-08-11 10:01:10,914] {processor.py:641} INFO - Processing file /Users/pro/Documents/a_env/proj_data/lib/python3.7/site-packages/airflow/example_dags/example_python_operator.py for tasks to queue
[2022-08-11 10:01:10,915] {logging_mixin.py:115} INFO - [2022-08-11 10:01:10,915] {dagbag.py:508} INFO - Filling up the DagBag from /Users/pro/Documents/a_env/proj_data/lib/python3.7/site-packages/airflow/example_dags/example_python_operator.py
[2022-08-11 10:01:10,937] {processor.py:651} INFO - DAG(s) dict_keys(['example_python_operator']) retrieved from /Users/pro/Documents/a_env/proj_data/lib/python3.7/site-packages/airflow/example_dags/example_python_operator.py
[2022-08-11 10:01:10,955] {logging_mixin.py:115} INFO - [2022-08-11 10:01:10,955] {dag.py:2420} INFO - Sync 1 DAGs
[2022-08-11 10:01:10,973] {logging_mixin.py:115} INFO - [2022-08-11 10:01:10,973] {dag.py:2972} INFO - Setting next_dagrun for example_python_operator to None, run_after=None
[2022-08-11 10:01:10,985] {processor.py:161} INFO - Processing /Users/pro/Documents/a_env/proj_data/lib/python3.7/site-packages/airflow/example_dags/example_python_operator.py took 0.076 seconds
[2022-08-11 10:01:44,210] {processor.py:153} INFO - Started process (PID=51983) to work on /Users/pro/Documents/a_env/proj_data/lib/python3.7/site-packages/airflow/example_dags/example_python_operator.py
[2022-08-11 10:01:44,211] {processor.py:641} INFO - Processing file /Users/pro/Documents/a_env/proj_data/lib/python3.7/site-packages/airflow/example_dags/example_python_operator.py for tasks to queue
[2022-08-11 10:01:44,212] {logging_mixin.py:115} INFO - [2022-08-11 10:01:44,212] {dagbag.py:508} INFO - Filling up the DagBag from /Users/pro/Documents/a_env/proj_data/lib/python3.7/site-packages/airflow/example_dags/example_python_operator.py
[2022-08-11 10:01:44,233] {processor.py:651} INFO - DAG(s) dict_keys(['example_python_operator']) retrieved from /Users/pro/Documents/a_env/proj_data/lib/python3.7/site-packages/airflow/example_dags/example_python_operator.py
[2022-08-11 10:01:44,252] {logging_mixin.py:115} INFO - [2022-08-11 10:01:44,252] {dag.py:2420} INFO - Sync 1 DAGs
[2022-08-11 10:01:44,270] {logging_mixin.py:115} INFO - [2022-08-11 10:01:44,270] {dag.py:2972} INFO - Setting next_dagrun for example_python_operator to None, run_after=None
[2022-08-11 10:01:44,282] {processor.py:161} INFO - Processing /Users/pro/Documents/a_env/proj_data/lib/python3.7/site-packages/airflow/example_dags/example_python_operator.py took 0.077 seconds
[2022-08-11 10:02:20,042] {processor.py:153} INFO - Started process (PID=52022) to work on /Users/pro/Documents/a_env/proj_data/lib/python3.7/site-packages/airflow/example_dags/example_python_operator.py
[2022-08-11 10:02:20,044] {processor.py:641} INFO - Processing file /Users/pro/Documents/a_env/proj_data/lib/python3.7/site-packages/airflow/example_dags/example_python_operator.py for tasks to queue
[2022-08-11 10:02:20,045] {logging_mixin.py:115} INFO - [2022-08-11 10:02:20,045] {dagbag.py:508} INFO - Filling up the DagBag from /Users/pro/Documents/a_env/proj_data/lib/python3.7/site-packages/airflow/example_dags/example_python_operator.py
[2022-08-11 10:02:20,068] {processor.py:651} INFO - DAG(s) dict_keys(['example_python_operator']) retrieved from /Users/pro/Documents/a_env/proj_data/lib/python3.7/site-packages/airflow/example_dags/example_python_operator.py
[2022-08-11 10:02:20,086] {logging_mixin.py:115} INFO - [2022-08-11 10:02:20,085] {dag.py:2420} INFO - Sync 1 DAGs
[2022-08-11 10:02:20,105] {logging_mixin.py:115} INFO - [2022-08-11 10:02:20,105] {dag.py:2972} INFO - Setting next_dagrun for example_python_operator to None, run_after=None
[2022-08-11 10:02:20,117] {processor.py:161} INFO - Processing /Users/pro/Documents/a_env/proj_data/lib/python3.7/site-packages/airflow/example_dags/example_python_operator.py took 0.080 seconds
[2022-08-11 10:02:56,434] {processor.py:153} INFO - Started process (PID=52062) to work on /Users/pro/Documents/a_env/proj_data/lib/python3.7/site-packages/airflow/example_dags/example_python_operator.py
[2022-08-11 10:02:56,434] {processor.py:641} INFO - Processing file /Users/pro/Documents/a_env/proj_data/lib/python3.7/site-packages/airflow/example_dags/example_python_operator.py for tasks to queue
[2022-08-11 10:02:56,435] {logging_mixin.py:115} INFO - [2022-08-11 10:02:56,435] {dagbag.py:508} INFO - Filling up the DagBag from /Users/pro/Documents/a_env/proj_data/lib/python3.7/site-packages/airflow/example_dags/example_python_operator.py
[2022-08-11 10:02:56,457] {processor.py:651} INFO - DAG(s) dict_keys(['example_python_operator']) retrieved from /Users/pro/Documents/a_env/proj_data/lib/python3.7/site-packages/airflow/example_dags/example_python_operator.py
[2022-08-11 10:02:56,476] {logging_mixin.py:115} INFO - [2022-08-11 10:02:56,475] {dag.py:2420} INFO - Sync 1 DAGs
[2022-08-11 10:02:56,492] {logging_mixin.py:115} INFO - [2022-08-11 10:02:56,492] {dag.py:2972} INFO - Setting next_dagrun for example_python_operator to None, run_after=None
[2022-08-11 10:02:56,503] {processor.py:161} INFO - Processing /Users/pro/Documents/a_env/proj_data/lib/python3.7/site-packages/airflow/example_dags/example_python_operator.py took 0.073 seconds
[2022-08-11 10:03:30,441] {processor.py:153} INFO - Started process (PID=52097) to work on /Users/pro/Documents/a_env/proj_data/lib/python3.7/site-packages/airflow/example_dags/example_python_operator.py
[2022-08-11 10:03:30,444] {processor.py:641} INFO - Processing file /Users/pro/Documents/a_env/proj_data/lib/python3.7/site-packages/airflow/example_dags/example_python_operator.py for tasks to queue
[2022-08-11 10:03:30,445] {logging_mixin.py:115} INFO - [2022-08-11 10:03:30,445] {dagbag.py:508} INFO - Filling up the DagBag from /Users/pro/Documents/a_env/proj_data/lib/python3.7/site-packages/airflow/example_dags/example_python_operator.py
[2022-08-11 10:03:30,470] {processor.py:651} INFO - DAG(s) dict_keys(['example_python_operator']) retrieved from /Users/pro/Documents/a_env/proj_data/lib/python3.7/site-packages/airflow/example_dags/example_python_operator.py
[2022-08-11 10:03:30,490] {logging_mixin.py:115} INFO - [2022-08-11 10:03:30,490] {dag.py:2420} INFO - Sync 1 DAGs
[2022-08-11 10:03:30,508] {logging_mixin.py:115} INFO - [2022-08-11 10:03:30,508] {dag.py:2972} INFO - Setting next_dagrun for example_python_operator to None, run_after=None
[2022-08-11 10:03:30,520] {processor.py:161} INFO - Processing /Users/pro/Documents/a_env/proj_data/lib/python3.7/site-packages/airflow/example_dags/example_python_operator.py took 0.084 seconds
[2022-08-11 10:04:03,875] {processor.py:153} INFO - Started process (PID=52132) to work on /Users/pro/Documents/a_env/proj_data/lib/python3.7/site-packages/airflow/example_dags/example_python_operator.py
[2022-08-11 10:04:03,876] {processor.py:641} INFO - Processing file /Users/pro/Documents/a_env/proj_data/lib/python3.7/site-packages/airflow/example_dags/example_python_operator.py for tasks to queue
[2022-08-11 10:04:03,877] {logging_mixin.py:115} INFO - [2022-08-11 10:04:03,877] {dagbag.py:508} INFO - Filling up the DagBag from /Users/pro/Documents/a_env/proj_data/lib/python3.7/site-packages/airflow/example_dags/example_python_operator.py
[2022-08-11 10:04:03,900] {processor.py:651} INFO - DAG(s) dict_keys(['example_python_operator']) retrieved from /Users/pro/Documents/a_env/proj_data/lib/python3.7/site-packages/airflow/example_dags/example_python_operator.py
[2022-08-11 10:04:03,919] {logging_mixin.py:115} INFO - [2022-08-11 10:04:03,919] {dag.py:2420} INFO - Sync 1 DAGs
[2022-08-11 10:04:03,935] {logging_mixin.py:115} INFO - [2022-08-11 10:04:03,935] {dag.py:2972} INFO - Setting next_dagrun for example_python_operator to None, run_after=None
[2022-08-11 10:04:03,947] {processor.py:161} INFO - Processing /Users/pro/Documents/a_env/proj_data/lib/python3.7/site-packages/airflow/example_dags/example_python_operator.py took 0.077 seconds
[2022-08-11 10:22:43,011] {processor.py:153} INFO - Started process (PID=52210) to work on /Users/pro/Documents/a_env/proj_data/lib/python3.7/site-packages/airflow/example_dags/example_python_operator.py
[2022-08-11 10:22:43,012] {processor.py:641} INFO - Processing file /Users/pro/Documents/a_env/proj_data/lib/python3.7/site-packages/airflow/example_dags/example_python_operator.py for tasks to queue
[2022-08-11 10:22:43,014] {logging_mixin.py:115} INFO - [2022-08-11 10:22:43,014] {dagbag.py:508} INFO - Filling up the DagBag from /Users/pro/Documents/a_env/proj_data/lib/python3.7/site-packages/airflow/example_dags/example_python_operator.py
[2022-08-11 10:22:43,041] {processor.py:651} INFO - DAG(s) dict_keys(['example_python_operator']) retrieved from /Users/pro/Documents/a_env/proj_data/lib/python3.7/site-packages/airflow/example_dags/example_python_operator.py
[2022-08-11 10:22:43,065] {logging_mixin.py:115} INFO - [2022-08-11 10:22:43,064] {dag.py:2420} INFO - Sync 1 DAGs
[2022-08-11 10:22:43,085] {logging_mixin.py:115} INFO - [2022-08-11 10:22:43,084] {dag.py:2972} INFO - Setting next_dagrun for example_python_operator to None, run_after=None
[2022-08-11 10:22:43,099] {processor.py:161} INFO - Processing /Users/pro/Documents/a_env/proj_data/lib/python3.7/site-packages/airflow/example_dags/example_python_operator.py took 0.096 seconds
[2022-08-11 10:23:17,703] {processor.py:153} INFO - Started process (PID=52282) to work on /Users/pro/Documents/a_env/proj_data/lib/python3.7/site-packages/airflow/example_dags/example_python_operator.py
[2022-08-11 10:23:17,705] {processor.py:641} INFO - Processing file /Users/pro/Documents/a_env/proj_data/lib/python3.7/site-packages/airflow/example_dags/example_python_operator.py for tasks to queue
[2022-08-11 10:23:17,706] {logging_mixin.py:115} INFO - [2022-08-11 10:23:17,706] {dagbag.py:508} INFO - Filling up the DagBag from /Users/pro/Documents/a_env/proj_data/lib/python3.7/site-packages/airflow/example_dags/example_python_operator.py
[2022-08-11 10:23:17,739] {processor.py:651} INFO - DAG(s) dict_keys(['example_python_operator']) retrieved from /Users/pro/Documents/a_env/proj_data/lib/python3.7/site-packages/airflow/example_dags/example_python_operator.py
[2022-08-11 10:23:17,763] {logging_mixin.py:115} INFO - [2022-08-11 10:23:17,763] {dag.py:2420} INFO - Sync 1 DAGs
[2022-08-11 10:23:17,783] {logging_mixin.py:115} INFO - [2022-08-11 10:23:17,783] {dag.py:2972} INFO - Setting next_dagrun for example_python_operator to None, run_after=None
[2022-08-11 10:23:17,796] {processor.py:161} INFO - Processing /Users/pro/Documents/a_env/proj_data/lib/python3.7/site-packages/airflow/example_dags/example_python_operator.py took 0.101 seconds
[2022-08-11 10:23:50,845] {processor.py:153} INFO - Started process (PID=52327) to work on /Users/pro/Documents/a_env/proj_data/lib/python3.7/site-packages/airflow/example_dags/example_python_operator.py
[2022-08-11 10:23:50,847] {processor.py:641} INFO - Processing file /Users/pro/Documents/a_env/proj_data/lib/python3.7/site-packages/airflow/example_dags/example_python_operator.py for tasks to queue
[2022-08-11 10:23:50,848] {logging_mixin.py:115} INFO - [2022-08-11 10:23:50,848] {dagbag.py:508} INFO - Filling up the DagBag from /Users/pro/Documents/a_env/proj_data/lib/python3.7/site-packages/airflow/example_dags/example_python_operator.py
[2022-08-11 10:23:50,895] {processor.py:651} INFO - DAG(s) dict_keys(['example_python_operator']) retrieved from /Users/pro/Documents/a_env/proj_data/lib/python3.7/site-packages/airflow/example_dags/example_python_operator.py
[2022-08-11 10:23:50,980] {logging_mixin.py:115} INFO - [2022-08-11 10:23:50,980] {dag.py:2420} INFO - Sync 1 DAGs
[2022-08-11 10:23:51,015] {logging_mixin.py:115} INFO - [2022-08-11 10:23:51,014] {dag.py:2972} INFO - Setting next_dagrun for example_python_operator to None, run_after=None
[2022-08-11 10:23:51,035] {processor.py:161} INFO - Processing /Users/pro/Documents/a_env/proj_data/lib/python3.7/site-packages/airflow/example_dags/example_python_operator.py took 0.198 seconds
[2022-08-11 10:24:29,899] {processor.py:153} INFO - Started process (PID=52438) to work on /Users/pro/Documents/a_env/proj_data/lib/python3.7/site-packages/airflow/example_dags/example_python_operator.py
[2022-08-11 10:24:29,900] {processor.py:641} INFO - Processing file /Users/pro/Documents/a_env/proj_data/lib/python3.7/site-packages/airflow/example_dags/example_python_operator.py for tasks to queue
[2022-08-11 10:24:29,901] {logging_mixin.py:115} INFO - [2022-08-11 10:24:29,901] {dagbag.py:508} INFO - Filling up the DagBag from /Users/pro/Documents/a_env/proj_data/lib/python3.7/site-packages/airflow/example_dags/example_python_operator.py
[2022-08-11 10:24:29,933] {processor.py:651} INFO - DAG(s) dict_keys(['example_python_operator']) retrieved from /Users/pro/Documents/a_env/proj_data/lib/python3.7/site-packages/airflow/example_dags/example_python_operator.py
[2022-08-11 10:24:29,954] {logging_mixin.py:115} INFO - [2022-08-11 10:24:29,954] {dag.py:2420} INFO - Sync 1 DAGs
[2022-08-11 10:24:29,974] {logging_mixin.py:115} INFO - [2022-08-11 10:24:29,974] {dag.py:2972} INFO - Setting next_dagrun for example_python_operator to None, run_after=None
[2022-08-11 10:24:29,987] {processor.py:161} INFO - Processing /Users/pro/Documents/a_env/proj_data/lib/python3.7/site-packages/airflow/example_dags/example_python_operator.py took 0.093 seconds
[2022-08-11 10:25:05,301] {processor.py:153} INFO - Started process (PID=52480) to work on /Users/pro/Documents/a_env/proj_data/lib/python3.7/site-packages/airflow/example_dags/example_python_operator.py
[2022-08-11 10:25:05,302] {processor.py:641} INFO - Processing file /Users/pro/Documents/a_env/proj_data/lib/python3.7/site-packages/airflow/example_dags/example_python_operator.py for tasks to queue
[2022-08-11 10:25:05,303] {logging_mixin.py:115} INFO - [2022-08-11 10:25:05,303] {dagbag.py:508} INFO - Filling up the DagBag from /Users/pro/Documents/a_env/proj_data/lib/python3.7/site-packages/airflow/example_dags/example_python_operator.py
[2022-08-11 10:25:05,328] {processor.py:651} INFO - DAG(s) dict_keys(['example_python_operator']) retrieved from /Users/pro/Documents/a_env/proj_data/lib/python3.7/site-packages/airflow/example_dags/example_python_operator.py
[2022-08-11 10:25:05,349] {logging_mixin.py:115} INFO - [2022-08-11 10:25:05,348] {dag.py:2420} INFO - Sync 1 DAGs
[2022-08-11 10:25:05,368] {logging_mixin.py:115} INFO - [2022-08-11 10:25:05,368] {dag.py:2972} INFO - Setting next_dagrun for example_python_operator to None, run_after=None
[2022-08-11 10:25:05,380] {processor.py:161} INFO - Processing /Users/pro/Documents/a_env/proj_data/lib/python3.7/site-packages/airflow/example_dags/example_python_operator.py took 0.084 seconds
[2022-08-11 10:25:42,621] {processor.py:153} INFO - Started process (PID=52520) to work on /Users/pro/Documents/a_env/proj_data/lib/python3.7/site-packages/airflow/example_dags/example_python_operator.py
[2022-08-11 10:25:42,622] {processor.py:641} INFO - Processing file /Users/pro/Documents/a_env/proj_data/lib/python3.7/site-packages/airflow/example_dags/example_python_operator.py for tasks to queue
[2022-08-11 10:25:42,623] {logging_mixin.py:115} INFO - [2022-08-11 10:25:42,623] {dagbag.py:508} INFO - Filling up the DagBag from /Users/pro/Documents/a_env/proj_data/lib/python3.7/site-packages/airflow/example_dags/example_python_operator.py
[2022-08-11 10:25:42,651] {processor.py:651} INFO - DAG(s) dict_keys(['example_python_operator']) retrieved from /Users/pro/Documents/a_env/proj_data/lib/python3.7/site-packages/airflow/example_dags/example_python_operator.py
[2022-08-11 10:25:42,674] {logging_mixin.py:115} INFO - [2022-08-11 10:25:42,673] {dag.py:2420} INFO - Sync 1 DAGs
[2022-08-11 10:25:42,693] {logging_mixin.py:115} INFO - [2022-08-11 10:25:42,692] {dag.py:2972} INFO - Setting next_dagrun for example_python_operator to None, run_after=None
[2022-08-11 10:25:42,704] {processor.py:161} INFO - Processing /Users/pro/Documents/a_env/proj_data/lib/python3.7/site-packages/airflow/example_dags/example_python_operator.py took 0.089 seconds
[2022-08-11 10:26:24,575] {processor.py:153} INFO - Started process (PID=52614) to work on /Users/pro/Documents/a_env/proj_data/lib/python3.7/site-packages/airflow/example_dags/example_python_operator.py
[2022-08-11 10:26:24,576] {processor.py:641} INFO - Processing file /Users/pro/Documents/a_env/proj_data/lib/python3.7/site-packages/airflow/example_dags/example_python_operator.py for tasks to queue
[2022-08-11 10:26:24,579] {logging_mixin.py:115} INFO - [2022-08-11 10:26:24,578] {dagbag.py:508} INFO - Filling up the DagBag from /Users/pro/Documents/a_env/proj_data/lib/python3.7/site-packages/airflow/example_dags/example_python_operator.py
[2022-08-11 10:26:24,627] {processor.py:651} INFO - DAG(s) dict_keys(['example_python_operator']) retrieved from /Users/pro/Documents/a_env/proj_data/lib/python3.7/site-packages/airflow/example_dags/example_python_operator.py
[2022-08-11 10:26:24,665] {logging_mixin.py:115} INFO - [2022-08-11 10:26:24,664] {dag.py:2420} INFO - Sync 1 DAGs
[2022-08-11 10:26:24,697] {logging_mixin.py:115} INFO - [2022-08-11 10:26:24,697] {dag.py:2972} INFO - Setting next_dagrun for example_python_operator to None, run_after=None
[2022-08-11 10:26:24,734] {processor.py:161} INFO - Processing /Users/pro/Documents/a_env/proj_data/lib/python3.7/site-packages/airflow/example_dags/example_python_operator.py took 0.167 seconds
[2022-08-11 10:27:11,050] {processor.py:153} INFO - Started process (PID=52665) to work on /Users/pro/Documents/a_env/proj_data/lib/python3.7/site-packages/airflow/example_dags/example_python_operator.py
[2022-08-11 10:27:11,054] {processor.py:641} INFO - Processing file /Users/pro/Documents/a_env/proj_data/lib/python3.7/site-packages/airflow/example_dags/example_python_operator.py for tasks to queue
[2022-08-11 10:27:11,055] {logging_mixin.py:115} INFO - [2022-08-11 10:27:11,055] {dagbag.py:508} INFO - Filling up the DagBag from /Users/pro/Documents/a_env/proj_data/lib/python3.7/site-packages/airflow/example_dags/example_python_operator.py
[2022-08-11 10:27:11,104] {processor.py:651} INFO - DAG(s) dict_keys(['example_python_operator']) retrieved from /Users/pro/Documents/a_env/proj_data/lib/python3.7/site-packages/airflow/example_dags/example_python_operator.py
[2022-08-11 10:27:11,276] {logging_mixin.py:115} INFO - [2022-08-11 10:27:11,275] {dag.py:2420} INFO - Sync 1 DAGs
[2022-08-11 10:27:11,310] {logging_mixin.py:115} INFO - [2022-08-11 10:27:11,310] {dag.py:2972} INFO - Setting next_dagrun for example_python_operator to None, run_after=None
[2022-08-11 10:27:11,330] {processor.py:161} INFO - Processing /Users/pro/Documents/a_env/proj_data/lib/python3.7/site-packages/airflow/example_dags/example_python_operator.py took 0.291 seconds
[2022-08-11 10:28:02,043] {processor.py:153} INFO - Started process (PID=52717) to work on /Users/pro/Documents/a_env/proj_data/lib/python3.7/site-packages/airflow/example_dags/example_python_operator.py
[2022-08-11 10:28:02,045] {processor.py:641} INFO - Processing file /Users/pro/Documents/a_env/proj_data/lib/python3.7/site-packages/airflow/example_dags/example_python_operator.py for tasks to queue
[2022-08-11 10:28:02,046] {logging_mixin.py:115} INFO - [2022-08-11 10:28:02,046] {dagbag.py:508} INFO - Filling up the DagBag from /Users/pro/Documents/a_env/proj_data/lib/python3.7/site-packages/airflow/example_dags/example_python_operator.py
[2022-08-11 10:28:02,099] {processor.py:651} INFO - DAG(s) dict_keys(['example_python_operator']) retrieved from /Users/pro/Documents/a_env/proj_data/lib/python3.7/site-packages/airflow/example_dags/example_python_operator.py
[2022-08-11 10:28:02,137] {logging_mixin.py:115} INFO - [2022-08-11 10:28:02,136] {dag.py:2420} INFO - Sync 1 DAGs
[2022-08-11 10:28:02,168] {logging_mixin.py:115} INFO - [2022-08-11 10:28:02,167] {dag.py:2972} INFO - Setting next_dagrun for example_python_operator to None, run_after=None
[2022-08-11 10:28:02,196] {processor.py:161} INFO - Processing /Users/pro/Documents/a_env/proj_data/lib/python3.7/site-packages/airflow/example_dags/example_python_operator.py took 0.162 seconds
[2022-08-11 10:28:53,590] {processor.py:153} INFO - Started process (PID=52783) to work on /Users/pro/Documents/a_env/proj_data/lib/python3.7/site-packages/airflow/example_dags/example_python_operator.py
[2022-08-11 10:28:53,596] {processor.py:641} INFO - Processing file /Users/pro/Documents/a_env/proj_data/lib/python3.7/site-packages/airflow/example_dags/example_python_operator.py for tasks to queue
[2022-08-11 10:28:53,599] {logging_mixin.py:115} INFO - [2022-08-11 10:28:53,599] {dagbag.py:508} INFO - Filling up the DagBag from /Users/pro/Documents/a_env/proj_data/lib/python3.7/site-packages/airflow/example_dags/example_python_operator.py
[2022-08-11 10:28:53,654] {processor.py:651} INFO - DAG(s) dict_keys(['example_python_operator']) retrieved from /Users/pro/Documents/a_env/proj_data/lib/python3.7/site-packages/airflow/example_dags/example_python_operator.py
[2022-08-11 10:28:54,008] {logging_mixin.py:115} INFO - [2022-08-11 10:28:54,006] {dag.py:2420} INFO - Sync 1 DAGs
[2022-08-11 10:28:54,358] {logging_mixin.py:115} INFO - [2022-08-11 10:28:54,352] {dag.py:2972} INFO - Setting next_dagrun for example_python_operator to None, run_after=None
[2022-08-11 10:28:54,405] {processor.py:161} INFO - Processing /Users/pro/Documents/a_env/proj_data/lib/python3.7/site-packages/airflow/example_dags/example_python_operator.py took 0.824 seconds
