[2022-08-11 08:02:19,067] {processor.py:153} INFO - Started process (PID=50708) to work on /Users/pro/Documents/a_env/proj_data/lib/python3.7/site-packages/airflow/example_dags/example_trigger_target_dag.py
[2022-08-11 08:02:19,091] {processor.py:641} INFO - Processing file /Users/pro/Documents/a_env/proj_data/lib/python3.7/site-packages/airflow/example_dags/example_trigger_target_dag.py for tasks to queue
[2022-08-11 08:02:19,101] {logging_mixin.py:115} INFO - [2022-08-11 08:02:19,097] {dagbag.py:508} INFO - Filling up the DagBag from /Users/pro/Documents/a_env/proj_data/lib/python3.7/site-packages/airflow/example_dags/example_trigger_target_dag.py
[2022-08-11 08:02:19,287] {processor.py:651} INFO - DAG(s) dict_keys(['example_trigger_target_dag']) retrieved from /Users/pro/Documents/a_env/proj_data/lib/python3.7/site-packages/airflow/example_dags/example_trigger_target_dag.py
[2022-08-11 08:02:19,430] {logging_mixin.py:115} INFO - [2022-08-11 08:02:19,428] {dag.py:2420} INFO - Sync 1 DAGs
[2022-08-11 08:02:19,580] {logging_mixin.py:115} INFO - [2022-08-11 08:02:19,578] {dag.py:2972} INFO - Setting next_dagrun for example_trigger_target_dag to None, run_after=None
[2022-08-11 08:02:19,694] {processor.py:161} INFO - Processing /Users/pro/Documents/a_env/proj_data/lib/python3.7/site-packages/airflow/example_dags/example_trigger_target_dag.py took 0.692 seconds
[2022-08-11 08:31:39,017] {processor.py:153} INFO - Started process (PID=50776) to work on /Users/pro/Documents/a_env/proj_data/lib/python3.7/site-packages/airflow/example_dags/example_trigger_target_dag.py
[2022-08-11 08:31:39,018] {processor.py:641} INFO - Processing file /Users/pro/Documents/a_env/proj_data/lib/python3.7/site-packages/airflow/example_dags/example_trigger_target_dag.py for tasks to queue
[2022-08-11 08:31:39,019] {logging_mixin.py:115} INFO - [2022-08-11 08:31:39,018] {dagbag.py:508} INFO - Filling up the DagBag from /Users/pro/Documents/a_env/proj_data/lib/python3.7/site-packages/airflow/example_dags/example_trigger_target_dag.py
[2022-08-11 08:31:39,037] {processor.py:651} INFO - DAG(s) dict_keys(['example_trigger_target_dag']) retrieved from /Users/pro/Documents/a_env/proj_data/lib/python3.7/site-packages/airflow/example_dags/example_trigger_target_dag.py
[2022-08-11 08:31:39,053] {logging_mixin.py:115} INFO - [2022-08-11 08:31:39,053] {dag.py:2420} INFO - Sync 1 DAGs
[2022-08-11 08:31:39,070] {logging_mixin.py:115} INFO - [2022-08-11 08:31:39,069] {dag.py:2972} INFO - Setting next_dagrun for example_trigger_target_dag to None, run_after=None
[2022-08-11 08:31:39,080] {processor.py:161} INFO - Processing /Users/pro/Documents/a_env/proj_data/lib/python3.7/site-packages/airflow/example_dags/example_trigger_target_dag.py took 0.067 seconds
[2022-08-11 09:31:41,908] {processor.py:153} INFO - Started process (PID=50851) to work on /Users/pro/Documents/a_env/proj_data/lib/python3.7/site-packages/airflow/example_dags/example_trigger_target_dag.py
[2022-08-11 09:31:41,910] {processor.py:641} INFO - Processing file /Users/pro/Documents/a_env/proj_data/lib/python3.7/site-packages/airflow/example_dags/example_trigger_target_dag.py for tasks to queue
[2022-08-11 09:31:41,912] {logging_mixin.py:115} INFO - [2022-08-11 09:31:41,912] {dagbag.py:508} INFO - Filling up the DagBag from /Users/pro/Documents/a_env/proj_data/lib/python3.7/site-packages/airflow/example_dags/example_trigger_target_dag.py
[2022-08-11 09:31:41,965] {processor.py:651} INFO - DAG(s) dict_keys(['example_trigger_target_dag']) retrieved from /Users/pro/Documents/a_env/proj_data/lib/python3.7/site-packages/airflow/example_dags/example_trigger_target_dag.py
[2022-08-11 09:31:42,093] {logging_mixin.py:115} INFO - [2022-08-11 09:31:42,093] {dag.py:2420} INFO - Sync 1 DAGs
[2022-08-11 09:31:42,127] {logging_mixin.py:115} INFO - [2022-08-11 09:31:42,127] {dag.py:2972} INFO - Setting next_dagrun for example_trigger_target_dag to None, run_after=None
[2022-08-11 09:31:42,146] {processor.py:161} INFO - Processing /Users/pro/Documents/a_env/proj_data/lib/python3.7/site-packages/airflow/example_dags/example_trigger_target_dag.py took 0.246 seconds
[2022-08-11 09:46:00,343] {processor.py:153} INFO - Started process (PID=50937) to work on /Users/pro/Documents/a_env/proj_data/lib/python3.7/site-packages/airflow/example_dags/example_trigger_target_dag.py
[2022-08-11 09:46:00,344] {processor.py:641} INFO - Processing file /Users/pro/Documents/a_env/proj_data/lib/python3.7/site-packages/airflow/example_dags/example_trigger_target_dag.py for tasks to queue
[2022-08-11 09:46:00,345] {logging_mixin.py:115} INFO - [2022-08-11 09:46:00,345] {dagbag.py:508} INFO - Filling up the DagBag from /Users/pro/Documents/a_env/proj_data/lib/python3.7/site-packages/airflow/example_dags/example_trigger_target_dag.py
[2022-08-11 09:46:00,365] {processor.py:651} INFO - DAG(s) dict_keys(['example_trigger_target_dag']) retrieved from /Users/pro/Documents/a_env/proj_data/lib/python3.7/site-packages/airflow/example_dags/example_trigger_target_dag.py
[2022-08-11 09:46:00,383] {logging_mixin.py:115} INFO - [2022-08-11 09:46:00,383] {dag.py:2420} INFO - Sync 1 DAGs
[2022-08-11 09:46:00,401] {logging_mixin.py:115} INFO - [2022-08-11 09:46:00,400] {dag.py:2972} INFO - Setting next_dagrun for example_trigger_target_dag to None, run_after=None
[2022-08-11 09:46:00,413] {processor.py:161} INFO - Processing /Users/pro/Documents/a_env/proj_data/lib/python3.7/site-packages/airflow/example_dags/example_trigger_target_dag.py took 0.075 seconds
[2022-08-11 09:46:36,584] {processor.py:153} INFO - Started process (PID=50975) to work on /Users/pro/Documents/a_env/proj_data/lib/python3.7/site-packages/airflow/example_dags/example_trigger_target_dag.py
[2022-08-11 09:46:36,586] {processor.py:641} INFO - Processing file /Users/pro/Documents/a_env/proj_data/lib/python3.7/site-packages/airflow/example_dags/example_trigger_target_dag.py for tasks to queue
[2022-08-11 09:46:36,587] {logging_mixin.py:115} INFO - [2022-08-11 09:46:36,587] {dagbag.py:508} INFO - Filling up the DagBag from /Users/pro/Documents/a_env/proj_data/lib/python3.7/site-packages/airflow/example_dags/example_trigger_target_dag.py
[2022-08-11 09:46:36,607] {processor.py:651} INFO - DAG(s) dict_keys(['example_trigger_target_dag']) retrieved from /Users/pro/Documents/a_env/proj_data/lib/python3.7/site-packages/airflow/example_dags/example_trigger_target_dag.py
[2022-08-11 09:46:36,626] {logging_mixin.py:115} INFO - [2022-08-11 09:46:36,626] {dag.py:2420} INFO - Sync 1 DAGs
[2022-08-11 09:46:36,644] {logging_mixin.py:115} INFO - [2022-08-11 09:46:36,644] {dag.py:2972} INFO - Setting next_dagrun for example_trigger_target_dag to None, run_after=None
[2022-08-11 09:46:36,657] {processor.py:161} INFO - Processing /Users/pro/Documents/a_env/proj_data/lib/python3.7/site-packages/airflow/example_dags/example_trigger_target_dag.py took 0.078 seconds
[2022-08-11 09:47:10,975] {processor.py:153} INFO - Started process (PID=51016) to work on /Users/pro/Documents/a_env/proj_data/lib/python3.7/site-packages/airflow/example_dags/example_trigger_target_dag.py
[2022-08-11 09:47:10,976] {processor.py:641} INFO - Processing file /Users/pro/Documents/a_env/proj_data/lib/python3.7/site-packages/airflow/example_dags/example_trigger_target_dag.py for tasks to queue
[2022-08-11 09:47:10,977] {logging_mixin.py:115} INFO - [2022-08-11 09:47:10,977] {dagbag.py:508} INFO - Filling up the DagBag from /Users/pro/Documents/a_env/proj_data/lib/python3.7/site-packages/airflow/example_dags/example_trigger_target_dag.py
[2022-08-11 09:47:10,997] {processor.py:651} INFO - DAG(s) dict_keys(['example_trigger_target_dag']) retrieved from /Users/pro/Documents/a_env/proj_data/lib/python3.7/site-packages/airflow/example_dags/example_trigger_target_dag.py
[2022-08-11 09:47:11,016] {logging_mixin.py:115} INFO - [2022-08-11 09:47:11,015] {dag.py:2420} INFO - Sync 1 DAGs
[2022-08-11 09:47:11,034] {logging_mixin.py:115} INFO - [2022-08-11 09:47:11,034] {dag.py:2972} INFO - Setting next_dagrun for example_trigger_target_dag to None, run_after=None
[2022-08-11 09:47:11,048] {processor.py:161} INFO - Processing /Users/pro/Documents/a_env/proj_data/lib/python3.7/site-packages/airflow/example_dags/example_trigger_target_dag.py took 0.078 seconds
[2022-08-11 09:47:46,396] {processor.py:153} INFO - Started process (PID=51055) to work on /Users/pro/Documents/a_env/proj_data/lib/python3.7/site-packages/airflow/example_dags/example_trigger_target_dag.py
[2022-08-11 09:47:46,398] {processor.py:641} INFO - Processing file /Users/pro/Documents/a_env/proj_data/lib/python3.7/site-packages/airflow/example_dags/example_trigger_target_dag.py for tasks to queue
[2022-08-11 09:47:46,399] {logging_mixin.py:115} INFO - [2022-08-11 09:47:46,399] {dagbag.py:508} INFO - Filling up the DagBag from /Users/pro/Documents/a_env/proj_data/lib/python3.7/site-packages/airflow/example_dags/example_trigger_target_dag.py
[2022-08-11 09:47:46,420] {processor.py:651} INFO - DAG(s) dict_keys(['example_trigger_target_dag']) retrieved from /Users/pro/Documents/a_env/proj_data/lib/python3.7/site-packages/airflow/example_dags/example_trigger_target_dag.py
[2022-08-11 09:47:46,441] {logging_mixin.py:115} INFO - [2022-08-11 09:47:46,441] {dag.py:2420} INFO - Sync 1 DAGs
[2022-08-11 09:47:46,461] {logging_mixin.py:115} INFO - [2022-08-11 09:47:46,460] {dag.py:2972} INFO - Setting next_dagrun for example_trigger_target_dag to None, run_after=None
[2022-08-11 09:47:46,472] {processor.py:161} INFO - Processing /Users/pro/Documents/a_env/proj_data/lib/python3.7/site-packages/airflow/example_dags/example_trigger_target_dag.py took 0.080 seconds
[2022-08-11 09:48:17,952] {processor.py:153} INFO - Started process (PID=51090) to work on /Users/pro/Documents/a_env/proj_data/lib/python3.7/site-packages/airflow/example_dags/example_trigger_target_dag.py
[2022-08-11 09:48:17,953] {processor.py:641} INFO - Processing file /Users/pro/Documents/a_env/proj_data/lib/python3.7/site-packages/airflow/example_dags/example_trigger_target_dag.py for tasks to queue
[2022-08-11 09:48:17,954] {logging_mixin.py:115} INFO - [2022-08-11 09:48:17,953] {dagbag.py:508} INFO - Filling up the DagBag from /Users/pro/Documents/a_env/proj_data/lib/python3.7/site-packages/airflow/example_dags/example_trigger_target_dag.py
[2022-08-11 09:48:17,973] {processor.py:651} INFO - DAG(s) dict_keys(['example_trigger_target_dag']) retrieved from /Users/pro/Documents/a_env/proj_data/lib/python3.7/site-packages/airflow/example_dags/example_trigger_target_dag.py
[2022-08-11 09:48:17,992] {logging_mixin.py:115} INFO - [2022-08-11 09:48:17,991] {dag.py:2420} INFO - Sync 1 DAGs
[2022-08-11 09:48:18,011] {logging_mixin.py:115} INFO - [2022-08-11 09:48:18,011] {dag.py:2972} INFO - Setting next_dagrun for example_trigger_target_dag to None, run_after=None
[2022-08-11 09:48:18,024] {processor.py:161} INFO - Processing /Users/pro/Documents/a_env/proj_data/lib/python3.7/site-packages/airflow/example_dags/example_trigger_target_dag.py took 0.077 seconds
[2022-08-11 09:48:51,609] {processor.py:153} INFO - Started process (PID=51124) to work on /Users/pro/Documents/a_env/proj_data/lib/python3.7/site-packages/airflow/example_dags/example_trigger_target_dag.py
[2022-08-11 09:48:51,610] {processor.py:641} INFO - Processing file /Users/pro/Documents/a_env/proj_data/lib/python3.7/site-packages/airflow/example_dags/example_trigger_target_dag.py for tasks to queue
[2022-08-11 09:48:51,611] {logging_mixin.py:115} INFO - [2022-08-11 09:48:51,611] {dagbag.py:508} INFO - Filling up the DagBag from /Users/pro/Documents/a_env/proj_data/lib/python3.7/site-packages/airflow/example_dags/example_trigger_target_dag.py
[2022-08-11 09:48:51,630] {processor.py:651} INFO - DAG(s) dict_keys(['example_trigger_target_dag']) retrieved from /Users/pro/Documents/a_env/proj_data/lib/python3.7/site-packages/airflow/example_dags/example_trigger_target_dag.py
[2022-08-11 09:48:51,652] {logging_mixin.py:115} INFO - [2022-08-11 09:48:51,652] {dag.py:2420} INFO - Sync 1 DAGs
[2022-08-11 09:48:51,671] {logging_mixin.py:115} INFO - [2022-08-11 09:48:51,671] {dag.py:2972} INFO - Setting next_dagrun for example_trigger_target_dag to None, run_after=None
[2022-08-11 09:48:51,683] {processor.py:161} INFO - Processing /Users/pro/Documents/a_env/proj_data/lib/python3.7/site-packages/airflow/example_dags/example_trigger_target_dag.py took 0.078 seconds
[2022-08-11 09:49:25,988] {processor.py:153} INFO - Started process (PID=51160) to work on /Users/pro/Documents/a_env/proj_data/lib/python3.7/site-packages/airflow/example_dags/example_trigger_target_dag.py
[2022-08-11 09:49:25,990] {processor.py:641} INFO - Processing file /Users/pro/Documents/a_env/proj_data/lib/python3.7/site-packages/airflow/example_dags/example_trigger_target_dag.py for tasks to queue
[2022-08-11 09:49:25,991] {logging_mixin.py:115} INFO - [2022-08-11 09:49:25,990] {dagbag.py:508} INFO - Filling up the DagBag from /Users/pro/Documents/a_env/proj_data/lib/python3.7/site-packages/airflow/example_dags/example_trigger_target_dag.py
[2022-08-11 09:49:26,011] {processor.py:651} INFO - DAG(s) dict_keys(['example_trigger_target_dag']) retrieved from /Users/pro/Documents/a_env/proj_data/lib/python3.7/site-packages/airflow/example_dags/example_trigger_target_dag.py
[2022-08-11 09:49:26,029] {logging_mixin.py:115} INFO - [2022-08-11 09:49:26,029] {dag.py:2420} INFO - Sync 1 DAGs
[2022-08-11 09:49:26,048] {logging_mixin.py:115} INFO - [2022-08-11 09:49:26,048] {dag.py:2972} INFO - Setting next_dagrun for example_trigger_target_dag to None, run_after=None
[2022-08-11 09:49:26,062] {processor.py:161} INFO - Processing /Users/pro/Documents/a_env/proj_data/lib/python3.7/site-packages/airflow/example_dags/example_trigger_target_dag.py took 0.079 seconds
[2022-08-11 09:50:00,615] {processor.py:153} INFO - Started process (PID=51196) to work on /Users/pro/Documents/a_env/proj_data/lib/python3.7/site-packages/airflow/example_dags/example_trigger_target_dag.py
[2022-08-11 09:50:00,616] {processor.py:641} INFO - Processing file /Users/pro/Documents/a_env/proj_data/lib/python3.7/site-packages/airflow/example_dags/example_trigger_target_dag.py for tasks to queue
[2022-08-11 09:50:00,617] {logging_mixin.py:115} INFO - [2022-08-11 09:50:00,617] {dagbag.py:508} INFO - Filling up the DagBag from /Users/pro/Documents/a_env/proj_data/lib/python3.7/site-packages/airflow/example_dags/example_trigger_target_dag.py
[2022-08-11 09:50:00,636] {processor.py:651} INFO - DAG(s) dict_keys(['example_trigger_target_dag']) retrieved from /Users/pro/Documents/a_env/proj_data/lib/python3.7/site-packages/airflow/example_dags/example_trigger_target_dag.py
[2022-08-11 09:50:00,656] {logging_mixin.py:115} INFO - [2022-08-11 09:50:00,656] {dag.py:2420} INFO - Sync 1 DAGs
[2022-08-11 09:50:00,675] {logging_mixin.py:115} INFO - [2022-08-11 09:50:00,675] {dag.py:2972} INFO - Setting next_dagrun for example_trigger_target_dag to None, run_after=None
[2022-08-11 09:50:00,687] {processor.py:161} INFO - Processing /Users/pro/Documents/a_env/proj_data/lib/python3.7/site-packages/airflow/example_dags/example_trigger_target_dag.py took 0.076 seconds
[2022-08-11 09:50:34,966] {processor.py:153} INFO - Started process (PID=51231) to work on /Users/pro/Documents/a_env/proj_data/lib/python3.7/site-packages/airflow/example_dags/example_trigger_target_dag.py
[2022-08-11 09:50:34,966] {processor.py:641} INFO - Processing file /Users/pro/Documents/a_env/proj_data/lib/python3.7/site-packages/airflow/example_dags/example_trigger_target_dag.py for tasks to queue
[2022-08-11 09:50:34,967] {logging_mixin.py:115} INFO - [2022-08-11 09:50:34,967] {dagbag.py:508} INFO - Filling up the DagBag from /Users/pro/Documents/a_env/proj_data/lib/python3.7/site-packages/airflow/example_dags/example_trigger_target_dag.py
[2022-08-11 09:50:34,987] {processor.py:651} INFO - DAG(s) dict_keys(['example_trigger_target_dag']) retrieved from /Users/pro/Documents/a_env/proj_data/lib/python3.7/site-packages/airflow/example_dags/example_trigger_target_dag.py
[2022-08-11 09:50:35,005] {logging_mixin.py:115} INFO - [2022-08-11 09:50:35,005] {dag.py:2420} INFO - Sync 1 DAGs
[2022-08-11 09:50:35,023] {logging_mixin.py:115} INFO - [2022-08-11 09:50:35,023] {dag.py:2972} INFO - Setting next_dagrun for example_trigger_target_dag to None, run_after=None
[2022-08-11 09:50:35,034] {processor.py:161} INFO - Processing /Users/pro/Documents/a_env/proj_data/lib/python3.7/site-packages/airflow/example_dags/example_trigger_target_dag.py took 0.073 seconds
[2022-08-11 09:51:10,302] {processor.py:153} INFO - Started process (PID=51267) to work on /Users/pro/Documents/a_env/proj_data/lib/python3.7/site-packages/airflow/example_dags/example_trigger_target_dag.py
[2022-08-11 09:51:10,303] {processor.py:641} INFO - Processing file /Users/pro/Documents/a_env/proj_data/lib/python3.7/site-packages/airflow/example_dags/example_trigger_target_dag.py for tasks to queue
[2022-08-11 09:51:10,304] {logging_mixin.py:115} INFO - [2022-08-11 09:51:10,304] {dagbag.py:508} INFO - Filling up the DagBag from /Users/pro/Documents/a_env/proj_data/lib/python3.7/site-packages/airflow/example_dags/example_trigger_target_dag.py
[2022-08-11 09:51:10,324] {processor.py:651} INFO - DAG(s) dict_keys(['example_trigger_target_dag']) retrieved from /Users/pro/Documents/a_env/proj_data/lib/python3.7/site-packages/airflow/example_dags/example_trigger_target_dag.py
[2022-08-11 09:51:10,343] {logging_mixin.py:115} INFO - [2022-08-11 09:51:10,342] {dag.py:2420} INFO - Sync 1 DAGs
[2022-08-11 09:51:10,361] {logging_mixin.py:115} INFO - [2022-08-11 09:51:10,361] {dag.py:2972} INFO - Setting next_dagrun for example_trigger_target_dag to None, run_after=None
[2022-08-11 09:51:10,372] {processor.py:161} INFO - Processing /Users/pro/Documents/a_env/proj_data/lib/python3.7/site-packages/airflow/example_dags/example_trigger_target_dag.py took 0.075 seconds
[2022-08-11 09:51:43,677] {processor.py:153} INFO - Started process (PID=51306) to work on /Users/pro/Documents/a_env/proj_data/lib/python3.7/site-packages/airflow/example_dags/example_trigger_target_dag.py
[2022-08-11 09:51:43,678] {processor.py:641} INFO - Processing file /Users/pro/Documents/a_env/proj_data/lib/python3.7/site-packages/airflow/example_dags/example_trigger_target_dag.py for tasks to queue
[2022-08-11 09:51:43,679] {logging_mixin.py:115} INFO - [2022-08-11 09:51:43,679] {dagbag.py:508} INFO - Filling up the DagBag from /Users/pro/Documents/a_env/proj_data/lib/python3.7/site-packages/airflow/example_dags/example_trigger_target_dag.py
[2022-08-11 09:51:43,710] {processor.py:651} INFO - DAG(s) dict_keys(['example_trigger_target_dag']) retrieved from /Users/pro/Documents/a_env/proj_data/lib/python3.7/site-packages/airflow/example_dags/example_trigger_target_dag.py
[2022-08-11 09:51:43,738] {logging_mixin.py:115} INFO - [2022-08-11 09:51:43,738] {dag.py:2420} INFO - Sync 1 DAGs
[2022-08-11 09:51:43,767] {logging_mixin.py:115} INFO - [2022-08-11 09:51:43,766] {dag.py:2972} INFO - Setting next_dagrun for example_trigger_target_dag to None, run_after=None
[2022-08-11 09:51:43,780] {processor.py:161} INFO - Processing /Users/pro/Documents/a_env/proj_data/lib/python3.7/site-packages/airflow/example_dags/example_trigger_target_dag.py took 0.112 seconds
[2022-08-11 09:52:15,083] {processor.py:153} INFO - Started process (PID=51350) to work on /Users/pro/Documents/a_env/proj_data/lib/python3.7/site-packages/airflow/example_dags/example_trigger_target_dag.py
[2022-08-11 09:52:15,084] {processor.py:641} INFO - Processing file /Users/pro/Documents/a_env/proj_data/lib/python3.7/site-packages/airflow/example_dags/example_trigger_target_dag.py for tasks to queue
[2022-08-11 09:52:15,085] {logging_mixin.py:115} INFO - [2022-08-11 09:52:15,085] {dagbag.py:508} INFO - Filling up the DagBag from /Users/pro/Documents/a_env/proj_data/lib/python3.7/site-packages/airflow/example_dags/example_trigger_target_dag.py
[2022-08-11 09:52:15,110] {processor.py:651} INFO - DAG(s) dict_keys(['example_trigger_target_dag']) retrieved from /Users/pro/Documents/a_env/proj_data/lib/python3.7/site-packages/airflow/example_dags/example_trigger_target_dag.py
[2022-08-11 09:52:15,128] {logging_mixin.py:115} INFO - [2022-08-11 09:52:15,128] {dag.py:2420} INFO - Sync 1 DAGs
[2022-08-11 09:52:15,147] {logging_mixin.py:115} INFO - [2022-08-11 09:52:15,147] {dag.py:2972} INFO - Setting next_dagrun for example_trigger_target_dag to None, run_after=None
[2022-08-11 09:52:15,158] {processor.py:161} INFO - Processing /Users/pro/Documents/a_env/proj_data/lib/python3.7/site-packages/airflow/example_dags/example_trigger_target_dag.py took 0.080 seconds
[2022-08-11 09:52:48,527] {processor.py:153} INFO - Started process (PID=51395) to work on /Users/pro/Documents/a_env/proj_data/lib/python3.7/site-packages/airflow/example_dags/example_trigger_target_dag.py
[2022-08-11 09:52:48,528] {processor.py:641} INFO - Processing file /Users/pro/Documents/a_env/proj_data/lib/python3.7/site-packages/airflow/example_dags/example_trigger_target_dag.py for tasks to queue
[2022-08-11 09:52:48,529] {logging_mixin.py:115} INFO - [2022-08-11 09:52:48,529] {dagbag.py:508} INFO - Filling up the DagBag from /Users/pro/Documents/a_env/proj_data/lib/python3.7/site-packages/airflow/example_dags/example_trigger_target_dag.py
[2022-08-11 09:52:48,551] {processor.py:651} INFO - DAG(s) dict_keys(['example_trigger_target_dag']) retrieved from /Users/pro/Documents/a_env/proj_data/lib/python3.7/site-packages/airflow/example_dags/example_trigger_target_dag.py
[2022-08-11 09:52:48,569] {logging_mixin.py:115} INFO - [2022-08-11 09:52:48,568] {dag.py:2420} INFO - Sync 1 DAGs
[2022-08-11 09:52:48,586] {logging_mixin.py:115} INFO - [2022-08-11 09:52:48,586] {dag.py:2972} INFO - Setting next_dagrun for example_trigger_target_dag to None, run_after=None
[2022-08-11 09:52:48,600] {processor.py:161} INFO - Processing /Users/pro/Documents/a_env/proj_data/lib/python3.7/site-packages/airflow/example_dags/example_trigger_target_dag.py took 0.078 seconds
[2022-08-11 09:53:21,260] {processor.py:153} INFO - Started process (PID=51432) to work on /Users/pro/Documents/a_env/proj_data/lib/python3.7/site-packages/airflow/example_dags/example_trigger_target_dag.py
[2022-08-11 09:53:21,261] {processor.py:641} INFO - Processing file /Users/pro/Documents/a_env/proj_data/lib/python3.7/site-packages/airflow/example_dags/example_trigger_target_dag.py for tasks to queue
[2022-08-11 09:53:21,263] {logging_mixin.py:115} INFO - [2022-08-11 09:53:21,262] {dagbag.py:508} INFO - Filling up the DagBag from /Users/pro/Documents/a_env/proj_data/lib/python3.7/site-packages/airflow/example_dags/example_trigger_target_dag.py
[2022-08-11 09:53:21,283] {processor.py:651} INFO - DAG(s) dict_keys(['example_trigger_target_dag']) retrieved from /Users/pro/Documents/a_env/proj_data/lib/python3.7/site-packages/airflow/example_dags/example_trigger_target_dag.py
[2022-08-11 09:53:21,300] {logging_mixin.py:115} INFO - [2022-08-11 09:53:21,300] {dag.py:2420} INFO - Sync 1 DAGs
[2022-08-11 09:53:21,317] {logging_mixin.py:115} INFO - [2022-08-11 09:53:21,317] {dag.py:2972} INFO - Setting next_dagrun for example_trigger_target_dag to None, run_after=None
[2022-08-11 09:53:21,330] {processor.py:161} INFO - Processing /Users/pro/Documents/a_env/proj_data/lib/python3.7/site-packages/airflow/example_dags/example_trigger_target_dag.py took 0.074 seconds
[2022-08-11 09:53:56,227] {processor.py:153} INFO - Started process (PID=51467) to work on /Users/pro/Documents/a_env/proj_data/lib/python3.7/site-packages/airflow/example_dags/example_trigger_target_dag.py
[2022-08-11 09:53:56,228] {processor.py:641} INFO - Processing file /Users/pro/Documents/a_env/proj_data/lib/python3.7/site-packages/airflow/example_dags/example_trigger_target_dag.py for tasks to queue
[2022-08-11 09:53:56,229] {logging_mixin.py:115} INFO - [2022-08-11 09:53:56,229] {dagbag.py:508} INFO - Filling up the DagBag from /Users/pro/Documents/a_env/proj_data/lib/python3.7/site-packages/airflow/example_dags/example_trigger_target_dag.py
[2022-08-11 09:53:56,250] {processor.py:651} INFO - DAG(s) dict_keys(['example_trigger_target_dag']) retrieved from /Users/pro/Documents/a_env/proj_data/lib/python3.7/site-packages/airflow/example_dags/example_trigger_target_dag.py
[2022-08-11 09:53:56,269] {logging_mixin.py:115} INFO - [2022-08-11 09:53:56,268] {dag.py:2420} INFO - Sync 1 DAGs
[2022-08-11 09:53:56,287] {logging_mixin.py:115} INFO - [2022-08-11 09:53:56,287] {dag.py:2972} INFO - Setting next_dagrun for example_trigger_target_dag to None, run_after=None
[2022-08-11 09:53:56,300] {processor.py:161} INFO - Processing /Users/pro/Documents/a_env/proj_data/lib/python3.7/site-packages/airflow/example_dags/example_trigger_target_dag.py took 0.077 seconds
[2022-08-11 09:54:29,229] {processor.py:153} INFO - Started process (PID=51502) to work on /Users/pro/Documents/a_env/proj_data/lib/python3.7/site-packages/airflow/example_dags/example_trigger_target_dag.py
[2022-08-11 09:54:29,230] {processor.py:641} INFO - Processing file /Users/pro/Documents/a_env/proj_data/lib/python3.7/site-packages/airflow/example_dags/example_trigger_target_dag.py for tasks to queue
[2022-08-11 09:54:29,231] {logging_mixin.py:115} INFO - [2022-08-11 09:54:29,230] {dagbag.py:508} INFO - Filling up the DagBag from /Users/pro/Documents/a_env/proj_data/lib/python3.7/site-packages/airflow/example_dags/example_trigger_target_dag.py
[2022-08-11 09:54:29,251] {processor.py:651} INFO - DAG(s) dict_keys(['example_trigger_target_dag']) retrieved from /Users/pro/Documents/a_env/proj_data/lib/python3.7/site-packages/airflow/example_dags/example_trigger_target_dag.py
[2022-08-11 09:54:29,271] {logging_mixin.py:115} INFO - [2022-08-11 09:54:29,271] {dag.py:2420} INFO - Sync 1 DAGs
[2022-08-11 09:54:29,289] {logging_mixin.py:115} INFO - [2022-08-11 09:54:29,289] {dag.py:2972} INFO - Setting next_dagrun for example_trigger_target_dag to None, run_after=None
[2022-08-11 09:54:29,301] {processor.py:161} INFO - Processing /Users/pro/Documents/a_env/proj_data/lib/python3.7/site-packages/airflow/example_dags/example_trigger_target_dag.py took 0.077 seconds
[2022-08-11 09:55:00,570] {processor.py:153} INFO - Started process (PID=51534) to work on /Users/pro/Documents/a_env/proj_data/lib/python3.7/site-packages/airflow/example_dags/example_trigger_target_dag.py
[2022-08-11 09:55:00,571] {processor.py:641} INFO - Processing file /Users/pro/Documents/a_env/proj_data/lib/python3.7/site-packages/airflow/example_dags/example_trigger_target_dag.py for tasks to queue
[2022-08-11 09:55:00,572] {logging_mixin.py:115} INFO - [2022-08-11 09:55:00,572] {dagbag.py:508} INFO - Filling up the DagBag from /Users/pro/Documents/a_env/proj_data/lib/python3.7/site-packages/airflow/example_dags/example_trigger_target_dag.py
[2022-08-11 09:55:00,595] {processor.py:651} INFO - DAG(s) dict_keys(['example_trigger_target_dag']) retrieved from /Users/pro/Documents/a_env/proj_data/lib/python3.7/site-packages/airflow/example_dags/example_trigger_target_dag.py
[2022-08-11 09:55:00,613] {logging_mixin.py:115} INFO - [2022-08-11 09:55:00,612] {dag.py:2420} INFO - Sync 1 DAGs
[2022-08-11 09:55:00,629] {logging_mixin.py:115} INFO - [2022-08-11 09:55:00,629] {dag.py:2972} INFO - Setting next_dagrun for example_trigger_target_dag to None, run_after=None
[2022-08-11 09:55:00,642] {processor.py:161} INFO - Processing /Users/pro/Documents/a_env/proj_data/lib/python3.7/site-packages/airflow/example_dags/example_trigger_target_dag.py took 0.077 seconds
[2022-08-11 09:55:34,757] {processor.py:153} INFO - Started process (PID=51569) to work on /Users/pro/Documents/a_env/proj_data/lib/python3.7/site-packages/airflow/example_dags/example_trigger_target_dag.py
[2022-08-11 09:55:34,758] {processor.py:641} INFO - Processing file /Users/pro/Documents/a_env/proj_data/lib/python3.7/site-packages/airflow/example_dags/example_trigger_target_dag.py for tasks to queue
[2022-08-11 09:55:34,759] {logging_mixin.py:115} INFO - [2022-08-11 09:55:34,759] {dagbag.py:508} INFO - Filling up the DagBag from /Users/pro/Documents/a_env/proj_data/lib/python3.7/site-packages/airflow/example_dags/example_trigger_target_dag.py
[2022-08-11 09:55:34,778] {processor.py:651} INFO - DAG(s) dict_keys(['example_trigger_target_dag']) retrieved from /Users/pro/Documents/a_env/proj_data/lib/python3.7/site-packages/airflow/example_dags/example_trigger_target_dag.py
[2022-08-11 09:55:34,795] {logging_mixin.py:115} INFO - [2022-08-11 09:55:34,795] {dag.py:2420} INFO - Sync 1 DAGs
[2022-08-11 09:55:34,812] {logging_mixin.py:115} INFO - [2022-08-11 09:55:34,812] {dag.py:2972} INFO - Setting next_dagrun for example_trigger_target_dag to None, run_after=None
[2022-08-11 09:55:34,824] {processor.py:161} INFO - Processing /Users/pro/Documents/a_env/proj_data/lib/python3.7/site-packages/airflow/example_dags/example_trigger_target_dag.py took 0.072 seconds
[2022-08-11 09:56:09,199] {processor.py:153} INFO - Started process (PID=51602) to work on /Users/pro/Documents/a_env/proj_data/lib/python3.7/site-packages/airflow/example_dags/example_trigger_target_dag.py
[2022-08-11 09:56:09,201] {processor.py:641} INFO - Processing file /Users/pro/Documents/a_env/proj_data/lib/python3.7/site-packages/airflow/example_dags/example_trigger_target_dag.py for tasks to queue
[2022-08-11 09:56:09,202] {logging_mixin.py:115} INFO - [2022-08-11 09:56:09,202] {dagbag.py:508} INFO - Filling up the DagBag from /Users/pro/Documents/a_env/proj_data/lib/python3.7/site-packages/airflow/example_dags/example_trigger_target_dag.py
[2022-08-11 09:56:09,223] {processor.py:651} INFO - DAG(s) dict_keys(['example_trigger_target_dag']) retrieved from /Users/pro/Documents/a_env/proj_data/lib/python3.7/site-packages/airflow/example_dags/example_trigger_target_dag.py
[2022-08-11 09:56:09,243] {logging_mixin.py:115} INFO - [2022-08-11 09:56:09,242] {dag.py:2420} INFO - Sync 1 DAGs
[2022-08-11 09:56:09,262] {logging_mixin.py:115} INFO - [2022-08-11 09:56:09,261] {dag.py:2972} INFO - Setting next_dagrun for example_trigger_target_dag to None, run_after=None
[2022-08-11 09:56:09,274] {processor.py:161} INFO - Processing /Users/pro/Documents/a_env/proj_data/lib/python3.7/site-packages/airflow/example_dags/example_trigger_target_dag.py took 0.080 seconds
[2022-08-11 09:56:41,925] {processor.py:153} INFO - Started process (PID=51635) to work on /Users/pro/Documents/a_env/proj_data/lib/python3.7/site-packages/airflow/example_dags/example_trigger_target_dag.py
[2022-08-11 09:56:41,926] {processor.py:641} INFO - Processing file /Users/pro/Documents/a_env/proj_data/lib/python3.7/site-packages/airflow/example_dags/example_trigger_target_dag.py for tasks to queue
[2022-08-11 09:56:41,927] {logging_mixin.py:115} INFO - [2022-08-11 09:56:41,927] {dagbag.py:508} INFO - Filling up the DagBag from /Users/pro/Documents/a_env/proj_data/lib/python3.7/site-packages/airflow/example_dags/example_trigger_target_dag.py
[2022-08-11 09:56:41,948] {processor.py:651} INFO - DAG(s) dict_keys(['example_trigger_target_dag']) retrieved from /Users/pro/Documents/a_env/proj_data/lib/python3.7/site-packages/airflow/example_dags/example_trigger_target_dag.py
[2022-08-11 09:56:41,967] {logging_mixin.py:115} INFO - [2022-08-11 09:56:41,967] {dag.py:2420} INFO - Sync 1 DAGs
[2022-08-11 09:56:41,984] {logging_mixin.py:115} INFO - [2022-08-11 09:56:41,983] {dag.py:2972} INFO - Setting next_dagrun for example_trigger_target_dag to None, run_after=None
[2022-08-11 09:56:41,996] {processor.py:161} INFO - Processing /Users/pro/Documents/a_env/proj_data/lib/python3.7/site-packages/airflow/example_dags/example_trigger_target_dag.py took 0.075 seconds
[2022-08-11 09:57:15,478] {processor.py:153} INFO - Started process (PID=51672) to work on /Users/pro/Documents/a_env/proj_data/lib/python3.7/site-packages/airflow/example_dags/example_trigger_target_dag.py
[2022-08-11 09:57:15,480] {processor.py:641} INFO - Processing file /Users/pro/Documents/a_env/proj_data/lib/python3.7/site-packages/airflow/example_dags/example_trigger_target_dag.py for tasks to queue
[2022-08-11 09:57:15,482] {logging_mixin.py:115} INFO - [2022-08-11 09:57:15,482] {dagbag.py:508} INFO - Filling up the DagBag from /Users/pro/Documents/a_env/proj_data/lib/python3.7/site-packages/airflow/example_dags/example_trigger_target_dag.py
[2022-08-11 09:57:15,504] {processor.py:651} INFO - DAG(s) dict_keys(['example_trigger_target_dag']) retrieved from /Users/pro/Documents/a_env/proj_data/lib/python3.7/site-packages/airflow/example_dags/example_trigger_target_dag.py
[2022-08-11 09:57:15,524] {logging_mixin.py:115} INFO - [2022-08-11 09:57:15,523] {dag.py:2420} INFO - Sync 1 DAGs
[2022-08-11 09:57:15,542] {logging_mixin.py:115} INFO - [2022-08-11 09:57:15,541] {dag.py:2972} INFO - Setting next_dagrun for example_trigger_target_dag to None, run_after=None
[2022-08-11 09:57:15,554] {processor.py:161} INFO - Processing /Users/pro/Documents/a_env/proj_data/lib/python3.7/site-packages/airflow/example_dags/example_trigger_target_dag.py took 0.082 seconds
[2022-08-11 09:57:50,593] {processor.py:153} INFO - Started process (PID=51712) to work on /Users/pro/Documents/a_env/proj_data/lib/python3.7/site-packages/airflow/example_dags/example_trigger_target_dag.py
[2022-08-11 09:57:50,594] {processor.py:641} INFO - Processing file /Users/pro/Documents/a_env/proj_data/lib/python3.7/site-packages/airflow/example_dags/example_trigger_target_dag.py for tasks to queue
[2022-08-11 09:57:50,595] {logging_mixin.py:115} INFO - [2022-08-11 09:57:50,595] {dagbag.py:508} INFO - Filling up the DagBag from /Users/pro/Documents/a_env/proj_data/lib/python3.7/site-packages/airflow/example_dags/example_trigger_target_dag.py
[2022-08-11 09:57:50,616] {processor.py:651} INFO - DAG(s) dict_keys(['example_trigger_target_dag']) retrieved from /Users/pro/Documents/a_env/proj_data/lib/python3.7/site-packages/airflow/example_dags/example_trigger_target_dag.py
[2022-08-11 09:57:50,635] {logging_mixin.py:115} INFO - [2022-08-11 09:57:50,634] {dag.py:2420} INFO - Sync 1 DAGs
[2022-08-11 09:57:50,652] {logging_mixin.py:115} INFO - [2022-08-11 09:57:50,652] {dag.py:2972} INFO - Setting next_dagrun for example_trigger_target_dag to None, run_after=None
[2022-08-11 09:57:50,664] {processor.py:161} INFO - Processing /Users/pro/Documents/a_env/proj_data/lib/python3.7/site-packages/airflow/example_dags/example_trigger_target_dag.py took 0.077 seconds
[2022-08-11 09:58:26,030] {processor.py:153} INFO - Started process (PID=51747) to work on /Users/pro/Documents/a_env/proj_data/lib/python3.7/site-packages/airflow/example_dags/example_trigger_target_dag.py
[2022-08-11 09:58:26,031] {processor.py:641} INFO - Processing file /Users/pro/Documents/a_env/proj_data/lib/python3.7/site-packages/airflow/example_dags/example_trigger_target_dag.py for tasks to queue
[2022-08-11 09:58:26,032] {logging_mixin.py:115} INFO - [2022-08-11 09:58:26,032] {dagbag.py:508} INFO - Filling up the DagBag from /Users/pro/Documents/a_env/proj_data/lib/python3.7/site-packages/airflow/example_dags/example_trigger_target_dag.py
[2022-08-11 09:58:26,053] {processor.py:651} INFO - DAG(s) dict_keys(['example_trigger_target_dag']) retrieved from /Users/pro/Documents/a_env/proj_data/lib/python3.7/site-packages/airflow/example_dags/example_trigger_target_dag.py
[2022-08-11 09:58:26,073] {logging_mixin.py:115} INFO - [2022-08-11 09:58:26,072] {dag.py:2420} INFO - Sync 1 DAGs
[2022-08-11 09:58:26,092] {logging_mixin.py:115} INFO - [2022-08-11 09:58:26,092] {dag.py:2972} INFO - Setting next_dagrun for example_trigger_target_dag to None, run_after=None
[2022-08-11 09:58:26,105] {processor.py:161} INFO - Processing /Users/pro/Documents/a_env/proj_data/lib/python3.7/site-packages/airflow/example_dags/example_trigger_target_dag.py took 0.080 seconds
[2022-08-11 09:59:01,691] {processor.py:153} INFO - Started process (PID=51783) to work on /Users/pro/Documents/a_env/proj_data/lib/python3.7/site-packages/airflow/example_dags/example_trigger_target_dag.py
[2022-08-11 09:59:01,693] {processor.py:641} INFO - Processing file /Users/pro/Documents/a_env/proj_data/lib/python3.7/site-packages/airflow/example_dags/example_trigger_target_dag.py for tasks to queue
[2022-08-11 09:59:01,695] {logging_mixin.py:115} INFO - [2022-08-11 09:59:01,695] {dagbag.py:508} INFO - Filling up the DagBag from /Users/pro/Documents/a_env/proj_data/lib/python3.7/site-packages/airflow/example_dags/example_trigger_target_dag.py
[2022-08-11 09:59:01,718] {processor.py:651} INFO - DAG(s) dict_keys(['example_trigger_target_dag']) retrieved from /Users/pro/Documents/a_env/proj_data/lib/python3.7/site-packages/airflow/example_dags/example_trigger_target_dag.py
[2022-08-11 09:59:01,737] {logging_mixin.py:115} INFO - [2022-08-11 09:59:01,737] {dag.py:2420} INFO - Sync 1 DAGs
[2022-08-11 09:59:01,755] {logging_mixin.py:115} INFO - [2022-08-11 09:59:01,755] {dag.py:2972} INFO - Setting next_dagrun for example_trigger_target_dag to None, run_after=None
[2022-08-11 09:59:01,768] {processor.py:161} INFO - Processing /Users/pro/Documents/a_env/proj_data/lib/python3.7/site-packages/airflow/example_dags/example_trigger_target_dag.py took 0.082 seconds
[2022-08-11 09:59:35,421] {processor.py:153} INFO - Started process (PID=51831) to work on /Users/pro/Documents/a_env/proj_data/lib/python3.7/site-packages/airflow/example_dags/example_trigger_target_dag.py
[2022-08-11 09:59:35,424] {processor.py:641} INFO - Processing file /Users/pro/Documents/a_env/proj_data/lib/python3.7/site-packages/airflow/example_dags/example_trigger_target_dag.py for tasks to queue
[2022-08-11 09:59:35,425] {logging_mixin.py:115} INFO - [2022-08-11 09:59:35,425] {dagbag.py:508} INFO - Filling up the DagBag from /Users/pro/Documents/a_env/proj_data/lib/python3.7/site-packages/airflow/example_dags/example_trigger_target_dag.py
[2022-08-11 09:59:35,448] {processor.py:651} INFO - DAG(s) dict_keys(['example_trigger_target_dag']) retrieved from /Users/pro/Documents/a_env/proj_data/lib/python3.7/site-packages/airflow/example_dags/example_trigger_target_dag.py
[2022-08-11 09:59:35,467] {logging_mixin.py:115} INFO - [2022-08-11 09:59:35,467] {dag.py:2420} INFO - Sync 1 DAGs
[2022-08-11 09:59:35,487] {logging_mixin.py:115} INFO - [2022-08-11 09:59:35,487] {dag.py:2972} INFO - Setting next_dagrun for example_trigger_target_dag to None, run_after=None
[2022-08-11 09:59:35,500] {processor.py:161} INFO - Processing /Users/pro/Documents/a_env/proj_data/lib/python3.7/site-packages/airflow/example_dags/example_trigger_target_dag.py took 0.084 seconds
[2022-08-11 10:00:10,048] {processor.py:153} INFO - Started process (PID=51865) to work on /Users/pro/Documents/a_env/proj_data/lib/python3.7/site-packages/airflow/example_dags/example_trigger_target_dag.py
[2022-08-11 10:00:10,049] {processor.py:641} INFO - Processing file /Users/pro/Documents/a_env/proj_data/lib/python3.7/site-packages/airflow/example_dags/example_trigger_target_dag.py for tasks to queue
[2022-08-11 10:00:10,050] {logging_mixin.py:115} INFO - [2022-08-11 10:00:10,050] {dagbag.py:508} INFO - Filling up the DagBag from /Users/pro/Documents/a_env/proj_data/lib/python3.7/site-packages/airflow/example_dags/example_trigger_target_dag.py
[2022-08-11 10:00:10,070] {processor.py:651} INFO - DAG(s) dict_keys(['example_trigger_target_dag']) retrieved from /Users/pro/Documents/a_env/proj_data/lib/python3.7/site-packages/airflow/example_dags/example_trigger_target_dag.py
[2022-08-11 10:00:10,090] {logging_mixin.py:115} INFO - [2022-08-11 10:00:10,089] {dag.py:2420} INFO - Sync 1 DAGs
[2022-08-11 10:00:10,109] {logging_mixin.py:115} INFO - [2022-08-11 10:00:10,109] {dag.py:2972} INFO - Setting next_dagrun for example_trigger_target_dag to None, run_after=None
[2022-08-11 10:00:10,121] {processor.py:161} INFO - Processing /Users/pro/Documents/a_env/proj_data/lib/python3.7/site-packages/airflow/example_dags/example_trigger_target_dag.py took 0.078 seconds
[2022-08-11 10:00:44,806] {processor.py:153} INFO - Started process (PID=51922) to work on /Users/pro/Documents/a_env/proj_data/lib/python3.7/site-packages/airflow/example_dags/example_trigger_target_dag.py
[2022-08-11 10:00:44,808] {processor.py:641} INFO - Processing file /Users/pro/Documents/a_env/proj_data/lib/python3.7/site-packages/airflow/example_dags/example_trigger_target_dag.py for tasks to queue
[2022-08-11 10:00:44,809] {logging_mixin.py:115} INFO - [2022-08-11 10:00:44,808] {dagbag.py:508} INFO - Filling up the DagBag from /Users/pro/Documents/a_env/proj_data/lib/python3.7/site-packages/airflow/example_dags/example_trigger_target_dag.py
[2022-08-11 10:00:44,827] {processor.py:651} INFO - DAG(s) dict_keys(['example_trigger_target_dag']) retrieved from /Users/pro/Documents/a_env/proj_data/lib/python3.7/site-packages/airflow/example_dags/example_trigger_target_dag.py
[2022-08-11 10:00:44,845] {logging_mixin.py:115} INFO - [2022-08-11 10:00:44,845] {dag.py:2420} INFO - Sync 1 DAGs
[2022-08-11 10:00:44,863] {logging_mixin.py:115} INFO - [2022-08-11 10:00:44,862] {dag.py:2972} INFO - Setting next_dagrun for example_trigger_target_dag to None, run_after=None
[2022-08-11 10:00:44,874] {processor.py:161} INFO - Processing /Users/pro/Documents/a_env/proj_data/lib/python3.7/site-packages/airflow/example_dags/example_trigger_target_dag.py took 0.072 seconds
[2022-08-11 10:01:17,209] {processor.py:153} INFO - Started process (PID=51956) to work on /Users/pro/Documents/a_env/proj_data/lib/python3.7/site-packages/airflow/example_dags/example_trigger_target_dag.py
[2022-08-11 10:01:17,210] {processor.py:641} INFO - Processing file /Users/pro/Documents/a_env/proj_data/lib/python3.7/site-packages/airflow/example_dags/example_trigger_target_dag.py for tasks to queue
[2022-08-11 10:01:17,211] {logging_mixin.py:115} INFO - [2022-08-11 10:01:17,211] {dagbag.py:508} INFO - Filling up the DagBag from /Users/pro/Documents/a_env/proj_data/lib/python3.7/site-packages/airflow/example_dags/example_trigger_target_dag.py
[2022-08-11 10:01:17,234] {processor.py:651} INFO - DAG(s) dict_keys(['example_trigger_target_dag']) retrieved from /Users/pro/Documents/a_env/proj_data/lib/python3.7/site-packages/airflow/example_dags/example_trigger_target_dag.py
[2022-08-11 10:01:17,257] {logging_mixin.py:115} INFO - [2022-08-11 10:01:17,257] {dag.py:2420} INFO - Sync 1 DAGs
[2022-08-11 10:01:17,279] {logging_mixin.py:115} INFO - [2022-08-11 10:01:17,279] {dag.py:2972} INFO - Setting next_dagrun for example_trigger_target_dag to None, run_after=None
[2022-08-11 10:01:17,293] {processor.py:161} INFO - Processing /Users/pro/Documents/a_env/proj_data/lib/python3.7/site-packages/airflow/example_dags/example_trigger_target_dag.py took 0.089 seconds
[2022-08-11 10:01:52,227] {processor.py:153} INFO - Started process (PID=51992) to work on /Users/pro/Documents/a_env/proj_data/lib/python3.7/site-packages/airflow/example_dags/example_trigger_target_dag.py
[2022-08-11 10:01:52,228] {processor.py:641} INFO - Processing file /Users/pro/Documents/a_env/proj_data/lib/python3.7/site-packages/airflow/example_dags/example_trigger_target_dag.py for tasks to queue
[2022-08-11 10:01:52,229] {logging_mixin.py:115} INFO - [2022-08-11 10:01:52,229] {dagbag.py:508} INFO - Filling up the DagBag from /Users/pro/Documents/a_env/proj_data/lib/python3.7/site-packages/airflow/example_dags/example_trigger_target_dag.py
[2022-08-11 10:01:52,247] {processor.py:651} INFO - DAG(s) dict_keys(['example_trigger_target_dag']) retrieved from /Users/pro/Documents/a_env/proj_data/lib/python3.7/site-packages/airflow/example_dags/example_trigger_target_dag.py
[2022-08-11 10:01:52,266] {logging_mixin.py:115} INFO - [2022-08-11 10:01:52,265] {dag.py:2420} INFO - Sync 1 DAGs
[2022-08-11 10:01:52,283] {logging_mixin.py:115} INFO - [2022-08-11 10:01:52,282] {dag.py:2972} INFO - Setting next_dagrun for example_trigger_target_dag to None, run_after=None
[2022-08-11 10:01:52,295] {processor.py:161} INFO - Processing /Users/pro/Documents/a_env/proj_data/lib/python3.7/site-packages/airflow/example_dags/example_trigger_target_dag.py took 0.072 seconds
[2022-08-11 10:02:26,758] {processor.py:153} INFO - Started process (PID=52028) to work on /Users/pro/Documents/a_env/proj_data/lib/python3.7/site-packages/airflow/example_dags/example_trigger_target_dag.py
[2022-08-11 10:02:26,759] {processor.py:641} INFO - Processing file /Users/pro/Documents/a_env/proj_data/lib/python3.7/site-packages/airflow/example_dags/example_trigger_target_dag.py for tasks to queue
[2022-08-11 10:02:26,760] {logging_mixin.py:115} INFO - [2022-08-11 10:02:26,760] {dagbag.py:508} INFO - Filling up the DagBag from /Users/pro/Documents/a_env/proj_data/lib/python3.7/site-packages/airflow/example_dags/example_trigger_target_dag.py
[2022-08-11 10:02:26,780] {processor.py:651} INFO - DAG(s) dict_keys(['example_trigger_target_dag']) retrieved from /Users/pro/Documents/a_env/proj_data/lib/python3.7/site-packages/airflow/example_dags/example_trigger_target_dag.py
[2022-08-11 10:02:26,798] {logging_mixin.py:115} INFO - [2022-08-11 10:02:26,798] {dag.py:2420} INFO - Sync 1 DAGs
[2022-08-11 10:02:26,816] {logging_mixin.py:115} INFO - [2022-08-11 10:02:26,815] {dag.py:2972} INFO - Setting next_dagrun for example_trigger_target_dag to None, run_after=None
[2022-08-11 10:02:26,827] {processor.py:161} INFO - Processing /Users/pro/Documents/a_env/proj_data/lib/python3.7/site-packages/airflow/example_dags/example_trigger_target_dag.py took 0.073 seconds
[2022-08-11 10:03:01,591] {processor.py:153} INFO - Started process (PID=52068) to work on /Users/pro/Documents/a_env/proj_data/lib/python3.7/site-packages/airflow/example_dags/example_trigger_target_dag.py
[2022-08-11 10:03:01,592] {processor.py:641} INFO - Processing file /Users/pro/Documents/a_env/proj_data/lib/python3.7/site-packages/airflow/example_dags/example_trigger_target_dag.py for tasks to queue
[2022-08-11 10:03:01,593] {logging_mixin.py:115} INFO - [2022-08-11 10:03:01,593] {dagbag.py:508} INFO - Filling up the DagBag from /Users/pro/Documents/a_env/proj_data/lib/python3.7/site-packages/airflow/example_dags/example_trigger_target_dag.py
[2022-08-11 10:03:01,616] {processor.py:651} INFO - DAG(s) dict_keys(['example_trigger_target_dag']) retrieved from /Users/pro/Documents/a_env/proj_data/lib/python3.7/site-packages/airflow/example_dags/example_trigger_target_dag.py
[2022-08-11 10:03:01,635] {logging_mixin.py:115} INFO - [2022-08-11 10:03:01,635] {dag.py:2420} INFO - Sync 1 DAGs
[2022-08-11 10:03:01,653] {logging_mixin.py:115} INFO - [2022-08-11 10:03:01,653] {dag.py:2972} INFO - Setting next_dagrun for example_trigger_target_dag to None, run_after=None
[2022-08-11 10:03:01,665] {processor.py:161} INFO - Processing /Users/pro/Documents/a_env/proj_data/lib/python3.7/site-packages/airflow/example_dags/example_trigger_target_dag.py took 0.079 seconds
[2022-08-11 10:03:35,600] {processor.py:153} INFO - Started process (PID=52103) to work on /Users/pro/Documents/a_env/proj_data/lib/python3.7/site-packages/airflow/example_dags/example_trigger_target_dag.py
[2022-08-11 10:03:35,601] {processor.py:641} INFO - Processing file /Users/pro/Documents/a_env/proj_data/lib/python3.7/site-packages/airflow/example_dags/example_trigger_target_dag.py for tasks to queue
[2022-08-11 10:03:35,603] {logging_mixin.py:115} INFO - [2022-08-11 10:03:35,602] {dagbag.py:508} INFO - Filling up the DagBag from /Users/pro/Documents/a_env/proj_data/lib/python3.7/site-packages/airflow/example_dags/example_trigger_target_dag.py
[2022-08-11 10:03:35,624] {processor.py:651} INFO - DAG(s) dict_keys(['example_trigger_target_dag']) retrieved from /Users/pro/Documents/a_env/proj_data/lib/python3.7/site-packages/airflow/example_dags/example_trigger_target_dag.py
[2022-08-11 10:03:35,642] {logging_mixin.py:115} INFO - [2022-08-11 10:03:35,641] {dag.py:2420} INFO - Sync 1 DAGs
[2022-08-11 10:03:35,658] {logging_mixin.py:115} INFO - [2022-08-11 10:03:35,658] {dag.py:2972} INFO - Setting next_dagrun for example_trigger_target_dag to None, run_after=None
[2022-08-11 10:03:35,671] {processor.py:161} INFO - Processing /Users/pro/Documents/a_env/proj_data/lib/python3.7/site-packages/airflow/example_dags/example_trigger_target_dag.py took 0.077 seconds
[2022-08-11 10:04:07,893] {processor.py:153} INFO - Started process (PID=52137) to work on /Users/pro/Documents/a_env/proj_data/lib/python3.7/site-packages/airflow/example_dags/example_trigger_target_dag.py
[2022-08-11 10:04:07,894] {processor.py:641} INFO - Processing file /Users/pro/Documents/a_env/proj_data/lib/python3.7/site-packages/airflow/example_dags/example_trigger_target_dag.py for tasks to queue
[2022-08-11 10:04:07,895] {logging_mixin.py:115} INFO - [2022-08-11 10:04:07,894] {dagbag.py:508} INFO - Filling up the DagBag from /Users/pro/Documents/a_env/proj_data/lib/python3.7/site-packages/airflow/example_dags/example_trigger_target_dag.py
[2022-08-11 10:04:07,916] {processor.py:651} INFO - DAG(s) dict_keys(['example_trigger_target_dag']) retrieved from /Users/pro/Documents/a_env/proj_data/lib/python3.7/site-packages/airflow/example_dags/example_trigger_target_dag.py
[2022-08-11 10:04:07,934] {logging_mixin.py:115} INFO - [2022-08-11 10:04:07,934] {dag.py:2420} INFO - Sync 1 DAGs
[2022-08-11 10:04:07,950] {logging_mixin.py:115} INFO - [2022-08-11 10:04:07,950] {dag.py:2972} INFO - Setting next_dagrun for example_trigger_target_dag to None, run_after=None
[2022-08-11 10:04:07,968] {processor.py:161} INFO - Processing /Users/pro/Documents/a_env/proj_data/lib/python3.7/site-packages/airflow/example_dags/example_trigger_target_dag.py took 0.081 seconds
[2022-08-11 10:18:41,265] {processor.py:153} INFO - Started process (PID=52179) to work on /Users/pro/Documents/a_env/proj_data/lib/python3.7/site-packages/airflow/example_dags/example_trigger_target_dag.py
[2022-08-11 10:18:41,272] {processor.py:641} INFO - Processing file /Users/pro/Documents/a_env/proj_data/lib/python3.7/site-packages/airflow/example_dags/example_trigger_target_dag.py for tasks to queue
[2022-08-11 10:18:41,281] {logging_mixin.py:115} INFO - [2022-08-11 10:18:41,279] {dagbag.py:508} INFO - Filling up the DagBag from /Users/pro/Documents/a_env/proj_data/lib/python3.7/site-packages/airflow/example_dags/example_trigger_target_dag.py
[2022-08-11 10:18:41,485] {processor.py:651} INFO - DAG(s) dict_keys(['example_trigger_target_dag']) retrieved from /Users/pro/Documents/a_env/proj_data/lib/python3.7/site-packages/airflow/example_dags/example_trigger_target_dag.py
[2022-08-11 10:18:41,623] {logging_mixin.py:115} INFO - [2022-08-11 10:18:41,620] {dag.py:2420} INFO - Sync 1 DAGs
[2022-08-11 10:18:41,763] {logging_mixin.py:115} INFO - [2022-08-11 10:18:41,761] {dag.py:2972} INFO - Setting next_dagrun for example_trigger_target_dag to None, run_after=None
[2022-08-11 10:18:41,847] {processor.py:161} INFO - Processing /Users/pro/Documents/a_env/proj_data/lib/python3.7/site-packages/airflow/example_dags/example_trigger_target_dag.py took 0.613 seconds
[2022-08-11 10:23:07,779] {processor.py:153} INFO - Started process (PID=52258) to work on /Users/pro/Documents/a_env/proj_data/lib/python3.7/site-packages/airflow/example_dags/example_trigger_target_dag.py
[2022-08-11 10:23:07,781] {processor.py:641} INFO - Processing file /Users/pro/Documents/a_env/proj_data/lib/python3.7/site-packages/airflow/example_dags/example_trigger_target_dag.py for tasks to queue
[2022-08-11 10:23:07,782] {logging_mixin.py:115} INFO - [2022-08-11 10:23:07,782] {dagbag.py:508} INFO - Filling up the DagBag from /Users/pro/Documents/a_env/proj_data/lib/python3.7/site-packages/airflow/example_dags/example_trigger_target_dag.py
[2022-08-11 10:23:07,805] {processor.py:651} INFO - DAG(s) dict_keys(['example_trigger_target_dag']) retrieved from /Users/pro/Documents/a_env/proj_data/lib/python3.7/site-packages/airflow/example_dags/example_trigger_target_dag.py
[2022-08-11 10:23:07,825] {logging_mixin.py:115} INFO - [2022-08-11 10:23:07,825] {dag.py:2420} INFO - Sync 1 DAGs
[2022-08-11 10:23:07,846] {logging_mixin.py:115} INFO - [2022-08-11 10:23:07,846] {dag.py:2972} INFO - Setting next_dagrun for example_trigger_target_dag to None, run_after=None
[2022-08-11 10:23:07,859] {processor.py:161} INFO - Processing /Users/pro/Documents/a_env/proj_data/lib/python3.7/site-packages/airflow/example_dags/example_trigger_target_dag.py took 0.086 seconds
[2022-08-11 10:23:43,408] {processor.py:153} INFO - Started process (PID=52310) to work on /Users/pro/Documents/a_env/proj_data/lib/python3.7/site-packages/airflow/example_dags/example_trigger_target_dag.py
[2022-08-11 10:23:43,410] {processor.py:641} INFO - Processing file /Users/pro/Documents/a_env/proj_data/lib/python3.7/site-packages/airflow/example_dags/example_trigger_target_dag.py for tasks to queue
[2022-08-11 10:23:43,411] {logging_mixin.py:115} INFO - [2022-08-11 10:23:43,411] {dagbag.py:508} INFO - Filling up the DagBag from /Users/pro/Documents/a_env/proj_data/lib/python3.7/site-packages/airflow/example_dags/example_trigger_target_dag.py
[2022-08-11 10:23:43,435] {processor.py:651} INFO - DAG(s) dict_keys(['example_trigger_target_dag']) retrieved from /Users/pro/Documents/a_env/proj_data/lib/python3.7/site-packages/airflow/example_dags/example_trigger_target_dag.py
[2022-08-11 10:23:43,456] {logging_mixin.py:115} INFO - [2022-08-11 10:23:43,455] {dag.py:2420} INFO - Sync 1 DAGs
[2022-08-11 10:23:43,475] {logging_mixin.py:115} INFO - [2022-08-11 10:23:43,474] {dag.py:2972} INFO - Setting next_dagrun for example_trigger_target_dag to None, run_after=None
[2022-08-11 10:23:43,488] {processor.py:161} INFO - Processing /Users/pro/Documents/a_env/proj_data/lib/python3.7/site-packages/airflow/example_dags/example_trigger_target_dag.py took 0.086 seconds
[2022-08-11 10:24:20,924] {processor.py:153} INFO - Started process (PID=52422) to work on /Users/pro/Documents/a_env/proj_data/lib/python3.7/site-packages/airflow/example_dags/example_trigger_target_dag.py
[2022-08-11 10:24:20,925] {processor.py:641} INFO - Processing file /Users/pro/Documents/a_env/proj_data/lib/python3.7/site-packages/airflow/example_dags/example_trigger_target_dag.py for tasks to queue
[2022-08-11 10:24:20,929] {logging_mixin.py:115} INFO - [2022-08-11 10:24:20,928] {dagbag.py:508} INFO - Filling up the DagBag from /Users/pro/Documents/a_env/proj_data/lib/python3.7/site-packages/airflow/example_dags/example_trigger_target_dag.py
[2022-08-11 10:24:20,959] {processor.py:651} INFO - DAG(s) dict_keys(['example_trigger_target_dag']) retrieved from /Users/pro/Documents/a_env/proj_data/lib/python3.7/site-packages/airflow/example_dags/example_trigger_target_dag.py
[2022-08-11 10:24:20,985] {logging_mixin.py:115} INFO - [2022-08-11 10:24:20,984] {dag.py:2420} INFO - Sync 1 DAGs
[2022-08-11 10:24:21,049] {logging_mixin.py:115} INFO - [2022-08-11 10:24:21,048] {dag.py:2972} INFO - Setting next_dagrun for example_trigger_target_dag to None, run_after=None
[2022-08-11 10:24:21,071] {processor.py:161} INFO - Processing /Users/pro/Documents/a_env/proj_data/lib/python3.7/site-packages/airflow/example_dags/example_trigger_target_dag.py took 0.161 seconds
[2022-08-11 10:24:56,104] {processor.py:153} INFO - Started process (PID=52468) to work on /Users/pro/Documents/a_env/proj_data/lib/python3.7/site-packages/airflow/example_dags/example_trigger_target_dag.py
[2022-08-11 10:24:56,105] {processor.py:641} INFO - Processing file /Users/pro/Documents/a_env/proj_data/lib/python3.7/site-packages/airflow/example_dags/example_trigger_target_dag.py for tasks to queue
[2022-08-11 10:24:56,106] {logging_mixin.py:115} INFO - [2022-08-11 10:24:56,106] {dagbag.py:508} INFO - Filling up the DagBag from /Users/pro/Documents/a_env/proj_data/lib/python3.7/site-packages/airflow/example_dags/example_trigger_target_dag.py
[2022-08-11 10:24:56,130] {processor.py:651} INFO - DAG(s) dict_keys(['example_trigger_target_dag']) retrieved from /Users/pro/Documents/a_env/proj_data/lib/python3.7/site-packages/airflow/example_dags/example_trigger_target_dag.py
[2022-08-11 10:24:56,176] {logging_mixin.py:115} INFO - [2022-08-11 10:24:56,176] {dag.py:2420} INFO - Sync 1 DAGs
[2022-08-11 10:24:56,211] {logging_mixin.py:115} INFO - [2022-08-11 10:24:56,210] {dag.py:2972} INFO - Setting next_dagrun for example_trigger_target_dag to None, run_after=None
[2022-08-11 10:24:56,225] {processor.py:161} INFO - Processing /Users/pro/Documents/a_env/proj_data/lib/python3.7/site-packages/airflow/example_dags/example_trigger_target_dag.py took 0.126 seconds
[2022-08-11 10:25:32,246] {processor.py:153} INFO - Started process (PID=52508) to work on /Users/pro/Documents/a_env/proj_data/lib/python3.7/site-packages/airflow/example_dags/example_trigger_target_dag.py
[2022-08-11 10:25:32,247] {processor.py:641} INFO - Processing file /Users/pro/Documents/a_env/proj_data/lib/python3.7/site-packages/airflow/example_dags/example_trigger_target_dag.py for tasks to queue
[2022-08-11 10:25:32,248] {logging_mixin.py:115} INFO - [2022-08-11 10:25:32,248] {dagbag.py:508} INFO - Filling up the DagBag from /Users/pro/Documents/a_env/proj_data/lib/python3.7/site-packages/airflow/example_dags/example_trigger_target_dag.py
[2022-08-11 10:25:32,272] {processor.py:651} INFO - DAG(s) dict_keys(['example_trigger_target_dag']) retrieved from /Users/pro/Documents/a_env/proj_data/lib/python3.7/site-packages/airflow/example_dags/example_trigger_target_dag.py
[2022-08-11 10:25:32,292] {logging_mixin.py:115} INFO - [2022-08-11 10:25:32,291] {dag.py:2420} INFO - Sync 1 DAGs
[2022-08-11 10:25:32,311] {logging_mixin.py:115} INFO - [2022-08-11 10:25:32,310] {dag.py:2972} INFO - Setting next_dagrun for example_trigger_target_dag to None, run_after=None
[2022-08-11 10:25:32,324] {processor.py:161} INFO - Processing /Users/pro/Documents/a_env/proj_data/lib/python3.7/site-packages/airflow/example_dags/example_trigger_target_dag.py took 0.082 seconds
[2022-08-11 10:26:10,611] {processor.py:153} INFO - Started process (PID=52596) to work on /Users/pro/Documents/a_env/proj_data/lib/python3.7/site-packages/airflow/example_dags/example_trigger_target_dag.py
[2022-08-11 10:26:10,613] {processor.py:641} INFO - Processing file /Users/pro/Documents/a_env/proj_data/lib/python3.7/site-packages/airflow/example_dags/example_trigger_target_dag.py for tasks to queue
[2022-08-11 10:26:10,614] {logging_mixin.py:115} INFO - [2022-08-11 10:26:10,614] {dagbag.py:508} INFO - Filling up the DagBag from /Users/pro/Documents/a_env/proj_data/lib/python3.7/site-packages/airflow/example_dags/example_trigger_target_dag.py
[2022-08-11 10:26:10,712] {processor.py:651} INFO - DAG(s) dict_keys(['example_trigger_target_dag']) retrieved from /Users/pro/Documents/a_env/proj_data/lib/python3.7/site-packages/airflow/example_dags/example_trigger_target_dag.py
[2022-08-11 10:26:10,787] {logging_mixin.py:115} INFO - [2022-08-11 10:26:10,786] {dag.py:2420} INFO - Sync 1 DAGs
[2022-08-11 10:26:10,878] {logging_mixin.py:115} INFO - [2022-08-11 10:26:10,877] {dag.py:2972} INFO - Setting next_dagrun for example_trigger_target_dag to None, run_after=None
[2022-08-11 10:26:10,894] {processor.py:161} INFO - Processing /Users/pro/Documents/a_env/proj_data/lib/python3.7/site-packages/airflow/example_dags/example_trigger_target_dag.py took 0.309 seconds
[2022-08-11 10:26:51,046] {processor.py:153} INFO - Started process (PID=52646) to work on /Users/pro/Documents/a_env/proj_data/lib/python3.7/site-packages/airflow/example_dags/example_trigger_target_dag.py
[2022-08-11 10:26:51,049] {processor.py:641} INFO - Processing file /Users/pro/Documents/a_env/proj_data/lib/python3.7/site-packages/airflow/example_dags/example_trigger_target_dag.py for tasks to queue
[2022-08-11 10:26:51,050] {logging_mixin.py:115} INFO - [2022-08-11 10:26:51,049] {dagbag.py:508} INFO - Filling up the DagBag from /Users/pro/Documents/a_env/proj_data/lib/python3.7/site-packages/airflow/example_dags/example_trigger_target_dag.py
[2022-08-11 10:26:51,077] {processor.py:651} INFO - DAG(s) dict_keys(['example_trigger_target_dag']) retrieved from /Users/pro/Documents/a_env/proj_data/lib/python3.7/site-packages/airflow/example_dags/example_trigger_target_dag.py
[2022-08-11 10:26:51,104] {logging_mixin.py:115} INFO - [2022-08-11 10:26:51,104] {dag.py:2420} INFO - Sync 1 DAGs
[2022-08-11 10:26:51,132] {logging_mixin.py:115} INFO - [2022-08-11 10:26:51,132] {dag.py:2972} INFO - Setting next_dagrun for example_trigger_target_dag to None, run_after=None
[2022-08-11 10:26:51,147] {processor.py:161} INFO - Processing /Users/pro/Documents/a_env/proj_data/lib/python3.7/site-packages/airflow/example_dags/example_trigger_target_dag.py took 0.108 seconds
[2022-08-11 10:27:38,990] {processor.py:153} INFO - Started process (PID=52696) to work on /Users/pro/Documents/a_env/proj_data/lib/python3.7/site-packages/airflow/example_dags/example_trigger_target_dag.py
[2022-08-11 10:27:38,992] {processor.py:641} INFO - Processing file /Users/pro/Documents/a_env/proj_data/lib/python3.7/site-packages/airflow/example_dags/example_trigger_target_dag.py for tasks to queue
[2022-08-11 10:27:38,993] {logging_mixin.py:115} INFO - [2022-08-11 10:27:38,992] {dagbag.py:508} INFO - Filling up the DagBag from /Users/pro/Documents/a_env/proj_data/lib/python3.7/site-packages/airflow/example_dags/example_trigger_target_dag.py
[2022-08-11 10:27:39,042] {processor.py:651} INFO - DAG(s) dict_keys(['example_trigger_target_dag']) retrieved from /Users/pro/Documents/a_env/proj_data/lib/python3.7/site-packages/airflow/example_dags/example_trigger_target_dag.py
[2022-08-11 10:27:39,077] {logging_mixin.py:115} INFO - [2022-08-11 10:27:39,076] {dag.py:2420} INFO - Sync 1 DAGs
[2022-08-11 10:27:39,118] {logging_mixin.py:115} INFO - [2022-08-11 10:27:39,117] {dag.py:2972} INFO - Setting next_dagrun for example_trigger_target_dag to None, run_after=None
[2022-08-11 10:27:39,135] {processor.py:161} INFO - Processing /Users/pro/Documents/a_env/proj_data/lib/python3.7/site-packages/airflow/example_dags/example_trigger_target_dag.py took 0.155 seconds
[2022-08-11 10:28:17,990] {processor.py:153} INFO - Started process (PID=52752) to work on /Users/pro/Documents/a_env/proj_data/lib/python3.7/site-packages/airflow/example_dags/example_trigger_target_dag.py
[2022-08-11 10:28:17,993] {processor.py:641} INFO - Processing file /Users/pro/Documents/a_env/proj_data/lib/python3.7/site-packages/airflow/example_dags/example_trigger_target_dag.py for tasks to queue
[2022-08-11 10:28:17,995] {logging_mixin.py:115} INFO - [2022-08-11 10:28:17,995] {dagbag.py:508} INFO - Filling up the DagBag from /Users/pro/Documents/a_env/proj_data/lib/python3.7/site-packages/airflow/example_dags/example_trigger_target_dag.py
[2022-08-11 10:28:18,023] {processor.py:651} INFO - DAG(s) dict_keys(['example_trigger_target_dag']) retrieved from /Users/pro/Documents/a_env/proj_data/lib/python3.7/site-packages/airflow/example_dags/example_trigger_target_dag.py
[2022-08-11 10:28:18,051] {logging_mixin.py:115} INFO - [2022-08-11 10:28:18,051] {dag.py:2420} INFO - Sync 1 DAGs
[2022-08-11 10:28:18,075] {logging_mixin.py:115} INFO - [2022-08-11 10:28:18,075] {dag.py:2972} INFO - Setting next_dagrun for example_trigger_target_dag to None, run_after=None
[2022-08-11 10:28:18,089] {processor.py:161} INFO - Processing /Users/pro/Documents/a_env/proj_data/lib/python3.7/site-packages/airflow/example_dags/example_trigger_target_dag.py took 0.107 seconds
