[2022-08-11 08:16:34,085] {processor.py:153} INFO - Started process (PID=50749) to work on /Users/pro/Documents/a_env/proj_data/lib/python3.7/site-packages/airflow/example_dags/example_branch_day_of_week_operator.py
[2022-08-11 08:16:34,085] {processor.py:641} INFO - Processing file /Users/pro/Documents/a_env/proj_data/lib/python3.7/site-packages/airflow/example_dags/example_branch_day_of_week_operator.py for tasks to queue
[2022-08-11 08:16:34,086] {logging_mixin.py:115} INFO - [2022-08-11 08:16:34,086] {dagbag.py:508} INFO - Filling up the DagBag from /Users/pro/Documents/a_env/proj_data/lib/python3.7/site-packages/airflow/example_dags/example_branch_day_of_week_operator.py
[2022-08-11 08:16:34,117] {processor.py:651} INFO - DAG(s) dict_keys(['example_weekday_branch_operator']) retrieved from /Users/pro/Documents/a_env/proj_data/lib/python3.7/site-packages/airflow/example_dags/example_branch_day_of_week_operator.py
[2022-08-11 08:16:34,139] {logging_mixin.py:115} INFO - [2022-08-11 08:16:34,139] {dag.py:2420} INFO - Sync 1 DAGs
[2022-08-11 08:16:34,159] {logging_mixin.py:115} INFO - [2022-08-11 08:16:34,159] {dag.py:2972} INFO - Setting next_dagrun for example_weekday_branch_operator to 2022-08-10T00:00:00+00:00, run_after=2022-08-11T00:00:00+00:00
[2022-08-11 08:16:34,173] {processor.py:161} INFO - Processing /Users/pro/Documents/a_env/proj_data/lib/python3.7/site-packages/airflow/example_dags/example_branch_day_of_week_operator.py took 0.093 seconds
[2022-08-11 09:45:49,352] {processor.py:153} INFO - Started process (PID=50915) to work on /Users/pro/Documents/a_env/proj_data/lib/python3.7/site-packages/airflow/example_dags/example_branch_day_of_week_operator.py
[2022-08-11 09:45:49,353] {processor.py:641} INFO - Processing file /Users/pro/Documents/a_env/proj_data/lib/python3.7/site-packages/airflow/example_dags/example_branch_day_of_week_operator.py for tasks to queue
[2022-08-11 09:45:49,354] {logging_mixin.py:115} INFO - [2022-08-11 09:45:49,354] {dagbag.py:508} INFO - Filling up the DagBag from /Users/pro/Documents/a_env/proj_data/lib/python3.7/site-packages/airflow/example_dags/example_branch_day_of_week_operator.py
[2022-08-11 09:45:49,367] {processor.py:651} INFO - DAG(s) dict_keys(['example_weekday_branch_operator']) retrieved from /Users/pro/Documents/a_env/proj_data/lib/python3.7/site-packages/airflow/example_dags/example_branch_day_of_week_operator.py
[2022-08-11 09:45:49,386] {logging_mixin.py:115} INFO - [2022-08-11 09:45:49,386] {dag.py:2420} INFO - Sync 1 DAGs
[2022-08-11 09:45:49,406] {logging_mixin.py:115} INFO - [2022-08-11 09:45:49,406] {dag.py:2972} INFO - Setting next_dagrun for example_weekday_branch_operator to 2022-08-10T00:00:00+00:00, run_after=2022-08-11T00:00:00+00:00
[2022-08-11 09:45:49,419] {processor.py:161} INFO - Processing /Users/pro/Documents/a_env/proj_data/lib/python3.7/site-packages/airflow/example_dags/example_branch_day_of_week_operator.py took 0.071 seconds
[2022-08-11 09:46:27,512] {processor.py:153} INFO - Started process (PID=50966) to work on /Users/pro/Documents/a_env/proj_data/lib/python3.7/site-packages/airflow/example_dags/example_branch_day_of_week_operator.py
[2022-08-11 09:46:27,514] {processor.py:641} INFO - Processing file /Users/pro/Documents/a_env/proj_data/lib/python3.7/site-packages/airflow/example_dags/example_branch_day_of_week_operator.py for tasks to queue
[2022-08-11 09:46:27,515] {logging_mixin.py:115} INFO - [2022-08-11 09:46:27,514] {dagbag.py:508} INFO - Filling up the DagBag from /Users/pro/Documents/a_env/proj_data/lib/python3.7/site-packages/airflow/example_dags/example_branch_day_of_week_operator.py
[2022-08-11 09:46:27,527] {processor.py:651} INFO - DAG(s) dict_keys(['example_weekday_branch_operator']) retrieved from /Users/pro/Documents/a_env/proj_data/lib/python3.7/site-packages/airflow/example_dags/example_branch_day_of_week_operator.py
[2022-08-11 09:46:27,549] {logging_mixin.py:115} INFO - [2022-08-11 09:46:27,549] {dag.py:2420} INFO - Sync 1 DAGs
[2022-08-11 09:46:27,568] {logging_mixin.py:115} INFO - [2022-08-11 09:46:27,568] {dag.py:2972} INFO - Setting next_dagrun for example_weekday_branch_operator to 2022-08-10T00:00:00+00:00, run_after=2022-08-11T00:00:00+00:00
[2022-08-11 09:46:27,583] {processor.py:161} INFO - Processing /Users/pro/Documents/a_env/proj_data/lib/python3.7/site-packages/airflow/example_dags/example_branch_day_of_week_operator.py took 0.076 seconds
[2022-08-11 09:47:01,842] {processor.py:153} INFO - Started process (PID=51004) to work on /Users/pro/Documents/a_env/proj_data/lib/python3.7/site-packages/airflow/example_dags/example_branch_day_of_week_operator.py
[2022-08-11 09:47:01,843] {processor.py:641} INFO - Processing file /Users/pro/Documents/a_env/proj_data/lib/python3.7/site-packages/airflow/example_dags/example_branch_day_of_week_operator.py for tasks to queue
[2022-08-11 09:47:01,844] {logging_mixin.py:115} INFO - [2022-08-11 09:47:01,844] {dagbag.py:508} INFO - Filling up the DagBag from /Users/pro/Documents/a_env/proj_data/lib/python3.7/site-packages/airflow/example_dags/example_branch_day_of_week_operator.py
[2022-08-11 09:47:01,858] {processor.py:651} INFO - DAG(s) dict_keys(['example_weekday_branch_operator']) retrieved from /Users/pro/Documents/a_env/proj_data/lib/python3.7/site-packages/airflow/example_dags/example_branch_day_of_week_operator.py
[2022-08-11 09:47:01,878] {logging_mixin.py:115} INFO - [2022-08-11 09:47:01,878] {dag.py:2420} INFO - Sync 1 DAGs
[2022-08-11 09:47:01,900] {logging_mixin.py:115} INFO - [2022-08-11 09:47:01,900] {dag.py:2972} INFO - Setting next_dagrun for example_weekday_branch_operator to 2022-08-10T00:00:00+00:00, run_after=2022-08-11T00:00:00+00:00
[2022-08-11 09:47:01,911] {processor.py:161} INFO - Processing /Users/pro/Documents/a_env/proj_data/lib/python3.7/site-packages/airflow/example_dags/example_branch_day_of_week_operator.py took 0.073 seconds
[2022-08-11 09:47:38,522] {processor.py:153} INFO - Started process (PID=51043) to work on /Users/pro/Documents/a_env/proj_data/lib/python3.7/site-packages/airflow/example_dags/example_branch_day_of_week_operator.py
[2022-08-11 09:47:38,523] {processor.py:641} INFO - Processing file /Users/pro/Documents/a_env/proj_data/lib/python3.7/site-packages/airflow/example_dags/example_branch_day_of_week_operator.py for tasks to queue
[2022-08-11 09:47:38,524] {logging_mixin.py:115} INFO - [2022-08-11 09:47:38,524] {dagbag.py:508} INFO - Filling up the DagBag from /Users/pro/Documents/a_env/proj_data/lib/python3.7/site-packages/airflow/example_dags/example_branch_day_of_week_operator.py
[2022-08-11 09:47:38,537] {processor.py:651} INFO - DAG(s) dict_keys(['example_weekday_branch_operator']) retrieved from /Users/pro/Documents/a_env/proj_data/lib/python3.7/site-packages/airflow/example_dags/example_branch_day_of_week_operator.py
[2022-08-11 09:47:38,559] {logging_mixin.py:115} INFO - [2022-08-11 09:47:38,558] {dag.py:2420} INFO - Sync 1 DAGs
[2022-08-11 09:47:38,583] {logging_mixin.py:115} INFO - [2022-08-11 09:47:38,582] {dag.py:2972} INFO - Setting next_dagrun for example_weekday_branch_operator to 2022-08-10T00:00:00+00:00, run_after=2022-08-11T00:00:00+00:00
[2022-08-11 09:47:38,596] {processor.py:161} INFO - Processing /Users/pro/Documents/a_env/proj_data/lib/python3.7/site-packages/airflow/example_dags/example_branch_day_of_week_operator.py took 0.078 seconds
[2022-08-11 09:48:13,804] {processor.py:153} INFO - Started process (PID=51085) to work on /Users/pro/Documents/a_env/proj_data/lib/python3.7/site-packages/airflow/example_dags/example_branch_day_of_week_operator.py
[2022-08-11 09:48:13,812] {processor.py:641} INFO - Processing file /Users/pro/Documents/a_env/proj_data/lib/python3.7/site-packages/airflow/example_dags/example_branch_day_of_week_operator.py for tasks to queue
[2022-08-11 09:48:13,833] {logging_mixin.py:115} INFO - [2022-08-11 09:48:13,833] {dagbag.py:508} INFO - Filling up the DagBag from /Users/pro/Documents/a_env/proj_data/lib/python3.7/site-packages/airflow/example_dags/example_branch_day_of_week_operator.py
[2022-08-11 09:48:13,846] {processor.py:651} INFO - DAG(s) dict_keys(['example_weekday_branch_operator']) retrieved from /Users/pro/Documents/a_env/proj_data/lib/python3.7/site-packages/airflow/example_dags/example_branch_day_of_week_operator.py
[2022-08-11 09:48:13,869] {logging_mixin.py:115} INFO - [2022-08-11 09:48:13,868] {dag.py:2420} INFO - Sync 1 DAGs
[2022-08-11 09:48:13,889] {logging_mixin.py:115} INFO - [2022-08-11 09:48:13,889] {dag.py:2972} INFO - Setting next_dagrun for example_weekday_branch_operator to 2022-08-10T00:00:00+00:00, run_after=2022-08-11T00:00:00+00:00
[2022-08-11 09:48:13,903] {processor.py:161} INFO - Processing /Users/pro/Documents/a_env/proj_data/lib/python3.7/site-packages/airflow/example_dags/example_branch_day_of_week_operator.py took 0.103 seconds
[2022-08-11 09:48:47,220] {processor.py:153} INFO - Started process (PID=51120) to work on /Users/pro/Documents/a_env/proj_data/lib/python3.7/site-packages/airflow/example_dags/example_branch_day_of_week_operator.py
[2022-08-11 09:48:47,220] {processor.py:641} INFO - Processing file /Users/pro/Documents/a_env/proj_data/lib/python3.7/site-packages/airflow/example_dags/example_branch_day_of_week_operator.py for tasks to queue
[2022-08-11 09:48:47,221] {logging_mixin.py:115} INFO - [2022-08-11 09:48:47,221] {dagbag.py:508} INFO - Filling up the DagBag from /Users/pro/Documents/a_env/proj_data/lib/python3.7/site-packages/airflow/example_dags/example_branch_day_of_week_operator.py
[2022-08-11 09:48:47,233] {processor.py:651} INFO - DAG(s) dict_keys(['example_weekday_branch_operator']) retrieved from /Users/pro/Documents/a_env/proj_data/lib/python3.7/site-packages/airflow/example_dags/example_branch_day_of_week_operator.py
[2022-08-11 09:48:47,255] {logging_mixin.py:115} INFO - [2022-08-11 09:48:47,255] {dag.py:2420} INFO - Sync 1 DAGs
[2022-08-11 09:48:47,275] {logging_mixin.py:115} INFO - [2022-08-11 09:48:47,274] {dag.py:2972} INFO - Setting next_dagrun for example_weekday_branch_operator to 2022-08-10T00:00:00+00:00, run_after=2022-08-11T00:00:00+00:00
[2022-08-11 09:48:47,286] {processor.py:161} INFO - Processing /Users/pro/Documents/a_env/proj_data/lib/python3.7/site-packages/airflow/example_dags/example_branch_day_of_week_operator.py took 0.071 seconds
[2022-08-11 09:49:21,436] {processor.py:153} INFO - Started process (PID=51156) to work on /Users/pro/Documents/a_env/proj_data/lib/python3.7/site-packages/airflow/example_dags/example_branch_day_of_week_operator.py
[2022-08-11 09:49:21,437] {processor.py:641} INFO - Processing file /Users/pro/Documents/a_env/proj_data/lib/python3.7/site-packages/airflow/example_dags/example_branch_day_of_week_operator.py for tasks to queue
[2022-08-11 09:49:21,439] {logging_mixin.py:115} INFO - [2022-08-11 09:49:21,438] {dagbag.py:508} INFO - Filling up the DagBag from /Users/pro/Documents/a_env/proj_data/lib/python3.7/site-packages/airflow/example_dags/example_branch_day_of_week_operator.py
[2022-08-11 09:49:21,451] {processor.py:651} INFO - DAG(s) dict_keys(['example_weekday_branch_operator']) retrieved from /Users/pro/Documents/a_env/proj_data/lib/python3.7/site-packages/airflow/example_dags/example_branch_day_of_week_operator.py
[2022-08-11 09:49:21,472] {logging_mixin.py:115} INFO - [2022-08-11 09:49:21,471] {dag.py:2420} INFO - Sync 1 DAGs
[2022-08-11 09:49:21,493] {logging_mixin.py:115} INFO - [2022-08-11 09:49:21,492] {dag.py:2972} INFO - Setting next_dagrun for example_weekday_branch_operator to 2022-08-10T00:00:00+00:00, run_after=2022-08-11T00:00:00+00:00
[2022-08-11 09:49:21,506] {processor.py:161} INFO - Processing /Users/pro/Documents/a_env/proj_data/lib/python3.7/site-packages/airflow/example_dags/example_branch_day_of_week_operator.py took 0.074 seconds
[2022-08-11 09:49:57,416] {processor.py:153} INFO - Started process (PID=51191) to work on /Users/pro/Documents/a_env/proj_data/lib/python3.7/site-packages/airflow/example_dags/example_branch_day_of_week_operator.py
[2022-08-11 09:49:57,417] {processor.py:641} INFO - Processing file /Users/pro/Documents/a_env/proj_data/lib/python3.7/site-packages/airflow/example_dags/example_branch_day_of_week_operator.py for tasks to queue
[2022-08-11 09:49:57,418] {logging_mixin.py:115} INFO - [2022-08-11 09:49:57,418] {dagbag.py:508} INFO - Filling up the DagBag from /Users/pro/Documents/a_env/proj_data/lib/python3.7/site-packages/airflow/example_dags/example_branch_day_of_week_operator.py
[2022-08-11 09:49:57,431] {processor.py:651} INFO - DAG(s) dict_keys(['example_weekday_branch_operator']) retrieved from /Users/pro/Documents/a_env/proj_data/lib/python3.7/site-packages/airflow/example_dags/example_branch_day_of_week_operator.py
[2022-08-11 09:49:57,451] {logging_mixin.py:115} INFO - [2022-08-11 09:49:57,451] {dag.py:2420} INFO - Sync 1 DAGs
[2022-08-11 09:49:57,471] {logging_mixin.py:115} INFO - [2022-08-11 09:49:57,471] {dag.py:2972} INFO - Setting next_dagrun for example_weekday_branch_operator to 2022-08-10T00:00:00+00:00, run_after=2022-08-11T00:00:00+00:00
[2022-08-11 09:49:57,483] {processor.py:161} INFO - Processing /Users/pro/Documents/a_env/proj_data/lib/python3.7/site-packages/airflow/example_dags/example_branch_day_of_week_operator.py took 0.072 seconds
[2022-08-11 09:50:33,191] {processor.py:153} INFO - Started process (PID=51229) to work on /Users/pro/Documents/a_env/proj_data/lib/python3.7/site-packages/airflow/example_dags/example_branch_day_of_week_operator.py
[2022-08-11 09:50:33,192] {processor.py:641} INFO - Processing file /Users/pro/Documents/a_env/proj_data/lib/python3.7/site-packages/airflow/example_dags/example_branch_day_of_week_operator.py for tasks to queue
[2022-08-11 09:50:33,193] {logging_mixin.py:115} INFO - [2022-08-11 09:50:33,193] {dagbag.py:508} INFO - Filling up the DagBag from /Users/pro/Documents/a_env/proj_data/lib/python3.7/site-packages/airflow/example_dags/example_branch_day_of_week_operator.py
[2022-08-11 09:50:33,206] {processor.py:651} INFO - DAG(s) dict_keys(['example_weekday_branch_operator']) retrieved from /Users/pro/Documents/a_env/proj_data/lib/python3.7/site-packages/airflow/example_dags/example_branch_day_of_week_operator.py
[2022-08-11 09:50:33,225] {logging_mixin.py:115} INFO - [2022-08-11 09:50:33,225] {dag.py:2420} INFO - Sync 1 DAGs
[2022-08-11 09:50:33,245] {logging_mixin.py:115} INFO - [2022-08-11 09:50:33,245] {dag.py:2972} INFO - Setting next_dagrun for example_weekday_branch_operator to 2022-08-10T00:00:00+00:00, run_after=2022-08-11T00:00:00+00:00
[2022-08-11 09:50:33,256] {processor.py:161} INFO - Processing /Users/pro/Documents/a_env/proj_data/lib/python3.7/site-packages/airflow/example_dags/example_branch_day_of_week_operator.py took 0.070 seconds
[2022-08-11 09:51:08,592] {processor.py:153} INFO - Started process (PID=51265) to work on /Users/pro/Documents/a_env/proj_data/lib/python3.7/site-packages/airflow/example_dags/example_branch_day_of_week_operator.py
[2022-08-11 09:51:08,593] {processor.py:641} INFO - Processing file /Users/pro/Documents/a_env/proj_data/lib/python3.7/site-packages/airflow/example_dags/example_branch_day_of_week_operator.py for tasks to queue
[2022-08-11 09:51:08,594] {logging_mixin.py:115} INFO - [2022-08-11 09:51:08,594] {dagbag.py:508} INFO - Filling up the DagBag from /Users/pro/Documents/a_env/proj_data/lib/python3.7/site-packages/airflow/example_dags/example_branch_day_of_week_operator.py
[2022-08-11 09:51:08,608] {processor.py:651} INFO - DAG(s) dict_keys(['example_weekday_branch_operator']) retrieved from /Users/pro/Documents/a_env/proj_data/lib/python3.7/site-packages/airflow/example_dags/example_branch_day_of_week_operator.py
[2022-08-11 09:51:08,628] {logging_mixin.py:115} INFO - [2022-08-11 09:51:08,627] {dag.py:2420} INFO - Sync 1 DAGs
[2022-08-11 09:51:08,648] {logging_mixin.py:115} INFO - [2022-08-11 09:51:08,647] {dag.py:2972} INFO - Setting next_dagrun for example_weekday_branch_operator to 2022-08-10T00:00:00+00:00, run_after=2022-08-11T00:00:00+00:00
[2022-08-11 09:51:08,663] {processor.py:161} INFO - Processing /Users/pro/Documents/a_env/proj_data/lib/python3.7/site-packages/airflow/example_dags/example_branch_day_of_week_operator.py took 0.077 seconds
[2022-08-11 09:51:47,795] {processor.py:153} INFO - Started process (PID=51312) to work on /Users/pro/Documents/a_env/proj_data/lib/python3.7/site-packages/airflow/example_dags/example_branch_day_of_week_operator.py
[2022-08-11 09:51:47,798] {processor.py:641} INFO - Processing file /Users/pro/Documents/a_env/proj_data/lib/python3.7/site-packages/airflow/example_dags/example_branch_day_of_week_operator.py for tasks to queue
[2022-08-11 09:51:47,799] {logging_mixin.py:115} INFO - [2022-08-11 09:51:47,799] {dagbag.py:508} INFO - Filling up the DagBag from /Users/pro/Documents/a_env/proj_data/lib/python3.7/site-packages/airflow/example_dags/example_branch_day_of_week_operator.py
[2022-08-11 09:51:47,818] {processor.py:651} INFO - DAG(s) dict_keys(['example_weekday_branch_operator']) retrieved from /Users/pro/Documents/a_env/proj_data/lib/python3.7/site-packages/airflow/example_dags/example_branch_day_of_week_operator.py
[2022-08-11 09:51:47,841] {logging_mixin.py:115} INFO - [2022-08-11 09:51:47,840] {dag.py:2420} INFO - Sync 1 DAGs
[2022-08-11 09:51:47,865] {logging_mixin.py:115} INFO - [2022-08-11 09:51:47,864] {dag.py:2972} INFO - Setting next_dagrun for example_weekday_branch_operator to 2022-08-10T00:00:00+00:00, run_after=2022-08-11T00:00:00+00:00
[2022-08-11 09:51:47,882] {processor.py:161} INFO - Processing /Users/pro/Documents/a_env/proj_data/lib/python3.7/site-packages/airflow/example_dags/example_branch_day_of_week_operator.py took 0.094 seconds
[2022-08-11 09:52:21,783] {processor.py:153} INFO - Started process (PID=51358) to work on /Users/pro/Documents/a_env/proj_data/lib/python3.7/site-packages/airflow/example_dags/example_branch_day_of_week_operator.py
[2022-08-11 09:52:21,785] {processor.py:641} INFO - Processing file /Users/pro/Documents/a_env/proj_data/lib/python3.7/site-packages/airflow/example_dags/example_branch_day_of_week_operator.py for tasks to queue
[2022-08-11 09:52:21,786] {logging_mixin.py:115} INFO - [2022-08-11 09:52:21,785] {dagbag.py:508} INFO - Filling up the DagBag from /Users/pro/Documents/a_env/proj_data/lib/python3.7/site-packages/airflow/example_dags/example_branch_day_of_week_operator.py
[2022-08-11 09:52:21,801] {processor.py:651} INFO - DAG(s) dict_keys(['example_weekday_branch_operator']) retrieved from /Users/pro/Documents/a_env/proj_data/lib/python3.7/site-packages/airflow/example_dags/example_branch_day_of_week_operator.py
[2022-08-11 09:52:21,817] {logging_mixin.py:115} INFO - [2022-08-11 09:52:21,817] {dag.py:2420} INFO - Sync 1 DAGs
[2022-08-11 09:52:21,837] {logging_mixin.py:115} INFO - [2022-08-11 09:52:21,837] {dag.py:2972} INFO - Setting next_dagrun for example_weekday_branch_operator to 2022-08-10T00:00:00+00:00, run_after=2022-08-11T00:00:00+00:00
[2022-08-11 09:52:21,848] {processor.py:161} INFO - Processing /Users/pro/Documents/a_env/proj_data/lib/python3.7/site-packages/airflow/example_dags/example_branch_day_of_week_operator.py took 0.068 seconds
[2022-08-11 09:52:56,545] {processor.py:153} INFO - Started process (PID=51405) to work on /Users/pro/Documents/a_env/proj_data/lib/python3.7/site-packages/airflow/example_dags/example_branch_day_of_week_operator.py
[2022-08-11 09:52:56,546] {processor.py:641} INFO - Processing file /Users/pro/Documents/a_env/proj_data/lib/python3.7/site-packages/airflow/example_dags/example_branch_day_of_week_operator.py for tasks to queue
[2022-08-11 09:52:56,548] {logging_mixin.py:115} INFO - [2022-08-11 09:52:56,547] {dagbag.py:508} INFO - Filling up the DagBag from /Users/pro/Documents/a_env/proj_data/lib/python3.7/site-packages/airflow/example_dags/example_branch_day_of_week_operator.py
[2022-08-11 09:52:56,569] {processor.py:651} INFO - DAG(s) dict_keys(['example_weekday_branch_operator']) retrieved from /Users/pro/Documents/a_env/proj_data/lib/python3.7/site-packages/airflow/example_dags/example_branch_day_of_week_operator.py
[2022-08-11 09:52:56,604] {logging_mixin.py:115} INFO - [2022-08-11 09:52:56,603] {dag.py:2420} INFO - Sync 1 DAGs
[2022-08-11 09:52:56,623] {logging_mixin.py:115} INFO - [2022-08-11 09:52:56,623] {dag.py:2972} INFO - Setting next_dagrun for example_weekday_branch_operator to 2022-08-10T00:00:00+00:00, run_after=2022-08-11T00:00:00+00:00
[2022-08-11 09:52:56,635] {processor.py:161} INFO - Processing /Users/pro/Documents/a_env/proj_data/lib/python3.7/site-packages/airflow/example_dags/example_branch_day_of_week_operator.py took 0.094 seconds
[2022-08-11 09:53:34,226] {processor.py:153} INFO - Started process (PID=51445) to work on /Users/pro/Documents/a_env/proj_data/lib/python3.7/site-packages/airflow/example_dags/example_branch_day_of_week_operator.py
[2022-08-11 09:53:34,227] {processor.py:641} INFO - Processing file /Users/pro/Documents/a_env/proj_data/lib/python3.7/site-packages/airflow/example_dags/example_branch_day_of_week_operator.py for tasks to queue
[2022-08-11 09:53:34,228] {logging_mixin.py:115} INFO - [2022-08-11 09:53:34,228] {dagbag.py:508} INFO - Filling up the DagBag from /Users/pro/Documents/a_env/proj_data/lib/python3.7/site-packages/airflow/example_dags/example_branch_day_of_week_operator.py
[2022-08-11 09:53:34,242] {processor.py:651} INFO - DAG(s) dict_keys(['example_weekday_branch_operator']) retrieved from /Users/pro/Documents/a_env/proj_data/lib/python3.7/site-packages/airflow/example_dags/example_branch_day_of_week_operator.py
[2022-08-11 09:53:34,260] {logging_mixin.py:115} INFO - [2022-08-11 09:53:34,260] {dag.py:2420} INFO - Sync 1 DAGs
[2022-08-11 09:53:34,280] {logging_mixin.py:115} INFO - [2022-08-11 09:53:34,280] {dag.py:2972} INFO - Setting next_dagrun for example_weekday_branch_operator to 2022-08-10T00:00:00+00:00, run_after=2022-08-11T00:00:00+00:00
[2022-08-11 09:53:34,293] {processor.py:161} INFO - Processing /Users/pro/Documents/a_env/proj_data/lib/python3.7/site-packages/airflow/example_dags/example_branch_day_of_week_operator.py took 0.070 seconds
[2022-08-11 09:54:11,442] {processor.py:153} INFO - Started process (PID=51482) to work on /Users/pro/Documents/a_env/proj_data/lib/python3.7/site-packages/airflow/example_dags/example_branch_day_of_week_operator.py
[2022-08-11 09:54:11,443] {processor.py:641} INFO - Processing file /Users/pro/Documents/a_env/proj_data/lib/python3.7/site-packages/airflow/example_dags/example_branch_day_of_week_operator.py for tasks to queue
[2022-08-11 09:54:11,444] {logging_mixin.py:115} INFO - [2022-08-11 09:54:11,443] {dagbag.py:508} INFO - Filling up the DagBag from /Users/pro/Documents/a_env/proj_data/lib/python3.7/site-packages/airflow/example_dags/example_branch_day_of_week_operator.py
[2022-08-11 09:54:11,462] {processor.py:651} INFO - DAG(s) dict_keys(['example_weekday_branch_operator']) retrieved from /Users/pro/Documents/a_env/proj_data/lib/python3.7/site-packages/airflow/example_dags/example_branch_day_of_week_operator.py
[2022-08-11 09:54:11,481] {logging_mixin.py:115} INFO - [2022-08-11 09:54:11,481] {dag.py:2420} INFO - Sync 1 DAGs
[2022-08-11 09:54:11,501] {logging_mixin.py:115} INFO - [2022-08-11 09:54:11,501] {dag.py:2972} INFO - Setting next_dagrun for example_weekday_branch_operator to 2022-08-10T00:00:00+00:00, run_after=2022-08-11T00:00:00+00:00
[2022-08-11 09:54:11,516] {processor.py:161} INFO - Processing /Users/pro/Documents/a_env/proj_data/lib/python3.7/site-packages/airflow/example_dags/example_branch_day_of_week_operator.py took 0.079 seconds
[2022-08-11 09:54:44,382] {processor.py:153} INFO - Started process (PID=51518) to work on /Users/pro/Documents/a_env/proj_data/lib/python3.7/site-packages/airflow/example_dags/example_branch_day_of_week_operator.py
[2022-08-11 09:54:44,384] {processor.py:641} INFO - Processing file /Users/pro/Documents/a_env/proj_data/lib/python3.7/site-packages/airflow/example_dags/example_branch_day_of_week_operator.py for tasks to queue
[2022-08-11 09:54:44,386] {logging_mixin.py:115} INFO - [2022-08-11 09:54:44,385] {dagbag.py:508} INFO - Filling up the DagBag from /Users/pro/Documents/a_env/proj_data/lib/python3.7/site-packages/airflow/example_dags/example_branch_day_of_week_operator.py
[2022-08-11 09:54:44,404] {processor.py:651} INFO - DAG(s) dict_keys(['example_weekday_branch_operator']) retrieved from /Users/pro/Documents/a_env/proj_data/lib/python3.7/site-packages/airflow/example_dags/example_branch_day_of_week_operator.py
[2022-08-11 09:54:44,426] {logging_mixin.py:115} INFO - [2022-08-11 09:54:44,426] {dag.py:2420} INFO - Sync 1 DAGs
[2022-08-11 09:54:44,447] {logging_mixin.py:115} INFO - [2022-08-11 09:54:44,446] {dag.py:2972} INFO - Setting next_dagrun for example_weekday_branch_operator to 2022-08-10T00:00:00+00:00, run_after=2022-08-11T00:00:00+00:00
[2022-08-11 09:54:44,459] {processor.py:161} INFO - Processing /Users/pro/Documents/a_env/proj_data/lib/python3.7/site-packages/airflow/example_dags/example_branch_day_of_week_operator.py took 0.082 seconds
[2022-08-11 09:55:23,542] {processor.py:153} INFO - Started process (PID=51557) to work on /Users/pro/Documents/a_env/proj_data/lib/python3.7/site-packages/airflow/example_dags/example_branch_day_of_week_operator.py
[2022-08-11 09:55:23,545] {processor.py:641} INFO - Processing file /Users/pro/Documents/a_env/proj_data/lib/python3.7/site-packages/airflow/example_dags/example_branch_day_of_week_operator.py for tasks to queue
[2022-08-11 09:55:23,548] {logging_mixin.py:115} INFO - [2022-08-11 09:55:23,547] {dagbag.py:508} INFO - Filling up the DagBag from /Users/pro/Documents/a_env/proj_data/lib/python3.7/site-packages/airflow/example_dags/example_branch_day_of_week_operator.py
[2022-08-11 09:55:23,571] {processor.py:651} INFO - DAG(s) dict_keys(['example_weekday_branch_operator']) retrieved from /Users/pro/Documents/a_env/proj_data/lib/python3.7/site-packages/airflow/example_dags/example_branch_day_of_week_operator.py
[2022-08-11 09:55:23,591] {logging_mixin.py:115} INFO - [2022-08-11 09:55:23,591] {dag.py:2420} INFO - Sync 1 DAGs
[2022-08-11 09:55:23,613] {logging_mixin.py:115} INFO - [2022-08-11 09:55:23,612] {dag.py:2972} INFO - Setting next_dagrun for example_weekday_branch_operator to 2022-08-10T00:00:00+00:00, run_after=2022-08-11T00:00:00+00:00
[2022-08-11 09:55:23,624] {processor.py:161} INFO - Processing /Users/pro/Documents/a_env/proj_data/lib/python3.7/site-packages/airflow/example_dags/example_branch_day_of_week_operator.py took 0.087 seconds
[2022-08-11 09:55:57,762] {processor.py:153} INFO - Started process (PID=51592) to work on /Users/pro/Documents/a_env/proj_data/lib/python3.7/site-packages/airflow/example_dags/example_branch_day_of_week_operator.py
[2022-08-11 09:55:57,764] {processor.py:641} INFO - Processing file /Users/pro/Documents/a_env/proj_data/lib/python3.7/site-packages/airflow/example_dags/example_branch_day_of_week_operator.py for tasks to queue
[2022-08-11 09:55:57,765] {logging_mixin.py:115} INFO - [2022-08-11 09:55:57,765] {dagbag.py:508} INFO - Filling up the DagBag from /Users/pro/Documents/a_env/proj_data/lib/python3.7/site-packages/airflow/example_dags/example_branch_day_of_week_operator.py
[2022-08-11 09:55:57,781] {processor.py:651} INFO - DAG(s) dict_keys(['example_weekday_branch_operator']) retrieved from /Users/pro/Documents/a_env/proj_data/lib/python3.7/site-packages/airflow/example_dags/example_branch_day_of_week_operator.py
[2022-08-11 09:55:57,804] {logging_mixin.py:115} INFO - [2022-08-11 09:55:57,804] {dag.py:2420} INFO - Sync 1 DAGs
[2022-08-11 09:55:57,826] {logging_mixin.py:115} INFO - [2022-08-11 09:55:57,825] {dag.py:2972} INFO - Setting next_dagrun for example_weekday_branch_operator to 2022-08-10T00:00:00+00:00, run_after=2022-08-11T00:00:00+00:00
[2022-08-11 09:55:57,839] {processor.py:161} INFO - Processing /Users/pro/Documents/a_env/proj_data/lib/python3.7/site-packages/airflow/example_dags/example_branch_day_of_week_operator.py took 0.082 seconds
[2022-08-11 09:56:38,895] {processor.py:153} INFO - Started process (PID=51632) to work on /Users/pro/Documents/a_env/proj_data/lib/python3.7/site-packages/airflow/example_dags/example_branch_day_of_week_operator.py
[2022-08-11 09:56:38,896] {processor.py:641} INFO - Processing file /Users/pro/Documents/a_env/proj_data/lib/python3.7/site-packages/airflow/example_dags/example_branch_day_of_week_operator.py for tasks to queue
[2022-08-11 09:56:38,897] {logging_mixin.py:115} INFO - [2022-08-11 09:56:38,897] {dagbag.py:508} INFO - Filling up the DagBag from /Users/pro/Documents/a_env/proj_data/lib/python3.7/site-packages/airflow/example_dags/example_branch_day_of_week_operator.py
[2022-08-11 09:56:38,914] {processor.py:651} INFO - DAG(s) dict_keys(['example_weekday_branch_operator']) retrieved from /Users/pro/Documents/a_env/proj_data/lib/python3.7/site-packages/airflow/example_dags/example_branch_day_of_week_operator.py
[2022-08-11 09:56:38,935] {logging_mixin.py:115} INFO - [2022-08-11 09:56:38,935] {dag.py:2420} INFO - Sync 1 DAGs
[2022-08-11 09:56:38,956] {logging_mixin.py:115} INFO - [2022-08-11 09:56:38,956] {dag.py:2972} INFO - Setting next_dagrun for example_weekday_branch_operator to 2022-08-10T00:00:00+00:00, run_after=2022-08-11T00:00:00+00:00
[2022-08-11 09:56:38,970] {processor.py:161} INFO - Processing /Users/pro/Documents/a_env/proj_data/lib/python3.7/site-packages/airflow/example_dags/example_branch_day_of_week_operator.py took 0.080 seconds
[2022-08-11 09:57:17,181] {processor.py:153} INFO - Started process (PID=51674) to work on /Users/pro/Documents/a_env/proj_data/lib/python3.7/site-packages/airflow/example_dags/example_branch_day_of_week_operator.py
[2022-08-11 09:57:17,184] {processor.py:641} INFO - Processing file /Users/pro/Documents/a_env/proj_data/lib/python3.7/site-packages/airflow/example_dags/example_branch_day_of_week_operator.py for tasks to queue
[2022-08-11 09:57:17,185] {logging_mixin.py:115} INFO - [2022-08-11 09:57:17,185] {dagbag.py:508} INFO - Filling up the DagBag from /Users/pro/Documents/a_env/proj_data/lib/python3.7/site-packages/airflow/example_dags/example_branch_day_of_week_operator.py
[2022-08-11 09:57:17,200] {processor.py:651} INFO - DAG(s) dict_keys(['example_weekday_branch_operator']) retrieved from /Users/pro/Documents/a_env/proj_data/lib/python3.7/site-packages/airflow/example_dags/example_branch_day_of_week_operator.py
[2022-08-11 09:57:17,222] {logging_mixin.py:115} INFO - [2022-08-11 09:57:17,222] {dag.py:2420} INFO - Sync 1 DAGs
[2022-08-11 09:57:17,242] {logging_mixin.py:115} INFO - [2022-08-11 09:57:17,242] {dag.py:2972} INFO - Setting next_dagrun for example_weekday_branch_operator to 2022-08-10T00:00:00+00:00, run_after=2022-08-11T00:00:00+00:00
[2022-08-11 09:57:17,255] {processor.py:161} INFO - Processing /Users/pro/Documents/a_env/proj_data/lib/python3.7/site-packages/airflow/example_dags/example_branch_day_of_week_operator.py took 0.079 seconds
[2022-08-11 09:57:52,876] {processor.py:153} INFO - Started process (PID=51714) to work on /Users/pro/Documents/a_env/proj_data/lib/python3.7/site-packages/airflow/example_dags/example_branch_day_of_week_operator.py
[2022-08-11 09:57:52,877] {processor.py:641} INFO - Processing file /Users/pro/Documents/a_env/proj_data/lib/python3.7/site-packages/airflow/example_dags/example_branch_day_of_week_operator.py for tasks to queue
[2022-08-11 09:57:52,878] {logging_mixin.py:115} INFO - [2022-08-11 09:57:52,878] {dagbag.py:508} INFO - Filling up the DagBag from /Users/pro/Documents/a_env/proj_data/lib/python3.7/site-packages/airflow/example_dags/example_branch_day_of_week_operator.py
[2022-08-11 09:57:52,890] {processor.py:651} INFO - DAG(s) dict_keys(['example_weekday_branch_operator']) retrieved from /Users/pro/Documents/a_env/proj_data/lib/python3.7/site-packages/airflow/example_dags/example_branch_day_of_week_operator.py
[2022-08-11 09:57:52,912] {logging_mixin.py:115} INFO - [2022-08-11 09:57:52,912] {dag.py:2420} INFO - Sync 1 DAGs
[2022-08-11 09:57:52,932] {logging_mixin.py:115} INFO - [2022-08-11 09:57:52,932] {dag.py:2972} INFO - Setting next_dagrun for example_weekday_branch_operator to 2022-08-10T00:00:00+00:00, run_after=2022-08-11T00:00:00+00:00
[2022-08-11 09:57:52,950] {processor.py:161} INFO - Processing /Users/pro/Documents/a_env/proj_data/lib/python3.7/site-packages/airflow/example_dags/example_branch_day_of_week_operator.py took 0.079 seconds
[2022-08-11 09:58:28,945] {processor.py:153} INFO - Started process (PID=51750) to work on /Users/pro/Documents/a_env/proj_data/lib/python3.7/site-packages/airflow/example_dags/example_branch_day_of_week_operator.py
[2022-08-11 09:58:28,946] {processor.py:641} INFO - Processing file /Users/pro/Documents/a_env/proj_data/lib/python3.7/site-packages/airflow/example_dags/example_branch_day_of_week_operator.py for tasks to queue
[2022-08-11 09:58:28,947] {logging_mixin.py:115} INFO - [2022-08-11 09:58:28,946] {dagbag.py:508} INFO - Filling up the DagBag from /Users/pro/Documents/a_env/proj_data/lib/python3.7/site-packages/airflow/example_dags/example_branch_day_of_week_operator.py
[2022-08-11 09:58:28,959] {processor.py:651} INFO - DAG(s) dict_keys(['example_weekday_branch_operator']) retrieved from /Users/pro/Documents/a_env/proj_data/lib/python3.7/site-packages/airflow/example_dags/example_branch_day_of_week_operator.py
[2022-08-11 09:58:28,981] {logging_mixin.py:115} INFO - [2022-08-11 09:58:28,980] {dag.py:2420} INFO - Sync 1 DAGs
[2022-08-11 09:58:29,001] {logging_mixin.py:115} INFO - [2022-08-11 09:58:29,000] {dag.py:2972} INFO - Setting next_dagrun for example_weekday_branch_operator to 2022-08-10T00:00:00+00:00, run_after=2022-08-11T00:00:00+00:00
[2022-08-11 09:58:29,012] {processor.py:161} INFO - Processing /Users/pro/Documents/a_env/proj_data/lib/python3.7/site-packages/airflow/example_dags/example_branch_day_of_week_operator.py took 0.073 seconds
[2022-08-11 09:59:04,365] {processor.py:153} INFO - Started process (PID=51786) to work on /Users/pro/Documents/a_env/proj_data/lib/python3.7/site-packages/airflow/example_dags/example_branch_day_of_week_operator.py
[2022-08-11 09:59:04,369] {processor.py:641} INFO - Processing file /Users/pro/Documents/a_env/proj_data/lib/python3.7/site-packages/airflow/example_dags/example_branch_day_of_week_operator.py for tasks to queue
[2022-08-11 09:59:04,372] {logging_mixin.py:115} INFO - [2022-08-11 09:59:04,371] {dagbag.py:508} INFO - Filling up the DagBag from /Users/pro/Documents/a_env/proj_data/lib/python3.7/site-packages/airflow/example_dags/example_branch_day_of_week_operator.py
[2022-08-11 09:59:04,391] {processor.py:651} INFO - DAG(s) dict_keys(['example_weekday_branch_operator']) retrieved from /Users/pro/Documents/a_env/proj_data/lib/python3.7/site-packages/airflow/example_dags/example_branch_day_of_week_operator.py
[2022-08-11 09:59:04,413] {logging_mixin.py:115} INFO - [2022-08-11 09:59:04,412] {dag.py:2420} INFO - Sync 1 DAGs
[2022-08-11 09:59:04,434] {logging_mixin.py:115} INFO - [2022-08-11 09:59:04,433] {dag.py:2972} INFO - Setting next_dagrun for example_weekday_branch_operator to 2022-08-10T00:00:00+00:00, run_after=2022-08-11T00:00:00+00:00
[2022-08-11 09:59:04,450] {processor.py:161} INFO - Processing /Users/pro/Documents/a_env/proj_data/lib/python3.7/site-packages/airflow/example_dags/example_branch_day_of_week_operator.py took 0.090 seconds
[2022-08-11 09:59:44,258] {processor.py:153} INFO - Started process (PID=51839) to work on /Users/pro/Documents/a_env/proj_data/lib/python3.7/site-packages/airflow/example_dags/example_branch_day_of_week_operator.py
[2022-08-11 09:59:44,260] {processor.py:641} INFO - Processing file /Users/pro/Documents/a_env/proj_data/lib/python3.7/site-packages/airflow/example_dags/example_branch_day_of_week_operator.py for tasks to queue
[2022-08-11 09:59:44,261] {logging_mixin.py:115} INFO - [2022-08-11 09:59:44,261] {dagbag.py:508} INFO - Filling up the DagBag from /Users/pro/Documents/a_env/proj_data/lib/python3.7/site-packages/airflow/example_dags/example_branch_day_of_week_operator.py
[2022-08-11 09:59:44,277] {processor.py:651} INFO - DAG(s) dict_keys(['example_weekday_branch_operator']) retrieved from /Users/pro/Documents/a_env/proj_data/lib/python3.7/site-packages/airflow/example_dags/example_branch_day_of_week_operator.py
[2022-08-11 09:59:44,299] {logging_mixin.py:115} INFO - [2022-08-11 09:59:44,299] {dag.py:2420} INFO - Sync 1 DAGs
[2022-08-11 09:59:44,321] {logging_mixin.py:115} INFO - [2022-08-11 09:59:44,320] {dag.py:2972} INFO - Setting next_dagrun for example_weekday_branch_operator to 2022-08-10T00:00:00+00:00, run_after=2022-08-11T00:00:00+00:00
[2022-08-11 09:59:44,333] {processor.py:161} INFO - Processing /Users/pro/Documents/a_env/proj_data/lib/python3.7/site-packages/airflow/example_dags/example_branch_day_of_week_operator.py took 0.081 seconds
[2022-08-11 10:00:22,755] {processor.py:153} INFO - Started process (PID=51878) to work on /Users/pro/Documents/a_env/proj_data/lib/python3.7/site-packages/airflow/example_dags/example_branch_day_of_week_operator.py
[2022-08-11 10:00:22,756] {processor.py:641} INFO - Processing file /Users/pro/Documents/a_env/proj_data/lib/python3.7/site-packages/airflow/example_dags/example_branch_day_of_week_operator.py for tasks to queue
[2022-08-11 10:00:22,757] {logging_mixin.py:115} INFO - [2022-08-11 10:00:22,757] {dagbag.py:508} INFO - Filling up the DagBag from /Users/pro/Documents/a_env/proj_data/lib/python3.7/site-packages/airflow/example_dags/example_branch_day_of_week_operator.py
[2022-08-11 10:00:22,770] {processor.py:651} INFO - DAG(s) dict_keys(['example_weekday_branch_operator']) retrieved from /Users/pro/Documents/a_env/proj_data/lib/python3.7/site-packages/airflow/example_dags/example_branch_day_of_week_operator.py
[2022-08-11 10:00:22,792] {logging_mixin.py:115} INFO - [2022-08-11 10:00:22,791] {dag.py:2420} INFO - Sync 1 DAGs
[2022-08-11 10:00:22,812] {logging_mixin.py:115} INFO - [2022-08-11 10:00:22,812] {dag.py:2972} INFO - Setting next_dagrun for example_weekday_branch_operator to 2022-08-10T00:00:00+00:00, run_after=2022-08-11T00:00:00+00:00
[2022-08-11 10:00:22,830] {processor.py:161} INFO - Processing /Users/pro/Documents/a_env/proj_data/lib/python3.7/site-packages/airflow/example_dags/example_branch_day_of_week_operator.py took 0.080 seconds
[2022-08-11 10:00:56,616] {processor.py:153} INFO - Started process (PID=51935) to work on /Users/pro/Documents/a_env/proj_data/lib/python3.7/site-packages/airflow/example_dags/example_branch_day_of_week_operator.py
[2022-08-11 10:00:56,618] {processor.py:641} INFO - Processing file /Users/pro/Documents/a_env/proj_data/lib/python3.7/site-packages/airflow/example_dags/example_branch_day_of_week_operator.py for tasks to queue
[2022-08-11 10:00:56,618] {logging_mixin.py:115} INFO - [2022-08-11 10:00:56,618] {dagbag.py:508} INFO - Filling up the DagBag from /Users/pro/Documents/a_env/proj_data/lib/python3.7/site-packages/airflow/example_dags/example_branch_day_of_week_operator.py
[2022-08-11 10:00:56,632] {processor.py:651} INFO - DAG(s) dict_keys(['example_weekday_branch_operator']) retrieved from /Users/pro/Documents/a_env/proj_data/lib/python3.7/site-packages/airflow/example_dags/example_branch_day_of_week_operator.py
[2022-08-11 10:00:56,650] {logging_mixin.py:115} INFO - [2022-08-11 10:00:56,649] {dag.py:2420} INFO - Sync 1 DAGs
[2022-08-11 10:00:56,670] {logging_mixin.py:115} INFO - [2022-08-11 10:00:56,669] {dag.py:2972} INFO - Setting next_dagrun for example_weekday_branch_operator to 2022-08-10T00:00:00+00:00, run_after=2022-08-11T00:00:00+00:00
[2022-08-11 10:00:56,684] {processor.py:161} INFO - Processing /Users/pro/Documents/a_env/proj_data/lib/python3.7/site-packages/airflow/example_dags/example_branch_day_of_week_operator.py took 0.072 seconds
[2022-08-11 10:01:35,769] {processor.py:153} INFO - Started process (PID=51974) to work on /Users/pro/Documents/a_env/proj_data/lib/python3.7/site-packages/airflow/example_dags/example_branch_day_of_week_operator.py
[2022-08-11 10:01:35,770] {processor.py:641} INFO - Processing file /Users/pro/Documents/a_env/proj_data/lib/python3.7/site-packages/airflow/example_dags/example_branch_day_of_week_operator.py for tasks to queue
[2022-08-11 10:01:35,771] {logging_mixin.py:115} INFO - [2022-08-11 10:01:35,771] {dagbag.py:508} INFO - Filling up the DagBag from /Users/pro/Documents/a_env/proj_data/lib/python3.7/site-packages/airflow/example_dags/example_branch_day_of_week_operator.py
[2022-08-11 10:01:35,786] {processor.py:651} INFO - DAG(s) dict_keys(['example_weekday_branch_operator']) retrieved from /Users/pro/Documents/a_env/proj_data/lib/python3.7/site-packages/airflow/example_dags/example_branch_day_of_week_operator.py
[2022-08-11 10:01:35,805] {logging_mixin.py:115} INFO - [2022-08-11 10:01:35,805] {dag.py:2420} INFO - Sync 1 DAGs
[2022-08-11 10:01:35,824] {logging_mixin.py:115} INFO - [2022-08-11 10:01:35,823] {dag.py:2972} INFO - Setting next_dagrun for example_weekday_branch_operator to 2022-08-10T00:00:00+00:00, run_after=2022-08-11T00:00:00+00:00
[2022-08-11 10:01:35,836] {processor.py:161} INFO - Processing /Users/pro/Documents/a_env/proj_data/lib/python3.7/site-packages/airflow/example_dags/example_branch_day_of_week_operator.py took 0.071 seconds
[2022-08-11 10:02:11,042] {processor.py:153} INFO - Started process (PID=52013) to work on /Users/pro/Documents/a_env/proj_data/lib/python3.7/site-packages/airflow/example_dags/example_branch_day_of_week_operator.py
[2022-08-11 10:02:11,044] {processor.py:641} INFO - Processing file /Users/pro/Documents/a_env/proj_data/lib/python3.7/site-packages/airflow/example_dags/example_branch_day_of_week_operator.py for tasks to queue
[2022-08-11 10:02:11,045] {logging_mixin.py:115} INFO - [2022-08-11 10:02:11,045] {dagbag.py:508} INFO - Filling up the DagBag from /Users/pro/Documents/a_env/proj_data/lib/python3.7/site-packages/airflow/example_dags/example_branch_day_of_week_operator.py
[2022-08-11 10:02:11,060] {processor.py:651} INFO - DAG(s) dict_keys(['example_weekday_branch_operator']) retrieved from /Users/pro/Documents/a_env/proj_data/lib/python3.7/site-packages/airflow/example_dags/example_branch_day_of_week_operator.py
[2022-08-11 10:02:11,078] {logging_mixin.py:115} INFO - [2022-08-11 10:02:11,078] {dag.py:2420} INFO - Sync 1 DAGs
[2022-08-11 10:02:11,099] {logging_mixin.py:115} INFO - [2022-08-11 10:02:11,099] {dag.py:2972} INFO - Setting next_dagrun for example_weekday_branch_operator to 2022-08-10T00:00:00+00:00, run_after=2022-08-11T00:00:00+00:00
[2022-08-11 10:02:11,113] {processor.py:161} INFO - Processing /Users/pro/Documents/a_env/proj_data/lib/python3.7/site-packages/airflow/example_dags/example_branch_day_of_week_operator.py took 0.076 seconds
[2022-08-11 10:02:47,275] {processor.py:153} INFO - Started process (PID=52052) to work on /Users/pro/Documents/a_env/proj_data/lib/python3.7/site-packages/airflow/example_dags/example_branch_day_of_week_operator.py
[2022-08-11 10:02:47,276] {processor.py:641} INFO - Processing file /Users/pro/Documents/a_env/proj_data/lib/python3.7/site-packages/airflow/example_dags/example_branch_day_of_week_operator.py for tasks to queue
[2022-08-11 10:02:47,277] {logging_mixin.py:115} INFO - [2022-08-11 10:02:47,276] {dagbag.py:508} INFO - Filling up the DagBag from /Users/pro/Documents/a_env/proj_data/lib/python3.7/site-packages/airflow/example_dags/example_branch_day_of_week_operator.py
[2022-08-11 10:02:47,292] {processor.py:651} INFO - DAG(s) dict_keys(['example_weekday_branch_operator']) retrieved from /Users/pro/Documents/a_env/proj_data/lib/python3.7/site-packages/airflow/example_dags/example_branch_day_of_week_operator.py
[2022-08-11 10:02:47,311] {logging_mixin.py:115} INFO - [2022-08-11 10:02:47,311] {dag.py:2420} INFO - Sync 1 DAGs
[2022-08-11 10:02:47,331] {logging_mixin.py:115} INFO - [2022-08-11 10:02:47,330] {dag.py:2972} INFO - Setting next_dagrun for example_weekday_branch_operator to 2022-08-10T00:00:00+00:00, run_after=2022-08-11T00:00:00+00:00
[2022-08-11 10:02:47,343] {processor.py:161} INFO - Processing /Users/pro/Documents/a_env/proj_data/lib/python3.7/site-packages/airflow/example_dags/example_branch_day_of_week_operator.py took 0.072 seconds
[2022-08-11 10:03:27,580] {processor.py:153} INFO - Started process (PID=52094) to work on /Users/pro/Documents/a_env/proj_data/lib/python3.7/site-packages/airflow/example_dags/example_branch_day_of_week_operator.py
[2022-08-11 10:03:27,582] {processor.py:641} INFO - Processing file /Users/pro/Documents/a_env/proj_data/lib/python3.7/site-packages/airflow/example_dags/example_branch_day_of_week_operator.py for tasks to queue
[2022-08-11 10:03:27,583] {logging_mixin.py:115} INFO - [2022-08-11 10:03:27,583] {dagbag.py:508} INFO - Filling up the DagBag from /Users/pro/Documents/a_env/proj_data/lib/python3.7/site-packages/airflow/example_dags/example_branch_day_of_week_operator.py
[2022-08-11 10:03:27,598] {processor.py:651} INFO - DAG(s) dict_keys(['example_weekday_branch_operator']) retrieved from /Users/pro/Documents/a_env/proj_data/lib/python3.7/site-packages/airflow/example_dags/example_branch_day_of_week_operator.py
[2022-08-11 10:03:27,620] {logging_mixin.py:115} INFO - [2022-08-11 10:03:27,620] {dag.py:2420} INFO - Sync 1 DAGs
[2022-08-11 10:03:27,642] {logging_mixin.py:115} INFO - [2022-08-11 10:03:27,641] {dag.py:2972} INFO - Setting next_dagrun for example_weekday_branch_operator to 2022-08-10T00:00:00+00:00, run_after=2022-08-11T00:00:00+00:00
[2022-08-11 10:03:27,653] {processor.py:161} INFO - Processing /Users/pro/Documents/a_env/proj_data/lib/python3.7/site-packages/airflow/example_dags/example_branch_day_of_week_operator.py took 0.077 seconds
[2022-08-11 10:04:05,235] {processor.py:153} INFO - Started process (PID=52134) to work on /Users/pro/Documents/a_env/proj_data/lib/python3.7/site-packages/airflow/example_dags/example_branch_day_of_week_operator.py
[2022-08-11 10:04:05,236] {processor.py:641} INFO - Processing file /Users/pro/Documents/a_env/proj_data/lib/python3.7/site-packages/airflow/example_dags/example_branch_day_of_week_operator.py for tasks to queue
[2022-08-11 10:04:05,237] {logging_mixin.py:115} INFO - [2022-08-11 10:04:05,237] {dagbag.py:508} INFO - Filling up the DagBag from /Users/pro/Documents/a_env/proj_data/lib/python3.7/site-packages/airflow/example_dags/example_branch_day_of_week_operator.py
[2022-08-11 10:04:05,252] {processor.py:651} INFO - DAG(s) dict_keys(['example_weekday_branch_operator']) retrieved from /Users/pro/Documents/a_env/proj_data/lib/python3.7/site-packages/airflow/example_dags/example_branch_day_of_week_operator.py
[2022-08-11 10:04:05,270] {logging_mixin.py:115} INFO - [2022-08-11 10:04:05,270] {dag.py:2420} INFO - Sync 1 DAGs
[2022-08-11 10:04:05,289] {logging_mixin.py:115} INFO - [2022-08-11 10:04:05,288] {dag.py:2972} INFO - Setting next_dagrun for example_weekday_branch_operator to 2022-08-10T00:00:00+00:00, run_after=2022-08-11T00:00:00+00:00
[2022-08-11 10:04:05,307] {processor.py:161} INFO - Processing /Users/pro/Documents/a_env/proj_data/lib/python3.7/site-packages/airflow/example_dags/example_branch_day_of_week_operator.py took 0.076 seconds
[2022-08-11 10:22:56,710] {processor.py:153} INFO - Started process (PID=52240) to work on /Users/pro/Documents/a_env/proj_data/lib/python3.7/site-packages/airflow/example_dags/example_branch_day_of_week_operator.py
[2022-08-11 10:22:56,712] {processor.py:641} INFO - Processing file /Users/pro/Documents/a_env/proj_data/lib/python3.7/site-packages/airflow/example_dags/example_branch_day_of_week_operator.py for tasks to queue
[2022-08-11 10:22:56,714] {logging_mixin.py:115} INFO - [2022-08-11 10:22:56,714] {dagbag.py:508} INFO - Filling up the DagBag from /Users/pro/Documents/a_env/proj_data/lib/python3.7/site-packages/airflow/example_dags/example_branch_day_of_week_operator.py
[2022-08-11 10:22:56,732] {processor.py:651} INFO - DAG(s) dict_keys(['example_weekday_branch_operator']) retrieved from /Users/pro/Documents/a_env/proj_data/lib/python3.7/site-packages/airflow/example_dags/example_branch_day_of_week_operator.py
[2022-08-11 10:22:56,758] {logging_mixin.py:115} INFO - [2022-08-11 10:22:56,758] {dag.py:2420} INFO - Sync 1 DAGs
[2022-08-11 10:22:56,783] {logging_mixin.py:115} INFO - [2022-08-11 10:22:56,782] {dag.py:2972} INFO - Setting next_dagrun for example_weekday_branch_operator to 2022-08-10T00:00:00+00:00, run_after=2022-08-11T00:00:00+00:00
[2022-08-11 10:22:56,797] {processor.py:161} INFO - Processing /Users/pro/Documents/a_env/proj_data/lib/python3.7/site-packages/airflow/example_dags/example_branch_day_of_week_operator.py took 0.092 seconds
[2022-08-11 10:23:30,566] {processor.py:153} INFO - Started process (PID=52297) to work on /Users/pro/Documents/a_env/proj_data/lib/python3.7/site-packages/airflow/example_dags/example_branch_day_of_week_operator.py
[2022-08-11 10:23:30,567] {processor.py:641} INFO - Processing file /Users/pro/Documents/a_env/proj_data/lib/python3.7/site-packages/airflow/example_dags/example_branch_day_of_week_operator.py for tasks to queue
[2022-08-11 10:23:30,568] {logging_mixin.py:115} INFO - [2022-08-11 10:23:30,568] {dagbag.py:508} INFO - Filling up the DagBag from /Users/pro/Documents/a_env/proj_data/lib/python3.7/site-packages/airflow/example_dags/example_branch_day_of_week_operator.py
[2022-08-11 10:23:30,585] {processor.py:651} INFO - DAG(s) dict_keys(['example_weekday_branch_operator']) retrieved from /Users/pro/Documents/a_env/proj_data/lib/python3.7/site-packages/airflow/example_dags/example_branch_day_of_week_operator.py
[2022-08-11 10:23:30,605] {logging_mixin.py:115} INFO - [2022-08-11 10:23:30,604] {dag.py:2420} INFO - Sync 1 DAGs
[2022-08-11 10:23:30,625] {logging_mixin.py:115} INFO - [2022-08-11 10:23:30,624] {dag.py:2972} INFO - Setting next_dagrun for example_weekday_branch_operator to 2022-08-10T00:00:00+00:00, run_after=2022-08-11T00:00:00+00:00
[2022-08-11 10:23:30,638] {processor.py:161} INFO - Processing /Users/pro/Documents/a_env/proj_data/lib/python3.7/site-packages/airflow/example_dags/example_branch_day_of_week_operator.py took 0.077 seconds
[2022-08-11 10:24:10,715] {processor.py:153} INFO - Started process (PID=52407) to work on /Users/pro/Documents/a_env/proj_data/lib/python3.7/site-packages/airflow/example_dags/example_branch_day_of_week_operator.py
[2022-08-11 10:24:10,716] {processor.py:641} INFO - Processing file /Users/pro/Documents/a_env/proj_data/lib/python3.7/site-packages/airflow/example_dags/example_branch_day_of_week_operator.py for tasks to queue
[2022-08-11 10:24:10,717] {logging_mixin.py:115} INFO - [2022-08-11 10:24:10,717] {dagbag.py:508} INFO - Filling up the DagBag from /Users/pro/Documents/a_env/proj_data/lib/python3.7/site-packages/airflow/example_dags/example_branch_day_of_week_operator.py
[2022-08-11 10:24:10,734] {processor.py:651} INFO - DAG(s) dict_keys(['example_weekday_branch_operator']) retrieved from /Users/pro/Documents/a_env/proj_data/lib/python3.7/site-packages/airflow/example_dags/example_branch_day_of_week_operator.py
[2022-08-11 10:24:10,755] {logging_mixin.py:115} INFO - [2022-08-11 10:24:10,755] {dag.py:2420} INFO - Sync 1 DAGs
[2022-08-11 10:24:10,782] {logging_mixin.py:115} INFO - [2022-08-11 10:24:10,781] {dag.py:2972} INFO - Setting next_dagrun for example_weekday_branch_operator to 2022-08-10T00:00:00+00:00, run_after=2022-08-11T00:00:00+00:00
[2022-08-11 10:24:10,795] {processor.py:161} INFO - Processing /Users/pro/Documents/a_env/proj_data/lib/python3.7/site-packages/airflow/example_dags/example_branch_day_of_week_operator.py took 0.086 seconds
[2022-08-11 10:24:46,934] {processor.py:153} INFO - Started process (PID=52459) to work on /Users/pro/Documents/a_env/proj_data/lib/python3.7/site-packages/airflow/example_dags/example_branch_day_of_week_operator.py
[2022-08-11 10:24:46,935] {processor.py:641} INFO - Processing file /Users/pro/Documents/a_env/proj_data/lib/python3.7/site-packages/airflow/example_dags/example_branch_day_of_week_operator.py for tasks to queue
[2022-08-11 10:24:46,936] {logging_mixin.py:115} INFO - [2022-08-11 10:24:46,936] {dagbag.py:508} INFO - Filling up the DagBag from /Users/pro/Documents/a_env/proj_data/lib/python3.7/site-packages/airflow/example_dags/example_branch_day_of_week_operator.py
[2022-08-11 10:24:46,955] {processor.py:651} INFO - DAG(s) dict_keys(['example_weekday_branch_operator']) retrieved from /Users/pro/Documents/a_env/proj_data/lib/python3.7/site-packages/airflow/example_dags/example_branch_day_of_week_operator.py
[2022-08-11 10:24:46,990] {logging_mixin.py:115} INFO - [2022-08-11 10:24:46,989] {dag.py:2420} INFO - Sync 1 DAGs
[2022-08-11 10:24:47,012] {logging_mixin.py:115} INFO - [2022-08-11 10:24:47,012] {dag.py:2972} INFO - Setting next_dagrun for example_weekday_branch_operator to 2022-08-10T00:00:00+00:00, run_after=2022-08-11T00:00:00+00:00
[2022-08-11 10:24:47,030] {processor.py:161} INFO - Processing /Users/pro/Documents/a_env/proj_data/lib/python3.7/site-packages/airflow/example_dags/example_branch_day_of_week_operator.py took 0.101 seconds
[2022-08-11 10:25:26,487] {processor.py:153} INFO - Started process (PID=52502) to work on /Users/pro/Documents/a_env/proj_data/lib/python3.7/site-packages/airflow/example_dags/example_branch_day_of_week_operator.py
[2022-08-11 10:25:26,489] {processor.py:641} INFO - Processing file /Users/pro/Documents/a_env/proj_data/lib/python3.7/site-packages/airflow/example_dags/example_branch_day_of_week_operator.py for tasks to queue
[2022-08-11 10:25:26,491] {logging_mixin.py:115} INFO - [2022-08-11 10:25:26,490] {dagbag.py:508} INFO - Filling up the DagBag from /Users/pro/Documents/a_env/proj_data/lib/python3.7/site-packages/airflow/example_dags/example_branch_day_of_week_operator.py
[2022-08-11 10:25:26,512] {processor.py:651} INFO - DAG(s) dict_keys(['example_weekday_branch_operator']) retrieved from /Users/pro/Documents/a_env/proj_data/lib/python3.7/site-packages/airflow/example_dags/example_branch_day_of_week_operator.py
[2022-08-11 10:25:26,541] {logging_mixin.py:115} INFO - [2022-08-11 10:25:26,540] {dag.py:2420} INFO - Sync 1 DAGs
[2022-08-11 10:25:26,596] {logging_mixin.py:115} INFO - [2022-08-11 10:25:26,596] {dag.py:2972} INFO - Setting next_dagrun for example_weekday_branch_operator to 2022-08-10T00:00:00+00:00, run_after=2022-08-11T00:00:00+00:00
[2022-08-11 10:25:26,617] {processor.py:161} INFO - Processing /Users/pro/Documents/a_env/proj_data/lib/python3.7/site-packages/airflow/example_dags/example_branch_day_of_week_operator.py took 0.135 seconds
[2022-08-11 10:26:06,598] {processor.py:153} INFO - Started process (PID=52592) to work on /Users/pro/Documents/a_env/proj_data/lib/python3.7/site-packages/airflow/example_dags/example_branch_day_of_week_operator.py
[2022-08-11 10:26:06,599] {processor.py:641} INFO - Processing file /Users/pro/Documents/a_env/proj_data/lib/python3.7/site-packages/airflow/example_dags/example_branch_day_of_week_operator.py for tasks to queue
[2022-08-11 10:26:06,601] {logging_mixin.py:115} INFO - [2022-08-11 10:26:06,600] {dagbag.py:508} INFO - Filling up the DagBag from /Users/pro/Documents/a_env/proj_data/lib/python3.7/site-packages/airflow/example_dags/example_branch_day_of_week_operator.py
[2022-08-11 10:26:06,622] {processor.py:651} INFO - DAG(s) dict_keys(['example_weekday_branch_operator']) retrieved from /Users/pro/Documents/a_env/proj_data/lib/python3.7/site-packages/airflow/example_dags/example_branch_day_of_week_operator.py
[2022-08-11 10:26:06,644] {logging_mixin.py:115} INFO - [2022-08-11 10:26:06,643] {dag.py:2420} INFO - Sync 1 DAGs
[2022-08-11 10:26:06,668] {logging_mixin.py:115} INFO - [2022-08-11 10:26:06,667] {dag.py:2972} INFO - Setting next_dagrun for example_weekday_branch_operator to 2022-08-10T00:00:00+00:00, run_after=2022-08-11T00:00:00+00:00
[2022-08-11 10:26:06,683] {processor.py:161} INFO - Processing /Users/pro/Documents/a_env/proj_data/lib/python3.7/site-packages/airflow/example_dags/example_branch_day_of_week_operator.py took 0.090 seconds
[2022-08-11 10:27:00,335] {processor.py:153} INFO - Started process (PID=52655) to work on /Users/pro/Documents/a_env/proj_data/lib/python3.7/site-packages/airflow/example_dags/example_branch_day_of_week_operator.py
[2022-08-11 10:27:00,337] {processor.py:641} INFO - Processing file /Users/pro/Documents/a_env/proj_data/lib/python3.7/site-packages/airflow/example_dags/example_branch_day_of_week_operator.py for tasks to queue
[2022-08-11 10:27:00,338] {logging_mixin.py:115} INFO - [2022-08-11 10:27:00,338] {dagbag.py:508} INFO - Filling up the DagBag from /Users/pro/Documents/a_env/proj_data/lib/python3.7/site-packages/airflow/example_dags/example_branch_day_of_week_operator.py
[2022-08-11 10:27:00,364] {processor.py:651} INFO - DAG(s) dict_keys(['example_weekday_branch_operator']) retrieved from /Users/pro/Documents/a_env/proj_data/lib/python3.7/site-packages/airflow/example_dags/example_branch_day_of_week_operator.py
[2022-08-11 10:27:00,391] {logging_mixin.py:115} INFO - [2022-08-11 10:27:00,390] {dag.py:2420} INFO - Sync 1 DAGs
[2022-08-11 10:27:00,443] {logging_mixin.py:115} INFO - [2022-08-11 10:27:00,443] {dag.py:2972} INFO - Setting next_dagrun for example_weekday_branch_operator to 2022-08-10T00:00:00+00:00, run_after=2022-08-11T00:00:00+00:00
[2022-08-11 10:27:00,532] {processor.py:161} INFO - Processing /Users/pro/Documents/a_env/proj_data/lib/python3.7/site-packages/airflow/example_dags/example_branch_day_of_week_operator.py took 0.206 seconds
[2022-08-11 10:27:50,646] {processor.py:153} INFO - Started process (PID=52704) to work on /Users/pro/Documents/a_env/proj_data/lib/python3.7/site-packages/airflow/example_dags/example_branch_day_of_week_operator.py
[2022-08-11 10:27:50,648] {processor.py:641} INFO - Processing file /Users/pro/Documents/a_env/proj_data/lib/python3.7/site-packages/airflow/example_dags/example_branch_day_of_week_operator.py for tasks to queue
[2022-08-11 10:27:50,649] {logging_mixin.py:115} INFO - [2022-08-11 10:27:50,649] {dagbag.py:508} INFO - Filling up the DagBag from /Users/pro/Documents/a_env/proj_data/lib/python3.7/site-packages/airflow/example_dags/example_branch_day_of_week_operator.py
[2022-08-11 10:27:50,675] {processor.py:651} INFO - DAG(s) dict_keys(['example_weekday_branch_operator']) retrieved from /Users/pro/Documents/a_env/proj_data/lib/python3.7/site-packages/airflow/example_dags/example_branch_day_of_week_operator.py
[2022-08-11 10:27:50,702] {logging_mixin.py:115} INFO - [2022-08-11 10:27:50,702] {dag.py:2420} INFO - Sync 1 DAGs
[2022-08-11 10:27:50,725] {logging_mixin.py:115} INFO - [2022-08-11 10:27:50,724] {dag.py:2972} INFO - Setting next_dagrun for example_weekday_branch_operator to 2022-08-10T00:00:00+00:00, run_after=2022-08-11T00:00:00+00:00
[2022-08-11 10:27:50,739] {processor.py:161} INFO - Processing /Users/pro/Documents/a_env/proj_data/lib/python3.7/site-packages/airflow/example_dags/example_branch_day_of_week_operator.py took 0.100 seconds
[2022-08-11 10:28:38,032] {processor.py:153} INFO - Started process (PID=52776) to work on /Users/pro/Documents/a_env/proj_data/lib/python3.7/site-packages/airflow/example_dags/example_branch_day_of_week_operator.py
[2022-08-11 10:28:38,034] {processor.py:641} INFO - Processing file /Users/pro/Documents/a_env/proj_data/lib/python3.7/site-packages/airflow/example_dags/example_branch_day_of_week_operator.py for tasks to queue
[2022-08-11 10:28:38,036] {logging_mixin.py:115} INFO - [2022-08-11 10:28:38,035] {dagbag.py:508} INFO - Filling up the DagBag from /Users/pro/Documents/a_env/proj_data/lib/python3.7/site-packages/airflow/example_dags/example_branch_day_of_week_operator.py
[2022-08-11 10:28:38,069] {processor.py:651} INFO - DAG(s) dict_keys(['example_weekday_branch_operator']) retrieved from /Users/pro/Documents/a_env/proj_data/lib/python3.7/site-packages/airflow/example_dags/example_branch_day_of_week_operator.py
[2022-08-11 10:28:38,115] {logging_mixin.py:115} INFO - [2022-08-11 10:28:38,115] {dag.py:2420} INFO - Sync 1 DAGs
[2022-08-11 10:28:38,151] {logging_mixin.py:115} INFO - [2022-08-11 10:28:38,150] {dag.py:2972} INFO - Setting next_dagrun for example_weekday_branch_operator to 2022-08-10T00:00:00+00:00, run_after=2022-08-11T00:00:00+00:00
[2022-08-11 10:28:38,171] {processor.py:161} INFO - Processing /Users/pro/Documents/a_env/proj_data/lib/python3.7/site-packages/airflow/example_dags/example_branch_day_of_week_operator.py took 0.151 seconds
