[2022-08-11 08:02:16,337] {processor.py:153} INFO - Started process (PID=50701) to work on /Users/pro/Documents/a_env/proj_data/lib/python3.7/site-packages/airflow/example_dags/example_xcomargs.py
[2022-08-11 08:02:16,339] {processor.py:641} INFO - Processing file /Users/pro/Documents/a_env/proj_data/lib/python3.7/site-packages/airflow/example_dags/example_xcomargs.py for tasks to queue
[2022-08-11 08:02:16,340] {logging_mixin.py:115} INFO - [2022-08-11 08:02:16,340] {dagbag.py:508} INFO - Filling up the DagBag from /Users/pro/Documents/a_env/proj_data/lib/python3.7/site-packages/airflow/example_dags/example_xcomargs.py
[2022-08-11 08:02:16,378] {processor.py:651} INFO - DAG(s) dict_keys(['example_xcom_args', 'example_xcom_args_with_operators']) retrieved from /Users/pro/Documents/a_env/proj_data/lib/python3.7/site-packages/airflow/example_dags/example_xcomargs.py
[2022-08-11 08:02:16,475] {logging_mixin.py:115} INFO - [2022-08-11 08:02:16,475] {dag.py:2420} INFO - Sync 2 DAGs
[2022-08-11 08:02:16,501] {logging_mixin.py:115} INFO - [2022-08-11 08:02:16,500] {dag.py:2972} INFO - Setting next_dagrun for example_xcom_args to None, run_after=None
[2022-08-11 08:02:16,502] {logging_mixin.py:115} INFO - [2022-08-11 08:02:16,501] {dag.py:2972} INFO - Setting next_dagrun for example_xcom_args_with_operators to None, run_after=None
[2022-08-11 08:02:16,535] {processor.py:161} INFO - Processing /Users/pro/Documents/a_env/proj_data/lib/python3.7/site-packages/airflow/example_dags/example_xcomargs.py took 0.204 seconds
[2022-08-11 08:31:37,013] {processor.py:153} INFO - Started process (PID=50774) to work on /Users/pro/Documents/a_env/proj_data/lib/python3.7/site-packages/airflow/example_dags/example_xcomargs.py
[2022-08-11 08:31:37,014] {processor.py:641} INFO - Processing file /Users/pro/Documents/a_env/proj_data/lib/python3.7/site-packages/airflow/example_dags/example_xcomargs.py for tasks to queue
[2022-08-11 08:31:37,015] {logging_mixin.py:115} INFO - [2022-08-11 08:31:37,015] {dagbag.py:508} INFO - Filling up the DagBag from /Users/pro/Documents/a_env/proj_data/lib/python3.7/site-packages/airflow/example_dags/example_xcomargs.py
[2022-08-11 08:31:37,038] {processor.py:651} INFO - DAG(s) dict_keys(['example_xcom_args', 'example_xcom_args_with_operators']) retrieved from /Users/pro/Documents/a_env/proj_data/lib/python3.7/site-packages/airflow/example_dags/example_xcomargs.py
[2022-08-11 08:31:37,096] {logging_mixin.py:115} INFO - [2022-08-11 08:31:37,095] {dag.py:2420} INFO - Sync 2 DAGs
[2022-08-11 08:31:37,111] {logging_mixin.py:115} INFO - [2022-08-11 08:31:37,110] {dag.py:2972} INFO - Setting next_dagrun for example_xcom_args to None, run_after=None
[2022-08-11 08:31:37,111] {logging_mixin.py:115} INFO - [2022-08-11 08:31:37,111] {dag.py:2972} INFO - Setting next_dagrun for example_xcom_args_with_operators to None, run_after=None
[2022-08-11 08:31:37,125] {processor.py:161} INFO - Processing /Users/pro/Documents/a_env/proj_data/lib/python3.7/site-packages/airflow/example_dags/example_xcomargs.py took 0.116 seconds
[2022-08-11 09:16:47,533] {processor.py:153} INFO - Started process (PID=50846) to work on /Users/pro/Documents/a_env/proj_data/lib/python3.7/site-packages/airflow/example_dags/example_xcomargs.py
[2022-08-11 09:16:47,534] {processor.py:641} INFO - Processing file /Users/pro/Documents/a_env/proj_data/lib/python3.7/site-packages/airflow/example_dags/example_xcomargs.py for tasks to queue
[2022-08-11 09:16:47,535] {logging_mixin.py:115} INFO - [2022-08-11 09:16:47,534] {dagbag.py:508} INFO - Filling up the DagBag from /Users/pro/Documents/a_env/proj_data/lib/python3.7/site-packages/airflow/example_dags/example_xcomargs.py
[2022-08-11 09:16:47,557] {processor.py:651} INFO - DAG(s) dict_keys(['example_xcom_args', 'example_xcom_args_with_operators']) retrieved from /Users/pro/Documents/a_env/proj_data/lib/python3.7/site-packages/airflow/example_dags/example_xcomargs.py
[2022-08-11 09:16:47,614] {logging_mixin.py:115} INFO - [2022-08-11 09:16:47,614] {dag.py:2420} INFO - Sync 2 DAGs
[2022-08-11 09:16:47,633] {logging_mixin.py:115} INFO - [2022-08-11 09:16:47,633] {dag.py:2972} INFO - Setting next_dagrun for example_xcom_args to None, run_after=None
[2022-08-11 09:16:47,634] {logging_mixin.py:115} INFO - [2022-08-11 09:16:47,633] {dag.py:2972} INFO - Setting next_dagrun for example_xcom_args_with_operators to None, run_after=None
[2022-08-11 09:16:47,648] {processor.py:161} INFO - Processing /Users/pro/Documents/a_env/proj_data/lib/python3.7/site-packages/airflow/example_dags/example_xcomargs.py took 0.120 seconds
[2022-08-11 09:45:58,615] {processor.py:153} INFO - Started process (PID=50935) to work on /Users/pro/Documents/a_env/proj_data/lib/python3.7/site-packages/airflow/example_dags/example_xcomargs.py
[2022-08-11 09:45:58,616] {processor.py:641} INFO - Processing file /Users/pro/Documents/a_env/proj_data/lib/python3.7/site-packages/airflow/example_dags/example_xcomargs.py for tasks to queue
[2022-08-11 09:45:58,617] {logging_mixin.py:115} INFO - [2022-08-11 09:45:58,617] {dagbag.py:508} INFO - Filling up the DagBag from /Users/pro/Documents/a_env/proj_data/lib/python3.7/site-packages/airflow/example_dags/example_xcomargs.py
[2022-08-11 09:45:58,641] {processor.py:651} INFO - DAG(s) dict_keys(['example_xcom_args', 'example_xcom_args_with_operators']) retrieved from /Users/pro/Documents/a_env/proj_data/lib/python3.7/site-packages/airflow/example_dags/example_xcomargs.py
[2022-08-11 09:45:58,716] {logging_mixin.py:115} INFO - [2022-08-11 09:45:58,715] {dag.py:2420} INFO - Sync 2 DAGs
[2022-08-11 09:45:58,732] {logging_mixin.py:115} INFO - [2022-08-11 09:45:58,731] {dag.py:2972} INFO - Setting next_dagrun for example_xcom_args to None, run_after=None
[2022-08-11 09:45:58,735] {logging_mixin.py:115} INFO - [2022-08-11 09:45:58,735] {dag.py:2972} INFO - Setting next_dagrun for example_xcom_args_with_operators to None, run_after=None
[2022-08-11 09:45:58,751] {processor.py:161} INFO - Processing /Users/pro/Documents/a_env/proj_data/lib/python3.7/site-packages/airflow/example_dags/example_xcomargs.py took 0.141 seconds
[2022-08-11 09:46:34,928] {processor.py:153} INFO - Started process (PID=50973) to work on /Users/pro/Documents/a_env/proj_data/lib/python3.7/site-packages/airflow/example_dags/example_xcomargs.py
[2022-08-11 09:46:34,929] {processor.py:641} INFO - Processing file /Users/pro/Documents/a_env/proj_data/lib/python3.7/site-packages/airflow/example_dags/example_xcomargs.py for tasks to queue
[2022-08-11 09:46:34,930] {logging_mixin.py:115} INFO - [2022-08-11 09:46:34,930] {dagbag.py:508} INFO - Filling up the DagBag from /Users/pro/Documents/a_env/proj_data/lib/python3.7/site-packages/airflow/example_dags/example_xcomargs.py
[2022-08-11 09:46:34,955] {processor.py:651} INFO - DAG(s) dict_keys(['example_xcom_args', 'example_xcom_args_with_operators']) retrieved from /Users/pro/Documents/a_env/proj_data/lib/python3.7/site-packages/airflow/example_dags/example_xcomargs.py
[2022-08-11 09:46:34,976] {logging_mixin.py:115} INFO - [2022-08-11 09:46:34,975] {dag.py:2420} INFO - Sync 2 DAGs
[2022-08-11 09:46:34,994] {logging_mixin.py:115} INFO - [2022-08-11 09:46:34,994] {dag.py:2972} INFO - Setting next_dagrun for example_xcom_args to None, run_after=None
[2022-08-11 09:46:34,995] {logging_mixin.py:115} INFO - [2022-08-11 09:46:34,995] {dag.py:2972} INFO - Setting next_dagrun for example_xcom_args_with_operators to None, run_after=None
[2022-08-11 09:46:35,009] {processor.py:161} INFO - Processing /Users/pro/Documents/a_env/proj_data/lib/python3.7/site-packages/airflow/example_dags/example_xcomargs.py took 0.086 seconds
[2022-08-11 09:47:08,694] {processor.py:153} INFO - Started process (PID=51014) to work on /Users/pro/Documents/a_env/proj_data/lib/python3.7/site-packages/airflow/example_dags/example_xcomargs.py
[2022-08-11 09:47:08,696] {processor.py:641} INFO - Processing file /Users/pro/Documents/a_env/proj_data/lib/python3.7/site-packages/airflow/example_dags/example_xcomargs.py for tasks to queue
[2022-08-11 09:47:08,697] {logging_mixin.py:115} INFO - [2022-08-11 09:47:08,696] {dagbag.py:508} INFO - Filling up the DagBag from /Users/pro/Documents/a_env/proj_data/lib/python3.7/site-packages/airflow/example_dags/example_xcomargs.py
[2022-08-11 09:47:08,722] {processor.py:651} INFO - DAG(s) dict_keys(['example_xcom_args', 'example_xcom_args_with_operators']) retrieved from /Users/pro/Documents/a_env/proj_data/lib/python3.7/site-packages/airflow/example_dags/example_xcomargs.py
[2022-08-11 09:47:08,742] {logging_mixin.py:115} INFO - [2022-08-11 09:47:08,742] {dag.py:2420} INFO - Sync 2 DAGs
[2022-08-11 09:47:08,763] {logging_mixin.py:115} INFO - [2022-08-11 09:47:08,763] {dag.py:2972} INFO - Setting next_dagrun for example_xcom_args to None, run_after=None
[2022-08-11 09:47:08,764] {logging_mixin.py:115} INFO - [2022-08-11 09:47:08,763] {dag.py:2972} INFO - Setting next_dagrun for example_xcom_args_with_operators to None, run_after=None
[2022-08-11 09:47:08,778] {processor.py:161} INFO - Processing /Users/pro/Documents/a_env/proj_data/lib/python3.7/site-packages/airflow/example_dags/example_xcomargs.py took 0.088 seconds
[2022-08-11 09:47:43,530] {processor.py:153} INFO - Started process (PID=51050) to work on /Users/pro/Documents/a_env/proj_data/lib/python3.7/site-packages/airflow/example_dags/example_xcomargs.py
[2022-08-11 09:47:43,532] {processor.py:641} INFO - Processing file /Users/pro/Documents/a_env/proj_data/lib/python3.7/site-packages/airflow/example_dags/example_xcomargs.py for tasks to queue
[2022-08-11 09:47:43,533] {logging_mixin.py:115} INFO - [2022-08-11 09:47:43,532] {dagbag.py:508} INFO - Filling up the DagBag from /Users/pro/Documents/a_env/proj_data/lib/python3.7/site-packages/airflow/example_dags/example_xcomargs.py
[2022-08-11 09:47:43,566] {processor.py:651} INFO - DAG(s) dict_keys(['example_xcom_args', 'example_xcom_args_with_operators']) retrieved from /Users/pro/Documents/a_env/proj_data/lib/python3.7/site-packages/airflow/example_dags/example_xcomargs.py
[2022-08-11 09:47:43,593] {logging_mixin.py:115} INFO - [2022-08-11 09:47:43,593] {dag.py:2420} INFO - Sync 2 DAGs
[2022-08-11 09:47:43,617] {logging_mixin.py:115} INFO - [2022-08-11 09:47:43,617] {dag.py:2972} INFO - Setting next_dagrun for example_xcom_args to None, run_after=None
[2022-08-11 09:47:43,618] {logging_mixin.py:115} INFO - [2022-08-11 09:47:43,618] {dag.py:2972} INFO - Setting next_dagrun for example_xcom_args_with_operators to None, run_after=None
[2022-08-11 09:47:43,630] {processor.py:161} INFO - Processing /Users/pro/Documents/a_env/proj_data/lib/python3.7/site-packages/airflow/example_dags/example_xcomargs.py took 0.105 seconds
[2022-08-11 09:48:16,666] {processor.py:153} INFO - Started process (PID=51088) to work on /Users/pro/Documents/a_env/proj_data/lib/python3.7/site-packages/airflow/example_dags/example_xcomargs.py
[2022-08-11 09:48:16,667] {processor.py:641} INFO - Processing file /Users/pro/Documents/a_env/proj_data/lib/python3.7/site-packages/airflow/example_dags/example_xcomargs.py for tasks to queue
[2022-08-11 09:48:16,668] {logging_mixin.py:115} INFO - [2022-08-11 09:48:16,668] {dagbag.py:508} INFO - Filling up the DagBag from /Users/pro/Documents/a_env/proj_data/lib/python3.7/site-packages/airflow/example_dags/example_xcomargs.py
[2022-08-11 09:48:16,694] {processor.py:651} INFO - DAG(s) dict_keys(['example_xcom_args', 'example_xcom_args_with_operators']) retrieved from /Users/pro/Documents/a_env/proj_data/lib/python3.7/site-packages/airflow/example_dags/example_xcomargs.py
[2022-08-11 09:48:16,716] {logging_mixin.py:115} INFO - [2022-08-11 09:48:16,715] {dag.py:2420} INFO - Sync 2 DAGs
[2022-08-11 09:48:16,734] {logging_mixin.py:115} INFO - [2022-08-11 09:48:16,734] {dag.py:2972} INFO - Setting next_dagrun for example_xcom_args to None, run_after=None
[2022-08-11 09:48:16,735] {logging_mixin.py:115} INFO - [2022-08-11 09:48:16,734] {dag.py:2972} INFO - Setting next_dagrun for example_xcom_args_with_operators to None, run_after=None
[2022-08-11 09:48:16,748] {processor.py:161} INFO - Processing /Users/pro/Documents/a_env/proj_data/lib/python3.7/site-packages/airflow/example_dags/example_xcomargs.py took 0.086 seconds
[2022-08-11 09:48:49,497] {processor.py:153} INFO - Started process (PID=51122) to work on /Users/pro/Documents/a_env/proj_data/lib/python3.7/site-packages/airflow/example_dags/example_xcomargs.py
[2022-08-11 09:48:49,498] {processor.py:641} INFO - Processing file /Users/pro/Documents/a_env/proj_data/lib/python3.7/site-packages/airflow/example_dags/example_xcomargs.py for tasks to queue
[2022-08-11 09:48:49,499] {logging_mixin.py:115} INFO - [2022-08-11 09:48:49,498] {dagbag.py:508} INFO - Filling up the DagBag from /Users/pro/Documents/a_env/proj_data/lib/python3.7/site-packages/airflow/example_dags/example_xcomargs.py
[2022-08-11 09:48:49,522] {processor.py:651} INFO - DAG(s) dict_keys(['example_xcom_args', 'example_xcom_args_with_operators']) retrieved from /Users/pro/Documents/a_env/proj_data/lib/python3.7/site-packages/airflow/example_dags/example_xcomargs.py
[2022-08-11 09:48:49,584] {logging_mixin.py:115} INFO - [2022-08-11 09:48:49,584] {dag.py:2420} INFO - Sync 2 DAGs
[2022-08-11 09:48:49,600] {logging_mixin.py:115} INFO - [2022-08-11 09:48:49,600] {dag.py:2972} INFO - Setting next_dagrun for example_xcom_args to None, run_after=None
[2022-08-11 09:48:49,601] {logging_mixin.py:115} INFO - [2022-08-11 09:48:49,601] {dag.py:2972} INFO - Setting next_dagrun for example_xcom_args_with_operators to None, run_after=None
[2022-08-11 09:48:49,615] {processor.py:161} INFO - Processing /Users/pro/Documents/a_env/proj_data/lib/python3.7/site-packages/airflow/example_dags/example_xcomargs.py took 0.122 seconds
[2022-08-11 09:49:23,718] {processor.py:153} INFO - Started process (PID=51158) to work on /Users/pro/Documents/a_env/proj_data/lib/python3.7/site-packages/airflow/example_dags/example_xcomargs.py
[2022-08-11 09:49:23,719] {processor.py:641} INFO - Processing file /Users/pro/Documents/a_env/proj_data/lib/python3.7/site-packages/airflow/example_dags/example_xcomargs.py for tasks to queue
[2022-08-11 09:49:23,720] {logging_mixin.py:115} INFO - [2022-08-11 09:49:23,720] {dagbag.py:508} INFO - Filling up the DagBag from /Users/pro/Documents/a_env/proj_data/lib/python3.7/site-packages/airflow/example_dags/example_xcomargs.py
[2022-08-11 09:49:23,744] {processor.py:651} INFO - DAG(s) dict_keys(['example_xcom_args', 'example_xcom_args_with_operators']) retrieved from /Users/pro/Documents/a_env/proj_data/lib/python3.7/site-packages/airflow/example_dags/example_xcomargs.py
[2022-08-11 09:49:23,765] {logging_mixin.py:115} INFO - [2022-08-11 09:49:23,764] {dag.py:2420} INFO - Sync 2 DAGs
[2022-08-11 09:49:23,782] {logging_mixin.py:115} INFO - [2022-08-11 09:49:23,782] {dag.py:2972} INFO - Setting next_dagrun for example_xcom_args to None, run_after=None
[2022-08-11 09:49:23,783] {logging_mixin.py:115} INFO - [2022-08-11 09:49:23,783] {dag.py:2972} INFO - Setting next_dagrun for example_xcom_args_with_operators to None, run_after=None
[2022-08-11 09:49:23,797] {processor.py:161} INFO - Processing /Users/pro/Documents/a_env/proj_data/lib/python3.7/site-packages/airflow/example_dags/example_xcomargs.py took 0.083 seconds
[2022-08-11 09:49:58,139] {processor.py:153} INFO - Started process (PID=51193) to work on /Users/pro/Documents/a_env/proj_data/lib/python3.7/site-packages/airflow/example_dags/example_xcomargs.py
[2022-08-11 09:49:58,139] {processor.py:641} INFO - Processing file /Users/pro/Documents/a_env/proj_data/lib/python3.7/site-packages/airflow/example_dags/example_xcomargs.py for tasks to queue
[2022-08-11 09:49:58,141] {logging_mixin.py:115} INFO - [2022-08-11 09:49:58,140] {dagbag.py:508} INFO - Filling up the DagBag from /Users/pro/Documents/a_env/proj_data/lib/python3.7/site-packages/airflow/example_dags/example_xcomargs.py
[2022-08-11 09:49:58,165] {processor.py:651} INFO - DAG(s) dict_keys(['example_xcom_args', 'example_xcom_args_with_operators']) retrieved from /Users/pro/Documents/a_env/proj_data/lib/python3.7/site-packages/airflow/example_dags/example_xcomargs.py
[2022-08-11 09:49:58,226] {logging_mixin.py:115} INFO - [2022-08-11 09:49:58,226] {dag.py:2420} INFO - Sync 2 DAGs
[2022-08-11 09:49:58,242] {logging_mixin.py:115} INFO - [2022-08-11 09:49:58,242] {dag.py:2972} INFO - Setting next_dagrun for example_xcom_args to None, run_after=None
[2022-08-11 09:49:58,242] {logging_mixin.py:115} INFO - [2022-08-11 09:49:58,242] {dag.py:2972} INFO - Setting next_dagrun for example_xcom_args_with_operators to None, run_after=None
[2022-08-11 09:49:58,257] {processor.py:161} INFO - Processing /Users/pro/Documents/a_env/proj_data/lib/python3.7/site-packages/airflow/example_dags/example_xcomargs.py took 0.122 seconds
[2022-08-11 09:50:29,684] {processor.py:153} INFO - Started process (PID=51226) to work on /Users/pro/Documents/a_env/proj_data/lib/python3.7/site-packages/airflow/example_dags/example_xcomargs.py
[2022-08-11 09:50:29,685] {processor.py:641} INFO - Processing file /Users/pro/Documents/a_env/proj_data/lib/python3.7/site-packages/airflow/example_dags/example_xcomargs.py for tasks to queue
[2022-08-11 09:50:29,686] {logging_mixin.py:115} INFO - [2022-08-11 09:50:29,686] {dagbag.py:508} INFO - Filling up the DagBag from /Users/pro/Documents/a_env/proj_data/lib/python3.7/site-packages/airflow/example_dags/example_xcomargs.py
[2022-08-11 09:50:29,711] {processor.py:651} INFO - DAG(s) dict_keys(['example_xcom_args', 'example_xcom_args_with_operators']) retrieved from /Users/pro/Documents/a_env/proj_data/lib/python3.7/site-packages/airflow/example_dags/example_xcomargs.py
[2022-08-11 09:50:29,772] {logging_mixin.py:115} INFO - [2022-08-11 09:50:29,772] {dag.py:2420} INFO - Sync 2 DAGs
[2022-08-11 09:50:29,787] {logging_mixin.py:115} INFO - [2022-08-11 09:50:29,787] {dag.py:2972} INFO - Setting next_dagrun for example_xcom_args to None, run_after=None
[2022-08-11 09:50:29,788] {logging_mixin.py:115} INFO - [2022-08-11 09:50:29,788] {dag.py:2972} INFO - Setting next_dagrun for example_xcom_args_with_operators to None, run_after=None
[2022-08-11 09:50:29,803] {processor.py:161} INFO - Processing /Users/pro/Documents/a_env/proj_data/lib/python3.7/site-packages/airflow/example_dags/example_xcomargs.py took 0.124 seconds
[2022-08-11 09:51:04,481] {processor.py:153} INFO - Started process (PID=51261) to work on /Users/pro/Documents/a_env/proj_data/lib/python3.7/site-packages/airflow/example_dags/example_xcomargs.py
[2022-08-11 09:51:04,482] {processor.py:641} INFO - Processing file /Users/pro/Documents/a_env/proj_data/lib/python3.7/site-packages/airflow/example_dags/example_xcomargs.py for tasks to queue
[2022-08-11 09:51:04,483] {logging_mixin.py:115} INFO - [2022-08-11 09:51:04,483] {dagbag.py:508} INFO - Filling up the DagBag from /Users/pro/Documents/a_env/proj_data/lib/python3.7/site-packages/airflow/example_dags/example_xcomargs.py
[2022-08-11 09:51:04,508] {processor.py:651} INFO - DAG(s) dict_keys(['example_xcom_args', 'example_xcom_args_with_operators']) retrieved from /Users/pro/Documents/a_env/proj_data/lib/python3.7/site-packages/airflow/example_dags/example_xcomargs.py
[2022-08-11 09:51:04,568] {logging_mixin.py:115} INFO - [2022-08-11 09:51:04,567] {dag.py:2420} INFO - Sync 2 DAGs
[2022-08-11 09:51:04,585] {logging_mixin.py:115} INFO - [2022-08-11 09:51:04,585] {dag.py:2972} INFO - Setting next_dagrun for example_xcom_args to None, run_after=None
[2022-08-11 09:51:04,586] {logging_mixin.py:115} INFO - [2022-08-11 09:51:04,586] {dag.py:2972} INFO - Setting next_dagrun for example_xcom_args_with_operators to None, run_after=None
[2022-08-11 09:51:04,601] {processor.py:161} INFO - Processing /Users/pro/Documents/a_env/proj_data/lib/python3.7/site-packages/airflow/example_dags/example_xcomargs.py took 0.125 seconds
[2022-08-11 09:51:37,391] {processor.py:153} INFO - Started process (PID=51300) to work on /Users/pro/Documents/a_env/proj_data/lib/python3.7/site-packages/airflow/example_dags/example_xcomargs.py
[2022-08-11 09:51:37,392] {processor.py:641} INFO - Processing file /Users/pro/Documents/a_env/proj_data/lib/python3.7/site-packages/airflow/example_dags/example_xcomargs.py for tasks to queue
[2022-08-11 09:51:37,393] {logging_mixin.py:115} INFO - [2022-08-11 09:51:37,393] {dagbag.py:508} INFO - Filling up the DagBag from /Users/pro/Documents/a_env/proj_data/lib/python3.7/site-packages/airflow/example_dags/example_xcomargs.py
[2022-08-11 09:51:37,416] {processor.py:651} INFO - DAG(s) dict_keys(['example_xcom_args', 'example_xcom_args_with_operators']) retrieved from /Users/pro/Documents/a_env/proj_data/lib/python3.7/site-packages/airflow/example_dags/example_xcomargs.py
[2022-08-11 09:51:37,476] {logging_mixin.py:115} INFO - [2022-08-11 09:51:37,476] {dag.py:2420} INFO - Sync 2 DAGs
[2022-08-11 09:51:37,492] {logging_mixin.py:115} INFO - [2022-08-11 09:51:37,491] {dag.py:2972} INFO - Setting next_dagrun for example_xcom_args to None, run_after=None
[2022-08-11 09:51:37,492] {logging_mixin.py:115} INFO - [2022-08-11 09:51:37,492] {dag.py:2972} INFO - Setting next_dagrun for example_xcom_args_with_operators to None, run_after=None
[2022-08-11 09:51:37,506] {processor.py:161} INFO - Processing /Users/pro/Documents/a_env/proj_data/lib/python3.7/site-packages/airflow/example_dags/example_xcomargs.py took 0.120 seconds
[2022-08-11 09:52:10,406] {processor.py:153} INFO - Started process (PID=51345) to work on /Users/pro/Documents/a_env/proj_data/lib/python3.7/site-packages/airflow/example_dags/example_xcomargs.py
[2022-08-11 09:52:10,407] {processor.py:641} INFO - Processing file /Users/pro/Documents/a_env/proj_data/lib/python3.7/site-packages/airflow/example_dags/example_xcomargs.py for tasks to queue
[2022-08-11 09:52:10,408] {logging_mixin.py:115} INFO - [2022-08-11 09:52:10,408] {dagbag.py:508} INFO - Filling up the DagBag from /Users/pro/Documents/a_env/proj_data/lib/python3.7/site-packages/airflow/example_dags/example_xcomargs.py
[2022-08-11 09:52:10,431] {processor.py:651} INFO - DAG(s) dict_keys(['example_xcom_args', 'example_xcom_args_with_operators']) retrieved from /Users/pro/Documents/a_env/proj_data/lib/python3.7/site-packages/airflow/example_dags/example_xcomargs.py
[2022-08-11 09:52:10,493] {logging_mixin.py:115} INFO - [2022-08-11 09:52:10,492] {dag.py:2420} INFO - Sync 2 DAGs
[2022-08-11 09:52:10,508] {logging_mixin.py:115} INFO - [2022-08-11 09:52:10,508] {dag.py:2972} INFO - Setting next_dagrun for example_xcom_args to None, run_after=None
[2022-08-11 09:52:10,509] {logging_mixin.py:115} INFO - [2022-08-11 09:52:10,509] {dag.py:2972} INFO - Setting next_dagrun for example_xcom_args_with_operators to None, run_after=None
[2022-08-11 09:52:10,523] {processor.py:161} INFO - Processing /Users/pro/Documents/a_env/proj_data/lib/python3.7/site-packages/airflow/example_dags/example_xcomargs.py took 0.122 seconds
[2022-08-11 09:52:42,086] {processor.py:153} INFO - Started process (PID=51386) to work on /Users/pro/Documents/a_env/proj_data/lib/python3.7/site-packages/airflow/example_dags/example_xcomargs.py
[2022-08-11 09:52:42,088] {processor.py:641} INFO - Processing file /Users/pro/Documents/a_env/proj_data/lib/python3.7/site-packages/airflow/example_dags/example_xcomargs.py for tasks to queue
[2022-08-11 09:52:42,090] {logging_mixin.py:115} INFO - [2022-08-11 09:52:42,089] {dagbag.py:508} INFO - Filling up the DagBag from /Users/pro/Documents/a_env/proj_data/lib/python3.7/site-packages/airflow/example_dags/example_xcomargs.py
[2022-08-11 09:52:42,120] {processor.py:651} INFO - DAG(s) dict_keys(['example_xcom_args', 'example_xcom_args_with_operators']) retrieved from /Users/pro/Documents/a_env/proj_data/lib/python3.7/site-packages/airflow/example_dags/example_xcomargs.py
[2022-08-11 09:52:42,185] {logging_mixin.py:115} INFO - [2022-08-11 09:52:42,185] {dag.py:2420} INFO - Sync 2 DAGs
[2022-08-11 09:52:42,202] {logging_mixin.py:115} INFO - [2022-08-11 09:52:42,201] {dag.py:2972} INFO - Setting next_dagrun for example_xcom_args to None, run_after=None
[2022-08-11 09:52:42,202] {logging_mixin.py:115} INFO - [2022-08-11 09:52:42,202] {dag.py:2972} INFO - Setting next_dagrun for example_xcom_args_with_operators to None, run_after=None
[2022-08-11 09:52:42,217] {processor.py:161} INFO - Processing /Users/pro/Documents/a_env/proj_data/lib/python3.7/site-packages/airflow/example_dags/example_xcomargs.py took 0.136 seconds
[2022-08-11 09:53:14,965] {processor.py:153} INFO - Started process (PID=51426) to work on /Users/pro/Documents/a_env/proj_data/lib/python3.7/site-packages/airflow/example_dags/example_xcomargs.py
[2022-08-11 09:53:14,966] {processor.py:641} INFO - Processing file /Users/pro/Documents/a_env/proj_data/lib/python3.7/site-packages/airflow/example_dags/example_xcomargs.py for tasks to queue
[2022-08-11 09:53:14,967] {logging_mixin.py:115} INFO - [2022-08-11 09:53:14,967] {dagbag.py:508} INFO - Filling up the DagBag from /Users/pro/Documents/a_env/proj_data/lib/python3.7/site-packages/airflow/example_dags/example_xcomargs.py
[2022-08-11 09:53:14,989] {processor.py:651} INFO - DAG(s) dict_keys(['example_xcom_args', 'example_xcom_args_with_operators']) retrieved from /Users/pro/Documents/a_env/proj_data/lib/python3.7/site-packages/airflow/example_dags/example_xcomargs.py
[2022-08-11 09:53:15,010] {logging_mixin.py:115} INFO - [2022-08-11 09:53:15,010] {dag.py:2420} INFO - Sync 2 DAGs
[2022-08-11 09:53:15,029] {logging_mixin.py:115} INFO - [2022-08-11 09:53:15,028] {dag.py:2972} INFO - Setting next_dagrun for example_xcom_args to None, run_after=None
[2022-08-11 09:53:15,029] {logging_mixin.py:115} INFO - [2022-08-11 09:53:15,029] {dag.py:2972} INFO - Setting next_dagrun for example_xcom_args_with_operators to None, run_after=None
[2022-08-11 09:53:15,040] {processor.py:161} INFO - Processing /Users/pro/Documents/a_env/proj_data/lib/python3.7/site-packages/airflow/example_dags/example_xcomargs.py took 0.079 seconds
[2022-08-11 09:53:51,066] {processor.py:153} INFO - Started process (PID=51462) to work on /Users/pro/Documents/a_env/proj_data/lib/python3.7/site-packages/airflow/example_dags/example_xcomargs.py
[2022-08-11 09:53:51,067] {processor.py:641} INFO - Processing file /Users/pro/Documents/a_env/proj_data/lib/python3.7/site-packages/airflow/example_dags/example_xcomargs.py for tasks to queue
[2022-08-11 09:53:51,068] {logging_mixin.py:115} INFO - [2022-08-11 09:53:51,068] {dagbag.py:508} INFO - Filling up the DagBag from /Users/pro/Documents/a_env/proj_data/lib/python3.7/site-packages/airflow/example_dags/example_xcomargs.py
[2022-08-11 09:53:51,092] {processor.py:651} INFO - DAG(s) dict_keys(['example_xcom_args', 'example_xcom_args_with_operators']) retrieved from /Users/pro/Documents/a_env/proj_data/lib/python3.7/site-packages/airflow/example_dags/example_xcomargs.py
[2022-08-11 09:53:51,115] {logging_mixin.py:115} INFO - [2022-08-11 09:53:51,115] {dag.py:2420} INFO - Sync 2 DAGs
[2022-08-11 09:53:51,133] {logging_mixin.py:115} INFO - [2022-08-11 09:53:51,133] {dag.py:2972} INFO - Setting next_dagrun for example_xcom_args to None, run_after=None
[2022-08-11 09:53:51,134] {logging_mixin.py:115} INFO - [2022-08-11 09:53:51,134] {dag.py:2972} INFO - Setting next_dagrun for example_xcom_args_with_operators to None, run_after=None
[2022-08-11 09:53:51,146] {processor.py:161} INFO - Processing /Users/pro/Documents/a_env/proj_data/lib/python3.7/site-packages/airflow/example_dags/example_xcomargs.py took 0.084 seconds
[2022-08-11 09:54:22,346] {processor.py:153} INFO - Started process (PID=51494) to work on /Users/pro/Documents/a_env/proj_data/lib/python3.7/site-packages/airflow/example_dags/example_xcomargs.py
[2022-08-11 09:54:22,347] {processor.py:641} INFO - Processing file /Users/pro/Documents/a_env/proj_data/lib/python3.7/site-packages/airflow/example_dags/example_xcomargs.py for tasks to queue
[2022-08-11 09:54:22,348] {logging_mixin.py:115} INFO - [2022-08-11 09:54:22,348] {dagbag.py:508} INFO - Filling up the DagBag from /Users/pro/Documents/a_env/proj_data/lib/python3.7/site-packages/airflow/example_dags/example_xcomargs.py
[2022-08-11 09:54:22,371] {processor.py:651} INFO - DAG(s) dict_keys(['example_xcom_args', 'example_xcom_args_with_operators']) retrieved from /Users/pro/Documents/a_env/proj_data/lib/python3.7/site-packages/airflow/example_dags/example_xcomargs.py
[2022-08-11 09:54:22,393] {logging_mixin.py:115} INFO - [2022-08-11 09:54:22,393] {dag.py:2420} INFO - Sync 2 DAGs
[2022-08-11 09:54:22,411] {logging_mixin.py:115} INFO - [2022-08-11 09:54:22,411] {dag.py:2972} INFO - Setting next_dagrun for example_xcom_args to None, run_after=None
[2022-08-11 09:54:22,412] {logging_mixin.py:115} INFO - [2022-08-11 09:54:22,411] {dag.py:2972} INFO - Setting next_dagrun for example_xcom_args_with_operators to None, run_after=None
[2022-08-11 09:54:22,424] {processor.py:161} INFO - Processing /Users/pro/Documents/a_env/proj_data/lib/python3.7/site-packages/airflow/example_dags/example_xcomargs.py took 0.083 seconds
[2022-08-11 09:54:55,405] {processor.py:153} INFO - Started process (PID=51528) to work on /Users/pro/Documents/a_env/proj_data/lib/python3.7/site-packages/airflow/example_dags/example_xcomargs.py
[2022-08-11 09:54:55,405] {processor.py:641} INFO - Processing file /Users/pro/Documents/a_env/proj_data/lib/python3.7/site-packages/airflow/example_dags/example_xcomargs.py for tasks to queue
[2022-08-11 09:54:55,406] {logging_mixin.py:115} INFO - [2022-08-11 09:54:55,406] {dagbag.py:508} INFO - Filling up the DagBag from /Users/pro/Documents/a_env/proj_data/lib/python3.7/site-packages/airflow/example_dags/example_xcomargs.py
[2022-08-11 09:54:55,429] {processor.py:651} INFO - DAG(s) dict_keys(['example_xcom_args', 'example_xcom_args_with_operators']) retrieved from /Users/pro/Documents/a_env/proj_data/lib/python3.7/site-packages/airflow/example_dags/example_xcomargs.py
[2022-08-11 09:54:55,449] {logging_mixin.py:115} INFO - [2022-08-11 09:54:55,449] {dag.py:2420} INFO - Sync 2 DAGs
[2022-08-11 09:54:55,467] {logging_mixin.py:115} INFO - [2022-08-11 09:54:55,467] {dag.py:2972} INFO - Setting next_dagrun for example_xcom_args to None, run_after=None
[2022-08-11 09:54:55,468] {logging_mixin.py:115} INFO - [2022-08-11 09:54:55,467] {dag.py:2972} INFO - Setting next_dagrun for example_xcom_args_with_operators to None, run_after=None
[2022-08-11 09:54:55,479] {processor.py:161} INFO - Processing /Users/pro/Documents/a_env/proj_data/lib/python3.7/site-packages/airflow/example_dags/example_xcomargs.py took 0.079 seconds
[2022-08-11 09:55:29,723] {processor.py:153} INFO - Started process (PID=51564) to work on /Users/pro/Documents/a_env/proj_data/lib/python3.7/site-packages/airflow/example_dags/example_xcomargs.py
[2022-08-11 09:55:29,725] {processor.py:641} INFO - Processing file /Users/pro/Documents/a_env/proj_data/lib/python3.7/site-packages/airflow/example_dags/example_xcomargs.py for tasks to queue
[2022-08-11 09:55:29,727] {logging_mixin.py:115} INFO - [2022-08-11 09:55:29,726] {dagbag.py:508} INFO - Filling up the DagBag from /Users/pro/Documents/a_env/proj_data/lib/python3.7/site-packages/airflow/example_dags/example_xcomargs.py
[2022-08-11 09:55:29,752] {processor.py:651} INFO - DAG(s) dict_keys(['example_xcom_args', 'example_xcom_args_with_operators']) retrieved from /Users/pro/Documents/a_env/proj_data/lib/python3.7/site-packages/airflow/example_dags/example_xcomargs.py
[2022-08-11 09:55:29,775] {logging_mixin.py:115} INFO - [2022-08-11 09:55:29,775] {dag.py:2420} INFO - Sync 2 DAGs
[2022-08-11 09:55:29,793] {logging_mixin.py:115} INFO - [2022-08-11 09:55:29,793] {dag.py:2972} INFO - Setting next_dagrun for example_xcom_args to None, run_after=None
[2022-08-11 09:55:29,794] {logging_mixin.py:115} INFO - [2022-08-11 09:55:29,793] {dag.py:2972} INFO - Setting next_dagrun for example_xcom_args_with_operators to None, run_after=None
[2022-08-11 09:55:29,806] {processor.py:161} INFO - Processing /Users/pro/Documents/a_env/proj_data/lib/python3.7/site-packages/airflow/example_dags/example_xcomargs.py took 0.088 seconds
[2022-08-11 09:56:04,179] {processor.py:153} INFO - Started process (PID=51598) to work on /Users/pro/Documents/a_env/proj_data/lib/python3.7/site-packages/airflow/example_dags/example_xcomargs.py
[2022-08-11 09:56:04,182] {processor.py:641} INFO - Processing file /Users/pro/Documents/a_env/proj_data/lib/python3.7/site-packages/airflow/example_dags/example_xcomargs.py for tasks to queue
[2022-08-11 09:56:04,184] {logging_mixin.py:115} INFO - [2022-08-11 09:56:04,184] {dagbag.py:508} INFO - Filling up the DagBag from /Users/pro/Documents/a_env/proj_data/lib/python3.7/site-packages/airflow/example_dags/example_xcomargs.py
[2022-08-11 09:56:04,212] {processor.py:651} INFO - DAG(s) dict_keys(['example_xcom_args', 'example_xcom_args_with_operators']) retrieved from /Users/pro/Documents/a_env/proj_data/lib/python3.7/site-packages/airflow/example_dags/example_xcomargs.py
[2022-08-11 09:56:04,270] {logging_mixin.py:115} INFO - [2022-08-11 09:56:04,269] {dag.py:2420} INFO - Sync 2 DAGs
[2022-08-11 09:56:04,286] {logging_mixin.py:115} INFO - [2022-08-11 09:56:04,286] {dag.py:2972} INFO - Setting next_dagrun for example_xcom_args to None, run_after=None
[2022-08-11 09:56:04,286] {logging_mixin.py:115} INFO - [2022-08-11 09:56:04,286] {dag.py:2972} INFO - Setting next_dagrun for example_xcom_args_with_operators to None, run_after=None
[2022-08-11 09:56:04,426] {processor.py:161} INFO - Processing /Users/pro/Documents/a_env/proj_data/lib/python3.7/site-packages/airflow/example_dags/example_xcomargs.py took 0.252 seconds
[2022-08-11 09:56:40,060] {processor.py:153} INFO - Started process (PID=51633) to work on /Users/pro/Documents/a_env/proj_data/lib/python3.7/site-packages/airflow/example_dags/example_xcomargs.py
[2022-08-11 09:56:40,061] {processor.py:641} INFO - Processing file /Users/pro/Documents/a_env/proj_data/lib/python3.7/site-packages/airflow/example_dags/example_xcomargs.py for tasks to queue
[2022-08-11 09:56:40,062] {logging_mixin.py:115} INFO - [2022-08-11 09:56:40,062] {dagbag.py:508} INFO - Filling up the DagBag from /Users/pro/Documents/a_env/proj_data/lib/python3.7/site-packages/airflow/example_dags/example_xcomargs.py
[2022-08-11 09:56:40,085] {processor.py:651} INFO - DAG(s) dict_keys(['example_xcom_args', 'example_xcom_args_with_operators']) retrieved from /Users/pro/Documents/a_env/proj_data/lib/python3.7/site-packages/airflow/example_dags/example_xcomargs.py
[2022-08-11 09:56:40,109] {logging_mixin.py:115} INFO - [2022-08-11 09:56:40,108] {dag.py:2420} INFO - Sync 2 DAGs
[2022-08-11 09:56:40,126] {logging_mixin.py:115} INFO - [2022-08-11 09:56:40,126] {dag.py:2972} INFO - Setting next_dagrun for example_xcom_args to None, run_after=None
[2022-08-11 09:56:40,126] {logging_mixin.py:115} INFO - [2022-08-11 09:56:40,126] {dag.py:2972} INFO - Setting next_dagrun for example_xcom_args_with_operators to None, run_after=None
[2022-08-11 09:56:40,140] {processor.py:161} INFO - Processing /Users/pro/Documents/a_env/proj_data/lib/python3.7/site-packages/airflow/example_dags/example_xcomargs.py took 0.085 seconds
[2022-08-11 09:57:12,899] {processor.py:153} INFO - Started process (PID=51670) to work on /Users/pro/Documents/a_env/proj_data/lib/python3.7/site-packages/airflow/example_dags/example_xcomargs.py
[2022-08-11 09:57:12,901] {processor.py:641} INFO - Processing file /Users/pro/Documents/a_env/proj_data/lib/python3.7/site-packages/airflow/example_dags/example_xcomargs.py for tasks to queue
[2022-08-11 09:57:12,903] {logging_mixin.py:115} INFO - [2022-08-11 09:57:12,902] {dagbag.py:508} INFO - Filling up the DagBag from /Users/pro/Documents/a_env/proj_data/lib/python3.7/site-packages/airflow/example_dags/example_xcomargs.py
[2022-08-11 09:57:12,929] {processor.py:651} INFO - DAG(s) dict_keys(['example_xcom_args', 'example_xcom_args_with_operators']) retrieved from /Users/pro/Documents/a_env/proj_data/lib/python3.7/site-packages/airflow/example_dags/example_xcomargs.py
[2022-08-11 09:57:12,987] {logging_mixin.py:115} INFO - [2022-08-11 09:57:12,987] {dag.py:2420} INFO - Sync 2 DAGs
[2022-08-11 09:57:13,004] {logging_mixin.py:115} INFO - [2022-08-11 09:57:13,004] {dag.py:2972} INFO - Setting next_dagrun for example_xcom_args to None, run_after=None
[2022-08-11 09:57:13,005] {logging_mixin.py:115} INFO - [2022-08-11 09:57:13,005] {dag.py:2972} INFO - Setting next_dagrun for example_xcom_args_with_operators to None, run_after=None
[2022-08-11 09:57:13,133] {processor.py:161} INFO - Processing /Users/pro/Documents/a_env/proj_data/lib/python3.7/site-packages/airflow/example_dags/example_xcomargs.py took 0.239 seconds
[2022-08-11 09:57:46,122] {processor.py:153} INFO - Started process (PID=51707) to work on /Users/pro/Documents/a_env/proj_data/lib/python3.7/site-packages/airflow/example_dags/example_xcomargs.py
[2022-08-11 09:57:46,123] {processor.py:641} INFO - Processing file /Users/pro/Documents/a_env/proj_data/lib/python3.7/site-packages/airflow/example_dags/example_xcomargs.py for tasks to queue
[2022-08-11 09:57:46,123] {logging_mixin.py:115} INFO - [2022-08-11 09:57:46,123] {dagbag.py:508} INFO - Filling up the DagBag from /Users/pro/Documents/a_env/proj_data/lib/python3.7/site-packages/airflow/example_dags/example_xcomargs.py
[2022-08-11 09:57:46,147] {processor.py:651} INFO - DAG(s) dict_keys(['example_xcom_args', 'example_xcom_args_with_operators']) retrieved from /Users/pro/Documents/a_env/proj_data/lib/python3.7/site-packages/airflow/example_dags/example_xcomargs.py
[2022-08-11 09:57:46,167] {logging_mixin.py:115} INFO - [2022-08-11 09:57:46,167] {dag.py:2420} INFO - Sync 2 DAGs
[2022-08-11 09:57:46,185] {logging_mixin.py:115} INFO - [2022-08-11 09:57:46,184] {dag.py:2972} INFO - Setting next_dagrun for example_xcom_args to None, run_after=None
[2022-08-11 09:57:46,185] {logging_mixin.py:115} INFO - [2022-08-11 09:57:46,185] {dag.py:2972} INFO - Setting next_dagrun for example_xcom_args_with_operators to None, run_after=None
[2022-08-11 09:57:46,197] {processor.py:161} INFO - Processing /Users/pro/Documents/a_env/proj_data/lib/python3.7/site-packages/airflow/example_dags/example_xcomargs.py took 0.080 seconds
[2022-08-11 09:58:20,666] {processor.py:153} INFO - Started process (PID=51742) to work on /Users/pro/Documents/a_env/proj_data/lib/python3.7/site-packages/airflow/example_dags/example_xcomargs.py
[2022-08-11 09:58:20,667] {processor.py:641} INFO - Processing file /Users/pro/Documents/a_env/proj_data/lib/python3.7/site-packages/airflow/example_dags/example_xcomargs.py for tasks to queue
[2022-08-11 09:58:20,668] {logging_mixin.py:115} INFO - [2022-08-11 09:58:20,668] {dagbag.py:508} INFO - Filling up the DagBag from /Users/pro/Documents/a_env/proj_data/lib/python3.7/site-packages/airflow/example_dags/example_xcomargs.py
[2022-08-11 09:58:20,692] {processor.py:651} INFO - DAG(s) dict_keys(['example_xcom_args', 'example_xcom_args_with_operators']) retrieved from /Users/pro/Documents/a_env/proj_data/lib/python3.7/site-packages/airflow/example_dags/example_xcomargs.py
[2022-08-11 09:58:20,751] {logging_mixin.py:115} INFO - [2022-08-11 09:58:20,751] {dag.py:2420} INFO - Sync 2 DAGs
[2022-08-11 09:58:20,767] {logging_mixin.py:115} INFO - [2022-08-11 09:58:20,767] {dag.py:2972} INFO - Setting next_dagrun for example_xcom_args to None, run_after=None
[2022-08-11 09:58:20,768] {logging_mixin.py:115} INFO - [2022-08-11 09:58:20,767] {dag.py:2972} INFO - Setting next_dagrun for example_xcom_args_with_operators to None, run_after=None
[2022-08-11 09:58:20,892] {processor.py:161} INFO - Processing /Users/pro/Documents/a_env/proj_data/lib/python3.7/site-packages/airflow/example_dags/example_xcomargs.py took 0.231 seconds
[2022-08-11 09:58:56,328] {processor.py:153} INFO - Started process (PID=51778) to work on /Users/pro/Documents/a_env/proj_data/lib/python3.7/site-packages/airflow/example_dags/example_xcomargs.py
[2022-08-11 09:58:56,329] {processor.py:641} INFO - Processing file /Users/pro/Documents/a_env/proj_data/lib/python3.7/site-packages/airflow/example_dags/example_xcomargs.py for tasks to queue
[2022-08-11 09:58:56,330] {logging_mixin.py:115} INFO - [2022-08-11 09:58:56,330] {dagbag.py:508} INFO - Filling up the DagBag from /Users/pro/Documents/a_env/proj_data/lib/python3.7/site-packages/airflow/example_dags/example_xcomargs.py
[2022-08-11 09:58:56,356] {processor.py:651} INFO - DAG(s) dict_keys(['example_xcom_args', 'example_xcom_args_with_operators']) retrieved from /Users/pro/Documents/a_env/proj_data/lib/python3.7/site-packages/airflow/example_dags/example_xcomargs.py
[2022-08-11 09:58:56,415] {logging_mixin.py:115} INFO - [2022-08-11 09:58:56,414] {dag.py:2420} INFO - Sync 2 DAGs
[2022-08-11 09:58:56,431] {logging_mixin.py:115} INFO - [2022-08-11 09:58:56,431] {dag.py:2972} INFO - Setting next_dagrun for example_xcom_args to None, run_after=None
[2022-08-11 09:58:56,432] {logging_mixin.py:115} INFO - [2022-08-11 09:58:56,432] {dag.py:2972} INFO - Setting next_dagrun for example_xcom_args_with_operators to None, run_after=None
[2022-08-11 09:58:56,561] {processor.py:161} INFO - Processing /Users/pro/Documents/a_env/proj_data/lib/python3.7/site-packages/airflow/example_dags/example_xcomargs.py took 0.238 seconds
[2022-08-11 09:59:32,705] {processor.py:153} INFO - Started process (PID=51829) to work on /Users/pro/Documents/a_env/proj_data/lib/python3.7/site-packages/airflow/example_dags/example_xcomargs.py
[2022-08-11 09:59:32,708] {processor.py:641} INFO - Processing file /Users/pro/Documents/a_env/proj_data/lib/python3.7/site-packages/airflow/example_dags/example_xcomargs.py for tasks to queue
[2022-08-11 09:59:32,709] {logging_mixin.py:115} INFO - [2022-08-11 09:59:32,709] {dagbag.py:508} INFO - Filling up the DagBag from /Users/pro/Documents/a_env/proj_data/lib/python3.7/site-packages/airflow/example_dags/example_xcomargs.py
[2022-08-11 09:59:32,738] {processor.py:651} INFO - DAG(s) dict_keys(['example_xcom_args', 'example_xcom_args_with_operators']) retrieved from /Users/pro/Documents/a_env/proj_data/lib/python3.7/site-packages/airflow/example_dags/example_xcomargs.py
[2022-08-11 09:59:32,795] {logging_mixin.py:115} INFO - [2022-08-11 09:59:32,795] {dag.py:2420} INFO - Sync 2 DAGs
[2022-08-11 09:59:32,811] {logging_mixin.py:115} INFO - [2022-08-11 09:59:32,810] {dag.py:2972} INFO - Setting next_dagrun for example_xcom_args to None, run_after=None
[2022-08-11 09:59:32,811] {logging_mixin.py:115} INFO - [2022-08-11 09:59:32,811] {dag.py:2972} INFO - Setting next_dagrun for example_xcom_args_with_operators to None, run_after=None
[2022-08-11 09:59:32,946] {processor.py:161} INFO - Processing /Users/pro/Documents/a_env/proj_data/lib/python3.7/site-packages/airflow/example_dags/example_xcomargs.py took 0.246 seconds
[2022-08-11 10:00:07,995] {processor.py:153} INFO - Started process (PID=51863) to work on /Users/pro/Documents/a_env/proj_data/lib/python3.7/site-packages/airflow/example_dags/example_xcomargs.py
[2022-08-11 10:00:07,996] {processor.py:641} INFO - Processing file /Users/pro/Documents/a_env/proj_data/lib/python3.7/site-packages/airflow/example_dags/example_xcomargs.py for tasks to queue
[2022-08-11 10:00:07,997] {logging_mixin.py:115} INFO - [2022-08-11 10:00:07,996] {dagbag.py:508} INFO - Filling up the DagBag from /Users/pro/Documents/a_env/proj_data/lib/python3.7/site-packages/airflow/example_dags/example_xcomargs.py
[2022-08-11 10:00:08,023] {processor.py:651} INFO - DAG(s) dict_keys(['example_xcom_args', 'example_xcom_args_with_operators']) retrieved from /Users/pro/Documents/a_env/proj_data/lib/python3.7/site-packages/airflow/example_dags/example_xcomargs.py
[2022-08-11 10:00:08,044] {logging_mixin.py:115} INFO - [2022-08-11 10:00:08,044] {dag.py:2420} INFO - Sync 2 DAGs
[2022-08-11 10:00:08,062] {logging_mixin.py:115} INFO - [2022-08-11 10:00:08,061] {dag.py:2972} INFO - Setting next_dagrun for example_xcom_args to None, run_after=None
[2022-08-11 10:00:08,062] {logging_mixin.py:115} INFO - [2022-08-11 10:00:08,062] {dag.py:2972} INFO - Setting next_dagrun for example_xcom_args_with_operators to None, run_after=None
[2022-08-11 10:00:08,079] {processor.py:161} INFO - Processing /Users/pro/Documents/a_env/proj_data/lib/python3.7/site-packages/airflow/example_dags/example_xcomargs.py took 0.090 seconds
[2022-08-11 10:00:39,838] {processor.py:153} INFO - Started process (PID=51915) to work on /Users/pro/Documents/a_env/proj_data/lib/python3.7/site-packages/airflow/example_dags/example_xcomargs.py
[2022-08-11 10:00:39,839] {processor.py:641} INFO - Processing file /Users/pro/Documents/a_env/proj_data/lib/python3.7/site-packages/airflow/example_dags/example_xcomargs.py for tasks to queue
[2022-08-11 10:00:39,840] {logging_mixin.py:115} INFO - [2022-08-11 10:00:39,839] {dagbag.py:508} INFO - Filling up the DagBag from /Users/pro/Documents/a_env/proj_data/lib/python3.7/site-packages/airflow/example_dags/example_xcomargs.py
[2022-08-11 10:00:39,863] {processor.py:651} INFO - DAG(s) dict_keys(['example_xcom_args', 'example_xcom_args_with_operators']) retrieved from /Users/pro/Documents/a_env/proj_data/lib/python3.7/site-packages/airflow/example_dags/example_xcomargs.py
[2022-08-11 10:00:39,924] {logging_mixin.py:115} INFO - [2022-08-11 10:00:39,923] {dag.py:2420} INFO - Sync 2 DAGs
[2022-08-11 10:00:39,941] {logging_mixin.py:115} INFO - [2022-08-11 10:00:39,940] {dag.py:2972} INFO - Setting next_dagrun for example_xcom_args to None, run_after=None
[2022-08-11 10:00:39,941] {logging_mixin.py:115} INFO - [2022-08-11 10:00:39,941] {dag.py:2972} INFO - Setting next_dagrun for example_xcom_args_with_operators to None, run_after=None
[2022-08-11 10:00:40,100] {processor.py:161} INFO - Processing /Users/pro/Documents/a_env/proj_data/lib/python3.7/site-packages/airflow/example_dags/example_xcomargs.py took 0.266 seconds
[2022-08-11 10:01:14,336] {processor.py:153} INFO - Started process (PID=51953) to work on /Users/pro/Documents/a_env/proj_data/lib/python3.7/site-packages/airflow/example_dags/example_xcomargs.py
[2022-08-11 10:01:14,337] {processor.py:641} INFO - Processing file /Users/pro/Documents/a_env/proj_data/lib/python3.7/site-packages/airflow/example_dags/example_xcomargs.py for tasks to queue
[2022-08-11 10:01:14,338] {logging_mixin.py:115} INFO - [2022-08-11 10:01:14,338] {dagbag.py:508} INFO - Filling up the DagBag from /Users/pro/Documents/a_env/proj_data/lib/python3.7/site-packages/airflow/example_dags/example_xcomargs.py
[2022-08-11 10:01:14,361] {processor.py:651} INFO - DAG(s) dict_keys(['example_xcom_args', 'example_xcom_args_with_operators']) retrieved from /Users/pro/Documents/a_env/proj_data/lib/python3.7/site-packages/airflow/example_dags/example_xcomargs.py
[2022-08-11 10:01:14,381] {logging_mixin.py:115} INFO - [2022-08-11 10:01:14,381] {dag.py:2420} INFO - Sync 2 DAGs
[2022-08-11 10:01:14,399] {logging_mixin.py:115} INFO - [2022-08-11 10:01:14,398] {dag.py:2972} INFO - Setting next_dagrun for example_xcom_args to None, run_after=None
[2022-08-11 10:01:14,399] {logging_mixin.py:115} INFO - [2022-08-11 10:01:14,399] {dag.py:2972} INFO - Setting next_dagrun for example_xcom_args_with_operators to None, run_after=None
[2022-08-11 10:01:14,411] {processor.py:161} INFO - Processing /Users/pro/Documents/a_env/proj_data/lib/python3.7/site-packages/airflow/example_dags/example_xcomargs.py took 0.080 seconds
[2022-08-11 10:01:48,228] {processor.py:153} INFO - Started process (PID=51987) to work on /Users/pro/Documents/a_env/proj_data/lib/python3.7/site-packages/airflow/example_dags/example_xcomargs.py
[2022-08-11 10:01:48,229] {processor.py:641} INFO - Processing file /Users/pro/Documents/a_env/proj_data/lib/python3.7/site-packages/airflow/example_dags/example_xcomargs.py for tasks to queue
[2022-08-11 10:01:48,230] {logging_mixin.py:115} INFO - [2022-08-11 10:01:48,230] {dagbag.py:508} INFO - Filling up the DagBag from /Users/pro/Documents/a_env/proj_data/lib/python3.7/site-packages/airflow/example_dags/example_xcomargs.py
[2022-08-11 10:01:48,251] {processor.py:651} INFO - DAG(s) dict_keys(['example_xcom_args', 'example_xcom_args_with_operators']) retrieved from /Users/pro/Documents/a_env/proj_data/lib/python3.7/site-packages/airflow/example_dags/example_xcomargs.py
[2022-08-11 10:01:48,274] {logging_mixin.py:115} INFO - [2022-08-11 10:01:48,273] {dag.py:2420} INFO - Sync 2 DAGs
[2022-08-11 10:01:48,291] {logging_mixin.py:115} INFO - [2022-08-11 10:01:48,291] {dag.py:2972} INFO - Setting next_dagrun for example_xcom_args to None, run_after=None
[2022-08-11 10:01:48,292] {logging_mixin.py:115} INFO - [2022-08-11 10:01:48,291] {dag.py:2972} INFO - Setting next_dagrun for example_xcom_args_with_operators to None, run_after=None
[2022-08-11 10:01:48,303] {processor.py:161} INFO - Processing /Users/pro/Documents/a_env/proj_data/lib/python3.7/site-packages/airflow/example_dags/example_xcomargs.py took 0.080 seconds
[2022-08-11 10:02:24,484] {processor.py:153} INFO - Started process (PID=52026) to work on /Users/pro/Documents/a_env/proj_data/lib/python3.7/site-packages/airflow/example_dags/example_xcomargs.py
[2022-08-11 10:02:24,485] {processor.py:641} INFO - Processing file /Users/pro/Documents/a_env/proj_data/lib/python3.7/site-packages/airflow/example_dags/example_xcomargs.py for tasks to queue
[2022-08-11 10:02:24,486] {logging_mixin.py:115} INFO - [2022-08-11 10:02:24,486] {dagbag.py:508} INFO - Filling up the DagBag from /Users/pro/Documents/a_env/proj_data/lib/python3.7/site-packages/airflow/example_dags/example_xcomargs.py
[2022-08-11 10:02:24,508] {processor.py:651} INFO - DAG(s) dict_keys(['example_xcom_args', 'example_xcom_args_with_operators']) retrieved from /Users/pro/Documents/a_env/proj_data/lib/python3.7/site-packages/airflow/example_dags/example_xcomargs.py
[2022-08-11 10:02:24,529] {logging_mixin.py:115} INFO - [2022-08-11 10:02:24,529] {dag.py:2420} INFO - Sync 2 DAGs
[2022-08-11 10:02:24,548] {logging_mixin.py:115} INFO - [2022-08-11 10:02:24,548] {dag.py:2972} INFO - Setting next_dagrun for example_xcom_args to None, run_after=None
[2022-08-11 10:02:24,549] {logging_mixin.py:115} INFO - [2022-08-11 10:02:24,549] {dag.py:2972} INFO - Setting next_dagrun for example_xcom_args_with_operators to None, run_after=None
[2022-08-11 10:02:24,561] {processor.py:161} INFO - Processing /Users/pro/Documents/a_env/proj_data/lib/python3.7/site-packages/airflow/example_dags/example_xcomargs.py took 0.081 seconds
[2022-08-11 10:02:59,307] {processor.py:153} INFO - Started process (PID=52065) to work on /Users/pro/Documents/a_env/proj_data/lib/python3.7/site-packages/airflow/example_dags/example_xcomargs.py
[2022-08-11 10:02:59,308] {processor.py:641} INFO - Processing file /Users/pro/Documents/a_env/proj_data/lib/python3.7/site-packages/airflow/example_dags/example_xcomargs.py for tasks to queue
[2022-08-11 10:02:59,309] {logging_mixin.py:115} INFO - [2022-08-11 10:02:59,308] {dagbag.py:508} INFO - Filling up the DagBag from /Users/pro/Documents/a_env/proj_data/lib/python3.7/site-packages/airflow/example_dags/example_xcomargs.py
[2022-08-11 10:02:59,331] {processor.py:651} INFO - DAG(s) dict_keys(['example_xcom_args', 'example_xcom_args_with_operators']) retrieved from /Users/pro/Documents/a_env/proj_data/lib/python3.7/site-packages/airflow/example_dags/example_xcomargs.py
[2022-08-11 10:02:59,353] {logging_mixin.py:115} INFO - [2022-08-11 10:02:59,352] {dag.py:2420} INFO - Sync 2 DAGs
[2022-08-11 10:02:59,371] {logging_mixin.py:115} INFO - [2022-08-11 10:02:59,371] {dag.py:2972} INFO - Setting next_dagrun for example_xcom_args to None, run_after=None
[2022-08-11 10:02:59,372] {logging_mixin.py:115} INFO - [2022-08-11 10:02:59,371] {dag.py:2972} INFO - Setting next_dagrun for example_xcom_args_with_operators to None, run_after=None
[2022-08-11 10:02:59,384] {processor.py:161} INFO - Processing /Users/pro/Documents/a_env/proj_data/lib/python3.7/site-packages/airflow/example_dags/example_xcomargs.py took 0.081 seconds
[2022-08-11 10:03:34,568] {processor.py:153} INFO - Started process (PID=52101) to work on /Users/pro/Documents/a_env/proj_data/lib/python3.7/site-packages/airflow/example_dags/example_xcomargs.py
[2022-08-11 10:03:34,570] {processor.py:641} INFO - Processing file /Users/pro/Documents/a_env/proj_data/lib/python3.7/site-packages/airflow/example_dags/example_xcomargs.py for tasks to queue
[2022-08-11 10:03:34,571] {logging_mixin.py:115} INFO - [2022-08-11 10:03:34,571] {dagbag.py:508} INFO - Filling up the DagBag from /Users/pro/Documents/a_env/proj_data/lib/python3.7/site-packages/airflow/example_dags/example_xcomargs.py
[2022-08-11 10:03:34,595] {processor.py:651} INFO - DAG(s) dict_keys(['example_xcom_args', 'example_xcom_args_with_operators']) retrieved from /Users/pro/Documents/a_env/proj_data/lib/python3.7/site-packages/airflow/example_dags/example_xcomargs.py
[2022-08-11 10:03:34,618] {logging_mixin.py:115} INFO - [2022-08-11 10:03:34,617] {dag.py:2420} INFO - Sync 2 DAGs
[2022-08-11 10:03:34,635] {logging_mixin.py:115} INFO - [2022-08-11 10:03:34,634] {dag.py:2972} INFO - Setting next_dagrun for example_xcom_args to None, run_after=None
[2022-08-11 10:03:34,635] {logging_mixin.py:115} INFO - [2022-08-11 10:03:34,635] {dag.py:2972} INFO - Setting next_dagrun for example_xcom_args_with_operators to None, run_after=None
[2022-08-11 10:03:34,653] {processor.py:161} INFO - Processing /Users/pro/Documents/a_env/proj_data/lib/python3.7/site-packages/airflow/example_dags/example_xcomargs.py took 0.090 seconds
[2022-08-11 10:04:06,393] {processor.py:153} INFO - Started process (PID=52135) to work on /Users/pro/Documents/a_env/proj_data/lib/python3.7/site-packages/airflow/example_dags/example_xcomargs.py
[2022-08-11 10:04:06,394] {processor.py:641} INFO - Processing file /Users/pro/Documents/a_env/proj_data/lib/python3.7/site-packages/airflow/example_dags/example_xcomargs.py for tasks to queue
[2022-08-11 10:04:06,395] {logging_mixin.py:115} INFO - [2022-08-11 10:04:06,395] {dagbag.py:508} INFO - Filling up the DagBag from /Users/pro/Documents/a_env/proj_data/lib/python3.7/site-packages/airflow/example_dags/example_xcomargs.py
[2022-08-11 10:04:06,417] {processor.py:651} INFO - DAG(s) dict_keys(['example_xcom_args', 'example_xcom_args_with_operators']) retrieved from /Users/pro/Documents/a_env/proj_data/lib/python3.7/site-packages/airflow/example_dags/example_xcomargs.py
[2022-08-11 10:04:06,438] {logging_mixin.py:115} INFO - [2022-08-11 10:04:06,438] {dag.py:2420} INFO - Sync 2 DAGs
[2022-08-11 10:04:06,455] {logging_mixin.py:115} INFO - [2022-08-11 10:04:06,455] {dag.py:2972} INFO - Setting next_dagrun for example_xcom_args to None, run_after=None
[2022-08-11 10:04:06,455] {logging_mixin.py:115} INFO - [2022-08-11 10:04:06,455] {dag.py:2972} INFO - Setting next_dagrun for example_xcom_args_with_operators to None, run_after=None
[2022-08-11 10:04:06,468] {processor.py:161} INFO - Processing /Users/pro/Documents/a_env/proj_data/lib/python3.7/site-packages/airflow/example_dags/example_xcomargs.py took 0.079 seconds
[2022-08-11 10:18:36,858] {processor.py:153} INFO - Started process (PID=52177) to work on /Users/pro/Documents/a_env/proj_data/lib/python3.7/site-packages/airflow/example_dags/example_xcomargs.py
[2022-08-11 10:18:36,860] {processor.py:641} INFO - Processing file /Users/pro/Documents/a_env/proj_data/lib/python3.7/site-packages/airflow/example_dags/example_xcomargs.py for tasks to queue
[2022-08-11 10:18:36,862] {logging_mixin.py:115} INFO - [2022-08-11 10:18:36,861] {dagbag.py:508} INFO - Filling up the DagBag from /Users/pro/Documents/a_env/proj_data/lib/python3.7/site-packages/airflow/example_dags/example_xcomargs.py
[2022-08-11 10:18:36,885] {processor.py:651} INFO - DAG(s) dict_keys(['example_xcom_args', 'example_xcom_args_with_operators']) retrieved from /Users/pro/Documents/a_env/proj_data/lib/python3.7/site-packages/airflow/example_dags/example_xcomargs.py
[2022-08-11 10:18:36,940] {logging_mixin.py:115} INFO - [2022-08-11 10:18:36,940] {dag.py:2420} INFO - Sync 2 DAGs
[2022-08-11 10:18:37,063] {logging_mixin.py:115} INFO - [2022-08-11 10:18:37,063] {dag.py:2972} INFO - Setting next_dagrun for example_xcom_args to None, run_after=None
[2022-08-11 10:18:37,064] {logging_mixin.py:115} INFO - [2022-08-11 10:18:37,063] {dag.py:2972} INFO - Setting next_dagrun for example_xcom_args_with_operators to None, run_after=None
[2022-08-11 10:18:37,080] {processor.py:161} INFO - Processing /Users/pro/Documents/a_env/proj_data/lib/python3.7/site-packages/airflow/example_dags/example_xcomargs.py took 0.227 seconds
[2022-08-11 10:23:05,559] {processor.py:153} INFO - Started process (PID=52250) to work on /Users/pro/Documents/a_env/proj_data/lib/python3.7/site-packages/airflow/example_dags/example_xcomargs.py
[2022-08-11 10:23:05,561] {processor.py:641} INFO - Processing file /Users/pro/Documents/a_env/proj_data/lib/python3.7/site-packages/airflow/example_dags/example_xcomargs.py for tasks to queue
[2022-08-11 10:23:05,564] {logging_mixin.py:115} INFO - [2022-08-11 10:23:05,563] {dagbag.py:508} INFO - Filling up the DagBag from /Users/pro/Documents/a_env/proj_data/lib/python3.7/site-packages/airflow/example_dags/example_xcomargs.py
[2022-08-11 10:23:05,597] {processor.py:651} INFO - DAG(s) dict_keys(['example_xcom_args', 'example_xcom_args_with_operators']) retrieved from /Users/pro/Documents/a_env/proj_data/lib/python3.7/site-packages/airflow/example_dags/example_xcomargs.py
[2022-08-11 10:23:05,627] {logging_mixin.py:115} INFO - [2022-08-11 10:23:05,627] {dag.py:2420} INFO - Sync 2 DAGs
[2022-08-11 10:23:05,649] {logging_mixin.py:115} INFO - [2022-08-11 10:23:05,649] {dag.py:2972} INFO - Setting next_dagrun for example_xcom_args to None, run_after=None
[2022-08-11 10:23:05,650] {logging_mixin.py:115} INFO - [2022-08-11 10:23:05,649] {dag.py:2972} INFO - Setting next_dagrun for example_xcom_args_with_operators to None, run_after=None
[2022-08-11 10:23:05,663] {processor.py:161} INFO - Processing /Users/pro/Documents/a_env/proj_data/lib/python3.7/site-packages/airflow/example_dags/example_xcomargs.py took 0.111 seconds
[2022-08-11 10:23:40,709] {processor.py:153} INFO - Started process (PID=52308) to work on /Users/pro/Documents/a_env/proj_data/lib/python3.7/site-packages/airflow/example_dags/example_xcomargs.py
[2022-08-11 10:23:40,710] {processor.py:641} INFO - Processing file /Users/pro/Documents/a_env/proj_data/lib/python3.7/site-packages/airflow/example_dags/example_xcomargs.py for tasks to queue
[2022-08-11 10:23:40,711] {logging_mixin.py:115} INFO - [2022-08-11 10:23:40,711] {dagbag.py:508} INFO - Filling up the DagBag from /Users/pro/Documents/a_env/proj_data/lib/python3.7/site-packages/airflow/example_dags/example_xcomargs.py
[2022-08-11 10:23:40,737] {processor.py:651} INFO - DAG(s) dict_keys(['example_xcom_args', 'example_xcom_args_with_operators']) retrieved from /Users/pro/Documents/a_env/proj_data/lib/python3.7/site-packages/airflow/example_dags/example_xcomargs.py
[2022-08-11 10:23:40,799] {logging_mixin.py:115} INFO - [2022-08-11 10:23:40,799] {dag.py:2420} INFO - Sync 2 DAGs
[2022-08-11 10:23:40,945] {logging_mixin.py:115} INFO - [2022-08-11 10:23:40,945] {dag.py:2972} INFO - Setting next_dagrun for example_xcom_args to None, run_after=None
[2022-08-11 10:23:40,946] {logging_mixin.py:115} INFO - [2022-08-11 10:23:40,945] {dag.py:2972} INFO - Setting next_dagrun for example_xcom_args_with_operators to None, run_after=None
[2022-08-11 10:23:40,959] {processor.py:161} INFO - Processing /Users/pro/Documents/a_env/proj_data/lib/python3.7/site-packages/airflow/example_dags/example_xcomargs.py took 0.255 seconds
[2022-08-11 10:24:17,139] {processor.py:153} INFO - Started process (PID=52417) to work on /Users/pro/Documents/a_env/proj_data/lib/python3.7/site-packages/airflow/example_dags/example_xcomargs.py
[2022-08-11 10:24:17,140] {processor.py:641} INFO - Processing file /Users/pro/Documents/a_env/proj_data/lib/python3.7/site-packages/airflow/example_dags/example_xcomargs.py for tasks to queue
[2022-08-11 10:24:17,141] {logging_mixin.py:115} INFO - [2022-08-11 10:24:17,141] {dagbag.py:508} INFO - Filling up the DagBag from /Users/pro/Documents/a_env/proj_data/lib/python3.7/site-packages/airflow/example_dags/example_xcomargs.py
[2022-08-11 10:24:17,167] {processor.py:651} INFO - DAG(s) dict_keys(['example_xcom_args', 'example_xcom_args_with_operators']) retrieved from /Users/pro/Documents/a_env/proj_data/lib/python3.7/site-packages/airflow/example_dags/example_xcomargs.py
[2022-08-11 10:24:17,194] {logging_mixin.py:115} INFO - [2022-08-11 10:24:17,194] {dag.py:2420} INFO - Sync 2 DAGs
[2022-08-11 10:24:17,216] {logging_mixin.py:115} INFO - [2022-08-11 10:24:17,215] {dag.py:2972} INFO - Setting next_dagrun for example_xcom_args to None, run_after=None
[2022-08-11 10:24:17,217] {logging_mixin.py:115} INFO - [2022-08-11 10:24:17,216] {dag.py:2972} INFO - Setting next_dagrun for example_xcom_args_with_operators to None, run_after=None
[2022-08-11 10:24:17,258] {processor.py:161} INFO - Processing /Users/pro/Documents/a_env/proj_data/lib/python3.7/site-packages/airflow/example_dags/example_xcomargs.py took 0.126 seconds
[2022-08-11 10:24:53,385] {processor.py:153} INFO - Started process (PID=52465) to work on /Users/pro/Documents/a_env/proj_data/lib/python3.7/site-packages/airflow/example_dags/example_xcomargs.py
[2022-08-11 10:24:53,386] {processor.py:641} INFO - Processing file /Users/pro/Documents/a_env/proj_data/lib/python3.7/site-packages/airflow/example_dags/example_xcomargs.py for tasks to queue
[2022-08-11 10:24:53,388] {logging_mixin.py:115} INFO - [2022-08-11 10:24:53,387] {dagbag.py:508} INFO - Filling up the DagBag from /Users/pro/Documents/a_env/proj_data/lib/python3.7/site-packages/airflow/example_dags/example_xcomargs.py
[2022-08-11 10:24:53,414] {processor.py:651} INFO - DAG(s) dict_keys(['example_xcom_args', 'example_xcom_args_with_operators']) retrieved from /Users/pro/Documents/a_env/proj_data/lib/python3.7/site-packages/airflow/example_dags/example_xcomargs.py
[2022-08-11 10:24:53,439] {logging_mixin.py:115} INFO - [2022-08-11 10:24:53,439] {dag.py:2420} INFO - Sync 2 DAGs
[2022-08-11 10:24:53,459] {logging_mixin.py:115} INFO - [2022-08-11 10:24:53,459] {dag.py:2972} INFO - Setting next_dagrun for example_xcom_args to None, run_after=None
[2022-08-11 10:24:53,460] {logging_mixin.py:115} INFO - [2022-08-11 10:24:53,460] {dag.py:2972} INFO - Setting next_dagrun for example_xcom_args_with_operators to None, run_after=None
[2022-08-11 10:24:53,473] {processor.py:161} INFO - Processing /Users/pro/Documents/a_env/proj_data/lib/python3.7/site-packages/airflow/example_dags/example_xcomargs.py took 0.092 seconds
[2022-08-11 10:25:29,776] {processor.py:153} INFO - Started process (PID=52506) to work on /Users/pro/Documents/a_env/proj_data/lib/python3.7/site-packages/airflow/example_dags/example_xcomargs.py
[2022-08-11 10:25:29,777] {processor.py:641} INFO - Processing file /Users/pro/Documents/a_env/proj_data/lib/python3.7/site-packages/airflow/example_dags/example_xcomargs.py for tasks to queue
[2022-08-11 10:25:29,779] {logging_mixin.py:115} INFO - [2022-08-11 10:25:29,778] {dagbag.py:508} INFO - Filling up the DagBag from /Users/pro/Documents/a_env/proj_data/lib/python3.7/site-packages/airflow/example_dags/example_xcomargs.py
[2022-08-11 10:25:29,807] {processor.py:651} INFO - DAG(s) dict_keys(['example_xcom_args', 'example_xcom_args_with_operators']) retrieved from /Users/pro/Documents/a_env/proj_data/lib/python3.7/site-packages/airflow/example_dags/example_xcomargs.py
[2022-08-11 10:25:29,864] {logging_mixin.py:115} INFO - [2022-08-11 10:25:29,863] {dag.py:2420} INFO - Sync 2 DAGs
[2022-08-11 10:25:29,894] {logging_mixin.py:115} INFO - [2022-08-11 10:25:29,894] {dag.py:2972} INFO - Setting next_dagrun for example_xcom_args to None, run_after=None
[2022-08-11 10:25:29,895] {logging_mixin.py:115} INFO - [2022-08-11 10:25:29,895] {dag.py:2972} INFO - Setting next_dagrun for example_xcom_args_with_operators to None, run_after=None
[2022-08-11 10:25:29,918] {processor.py:161} INFO - Processing /Users/pro/Documents/a_env/proj_data/lib/python3.7/site-packages/airflow/example_dags/example_xcomargs.py took 0.151 seconds
[2022-08-11 10:26:08,155] {processor.py:153} INFO - Started process (PID=52594) to work on /Users/pro/Documents/a_env/proj_data/lib/python3.7/site-packages/airflow/example_dags/example_xcomargs.py
[2022-08-11 10:26:08,156] {processor.py:641} INFO - Processing file /Users/pro/Documents/a_env/proj_data/lib/python3.7/site-packages/airflow/example_dags/example_xcomargs.py for tasks to queue
[2022-08-11 10:26:08,158] {logging_mixin.py:115} INFO - [2022-08-11 10:26:08,157] {dagbag.py:508} INFO - Filling up the DagBag from /Users/pro/Documents/a_env/proj_data/lib/python3.7/site-packages/airflow/example_dags/example_xcomargs.py
[2022-08-11 10:26:08,184] {processor.py:651} INFO - DAG(s) dict_keys(['example_xcom_args', 'example_xcom_args_with_operators']) retrieved from /Users/pro/Documents/a_env/proj_data/lib/python3.7/site-packages/airflow/example_dags/example_xcomargs.py
[2022-08-11 10:26:08,209] {logging_mixin.py:115} INFO - [2022-08-11 10:26:08,208] {dag.py:2420} INFO - Sync 2 DAGs
[2022-08-11 10:26:08,229] {logging_mixin.py:115} INFO - [2022-08-11 10:26:08,228] {dag.py:2972} INFO - Setting next_dagrun for example_xcom_args to None, run_after=None
[2022-08-11 10:26:08,230] {logging_mixin.py:115} INFO - [2022-08-11 10:26:08,229] {dag.py:2972} INFO - Setting next_dagrun for example_xcom_args_with_operators to None, run_after=None
[2022-08-11 10:26:08,242] {processor.py:161} INFO - Processing /Users/pro/Documents/a_env/proj_data/lib/python3.7/site-packages/airflow/example_dags/example_xcomargs.py took 0.092 seconds
[2022-08-11 10:26:48,569] {processor.py:153} INFO - Started process (PID=52643) to work on /Users/pro/Documents/a_env/proj_data/lib/python3.7/site-packages/airflow/example_dags/example_xcomargs.py
[2022-08-11 10:26:48,570] {processor.py:641} INFO - Processing file /Users/pro/Documents/a_env/proj_data/lib/python3.7/site-packages/airflow/example_dags/example_xcomargs.py for tasks to queue
[2022-08-11 10:26:48,571] {logging_mixin.py:115} INFO - [2022-08-11 10:26:48,571] {dagbag.py:508} INFO - Filling up the DagBag from /Users/pro/Documents/a_env/proj_data/lib/python3.7/site-packages/airflow/example_dags/example_xcomargs.py
[2022-08-11 10:26:48,603] {processor.py:651} INFO - DAG(s) dict_keys(['example_xcom_args', 'example_xcom_args_with_operators']) retrieved from /Users/pro/Documents/a_env/proj_data/lib/python3.7/site-packages/airflow/example_dags/example_xcomargs.py
[2022-08-11 10:26:48,636] {logging_mixin.py:115} INFO - [2022-08-11 10:26:48,635] {dag.py:2420} INFO - Sync 2 DAGs
[2022-08-11 10:26:48,658] {logging_mixin.py:115} INFO - [2022-08-11 10:26:48,658] {dag.py:2972} INFO - Setting next_dagrun for example_xcom_args to None, run_after=None
[2022-08-11 10:26:48,659] {logging_mixin.py:115} INFO - [2022-08-11 10:26:48,658] {dag.py:2972} INFO - Setting next_dagrun for example_xcom_args_with_operators to None, run_after=None
[2022-08-11 10:26:48,674] {processor.py:161} INFO - Processing /Users/pro/Documents/a_env/proj_data/lib/python3.7/site-packages/airflow/example_dags/example_xcomargs.py took 0.113 seconds
[2022-08-11 10:27:25,511] {processor.py:153} INFO - Started process (PID=52687) to work on /Users/pro/Documents/a_env/proj_data/lib/python3.7/site-packages/airflow/example_dags/example_xcomargs.py
[2022-08-11 10:27:25,513] {processor.py:641} INFO - Processing file /Users/pro/Documents/a_env/proj_data/lib/python3.7/site-packages/airflow/example_dags/example_xcomargs.py for tasks to queue
[2022-08-11 10:27:25,514] {logging_mixin.py:115} INFO - [2022-08-11 10:27:25,514] {dagbag.py:508} INFO - Filling up the DagBag from /Users/pro/Documents/a_env/proj_data/lib/python3.7/site-packages/airflow/example_dags/example_xcomargs.py
[2022-08-11 10:27:25,551] {processor.py:651} INFO - DAG(s) dict_keys(['example_xcom_args', 'example_xcom_args_with_operators']) retrieved from /Users/pro/Documents/a_env/proj_data/lib/python3.7/site-packages/airflow/example_dags/example_xcomargs.py
[2022-08-11 10:27:25,642] {logging_mixin.py:115} INFO - [2022-08-11 10:27:25,642] {dag.py:2420} INFO - Sync 2 DAGs
[2022-08-11 10:27:25,852] {logging_mixin.py:115} INFO - [2022-08-11 10:27:25,852] {dag.py:2972} INFO - Setting next_dagrun for example_xcom_args to None, run_after=None
[2022-08-11 10:27:25,853] {logging_mixin.py:115} INFO - [2022-08-11 10:27:25,853] {dag.py:2972} INFO - Setting next_dagrun for example_xcom_args_with_operators to None, run_after=None
[2022-08-11 10:27:25,872] {processor.py:161} INFO - Processing /Users/pro/Documents/a_env/proj_data/lib/python3.7/site-packages/airflow/example_dags/example_xcomargs.py took 0.370 seconds
[2022-08-11 10:28:15,177] {processor.py:153} INFO - Started process (PID=52750) to work on /Users/pro/Documents/a_env/proj_data/lib/python3.7/site-packages/airflow/example_dags/example_xcomargs.py
[2022-08-11 10:28:15,179] {processor.py:641} INFO - Processing file /Users/pro/Documents/a_env/proj_data/lib/python3.7/site-packages/airflow/example_dags/example_xcomargs.py for tasks to queue
[2022-08-11 10:28:15,180] {logging_mixin.py:115} INFO - [2022-08-11 10:28:15,179] {dagbag.py:508} INFO - Filling up the DagBag from /Users/pro/Documents/a_env/proj_data/lib/python3.7/site-packages/airflow/example_dags/example_xcomargs.py
[2022-08-11 10:28:15,222] {processor.py:651} INFO - DAG(s) dict_keys(['example_xcom_args', 'example_xcom_args_with_operators']) retrieved from /Users/pro/Documents/a_env/proj_data/lib/python3.7/site-packages/airflow/example_dags/example_xcomargs.py
[2022-08-11 10:28:15,307] {logging_mixin.py:115} INFO - [2022-08-11 10:28:15,307] {dag.py:2420} INFO - Sync 2 DAGs
[2022-08-11 10:28:15,578] {logging_mixin.py:115} INFO - [2022-08-11 10:28:15,577] {dag.py:2972} INFO - Setting next_dagrun for example_xcom_args to None, run_after=None
[2022-08-11 10:28:15,578] {logging_mixin.py:115} INFO - [2022-08-11 10:28:15,578] {dag.py:2972} INFO - Setting next_dagrun for example_xcom_args_with_operators to None, run_after=None
[2022-08-11 10:28:15,595] {processor.py:161} INFO - Processing /Users/pro/Documents/a_env/proj_data/lib/python3.7/site-packages/airflow/example_dags/example_xcomargs.py took 0.423 seconds
