[2022-08-11 08:16:35,238] {processor.py:153} INFO - Started process (PID=50750) to work on /Users/pro/Documents/a_env/proj_data/lib/python3.7/site-packages/airflow/example_dags/example_branch_datetime_operator.py
[2022-08-11 08:16:35,240] {processor.py:641} INFO - Processing file /Users/pro/Documents/a_env/proj_data/lib/python3.7/site-packages/airflow/example_dags/example_branch_datetime_operator.py for tasks to queue
[2022-08-11 08:16:35,242] {logging_mixin.py:115} INFO - [2022-08-11 08:16:35,241] {dagbag.py:508} INFO - Filling up the DagBag from /Users/pro/Documents/a_env/proj_data/lib/python3.7/site-packages/airflow/example_dags/example_branch_datetime_operator.py
[2022-08-11 08:16:35,269] {processor.py:651} INFO - DAG(s) dict_keys(['example_branch_datetime_operator', 'example_branch_datetime_operator_2']) retrieved from /Users/pro/Documents/a_env/proj_data/lib/python3.7/site-packages/airflow/example_dags/example_branch_datetime_operator.py
[2022-08-11 08:16:35,327] {logging_mixin.py:115} INFO - [2022-08-11 08:16:35,327] {dag.py:2420} INFO - Sync 2 DAGs
[2022-08-11 08:16:35,370] {logging_mixin.py:115} INFO - [2022-08-11 08:16:35,369] {dag.py:2972} INFO - Setting next_dagrun for example_branch_datetime_operator to 2022-08-10T00:00:00+00:00, run_after=2022-08-11T00:00:00+00:00
[2022-08-11 08:16:35,374] {logging_mixin.py:115} INFO - [2022-08-11 08:16:35,373] {dag.py:2972} INFO - Setting next_dagrun for example_branch_datetime_operator_2 to 2022-08-10T00:00:00+00:00, run_after=2022-08-11T00:00:00+00:00
[2022-08-11 08:16:35,398] {processor.py:161} INFO - Processing /Users/pro/Documents/a_env/proj_data/lib/python3.7/site-packages/airflow/example_dags/example_branch_datetime_operator.py took 0.168 seconds
[2022-08-11 09:45:49,951] {processor.py:153} INFO - Started process (PID=50916) to work on /Users/pro/Documents/a_env/proj_data/lib/python3.7/site-packages/airflow/example_dags/example_branch_datetime_operator.py
[2022-08-11 09:45:49,952] {processor.py:641} INFO - Processing file /Users/pro/Documents/a_env/proj_data/lib/python3.7/site-packages/airflow/example_dags/example_branch_datetime_operator.py for tasks to queue
[2022-08-11 09:45:49,953] {logging_mixin.py:115} INFO - [2022-08-11 09:45:49,953] {dagbag.py:508} INFO - Filling up the DagBag from /Users/pro/Documents/a_env/proj_data/lib/python3.7/site-packages/airflow/example_dags/example_branch_datetime_operator.py
[2022-08-11 09:45:49,967] {processor.py:651} INFO - DAG(s) dict_keys(['example_branch_datetime_operator', 'example_branch_datetime_operator_2']) retrieved from /Users/pro/Documents/a_env/proj_data/lib/python3.7/site-packages/airflow/example_dags/example_branch_datetime_operator.py
[2022-08-11 09:45:49,988] {logging_mixin.py:115} INFO - [2022-08-11 09:45:49,988] {dag.py:2420} INFO - Sync 2 DAGs
[2022-08-11 09:45:50,009] {logging_mixin.py:115} INFO - [2022-08-11 09:45:50,009] {dag.py:2972} INFO - Setting next_dagrun for example_branch_datetime_operator to 2022-08-10T00:00:00+00:00, run_after=2022-08-11T00:00:00+00:00
[2022-08-11 09:45:50,011] {logging_mixin.py:115} INFO - [2022-08-11 09:45:50,011] {dag.py:2972} INFO - Setting next_dagrun for example_branch_datetime_operator_2 to 2022-08-10T00:00:00+00:00, run_after=2022-08-11T00:00:00+00:00
[2022-08-11 09:45:50,024] {processor.py:161} INFO - Processing /Users/pro/Documents/a_env/proj_data/lib/python3.7/site-packages/airflow/example_dags/example_branch_datetime_operator.py took 0.078 seconds
[2022-08-11 09:46:28,646] {processor.py:153} INFO - Started process (PID=50967) to work on /Users/pro/Documents/a_env/proj_data/lib/python3.7/site-packages/airflow/example_dags/example_branch_datetime_operator.py
[2022-08-11 09:46:28,650] {processor.py:641} INFO - Processing file /Users/pro/Documents/a_env/proj_data/lib/python3.7/site-packages/airflow/example_dags/example_branch_datetime_operator.py for tasks to queue
[2022-08-11 09:46:28,651] {logging_mixin.py:115} INFO - [2022-08-11 09:46:28,651] {dagbag.py:508} INFO - Filling up the DagBag from /Users/pro/Documents/a_env/proj_data/lib/python3.7/site-packages/airflow/example_dags/example_branch_datetime_operator.py
[2022-08-11 09:46:28,665] {processor.py:651} INFO - DAG(s) dict_keys(['example_branch_datetime_operator', 'example_branch_datetime_operator_2']) retrieved from /Users/pro/Documents/a_env/proj_data/lib/python3.7/site-packages/airflow/example_dags/example_branch_datetime_operator.py
[2022-08-11 09:46:28,689] {logging_mixin.py:115} INFO - [2022-08-11 09:46:28,688] {dag.py:2420} INFO - Sync 2 DAGs
[2022-08-11 09:46:28,712] {logging_mixin.py:115} INFO - [2022-08-11 09:46:28,711] {dag.py:2972} INFO - Setting next_dagrun for example_branch_datetime_operator to 2022-08-10T00:00:00+00:00, run_after=2022-08-11T00:00:00+00:00
[2022-08-11 09:46:28,714] {logging_mixin.py:115} INFO - [2022-08-11 09:46:28,714] {dag.py:2972} INFO - Setting next_dagrun for example_branch_datetime_operator_2 to 2022-08-10T00:00:00+00:00, run_after=2022-08-11T00:00:00+00:00
[2022-08-11 09:46:28,726] {processor.py:161} INFO - Processing /Users/pro/Documents/a_env/proj_data/lib/python3.7/site-packages/airflow/example_dags/example_branch_datetime_operator.py took 0.084 seconds
[2022-08-11 09:47:02,401] {processor.py:153} INFO - Started process (PID=51005) to work on /Users/pro/Documents/a_env/proj_data/lib/python3.7/site-packages/airflow/example_dags/example_branch_datetime_operator.py
[2022-08-11 09:47:02,402] {processor.py:641} INFO - Processing file /Users/pro/Documents/a_env/proj_data/lib/python3.7/site-packages/airflow/example_dags/example_branch_datetime_operator.py for tasks to queue
[2022-08-11 09:47:02,403] {logging_mixin.py:115} INFO - [2022-08-11 09:47:02,403] {dagbag.py:508} INFO - Filling up the DagBag from /Users/pro/Documents/a_env/proj_data/lib/python3.7/site-packages/airflow/example_dags/example_branch_datetime_operator.py
[2022-08-11 09:47:02,416] {processor.py:651} INFO - DAG(s) dict_keys(['example_branch_datetime_operator', 'example_branch_datetime_operator_2']) retrieved from /Users/pro/Documents/a_env/proj_data/lib/python3.7/site-packages/airflow/example_dags/example_branch_datetime_operator.py
[2022-08-11 09:47:02,438] {logging_mixin.py:115} INFO - [2022-08-11 09:47:02,438] {dag.py:2420} INFO - Sync 2 DAGs
[2022-08-11 09:47:02,459] {logging_mixin.py:115} INFO - [2022-08-11 09:47:02,459] {dag.py:2972} INFO - Setting next_dagrun for example_branch_datetime_operator to 2022-08-10T00:00:00+00:00, run_after=2022-08-11T00:00:00+00:00
[2022-08-11 09:47:02,461] {logging_mixin.py:115} INFO - [2022-08-11 09:47:02,461] {dag.py:2972} INFO - Setting next_dagrun for example_branch_datetime_operator_2 to 2022-08-10T00:00:00+00:00, run_after=2022-08-11T00:00:00+00:00
[2022-08-11 09:47:02,473] {processor.py:161} INFO - Processing /Users/pro/Documents/a_env/proj_data/lib/python3.7/site-packages/airflow/example_dags/example_branch_datetime_operator.py took 0.077 seconds
[2022-08-11 09:47:39,665] {processor.py:153} INFO - Started process (PID=51044) to work on /Users/pro/Documents/a_env/proj_data/lib/python3.7/site-packages/airflow/example_dags/example_branch_datetime_operator.py
[2022-08-11 09:47:39,666] {processor.py:641} INFO - Processing file /Users/pro/Documents/a_env/proj_data/lib/python3.7/site-packages/airflow/example_dags/example_branch_datetime_operator.py for tasks to queue
[2022-08-11 09:47:39,668] {logging_mixin.py:115} INFO - [2022-08-11 09:47:39,667] {dagbag.py:508} INFO - Filling up the DagBag from /Users/pro/Documents/a_env/proj_data/lib/python3.7/site-packages/airflow/example_dags/example_branch_datetime_operator.py
[2022-08-11 09:47:39,682] {processor.py:651} INFO - DAG(s) dict_keys(['example_branch_datetime_operator', 'example_branch_datetime_operator_2']) retrieved from /Users/pro/Documents/a_env/proj_data/lib/python3.7/site-packages/airflow/example_dags/example_branch_datetime_operator.py
[2022-08-11 09:47:39,707] {logging_mixin.py:115} INFO - [2022-08-11 09:47:39,707] {dag.py:2420} INFO - Sync 2 DAGs
[2022-08-11 09:47:39,729] {logging_mixin.py:115} INFO - [2022-08-11 09:47:39,728] {dag.py:2972} INFO - Setting next_dagrun for example_branch_datetime_operator to 2022-08-10T00:00:00+00:00, run_after=2022-08-11T00:00:00+00:00
[2022-08-11 09:47:39,731] {logging_mixin.py:115} INFO - [2022-08-11 09:47:39,730] {dag.py:2972} INFO - Setting next_dagrun for example_branch_datetime_operator_2 to 2022-08-10T00:00:00+00:00, run_after=2022-08-11T00:00:00+00:00
[2022-08-11 09:47:39,744] {processor.py:161} INFO - Processing /Users/pro/Documents/a_env/proj_data/lib/python3.7/site-packages/airflow/example_dags/example_branch_datetime_operator.py took 0.084 seconds
[2022-08-11 09:48:14,385] {processor.py:153} INFO - Started process (PID=51086) to work on /Users/pro/Documents/a_env/proj_data/lib/python3.7/site-packages/airflow/example_dags/example_branch_datetime_operator.py
[2022-08-11 09:48:14,386] {processor.py:641} INFO - Processing file /Users/pro/Documents/a_env/proj_data/lib/python3.7/site-packages/airflow/example_dags/example_branch_datetime_operator.py for tasks to queue
[2022-08-11 09:48:14,387] {logging_mixin.py:115} INFO - [2022-08-11 09:48:14,387] {dagbag.py:508} INFO - Filling up the DagBag from /Users/pro/Documents/a_env/proj_data/lib/python3.7/site-packages/airflow/example_dags/example_branch_datetime_operator.py
[2022-08-11 09:48:14,400] {processor.py:651} INFO - DAG(s) dict_keys(['example_branch_datetime_operator', 'example_branch_datetime_operator_2']) retrieved from /Users/pro/Documents/a_env/proj_data/lib/python3.7/site-packages/airflow/example_dags/example_branch_datetime_operator.py
[2022-08-11 09:48:14,424] {logging_mixin.py:115} INFO - [2022-08-11 09:48:14,424] {dag.py:2420} INFO - Sync 2 DAGs
[2022-08-11 09:48:14,446] {logging_mixin.py:115} INFO - [2022-08-11 09:48:14,445] {dag.py:2972} INFO - Setting next_dagrun for example_branch_datetime_operator to 2022-08-10T00:00:00+00:00, run_after=2022-08-11T00:00:00+00:00
[2022-08-11 09:48:14,448] {logging_mixin.py:115} INFO - [2022-08-11 09:48:14,447] {dag.py:2972} INFO - Setting next_dagrun for example_branch_datetime_operator_2 to 2022-08-10T00:00:00+00:00, run_after=2022-08-11T00:00:00+00:00
[2022-08-11 09:48:14,461] {processor.py:161} INFO - Processing /Users/pro/Documents/a_env/proj_data/lib/python3.7/site-packages/airflow/example_dags/example_branch_datetime_operator.py took 0.080 seconds
[2022-08-11 09:48:52,743] {processor.py:153} INFO - Started process (PID=51125) to work on /Users/pro/Documents/a_env/proj_data/lib/python3.7/site-packages/airflow/example_dags/example_branch_datetime_operator.py
[2022-08-11 09:48:52,745] {processor.py:641} INFO - Processing file /Users/pro/Documents/a_env/proj_data/lib/python3.7/site-packages/airflow/example_dags/example_branch_datetime_operator.py for tasks to queue
[2022-08-11 09:48:52,746] {logging_mixin.py:115} INFO - [2022-08-11 09:48:52,746] {dagbag.py:508} INFO - Filling up the DagBag from /Users/pro/Documents/a_env/proj_data/lib/python3.7/site-packages/airflow/example_dags/example_branch_datetime_operator.py
[2022-08-11 09:48:52,759] {processor.py:651} INFO - DAG(s) dict_keys(['example_branch_datetime_operator', 'example_branch_datetime_operator_2']) retrieved from /Users/pro/Documents/a_env/proj_data/lib/python3.7/site-packages/airflow/example_dags/example_branch_datetime_operator.py
[2022-08-11 09:48:52,782] {logging_mixin.py:115} INFO - [2022-08-11 09:48:52,782] {dag.py:2420} INFO - Sync 2 DAGs
[2022-08-11 09:48:52,804] {logging_mixin.py:115} INFO - [2022-08-11 09:48:52,804] {dag.py:2972} INFO - Setting next_dagrun for example_branch_datetime_operator to 2022-08-10T00:00:00+00:00, run_after=2022-08-11T00:00:00+00:00
[2022-08-11 09:48:52,806] {logging_mixin.py:115} INFO - [2022-08-11 09:48:52,806] {dag.py:2972} INFO - Setting next_dagrun for example_branch_datetime_operator_2 to 2022-08-10T00:00:00+00:00, run_after=2022-08-11T00:00:00+00:00
[2022-08-11 09:48:52,820] {processor.py:161} INFO - Processing /Users/pro/Documents/a_env/proj_data/lib/python3.7/site-packages/airflow/example_dags/example_branch_datetime_operator.py took 0.081 seconds
[2022-08-11 09:49:30,100] {processor.py:153} INFO - Started process (PID=51164) to work on /Users/pro/Documents/a_env/proj_data/lib/python3.7/site-packages/airflow/example_dags/example_branch_datetime_operator.py
[2022-08-11 09:49:30,102] {processor.py:641} INFO - Processing file /Users/pro/Documents/a_env/proj_data/lib/python3.7/site-packages/airflow/example_dags/example_branch_datetime_operator.py for tasks to queue
[2022-08-11 09:49:30,103] {logging_mixin.py:115} INFO - [2022-08-11 09:49:30,103] {dagbag.py:508} INFO - Filling up the DagBag from /Users/pro/Documents/a_env/proj_data/lib/python3.7/site-packages/airflow/example_dags/example_branch_datetime_operator.py
[2022-08-11 09:49:30,117] {processor.py:651} INFO - DAG(s) dict_keys(['example_branch_datetime_operator', 'example_branch_datetime_operator_2']) retrieved from /Users/pro/Documents/a_env/proj_data/lib/python3.7/site-packages/airflow/example_dags/example_branch_datetime_operator.py
[2022-08-11 09:49:30,143] {logging_mixin.py:115} INFO - [2022-08-11 09:49:30,142] {dag.py:2420} INFO - Sync 2 DAGs
[2022-08-11 09:49:30,162] {logging_mixin.py:115} INFO - [2022-08-11 09:49:30,162] {dag.py:2972} INFO - Setting next_dagrun for example_branch_datetime_operator to 2022-08-10T00:00:00+00:00, run_after=2022-08-11T00:00:00+00:00
[2022-08-11 09:49:30,164] {logging_mixin.py:115} INFO - [2022-08-11 09:49:30,164] {dag.py:2972} INFO - Setting next_dagrun for example_branch_datetime_operator_2 to 2022-08-10T00:00:00+00:00, run_after=2022-08-11T00:00:00+00:00
[2022-08-11 09:49:30,179] {processor.py:161} INFO - Processing /Users/pro/Documents/a_env/proj_data/lib/python3.7/site-packages/airflow/example_dags/example_branch_datetime_operator.py took 0.084 seconds
[2022-08-11 09:50:07,557] {processor.py:153} INFO - Started process (PID=51202) to work on /Users/pro/Documents/a_env/proj_data/lib/python3.7/site-packages/airflow/example_dags/example_branch_datetime_operator.py
[2022-08-11 09:50:07,558] {processor.py:641} INFO - Processing file /Users/pro/Documents/a_env/proj_data/lib/python3.7/site-packages/airflow/example_dags/example_branch_datetime_operator.py for tasks to queue
[2022-08-11 09:50:07,559] {logging_mixin.py:115} INFO - [2022-08-11 09:50:07,559] {dagbag.py:508} INFO - Filling up the DagBag from /Users/pro/Documents/a_env/proj_data/lib/python3.7/site-packages/airflow/example_dags/example_branch_datetime_operator.py
[2022-08-11 09:50:07,572] {processor.py:651} INFO - DAG(s) dict_keys(['example_branch_datetime_operator', 'example_branch_datetime_operator_2']) retrieved from /Users/pro/Documents/a_env/proj_data/lib/python3.7/site-packages/airflow/example_dags/example_branch_datetime_operator.py
[2022-08-11 09:50:07,597] {logging_mixin.py:115} INFO - [2022-08-11 09:50:07,597] {dag.py:2420} INFO - Sync 2 DAGs
[2022-08-11 09:50:07,618] {logging_mixin.py:115} INFO - [2022-08-11 09:50:07,617] {dag.py:2972} INFO - Setting next_dagrun for example_branch_datetime_operator to 2022-08-10T00:00:00+00:00, run_after=2022-08-11T00:00:00+00:00
[2022-08-11 09:50:07,620] {logging_mixin.py:115} INFO - [2022-08-11 09:50:07,619] {dag.py:2972} INFO - Setting next_dagrun for example_branch_datetime_operator_2 to 2022-08-10T00:00:00+00:00, run_after=2022-08-11T00:00:00+00:00
[2022-08-11 09:50:07,632] {processor.py:161} INFO - Processing /Users/pro/Documents/a_env/proj_data/lib/python3.7/site-packages/airflow/example_dags/example_branch_datetime_operator.py took 0.079 seconds
[2022-08-11 09:50:41,699] {processor.py:153} INFO - Started process (PID=51238) to work on /Users/pro/Documents/a_env/proj_data/lib/python3.7/site-packages/airflow/example_dags/example_branch_datetime_operator.py
[2022-08-11 09:50:41,700] {processor.py:641} INFO - Processing file /Users/pro/Documents/a_env/proj_data/lib/python3.7/site-packages/airflow/example_dags/example_branch_datetime_operator.py for tasks to queue
[2022-08-11 09:50:41,701] {logging_mixin.py:115} INFO - [2022-08-11 09:50:41,701] {dagbag.py:508} INFO - Filling up the DagBag from /Users/pro/Documents/a_env/proj_data/lib/python3.7/site-packages/airflow/example_dags/example_branch_datetime_operator.py
[2022-08-11 09:50:41,717] {processor.py:651} INFO - DAG(s) dict_keys(['example_branch_datetime_operator', 'example_branch_datetime_operator_2']) retrieved from /Users/pro/Documents/a_env/proj_data/lib/python3.7/site-packages/airflow/example_dags/example_branch_datetime_operator.py
[2022-08-11 09:50:41,737] {logging_mixin.py:115} INFO - [2022-08-11 09:50:41,737] {dag.py:2420} INFO - Sync 2 DAGs
[2022-08-11 09:50:41,758] {logging_mixin.py:115} INFO - [2022-08-11 09:50:41,758] {dag.py:2972} INFO - Setting next_dagrun for example_branch_datetime_operator to 2022-08-10T00:00:00+00:00, run_after=2022-08-11T00:00:00+00:00
[2022-08-11 09:50:41,761] {logging_mixin.py:115} INFO - [2022-08-11 09:50:41,760] {dag.py:2972} INFO - Setting next_dagrun for example_branch_datetime_operator_2 to 2022-08-10T00:00:00+00:00, run_after=2022-08-11T00:00:00+00:00
[2022-08-11 09:50:41,774] {processor.py:161} INFO - Processing /Users/pro/Documents/a_env/proj_data/lib/python3.7/site-packages/airflow/example_dags/example_branch_datetime_operator.py took 0.080 seconds
[2022-08-11 09:51:19,765] {processor.py:153} INFO - Started process (PID=51277) to work on /Users/pro/Documents/a_env/proj_data/lib/python3.7/site-packages/airflow/example_dags/example_branch_datetime_operator.py
[2022-08-11 09:51:19,766] {processor.py:641} INFO - Processing file /Users/pro/Documents/a_env/proj_data/lib/python3.7/site-packages/airflow/example_dags/example_branch_datetime_operator.py for tasks to queue
[2022-08-11 09:51:19,767] {logging_mixin.py:115} INFO - [2022-08-11 09:51:19,767] {dagbag.py:508} INFO - Filling up the DagBag from /Users/pro/Documents/a_env/proj_data/lib/python3.7/site-packages/airflow/example_dags/example_branch_datetime_operator.py
[2022-08-11 09:51:19,782] {processor.py:651} INFO - DAG(s) dict_keys(['example_branch_datetime_operator', 'example_branch_datetime_operator_2']) retrieved from /Users/pro/Documents/a_env/proj_data/lib/python3.7/site-packages/airflow/example_dags/example_branch_datetime_operator.py
[2022-08-11 09:51:19,804] {logging_mixin.py:115} INFO - [2022-08-11 09:51:19,803] {dag.py:2420} INFO - Sync 2 DAGs
[2022-08-11 09:51:19,824] {logging_mixin.py:115} INFO - [2022-08-11 09:51:19,823] {dag.py:2972} INFO - Setting next_dagrun for example_branch_datetime_operator to 2022-08-10T00:00:00+00:00, run_after=2022-08-11T00:00:00+00:00
[2022-08-11 09:51:19,826] {logging_mixin.py:115} INFO - [2022-08-11 09:51:19,826] {dag.py:2972} INFO - Setting next_dagrun for example_branch_datetime_operator_2 to 2022-08-10T00:00:00+00:00, run_after=2022-08-11T00:00:00+00:00
[2022-08-11 09:51:19,839] {processor.py:161} INFO - Processing /Users/pro/Documents/a_env/proj_data/lib/python3.7/site-packages/airflow/example_dags/example_branch_datetime_operator.py took 0.079 seconds
[2022-08-11 09:51:57,666] {processor.py:153} INFO - Started process (PID=51329) to work on /Users/pro/Documents/a_env/proj_data/lib/python3.7/site-packages/airflow/example_dags/example_branch_datetime_operator.py
[2022-08-11 09:51:57,668] {processor.py:641} INFO - Processing file /Users/pro/Documents/a_env/proj_data/lib/python3.7/site-packages/airflow/example_dags/example_branch_datetime_operator.py for tasks to queue
[2022-08-11 09:51:57,669] {logging_mixin.py:115} INFO - [2022-08-11 09:51:57,669] {dagbag.py:508} INFO - Filling up the DagBag from /Users/pro/Documents/a_env/proj_data/lib/python3.7/site-packages/airflow/example_dags/example_branch_datetime_operator.py
[2022-08-11 09:51:57,686] {processor.py:651} INFO - DAG(s) dict_keys(['example_branch_datetime_operator', 'example_branch_datetime_operator_2']) retrieved from /Users/pro/Documents/a_env/proj_data/lib/python3.7/site-packages/airflow/example_dags/example_branch_datetime_operator.py
[2022-08-11 09:51:57,706] {logging_mixin.py:115} INFO - [2022-08-11 09:51:57,706] {dag.py:2420} INFO - Sync 2 DAGs
[2022-08-11 09:51:57,726] {logging_mixin.py:115} INFO - [2022-08-11 09:51:57,726] {dag.py:2972} INFO - Setting next_dagrun for example_branch_datetime_operator to 2022-08-10T00:00:00+00:00, run_after=2022-08-11T00:00:00+00:00
[2022-08-11 09:51:57,728] {logging_mixin.py:115} INFO - [2022-08-11 09:51:57,728] {dag.py:2972} INFO - Setting next_dagrun for example_branch_datetime_operator_2 to 2022-08-10T00:00:00+00:00, run_after=2022-08-11T00:00:00+00:00
[2022-08-11 09:51:57,741] {processor.py:161} INFO - Processing /Users/pro/Documents/a_env/proj_data/lib/python3.7/site-packages/airflow/example_dags/example_branch_datetime_operator.py took 0.079 seconds
[2022-08-11 09:52:33,367] {processor.py:153} INFO - Started process (PID=51377) to work on /Users/pro/Documents/a_env/proj_data/lib/python3.7/site-packages/airflow/example_dags/example_branch_datetime_operator.py
[2022-08-11 09:52:33,368] {processor.py:641} INFO - Processing file /Users/pro/Documents/a_env/proj_data/lib/python3.7/site-packages/airflow/example_dags/example_branch_datetime_operator.py for tasks to queue
[2022-08-11 09:52:33,369] {logging_mixin.py:115} INFO - [2022-08-11 09:52:33,369] {dagbag.py:508} INFO - Filling up the DagBag from /Users/pro/Documents/a_env/proj_data/lib/python3.7/site-packages/airflow/example_dags/example_branch_datetime_operator.py
[2022-08-11 09:52:33,386] {processor.py:651} INFO - DAG(s) dict_keys(['example_branch_datetime_operator', 'example_branch_datetime_operator_2']) retrieved from /Users/pro/Documents/a_env/proj_data/lib/python3.7/site-packages/airflow/example_dags/example_branch_datetime_operator.py
[2022-08-11 09:52:33,408] {logging_mixin.py:115} INFO - [2022-08-11 09:52:33,408] {dag.py:2420} INFO - Sync 2 DAGs
[2022-08-11 09:52:33,428] {logging_mixin.py:115} INFO - [2022-08-11 09:52:33,428] {dag.py:2972} INFO - Setting next_dagrun for example_branch_datetime_operator to 2022-08-10T00:00:00+00:00, run_after=2022-08-11T00:00:00+00:00
[2022-08-11 09:52:33,430] {logging_mixin.py:115} INFO - [2022-08-11 09:52:33,430] {dag.py:2972} INFO - Setting next_dagrun for example_branch_datetime_operator_2 to 2022-08-10T00:00:00+00:00, run_after=2022-08-11T00:00:00+00:00
[2022-08-11 09:52:33,442] {processor.py:161} INFO - Processing /Users/pro/Documents/a_env/proj_data/lib/python3.7/site-packages/airflow/example_dags/example_branch_datetime_operator.py took 0.080 seconds
[2022-08-11 09:53:09,226] {processor.py:153} INFO - Started process (PID=51419) to work on /Users/pro/Documents/a_env/proj_data/lib/python3.7/site-packages/airflow/example_dags/example_branch_datetime_operator.py
[2022-08-11 09:53:09,227] {processor.py:641} INFO - Processing file /Users/pro/Documents/a_env/proj_data/lib/python3.7/site-packages/airflow/example_dags/example_branch_datetime_operator.py for tasks to queue
[2022-08-11 09:53:09,228] {logging_mixin.py:115} INFO - [2022-08-11 09:53:09,228] {dagbag.py:508} INFO - Filling up the DagBag from /Users/pro/Documents/a_env/proj_data/lib/python3.7/site-packages/airflow/example_dags/example_branch_datetime_operator.py
[2022-08-11 09:53:09,244] {processor.py:651} INFO - DAG(s) dict_keys(['example_branch_datetime_operator', 'example_branch_datetime_operator_2']) retrieved from /Users/pro/Documents/a_env/proj_data/lib/python3.7/site-packages/airflow/example_dags/example_branch_datetime_operator.py
[2022-08-11 09:53:09,266] {logging_mixin.py:115} INFO - [2022-08-11 09:53:09,266] {dag.py:2420} INFO - Sync 2 DAGs
[2022-08-11 09:53:09,287] {logging_mixin.py:115} INFO - [2022-08-11 09:53:09,287] {dag.py:2972} INFO - Setting next_dagrun for example_branch_datetime_operator to 2022-08-10T00:00:00+00:00, run_after=2022-08-11T00:00:00+00:00
[2022-08-11 09:53:09,289] {logging_mixin.py:115} INFO - [2022-08-11 09:53:09,289] {dag.py:2972} INFO - Setting next_dagrun for example_branch_datetime_operator_2 to 2022-08-10T00:00:00+00:00, run_after=2022-08-11T00:00:00+00:00
[2022-08-11 09:53:09,302] {processor.py:161} INFO - Processing /Users/pro/Documents/a_env/proj_data/lib/python3.7/site-packages/airflow/example_dags/example_branch_datetime_operator.py took 0.079 seconds
[2022-08-11 09:53:43,752] {processor.py:153} INFO - Started process (PID=51455) to work on /Users/pro/Documents/a_env/proj_data/lib/python3.7/site-packages/airflow/example_dags/example_branch_datetime_operator.py
[2022-08-11 09:53:43,753] {processor.py:641} INFO - Processing file /Users/pro/Documents/a_env/proj_data/lib/python3.7/site-packages/airflow/example_dags/example_branch_datetime_operator.py for tasks to queue
[2022-08-11 09:53:43,754] {logging_mixin.py:115} INFO - [2022-08-11 09:53:43,754] {dagbag.py:508} INFO - Filling up the DagBag from /Users/pro/Documents/a_env/proj_data/lib/python3.7/site-packages/airflow/example_dags/example_branch_datetime_operator.py
[2022-08-11 09:53:43,768] {processor.py:651} INFO - DAG(s) dict_keys(['example_branch_datetime_operator', 'example_branch_datetime_operator_2']) retrieved from /Users/pro/Documents/a_env/proj_data/lib/python3.7/site-packages/airflow/example_dags/example_branch_datetime_operator.py
[2022-08-11 09:53:43,788] {logging_mixin.py:115} INFO - [2022-08-11 09:53:43,788] {dag.py:2420} INFO - Sync 2 DAGs
[2022-08-11 09:53:43,808] {logging_mixin.py:115} INFO - [2022-08-11 09:53:43,807] {dag.py:2972} INFO - Setting next_dagrun for example_branch_datetime_operator to 2022-08-10T00:00:00+00:00, run_after=2022-08-11T00:00:00+00:00
[2022-08-11 09:53:43,809] {logging_mixin.py:115} INFO - [2022-08-11 09:53:43,809] {dag.py:2972} INFO - Setting next_dagrun for example_branch_datetime_operator_2 to 2022-08-10T00:00:00+00:00, run_after=2022-08-11T00:00:00+00:00
[2022-08-11 09:53:43,822] {processor.py:161} INFO - Processing /Users/pro/Documents/a_env/proj_data/lib/python3.7/site-packages/airflow/example_dags/example_branch_datetime_operator.py took 0.074 seconds
[2022-08-11 09:54:20,641] {processor.py:153} INFO - Started process (PID=51492) to work on /Users/pro/Documents/a_env/proj_data/lib/python3.7/site-packages/airflow/example_dags/example_branch_datetime_operator.py
[2022-08-11 09:54:20,642] {processor.py:641} INFO - Processing file /Users/pro/Documents/a_env/proj_data/lib/python3.7/site-packages/airflow/example_dags/example_branch_datetime_operator.py for tasks to queue
[2022-08-11 09:54:20,643] {logging_mixin.py:115} INFO - [2022-08-11 09:54:20,643] {dagbag.py:508} INFO - Filling up the DagBag from /Users/pro/Documents/a_env/proj_data/lib/python3.7/site-packages/airflow/example_dags/example_branch_datetime_operator.py
[2022-08-11 09:54:20,659] {processor.py:651} INFO - DAG(s) dict_keys(['example_branch_datetime_operator', 'example_branch_datetime_operator_2']) retrieved from /Users/pro/Documents/a_env/proj_data/lib/python3.7/site-packages/airflow/example_dags/example_branch_datetime_operator.py
[2022-08-11 09:54:20,682] {logging_mixin.py:115} INFO - [2022-08-11 09:54:20,681] {dag.py:2420} INFO - Sync 2 DAGs
[2022-08-11 09:54:20,702] {logging_mixin.py:115} INFO - [2022-08-11 09:54:20,702] {dag.py:2972} INFO - Setting next_dagrun for example_branch_datetime_operator to 2022-08-10T00:00:00+00:00, run_after=2022-08-11T00:00:00+00:00
[2022-08-11 09:54:20,704] {logging_mixin.py:115} INFO - [2022-08-11 09:54:20,704] {dag.py:2972} INFO - Setting next_dagrun for example_branch_datetime_operator_2 to 2022-08-10T00:00:00+00:00, run_after=2022-08-11T00:00:00+00:00
[2022-08-11 09:54:20,718] {processor.py:161} INFO - Processing /Users/pro/Documents/a_env/proj_data/lib/python3.7/site-packages/airflow/example_dags/example_branch_datetime_operator.py took 0.082 seconds
[2022-08-11 09:54:58,250] {processor.py:153} INFO - Started process (PID=51532) to work on /Users/pro/Documents/a_env/proj_data/lib/python3.7/site-packages/airflow/example_dags/example_branch_datetime_operator.py
[2022-08-11 09:54:58,254] {processor.py:641} INFO - Processing file /Users/pro/Documents/a_env/proj_data/lib/python3.7/site-packages/airflow/example_dags/example_branch_datetime_operator.py for tasks to queue
[2022-08-11 09:54:58,256] {logging_mixin.py:115} INFO - [2022-08-11 09:54:58,256] {dagbag.py:508} INFO - Filling up the DagBag from /Users/pro/Documents/a_env/proj_data/lib/python3.7/site-packages/airflow/example_dags/example_branch_datetime_operator.py
[2022-08-11 09:54:58,280] {processor.py:651} INFO - DAG(s) dict_keys(['example_branch_datetime_operator', 'example_branch_datetime_operator_2']) retrieved from /Users/pro/Documents/a_env/proj_data/lib/python3.7/site-packages/airflow/example_dags/example_branch_datetime_operator.py
[2022-08-11 09:54:58,303] {logging_mixin.py:115} INFO - [2022-08-11 09:54:58,303] {dag.py:2420} INFO - Sync 2 DAGs
[2022-08-11 09:54:58,324] {logging_mixin.py:115} INFO - [2022-08-11 09:54:58,324] {dag.py:2972} INFO - Setting next_dagrun for example_branch_datetime_operator to 2022-08-10T00:00:00+00:00, run_after=2022-08-11T00:00:00+00:00
[2022-08-11 09:54:58,326] {logging_mixin.py:115} INFO - [2022-08-11 09:54:58,326] {dag.py:2972} INFO - Setting next_dagrun for example_branch_datetime_operator_2 to 2022-08-10T00:00:00+00:00, run_after=2022-08-11T00:00:00+00:00
[2022-08-11 09:54:58,338] {processor.py:161} INFO - Processing /Users/pro/Documents/a_env/proj_data/lib/python3.7/site-packages/airflow/example_dags/example_branch_datetime_operator.py took 0.093 seconds
[2022-08-11 09:55:33,678] {processor.py:153} INFO - Started process (PID=51568) to work on /Users/pro/Documents/a_env/proj_data/lib/python3.7/site-packages/airflow/example_dags/example_branch_datetime_operator.py
[2022-08-11 09:55:33,680] {processor.py:641} INFO - Processing file /Users/pro/Documents/a_env/proj_data/lib/python3.7/site-packages/airflow/example_dags/example_branch_datetime_operator.py for tasks to queue
[2022-08-11 09:55:33,681] {logging_mixin.py:115} INFO - [2022-08-11 09:55:33,680] {dagbag.py:508} INFO - Filling up the DagBag from /Users/pro/Documents/a_env/proj_data/lib/python3.7/site-packages/airflow/example_dags/example_branch_datetime_operator.py
[2022-08-11 09:55:33,703] {processor.py:651} INFO - DAG(s) dict_keys(['example_branch_datetime_operator', 'example_branch_datetime_operator_2']) retrieved from /Users/pro/Documents/a_env/proj_data/lib/python3.7/site-packages/airflow/example_dags/example_branch_datetime_operator.py
[2022-08-11 09:55:33,733] {logging_mixin.py:115} INFO - [2022-08-11 09:55:33,733] {dag.py:2420} INFO - Sync 2 DAGs
[2022-08-11 09:55:33,763] {logging_mixin.py:115} INFO - [2022-08-11 09:55:33,762] {dag.py:2972} INFO - Setting next_dagrun for example_branch_datetime_operator to 2022-08-10T00:00:00+00:00, run_after=2022-08-11T00:00:00+00:00
[2022-08-11 09:55:33,765] {logging_mixin.py:115} INFO - [2022-08-11 09:55:33,765] {dag.py:2972} INFO - Setting next_dagrun for example_branch_datetime_operator_2 to 2022-08-10T00:00:00+00:00, run_after=2022-08-11T00:00:00+00:00
[2022-08-11 09:55:33,779] {processor.py:161} INFO - Processing /Users/pro/Documents/a_env/proj_data/lib/python3.7/site-packages/airflow/example_dags/example_branch_datetime_operator.py took 0.104 seconds
[2022-08-11 09:56:14,347] {processor.py:153} INFO - Started process (PID=51607) to work on /Users/pro/Documents/a_env/proj_data/lib/python3.7/site-packages/airflow/example_dags/example_branch_datetime_operator.py
[2022-08-11 09:56:14,350] {processor.py:641} INFO - Processing file /Users/pro/Documents/a_env/proj_data/lib/python3.7/site-packages/airflow/example_dags/example_branch_datetime_operator.py for tasks to queue
[2022-08-11 09:56:14,351] {logging_mixin.py:115} INFO - [2022-08-11 09:56:14,351] {dagbag.py:508} INFO - Filling up the DagBag from /Users/pro/Documents/a_env/proj_data/lib/python3.7/site-packages/airflow/example_dags/example_branch_datetime_operator.py
[2022-08-11 09:56:14,369] {processor.py:651} INFO - DAG(s) dict_keys(['example_branch_datetime_operator', 'example_branch_datetime_operator_2']) retrieved from /Users/pro/Documents/a_env/proj_data/lib/python3.7/site-packages/airflow/example_dags/example_branch_datetime_operator.py
[2022-08-11 09:56:14,393] {logging_mixin.py:115} INFO - [2022-08-11 09:56:14,393] {dag.py:2420} INFO - Sync 2 DAGs
[2022-08-11 09:56:14,414] {logging_mixin.py:115} INFO - [2022-08-11 09:56:14,414] {dag.py:2972} INFO - Setting next_dagrun for example_branch_datetime_operator to 2022-08-10T00:00:00+00:00, run_after=2022-08-11T00:00:00+00:00
[2022-08-11 09:56:14,416] {logging_mixin.py:115} INFO - [2022-08-11 09:56:14,416] {dag.py:2972} INFO - Setting next_dagrun for example_branch_datetime_operator_2 to 2022-08-10T00:00:00+00:00, run_after=2022-08-11T00:00:00+00:00
[2022-08-11 09:56:14,430] {processor.py:161} INFO - Processing /Users/pro/Documents/a_env/proj_data/lib/python3.7/site-packages/airflow/example_dags/example_branch_datetime_operator.py took 0.088 seconds
[2022-08-11 09:56:49,384] {processor.py:153} INFO - Started process (PID=51643) to work on /Users/pro/Documents/a_env/proj_data/lib/python3.7/site-packages/airflow/example_dags/example_branch_datetime_operator.py
[2022-08-11 09:56:49,385] {processor.py:641} INFO - Processing file /Users/pro/Documents/a_env/proj_data/lib/python3.7/site-packages/airflow/example_dags/example_branch_datetime_operator.py for tasks to queue
[2022-08-11 09:56:49,386] {logging_mixin.py:115} INFO - [2022-08-11 09:56:49,386] {dagbag.py:508} INFO - Filling up the DagBag from /Users/pro/Documents/a_env/proj_data/lib/python3.7/site-packages/airflow/example_dags/example_branch_datetime_operator.py
[2022-08-11 09:56:49,400] {processor.py:651} INFO - DAG(s) dict_keys(['example_branch_datetime_operator', 'example_branch_datetime_operator_2']) retrieved from /Users/pro/Documents/a_env/proj_data/lib/python3.7/site-packages/airflow/example_dags/example_branch_datetime_operator.py
[2022-08-11 09:56:49,423] {logging_mixin.py:115} INFO - [2022-08-11 09:56:49,423] {dag.py:2420} INFO - Sync 2 DAGs
[2022-08-11 09:56:49,443] {logging_mixin.py:115} INFO - [2022-08-11 09:56:49,443] {dag.py:2972} INFO - Setting next_dagrun for example_branch_datetime_operator to 2022-08-10T00:00:00+00:00, run_after=2022-08-11T00:00:00+00:00
[2022-08-11 09:56:49,445] {logging_mixin.py:115} INFO - [2022-08-11 09:56:49,445] {dag.py:2972} INFO - Setting next_dagrun for example_branch_datetime_operator_2 to 2022-08-10T00:00:00+00:00, run_after=2022-08-11T00:00:00+00:00
[2022-08-11 09:56:49,456] {processor.py:161} INFO - Processing /Users/pro/Documents/a_env/proj_data/lib/python3.7/site-packages/airflow/example_dags/example_branch_datetime_operator.py took 0.077 seconds
[2022-08-11 09:57:29,750] {processor.py:153} INFO - Started process (PID=51687) to work on /Users/pro/Documents/a_env/proj_data/lib/python3.7/site-packages/airflow/example_dags/example_branch_datetime_operator.py
[2022-08-11 09:57:29,751] {processor.py:641} INFO - Processing file /Users/pro/Documents/a_env/proj_data/lib/python3.7/site-packages/airflow/example_dags/example_branch_datetime_operator.py for tasks to queue
[2022-08-11 09:57:29,752] {logging_mixin.py:115} INFO - [2022-08-11 09:57:29,752] {dagbag.py:508} INFO - Filling up the DagBag from /Users/pro/Documents/a_env/proj_data/lib/python3.7/site-packages/airflow/example_dags/example_branch_datetime_operator.py
[2022-08-11 09:57:29,766] {processor.py:651} INFO - DAG(s) dict_keys(['example_branch_datetime_operator', 'example_branch_datetime_operator_2']) retrieved from /Users/pro/Documents/a_env/proj_data/lib/python3.7/site-packages/airflow/example_dags/example_branch_datetime_operator.py
[2022-08-11 09:57:29,790] {logging_mixin.py:115} INFO - [2022-08-11 09:57:29,790] {dag.py:2420} INFO - Sync 2 DAGs
[2022-08-11 09:57:29,811] {logging_mixin.py:115} INFO - [2022-08-11 09:57:29,810] {dag.py:2972} INFO - Setting next_dagrun for example_branch_datetime_operator to 2022-08-10T00:00:00+00:00, run_after=2022-08-11T00:00:00+00:00
[2022-08-11 09:57:29,813] {logging_mixin.py:115} INFO - [2022-08-11 09:57:29,812] {dag.py:2972} INFO - Setting next_dagrun for example_branch_datetime_operator_2 to 2022-08-10T00:00:00+00:00, run_after=2022-08-11T00:00:00+00:00
[2022-08-11 09:57:29,825] {processor.py:161} INFO - Processing /Users/pro/Documents/a_env/proj_data/lib/python3.7/site-packages/airflow/example_dags/example_branch_datetime_operator.py took 0.080 seconds
[2022-08-11 09:58:06,346] {processor.py:153} INFO - Started process (PID=51728) to work on /Users/pro/Documents/a_env/proj_data/lib/python3.7/site-packages/airflow/example_dags/example_branch_datetime_operator.py
[2022-08-11 09:58:06,347] {processor.py:641} INFO - Processing file /Users/pro/Documents/a_env/proj_data/lib/python3.7/site-packages/airflow/example_dags/example_branch_datetime_operator.py for tasks to queue
[2022-08-11 09:58:06,348] {logging_mixin.py:115} INFO - [2022-08-11 09:58:06,348] {dagbag.py:508} INFO - Filling up the DagBag from /Users/pro/Documents/a_env/proj_data/lib/python3.7/site-packages/airflow/example_dags/example_branch_datetime_operator.py
[2022-08-11 09:58:06,361] {processor.py:651} INFO - DAG(s) dict_keys(['example_branch_datetime_operator', 'example_branch_datetime_operator_2']) retrieved from /Users/pro/Documents/a_env/proj_data/lib/python3.7/site-packages/airflow/example_dags/example_branch_datetime_operator.py
[2022-08-11 09:58:06,383] {logging_mixin.py:115} INFO - [2022-08-11 09:58:06,383] {dag.py:2420} INFO - Sync 2 DAGs
[2022-08-11 09:58:06,403] {logging_mixin.py:115} INFO - [2022-08-11 09:58:06,403] {dag.py:2972} INFO - Setting next_dagrun for example_branch_datetime_operator to 2022-08-10T00:00:00+00:00, run_after=2022-08-11T00:00:00+00:00
[2022-08-11 09:58:06,405] {logging_mixin.py:115} INFO - [2022-08-11 09:58:06,404] {dag.py:2972} INFO - Setting next_dagrun for example_branch_datetime_operator_2 to 2022-08-10T00:00:00+00:00, run_after=2022-08-11T00:00:00+00:00
[2022-08-11 09:58:06,417] {processor.py:161} INFO - Processing /Users/pro/Documents/a_env/proj_data/lib/python3.7/site-packages/airflow/example_dags/example_branch_datetime_operator.py took 0.076 seconds
[2022-08-11 09:58:46,564] {processor.py:153} INFO - Started process (PID=51767) to work on /Users/pro/Documents/a_env/proj_data/lib/python3.7/site-packages/airflow/example_dags/example_branch_datetime_operator.py
[2022-08-11 09:58:46,565] {processor.py:641} INFO - Processing file /Users/pro/Documents/a_env/proj_data/lib/python3.7/site-packages/airflow/example_dags/example_branch_datetime_operator.py for tasks to queue
[2022-08-11 09:58:46,566] {logging_mixin.py:115} INFO - [2022-08-11 09:58:46,566] {dagbag.py:508} INFO - Filling up the DagBag from /Users/pro/Documents/a_env/proj_data/lib/python3.7/site-packages/airflow/example_dags/example_branch_datetime_operator.py
[2022-08-11 09:58:46,579] {processor.py:651} INFO - DAG(s) dict_keys(['example_branch_datetime_operator', 'example_branch_datetime_operator_2']) retrieved from /Users/pro/Documents/a_env/proj_data/lib/python3.7/site-packages/airflow/example_dags/example_branch_datetime_operator.py
[2022-08-11 09:58:46,604] {logging_mixin.py:115} INFO - [2022-08-11 09:58:46,604] {dag.py:2420} INFO - Sync 2 DAGs
[2022-08-11 09:58:46,625] {logging_mixin.py:115} INFO - [2022-08-11 09:58:46,624] {dag.py:2972} INFO - Setting next_dagrun for example_branch_datetime_operator to 2022-08-10T00:00:00+00:00, run_after=2022-08-11T00:00:00+00:00
[2022-08-11 09:58:46,627] {logging_mixin.py:115} INFO - [2022-08-11 09:58:46,626] {dag.py:2972} INFO - Setting next_dagrun for example_branch_datetime_operator_2 to 2022-08-10T00:00:00+00:00, run_after=2022-08-11T00:00:00+00:00
[2022-08-11 09:58:46,641] {processor.py:161} INFO - Processing /Users/pro/Documents/a_env/proj_data/lib/python3.7/site-packages/airflow/example_dags/example_branch_datetime_operator.py took 0.082 seconds
[2022-08-11 09:59:23,555] {processor.py:153} INFO - Started process (PID=51804) to work on /Users/pro/Documents/a_env/proj_data/lib/python3.7/site-packages/airflow/example_dags/example_branch_datetime_operator.py
[2022-08-11 09:59:23,557] {processor.py:641} INFO - Processing file /Users/pro/Documents/a_env/proj_data/lib/python3.7/site-packages/airflow/example_dags/example_branch_datetime_operator.py for tasks to queue
[2022-08-11 09:59:23,560] {logging_mixin.py:115} INFO - [2022-08-11 09:59:23,559] {dagbag.py:508} INFO - Filling up the DagBag from /Users/pro/Documents/a_env/proj_data/lib/python3.7/site-packages/airflow/example_dags/example_branch_datetime_operator.py
[2022-08-11 09:59:23,580] {processor.py:651} INFO - DAG(s) dict_keys(['example_branch_datetime_operator', 'example_branch_datetime_operator_2']) retrieved from /Users/pro/Documents/a_env/proj_data/lib/python3.7/site-packages/airflow/example_dags/example_branch_datetime_operator.py
[2022-08-11 09:59:23,606] {logging_mixin.py:115} INFO - [2022-08-11 09:59:23,605] {dag.py:2420} INFO - Sync 2 DAGs
[2022-08-11 09:59:23,626] {logging_mixin.py:115} INFO - [2022-08-11 09:59:23,626] {dag.py:2972} INFO - Setting next_dagrun for example_branch_datetime_operator to 2022-08-10T00:00:00+00:00, run_after=2022-08-11T00:00:00+00:00
[2022-08-11 09:59:23,628] {logging_mixin.py:115} INFO - [2022-08-11 09:59:23,628] {dag.py:2972} INFO - Setting next_dagrun for example_branch_datetime_operator_2 to 2022-08-10T00:00:00+00:00, run_after=2022-08-11T00:00:00+00:00
[2022-08-11 09:59:23,640] {processor.py:161} INFO - Processing /Users/pro/Documents/a_env/proj_data/lib/python3.7/site-packages/airflow/example_dags/example_branch_datetime_operator.py took 0.090 seconds
[2022-08-11 09:59:58,575] {processor.py:153} INFO - Started process (PID=51854) to work on /Users/pro/Documents/a_env/proj_data/lib/python3.7/site-packages/airflow/example_dags/example_branch_datetime_operator.py
[2022-08-11 09:59:58,576] {processor.py:641} INFO - Processing file /Users/pro/Documents/a_env/proj_data/lib/python3.7/site-packages/airflow/example_dags/example_branch_datetime_operator.py for tasks to queue
[2022-08-11 09:59:58,577] {logging_mixin.py:115} INFO - [2022-08-11 09:59:58,577] {dagbag.py:508} INFO - Filling up the DagBag from /Users/pro/Documents/a_env/proj_data/lib/python3.7/site-packages/airflow/example_dags/example_branch_datetime_operator.py
[2022-08-11 09:59:58,595] {processor.py:651} INFO - DAG(s) dict_keys(['example_branch_datetime_operator', 'example_branch_datetime_operator_2']) retrieved from /Users/pro/Documents/a_env/proj_data/lib/python3.7/site-packages/airflow/example_dags/example_branch_datetime_operator.py
[2022-08-11 09:59:58,624] {logging_mixin.py:115} INFO - [2022-08-11 09:59:58,624] {dag.py:2420} INFO - Sync 2 DAGs
[2022-08-11 09:59:58,646] {logging_mixin.py:115} INFO - [2022-08-11 09:59:58,645] {dag.py:2972} INFO - Setting next_dagrun for example_branch_datetime_operator to 2022-08-10T00:00:00+00:00, run_after=2022-08-11T00:00:00+00:00
[2022-08-11 09:59:58,648] {logging_mixin.py:115} INFO - [2022-08-11 09:59:58,647] {dag.py:2972} INFO - Setting next_dagrun for example_branch_datetime_operator_2 to 2022-08-10T00:00:00+00:00, run_after=2022-08-11T00:00:00+00:00
[2022-08-11 09:59:58,661] {processor.py:161} INFO - Processing /Users/pro/Documents/a_env/proj_data/lib/python3.7/site-packages/airflow/example_dags/example_branch_datetime_operator.py took 0.091 seconds
[2022-08-11 10:00:34,095] {processor.py:153} INFO - Started process (PID=51908) to work on /Users/pro/Documents/a_env/proj_data/lib/python3.7/site-packages/airflow/example_dags/example_branch_datetime_operator.py
[2022-08-11 10:00:34,096] {processor.py:641} INFO - Processing file /Users/pro/Documents/a_env/proj_data/lib/python3.7/site-packages/airflow/example_dags/example_branch_datetime_operator.py for tasks to queue
[2022-08-11 10:00:34,097] {logging_mixin.py:115} INFO - [2022-08-11 10:00:34,097] {dagbag.py:508} INFO - Filling up the DagBag from /Users/pro/Documents/a_env/proj_data/lib/python3.7/site-packages/airflow/example_dags/example_branch_datetime_operator.py
[2022-08-11 10:00:34,111] {processor.py:651} INFO - DAG(s) dict_keys(['example_branch_datetime_operator', 'example_branch_datetime_operator_2']) retrieved from /Users/pro/Documents/a_env/proj_data/lib/python3.7/site-packages/airflow/example_dags/example_branch_datetime_operator.py
[2022-08-11 10:00:34,135] {logging_mixin.py:115} INFO - [2022-08-11 10:00:34,134] {dag.py:2420} INFO - Sync 2 DAGs
[2022-08-11 10:00:34,155] {logging_mixin.py:115} INFO - [2022-08-11 10:00:34,155] {dag.py:2972} INFO - Setting next_dagrun for example_branch_datetime_operator to 2022-08-10T00:00:00+00:00, run_after=2022-08-11T00:00:00+00:00
[2022-08-11 10:00:34,157] {logging_mixin.py:115} INFO - [2022-08-11 10:00:34,157] {dag.py:2972} INFO - Setting next_dagrun for example_branch_datetime_operator_2 to 2022-08-10T00:00:00+00:00, run_after=2022-08-11T00:00:00+00:00
[2022-08-11 10:00:34,168] {processor.py:161} INFO - Processing /Users/pro/Documents/a_env/proj_data/lib/python3.7/site-packages/airflow/example_dags/example_branch_datetime_operator.py took 0.078 seconds
[2022-08-11 10:01:08,253] {processor.py:153} INFO - Started process (PID=51947) to work on /Users/pro/Documents/a_env/proj_data/lib/python3.7/site-packages/airflow/example_dags/example_branch_datetime_operator.py
[2022-08-11 10:01:08,254] {processor.py:641} INFO - Processing file /Users/pro/Documents/a_env/proj_data/lib/python3.7/site-packages/airflow/example_dags/example_branch_datetime_operator.py for tasks to queue
[2022-08-11 10:01:08,255] {logging_mixin.py:115} INFO - [2022-08-11 10:01:08,255] {dagbag.py:508} INFO - Filling up the DagBag from /Users/pro/Documents/a_env/proj_data/lib/python3.7/site-packages/airflow/example_dags/example_branch_datetime_operator.py
[2022-08-11 10:01:08,269] {processor.py:651} INFO - DAG(s) dict_keys(['example_branch_datetime_operator', 'example_branch_datetime_operator_2']) retrieved from /Users/pro/Documents/a_env/proj_data/lib/python3.7/site-packages/airflow/example_dags/example_branch_datetime_operator.py
[2022-08-11 10:01:08,288] {logging_mixin.py:115} INFO - [2022-08-11 10:01:08,288] {dag.py:2420} INFO - Sync 2 DAGs
[2022-08-11 10:01:08,308] {logging_mixin.py:115} INFO - [2022-08-11 10:01:08,308] {dag.py:2972} INFO - Setting next_dagrun for example_branch_datetime_operator to 2022-08-10T00:00:00+00:00, run_after=2022-08-11T00:00:00+00:00
[2022-08-11 10:01:08,310] {logging_mixin.py:115} INFO - [2022-08-11 10:01:08,310] {dag.py:2972} INFO - Setting next_dagrun for example_branch_datetime_operator_2 to 2022-08-10T00:00:00+00:00, run_after=2022-08-11T00:00:00+00:00
[2022-08-11 10:01:08,323] {processor.py:161} INFO - Processing /Users/pro/Documents/a_env/proj_data/lib/python3.7/site-packages/airflow/example_dags/example_branch_datetime_operator.py took 0.074 seconds
[2022-08-11 10:01:46,685] {processor.py:153} INFO - Started process (PID=51985) to work on /Users/pro/Documents/a_env/proj_data/lib/python3.7/site-packages/airflow/example_dags/example_branch_datetime_operator.py
[2022-08-11 10:01:46,696] {processor.py:641} INFO - Processing file /Users/pro/Documents/a_env/proj_data/lib/python3.7/site-packages/airflow/example_dags/example_branch_datetime_operator.py for tasks to queue
[2022-08-11 10:01:46,717] {logging_mixin.py:115} INFO - [2022-08-11 10:01:46,716] {dagbag.py:508} INFO - Filling up the DagBag from /Users/pro/Documents/a_env/proj_data/lib/python3.7/site-packages/airflow/example_dags/example_branch_datetime_operator.py
[2022-08-11 10:01:46,753] {processor.py:651} INFO - DAG(s) dict_keys(['example_branch_datetime_operator', 'example_branch_datetime_operator_2']) retrieved from /Users/pro/Documents/a_env/proj_data/lib/python3.7/site-packages/airflow/example_dags/example_branch_datetime_operator.py
[2022-08-11 10:01:46,781] {logging_mixin.py:115} INFO - [2022-08-11 10:01:46,781] {dag.py:2420} INFO - Sync 2 DAGs
[2022-08-11 10:01:46,800] {logging_mixin.py:115} INFO - [2022-08-11 10:01:46,800] {dag.py:2972} INFO - Setting next_dagrun for example_branch_datetime_operator to 2022-08-10T00:00:00+00:00, run_after=2022-08-11T00:00:00+00:00
[2022-08-11 10:01:46,802] {logging_mixin.py:115} INFO - [2022-08-11 10:01:46,802] {dag.py:2972} INFO - Setting next_dagrun for example_branch_datetime_operator_2 to 2022-08-10T00:00:00+00:00, run_after=2022-08-11T00:00:00+00:00
[2022-08-11 10:01:46,814] {processor.py:161} INFO - Processing /Users/pro/Documents/a_env/proj_data/lib/python3.7/site-packages/airflow/example_dags/example_branch_datetime_operator.py took 0.133 seconds
[2022-08-11 10:02:22,516] {processor.py:153} INFO - Started process (PID=52024) to work on /Users/pro/Documents/a_env/proj_data/lib/python3.7/site-packages/airflow/example_dags/example_branch_datetime_operator.py
[2022-08-11 10:02:22,518] {processor.py:641} INFO - Processing file /Users/pro/Documents/a_env/proj_data/lib/python3.7/site-packages/airflow/example_dags/example_branch_datetime_operator.py for tasks to queue
[2022-08-11 10:02:22,519] {logging_mixin.py:115} INFO - [2022-08-11 10:02:22,518] {dagbag.py:508} INFO - Filling up the DagBag from /Users/pro/Documents/a_env/proj_data/lib/python3.7/site-packages/airflow/example_dags/example_branch_datetime_operator.py
[2022-08-11 10:02:22,534] {processor.py:651} INFO - DAG(s) dict_keys(['example_branch_datetime_operator', 'example_branch_datetime_operator_2']) retrieved from /Users/pro/Documents/a_env/proj_data/lib/python3.7/site-packages/airflow/example_dags/example_branch_datetime_operator.py
[2022-08-11 10:02:22,555] {logging_mixin.py:115} INFO - [2022-08-11 10:02:22,554] {dag.py:2420} INFO - Sync 2 DAGs
[2022-08-11 10:02:22,574] {logging_mixin.py:115} INFO - [2022-08-11 10:02:22,574] {dag.py:2972} INFO - Setting next_dagrun for example_branch_datetime_operator to 2022-08-10T00:00:00+00:00, run_after=2022-08-11T00:00:00+00:00
[2022-08-11 10:02:22,576] {logging_mixin.py:115} INFO - [2022-08-11 10:02:22,576] {dag.py:2972} INFO - Setting next_dagrun for example_branch_datetime_operator_2 to 2022-08-10T00:00:00+00:00, run_after=2022-08-11T00:00:00+00:00
[2022-08-11 10:02:22,588] {processor.py:161} INFO - Processing /Users/pro/Documents/a_env/proj_data/lib/python3.7/site-packages/airflow/example_dags/example_branch_datetime_operator.py took 0.076 seconds
[2022-08-11 10:02:58,911] {processor.py:153} INFO - Started process (PID=52064) to work on /Users/pro/Documents/a_env/proj_data/lib/python3.7/site-packages/airflow/example_dags/example_branch_datetime_operator.py
[2022-08-11 10:02:58,912] {processor.py:641} INFO - Processing file /Users/pro/Documents/a_env/proj_data/lib/python3.7/site-packages/airflow/example_dags/example_branch_datetime_operator.py for tasks to queue
[2022-08-11 10:02:58,913] {logging_mixin.py:115} INFO - [2022-08-11 10:02:58,913] {dagbag.py:508} INFO - Filling up the DagBag from /Users/pro/Documents/a_env/proj_data/lib/python3.7/site-packages/airflow/example_dags/example_branch_datetime_operator.py
[2022-08-11 10:02:58,929] {processor.py:651} INFO - DAG(s) dict_keys(['example_branch_datetime_operator', 'example_branch_datetime_operator_2']) retrieved from /Users/pro/Documents/a_env/proj_data/lib/python3.7/site-packages/airflow/example_dags/example_branch_datetime_operator.py
[2022-08-11 10:02:58,950] {logging_mixin.py:115} INFO - [2022-08-11 10:02:58,950] {dag.py:2420} INFO - Sync 2 DAGs
[2022-08-11 10:02:58,970] {logging_mixin.py:115} INFO - [2022-08-11 10:02:58,969] {dag.py:2972} INFO - Setting next_dagrun for example_branch_datetime_operator to 2022-08-10T00:00:00+00:00, run_after=2022-08-11T00:00:00+00:00
[2022-08-11 10:02:58,972] {logging_mixin.py:115} INFO - [2022-08-11 10:02:58,971] {dag.py:2972} INFO - Setting next_dagrun for example_branch_datetime_operator_2 to 2022-08-10T00:00:00+00:00, run_after=2022-08-11T00:00:00+00:00
[2022-08-11 10:02:58,984] {processor.py:161} INFO - Processing /Users/pro/Documents/a_env/proj_data/lib/python3.7/site-packages/airflow/example_dags/example_branch_datetime_operator.py took 0.078 seconds
[2022-08-11 10:03:37,909] {processor.py:153} INFO - Started process (PID=52105) to work on /Users/pro/Documents/a_env/proj_data/lib/python3.7/site-packages/airflow/example_dags/example_branch_datetime_operator.py
[2022-08-11 10:03:37,912] {processor.py:641} INFO - Processing file /Users/pro/Documents/a_env/proj_data/lib/python3.7/site-packages/airflow/example_dags/example_branch_datetime_operator.py for tasks to queue
[2022-08-11 10:03:37,913] {logging_mixin.py:115} INFO - [2022-08-11 10:03:37,913] {dagbag.py:508} INFO - Filling up the DagBag from /Users/pro/Documents/a_env/proj_data/lib/python3.7/site-packages/airflow/example_dags/example_branch_datetime_operator.py
[2022-08-11 10:03:37,931] {processor.py:651} INFO - DAG(s) dict_keys(['example_branch_datetime_operator', 'example_branch_datetime_operator_2']) retrieved from /Users/pro/Documents/a_env/proj_data/lib/python3.7/site-packages/airflow/example_dags/example_branch_datetime_operator.py
[2022-08-11 10:03:37,953] {logging_mixin.py:115} INFO - [2022-08-11 10:03:37,953] {dag.py:2420} INFO - Sync 2 DAGs
[2022-08-11 10:03:37,972] {logging_mixin.py:115} INFO - [2022-08-11 10:03:37,972] {dag.py:2972} INFO - Setting next_dagrun for example_branch_datetime_operator to 2022-08-10T00:00:00+00:00, run_after=2022-08-11T00:00:00+00:00
[2022-08-11 10:03:37,974] {logging_mixin.py:115} INFO - [2022-08-11 10:03:37,974] {dag.py:2972} INFO - Setting next_dagrun for example_branch_datetime_operator_2 to 2022-08-10T00:00:00+00:00, run_after=2022-08-11T00:00:00+00:00
[2022-08-11 10:03:37,988] {processor.py:161} INFO - Processing /Users/pro/Documents/a_env/proj_data/lib/python3.7/site-packages/airflow/example_dags/example_branch_datetime_operator.py took 0.085 seconds
[2022-08-11 10:04:16,343] {processor.py:153} INFO - Started process (PID=52144) to work on /Users/pro/Documents/a_env/proj_data/lib/python3.7/site-packages/airflow/example_dags/example_branch_datetime_operator.py
[2022-08-11 10:04:16,344] {processor.py:641} INFO - Processing file /Users/pro/Documents/a_env/proj_data/lib/python3.7/site-packages/airflow/example_dags/example_branch_datetime_operator.py for tasks to queue
[2022-08-11 10:04:16,345] {logging_mixin.py:115} INFO - [2022-08-11 10:04:16,345] {dagbag.py:508} INFO - Filling up the DagBag from /Users/pro/Documents/a_env/proj_data/lib/python3.7/site-packages/airflow/example_dags/example_branch_datetime_operator.py
[2022-08-11 10:04:16,360] {processor.py:651} INFO - DAG(s) dict_keys(['example_branch_datetime_operator', 'example_branch_datetime_operator_2']) retrieved from /Users/pro/Documents/a_env/proj_data/lib/python3.7/site-packages/airflow/example_dags/example_branch_datetime_operator.py
[2022-08-11 10:04:16,381] {logging_mixin.py:115} INFO - [2022-08-11 10:04:16,380] {dag.py:2420} INFO - Sync 2 DAGs
[2022-08-11 10:04:16,400] {logging_mixin.py:115} INFO - [2022-08-11 10:04:16,400] {dag.py:2972} INFO - Setting next_dagrun for example_branch_datetime_operator to 2022-08-10T00:00:00+00:00, run_after=2022-08-11T00:00:00+00:00
[2022-08-11 10:04:16,402] {logging_mixin.py:115} INFO - [2022-08-11 10:04:16,402] {dag.py:2972} INFO - Setting next_dagrun for example_branch_datetime_operator_2 to 2022-08-10T00:00:00+00:00, run_after=2022-08-11T00:00:00+00:00
[2022-08-11 10:04:16,416] {processor.py:161} INFO - Processing /Users/pro/Documents/a_env/proj_data/lib/python3.7/site-packages/airflow/example_dags/example_branch_datetime_operator.py took 0.078 seconds
[2022-08-11 10:22:57,291] {processor.py:153} INFO - Started process (PID=52241) to work on /Users/pro/Documents/a_env/proj_data/lib/python3.7/site-packages/airflow/example_dags/example_branch_datetime_operator.py
[2022-08-11 10:22:57,293] {processor.py:641} INFO - Processing file /Users/pro/Documents/a_env/proj_data/lib/python3.7/site-packages/airflow/example_dags/example_branch_datetime_operator.py for tasks to queue
[2022-08-11 10:22:57,294] {logging_mixin.py:115} INFO - [2022-08-11 10:22:57,294] {dagbag.py:508} INFO - Filling up the DagBag from /Users/pro/Documents/a_env/proj_data/lib/python3.7/site-packages/airflow/example_dags/example_branch_datetime_operator.py
[2022-08-11 10:22:57,310] {processor.py:651} INFO - DAG(s) dict_keys(['example_branch_datetime_operator', 'example_branch_datetime_operator_2']) retrieved from /Users/pro/Documents/a_env/proj_data/lib/python3.7/site-packages/airflow/example_dags/example_branch_datetime_operator.py
[2022-08-11 10:22:57,338] {logging_mixin.py:115} INFO - [2022-08-11 10:22:57,337] {dag.py:2420} INFO - Sync 2 DAGs
[2022-08-11 10:22:57,360] {logging_mixin.py:115} INFO - [2022-08-11 10:22:57,359] {dag.py:2972} INFO - Setting next_dagrun for example_branch_datetime_operator to 2022-08-10T00:00:00+00:00, run_after=2022-08-11T00:00:00+00:00
[2022-08-11 10:22:57,362] {logging_mixin.py:115} INFO - [2022-08-11 10:22:57,361] {dag.py:2972} INFO - Setting next_dagrun for example_branch_datetime_operator_2 to 2022-08-10T00:00:00+00:00, run_after=2022-08-11T00:00:00+00:00
[2022-08-11 10:22:57,376] {processor.py:161} INFO - Processing /Users/pro/Documents/a_env/proj_data/lib/python3.7/site-packages/airflow/example_dags/example_branch_datetime_operator.py took 0.090 seconds
[2022-08-11 10:23:31,711] {processor.py:153} INFO - Started process (PID=52298) to work on /Users/pro/Documents/a_env/proj_data/lib/python3.7/site-packages/airflow/example_dags/example_branch_datetime_operator.py
[2022-08-11 10:23:31,712] {processor.py:641} INFO - Processing file /Users/pro/Documents/a_env/proj_data/lib/python3.7/site-packages/airflow/example_dags/example_branch_datetime_operator.py for tasks to queue
[2022-08-11 10:23:31,713] {logging_mixin.py:115} INFO - [2022-08-11 10:23:31,712] {dagbag.py:508} INFO - Filling up the DagBag from /Users/pro/Documents/a_env/proj_data/lib/python3.7/site-packages/airflow/example_dags/example_branch_datetime_operator.py
[2022-08-11 10:23:31,730] {processor.py:651} INFO - DAG(s) dict_keys(['example_branch_datetime_operator', 'example_branch_datetime_operator_2']) retrieved from /Users/pro/Documents/a_env/proj_data/lib/python3.7/site-packages/airflow/example_dags/example_branch_datetime_operator.py
[2022-08-11 10:23:31,753] {logging_mixin.py:115} INFO - [2022-08-11 10:23:31,753] {dag.py:2420} INFO - Sync 2 DAGs
[2022-08-11 10:23:31,775] {logging_mixin.py:115} INFO - [2022-08-11 10:23:31,774] {dag.py:2972} INFO - Setting next_dagrun for example_branch_datetime_operator to 2022-08-10T00:00:00+00:00, run_after=2022-08-11T00:00:00+00:00
[2022-08-11 10:23:31,777] {logging_mixin.py:115} INFO - [2022-08-11 10:23:31,776] {dag.py:2972} INFO - Setting next_dagrun for example_branch_datetime_operator_2 to 2022-08-10T00:00:00+00:00, run_after=2022-08-11T00:00:00+00:00
[2022-08-11 10:23:31,790] {processor.py:161} INFO - Processing /Users/pro/Documents/a_env/proj_data/lib/python3.7/site-packages/airflow/example_dags/example_branch_datetime_operator.py took 0.085 seconds
[2022-08-11 10:24:11,040] {processor.py:153} INFO - Started process (PID=52408) to work on /Users/pro/Documents/a_env/proj_data/lib/python3.7/site-packages/airflow/example_dags/example_branch_datetime_operator.py
[2022-08-11 10:24:11,042] {processor.py:641} INFO - Processing file /Users/pro/Documents/a_env/proj_data/lib/python3.7/site-packages/airflow/example_dags/example_branch_datetime_operator.py for tasks to queue
[2022-08-11 10:24:11,043] {logging_mixin.py:115} INFO - [2022-08-11 10:24:11,043] {dagbag.py:508} INFO - Filling up the DagBag from /Users/pro/Documents/a_env/proj_data/lib/python3.7/site-packages/airflow/example_dags/example_branch_datetime_operator.py
[2022-08-11 10:24:11,059] {processor.py:651} INFO - DAG(s) dict_keys(['example_branch_datetime_operator', 'example_branch_datetime_operator_2']) retrieved from /Users/pro/Documents/a_env/proj_data/lib/python3.7/site-packages/airflow/example_dags/example_branch_datetime_operator.py
[2022-08-11 10:24:11,081] {logging_mixin.py:115} INFO - [2022-08-11 10:24:11,081] {dag.py:2420} INFO - Sync 2 DAGs
[2022-08-11 10:24:11,108] {logging_mixin.py:115} INFO - [2022-08-11 10:24:11,108] {dag.py:2972} INFO - Setting next_dagrun for example_branch_datetime_operator to 2022-08-10T00:00:00+00:00, run_after=2022-08-11T00:00:00+00:00
[2022-08-11 10:24:11,110] {logging_mixin.py:115} INFO - [2022-08-11 10:24:11,110] {dag.py:2972} INFO - Setting next_dagrun for example_branch_datetime_operator_2 to 2022-08-10T00:00:00+00:00, run_after=2022-08-11T00:00:00+00:00
[2022-08-11 10:24:11,124] {processor.py:161} INFO - Processing /Users/pro/Documents/a_env/proj_data/lib/python3.7/site-packages/airflow/example_dags/example_branch_datetime_operator.py took 0.089 seconds
[2022-08-11 10:24:48,169] {processor.py:153} INFO - Started process (PID=52460) to work on /Users/pro/Documents/a_env/proj_data/lib/python3.7/site-packages/airflow/example_dags/example_branch_datetime_operator.py
[2022-08-11 10:24:48,170] {processor.py:641} INFO - Processing file /Users/pro/Documents/a_env/proj_data/lib/python3.7/site-packages/airflow/example_dags/example_branch_datetime_operator.py for tasks to queue
[2022-08-11 10:24:48,172] {logging_mixin.py:115} INFO - [2022-08-11 10:24:48,171] {dagbag.py:508} INFO - Filling up the DagBag from /Users/pro/Documents/a_env/proj_data/lib/python3.7/site-packages/airflow/example_dags/example_branch_datetime_operator.py
[2022-08-11 10:24:48,191] {processor.py:651} INFO - DAG(s) dict_keys(['example_branch_datetime_operator', 'example_branch_datetime_operator_2']) retrieved from /Users/pro/Documents/a_env/proj_data/lib/python3.7/site-packages/airflow/example_dags/example_branch_datetime_operator.py
[2022-08-11 10:24:48,228] {logging_mixin.py:115} INFO - [2022-08-11 10:24:48,228] {dag.py:2420} INFO - Sync 2 DAGs
[2022-08-11 10:24:48,251] {logging_mixin.py:115} INFO - [2022-08-11 10:24:48,251] {dag.py:2972} INFO - Setting next_dagrun for example_branch_datetime_operator to 2022-08-10T00:00:00+00:00, run_after=2022-08-11T00:00:00+00:00
[2022-08-11 10:24:48,254] {logging_mixin.py:115} INFO - [2022-08-11 10:24:48,254] {dag.py:2972} INFO - Setting next_dagrun for example_branch_datetime_operator_2 to 2022-08-10T00:00:00+00:00, run_after=2022-08-11T00:00:00+00:00
[2022-08-11 10:24:48,270] {processor.py:161} INFO - Processing /Users/pro/Documents/a_env/proj_data/lib/python3.7/site-packages/airflow/example_dags/example_branch_datetime_operator.py took 0.105 seconds
[2022-08-11 10:25:27,477] {processor.py:153} INFO - Started process (PID=52503) to work on /Users/pro/Documents/a_env/proj_data/lib/python3.7/site-packages/airflow/example_dags/example_branch_datetime_operator.py
[2022-08-11 10:25:27,478] {processor.py:641} INFO - Processing file /Users/pro/Documents/a_env/proj_data/lib/python3.7/site-packages/airflow/example_dags/example_branch_datetime_operator.py for tasks to queue
[2022-08-11 10:25:27,482] {logging_mixin.py:115} INFO - [2022-08-11 10:25:27,482] {dagbag.py:508} INFO - Filling up the DagBag from /Users/pro/Documents/a_env/proj_data/lib/python3.7/site-packages/airflow/example_dags/example_branch_datetime_operator.py
[2022-08-11 10:25:27,499] {processor.py:651} INFO - DAG(s) dict_keys(['example_branch_datetime_operator', 'example_branch_datetime_operator_2']) retrieved from /Users/pro/Documents/a_env/proj_data/lib/python3.7/site-packages/airflow/example_dags/example_branch_datetime_operator.py
[2022-08-11 10:25:27,526] {logging_mixin.py:115} INFO - [2022-08-11 10:25:27,526] {dag.py:2420} INFO - Sync 2 DAGs
[2022-08-11 10:25:27,549] {logging_mixin.py:115} INFO - [2022-08-11 10:25:27,549] {dag.py:2972} INFO - Setting next_dagrun for example_branch_datetime_operator to 2022-08-10T00:00:00+00:00, run_after=2022-08-11T00:00:00+00:00
[2022-08-11 10:25:27,552] {logging_mixin.py:115} INFO - [2022-08-11 10:25:27,551] {dag.py:2972} INFO - Setting next_dagrun for example_branch_datetime_operator_2 to 2022-08-10T00:00:00+00:00, run_after=2022-08-11T00:00:00+00:00
[2022-08-11 10:25:27,566] {processor.py:161} INFO - Processing /Users/pro/Documents/a_env/proj_data/lib/python3.7/site-packages/airflow/example_dags/example_branch_datetime_operator.py took 0.093 seconds
[2022-08-11 10:26:07,735] {processor.py:153} INFO - Started process (PID=52593) to work on /Users/pro/Documents/a_env/proj_data/lib/python3.7/site-packages/airflow/example_dags/example_branch_datetime_operator.py
[2022-08-11 10:26:07,736] {processor.py:641} INFO - Processing file /Users/pro/Documents/a_env/proj_data/lib/python3.7/site-packages/airflow/example_dags/example_branch_datetime_operator.py for tasks to queue
[2022-08-11 10:26:07,737] {logging_mixin.py:115} INFO - [2022-08-11 10:26:07,737] {dagbag.py:508} INFO - Filling up the DagBag from /Users/pro/Documents/a_env/proj_data/lib/python3.7/site-packages/airflow/example_dags/example_branch_datetime_operator.py
[2022-08-11 10:26:07,759] {processor.py:651} INFO - DAG(s) dict_keys(['example_branch_datetime_operator', 'example_branch_datetime_operator_2']) retrieved from /Users/pro/Documents/a_env/proj_data/lib/python3.7/site-packages/airflow/example_dags/example_branch_datetime_operator.py
[2022-08-11 10:26:07,786] {logging_mixin.py:115} INFO - [2022-08-11 10:26:07,786] {dag.py:2420} INFO - Sync 2 DAGs
[2022-08-11 10:26:07,813] {logging_mixin.py:115} INFO - [2022-08-11 10:26:07,813] {dag.py:2972} INFO - Setting next_dagrun for example_branch_datetime_operator to 2022-08-10T00:00:00+00:00, run_after=2022-08-11T00:00:00+00:00
[2022-08-11 10:26:07,815] {logging_mixin.py:115} INFO - [2022-08-11 10:26:07,815] {dag.py:2972} INFO - Setting next_dagrun for example_branch_datetime_operator_2 to 2022-08-10T00:00:00+00:00, run_after=2022-08-11T00:00:00+00:00
[2022-08-11 10:26:07,832] {processor.py:161} INFO - Processing /Users/pro/Documents/a_env/proj_data/lib/python3.7/site-packages/airflow/example_dags/example_branch_datetime_operator.py took 0.102 seconds
[2022-08-11 10:27:01,668] {processor.py:153} INFO - Started process (PID=52656) to work on /Users/pro/Documents/a_env/proj_data/lib/python3.7/site-packages/airflow/example_dags/example_branch_datetime_operator.py
[2022-08-11 10:27:01,670] {processor.py:641} INFO - Processing file /Users/pro/Documents/a_env/proj_data/lib/python3.7/site-packages/airflow/example_dags/example_branch_datetime_operator.py for tasks to queue
[2022-08-11 10:27:01,671] {logging_mixin.py:115} INFO - [2022-08-11 10:27:01,671] {dagbag.py:508} INFO - Filling up the DagBag from /Users/pro/Documents/a_env/proj_data/lib/python3.7/site-packages/airflow/example_dags/example_branch_datetime_operator.py
[2022-08-11 10:27:01,696] {processor.py:651} INFO - DAG(s) dict_keys(['example_branch_datetime_operator', 'example_branch_datetime_operator_2']) retrieved from /Users/pro/Documents/a_env/proj_data/lib/python3.7/site-packages/airflow/example_dags/example_branch_datetime_operator.py
[2022-08-11 10:27:01,726] {logging_mixin.py:115} INFO - [2022-08-11 10:27:01,726] {dag.py:2420} INFO - Sync 2 DAGs
[2022-08-11 10:27:01,753] {logging_mixin.py:115} INFO - [2022-08-11 10:27:01,752] {dag.py:2972} INFO - Setting next_dagrun for example_branch_datetime_operator to 2022-08-10T00:00:00+00:00, run_after=2022-08-11T00:00:00+00:00
[2022-08-11 10:27:01,755] {logging_mixin.py:115} INFO - [2022-08-11 10:27:01,755] {dag.py:2972} INFO - Setting next_dagrun for example_branch_datetime_operator_2 to 2022-08-10T00:00:00+00:00, run_after=2022-08-11T00:00:00+00:00
[2022-08-11 10:27:01,774] {processor.py:161} INFO - Processing /Users/pro/Documents/a_env/proj_data/lib/python3.7/site-packages/airflow/example_dags/example_branch_datetime_operator.py took 0.111 seconds
[2022-08-11 10:27:51,878] {processor.py:153} INFO - Started process (PID=52706) to work on /Users/pro/Documents/a_env/proj_data/lib/python3.7/site-packages/airflow/example_dags/example_branch_datetime_operator.py
[2022-08-11 10:27:51,880] {processor.py:641} INFO - Processing file /Users/pro/Documents/a_env/proj_data/lib/python3.7/site-packages/airflow/example_dags/example_branch_datetime_operator.py for tasks to queue
[2022-08-11 10:27:51,881] {logging_mixin.py:115} INFO - [2022-08-11 10:27:51,881] {dagbag.py:508} INFO - Filling up the DagBag from /Users/pro/Documents/a_env/proj_data/lib/python3.7/site-packages/airflow/example_dags/example_branch_datetime_operator.py
[2022-08-11 10:27:51,900] {processor.py:651} INFO - DAG(s) dict_keys(['example_branch_datetime_operator', 'example_branch_datetime_operator_2']) retrieved from /Users/pro/Documents/a_env/proj_data/lib/python3.7/site-packages/airflow/example_dags/example_branch_datetime_operator.py
[2022-08-11 10:27:51,923] {logging_mixin.py:115} INFO - [2022-08-11 10:27:51,923] {dag.py:2420} INFO - Sync 2 DAGs
[2022-08-11 10:27:51,946] {logging_mixin.py:115} INFO - [2022-08-11 10:27:51,945] {dag.py:2972} INFO - Setting next_dagrun for example_branch_datetime_operator to 2022-08-10T00:00:00+00:00, run_after=2022-08-11T00:00:00+00:00
[2022-08-11 10:27:51,948] {logging_mixin.py:115} INFO - [2022-08-11 10:27:51,947] {dag.py:2972} INFO - Setting next_dagrun for example_branch_datetime_operator_2 to 2022-08-10T00:00:00+00:00, run_after=2022-08-11T00:00:00+00:00
[2022-08-11 10:27:51,962] {processor.py:161} INFO - Processing /Users/pro/Documents/a_env/proj_data/lib/python3.7/site-packages/airflow/example_dags/example_branch_datetime_operator.py took 0.088 seconds
[2022-08-11 10:28:39,329] {processor.py:153} INFO - Started process (PID=52777) to work on /Users/pro/Documents/a_env/proj_data/lib/python3.7/site-packages/airflow/example_dags/example_branch_datetime_operator.py
[2022-08-11 10:28:39,330] {processor.py:641} INFO - Processing file /Users/pro/Documents/a_env/proj_data/lib/python3.7/site-packages/airflow/example_dags/example_branch_datetime_operator.py for tasks to queue
[2022-08-11 10:28:39,336] {logging_mixin.py:115} INFO - [2022-08-11 10:28:39,334] {dagbag.py:508} INFO - Filling up the DagBag from /Users/pro/Documents/a_env/proj_data/lib/python3.7/site-packages/airflow/example_dags/example_branch_datetime_operator.py
[2022-08-11 10:28:39,361] {processor.py:651} INFO - DAG(s) dict_keys(['example_branch_datetime_operator', 'example_branch_datetime_operator_2']) retrieved from /Users/pro/Documents/a_env/proj_data/lib/python3.7/site-packages/airflow/example_dags/example_branch_datetime_operator.py
[2022-08-11 10:28:39,419] {logging_mixin.py:115} INFO - [2022-08-11 10:28:39,419] {dag.py:2420} INFO - Sync 2 DAGs
[2022-08-11 10:28:39,456] {logging_mixin.py:115} INFO - [2022-08-11 10:28:39,456] {dag.py:2972} INFO - Setting next_dagrun for example_branch_datetime_operator to 2022-08-10T00:00:00+00:00, run_after=2022-08-11T00:00:00+00:00
[2022-08-11 10:28:39,458] {logging_mixin.py:115} INFO - [2022-08-11 10:28:39,458] {dag.py:2972} INFO - Setting next_dagrun for example_branch_datetime_operator_2 to 2022-08-10T00:00:00+00:00, run_after=2022-08-11T00:00:00+00:00
[2022-08-11 10:28:39,477] {processor.py:161} INFO - Processing /Users/pro/Documents/a_env/proj_data/lib/python3.7/site-packages/airflow/example_dags/example_branch_datetime_operator.py took 0.162 seconds
