[2022-08-11 08:02:20,419] {processor.py:153} INFO - Started process (PID=50709) to work on /Users/pro/Documents/a_env/proj_data/lib/python3.7/site-packages/airflow/example_dags/example_trigger_controller_dag.py
[2022-08-11 08:02:20,425] {processor.py:641} INFO - Processing file /Users/pro/Documents/a_env/proj_data/lib/python3.7/site-packages/airflow/example_dags/example_trigger_controller_dag.py for tasks to queue
[2022-08-11 08:02:20,435] {logging_mixin.py:115} INFO - [2022-08-11 08:02:20,432] {dagbag.py:508} INFO - Filling up the DagBag from /Users/pro/Documents/a_env/proj_data/lib/python3.7/site-packages/airflow/example_dags/example_trigger_controller_dag.py
[2022-08-11 08:02:20,473] {processor.py:651} INFO - DAG(s) dict_keys(['example_trigger_controller_dag']) retrieved from /Users/pro/Documents/a_env/proj_data/lib/python3.7/site-packages/airflow/example_dags/example_trigger_controller_dag.py
[2022-08-11 08:02:20,623] {logging_mixin.py:115} INFO - [2022-08-11 08:02:20,621] {dag.py:2420} INFO - Sync 1 DAGs
[2022-08-11 08:02:20,768] {logging_mixin.py:115} INFO - [2022-08-11 08:02:20,765] {dag.py:2972} INFO - Setting next_dagrun for example_trigger_controller_dag to 2021-01-01T00:00:00+00:00, run_after=2021-01-01T00:00:00+00:00
[2022-08-11 08:02:20,852] {processor.py:161} INFO - Processing /Users/pro/Documents/a_env/proj_data/lib/python3.7/site-packages/airflow/example_dags/example_trigger_controller_dag.py took 0.466 seconds
[2022-08-11 08:31:40,158] {processor.py:153} INFO - Started process (PID=50777) to work on /Users/pro/Documents/a_env/proj_data/lib/python3.7/site-packages/airflow/example_dags/example_trigger_controller_dag.py
[2022-08-11 08:31:40,159] {processor.py:641} INFO - Processing file /Users/pro/Documents/a_env/proj_data/lib/python3.7/site-packages/airflow/example_dags/example_trigger_controller_dag.py for tasks to queue
[2022-08-11 08:31:40,160] {logging_mixin.py:115} INFO - [2022-08-11 08:31:40,160] {dagbag.py:508} INFO - Filling up the DagBag from /Users/pro/Documents/a_env/proj_data/lib/python3.7/site-packages/airflow/example_dags/example_trigger_controller_dag.py
[2022-08-11 08:31:40,164] {processor.py:651} INFO - DAG(s) dict_keys(['example_trigger_controller_dag']) retrieved from /Users/pro/Documents/a_env/proj_data/lib/python3.7/site-packages/airflow/example_dags/example_trigger_controller_dag.py
[2022-08-11 08:31:40,185] {logging_mixin.py:115} INFO - [2022-08-11 08:31:40,185] {dag.py:2420} INFO - Sync 1 DAGs
[2022-08-11 08:31:40,205] {logging_mixin.py:115} INFO - [2022-08-11 08:31:40,205] {dag.py:2972} INFO - Setting next_dagrun for example_trigger_controller_dag to 2021-01-01T00:00:00+00:00, run_after=2021-01-01T00:00:00+00:00
[2022-08-11 08:31:40,217] {processor.py:161} INFO - Processing /Users/pro/Documents/a_env/proj_data/lib/python3.7/site-packages/airflow/example_dags/example_trigger_controller_dag.py took 0.062 seconds
[2022-08-11 09:31:43,253] {processor.py:153} INFO - Started process (PID=50863) to work on /Users/pro/Documents/a_env/proj_data/lib/python3.7/site-packages/airflow/example_dags/example_trigger_controller_dag.py
[2022-08-11 09:31:43,254] {processor.py:641} INFO - Processing file /Users/pro/Documents/a_env/proj_data/lib/python3.7/site-packages/airflow/example_dags/example_trigger_controller_dag.py for tasks to queue
[2022-08-11 09:31:43,255] {logging_mixin.py:115} INFO - [2022-08-11 09:31:43,254] {dagbag.py:508} INFO - Filling up the DagBag from /Users/pro/Documents/a_env/proj_data/lib/python3.7/site-packages/airflow/example_dags/example_trigger_controller_dag.py
[2022-08-11 09:31:43,259] {processor.py:651} INFO - DAG(s) dict_keys(['example_trigger_controller_dag']) retrieved from /Users/pro/Documents/a_env/proj_data/lib/python3.7/site-packages/airflow/example_dags/example_trigger_controller_dag.py
[2022-08-11 09:31:43,279] {logging_mixin.py:115} INFO - [2022-08-11 09:31:43,279] {dag.py:2420} INFO - Sync 1 DAGs
[2022-08-11 09:31:43,297] {logging_mixin.py:115} INFO - [2022-08-11 09:31:43,297] {dag.py:2972} INFO - Setting next_dagrun for example_trigger_controller_dag to 2021-01-01T00:00:00+00:00, run_after=2021-01-01T00:00:00+00:00
[2022-08-11 09:31:43,311] {processor.py:161} INFO - Processing /Users/pro/Documents/a_env/proj_data/lib/python3.7/site-packages/airflow/example_dags/example_trigger_controller_dag.py took 0.062 seconds
[2022-08-11 09:46:01,491] {processor.py:153} INFO - Started process (PID=50938) to work on /Users/pro/Documents/a_env/proj_data/lib/python3.7/site-packages/airflow/example_dags/example_trigger_controller_dag.py
[2022-08-11 09:46:01,492] {processor.py:641} INFO - Processing file /Users/pro/Documents/a_env/proj_data/lib/python3.7/site-packages/airflow/example_dags/example_trigger_controller_dag.py for tasks to queue
[2022-08-11 09:46:01,493] {logging_mixin.py:115} INFO - [2022-08-11 09:46:01,493] {dagbag.py:508} INFO - Filling up the DagBag from /Users/pro/Documents/a_env/proj_data/lib/python3.7/site-packages/airflow/example_dags/example_trigger_controller_dag.py
[2022-08-11 09:46:01,500] {processor.py:651} INFO - DAG(s) dict_keys(['example_trigger_controller_dag']) retrieved from /Users/pro/Documents/a_env/proj_data/lib/python3.7/site-packages/airflow/example_dags/example_trigger_controller_dag.py
[2022-08-11 09:46:01,523] {logging_mixin.py:115} INFO - [2022-08-11 09:46:01,522] {dag.py:2420} INFO - Sync 1 DAGs
[2022-08-11 09:46:01,544] {logging_mixin.py:115} INFO - [2022-08-11 09:46:01,543] {dag.py:2972} INFO - Setting next_dagrun for example_trigger_controller_dag to 2021-01-01T00:00:00+00:00, run_after=2021-01-01T00:00:00+00:00
[2022-08-11 09:46:01,557] {processor.py:161} INFO - Processing /Users/pro/Documents/a_env/proj_data/lib/python3.7/site-packages/airflow/example_dags/example_trigger_controller_dag.py took 0.071 seconds
[2022-08-11 09:46:37,735] {processor.py:153} INFO - Started process (PID=50976) to work on /Users/pro/Documents/a_env/proj_data/lib/python3.7/site-packages/airflow/example_dags/example_trigger_controller_dag.py
[2022-08-11 09:46:37,736] {processor.py:641} INFO - Processing file /Users/pro/Documents/a_env/proj_data/lib/python3.7/site-packages/airflow/example_dags/example_trigger_controller_dag.py for tasks to queue
[2022-08-11 09:46:37,737] {logging_mixin.py:115} INFO - [2022-08-11 09:46:37,737] {dagbag.py:508} INFO - Filling up the DagBag from /Users/pro/Documents/a_env/proj_data/lib/python3.7/site-packages/airflow/example_dags/example_trigger_controller_dag.py
[2022-08-11 09:46:37,743] {processor.py:651} INFO - DAG(s) dict_keys(['example_trigger_controller_dag']) retrieved from /Users/pro/Documents/a_env/proj_data/lib/python3.7/site-packages/airflow/example_dags/example_trigger_controller_dag.py
[2022-08-11 09:46:37,766] {logging_mixin.py:115} INFO - [2022-08-11 09:46:37,766] {dag.py:2420} INFO - Sync 1 DAGs
[2022-08-11 09:46:37,787] {logging_mixin.py:115} INFO - [2022-08-11 09:46:37,787] {dag.py:2972} INFO - Setting next_dagrun for example_trigger_controller_dag to 2021-01-01T00:00:00+00:00, run_after=2021-01-01T00:00:00+00:00
[2022-08-11 09:46:37,802] {processor.py:161} INFO - Processing /Users/pro/Documents/a_env/proj_data/lib/python3.7/site-packages/airflow/example_dags/example_trigger_controller_dag.py took 0.073 seconds
[2022-08-11 09:47:12,119] {processor.py:153} INFO - Started process (PID=51017) to work on /Users/pro/Documents/a_env/proj_data/lib/python3.7/site-packages/airflow/example_dags/example_trigger_controller_dag.py
[2022-08-11 09:47:12,120] {processor.py:641} INFO - Processing file /Users/pro/Documents/a_env/proj_data/lib/python3.7/site-packages/airflow/example_dags/example_trigger_controller_dag.py for tasks to queue
[2022-08-11 09:47:12,121] {logging_mixin.py:115} INFO - [2022-08-11 09:47:12,121] {dagbag.py:508} INFO - Filling up the DagBag from /Users/pro/Documents/a_env/proj_data/lib/python3.7/site-packages/airflow/example_dags/example_trigger_controller_dag.py
[2022-08-11 09:47:12,127] {processor.py:651} INFO - DAG(s) dict_keys(['example_trigger_controller_dag']) retrieved from /Users/pro/Documents/a_env/proj_data/lib/python3.7/site-packages/airflow/example_dags/example_trigger_controller_dag.py
[2022-08-11 09:47:12,147] {logging_mixin.py:115} INFO - [2022-08-11 09:47:12,146] {dag.py:2420} INFO - Sync 1 DAGs
[2022-08-11 09:47:12,164] {logging_mixin.py:115} INFO - [2022-08-11 09:47:12,164] {dag.py:2972} INFO - Setting next_dagrun for example_trigger_controller_dag to 2021-01-01T00:00:00+00:00, run_after=2021-01-01T00:00:00+00:00
[2022-08-11 09:47:12,176] {processor.py:161} INFO - Processing /Users/pro/Documents/a_env/proj_data/lib/python3.7/site-packages/airflow/example_dags/example_trigger_controller_dag.py took 0.062 seconds
[2022-08-11 09:47:47,534] {processor.py:153} INFO - Started process (PID=51056) to work on /Users/pro/Documents/a_env/proj_data/lib/python3.7/site-packages/airflow/example_dags/example_trigger_controller_dag.py
[2022-08-11 09:47:47,535] {processor.py:641} INFO - Processing file /Users/pro/Documents/a_env/proj_data/lib/python3.7/site-packages/airflow/example_dags/example_trigger_controller_dag.py for tasks to queue
[2022-08-11 09:47:47,536] {logging_mixin.py:115} INFO - [2022-08-11 09:47:47,536] {dagbag.py:508} INFO - Filling up the DagBag from /Users/pro/Documents/a_env/proj_data/lib/python3.7/site-packages/airflow/example_dags/example_trigger_controller_dag.py
[2022-08-11 09:47:47,542] {processor.py:651} INFO - DAG(s) dict_keys(['example_trigger_controller_dag']) retrieved from /Users/pro/Documents/a_env/proj_data/lib/python3.7/site-packages/airflow/example_dags/example_trigger_controller_dag.py
[2022-08-11 09:47:47,564] {logging_mixin.py:115} INFO - [2022-08-11 09:47:47,563] {dag.py:2420} INFO - Sync 1 DAGs
[2022-08-11 09:47:47,585] {logging_mixin.py:115} INFO - [2022-08-11 09:47:47,584] {dag.py:2972} INFO - Setting next_dagrun for example_trigger_controller_dag to 2021-01-01T00:00:00+00:00, run_after=2021-01-01T00:00:00+00:00
[2022-08-11 09:47:47,597] {processor.py:161} INFO - Processing /Users/pro/Documents/a_env/proj_data/lib/python3.7/site-packages/airflow/example_dags/example_trigger_controller_dag.py took 0.067 seconds
[2022-08-11 09:48:19,089] {processor.py:153} INFO - Started process (PID=51091) to work on /Users/pro/Documents/a_env/proj_data/lib/python3.7/site-packages/airflow/example_dags/example_trigger_controller_dag.py
[2022-08-11 09:48:19,089] {processor.py:641} INFO - Processing file /Users/pro/Documents/a_env/proj_data/lib/python3.7/site-packages/airflow/example_dags/example_trigger_controller_dag.py for tasks to queue
[2022-08-11 09:48:19,091] {logging_mixin.py:115} INFO - [2022-08-11 09:48:19,090] {dagbag.py:508} INFO - Filling up the DagBag from /Users/pro/Documents/a_env/proj_data/lib/python3.7/site-packages/airflow/example_dags/example_trigger_controller_dag.py
[2022-08-11 09:48:19,096] {processor.py:651} INFO - DAG(s) dict_keys(['example_trigger_controller_dag']) retrieved from /Users/pro/Documents/a_env/proj_data/lib/python3.7/site-packages/airflow/example_dags/example_trigger_controller_dag.py
[2022-08-11 09:48:19,116] {logging_mixin.py:115} INFO - [2022-08-11 09:48:19,115] {dag.py:2420} INFO - Sync 1 DAGs
[2022-08-11 09:48:19,135] {logging_mixin.py:115} INFO - [2022-08-11 09:48:19,134] {dag.py:2972} INFO - Setting next_dagrun for example_trigger_controller_dag to 2021-01-01T00:00:00+00:00, run_after=2021-01-01T00:00:00+00:00
[2022-08-11 09:48:19,148] {processor.py:161} INFO - Processing /Users/pro/Documents/a_env/proj_data/lib/python3.7/site-packages/airflow/example_dags/example_trigger_controller_dag.py took 0.064 seconds
[2022-08-11 09:48:53,885] {processor.py:153} INFO - Started process (PID=51126) to work on /Users/pro/Documents/a_env/proj_data/lib/python3.7/site-packages/airflow/example_dags/example_trigger_controller_dag.py
[2022-08-11 09:48:53,886] {processor.py:641} INFO - Processing file /Users/pro/Documents/a_env/proj_data/lib/python3.7/site-packages/airflow/example_dags/example_trigger_controller_dag.py for tasks to queue
[2022-08-11 09:48:53,887] {logging_mixin.py:115} INFO - [2022-08-11 09:48:53,887] {dagbag.py:508} INFO - Filling up the DagBag from /Users/pro/Documents/a_env/proj_data/lib/python3.7/site-packages/airflow/example_dags/example_trigger_controller_dag.py
[2022-08-11 09:48:53,892] {processor.py:651} INFO - DAG(s) dict_keys(['example_trigger_controller_dag']) retrieved from /Users/pro/Documents/a_env/proj_data/lib/python3.7/site-packages/airflow/example_dags/example_trigger_controller_dag.py
[2022-08-11 09:48:53,913] {logging_mixin.py:115} INFO - [2022-08-11 09:48:53,913] {dag.py:2420} INFO - Sync 1 DAGs
[2022-08-11 09:48:53,945] {logging_mixin.py:115} INFO - [2022-08-11 09:48:53,945] {dag.py:2972} INFO - Setting next_dagrun for example_trigger_controller_dag to 2021-01-01T00:00:00+00:00, run_after=2021-01-01T00:00:00+00:00
[2022-08-11 09:48:53,996] {processor.py:161} INFO - Processing /Users/pro/Documents/a_env/proj_data/lib/python3.7/site-packages/airflow/example_dags/example_trigger_controller_dag.py took 0.115 seconds
[2022-08-11 09:49:26,587] {processor.py:153} INFO - Started process (PID=51161) to work on /Users/pro/Documents/a_env/proj_data/lib/python3.7/site-packages/airflow/example_dags/example_trigger_controller_dag.py
[2022-08-11 09:49:26,588] {processor.py:641} INFO - Processing file /Users/pro/Documents/a_env/proj_data/lib/python3.7/site-packages/airflow/example_dags/example_trigger_controller_dag.py for tasks to queue
[2022-08-11 09:49:26,590] {logging_mixin.py:115} INFO - [2022-08-11 09:49:26,589] {dagbag.py:508} INFO - Filling up the DagBag from /Users/pro/Documents/a_env/proj_data/lib/python3.7/site-packages/airflow/example_dags/example_trigger_controller_dag.py
[2022-08-11 09:49:26,595] {processor.py:651} INFO - DAG(s) dict_keys(['example_trigger_controller_dag']) retrieved from /Users/pro/Documents/a_env/proj_data/lib/python3.7/site-packages/airflow/example_dags/example_trigger_controller_dag.py
[2022-08-11 09:49:26,615] {logging_mixin.py:115} INFO - [2022-08-11 09:49:26,614] {dag.py:2420} INFO - Sync 1 DAGs
[2022-08-11 09:49:26,634] {logging_mixin.py:115} INFO - [2022-08-11 09:49:26,633] {dag.py:2972} INFO - Setting next_dagrun for example_trigger_controller_dag to 2021-01-01T00:00:00+00:00, run_after=2021-01-01T00:00:00+00:00
[2022-08-11 09:49:26,647] {processor.py:161} INFO - Processing /Users/pro/Documents/a_env/proj_data/lib/python3.7/site-packages/airflow/example_dags/example_trigger_controller_dag.py took 0.066 seconds
[2022-08-11 09:50:01,751] {processor.py:153} INFO - Started process (PID=51197) to work on /Users/pro/Documents/a_env/proj_data/lib/python3.7/site-packages/airflow/example_dags/example_trigger_controller_dag.py
[2022-08-11 09:50:01,752] {processor.py:641} INFO - Processing file /Users/pro/Documents/a_env/proj_data/lib/python3.7/site-packages/airflow/example_dags/example_trigger_controller_dag.py for tasks to queue
[2022-08-11 09:50:01,753] {logging_mixin.py:115} INFO - [2022-08-11 09:50:01,752] {dagbag.py:508} INFO - Filling up the DagBag from /Users/pro/Documents/a_env/proj_data/lib/python3.7/site-packages/airflow/example_dags/example_trigger_controller_dag.py
[2022-08-11 09:50:01,759] {processor.py:651} INFO - DAG(s) dict_keys(['example_trigger_controller_dag']) retrieved from /Users/pro/Documents/a_env/proj_data/lib/python3.7/site-packages/airflow/example_dags/example_trigger_controller_dag.py
[2022-08-11 09:50:01,779] {logging_mixin.py:115} INFO - [2022-08-11 09:50:01,779] {dag.py:2420} INFO - Sync 1 DAGs
[2022-08-11 09:50:01,798] {logging_mixin.py:115} INFO - [2022-08-11 09:50:01,798] {dag.py:2972} INFO - Setting next_dagrun for example_trigger_controller_dag to 2021-01-01T00:00:00+00:00, run_after=2021-01-01T00:00:00+00:00
[2022-08-11 09:50:01,811] {processor.py:161} INFO - Processing /Users/pro/Documents/a_env/proj_data/lib/python3.7/site-packages/airflow/example_dags/example_trigger_controller_dag.py took 0.065 seconds
[2022-08-11 09:50:36,107] {processor.py:153} INFO - Started process (PID=51232) to work on /Users/pro/Documents/a_env/proj_data/lib/python3.7/site-packages/airflow/example_dags/example_trigger_controller_dag.py
[2022-08-11 09:50:36,108] {processor.py:641} INFO - Processing file /Users/pro/Documents/a_env/proj_data/lib/python3.7/site-packages/airflow/example_dags/example_trigger_controller_dag.py for tasks to queue
[2022-08-11 09:50:36,109] {logging_mixin.py:115} INFO - [2022-08-11 09:50:36,109] {dagbag.py:508} INFO - Filling up the DagBag from /Users/pro/Documents/a_env/proj_data/lib/python3.7/site-packages/airflow/example_dags/example_trigger_controller_dag.py
[2022-08-11 09:50:36,114] {processor.py:651} INFO - DAG(s) dict_keys(['example_trigger_controller_dag']) retrieved from /Users/pro/Documents/a_env/proj_data/lib/python3.7/site-packages/airflow/example_dags/example_trigger_controller_dag.py
[2022-08-11 09:50:36,135] {logging_mixin.py:115} INFO - [2022-08-11 09:50:36,134] {dag.py:2420} INFO - Sync 1 DAGs
[2022-08-11 09:50:36,153] {logging_mixin.py:115} INFO - [2022-08-11 09:50:36,152] {dag.py:2972} INFO - Setting next_dagrun for example_trigger_controller_dag to 2021-01-01T00:00:00+00:00, run_after=2021-01-01T00:00:00+00:00
[2022-08-11 09:50:36,165] {processor.py:161} INFO - Processing /Users/pro/Documents/a_env/proj_data/lib/python3.7/site-packages/airflow/example_dags/example_trigger_controller_dag.py took 0.063 seconds
[2022-08-11 09:51:11,467] {processor.py:153} INFO - Started process (PID=51268) to work on /Users/pro/Documents/a_env/proj_data/lib/python3.7/site-packages/airflow/example_dags/example_trigger_controller_dag.py
[2022-08-11 09:51:11,468] {processor.py:641} INFO - Processing file /Users/pro/Documents/a_env/proj_data/lib/python3.7/site-packages/airflow/example_dags/example_trigger_controller_dag.py for tasks to queue
[2022-08-11 09:51:11,469] {logging_mixin.py:115} INFO - [2022-08-11 09:51:11,469] {dagbag.py:508} INFO - Filling up the DagBag from /Users/pro/Documents/a_env/proj_data/lib/python3.7/site-packages/airflow/example_dags/example_trigger_controller_dag.py
[2022-08-11 09:51:11,474] {processor.py:651} INFO - DAG(s) dict_keys(['example_trigger_controller_dag']) retrieved from /Users/pro/Documents/a_env/proj_data/lib/python3.7/site-packages/airflow/example_dags/example_trigger_controller_dag.py
[2022-08-11 09:51:11,497] {logging_mixin.py:115} INFO - [2022-08-11 09:51:11,496] {dag.py:2420} INFO - Sync 1 DAGs
[2022-08-11 09:51:11,517] {logging_mixin.py:115} INFO - [2022-08-11 09:51:11,516] {dag.py:2972} INFO - Setting next_dagrun for example_trigger_controller_dag to 2021-01-01T00:00:00+00:00, run_after=2021-01-01T00:00:00+00:00
[2022-08-11 09:51:11,530] {processor.py:161} INFO - Processing /Users/pro/Documents/a_env/proj_data/lib/python3.7/site-packages/airflow/example_dags/example_trigger_controller_dag.py took 0.069 seconds
[2022-08-11 09:51:44,916] {processor.py:153} INFO - Started process (PID=51307) to work on /Users/pro/Documents/a_env/proj_data/lib/python3.7/site-packages/airflow/example_dags/example_trigger_controller_dag.py
[2022-08-11 09:51:44,918] {processor.py:641} INFO - Processing file /Users/pro/Documents/a_env/proj_data/lib/python3.7/site-packages/airflow/example_dags/example_trigger_controller_dag.py for tasks to queue
[2022-08-11 09:51:44,919] {logging_mixin.py:115} INFO - [2022-08-11 09:51:44,919] {dagbag.py:508} INFO - Filling up the DagBag from /Users/pro/Documents/a_env/proj_data/lib/python3.7/site-packages/airflow/example_dags/example_trigger_controller_dag.py
[2022-08-11 09:51:44,925] {processor.py:651} INFO - DAG(s) dict_keys(['example_trigger_controller_dag']) retrieved from /Users/pro/Documents/a_env/proj_data/lib/python3.7/site-packages/airflow/example_dags/example_trigger_controller_dag.py
[2022-08-11 09:51:44,946] {logging_mixin.py:115} INFO - [2022-08-11 09:51:44,946] {dag.py:2420} INFO - Sync 1 DAGs
[2022-08-11 09:51:44,966] {logging_mixin.py:115} INFO - [2022-08-11 09:51:44,965] {dag.py:2972} INFO - Setting next_dagrun for example_trigger_controller_dag to 2021-01-01T00:00:00+00:00, run_after=2021-01-01T00:00:00+00:00
[2022-08-11 09:51:44,979] {processor.py:161} INFO - Processing /Users/pro/Documents/a_env/proj_data/lib/python3.7/site-packages/airflow/example_dags/example_trigger_controller_dag.py took 0.067 seconds
[2022-08-11 09:52:18,874] {processor.py:153} INFO - Started process (PID=51354) to work on /Users/pro/Documents/a_env/proj_data/lib/python3.7/site-packages/airflow/example_dags/example_trigger_controller_dag.py
[2022-08-11 09:52:18,876] {processor.py:641} INFO - Processing file /Users/pro/Documents/a_env/proj_data/lib/python3.7/site-packages/airflow/example_dags/example_trigger_controller_dag.py for tasks to queue
[2022-08-11 09:52:18,877] {logging_mixin.py:115} INFO - [2022-08-11 09:52:18,876] {dagbag.py:508} INFO - Filling up the DagBag from /Users/pro/Documents/a_env/proj_data/lib/python3.7/site-packages/airflow/example_dags/example_trigger_controller_dag.py
[2022-08-11 09:52:18,887] {processor.py:651} INFO - DAG(s) dict_keys(['example_trigger_controller_dag']) retrieved from /Users/pro/Documents/a_env/proj_data/lib/python3.7/site-packages/airflow/example_dags/example_trigger_controller_dag.py
[2022-08-11 09:52:18,915] {logging_mixin.py:115} INFO - [2022-08-11 09:52:18,914] {dag.py:2420} INFO - Sync 1 DAGs
[2022-08-11 09:52:18,934] {logging_mixin.py:115} INFO - [2022-08-11 09:52:18,933] {dag.py:2972} INFO - Setting next_dagrun for example_trigger_controller_dag to 2021-01-01T00:00:00+00:00, run_after=2021-01-01T00:00:00+00:00
[2022-08-11 09:52:18,950] {processor.py:161} INFO - Processing /Users/pro/Documents/a_env/proj_data/lib/python3.7/site-packages/airflow/example_dags/example_trigger_controller_dag.py took 0.080 seconds
[2022-08-11 09:52:50,068] {processor.py:153} INFO - Started process (PID=51397) to work on /Users/pro/Documents/a_env/proj_data/lib/python3.7/site-packages/airflow/example_dags/example_trigger_controller_dag.py
[2022-08-11 09:52:50,069] {processor.py:641} INFO - Processing file /Users/pro/Documents/a_env/proj_data/lib/python3.7/site-packages/airflow/example_dags/example_trigger_controller_dag.py for tasks to queue
[2022-08-11 09:52:50,070] {logging_mixin.py:115} INFO - [2022-08-11 09:52:50,070] {dagbag.py:508} INFO - Filling up the DagBag from /Users/pro/Documents/a_env/proj_data/lib/python3.7/site-packages/airflow/example_dags/example_trigger_controller_dag.py
[2022-08-11 09:52:50,075] {processor.py:651} INFO - DAG(s) dict_keys(['example_trigger_controller_dag']) retrieved from /Users/pro/Documents/a_env/proj_data/lib/python3.7/site-packages/airflow/example_dags/example_trigger_controller_dag.py
[2022-08-11 09:52:50,095] {logging_mixin.py:115} INFO - [2022-08-11 09:52:50,095] {dag.py:2420} INFO - Sync 1 DAGs
[2022-08-11 09:52:50,114] {logging_mixin.py:115} INFO - [2022-08-11 09:52:50,114] {dag.py:2972} INFO - Setting next_dagrun for example_trigger_controller_dag to 2021-01-01T00:00:00+00:00, run_after=2021-01-01T00:00:00+00:00
[2022-08-11 09:52:50,125] {processor.py:161} INFO - Processing /Users/pro/Documents/a_env/proj_data/lib/python3.7/site-packages/airflow/example_dags/example_trigger_controller_dag.py took 0.062 seconds
[2022-08-11 09:53:25,230] {processor.py:153} INFO - Started process (PID=51436) to work on /Users/pro/Documents/a_env/proj_data/lib/python3.7/site-packages/airflow/example_dags/example_trigger_controller_dag.py
[2022-08-11 09:53:25,231] {processor.py:641} INFO - Processing file /Users/pro/Documents/a_env/proj_data/lib/python3.7/site-packages/airflow/example_dags/example_trigger_controller_dag.py for tasks to queue
[2022-08-11 09:53:25,232] {logging_mixin.py:115} INFO - [2022-08-11 09:53:25,232] {dagbag.py:508} INFO - Filling up the DagBag from /Users/pro/Documents/a_env/proj_data/lib/python3.7/site-packages/airflow/example_dags/example_trigger_controller_dag.py
[2022-08-11 09:53:25,237] {processor.py:651} INFO - DAG(s) dict_keys(['example_trigger_controller_dag']) retrieved from /Users/pro/Documents/a_env/proj_data/lib/python3.7/site-packages/airflow/example_dags/example_trigger_controller_dag.py
[2022-08-11 09:53:25,257] {logging_mixin.py:115} INFO - [2022-08-11 09:53:25,257] {dag.py:2420} INFO - Sync 1 DAGs
[2022-08-11 09:53:25,275] {logging_mixin.py:115} INFO - [2022-08-11 09:53:25,274] {dag.py:2972} INFO - Setting next_dagrun for example_trigger_controller_dag to 2021-01-01T00:00:00+00:00, run_after=2021-01-01T00:00:00+00:00
[2022-08-11 09:53:25,287] {processor.py:161} INFO - Processing /Users/pro/Documents/a_env/proj_data/lib/python3.7/site-packages/airflow/example_dags/example_trigger_controller_dag.py took 0.061 seconds
[2022-08-11 09:53:57,390] {processor.py:153} INFO - Started process (PID=51468) to work on /Users/pro/Documents/a_env/proj_data/lib/python3.7/site-packages/airflow/example_dags/example_trigger_controller_dag.py
[2022-08-11 09:53:57,391] {processor.py:641} INFO - Processing file /Users/pro/Documents/a_env/proj_data/lib/python3.7/site-packages/airflow/example_dags/example_trigger_controller_dag.py for tasks to queue
[2022-08-11 09:53:57,392] {logging_mixin.py:115} INFO - [2022-08-11 09:53:57,391] {dagbag.py:508} INFO - Filling up the DagBag from /Users/pro/Documents/a_env/proj_data/lib/python3.7/site-packages/airflow/example_dags/example_trigger_controller_dag.py
[2022-08-11 09:53:57,397] {processor.py:651} INFO - DAG(s) dict_keys(['example_trigger_controller_dag']) retrieved from /Users/pro/Documents/a_env/proj_data/lib/python3.7/site-packages/airflow/example_dags/example_trigger_controller_dag.py
[2022-08-11 09:53:57,419] {logging_mixin.py:115} INFO - [2022-08-11 09:53:57,418] {dag.py:2420} INFO - Sync 1 DAGs
[2022-08-11 09:53:57,437] {logging_mixin.py:115} INFO - [2022-08-11 09:53:57,436] {dag.py:2972} INFO - Setting next_dagrun for example_trigger_controller_dag to 2021-01-01T00:00:00+00:00, run_after=2021-01-01T00:00:00+00:00
[2022-08-11 09:53:57,454] {processor.py:161} INFO - Processing /Users/pro/Documents/a_env/proj_data/lib/python3.7/site-packages/airflow/example_dags/example_trigger_controller_dag.py took 0.069 seconds
[2022-08-11 09:54:30,374] {processor.py:153} INFO - Started process (PID=51503) to work on /Users/pro/Documents/a_env/proj_data/lib/python3.7/site-packages/airflow/example_dags/example_trigger_controller_dag.py
[2022-08-11 09:54:30,376] {processor.py:641} INFO - Processing file /Users/pro/Documents/a_env/proj_data/lib/python3.7/site-packages/airflow/example_dags/example_trigger_controller_dag.py for tasks to queue
[2022-08-11 09:54:30,377] {logging_mixin.py:115} INFO - [2022-08-11 09:54:30,377] {dagbag.py:508} INFO - Filling up the DagBag from /Users/pro/Documents/a_env/proj_data/lib/python3.7/site-packages/airflow/example_dags/example_trigger_controller_dag.py
[2022-08-11 09:54:30,383] {processor.py:651} INFO - DAG(s) dict_keys(['example_trigger_controller_dag']) retrieved from /Users/pro/Documents/a_env/proj_data/lib/python3.7/site-packages/airflow/example_dags/example_trigger_controller_dag.py
[2022-08-11 09:54:30,402] {logging_mixin.py:115} INFO - [2022-08-11 09:54:30,402] {dag.py:2420} INFO - Sync 1 DAGs
[2022-08-11 09:54:30,421] {logging_mixin.py:115} INFO - [2022-08-11 09:54:30,420] {dag.py:2972} INFO - Setting next_dagrun for example_trigger_controller_dag to 2021-01-01T00:00:00+00:00, run_after=2021-01-01T00:00:00+00:00
[2022-08-11 09:54:30,432] {processor.py:161} INFO - Processing /Users/pro/Documents/a_env/proj_data/lib/python3.7/site-packages/airflow/example_dags/example_trigger_controller_dag.py took 0.062 seconds
[2022-08-11 09:55:04,569] {processor.py:153} INFO - Started process (PID=51539) to work on /Users/pro/Documents/a_env/proj_data/lib/python3.7/site-packages/airflow/example_dags/example_trigger_controller_dag.py
[2022-08-11 09:55:04,570] {processor.py:641} INFO - Processing file /Users/pro/Documents/a_env/proj_data/lib/python3.7/site-packages/airflow/example_dags/example_trigger_controller_dag.py for tasks to queue
[2022-08-11 09:55:04,571] {logging_mixin.py:115} INFO - [2022-08-11 09:55:04,571] {dagbag.py:508} INFO - Filling up the DagBag from /Users/pro/Documents/a_env/proj_data/lib/python3.7/site-packages/airflow/example_dags/example_trigger_controller_dag.py
[2022-08-11 09:55:04,576] {processor.py:651} INFO - DAG(s) dict_keys(['example_trigger_controller_dag']) retrieved from /Users/pro/Documents/a_env/proj_data/lib/python3.7/site-packages/airflow/example_dags/example_trigger_controller_dag.py
[2022-08-11 09:55:04,599] {logging_mixin.py:115} INFO - [2022-08-11 09:55:04,598] {dag.py:2420} INFO - Sync 1 DAGs
[2022-08-11 09:55:04,617] {logging_mixin.py:115} INFO - [2022-08-11 09:55:04,617] {dag.py:2972} INFO - Setting next_dagrun for example_trigger_controller_dag to 2021-01-01T00:00:00+00:00, run_after=2021-01-01T00:00:00+00:00
[2022-08-11 09:55:04,628] {processor.py:161} INFO - Processing /Users/pro/Documents/a_env/proj_data/lib/python3.7/site-packages/airflow/example_dags/example_trigger_controller_dag.py took 0.063 seconds
[2022-08-11 09:55:35,925] {processor.py:153} INFO - Started process (PID=51570) to work on /Users/pro/Documents/a_env/proj_data/lib/python3.7/site-packages/airflow/example_dags/example_trigger_controller_dag.py
[2022-08-11 09:55:35,928] {processor.py:641} INFO - Processing file /Users/pro/Documents/a_env/proj_data/lib/python3.7/site-packages/airflow/example_dags/example_trigger_controller_dag.py for tasks to queue
[2022-08-11 09:55:35,929] {logging_mixin.py:115} INFO - [2022-08-11 09:55:35,929] {dagbag.py:508} INFO - Filling up the DagBag from /Users/pro/Documents/a_env/proj_data/lib/python3.7/site-packages/airflow/example_dags/example_trigger_controller_dag.py
[2022-08-11 09:55:35,935] {processor.py:651} INFO - DAG(s) dict_keys(['example_trigger_controller_dag']) retrieved from /Users/pro/Documents/a_env/proj_data/lib/python3.7/site-packages/airflow/example_dags/example_trigger_controller_dag.py
[2022-08-11 09:55:35,957] {logging_mixin.py:115} INFO - [2022-08-11 09:55:35,956] {dag.py:2420} INFO - Sync 1 DAGs
[2022-08-11 09:55:35,977] {logging_mixin.py:115} INFO - [2022-08-11 09:55:35,976] {dag.py:2972} INFO - Setting next_dagrun for example_trigger_controller_dag to 2021-01-01T00:00:00+00:00, run_after=2021-01-01T00:00:00+00:00
[2022-08-11 09:55:35,991] {processor.py:161} INFO - Processing /Users/pro/Documents/a_env/proj_data/lib/python3.7/site-packages/airflow/example_dags/example_trigger_controller_dag.py took 0.071 seconds
[2022-08-11 09:56:10,339] {processor.py:153} INFO - Started process (PID=51603) to work on /Users/pro/Documents/a_env/proj_data/lib/python3.7/site-packages/airflow/example_dags/example_trigger_controller_dag.py
[2022-08-11 09:56:10,340] {processor.py:641} INFO - Processing file /Users/pro/Documents/a_env/proj_data/lib/python3.7/site-packages/airflow/example_dags/example_trigger_controller_dag.py for tasks to queue
[2022-08-11 09:56:10,341] {logging_mixin.py:115} INFO - [2022-08-11 09:56:10,341] {dagbag.py:508} INFO - Filling up the DagBag from /Users/pro/Documents/a_env/proj_data/lib/python3.7/site-packages/airflow/example_dags/example_trigger_controller_dag.py
[2022-08-11 09:56:10,347] {processor.py:651} INFO - DAG(s) dict_keys(['example_trigger_controller_dag']) retrieved from /Users/pro/Documents/a_env/proj_data/lib/python3.7/site-packages/airflow/example_dags/example_trigger_controller_dag.py
[2022-08-11 09:56:10,367] {logging_mixin.py:115} INFO - [2022-08-11 09:56:10,366] {dag.py:2420} INFO - Sync 1 DAGs
[2022-08-11 09:56:10,385] {logging_mixin.py:115} INFO - [2022-08-11 09:56:10,384] {dag.py:2972} INFO - Setting next_dagrun for example_trigger_controller_dag to 2021-01-01T00:00:00+00:00, run_after=2021-01-01T00:00:00+00:00
[2022-08-11 09:56:10,397] {processor.py:161} INFO - Processing /Users/pro/Documents/a_env/proj_data/lib/python3.7/site-packages/airflow/example_dags/example_trigger_controller_dag.py took 0.063 seconds
[2022-08-11 09:56:45,607] {processor.py:153} INFO - Started process (PID=51639) to work on /Users/pro/Documents/a_env/proj_data/lib/python3.7/site-packages/airflow/example_dags/example_trigger_controller_dag.py
[2022-08-11 09:56:45,608] {processor.py:641} INFO - Processing file /Users/pro/Documents/a_env/proj_data/lib/python3.7/site-packages/airflow/example_dags/example_trigger_controller_dag.py for tasks to queue
[2022-08-11 09:56:45,609] {logging_mixin.py:115} INFO - [2022-08-11 09:56:45,608] {dagbag.py:508} INFO - Filling up the DagBag from /Users/pro/Documents/a_env/proj_data/lib/python3.7/site-packages/airflow/example_dags/example_trigger_controller_dag.py
[2022-08-11 09:56:45,614] {processor.py:651} INFO - DAG(s) dict_keys(['example_trigger_controller_dag']) retrieved from /Users/pro/Documents/a_env/proj_data/lib/python3.7/site-packages/airflow/example_dags/example_trigger_controller_dag.py
[2022-08-11 09:56:45,634] {logging_mixin.py:115} INFO - [2022-08-11 09:56:45,634] {dag.py:2420} INFO - Sync 1 DAGs
[2022-08-11 09:56:45,653] {logging_mixin.py:115} INFO - [2022-08-11 09:56:45,653] {dag.py:2972} INFO - Setting next_dagrun for example_trigger_controller_dag to 2021-01-01T00:00:00+00:00, run_after=2021-01-01T00:00:00+00:00
[2022-08-11 09:56:45,667] {processor.py:161} INFO - Processing /Users/pro/Documents/a_env/proj_data/lib/python3.7/site-packages/airflow/example_dags/example_trigger_controller_dag.py took 0.065 seconds
[2022-08-11 09:57:19,435] {processor.py:153} INFO - Started process (PID=51676) to work on /Users/pro/Documents/a_env/proj_data/lib/python3.7/site-packages/airflow/example_dags/example_trigger_controller_dag.py
[2022-08-11 09:57:19,436] {processor.py:641} INFO - Processing file /Users/pro/Documents/a_env/proj_data/lib/python3.7/site-packages/airflow/example_dags/example_trigger_controller_dag.py for tasks to queue
[2022-08-11 09:57:19,437] {logging_mixin.py:115} INFO - [2022-08-11 09:57:19,437] {dagbag.py:508} INFO - Filling up the DagBag from /Users/pro/Documents/a_env/proj_data/lib/python3.7/site-packages/airflow/example_dags/example_trigger_controller_dag.py
[2022-08-11 09:57:19,442] {processor.py:651} INFO - DAG(s) dict_keys(['example_trigger_controller_dag']) retrieved from /Users/pro/Documents/a_env/proj_data/lib/python3.7/site-packages/airflow/example_dags/example_trigger_controller_dag.py
[2022-08-11 09:57:19,463] {logging_mixin.py:115} INFO - [2022-08-11 09:57:19,463] {dag.py:2420} INFO - Sync 1 DAGs
[2022-08-11 09:57:19,483] {logging_mixin.py:115} INFO - [2022-08-11 09:57:19,483] {dag.py:2972} INFO - Setting next_dagrun for example_trigger_controller_dag to 2021-01-01T00:00:00+00:00, run_after=2021-01-01T00:00:00+00:00
[2022-08-11 09:57:19,496] {processor.py:161} INFO - Processing /Users/pro/Documents/a_env/proj_data/lib/python3.7/site-packages/airflow/example_dags/example_trigger_controller_dag.py took 0.066 seconds
[2022-08-11 09:57:54,030] {processor.py:153} INFO - Started process (PID=51715) to work on /Users/pro/Documents/a_env/proj_data/lib/python3.7/site-packages/airflow/example_dags/example_trigger_controller_dag.py
[2022-08-11 09:57:54,031] {processor.py:641} INFO - Processing file /Users/pro/Documents/a_env/proj_data/lib/python3.7/site-packages/airflow/example_dags/example_trigger_controller_dag.py for tasks to queue
[2022-08-11 09:57:54,032] {logging_mixin.py:115} INFO - [2022-08-11 09:57:54,032] {dagbag.py:508} INFO - Filling up the DagBag from /Users/pro/Documents/a_env/proj_data/lib/python3.7/site-packages/airflow/example_dags/example_trigger_controller_dag.py
[2022-08-11 09:57:54,037] {processor.py:651} INFO - DAG(s) dict_keys(['example_trigger_controller_dag']) retrieved from /Users/pro/Documents/a_env/proj_data/lib/python3.7/site-packages/airflow/example_dags/example_trigger_controller_dag.py
[2022-08-11 09:57:54,059] {logging_mixin.py:115} INFO - [2022-08-11 09:57:54,059] {dag.py:2420} INFO - Sync 1 DAGs
[2022-08-11 09:57:54,079] {logging_mixin.py:115} INFO - [2022-08-11 09:57:54,079] {dag.py:2972} INFO - Setting next_dagrun for example_trigger_controller_dag to 2021-01-01T00:00:00+00:00, run_after=2021-01-01T00:00:00+00:00
[2022-08-11 09:57:54,091] {processor.py:161} INFO - Processing /Users/pro/Documents/a_env/proj_data/lib/python3.7/site-packages/airflow/example_dags/example_trigger_controller_dag.py took 0.066 seconds
[2022-08-11 09:58:26,650] {processor.py:153} INFO - Started process (PID=51748) to work on /Users/pro/Documents/a_env/proj_data/lib/python3.7/site-packages/airflow/example_dags/example_trigger_controller_dag.py
[2022-08-11 09:58:26,651] {processor.py:641} INFO - Processing file /Users/pro/Documents/a_env/proj_data/lib/python3.7/site-packages/airflow/example_dags/example_trigger_controller_dag.py for tasks to queue
[2022-08-11 09:58:26,652] {logging_mixin.py:115} INFO - [2022-08-11 09:58:26,652] {dagbag.py:508} INFO - Filling up the DagBag from /Users/pro/Documents/a_env/proj_data/lib/python3.7/site-packages/airflow/example_dags/example_trigger_controller_dag.py
[2022-08-11 09:58:26,657] {processor.py:651} INFO - DAG(s) dict_keys(['example_trigger_controller_dag']) retrieved from /Users/pro/Documents/a_env/proj_data/lib/python3.7/site-packages/airflow/example_dags/example_trigger_controller_dag.py
[2022-08-11 09:58:26,677] {logging_mixin.py:115} INFO - [2022-08-11 09:58:26,677] {dag.py:2420} INFO - Sync 1 DAGs
[2022-08-11 09:58:26,695] {logging_mixin.py:115} INFO - [2022-08-11 09:58:26,695] {dag.py:2972} INFO - Setting next_dagrun for example_trigger_controller_dag to 2021-01-01T00:00:00+00:00, run_after=2021-01-01T00:00:00+00:00
[2022-08-11 09:58:26,707] {processor.py:161} INFO - Processing /Users/pro/Documents/a_env/proj_data/lib/python3.7/site-packages/airflow/example_dags/example_trigger_controller_dag.py took 0.062 seconds
[2022-08-11 09:59:01,956] {processor.py:153} INFO - Started process (PID=51784) to work on /Users/pro/Documents/a_env/proj_data/lib/python3.7/site-packages/airflow/example_dags/example_trigger_controller_dag.py
[2022-08-11 09:59:01,958] {processor.py:641} INFO - Processing file /Users/pro/Documents/a_env/proj_data/lib/python3.7/site-packages/airflow/example_dags/example_trigger_controller_dag.py for tasks to queue
[2022-08-11 09:59:01,960] {logging_mixin.py:115} INFO - [2022-08-11 09:59:01,959] {dagbag.py:508} INFO - Filling up the DagBag from /Users/pro/Documents/a_env/proj_data/lib/python3.7/site-packages/airflow/example_dags/example_trigger_controller_dag.py
[2022-08-11 09:59:01,966] {processor.py:651} INFO - DAG(s) dict_keys(['example_trigger_controller_dag']) retrieved from /Users/pro/Documents/a_env/proj_data/lib/python3.7/site-packages/airflow/example_dags/example_trigger_controller_dag.py
[2022-08-11 09:59:01,988] {logging_mixin.py:115} INFO - [2022-08-11 09:59:01,987] {dag.py:2420} INFO - Sync 1 DAGs
[2022-08-11 09:59:02,007] {logging_mixin.py:115} INFO - [2022-08-11 09:59:02,007] {dag.py:2972} INFO - Setting next_dagrun for example_trigger_controller_dag to 2021-01-01T00:00:00+00:00, run_after=2021-01-01T00:00:00+00:00
[2022-08-11 09:59:02,018] {processor.py:161} INFO - Processing /Users/pro/Documents/a_env/proj_data/lib/python3.7/site-packages/airflow/example_dags/example_trigger_controller_dag.py took 0.067 seconds
[2022-08-11 09:59:36,563] {processor.py:153} INFO - Started process (PID=51832) to work on /Users/pro/Documents/a_env/proj_data/lib/python3.7/site-packages/airflow/example_dags/example_trigger_controller_dag.py
[2022-08-11 09:59:36,566] {processor.py:641} INFO - Processing file /Users/pro/Documents/a_env/proj_data/lib/python3.7/site-packages/airflow/example_dags/example_trigger_controller_dag.py for tasks to queue
[2022-08-11 09:59:36,567] {logging_mixin.py:115} INFO - [2022-08-11 09:59:36,567] {dagbag.py:508} INFO - Filling up the DagBag from /Users/pro/Documents/a_env/proj_data/lib/python3.7/site-packages/airflow/example_dags/example_trigger_controller_dag.py
[2022-08-11 09:59:36,573] {processor.py:651} INFO - DAG(s) dict_keys(['example_trigger_controller_dag']) retrieved from /Users/pro/Documents/a_env/proj_data/lib/python3.7/site-packages/airflow/example_dags/example_trigger_controller_dag.py
[2022-08-11 09:59:36,594] {logging_mixin.py:115} INFO - [2022-08-11 09:59:36,594] {dag.py:2420} INFO - Sync 1 DAGs
[2022-08-11 09:59:36,614] {logging_mixin.py:115} INFO - [2022-08-11 09:59:36,613] {dag.py:2972} INFO - Setting next_dagrun for example_trigger_controller_dag to 2021-01-01T00:00:00+00:00, run_after=2021-01-01T00:00:00+00:00
[2022-08-11 09:59:36,624] {processor.py:161} INFO - Processing /Users/pro/Documents/a_env/proj_data/lib/python3.7/site-packages/airflow/example_dags/example_trigger_controller_dag.py took 0.066 seconds
[2022-08-11 10:00:11,193] {processor.py:153} INFO - Started process (PID=51866) to work on /Users/pro/Documents/a_env/proj_data/lib/python3.7/site-packages/airflow/example_dags/example_trigger_controller_dag.py
[2022-08-11 10:00:11,194] {processor.py:641} INFO - Processing file /Users/pro/Documents/a_env/proj_data/lib/python3.7/site-packages/airflow/example_dags/example_trigger_controller_dag.py for tasks to queue
[2022-08-11 10:00:11,195] {logging_mixin.py:115} INFO - [2022-08-11 10:00:11,194] {dagbag.py:508} INFO - Filling up the DagBag from /Users/pro/Documents/a_env/proj_data/lib/python3.7/site-packages/airflow/example_dags/example_trigger_controller_dag.py
[2022-08-11 10:00:11,200] {processor.py:651} INFO - DAG(s) dict_keys(['example_trigger_controller_dag']) retrieved from /Users/pro/Documents/a_env/proj_data/lib/python3.7/site-packages/airflow/example_dags/example_trigger_controller_dag.py
[2022-08-11 10:00:11,221] {logging_mixin.py:115} INFO - [2022-08-11 10:00:11,221] {dag.py:2420} INFO - Sync 1 DAGs
[2022-08-11 10:00:11,240] {logging_mixin.py:115} INFO - [2022-08-11 10:00:11,240] {dag.py:2972} INFO - Setting next_dagrun for example_trigger_controller_dag to 2021-01-01T00:00:00+00:00, run_after=2021-01-01T00:00:00+00:00
[2022-08-11 10:00:11,258] {processor.py:161} INFO - Processing /Users/pro/Documents/a_env/proj_data/lib/python3.7/site-packages/airflow/example_dags/example_trigger_controller_dag.py took 0.070 seconds
[2022-08-11 10:00:45,180] {processor.py:153} INFO - Started process (PID=51923) to work on /Users/pro/Documents/a_env/proj_data/lib/python3.7/site-packages/airflow/example_dags/example_trigger_controller_dag.py
[2022-08-11 10:00:45,182] {processor.py:641} INFO - Processing file /Users/pro/Documents/a_env/proj_data/lib/python3.7/site-packages/airflow/example_dags/example_trigger_controller_dag.py for tasks to queue
[2022-08-11 10:00:45,183] {logging_mixin.py:115} INFO - [2022-08-11 10:00:45,182] {dagbag.py:508} INFO - Filling up the DagBag from /Users/pro/Documents/a_env/proj_data/lib/python3.7/site-packages/airflow/example_dags/example_trigger_controller_dag.py
[2022-08-11 10:00:45,187] {processor.py:651} INFO - DAG(s) dict_keys(['example_trigger_controller_dag']) retrieved from /Users/pro/Documents/a_env/proj_data/lib/python3.7/site-packages/airflow/example_dags/example_trigger_controller_dag.py
[2022-08-11 10:00:45,206] {logging_mixin.py:115} INFO - [2022-08-11 10:00:45,206] {dag.py:2420} INFO - Sync 1 DAGs
[2022-08-11 10:00:45,224] {logging_mixin.py:115} INFO - [2022-08-11 10:00:45,223] {dag.py:2972} INFO - Setting next_dagrun for example_trigger_controller_dag to 2021-01-01T00:00:00+00:00, run_after=2021-01-01T00:00:00+00:00
[2022-08-11 10:00:45,235] {processor.py:161} INFO - Processing /Users/pro/Documents/a_env/proj_data/lib/python3.7/site-packages/airflow/example_dags/example_trigger_controller_dag.py took 0.060 seconds
[2022-08-11 10:01:18,347] {processor.py:153} INFO - Started process (PID=51957) to work on /Users/pro/Documents/a_env/proj_data/lib/python3.7/site-packages/airflow/example_dags/example_trigger_controller_dag.py
[2022-08-11 10:01:18,347] {processor.py:641} INFO - Processing file /Users/pro/Documents/a_env/proj_data/lib/python3.7/site-packages/airflow/example_dags/example_trigger_controller_dag.py for tasks to queue
[2022-08-11 10:01:18,349] {logging_mixin.py:115} INFO - [2022-08-11 10:01:18,348] {dagbag.py:508} INFO - Filling up the DagBag from /Users/pro/Documents/a_env/proj_data/lib/python3.7/site-packages/airflow/example_dags/example_trigger_controller_dag.py
[2022-08-11 10:01:18,353] {processor.py:651} INFO - DAG(s) dict_keys(['example_trigger_controller_dag']) retrieved from /Users/pro/Documents/a_env/proj_data/lib/python3.7/site-packages/airflow/example_dags/example_trigger_controller_dag.py
[2022-08-11 10:01:18,372] {logging_mixin.py:115} INFO - [2022-08-11 10:01:18,372] {dag.py:2420} INFO - Sync 1 DAGs
[2022-08-11 10:01:18,390] {logging_mixin.py:115} INFO - [2022-08-11 10:01:18,390] {dag.py:2972} INFO - Setting next_dagrun for example_trigger_controller_dag to 2021-01-01T00:00:00+00:00, run_after=2021-01-01T00:00:00+00:00
[2022-08-11 10:01:18,401] {processor.py:161} INFO - Processing /Users/pro/Documents/a_env/proj_data/lib/python3.7/site-packages/airflow/example_dags/example_trigger_controller_dag.py took 0.059 seconds
[2022-08-11 10:01:53,378] {processor.py:153} INFO - Started process (PID=51996) to work on /Users/pro/Documents/a_env/proj_data/lib/python3.7/site-packages/airflow/example_dags/example_trigger_controller_dag.py
[2022-08-11 10:01:53,379] {processor.py:641} INFO - Processing file /Users/pro/Documents/a_env/proj_data/lib/python3.7/site-packages/airflow/example_dags/example_trigger_controller_dag.py for tasks to queue
[2022-08-11 10:01:53,380] {logging_mixin.py:115} INFO - [2022-08-11 10:01:53,380] {dagbag.py:508} INFO - Filling up the DagBag from /Users/pro/Documents/a_env/proj_data/lib/python3.7/site-packages/airflow/example_dags/example_trigger_controller_dag.py
[2022-08-11 10:01:53,386] {processor.py:651} INFO - DAG(s) dict_keys(['example_trigger_controller_dag']) retrieved from /Users/pro/Documents/a_env/proj_data/lib/python3.7/site-packages/airflow/example_dags/example_trigger_controller_dag.py
[2022-08-11 10:01:53,418] {logging_mixin.py:115} INFO - [2022-08-11 10:01:53,418] {dag.py:2420} INFO - Sync 1 DAGs
[2022-08-11 10:01:53,444] {logging_mixin.py:115} INFO - [2022-08-11 10:01:53,443] {dag.py:2972} INFO - Setting next_dagrun for example_trigger_controller_dag to 2021-01-01T00:00:00+00:00, run_after=2021-01-01T00:00:00+00:00
[2022-08-11 10:01:53,459] {processor.py:161} INFO - Processing /Users/pro/Documents/a_env/proj_data/lib/python3.7/site-packages/airflow/example_dags/example_trigger_controller_dag.py took 0.087 seconds
[2022-08-11 10:02:30,187] {processor.py:153} INFO - Started process (PID=52035) to work on /Users/pro/Documents/a_env/proj_data/lib/python3.7/site-packages/airflow/example_dags/example_trigger_controller_dag.py
[2022-08-11 10:02:30,188] {processor.py:641} INFO - Processing file /Users/pro/Documents/a_env/proj_data/lib/python3.7/site-packages/airflow/example_dags/example_trigger_controller_dag.py for tasks to queue
[2022-08-11 10:02:30,189] {logging_mixin.py:115} INFO - [2022-08-11 10:02:30,188] {dagbag.py:508} INFO - Filling up the DagBag from /Users/pro/Documents/a_env/proj_data/lib/python3.7/site-packages/airflow/example_dags/example_trigger_controller_dag.py
[2022-08-11 10:02:30,194] {processor.py:651} INFO - DAG(s) dict_keys(['example_trigger_controller_dag']) retrieved from /Users/pro/Documents/a_env/proj_data/lib/python3.7/site-packages/airflow/example_dags/example_trigger_controller_dag.py
[2022-08-11 10:02:30,214] {logging_mixin.py:115} INFO - [2022-08-11 10:02:30,213] {dag.py:2420} INFO - Sync 1 DAGs
[2022-08-11 10:02:30,233] {logging_mixin.py:115} INFO - [2022-08-11 10:02:30,233] {dag.py:2972} INFO - Setting next_dagrun for example_trigger_controller_dag to 2021-01-01T00:00:00+00:00, run_after=2021-01-01T00:00:00+00:00
[2022-08-11 10:02:30,246] {processor.py:161} INFO - Processing /Users/pro/Documents/a_env/proj_data/lib/python3.7/site-packages/airflow/example_dags/example_trigger_controller_dag.py took 0.065 seconds
[2022-08-11 10:03:05,807] {processor.py:153} INFO - Started process (PID=52072) to work on /Users/pro/Documents/a_env/proj_data/lib/python3.7/site-packages/airflow/example_dags/example_trigger_controller_dag.py
[2022-08-11 10:03:05,808] {processor.py:641} INFO - Processing file /Users/pro/Documents/a_env/proj_data/lib/python3.7/site-packages/airflow/example_dags/example_trigger_controller_dag.py for tasks to queue
[2022-08-11 10:03:05,809] {logging_mixin.py:115} INFO - [2022-08-11 10:03:05,809] {dagbag.py:508} INFO - Filling up the DagBag from /Users/pro/Documents/a_env/proj_data/lib/python3.7/site-packages/airflow/example_dags/example_trigger_controller_dag.py
[2022-08-11 10:03:05,814] {processor.py:651} INFO - DAG(s) dict_keys(['example_trigger_controller_dag']) retrieved from /Users/pro/Documents/a_env/proj_data/lib/python3.7/site-packages/airflow/example_dags/example_trigger_controller_dag.py
[2022-08-11 10:03:05,833] {logging_mixin.py:115} INFO - [2022-08-11 10:03:05,833] {dag.py:2420} INFO - Sync 1 DAGs
[2022-08-11 10:03:05,851] {logging_mixin.py:115} INFO - [2022-08-11 10:03:05,851] {dag.py:2972} INFO - Setting next_dagrun for example_trigger_controller_dag to 2021-01-01T00:00:00+00:00, run_after=2021-01-01T00:00:00+00:00
[2022-08-11 10:03:05,864] {processor.py:161} INFO - Processing /Users/pro/Documents/a_env/proj_data/lib/python3.7/site-packages/airflow/example_dags/example_trigger_controller_dag.py took 0.062 seconds
[2022-08-11 10:03:40,763] {processor.py:153} INFO - Started process (PID=52108) to work on /Users/pro/Documents/a_env/proj_data/lib/python3.7/site-packages/airflow/example_dags/example_trigger_controller_dag.py
[2022-08-11 10:03:40,765] {processor.py:641} INFO - Processing file /Users/pro/Documents/a_env/proj_data/lib/python3.7/site-packages/airflow/example_dags/example_trigger_controller_dag.py for tasks to queue
[2022-08-11 10:03:40,767] {logging_mixin.py:115} INFO - [2022-08-11 10:03:40,766] {dagbag.py:508} INFO - Filling up the DagBag from /Users/pro/Documents/a_env/proj_data/lib/python3.7/site-packages/airflow/example_dags/example_trigger_controller_dag.py
[2022-08-11 10:03:40,773] {processor.py:651} INFO - DAG(s) dict_keys(['example_trigger_controller_dag']) retrieved from /Users/pro/Documents/a_env/proj_data/lib/python3.7/site-packages/airflow/example_dags/example_trigger_controller_dag.py
[2022-08-11 10:03:40,795] {logging_mixin.py:115} INFO - [2022-08-11 10:03:40,795] {dag.py:2420} INFO - Sync 1 DAGs
[2022-08-11 10:03:40,814] {logging_mixin.py:115} INFO - [2022-08-11 10:03:40,813] {dag.py:2972} INFO - Setting next_dagrun for example_trigger_controller_dag to 2021-01-01T00:00:00+00:00, run_after=2021-01-01T00:00:00+00:00
[2022-08-11 10:03:40,826] {processor.py:161} INFO - Processing /Users/pro/Documents/a_env/proj_data/lib/python3.7/site-packages/airflow/example_dags/example_trigger_controller_dag.py took 0.068 seconds
[2022-08-11 10:04:12,913] {processor.py:153} INFO - Started process (PID=52141) to work on /Users/pro/Documents/a_env/proj_data/lib/python3.7/site-packages/airflow/example_dags/example_trigger_controller_dag.py
[2022-08-11 10:04:12,914] {processor.py:641} INFO - Processing file /Users/pro/Documents/a_env/proj_data/lib/python3.7/site-packages/airflow/example_dags/example_trigger_controller_dag.py for tasks to queue
[2022-08-11 10:04:12,915] {logging_mixin.py:115} INFO - [2022-08-11 10:04:12,914] {dagbag.py:508} INFO - Filling up the DagBag from /Users/pro/Documents/a_env/proj_data/lib/python3.7/site-packages/airflow/example_dags/example_trigger_controller_dag.py
[2022-08-11 10:04:12,920] {processor.py:651} INFO - DAG(s) dict_keys(['example_trigger_controller_dag']) retrieved from /Users/pro/Documents/a_env/proj_data/lib/python3.7/site-packages/airflow/example_dags/example_trigger_controller_dag.py
[2022-08-11 10:04:12,941] {logging_mixin.py:115} INFO - [2022-08-11 10:04:12,940] {dag.py:2420} INFO - Sync 1 DAGs
[2022-08-11 10:04:12,959] {logging_mixin.py:115} INFO - [2022-08-11 10:04:12,959] {dag.py:2972} INFO - Setting next_dagrun for example_trigger_controller_dag to 2021-01-01T00:00:00+00:00, run_after=2021-01-01T00:00:00+00:00
[2022-08-11 10:04:12,977] {processor.py:161} INFO - Processing /Users/pro/Documents/a_env/proj_data/lib/python3.7/site-packages/airflow/example_dags/example_trigger_controller_dag.py took 0.069 seconds
[2022-08-11 10:18:43,172] {processor.py:153} INFO - Started process (PID=52180) to work on /Users/pro/Documents/a_env/proj_data/lib/python3.7/site-packages/airflow/example_dags/example_trigger_controller_dag.py
[2022-08-11 10:18:43,180] {processor.py:641} INFO - Processing file /Users/pro/Documents/a_env/proj_data/lib/python3.7/site-packages/airflow/example_dags/example_trigger_controller_dag.py for tasks to queue
[2022-08-11 10:18:43,189] {logging_mixin.py:115} INFO - [2022-08-11 10:18:43,186] {dagbag.py:508} INFO - Filling up the DagBag from /Users/pro/Documents/a_env/proj_data/lib/python3.7/site-packages/airflow/example_dags/example_trigger_controller_dag.py
[2022-08-11 10:18:43,227] {processor.py:651} INFO - DAG(s) dict_keys(['example_trigger_controller_dag']) retrieved from /Users/pro/Documents/a_env/proj_data/lib/python3.7/site-packages/airflow/example_dags/example_trigger_controller_dag.py
[2022-08-11 10:18:43,374] {logging_mixin.py:115} INFO - [2022-08-11 10:18:43,372] {dag.py:2420} INFO - Sync 1 DAGs
[2022-08-11 10:18:43,513] {logging_mixin.py:115} INFO - [2022-08-11 10:18:43,510] {dag.py:2972} INFO - Setting next_dagrun for example_trigger_controller_dag to 2021-01-01T00:00:00+00:00, run_after=2021-01-01T00:00:00+00:00
[2022-08-11 10:18:43,597] {processor.py:161} INFO - Processing /Users/pro/Documents/a_env/proj_data/lib/python3.7/site-packages/airflow/example_dags/example_trigger_controller_dag.py took 0.456 seconds
[2022-08-11 10:23:08,920] {processor.py:153} INFO - Started process (PID=52260) to work on /Users/pro/Documents/a_env/proj_data/lib/python3.7/site-packages/airflow/example_dags/example_trigger_controller_dag.py
[2022-08-11 10:23:08,923] {processor.py:641} INFO - Processing file /Users/pro/Documents/a_env/proj_data/lib/python3.7/site-packages/airflow/example_dags/example_trigger_controller_dag.py for tasks to queue
[2022-08-11 10:23:08,925] {logging_mixin.py:115} INFO - [2022-08-11 10:23:08,924] {dagbag.py:508} INFO - Filling up the DagBag from /Users/pro/Documents/a_env/proj_data/lib/python3.7/site-packages/airflow/example_dags/example_trigger_controller_dag.py
[2022-08-11 10:23:08,935] {processor.py:651} INFO - DAG(s) dict_keys(['example_trigger_controller_dag']) retrieved from /Users/pro/Documents/a_env/proj_data/lib/python3.7/site-packages/airflow/example_dags/example_trigger_controller_dag.py
[2022-08-11 10:23:08,971] {logging_mixin.py:115} INFO - [2022-08-11 10:23:08,969] {dag.py:2420} INFO - Sync 1 DAGs
[2022-08-11 10:23:09,000] {logging_mixin.py:115} INFO - [2022-08-11 10:23:08,999] {dag.py:2972} INFO - Setting next_dagrun for example_trigger_controller_dag to 2021-01-01T00:00:00+00:00, run_after=2021-01-01T00:00:00+00:00
[2022-08-11 10:23:09,020] {processor.py:161} INFO - Processing /Users/pro/Documents/a_env/proj_data/lib/python3.7/site-packages/airflow/example_dags/example_trigger_controller_dag.py took 0.108 seconds
[2022-08-11 10:23:44,069] {processor.py:153} INFO - Started process (PID=52311) to work on /Users/pro/Documents/a_env/proj_data/lib/python3.7/site-packages/airflow/example_dags/example_trigger_controller_dag.py
[2022-08-11 10:23:44,070] {processor.py:641} INFO - Processing file /Users/pro/Documents/a_env/proj_data/lib/python3.7/site-packages/airflow/example_dags/example_trigger_controller_dag.py for tasks to queue
[2022-08-11 10:23:44,071] {logging_mixin.py:115} INFO - [2022-08-11 10:23:44,071] {dagbag.py:508} INFO - Filling up the DagBag from /Users/pro/Documents/a_env/proj_data/lib/python3.7/site-packages/airflow/example_dags/example_trigger_controller_dag.py
[2022-08-11 10:23:44,076] {processor.py:651} INFO - DAG(s) dict_keys(['example_trigger_controller_dag']) retrieved from /Users/pro/Documents/a_env/proj_data/lib/python3.7/site-packages/airflow/example_dags/example_trigger_controller_dag.py
[2022-08-11 10:23:44,095] {logging_mixin.py:115} INFO - [2022-08-11 10:23:44,095] {dag.py:2420} INFO - Sync 1 DAGs
[2022-08-11 10:23:44,113] {logging_mixin.py:115} INFO - [2022-08-11 10:23:44,113] {dag.py:2972} INFO - Setting next_dagrun for example_trigger_controller_dag to 2021-01-01T00:00:00+00:00, run_after=2021-01-01T00:00:00+00:00
[2022-08-11 10:23:44,127] {processor.py:161} INFO - Processing /Users/pro/Documents/a_env/proj_data/lib/python3.7/site-packages/airflow/example_dags/example_trigger_controller_dag.py took 0.062 seconds
[2022-08-11 10:24:21,180] {processor.py:153} INFO - Started process (PID=52423) to work on /Users/pro/Documents/a_env/proj_data/lib/python3.7/site-packages/airflow/example_dags/example_trigger_controller_dag.py
[2022-08-11 10:24:21,181] {processor.py:641} INFO - Processing file /Users/pro/Documents/a_env/proj_data/lib/python3.7/site-packages/airflow/example_dags/example_trigger_controller_dag.py for tasks to queue
[2022-08-11 10:24:21,183] {logging_mixin.py:115} INFO - [2022-08-11 10:24:21,182] {dagbag.py:508} INFO - Filling up the DagBag from /Users/pro/Documents/a_env/proj_data/lib/python3.7/site-packages/airflow/example_dags/example_trigger_controller_dag.py
[2022-08-11 10:24:21,189] {processor.py:651} INFO - DAG(s) dict_keys(['example_trigger_controller_dag']) retrieved from /Users/pro/Documents/a_env/proj_data/lib/python3.7/site-packages/airflow/example_dags/example_trigger_controller_dag.py
[2022-08-11 10:24:21,219] {logging_mixin.py:115} INFO - [2022-08-11 10:24:21,218] {dag.py:2420} INFO - Sync 1 DAGs
[2022-08-11 10:24:21,243] {logging_mixin.py:115} INFO - [2022-08-11 10:24:21,242] {dag.py:2972} INFO - Setting next_dagrun for example_trigger_controller_dag to 2021-01-01T00:00:00+00:00, run_after=2021-01-01T00:00:00+00:00
[2022-08-11 10:24:21,265] {processor.py:161} INFO - Processing /Users/pro/Documents/a_env/proj_data/lib/python3.7/site-packages/airflow/example_dags/example_trigger_controller_dag.py took 0.091 seconds
[2022-08-11 10:24:57,351] {processor.py:153} INFO - Started process (PID=52469) to work on /Users/pro/Documents/a_env/proj_data/lib/python3.7/site-packages/airflow/example_dags/example_trigger_controller_dag.py
[2022-08-11 10:24:57,353] {processor.py:641} INFO - Processing file /Users/pro/Documents/a_env/proj_data/lib/python3.7/site-packages/airflow/example_dags/example_trigger_controller_dag.py for tasks to queue
[2022-08-11 10:24:57,354] {logging_mixin.py:115} INFO - [2022-08-11 10:24:57,354] {dagbag.py:508} INFO - Filling up the DagBag from /Users/pro/Documents/a_env/proj_data/lib/python3.7/site-packages/airflow/example_dags/example_trigger_controller_dag.py
[2022-08-11 10:24:57,360] {processor.py:651} INFO - DAG(s) dict_keys(['example_trigger_controller_dag']) retrieved from /Users/pro/Documents/a_env/proj_data/lib/python3.7/site-packages/airflow/example_dags/example_trigger_controller_dag.py
[2022-08-11 10:24:57,383] {logging_mixin.py:115} INFO - [2022-08-11 10:24:57,382] {dag.py:2420} INFO - Sync 1 DAGs
[2022-08-11 10:24:57,404] {logging_mixin.py:115} INFO - [2022-08-11 10:24:57,403] {dag.py:2972} INFO - Setting next_dagrun for example_trigger_controller_dag to 2021-01-01T00:00:00+00:00, run_after=2021-01-01T00:00:00+00:00
[2022-08-11 10:24:57,418] {processor.py:161} INFO - Processing /Users/pro/Documents/a_env/proj_data/lib/python3.7/site-packages/airflow/example_dags/example_trigger_controller_dag.py took 0.071 seconds
[2022-08-11 10:25:32,479] {processor.py:153} INFO - Started process (PID=52509) to work on /Users/pro/Documents/a_env/proj_data/lib/python3.7/site-packages/airflow/example_dags/example_trigger_controller_dag.py
[2022-08-11 10:25:32,481] {processor.py:641} INFO - Processing file /Users/pro/Documents/a_env/proj_data/lib/python3.7/site-packages/airflow/example_dags/example_trigger_controller_dag.py for tasks to queue
[2022-08-11 10:25:32,482] {logging_mixin.py:115} INFO - [2022-08-11 10:25:32,482] {dagbag.py:508} INFO - Filling up the DagBag from /Users/pro/Documents/a_env/proj_data/lib/python3.7/site-packages/airflow/example_dags/example_trigger_controller_dag.py
[2022-08-11 10:25:32,488] {processor.py:651} INFO - DAG(s) dict_keys(['example_trigger_controller_dag']) retrieved from /Users/pro/Documents/a_env/proj_data/lib/python3.7/site-packages/airflow/example_dags/example_trigger_controller_dag.py
[2022-08-11 10:25:32,510] {logging_mixin.py:115} INFO - [2022-08-11 10:25:32,510] {dag.py:2420} INFO - Sync 1 DAGs
[2022-08-11 10:25:32,531] {logging_mixin.py:115} INFO - [2022-08-11 10:25:32,531] {dag.py:2972} INFO - Setting next_dagrun for example_trigger_controller_dag to 2021-01-01T00:00:00+00:00, run_after=2021-01-01T00:00:00+00:00
[2022-08-11 10:25:32,543] {processor.py:161} INFO - Processing /Users/pro/Documents/a_env/proj_data/lib/python3.7/site-packages/airflow/example_dags/example_trigger_controller_dag.py took 0.069 seconds
[2022-08-11 10:26:12,041] {processor.py:153} INFO - Started process (PID=52598) to work on /Users/pro/Documents/a_env/proj_data/lib/python3.7/site-packages/airflow/example_dags/example_trigger_controller_dag.py
[2022-08-11 10:26:12,042] {processor.py:641} INFO - Processing file /Users/pro/Documents/a_env/proj_data/lib/python3.7/site-packages/airflow/example_dags/example_trigger_controller_dag.py for tasks to queue
[2022-08-11 10:26:12,043] {logging_mixin.py:115} INFO - [2022-08-11 10:26:12,043] {dagbag.py:508} INFO - Filling up the DagBag from /Users/pro/Documents/a_env/proj_data/lib/python3.7/site-packages/airflow/example_dags/example_trigger_controller_dag.py
[2022-08-11 10:26:12,054] {processor.py:651} INFO - DAG(s) dict_keys(['example_trigger_controller_dag']) retrieved from /Users/pro/Documents/a_env/proj_data/lib/python3.7/site-packages/airflow/example_dags/example_trigger_controller_dag.py
[2022-08-11 10:26:12,082] {logging_mixin.py:115} INFO - [2022-08-11 10:26:12,081] {dag.py:2420} INFO - Sync 1 DAGs
[2022-08-11 10:26:12,109] {logging_mixin.py:115} INFO - [2022-08-11 10:26:12,108] {dag.py:2972} INFO - Setting next_dagrun for example_trigger_controller_dag to 2021-01-01T00:00:00+00:00, run_after=2021-01-01T00:00:00+00:00
[2022-08-11 10:26:12,125] {processor.py:161} INFO - Processing /Users/pro/Documents/a_env/proj_data/lib/python3.7/site-packages/airflow/example_dags/example_trigger_controller_dag.py took 0.091 seconds
[2022-08-11 10:26:51,320] {processor.py:153} INFO - Started process (PID=52647) to work on /Users/pro/Documents/a_env/proj_data/lib/python3.7/site-packages/airflow/example_dags/example_trigger_controller_dag.py
[2022-08-11 10:26:51,322] {processor.py:641} INFO - Processing file /Users/pro/Documents/a_env/proj_data/lib/python3.7/site-packages/airflow/example_dags/example_trigger_controller_dag.py for tasks to queue
[2022-08-11 10:26:51,323] {logging_mixin.py:115} INFO - [2022-08-11 10:26:51,322] {dagbag.py:508} INFO - Filling up the DagBag from /Users/pro/Documents/a_env/proj_data/lib/python3.7/site-packages/airflow/example_dags/example_trigger_controller_dag.py
[2022-08-11 10:26:51,329] {processor.py:651} INFO - DAG(s) dict_keys(['example_trigger_controller_dag']) retrieved from /Users/pro/Documents/a_env/proj_data/lib/python3.7/site-packages/airflow/example_dags/example_trigger_controller_dag.py
[2022-08-11 10:26:51,357] {logging_mixin.py:115} INFO - [2022-08-11 10:26:51,356] {dag.py:2420} INFO - Sync 1 DAGs
[2022-08-11 10:26:51,415] {logging_mixin.py:115} INFO - [2022-08-11 10:26:51,414] {dag.py:2972} INFO - Setting next_dagrun for example_trigger_controller_dag to 2021-01-01T00:00:00+00:00, run_after=2021-01-01T00:00:00+00:00
[2022-08-11 10:26:51,438] {processor.py:161} INFO - Processing /Users/pro/Documents/a_env/proj_data/lib/python3.7/site-packages/airflow/example_dags/example_trigger_controller_dag.py took 0.125 seconds
[2022-08-11 10:27:40,256] {processor.py:153} INFO - Started process (PID=52697) to work on /Users/pro/Documents/a_env/proj_data/lib/python3.7/site-packages/airflow/example_dags/example_trigger_controller_dag.py
[2022-08-11 10:27:40,257] {processor.py:641} INFO - Processing file /Users/pro/Documents/a_env/proj_data/lib/python3.7/site-packages/airflow/example_dags/example_trigger_controller_dag.py for tasks to queue
[2022-08-11 10:27:40,262] {logging_mixin.py:115} INFO - [2022-08-11 10:27:40,258] {dagbag.py:508} INFO - Filling up the DagBag from /Users/pro/Documents/a_env/proj_data/lib/python3.7/site-packages/airflow/example_dags/example_trigger_controller_dag.py
[2022-08-11 10:27:40,276] {processor.py:651} INFO - DAG(s) dict_keys(['example_trigger_controller_dag']) retrieved from /Users/pro/Documents/a_env/proj_data/lib/python3.7/site-packages/airflow/example_dags/example_trigger_controller_dag.py
[2022-08-11 10:27:40,344] {logging_mixin.py:115} INFO - [2022-08-11 10:27:40,344] {dag.py:2420} INFO - Sync 1 DAGs
[2022-08-11 10:27:40,428] {logging_mixin.py:115} INFO - [2022-08-11 10:27:40,424] {dag.py:2972} INFO - Setting next_dagrun for example_trigger_controller_dag to 2021-01-01T00:00:00+00:00, run_after=2021-01-01T00:00:00+00:00
[2022-08-11 10:27:40,703] {processor.py:161} INFO - Processing /Users/pro/Documents/a_env/proj_data/lib/python3.7/site-packages/airflow/example_dags/example_trigger_controller_dag.py took 0.461 seconds
[2022-08-11 10:28:18,921] {processor.py:153} INFO - Started process (PID=52753) to work on /Users/pro/Documents/a_env/proj_data/lib/python3.7/site-packages/airflow/example_dags/example_trigger_controller_dag.py
[2022-08-11 10:28:18,922] {processor.py:641} INFO - Processing file /Users/pro/Documents/a_env/proj_data/lib/python3.7/site-packages/airflow/example_dags/example_trigger_controller_dag.py for tasks to queue
[2022-08-11 10:28:18,924] {logging_mixin.py:115} INFO - [2022-08-11 10:28:18,923] {dagbag.py:508} INFO - Filling up the DagBag from /Users/pro/Documents/a_env/proj_data/lib/python3.7/site-packages/airflow/example_dags/example_trigger_controller_dag.py
[2022-08-11 10:28:18,931] {processor.py:651} INFO - DAG(s) dict_keys(['example_trigger_controller_dag']) retrieved from /Users/pro/Documents/a_env/proj_data/lib/python3.7/site-packages/airflow/example_dags/example_trigger_controller_dag.py
[2022-08-11 10:28:18,969] {logging_mixin.py:115} INFO - [2022-08-11 10:28:18,968] {dag.py:2420} INFO - Sync 1 DAGs
[2022-08-11 10:28:18,994] {logging_mixin.py:115} INFO - [2022-08-11 10:28:18,994] {dag.py:2972} INFO - Setting next_dagrun for example_trigger_controller_dag to 2021-01-01T00:00:00+00:00, run_after=2021-01-01T00:00:00+00:00
[2022-08-11 10:28:19,010] {processor.py:161} INFO - Processing /Users/pro/Documents/a_env/proj_data/lib/python3.7/site-packages/airflow/example_dags/example_trigger_controller_dag.py took 0.097 seconds
