[2022-08-11 08:02:21,881] {processor.py:153} INFO - Started process (PID=50710) to work on /Users/pro/Documents/a_env/proj_data/lib/python3.7/site-packages/airflow/example_dags/example_time_delta_sensor_async.py
[2022-08-11 08:02:21,889] {processor.py:641} INFO - Processing file /Users/pro/Documents/a_env/proj_data/lib/python3.7/site-packages/airflow/example_dags/example_time_delta_sensor_async.py for tasks to queue
[2022-08-11 08:02:21,898] {logging_mixin.py:115} INFO - [2022-08-11 08:02:21,896] {dagbag.py:508} INFO - Filling up the DagBag from /Users/pro/Documents/a_env/proj_data/lib/python3.7/site-packages/airflow/example_dags/example_time_delta_sensor_async.py
[2022-08-11 08:02:21,988] {processor.py:651} INFO - DAG(s) dict_keys(['example_time_delta_sensor_async']) retrieved from /Users/pro/Documents/a_env/proj_data/lib/python3.7/site-packages/airflow/example_dags/example_time_delta_sensor_async.py
[2022-08-11 08:02:22,291] {logging_mixin.py:115} INFO - [2022-08-11 08:02:22,284] {dag.py:2420} INFO - Sync 1 DAGs
[2022-08-11 08:02:22,510] {logging_mixin.py:115} INFO - [2022-08-11 08:02:22,507] {dag.py:2972} INFO - Setting next_dagrun for example_time_delta_sensor_async to None, run_after=None
[2022-08-11 08:02:22,604] {processor.py:161} INFO - Processing /Users/pro/Documents/a_env/proj_data/lib/python3.7/site-packages/airflow/example_dags/example_time_delta_sensor_async.py took 0.762 seconds
[2022-08-11 08:31:41,293] {processor.py:153} INFO - Started process (PID=50778) to work on /Users/pro/Documents/a_env/proj_data/lib/python3.7/site-packages/airflow/example_dags/example_time_delta_sensor_async.py
[2022-08-11 08:31:41,294] {processor.py:641} INFO - Processing file /Users/pro/Documents/a_env/proj_data/lib/python3.7/site-packages/airflow/example_dags/example_time_delta_sensor_async.py for tasks to queue
[2022-08-11 08:31:41,295] {logging_mixin.py:115} INFO - [2022-08-11 08:31:41,295] {dagbag.py:508} INFO - Filling up the DagBag from /Users/pro/Documents/a_env/proj_data/lib/python3.7/site-packages/airflow/example_dags/example_time_delta_sensor_async.py
[2022-08-11 08:31:41,303] {processor.py:651} INFO - DAG(s) dict_keys(['example_time_delta_sensor_async']) retrieved from /Users/pro/Documents/a_env/proj_data/lib/python3.7/site-packages/airflow/example_dags/example_time_delta_sensor_async.py
[2022-08-11 08:31:41,331] {logging_mixin.py:115} INFO - [2022-08-11 08:31:41,331] {dag.py:2420} INFO - Sync 1 DAGs
[2022-08-11 08:31:41,348] {logging_mixin.py:115} INFO - [2022-08-11 08:31:41,348] {dag.py:2972} INFO - Setting next_dagrun for example_time_delta_sensor_async to None, run_after=None
[2022-08-11 08:31:41,360] {processor.py:161} INFO - Processing /Users/pro/Documents/a_env/proj_data/lib/python3.7/site-packages/airflow/example_dags/example_time_delta_sensor_async.py took 0.071 seconds
[2022-08-11 09:31:44,388] {processor.py:153} INFO - Started process (PID=50865) to work on /Users/pro/Documents/a_env/proj_data/lib/python3.7/site-packages/airflow/example_dags/example_time_delta_sensor_async.py
[2022-08-11 09:31:44,389] {processor.py:641} INFO - Processing file /Users/pro/Documents/a_env/proj_data/lib/python3.7/site-packages/airflow/example_dags/example_time_delta_sensor_async.py for tasks to queue
[2022-08-11 09:31:44,390] {logging_mixin.py:115} INFO - [2022-08-11 09:31:44,390] {dagbag.py:508} INFO - Filling up the DagBag from /Users/pro/Documents/a_env/proj_data/lib/python3.7/site-packages/airflow/example_dags/example_time_delta_sensor_async.py
[2022-08-11 09:31:44,398] {processor.py:651} INFO - DAG(s) dict_keys(['example_time_delta_sensor_async']) retrieved from /Users/pro/Documents/a_env/proj_data/lib/python3.7/site-packages/airflow/example_dags/example_time_delta_sensor_async.py
[2022-08-11 09:31:44,424] {logging_mixin.py:115} INFO - [2022-08-11 09:31:44,424] {dag.py:2420} INFO - Sync 1 DAGs
[2022-08-11 09:31:44,445] {logging_mixin.py:115} INFO - [2022-08-11 09:31:44,444] {dag.py:2972} INFO - Setting next_dagrun for example_time_delta_sensor_async to None, run_after=None
[2022-08-11 09:31:44,456] {processor.py:161} INFO - Processing /Users/pro/Documents/a_env/proj_data/lib/python3.7/site-packages/airflow/example_dags/example_time_delta_sensor_async.py took 0.072 seconds
[2022-08-11 09:46:02,627] {processor.py:153} INFO - Started process (PID=50939) to work on /Users/pro/Documents/a_env/proj_data/lib/python3.7/site-packages/airflow/example_dags/example_time_delta_sensor_async.py
[2022-08-11 09:46:02,628] {processor.py:641} INFO - Processing file /Users/pro/Documents/a_env/proj_data/lib/python3.7/site-packages/airflow/example_dags/example_time_delta_sensor_async.py for tasks to queue
[2022-08-11 09:46:02,629] {logging_mixin.py:115} INFO - [2022-08-11 09:46:02,628] {dagbag.py:508} INFO - Filling up the DagBag from /Users/pro/Documents/a_env/proj_data/lib/python3.7/site-packages/airflow/example_dags/example_time_delta_sensor_async.py
[2022-08-11 09:46:02,639] {processor.py:651} INFO - DAG(s) dict_keys(['example_time_delta_sensor_async']) retrieved from /Users/pro/Documents/a_env/proj_data/lib/python3.7/site-packages/airflow/example_dags/example_time_delta_sensor_async.py
[2022-08-11 09:46:02,723] {logging_mixin.py:115} INFO - [2022-08-11 09:46:02,723] {dag.py:2420} INFO - Sync 1 DAGs
[2022-08-11 09:46:02,744] {logging_mixin.py:115} INFO - [2022-08-11 09:46:02,743] {dag.py:2972} INFO - Setting next_dagrun for example_time_delta_sensor_async to None, run_after=None
[2022-08-11 09:46:02,758] {processor.py:161} INFO - Processing /Users/pro/Documents/a_env/proj_data/lib/python3.7/site-packages/airflow/example_dags/example_time_delta_sensor_async.py took 0.136 seconds
[2022-08-11 09:46:38,580] {processor.py:153} INFO - Started process (PID=50977) to work on /Users/pro/Documents/a_env/proj_data/lib/python3.7/site-packages/airflow/example_dags/example_time_delta_sensor_async.py
[2022-08-11 09:46:38,581] {processor.py:641} INFO - Processing file /Users/pro/Documents/a_env/proj_data/lib/python3.7/site-packages/airflow/example_dags/example_time_delta_sensor_async.py for tasks to queue
[2022-08-11 09:46:38,583] {logging_mixin.py:115} INFO - [2022-08-11 09:46:38,583] {dagbag.py:508} INFO - Filling up the DagBag from /Users/pro/Documents/a_env/proj_data/lib/python3.7/site-packages/airflow/example_dags/example_time_delta_sensor_async.py
[2022-08-11 09:46:38,598] {processor.py:651} INFO - DAG(s) dict_keys(['example_time_delta_sensor_async']) retrieved from /Users/pro/Documents/a_env/proj_data/lib/python3.7/site-packages/airflow/example_dags/example_time_delta_sensor_async.py
[2022-08-11 09:46:38,653] {logging_mixin.py:115} INFO - [2022-08-11 09:46:38,652] {dag.py:2420} INFO - Sync 1 DAGs
[2022-08-11 09:46:38,677] {logging_mixin.py:115} INFO - [2022-08-11 09:46:38,677] {dag.py:2972} INFO - Setting next_dagrun for example_time_delta_sensor_async to None, run_after=None
[2022-08-11 09:46:38,693] {processor.py:161} INFO - Processing /Users/pro/Documents/a_env/proj_data/lib/python3.7/site-packages/airflow/example_dags/example_time_delta_sensor_async.py took 0.121 seconds
[2022-08-11 09:47:12,694] {processor.py:153} INFO - Started process (PID=51018) to work on /Users/pro/Documents/a_env/proj_data/lib/python3.7/site-packages/airflow/example_dags/example_time_delta_sensor_async.py
[2022-08-11 09:47:12,696] {processor.py:641} INFO - Processing file /Users/pro/Documents/a_env/proj_data/lib/python3.7/site-packages/airflow/example_dags/example_time_delta_sensor_async.py for tasks to queue
[2022-08-11 09:47:12,697] {logging_mixin.py:115} INFO - [2022-08-11 09:47:12,697] {dagbag.py:508} INFO - Filling up the DagBag from /Users/pro/Documents/a_env/proj_data/lib/python3.7/site-packages/airflow/example_dags/example_time_delta_sensor_async.py
[2022-08-11 09:47:12,706] {processor.py:651} INFO - DAG(s) dict_keys(['example_time_delta_sensor_async']) retrieved from /Users/pro/Documents/a_env/proj_data/lib/python3.7/site-packages/airflow/example_dags/example_time_delta_sensor_async.py
[2022-08-11 09:47:12,755] {logging_mixin.py:115} INFO - [2022-08-11 09:47:12,755] {dag.py:2420} INFO - Sync 1 DAGs
[2022-08-11 09:47:12,774] {logging_mixin.py:115} INFO - [2022-08-11 09:47:12,774] {dag.py:2972} INFO - Setting next_dagrun for example_time_delta_sensor_async to None, run_after=None
[2022-08-11 09:47:12,788] {processor.py:161} INFO - Processing /Users/pro/Documents/a_env/proj_data/lib/python3.7/site-packages/airflow/example_dags/example_time_delta_sensor_async.py took 0.098 seconds
[2022-08-11 09:47:48,667] {processor.py:153} INFO - Started process (PID=51057) to work on /Users/pro/Documents/a_env/proj_data/lib/python3.7/site-packages/airflow/example_dags/example_time_delta_sensor_async.py
[2022-08-11 09:47:48,669] {processor.py:641} INFO - Processing file /Users/pro/Documents/a_env/proj_data/lib/python3.7/site-packages/airflow/example_dags/example_time_delta_sensor_async.py for tasks to queue
[2022-08-11 09:47:48,670] {logging_mixin.py:115} INFO - [2022-08-11 09:47:48,669] {dagbag.py:508} INFO - Filling up the DagBag from /Users/pro/Documents/a_env/proj_data/lib/python3.7/site-packages/airflow/example_dags/example_time_delta_sensor_async.py
[2022-08-11 09:47:48,679] {processor.py:651} INFO - DAG(s) dict_keys(['example_time_delta_sensor_async']) retrieved from /Users/pro/Documents/a_env/proj_data/lib/python3.7/site-packages/airflow/example_dags/example_time_delta_sensor_async.py
[2022-08-11 09:47:48,723] {logging_mixin.py:115} INFO - [2022-08-11 09:47:48,723] {dag.py:2420} INFO - Sync 1 DAGs
[2022-08-11 09:47:48,741] {logging_mixin.py:115} INFO - [2022-08-11 09:47:48,741] {dag.py:2972} INFO - Setting next_dagrun for example_time_delta_sensor_async to None, run_after=None
[2022-08-11 09:47:48,754] {processor.py:161} INFO - Processing /Users/pro/Documents/a_env/proj_data/lib/python3.7/site-packages/airflow/example_dags/example_time_delta_sensor_async.py took 0.091 seconds
[2022-08-11 09:48:20,675] {processor.py:153} INFO - Started process (PID=51093) to work on /Users/pro/Documents/a_env/proj_data/lib/python3.7/site-packages/airflow/example_dags/example_time_delta_sensor_async.py
[2022-08-11 09:48:20,676] {processor.py:641} INFO - Processing file /Users/pro/Documents/a_env/proj_data/lib/python3.7/site-packages/airflow/example_dags/example_time_delta_sensor_async.py for tasks to queue
[2022-08-11 09:48:20,677] {logging_mixin.py:115} INFO - [2022-08-11 09:48:20,677] {dagbag.py:508} INFO - Filling up the DagBag from /Users/pro/Documents/a_env/proj_data/lib/python3.7/site-packages/airflow/example_dags/example_time_delta_sensor_async.py
[2022-08-11 09:48:20,685] {processor.py:651} INFO - DAG(s) dict_keys(['example_time_delta_sensor_async']) retrieved from /Users/pro/Documents/a_env/proj_data/lib/python3.7/site-packages/airflow/example_dags/example_time_delta_sensor_async.py
[2022-08-11 09:48:20,714] {logging_mixin.py:115} INFO - [2022-08-11 09:48:20,714] {dag.py:2420} INFO - Sync 1 DAGs
[2022-08-11 09:48:20,733] {logging_mixin.py:115} INFO - [2022-08-11 09:48:20,733] {dag.py:2972} INFO - Setting next_dagrun for example_time_delta_sensor_async to None, run_after=None
[2022-08-11 09:48:20,746] {processor.py:161} INFO - Processing /Users/pro/Documents/a_env/proj_data/lib/python3.7/site-packages/airflow/example_dags/example_time_delta_sensor_async.py took 0.075 seconds
[2022-08-11 09:48:55,127] {processor.py:153} INFO - Started process (PID=51127) to work on /Users/pro/Documents/a_env/proj_data/lib/python3.7/site-packages/airflow/example_dags/example_time_delta_sensor_async.py
[2022-08-11 09:48:55,128] {processor.py:641} INFO - Processing file /Users/pro/Documents/a_env/proj_data/lib/python3.7/site-packages/airflow/example_dags/example_time_delta_sensor_async.py for tasks to queue
[2022-08-11 09:48:55,129] {logging_mixin.py:115} INFO - [2022-08-11 09:48:55,129] {dagbag.py:508} INFO - Filling up the DagBag from /Users/pro/Documents/a_env/proj_data/lib/python3.7/site-packages/airflow/example_dags/example_time_delta_sensor_async.py
[2022-08-11 09:48:55,137] {processor.py:651} INFO - DAG(s) dict_keys(['example_time_delta_sensor_async']) retrieved from /Users/pro/Documents/a_env/proj_data/lib/python3.7/site-packages/airflow/example_dags/example_time_delta_sensor_async.py
[2022-08-11 09:48:55,167] {logging_mixin.py:115} INFO - [2022-08-11 09:48:55,167] {dag.py:2420} INFO - Sync 1 DAGs
[2022-08-11 09:48:55,185] {logging_mixin.py:115} INFO - [2022-08-11 09:48:55,185] {dag.py:2972} INFO - Setting next_dagrun for example_time_delta_sensor_async to None, run_after=None
[2022-08-11 09:48:55,198] {processor.py:161} INFO - Processing /Users/pro/Documents/a_env/proj_data/lib/python3.7/site-packages/airflow/example_dags/example_time_delta_sensor_async.py took 0.075 seconds
[2022-08-11 09:49:27,726] {processor.py:153} INFO - Started process (PID=51162) to work on /Users/pro/Documents/a_env/proj_data/lib/python3.7/site-packages/airflow/example_dags/example_time_delta_sensor_async.py
[2022-08-11 09:49:27,728] {processor.py:641} INFO - Processing file /Users/pro/Documents/a_env/proj_data/lib/python3.7/site-packages/airflow/example_dags/example_time_delta_sensor_async.py for tasks to queue
[2022-08-11 09:49:27,729] {logging_mixin.py:115} INFO - [2022-08-11 09:49:27,729] {dagbag.py:508} INFO - Filling up the DagBag from /Users/pro/Documents/a_env/proj_data/lib/python3.7/site-packages/airflow/example_dags/example_time_delta_sensor_async.py
[2022-08-11 09:49:27,738] {processor.py:651} INFO - DAG(s) dict_keys(['example_time_delta_sensor_async']) retrieved from /Users/pro/Documents/a_env/proj_data/lib/python3.7/site-packages/airflow/example_dags/example_time_delta_sensor_async.py
[2022-08-11 09:49:27,782] {logging_mixin.py:115} INFO - [2022-08-11 09:49:27,782] {dag.py:2420} INFO - Sync 1 DAGs
[2022-08-11 09:49:27,801] {logging_mixin.py:115} INFO - [2022-08-11 09:49:27,801] {dag.py:2972} INFO - Setting next_dagrun for example_time_delta_sensor_async to None, run_after=None
[2022-08-11 09:49:27,812] {processor.py:161} INFO - Processing /Users/pro/Documents/a_env/proj_data/lib/python3.7/site-packages/airflow/example_dags/example_time_delta_sensor_async.py took 0.090 seconds
[2022-08-11 09:50:02,808] {processor.py:153} INFO - Started process (PID=51198) to work on /Users/pro/Documents/a_env/proj_data/lib/python3.7/site-packages/airflow/example_dags/example_time_delta_sensor_async.py
[2022-08-11 09:50:02,809] {processor.py:641} INFO - Processing file /Users/pro/Documents/a_env/proj_data/lib/python3.7/site-packages/airflow/example_dags/example_time_delta_sensor_async.py for tasks to queue
[2022-08-11 09:50:02,810] {logging_mixin.py:115} INFO - [2022-08-11 09:50:02,809] {dagbag.py:508} INFO - Filling up the DagBag from /Users/pro/Documents/a_env/proj_data/lib/python3.7/site-packages/airflow/example_dags/example_time_delta_sensor_async.py
[2022-08-11 09:50:02,818] {processor.py:651} INFO - DAG(s) dict_keys(['example_time_delta_sensor_async']) retrieved from /Users/pro/Documents/a_env/proj_data/lib/python3.7/site-packages/airflow/example_dags/example_time_delta_sensor_async.py
[2022-08-11 09:50:02,847] {logging_mixin.py:115} INFO - [2022-08-11 09:50:02,846] {dag.py:2420} INFO - Sync 1 DAGs
[2022-08-11 09:50:02,867] {logging_mixin.py:115} INFO - [2022-08-11 09:50:02,867] {dag.py:2972} INFO - Setting next_dagrun for example_time_delta_sensor_async to None, run_after=None
[2022-08-11 09:50:02,881] {processor.py:161} INFO - Processing /Users/pro/Documents/a_env/proj_data/lib/python3.7/site-packages/airflow/example_dags/example_time_delta_sensor_async.py took 0.077 seconds
[2022-08-11 09:50:37,242] {processor.py:153} INFO - Started process (PID=51233) to work on /Users/pro/Documents/a_env/proj_data/lib/python3.7/site-packages/airflow/example_dags/example_time_delta_sensor_async.py
[2022-08-11 09:50:37,243] {processor.py:641} INFO - Processing file /Users/pro/Documents/a_env/proj_data/lib/python3.7/site-packages/airflow/example_dags/example_time_delta_sensor_async.py for tasks to queue
[2022-08-11 09:50:37,244] {logging_mixin.py:115} INFO - [2022-08-11 09:50:37,243] {dagbag.py:508} INFO - Filling up the DagBag from /Users/pro/Documents/a_env/proj_data/lib/python3.7/site-packages/airflow/example_dags/example_time_delta_sensor_async.py
[2022-08-11 09:50:37,252] {processor.py:651} INFO - DAG(s) dict_keys(['example_time_delta_sensor_async']) retrieved from /Users/pro/Documents/a_env/proj_data/lib/python3.7/site-packages/airflow/example_dags/example_time_delta_sensor_async.py
[2022-08-11 09:50:37,281] {logging_mixin.py:115} INFO - [2022-08-11 09:50:37,281] {dag.py:2420} INFO - Sync 1 DAGs
[2022-08-11 09:50:37,300] {logging_mixin.py:115} INFO - [2022-08-11 09:50:37,300] {dag.py:2972} INFO - Setting next_dagrun for example_time_delta_sensor_async to None, run_after=None
[2022-08-11 09:50:37,312] {processor.py:161} INFO - Processing /Users/pro/Documents/a_env/proj_data/lib/python3.7/site-packages/airflow/example_dags/example_time_delta_sensor_async.py took 0.075 seconds
[2022-08-11 09:51:12,206] {processor.py:153} INFO - Started process (PID=51269) to work on /Users/pro/Documents/a_env/proj_data/lib/python3.7/site-packages/airflow/example_dags/example_time_delta_sensor_async.py
[2022-08-11 09:51:12,207] {processor.py:641} INFO - Processing file /Users/pro/Documents/a_env/proj_data/lib/python3.7/site-packages/airflow/example_dags/example_time_delta_sensor_async.py for tasks to queue
[2022-08-11 09:51:12,208] {logging_mixin.py:115} INFO - [2022-08-11 09:51:12,208] {dagbag.py:508} INFO - Filling up the DagBag from /Users/pro/Documents/a_env/proj_data/lib/python3.7/site-packages/airflow/example_dags/example_time_delta_sensor_async.py
[2022-08-11 09:51:12,217] {processor.py:651} INFO - DAG(s) dict_keys(['example_time_delta_sensor_async']) retrieved from /Users/pro/Documents/a_env/proj_data/lib/python3.7/site-packages/airflow/example_dags/example_time_delta_sensor_async.py
[2022-08-11 09:51:12,247] {logging_mixin.py:115} INFO - [2022-08-11 09:51:12,247] {dag.py:2420} INFO - Sync 1 DAGs
[2022-08-11 09:51:12,265] {logging_mixin.py:115} INFO - [2022-08-11 09:51:12,265] {dag.py:2972} INFO - Setting next_dagrun for example_time_delta_sensor_async to None, run_after=None
[2022-08-11 09:51:12,277] {processor.py:161} INFO - Processing /Users/pro/Documents/a_env/proj_data/lib/python3.7/site-packages/airflow/example_dags/example_time_delta_sensor_async.py took 0.076 seconds
[2022-08-11 09:51:46,061] {processor.py:153} INFO - Started process (PID=51308) to work on /Users/pro/Documents/a_env/proj_data/lib/python3.7/site-packages/airflow/example_dags/example_time_delta_sensor_async.py
[2022-08-11 09:51:46,062] {processor.py:641} INFO - Processing file /Users/pro/Documents/a_env/proj_data/lib/python3.7/site-packages/airflow/example_dags/example_time_delta_sensor_async.py for tasks to queue
[2022-08-11 09:51:46,063] {logging_mixin.py:115} INFO - [2022-08-11 09:51:46,063] {dagbag.py:508} INFO - Filling up the DagBag from /Users/pro/Documents/a_env/proj_data/lib/python3.7/site-packages/airflow/example_dags/example_time_delta_sensor_async.py
[2022-08-11 09:51:46,076] {processor.py:651} INFO - DAG(s) dict_keys(['example_time_delta_sensor_async']) retrieved from /Users/pro/Documents/a_env/proj_data/lib/python3.7/site-packages/airflow/example_dags/example_time_delta_sensor_async.py
[2022-08-11 09:51:46,124] {logging_mixin.py:115} INFO - [2022-08-11 09:51:46,124] {dag.py:2420} INFO - Sync 1 DAGs
[2022-08-11 09:51:46,143] {logging_mixin.py:115} INFO - [2022-08-11 09:51:46,142] {dag.py:2972} INFO - Setting next_dagrun for example_time_delta_sensor_async to None, run_after=None
[2022-08-11 09:51:46,156] {processor.py:161} INFO - Processing /Users/pro/Documents/a_env/proj_data/lib/python3.7/site-packages/airflow/example_dags/example_time_delta_sensor_async.py took 0.101 seconds
[2022-08-11 09:52:20,011] {processor.py:153} INFO - Started process (PID=51356) to work on /Users/pro/Documents/a_env/proj_data/lib/python3.7/site-packages/airflow/example_dags/example_time_delta_sensor_async.py
[2022-08-11 09:52:20,012] {processor.py:641} INFO - Processing file /Users/pro/Documents/a_env/proj_data/lib/python3.7/site-packages/airflow/example_dags/example_time_delta_sensor_async.py for tasks to queue
[2022-08-11 09:52:20,013] {logging_mixin.py:115} INFO - [2022-08-11 09:52:20,013] {dagbag.py:508} INFO - Filling up the DagBag from /Users/pro/Documents/a_env/proj_data/lib/python3.7/site-packages/airflow/example_dags/example_time_delta_sensor_async.py
[2022-08-11 09:52:20,021] {processor.py:651} INFO - DAG(s) dict_keys(['example_time_delta_sensor_async']) retrieved from /Users/pro/Documents/a_env/proj_data/lib/python3.7/site-packages/airflow/example_dags/example_time_delta_sensor_async.py
[2022-08-11 09:52:20,063] {logging_mixin.py:115} INFO - [2022-08-11 09:52:20,063] {dag.py:2420} INFO - Sync 1 DAGs
[2022-08-11 09:52:20,083] {logging_mixin.py:115} INFO - [2022-08-11 09:52:20,082] {dag.py:2972} INFO - Setting next_dagrun for example_time_delta_sensor_async to None, run_after=None
[2022-08-11 09:52:20,096] {processor.py:161} INFO - Processing /Users/pro/Documents/a_env/proj_data/lib/python3.7/site-packages/airflow/example_dags/example_time_delta_sensor_async.py took 0.089 seconds
[2022-08-11 09:52:53,491] {processor.py:153} INFO - Started process (PID=51401) to work on /Users/pro/Documents/a_env/proj_data/lib/python3.7/site-packages/airflow/example_dags/example_time_delta_sensor_async.py
[2022-08-11 09:52:53,492] {processor.py:641} INFO - Processing file /Users/pro/Documents/a_env/proj_data/lib/python3.7/site-packages/airflow/example_dags/example_time_delta_sensor_async.py for tasks to queue
[2022-08-11 09:52:53,493] {logging_mixin.py:115} INFO - [2022-08-11 09:52:53,493] {dagbag.py:508} INFO - Filling up the DagBag from /Users/pro/Documents/a_env/proj_data/lib/python3.7/site-packages/airflow/example_dags/example_time_delta_sensor_async.py
[2022-08-11 09:52:53,506] {processor.py:651} INFO - DAG(s) dict_keys(['example_time_delta_sensor_async']) retrieved from /Users/pro/Documents/a_env/proj_data/lib/python3.7/site-packages/airflow/example_dags/example_time_delta_sensor_async.py
[2022-08-11 09:52:53,553] {logging_mixin.py:115} INFO - [2022-08-11 09:52:53,553] {dag.py:2420} INFO - Sync 1 DAGs
[2022-08-11 09:52:53,574] {logging_mixin.py:115} INFO - [2022-08-11 09:52:53,574] {dag.py:2972} INFO - Setting next_dagrun for example_time_delta_sensor_async to None, run_after=None
[2022-08-11 09:52:53,588] {processor.py:161} INFO - Processing /Users/pro/Documents/a_env/proj_data/lib/python3.7/site-packages/airflow/example_dags/example_time_delta_sensor_async.py took 0.102 seconds
[2022-08-11 09:53:26,371] {processor.py:153} INFO - Started process (PID=51437) to work on /Users/pro/Documents/a_env/proj_data/lib/python3.7/site-packages/airflow/example_dags/example_time_delta_sensor_async.py
[2022-08-11 09:53:26,372] {processor.py:641} INFO - Processing file /Users/pro/Documents/a_env/proj_data/lib/python3.7/site-packages/airflow/example_dags/example_time_delta_sensor_async.py for tasks to queue
[2022-08-11 09:53:26,373] {logging_mixin.py:115} INFO - [2022-08-11 09:53:26,372] {dagbag.py:508} INFO - Filling up the DagBag from /Users/pro/Documents/a_env/proj_data/lib/python3.7/site-packages/airflow/example_dags/example_time_delta_sensor_async.py
[2022-08-11 09:53:26,381] {processor.py:651} INFO - DAG(s) dict_keys(['example_time_delta_sensor_async']) retrieved from /Users/pro/Documents/a_env/proj_data/lib/python3.7/site-packages/airflow/example_dags/example_time_delta_sensor_async.py
[2022-08-11 09:53:26,411] {logging_mixin.py:115} INFO - [2022-08-11 09:53:26,411] {dag.py:2420} INFO - Sync 1 DAGs
[2022-08-11 09:53:26,430] {logging_mixin.py:115} INFO - [2022-08-11 09:53:26,430] {dag.py:2972} INFO - Setting next_dagrun for example_time_delta_sensor_async to None, run_after=None
[2022-08-11 09:53:26,442] {processor.py:161} INFO - Processing /Users/pro/Documents/a_env/proj_data/lib/python3.7/site-packages/airflow/example_dags/example_time_delta_sensor_async.py took 0.075 seconds
[2022-08-11 09:54:01,211] {processor.py:153} INFO - Started process (PID=51472) to work on /Users/pro/Documents/a_env/proj_data/lib/python3.7/site-packages/airflow/example_dags/example_time_delta_sensor_async.py
[2022-08-11 09:54:01,212] {processor.py:641} INFO - Processing file /Users/pro/Documents/a_env/proj_data/lib/python3.7/site-packages/airflow/example_dags/example_time_delta_sensor_async.py for tasks to queue
[2022-08-11 09:54:01,213] {logging_mixin.py:115} INFO - [2022-08-11 09:54:01,212] {dagbag.py:508} INFO - Filling up the DagBag from /Users/pro/Documents/a_env/proj_data/lib/python3.7/site-packages/airflow/example_dags/example_time_delta_sensor_async.py
[2022-08-11 09:54:01,224] {processor.py:651} INFO - DAG(s) dict_keys(['example_time_delta_sensor_async']) retrieved from /Users/pro/Documents/a_env/proj_data/lib/python3.7/site-packages/airflow/example_dags/example_time_delta_sensor_async.py
[2022-08-11 09:54:01,254] {logging_mixin.py:115} INFO - [2022-08-11 09:54:01,253] {dag.py:2420} INFO - Sync 1 DAGs
[2022-08-11 09:54:01,272] {logging_mixin.py:115} INFO - [2022-08-11 09:54:01,271] {dag.py:2972} INFO - Setting next_dagrun for example_time_delta_sensor_async to None, run_after=None
[2022-08-11 09:54:01,285] {processor.py:161} INFO - Processing /Users/pro/Documents/a_env/proj_data/lib/python3.7/site-packages/airflow/example_dags/example_time_delta_sensor_async.py took 0.079 seconds
[2022-08-11 09:54:32,868] {processor.py:153} INFO - Started process (PID=51506) to work on /Users/pro/Documents/a_env/proj_data/lib/python3.7/site-packages/airflow/example_dags/example_time_delta_sensor_async.py
[2022-08-11 09:54:32,870] {processor.py:641} INFO - Processing file /Users/pro/Documents/a_env/proj_data/lib/python3.7/site-packages/airflow/example_dags/example_time_delta_sensor_async.py for tasks to queue
[2022-08-11 09:54:32,871] {logging_mixin.py:115} INFO - [2022-08-11 09:54:32,871] {dagbag.py:508} INFO - Filling up the DagBag from /Users/pro/Documents/a_env/proj_data/lib/python3.7/site-packages/airflow/example_dags/example_time_delta_sensor_async.py
[2022-08-11 09:54:32,881] {processor.py:651} INFO - DAG(s) dict_keys(['example_time_delta_sensor_async']) retrieved from /Users/pro/Documents/a_env/proj_data/lib/python3.7/site-packages/airflow/example_dags/example_time_delta_sensor_async.py
[2022-08-11 09:54:32,909] {logging_mixin.py:115} INFO - [2022-08-11 09:54:32,909] {dag.py:2420} INFO - Sync 1 DAGs
[2022-08-11 09:54:32,927] {logging_mixin.py:115} INFO - [2022-08-11 09:54:32,926] {dag.py:2972} INFO - Setting next_dagrun for example_time_delta_sensor_async to None, run_after=None
[2022-08-11 09:54:32,939] {processor.py:161} INFO - Processing /Users/pro/Documents/a_env/proj_data/lib/python3.7/site-packages/airflow/example_dags/example_time_delta_sensor_async.py took 0.075 seconds
[2022-08-11 09:55:05,721] {processor.py:153} INFO - Started process (PID=51540) to work on /Users/pro/Documents/a_env/proj_data/lib/python3.7/site-packages/airflow/example_dags/example_time_delta_sensor_async.py
[2022-08-11 09:55:05,722] {processor.py:641} INFO - Processing file /Users/pro/Documents/a_env/proj_data/lib/python3.7/site-packages/airflow/example_dags/example_time_delta_sensor_async.py for tasks to queue
[2022-08-11 09:55:05,723] {logging_mixin.py:115} INFO - [2022-08-11 09:55:05,723] {dagbag.py:508} INFO - Filling up the DagBag from /Users/pro/Documents/a_env/proj_data/lib/python3.7/site-packages/airflow/example_dags/example_time_delta_sensor_async.py
[2022-08-11 09:55:05,732] {processor.py:651} INFO - DAG(s) dict_keys(['example_time_delta_sensor_async']) retrieved from /Users/pro/Documents/a_env/proj_data/lib/python3.7/site-packages/airflow/example_dags/example_time_delta_sensor_async.py
[2022-08-11 09:55:05,759] {logging_mixin.py:115} INFO - [2022-08-11 09:55:05,759] {dag.py:2420} INFO - Sync 1 DAGs
[2022-08-11 09:55:05,777] {logging_mixin.py:115} INFO - [2022-08-11 09:55:05,777] {dag.py:2972} INFO - Setting next_dagrun for example_time_delta_sensor_async to None, run_after=None
[2022-08-11 09:55:05,790] {processor.py:161} INFO - Processing /Users/pro/Documents/a_env/proj_data/lib/python3.7/site-packages/airflow/example_dags/example_time_delta_sensor_async.py took 0.074 seconds
[2022-08-11 09:55:42,243] {processor.py:153} INFO - Started process (PID=51576) to work on /Users/pro/Documents/a_env/proj_data/lib/python3.7/site-packages/airflow/example_dags/example_time_delta_sensor_async.py
[2022-08-11 09:55:42,245] {processor.py:641} INFO - Processing file /Users/pro/Documents/a_env/proj_data/lib/python3.7/site-packages/airflow/example_dags/example_time_delta_sensor_async.py for tasks to queue
[2022-08-11 09:55:42,246] {logging_mixin.py:115} INFO - [2022-08-11 09:55:42,246] {dagbag.py:508} INFO - Filling up the DagBag from /Users/pro/Documents/a_env/proj_data/lib/python3.7/site-packages/airflow/example_dags/example_time_delta_sensor_async.py
[2022-08-11 09:55:42,258] {processor.py:651} INFO - DAG(s) dict_keys(['example_time_delta_sensor_async']) retrieved from /Users/pro/Documents/a_env/proj_data/lib/python3.7/site-packages/airflow/example_dags/example_time_delta_sensor_async.py
[2022-08-11 09:55:42,288] {logging_mixin.py:115} INFO - [2022-08-11 09:55:42,288] {dag.py:2420} INFO - Sync 1 DAGs
[2022-08-11 09:55:42,308] {logging_mixin.py:115} INFO - [2022-08-11 09:55:42,308] {dag.py:2972} INFO - Setting next_dagrun for example_time_delta_sensor_async to None, run_after=None
[2022-08-11 09:55:42,320] {processor.py:161} INFO - Processing /Users/pro/Documents/a_env/proj_data/lib/python3.7/site-packages/airflow/example_dags/example_time_delta_sensor_async.py took 0.082 seconds
[2022-08-11 09:56:15,192] {processor.py:153} INFO - Started process (PID=51609) to work on /Users/pro/Documents/a_env/proj_data/lib/python3.7/site-packages/airflow/example_dags/example_time_delta_sensor_async.py
[2022-08-11 09:56:15,195] {processor.py:641} INFO - Processing file /Users/pro/Documents/a_env/proj_data/lib/python3.7/site-packages/airflow/example_dags/example_time_delta_sensor_async.py for tasks to queue
[2022-08-11 09:56:15,196] {logging_mixin.py:115} INFO - [2022-08-11 09:56:15,196] {dagbag.py:508} INFO - Filling up the DagBag from /Users/pro/Documents/a_env/proj_data/lib/python3.7/site-packages/airflow/example_dags/example_time_delta_sensor_async.py
[2022-08-11 09:56:15,208] {processor.py:651} INFO - DAG(s) dict_keys(['example_time_delta_sensor_async']) retrieved from /Users/pro/Documents/a_env/proj_data/lib/python3.7/site-packages/airflow/example_dags/example_time_delta_sensor_async.py
[2022-08-11 09:56:15,281] {logging_mixin.py:115} INFO - [2022-08-11 09:56:15,280] {dag.py:2420} INFO - Sync 1 DAGs
[2022-08-11 09:56:15,301] {logging_mixin.py:115} INFO - [2022-08-11 09:56:15,301] {dag.py:2972} INFO - Setting next_dagrun for example_time_delta_sensor_async to None, run_after=None
[2022-08-11 09:56:15,313] {processor.py:161} INFO - Processing /Users/pro/Documents/a_env/proj_data/lib/python3.7/site-packages/airflow/example_dags/example_time_delta_sensor_async.py took 0.126 seconds
[2022-08-11 09:56:50,537] {processor.py:153} INFO - Started process (PID=51644) to work on /Users/pro/Documents/a_env/proj_data/lib/python3.7/site-packages/airflow/example_dags/example_time_delta_sensor_async.py
[2022-08-11 09:56:50,538] {processor.py:641} INFO - Processing file /Users/pro/Documents/a_env/proj_data/lib/python3.7/site-packages/airflow/example_dags/example_time_delta_sensor_async.py for tasks to queue
[2022-08-11 09:56:50,539] {logging_mixin.py:115} INFO - [2022-08-11 09:56:50,539] {dagbag.py:508} INFO - Filling up the DagBag from /Users/pro/Documents/a_env/proj_data/lib/python3.7/site-packages/airflow/example_dags/example_time_delta_sensor_async.py
[2022-08-11 09:56:50,547] {processor.py:651} INFO - DAG(s) dict_keys(['example_time_delta_sensor_async']) retrieved from /Users/pro/Documents/a_env/proj_data/lib/python3.7/site-packages/airflow/example_dags/example_time_delta_sensor_async.py
[2022-08-11 09:56:50,575] {logging_mixin.py:115} INFO - [2022-08-11 09:56:50,575] {dag.py:2420} INFO - Sync 1 DAGs
[2022-08-11 09:56:50,594] {logging_mixin.py:115} INFO - [2022-08-11 09:56:50,594] {dag.py:2972} INFO - Setting next_dagrun for example_time_delta_sensor_async to None, run_after=None
[2022-08-11 09:56:50,608] {processor.py:161} INFO - Processing /Users/pro/Documents/a_env/proj_data/lib/python3.7/site-packages/airflow/example_dags/example_time_delta_sensor_async.py took 0.076 seconds
[2022-08-11 09:57:24,603] {processor.py:153} INFO - Started process (PID=51682) to work on /Users/pro/Documents/a_env/proj_data/lib/python3.7/site-packages/airflow/example_dags/example_time_delta_sensor_async.py
[2022-08-11 09:57:24,604] {processor.py:641} INFO - Processing file /Users/pro/Documents/a_env/proj_data/lib/python3.7/site-packages/airflow/example_dags/example_time_delta_sensor_async.py for tasks to queue
[2022-08-11 09:57:24,605] {logging_mixin.py:115} INFO - [2022-08-11 09:57:24,605] {dagbag.py:508} INFO - Filling up the DagBag from /Users/pro/Documents/a_env/proj_data/lib/python3.7/site-packages/airflow/example_dags/example_time_delta_sensor_async.py
[2022-08-11 09:57:24,612] {processor.py:651} INFO - DAG(s) dict_keys(['example_time_delta_sensor_async']) retrieved from /Users/pro/Documents/a_env/proj_data/lib/python3.7/site-packages/airflow/example_dags/example_time_delta_sensor_async.py
[2022-08-11 09:57:24,638] {logging_mixin.py:115} INFO - [2022-08-11 09:57:24,638] {dag.py:2420} INFO - Sync 1 DAGs
[2022-08-11 09:57:24,655] {logging_mixin.py:115} INFO - [2022-08-11 09:57:24,655] {dag.py:2972} INFO - Setting next_dagrun for example_time_delta_sensor_async to None, run_after=None
[2022-08-11 09:57:24,670] {processor.py:161} INFO - Processing /Users/pro/Documents/a_env/proj_data/lib/python3.7/site-packages/airflow/example_dags/example_time_delta_sensor_async.py took 0.071 seconds
[2022-08-11 09:57:58,590] {processor.py:153} INFO - Started process (PID=51720) to work on /Users/pro/Documents/a_env/proj_data/lib/python3.7/site-packages/airflow/example_dags/example_time_delta_sensor_async.py
[2022-08-11 09:57:58,592] {processor.py:641} INFO - Processing file /Users/pro/Documents/a_env/proj_data/lib/python3.7/site-packages/airflow/example_dags/example_time_delta_sensor_async.py for tasks to queue
[2022-08-11 09:57:58,593] {logging_mixin.py:115} INFO - [2022-08-11 09:57:58,592] {dagbag.py:508} INFO - Filling up the DagBag from /Users/pro/Documents/a_env/proj_data/lib/python3.7/site-packages/airflow/example_dags/example_time_delta_sensor_async.py
[2022-08-11 09:57:58,602] {processor.py:651} INFO - DAG(s) dict_keys(['example_time_delta_sensor_async']) retrieved from /Users/pro/Documents/a_env/proj_data/lib/python3.7/site-packages/airflow/example_dags/example_time_delta_sensor_async.py
[2022-08-11 09:57:58,631] {logging_mixin.py:115} INFO - [2022-08-11 09:57:58,631] {dag.py:2420} INFO - Sync 1 DAGs
[2022-08-11 09:57:58,649] {logging_mixin.py:115} INFO - [2022-08-11 09:57:58,649] {dag.py:2972} INFO - Setting next_dagrun for example_time_delta_sensor_async to None, run_after=None
[2022-08-11 09:57:58,661] {processor.py:161} INFO - Processing /Users/pro/Documents/a_env/proj_data/lib/python3.7/site-packages/airflow/example_dags/example_time_delta_sensor_async.py took 0.076 seconds
[2022-08-11 09:58:30,099] {processor.py:153} INFO - Started process (PID=51751) to work on /Users/pro/Documents/a_env/proj_data/lib/python3.7/site-packages/airflow/example_dags/example_time_delta_sensor_async.py
[2022-08-11 09:58:30,101] {processor.py:641} INFO - Processing file /Users/pro/Documents/a_env/proj_data/lib/python3.7/site-packages/airflow/example_dags/example_time_delta_sensor_async.py for tasks to queue
[2022-08-11 09:58:30,102] {logging_mixin.py:115} INFO - [2022-08-11 09:58:30,101] {dagbag.py:508} INFO - Filling up the DagBag from /Users/pro/Documents/a_env/proj_data/lib/python3.7/site-packages/airflow/example_dags/example_time_delta_sensor_async.py
[2022-08-11 09:58:30,110] {processor.py:651} INFO - DAG(s) dict_keys(['example_time_delta_sensor_async']) retrieved from /Users/pro/Documents/a_env/proj_data/lib/python3.7/site-packages/airflow/example_dags/example_time_delta_sensor_async.py
[2022-08-11 09:58:30,137] {logging_mixin.py:115} INFO - [2022-08-11 09:58:30,137] {dag.py:2420} INFO - Sync 1 DAGs
[2022-08-11 09:58:30,155] {logging_mixin.py:115} INFO - [2022-08-11 09:58:30,154] {dag.py:2972} INFO - Setting next_dagrun for example_time_delta_sensor_async to None, run_after=None
[2022-08-11 09:58:30,166] {processor.py:161} INFO - Processing /Users/pro/Documents/a_env/proj_data/lib/python3.7/site-packages/airflow/example_dags/example_time_delta_sensor_async.py took 0.071 seconds
[2022-08-11 09:59:05,516] {processor.py:153} INFO - Started process (PID=51787) to work on /Users/pro/Documents/a_env/proj_data/lib/python3.7/site-packages/airflow/example_dags/example_time_delta_sensor_async.py
[2022-08-11 09:59:05,519] {processor.py:641} INFO - Processing file /Users/pro/Documents/a_env/proj_data/lib/python3.7/site-packages/airflow/example_dags/example_time_delta_sensor_async.py for tasks to queue
[2022-08-11 09:59:05,522] {logging_mixin.py:115} INFO - [2022-08-11 09:59:05,521] {dagbag.py:508} INFO - Filling up the DagBag from /Users/pro/Documents/a_env/proj_data/lib/python3.7/site-packages/airflow/example_dags/example_time_delta_sensor_async.py
[2022-08-11 09:59:05,537] {processor.py:651} INFO - DAG(s) dict_keys(['example_time_delta_sensor_async']) retrieved from /Users/pro/Documents/a_env/proj_data/lib/python3.7/site-packages/airflow/example_dags/example_time_delta_sensor_async.py
[2022-08-11 09:59:05,596] {logging_mixin.py:115} INFO - [2022-08-11 09:59:05,596] {dag.py:2420} INFO - Sync 1 DAGs
[2022-08-11 09:59:05,617] {logging_mixin.py:115} INFO - [2022-08-11 09:59:05,617] {dag.py:2972} INFO - Setting next_dagrun for example_time_delta_sensor_async to None, run_after=None
[2022-08-11 09:59:05,630] {processor.py:161} INFO - Processing /Users/pro/Documents/a_env/proj_data/lib/python3.7/site-packages/airflow/example_dags/example_time_delta_sensor_async.py took 0.119 seconds
[2022-08-11 09:59:39,247] {processor.py:153} INFO - Started process (PID=51835) to work on /Users/pro/Documents/a_env/proj_data/lib/python3.7/site-packages/airflow/example_dags/example_time_delta_sensor_async.py
[2022-08-11 09:59:39,249] {processor.py:641} INFO - Processing file /Users/pro/Documents/a_env/proj_data/lib/python3.7/site-packages/airflow/example_dags/example_time_delta_sensor_async.py for tasks to queue
[2022-08-11 09:59:39,250] {logging_mixin.py:115} INFO - [2022-08-11 09:59:39,250] {dagbag.py:508} INFO - Filling up the DagBag from /Users/pro/Documents/a_env/proj_data/lib/python3.7/site-packages/airflow/example_dags/example_time_delta_sensor_async.py
[2022-08-11 09:59:39,261] {processor.py:651} INFO - DAG(s) dict_keys(['example_time_delta_sensor_async']) retrieved from /Users/pro/Documents/a_env/proj_data/lib/python3.7/site-packages/airflow/example_dags/example_time_delta_sensor_async.py
[2022-08-11 09:59:39,320] {logging_mixin.py:115} INFO - [2022-08-11 09:59:39,320] {dag.py:2420} INFO - Sync 1 DAGs
[2022-08-11 09:59:39,339] {logging_mixin.py:115} INFO - [2022-08-11 09:59:39,339] {dag.py:2972} INFO - Setting next_dagrun for example_time_delta_sensor_async to None, run_after=None
[2022-08-11 09:59:39,352] {processor.py:161} INFO - Processing /Users/pro/Documents/a_env/proj_data/lib/python3.7/site-packages/airflow/example_dags/example_time_delta_sensor_async.py took 0.110 seconds
[2022-08-11 10:00:13,480] {processor.py:153} INFO - Started process (PID=51868) to work on /Users/pro/Documents/a_env/proj_data/lib/python3.7/site-packages/airflow/example_dags/example_time_delta_sensor_async.py
[2022-08-11 10:00:13,481] {processor.py:641} INFO - Processing file /Users/pro/Documents/a_env/proj_data/lib/python3.7/site-packages/airflow/example_dags/example_time_delta_sensor_async.py for tasks to queue
[2022-08-11 10:00:13,482] {logging_mixin.py:115} INFO - [2022-08-11 10:00:13,482] {dagbag.py:508} INFO - Filling up the DagBag from /Users/pro/Documents/a_env/proj_data/lib/python3.7/site-packages/airflow/example_dags/example_time_delta_sensor_async.py
[2022-08-11 10:00:13,490] {processor.py:651} INFO - DAG(s) dict_keys(['example_time_delta_sensor_async']) retrieved from /Users/pro/Documents/a_env/proj_data/lib/python3.7/site-packages/airflow/example_dags/example_time_delta_sensor_async.py
[2022-08-11 10:00:13,518] {logging_mixin.py:115} INFO - [2022-08-11 10:00:13,518] {dag.py:2420} INFO - Sync 1 DAGs
[2022-08-11 10:00:13,536] {logging_mixin.py:115} INFO - [2022-08-11 10:00:13,536] {dag.py:2972} INFO - Setting next_dagrun for example_time_delta_sensor_async to None, run_after=None
[2022-08-11 10:00:13,549] {processor.py:161} INFO - Processing /Users/pro/Documents/a_env/proj_data/lib/python3.7/site-packages/airflow/example_dags/example_time_delta_sensor_async.py took 0.074 seconds
[2022-08-11 10:00:46,323] {processor.py:153} INFO - Started process (PID=51924) to work on /Users/pro/Documents/a_env/proj_data/lib/python3.7/site-packages/airflow/example_dags/example_time_delta_sensor_async.py
[2022-08-11 10:00:46,324] {processor.py:641} INFO - Processing file /Users/pro/Documents/a_env/proj_data/lib/python3.7/site-packages/airflow/example_dags/example_time_delta_sensor_async.py for tasks to queue
[2022-08-11 10:00:46,325] {logging_mixin.py:115} INFO - [2022-08-11 10:00:46,325] {dagbag.py:508} INFO - Filling up the DagBag from /Users/pro/Documents/a_env/proj_data/lib/python3.7/site-packages/airflow/example_dags/example_time_delta_sensor_async.py
[2022-08-11 10:00:46,333] {processor.py:651} INFO - DAG(s) dict_keys(['example_time_delta_sensor_async']) retrieved from /Users/pro/Documents/a_env/proj_data/lib/python3.7/site-packages/airflow/example_dags/example_time_delta_sensor_async.py
[2022-08-11 10:00:46,377] {logging_mixin.py:115} INFO - [2022-08-11 10:00:46,377] {dag.py:2420} INFO - Sync 1 DAGs
[2022-08-11 10:00:46,395] {logging_mixin.py:115} INFO - [2022-08-11 10:00:46,395] {dag.py:2972} INFO - Setting next_dagrun for example_time_delta_sensor_async to None, run_after=None
[2022-08-11 10:00:46,407] {processor.py:161} INFO - Processing /Users/pro/Documents/a_env/proj_data/lib/python3.7/site-packages/airflow/example_dags/example_time_delta_sensor_async.py took 0.089 seconds
[2022-08-11 10:01:19,207] {processor.py:153} INFO - Started process (PID=51958) to work on /Users/pro/Documents/a_env/proj_data/lib/python3.7/site-packages/airflow/example_dags/example_time_delta_sensor_async.py
[2022-08-11 10:01:19,208] {processor.py:641} INFO - Processing file /Users/pro/Documents/a_env/proj_data/lib/python3.7/site-packages/airflow/example_dags/example_time_delta_sensor_async.py for tasks to queue
[2022-08-11 10:01:19,209] {logging_mixin.py:115} INFO - [2022-08-11 10:01:19,209] {dagbag.py:508} INFO - Filling up the DagBag from /Users/pro/Documents/a_env/proj_data/lib/python3.7/site-packages/airflow/example_dags/example_time_delta_sensor_async.py
[2022-08-11 10:01:19,218] {processor.py:651} INFO - DAG(s) dict_keys(['example_time_delta_sensor_async']) retrieved from /Users/pro/Documents/a_env/proj_data/lib/python3.7/site-packages/airflow/example_dags/example_time_delta_sensor_async.py
[2022-08-11 10:01:19,246] {logging_mixin.py:115} INFO - [2022-08-11 10:01:19,246] {dag.py:2420} INFO - Sync 1 DAGs
[2022-08-11 10:01:19,264] {logging_mixin.py:115} INFO - [2022-08-11 10:01:19,264] {dag.py:2972} INFO - Setting next_dagrun for example_time_delta_sensor_async to None, run_after=None
[2022-08-11 10:01:19,276] {processor.py:161} INFO - Processing /Users/pro/Documents/a_env/proj_data/lib/python3.7/site-packages/airflow/example_dags/example_time_delta_sensor_async.py took 0.073 seconds
[2022-08-11 10:01:54,516] {processor.py:153} INFO - Started process (PID=51997) to work on /Users/pro/Documents/a_env/proj_data/lib/python3.7/site-packages/airflow/example_dags/example_time_delta_sensor_async.py
[2022-08-11 10:01:54,517] {processor.py:641} INFO - Processing file /Users/pro/Documents/a_env/proj_data/lib/python3.7/site-packages/airflow/example_dags/example_time_delta_sensor_async.py for tasks to queue
[2022-08-11 10:01:54,518] {logging_mixin.py:115} INFO - [2022-08-11 10:01:54,518] {dagbag.py:508} INFO - Filling up the DagBag from /Users/pro/Documents/a_env/proj_data/lib/python3.7/site-packages/airflow/example_dags/example_time_delta_sensor_async.py
[2022-08-11 10:01:54,529] {processor.py:651} INFO - DAG(s) dict_keys(['example_time_delta_sensor_async']) retrieved from /Users/pro/Documents/a_env/proj_data/lib/python3.7/site-packages/airflow/example_dags/example_time_delta_sensor_async.py
[2022-08-11 10:01:54,574] {logging_mixin.py:115} INFO - [2022-08-11 10:01:54,574] {dag.py:2420} INFO - Sync 1 DAGs
[2022-08-11 10:01:54,592] {logging_mixin.py:115} INFO - [2022-08-11 10:01:54,592] {dag.py:2972} INFO - Setting next_dagrun for example_time_delta_sensor_async to None, run_after=None
[2022-08-11 10:01:54,607] {processor.py:161} INFO - Processing /Users/pro/Documents/a_env/proj_data/lib/python3.7/site-packages/airflow/example_dags/example_time_delta_sensor_async.py took 0.095 seconds
[2022-08-11 10:02:31,325] {processor.py:153} INFO - Started process (PID=52036) to work on /Users/pro/Documents/a_env/proj_data/lib/python3.7/site-packages/airflow/example_dags/example_time_delta_sensor_async.py
[2022-08-11 10:02:31,326] {processor.py:641} INFO - Processing file /Users/pro/Documents/a_env/proj_data/lib/python3.7/site-packages/airflow/example_dags/example_time_delta_sensor_async.py for tasks to queue
[2022-08-11 10:02:31,327] {logging_mixin.py:115} INFO - [2022-08-11 10:02:31,326] {dagbag.py:508} INFO - Filling up the DagBag from /Users/pro/Documents/a_env/proj_data/lib/python3.7/site-packages/airflow/example_dags/example_time_delta_sensor_async.py
[2022-08-11 10:02:31,335] {processor.py:651} INFO - DAG(s) dict_keys(['example_time_delta_sensor_async']) retrieved from /Users/pro/Documents/a_env/proj_data/lib/python3.7/site-packages/airflow/example_dags/example_time_delta_sensor_async.py
[2022-08-11 10:02:31,362] {logging_mixin.py:115} INFO - [2022-08-11 10:02:31,361] {dag.py:2420} INFO - Sync 1 DAGs
[2022-08-11 10:02:31,380] {logging_mixin.py:115} INFO - [2022-08-11 10:02:31,380] {dag.py:2972} INFO - Setting next_dagrun for example_time_delta_sensor_async to None, run_after=None
[2022-08-11 10:02:31,392] {processor.py:161} INFO - Processing /Users/pro/Documents/a_env/proj_data/lib/python3.7/site-packages/airflow/example_dags/example_time_delta_sensor_async.py took 0.072 seconds
[2022-08-11 10:03:06,947] {processor.py:153} INFO - Started process (PID=52073) to work on /Users/pro/Documents/a_env/proj_data/lib/python3.7/site-packages/airflow/example_dags/example_time_delta_sensor_async.py
[2022-08-11 10:03:06,949] {processor.py:641} INFO - Processing file /Users/pro/Documents/a_env/proj_data/lib/python3.7/site-packages/airflow/example_dags/example_time_delta_sensor_async.py for tasks to queue
[2022-08-11 10:03:06,949] {logging_mixin.py:115} INFO - [2022-08-11 10:03:06,949] {dagbag.py:508} INFO - Filling up the DagBag from /Users/pro/Documents/a_env/proj_data/lib/python3.7/site-packages/airflow/example_dags/example_time_delta_sensor_async.py
[2022-08-11 10:03:06,957] {processor.py:651} INFO - DAG(s) dict_keys(['example_time_delta_sensor_async']) retrieved from /Users/pro/Documents/a_env/proj_data/lib/python3.7/site-packages/airflow/example_dags/example_time_delta_sensor_async.py
[2022-08-11 10:03:06,989] {logging_mixin.py:115} INFO - [2022-08-11 10:03:06,988] {dag.py:2420} INFO - Sync 1 DAGs
[2022-08-11 10:03:07,008] {logging_mixin.py:115} INFO - [2022-08-11 10:03:07,007] {dag.py:2972} INFO - Setting next_dagrun for example_time_delta_sensor_async to None, run_after=None
[2022-08-11 10:03:07,019] {processor.py:161} INFO - Processing /Users/pro/Documents/a_env/proj_data/lib/python3.7/site-packages/airflow/example_dags/example_time_delta_sensor_async.py took 0.077 seconds
[2022-08-11 10:03:41,064] {processor.py:153} INFO - Started process (PID=52109) to work on /Users/pro/Documents/a_env/proj_data/lib/python3.7/site-packages/airflow/example_dags/example_time_delta_sensor_async.py
[2022-08-11 10:03:41,066] {processor.py:641} INFO - Processing file /Users/pro/Documents/a_env/proj_data/lib/python3.7/site-packages/airflow/example_dags/example_time_delta_sensor_async.py for tasks to queue
[2022-08-11 10:03:41,068] {logging_mixin.py:115} INFO - [2022-08-11 10:03:41,067] {dagbag.py:508} INFO - Filling up the DagBag from /Users/pro/Documents/a_env/proj_data/lib/python3.7/site-packages/airflow/example_dags/example_time_delta_sensor_async.py
[2022-08-11 10:03:41,079] {processor.py:651} INFO - DAG(s) dict_keys(['example_time_delta_sensor_async']) retrieved from /Users/pro/Documents/a_env/proj_data/lib/python3.7/site-packages/airflow/example_dags/example_time_delta_sensor_async.py
[2022-08-11 10:03:41,108] {logging_mixin.py:115} INFO - [2022-08-11 10:03:41,108] {dag.py:2420} INFO - Sync 1 DAGs
[2022-08-11 10:03:41,126] {logging_mixin.py:115} INFO - [2022-08-11 10:03:41,125] {dag.py:2972} INFO - Setting next_dagrun for example_time_delta_sensor_async to None, run_after=None
[2022-08-11 10:03:41,142] {processor.py:161} INFO - Processing /Users/pro/Documents/a_env/proj_data/lib/python3.7/site-packages/airflow/example_dags/example_time_delta_sensor_async.py took 0.084 seconds
[2022-08-11 10:04:14,060] {processor.py:153} INFO - Started process (PID=52142) to work on /Users/pro/Documents/a_env/proj_data/lib/python3.7/site-packages/airflow/example_dags/example_time_delta_sensor_async.py
[2022-08-11 10:04:14,061] {processor.py:641} INFO - Processing file /Users/pro/Documents/a_env/proj_data/lib/python3.7/site-packages/airflow/example_dags/example_time_delta_sensor_async.py for tasks to queue
[2022-08-11 10:04:14,062] {logging_mixin.py:115} INFO - [2022-08-11 10:04:14,061] {dagbag.py:508} INFO - Filling up the DagBag from /Users/pro/Documents/a_env/proj_data/lib/python3.7/site-packages/airflow/example_dags/example_time_delta_sensor_async.py
[2022-08-11 10:04:14,071] {processor.py:651} INFO - DAG(s) dict_keys(['example_time_delta_sensor_async']) retrieved from /Users/pro/Documents/a_env/proj_data/lib/python3.7/site-packages/airflow/example_dags/example_time_delta_sensor_async.py
[2022-08-11 10:04:14,098] {logging_mixin.py:115} INFO - [2022-08-11 10:04:14,098] {dag.py:2420} INFO - Sync 1 DAGs
[2022-08-11 10:04:14,117] {logging_mixin.py:115} INFO - [2022-08-11 10:04:14,117] {dag.py:2972} INFO - Setting next_dagrun for example_time_delta_sensor_async to None, run_after=None
[2022-08-11 10:04:14,130] {processor.py:161} INFO - Processing /Users/pro/Documents/a_env/proj_data/lib/python3.7/site-packages/airflow/example_dags/example_time_delta_sensor_async.py took 0.076 seconds
[2022-08-11 10:18:44,879] {processor.py:153} INFO - Started process (PID=52181) to work on /Users/pro/Documents/a_env/proj_data/lib/python3.7/site-packages/airflow/example_dags/example_time_delta_sensor_async.py
[2022-08-11 10:18:44,886] {processor.py:641} INFO - Processing file /Users/pro/Documents/a_env/proj_data/lib/python3.7/site-packages/airflow/example_dags/example_time_delta_sensor_async.py for tasks to queue
[2022-08-11 10:18:44,895] {logging_mixin.py:115} INFO - [2022-08-11 10:18:44,893] {dagbag.py:508} INFO - Filling up the DagBag from /Users/pro/Documents/a_env/proj_data/lib/python3.7/site-packages/airflow/example_dags/example_time_delta_sensor_async.py
[2022-08-11 10:18:44,956] {processor.py:651} INFO - DAG(s) dict_keys(['example_time_delta_sensor_async']) retrieved from /Users/pro/Documents/a_env/proj_data/lib/python3.7/site-packages/airflow/example_dags/example_time_delta_sensor_async.py
[2022-08-11 10:18:45,161] {logging_mixin.py:115} INFO - [2022-08-11 10:18:45,159] {dag.py:2420} INFO - Sync 1 DAGs
[2022-08-11 10:18:45,301] {logging_mixin.py:115} INFO - [2022-08-11 10:18:45,298] {dag.py:2972} INFO - Setting next_dagrun for example_time_delta_sensor_async to None, run_after=None
[2022-08-11 10:18:45,389] {processor.py:161} INFO - Processing /Users/pro/Documents/a_env/proj_data/lib/python3.7/site-packages/airflow/example_dags/example_time_delta_sensor_async.py took 0.541 seconds
[2022-08-11 10:23:10,174] {processor.py:153} INFO - Started process (PID=52263) to work on /Users/pro/Documents/a_env/proj_data/lib/python3.7/site-packages/airflow/example_dags/example_time_delta_sensor_async.py
[2022-08-11 10:23:10,176] {processor.py:641} INFO - Processing file /Users/pro/Documents/a_env/proj_data/lib/python3.7/site-packages/airflow/example_dags/example_time_delta_sensor_async.py for tasks to queue
[2022-08-11 10:23:10,177] {logging_mixin.py:115} INFO - [2022-08-11 10:23:10,177] {dagbag.py:508} INFO - Filling up the DagBag from /Users/pro/Documents/a_env/proj_data/lib/python3.7/site-packages/airflow/example_dags/example_time_delta_sensor_async.py
[2022-08-11 10:23:10,191] {processor.py:651} INFO - DAG(s) dict_keys(['example_time_delta_sensor_async']) retrieved from /Users/pro/Documents/a_env/proj_data/lib/python3.7/site-packages/airflow/example_dags/example_time_delta_sensor_async.py
[2022-08-11 10:23:10,254] {logging_mixin.py:115} INFO - [2022-08-11 10:23:10,253] {dag.py:2420} INFO - Sync 1 DAGs
[2022-08-11 10:23:10,273] {logging_mixin.py:115} INFO - [2022-08-11 10:23:10,273] {dag.py:2972} INFO - Setting next_dagrun for example_time_delta_sensor_async to None, run_after=None
[2022-08-11 10:23:10,286] {processor.py:161} INFO - Processing /Users/pro/Documents/a_env/proj_data/lib/python3.7/site-packages/airflow/example_dags/example_time_delta_sensor_async.py took 0.118 seconds
[2022-08-11 10:23:45,233] {processor.py:153} INFO - Started process (PID=52312) to work on /Users/pro/Documents/a_env/proj_data/lib/python3.7/site-packages/airflow/example_dags/example_time_delta_sensor_async.py
[2022-08-11 10:23:45,234] {processor.py:641} INFO - Processing file /Users/pro/Documents/a_env/proj_data/lib/python3.7/site-packages/airflow/example_dags/example_time_delta_sensor_async.py for tasks to queue
[2022-08-11 10:23:45,235] {logging_mixin.py:115} INFO - [2022-08-11 10:23:45,235] {dagbag.py:508} INFO - Filling up the DagBag from /Users/pro/Documents/a_env/proj_data/lib/python3.7/site-packages/airflow/example_dags/example_time_delta_sensor_async.py
[2022-08-11 10:23:45,244] {processor.py:651} INFO - DAG(s) dict_keys(['example_time_delta_sensor_async']) retrieved from /Users/pro/Documents/a_env/proj_data/lib/python3.7/site-packages/airflow/example_dags/example_time_delta_sensor_async.py
[2022-08-11 10:23:45,275] {logging_mixin.py:115} INFO - [2022-08-11 10:23:45,275] {dag.py:2420} INFO - Sync 1 DAGs
[2022-08-11 10:23:45,293] {logging_mixin.py:115} INFO - [2022-08-11 10:23:45,293] {dag.py:2972} INFO - Setting next_dagrun for example_time_delta_sensor_async to None, run_after=None
[2022-08-11 10:23:45,306] {processor.py:161} INFO - Processing /Users/pro/Documents/a_env/proj_data/lib/python3.7/site-packages/airflow/example_dags/example_time_delta_sensor_async.py took 0.078 seconds
[2022-08-11 10:24:21,413] {processor.py:153} INFO - Started process (PID=52424) to work on /Users/pro/Documents/a_env/proj_data/lib/python3.7/site-packages/airflow/example_dags/example_time_delta_sensor_async.py
[2022-08-11 10:24:21,414] {processor.py:641} INFO - Processing file /Users/pro/Documents/a_env/proj_data/lib/python3.7/site-packages/airflow/example_dags/example_time_delta_sensor_async.py for tasks to queue
[2022-08-11 10:24:21,415] {logging_mixin.py:115} INFO - [2022-08-11 10:24:21,415] {dagbag.py:508} INFO - Filling up the DagBag from /Users/pro/Documents/a_env/proj_data/lib/python3.7/site-packages/airflow/example_dags/example_time_delta_sensor_async.py
[2022-08-11 10:24:21,426] {processor.py:651} INFO - DAG(s) dict_keys(['example_time_delta_sensor_async']) retrieved from /Users/pro/Documents/a_env/proj_data/lib/python3.7/site-packages/airflow/example_dags/example_time_delta_sensor_async.py
[2022-08-11 10:24:21,526] {logging_mixin.py:115} INFO - [2022-08-11 10:24:21,525] {dag.py:2420} INFO - Sync 1 DAGs
[2022-08-11 10:24:21,547] {logging_mixin.py:115} INFO - [2022-08-11 10:24:21,545] {dag.py:2972} INFO - Setting next_dagrun for example_time_delta_sensor_async to None, run_after=None
[2022-08-11 10:24:21,602] {processor.py:161} INFO - Processing /Users/pro/Documents/a_env/proj_data/lib/python3.7/site-packages/airflow/example_dags/example_time_delta_sensor_async.py took 0.195 seconds
[2022-08-11 10:24:58,490] {processor.py:153} INFO - Started process (PID=52470) to work on /Users/pro/Documents/a_env/proj_data/lib/python3.7/site-packages/airflow/example_dags/example_time_delta_sensor_async.py
[2022-08-11 10:24:58,491] {processor.py:641} INFO - Processing file /Users/pro/Documents/a_env/proj_data/lib/python3.7/site-packages/airflow/example_dags/example_time_delta_sensor_async.py for tasks to queue
[2022-08-11 10:24:58,492] {logging_mixin.py:115} INFO - [2022-08-11 10:24:58,492] {dagbag.py:508} INFO - Filling up the DagBag from /Users/pro/Documents/a_env/proj_data/lib/python3.7/site-packages/airflow/example_dags/example_time_delta_sensor_async.py
[2022-08-11 10:24:58,503] {processor.py:651} INFO - DAG(s) dict_keys(['example_time_delta_sensor_async']) retrieved from /Users/pro/Documents/a_env/proj_data/lib/python3.7/site-packages/airflow/example_dags/example_time_delta_sensor_async.py
[2022-08-11 10:24:58,549] {logging_mixin.py:115} INFO - [2022-08-11 10:24:58,549] {dag.py:2420} INFO - Sync 1 DAGs
[2022-08-11 10:24:58,568] {logging_mixin.py:115} INFO - [2022-08-11 10:24:58,568] {dag.py:2972} INFO - Setting next_dagrun for example_time_delta_sensor_async to None, run_after=None
[2022-08-11 10:24:58,580] {processor.py:161} INFO - Processing /Users/pro/Documents/a_env/proj_data/lib/python3.7/site-packages/airflow/example_dags/example_time_delta_sensor_async.py took 0.095 seconds
[2022-08-11 10:25:33,790] {processor.py:153} INFO - Started process (PID=52511) to work on /Users/pro/Documents/a_env/proj_data/lib/python3.7/site-packages/airflow/example_dags/example_time_delta_sensor_async.py
[2022-08-11 10:25:33,791] {processor.py:641} INFO - Processing file /Users/pro/Documents/a_env/proj_data/lib/python3.7/site-packages/airflow/example_dags/example_time_delta_sensor_async.py for tasks to queue
[2022-08-11 10:25:33,792] {logging_mixin.py:115} INFO - [2022-08-11 10:25:33,792] {dagbag.py:508} INFO - Filling up the DagBag from /Users/pro/Documents/a_env/proj_data/lib/python3.7/site-packages/airflow/example_dags/example_time_delta_sensor_async.py
[2022-08-11 10:25:33,805] {processor.py:651} INFO - DAG(s) dict_keys(['example_time_delta_sensor_async']) retrieved from /Users/pro/Documents/a_env/proj_data/lib/python3.7/site-packages/airflow/example_dags/example_time_delta_sensor_async.py
[2022-08-11 10:25:33,859] {logging_mixin.py:115} INFO - [2022-08-11 10:25:33,859] {dag.py:2420} INFO - Sync 1 DAGs
[2022-08-11 10:25:33,881] {logging_mixin.py:115} INFO - [2022-08-11 10:25:33,881] {dag.py:2972} INFO - Setting next_dagrun for example_time_delta_sensor_async to None, run_after=None
[2022-08-11 10:25:33,902] {processor.py:161} INFO - Processing /Users/pro/Documents/a_env/proj_data/lib/python3.7/site-packages/airflow/example_dags/example_time_delta_sensor_async.py took 0.118 seconds
[2022-08-11 10:26:13,273] {processor.py:153} INFO - Started process (PID=52599) to work on /Users/pro/Documents/a_env/proj_data/lib/python3.7/site-packages/airflow/example_dags/example_time_delta_sensor_async.py
[2022-08-11 10:26:13,274] {processor.py:641} INFO - Processing file /Users/pro/Documents/a_env/proj_data/lib/python3.7/site-packages/airflow/example_dags/example_time_delta_sensor_async.py for tasks to queue
[2022-08-11 10:26:13,276] {logging_mixin.py:115} INFO - [2022-08-11 10:26:13,276] {dagbag.py:508} INFO - Filling up the DagBag from /Users/pro/Documents/a_env/proj_data/lib/python3.7/site-packages/airflow/example_dags/example_time_delta_sensor_async.py
[2022-08-11 10:26:13,287] {processor.py:651} INFO - DAG(s) dict_keys(['example_time_delta_sensor_async']) retrieved from /Users/pro/Documents/a_env/proj_data/lib/python3.7/site-packages/airflow/example_dags/example_time_delta_sensor_async.py
[2022-08-11 10:26:13,378] {logging_mixin.py:115} INFO - [2022-08-11 10:26:13,377] {dag.py:2420} INFO - Sync 1 DAGs
[2022-08-11 10:26:13,399] {logging_mixin.py:115} INFO - [2022-08-11 10:26:13,398] {dag.py:2972} INFO - Setting next_dagrun for example_time_delta_sensor_async to None, run_after=None
[2022-08-11 10:26:13,412] {processor.py:161} INFO - Processing /Users/pro/Documents/a_env/proj_data/lib/python3.7/site-packages/airflow/example_dags/example_time_delta_sensor_async.py took 0.144 seconds
[2022-08-11 10:26:52,565] {processor.py:153} INFO - Started process (PID=52648) to work on /Users/pro/Documents/a_env/proj_data/lib/python3.7/site-packages/airflow/example_dags/example_time_delta_sensor_async.py
[2022-08-11 10:26:52,566] {processor.py:641} INFO - Processing file /Users/pro/Documents/a_env/proj_data/lib/python3.7/site-packages/airflow/example_dags/example_time_delta_sensor_async.py for tasks to queue
[2022-08-11 10:26:52,567] {logging_mixin.py:115} INFO - [2022-08-11 10:26:52,567] {dagbag.py:508} INFO - Filling up the DagBag from /Users/pro/Documents/a_env/proj_data/lib/python3.7/site-packages/airflow/example_dags/example_time_delta_sensor_async.py
[2022-08-11 10:26:52,584] {processor.py:651} INFO - DAG(s) dict_keys(['example_time_delta_sensor_async']) retrieved from /Users/pro/Documents/a_env/proj_data/lib/python3.7/site-packages/airflow/example_dags/example_time_delta_sensor_async.py
[2022-08-11 10:26:52,715] {logging_mixin.py:115} INFO - [2022-08-11 10:26:52,714] {dag.py:2420} INFO - Sync 1 DAGs
[2022-08-11 10:26:52,739] {logging_mixin.py:115} INFO - [2022-08-11 10:26:52,739] {dag.py:2972} INFO - Setting next_dagrun for example_time_delta_sensor_async to None, run_after=None
[2022-08-11 10:26:52,755] {processor.py:161} INFO - Processing /Users/pro/Documents/a_env/proj_data/lib/python3.7/site-packages/airflow/example_dags/example_time_delta_sensor_async.py took 0.196 seconds
[2022-08-11 10:27:41,594] {processor.py:153} INFO - Started process (PID=52698) to work on /Users/pro/Documents/a_env/proj_data/lib/python3.7/site-packages/airflow/example_dags/example_time_delta_sensor_async.py
[2022-08-11 10:27:41,595] {processor.py:641} INFO - Processing file /Users/pro/Documents/a_env/proj_data/lib/python3.7/site-packages/airflow/example_dags/example_time_delta_sensor_async.py for tasks to queue
[2022-08-11 10:27:41,597] {logging_mixin.py:115} INFO - [2022-08-11 10:27:41,597] {dagbag.py:508} INFO - Filling up the DagBag from /Users/pro/Documents/a_env/proj_data/lib/python3.7/site-packages/airflow/example_dags/example_time_delta_sensor_async.py
[2022-08-11 10:27:41,620] {processor.py:651} INFO - DAG(s) dict_keys(['example_time_delta_sensor_async']) retrieved from /Users/pro/Documents/a_env/proj_data/lib/python3.7/site-packages/airflow/example_dags/example_time_delta_sensor_async.py
[2022-08-11 10:27:41,874] {logging_mixin.py:115} INFO - [2022-08-11 10:27:41,873] {dag.py:2420} INFO - Sync 1 DAGs
[2022-08-11 10:27:41,921] {logging_mixin.py:115} INFO - [2022-08-11 10:27:41,921] {dag.py:2972} INFO - Setting next_dagrun for example_time_delta_sensor_async to None, run_after=None
[2022-08-11 10:27:42,001] {processor.py:161} INFO - Processing /Users/pro/Documents/a_env/proj_data/lib/python3.7/site-packages/airflow/example_dags/example_time_delta_sensor_async.py took 0.419 seconds
[2022-08-11 10:28:27,437] {processor.py:153} INFO - Started process (PID=52763) to work on /Users/pro/Documents/a_env/proj_data/lib/python3.7/site-packages/airflow/example_dags/example_time_delta_sensor_async.py
[2022-08-11 10:28:27,439] {processor.py:641} INFO - Processing file /Users/pro/Documents/a_env/proj_data/lib/python3.7/site-packages/airflow/example_dags/example_time_delta_sensor_async.py for tasks to queue
[2022-08-11 10:28:27,440] {logging_mixin.py:115} INFO - [2022-08-11 10:28:27,440] {dagbag.py:508} INFO - Filling up the DagBag from /Users/pro/Documents/a_env/proj_data/lib/python3.7/site-packages/airflow/example_dags/example_time_delta_sensor_async.py
[2022-08-11 10:28:27,452] {processor.py:651} INFO - DAG(s) dict_keys(['example_time_delta_sensor_async']) retrieved from /Users/pro/Documents/a_env/proj_data/lib/python3.7/site-packages/airflow/example_dags/example_time_delta_sensor_async.py
[2022-08-11 10:28:27,501] {logging_mixin.py:115} INFO - [2022-08-11 10:28:27,500] {dag.py:2420} INFO - Sync 1 DAGs
[2022-08-11 10:28:27,526] {logging_mixin.py:115} INFO - [2022-08-11 10:28:27,526] {dag.py:2972} INFO - Setting next_dagrun for example_time_delta_sensor_async to None, run_after=None
[2022-08-11 10:28:27,540] {processor.py:161} INFO - Processing /Users/pro/Documents/a_env/proj_data/lib/python3.7/site-packages/airflow/example_dags/example_time_delta_sensor_async.py took 0.109 seconds
