[2022-08-11 08:02:32,148] {processor.py:153} INFO - Started process (PID=50716) to work on /Users/pro/Documents/a_env/proj_data/lib/python3.7/site-packages/airflow/example_dags/example_skip_dag.py
[2022-08-11 08:02:32,154] {processor.py:641} INFO - Processing file /Users/pro/Documents/a_env/proj_data/lib/python3.7/site-packages/airflow/example_dags/example_skip_dag.py for tasks to queue
[2022-08-11 08:02:32,163] {logging_mixin.py:115} INFO - [2022-08-11 08:02:32,160] {dagbag.py:508} INFO - Filling up the DagBag from /Users/pro/Documents/a_env/proj_data/lib/python3.7/site-packages/airflow/example_dags/example_skip_dag.py
[2022-08-11 08:02:32,225] {processor.py:651} INFO - DAG(s) dict_keys(['example_skip_dag']) retrieved from /Users/pro/Documents/a_env/proj_data/lib/python3.7/site-packages/airflow/example_dags/example_skip_dag.py
[2022-08-11 08:02:32,442] {logging_mixin.py:115} INFO - [2022-08-11 08:02:32,439] {dag.py:2420} INFO - Sync 1 DAGs
[2022-08-11 08:02:32,594] {logging_mixin.py:115} INFO - [2022-08-11 08:02:32,591] {dag.py:2972} INFO - Setting next_dagrun for example_skip_dag to 2022-08-10T00:02:32.589779+00:00, run_after=2022-08-11T00:02:32.589779+00:00
[2022-08-11 08:02:32,690] {processor.py:161} INFO - Processing /Users/pro/Documents/a_env/proj_data/lib/python3.7/site-packages/airflow/example_dags/example_skip_dag.py took 0.575 seconds
[2022-08-11 08:46:37,822] {processor.py:153} INFO - Started process (PID=50796) to work on /Users/pro/Documents/a_env/proj_data/lib/python3.7/site-packages/airflow/example_dags/example_skip_dag.py
[2022-08-11 08:46:37,823] {processor.py:641} INFO - Processing file /Users/pro/Documents/a_env/proj_data/lib/python3.7/site-packages/airflow/example_dags/example_skip_dag.py for tasks to queue
[2022-08-11 08:46:37,824] {logging_mixin.py:115} INFO - [2022-08-11 08:46:37,824] {dagbag.py:508} INFO - Filling up the DagBag from /Users/pro/Documents/a_env/proj_data/lib/python3.7/site-packages/airflow/example_dags/example_skip_dag.py
[2022-08-11 08:46:37,831] {processor.py:651} INFO - DAG(s) dict_keys(['example_skip_dag']) retrieved from /Users/pro/Documents/a_env/proj_data/lib/python3.7/site-packages/airflow/example_dags/example_skip_dag.py
[2022-08-11 08:46:37,850] {logging_mixin.py:115} INFO - [2022-08-11 08:46:37,850] {dag.py:2420} INFO - Sync 1 DAGs
[2022-08-11 08:46:37,868] {logging_mixin.py:115} INFO - [2022-08-11 08:46:37,868] {dag.py:2972} INFO - Setting next_dagrun for example_skip_dag to 2022-08-10T00:46:37.868260+00:00, run_after=2022-08-11T00:46:37.868260+00:00
[2022-08-11 08:46:37,882] {processor.py:161} INFO - Processing /Users/pro/Documents/a_env/proj_data/lib/python3.7/site-packages/airflow/example_dags/example_skip_dag.py took 0.064 seconds
[2022-08-11 09:31:49,627] {processor.py:153} INFO - Started process (PID=50870) to work on /Users/pro/Documents/a_env/proj_data/lib/python3.7/site-packages/airflow/example_dags/example_skip_dag.py
[2022-08-11 09:31:49,628] {processor.py:641} INFO - Processing file /Users/pro/Documents/a_env/proj_data/lib/python3.7/site-packages/airflow/example_dags/example_skip_dag.py for tasks to queue
[2022-08-11 09:31:49,629] {logging_mixin.py:115} INFO - [2022-08-11 09:31:49,628] {dagbag.py:508} INFO - Filling up the DagBag from /Users/pro/Documents/a_env/proj_data/lib/python3.7/site-packages/airflow/example_dags/example_skip_dag.py
[2022-08-11 09:31:49,636] {processor.py:651} INFO - DAG(s) dict_keys(['example_skip_dag']) retrieved from /Users/pro/Documents/a_env/proj_data/lib/python3.7/site-packages/airflow/example_dags/example_skip_dag.py
[2022-08-11 09:31:49,655] {logging_mixin.py:115} INFO - [2022-08-11 09:31:49,655] {dag.py:2420} INFO - Sync 1 DAGs
[2022-08-11 09:31:49,675] {logging_mixin.py:115} INFO - [2022-08-11 09:31:49,674] {dag.py:2972} INFO - Setting next_dagrun for example_skip_dag to 2022-08-10T01:31:49.674510+00:00, run_after=2022-08-11T01:31:49.674510+00:00
[2022-08-11 09:31:49,689] {processor.py:161} INFO - Processing /Users/pro/Documents/a_env/proj_data/lib/python3.7/site-packages/airflow/example_dags/example_skip_dag.py took 0.066 seconds
[2022-08-11 09:46:08,169] {processor.py:153} INFO - Started process (PID=50947) to work on /Users/pro/Documents/a_env/proj_data/lib/python3.7/site-packages/airflow/example_dags/example_skip_dag.py
[2022-08-11 09:46:08,170] {processor.py:641} INFO - Processing file /Users/pro/Documents/a_env/proj_data/lib/python3.7/site-packages/airflow/example_dags/example_skip_dag.py for tasks to queue
[2022-08-11 09:46:08,171] {logging_mixin.py:115} INFO - [2022-08-11 09:46:08,171] {dagbag.py:508} INFO - Filling up the DagBag from /Users/pro/Documents/a_env/proj_data/lib/python3.7/site-packages/airflow/example_dags/example_skip_dag.py
[2022-08-11 09:46:08,181] {processor.py:651} INFO - DAG(s) dict_keys(['example_skip_dag']) retrieved from /Users/pro/Documents/a_env/proj_data/lib/python3.7/site-packages/airflow/example_dags/example_skip_dag.py
[2022-08-11 09:46:08,201] {logging_mixin.py:115} INFO - [2022-08-11 09:46:08,201] {dag.py:2420} INFO - Sync 1 DAGs
[2022-08-11 09:46:08,221] {logging_mixin.py:115} INFO - [2022-08-11 09:46:08,221] {dag.py:2972} INFO - Setting next_dagrun for example_skip_dag to 2022-08-10T01:46:08.221015+00:00, run_after=2022-08-11T01:46:08.221015+00:00
[2022-08-11 09:46:08,235] {processor.py:161} INFO - Processing /Users/pro/Documents/a_env/proj_data/lib/python3.7/site-packages/airflow/example_dags/example_skip_dag.py took 0.071 seconds
[2022-08-11 09:46:44,110] {processor.py:153} INFO - Started process (PID=50982) to work on /Users/pro/Documents/a_env/proj_data/lib/python3.7/site-packages/airflow/example_dags/example_skip_dag.py
[2022-08-11 09:46:44,111] {processor.py:641} INFO - Processing file /Users/pro/Documents/a_env/proj_data/lib/python3.7/site-packages/airflow/example_dags/example_skip_dag.py for tasks to queue
[2022-08-11 09:46:44,112] {logging_mixin.py:115} INFO - [2022-08-11 09:46:44,112] {dagbag.py:508} INFO - Filling up the DagBag from /Users/pro/Documents/a_env/proj_data/lib/python3.7/site-packages/airflow/example_dags/example_skip_dag.py
[2022-08-11 09:46:44,121] {processor.py:651} INFO - DAG(s) dict_keys(['example_skip_dag']) retrieved from /Users/pro/Documents/a_env/proj_data/lib/python3.7/site-packages/airflow/example_dags/example_skip_dag.py
[2022-08-11 09:46:44,142] {logging_mixin.py:115} INFO - [2022-08-11 09:46:44,142] {dag.py:2420} INFO - Sync 1 DAGs
[2022-08-11 09:46:44,161] {logging_mixin.py:115} INFO - [2022-08-11 09:46:44,160] {dag.py:2972} INFO - Setting next_dagrun for example_skip_dag to 2022-08-10T01:46:44.160398+00:00, run_after=2022-08-11T01:46:44.160398+00:00
[2022-08-11 09:46:44,175] {processor.py:161} INFO - Processing /Users/pro/Documents/a_env/proj_data/lib/python3.7/site-packages/airflow/example_dags/example_skip_dag.py took 0.069 seconds
[2022-08-11 09:47:17,938] {processor.py:153} INFO - Started process (PID=51023) to work on /Users/pro/Documents/a_env/proj_data/lib/python3.7/site-packages/airflow/example_dags/example_skip_dag.py
[2022-08-11 09:47:17,940] {processor.py:641} INFO - Processing file /Users/pro/Documents/a_env/proj_data/lib/python3.7/site-packages/airflow/example_dags/example_skip_dag.py for tasks to queue
[2022-08-11 09:47:17,941] {logging_mixin.py:115} INFO - [2022-08-11 09:47:17,941] {dagbag.py:508} INFO - Filling up the DagBag from /Users/pro/Documents/a_env/proj_data/lib/python3.7/site-packages/airflow/example_dags/example_skip_dag.py
[2022-08-11 09:47:17,949] {processor.py:651} INFO - DAG(s) dict_keys(['example_skip_dag']) retrieved from /Users/pro/Documents/a_env/proj_data/lib/python3.7/site-packages/airflow/example_dags/example_skip_dag.py
[2022-08-11 09:47:17,970] {logging_mixin.py:115} INFO - [2022-08-11 09:47:17,970] {dag.py:2420} INFO - Sync 1 DAGs
[2022-08-11 09:47:17,990] {logging_mixin.py:115} INFO - [2022-08-11 09:47:17,989] {dag.py:2972} INFO - Setting next_dagrun for example_skip_dag to 2022-08-10T01:47:17.989500+00:00, run_after=2022-08-11T01:47:17.989500+00:00
[2022-08-11 09:47:18,005] {processor.py:161} INFO - Processing /Users/pro/Documents/a_env/proj_data/lib/python3.7/site-packages/airflow/example_dags/example_skip_dag.py took 0.070 seconds
[2022-08-11 09:47:53,811] {processor.py:153} INFO - Started process (PID=51062) to work on /Users/pro/Documents/a_env/proj_data/lib/python3.7/site-packages/airflow/example_dags/example_skip_dag.py
[2022-08-11 09:47:53,812] {processor.py:641} INFO - Processing file /Users/pro/Documents/a_env/proj_data/lib/python3.7/site-packages/airflow/example_dags/example_skip_dag.py for tasks to queue
[2022-08-11 09:47:53,813] {logging_mixin.py:115} INFO - [2022-08-11 09:47:53,813] {dagbag.py:508} INFO - Filling up the DagBag from /Users/pro/Documents/a_env/proj_data/lib/python3.7/site-packages/airflow/example_dags/example_skip_dag.py
[2022-08-11 09:47:53,821] {processor.py:651} INFO - DAG(s) dict_keys(['example_skip_dag']) retrieved from /Users/pro/Documents/a_env/proj_data/lib/python3.7/site-packages/airflow/example_dags/example_skip_dag.py
[2022-08-11 09:47:53,843] {logging_mixin.py:115} INFO - [2022-08-11 09:47:53,842] {dag.py:2420} INFO - Sync 1 DAGs
[2022-08-11 09:47:53,862] {logging_mixin.py:115} INFO - [2022-08-11 09:47:53,861] {dag.py:2972} INFO - Setting next_dagrun for example_skip_dag to 2022-08-10T01:47:53.861484+00:00, run_after=2022-08-11T01:47:53.861484+00:00
[2022-08-11 09:47:53,875] {processor.py:161} INFO - Processing /Users/pro/Documents/a_env/proj_data/lib/python3.7/site-packages/airflow/example_dags/example_skip_dag.py took 0.068 seconds
[2022-08-11 09:48:25,529] {processor.py:153} INFO - Started process (PID=51098) to work on /Users/pro/Documents/a_env/proj_data/lib/python3.7/site-packages/airflow/example_dags/example_skip_dag.py
[2022-08-11 09:48:25,530] {processor.py:641} INFO - Processing file /Users/pro/Documents/a_env/proj_data/lib/python3.7/site-packages/airflow/example_dags/example_skip_dag.py for tasks to queue
[2022-08-11 09:48:25,531] {logging_mixin.py:115} INFO - [2022-08-11 09:48:25,531] {dagbag.py:508} INFO - Filling up the DagBag from /Users/pro/Documents/a_env/proj_data/lib/python3.7/site-packages/airflow/example_dags/example_skip_dag.py
[2022-08-11 09:48:25,539] {processor.py:651} INFO - DAG(s) dict_keys(['example_skip_dag']) retrieved from /Users/pro/Documents/a_env/proj_data/lib/python3.7/site-packages/airflow/example_dags/example_skip_dag.py
[2022-08-11 09:48:25,561] {logging_mixin.py:115} INFO - [2022-08-11 09:48:25,561] {dag.py:2420} INFO - Sync 1 DAGs
[2022-08-11 09:48:25,582] {logging_mixin.py:115} INFO - [2022-08-11 09:48:25,581] {dag.py:2972} INFO - Setting next_dagrun for example_skip_dag to 2022-08-10T01:48:25.581284+00:00, run_after=2022-08-11T01:48:25.581284+00:00
[2022-08-11 09:48:25,594] {processor.py:161} INFO - Processing /Users/pro/Documents/a_env/proj_data/lib/python3.7/site-packages/airflow/example_dags/example_skip_dag.py took 0.070 seconds
[2022-08-11 09:49:00,857] {processor.py:153} INFO - Started process (PID=51134) to work on /Users/pro/Documents/a_env/proj_data/lib/python3.7/site-packages/airflow/example_dags/example_skip_dag.py
[2022-08-11 09:49:00,859] {processor.py:641} INFO - Processing file /Users/pro/Documents/a_env/proj_data/lib/python3.7/site-packages/airflow/example_dags/example_skip_dag.py for tasks to queue
[2022-08-11 09:49:00,860] {logging_mixin.py:115} INFO - [2022-08-11 09:49:00,860] {dagbag.py:508} INFO - Filling up the DagBag from /Users/pro/Documents/a_env/proj_data/lib/python3.7/site-packages/airflow/example_dags/example_skip_dag.py
[2022-08-11 09:49:00,868] {processor.py:651} INFO - DAG(s) dict_keys(['example_skip_dag']) retrieved from /Users/pro/Documents/a_env/proj_data/lib/python3.7/site-packages/airflow/example_dags/example_skip_dag.py
[2022-08-11 09:49:00,889] {logging_mixin.py:115} INFO - [2022-08-11 09:49:00,889] {dag.py:2420} INFO - Sync 1 DAGs
[2022-08-11 09:49:00,908] {logging_mixin.py:115} INFO - [2022-08-11 09:49:00,907] {dag.py:2972} INFO - Setting next_dagrun for example_skip_dag to 2022-08-10T01:49:00.907491+00:00, run_after=2022-08-11T01:49:00.907491+00:00
[2022-08-11 09:49:00,923] {processor.py:161} INFO - Processing /Users/pro/Documents/a_env/proj_data/lib/python3.7/site-packages/airflow/example_dags/example_skip_dag.py took 0.070 seconds
[2022-08-11 09:49:34,210] {processor.py:153} INFO - Started process (PID=51168) to work on /Users/pro/Documents/a_env/proj_data/lib/python3.7/site-packages/airflow/example_dags/example_skip_dag.py
[2022-08-11 09:49:34,211] {processor.py:641} INFO - Processing file /Users/pro/Documents/a_env/proj_data/lib/python3.7/site-packages/airflow/example_dags/example_skip_dag.py for tasks to queue
[2022-08-11 09:49:34,212] {logging_mixin.py:115} INFO - [2022-08-11 09:49:34,212] {dagbag.py:508} INFO - Filling up the DagBag from /Users/pro/Documents/a_env/proj_data/lib/python3.7/site-packages/airflow/example_dags/example_skip_dag.py
[2022-08-11 09:49:34,225] {processor.py:651} INFO - DAG(s) dict_keys(['example_skip_dag']) retrieved from /Users/pro/Documents/a_env/proj_data/lib/python3.7/site-packages/airflow/example_dags/example_skip_dag.py
[2022-08-11 09:49:34,253] {logging_mixin.py:115} INFO - [2022-08-11 09:49:34,252] {dag.py:2420} INFO - Sync 1 DAGs
[2022-08-11 09:49:34,279] {logging_mixin.py:115} INFO - [2022-08-11 09:49:34,278] {dag.py:2972} INFO - Setting next_dagrun for example_skip_dag to 2022-08-10T01:49:34.278649+00:00, run_after=2022-08-11T01:49:34.278649+00:00
[2022-08-11 09:49:34,295] {processor.py:161} INFO - Processing /Users/pro/Documents/a_env/proj_data/lib/python3.7/site-packages/airflow/example_dags/example_skip_dag.py took 0.093 seconds
[2022-08-11 09:50:09,517] {processor.py:153} INFO - Started process (PID=51205) to work on /Users/pro/Documents/a_env/proj_data/lib/python3.7/site-packages/airflow/example_dags/example_skip_dag.py
[2022-08-11 09:50:09,517] {processor.py:641} INFO - Processing file /Users/pro/Documents/a_env/proj_data/lib/python3.7/site-packages/airflow/example_dags/example_skip_dag.py for tasks to queue
[2022-08-11 09:50:09,518] {logging_mixin.py:115} INFO - [2022-08-11 09:50:09,518] {dagbag.py:508} INFO - Filling up the DagBag from /Users/pro/Documents/a_env/proj_data/lib/python3.7/site-packages/airflow/example_dags/example_skip_dag.py
[2022-08-11 09:50:09,526] {processor.py:651} INFO - DAG(s) dict_keys(['example_skip_dag']) retrieved from /Users/pro/Documents/a_env/proj_data/lib/python3.7/site-packages/airflow/example_dags/example_skip_dag.py
[2022-08-11 09:50:09,546] {logging_mixin.py:115} INFO - [2022-08-11 09:50:09,546] {dag.py:2420} INFO - Sync 1 DAGs
[2022-08-11 09:50:09,566] {logging_mixin.py:115} INFO - [2022-08-11 09:50:09,565] {dag.py:2972} INFO - Setting next_dagrun for example_skip_dag to 2022-08-10T01:50:09.565590+00:00, run_after=2022-08-11T01:50:09.565590+00:00
[2022-08-11 09:50:09,582] {processor.py:161} INFO - Processing /Users/pro/Documents/a_env/proj_data/lib/python3.7/site-packages/airflow/example_dags/example_skip_dag.py took 0.069 seconds
[2022-08-11 09:50:43,983] {processor.py:153} INFO - Started process (PID=51240) to work on /Users/pro/Documents/a_env/proj_data/lib/python3.7/site-packages/airflow/example_dags/example_skip_dag.py
[2022-08-11 09:50:43,983] {processor.py:641} INFO - Processing file /Users/pro/Documents/a_env/proj_data/lib/python3.7/site-packages/airflow/example_dags/example_skip_dag.py for tasks to queue
[2022-08-11 09:50:43,984] {logging_mixin.py:115} INFO - [2022-08-11 09:50:43,984] {dagbag.py:508} INFO - Filling up the DagBag from /Users/pro/Documents/a_env/proj_data/lib/python3.7/site-packages/airflow/example_dags/example_skip_dag.py
[2022-08-11 09:50:43,993] {processor.py:651} INFO - DAG(s) dict_keys(['example_skip_dag']) retrieved from /Users/pro/Documents/a_env/proj_data/lib/python3.7/site-packages/airflow/example_dags/example_skip_dag.py
[2022-08-11 09:50:44,012] {logging_mixin.py:115} INFO - [2022-08-11 09:50:44,012] {dag.py:2420} INFO - Sync 1 DAGs
[2022-08-11 09:50:44,033] {logging_mixin.py:115} INFO - [2022-08-11 09:50:44,032] {dag.py:2972} INFO - Setting next_dagrun for example_skip_dag to 2022-08-10T01:50:44.032531+00:00, run_after=2022-08-11T01:50:44.032531+00:00
[2022-08-11 09:50:44,047] {processor.py:161} INFO - Processing /Users/pro/Documents/a_env/proj_data/lib/python3.7/site-packages/airflow/example_dags/example_skip_dag.py took 0.069 seconds
[2022-08-11 09:51:17,870] {processor.py:153} INFO - Started process (PID=51275) to work on /Users/pro/Documents/a_env/proj_data/lib/python3.7/site-packages/airflow/example_dags/example_skip_dag.py
[2022-08-11 09:51:17,871] {processor.py:641} INFO - Processing file /Users/pro/Documents/a_env/proj_data/lib/python3.7/site-packages/airflow/example_dags/example_skip_dag.py for tasks to queue
[2022-08-11 09:51:17,872] {logging_mixin.py:115} INFO - [2022-08-11 09:51:17,871] {dagbag.py:508} INFO - Filling up the DagBag from /Users/pro/Documents/a_env/proj_data/lib/python3.7/site-packages/airflow/example_dags/example_skip_dag.py
[2022-08-11 09:51:17,880] {processor.py:651} INFO - DAG(s) dict_keys(['example_skip_dag']) retrieved from /Users/pro/Documents/a_env/proj_data/lib/python3.7/site-packages/airflow/example_dags/example_skip_dag.py
[2022-08-11 09:51:17,902] {logging_mixin.py:115} INFO - [2022-08-11 09:51:17,901] {dag.py:2420} INFO - Sync 1 DAGs
[2022-08-11 09:51:17,922] {logging_mixin.py:115} INFO - [2022-08-11 09:51:17,921] {dag.py:2972} INFO - Setting next_dagrun for example_skip_dag to 2022-08-10T01:51:17.921605+00:00, run_after=2022-08-11T01:51:17.921605+00:00
[2022-08-11 09:51:17,934] {processor.py:161} INFO - Processing /Users/pro/Documents/a_env/proj_data/lib/python3.7/site-packages/airflow/example_dags/example_skip_dag.py took 0.069 seconds
[2022-08-11 09:51:52,938] {processor.py:153} INFO - Started process (PID=51319) to work on /Users/pro/Documents/a_env/proj_data/lib/python3.7/site-packages/airflow/example_dags/example_skip_dag.py
[2022-08-11 09:51:52,939] {processor.py:641} INFO - Processing file /Users/pro/Documents/a_env/proj_data/lib/python3.7/site-packages/airflow/example_dags/example_skip_dag.py for tasks to queue
[2022-08-11 09:51:52,941] {logging_mixin.py:115} INFO - [2022-08-11 09:51:52,941] {dagbag.py:508} INFO - Filling up the DagBag from /Users/pro/Documents/a_env/proj_data/lib/python3.7/site-packages/airflow/example_dags/example_skip_dag.py
[2022-08-11 09:51:52,950] {processor.py:651} INFO - DAG(s) dict_keys(['example_skip_dag']) retrieved from /Users/pro/Documents/a_env/proj_data/lib/python3.7/site-packages/airflow/example_dags/example_skip_dag.py
[2022-08-11 09:51:52,974] {logging_mixin.py:115} INFO - [2022-08-11 09:51:52,974] {dag.py:2420} INFO - Sync 1 DAGs
[2022-08-11 09:51:52,994] {logging_mixin.py:115} INFO - [2022-08-11 09:51:52,994] {dag.py:2972} INFO - Setting next_dagrun for example_skip_dag to 2022-08-10T01:51:52.993879+00:00, run_after=2022-08-11T01:51:52.993879+00:00
[2022-08-11 09:51:53,005] {processor.py:161} INFO - Processing /Users/pro/Documents/a_env/proj_data/lib/python3.7/site-packages/airflow/example_dags/example_skip_dag.py took 0.073 seconds
[2022-08-11 09:52:27,729] {processor.py:153} INFO - Started process (PID=51363) to work on /Users/pro/Documents/a_env/proj_data/lib/python3.7/site-packages/airflow/example_dags/example_skip_dag.py
[2022-08-11 09:52:27,730] {processor.py:641} INFO - Processing file /Users/pro/Documents/a_env/proj_data/lib/python3.7/site-packages/airflow/example_dags/example_skip_dag.py for tasks to queue
[2022-08-11 09:52:27,732] {logging_mixin.py:115} INFO - [2022-08-11 09:52:27,731] {dagbag.py:508} INFO - Filling up the DagBag from /Users/pro/Documents/a_env/proj_data/lib/python3.7/site-packages/airflow/example_dags/example_skip_dag.py
[2022-08-11 09:52:27,740] {processor.py:651} INFO - DAG(s) dict_keys(['example_skip_dag']) retrieved from /Users/pro/Documents/a_env/proj_data/lib/python3.7/site-packages/airflow/example_dags/example_skip_dag.py
[2022-08-11 09:52:27,760] {logging_mixin.py:115} INFO - [2022-08-11 09:52:27,759] {dag.py:2420} INFO - Sync 1 DAGs
[2022-08-11 09:52:27,779] {logging_mixin.py:115} INFO - [2022-08-11 09:52:27,778] {dag.py:2972} INFO - Setting next_dagrun for example_skip_dag to 2022-08-10T01:52:27.778530+00:00, run_after=2022-08-11T01:52:27.778530+00:00
[2022-08-11 09:52:27,791] {processor.py:161} INFO - Processing /Users/pro/Documents/a_env/proj_data/lib/python3.7/site-packages/airflow/example_dags/example_skip_dag.py took 0.066 seconds
[2022-08-11 09:53:00,571] {processor.py:153} INFO - Started process (PID=51410) to work on /Users/pro/Documents/a_env/proj_data/lib/python3.7/site-packages/airflow/example_dags/example_skip_dag.py
[2022-08-11 09:53:00,572] {processor.py:641} INFO - Processing file /Users/pro/Documents/a_env/proj_data/lib/python3.7/site-packages/airflow/example_dags/example_skip_dag.py for tasks to queue
[2022-08-11 09:53:00,573] {logging_mixin.py:115} INFO - [2022-08-11 09:53:00,573] {dagbag.py:508} INFO - Filling up the DagBag from /Users/pro/Documents/a_env/proj_data/lib/python3.7/site-packages/airflow/example_dags/example_skip_dag.py
[2022-08-11 09:53:00,581] {processor.py:651} INFO - DAG(s) dict_keys(['example_skip_dag']) retrieved from /Users/pro/Documents/a_env/proj_data/lib/python3.7/site-packages/airflow/example_dags/example_skip_dag.py
[2022-08-11 09:53:00,603] {logging_mixin.py:115} INFO - [2022-08-11 09:53:00,602] {dag.py:2420} INFO - Sync 1 DAGs
[2022-08-11 09:53:00,621] {logging_mixin.py:115} INFO - [2022-08-11 09:53:00,620] {dag.py:2972} INFO - Setting next_dagrun for example_skip_dag to 2022-08-10T01:53:00.620517+00:00, run_after=2022-08-11T01:53:00.620517+00:00
[2022-08-11 09:53:00,633] {processor.py:161} INFO - Processing /Users/pro/Documents/a_env/proj_data/lib/python3.7/site-packages/airflow/example_dags/example_skip_dag.py took 0.066 seconds
[2022-08-11 09:53:35,525] {processor.py:153} INFO - Started process (PID=51447) to work on /Users/pro/Documents/a_env/proj_data/lib/python3.7/site-packages/airflow/example_dags/example_skip_dag.py
[2022-08-11 09:53:35,526] {processor.py:641} INFO - Processing file /Users/pro/Documents/a_env/proj_data/lib/python3.7/site-packages/airflow/example_dags/example_skip_dag.py for tasks to queue
[2022-08-11 09:53:35,527] {logging_mixin.py:115} INFO - [2022-08-11 09:53:35,527] {dagbag.py:508} INFO - Filling up the DagBag from /Users/pro/Documents/a_env/proj_data/lib/python3.7/site-packages/airflow/example_dags/example_skip_dag.py
[2022-08-11 09:53:35,534] {processor.py:651} INFO - DAG(s) dict_keys(['example_skip_dag']) retrieved from /Users/pro/Documents/a_env/proj_data/lib/python3.7/site-packages/airflow/example_dags/example_skip_dag.py
[2022-08-11 09:53:35,552] {logging_mixin.py:115} INFO - [2022-08-11 09:53:35,552] {dag.py:2420} INFO - Sync 1 DAGs
[2022-08-11 09:53:35,571] {logging_mixin.py:115} INFO - [2022-08-11 09:53:35,571] {dag.py:2972} INFO - Setting next_dagrun for example_skip_dag to 2022-08-10T01:53:35.570772+00:00, run_after=2022-08-11T01:53:35.570772+00:00
[2022-08-11 09:53:35,584] {processor.py:161} INFO - Processing /Users/pro/Documents/a_env/proj_data/lib/python3.7/site-packages/airflow/example_dags/example_skip_dag.py took 0.063 seconds
[2022-08-11 09:54:09,155] {processor.py:153} INFO - Started process (PID=51480) to work on /Users/pro/Documents/a_env/proj_data/lib/python3.7/site-packages/airflow/example_dags/example_skip_dag.py
[2022-08-11 09:54:09,156] {processor.py:641} INFO - Processing file /Users/pro/Documents/a_env/proj_data/lib/python3.7/site-packages/airflow/example_dags/example_skip_dag.py for tasks to queue
[2022-08-11 09:54:09,158] {logging_mixin.py:115} INFO - [2022-08-11 09:54:09,157] {dagbag.py:508} INFO - Filling up the DagBag from /Users/pro/Documents/a_env/proj_data/lib/python3.7/site-packages/airflow/example_dags/example_skip_dag.py
[2022-08-11 09:54:09,166] {processor.py:651} INFO - DAG(s) dict_keys(['example_skip_dag']) retrieved from /Users/pro/Documents/a_env/proj_data/lib/python3.7/site-packages/airflow/example_dags/example_skip_dag.py
[2022-08-11 09:54:09,187] {logging_mixin.py:115} INFO - [2022-08-11 09:54:09,187] {dag.py:2420} INFO - Sync 1 DAGs
[2022-08-11 09:54:09,207] {logging_mixin.py:115} INFO - [2022-08-11 09:54:09,207] {dag.py:2972} INFO - Setting next_dagrun for example_skip_dag to 2022-08-10T01:54:09.207253+00:00, run_after=2022-08-11T01:54:09.207253+00:00
[2022-08-11 09:54:09,221] {processor.py:161} INFO - Processing /Users/pro/Documents/a_env/proj_data/lib/python3.7/site-packages/airflow/example_dags/example_skip_dag.py took 0.070 seconds
[2022-08-11 09:54:43,023] {processor.py:153} INFO - Started process (PID=51516) to work on /Users/pro/Documents/a_env/proj_data/lib/python3.7/site-packages/airflow/example_dags/example_skip_dag.py
[2022-08-11 09:54:43,025] {processor.py:641} INFO - Processing file /Users/pro/Documents/a_env/proj_data/lib/python3.7/site-packages/airflow/example_dags/example_skip_dag.py for tasks to queue
[2022-08-11 09:54:43,027] {logging_mixin.py:115} INFO - [2022-08-11 09:54:43,026] {dagbag.py:508} INFO - Filling up the DagBag from /Users/pro/Documents/a_env/proj_data/lib/python3.7/site-packages/airflow/example_dags/example_skip_dag.py
[2022-08-11 09:54:43,036] {processor.py:651} INFO - DAG(s) dict_keys(['example_skip_dag']) retrieved from /Users/pro/Documents/a_env/proj_data/lib/python3.7/site-packages/airflow/example_dags/example_skip_dag.py
[2022-08-11 09:54:43,058] {logging_mixin.py:115} INFO - [2022-08-11 09:54:43,057] {dag.py:2420} INFO - Sync 1 DAGs
[2022-08-11 09:54:43,076] {logging_mixin.py:115} INFO - [2022-08-11 09:54:43,076] {dag.py:2972} INFO - Setting next_dagrun for example_skip_dag to 2022-08-10T01:54:43.075769+00:00, run_after=2022-08-11T01:54:43.075769+00:00
[2022-08-11 09:54:43,091] {processor.py:161} INFO - Processing /Users/pro/Documents/a_env/proj_data/lib/python3.7/site-packages/airflow/example_dags/example_skip_dag.py took 0.072 seconds
[2022-08-11 09:55:15,722] {processor.py:153} INFO - Started process (PID=51550) to work on /Users/pro/Documents/a_env/proj_data/lib/python3.7/site-packages/airflow/example_dags/example_skip_dag.py
[2022-08-11 09:55:15,725] {processor.py:641} INFO - Processing file /Users/pro/Documents/a_env/proj_data/lib/python3.7/site-packages/airflow/example_dags/example_skip_dag.py for tasks to queue
[2022-08-11 09:55:15,726] {logging_mixin.py:115} INFO - [2022-08-11 09:55:15,725] {dagbag.py:508} INFO - Filling up the DagBag from /Users/pro/Documents/a_env/proj_data/lib/python3.7/site-packages/airflow/example_dags/example_skip_dag.py
[2022-08-11 09:55:15,735] {processor.py:651} INFO - DAG(s) dict_keys(['example_skip_dag']) retrieved from /Users/pro/Documents/a_env/proj_data/lib/python3.7/site-packages/airflow/example_dags/example_skip_dag.py
[2022-08-11 09:55:15,757] {logging_mixin.py:115} INFO - [2022-08-11 09:55:15,757] {dag.py:2420} INFO - Sync 1 DAGs
[2022-08-11 09:55:15,777] {logging_mixin.py:115} INFO - [2022-08-11 09:55:15,777] {dag.py:2972} INFO - Setting next_dagrun for example_skip_dag to 2022-08-10T01:55:15.776895+00:00, run_after=2022-08-11T01:55:15.776895+00:00
[2022-08-11 09:55:15,791] {processor.py:161} INFO - Processing /Users/pro/Documents/a_env/proj_data/lib/python3.7/site-packages/airflow/example_dags/example_skip_dag.py took 0.074 seconds
[2022-08-11 09:55:51,525] {processor.py:153} INFO - Started process (PID=51586) to work on /Users/pro/Documents/a_env/proj_data/lib/python3.7/site-packages/airflow/example_dags/example_skip_dag.py
[2022-08-11 09:55:51,527] {processor.py:641} INFO - Processing file /Users/pro/Documents/a_env/proj_data/lib/python3.7/site-packages/airflow/example_dags/example_skip_dag.py for tasks to queue
[2022-08-11 09:55:51,529] {logging_mixin.py:115} INFO - [2022-08-11 09:55:51,528] {dagbag.py:508} INFO - Filling up the DagBag from /Users/pro/Documents/a_env/proj_data/lib/python3.7/site-packages/airflow/example_dags/example_skip_dag.py
[2022-08-11 09:55:51,537] {processor.py:651} INFO - DAG(s) dict_keys(['example_skip_dag']) retrieved from /Users/pro/Documents/a_env/proj_data/lib/python3.7/site-packages/airflow/example_dags/example_skip_dag.py
[2022-08-11 09:55:51,557] {logging_mixin.py:115} INFO - [2022-08-11 09:55:51,557] {dag.py:2420} INFO - Sync 1 DAGs
[2022-08-11 09:55:51,575] {logging_mixin.py:115} INFO - [2022-08-11 09:55:51,574] {dag.py:2972} INFO - Setting next_dagrun for example_skip_dag to 2022-08-10T01:55:51.574647+00:00, run_after=2022-08-11T01:55:51.574647+00:00
[2022-08-11 09:55:51,590] {processor.py:161} INFO - Processing /Users/pro/Documents/a_env/proj_data/lib/python3.7/site-packages/airflow/example_dags/example_skip_dag.py took 0.070 seconds
[2022-08-11 09:56:27,633] {processor.py:153} INFO - Started process (PID=51621) to work on /Users/pro/Documents/a_env/proj_data/lib/python3.7/site-packages/airflow/example_dags/example_skip_dag.py
[2022-08-11 09:56:27,636] {processor.py:641} INFO - Processing file /Users/pro/Documents/a_env/proj_data/lib/python3.7/site-packages/airflow/example_dags/example_skip_dag.py for tasks to queue
[2022-08-11 09:56:27,637] {logging_mixin.py:115} INFO - [2022-08-11 09:56:27,637] {dagbag.py:508} INFO - Filling up the DagBag from /Users/pro/Documents/a_env/proj_data/lib/python3.7/site-packages/airflow/example_dags/example_skip_dag.py
[2022-08-11 09:56:27,649] {processor.py:651} INFO - DAG(s) dict_keys(['example_skip_dag']) retrieved from /Users/pro/Documents/a_env/proj_data/lib/python3.7/site-packages/airflow/example_dags/example_skip_dag.py
[2022-08-11 09:56:27,671] {logging_mixin.py:115} INFO - [2022-08-11 09:56:27,670] {dag.py:2420} INFO - Sync 1 DAGs
[2022-08-11 09:56:27,690] {logging_mixin.py:115} INFO - [2022-08-11 09:56:27,689] {dag.py:2972} INFO - Setting next_dagrun for example_skip_dag to 2022-08-10T01:56:27.689612+00:00, run_after=2022-08-11T01:56:27.689612+00:00
[2022-08-11 09:56:27,703] {processor.py:161} INFO - Processing /Users/pro/Documents/a_env/proj_data/lib/python3.7/site-packages/airflow/example_dags/example_skip_dag.py took 0.075 seconds
[2022-08-11 09:57:00,770] {processor.py:153} INFO - Started process (PID=51657) to work on /Users/pro/Documents/a_env/proj_data/lib/python3.7/site-packages/airflow/example_dags/example_skip_dag.py
[2022-08-11 09:57:00,771] {processor.py:641} INFO - Processing file /Users/pro/Documents/a_env/proj_data/lib/python3.7/site-packages/airflow/example_dags/example_skip_dag.py for tasks to queue
[2022-08-11 09:57:00,773] {logging_mixin.py:115} INFO - [2022-08-11 09:57:00,772] {dagbag.py:508} INFO - Filling up the DagBag from /Users/pro/Documents/a_env/proj_data/lib/python3.7/site-packages/airflow/example_dags/example_skip_dag.py
[2022-08-11 09:57:00,782] {processor.py:651} INFO - DAG(s) dict_keys(['example_skip_dag']) retrieved from /Users/pro/Documents/a_env/proj_data/lib/python3.7/site-packages/airflow/example_dags/example_skip_dag.py
[2022-08-11 09:57:00,803] {logging_mixin.py:115} INFO - [2022-08-11 09:57:00,802] {dag.py:2420} INFO - Sync 1 DAGs
[2022-08-11 09:57:00,822] {logging_mixin.py:115} INFO - [2022-08-11 09:57:00,822] {dag.py:2972} INFO - Setting next_dagrun for example_skip_dag to 2022-08-10T01:57:00.821913+00:00, run_after=2022-08-11T01:57:00.821913+00:00
[2022-08-11 09:57:00,837] {processor.py:161} INFO - Processing /Users/pro/Documents/a_env/proj_data/lib/python3.7/site-packages/airflow/example_dags/example_skip_dag.py took 0.072 seconds
[2022-08-11 09:57:34,902] {processor.py:153} INFO - Started process (PID=51696) to work on /Users/pro/Documents/a_env/proj_data/lib/python3.7/site-packages/airflow/example_dags/example_skip_dag.py
[2022-08-11 09:57:34,903] {processor.py:641} INFO - Processing file /Users/pro/Documents/a_env/proj_data/lib/python3.7/site-packages/airflow/example_dags/example_skip_dag.py for tasks to queue
[2022-08-11 09:57:34,904] {logging_mixin.py:115} INFO - [2022-08-11 09:57:34,904] {dagbag.py:508} INFO - Filling up the DagBag from /Users/pro/Documents/a_env/proj_data/lib/python3.7/site-packages/airflow/example_dags/example_skip_dag.py
[2022-08-11 09:57:34,912] {processor.py:651} INFO - DAG(s) dict_keys(['example_skip_dag']) retrieved from /Users/pro/Documents/a_env/proj_data/lib/python3.7/site-packages/airflow/example_dags/example_skip_dag.py
[2022-08-11 09:57:34,934] {logging_mixin.py:115} INFO - [2022-08-11 09:57:34,933] {dag.py:2420} INFO - Sync 1 DAGs
[2022-08-11 09:57:34,953] {logging_mixin.py:115} INFO - [2022-08-11 09:57:34,953] {dag.py:2972} INFO - Setting next_dagrun for example_skip_dag to 2022-08-10T01:57:34.953157+00:00, run_after=2022-08-11T01:57:34.953157+00:00
[2022-08-11 09:57:34,966] {processor.py:161} INFO - Processing /Users/pro/Documents/a_env/proj_data/lib/python3.7/site-packages/airflow/example_dags/example_skip_dag.py took 0.070 seconds
[2022-08-11 09:58:10,345] {processor.py:153} INFO - Started process (PID=51732) to work on /Users/pro/Documents/a_env/proj_data/lib/python3.7/site-packages/airflow/example_dags/example_skip_dag.py
[2022-08-11 09:58:10,346] {processor.py:641} INFO - Processing file /Users/pro/Documents/a_env/proj_data/lib/python3.7/site-packages/airflow/example_dags/example_skip_dag.py for tasks to queue
[2022-08-11 09:58:10,347] {logging_mixin.py:115} INFO - [2022-08-11 09:58:10,346] {dagbag.py:508} INFO - Filling up the DagBag from /Users/pro/Documents/a_env/proj_data/lib/python3.7/site-packages/airflow/example_dags/example_skip_dag.py
[2022-08-11 09:58:10,355] {processor.py:651} INFO - DAG(s) dict_keys(['example_skip_dag']) retrieved from /Users/pro/Documents/a_env/proj_data/lib/python3.7/site-packages/airflow/example_dags/example_skip_dag.py
[2022-08-11 09:58:10,377] {logging_mixin.py:115} INFO - [2022-08-11 09:58:10,376] {dag.py:2420} INFO - Sync 1 DAGs
[2022-08-11 09:58:10,397] {logging_mixin.py:115} INFO - [2022-08-11 09:58:10,396] {dag.py:2972} INFO - Setting next_dagrun for example_skip_dag to 2022-08-10T01:58:10.396434+00:00, run_after=2022-08-11T01:58:10.396434+00:00
[2022-08-11 09:58:10,411] {processor.py:161} INFO - Processing /Users/pro/Documents/a_env/proj_data/lib/python3.7/site-packages/airflow/example_dags/example_skip_dag.py took 0.071 seconds
[2022-08-11 09:58:46,109] {processor.py:153} INFO - Started process (PID=51766) to work on /Users/pro/Documents/a_env/proj_data/lib/python3.7/site-packages/airflow/example_dags/example_skip_dag.py
[2022-08-11 09:58:46,110] {processor.py:641} INFO - Processing file /Users/pro/Documents/a_env/proj_data/lib/python3.7/site-packages/airflow/example_dags/example_skip_dag.py for tasks to queue
[2022-08-11 09:58:46,111] {logging_mixin.py:115} INFO - [2022-08-11 09:58:46,111] {dagbag.py:508} INFO - Filling up the DagBag from /Users/pro/Documents/a_env/proj_data/lib/python3.7/site-packages/airflow/example_dags/example_skip_dag.py
[2022-08-11 09:58:46,119] {processor.py:651} INFO - DAG(s) dict_keys(['example_skip_dag']) retrieved from /Users/pro/Documents/a_env/proj_data/lib/python3.7/site-packages/airflow/example_dags/example_skip_dag.py
[2022-08-11 09:58:46,139] {logging_mixin.py:115} INFO - [2022-08-11 09:58:46,138] {dag.py:2420} INFO - Sync 1 DAGs
[2022-08-11 09:58:46,156] {logging_mixin.py:115} INFO - [2022-08-11 09:58:46,156] {dag.py:2972} INFO - Setting next_dagrun for example_skip_dag to 2022-08-10T01:58:46.156298+00:00, run_after=2022-08-11T01:58:46.156298+00:00
[2022-08-11 09:58:46,174] {processor.py:161} INFO - Processing /Users/pro/Documents/a_env/proj_data/lib/python3.7/site-packages/airflow/example_dags/example_skip_dag.py took 0.071 seconds
[2022-08-11 09:59:22,391] {processor.py:153} INFO - Started process (PID=51803) to work on /Users/pro/Documents/a_env/proj_data/lib/python3.7/site-packages/airflow/example_dags/example_skip_dag.py
[2022-08-11 09:59:22,394] {processor.py:641} INFO - Processing file /Users/pro/Documents/a_env/proj_data/lib/python3.7/site-packages/airflow/example_dags/example_skip_dag.py for tasks to queue
[2022-08-11 09:59:22,395] {logging_mixin.py:115} INFO - [2022-08-11 09:59:22,395] {dagbag.py:508} INFO - Filling up the DagBag from /Users/pro/Documents/a_env/proj_data/lib/python3.7/site-packages/airflow/example_dags/example_skip_dag.py
[2022-08-11 09:59:22,404] {processor.py:651} INFO - DAG(s) dict_keys(['example_skip_dag']) retrieved from /Users/pro/Documents/a_env/proj_data/lib/python3.7/site-packages/airflow/example_dags/example_skip_dag.py
[2022-08-11 09:59:22,426] {logging_mixin.py:115} INFO - [2022-08-11 09:59:22,426] {dag.py:2420} INFO - Sync 1 DAGs
[2022-08-11 09:59:22,445] {logging_mixin.py:115} INFO - [2022-08-11 09:59:22,444] {dag.py:2972} INFO - Setting next_dagrun for example_skip_dag to 2022-08-10T01:59:22.444410+00:00, run_after=2022-08-11T01:59:22.444410+00:00
[2022-08-11 09:59:22,458] {processor.py:161} INFO - Processing /Users/pro/Documents/a_env/proj_data/lib/python3.7/site-packages/airflow/example_dags/example_skip_dag.py took 0.072 seconds
[2022-08-11 09:59:57,839] {processor.py:153} INFO - Started process (PID=51853) to work on /Users/pro/Documents/a_env/proj_data/lib/python3.7/site-packages/airflow/example_dags/example_skip_dag.py
[2022-08-11 09:59:57,840] {processor.py:641} INFO - Processing file /Users/pro/Documents/a_env/proj_data/lib/python3.7/site-packages/airflow/example_dags/example_skip_dag.py for tasks to queue
[2022-08-11 09:59:57,841] {logging_mixin.py:115} INFO - [2022-08-11 09:59:57,841] {dagbag.py:508} INFO - Filling up the DagBag from /Users/pro/Documents/a_env/proj_data/lib/python3.7/site-packages/airflow/example_dags/example_skip_dag.py
[2022-08-11 09:59:57,851] {processor.py:651} INFO - DAG(s) dict_keys(['example_skip_dag']) retrieved from /Users/pro/Documents/a_env/proj_data/lib/python3.7/site-packages/airflow/example_dags/example_skip_dag.py
[2022-08-11 09:59:57,874] {logging_mixin.py:115} INFO - [2022-08-11 09:59:57,873] {dag.py:2420} INFO - Sync 1 DAGs
[2022-08-11 09:59:57,893] {logging_mixin.py:115} INFO - [2022-08-11 09:59:57,893] {dag.py:2972} INFO - Setting next_dagrun for example_skip_dag to 2022-08-10T01:59:57.893073+00:00, run_after=2022-08-11T01:59:57.893073+00:00
[2022-08-11 09:59:57,906] {processor.py:161} INFO - Processing /Users/pro/Documents/a_env/proj_data/lib/python3.7/site-packages/airflow/example_dags/example_skip_dag.py took 0.072 seconds
[2022-08-11 10:00:31,831] {processor.py:153} INFO - Started process (PID=51906) to work on /Users/pro/Documents/a_env/proj_data/lib/python3.7/site-packages/airflow/example_dags/example_skip_dag.py
[2022-08-11 10:00:31,832] {processor.py:641} INFO - Processing file /Users/pro/Documents/a_env/proj_data/lib/python3.7/site-packages/airflow/example_dags/example_skip_dag.py for tasks to queue
[2022-08-11 10:00:31,833] {logging_mixin.py:115} INFO - [2022-08-11 10:00:31,833] {dagbag.py:508} INFO - Filling up the DagBag from /Users/pro/Documents/a_env/proj_data/lib/python3.7/site-packages/airflow/example_dags/example_skip_dag.py
[2022-08-11 10:00:31,841] {processor.py:651} INFO - DAG(s) dict_keys(['example_skip_dag']) retrieved from /Users/pro/Documents/a_env/proj_data/lib/python3.7/site-packages/airflow/example_dags/example_skip_dag.py
[2022-08-11 10:00:31,863] {logging_mixin.py:115} INFO - [2022-08-11 10:00:31,863] {dag.py:2420} INFO - Sync 1 DAGs
[2022-08-11 10:00:31,883] {logging_mixin.py:115} INFO - [2022-08-11 10:00:31,883] {dag.py:2972} INFO - Setting next_dagrun for example_skip_dag to 2022-08-10T02:00:31.883343+00:00, run_after=2022-08-11T02:00:31.883343+00:00
[2022-08-11 10:00:31,896] {processor.py:161} INFO - Processing /Users/pro/Documents/a_env/proj_data/lib/python3.7/site-packages/airflow/example_dags/example_skip_dag.py took 0.070 seconds
[2022-08-11 10:01:05,768] {processor.py:153} INFO - Started process (PID=51945) to work on /Users/pro/Documents/a_env/proj_data/lib/python3.7/site-packages/airflow/example_dags/example_skip_dag.py
[2022-08-11 10:01:05,769] {processor.py:641} INFO - Processing file /Users/pro/Documents/a_env/proj_data/lib/python3.7/site-packages/airflow/example_dags/example_skip_dag.py for tasks to queue
[2022-08-11 10:01:05,769] {logging_mixin.py:115} INFO - [2022-08-11 10:01:05,769] {dagbag.py:508} INFO - Filling up the DagBag from /Users/pro/Documents/a_env/proj_data/lib/python3.7/site-packages/airflow/example_dags/example_skip_dag.py
[2022-08-11 10:01:05,777] {processor.py:651} INFO - DAG(s) dict_keys(['example_skip_dag']) retrieved from /Users/pro/Documents/a_env/proj_data/lib/python3.7/site-packages/airflow/example_dags/example_skip_dag.py
[2022-08-11 10:01:05,796] {logging_mixin.py:115} INFO - [2022-08-11 10:01:05,796] {dag.py:2420} INFO - Sync 1 DAGs
[2022-08-11 10:01:05,815] {logging_mixin.py:115} INFO - [2022-08-11 10:01:05,814] {dag.py:2972} INFO - Setting next_dagrun for example_skip_dag to 2022-08-10T02:01:05.814625+00:00, run_after=2022-08-11T02:01:05.814625+00:00
[2022-08-11 10:01:05,827] {processor.py:161} INFO - Processing /Users/pro/Documents/a_env/proj_data/lib/python3.7/site-packages/airflow/example_dags/example_skip_dag.py took 0.063 seconds
[2022-08-11 10:01:39,483] {processor.py:153} INFO - Started process (PID=51978) to work on /Users/pro/Documents/a_env/proj_data/lib/python3.7/site-packages/airflow/example_dags/example_skip_dag.py
[2022-08-11 10:01:39,484] {processor.py:641} INFO - Processing file /Users/pro/Documents/a_env/proj_data/lib/python3.7/site-packages/airflow/example_dags/example_skip_dag.py for tasks to queue
[2022-08-11 10:01:39,485] {logging_mixin.py:115} INFO - [2022-08-11 10:01:39,484] {dagbag.py:508} INFO - Filling up the DagBag from /Users/pro/Documents/a_env/proj_data/lib/python3.7/site-packages/airflow/example_dags/example_skip_dag.py
[2022-08-11 10:01:39,491] {processor.py:651} INFO - DAG(s) dict_keys(['example_skip_dag']) retrieved from /Users/pro/Documents/a_env/proj_data/lib/python3.7/site-packages/airflow/example_dags/example_skip_dag.py
[2022-08-11 10:01:39,511] {logging_mixin.py:115} INFO - [2022-08-11 10:01:39,511] {dag.py:2420} INFO - Sync 1 DAGs
[2022-08-11 10:01:39,529] {logging_mixin.py:115} INFO - [2022-08-11 10:01:39,529] {dag.py:2972} INFO - Setting next_dagrun for example_skip_dag to 2022-08-10T02:01:39.528947+00:00, run_after=2022-08-11T02:01:39.528947+00:00
[2022-08-11 10:01:39,541] {processor.py:161} INFO - Processing /Users/pro/Documents/a_env/proj_data/lib/python3.7/site-packages/airflow/example_dags/example_skip_dag.py took 0.063 seconds
[2022-08-11 10:02:15,293] {processor.py:153} INFO - Started process (PID=52017) to work on /Users/pro/Documents/a_env/proj_data/lib/python3.7/site-packages/airflow/example_dags/example_skip_dag.py
[2022-08-11 10:02:15,295] {processor.py:641} INFO - Processing file /Users/pro/Documents/a_env/proj_data/lib/python3.7/site-packages/airflow/example_dags/example_skip_dag.py for tasks to queue
[2022-08-11 10:02:15,296] {logging_mixin.py:115} INFO - [2022-08-11 10:02:15,295] {dagbag.py:508} INFO - Filling up the DagBag from /Users/pro/Documents/a_env/proj_data/lib/python3.7/site-packages/airflow/example_dags/example_skip_dag.py
[2022-08-11 10:02:15,304] {processor.py:651} INFO - DAG(s) dict_keys(['example_skip_dag']) retrieved from /Users/pro/Documents/a_env/proj_data/lib/python3.7/site-packages/airflow/example_dags/example_skip_dag.py
[2022-08-11 10:02:15,325] {logging_mixin.py:115} INFO - [2022-08-11 10:02:15,325] {dag.py:2420} INFO - Sync 1 DAGs
[2022-08-11 10:02:15,343] {logging_mixin.py:115} INFO - [2022-08-11 10:02:15,343] {dag.py:2972} INFO - Setting next_dagrun for example_skip_dag to 2022-08-10T02:02:15.343079+00:00, run_after=2022-08-11T02:02:15.343079+00:00
[2022-08-11 10:02:15,357] {processor.py:161} INFO - Processing /Users/pro/Documents/a_env/proj_data/lib/python3.7/site-packages/airflow/example_dags/example_skip_dag.py took 0.068 seconds
[2022-08-11 10:02:51,582] {processor.py:153} INFO - Started process (PID=52057) to work on /Users/pro/Documents/a_env/proj_data/lib/python3.7/site-packages/airflow/example_dags/example_skip_dag.py
[2022-08-11 10:02:51,583] {processor.py:641} INFO - Processing file /Users/pro/Documents/a_env/proj_data/lib/python3.7/site-packages/airflow/example_dags/example_skip_dag.py for tasks to queue
[2022-08-11 10:02:51,584] {logging_mixin.py:115} INFO - [2022-08-11 10:02:51,584] {dagbag.py:508} INFO - Filling up the DagBag from /Users/pro/Documents/a_env/proj_data/lib/python3.7/site-packages/airflow/example_dags/example_skip_dag.py
[2022-08-11 10:02:51,593] {processor.py:651} INFO - DAG(s) dict_keys(['example_skip_dag']) retrieved from /Users/pro/Documents/a_env/proj_data/lib/python3.7/site-packages/airflow/example_dags/example_skip_dag.py
[2022-08-11 10:02:51,616] {logging_mixin.py:115} INFO - [2022-08-11 10:02:51,615] {dag.py:2420} INFO - Sync 1 DAGs
[2022-08-11 10:02:51,634] {logging_mixin.py:115} INFO - [2022-08-11 10:02:51,633] {dag.py:2972} INFO - Setting next_dagrun for example_skip_dag to 2022-08-10T02:02:51.633618+00:00, run_after=2022-08-11T02:02:51.633618+00:00
[2022-08-11 10:02:51,646] {processor.py:161} INFO - Processing /Users/pro/Documents/a_env/proj_data/lib/python3.7/site-packages/airflow/example_dags/example_skip_dag.py took 0.068 seconds
[2022-08-11 10:03:26,442] {processor.py:153} INFO - Started process (PID=52092) to work on /Users/pro/Documents/a_env/proj_data/lib/python3.7/site-packages/airflow/example_dags/example_skip_dag.py
[2022-08-11 10:03:26,443] {processor.py:641} INFO - Processing file /Users/pro/Documents/a_env/proj_data/lib/python3.7/site-packages/airflow/example_dags/example_skip_dag.py for tasks to queue
[2022-08-11 10:03:26,444] {logging_mixin.py:115} INFO - [2022-08-11 10:03:26,444] {dagbag.py:508} INFO - Filling up the DagBag from /Users/pro/Documents/a_env/proj_data/lib/python3.7/site-packages/airflow/example_dags/example_skip_dag.py
[2022-08-11 10:03:26,453] {processor.py:651} INFO - DAG(s) dict_keys(['example_skip_dag']) retrieved from /Users/pro/Documents/a_env/proj_data/lib/python3.7/site-packages/airflow/example_dags/example_skip_dag.py
[2022-08-11 10:03:26,475] {logging_mixin.py:115} INFO - [2022-08-11 10:03:26,475] {dag.py:2420} INFO - Sync 1 DAGs
[2022-08-11 10:03:26,495] {logging_mixin.py:115} INFO - [2022-08-11 10:03:26,494] {dag.py:2972} INFO - Setting next_dagrun for example_skip_dag to 2022-08-10T02:03:26.494676+00:00, run_after=2022-08-11T02:03:26.494676+00:00
[2022-08-11 10:03:26,508] {processor.py:161} INFO - Processing /Users/pro/Documents/a_env/proj_data/lib/python3.7/site-packages/airflow/example_dags/example_skip_dag.py took 0.071 seconds
[2022-08-11 10:04:01,413] {processor.py:153} INFO - Started process (PID=52128) to work on /Users/pro/Documents/a_env/proj_data/lib/python3.7/site-packages/airflow/example_dags/example_skip_dag.py
[2022-08-11 10:04:01,414] {processor.py:641} INFO - Processing file /Users/pro/Documents/a_env/proj_data/lib/python3.7/site-packages/airflow/example_dags/example_skip_dag.py for tasks to queue
[2022-08-11 10:04:01,415] {logging_mixin.py:115} INFO - [2022-08-11 10:04:01,415] {dagbag.py:508} INFO - Filling up the DagBag from /Users/pro/Documents/a_env/proj_data/lib/python3.7/site-packages/airflow/example_dags/example_skip_dag.py
[2022-08-11 10:04:01,423] {processor.py:651} INFO - DAG(s) dict_keys(['example_skip_dag']) retrieved from /Users/pro/Documents/a_env/proj_data/lib/python3.7/site-packages/airflow/example_dags/example_skip_dag.py
[2022-08-11 10:04:01,444] {logging_mixin.py:115} INFO - [2022-08-11 10:04:01,444] {dag.py:2420} INFO - Sync 1 DAGs
[2022-08-11 10:04:01,462] {logging_mixin.py:115} INFO - [2022-08-11 10:04:01,462] {dag.py:2972} INFO - Setting next_dagrun for example_skip_dag to 2022-08-10T02:04:01.462074+00:00, run_after=2022-08-11T02:04:01.462074+00:00
[2022-08-11 10:04:01,476] {processor.py:161} INFO - Processing /Users/pro/Documents/a_env/proj_data/lib/python3.7/site-packages/airflow/example_dags/example_skip_dag.py took 0.068 seconds
[2022-08-11 10:22:40,882] {processor.py:153} INFO - Started process (PID=52199) to work on /Users/pro/Documents/a_env/proj_data/lib/python3.7/site-packages/airflow/example_dags/example_skip_dag.py
[2022-08-11 10:22:40,888] {processor.py:641} INFO - Processing file /Users/pro/Documents/a_env/proj_data/lib/python3.7/site-packages/airflow/example_dags/example_skip_dag.py for tasks to queue
[2022-08-11 10:22:40,893] {logging_mixin.py:115} INFO - [2022-08-11 10:22:40,889] {dagbag.py:508} INFO - Filling up the DagBag from /Users/pro/Documents/a_env/proj_data/lib/python3.7/site-packages/airflow/example_dags/example_skip_dag.py
[2022-08-11 10:22:40,903] {processor.py:651} INFO - DAG(s) dict_keys(['example_skip_dag']) retrieved from /Users/pro/Documents/a_env/proj_data/lib/python3.7/site-packages/airflow/example_dags/example_skip_dag.py
[2022-08-11 10:22:40,929] {logging_mixin.py:115} INFO - [2022-08-11 10:22:40,929] {dag.py:2420} INFO - Sync 1 DAGs
[2022-08-11 10:22:40,952] {logging_mixin.py:115} INFO - [2022-08-11 10:22:40,951] {dag.py:2972} INFO - Setting next_dagrun for example_skip_dag to 2022-08-10T02:22:40.951602+00:00, run_after=2022-08-11T02:22:40.951602+00:00
[2022-08-11 10:22:40,987] {processor.py:161} INFO - Processing /Users/pro/Documents/a_env/proj_data/lib/python3.7/site-packages/airflow/example_dags/example_skip_dag.py took 0.110 seconds
[2022-08-11 10:23:15,333] {processor.py:153} INFO - Started process (PID=52277) to work on /Users/pro/Documents/a_env/proj_data/lib/python3.7/site-packages/airflow/example_dags/example_skip_dag.py
[2022-08-11 10:23:15,335] {processor.py:641} INFO - Processing file /Users/pro/Documents/a_env/proj_data/lib/python3.7/site-packages/airflow/example_dags/example_skip_dag.py for tasks to queue
[2022-08-11 10:23:15,336] {logging_mixin.py:115} INFO - [2022-08-11 10:23:15,336] {dagbag.py:508} INFO - Filling up the DagBag from /Users/pro/Documents/a_env/proj_data/lib/python3.7/site-packages/airflow/example_dags/example_skip_dag.py
[2022-08-11 10:23:15,349] {processor.py:651} INFO - DAG(s) dict_keys(['example_skip_dag']) retrieved from /Users/pro/Documents/a_env/proj_data/lib/python3.7/site-packages/airflow/example_dags/example_skip_dag.py
[2022-08-11 10:23:15,392] {logging_mixin.py:115} INFO - [2022-08-11 10:23:15,391] {dag.py:2420} INFO - Sync 1 DAGs
[2022-08-11 10:23:15,440] {logging_mixin.py:115} INFO - [2022-08-11 10:23:15,439] {dag.py:2972} INFO - Setting next_dagrun for example_skip_dag to 2022-08-10T02:23:15.439329+00:00, run_after=2022-08-11T02:23:15.439329+00:00
[2022-08-11 10:23:15,461] {processor.py:161} INFO - Processing /Users/pro/Documents/a_env/proj_data/lib/python3.7/site-packages/airflow/example_dags/example_skip_dag.py took 0.139 seconds
[2022-08-11 10:23:50,389] {processor.py:153} INFO - Started process (PID=52321) to work on /Users/pro/Documents/a_env/proj_data/lib/python3.7/site-packages/airflow/example_dags/example_skip_dag.py
[2022-08-11 10:23:50,390] {processor.py:641} INFO - Processing file /Users/pro/Documents/a_env/proj_data/lib/python3.7/site-packages/airflow/example_dags/example_skip_dag.py for tasks to queue
[2022-08-11 10:23:50,391] {logging_mixin.py:115} INFO - [2022-08-11 10:23:50,390] {dagbag.py:508} INFO - Filling up the DagBag from /Users/pro/Documents/a_env/proj_data/lib/python3.7/site-packages/airflow/example_dags/example_skip_dag.py
[2022-08-11 10:23:50,400] {processor.py:651} INFO - DAG(s) dict_keys(['example_skip_dag']) retrieved from /Users/pro/Documents/a_env/proj_data/lib/python3.7/site-packages/airflow/example_dags/example_skip_dag.py
[2022-08-11 10:23:50,421] {logging_mixin.py:115} INFO - [2022-08-11 10:23:50,421] {dag.py:2420} INFO - Sync 1 DAGs
[2022-08-11 10:23:50,481] {logging_mixin.py:115} INFO - [2022-08-11 10:23:50,481] {dag.py:2972} INFO - Setting next_dagrun for example_skip_dag to 2022-08-10T02:23:50.480823+00:00, run_after=2022-08-11T02:23:50.480823+00:00
[2022-08-11 10:23:50,586] {processor.py:161} INFO - Processing /Users/pro/Documents/a_env/proj_data/lib/python3.7/site-packages/airflow/example_dags/example_skip_dag.py took 0.192 seconds
[2022-08-11 10:24:27,405] {processor.py:153} INFO - Started process (PID=52434) to work on /Users/pro/Documents/a_env/proj_data/lib/python3.7/site-packages/airflow/example_dags/example_skip_dag.py
[2022-08-11 10:24:27,406] {processor.py:641} INFO - Processing file /Users/pro/Documents/a_env/proj_data/lib/python3.7/site-packages/airflow/example_dags/example_skip_dag.py for tasks to queue
[2022-08-11 10:24:27,408] {logging_mixin.py:115} INFO - [2022-08-11 10:24:27,407] {dagbag.py:508} INFO - Filling up the DagBag from /Users/pro/Documents/a_env/proj_data/lib/python3.7/site-packages/airflow/example_dags/example_skip_dag.py
[2022-08-11 10:24:27,417] {processor.py:651} INFO - DAG(s) dict_keys(['example_skip_dag']) retrieved from /Users/pro/Documents/a_env/proj_data/lib/python3.7/site-packages/airflow/example_dags/example_skip_dag.py
[2022-08-11 10:24:27,443] {logging_mixin.py:115} INFO - [2022-08-11 10:24:27,443] {dag.py:2420} INFO - Sync 1 DAGs
[2022-08-11 10:24:27,476] {logging_mixin.py:115} INFO - [2022-08-11 10:24:27,476] {dag.py:2972} INFO - Setting next_dagrun for example_skip_dag to 2022-08-10T02:24:27.475862+00:00, run_after=2022-08-11T02:24:27.475862+00:00
[2022-08-11 10:24:27,497] {processor.py:161} INFO - Processing /Users/pro/Documents/a_env/proj_data/lib/python3.7/site-packages/airflow/example_dags/example_skip_dag.py took 0.097 seconds
[2022-08-11 10:25:03,028] {processor.py:153} INFO - Started process (PID=52478) to work on /Users/pro/Documents/a_env/proj_data/lib/python3.7/site-packages/airflow/example_dags/example_skip_dag.py
[2022-08-11 10:25:03,029] {processor.py:641} INFO - Processing file /Users/pro/Documents/a_env/proj_data/lib/python3.7/site-packages/airflow/example_dags/example_skip_dag.py for tasks to queue
[2022-08-11 10:25:03,031] {logging_mixin.py:115} INFO - [2022-08-11 10:25:03,030] {dagbag.py:508} INFO - Filling up the DagBag from /Users/pro/Documents/a_env/proj_data/lib/python3.7/site-packages/airflow/example_dags/example_skip_dag.py
[2022-08-11 10:25:03,041] {processor.py:651} INFO - DAG(s) dict_keys(['example_skip_dag']) retrieved from /Users/pro/Documents/a_env/proj_data/lib/python3.7/site-packages/airflow/example_dags/example_skip_dag.py
[2022-08-11 10:25:03,064] {logging_mixin.py:115} INFO - [2022-08-11 10:25:03,063] {dag.py:2420} INFO - Sync 1 DAGs
[2022-08-11 10:25:03,084] {logging_mixin.py:115} INFO - [2022-08-11 10:25:03,084] {dag.py:2972} INFO - Setting next_dagrun for example_skip_dag to 2022-08-10T02:25:03.084190+00:00, run_after=2022-08-11T02:25:03.084190+00:00
[2022-08-11 10:25:03,100] {processor.py:161} INFO - Processing /Users/pro/Documents/a_env/proj_data/lib/python3.7/site-packages/airflow/example_dags/example_skip_dag.py took 0.077 seconds
[2022-08-11 10:25:40,283] {processor.py:153} INFO - Started process (PID=52518) to work on /Users/pro/Documents/a_env/proj_data/lib/python3.7/site-packages/airflow/example_dags/example_skip_dag.py
[2022-08-11 10:25:40,284] {processor.py:641} INFO - Processing file /Users/pro/Documents/a_env/proj_data/lib/python3.7/site-packages/airflow/example_dags/example_skip_dag.py for tasks to queue
[2022-08-11 10:25:40,285] {logging_mixin.py:115} INFO - [2022-08-11 10:25:40,285] {dagbag.py:508} INFO - Filling up the DagBag from /Users/pro/Documents/a_env/proj_data/lib/python3.7/site-packages/airflow/example_dags/example_skip_dag.py
[2022-08-11 10:25:40,294] {processor.py:651} INFO - DAG(s) dict_keys(['example_skip_dag']) retrieved from /Users/pro/Documents/a_env/proj_data/lib/python3.7/site-packages/airflow/example_dags/example_skip_dag.py
[2022-08-11 10:25:40,315] {logging_mixin.py:115} INFO - [2022-08-11 10:25:40,315] {dag.py:2420} INFO - Sync 1 DAGs
[2022-08-11 10:25:40,336] {logging_mixin.py:115} INFO - [2022-08-11 10:25:40,335] {dag.py:2972} INFO - Setting next_dagrun for example_skip_dag to 2022-08-10T02:25:40.335677+00:00, run_after=2022-08-11T02:25:40.335677+00:00
[2022-08-11 10:25:40,354] {processor.py:161} INFO - Processing /Users/pro/Documents/a_env/proj_data/lib/python3.7/site-packages/airflow/example_dags/example_skip_dag.py took 0.075 seconds
[2022-08-11 10:26:22,499] {processor.py:153} INFO - Started process (PID=52612) to work on /Users/pro/Documents/a_env/proj_data/lib/python3.7/site-packages/airflow/example_dags/example_skip_dag.py
[2022-08-11 10:26:22,500] {processor.py:641} INFO - Processing file /Users/pro/Documents/a_env/proj_data/lib/python3.7/site-packages/airflow/example_dags/example_skip_dag.py for tasks to queue
[2022-08-11 10:26:22,502] {logging_mixin.py:115} INFO - [2022-08-11 10:26:22,502] {dagbag.py:508} INFO - Filling up the DagBag from /Users/pro/Documents/a_env/proj_data/lib/python3.7/site-packages/airflow/example_dags/example_skip_dag.py
[2022-08-11 10:26:22,510] {processor.py:651} INFO - DAG(s) dict_keys(['example_skip_dag']) retrieved from /Users/pro/Documents/a_env/proj_data/lib/python3.7/site-packages/airflow/example_dags/example_skip_dag.py
[2022-08-11 10:26:22,534] {logging_mixin.py:115} INFO - [2022-08-11 10:26:22,534] {dag.py:2420} INFO - Sync 1 DAGs
[2022-08-11 10:26:22,553] {logging_mixin.py:115} INFO - [2022-08-11 10:26:22,553] {dag.py:2972} INFO - Setting next_dagrun for example_skip_dag to 2022-08-10T02:26:22.553178+00:00, run_after=2022-08-11T02:26:22.553178+00:00
[2022-08-11 10:26:22,568] {processor.py:161} INFO - Processing /Users/pro/Documents/a_env/proj_data/lib/python3.7/site-packages/airflow/example_dags/example_skip_dag.py took 0.075 seconds
[2022-08-11 10:27:08,229] {processor.py:153} INFO - Started process (PID=52663) to work on /Users/pro/Documents/a_env/proj_data/lib/python3.7/site-packages/airflow/example_dags/example_skip_dag.py
[2022-08-11 10:27:08,230] {processor.py:641} INFO - Processing file /Users/pro/Documents/a_env/proj_data/lib/python3.7/site-packages/airflow/example_dags/example_skip_dag.py for tasks to queue
[2022-08-11 10:27:08,234] {logging_mixin.py:115} INFO - [2022-08-11 10:27:08,231] {dagbag.py:508} INFO - Filling up the DagBag from /Users/pro/Documents/a_env/proj_data/lib/python3.7/site-packages/airflow/example_dags/example_skip_dag.py
[2022-08-11 10:27:08,250] {processor.py:651} INFO - DAG(s) dict_keys(['example_skip_dag']) retrieved from /Users/pro/Documents/a_env/proj_data/lib/python3.7/site-packages/airflow/example_dags/example_skip_dag.py
[2022-08-11 10:27:08,316] {logging_mixin.py:115} INFO - [2022-08-11 10:27:08,316] {dag.py:2420} INFO - Sync 1 DAGs
[2022-08-11 10:27:08,398] {logging_mixin.py:115} INFO - [2022-08-11 10:27:08,397] {dag.py:2972} INFO - Setting next_dagrun for example_skip_dag to 2022-08-10T02:27:08.396953+00:00, run_after=2022-08-11T02:27:08.396953+00:00
[2022-08-11 10:27:08,461] {processor.py:161} INFO - Processing /Users/pro/Documents/a_env/proj_data/lib/python3.7/site-packages/airflow/example_dags/example_skip_dag.py took 0.242 seconds
[2022-08-11 10:27:59,425] {processor.py:153} INFO - Started process (PID=52714) to work on /Users/pro/Documents/a_env/proj_data/lib/python3.7/site-packages/airflow/example_dags/example_skip_dag.py
[2022-08-11 10:27:59,428] {processor.py:641} INFO - Processing file /Users/pro/Documents/a_env/proj_data/lib/python3.7/site-packages/airflow/example_dags/example_skip_dag.py for tasks to queue
[2022-08-11 10:27:59,429] {logging_mixin.py:115} INFO - [2022-08-11 10:27:59,429] {dagbag.py:508} INFO - Filling up the DagBag from /Users/pro/Documents/a_env/proj_data/lib/python3.7/site-packages/airflow/example_dags/example_skip_dag.py
[2022-08-11 10:27:59,449] {processor.py:651} INFO - DAG(s) dict_keys(['example_skip_dag']) retrieved from /Users/pro/Documents/a_env/proj_data/lib/python3.7/site-packages/airflow/example_dags/example_skip_dag.py
[2022-08-11 10:27:59,495] {logging_mixin.py:115} INFO - [2022-08-11 10:27:59,495] {dag.py:2420} INFO - Sync 1 DAGs
[2022-08-11 10:27:59,542] {logging_mixin.py:115} INFO - [2022-08-11 10:27:59,540] {dag.py:2972} INFO - Setting next_dagrun for example_skip_dag to 2022-08-10T02:27:59.539579+00:00, run_after=2022-08-11T02:27:59.539579+00:00
[2022-08-11 10:27:59,572] {processor.py:161} INFO - Processing /Users/pro/Documents/a_env/proj_data/lib/python3.7/site-packages/airflow/example_dags/example_skip_dag.py took 0.157 seconds
[2022-08-11 10:28:50,055] {processor.py:153} INFO - Started process (PID=52781) to work on /Users/pro/Documents/a_env/proj_data/lib/python3.7/site-packages/airflow/example_dags/example_skip_dag.py
[2022-08-11 10:28:50,057] {processor.py:641} INFO - Processing file /Users/pro/Documents/a_env/proj_data/lib/python3.7/site-packages/airflow/example_dags/example_skip_dag.py for tasks to queue
[2022-08-11 10:28:50,061] {logging_mixin.py:115} INFO - [2022-08-11 10:28:50,061] {dagbag.py:508} INFO - Filling up the DagBag from /Users/pro/Documents/a_env/proj_data/lib/python3.7/site-packages/airflow/example_dags/example_skip_dag.py
[2022-08-11 10:28:50,086] {processor.py:651} INFO - DAG(s) dict_keys(['example_skip_dag']) retrieved from /Users/pro/Documents/a_env/proj_data/lib/python3.7/site-packages/airflow/example_dags/example_skip_dag.py
[2022-08-11 10:28:50,146] {logging_mixin.py:115} INFO - [2022-08-11 10:28:50,143] {dag.py:2420} INFO - Sync 1 DAGs
[2022-08-11 10:28:50,532] {logging_mixin.py:115} INFO - [2022-08-11 10:28:50,523] {dag.py:2972} INFO - Setting next_dagrun for example_skip_dag to 2022-08-10T02:28:50.517539+00:00, run_after=2022-08-11T02:28:50.517539+00:00
[2022-08-11 10:28:50,790] {processor.py:161} INFO - Processing /Users/pro/Documents/a_env/proj_data/lib/python3.7/site-packages/airflow/example_dags/example_skip_dag.py took 0.769 seconds
