[2022-08-11 08:02:45,116] {processor.py:153} INFO - Started process (PID=50725) to work on /Users/pro/Documents/a_env/proj_data/lib/python3.7/site-packages/airflow/example_dags/example_latest_only.py
[2022-08-11 08:02:45,122] {processor.py:641} INFO - Processing file /Users/pro/Documents/a_env/proj_data/lib/python3.7/site-packages/airflow/example_dags/example_latest_only.py for tasks to queue
[2022-08-11 08:02:45,130] {logging_mixin.py:115} INFO - [2022-08-11 08:02:45,128] {dagbag.py:508} INFO - Filling up the DagBag from /Users/pro/Documents/a_env/proj_data/lib/python3.7/site-packages/airflow/example_dags/example_latest_only.py
[2022-08-11 08:02:45,188] {processor.py:651} INFO - DAG(s) dict_keys(['latest_only']) retrieved from /Users/pro/Documents/a_env/proj_data/lib/python3.7/site-packages/airflow/example_dags/example_latest_only.py
[2022-08-11 08:02:45,332] {logging_mixin.py:115} INFO - [2022-08-11 08:02:45,330] {dag.py:2420} INFO - Sync 1 DAGs
[2022-08-11 08:02:45,489] {logging_mixin.py:115} INFO - [2022-08-11 08:02:45,486] {dag.py:2972} INFO - Setting next_dagrun for latest_only to 2022-08-10T20:02:45.483834+00:00, run_after=2022-08-11T00:02:45.483834+00:00
[2022-08-11 08:02:45,579] {processor.py:161} INFO - Processing /Users/pro/Documents/a_env/proj_data/lib/python3.7/site-packages/airflow/example_dags/example_latest_only.py took 0.494 seconds
[2022-08-11 09:01:39,087] {processor.py:153} INFO - Started process (PID=50817) to work on /Users/pro/Documents/a_env/proj_data/lib/python3.7/site-packages/airflow/example_dags/example_latest_only.py
[2022-08-11 09:01:39,087] {processor.py:641} INFO - Processing file /Users/pro/Documents/a_env/proj_data/lib/python3.7/site-packages/airflow/example_dags/example_latest_only.py for tasks to queue
[2022-08-11 09:01:39,088] {logging_mixin.py:115} INFO - [2022-08-11 09:01:39,088] {dagbag.py:508} INFO - Filling up the DagBag from /Users/pro/Documents/a_env/proj_data/lib/python3.7/site-packages/airflow/example_dags/example_latest_only.py
[2022-08-11 09:01:39,097] {processor.py:651} INFO - DAG(s) dict_keys(['latest_only']) retrieved from /Users/pro/Documents/a_env/proj_data/lib/python3.7/site-packages/airflow/example_dags/example_latest_only.py
[2022-08-11 09:01:39,115] {logging_mixin.py:115} INFO - [2022-08-11 09:01:39,115] {dag.py:2420} INFO - Sync 1 DAGs
[2022-08-11 09:01:39,135] {logging_mixin.py:115} INFO - [2022-08-11 09:01:39,134] {dag.py:2972} INFO - Setting next_dagrun for latest_only to 2022-08-10T21:01:39.134480+00:00, run_after=2022-08-11T01:01:39.134480+00:00
[2022-08-11 09:01:39,147] {processor.py:161} INFO - Processing /Users/pro/Documents/a_env/proj_data/lib/python3.7/site-packages/airflow/example_dags/example_latest_only.py took 0.065 seconds
[2022-08-11 09:45:40,818] {processor.py:153} INFO - Started process (PID=50906) to work on /Users/pro/Documents/a_env/proj_data/lib/python3.7/site-packages/airflow/example_dags/example_latest_only.py
[2022-08-11 09:45:40,819] {processor.py:641} INFO - Processing file /Users/pro/Documents/a_env/proj_data/lib/python3.7/site-packages/airflow/example_dags/example_latest_only.py for tasks to queue
[2022-08-11 09:45:40,820] {logging_mixin.py:115} INFO - [2022-08-11 09:45:40,820] {dagbag.py:508} INFO - Filling up the DagBag from /Users/pro/Documents/a_env/proj_data/lib/python3.7/site-packages/airflow/example_dags/example_latest_only.py
[2022-08-11 09:45:40,834] {processor.py:651} INFO - DAG(s) dict_keys(['latest_only']) retrieved from /Users/pro/Documents/a_env/proj_data/lib/python3.7/site-packages/airflow/example_dags/example_latest_only.py
[2022-08-11 09:45:40,866] {logging_mixin.py:115} INFO - [2022-08-11 09:45:40,865] {dag.py:2420} INFO - Sync 1 DAGs
[2022-08-11 09:45:40,896] {logging_mixin.py:115} INFO - [2022-08-11 09:45:40,895] {dag.py:2972} INFO - Setting next_dagrun for latest_only to 2022-08-10T21:45:40.894348+00:00, run_after=2022-08-11T01:45:40.894348+00:00
[2022-08-11 09:45:40,912] {processor.py:161} INFO - Processing /Users/pro/Documents/a_env/proj_data/lib/python3.7/site-packages/airflow/example_dags/example_latest_only.py took 0.107 seconds
[2022-08-11 09:46:15,161] {processor.py:153} INFO - Started process (PID=50954) to work on /Users/pro/Documents/a_env/proj_data/lib/python3.7/site-packages/airflow/example_dags/example_latest_only.py
[2022-08-11 09:46:15,162] {processor.py:641} INFO - Processing file /Users/pro/Documents/a_env/proj_data/lib/python3.7/site-packages/airflow/example_dags/example_latest_only.py for tasks to queue
[2022-08-11 09:46:15,164] {logging_mixin.py:115} INFO - [2022-08-11 09:46:15,163] {dagbag.py:508} INFO - Filling up the DagBag from /Users/pro/Documents/a_env/proj_data/lib/python3.7/site-packages/airflow/example_dags/example_latest_only.py
[2022-08-11 09:46:15,172] {processor.py:651} INFO - DAG(s) dict_keys(['latest_only']) retrieved from /Users/pro/Documents/a_env/proj_data/lib/python3.7/site-packages/airflow/example_dags/example_latest_only.py
[2022-08-11 09:46:15,193] {logging_mixin.py:115} INFO - [2022-08-11 09:46:15,193] {dag.py:2420} INFO - Sync 1 DAGs
[2022-08-11 09:46:15,212] {logging_mixin.py:115} INFO - [2022-08-11 09:46:15,212] {dag.py:2972} INFO - Setting next_dagrun for latest_only to 2022-08-10T21:46:15.212145+00:00, run_after=2022-08-11T01:46:15.212145+00:00
[2022-08-11 09:46:15,226] {processor.py:161} INFO - Processing /Users/pro/Documents/a_env/proj_data/lib/python3.7/site-packages/airflow/example_dags/example_latest_only.py took 0.069 seconds
[2022-08-11 09:46:50,390] {processor.py:153} INFO - Started process (PID=50992) to work on /Users/pro/Documents/a_env/proj_data/lib/python3.7/site-packages/airflow/example_dags/example_latest_only.py
[2022-08-11 09:46:50,391] {processor.py:641} INFO - Processing file /Users/pro/Documents/a_env/proj_data/lib/python3.7/site-packages/airflow/example_dags/example_latest_only.py for tasks to queue
[2022-08-11 09:46:50,392] {logging_mixin.py:115} INFO - [2022-08-11 09:46:50,392] {dagbag.py:508} INFO - Filling up the DagBag from /Users/pro/Documents/a_env/proj_data/lib/python3.7/site-packages/airflow/example_dags/example_latest_only.py
[2022-08-11 09:46:50,400] {processor.py:651} INFO - DAG(s) dict_keys(['latest_only']) retrieved from /Users/pro/Documents/a_env/proj_data/lib/python3.7/site-packages/airflow/example_dags/example_latest_only.py
[2022-08-11 09:46:50,420] {logging_mixin.py:115} INFO - [2022-08-11 09:46:50,420] {dag.py:2420} INFO - Sync 1 DAGs
[2022-08-11 09:46:50,438] {logging_mixin.py:115} INFO - [2022-08-11 09:46:50,438] {dag.py:2972} INFO - Setting next_dagrun for latest_only to 2022-08-10T21:46:50.438070+00:00, run_after=2022-08-11T01:46:50.438070+00:00
[2022-08-11 09:46:50,450] {processor.py:161} INFO - Processing /Users/pro/Documents/a_env/proj_data/lib/python3.7/site-packages/airflow/example_dags/example_latest_only.py took 0.064 seconds
[2022-08-11 09:47:24,975] {processor.py:153} INFO - Started process (PID=51030) to work on /Users/pro/Documents/a_env/proj_data/lib/python3.7/site-packages/airflow/example_dags/example_latest_only.py
[2022-08-11 09:47:24,976] {processor.py:641} INFO - Processing file /Users/pro/Documents/a_env/proj_data/lib/python3.7/site-packages/airflow/example_dags/example_latest_only.py for tasks to queue
[2022-08-11 09:47:24,977] {logging_mixin.py:115} INFO - [2022-08-11 09:47:24,977] {dagbag.py:508} INFO - Filling up the DagBag from /Users/pro/Documents/a_env/proj_data/lib/python3.7/site-packages/airflow/example_dags/example_latest_only.py
[2022-08-11 09:47:24,986] {processor.py:651} INFO - DAG(s) dict_keys(['latest_only']) retrieved from /Users/pro/Documents/a_env/proj_data/lib/python3.7/site-packages/airflow/example_dags/example_latest_only.py
[2022-08-11 09:47:25,006] {logging_mixin.py:115} INFO - [2022-08-11 09:47:25,006] {dag.py:2420} INFO - Sync 1 DAGs
[2022-08-11 09:47:25,026] {logging_mixin.py:115} INFO - [2022-08-11 09:47:25,026] {dag.py:2972} INFO - Setting next_dagrun for latest_only to 2022-08-10T21:47:25.026165+00:00, run_after=2022-08-11T01:47:25.026165+00:00
[2022-08-11 09:47:25,039] {processor.py:161} INFO - Processing /Users/pro/Documents/a_env/proj_data/lib/python3.7/site-packages/airflow/example_dags/example_latest_only.py took 0.069 seconds
[2022-08-11 09:48:00,101] {processor.py:153} INFO - Started process (PID=51071) to work on /Users/pro/Documents/a_env/proj_data/lib/python3.7/site-packages/airflow/example_dags/example_latest_only.py
[2022-08-11 09:48:00,103] {processor.py:641} INFO - Processing file /Users/pro/Documents/a_env/proj_data/lib/python3.7/site-packages/airflow/example_dags/example_latest_only.py for tasks to queue
[2022-08-11 09:48:00,104] {logging_mixin.py:115} INFO - [2022-08-11 09:48:00,104] {dagbag.py:508} INFO - Filling up the DagBag from /Users/pro/Documents/a_env/proj_data/lib/python3.7/site-packages/airflow/example_dags/example_latest_only.py
[2022-08-11 09:48:00,113] {processor.py:651} INFO - DAG(s) dict_keys(['latest_only']) retrieved from /Users/pro/Documents/a_env/proj_data/lib/python3.7/site-packages/airflow/example_dags/example_latest_only.py
[2022-08-11 09:48:00,134] {logging_mixin.py:115} INFO - [2022-08-11 09:48:00,133] {dag.py:2420} INFO - Sync 1 DAGs
[2022-08-11 09:48:00,152] {logging_mixin.py:115} INFO - [2022-08-11 09:48:00,152] {dag.py:2972} INFO - Setting next_dagrun for latest_only to 2022-08-10T21:48:00.152025+00:00, run_after=2022-08-11T01:48:00.152025+00:00
[2022-08-11 09:48:00,166] {processor.py:161} INFO - Processing /Users/pro/Documents/a_env/proj_data/lib/python3.7/site-packages/airflow/example_dags/example_latest_only.py took 0.069 seconds
[2022-08-11 09:48:33,250] {processor.py:153} INFO - Started process (PID=51106) to work on /Users/pro/Documents/a_env/proj_data/lib/python3.7/site-packages/airflow/example_dags/example_latest_only.py
[2022-08-11 09:48:33,251] {processor.py:641} INFO - Processing file /Users/pro/Documents/a_env/proj_data/lib/python3.7/site-packages/airflow/example_dags/example_latest_only.py for tasks to queue
[2022-08-11 09:48:33,252] {logging_mixin.py:115} INFO - [2022-08-11 09:48:33,252] {dagbag.py:508} INFO - Filling up the DagBag from /Users/pro/Documents/a_env/proj_data/lib/python3.7/site-packages/airflow/example_dags/example_latest_only.py
[2022-08-11 09:48:33,259] {processor.py:651} INFO - DAG(s) dict_keys(['latest_only']) retrieved from /Users/pro/Documents/a_env/proj_data/lib/python3.7/site-packages/airflow/example_dags/example_latest_only.py
[2022-08-11 09:48:33,279] {logging_mixin.py:115} INFO - [2022-08-11 09:48:33,279] {dag.py:2420} INFO - Sync 1 DAGs
[2022-08-11 09:48:33,298] {logging_mixin.py:115} INFO - [2022-08-11 09:48:33,297] {dag.py:2972} INFO - Setting next_dagrun for latest_only to 2022-08-10T21:48:33.297666+00:00, run_after=2022-08-11T01:48:33.297666+00:00
[2022-08-11 09:48:33,309] {processor.py:161} INFO - Processing /Users/pro/Documents/a_env/proj_data/lib/python3.7/site-packages/airflow/example_dags/example_latest_only.py took 0.065 seconds
[2022-08-11 09:49:08,634] {processor.py:153} INFO - Started process (PID=51142) to work on /Users/pro/Documents/a_env/proj_data/lib/python3.7/site-packages/airflow/example_dags/example_latest_only.py
[2022-08-11 09:49:08,635] {processor.py:641} INFO - Processing file /Users/pro/Documents/a_env/proj_data/lib/python3.7/site-packages/airflow/example_dags/example_latest_only.py for tasks to queue
[2022-08-11 09:49:08,636] {logging_mixin.py:115} INFO - [2022-08-11 09:49:08,636] {dagbag.py:508} INFO - Filling up the DagBag from /Users/pro/Documents/a_env/proj_data/lib/python3.7/site-packages/airflow/example_dags/example_latest_only.py
[2022-08-11 09:49:08,645] {processor.py:651} INFO - DAG(s) dict_keys(['latest_only']) retrieved from /Users/pro/Documents/a_env/proj_data/lib/python3.7/site-packages/airflow/example_dags/example_latest_only.py
[2022-08-11 09:49:08,666] {logging_mixin.py:115} INFO - [2022-08-11 09:49:08,666] {dag.py:2420} INFO - Sync 1 DAGs
[2022-08-11 09:49:08,686] {logging_mixin.py:115} INFO - [2022-08-11 09:49:08,685] {dag.py:2972} INFO - Setting next_dagrun for latest_only to 2022-08-10T21:49:08.685367+00:00, run_after=2022-08-11T01:49:08.685367+00:00
[2022-08-11 09:49:08,700] {processor.py:161} INFO - Processing /Users/pro/Documents/a_env/proj_data/lib/python3.7/site-packages/airflow/example_dags/example_latest_only.py took 0.070 seconds
[2022-08-11 09:49:43,257] {processor.py:153} INFO - Started process (PID=51177) to work on /Users/pro/Documents/a_env/proj_data/lib/python3.7/site-packages/airflow/example_dags/example_latest_only.py
[2022-08-11 09:49:43,259] {processor.py:641} INFO - Processing file /Users/pro/Documents/a_env/proj_data/lib/python3.7/site-packages/airflow/example_dags/example_latest_only.py for tasks to queue
[2022-08-11 09:49:43,260] {logging_mixin.py:115} INFO - [2022-08-11 09:49:43,259] {dagbag.py:508} INFO - Filling up the DagBag from /Users/pro/Documents/a_env/proj_data/lib/python3.7/site-packages/airflow/example_dags/example_latest_only.py
[2022-08-11 09:49:43,269] {processor.py:651} INFO - DAG(s) dict_keys(['latest_only']) retrieved from /Users/pro/Documents/a_env/proj_data/lib/python3.7/site-packages/airflow/example_dags/example_latest_only.py
[2022-08-11 09:49:43,288] {logging_mixin.py:115} INFO - [2022-08-11 09:49:43,287] {dag.py:2420} INFO - Sync 1 DAGs
[2022-08-11 09:49:43,306] {logging_mixin.py:115} INFO - [2022-08-11 09:49:43,306] {dag.py:2972} INFO - Setting next_dagrun for latest_only to 2022-08-10T21:49:43.305960+00:00, run_after=2022-08-11T01:49:43.305960+00:00
[2022-08-11 09:49:43,317] {processor.py:161} INFO - Processing /Users/pro/Documents/a_env/proj_data/lib/python3.7/site-packages/airflow/example_dags/example_latest_only.py took 0.064 seconds
[2022-08-11 09:50:18,517] {processor.py:153} INFO - Started process (PID=51215) to work on /Users/pro/Documents/a_env/proj_data/lib/python3.7/site-packages/airflow/example_dags/example_latest_only.py
[2022-08-11 09:50:18,518] {processor.py:641} INFO - Processing file /Users/pro/Documents/a_env/proj_data/lib/python3.7/site-packages/airflow/example_dags/example_latest_only.py for tasks to queue
[2022-08-11 09:50:18,519] {logging_mixin.py:115} INFO - [2022-08-11 09:50:18,519] {dagbag.py:508} INFO - Filling up the DagBag from /Users/pro/Documents/a_env/proj_data/lib/python3.7/site-packages/airflow/example_dags/example_latest_only.py
[2022-08-11 09:50:18,528] {processor.py:651} INFO - DAG(s) dict_keys(['latest_only']) retrieved from /Users/pro/Documents/a_env/proj_data/lib/python3.7/site-packages/airflow/example_dags/example_latest_only.py
[2022-08-11 09:50:18,547] {logging_mixin.py:115} INFO - [2022-08-11 09:50:18,547] {dag.py:2420} INFO - Sync 1 DAGs
[2022-08-11 09:50:18,567] {logging_mixin.py:115} INFO - [2022-08-11 09:50:18,567] {dag.py:2972} INFO - Setting next_dagrun for latest_only to 2022-08-10T21:50:18.566873+00:00, run_after=2022-08-11T01:50:18.566873+00:00
[2022-08-11 09:50:18,582] {processor.py:161} INFO - Processing /Users/pro/Documents/a_env/proj_data/lib/python3.7/site-packages/airflow/example_dags/example_latest_only.py took 0.069 seconds
[2022-08-11 09:50:52,902] {processor.py:153} INFO - Started process (PID=51250) to work on /Users/pro/Documents/a_env/proj_data/lib/python3.7/site-packages/airflow/example_dags/example_latest_only.py
[2022-08-11 09:50:52,903] {processor.py:641} INFO - Processing file /Users/pro/Documents/a_env/proj_data/lib/python3.7/site-packages/airflow/example_dags/example_latest_only.py for tasks to queue
[2022-08-11 09:50:52,904] {logging_mixin.py:115} INFO - [2022-08-11 09:50:52,904] {dagbag.py:508} INFO - Filling up the DagBag from /Users/pro/Documents/a_env/proj_data/lib/python3.7/site-packages/airflow/example_dags/example_latest_only.py
[2022-08-11 09:50:52,912] {processor.py:651} INFO - DAG(s) dict_keys(['latest_only']) retrieved from /Users/pro/Documents/a_env/proj_data/lib/python3.7/site-packages/airflow/example_dags/example_latest_only.py
[2022-08-11 09:50:52,931] {logging_mixin.py:115} INFO - [2022-08-11 09:50:52,931] {dag.py:2420} INFO - Sync 1 DAGs
[2022-08-11 09:50:52,950] {logging_mixin.py:115} INFO - [2022-08-11 09:50:52,950] {dag.py:2972} INFO - Setting next_dagrun for latest_only to 2022-08-10T21:50:52.949749+00:00, run_after=2022-08-11T01:50:52.949749+00:00
[2022-08-11 09:50:52,963] {processor.py:161} INFO - Processing /Users/pro/Documents/a_env/proj_data/lib/python3.7/site-packages/airflow/example_dags/example_latest_only.py took 0.065 seconds
[2022-08-11 09:51:29,765] {processor.py:153} INFO - Started process (PID=51287) to work on /Users/pro/Documents/a_env/proj_data/lib/python3.7/site-packages/airflow/example_dags/example_latest_only.py
[2022-08-11 09:51:29,766] {processor.py:641} INFO - Processing file /Users/pro/Documents/a_env/proj_data/lib/python3.7/site-packages/airflow/example_dags/example_latest_only.py for tasks to queue
[2022-08-11 09:51:29,768] {logging_mixin.py:115} INFO - [2022-08-11 09:51:29,767] {dagbag.py:508} INFO - Filling up the DagBag from /Users/pro/Documents/a_env/proj_data/lib/python3.7/site-packages/airflow/example_dags/example_latest_only.py
[2022-08-11 09:51:29,776] {processor.py:651} INFO - DAG(s) dict_keys(['latest_only']) retrieved from /Users/pro/Documents/a_env/proj_data/lib/python3.7/site-packages/airflow/example_dags/example_latest_only.py
[2022-08-11 09:51:29,797] {logging_mixin.py:115} INFO - [2022-08-11 09:51:29,796] {dag.py:2420} INFO - Sync 1 DAGs
[2022-08-11 09:51:29,816] {logging_mixin.py:115} INFO - [2022-08-11 09:51:29,815] {dag.py:2972} INFO - Setting next_dagrun for latest_only to 2022-08-10T21:51:29.815594+00:00, run_after=2022-08-11T01:51:29.815594+00:00
[2022-08-11 09:51:29,831] {processor.py:161} INFO - Processing /Users/pro/Documents/a_env/proj_data/lib/python3.7/site-packages/airflow/example_dags/example_latest_only.py took 0.071 seconds
[2022-08-11 09:52:06,731] {processor.py:153} INFO - Started process (PID=51340) to work on /Users/pro/Documents/a_env/proj_data/lib/python3.7/site-packages/airflow/example_dags/example_latest_only.py
[2022-08-11 09:52:06,733] {processor.py:641} INFO - Processing file /Users/pro/Documents/a_env/proj_data/lib/python3.7/site-packages/airflow/example_dags/example_latest_only.py for tasks to queue
[2022-08-11 09:52:06,734] {logging_mixin.py:115} INFO - [2022-08-11 09:52:06,733] {dagbag.py:508} INFO - Filling up the DagBag from /Users/pro/Documents/a_env/proj_data/lib/python3.7/site-packages/airflow/example_dags/example_latest_only.py
[2022-08-11 09:52:06,742] {processor.py:651} INFO - DAG(s) dict_keys(['latest_only']) retrieved from /Users/pro/Documents/a_env/proj_data/lib/python3.7/site-packages/airflow/example_dags/example_latest_only.py
[2022-08-11 09:52:06,762] {logging_mixin.py:115} INFO - [2022-08-11 09:52:06,761] {dag.py:2420} INFO - Sync 1 DAGs
[2022-08-11 09:52:06,780] {logging_mixin.py:115} INFO - [2022-08-11 09:52:06,780] {dag.py:2972} INFO - Setting next_dagrun for latest_only to 2022-08-10T21:52:06.780129+00:00, run_after=2022-08-11T01:52:06.780129+00:00
[2022-08-11 09:52:06,792] {processor.py:161} INFO - Processing /Users/pro/Documents/a_env/proj_data/lib/python3.7/site-packages/airflow/example_dags/example_latest_only.py took 0.066 seconds
[2022-08-11 09:52:39,652] {processor.py:153} INFO - Started process (PID=51383) to work on /Users/pro/Documents/a_env/proj_data/lib/python3.7/site-packages/airflow/example_dags/example_latest_only.py
[2022-08-11 09:52:39,653] {processor.py:641} INFO - Processing file /Users/pro/Documents/a_env/proj_data/lib/python3.7/site-packages/airflow/example_dags/example_latest_only.py for tasks to queue
[2022-08-11 09:52:39,655] {logging_mixin.py:115} INFO - [2022-08-11 09:52:39,654] {dagbag.py:508} INFO - Filling up the DagBag from /Users/pro/Documents/a_env/proj_data/lib/python3.7/site-packages/airflow/example_dags/example_latest_only.py
[2022-08-11 09:52:39,663] {processor.py:651} INFO - DAG(s) dict_keys(['latest_only']) retrieved from /Users/pro/Documents/a_env/proj_data/lib/python3.7/site-packages/airflow/example_dags/example_latest_only.py
[2022-08-11 09:52:39,683] {logging_mixin.py:115} INFO - [2022-08-11 09:52:39,683] {dag.py:2420} INFO - Sync 1 DAGs
[2022-08-11 09:52:39,704] {logging_mixin.py:115} INFO - [2022-08-11 09:52:39,703] {dag.py:2972} INFO - Setting next_dagrun for latest_only to 2022-08-10T21:52:39.703593+00:00, run_after=2022-08-11T01:52:39.703593+00:00
[2022-08-11 09:52:39,716] {processor.py:161} INFO - Processing /Users/pro/Documents/a_env/proj_data/lib/python3.7/site-packages/airflow/example_dags/example_latest_only.py took 0.068 seconds
[2022-08-11 09:53:17,247] {processor.py:153} INFO - Started process (PID=51428) to work on /Users/pro/Documents/a_env/proj_data/lib/python3.7/site-packages/airflow/example_dags/example_latest_only.py
[2022-08-11 09:53:17,248] {processor.py:641} INFO - Processing file /Users/pro/Documents/a_env/proj_data/lib/python3.7/site-packages/airflow/example_dags/example_latest_only.py for tasks to queue
[2022-08-11 09:53:17,249] {logging_mixin.py:115} INFO - [2022-08-11 09:53:17,249] {dagbag.py:508} INFO - Filling up the DagBag from /Users/pro/Documents/a_env/proj_data/lib/python3.7/site-packages/airflow/example_dags/example_latest_only.py
[2022-08-11 09:53:17,257] {processor.py:651} INFO - DAG(s) dict_keys(['latest_only']) retrieved from /Users/pro/Documents/a_env/proj_data/lib/python3.7/site-packages/airflow/example_dags/example_latest_only.py
[2022-08-11 09:53:17,277] {logging_mixin.py:115} INFO - [2022-08-11 09:53:17,277] {dag.py:2420} INFO - Sync 1 DAGs
[2022-08-11 09:53:17,295] {logging_mixin.py:115} INFO - [2022-08-11 09:53:17,294] {dag.py:2972} INFO - Setting next_dagrun for latest_only to 2022-08-10T21:53:17.294407+00:00, run_after=2022-08-11T01:53:17.294407+00:00
[2022-08-11 09:53:17,306] {processor.py:161} INFO - Processing /Users/pro/Documents/a_env/proj_data/lib/python3.7/site-packages/airflow/example_dags/example_latest_only.py took 0.063 seconds
[2022-08-11 09:53:53,295] {processor.py:153} INFO - Started process (PID=51464) to work on /Users/pro/Documents/a_env/proj_data/lib/python3.7/site-packages/airflow/example_dags/example_latest_only.py
[2022-08-11 09:53:53,296] {processor.py:641} INFO - Processing file /Users/pro/Documents/a_env/proj_data/lib/python3.7/site-packages/airflow/example_dags/example_latest_only.py for tasks to queue
[2022-08-11 09:53:53,297] {logging_mixin.py:115} INFO - [2022-08-11 09:53:53,297] {dagbag.py:508} INFO - Filling up the DagBag from /Users/pro/Documents/a_env/proj_data/lib/python3.7/site-packages/airflow/example_dags/example_latest_only.py
[2022-08-11 09:53:53,305] {processor.py:651} INFO - DAG(s) dict_keys(['latest_only']) retrieved from /Users/pro/Documents/a_env/proj_data/lib/python3.7/site-packages/airflow/example_dags/example_latest_only.py
[2022-08-11 09:53:53,324] {logging_mixin.py:115} INFO - [2022-08-11 09:53:53,324] {dag.py:2420} INFO - Sync 1 DAGs
[2022-08-11 09:53:53,344] {logging_mixin.py:115} INFO - [2022-08-11 09:53:53,343] {dag.py:2972} INFO - Setting next_dagrun for latest_only to 2022-08-10T21:53:53.343466+00:00, run_after=2022-08-11T01:53:53.343466+00:00
[2022-08-11 09:53:53,355] {processor.py:161} INFO - Processing /Users/pro/Documents/a_env/proj_data/lib/python3.7/site-packages/airflow/example_dags/example_latest_only.py took 0.065 seconds
[2022-08-11 09:54:27,294] {processor.py:153} INFO - Started process (PID=51499) to work on /Users/pro/Documents/a_env/proj_data/lib/python3.7/site-packages/airflow/example_dags/example_latest_only.py
[2022-08-11 09:54:27,295] {processor.py:641} INFO - Processing file /Users/pro/Documents/a_env/proj_data/lib/python3.7/site-packages/airflow/example_dags/example_latest_only.py for tasks to queue
[2022-08-11 09:54:27,296] {logging_mixin.py:115} INFO - [2022-08-11 09:54:27,296] {dagbag.py:508} INFO - Filling up the DagBag from /Users/pro/Documents/a_env/proj_data/lib/python3.7/site-packages/airflow/example_dags/example_latest_only.py
[2022-08-11 09:54:27,305] {processor.py:651} INFO - DAG(s) dict_keys(['latest_only']) retrieved from /Users/pro/Documents/a_env/proj_data/lib/python3.7/site-packages/airflow/example_dags/example_latest_only.py
[2022-08-11 09:54:27,327] {logging_mixin.py:115} INFO - [2022-08-11 09:54:27,326] {dag.py:2420} INFO - Sync 1 DAGs
[2022-08-11 09:54:27,347] {logging_mixin.py:115} INFO - [2022-08-11 09:54:27,347] {dag.py:2972} INFO - Setting next_dagrun for latest_only to 2022-08-10T21:54:27.347137+00:00, run_after=2022-08-11T01:54:27.347137+00:00
[2022-08-11 09:54:27,361] {processor.py:161} INFO - Processing /Users/pro/Documents/a_env/proj_data/lib/python3.7/site-packages/airflow/example_dags/example_latest_only.py took 0.072 seconds
[2022-08-11 09:55:01,719] {processor.py:153} INFO - Started process (PID=51535) to work on /Users/pro/Documents/a_env/proj_data/lib/python3.7/site-packages/airflow/example_dags/example_latest_only.py
[2022-08-11 09:55:01,720] {processor.py:641} INFO - Processing file /Users/pro/Documents/a_env/proj_data/lib/python3.7/site-packages/airflow/example_dags/example_latest_only.py for tasks to queue
[2022-08-11 09:55:01,721] {logging_mixin.py:115} INFO - [2022-08-11 09:55:01,720] {dagbag.py:508} INFO - Filling up the DagBag from /Users/pro/Documents/a_env/proj_data/lib/python3.7/site-packages/airflow/example_dags/example_latest_only.py
[2022-08-11 09:55:01,729] {processor.py:651} INFO - DAG(s) dict_keys(['latest_only']) retrieved from /Users/pro/Documents/a_env/proj_data/lib/python3.7/site-packages/airflow/example_dags/example_latest_only.py
[2022-08-11 09:55:01,749] {logging_mixin.py:115} INFO - [2022-08-11 09:55:01,749] {dag.py:2420} INFO - Sync 1 DAGs
[2022-08-11 09:55:01,770] {logging_mixin.py:115} INFO - [2022-08-11 09:55:01,770] {dag.py:2972} INFO - Setting next_dagrun for latest_only to 2022-08-10T21:55:01.769898+00:00, run_after=2022-08-11T01:55:01.769898+00:00
[2022-08-11 09:55:01,784] {processor.py:161} INFO - Processing /Users/pro/Documents/a_env/proj_data/lib/python3.7/site-packages/airflow/example_dags/example_latest_only.py took 0.070 seconds
[2022-08-11 09:55:37,068] {processor.py:153} INFO - Started process (PID=51571) to work on /Users/pro/Documents/a_env/proj_data/lib/python3.7/site-packages/airflow/example_dags/example_latest_only.py
[2022-08-11 09:55:37,070] {processor.py:641} INFO - Processing file /Users/pro/Documents/a_env/proj_data/lib/python3.7/site-packages/airflow/example_dags/example_latest_only.py for tasks to queue
[2022-08-11 09:55:37,072] {logging_mixin.py:115} INFO - [2022-08-11 09:55:37,072] {dagbag.py:508} INFO - Filling up the DagBag from /Users/pro/Documents/a_env/proj_data/lib/python3.7/site-packages/airflow/example_dags/example_latest_only.py
[2022-08-11 09:55:37,081] {processor.py:651} INFO - DAG(s) dict_keys(['latest_only']) retrieved from /Users/pro/Documents/a_env/proj_data/lib/python3.7/site-packages/airflow/example_dags/example_latest_only.py
[2022-08-11 09:55:37,102] {logging_mixin.py:115} INFO - [2022-08-11 09:55:37,102] {dag.py:2420} INFO - Sync 1 DAGs
[2022-08-11 09:55:37,121] {logging_mixin.py:115} INFO - [2022-08-11 09:55:37,121] {dag.py:2972} INFO - Setting next_dagrun for latest_only to 2022-08-10T21:55:37.121050+00:00, run_after=2022-08-11T01:55:37.121050+00:00
[2022-08-11 09:55:37,134] {processor.py:161} INFO - Processing /Users/pro/Documents/a_env/proj_data/lib/python3.7/site-packages/airflow/example_dags/example_latest_only.py took 0.071 seconds
[2022-08-11 09:56:12,059] {processor.py:153} INFO - Started process (PID=51605) to work on /Users/pro/Documents/a_env/proj_data/lib/python3.7/site-packages/airflow/example_dags/example_latest_only.py
[2022-08-11 09:56:12,062] {processor.py:641} INFO - Processing file /Users/pro/Documents/a_env/proj_data/lib/python3.7/site-packages/airflow/example_dags/example_latest_only.py for tasks to queue
[2022-08-11 09:56:12,065] {logging_mixin.py:115} INFO - [2022-08-11 09:56:12,064] {dagbag.py:508} INFO - Filling up the DagBag from /Users/pro/Documents/a_env/proj_data/lib/python3.7/site-packages/airflow/example_dags/example_latest_only.py
[2022-08-11 09:56:12,077] {processor.py:651} INFO - DAG(s) dict_keys(['latest_only']) retrieved from /Users/pro/Documents/a_env/proj_data/lib/python3.7/site-packages/airflow/example_dags/example_latest_only.py
[2022-08-11 09:56:12,099] {logging_mixin.py:115} INFO - [2022-08-11 09:56:12,099] {dag.py:2420} INFO - Sync 1 DAGs
[2022-08-11 09:56:12,118] {logging_mixin.py:115} INFO - [2022-08-11 09:56:12,118] {dag.py:2972} INFO - Setting next_dagrun for latest_only to 2022-08-10T21:56:12.118260+00:00, run_after=2022-08-11T01:56:12.118260+00:00
[2022-08-11 09:56:12,132] {processor.py:161} INFO - Processing /Users/pro/Documents/a_env/proj_data/lib/python3.7/site-packages/airflow/example_dags/example_latest_only.py took 0.078 seconds
[2022-08-11 09:56:47,086] {processor.py:153} INFO - Started process (PID=51641) to work on /Users/pro/Documents/a_env/proj_data/lib/python3.7/site-packages/airflow/example_dags/example_latest_only.py
[2022-08-11 09:56:47,087] {processor.py:641} INFO - Processing file /Users/pro/Documents/a_env/proj_data/lib/python3.7/site-packages/airflow/example_dags/example_latest_only.py for tasks to queue
[2022-08-11 09:56:47,088] {logging_mixin.py:115} INFO - [2022-08-11 09:56:47,088] {dagbag.py:508} INFO - Filling up the DagBag from /Users/pro/Documents/a_env/proj_data/lib/python3.7/site-packages/airflow/example_dags/example_latest_only.py
[2022-08-11 09:56:47,097] {processor.py:651} INFO - DAG(s) dict_keys(['latest_only']) retrieved from /Users/pro/Documents/a_env/proj_data/lib/python3.7/site-packages/airflow/example_dags/example_latest_only.py
[2022-08-11 09:56:47,117] {logging_mixin.py:115} INFO - [2022-08-11 09:56:47,117] {dag.py:2420} INFO - Sync 1 DAGs
[2022-08-11 09:56:47,136] {logging_mixin.py:115} INFO - [2022-08-11 09:56:47,135] {dag.py:2972} INFO - Setting next_dagrun for latest_only to 2022-08-10T21:56:47.135565+00:00, run_after=2022-08-11T01:56:47.135565+00:00
[2022-08-11 09:56:47,151] {processor.py:161} INFO - Processing /Users/pro/Documents/a_env/proj_data/lib/python3.7/site-packages/airflow/example_dags/example_latest_only.py took 0.070 seconds
[2022-08-11 09:57:23,435] {processor.py:153} INFO - Started process (PID=51681) to work on /Users/pro/Documents/a_env/proj_data/lib/python3.7/site-packages/airflow/example_dags/example_latest_only.py
[2022-08-11 09:57:23,436] {processor.py:641} INFO - Processing file /Users/pro/Documents/a_env/proj_data/lib/python3.7/site-packages/airflow/example_dags/example_latest_only.py for tasks to queue
[2022-08-11 09:57:23,437] {logging_mixin.py:115} INFO - [2022-08-11 09:57:23,437] {dagbag.py:508} INFO - Filling up the DagBag from /Users/pro/Documents/a_env/proj_data/lib/python3.7/site-packages/airflow/example_dags/example_latest_only.py
[2022-08-11 09:57:23,445] {processor.py:651} INFO - DAG(s) dict_keys(['latest_only']) retrieved from /Users/pro/Documents/a_env/proj_data/lib/python3.7/site-packages/airflow/example_dags/example_latest_only.py
[2022-08-11 09:57:23,465] {logging_mixin.py:115} INFO - [2022-08-11 09:57:23,465] {dag.py:2420} INFO - Sync 1 DAGs
[2022-08-11 09:57:23,485] {logging_mixin.py:115} INFO - [2022-08-11 09:57:23,485] {dag.py:2972} INFO - Setting next_dagrun for latest_only to 2022-08-10T21:57:23.485349+00:00, run_after=2022-08-11T01:57:23.485349+00:00
[2022-08-11 09:57:23,500] {processor.py:161} INFO - Processing /Users/pro/Documents/a_env/proj_data/lib/python3.7/site-packages/airflow/example_dags/example_latest_only.py took 0.070 seconds
[2022-08-11 09:57:57,434] {processor.py:153} INFO - Started process (PID=51719) to work on /Users/pro/Documents/a_env/proj_data/lib/python3.7/site-packages/airflow/example_dags/example_latest_only.py
[2022-08-11 09:57:57,434] {processor.py:641} INFO - Processing file /Users/pro/Documents/a_env/proj_data/lib/python3.7/site-packages/airflow/example_dags/example_latest_only.py for tasks to queue
[2022-08-11 09:57:57,436] {logging_mixin.py:115} INFO - [2022-08-11 09:57:57,435] {dagbag.py:508} INFO - Filling up the DagBag from /Users/pro/Documents/a_env/proj_data/lib/python3.7/site-packages/airflow/example_dags/example_latest_only.py
[2022-08-11 09:57:57,444] {processor.py:651} INFO - DAG(s) dict_keys(['latest_only']) retrieved from /Users/pro/Documents/a_env/proj_data/lib/python3.7/site-packages/airflow/example_dags/example_latest_only.py
[2022-08-11 09:57:57,464] {logging_mixin.py:115} INFO - [2022-08-11 09:57:57,464] {dag.py:2420} INFO - Sync 1 DAGs
[2022-08-11 09:57:57,483] {logging_mixin.py:115} INFO - [2022-08-11 09:57:57,483] {dag.py:2972} INFO - Setting next_dagrun for latest_only to 2022-08-10T21:57:57.482883+00:00, run_after=2022-08-11T01:57:57.482883+00:00
[2022-08-11 09:57:57,494] {processor.py:161} INFO - Processing /Users/pro/Documents/a_env/proj_data/lib/python3.7/site-packages/airflow/example_dags/example_latest_only.py took 0.066 seconds
[2022-08-11 09:58:35,091] {processor.py:153} INFO - Started process (PID=51756) to work on /Users/pro/Documents/a_env/proj_data/lib/python3.7/site-packages/airflow/example_dags/example_latest_only.py
[2022-08-11 09:58:35,092] {processor.py:641} INFO - Processing file /Users/pro/Documents/a_env/proj_data/lib/python3.7/site-packages/airflow/example_dags/example_latest_only.py for tasks to queue
[2022-08-11 09:58:35,093] {logging_mixin.py:115} INFO - [2022-08-11 09:58:35,093] {dagbag.py:508} INFO - Filling up the DagBag from /Users/pro/Documents/a_env/proj_data/lib/python3.7/site-packages/airflow/example_dags/example_latest_only.py
[2022-08-11 09:58:35,102] {processor.py:651} INFO - DAG(s) dict_keys(['latest_only']) retrieved from /Users/pro/Documents/a_env/proj_data/lib/python3.7/site-packages/airflow/example_dags/example_latest_only.py
[2022-08-11 09:58:35,122] {logging_mixin.py:115} INFO - [2022-08-11 09:58:35,122] {dag.py:2420} INFO - Sync 1 DAGs
[2022-08-11 09:58:35,141] {logging_mixin.py:115} INFO - [2022-08-11 09:58:35,141] {dag.py:2972} INFO - Setting next_dagrun for latest_only to 2022-08-10T21:58:35.141262+00:00, run_after=2022-08-11T01:58:35.141262+00:00
[2022-08-11 09:58:35,159] {processor.py:161} INFO - Processing /Users/pro/Documents/a_env/proj_data/lib/python3.7/site-packages/airflow/example_dags/example_latest_only.py took 0.073 seconds
[2022-08-11 09:59:11,567] {processor.py:153} INFO - Started process (PID=51792) to work on /Users/pro/Documents/a_env/proj_data/lib/python3.7/site-packages/airflow/example_dags/example_latest_only.py
[2022-08-11 09:59:11,570] {processor.py:641} INFO - Processing file /Users/pro/Documents/a_env/proj_data/lib/python3.7/site-packages/airflow/example_dags/example_latest_only.py for tasks to queue
[2022-08-11 09:59:11,571] {logging_mixin.py:115} INFO - [2022-08-11 09:59:11,571] {dagbag.py:508} INFO - Filling up the DagBag from /Users/pro/Documents/a_env/proj_data/lib/python3.7/site-packages/airflow/example_dags/example_latest_only.py
[2022-08-11 09:59:11,580] {processor.py:651} INFO - DAG(s) dict_keys(['latest_only']) retrieved from /Users/pro/Documents/a_env/proj_data/lib/python3.7/site-packages/airflow/example_dags/example_latest_only.py
[2022-08-11 09:59:11,602] {logging_mixin.py:115} INFO - [2022-08-11 09:59:11,602] {dag.py:2420} INFO - Sync 1 DAGs
[2022-08-11 09:59:11,621] {logging_mixin.py:115} INFO - [2022-08-11 09:59:11,621] {dag.py:2972} INFO - Setting next_dagrun for latest_only to 2022-08-10T21:59:11.621076+00:00, run_after=2022-08-11T01:59:11.621076+00:00
[2022-08-11 09:59:11,633] {processor.py:161} INFO - Processing /Users/pro/Documents/a_env/proj_data/lib/python3.7/site-packages/airflow/example_dags/example_latest_only.py took 0.070 seconds
[2022-08-11 09:59:49,419] {processor.py:153} INFO - Started process (PID=51845) to work on /Users/pro/Documents/a_env/proj_data/lib/python3.7/site-packages/airflow/example_dags/example_latest_only.py
[2022-08-11 09:59:49,421] {processor.py:641} INFO - Processing file /Users/pro/Documents/a_env/proj_data/lib/python3.7/site-packages/airflow/example_dags/example_latest_only.py for tasks to queue
[2022-08-11 09:59:49,423] {logging_mixin.py:115} INFO - [2022-08-11 09:59:49,423] {dagbag.py:508} INFO - Filling up the DagBag from /Users/pro/Documents/a_env/proj_data/lib/python3.7/site-packages/airflow/example_dags/example_latest_only.py
[2022-08-11 09:59:49,434] {processor.py:651} INFO - DAG(s) dict_keys(['latest_only']) retrieved from /Users/pro/Documents/a_env/proj_data/lib/python3.7/site-packages/airflow/example_dags/example_latest_only.py
[2022-08-11 09:59:49,454] {logging_mixin.py:115} INFO - [2022-08-11 09:59:49,454] {dag.py:2420} INFO - Sync 1 DAGs
[2022-08-11 09:59:49,474] {logging_mixin.py:115} INFO - [2022-08-11 09:59:49,473] {dag.py:2972} INFO - Setting next_dagrun for latest_only to 2022-08-10T21:59:49.473494+00:00, run_after=2022-08-11T01:59:49.473494+00:00
[2022-08-11 09:59:49,487] {processor.py:161} INFO - Processing /Users/pro/Documents/a_env/proj_data/lib/python3.7/site-packages/airflow/example_dags/example_latest_only.py took 0.074 seconds
[2022-08-11 10:00:26,772] {processor.py:153} INFO - Started process (PID=51882) to work on /Users/pro/Documents/a_env/proj_data/lib/python3.7/site-packages/airflow/example_dags/example_latest_only.py
[2022-08-11 10:00:26,773] {processor.py:641} INFO - Processing file /Users/pro/Documents/a_env/proj_data/lib/python3.7/site-packages/airflow/example_dags/example_latest_only.py for tasks to queue
[2022-08-11 10:00:26,774] {logging_mixin.py:115} INFO - [2022-08-11 10:00:26,774] {dagbag.py:508} INFO - Filling up the DagBag from /Users/pro/Documents/a_env/proj_data/lib/python3.7/site-packages/airflow/example_dags/example_latest_only.py
[2022-08-11 10:00:26,783] {processor.py:651} INFO - DAG(s) dict_keys(['latest_only']) retrieved from /Users/pro/Documents/a_env/proj_data/lib/python3.7/site-packages/airflow/example_dags/example_latest_only.py
[2022-08-11 10:00:26,803] {logging_mixin.py:115} INFO - [2022-08-11 10:00:26,803] {dag.py:2420} INFO - Sync 1 DAGs
[2022-08-11 10:00:26,823] {logging_mixin.py:115} INFO - [2022-08-11 10:00:26,823] {dag.py:2972} INFO - Setting next_dagrun for latest_only to 2022-08-10T22:00:26.823023+00:00, run_after=2022-08-11T02:00:26.823023+00:00
[2022-08-11 10:00:26,836] {processor.py:161} INFO - Processing /Users/pro/Documents/a_env/proj_data/lib/python3.7/site-packages/airflow/example_dags/example_latest_only.py took 0.069 seconds
[2022-08-11 10:01:00,617] {processor.py:153} INFO - Started process (PID=51939) to work on /Users/pro/Documents/a_env/proj_data/lib/python3.7/site-packages/airflow/example_dags/example_latest_only.py
[2022-08-11 10:01:00,618] {processor.py:641} INFO - Processing file /Users/pro/Documents/a_env/proj_data/lib/python3.7/site-packages/airflow/example_dags/example_latest_only.py for tasks to queue
[2022-08-11 10:01:00,619] {logging_mixin.py:115} INFO - [2022-08-11 10:01:00,619] {dagbag.py:508} INFO - Filling up the DagBag from /Users/pro/Documents/a_env/proj_data/lib/python3.7/site-packages/airflow/example_dags/example_latest_only.py
[2022-08-11 10:01:00,626] {processor.py:651} INFO - DAG(s) dict_keys(['latest_only']) retrieved from /Users/pro/Documents/a_env/proj_data/lib/python3.7/site-packages/airflow/example_dags/example_latest_only.py
[2022-08-11 10:01:00,644] {logging_mixin.py:115} INFO - [2022-08-11 10:01:00,644] {dag.py:2420} INFO - Sync 1 DAGs
[2022-08-11 10:01:00,662] {logging_mixin.py:115} INFO - [2022-08-11 10:01:00,662] {dag.py:2972} INFO - Setting next_dagrun for latest_only to 2022-08-10T22:01:00.662043+00:00, run_after=2022-08-11T02:01:00.662043+00:00
[2022-08-11 10:01:00,673] {processor.py:161} INFO - Processing /Users/pro/Documents/a_env/proj_data/lib/python3.7/site-packages/airflow/example_dags/example_latest_only.py took 0.061 seconds
[2022-08-11 10:01:34,630] {processor.py:153} INFO - Started process (PID=51973) to work on /Users/pro/Documents/a_env/proj_data/lib/python3.7/site-packages/airflow/example_dags/example_latest_only.py
[2022-08-11 10:01:34,631] {processor.py:641} INFO - Processing file /Users/pro/Documents/a_env/proj_data/lib/python3.7/site-packages/airflow/example_dags/example_latest_only.py for tasks to queue
[2022-08-11 10:01:34,632] {logging_mixin.py:115} INFO - [2022-08-11 10:01:34,632] {dagbag.py:508} INFO - Filling up the DagBag from /Users/pro/Documents/a_env/proj_data/lib/python3.7/site-packages/airflow/example_dags/example_latest_only.py
[2022-08-11 10:01:34,639] {processor.py:651} INFO - DAG(s) dict_keys(['latest_only']) retrieved from /Users/pro/Documents/a_env/proj_data/lib/python3.7/site-packages/airflow/example_dags/example_latest_only.py
[2022-08-11 10:01:34,658] {logging_mixin.py:115} INFO - [2022-08-11 10:01:34,657] {dag.py:2420} INFO - Sync 1 DAGs
[2022-08-11 10:01:34,676] {logging_mixin.py:115} INFO - [2022-08-11 10:01:34,676] {dag.py:2972} INFO - Setting next_dagrun for latest_only to 2022-08-10T22:01:34.676117+00:00, run_after=2022-08-11T02:01:34.676117+00:00
[2022-08-11 10:01:34,688] {processor.py:161} INFO - Processing /Users/pro/Documents/a_env/proj_data/lib/python3.7/site-packages/airflow/example_dags/example_latest_only.py took 0.062 seconds
[2022-08-11 10:02:09,901] {processor.py:153} INFO - Started process (PID=52012) to work on /Users/pro/Documents/a_env/proj_data/lib/python3.7/site-packages/airflow/example_dags/example_latest_only.py
[2022-08-11 10:02:09,902] {processor.py:641} INFO - Processing file /Users/pro/Documents/a_env/proj_data/lib/python3.7/site-packages/airflow/example_dags/example_latest_only.py for tasks to queue
[2022-08-11 10:02:09,903] {logging_mixin.py:115} INFO - [2022-08-11 10:02:09,903] {dagbag.py:508} INFO - Filling up the DagBag from /Users/pro/Documents/a_env/proj_data/lib/python3.7/site-packages/airflow/example_dags/example_latest_only.py
[2022-08-11 10:02:09,911] {processor.py:651} INFO - DAG(s) dict_keys(['latest_only']) retrieved from /Users/pro/Documents/a_env/proj_data/lib/python3.7/site-packages/airflow/example_dags/example_latest_only.py
[2022-08-11 10:02:09,930] {logging_mixin.py:115} INFO - [2022-08-11 10:02:09,930] {dag.py:2420} INFO - Sync 1 DAGs
[2022-08-11 10:02:09,949] {logging_mixin.py:115} INFO - [2022-08-11 10:02:09,948] {dag.py:2972} INFO - Setting next_dagrun for latest_only to 2022-08-10T22:02:09.948578+00:00, run_after=2022-08-11T02:02:09.948578+00:00
[2022-08-11 10:02:09,960] {processor.py:161} INFO - Processing /Users/pro/Documents/a_env/proj_data/lib/python3.7/site-packages/airflow/example_dags/example_latest_only.py took 0.064 seconds
[2022-08-11 10:02:44,999] {processor.py:153} INFO - Started process (PID=52050) to work on /Users/pro/Documents/a_env/proj_data/lib/python3.7/site-packages/airflow/example_dags/example_latest_only.py
[2022-08-11 10:02:45,000] {processor.py:641} INFO - Processing file /Users/pro/Documents/a_env/proj_data/lib/python3.7/site-packages/airflow/example_dags/example_latest_only.py for tasks to queue
[2022-08-11 10:02:45,001] {logging_mixin.py:115} INFO - [2022-08-11 10:02:45,001] {dagbag.py:508} INFO - Filling up the DagBag from /Users/pro/Documents/a_env/proj_data/lib/python3.7/site-packages/airflow/example_dags/example_latest_only.py
[2022-08-11 10:02:45,009] {processor.py:651} INFO - DAG(s) dict_keys(['latest_only']) retrieved from /Users/pro/Documents/a_env/proj_data/lib/python3.7/site-packages/airflow/example_dags/example_latest_only.py
[2022-08-11 10:02:45,029] {logging_mixin.py:115} INFO - [2022-08-11 10:02:45,028] {dag.py:2420} INFO - Sync 1 DAGs
[2022-08-11 10:02:45,048] {logging_mixin.py:115} INFO - [2022-08-11 10:02:45,047] {dag.py:2972} INFO - Setting next_dagrun for latest_only to 2022-08-10T22:02:45.047642+00:00, run_after=2022-08-11T02:02:45.047642+00:00
[2022-08-11 10:02:45,060] {processor.py:161} INFO - Processing /Users/pro/Documents/a_env/proj_data/lib/python3.7/site-packages/airflow/example_dags/example_latest_only.py took 0.065 seconds
[2022-08-11 10:03:20,124] {processor.py:153} INFO - Started process (PID=52086) to work on /Users/pro/Documents/a_env/proj_data/lib/python3.7/site-packages/airflow/example_dags/example_latest_only.py
[2022-08-11 10:03:20,124] {processor.py:641} INFO - Processing file /Users/pro/Documents/a_env/proj_data/lib/python3.7/site-packages/airflow/example_dags/example_latest_only.py for tasks to queue
[2022-08-11 10:03:20,125] {logging_mixin.py:115} INFO - [2022-08-11 10:03:20,125] {dagbag.py:508} INFO - Filling up the DagBag from /Users/pro/Documents/a_env/proj_data/lib/python3.7/site-packages/airflow/example_dags/example_latest_only.py
[2022-08-11 10:03:20,133] {processor.py:651} INFO - DAG(s) dict_keys(['latest_only']) retrieved from /Users/pro/Documents/a_env/proj_data/lib/python3.7/site-packages/airflow/example_dags/example_latest_only.py
[2022-08-11 10:03:20,153] {logging_mixin.py:115} INFO - [2022-08-11 10:03:20,153] {dag.py:2420} INFO - Sync 1 DAGs
[2022-08-11 10:03:20,171] {logging_mixin.py:115} INFO - [2022-08-11 10:03:20,171] {dag.py:2972} INFO - Setting next_dagrun for latest_only to 2022-08-10T22:03:20.171202+00:00, run_after=2022-08-11T02:03:20.171202+00:00
[2022-08-11 10:03:20,186] {processor.py:161} INFO - Processing /Users/pro/Documents/a_env/proj_data/lib/python3.7/site-packages/airflow/example_dags/example_latest_only.py took 0.067 seconds
[2022-08-11 10:03:54,705] {processor.py:153} INFO - Started process (PID=52121) to work on /Users/pro/Documents/a_env/proj_data/lib/python3.7/site-packages/airflow/example_dags/example_latest_only.py
[2022-08-11 10:03:54,705] {processor.py:641} INFO - Processing file /Users/pro/Documents/a_env/proj_data/lib/python3.7/site-packages/airflow/example_dags/example_latest_only.py for tasks to queue
[2022-08-11 10:03:54,707] {logging_mixin.py:115} INFO - [2022-08-11 10:03:54,706] {dagbag.py:508} INFO - Filling up the DagBag from /Users/pro/Documents/a_env/proj_data/lib/python3.7/site-packages/airflow/example_dags/example_latest_only.py
[2022-08-11 10:03:54,714] {processor.py:651} INFO - DAG(s) dict_keys(['latest_only']) retrieved from /Users/pro/Documents/a_env/proj_data/lib/python3.7/site-packages/airflow/example_dags/example_latest_only.py
[2022-08-11 10:03:54,733] {logging_mixin.py:115} INFO - [2022-08-11 10:03:54,732] {dag.py:2420} INFO - Sync 1 DAGs
[2022-08-11 10:03:54,751] {logging_mixin.py:115} INFO - [2022-08-11 10:03:54,751] {dag.py:2972} INFO - Setting next_dagrun for latest_only to 2022-08-10T22:03:54.750743+00:00, run_after=2022-08-11T02:03:54.750743+00:00
[2022-08-11 10:03:54,765] {processor.py:161} INFO - Processing /Users/pro/Documents/a_env/proj_data/lib/python3.7/site-packages/airflow/example_dags/example_latest_only.py took 0.066 seconds
[2022-08-11 10:22:48,144] {processor.py:153} INFO - Started process (PID=52222) to work on /Users/pro/Documents/a_env/proj_data/lib/python3.7/site-packages/airflow/example_dags/example_latest_only.py
[2022-08-11 10:22:48,146] {processor.py:641} INFO - Processing file /Users/pro/Documents/a_env/proj_data/lib/python3.7/site-packages/airflow/example_dags/example_latest_only.py for tasks to queue
[2022-08-11 10:22:48,147] {logging_mixin.py:115} INFO - [2022-08-11 10:22:48,147] {dagbag.py:508} INFO - Filling up the DagBag from /Users/pro/Documents/a_env/proj_data/lib/python3.7/site-packages/airflow/example_dags/example_latest_only.py
[2022-08-11 10:22:48,159] {processor.py:651} INFO - DAG(s) dict_keys(['latest_only']) retrieved from /Users/pro/Documents/a_env/proj_data/lib/python3.7/site-packages/airflow/example_dags/example_latest_only.py
[2022-08-11 10:22:48,179] {logging_mixin.py:115} INFO - [2022-08-11 10:22:48,179] {dag.py:2420} INFO - Sync 1 DAGs
[2022-08-11 10:22:48,199] {logging_mixin.py:115} INFO - [2022-08-11 10:22:48,199] {dag.py:2972} INFO - Setting next_dagrun for latest_only to 2022-08-10T22:22:48.198744+00:00, run_after=2022-08-11T02:22:48.198744+00:00
[2022-08-11 10:22:48,211] {processor.py:161} INFO - Processing /Users/pro/Documents/a_env/proj_data/lib/python3.7/site-packages/airflow/example_dags/example_latest_only.py took 0.072 seconds
[2022-08-11 10:23:21,959] {processor.py:153} INFO - Started process (PID=52288) to work on /Users/pro/Documents/a_env/proj_data/lib/python3.7/site-packages/airflow/example_dags/example_latest_only.py
[2022-08-11 10:23:21,961] {processor.py:641} INFO - Processing file /Users/pro/Documents/a_env/proj_data/lib/python3.7/site-packages/airflow/example_dags/example_latest_only.py for tasks to queue
[2022-08-11 10:23:21,963] {logging_mixin.py:115} INFO - [2022-08-11 10:23:21,963] {dagbag.py:508} INFO - Filling up the DagBag from /Users/pro/Documents/a_env/proj_data/lib/python3.7/site-packages/airflow/example_dags/example_latest_only.py
[2022-08-11 10:23:21,973] {processor.py:651} INFO - DAG(s) dict_keys(['latest_only']) retrieved from /Users/pro/Documents/a_env/proj_data/lib/python3.7/site-packages/airflow/example_dags/example_latest_only.py
[2022-08-11 10:23:21,996] {logging_mixin.py:115} INFO - [2022-08-11 10:23:21,995] {dag.py:2420} INFO - Sync 1 DAGs
[2022-08-11 10:23:22,015] {logging_mixin.py:115} INFO - [2022-08-11 10:23:22,015] {dag.py:2972} INFO - Setting next_dagrun for latest_only to 2022-08-10T22:23:22.015269+00:00, run_after=2022-08-11T02:23:22.015269+00:00
[2022-08-11 10:23:22,028] {processor.py:161} INFO - Processing /Users/pro/Documents/a_env/proj_data/lib/python3.7/site-packages/airflow/example_dags/example_latest_only.py took 0.075 seconds
[2022-08-11 10:23:57,511] {processor.py:153} INFO - Started process (PID=52365) to work on /Users/pro/Documents/a_env/proj_data/lib/python3.7/site-packages/airflow/example_dags/example_latest_only.py
[2022-08-11 10:23:57,515] {processor.py:641} INFO - Processing file /Users/pro/Documents/a_env/proj_data/lib/python3.7/site-packages/airflow/example_dags/example_latest_only.py for tasks to queue
[2022-08-11 10:23:57,517] {logging_mixin.py:115} INFO - [2022-08-11 10:23:57,516] {dagbag.py:508} INFO - Filling up the DagBag from /Users/pro/Documents/a_env/proj_data/lib/python3.7/site-packages/airflow/example_dags/example_latest_only.py
[2022-08-11 10:23:57,529] {processor.py:651} INFO - DAG(s) dict_keys(['latest_only']) retrieved from /Users/pro/Documents/a_env/proj_data/lib/python3.7/site-packages/airflow/example_dags/example_latest_only.py
[2022-08-11 10:23:57,567] {logging_mixin.py:115} INFO - [2022-08-11 10:23:57,566] {dag.py:2420} INFO - Sync 1 DAGs
[2022-08-11 10:23:57,600] {logging_mixin.py:115} INFO - [2022-08-11 10:23:57,599] {dag.py:2972} INFO - Setting next_dagrun for latest_only to 2022-08-10T22:23:57.598606+00:00, run_after=2022-08-11T02:23:57.598606+00:00
[2022-08-11 10:23:57,627] {processor.py:161} INFO - Processing /Users/pro/Documents/a_env/proj_data/lib/python3.7/site-packages/airflow/example_dags/example_latest_only.py took 0.121 seconds
[2022-08-11 10:24:34,915] {processor.py:153} INFO - Started process (PID=52445) to work on /Users/pro/Documents/a_env/proj_data/lib/python3.7/site-packages/airflow/example_dags/example_latest_only.py
[2022-08-11 10:24:34,917] {processor.py:641} INFO - Processing file /Users/pro/Documents/a_env/proj_data/lib/python3.7/site-packages/airflow/example_dags/example_latest_only.py for tasks to queue
[2022-08-11 10:24:34,918] {logging_mixin.py:115} INFO - [2022-08-11 10:24:34,918] {dagbag.py:508} INFO - Filling up the DagBag from /Users/pro/Documents/a_env/proj_data/lib/python3.7/site-packages/airflow/example_dags/example_latest_only.py
[2022-08-11 10:24:34,927] {processor.py:651} INFO - DAG(s) dict_keys(['latest_only']) retrieved from /Users/pro/Documents/a_env/proj_data/lib/python3.7/site-packages/airflow/example_dags/example_latest_only.py
[2022-08-11 10:24:34,955] {logging_mixin.py:115} INFO - [2022-08-11 10:24:34,955] {dag.py:2420} INFO - Sync 1 DAGs
[2022-08-11 10:24:34,976] {logging_mixin.py:115} INFO - [2022-08-11 10:24:34,975] {dag.py:2972} INFO - Setting next_dagrun for latest_only to 2022-08-10T22:24:34.975635+00:00, run_after=2022-08-11T02:24:34.975635+00:00
[2022-08-11 10:24:34,988] {processor.py:161} INFO - Processing /Users/pro/Documents/a_env/proj_data/lib/python3.7/site-packages/airflow/example_dags/example_latest_only.py took 0.079 seconds
[2022-08-11 10:25:10,813] {processor.py:153} INFO - Started process (PID=52486) to work on /Users/pro/Documents/a_env/proj_data/lib/python3.7/site-packages/airflow/example_dags/example_latest_only.py
[2022-08-11 10:25:10,814] {processor.py:641} INFO - Processing file /Users/pro/Documents/a_env/proj_data/lib/python3.7/site-packages/airflow/example_dags/example_latest_only.py for tasks to queue
[2022-08-11 10:25:10,815] {logging_mixin.py:115} INFO - [2022-08-11 10:25:10,815] {dagbag.py:508} INFO - Filling up the DagBag from /Users/pro/Documents/a_env/proj_data/lib/python3.7/site-packages/airflow/example_dags/example_latest_only.py
[2022-08-11 10:25:10,829] {processor.py:651} INFO - DAG(s) dict_keys(['latest_only']) retrieved from /Users/pro/Documents/a_env/proj_data/lib/python3.7/site-packages/airflow/example_dags/example_latest_only.py
[2022-08-11 10:25:10,853] {logging_mixin.py:115} INFO - [2022-08-11 10:25:10,853] {dag.py:2420} INFO - Sync 1 DAGs
[2022-08-11 10:25:10,876] {logging_mixin.py:115} INFO - [2022-08-11 10:25:10,876] {dag.py:2972} INFO - Setting next_dagrun for latest_only to 2022-08-10T22:25:10.875826+00:00, run_after=2022-08-11T02:25:10.875826+00:00
[2022-08-11 10:25:10,889] {processor.py:161} INFO - Processing /Users/pro/Documents/a_env/proj_data/lib/python3.7/site-packages/airflow/example_dags/example_latest_only.py took 0.081 seconds
[2022-08-11 10:25:48,065] {processor.py:153} INFO - Started process (PID=52542) to work on /Users/pro/Documents/a_env/proj_data/lib/python3.7/site-packages/airflow/example_dags/example_latest_only.py
[2022-08-11 10:25:48,071] {processor.py:641} INFO - Processing file /Users/pro/Documents/a_env/proj_data/lib/python3.7/site-packages/airflow/example_dags/example_latest_only.py for tasks to queue
[2022-08-11 10:25:48,072] {logging_mixin.py:115} INFO - [2022-08-11 10:25:48,072] {dagbag.py:508} INFO - Filling up the DagBag from /Users/pro/Documents/a_env/proj_data/lib/python3.7/site-packages/airflow/example_dags/example_latest_only.py
[2022-08-11 10:25:48,088] {processor.py:651} INFO - DAG(s) dict_keys(['latest_only']) retrieved from /Users/pro/Documents/a_env/proj_data/lib/python3.7/site-packages/airflow/example_dags/example_latest_only.py
[2022-08-11 10:25:48,160] {logging_mixin.py:115} INFO - [2022-08-11 10:25:48,159] {dag.py:2420} INFO - Sync 1 DAGs
[2022-08-11 10:25:48,324] {logging_mixin.py:115} INFO - [2022-08-11 10:25:48,324] {dag.py:2972} INFO - Setting next_dagrun for latest_only to 2022-08-10T22:25:48.323739+00:00, run_after=2022-08-11T02:25:48.323739+00:00
[2022-08-11 10:25:48,342] {processor.py:161} INFO - Processing /Users/pro/Documents/a_env/proj_data/lib/python3.7/site-packages/airflow/example_dags/example_latest_only.py took 0.306 seconds
[2022-08-11 10:26:30,544] {processor.py:153} INFO - Started process (PID=52627) to work on /Users/pro/Documents/a_env/proj_data/lib/python3.7/site-packages/airflow/example_dags/example_latest_only.py
[2022-08-11 10:26:30,553] {processor.py:641} INFO - Processing file /Users/pro/Documents/a_env/proj_data/lib/python3.7/site-packages/airflow/example_dags/example_latest_only.py for tasks to queue
[2022-08-11 10:26:30,563] {logging_mixin.py:115} INFO - [2022-08-11 10:26:30,563] {dagbag.py:508} INFO - Filling up the DagBag from /Users/pro/Documents/a_env/proj_data/lib/python3.7/site-packages/airflow/example_dags/example_latest_only.py
[2022-08-11 10:26:30,583] {processor.py:651} INFO - DAG(s) dict_keys(['latest_only']) retrieved from /Users/pro/Documents/a_env/proj_data/lib/python3.7/site-packages/airflow/example_dags/example_latest_only.py
[2022-08-11 10:26:30,629] {logging_mixin.py:115} INFO - [2022-08-11 10:26:30,628] {dag.py:2420} INFO - Sync 1 DAGs
[2022-08-11 10:26:30,665] {logging_mixin.py:115} INFO - [2022-08-11 10:26:30,665] {dag.py:2972} INFO - Setting next_dagrun for latest_only to 2022-08-10T22:26:30.664723+00:00, run_after=2022-08-11T02:26:30.664723+00:00
[2022-08-11 10:26:30,684] {processor.py:161} INFO - Processing /Users/pro/Documents/a_env/proj_data/lib/python3.7/site-packages/airflow/example_dags/example_latest_only.py took 0.164 seconds
[2022-08-11 10:27:17,208] {processor.py:153} INFO - Started process (PID=52671) to work on /Users/pro/Documents/a_env/proj_data/lib/python3.7/site-packages/airflow/example_dags/example_latest_only.py
[2022-08-11 10:27:17,209] {processor.py:641} INFO - Processing file /Users/pro/Documents/a_env/proj_data/lib/python3.7/site-packages/airflow/example_dags/example_latest_only.py for tasks to queue
[2022-08-11 10:27:17,210] {logging_mixin.py:115} INFO - [2022-08-11 10:27:17,210] {dagbag.py:508} INFO - Filling up the DagBag from /Users/pro/Documents/a_env/proj_data/lib/python3.7/site-packages/airflow/example_dags/example_latest_only.py
[2022-08-11 10:27:17,223] {processor.py:651} INFO - DAG(s) dict_keys(['latest_only']) retrieved from /Users/pro/Documents/a_env/proj_data/lib/python3.7/site-packages/airflow/example_dags/example_latest_only.py
[2022-08-11 10:27:17,253] {logging_mixin.py:115} INFO - [2022-08-11 10:27:17,253] {dag.py:2420} INFO - Sync 1 DAGs
[2022-08-11 10:27:17,313] {logging_mixin.py:115} INFO - [2022-08-11 10:27:17,313] {dag.py:2972} INFO - Setting next_dagrun for latest_only to 2022-08-10T22:27:17.312811+00:00, run_after=2022-08-11T02:27:17.312811+00:00
[2022-08-11 10:27:17,339] {processor.py:161} INFO - Processing /Users/pro/Documents/a_env/proj_data/lib/python3.7/site-packages/airflow/example_dags/example_latest_only.py took 0.140 seconds
[2022-08-11 10:28:08,431] {processor.py:153} INFO - Started process (PID=52744) to work on /Users/pro/Documents/a_env/proj_data/lib/python3.7/site-packages/airflow/example_dags/example_latest_only.py
[2022-08-11 10:28:08,432] {processor.py:641} INFO - Processing file /Users/pro/Documents/a_env/proj_data/lib/python3.7/site-packages/airflow/example_dags/example_latest_only.py for tasks to queue
[2022-08-11 10:28:08,434] {logging_mixin.py:115} INFO - [2022-08-11 10:28:08,434] {dagbag.py:508} INFO - Filling up the DagBag from /Users/pro/Documents/a_env/proj_data/lib/python3.7/site-packages/airflow/example_dags/example_latest_only.py
[2022-08-11 10:28:08,453] {processor.py:651} INFO - DAG(s) dict_keys(['latest_only']) retrieved from /Users/pro/Documents/a_env/proj_data/lib/python3.7/site-packages/airflow/example_dags/example_latest_only.py
[2022-08-11 10:28:08,634] {logging_mixin.py:115} INFO - [2022-08-11 10:28:08,633] {dag.py:2420} INFO - Sync 1 DAGs
[2022-08-11 10:28:08,690] {logging_mixin.py:115} INFO - [2022-08-11 10:28:08,689] {dag.py:2972} INFO - Setting next_dagrun for latest_only to 2022-08-10T22:28:08.689088+00:00, run_after=2022-08-11T02:28:08.689088+00:00
[2022-08-11 10:28:08,756] {processor.py:161} INFO - Processing /Users/pro/Documents/a_env/proj_data/lib/python3.7/site-packages/airflow/example_dags/example_latest_only.py took 0.341 seconds
[2022-08-11 10:29:06,305] {processor.py:153} INFO - Started process (PID=52788) to work on /Users/pro/Documents/a_env/proj_data/lib/python3.7/site-packages/airflow/example_dags/example_latest_only.py
[2022-08-11 10:29:06,307] {processor.py:641} INFO - Processing file /Users/pro/Documents/a_env/proj_data/lib/python3.7/site-packages/airflow/example_dags/example_latest_only.py for tasks to queue
[2022-08-11 10:29:06,308] {logging_mixin.py:115} INFO - [2022-08-11 10:29:06,308] {dagbag.py:508} INFO - Filling up the DagBag from /Users/pro/Documents/a_env/proj_data/lib/python3.7/site-packages/airflow/example_dags/example_latest_only.py
[2022-08-11 10:29:06,374] {processor.py:651} INFO - DAG(s) dict_keys(['latest_only']) retrieved from /Users/pro/Documents/a_env/proj_data/lib/python3.7/site-packages/airflow/example_dags/example_latest_only.py
[2022-08-11 10:29:06,781] {logging_mixin.py:115} INFO - [2022-08-11 10:29:06,776] {dag.py:2420} INFO - Sync 1 DAGs
[2022-08-11 10:29:07,142] {logging_mixin.py:115} INFO - [2022-08-11 10:29:07,135] {dag.py:2972} INFO - Setting next_dagrun for latest_only to 2022-08-10T22:29:07.130777+00:00, run_after=2022-08-11T02:29:07.130777+00:00
[2022-08-11 10:29:07,763] {processor.py:161} INFO - Processing /Users/pro/Documents/a_env/proj_data/lib/python3.7/site-packages/airflow/example_dags/example_latest_only.py took 1.469 seconds
