[2022-08-11 08:16:31,030] {processor.py:153} INFO - Started process (PID=50733) to work on /Users/pro/Documents/a_env/proj_data/lib/python3.7/site-packages/airflow/example_dags/example_branch_operator.py
[2022-08-11 08:16:31,031] {processor.py:641} INFO - Processing file /Users/pro/Documents/a_env/proj_data/lib/python3.7/site-packages/airflow/example_dags/example_branch_operator.py for tasks to queue
[2022-08-11 08:16:31,033] {logging_mixin.py:115} INFO - [2022-08-11 08:16:31,032] {dagbag.py:508} INFO - Filling up the DagBag from /Users/pro/Documents/a_env/proj_data/lib/python3.7/site-packages/airflow/example_dags/example_branch_operator.py
[2022-08-11 08:16:31,069] {processor.py:651} INFO - DAG(s) dict_keys(['example_branch_operator']) retrieved from /Users/pro/Documents/a_env/proj_data/lib/python3.7/site-packages/airflow/example_dags/example_branch_operator.py
[2022-08-11 08:16:31,169] {logging_mixin.py:115} INFO - [2022-08-11 08:16:31,169] {dag.py:2420} INFO - Sync 1 DAGs
[2022-08-11 08:16:31,224] {logging_mixin.py:115} INFO - [2022-08-11 08:16:31,224] {dag.py:2972} INFO - Setting next_dagrun for example_branch_operator to 2022-08-10T00:00:00+00:00, run_after=2022-08-11T00:00:00+00:00
[2022-08-11 08:16:31,774] {processor.py:161} INFO - Processing /Users/pro/Documents/a_env/proj_data/lib/python3.7/site-packages/airflow/example_dags/example_branch_operator.py took 2.310 seconds
[2022-08-11 09:45:47,086] {processor.py:153} INFO - Started process (PID=50913) to work on /Users/pro/Documents/a_env/proj_data/lib/python3.7/site-packages/airflow/example_dags/example_branch_operator.py
[2022-08-11 09:45:47,088] {processor.py:641} INFO - Processing file /Users/pro/Documents/a_env/proj_data/lib/python3.7/site-packages/airflow/example_dags/example_branch_operator.py for tasks to queue
[2022-08-11 09:45:47,089] {logging_mixin.py:115} INFO - [2022-08-11 09:45:47,088] {dagbag.py:508} INFO - Filling up the DagBag from /Users/pro/Documents/a_env/proj_data/lib/python3.7/site-packages/airflow/example_dags/example_branch_operator.py
[2022-08-11 09:45:47,104] {processor.py:651} INFO - DAG(s) dict_keys(['example_branch_operator']) retrieved from /Users/pro/Documents/a_env/proj_data/lib/python3.7/site-packages/airflow/example_dags/example_branch_operator.py
[2022-08-11 09:45:47,126] {logging_mixin.py:115} INFO - [2022-08-11 09:45:47,126] {dag.py:2420} INFO - Sync 1 DAGs
[2022-08-11 09:45:47,146] {logging_mixin.py:115} INFO - [2022-08-11 09:45:47,146] {dag.py:2972} INFO - Setting next_dagrun for example_branch_operator to 2022-08-10T00:00:00+00:00, run_after=2022-08-11T00:00:00+00:00
[2022-08-11 09:45:47,158] {processor.py:161} INFO - Processing /Users/pro/Documents/a_env/proj_data/lib/python3.7/site-packages/airflow/example_dags/example_branch_operator.py took 0.077 seconds
[2022-08-11 09:46:22,364] {processor.py:153} INFO - Started process (PID=50961) to work on /Users/pro/Documents/a_env/proj_data/lib/python3.7/site-packages/airflow/example_dags/example_branch_operator.py
[2022-08-11 09:46:22,366] {processor.py:641} INFO - Processing file /Users/pro/Documents/a_env/proj_data/lib/python3.7/site-packages/airflow/example_dags/example_branch_operator.py for tasks to queue
[2022-08-11 09:46:22,367] {logging_mixin.py:115} INFO - [2022-08-11 09:46:22,366] {dagbag.py:508} INFO - Filling up the DagBag from /Users/pro/Documents/a_env/proj_data/lib/python3.7/site-packages/airflow/example_dags/example_branch_operator.py
[2022-08-11 09:46:22,382] {processor.py:651} INFO - DAG(s) dict_keys(['example_branch_operator']) retrieved from /Users/pro/Documents/a_env/proj_data/lib/python3.7/site-packages/airflow/example_dags/example_branch_operator.py
[2022-08-11 09:46:22,406] {logging_mixin.py:115} INFO - [2022-08-11 09:46:22,406] {dag.py:2420} INFO - Sync 1 DAGs
[2022-08-11 09:46:22,426] {logging_mixin.py:115} INFO - [2022-08-11 09:46:22,425] {dag.py:2972} INFO - Setting next_dagrun for example_branch_operator to 2022-08-10T00:00:00+00:00, run_after=2022-08-11T00:00:00+00:00
[2022-08-11 09:46:22,439] {processor.py:161} INFO - Processing /Users/pro/Documents/a_env/proj_data/lib/python3.7/site-packages/airflow/example_dags/example_branch_operator.py took 0.079 seconds
[2022-08-11 09:46:57,255] {processor.py:153} INFO - Started process (PID=51000) to work on /Users/pro/Documents/a_env/proj_data/lib/python3.7/site-packages/airflow/example_dags/example_branch_operator.py
[2022-08-11 09:46:57,257] {processor.py:641} INFO - Processing file /Users/pro/Documents/a_env/proj_data/lib/python3.7/site-packages/airflow/example_dags/example_branch_operator.py for tasks to queue
[2022-08-11 09:46:57,258] {logging_mixin.py:115} INFO - [2022-08-11 09:46:57,258] {dagbag.py:508} INFO - Filling up the DagBag from /Users/pro/Documents/a_env/proj_data/lib/python3.7/site-packages/airflow/example_dags/example_branch_operator.py
[2022-08-11 09:46:57,275] {processor.py:651} INFO - DAG(s) dict_keys(['example_branch_operator']) retrieved from /Users/pro/Documents/a_env/proj_data/lib/python3.7/site-packages/airflow/example_dags/example_branch_operator.py
[2022-08-11 09:46:57,295] {logging_mixin.py:115} INFO - [2022-08-11 09:46:57,295] {dag.py:2420} INFO - Sync 1 DAGs
[2022-08-11 09:46:57,315] {logging_mixin.py:115} INFO - [2022-08-11 09:46:57,315] {dag.py:2972} INFO - Setting next_dagrun for example_branch_operator to 2022-08-10T00:00:00+00:00, run_after=2022-08-11T00:00:00+00:00
[2022-08-11 09:46:57,327] {processor.py:161} INFO - Processing /Users/pro/Documents/a_env/proj_data/lib/python3.7/site-packages/airflow/example_dags/example_branch_operator.py took 0.076 seconds
[2022-08-11 09:47:33,380] {processor.py:153} INFO - Started process (PID=51038) to work on /Users/pro/Documents/a_env/proj_data/lib/python3.7/site-packages/airflow/example_dags/example_branch_operator.py
[2022-08-11 09:47:33,381] {processor.py:641} INFO - Processing file /Users/pro/Documents/a_env/proj_data/lib/python3.7/site-packages/airflow/example_dags/example_branch_operator.py for tasks to queue
[2022-08-11 09:47:33,382] {logging_mixin.py:115} INFO - [2022-08-11 09:47:33,382] {dagbag.py:508} INFO - Filling up the DagBag from /Users/pro/Documents/a_env/proj_data/lib/python3.7/site-packages/airflow/example_dags/example_branch_operator.py
[2022-08-11 09:47:33,397] {processor.py:651} INFO - DAG(s) dict_keys(['example_branch_operator']) retrieved from /Users/pro/Documents/a_env/proj_data/lib/python3.7/site-packages/airflow/example_dags/example_branch_operator.py
[2022-08-11 09:47:33,418] {logging_mixin.py:115} INFO - [2022-08-11 09:47:33,418] {dag.py:2420} INFO - Sync 1 DAGs
[2022-08-11 09:47:33,438] {logging_mixin.py:115} INFO - [2022-08-11 09:47:33,437] {dag.py:2972} INFO - Setting next_dagrun for example_branch_operator to 2022-08-10T00:00:00+00:00, run_after=2022-08-11T00:00:00+00:00
[2022-08-11 09:47:33,451] {processor.py:161} INFO - Processing /Users/pro/Documents/a_env/proj_data/lib/python3.7/site-packages/airflow/example_dags/example_branch_operator.py took 0.075 seconds
[2022-08-11 09:48:06,670] {processor.py:153} INFO - Started process (PID=51078) to work on /Users/pro/Documents/a_env/proj_data/lib/python3.7/site-packages/airflow/example_dags/example_branch_operator.py
[2022-08-11 09:48:06,671] {processor.py:641} INFO - Processing file /Users/pro/Documents/a_env/proj_data/lib/python3.7/site-packages/airflow/example_dags/example_branch_operator.py for tasks to queue
[2022-08-11 09:48:06,672] {logging_mixin.py:115} INFO - [2022-08-11 09:48:06,671] {dagbag.py:508} INFO - Filling up the DagBag from /Users/pro/Documents/a_env/proj_data/lib/python3.7/site-packages/airflow/example_dags/example_branch_operator.py
[2022-08-11 09:48:06,688] {processor.py:651} INFO - DAG(s) dict_keys(['example_branch_operator']) retrieved from /Users/pro/Documents/a_env/proj_data/lib/python3.7/site-packages/airflow/example_dags/example_branch_operator.py
[2022-08-11 09:48:06,709] {logging_mixin.py:115} INFO - [2022-08-11 09:48:06,709] {dag.py:2420} INFO - Sync 1 DAGs
[2022-08-11 09:48:06,731] {logging_mixin.py:115} INFO - [2022-08-11 09:48:06,730] {dag.py:2972} INFO - Setting next_dagrun for example_branch_operator to 2022-08-10T00:00:00+00:00, run_after=2022-08-11T00:00:00+00:00
[2022-08-11 09:48:06,745] {processor.py:161} INFO - Processing /Users/pro/Documents/a_env/proj_data/lib/python3.7/site-packages/airflow/example_dags/example_branch_operator.py took 0.079 seconds
[2022-08-11 09:48:42,945] {processor.py:153} INFO - Started process (PID=51116) to work on /Users/pro/Documents/a_env/proj_data/lib/python3.7/site-packages/airflow/example_dags/example_branch_operator.py
[2022-08-11 09:48:42,946] {processor.py:641} INFO - Processing file /Users/pro/Documents/a_env/proj_data/lib/python3.7/site-packages/airflow/example_dags/example_branch_operator.py for tasks to queue
[2022-08-11 09:48:42,947] {logging_mixin.py:115} INFO - [2022-08-11 09:48:42,947] {dagbag.py:508} INFO - Filling up the DagBag from /Users/pro/Documents/a_env/proj_data/lib/python3.7/site-packages/airflow/example_dags/example_branch_operator.py
[2022-08-11 09:48:42,962] {processor.py:651} INFO - DAG(s) dict_keys(['example_branch_operator']) retrieved from /Users/pro/Documents/a_env/proj_data/lib/python3.7/site-packages/airflow/example_dags/example_branch_operator.py
[2022-08-11 09:48:42,985] {logging_mixin.py:115} INFO - [2022-08-11 09:48:42,984] {dag.py:2420} INFO - Sync 1 DAGs
[2022-08-11 09:48:43,005] {logging_mixin.py:115} INFO - [2022-08-11 09:48:43,004] {dag.py:2972} INFO - Setting next_dagrun for example_branch_operator to 2022-08-10T00:00:00+00:00, run_after=2022-08-11T00:00:00+00:00
[2022-08-11 09:48:43,018] {processor.py:161} INFO - Processing /Users/pro/Documents/a_env/proj_data/lib/python3.7/site-packages/airflow/example_dags/example_branch_operator.py took 0.077 seconds
[2022-08-11 09:49:19,906] {processor.py:153} INFO - Started process (PID=51154) to work on /Users/pro/Documents/a_env/proj_data/lib/python3.7/site-packages/airflow/example_dags/example_branch_operator.py
[2022-08-11 09:49:19,908] {processor.py:641} INFO - Processing file /Users/pro/Documents/a_env/proj_data/lib/python3.7/site-packages/airflow/example_dags/example_branch_operator.py for tasks to queue
[2022-08-11 09:49:19,909] {logging_mixin.py:115} INFO - [2022-08-11 09:49:19,909] {dagbag.py:508} INFO - Filling up the DagBag from /Users/pro/Documents/a_env/proj_data/lib/python3.7/site-packages/airflow/example_dags/example_branch_operator.py
[2022-08-11 09:49:19,924] {processor.py:651} INFO - DAG(s) dict_keys(['example_branch_operator']) retrieved from /Users/pro/Documents/a_env/proj_data/lib/python3.7/site-packages/airflow/example_dags/example_branch_operator.py
[2022-08-11 09:49:19,946] {logging_mixin.py:115} INFO - [2022-08-11 09:49:19,946] {dag.py:2420} INFO - Sync 1 DAGs
[2022-08-11 09:49:19,966] {logging_mixin.py:115} INFO - [2022-08-11 09:49:19,966] {dag.py:2972} INFO - Setting next_dagrun for example_branch_operator to 2022-08-10T00:00:00+00:00, run_after=2022-08-11T00:00:00+00:00
[2022-08-11 09:49:19,978] {processor.py:161} INFO - Processing /Users/pro/Documents/a_env/proj_data/lib/python3.7/site-packages/airflow/example_dags/example_branch_operator.py took 0.077 seconds
[2022-08-11 09:49:55,921] {processor.py:153} INFO - Started process (PID=51189) to work on /Users/pro/Documents/a_env/proj_data/lib/python3.7/site-packages/airflow/example_dags/example_branch_operator.py
[2022-08-11 09:49:55,923] {processor.py:641} INFO - Processing file /Users/pro/Documents/a_env/proj_data/lib/python3.7/site-packages/airflow/example_dags/example_branch_operator.py for tasks to queue
[2022-08-11 09:49:55,924] {logging_mixin.py:115} INFO - [2022-08-11 09:49:55,924] {dagbag.py:508} INFO - Filling up the DagBag from /Users/pro/Documents/a_env/proj_data/lib/python3.7/site-packages/airflow/example_dags/example_branch_operator.py
[2022-08-11 09:49:55,939] {processor.py:651} INFO - DAG(s) dict_keys(['example_branch_operator']) retrieved from /Users/pro/Documents/a_env/proj_data/lib/python3.7/site-packages/airflow/example_dags/example_branch_operator.py
[2022-08-11 09:49:55,960] {logging_mixin.py:115} INFO - [2022-08-11 09:49:55,960] {dag.py:2420} INFO - Sync 1 DAGs
[2022-08-11 09:49:55,980] {logging_mixin.py:115} INFO - [2022-08-11 09:49:55,980] {dag.py:2972} INFO - Setting next_dagrun for example_branch_operator to 2022-08-10T00:00:00+00:00, run_after=2022-08-11T00:00:00+00:00
[2022-08-11 09:49:55,993] {processor.py:161} INFO - Processing /Users/pro/Documents/a_env/proj_data/lib/python3.7/site-packages/airflow/example_dags/example_branch_operator.py took 0.077 seconds
[2022-08-11 09:50:30,920] {processor.py:153} INFO - Started process (PID=51227) to work on /Users/pro/Documents/a_env/proj_data/lib/python3.7/site-packages/airflow/example_dags/example_branch_operator.py
[2022-08-11 09:50:30,921] {processor.py:641} INFO - Processing file /Users/pro/Documents/a_env/proj_data/lib/python3.7/site-packages/airflow/example_dags/example_branch_operator.py for tasks to queue
[2022-08-11 09:50:30,922] {logging_mixin.py:115} INFO - [2022-08-11 09:50:30,922] {dagbag.py:508} INFO - Filling up the DagBag from /Users/pro/Documents/a_env/proj_data/lib/python3.7/site-packages/airflow/example_dags/example_branch_operator.py
[2022-08-11 09:50:30,936] {processor.py:651} INFO - DAG(s) dict_keys(['example_branch_operator']) retrieved from /Users/pro/Documents/a_env/proj_data/lib/python3.7/site-packages/airflow/example_dags/example_branch_operator.py
[2022-08-11 09:50:30,957] {logging_mixin.py:115} INFO - [2022-08-11 09:50:30,957] {dag.py:2420} INFO - Sync 1 DAGs
[2022-08-11 09:50:30,978] {logging_mixin.py:115} INFO - [2022-08-11 09:50:30,978] {dag.py:2972} INFO - Setting next_dagrun for example_branch_operator to 2022-08-10T00:00:00+00:00, run_after=2022-08-11T00:00:00+00:00
[2022-08-11 09:50:30,992] {processor.py:161} INFO - Processing /Users/pro/Documents/a_env/proj_data/lib/python3.7/site-packages/airflow/example_dags/example_branch_operator.py took 0.076 seconds
[2022-08-11 09:51:06,304] {processor.py:153} INFO - Started process (PID=51263) to work on /Users/pro/Documents/a_env/proj_data/lib/python3.7/site-packages/airflow/example_dags/example_branch_operator.py
[2022-08-11 09:51:06,305] {processor.py:641} INFO - Processing file /Users/pro/Documents/a_env/proj_data/lib/python3.7/site-packages/airflow/example_dags/example_branch_operator.py for tasks to queue
[2022-08-11 09:51:06,306] {logging_mixin.py:115} INFO - [2022-08-11 09:51:06,305] {dagbag.py:508} INFO - Filling up the DagBag from /Users/pro/Documents/a_env/proj_data/lib/python3.7/site-packages/airflow/example_dags/example_branch_operator.py
[2022-08-11 09:51:06,323] {processor.py:651} INFO - DAG(s) dict_keys(['example_branch_operator']) retrieved from /Users/pro/Documents/a_env/proj_data/lib/python3.7/site-packages/airflow/example_dags/example_branch_operator.py
[2022-08-11 09:51:06,345] {logging_mixin.py:115} INFO - [2022-08-11 09:51:06,344] {dag.py:2420} INFO - Sync 1 DAGs
[2022-08-11 09:51:06,364] {logging_mixin.py:115} INFO - [2022-08-11 09:51:06,363] {dag.py:2972} INFO - Setting next_dagrun for example_branch_operator to 2022-08-10T00:00:00+00:00, run_after=2022-08-11T00:00:00+00:00
[2022-08-11 09:51:06,375] {processor.py:161} INFO - Processing /Users/pro/Documents/a_env/proj_data/lib/python3.7/site-packages/airflow/example_dags/example_branch_operator.py took 0.076 seconds
[2022-08-11 09:51:41,382] {processor.py:153} INFO - Started process (PID=51304) to work on /Users/pro/Documents/a_env/proj_data/lib/python3.7/site-packages/airflow/example_dags/example_branch_operator.py
[2022-08-11 09:51:41,384] {processor.py:641} INFO - Processing file /Users/pro/Documents/a_env/proj_data/lib/python3.7/site-packages/airflow/example_dags/example_branch_operator.py for tasks to queue
[2022-08-11 09:51:41,387] {logging_mixin.py:115} INFO - [2022-08-11 09:51:41,387] {dagbag.py:508} INFO - Filling up the DagBag from /Users/pro/Documents/a_env/proj_data/lib/python3.7/site-packages/airflow/example_dags/example_branch_operator.py
[2022-08-11 09:51:41,408] {processor.py:651} INFO - DAG(s) dict_keys(['example_branch_operator']) retrieved from /Users/pro/Documents/a_env/proj_data/lib/python3.7/site-packages/airflow/example_dags/example_branch_operator.py
[2022-08-11 09:51:41,435] {logging_mixin.py:115} INFO - [2022-08-11 09:51:41,435] {dag.py:2420} INFO - Sync 1 DAGs
[2022-08-11 09:51:41,457] {logging_mixin.py:115} INFO - [2022-08-11 09:51:41,457] {dag.py:2972} INFO - Setting next_dagrun for example_branch_operator to 2022-08-10T00:00:00+00:00, run_after=2022-08-11T00:00:00+00:00
[2022-08-11 09:51:41,472] {processor.py:161} INFO - Processing /Users/pro/Documents/a_env/proj_data/lib/python3.7/site-packages/airflow/example_dags/example_branch_operator.py took 0.096 seconds
[2022-08-11 09:52:17,721] {processor.py:153} INFO - Started process (PID=51353) to work on /Users/pro/Documents/a_env/proj_data/lib/python3.7/site-packages/airflow/example_dags/example_branch_operator.py
[2022-08-11 09:52:17,723] {processor.py:641} INFO - Processing file /Users/pro/Documents/a_env/proj_data/lib/python3.7/site-packages/airflow/example_dags/example_branch_operator.py for tasks to queue
[2022-08-11 09:52:17,724] {logging_mixin.py:115} INFO - [2022-08-11 09:52:17,723] {dagbag.py:508} INFO - Filling up the DagBag from /Users/pro/Documents/a_env/proj_data/lib/python3.7/site-packages/airflow/example_dags/example_branch_operator.py
[2022-08-11 09:52:17,740] {processor.py:651} INFO - DAG(s) dict_keys(['example_branch_operator']) retrieved from /Users/pro/Documents/a_env/proj_data/lib/python3.7/site-packages/airflow/example_dags/example_branch_operator.py
[2022-08-11 09:52:17,760] {logging_mixin.py:115} INFO - [2022-08-11 09:52:17,759] {dag.py:2420} INFO - Sync 1 DAGs
[2022-08-11 09:52:17,780] {logging_mixin.py:115} INFO - [2022-08-11 09:52:17,780] {dag.py:2972} INFO - Setting next_dagrun for example_branch_operator to 2022-08-10T00:00:00+00:00, run_after=2022-08-11T00:00:00+00:00
[2022-08-11 09:52:17,793] {processor.py:161} INFO - Processing /Users/pro/Documents/a_env/proj_data/lib/python3.7/site-packages/airflow/example_dags/example_branch_operator.py took 0.077 seconds
[2022-08-11 09:52:52,337] {processor.py:153} INFO - Started process (PID=51400) to work on /Users/pro/Documents/a_env/proj_data/lib/python3.7/site-packages/airflow/example_dags/example_branch_operator.py
[2022-08-11 09:52:52,338] {processor.py:641} INFO - Processing file /Users/pro/Documents/a_env/proj_data/lib/python3.7/site-packages/airflow/example_dags/example_branch_operator.py for tasks to queue
[2022-08-11 09:52:52,340] {logging_mixin.py:115} INFO - [2022-08-11 09:52:52,339] {dagbag.py:508} INFO - Filling up the DagBag from /Users/pro/Documents/a_env/proj_data/lib/python3.7/site-packages/airflow/example_dags/example_branch_operator.py
[2022-08-11 09:52:52,358] {processor.py:651} INFO - DAG(s) dict_keys(['example_branch_operator']) retrieved from /Users/pro/Documents/a_env/proj_data/lib/python3.7/site-packages/airflow/example_dags/example_branch_operator.py
[2022-08-11 09:52:52,378] {logging_mixin.py:115} INFO - [2022-08-11 09:52:52,377] {dag.py:2420} INFO - Sync 1 DAGs
[2022-08-11 09:52:52,399] {logging_mixin.py:115} INFO - [2022-08-11 09:52:52,399] {dag.py:2972} INFO - Setting next_dagrun for example_branch_operator to 2022-08-10T00:00:00+00:00, run_after=2022-08-11T00:00:00+00:00
[2022-08-11 09:52:52,412] {processor.py:161} INFO - Processing /Users/pro/Documents/a_env/proj_data/lib/python3.7/site-packages/airflow/example_dags/example_branch_operator.py took 0.080 seconds
[2022-08-11 09:53:29,751] {processor.py:153} INFO - Started process (PID=51440) to work on /Users/pro/Documents/a_env/proj_data/lib/python3.7/site-packages/airflow/example_dags/example_branch_operator.py
[2022-08-11 09:53:29,752] {processor.py:641} INFO - Processing file /Users/pro/Documents/a_env/proj_data/lib/python3.7/site-packages/airflow/example_dags/example_branch_operator.py for tasks to queue
[2022-08-11 09:53:29,753] {logging_mixin.py:115} INFO - [2022-08-11 09:53:29,753] {dagbag.py:508} INFO - Filling up the DagBag from /Users/pro/Documents/a_env/proj_data/lib/python3.7/site-packages/airflow/example_dags/example_branch_operator.py
[2022-08-11 09:53:29,770] {processor.py:651} INFO - DAG(s) dict_keys(['example_branch_operator']) retrieved from /Users/pro/Documents/a_env/proj_data/lib/python3.7/site-packages/airflow/example_dags/example_branch_operator.py
[2022-08-11 09:53:29,790] {logging_mixin.py:115} INFO - [2022-08-11 09:53:29,790] {dag.py:2420} INFO - Sync 1 DAGs
[2022-08-11 09:53:29,809] {logging_mixin.py:115} INFO - [2022-08-11 09:53:29,809] {dag.py:2972} INFO - Setting next_dagrun for example_branch_operator to 2022-08-10T00:00:00+00:00, run_after=2022-08-11T00:00:00+00:00
[2022-08-11 09:53:29,821] {processor.py:161} INFO - Processing /Users/pro/Documents/a_env/proj_data/lib/python3.7/site-packages/airflow/example_dags/example_branch_operator.py took 0.074 seconds
[2022-08-11 09:54:04,593] {processor.py:153} INFO - Started process (PID=51476) to work on /Users/pro/Documents/a_env/proj_data/lib/python3.7/site-packages/airflow/example_dags/example_branch_operator.py
[2022-08-11 09:54:04,594] {processor.py:641} INFO - Processing file /Users/pro/Documents/a_env/proj_data/lib/python3.7/site-packages/airflow/example_dags/example_branch_operator.py for tasks to queue
[2022-08-11 09:54:04,595] {logging_mixin.py:115} INFO - [2022-08-11 09:54:04,595] {dagbag.py:508} INFO - Filling up the DagBag from /Users/pro/Documents/a_env/proj_data/lib/python3.7/site-packages/airflow/example_dags/example_branch_operator.py
[2022-08-11 09:54:04,613] {processor.py:651} INFO - DAG(s) dict_keys(['example_branch_operator']) retrieved from /Users/pro/Documents/a_env/proj_data/lib/python3.7/site-packages/airflow/example_dags/example_branch_operator.py
[2022-08-11 09:54:04,632] {logging_mixin.py:115} INFO - [2022-08-11 09:54:04,631] {dag.py:2420} INFO - Sync 1 DAGs
[2022-08-11 09:54:04,650] {logging_mixin.py:115} INFO - [2022-08-11 09:54:04,650] {dag.py:2972} INFO - Setting next_dagrun for example_branch_operator to 2022-08-10T00:00:00+00:00, run_after=2022-08-11T00:00:00+00:00
[2022-08-11 09:54:04,664] {processor.py:161} INFO - Processing /Users/pro/Documents/a_env/proj_data/lib/python3.7/site-packages/airflow/example_dags/example_branch_operator.py took 0.077 seconds
[2022-08-11 09:54:41,333] {processor.py:153} INFO - Started process (PID=51513) to work on /Users/pro/Documents/a_env/proj_data/lib/python3.7/site-packages/airflow/example_dags/example_branch_operator.py
[2022-08-11 09:54:41,334] {processor.py:641} INFO - Processing file /Users/pro/Documents/a_env/proj_data/lib/python3.7/site-packages/airflow/example_dags/example_branch_operator.py for tasks to queue
[2022-08-11 09:54:41,336] {logging_mixin.py:115} INFO - [2022-08-11 09:54:41,335] {dagbag.py:508} INFO - Filling up the DagBag from /Users/pro/Documents/a_env/proj_data/lib/python3.7/site-packages/airflow/example_dags/example_branch_operator.py
[2022-08-11 09:54:41,354] {processor.py:651} INFO - DAG(s) dict_keys(['example_branch_operator']) retrieved from /Users/pro/Documents/a_env/proj_data/lib/python3.7/site-packages/airflow/example_dags/example_branch_operator.py
[2022-08-11 09:54:41,375] {logging_mixin.py:115} INFO - [2022-08-11 09:54:41,375] {dag.py:2420} INFO - Sync 1 DAGs
[2022-08-11 09:54:41,396] {logging_mixin.py:115} INFO - [2022-08-11 09:54:41,396] {dag.py:2972} INFO - Setting next_dagrun for example_branch_operator to 2022-08-10T00:00:00+00:00, run_after=2022-08-11T00:00:00+00:00
[2022-08-11 09:54:41,408] {processor.py:161} INFO - Processing /Users/pro/Documents/a_env/proj_data/lib/python3.7/site-packages/airflow/example_dags/example_branch_operator.py took 0.080 seconds
[2022-08-11 09:55:18,014] {processor.py:153} INFO - Started process (PID=51552) to work on /Users/pro/Documents/a_env/proj_data/lib/python3.7/site-packages/airflow/example_dags/example_branch_operator.py
[2022-08-11 09:55:18,016] {processor.py:641} INFO - Processing file /Users/pro/Documents/a_env/proj_data/lib/python3.7/site-packages/airflow/example_dags/example_branch_operator.py for tasks to queue
[2022-08-11 09:55:18,017] {logging_mixin.py:115} INFO - [2022-08-11 09:55:18,017] {dagbag.py:508} INFO - Filling up the DagBag from /Users/pro/Documents/a_env/proj_data/lib/python3.7/site-packages/airflow/example_dags/example_branch_operator.py
[2022-08-11 09:55:18,036] {processor.py:651} INFO - DAG(s) dict_keys(['example_branch_operator']) retrieved from /Users/pro/Documents/a_env/proj_data/lib/python3.7/site-packages/airflow/example_dags/example_branch_operator.py
[2022-08-11 09:55:18,058] {logging_mixin.py:115} INFO - [2022-08-11 09:55:18,057] {dag.py:2420} INFO - Sync 1 DAGs
[2022-08-11 09:55:18,078] {logging_mixin.py:115} INFO - [2022-08-11 09:55:18,078] {dag.py:2972} INFO - Setting next_dagrun for example_branch_operator to 2022-08-10T00:00:00+00:00, run_after=2022-08-11T00:00:00+00:00
[2022-08-11 09:55:18,092] {processor.py:161} INFO - Processing /Users/pro/Documents/a_env/proj_data/lib/python3.7/site-packages/airflow/example_dags/example_branch_operator.py took 0.083 seconds
[2022-08-11 09:55:54,039] {processor.py:153} INFO - Started process (PID=51588) to work on /Users/pro/Documents/a_env/proj_data/lib/python3.7/site-packages/airflow/example_dags/example_branch_operator.py
[2022-08-11 09:55:54,041] {processor.py:641} INFO - Processing file /Users/pro/Documents/a_env/proj_data/lib/python3.7/site-packages/airflow/example_dags/example_branch_operator.py for tasks to queue
[2022-08-11 09:55:54,043] {logging_mixin.py:115} INFO - [2022-08-11 09:55:54,042] {dagbag.py:508} INFO - Filling up the DagBag from /Users/pro/Documents/a_env/proj_data/lib/python3.7/site-packages/airflow/example_dags/example_branch_operator.py
[2022-08-11 09:55:54,062] {processor.py:651} INFO - DAG(s) dict_keys(['example_branch_operator']) retrieved from /Users/pro/Documents/a_env/proj_data/lib/python3.7/site-packages/airflow/example_dags/example_branch_operator.py
[2022-08-11 09:55:54,089] {logging_mixin.py:115} INFO - [2022-08-11 09:55:54,088] {dag.py:2420} INFO - Sync 1 DAGs
[2022-08-11 09:55:54,116] {logging_mixin.py:115} INFO - [2022-08-11 09:55:54,115] {dag.py:2972} INFO - Setting next_dagrun for example_branch_operator to 2022-08-10T00:00:00+00:00, run_after=2022-08-11T00:00:00+00:00
[2022-08-11 09:55:54,131] {processor.py:161} INFO - Processing /Users/pro/Documents/a_env/proj_data/lib/python3.7/site-packages/airflow/example_dags/example_branch_operator.py took 0.098 seconds
[2022-08-11 09:56:31,607] {processor.py:153} INFO - Started process (PID=51625) to work on /Users/pro/Documents/a_env/proj_data/lib/python3.7/site-packages/airflow/example_dags/example_branch_operator.py
[2022-08-11 09:56:31,608] {processor.py:641} INFO - Processing file /Users/pro/Documents/a_env/proj_data/lib/python3.7/site-packages/airflow/example_dags/example_branch_operator.py for tasks to queue
[2022-08-11 09:56:31,609] {logging_mixin.py:115} INFO - [2022-08-11 09:56:31,609] {dagbag.py:508} INFO - Filling up the DagBag from /Users/pro/Documents/a_env/proj_data/lib/python3.7/site-packages/airflow/example_dags/example_branch_operator.py
[2022-08-11 09:56:31,625] {processor.py:651} INFO - DAG(s) dict_keys(['example_branch_operator']) retrieved from /Users/pro/Documents/a_env/proj_data/lib/python3.7/site-packages/airflow/example_dags/example_branch_operator.py
[2022-08-11 09:56:31,647] {logging_mixin.py:115} INFO - [2022-08-11 09:56:31,647] {dag.py:2420} INFO - Sync 1 DAGs
[2022-08-11 09:56:31,667] {logging_mixin.py:115} INFO - [2022-08-11 09:56:31,666] {dag.py:2972} INFO - Setting next_dagrun for example_branch_operator to 2022-08-10T00:00:00+00:00, run_after=2022-08-11T00:00:00+00:00
[2022-08-11 09:56:31,680] {processor.py:161} INFO - Processing /Users/pro/Documents/a_env/proj_data/lib/python3.7/site-packages/airflow/example_dags/example_branch_operator.py took 0.078 seconds
[2022-08-11 09:57:10,045] {processor.py:153} INFO - Started process (PID=51667) to work on /Users/pro/Documents/a_env/proj_data/lib/python3.7/site-packages/airflow/example_dags/example_branch_operator.py
[2022-08-11 09:57:10,048] {processor.py:641} INFO - Processing file /Users/pro/Documents/a_env/proj_data/lib/python3.7/site-packages/airflow/example_dags/example_branch_operator.py for tasks to queue
[2022-08-11 09:57:10,049] {logging_mixin.py:115} INFO - [2022-08-11 09:57:10,049] {dagbag.py:508} INFO - Filling up the DagBag from /Users/pro/Documents/a_env/proj_data/lib/python3.7/site-packages/airflow/example_dags/example_branch_operator.py
[2022-08-11 09:57:10,066] {processor.py:651} INFO - DAG(s) dict_keys(['example_branch_operator']) retrieved from /Users/pro/Documents/a_env/proj_data/lib/python3.7/site-packages/airflow/example_dags/example_branch_operator.py
[2022-08-11 09:57:10,089] {logging_mixin.py:115} INFO - [2022-08-11 09:57:10,089] {dag.py:2420} INFO - Sync 1 DAGs
[2022-08-11 09:57:10,110] {logging_mixin.py:115} INFO - [2022-08-11 09:57:10,110] {dag.py:2972} INFO - Setting next_dagrun for example_branch_operator to 2022-08-10T00:00:00+00:00, run_after=2022-08-11T00:00:00+00:00
[2022-08-11 09:57:10,127] {processor.py:161} INFO - Processing /Users/pro/Documents/a_env/proj_data/lib/python3.7/site-packages/airflow/example_dags/example_branch_operator.py took 0.087 seconds
[2022-08-11 09:57:46,334] {processor.py:153} INFO - Started process (PID=51708) to work on /Users/pro/Documents/a_env/proj_data/lib/python3.7/site-packages/airflow/example_dags/example_branch_operator.py
[2022-08-11 09:57:46,335] {processor.py:641} INFO - Processing file /Users/pro/Documents/a_env/proj_data/lib/python3.7/site-packages/airflow/example_dags/example_branch_operator.py for tasks to queue
[2022-08-11 09:57:46,336] {logging_mixin.py:115} INFO - [2022-08-11 09:57:46,336] {dagbag.py:508} INFO - Filling up the DagBag from /Users/pro/Documents/a_env/proj_data/lib/python3.7/site-packages/airflow/example_dags/example_branch_operator.py
[2022-08-11 09:57:46,351] {processor.py:651} INFO - DAG(s) dict_keys(['example_branch_operator']) retrieved from /Users/pro/Documents/a_env/proj_data/lib/python3.7/site-packages/airflow/example_dags/example_branch_operator.py
[2022-08-11 09:57:46,373] {logging_mixin.py:115} INFO - [2022-08-11 09:57:46,373] {dag.py:2420} INFO - Sync 1 DAGs
[2022-08-11 09:57:46,392] {logging_mixin.py:115} INFO - [2022-08-11 09:57:46,392] {dag.py:2972} INFO - Setting next_dagrun for example_branch_operator to 2022-08-10T00:00:00+00:00, run_after=2022-08-11T00:00:00+00:00
[2022-08-11 09:57:46,404] {processor.py:161} INFO - Processing /Users/pro/Documents/a_env/proj_data/lib/python3.7/site-packages/airflow/example_dags/example_branch_operator.py took 0.075 seconds
[2022-08-11 09:58:22,030] {processor.py:153} INFO - Started process (PID=51743) to work on /Users/pro/Documents/a_env/proj_data/lib/python3.7/site-packages/airflow/example_dags/example_branch_operator.py
[2022-08-11 09:58:22,031] {processor.py:641} INFO - Processing file /Users/pro/Documents/a_env/proj_data/lib/python3.7/site-packages/airflow/example_dags/example_branch_operator.py for tasks to queue
[2022-08-11 09:58:22,032] {logging_mixin.py:115} INFO - [2022-08-11 09:58:22,031] {dagbag.py:508} INFO - Filling up the DagBag from /Users/pro/Documents/a_env/proj_data/lib/python3.7/site-packages/airflow/example_dags/example_branch_operator.py
[2022-08-11 09:58:22,047] {processor.py:651} INFO - DAG(s) dict_keys(['example_branch_operator']) retrieved from /Users/pro/Documents/a_env/proj_data/lib/python3.7/site-packages/airflow/example_dags/example_branch_operator.py
[2022-08-11 09:58:22,069] {logging_mixin.py:115} INFO - [2022-08-11 09:58:22,069] {dag.py:2420} INFO - Sync 1 DAGs
[2022-08-11 09:58:22,089] {logging_mixin.py:115} INFO - [2022-08-11 09:58:22,088] {dag.py:2972} INFO - Setting next_dagrun for example_branch_operator to 2022-08-10T00:00:00+00:00, run_after=2022-08-11T00:00:00+00:00
[2022-08-11 09:58:22,103] {processor.py:161} INFO - Processing /Users/pro/Documents/a_env/proj_data/lib/python3.7/site-packages/airflow/example_dags/example_branch_operator.py took 0.079 seconds
[2022-08-11 09:58:56,881] {processor.py:153} INFO - Started process (PID=51779) to work on /Users/pro/Documents/a_env/proj_data/lib/python3.7/site-packages/airflow/example_dags/example_branch_operator.py
[2022-08-11 09:58:56,883] {processor.py:641} INFO - Processing file /Users/pro/Documents/a_env/proj_data/lib/python3.7/site-packages/airflow/example_dags/example_branch_operator.py for tasks to queue
[2022-08-11 09:58:56,884] {logging_mixin.py:115} INFO - [2022-08-11 09:58:56,884] {dagbag.py:508} INFO - Filling up the DagBag from /Users/pro/Documents/a_env/proj_data/lib/python3.7/site-packages/airflow/example_dags/example_branch_operator.py
[2022-08-11 09:58:56,904] {processor.py:651} INFO - DAG(s) dict_keys(['example_branch_operator']) retrieved from /Users/pro/Documents/a_env/proj_data/lib/python3.7/site-packages/airflow/example_dags/example_branch_operator.py
[2022-08-11 09:58:56,926] {logging_mixin.py:115} INFO - [2022-08-11 09:58:56,926] {dag.py:2420} INFO - Sync 1 DAGs
[2022-08-11 09:58:56,953] {logging_mixin.py:115} INFO - [2022-08-11 09:58:56,952] {dag.py:2972} INFO - Setting next_dagrun for example_branch_operator to 2022-08-10T00:00:00+00:00, run_after=2022-08-11T00:00:00+00:00
[2022-08-11 09:58:56,966] {processor.py:161} INFO - Processing /Users/pro/Documents/a_env/proj_data/lib/python3.7/site-packages/airflow/example_dags/example_branch_operator.py took 0.090 seconds
[2022-08-11 09:59:37,540] {processor.py:153} INFO - Started process (PID=51833) to work on /Users/pro/Documents/a_env/proj_data/lib/python3.7/site-packages/airflow/example_dags/example_branch_operator.py
[2022-08-11 09:59:37,542] {processor.py:641} INFO - Processing file /Users/pro/Documents/a_env/proj_data/lib/python3.7/site-packages/airflow/example_dags/example_branch_operator.py for tasks to queue
[2022-08-11 09:59:37,544] {logging_mixin.py:115} INFO - [2022-08-11 09:59:37,543] {dagbag.py:508} INFO - Filling up the DagBag from /Users/pro/Documents/a_env/proj_data/lib/python3.7/site-packages/airflow/example_dags/example_branch_operator.py
[2022-08-11 09:59:37,562] {processor.py:651} INFO - DAG(s) dict_keys(['example_branch_operator']) retrieved from /Users/pro/Documents/a_env/proj_data/lib/python3.7/site-packages/airflow/example_dags/example_branch_operator.py
[2022-08-11 09:59:37,585] {logging_mixin.py:115} INFO - [2022-08-11 09:59:37,585] {dag.py:2420} INFO - Sync 1 DAGs
[2022-08-11 09:59:37,607] {logging_mixin.py:115} INFO - [2022-08-11 09:59:37,606] {dag.py:2972} INFO - Setting next_dagrun for example_branch_operator to 2022-08-10T00:00:00+00:00, run_after=2022-08-11T00:00:00+00:00
[2022-08-11 09:59:37,619] {processor.py:161} INFO - Processing /Users/pro/Documents/a_env/proj_data/lib/python3.7/site-packages/airflow/example_dags/example_branch_operator.py took 0.084 seconds
[2022-08-11 10:00:17,601] {processor.py:153} INFO - Started process (PID=51872) to work on /Users/pro/Documents/a_env/proj_data/lib/python3.7/site-packages/airflow/example_dags/example_branch_operator.py
[2022-08-11 10:00:17,602] {processor.py:641} INFO - Processing file /Users/pro/Documents/a_env/proj_data/lib/python3.7/site-packages/airflow/example_dags/example_branch_operator.py for tasks to queue
[2022-08-11 10:00:17,603] {logging_mixin.py:115} INFO - [2022-08-11 10:00:17,602] {dagbag.py:508} INFO - Filling up the DagBag from /Users/pro/Documents/a_env/proj_data/lib/python3.7/site-packages/airflow/example_dags/example_branch_operator.py
[2022-08-11 10:00:17,618] {processor.py:651} INFO - DAG(s) dict_keys(['example_branch_operator']) retrieved from /Users/pro/Documents/a_env/proj_data/lib/python3.7/site-packages/airflow/example_dags/example_branch_operator.py
[2022-08-11 10:00:17,642] {logging_mixin.py:115} INFO - [2022-08-11 10:00:17,641] {dag.py:2420} INFO - Sync 1 DAGs
[2022-08-11 10:00:17,662] {logging_mixin.py:115} INFO - [2022-08-11 10:00:17,661] {dag.py:2972} INFO - Setting next_dagrun for example_branch_operator to 2022-08-10T00:00:00+00:00, run_after=2022-08-11T00:00:00+00:00
[2022-08-11 10:00:17,674] {processor.py:161} INFO - Processing /Users/pro/Documents/a_env/proj_data/lib/python3.7/site-packages/airflow/example_dags/example_branch_operator.py took 0.079 seconds
[2022-08-11 10:00:51,470] {processor.py:153} INFO - Started process (PID=51930) to work on /Users/pro/Documents/a_env/proj_data/lib/python3.7/site-packages/airflow/example_dags/example_branch_operator.py
[2022-08-11 10:00:51,472] {processor.py:641} INFO - Processing file /Users/pro/Documents/a_env/proj_data/lib/python3.7/site-packages/airflow/example_dags/example_branch_operator.py for tasks to queue
[2022-08-11 10:00:51,473] {logging_mixin.py:115} INFO - [2022-08-11 10:00:51,473] {dagbag.py:508} INFO - Filling up the DagBag from /Users/pro/Documents/a_env/proj_data/lib/python3.7/site-packages/airflow/example_dags/example_branch_operator.py
[2022-08-11 10:00:51,489] {processor.py:651} INFO - DAG(s) dict_keys(['example_branch_operator']) retrieved from /Users/pro/Documents/a_env/proj_data/lib/python3.7/site-packages/airflow/example_dags/example_branch_operator.py
[2022-08-11 10:00:51,508] {logging_mixin.py:115} INFO - [2022-08-11 10:00:51,507] {dag.py:2420} INFO - Sync 1 DAGs
[2022-08-11 10:00:51,527] {logging_mixin.py:115} INFO - [2022-08-11 10:00:51,527] {dag.py:2972} INFO - Setting next_dagrun for example_branch_operator to 2022-08-10T00:00:00+00:00, run_after=2022-08-11T00:00:00+00:00
[2022-08-11 10:00:51,539] {processor.py:161} INFO - Processing /Users/pro/Documents/a_env/proj_data/lib/python3.7/site-packages/airflow/example_dags/example_branch_operator.py took 0.073 seconds
[2022-08-11 10:01:29,347] {processor.py:153} INFO - Started process (PID=51968) to work on /Users/pro/Documents/a_env/proj_data/lib/python3.7/site-packages/airflow/example_dags/example_branch_operator.py
[2022-08-11 10:01:29,348] {processor.py:641} INFO - Processing file /Users/pro/Documents/a_env/proj_data/lib/python3.7/site-packages/airflow/example_dags/example_branch_operator.py for tasks to queue
[2022-08-11 10:01:29,349] {logging_mixin.py:115} INFO - [2022-08-11 10:01:29,349] {dagbag.py:508} INFO - Filling up the DagBag from /Users/pro/Documents/a_env/proj_data/lib/python3.7/site-packages/airflow/example_dags/example_branch_operator.py
[2022-08-11 10:01:29,365] {processor.py:651} INFO - DAG(s) dict_keys(['example_branch_operator']) retrieved from /Users/pro/Documents/a_env/proj_data/lib/python3.7/site-packages/airflow/example_dags/example_branch_operator.py
[2022-08-11 10:01:29,386] {logging_mixin.py:115} INFO - [2022-08-11 10:01:29,385] {dag.py:2420} INFO - Sync 1 DAGs
[2022-08-11 10:01:29,405] {logging_mixin.py:115} INFO - [2022-08-11 10:01:29,405] {dag.py:2972} INFO - Setting next_dagrun for example_branch_operator to 2022-08-10T00:00:00+00:00, run_after=2022-08-11T00:00:00+00:00
[2022-08-11 10:01:29,417] {processor.py:161} INFO - Processing /Users/pro/Documents/a_env/proj_data/lib/python3.7/site-packages/airflow/example_dags/example_branch_operator.py took 0.074 seconds
[2022-08-11 10:02:05,002] {processor.py:153} INFO - Started process (PID=52007) to work on /Users/pro/Documents/a_env/proj_data/lib/python3.7/site-packages/airflow/example_dags/example_branch_operator.py
[2022-08-11 10:02:05,004] {processor.py:641} INFO - Processing file /Users/pro/Documents/a_env/proj_data/lib/python3.7/site-packages/airflow/example_dags/example_branch_operator.py for tasks to queue
[2022-08-11 10:02:05,005] {logging_mixin.py:115} INFO - [2022-08-11 10:02:05,004] {dagbag.py:508} INFO - Filling up the DagBag from /Users/pro/Documents/a_env/proj_data/lib/python3.7/site-packages/airflow/example_dags/example_branch_operator.py
[2022-08-11 10:02:05,022] {processor.py:651} INFO - DAG(s) dict_keys(['example_branch_operator']) retrieved from /Users/pro/Documents/a_env/proj_data/lib/python3.7/site-packages/airflow/example_dags/example_branch_operator.py
[2022-08-11 10:02:05,040] {logging_mixin.py:115} INFO - [2022-08-11 10:02:05,040] {dag.py:2420} INFO - Sync 1 DAGs
[2022-08-11 10:02:05,060] {logging_mixin.py:115} INFO - [2022-08-11 10:02:05,059] {dag.py:2972} INFO - Setting next_dagrun for example_branch_operator to 2022-08-10T00:00:00+00:00, run_after=2022-08-11T00:00:00+00:00
[2022-08-11 10:02:05,070] {processor.py:161} INFO - Processing /Users/pro/Documents/a_env/proj_data/lib/python3.7/site-packages/airflow/example_dags/example_branch_operator.py took 0.072 seconds
[2022-08-11 10:02:40,323] {processor.py:153} INFO - Started process (PID=52046) to work on /Users/pro/Documents/a_env/proj_data/lib/python3.7/site-packages/airflow/example_dags/example_branch_operator.py
[2022-08-11 10:02:40,324] {processor.py:641} INFO - Processing file /Users/pro/Documents/a_env/proj_data/lib/python3.7/site-packages/airflow/example_dags/example_branch_operator.py for tasks to queue
[2022-08-11 10:02:40,325] {logging_mixin.py:115} INFO - [2022-08-11 10:02:40,325] {dagbag.py:508} INFO - Filling up the DagBag from /Users/pro/Documents/a_env/proj_data/lib/python3.7/site-packages/airflow/example_dags/example_branch_operator.py
[2022-08-11 10:02:40,341] {processor.py:651} INFO - DAG(s) dict_keys(['example_branch_operator']) retrieved from /Users/pro/Documents/a_env/proj_data/lib/python3.7/site-packages/airflow/example_dags/example_branch_operator.py
[2022-08-11 10:02:40,362] {logging_mixin.py:115} INFO - [2022-08-11 10:02:40,361] {dag.py:2420} INFO - Sync 1 DAGs
[2022-08-11 10:02:40,381] {logging_mixin.py:115} INFO - [2022-08-11 10:02:40,381] {dag.py:2972} INFO - Setting next_dagrun for example_branch_operator to 2022-08-10T00:00:00+00:00, run_after=2022-08-11T00:00:00+00:00
[2022-08-11 10:02:40,394] {processor.py:161} INFO - Processing /Users/pro/Documents/a_env/proj_data/lib/python3.7/site-packages/airflow/example_dags/example_branch_operator.py took 0.075 seconds
[2022-08-11 10:03:16,121] {processor.py:153} INFO - Started process (PID=52082) to work on /Users/pro/Documents/a_env/proj_data/lib/python3.7/site-packages/airflow/example_dags/example_branch_operator.py
[2022-08-11 10:03:16,122] {processor.py:641} INFO - Processing file /Users/pro/Documents/a_env/proj_data/lib/python3.7/site-packages/airflow/example_dags/example_branch_operator.py for tasks to queue
[2022-08-11 10:03:16,123] {logging_mixin.py:115} INFO - [2022-08-11 10:03:16,123] {dagbag.py:508} INFO - Filling up the DagBag from /Users/pro/Documents/a_env/proj_data/lib/python3.7/site-packages/airflow/example_dags/example_branch_operator.py
[2022-08-11 10:03:16,140] {processor.py:651} INFO - DAG(s) dict_keys(['example_branch_operator']) retrieved from /Users/pro/Documents/a_env/proj_data/lib/python3.7/site-packages/airflow/example_dags/example_branch_operator.py
[2022-08-11 10:03:16,161] {logging_mixin.py:115} INFO - [2022-08-11 10:03:16,161] {dag.py:2420} INFO - Sync 1 DAGs
[2022-08-11 10:03:16,180] {logging_mixin.py:115} INFO - [2022-08-11 10:03:16,180] {dag.py:2972} INFO - Setting next_dagrun for example_branch_operator to 2022-08-10T00:00:00+00:00, run_after=2022-08-11T00:00:00+00:00
[2022-08-11 10:03:16,194] {processor.py:161} INFO - Processing /Users/pro/Documents/a_env/proj_data/lib/python3.7/site-packages/airflow/example_dags/example_branch_operator.py took 0.078 seconds
[2022-08-11 10:03:55,852] {processor.py:153} INFO - Started process (PID=52122) to work on /Users/pro/Documents/a_env/proj_data/lib/python3.7/site-packages/airflow/example_dags/example_branch_operator.py
[2022-08-11 10:03:55,855] {processor.py:641} INFO - Processing file /Users/pro/Documents/a_env/proj_data/lib/python3.7/site-packages/airflow/example_dags/example_branch_operator.py for tasks to queue
[2022-08-11 10:03:55,856] {logging_mixin.py:115} INFO - [2022-08-11 10:03:55,856] {dagbag.py:508} INFO - Filling up the DagBag from /Users/pro/Documents/a_env/proj_data/lib/python3.7/site-packages/airflow/example_dags/example_branch_operator.py
[2022-08-11 10:03:55,874] {processor.py:651} INFO - DAG(s) dict_keys(['example_branch_operator']) retrieved from /Users/pro/Documents/a_env/proj_data/lib/python3.7/site-packages/airflow/example_dags/example_branch_operator.py
[2022-08-11 10:03:55,895] {logging_mixin.py:115} INFO - [2022-08-11 10:03:55,895] {dag.py:2420} INFO - Sync 1 DAGs
[2022-08-11 10:03:55,915] {logging_mixin.py:115} INFO - [2022-08-11 10:03:55,914] {dag.py:2972} INFO - Setting next_dagrun for example_branch_operator to 2022-08-10T00:00:00+00:00, run_after=2022-08-11T00:00:00+00:00
[2022-08-11 10:03:55,926] {processor.py:161} INFO - Processing /Users/pro/Documents/a_env/proj_data/lib/python3.7/site-packages/airflow/example_dags/example_branch_operator.py took 0.079 seconds
[2022-08-11 10:22:54,415] {processor.py:153} INFO - Started process (PID=52235) to work on /Users/pro/Documents/a_env/proj_data/lib/python3.7/site-packages/airflow/example_dags/example_branch_operator.py
[2022-08-11 10:22:54,416] {processor.py:641} INFO - Processing file /Users/pro/Documents/a_env/proj_data/lib/python3.7/site-packages/airflow/example_dags/example_branch_operator.py for tasks to queue
[2022-08-11 10:22:54,418] {logging_mixin.py:115} INFO - [2022-08-11 10:22:54,417] {dagbag.py:508} INFO - Filling up the DagBag from /Users/pro/Documents/a_env/proj_data/lib/python3.7/site-packages/airflow/example_dags/example_branch_operator.py
[2022-08-11 10:22:54,434] {processor.py:651} INFO - DAG(s) dict_keys(['example_branch_operator']) retrieved from /Users/pro/Documents/a_env/proj_data/lib/python3.7/site-packages/airflow/example_dags/example_branch_operator.py
[2022-08-11 10:22:54,457] {logging_mixin.py:115} INFO - [2022-08-11 10:22:54,456] {dag.py:2420} INFO - Sync 1 DAGs
[2022-08-11 10:22:54,479] {logging_mixin.py:115} INFO - [2022-08-11 10:22:54,478] {dag.py:2972} INFO - Setting next_dagrun for example_branch_operator to 2022-08-10T00:00:00+00:00, run_after=2022-08-11T00:00:00+00:00
[2022-08-11 10:22:54,493] {processor.py:161} INFO - Processing /Users/pro/Documents/a_env/proj_data/lib/python3.7/site-packages/airflow/example_dags/example_branch_operator.py took 0.082 seconds
[2022-08-11 10:23:28,590] {processor.py:153} INFO - Started process (PID=52295) to work on /Users/pro/Documents/a_env/proj_data/lib/python3.7/site-packages/airflow/example_dags/example_branch_operator.py
[2022-08-11 10:23:28,592] {processor.py:641} INFO - Processing file /Users/pro/Documents/a_env/proj_data/lib/python3.7/site-packages/airflow/example_dags/example_branch_operator.py for tasks to queue
[2022-08-11 10:23:28,594] {logging_mixin.py:115} INFO - [2022-08-11 10:23:28,593] {dagbag.py:508} INFO - Filling up the DagBag from /Users/pro/Documents/a_env/proj_data/lib/python3.7/site-packages/airflow/example_dags/example_branch_operator.py
[2022-08-11 10:23:28,612] {processor.py:651} INFO - DAG(s) dict_keys(['example_branch_operator']) retrieved from /Users/pro/Documents/a_env/proj_data/lib/python3.7/site-packages/airflow/example_dags/example_branch_operator.py
[2022-08-11 10:23:28,636] {logging_mixin.py:115} INFO - [2022-08-11 10:23:28,636] {dag.py:2420} INFO - Sync 1 DAGs
[2022-08-11 10:23:28,657] {logging_mixin.py:115} INFO - [2022-08-11 10:23:28,657] {dag.py:2972} INFO - Setting next_dagrun for example_branch_operator to 2022-08-10T00:00:00+00:00, run_after=2022-08-11T00:00:00+00:00
[2022-08-11 10:23:28,669] {processor.py:161} INFO - Processing /Users/pro/Documents/a_env/proj_data/lib/python3.7/site-packages/airflow/example_dags/example_branch_operator.py took 0.085 seconds
[2022-08-11 10:24:05,579] {processor.py:153} INFO - Started process (PID=52400) to work on /Users/pro/Documents/a_env/proj_data/lib/python3.7/site-packages/airflow/example_dags/example_branch_operator.py
[2022-08-11 10:24:05,580] {processor.py:641} INFO - Processing file /Users/pro/Documents/a_env/proj_data/lib/python3.7/site-packages/airflow/example_dags/example_branch_operator.py for tasks to queue
[2022-08-11 10:24:05,582] {logging_mixin.py:115} INFO - [2022-08-11 10:24:05,582] {dagbag.py:508} INFO - Filling up the DagBag from /Users/pro/Documents/a_env/proj_data/lib/python3.7/site-packages/airflow/example_dags/example_branch_operator.py
[2022-08-11 10:24:05,605] {processor.py:651} INFO - DAG(s) dict_keys(['example_branch_operator']) retrieved from /Users/pro/Documents/a_env/proj_data/lib/python3.7/site-packages/airflow/example_dags/example_branch_operator.py
[2022-08-11 10:24:05,635] {logging_mixin.py:115} INFO - [2022-08-11 10:24:05,635] {dag.py:2420} INFO - Sync 1 DAGs
[2022-08-11 10:24:05,666] {logging_mixin.py:115} INFO - [2022-08-11 10:24:05,665] {dag.py:2972} INFO - Setting next_dagrun for example_branch_operator to 2022-08-10T00:00:00+00:00, run_after=2022-08-11T00:00:00+00:00
[2022-08-11 10:24:05,681] {processor.py:161} INFO - Processing /Users/pro/Documents/a_env/proj_data/lib/python3.7/site-packages/airflow/example_dags/example_branch_operator.py took 0.108 seconds
[2022-08-11 10:24:45,016] {processor.py:153} INFO - Started process (PID=52456) to work on /Users/pro/Documents/a_env/proj_data/lib/python3.7/site-packages/airflow/example_dags/example_branch_operator.py
[2022-08-11 10:24:45,017] {processor.py:641} INFO - Processing file /Users/pro/Documents/a_env/proj_data/lib/python3.7/site-packages/airflow/example_dags/example_branch_operator.py for tasks to queue
[2022-08-11 10:24:45,018] {logging_mixin.py:115} INFO - [2022-08-11 10:24:45,018] {dagbag.py:508} INFO - Filling up the DagBag from /Users/pro/Documents/a_env/proj_data/lib/python3.7/site-packages/airflow/example_dags/example_branch_operator.py
[2022-08-11 10:24:45,037] {processor.py:651} INFO - DAG(s) dict_keys(['example_branch_operator']) retrieved from /Users/pro/Documents/a_env/proj_data/lib/python3.7/site-packages/airflow/example_dags/example_branch_operator.py
[2022-08-11 10:24:45,060] {logging_mixin.py:115} INFO - [2022-08-11 10:24:45,060] {dag.py:2420} INFO - Sync 1 DAGs
[2022-08-11 10:24:45,085] {logging_mixin.py:115} INFO - [2022-08-11 10:24:45,084] {dag.py:2972} INFO - Setting next_dagrun for example_branch_operator to 2022-08-10T00:00:00+00:00, run_after=2022-08-11T00:00:00+00:00
[2022-08-11 10:24:45,112] {processor.py:161} INFO - Processing /Users/pro/Documents/a_env/proj_data/lib/python3.7/site-packages/airflow/example_dags/example_branch_operator.py took 0.101 seconds
[2022-08-11 10:25:21,635] {processor.py:153} INFO - Started process (PID=52497) to work on /Users/pro/Documents/a_env/proj_data/lib/python3.7/site-packages/airflow/example_dags/example_branch_operator.py
[2022-08-11 10:25:21,636] {processor.py:641} INFO - Processing file /Users/pro/Documents/a_env/proj_data/lib/python3.7/site-packages/airflow/example_dags/example_branch_operator.py for tasks to queue
[2022-08-11 10:25:21,638] {logging_mixin.py:115} INFO - [2022-08-11 10:25:21,637] {dagbag.py:508} INFO - Filling up the DagBag from /Users/pro/Documents/a_env/proj_data/lib/python3.7/site-packages/airflow/example_dags/example_branch_operator.py
[2022-08-11 10:25:21,656] {processor.py:651} INFO - DAG(s) dict_keys(['example_branch_operator']) retrieved from /Users/pro/Documents/a_env/proj_data/lib/python3.7/site-packages/airflow/example_dags/example_branch_operator.py
[2022-08-11 10:25:21,678] {logging_mixin.py:115} INFO - [2022-08-11 10:25:21,678] {dag.py:2420} INFO - Sync 1 DAGs
[2022-08-11 10:25:21,701] {logging_mixin.py:115} INFO - [2022-08-11 10:25:21,700] {dag.py:2972} INFO - Setting next_dagrun for example_branch_operator to 2022-08-10T00:00:00+00:00, run_after=2022-08-11T00:00:00+00:00
[2022-08-11 10:25:21,714] {processor.py:161} INFO - Processing /Users/pro/Documents/a_env/proj_data/lib/python3.7/site-packages/airflow/example_dags/example_branch_operator.py took 0.084 seconds
[2022-08-11 10:26:04,207] {processor.py:153} INFO - Started process (PID=52590) to work on /Users/pro/Documents/a_env/proj_data/lib/python3.7/site-packages/airflow/example_dags/example_branch_operator.py
[2022-08-11 10:26:04,208] {processor.py:641} INFO - Processing file /Users/pro/Documents/a_env/proj_data/lib/python3.7/site-packages/airflow/example_dags/example_branch_operator.py for tasks to queue
[2022-08-11 10:26:04,209] {logging_mixin.py:115} INFO - [2022-08-11 10:26:04,209] {dagbag.py:508} INFO - Filling up the DagBag from /Users/pro/Documents/a_env/proj_data/lib/python3.7/site-packages/airflow/example_dags/example_branch_operator.py
[2022-08-11 10:26:04,229] {processor.py:651} INFO - DAG(s) dict_keys(['example_branch_operator']) retrieved from /Users/pro/Documents/a_env/proj_data/lib/python3.7/site-packages/airflow/example_dags/example_branch_operator.py
[2022-08-11 10:26:04,254] {logging_mixin.py:115} INFO - [2022-08-11 10:26:04,254] {dag.py:2420} INFO - Sync 1 DAGs
[2022-08-11 10:26:04,281] {logging_mixin.py:115} INFO - [2022-08-11 10:26:04,281] {dag.py:2972} INFO - Setting next_dagrun for example_branch_operator to 2022-08-10T00:00:00+00:00, run_after=2022-08-11T00:00:00+00:00
[2022-08-11 10:26:04,296] {processor.py:161} INFO - Processing /Users/pro/Documents/a_env/proj_data/lib/python3.7/site-packages/airflow/example_dags/example_branch_operator.py took 0.095 seconds
[2022-08-11 10:26:57,827] {processor.py:153} INFO - Started process (PID=52652) to work on /Users/pro/Documents/a_env/proj_data/lib/python3.7/site-packages/airflow/example_dags/example_branch_operator.py
[2022-08-11 10:26:57,829] {processor.py:641} INFO - Processing file /Users/pro/Documents/a_env/proj_data/lib/python3.7/site-packages/airflow/example_dags/example_branch_operator.py for tasks to queue
[2022-08-11 10:26:57,830] {logging_mixin.py:115} INFO - [2022-08-11 10:26:57,830] {dagbag.py:508} INFO - Filling up the DagBag from /Users/pro/Documents/a_env/proj_data/lib/python3.7/site-packages/airflow/example_dags/example_branch_operator.py
[2022-08-11 10:26:57,858] {processor.py:651} INFO - DAG(s) dict_keys(['example_branch_operator']) retrieved from /Users/pro/Documents/a_env/proj_data/lib/python3.7/site-packages/airflow/example_dags/example_branch_operator.py
[2022-08-11 10:26:57,887] {logging_mixin.py:115} INFO - [2022-08-11 10:26:57,887] {dag.py:2420} INFO - Sync 1 DAGs
[2022-08-11 10:26:57,922] {logging_mixin.py:115} INFO - [2022-08-11 10:26:57,922] {dag.py:2972} INFO - Setting next_dagrun for example_branch_operator to 2022-08-10T00:00:00+00:00, run_after=2022-08-11T00:00:00+00:00
[2022-08-11 10:26:57,948] {processor.py:161} INFO - Processing /Users/pro/Documents/a_env/proj_data/lib/python3.7/site-packages/airflow/example_dags/example_branch_operator.py took 0.133 seconds
[2022-08-11 10:27:47,997] {processor.py:153} INFO - Started process (PID=52702) to work on /Users/pro/Documents/a_env/proj_data/lib/python3.7/site-packages/airflow/example_dags/example_branch_operator.py
[2022-08-11 10:27:47,999] {processor.py:641} INFO - Processing file /Users/pro/Documents/a_env/proj_data/lib/python3.7/site-packages/airflow/example_dags/example_branch_operator.py for tasks to queue
[2022-08-11 10:27:48,000] {logging_mixin.py:115} INFO - [2022-08-11 10:27:48,000] {dagbag.py:508} INFO - Filling up the DagBag from /Users/pro/Documents/a_env/proj_data/lib/python3.7/site-packages/airflow/example_dags/example_branch_operator.py
[2022-08-11 10:27:48,040] {processor.py:651} INFO - DAG(s) dict_keys(['example_branch_operator']) retrieved from /Users/pro/Documents/a_env/proj_data/lib/python3.7/site-packages/airflow/example_dags/example_branch_operator.py
[2022-08-11 10:27:48,084] {logging_mixin.py:115} INFO - [2022-08-11 10:27:48,084] {dag.py:2420} INFO - Sync 1 DAGs
[2022-08-11 10:27:48,143] {logging_mixin.py:115} INFO - [2022-08-11 10:27:48,142] {dag.py:2972} INFO - Setting next_dagrun for example_branch_operator to 2022-08-10T00:00:00+00:00, run_after=2022-08-11T00:00:00+00:00
[2022-08-11 10:27:48,187] {processor.py:161} INFO - Processing /Users/pro/Documents/a_env/proj_data/lib/python3.7/site-packages/airflow/example_dags/example_branch_operator.py took 0.201 seconds
[2022-08-11 10:28:35,877] {processor.py:153} INFO - Started process (PID=52774) to work on /Users/pro/Documents/a_env/proj_data/lib/python3.7/site-packages/airflow/example_dags/example_branch_operator.py
[2022-08-11 10:28:35,881] {processor.py:641} INFO - Processing file /Users/pro/Documents/a_env/proj_data/lib/python3.7/site-packages/airflow/example_dags/example_branch_operator.py for tasks to queue
[2022-08-11 10:28:35,883] {logging_mixin.py:115} INFO - [2022-08-11 10:28:35,882] {dagbag.py:508} INFO - Filling up the DagBag from /Users/pro/Documents/a_env/proj_data/lib/python3.7/site-packages/airflow/example_dags/example_branch_operator.py
[2022-08-11 10:28:35,912] {processor.py:651} INFO - DAG(s) dict_keys(['example_branch_operator']) retrieved from /Users/pro/Documents/a_env/proj_data/lib/python3.7/site-packages/airflow/example_dags/example_branch_operator.py
[2022-08-11 10:28:35,958] {logging_mixin.py:115} INFO - [2022-08-11 10:28:35,958] {dag.py:2420} INFO - Sync 1 DAGs
[2022-08-11 10:28:35,994] {logging_mixin.py:115} INFO - [2022-08-11 10:28:35,994] {dag.py:2972} INFO - Setting next_dagrun for example_branch_operator to 2022-08-10T00:00:00+00:00, run_after=2022-08-11T00:00:00+00:00
[2022-08-11 10:28:36,011] {processor.py:161} INFO - Processing /Users/pro/Documents/a_env/proj_data/lib/python3.7/site-packages/airflow/example_dags/example_branch_operator.py took 0.143 seconds
