[2022-08-11 08:02:54,100] {processor.py:153} INFO - Started process (PID=50731) to work on /Users/pro/Documents/a_env/proj_data/lib/python3.7/site-packages/airflow/example_dags/example_branch_python_dop_operator_3.py
[2022-08-11 08:02:54,106] {processor.py:641} INFO - Processing file /Users/pro/Documents/a_env/proj_data/lib/python3.7/site-packages/airflow/example_dags/example_branch_python_dop_operator_3.py for tasks to queue
[2022-08-11 08:02:54,114] {logging_mixin.py:115} INFO - [2022-08-11 08:02:54,112] {dagbag.py:508} INFO - Filling up the DagBag from /Users/pro/Documents/a_env/proj_data/lib/python3.7/site-packages/airflow/example_dags/example_branch_python_dop_operator_3.py
[2022-08-11 08:02:54,232] {processor.py:651} INFO - DAG(s) dict_keys(['example_branch_dop_operator_v3']) retrieved from /Users/pro/Documents/a_env/proj_data/lib/python3.7/site-packages/airflow/example_dags/example_branch_python_dop_operator_3.py
[2022-08-11 08:02:54,395] {logging_mixin.py:115} INFO - [2022-08-11 08:02:54,392] {dag.py:2420} INFO - Sync 1 DAGs
[2022-08-11 08:02:54,663] {logging_mixin.py:115} INFO - [2022-08-11 08:02:54,661] {dag.py:2972} INFO - Setting next_dagrun for example_branch_dop_operator_v3 to 2022-08-11T00:01:00+00:00, run_after=2022-08-11T00:02:00+00:00
[2022-08-11 08:02:54,756] {processor.py:161} INFO - Processing /Users/pro/Documents/a_env/proj_data/lib/python3.7/site-packages/airflow/example_dags/example_branch_python_dop_operator_3.py took 0.689 seconds
[2022-08-11 09:01:44,225] {processor.py:153} INFO - Started process (PID=50823) to work on /Users/pro/Documents/a_env/proj_data/lib/python3.7/site-packages/airflow/example_dags/example_branch_python_dop_operator_3.py
[2022-08-11 09:01:44,226] {processor.py:641} INFO - Processing file /Users/pro/Documents/a_env/proj_data/lib/python3.7/site-packages/airflow/example_dags/example_branch_python_dop_operator_3.py for tasks to queue
[2022-08-11 09:01:44,226] {logging_mixin.py:115} INFO - [2022-08-11 09:01:44,226] {dagbag.py:508} INFO - Filling up the DagBag from /Users/pro/Documents/a_env/proj_data/lib/python3.7/site-packages/airflow/example_dags/example_branch_python_dop_operator_3.py
[2022-08-11 09:01:44,240] {processor.py:651} INFO - DAG(s) dict_keys(['example_branch_dop_operator_v3']) retrieved from /Users/pro/Documents/a_env/proj_data/lib/python3.7/site-packages/airflow/example_dags/example_branch_python_dop_operator_3.py
[2022-08-11 09:01:44,257] {logging_mixin.py:115} INFO - [2022-08-11 09:01:44,256] {dag.py:2420} INFO - Sync 1 DAGs
[2022-08-11 09:01:44,280] {logging_mixin.py:115} INFO - [2022-08-11 09:01:44,279] {dag.py:2972} INFO - Setting next_dagrun for example_branch_dop_operator_v3 to 2022-08-11T01:00:00+00:00, run_after=2022-08-11T01:01:00+00:00
[2022-08-11 09:01:44,292] {processor.py:161} INFO - Processing /Users/pro/Documents/a_env/proj_data/lib/python3.7/site-packages/airflow/example_dags/example_branch_python_dop_operator_3.py took 0.072 seconds
[2022-08-11 09:45:44,803] {processor.py:153} INFO - Started process (PID=50911) to work on /Users/pro/Documents/a_env/proj_data/lib/python3.7/site-packages/airflow/example_dags/example_branch_python_dop_operator_3.py
[2022-08-11 09:45:44,805] {processor.py:641} INFO - Processing file /Users/pro/Documents/a_env/proj_data/lib/python3.7/site-packages/airflow/example_dags/example_branch_python_dop_operator_3.py for tasks to queue
[2022-08-11 09:45:44,806] {logging_mixin.py:115} INFO - [2022-08-11 09:45:44,806] {dagbag.py:508} INFO - Filling up the DagBag from /Users/pro/Documents/a_env/proj_data/lib/python3.7/site-packages/airflow/example_dags/example_branch_python_dop_operator_3.py
[2022-08-11 09:45:44,820] {processor.py:651} INFO - DAG(s) dict_keys(['example_branch_dop_operator_v3']) retrieved from /Users/pro/Documents/a_env/proj_data/lib/python3.7/site-packages/airflow/example_dags/example_branch_python_dop_operator_3.py
[2022-08-11 09:45:44,839] {logging_mixin.py:115} INFO - [2022-08-11 09:45:44,839] {dag.py:2420} INFO - Sync 1 DAGs
[2022-08-11 09:45:44,863] {logging_mixin.py:115} INFO - [2022-08-11 09:45:44,863] {dag.py:2972} INFO - Setting next_dagrun for example_branch_dop_operator_v3 to 2022-08-11T01:44:00+00:00, run_after=2022-08-11T01:45:00+00:00
[2022-08-11 09:45:44,876] {processor.py:161} INFO - Processing /Users/pro/Documents/a_env/proj_data/lib/python3.7/site-packages/airflow/example_dags/example_branch_python_dop_operator_3.py took 0.077 seconds
[2022-08-11 09:46:20,730] {processor.py:153} INFO - Started process (PID=50959) to work on /Users/pro/Documents/a_env/proj_data/lib/python3.7/site-packages/airflow/example_dags/example_branch_python_dop_operator_3.py
[2022-08-11 09:46:20,732] {processor.py:641} INFO - Processing file /Users/pro/Documents/a_env/proj_data/lib/python3.7/site-packages/airflow/example_dags/example_branch_python_dop_operator_3.py for tasks to queue
[2022-08-11 09:46:20,733] {logging_mixin.py:115} INFO - [2022-08-11 09:46:20,733] {dagbag.py:508} INFO - Filling up the DagBag from /Users/pro/Documents/a_env/proj_data/lib/python3.7/site-packages/airflow/example_dags/example_branch_python_dop_operator_3.py
[2022-08-11 09:46:20,747] {processor.py:651} INFO - DAG(s) dict_keys(['example_branch_dop_operator_v3']) retrieved from /Users/pro/Documents/a_env/proj_data/lib/python3.7/site-packages/airflow/example_dags/example_branch_python_dop_operator_3.py
[2022-08-11 09:46:20,770] {logging_mixin.py:115} INFO - [2022-08-11 09:46:20,770] {dag.py:2420} INFO - Sync 1 DAGs
[2022-08-11 09:46:20,794] {logging_mixin.py:115} INFO - [2022-08-11 09:46:20,793] {dag.py:2972} INFO - Setting next_dagrun for example_branch_dop_operator_v3 to 2022-08-11T01:45:00+00:00, run_after=2022-08-11T01:46:00+00:00
[2022-08-11 09:46:20,808] {processor.py:161} INFO - Processing /Users/pro/Documents/a_env/proj_data/lib/python3.7/site-packages/airflow/example_dags/example_branch_python_dop_operator_3.py took 0.082 seconds
[2022-08-11 09:46:55,721] {processor.py:153} INFO - Started process (PID=50998) to work on /Users/pro/Documents/a_env/proj_data/lib/python3.7/site-packages/airflow/example_dags/example_branch_python_dop_operator_3.py
[2022-08-11 09:46:55,722] {processor.py:641} INFO - Processing file /Users/pro/Documents/a_env/proj_data/lib/python3.7/site-packages/airflow/example_dags/example_branch_python_dop_operator_3.py for tasks to queue
[2022-08-11 09:46:55,724] {logging_mixin.py:115} INFO - [2022-08-11 09:46:55,723] {dagbag.py:508} INFO - Filling up the DagBag from /Users/pro/Documents/a_env/proj_data/lib/python3.7/site-packages/airflow/example_dags/example_branch_python_dop_operator_3.py
[2022-08-11 09:46:55,737] {processor.py:651} INFO - DAG(s) dict_keys(['example_branch_dop_operator_v3']) retrieved from /Users/pro/Documents/a_env/proj_data/lib/python3.7/site-packages/airflow/example_dags/example_branch_python_dop_operator_3.py
[2022-08-11 09:46:55,758] {logging_mixin.py:115} INFO - [2022-08-11 09:46:55,757] {dag.py:2420} INFO - Sync 1 DAGs
[2022-08-11 09:46:55,783] {logging_mixin.py:115} INFO - [2022-08-11 09:46:55,782] {dag.py:2972} INFO - Setting next_dagrun for example_branch_dop_operator_v3 to 2022-08-11T01:45:00+00:00, run_after=2022-08-11T01:46:00+00:00
[2022-08-11 09:46:55,796] {processor.py:161} INFO - Processing /Users/pro/Documents/a_env/proj_data/lib/python3.7/site-packages/airflow/example_dags/example_branch_python_dop_operator_3.py took 0.080 seconds
[2022-08-11 09:47:31,753] {processor.py:153} INFO - Started process (PID=51036) to work on /Users/pro/Documents/a_env/proj_data/lib/python3.7/site-packages/airflow/example_dags/example_branch_python_dop_operator_3.py
[2022-08-11 09:47:31,755] {processor.py:641} INFO - Processing file /Users/pro/Documents/a_env/proj_data/lib/python3.7/site-packages/airflow/example_dags/example_branch_python_dop_operator_3.py for tasks to queue
[2022-08-11 09:47:31,756] {logging_mixin.py:115} INFO - [2022-08-11 09:47:31,756] {dagbag.py:508} INFO - Filling up the DagBag from /Users/pro/Documents/a_env/proj_data/lib/python3.7/site-packages/airflow/example_dags/example_branch_python_dop_operator_3.py
[2022-08-11 09:47:31,770] {processor.py:651} INFO - DAG(s) dict_keys(['example_branch_dop_operator_v3']) retrieved from /Users/pro/Documents/a_env/proj_data/lib/python3.7/site-packages/airflow/example_dags/example_branch_python_dop_operator_3.py
[2022-08-11 09:47:31,791] {logging_mixin.py:115} INFO - [2022-08-11 09:47:31,791] {dag.py:2420} INFO - Sync 1 DAGs
[2022-08-11 09:47:31,814] {logging_mixin.py:115} INFO - [2022-08-11 09:47:31,813] {dag.py:2972} INFO - Setting next_dagrun for example_branch_dop_operator_v3 to 2022-08-11T01:46:00+00:00, run_after=2022-08-11T01:47:00+00:00
[2022-08-11 09:47:31,828] {processor.py:161} INFO - Processing /Users/pro/Documents/a_env/proj_data/lib/python3.7/site-packages/airflow/example_dags/example_branch_python_dop_operator_3.py took 0.080 seconds
[2022-08-11 09:48:05,244] {processor.py:153} INFO - Started process (PID=51076) to work on /Users/pro/Documents/a_env/proj_data/lib/python3.7/site-packages/airflow/example_dags/example_branch_python_dop_operator_3.py
[2022-08-11 09:48:05,245] {processor.py:641} INFO - Processing file /Users/pro/Documents/a_env/proj_data/lib/python3.7/site-packages/airflow/example_dags/example_branch_python_dop_operator_3.py for tasks to queue
[2022-08-11 09:48:05,246] {logging_mixin.py:115} INFO - [2022-08-11 09:48:05,246] {dagbag.py:508} INFO - Filling up the DagBag from /Users/pro/Documents/a_env/proj_data/lib/python3.7/site-packages/airflow/example_dags/example_branch_python_dop_operator_3.py
[2022-08-11 09:48:05,260] {processor.py:651} INFO - DAG(s) dict_keys(['example_branch_dop_operator_v3']) retrieved from /Users/pro/Documents/a_env/proj_data/lib/python3.7/site-packages/airflow/example_dags/example_branch_python_dop_operator_3.py
[2022-08-11 09:48:05,281] {logging_mixin.py:115} INFO - [2022-08-11 09:48:05,281] {dag.py:2420} INFO - Sync 1 DAGs
[2022-08-11 09:48:05,306] {logging_mixin.py:115} INFO - [2022-08-11 09:48:05,305] {dag.py:2972} INFO - Setting next_dagrun for example_branch_dop_operator_v3 to 2022-08-11T01:47:00+00:00, run_after=2022-08-11T01:48:00+00:00
[2022-08-11 09:48:05,320] {processor.py:161} INFO - Processing /Users/pro/Documents/a_env/proj_data/lib/python3.7/site-packages/airflow/example_dags/example_branch_python_dop_operator_3.py took 0.081 seconds
[2022-08-11 09:48:38,219] {processor.py:153} INFO - Started process (PID=51111) to work on /Users/pro/Documents/a_env/proj_data/lib/python3.7/site-packages/airflow/example_dags/example_branch_python_dop_operator_3.py
[2022-08-11 09:48:38,220] {processor.py:641} INFO - Processing file /Users/pro/Documents/a_env/proj_data/lib/python3.7/site-packages/airflow/example_dags/example_branch_python_dop_operator_3.py for tasks to queue
[2022-08-11 09:48:38,221] {logging_mixin.py:115} INFO - [2022-08-11 09:48:38,221] {dagbag.py:508} INFO - Filling up the DagBag from /Users/pro/Documents/a_env/proj_data/lib/python3.7/site-packages/airflow/example_dags/example_branch_python_dop_operator_3.py
[2022-08-11 09:48:38,235] {processor.py:651} INFO - DAG(s) dict_keys(['example_branch_dop_operator_v3']) retrieved from /Users/pro/Documents/a_env/proj_data/lib/python3.7/site-packages/airflow/example_dags/example_branch_python_dop_operator_3.py
[2022-08-11 09:48:38,256] {logging_mixin.py:115} INFO - [2022-08-11 09:48:38,255] {dag.py:2420} INFO - Sync 1 DAGs
[2022-08-11 09:48:38,279] {logging_mixin.py:115} INFO - [2022-08-11 09:48:38,278] {dag.py:2972} INFO - Setting next_dagrun for example_branch_dop_operator_v3 to 2022-08-11T01:47:00+00:00, run_after=2022-08-11T01:48:00+00:00
[2022-08-11 09:48:38,291] {processor.py:161} INFO - Processing /Users/pro/Documents/a_env/proj_data/lib/python3.7/site-packages/airflow/example_dags/example_branch_python_dop_operator_3.py took 0.077 seconds
[2022-08-11 09:49:16,295] {processor.py:153} INFO - Started process (PID=51150) to work on /Users/pro/Documents/a_env/proj_data/lib/python3.7/site-packages/airflow/example_dags/example_branch_python_dop_operator_3.py
[2022-08-11 09:49:16,297] {processor.py:641} INFO - Processing file /Users/pro/Documents/a_env/proj_data/lib/python3.7/site-packages/airflow/example_dags/example_branch_python_dop_operator_3.py for tasks to queue
[2022-08-11 09:49:16,298] {logging_mixin.py:115} INFO - [2022-08-11 09:49:16,297] {dagbag.py:508} INFO - Filling up the DagBag from /Users/pro/Documents/a_env/proj_data/lib/python3.7/site-packages/airflow/example_dags/example_branch_python_dop_operator_3.py
[2022-08-11 09:49:16,312] {processor.py:651} INFO - DAG(s) dict_keys(['example_branch_dop_operator_v3']) retrieved from /Users/pro/Documents/a_env/proj_data/lib/python3.7/site-packages/airflow/example_dags/example_branch_python_dop_operator_3.py
[2022-08-11 09:49:16,333] {logging_mixin.py:115} INFO - [2022-08-11 09:49:16,333] {dag.py:2420} INFO - Sync 1 DAGs
[2022-08-11 09:49:16,357] {logging_mixin.py:115} INFO - [2022-08-11 09:49:16,357] {dag.py:2972} INFO - Setting next_dagrun for example_branch_dop_operator_v3 to 2022-08-11T01:48:00+00:00, run_after=2022-08-11T01:49:00+00:00
[2022-08-11 09:49:16,371] {processor.py:161} INFO - Processing /Users/pro/Documents/a_env/proj_data/lib/python3.7/site-packages/airflow/example_dags/example_branch_python_dop_operator_3.py took 0.081 seconds
[2022-08-11 09:49:51,410] {processor.py:153} INFO - Started process (PID=51185) to work on /Users/pro/Documents/a_env/proj_data/lib/python3.7/site-packages/airflow/example_dags/example_branch_python_dop_operator_3.py
[2022-08-11 09:49:51,412] {processor.py:641} INFO - Processing file /Users/pro/Documents/a_env/proj_data/lib/python3.7/site-packages/airflow/example_dags/example_branch_python_dop_operator_3.py for tasks to queue
[2022-08-11 09:49:51,413] {logging_mixin.py:115} INFO - [2022-08-11 09:49:51,413] {dagbag.py:508} INFO - Filling up the DagBag from /Users/pro/Documents/a_env/proj_data/lib/python3.7/site-packages/airflow/example_dags/example_branch_python_dop_operator_3.py
[2022-08-11 09:49:51,426] {processor.py:651} INFO - DAG(s) dict_keys(['example_branch_dop_operator_v3']) retrieved from /Users/pro/Documents/a_env/proj_data/lib/python3.7/site-packages/airflow/example_dags/example_branch_python_dop_operator_3.py
[2022-08-11 09:49:51,446] {logging_mixin.py:115} INFO - [2022-08-11 09:49:51,446] {dag.py:2420} INFO - Sync 1 DAGs
[2022-08-11 09:49:51,470] {logging_mixin.py:115} INFO - [2022-08-11 09:49:51,470] {dag.py:2972} INFO - Setting next_dagrun for example_branch_dop_operator_v3 to 2022-08-11T01:48:00+00:00, run_after=2022-08-11T01:49:00+00:00
[2022-08-11 09:49:51,482] {processor.py:161} INFO - Processing /Users/pro/Documents/a_env/proj_data/lib/python3.7/site-packages/airflow/example_dags/example_branch_python_dop_operator_3.py took 0.076 seconds
[2022-08-11 09:50:24,531] {processor.py:153} INFO - Started process (PID=51221) to work on /Users/pro/Documents/a_env/proj_data/lib/python3.7/site-packages/airflow/example_dags/example_branch_python_dop_operator_3.py
[2022-08-11 09:50:24,532] {processor.py:641} INFO - Processing file /Users/pro/Documents/a_env/proj_data/lib/python3.7/site-packages/airflow/example_dags/example_branch_python_dop_operator_3.py for tasks to queue
[2022-08-11 09:50:24,533] {logging_mixin.py:115} INFO - [2022-08-11 09:50:24,532] {dagbag.py:508} INFO - Filling up the DagBag from /Users/pro/Documents/a_env/proj_data/lib/python3.7/site-packages/airflow/example_dags/example_branch_python_dop_operator_3.py
[2022-08-11 09:50:24,546] {processor.py:651} INFO - DAG(s) dict_keys(['example_branch_dop_operator_v3']) retrieved from /Users/pro/Documents/a_env/proj_data/lib/python3.7/site-packages/airflow/example_dags/example_branch_python_dop_operator_3.py
[2022-08-11 09:50:24,566] {logging_mixin.py:115} INFO - [2022-08-11 09:50:24,566] {dag.py:2420} INFO - Sync 1 DAGs
[2022-08-11 09:50:24,593] {logging_mixin.py:115} INFO - [2022-08-11 09:50:24,593] {dag.py:2972} INFO - Setting next_dagrun for example_branch_dop_operator_v3 to 2022-08-11T01:49:00+00:00, run_after=2022-08-11T01:50:00+00:00
[2022-08-11 09:50:24,606] {processor.py:161} INFO - Processing /Users/pro/Documents/a_env/proj_data/lib/python3.7/site-packages/airflow/example_dags/example_branch_python_dop_operator_3.py took 0.080 seconds
[2022-08-11 09:51:02,189] {processor.py:153} INFO - Started process (PID=51259) to work on /Users/pro/Documents/a_env/proj_data/lib/python3.7/site-packages/airflow/example_dags/example_branch_python_dop_operator_3.py
[2022-08-11 09:51:02,190] {processor.py:641} INFO - Processing file /Users/pro/Documents/a_env/proj_data/lib/python3.7/site-packages/airflow/example_dags/example_branch_python_dop_operator_3.py for tasks to queue
[2022-08-11 09:51:02,191] {logging_mixin.py:115} INFO - [2022-08-11 09:51:02,191] {dagbag.py:508} INFO - Filling up the DagBag from /Users/pro/Documents/a_env/proj_data/lib/python3.7/site-packages/airflow/example_dags/example_branch_python_dop_operator_3.py
[2022-08-11 09:51:02,208] {processor.py:651} INFO - DAG(s) dict_keys(['example_branch_dop_operator_v3']) retrieved from /Users/pro/Documents/a_env/proj_data/lib/python3.7/site-packages/airflow/example_dags/example_branch_python_dop_operator_3.py
[2022-08-11 09:51:02,227] {logging_mixin.py:115} INFO - [2022-08-11 09:51:02,227] {dag.py:2420} INFO - Sync 1 DAGs
[2022-08-11 09:51:02,251] {logging_mixin.py:115} INFO - [2022-08-11 09:51:02,250] {dag.py:2972} INFO - Setting next_dagrun for example_branch_dop_operator_v3 to 2022-08-11T01:50:00+00:00, run_after=2022-08-11T01:51:00+00:00
[2022-08-11 09:51:02,264] {processor.py:161} INFO - Processing /Users/pro/Documents/a_env/proj_data/lib/python3.7/site-packages/airflow/example_dags/example_branch_python_dop_operator_3.py took 0.079 seconds
[2022-08-11 09:51:39,884] {processor.py:153} INFO - Started process (PID=51302) to work on /Users/pro/Documents/a_env/proj_data/lib/python3.7/site-packages/airflow/example_dags/example_branch_python_dop_operator_3.py
[2022-08-11 09:51:39,885] {processor.py:641} INFO - Processing file /Users/pro/Documents/a_env/proj_data/lib/python3.7/site-packages/airflow/example_dags/example_branch_python_dop_operator_3.py for tasks to queue
[2022-08-11 09:51:39,887] {logging_mixin.py:115} INFO - [2022-08-11 09:51:39,886] {dagbag.py:508} INFO - Filling up the DagBag from /Users/pro/Documents/a_env/proj_data/lib/python3.7/site-packages/airflow/example_dags/example_branch_python_dop_operator_3.py
[2022-08-11 09:51:39,907] {processor.py:651} INFO - DAG(s) dict_keys(['example_branch_dop_operator_v3']) retrieved from /Users/pro/Documents/a_env/proj_data/lib/python3.7/site-packages/airflow/example_dags/example_branch_python_dop_operator_3.py
[2022-08-11 09:51:39,925] {logging_mixin.py:115} INFO - [2022-08-11 09:51:39,924] {dag.py:2420} INFO - Sync 1 DAGs
[2022-08-11 09:51:39,948] {logging_mixin.py:115} INFO - [2022-08-11 09:51:39,948] {dag.py:2972} INFO - Setting next_dagrun for example_branch_dop_operator_v3 to 2022-08-11T01:50:00+00:00, run_after=2022-08-11T01:51:00+00:00
[2022-08-11 09:51:39,960] {processor.py:161} INFO - Processing /Users/pro/Documents/a_env/proj_data/lib/python3.7/site-packages/airflow/example_dags/example_branch_python_dop_operator_3.py took 0.081 seconds
[2022-08-11 09:52:16,227] {processor.py:153} INFO - Started process (PID=51351) to work on /Users/pro/Documents/a_env/proj_data/lib/python3.7/site-packages/airflow/example_dags/example_branch_python_dop_operator_3.py
[2022-08-11 09:52:16,229] {processor.py:641} INFO - Processing file /Users/pro/Documents/a_env/proj_data/lib/python3.7/site-packages/airflow/example_dags/example_branch_python_dop_operator_3.py for tasks to queue
[2022-08-11 09:52:16,230] {logging_mixin.py:115} INFO - [2022-08-11 09:52:16,230] {dagbag.py:508} INFO - Filling up the DagBag from /Users/pro/Documents/a_env/proj_data/lib/python3.7/site-packages/airflow/example_dags/example_branch_python_dop_operator_3.py
[2022-08-11 09:52:16,252] {processor.py:651} INFO - DAG(s) dict_keys(['example_branch_dop_operator_v3']) retrieved from /Users/pro/Documents/a_env/proj_data/lib/python3.7/site-packages/airflow/example_dags/example_branch_python_dop_operator_3.py
[2022-08-11 09:52:16,274] {logging_mixin.py:115} INFO - [2022-08-11 09:52:16,274] {dag.py:2420} INFO - Sync 1 DAGs
[2022-08-11 09:52:16,302] {logging_mixin.py:115} INFO - [2022-08-11 09:52:16,302] {dag.py:2972} INFO - Setting next_dagrun for example_branch_dop_operator_v3 to 2022-08-11T01:51:00+00:00, run_after=2022-08-11T01:52:00+00:00
[2022-08-11 09:52:16,314] {processor.py:161} INFO - Processing /Users/pro/Documents/a_env/proj_data/lib/python3.7/site-packages/airflow/example_dags/example_branch_python_dop_operator_3.py took 0.094 seconds
[2022-08-11 09:52:48,907] {processor.py:153} INFO - Started process (PID=51396) to work on /Users/pro/Documents/a_env/proj_data/lib/python3.7/site-packages/airflow/example_dags/example_branch_python_dop_operator_3.py
[2022-08-11 09:52:48,908] {processor.py:641} INFO - Processing file /Users/pro/Documents/a_env/proj_data/lib/python3.7/site-packages/airflow/example_dags/example_branch_python_dop_operator_3.py for tasks to queue
[2022-08-11 09:52:48,909] {logging_mixin.py:115} INFO - [2022-08-11 09:52:48,908] {dagbag.py:508} INFO - Filling up the DagBag from /Users/pro/Documents/a_env/proj_data/lib/python3.7/site-packages/airflow/example_dags/example_branch_python_dop_operator_3.py
[2022-08-11 09:52:48,925] {processor.py:651} INFO - DAG(s) dict_keys(['example_branch_dop_operator_v3']) retrieved from /Users/pro/Documents/a_env/proj_data/lib/python3.7/site-packages/airflow/example_dags/example_branch_python_dop_operator_3.py
[2022-08-11 09:52:48,944] {logging_mixin.py:115} INFO - [2022-08-11 09:52:48,944] {dag.py:2420} INFO - Sync 1 DAGs
[2022-08-11 09:52:48,969] {logging_mixin.py:115} INFO - [2022-08-11 09:52:48,969] {dag.py:2972} INFO - Setting next_dagrun for example_branch_dop_operator_v3 to 2022-08-11T01:51:00+00:00, run_after=2022-08-11T01:52:00+00:00
[2022-08-11 09:52:48,982] {processor.py:161} INFO - Processing /Users/pro/Documents/a_env/proj_data/lib/python3.7/site-packages/airflow/example_dags/example_branch_python_dop_operator_3.py took 0.079 seconds
[2022-08-11 09:53:24,083] {processor.py:153} INFO - Started process (PID=51435) to work on /Users/pro/Documents/a_env/proj_data/lib/python3.7/site-packages/airflow/example_dags/example_branch_python_dop_operator_3.py
[2022-08-11 09:53:24,084] {processor.py:641} INFO - Processing file /Users/pro/Documents/a_env/proj_data/lib/python3.7/site-packages/airflow/example_dags/example_branch_python_dop_operator_3.py for tasks to queue
[2022-08-11 09:53:24,085] {logging_mixin.py:115} INFO - [2022-08-11 09:53:24,085] {dagbag.py:508} INFO - Filling up the DagBag from /Users/pro/Documents/a_env/proj_data/lib/python3.7/site-packages/airflow/example_dags/example_branch_python_dop_operator_3.py
[2022-08-11 09:53:24,103] {processor.py:651} INFO - DAG(s) dict_keys(['example_branch_dop_operator_v3']) retrieved from /Users/pro/Documents/a_env/proj_data/lib/python3.7/site-packages/airflow/example_dags/example_branch_python_dop_operator_3.py
[2022-08-11 09:53:24,120] {logging_mixin.py:115} INFO - [2022-08-11 09:53:24,119] {dag.py:2420} INFO - Sync 1 DAGs
[2022-08-11 09:53:24,142] {logging_mixin.py:115} INFO - [2022-08-11 09:53:24,142] {dag.py:2972} INFO - Setting next_dagrun for example_branch_dop_operator_v3 to 2022-08-11T01:52:00+00:00, run_after=2022-08-11T01:53:00+00:00
[2022-08-11 09:53:24,154] {processor.py:161} INFO - Processing /Users/pro/Documents/a_env/proj_data/lib/python3.7/site-packages/airflow/example_dags/example_branch_python_dop_operator_3.py took 0.076 seconds
[2022-08-11 09:54:00,061] {processor.py:153} INFO - Started process (PID=51471) to work on /Users/pro/Documents/a_env/proj_data/lib/python3.7/site-packages/airflow/example_dags/example_branch_python_dop_operator_3.py
[2022-08-11 09:54:00,062] {processor.py:641} INFO - Processing file /Users/pro/Documents/a_env/proj_data/lib/python3.7/site-packages/airflow/example_dags/example_branch_python_dop_operator_3.py for tasks to queue
[2022-08-11 09:54:00,063] {logging_mixin.py:115} INFO - [2022-08-11 09:54:00,063] {dagbag.py:508} INFO - Filling up the DagBag from /Users/pro/Documents/a_env/proj_data/lib/python3.7/site-packages/airflow/example_dags/example_branch_python_dop_operator_3.py
[2022-08-11 09:54:00,081] {processor.py:651} INFO - DAG(s) dict_keys(['example_branch_dop_operator_v3']) retrieved from /Users/pro/Documents/a_env/proj_data/lib/python3.7/site-packages/airflow/example_dags/example_branch_python_dop_operator_3.py
[2022-08-11 09:54:00,104] {logging_mixin.py:115} INFO - [2022-08-11 09:54:00,104] {dag.py:2420} INFO - Sync 1 DAGs
[2022-08-11 09:54:00,129] {logging_mixin.py:115} INFO - [2022-08-11 09:54:00,129] {dag.py:2972} INFO - Setting next_dagrun for example_branch_dop_operator_v3 to 2022-08-11T01:53:00+00:00, run_after=2022-08-11T01:54:00+00:00
[2022-08-11 09:54:00,144] {processor.py:161} INFO - Processing /Users/pro/Documents/a_env/proj_data/lib/python3.7/site-packages/airflow/example_dags/example_branch_python_dop_operator_3.py took 0.089 seconds
[2022-08-11 09:54:36,522] {processor.py:153} INFO - Started process (PID=51509) to work on /Users/pro/Documents/a_env/proj_data/lib/python3.7/site-packages/airflow/example_dags/example_branch_python_dop_operator_3.py
[2022-08-11 09:54:36,523] {processor.py:641} INFO - Processing file /Users/pro/Documents/a_env/proj_data/lib/python3.7/site-packages/airflow/example_dags/example_branch_python_dop_operator_3.py for tasks to queue
[2022-08-11 09:54:36,525] {logging_mixin.py:115} INFO - [2022-08-11 09:54:36,524] {dagbag.py:508} INFO - Filling up the DagBag from /Users/pro/Documents/a_env/proj_data/lib/python3.7/site-packages/airflow/example_dags/example_branch_python_dop_operator_3.py
[2022-08-11 09:54:36,541] {processor.py:651} INFO - DAG(s) dict_keys(['example_branch_dop_operator_v3']) retrieved from /Users/pro/Documents/a_env/proj_data/lib/python3.7/site-packages/airflow/example_dags/example_branch_python_dop_operator_3.py
[2022-08-11 09:54:36,561] {logging_mixin.py:115} INFO - [2022-08-11 09:54:36,561] {dag.py:2420} INFO - Sync 1 DAGs
[2022-08-11 09:54:36,586] {logging_mixin.py:115} INFO - [2022-08-11 09:54:36,585] {dag.py:2972} INFO - Setting next_dagrun for example_branch_dop_operator_v3 to 2022-08-11T01:53:00+00:00, run_after=2022-08-11T01:54:00+00:00
[2022-08-11 09:54:36,600] {processor.py:161} INFO - Processing /Users/pro/Documents/a_env/proj_data/lib/python3.7/site-packages/airflow/example_dags/example_branch_python_dop_operator_3.py took 0.083 seconds
[2022-08-11 09:55:13,386] {processor.py:153} INFO - Started process (PID=51547) to work on /Users/pro/Documents/a_env/proj_data/lib/python3.7/site-packages/airflow/example_dags/example_branch_python_dop_operator_3.py
[2022-08-11 09:55:13,389] {processor.py:641} INFO - Processing file /Users/pro/Documents/a_env/proj_data/lib/python3.7/site-packages/airflow/example_dags/example_branch_python_dop_operator_3.py for tasks to queue
[2022-08-11 09:55:13,390] {logging_mixin.py:115} INFO - [2022-08-11 09:55:13,390] {dagbag.py:508} INFO - Filling up the DagBag from /Users/pro/Documents/a_env/proj_data/lib/python3.7/site-packages/airflow/example_dags/example_branch_python_dop_operator_3.py
[2022-08-11 09:55:13,408] {processor.py:651} INFO - DAG(s) dict_keys(['example_branch_dop_operator_v3']) retrieved from /Users/pro/Documents/a_env/proj_data/lib/python3.7/site-packages/airflow/example_dags/example_branch_python_dop_operator_3.py
[2022-08-11 09:55:13,427] {logging_mixin.py:115} INFO - [2022-08-11 09:55:13,427] {dag.py:2420} INFO - Sync 1 DAGs
[2022-08-11 09:55:13,452] {logging_mixin.py:115} INFO - [2022-08-11 09:55:13,452] {dag.py:2972} INFO - Setting next_dagrun for example_branch_dop_operator_v3 to 2022-08-11T01:54:00+00:00, run_after=2022-08-11T01:55:00+00:00
[2022-08-11 09:55:13,465] {processor.py:161} INFO - Processing /Users/pro/Documents/a_env/proj_data/lib/python3.7/site-packages/airflow/example_dags/example_branch_python_dop_operator_3.py took 0.084 seconds
[2022-08-11 09:55:49,787] {processor.py:153} INFO - Started process (PID=51584) to work on /Users/pro/Documents/a_env/proj_data/lib/python3.7/site-packages/airflow/example_dags/example_branch_python_dop_operator_3.py
[2022-08-11 09:55:49,788] {processor.py:641} INFO - Processing file /Users/pro/Documents/a_env/proj_data/lib/python3.7/site-packages/airflow/example_dags/example_branch_python_dop_operator_3.py for tasks to queue
[2022-08-11 09:55:49,790] {logging_mixin.py:115} INFO - [2022-08-11 09:55:49,789] {dagbag.py:508} INFO - Filling up the DagBag from /Users/pro/Documents/a_env/proj_data/lib/python3.7/site-packages/airflow/example_dags/example_branch_python_dop_operator_3.py
[2022-08-11 09:55:49,804] {processor.py:651} INFO - DAG(s) dict_keys(['example_branch_dop_operator_v3']) retrieved from /Users/pro/Documents/a_env/proj_data/lib/python3.7/site-packages/airflow/example_dags/example_branch_python_dop_operator_3.py
[2022-08-11 09:55:49,825] {logging_mixin.py:115} INFO - [2022-08-11 09:55:49,825] {dag.py:2420} INFO - Sync 1 DAGs
[2022-08-11 09:55:49,849] {logging_mixin.py:115} INFO - [2022-08-11 09:55:49,848] {dag.py:2972} INFO - Setting next_dagrun for example_branch_dop_operator_v3 to 2022-08-11T01:54:00+00:00, run_after=2022-08-11T01:55:00+00:00
[2022-08-11 09:55:49,862] {processor.py:161} INFO - Processing /Users/pro/Documents/a_env/proj_data/lib/python3.7/site-packages/airflow/example_dags/example_branch_python_dop_operator_3.py took 0.080 seconds
[2022-08-11 09:56:26,473] {processor.py:153} INFO - Started process (PID=51620) to work on /Users/pro/Documents/a_env/proj_data/lib/python3.7/site-packages/airflow/example_dags/example_branch_python_dop_operator_3.py
[2022-08-11 09:56:26,476] {processor.py:641} INFO - Processing file /Users/pro/Documents/a_env/proj_data/lib/python3.7/site-packages/airflow/example_dags/example_branch_python_dop_operator_3.py for tasks to queue
[2022-08-11 09:56:26,477] {logging_mixin.py:115} INFO - [2022-08-11 09:56:26,476] {dagbag.py:508} INFO - Filling up the DagBag from /Users/pro/Documents/a_env/proj_data/lib/python3.7/site-packages/airflow/example_dags/example_branch_python_dop_operator_3.py
[2022-08-11 09:56:26,492] {processor.py:651} INFO - DAG(s) dict_keys(['example_branch_dop_operator_v3']) retrieved from /Users/pro/Documents/a_env/proj_data/lib/python3.7/site-packages/airflow/example_dags/example_branch_python_dop_operator_3.py
[2022-08-11 09:56:26,514] {logging_mixin.py:115} INFO - [2022-08-11 09:56:26,513] {dag.py:2420} INFO - Sync 1 DAGs
[2022-08-11 09:56:26,538] {logging_mixin.py:115} INFO - [2022-08-11 09:56:26,537] {dag.py:2972} INFO - Setting next_dagrun for example_branch_dop_operator_v3 to 2022-08-11T01:55:00+00:00, run_after=2022-08-11T01:56:00+00:00
[2022-08-11 09:56:26,551] {processor.py:161} INFO - Processing /Users/pro/Documents/a_env/proj_data/lib/python3.7/site-packages/airflow/example_dags/example_branch_python_dop_operator_3.py took 0.083 seconds
[2022-08-11 09:57:04,863] {processor.py:153} INFO - Started process (PID=51662) to work on /Users/pro/Documents/a_env/proj_data/lib/python3.7/site-packages/airflow/example_dags/example_branch_python_dop_operator_3.py
[2022-08-11 09:57:04,866] {processor.py:641} INFO - Processing file /Users/pro/Documents/a_env/proj_data/lib/python3.7/site-packages/airflow/example_dags/example_branch_python_dop_operator_3.py for tasks to queue
[2022-08-11 09:57:04,867] {logging_mixin.py:115} INFO - [2022-08-11 09:57:04,867] {dagbag.py:508} INFO - Filling up the DagBag from /Users/pro/Documents/a_env/proj_data/lib/python3.7/site-packages/airflow/example_dags/example_branch_python_dop_operator_3.py
[2022-08-11 09:57:04,882] {processor.py:651} INFO - DAG(s) dict_keys(['example_branch_dop_operator_v3']) retrieved from /Users/pro/Documents/a_env/proj_data/lib/python3.7/site-packages/airflow/example_dags/example_branch_python_dop_operator_3.py
[2022-08-11 09:57:04,903] {logging_mixin.py:115} INFO - [2022-08-11 09:57:04,903] {dag.py:2420} INFO - Sync 1 DAGs
[2022-08-11 09:57:04,928] {logging_mixin.py:115} INFO - [2022-08-11 09:57:04,927] {dag.py:2972} INFO - Setting next_dagrun for example_branch_dop_operator_v3 to 2022-08-11T01:56:00+00:00, run_after=2022-08-11T01:57:00+00:00
[2022-08-11 09:57:04,946] {processor.py:161} INFO - Processing /Users/pro/Documents/a_env/proj_data/lib/python3.7/site-packages/airflow/example_dags/example_branch_python_dop_operator_3.py took 0.088 seconds
[2022-08-11 09:57:41,215] {processor.py:153} INFO - Started process (PID=51702) to work on /Users/pro/Documents/a_env/proj_data/lib/python3.7/site-packages/airflow/example_dags/example_branch_python_dop_operator_3.py
[2022-08-11 09:57:41,215] {processor.py:641} INFO - Processing file /Users/pro/Documents/a_env/proj_data/lib/python3.7/site-packages/airflow/example_dags/example_branch_python_dop_operator_3.py for tasks to queue
[2022-08-11 09:57:41,217] {logging_mixin.py:115} INFO - [2022-08-11 09:57:41,216] {dagbag.py:508} INFO - Filling up the DagBag from /Users/pro/Documents/a_env/proj_data/lib/python3.7/site-packages/airflow/example_dags/example_branch_python_dop_operator_3.py
[2022-08-11 09:57:41,230] {processor.py:651} INFO - DAG(s) dict_keys(['example_branch_dop_operator_v3']) retrieved from /Users/pro/Documents/a_env/proj_data/lib/python3.7/site-packages/airflow/example_dags/example_branch_python_dop_operator_3.py
[2022-08-11 09:57:41,253] {logging_mixin.py:115} INFO - [2022-08-11 09:57:41,252] {dag.py:2420} INFO - Sync 1 DAGs
[2022-08-11 09:57:41,277] {logging_mixin.py:115} INFO - [2022-08-11 09:57:41,276] {dag.py:2972} INFO - Setting next_dagrun for example_branch_dop_operator_v3 to 2022-08-11T01:56:00+00:00, run_after=2022-08-11T01:57:00+00:00
[2022-08-11 09:57:41,290] {processor.py:161} INFO - Processing /Users/pro/Documents/a_env/proj_data/lib/python3.7/site-packages/airflow/example_dags/example_branch_python_dop_operator_3.py took 0.080 seconds
[2022-08-11 09:58:15,504] {processor.py:153} INFO - Started process (PID=51737) to work on /Users/pro/Documents/a_env/proj_data/lib/python3.7/site-packages/airflow/example_dags/example_branch_python_dop_operator_3.py
[2022-08-11 09:58:15,505] {processor.py:641} INFO - Processing file /Users/pro/Documents/a_env/proj_data/lib/python3.7/site-packages/airflow/example_dags/example_branch_python_dop_operator_3.py for tasks to queue
[2022-08-11 09:58:15,507] {logging_mixin.py:115} INFO - [2022-08-11 09:58:15,506] {dagbag.py:508} INFO - Filling up the DagBag from /Users/pro/Documents/a_env/proj_data/lib/python3.7/site-packages/airflow/example_dags/example_branch_python_dop_operator_3.py
[2022-08-11 09:58:15,520] {processor.py:651} INFO - DAG(s) dict_keys(['example_branch_dop_operator_v3']) retrieved from /Users/pro/Documents/a_env/proj_data/lib/python3.7/site-packages/airflow/example_dags/example_branch_python_dop_operator_3.py
[2022-08-11 09:58:15,542] {logging_mixin.py:115} INFO - [2022-08-11 09:58:15,542] {dag.py:2420} INFO - Sync 1 DAGs
[2022-08-11 09:58:15,565] {logging_mixin.py:115} INFO - [2022-08-11 09:58:15,565] {dag.py:2972} INFO - Setting next_dagrun for example_branch_dop_operator_v3 to 2022-08-11T01:57:00+00:00, run_after=2022-08-11T01:58:00+00:00
[2022-08-11 09:58:15,578] {processor.py:161} INFO - Processing /Users/pro/Documents/a_env/proj_data/lib/python3.7/site-packages/airflow/example_dags/example_branch_python_dop_operator_3.py took 0.078 seconds
[2022-08-11 09:58:51,727] {processor.py:153} INFO - Started process (PID=51774) to work on /Users/pro/Documents/a_env/proj_data/lib/python3.7/site-packages/airflow/example_dags/example_branch_python_dop_operator_3.py
[2022-08-11 09:58:51,728] {processor.py:641} INFO - Processing file /Users/pro/Documents/a_env/proj_data/lib/python3.7/site-packages/airflow/example_dags/example_branch_python_dop_operator_3.py for tasks to queue
[2022-08-11 09:58:51,729] {logging_mixin.py:115} INFO - [2022-08-11 09:58:51,729] {dagbag.py:508} INFO - Filling up the DagBag from /Users/pro/Documents/a_env/proj_data/lib/python3.7/site-packages/airflow/example_dags/example_branch_python_dop_operator_3.py
[2022-08-11 09:58:51,743] {processor.py:651} INFO - DAG(s) dict_keys(['example_branch_dop_operator_v3']) retrieved from /Users/pro/Documents/a_env/proj_data/lib/python3.7/site-packages/airflow/example_dags/example_branch_python_dop_operator_3.py
[2022-08-11 09:58:51,764] {logging_mixin.py:115} INFO - [2022-08-11 09:58:51,764] {dag.py:2420} INFO - Sync 1 DAGs
[2022-08-11 09:58:51,788] {logging_mixin.py:115} INFO - [2022-08-11 09:58:51,787] {dag.py:2972} INFO - Setting next_dagrun for example_branch_dop_operator_v3 to 2022-08-11T01:57:00+00:00, run_after=2022-08-11T01:58:00+00:00
[2022-08-11 09:58:51,800] {processor.py:161} INFO - Processing /Users/pro/Documents/a_env/proj_data/lib/python3.7/site-packages/airflow/example_dags/example_branch_python_dop_operator_3.py took 0.077 seconds
[2022-08-11 09:59:29,850] {processor.py:153} INFO - Started process (PID=51811) to work on /Users/pro/Documents/a_env/proj_data/lib/python3.7/site-packages/airflow/example_dags/example_branch_python_dop_operator_3.py
[2022-08-11 09:59:29,852] {processor.py:641} INFO - Processing file /Users/pro/Documents/a_env/proj_data/lib/python3.7/site-packages/airflow/example_dags/example_branch_python_dop_operator_3.py for tasks to queue
[2022-08-11 09:59:29,855] {logging_mixin.py:115} INFO - [2022-08-11 09:59:29,854] {dagbag.py:508} INFO - Filling up the DagBag from /Users/pro/Documents/a_env/proj_data/lib/python3.7/site-packages/airflow/example_dags/example_branch_python_dop_operator_3.py
[2022-08-11 09:59:29,875] {processor.py:651} INFO - DAG(s) dict_keys(['example_branch_dop_operator_v3']) retrieved from /Users/pro/Documents/a_env/proj_data/lib/python3.7/site-packages/airflow/example_dags/example_branch_python_dop_operator_3.py
[2022-08-11 09:59:29,897] {logging_mixin.py:115} INFO - [2022-08-11 09:59:29,897] {dag.py:2420} INFO - Sync 1 DAGs
[2022-08-11 09:59:29,921] {logging_mixin.py:115} INFO - [2022-08-11 09:59:29,920] {dag.py:2972} INFO - Setting next_dagrun for example_branch_dop_operator_v3 to 2022-08-11T01:58:00+00:00, run_after=2022-08-11T01:59:00+00:00
[2022-08-11 09:59:29,939] {processor.py:161} INFO - Processing /Users/pro/Documents/a_env/proj_data/lib/python3.7/site-packages/airflow/example_dags/example_branch_python_dop_operator_3.py took 0.094 seconds
[2022-08-11 10:00:06,037] {processor.py:153} INFO - Started process (PID=51861) to work on /Users/pro/Documents/a_env/proj_data/lib/python3.7/site-packages/airflow/example_dags/example_branch_python_dop_operator_3.py
[2022-08-11 10:00:06,038] {processor.py:641} INFO - Processing file /Users/pro/Documents/a_env/proj_data/lib/python3.7/site-packages/airflow/example_dags/example_branch_python_dop_operator_3.py for tasks to queue
[2022-08-11 10:00:06,039] {logging_mixin.py:115} INFO - [2022-08-11 10:00:06,039] {dagbag.py:508} INFO - Filling up the DagBag from /Users/pro/Documents/a_env/proj_data/lib/python3.7/site-packages/airflow/example_dags/example_branch_python_dop_operator_3.py
[2022-08-11 10:00:06,053] {processor.py:651} INFO - DAG(s) dict_keys(['example_branch_dop_operator_v3']) retrieved from /Users/pro/Documents/a_env/proj_data/lib/python3.7/site-packages/airflow/example_dags/example_branch_python_dop_operator_3.py
[2022-08-11 10:00:06,074] {logging_mixin.py:115} INFO - [2022-08-11 10:00:06,074] {dag.py:2420} INFO - Sync 1 DAGs
[2022-08-11 10:00:06,099] {logging_mixin.py:115} INFO - [2022-08-11 10:00:06,098] {dag.py:2972} INFO - Setting next_dagrun for example_branch_dop_operator_v3 to 2022-08-11T01:59:00+00:00, run_after=2022-08-11T02:00:00+00:00
[2022-08-11 10:00:06,113] {processor.py:161} INFO - Processing /Users/pro/Documents/a_env/proj_data/lib/python3.7/site-packages/airflow/example_dags/example_branch_python_dop_operator_3.py took 0.081 seconds
[2022-08-11 10:00:43,662] {processor.py:153} INFO - Started process (PID=51921) to work on /Users/pro/Documents/a_env/proj_data/lib/python3.7/site-packages/airflow/example_dags/example_branch_python_dop_operator_3.py
[2022-08-11 10:00:43,664] {processor.py:641} INFO - Processing file /Users/pro/Documents/a_env/proj_data/lib/python3.7/site-packages/airflow/example_dags/example_branch_python_dop_operator_3.py for tasks to queue
[2022-08-11 10:00:43,665] {logging_mixin.py:115} INFO - [2022-08-11 10:00:43,665] {dagbag.py:508} INFO - Filling up the DagBag from /Users/pro/Documents/a_env/proj_data/lib/python3.7/site-packages/airflow/example_dags/example_branch_python_dop_operator_3.py
[2022-08-11 10:00:43,681] {processor.py:651} INFO - DAG(s) dict_keys(['example_branch_dop_operator_v3']) retrieved from /Users/pro/Documents/a_env/proj_data/lib/python3.7/site-packages/airflow/example_dags/example_branch_python_dop_operator_3.py
[2022-08-11 10:00:43,700] {logging_mixin.py:115} INFO - [2022-08-11 10:00:43,700] {dag.py:2420} INFO - Sync 1 DAGs
[2022-08-11 10:00:43,723] {logging_mixin.py:115} INFO - [2022-08-11 10:00:43,723] {dag.py:2972} INFO - Setting next_dagrun for example_branch_dop_operator_v3 to 2022-08-11T01:59:00+00:00, run_after=2022-08-11T02:00:00+00:00
[2022-08-11 10:00:43,735] {processor.py:161} INFO - Processing /Users/pro/Documents/a_env/proj_data/lib/python3.7/site-packages/airflow/example_dags/example_branch_python_dop_operator_3.py took 0.077 seconds
[2022-08-11 10:01:20,347] {processor.py:153} INFO - Started process (PID=51959) to work on /Users/pro/Documents/a_env/proj_data/lib/python3.7/site-packages/airflow/example_dags/example_branch_python_dop_operator_3.py
[2022-08-11 10:01:20,348] {processor.py:641} INFO - Processing file /Users/pro/Documents/a_env/proj_data/lib/python3.7/site-packages/airflow/example_dags/example_branch_python_dop_operator_3.py for tasks to queue
[2022-08-11 10:01:20,349] {logging_mixin.py:115} INFO - [2022-08-11 10:01:20,348] {dagbag.py:508} INFO - Filling up the DagBag from /Users/pro/Documents/a_env/proj_data/lib/python3.7/site-packages/airflow/example_dags/example_branch_python_dop_operator_3.py
[2022-08-11 10:01:20,362] {processor.py:651} INFO - DAG(s) dict_keys(['example_branch_dop_operator_v3']) retrieved from /Users/pro/Documents/a_env/proj_data/lib/python3.7/site-packages/airflow/example_dags/example_branch_python_dop_operator_3.py
[2022-08-11 10:01:20,380] {logging_mixin.py:115} INFO - [2022-08-11 10:01:20,380] {dag.py:2420} INFO - Sync 1 DAGs
[2022-08-11 10:01:20,402] {logging_mixin.py:115} INFO - [2022-08-11 10:01:20,402] {dag.py:2972} INFO - Setting next_dagrun for example_branch_dop_operator_v3 to 2022-08-11T02:00:00+00:00, run_after=2022-08-11T02:01:00+00:00
[2022-08-11 10:01:20,415] {processor.py:161} INFO - Processing /Users/pro/Documents/a_env/proj_data/lib/python3.7/site-packages/airflow/example_dags/example_branch_python_dop_operator_3.py took 0.073 seconds
[2022-08-11 10:01:55,752] {processor.py:153} INFO - Started process (PID=51998) to work on /Users/pro/Documents/a_env/proj_data/lib/python3.7/site-packages/airflow/example_dags/example_branch_python_dop_operator_3.py
[2022-08-11 10:01:55,754] {processor.py:641} INFO - Processing file /Users/pro/Documents/a_env/proj_data/lib/python3.7/site-packages/airflow/example_dags/example_branch_python_dop_operator_3.py for tasks to queue
[2022-08-11 10:01:55,755] {logging_mixin.py:115} INFO - [2022-08-11 10:01:55,754] {dagbag.py:508} INFO - Filling up the DagBag from /Users/pro/Documents/a_env/proj_data/lib/python3.7/site-packages/airflow/example_dags/example_branch_python_dop_operator_3.py
[2022-08-11 10:01:55,770] {processor.py:651} INFO - DAG(s) dict_keys(['example_branch_dop_operator_v3']) retrieved from /Users/pro/Documents/a_env/proj_data/lib/python3.7/site-packages/airflow/example_dags/example_branch_python_dop_operator_3.py
[2022-08-11 10:01:55,788] {logging_mixin.py:115} INFO - [2022-08-11 10:01:55,788] {dag.py:2420} INFO - Sync 1 DAGs
[2022-08-11 10:01:55,811] {logging_mixin.py:115} INFO - [2022-08-11 10:01:55,811] {dag.py:2972} INFO - Setting next_dagrun for example_branch_dop_operator_v3 to 2022-08-11T02:00:00+00:00, run_after=2022-08-11T02:01:00+00:00
[2022-08-11 10:01:55,825] {processor.py:161} INFO - Processing /Users/pro/Documents/a_env/proj_data/lib/python3.7/site-packages/airflow/example_dags/example_branch_python_dop_operator_3.py took 0.078 seconds
[2022-08-11 10:02:34,153] {processor.py:153} INFO - Started process (PID=52039) to work on /Users/pro/Documents/a_env/proj_data/lib/python3.7/site-packages/airflow/example_dags/example_branch_python_dop_operator_3.py
[2022-08-11 10:02:34,154] {processor.py:641} INFO - Processing file /Users/pro/Documents/a_env/proj_data/lib/python3.7/site-packages/airflow/example_dags/example_branch_python_dop_operator_3.py for tasks to queue
[2022-08-11 10:02:34,155] {logging_mixin.py:115} INFO - [2022-08-11 10:02:34,155] {dagbag.py:508} INFO - Filling up the DagBag from /Users/pro/Documents/a_env/proj_data/lib/python3.7/site-packages/airflow/example_dags/example_branch_python_dop_operator_3.py
[2022-08-11 10:02:34,170] {processor.py:651} INFO - DAG(s) dict_keys(['example_branch_dop_operator_v3']) retrieved from /Users/pro/Documents/a_env/proj_data/lib/python3.7/site-packages/airflow/example_dags/example_branch_python_dop_operator_3.py
[2022-08-11 10:02:34,189] {logging_mixin.py:115} INFO - [2022-08-11 10:02:34,189] {dag.py:2420} INFO - Sync 1 DAGs
[2022-08-11 10:02:34,212] {logging_mixin.py:115} INFO - [2022-08-11 10:02:34,211] {dag.py:2972} INFO - Setting next_dagrun for example_branch_dop_operator_v3 to 2022-08-11T02:01:00+00:00, run_after=2022-08-11T02:02:00+00:00
[2022-08-11 10:02:34,225] {processor.py:161} INFO - Processing /Users/pro/Documents/a_env/proj_data/lib/python3.7/site-packages/airflow/example_dags/example_branch_python_dop_operator_3.py took 0.077 seconds
[2022-08-11 10:03:09,814] {processor.py:153} INFO - Started process (PID=52076) to work on /Users/pro/Documents/a_env/proj_data/lib/python3.7/site-packages/airflow/example_dags/example_branch_python_dop_operator_3.py
[2022-08-11 10:03:09,815] {processor.py:641} INFO - Processing file /Users/pro/Documents/a_env/proj_data/lib/python3.7/site-packages/airflow/example_dags/example_branch_python_dop_operator_3.py for tasks to queue
[2022-08-11 10:03:09,816] {logging_mixin.py:115} INFO - [2022-08-11 10:03:09,815] {dagbag.py:508} INFO - Filling up the DagBag from /Users/pro/Documents/a_env/proj_data/lib/python3.7/site-packages/airflow/example_dags/example_branch_python_dop_operator_3.py
[2022-08-11 10:03:09,832] {processor.py:651} INFO - DAG(s) dict_keys(['example_branch_dop_operator_v3']) retrieved from /Users/pro/Documents/a_env/proj_data/lib/python3.7/site-packages/airflow/example_dags/example_branch_python_dop_operator_3.py
[2022-08-11 10:03:09,853] {logging_mixin.py:115} INFO - [2022-08-11 10:03:09,852] {dag.py:2420} INFO - Sync 1 DAGs
[2022-08-11 10:03:09,877] {logging_mixin.py:115} INFO - [2022-08-11 10:03:09,876] {dag.py:2972} INFO - Setting next_dagrun for example_branch_dop_operator_v3 to 2022-08-11T02:02:00+00:00, run_after=2022-08-11T02:03:00+00:00
[2022-08-11 10:03:09,890] {processor.py:161} INFO - Processing /Users/pro/Documents/a_env/proj_data/lib/python3.7/site-packages/airflow/example_dags/example_branch_python_dop_operator_3.py took 0.081 seconds
[2022-08-11 10:03:44,713] {processor.py:153} INFO - Started process (PID=52112) to work on /Users/pro/Documents/a_env/proj_data/lib/python3.7/site-packages/airflow/example_dags/example_branch_python_dop_operator_3.py
[2022-08-11 10:03:44,715] {processor.py:641} INFO - Processing file /Users/pro/Documents/a_env/proj_data/lib/python3.7/site-packages/airflow/example_dags/example_branch_python_dop_operator_3.py for tasks to queue
[2022-08-11 10:03:44,716] {logging_mixin.py:115} INFO - [2022-08-11 10:03:44,716] {dagbag.py:508} INFO - Filling up the DagBag from /Users/pro/Documents/a_env/proj_data/lib/python3.7/site-packages/airflow/example_dags/example_branch_python_dop_operator_3.py
[2022-08-11 10:03:44,735] {processor.py:651} INFO - DAG(s) dict_keys(['example_branch_dop_operator_v3']) retrieved from /Users/pro/Documents/a_env/proj_data/lib/python3.7/site-packages/airflow/example_dags/example_branch_python_dop_operator_3.py
[2022-08-11 10:03:44,754] {logging_mixin.py:115} INFO - [2022-08-11 10:03:44,753] {dag.py:2420} INFO - Sync 1 DAGs
[2022-08-11 10:03:44,776] {logging_mixin.py:115} INFO - [2022-08-11 10:03:44,776] {dag.py:2972} INFO - Setting next_dagrun for example_branch_dop_operator_v3 to 2022-08-11T02:02:00+00:00, run_after=2022-08-11T02:03:00+00:00
[2022-08-11 10:03:44,794] {processor.py:161} INFO - Processing /Users/pro/Documents/a_env/proj_data/lib/python3.7/site-packages/airflow/example_dags/example_branch_python_dop_operator_3.py took 0.086 seconds
[2022-08-11 10:04:21,912] {processor.py:153} INFO - Started process (PID=52150) to work on /Users/pro/Documents/a_env/proj_data/lib/python3.7/site-packages/airflow/example_dags/example_branch_python_dop_operator_3.py
[2022-08-11 10:04:21,913] {processor.py:641} INFO - Processing file /Users/pro/Documents/a_env/proj_data/lib/python3.7/site-packages/airflow/example_dags/example_branch_python_dop_operator_3.py for tasks to queue
[2022-08-11 10:04:21,914] {logging_mixin.py:115} INFO - [2022-08-11 10:04:21,914] {dagbag.py:508} INFO - Filling up the DagBag from /Users/pro/Documents/a_env/proj_data/lib/python3.7/site-packages/airflow/example_dags/example_branch_python_dop_operator_3.py
[2022-08-11 10:04:21,930] {processor.py:651} INFO - DAG(s) dict_keys(['example_branch_dop_operator_v3']) retrieved from /Users/pro/Documents/a_env/proj_data/lib/python3.7/site-packages/airflow/example_dags/example_branch_python_dop_operator_3.py
[2022-08-11 10:04:21,949] {logging_mixin.py:115} INFO - [2022-08-11 10:04:21,949] {dag.py:2420} INFO - Sync 1 DAGs
[2022-08-11 10:04:21,972] {logging_mixin.py:115} INFO - [2022-08-11 10:04:21,971] {dag.py:2972} INFO - Setting next_dagrun for example_branch_dop_operator_v3 to 2022-08-11T02:03:00+00:00, run_after=2022-08-11T02:04:00+00:00
[2022-08-11 10:04:21,984] {processor.py:161} INFO - Processing /Users/pro/Documents/a_env/proj_data/lib/python3.7/site-packages/airflow/example_dags/example_branch_python_dop_operator_3.py took 0.078 seconds
[2022-08-11 10:22:52,140] {processor.py:153} INFO - Started process (PID=52232) to work on /Users/pro/Documents/a_env/proj_data/lib/python3.7/site-packages/airflow/example_dags/example_branch_python_dop_operator_3.py
[2022-08-11 10:22:52,141] {processor.py:641} INFO - Processing file /Users/pro/Documents/a_env/proj_data/lib/python3.7/site-packages/airflow/example_dags/example_branch_python_dop_operator_3.py for tasks to queue
[2022-08-11 10:22:52,142] {logging_mixin.py:115} INFO - [2022-08-11 10:22:52,142] {dagbag.py:508} INFO - Filling up the DagBag from /Users/pro/Documents/a_env/proj_data/lib/python3.7/site-packages/airflow/example_dags/example_branch_python_dop_operator_3.py
[2022-08-11 10:22:52,157] {processor.py:651} INFO - DAG(s) dict_keys(['example_branch_dop_operator_v3']) retrieved from /Users/pro/Documents/a_env/proj_data/lib/python3.7/site-packages/airflow/example_dags/example_branch_python_dop_operator_3.py
[2022-08-11 10:22:52,178] {logging_mixin.py:115} INFO - [2022-08-11 10:22:52,177] {dag.py:2420} INFO - Sync 1 DAGs
[2022-08-11 10:22:52,203] {logging_mixin.py:115} INFO - [2022-08-11 10:22:52,202] {dag.py:2972} INFO - Setting next_dagrun for example_branch_dop_operator_v3 to 2022-08-11T02:21:00+00:00, run_after=2022-08-11T02:22:00+00:00
[2022-08-11 10:22:52,214] {processor.py:161} INFO - Processing /Users/pro/Documents/a_env/proj_data/lib/python3.7/site-packages/airflow/example_dags/example_branch_python_dop_operator_3.py took 0.079 seconds
[2022-08-11 10:23:27,069] {processor.py:153} INFO - Started process (PID=52293) to work on /Users/pro/Documents/a_env/proj_data/lib/python3.7/site-packages/airflow/example_dags/example_branch_python_dop_operator_3.py
[2022-08-11 10:23:27,071] {processor.py:641} INFO - Processing file /Users/pro/Documents/a_env/proj_data/lib/python3.7/site-packages/airflow/example_dags/example_branch_python_dop_operator_3.py for tasks to queue
[2022-08-11 10:23:27,072] {logging_mixin.py:115} INFO - [2022-08-11 10:23:27,072] {dagbag.py:508} INFO - Filling up the DagBag from /Users/pro/Documents/a_env/proj_data/lib/python3.7/site-packages/airflow/example_dags/example_branch_python_dop_operator_3.py
[2022-08-11 10:23:27,085] {processor.py:651} INFO - DAG(s) dict_keys(['example_branch_dop_operator_v3']) retrieved from /Users/pro/Documents/a_env/proj_data/lib/python3.7/site-packages/airflow/example_dags/example_branch_python_dop_operator_3.py
[2022-08-11 10:23:27,107] {logging_mixin.py:115} INFO - [2022-08-11 10:23:27,107] {dag.py:2420} INFO - Sync 1 DAGs
[2022-08-11 10:23:27,131] {logging_mixin.py:115} INFO - [2022-08-11 10:23:27,131] {dag.py:2972} INFO - Setting next_dagrun for example_branch_dop_operator_v3 to 2022-08-11T02:22:00+00:00, run_after=2022-08-11T02:23:00+00:00
[2022-08-11 10:23:27,146] {processor.py:161} INFO - Processing /Users/pro/Documents/a_env/proj_data/lib/python3.7/site-packages/airflow/example_dags/example_branch_python_dop_operator_3.py took 0.081 seconds
[2022-08-11 10:24:03,300] {processor.py:153} INFO - Started process (PID=52391) to work on /Users/pro/Documents/a_env/proj_data/lib/python3.7/site-packages/airflow/example_dags/example_branch_python_dop_operator_3.py
[2022-08-11 10:24:03,303] {processor.py:641} INFO - Processing file /Users/pro/Documents/a_env/proj_data/lib/python3.7/site-packages/airflow/example_dags/example_branch_python_dop_operator_3.py for tasks to queue
[2022-08-11 10:24:03,304] {logging_mixin.py:115} INFO - [2022-08-11 10:24:03,304] {dagbag.py:508} INFO - Filling up the DagBag from /Users/pro/Documents/a_env/proj_data/lib/python3.7/site-packages/airflow/example_dags/example_branch_python_dop_operator_3.py
[2022-08-11 10:24:03,334] {processor.py:651} INFO - DAG(s) dict_keys(['example_branch_dop_operator_v3']) retrieved from /Users/pro/Documents/a_env/proj_data/lib/python3.7/site-packages/airflow/example_dags/example_branch_python_dop_operator_3.py
[2022-08-11 10:24:03,360] {logging_mixin.py:115} INFO - [2022-08-11 10:24:03,359] {dag.py:2420} INFO - Sync 1 DAGs
[2022-08-11 10:24:03,403] {logging_mixin.py:115} INFO - [2022-08-11 10:24:03,402] {dag.py:2972} INFO - Setting next_dagrun for example_branch_dop_operator_v3 to 2022-08-11T02:23:00+00:00, run_after=2022-08-11T02:24:00+00:00
[2022-08-11 10:24:03,437] {processor.py:161} INFO - Processing /Users/pro/Documents/a_env/proj_data/lib/python3.7/site-packages/airflow/example_dags/example_branch_python_dop_operator_3.py took 0.145 seconds
[2022-08-11 10:24:39,495] {processor.py:153} INFO - Started process (PID=52451) to work on /Users/pro/Documents/a_env/proj_data/lib/python3.7/site-packages/airflow/example_dags/example_branch_python_dop_operator_3.py
[2022-08-11 10:24:39,501] {processor.py:641} INFO - Processing file /Users/pro/Documents/a_env/proj_data/lib/python3.7/site-packages/airflow/example_dags/example_branch_python_dop_operator_3.py for tasks to queue
[2022-08-11 10:24:39,502] {logging_mixin.py:115} INFO - [2022-08-11 10:24:39,502] {dagbag.py:508} INFO - Filling up the DagBag from /Users/pro/Documents/a_env/proj_data/lib/python3.7/site-packages/airflow/example_dags/example_branch_python_dop_operator_3.py
[2022-08-11 10:24:39,529] {processor.py:651} INFO - DAG(s) dict_keys(['example_branch_dop_operator_v3']) retrieved from /Users/pro/Documents/a_env/proj_data/lib/python3.7/site-packages/airflow/example_dags/example_branch_python_dop_operator_3.py
[2022-08-11 10:24:39,555] {logging_mixin.py:115} INFO - [2022-08-11 10:24:39,555] {dag.py:2420} INFO - Sync 1 DAGs
[2022-08-11 10:24:39,585] {logging_mixin.py:115} INFO - [2022-08-11 10:24:39,585] {dag.py:2972} INFO - Setting next_dagrun for example_branch_dop_operator_v3 to 2022-08-11T02:23:00+00:00, run_after=2022-08-11T02:24:00+00:00
[2022-08-11 10:24:39,601] {processor.py:161} INFO - Processing /Users/pro/Documents/a_env/proj_data/lib/python3.7/site-packages/airflow/example_dags/example_branch_python_dop_operator_3.py took 0.113 seconds
[2022-08-11 10:25:19,262] {processor.py:153} INFO - Started process (PID=52495) to work on /Users/pro/Documents/a_env/proj_data/lib/python3.7/site-packages/airflow/example_dags/example_branch_python_dop_operator_3.py
[2022-08-11 10:25:19,263] {processor.py:641} INFO - Processing file /Users/pro/Documents/a_env/proj_data/lib/python3.7/site-packages/airflow/example_dags/example_branch_python_dop_operator_3.py for tasks to queue
[2022-08-11 10:25:19,265] {logging_mixin.py:115} INFO - [2022-08-11 10:25:19,264] {dagbag.py:508} INFO - Filling up the DagBag from /Users/pro/Documents/a_env/proj_data/lib/python3.7/site-packages/airflow/example_dags/example_branch_python_dop_operator_3.py
[2022-08-11 10:25:19,281] {processor.py:651} INFO - DAG(s) dict_keys(['example_branch_dop_operator_v3']) retrieved from /Users/pro/Documents/a_env/proj_data/lib/python3.7/site-packages/airflow/example_dags/example_branch_python_dop_operator_3.py
[2022-08-11 10:25:19,319] {logging_mixin.py:115} INFO - [2022-08-11 10:25:19,318] {dag.py:2420} INFO - Sync 1 DAGs
[2022-08-11 10:25:19,355] {logging_mixin.py:115} INFO - [2022-08-11 10:25:19,354] {dag.py:2972} INFO - Setting next_dagrun for example_branch_dop_operator_v3 to 2022-08-11T02:24:00+00:00, run_after=2022-08-11T02:25:00+00:00
[2022-08-11 10:25:19,388] {processor.py:161} INFO - Processing /Users/pro/Documents/a_env/proj_data/lib/python3.7/site-packages/airflow/example_dags/example_branch_python_dop_operator_3.py took 0.131 seconds
[2022-08-11 10:25:57,929] {processor.py:153} INFO - Started process (PID=52584) to work on /Users/pro/Documents/a_env/proj_data/lib/python3.7/site-packages/airflow/example_dags/example_branch_python_dop_operator_3.py
[2022-08-11 10:25:57,931] {processor.py:641} INFO - Processing file /Users/pro/Documents/a_env/proj_data/lib/python3.7/site-packages/airflow/example_dags/example_branch_python_dop_operator_3.py for tasks to queue
[2022-08-11 10:25:57,932] {logging_mixin.py:115} INFO - [2022-08-11 10:25:57,931] {dagbag.py:508} INFO - Filling up the DagBag from /Users/pro/Documents/a_env/proj_data/lib/python3.7/site-packages/airflow/example_dags/example_branch_python_dop_operator_3.py
[2022-08-11 10:25:57,951] {processor.py:651} INFO - DAG(s) dict_keys(['example_branch_dop_operator_v3']) retrieved from /Users/pro/Documents/a_env/proj_data/lib/python3.7/site-packages/airflow/example_dags/example_branch_python_dop_operator_3.py
[2022-08-11 10:25:57,971] {logging_mixin.py:115} INFO - [2022-08-11 10:25:57,971] {dag.py:2420} INFO - Sync 1 DAGs
[2022-08-11 10:25:58,002] {logging_mixin.py:115} INFO - [2022-08-11 10:25:58,002] {dag.py:2972} INFO - Setting next_dagrun for example_branch_dop_operator_v3 to 2022-08-11T02:24:00+00:00, run_after=2022-08-11T02:25:00+00:00
[2022-08-11 10:25:58,033] {processor.py:161} INFO - Processing /Users/pro/Documents/a_env/proj_data/lib/python3.7/site-packages/airflow/example_dags/example_branch_python_dop_operator_3.py took 0.107 seconds
[2022-08-11 10:26:46,063] {processor.py:153} INFO - Started process (PID=52641) to work on /Users/pro/Documents/a_env/proj_data/lib/python3.7/site-packages/airflow/example_dags/example_branch_python_dop_operator_3.py
[2022-08-11 10:26:46,064] {processor.py:641} INFO - Processing file /Users/pro/Documents/a_env/proj_data/lib/python3.7/site-packages/airflow/example_dags/example_branch_python_dop_operator_3.py for tasks to queue
[2022-08-11 10:26:46,065] {logging_mixin.py:115} INFO - [2022-08-11 10:26:46,065] {dagbag.py:508} INFO - Filling up the DagBag from /Users/pro/Documents/a_env/proj_data/lib/python3.7/site-packages/airflow/example_dags/example_branch_python_dop_operator_3.py
[2022-08-11 10:26:46,090] {processor.py:651} INFO - DAG(s) dict_keys(['example_branch_dop_operator_v3']) retrieved from /Users/pro/Documents/a_env/proj_data/lib/python3.7/site-packages/airflow/example_dags/example_branch_python_dop_operator_3.py
[2022-08-11 10:26:46,122] {logging_mixin.py:115} INFO - [2022-08-11 10:26:46,121] {dag.py:2420} INFO - Sync 1 DAGs
[2022-08-11 10:26:46,160] {logging_mixin.py:115} INFO - [2022-08-11 10:26:46,159] {dag.py:2972} INFO - Setting next_dagrun for example_branch_dop_operator_v3 to 2022-08-11T02:25:00+00:00, run_after=2022-08-11T02:26:00+00:00
[2022-08-11 10:26:46,175] {processor.py:161} INFO - Processing /Users/pro/Documents/a_env/proj_data/lib/python3.7/site-packages/airflow/example_dags/example_branch_python_dop_operator_3.py took 0.118 seconds
[2022-08-11 10:27:34,198] {processor.py:153} INFO - Started process (PID=52692) to work on /Users/pro/Documents/a_env/proj_data/lib/python3.7/site-packages/airflow/example_dags/example_branch_python_dop_operator_3.py
[2022-08-11 10:27:34,199] {processor.py:641} INFO - Processing file /Users/pro/Documents/a_env/proj_data/lib/python3.7/site-packages/airflow/example_dags/example_branch_python_dop_operator_3.py for tasks to queue
[2022-08-11 10:27:34,201] {logging_mixin.py:115} INFO - [2022-08-11 10:27:34,200] {dagbag.py:508} INFO - Filling up the DagBag from /Users/pro/Documents/a_env/proj_data/lib/python3.7/site-packages/airflow/example_dags/example_branch_python_dop_operator_3.py
[2022-08-11 10:27:34,237] {processor.py:651} INFO - DAG(s) dict_keys(['example_branch_dop_operator_v3']) retrieved from /Users/pro/Documents/a_env/proj_data/lib/python3.7/site-packages/airflow/example_dags/example_branch_python_dop_operator_3.py
[2022-08-11 10:27:34,271] {logging_mixin.py:115} INFO - [2022-08-11 10:27:34,271] {dag.py:2420} INFO - Sync 1 DAGs
[2022-08-11 10:27:34,308] {logging_mixin.py:115} INFO - [2022-08-11 10:27:34,308] {dag.py:2972} INFO - Setting next_dagrun for example_branch_dop_operator_v3 to 2022-08-11T02:26:00+00:00, run_after=2022-08-11T02:27:00+00:00
[2022-08-11 10:27:34,340] {processor.py:161} INFO - Processing /Users/pro/Documents/a_env/proj_data/lib/python3.7/site-packages/airflow/example_dags/example_branch_python_dop_operator_3.py took 0.154 seconds
[2022-08-11 10:28:24,326] {processor.py:153} INFO - Started process (PID=52758) to work on /Users/pro/Documents/a_env/proj_data/lib/python3.7/site-packages/airflow/example_dags/example_branch_python_dop_operator_3.py
[2022-08-11 10:28:24,328] {processor.py:641} INFO - Processing file /Users/pro/Documents/a_env/proj_data/lib/python3.7/site-packages/airflow/example_dags/example_branch_python_dop_operator_3.py for tasks to queue
[2022-08-11 10:28:24,329] {logging_mixin.py:115} INFO - [2022-08-11 10:28:24,329] {dagbag.py:508} INFO - Filling up the DagBag from /Users/pro/Documents/a_env/proj_data/lib/python3.7/site-packages/airflow/example_dags/example_branch_python_dop_operator_3.py
[2022-08-11 10:28:24,358] {processor.py:651} INFO - DAG(s) dict_keys(['example_branch_dop_operator_v3']) retrieved from /Users/pro/Documents/a_env/proj_data/lib/python3.7/site-packages/airflow/example_dags/example_branch_python_dop_operator_3.py
[2022-08-11 10:28:24,390] {logging_mixin.py:115} INFO - [2022-08-11 10:28:24,390] {dag.py:2420} INFO - Sync 1 DAGs
[2022-08-11 10:28:24,422] {logging_mixin.py:115} INFO - [2022-08-11 10:28:24,421] {dag.py:2972} INFO - Setting next_dagrun for example_branch_dop_operator_v3 to 2022-08-11T02:27:00+00:00, run_after=2022-08-11T02:28:00+00:00
[2022-08-11 10:28:24,436] {processor.py:161} INFO - Processing /Users/pro/Documents/a_env/proj_data/lib/python3.7/site-packages/airflow/example_dags/example_branch_python_dop_operator_3.py took 0.119 seconds
