[2022-08-11 08:02:52,976] {processor.py:153} INFO - Started process (PID=50730) to work on /Users/pro/Documents/a_env/proj_data/lib/python3.7/site-packages/airflow/example_dags/example_complex.py
[2022-08-11 08:02:52,984] {processor.py:641} INFO - Processing file /Users/pro/Documents/a_env/proj_data/lib/python3.7/site-packages/airflow/example_dags/example_complex.py for tasks to queue
[2022-08-11 08:02:52,993] {logging_mixin.py:115} INFO - [2022-08-11 08:02:52,991] {dagbag.py:508} INFO - Filling up the DagBag from /Users/pro/Documents/a_env/proj_data/lib/python3.7/site-packages/airflow/example_dags/example_complex.py
[2022-08-11 08:02:53,123] {processor.py:651} INFO - DAG(s) dict_keys(['example_complex']) retrieved from /Users/pro/Documents/a_env/proj_data/lib/python3.7/site-packages/airflow/example_dags/example_complex.py
[2022-08-11 08:02:53,306] {logging_mixin.py:115} INFO - [2022-08-11 08:02:53,304] {dag.py:2420} INFO - Sync 1 DAGs
[2022-08-11 08:02:53,457] {logging_mixin.py:115} INFO - [2022-08-11 08:02:53,455] {dag.py:2972} INFO - Setting next_dagrun for example_complex to None, run_after=None
[2022-08-11 08:02:53,543] {processor.py:161} INFO - Processing /Users/pro/Documents/a_env/proj_data/lib/python3.7/site-packages/airflow/example_dags/example_complex.py took 0.600 seconds
[2022-08-11 09:01:43,081] {processor.py:153} INFO - Started process (PID=50822) to work on /Users/pro/Documents/a_env/proj_data/lib/python3.7/site-packages/airflow/example_dags/example_complex.py
[2022-08-11 09:01:43,082] {processor.py:641} INFO - Processing file /Users/pro/Documents/a_env/proj_data/lib/python3.7/site-packages/airflow/example_dags/example_complex.py for tasks to queue
[2022-08-11 09:01:43,083] {logging_mixin.py:115} INFO - [2022-08-11 09:01:43,082] {dagbag.py:508} INFO - Filling up the DagBag from /Users/pro/Documents/a_env/proj_data/lib/python3.7/site-packages/airflow/example_dags/example_complex.py
[2022-08-11 09:01:43,098] {processor.py:651} INFO - DAG(s) dict_keys(['example_complex']) retrieved from /Users/pro/Documents/a_env/proj_data/lib/python3.7/site-packages/airflow/example_dags/example_complex.py
[2022-08-11 09:01:43,120] {logging_mixin.py:115} INFO - [2022-08-11 09:01:43,120] {dag.py:2420} INFO - Sync 1 DAGs
[2022-08-11 09:01:43,139] {logging_mixin.py:115} INFO - [2022-08-11 09:01:43,138] {dag.py:2972} INFO - Setting next_dagrun for example_complex to None, run_after=None
[2022-08-11 09:01:43,150] {processor.py:161} INFO - Processing /Users/pro/Documents/a_env/proj_data/lib/python3.7/site-packages/airflow/example_dags/example_complex.py took 0.074 seconds
[2022-08-11 09:45:44,645] {processor.py:153} INFO - Started process (PID=50910) to work on /Users/pro/Documents/a_env/proj_data/lib/python3.7/site-packages/airflow/example_dags/example_complex.py
[2022-08-11 09:45:44,647] {processor.py:641} INFO - Processing file /Users/pro/Documents/a_env/proj_data/lib/python3.7/site-packages/airflow/example_dags/example_complex.py for tasks to queue
[2022-08-11 09:45:44,648] {logging_mixin.py:115} INFO - [2022-08-11 09:45:44,648] {dagbag.py:508} INFO - Filling up the DagBag from /Users/pro/Documents/a_env/proj_data/lib/python3.7/site-packages/airflow/example_dags/example_complex.py
[2022-08-11 09:45:44,665] {processor.py:651} INFO - DAG(s) dict_keys(['example_complex']) retrieved from /Users/pro/Documents/a_env/proj_data/lib/python3.7/site-packages/airflow/example_dags/example_complex.py
[2022-08-11 09:45:44,688] {logging_mixin.py:115} INFO - [2022-08-11 09:45:44,688] {dag.py:2420} INFO - Sync 1 DAGs
[2022-08-11 09:45:44,705] {logging_mixin.py:115} INFO - [2022-08-11 09:45:44,705] {dag.py:2972} INFO - Setting next_dagrun for example_complex to None, run_after=None
[2022-08-11 09:45:44,717] {processor.py:161} INFO - Processing /Users/pro/Documents/a_env/proj_data/lib/python3.7/site-packages/airflow/example_dags/example_complex.py took 0.076 seconds
[2022-08-11 09:46:19,595] {processor.py:153} INFO - Started process (PID=50958) to work on /Users/pro/Documents/a_env/proj_data/lib/python3.7/site-packages/airflow/example_dags/example_complex.py
[2022-08-11 09:46:19,596] {processor.py:641} INFO - Processing file /Users/pro/Documents/a_env/proj_data/lib/python3.7/site-packages/airflow/example_dags/example_complex.py for tasks to queue
[2022-08-11 09:46:19,597] {logging_mixin.py:115} INFO - [2022-08-11 09:46:19,597] {dagbag.py:508} INFO - Filling up the DagBag from /Users/pro/Documents/a_env/proj_data/lib/python3.7/site-packages/airflow/example_dags/example_complex.py
[2022-08-11 09:46:19,613] {processor.py:651} INFO - DAG(s) dict_keys(['example_complex']) retrieved from /Users/pro/Documents/a_env/proj_data/lib/python3.7/site-packages/airflow/example_dags/example_complex.py
[2022-08-11 09:46:19,637] {logging_mixin.py:115} INFO - [2022-08-11 09:46:19,637] {dag.py:2420} INFO - Sync 1 DAGs
[2022-08-11 09:46:19,656] {logging_mixin.py:115} INFO - [2022-08-11 09:46:19,656] {dag.py:2972} INFO - Setting next_dagrun for example_complex to None, run_after=None
[2022-08-11 09:46:19,669] {processor.py:161} INFO - Processing /Users/pro/Documents/a_env/proj_data/lib/python3.7/site-packages/airflow/example_dags/example_complex.py took 0.078 seconds
[2022-08-11 09:46:54,736] {processor.py:153} INFO - Started process (PID=50997) to work on /Users/pro/Documents/a_env/proj_data/lib/python3.7/site-packages/airflow/example_dags/example_complex.py
[2022-08-11 09:46:54,737] {processor.py:641} INFO - Processing file /Users/pro/Documents/a_env/proj_data/lib/python3.7/site-packages/airflow/example_dags/example_complex.py for tasks to queue
[2022-08-11 09:46:54,738] {logging_mixin.py:115} INFO - [2022-08-11 09:46:54,738] {dagbag.py:508} INFO - Filling up the DagBag from /Users/pro/Documents/a_env/proj_data/lib/python3.7/site-packages/airflow/example_dags/example_complex.py
[2022-08-11 09:46:54,756] {processor.py:651} INFO - DAG(s) dict_keys(['example_complex']) retrieved from /Users/pro/Documents/a_env/proj_data/lib/python3.7/site-packages/airflow/example_dags/example_complex.py
[2022-08-11 09:46:54,783] {logging_mixin.py:115} INFO - [2022-08-11 09:46:54,783] {dag.py:2420} INFO - Sync 1 DAGs
[2022-08-11 09:46:54,807] {logging_mixin.py:115} INFO - [2022-08-11 09:46:54,807] {dag.py:2972} INFO - Setting next_dagrun for example_complex to None, run_after=None
[2022-08-11 09:46:54,821] {processor.py:161} INFO - Processing /Users/pro/Documents/a_env/proj_data/lib/python3.7/site-packages/airflow/example_dags/example_complex.py took 0.090 seconds
[2022-08-11 09:47:30,620] {processor.py:153} INFO - Started process (PID=51035) to work on /Users/pro/Documents/a_env/proj_data/lib/python3.7/site-packages/airflow/example_dags/example_complex.py
[2022-08-11 09:47:30,621] {processor.py:641} INFO - Processing file /Users/pro/Documents/a_env/proj_data/lib/python3.7/site-packages/airflow/example_dags/example_complex.py for tasks to queue
[2022-08-11 09:47:30,622] {logging_mixin.py:115} INFO - [2022-08-11 09:47:30,622] {dagbag.py:508} INFO - Filling up the DagBag from /Users/pro/Documents/a_env/proj_data/lib/python3.7/site-packages/airflow/example_dags/example_complex.py
[2022-08-11 09:47:30,642] {processor.py:651} INFO - DAG(s) dict_keys(['example_complex']) retrieved from /Users/pro/Documents/a_env/proj_data/lib/python3.7/site-packages/airflow/example_dags/example_complex.py
[2022-08-11 09:47:30,668] {logging_mixin.py:115} INFO - [2022-08-11 09:47:30,668] {dag.py:2420} INFO - Sync 1 DAGs
[2022-08-11 09:47:30,687] {logging_mixin.py:115} INFO - [2022-08-11 09:47:30,686] {dag.py:2972} INFO - Setting next_dagrun for example_complex to None, run_after=None
[2022-08-11 09:47:30,699] {processor.py:161} INFO - Processing /Users/pro/Documents/a_env/proj_data/lib/python3.7/site-packages/airflow/example_dags/example_complex.py took 0.084 seconds
[2022-08-11 09:48:04,101] {processor.py:153} INFO - Started process (PID=51075) to work on /Users/pro/Documents/a_env/proj_data/lib/python3.7/site-packages/airflow/example_dags/example_complex.py
[2022-08-11 09:48:04,102] {processor.py:641} INFO - Processing file /Users/pro/Documents/a_env/proj_data/lib/python3.7/site-packages/airflow/example_dags/example_complex.py for tasks to queue
[2022-08-11 09:48:04,104] {logging_mixin.py:115} INFO - [2022-08-11 09:48:04,103] {dagbag.py:508} INFO - Filling up the DagBag from /Users/pro/Documents/a_env/proj_data/lib/python3.7/site-packages/airflow/example_dags/example_complex.py
[2022-08-11 09:48:04,120] {processor.py:651} INFO - DAG(s) dict_keys(['example_complex']) retrieved from /Users/pro/Documents/a_env/proj_data/lib/python3.7/site-packages/airflow/example_dags/example_complex.py
[2022-08-11 09:48:04,145] {logging_mixin.py:115} INFO - [2022-08-11 09:48:04,145] {dag.py:2420} INFO - Sync 1 DAGs
[2022-08-11 09:48:04,164] {logging_mixin.py:115} INFO - [2022-08-11 09:48:04,163] {dag.py:2972} INFO - Setting next_dagrun for example_complex to None, run_after=None
[2022-08-11 09:48:04,176] {processor.py:161} INFO - Processing /Users/pro/Documents/a_env/proj_data/lib/python3.7/site-packages/airflow/example_dags/example_complex.py took 0.080 seconds
[2022-08-11 09:48:37,084] {processor.py:153} INFO - Started process (PID=51110) to work on /Users/pro/Documents/a_env/proj_data/lib/python3.7/site-packages/airflow/example_dags/example_complex.py
[2022-08-11 09:48:37,085] {processor.py:641} INFO - Processing file /Users/pro/Documents/a_env/proj_data/lib/python3.7/site-packages/airflow/example_dags/example_complex.py for tasks to queue
[2022-08-11 09:48:37,087] {logging_mixin.py:115} INFO - [2022-08-11 09:48:37,086] {dagbag.py:508} INFO - Filling up the DagBag from /Users/pro/Documents/a_env/proj_data/lib/python3.7/site-packages/airflow/example_dags/example_complex.py
[2022-08-11 09:48:37,102] {processor.py:651} INFO - DAG(s) dict_keys(['example_complex']) retrieved from /Users/pro/Documents/a_env/proj_data/lib/python3.7/site-packages/airflow/example_dags/example_complex.py
[2022-08-11 09:48:37,126] {logging_mixin.py:115} INFO - [2022-08-11 09:48:37,126] {dag.py:2420} INFO - Sync 1 DAGs
[2022-08-11 09:48:37,145] {logging_mixin.py:115} INFO - [2022-08-11 09:48:37,145] {dag.py:2972} INFO - Setting next_dagrun for example_complex to None, run_after=None
[2022-08-11 09:48:37,157] {processor.py:161} INFO - Processing /Users/pro/Documents/a_env/proj_data/lib/python3.7/site-packages/airflow/example_dags/example_complex.py took 0.079 seconds
[2022-08-11 09:49:15,699] {processor.py:153} INFO - Started process (PID=51149) to work on /Users/pro/Documents/a_env/proj_data/lib/python3.7/site-packages/airflow/example_dags/example_complex.py
[2022-08-11 09:49:15,700] {processor.py:641} INFO - Processing file /Users/pro/Documents/a_env/proj_data/lib/python3.7/site-packages/airflow/example_dags/example_complex.py for tasks to queue
[2022-08-11 09:49:15,702] {logging_mixin.py:115} INFO - [2022-08-11 09:49:15,701] {dagbag.py:508} INFO - Filling up the DagBag from /Users/pro/Documents/a_env/proj_data/lib/python3.7/site-packages/airflow/example_dags/example_complex.py
[2022-08-11 09:49:15,718] {processor.py:651} INFO - DAG(s) dict_keys(['example_complex']) retrieved from /Users/pro/Documents/a_env/proj_data/lib/python3.7/site-packages/airflow/example_dags/example_complex.py
[2022-08-11 09:49:15,742] {logging_mixin.py:115} INFO - [2022-08-11 09:49:15,742] {dag.py:2420} INFO - Sync 1 DAGs
[2022-08-11 09:49:15,761] {logging_mixin.py:115} INFO - [2022-08-11 09:49:15,760] {dag.py:2972} INFO - Setting next_dagrun for example_complex to None, run_after=None
[2022-08-11 09:49:15,773] {processor.py:161} INFO - Processing /Users/pro/Documents/a_env/proj_data/lib/python3.7/site-packages/airflow/example_dags/example_complex.py took 0.079 seconds
[2022-08-11 09:49:50,275] {processor.py:153} INFO - Started process (PID=51184) to work on /Users/pro/Documents/a_env/proj_data/lib/python3.7/site-packages/airflow/example_dags/example_complex.py
[2022-08-11 09:49:50,277] {processor.py:641} INFO - Processing file /Users/pro/Documents/a_env/proj_data/lib/python3.7/site-packages/airflow/example_dags/example_complex.py for tasks to queue
[2022-08-11 09:49:50,278] {logging_mixin.py:115} INFO - [2022-08-11 09:49:50,277] {dagbag.py:508} INFO - Filling up the DagBag from /Users/pro/Documents/a_env/proj_data/lib/python3.7/site-packages/airflow/example_dags/example_complex.py
[2022-08-11 09:49:50,295] {processor.py:651} INFO - DAG(s) dict_keys(['example_complex']) retrieved from /Users/pro/Documents/a_env/proj_data/lib/python3.7/site-packages/airflow/example_dags/example_complex.py
[2022-08-11 09:49:50,320] {logging_mixin.py:115} INFO - [2022-08-11 09:49:50,320] {dag.py:2420} INFO - Sync 1 DAGs
[2022-08-11 09:49:50,339] {logging_mixin.py:115} INFO - [2022-08-11 09:49:50,339] {dag.py:2972} INFO - Setting next_dagrun for example_complex to None, run_after=None
[2022-08-11 09:49:50,352] {processor.py:161} INFO - Processing /Users/pro/Documents/a_env/proj_data/lib/python3.7/site-packages/airflow/example_dags/example_complex.py took 0.081 seconds
[2022-08-11 09:50:23,388] {processor.py:153} INFO - Started process (PID=51220) to work on /Users/pro/Documents/a_env/proj_data/lib/python3.7/site-packages/airflow/example_dags/example_complex.py
[2022-08-11 09:50:23,389] {processor.py:641} INFO - Processing file /Users/pro/Documents/a_env/proj_data/lib/python3.7/site-packages/airflow/example_dags/example_complex.py for tasks to queue
[2022-08-11 09:50:23,390] {logging_mixin.py:115} INFO - [2022-08-11 09:50:23,389] {dagbag.py:508} INFO - Filling up the DagBag from /Users/pro/Documents/a_env/proj_data/lib/python3.7/site-packages/airflow/example_dags/example_complex.py
[2022-08-11 09:50:23,405] {processor.py:651} INFO - DAG(s) dict_keys(['example_complex']) retrieved from /Users/pro/Documents/a_env/proj_data/lib/python3.7/site-packages/airflow/example_dags/example_complex.py
[2022-08-11 09:50:23,429] {logging_mixin.py:115} INFO - [2022-08-11 09:50:23,429] {dag.py:2420} INFO - Sync 1 DAGs
[2022-08-11 09:50:23,447] {logging_mixin.py:115} INFO - [2022-08-11 09:50:23,447] {dag.py:2972} INFO - Setting next_dagrun for example_complex to None, run_after=None
[2022-08-11 09:50:23,460] {processor.py:161} INFO - Processing /Users/pro/Documents/a_env/proj_data/lib/python3.7/site-packages/airflow/example_dags/example_complex.py took 0.076 seconds
[2022-08-11 09:50:58,204] {processor.py:153} INFO - Started process (PID=51255) to work on /Users/pro/Documents/a_env/proj_data/lib/python3.7/site-packages/airflow/example_dags/example_complex.py
[2022-08-11 09:50:58,205] {processor.py:641} INFO - Processing file /Users/pro/Documents/a_env/proj_data/lib/python3.7/site-packages/airflow/example_dags/example_complex.py for tasks to queue
[2022-08-11 09:50:58,206] {logging_mixin.py:115} INFO - [2022-08-11 09:50:58,206] {dagbag.py:508} INFO - Filling up the DagBag from /Users/pro/Documents/a_env/proj_data/lib/python3.7/site-packages/airflow/example_dags/example_complex.py
[2022-08-11 09:50:58,224] {processor.py:651} INFO - DAG(s) dict_keys(['example_complex']) retrieved from /Users/pro/Documents/a_env/proj_data/lib/python3.7/site-packages/airflow/example_dags/example_complex.py
[2022-08-11 09:50:58,248] {logging_mixin.py:115} INFO - [2022-08-11 09:50:58,248] {dag.py:2420} INFO - Sync 1 DAGs
[2022-08-11 09:50:58,266] {logging_mixin.py:115} INFO - [2022-08-11 09:50:58,265] {dag.py:2972} INFO - Setting next_dagrun for example_complex to None, run_after=None
[2022-08-11 09:50:58,280] {processor.py:161} INFO - Processing /Users/pro/Documents/a_env/proj_data/lib/python3.7/site-packages/airflow/example_dags/example_complex.py took 0.081 seconds
[2022-08-11 09:51:36,222] {processor.py:153} INFO - Started process (PID=51299) to work on /Users/pro/Documents/a_env/proj_data/lib/python3.7/site-packages/airflow/example_dags/example_complex.py
[2022-08-11 09:51:36,223] {processor.py:641} INFO - Processing file /Users/pro/Documents/a_env/proj_data/lib/python3.7/site-packages/airflow/example_dags/example_complex.py for tasks to queue
[2022-08-11 09:51:36,224] {logging_mixin.py:115} INFO - [2022-08-11 09:51:36,224] {dagbag.py:508} INFO - Filling up the DagBag from /Users/pro/Documents/a_env/proj_data/lib/python3.7/site-packages/airflow/example_dags/example_complex.py
[2022-08-11 09:51:36,241] {processor.py:651} INFO - DAG(s) dict_keys(['example_complex']) retrieved from /Users/pro/Documents/a_env/proj_data/lib/python3.7/site-packages/airflow/example_dags/example_complex.py
[2022-08-11 09:51:36,266] {logging_mixin.py:115} INFO - [2022-08-11 09:51:36,266] {dag.py:2420} INFO - Sync 1 DAGs
[2022-08-11 09:51:36,285] {logging_mixin.py:115} INFO - [2022-08-11 09:51:36,284] {dag.py:2972} INFO - Setting next_dagrun for example_complex to None, run_after=None
[2022-08-11 09:51:36,297] {processor.py:161} INFO - Processing /Users/pro/Documents/a_env/proj_data/lib/python3.7/site-packages/airflow/example_dags/example_complex.py took 0.080 seconds
[2022-08-11 09:52:12,805] {processor.py:153} INFO - Started process (PID=51348) to work on /Users/pro/Documents/a_env/proj_data/lib/python3.7/site-packages/airflow/example_dags/example_complex.py
[2022-08-11 09:52:12,807] {processor.py:641} INFO - Processing file /Users/pro/Documents/a_env/proj_data/lib/python3.7/site-packages/airflow/example_dags/example_complex.py for tasks to queue
[2022-08-11 09:52:12,808] {logging_mixin.py:115} INFO - [2022-08-11 09:52:12,808] {dagbag.py:508} INFO - Filling up the DagBag from /Users/pro/Documents/a_env/proj_data/lib/python3.7/site-packages/airflow/example_dags/example_complex.py
[2022-08-11 09:52:12,826] {processor.py:651} INFO - DAG(s) dict_keys(['example_complex']) retrieved from /Users/pro/Documents/a_env/proj_data/lib/python3.7/site-packages/airflow/example_dags/example_complex.py
[2022-08-11 09:52:12,849] {logging_mixin.py:115} INFO - [2022-08-11 09:52:12,849] {dag.py:2420} INFO - Sync 1 DAGs
[2022-08-11 09:52:12,868] {logging_mixin.py:115} INFO - [2022-08-11 09:52:12,867] {dag.py:2972} INFO - Setting next_dagrun for example_complex to None, run_after=None
[2022-08-11 09:52:12,879] {processor.py:161} INFO - Processing /Users/pro/Documents/a_env/proj_data/lib/python3.7/site-packages/airflow/example_dags/example_complex.py took 0.078 seconds
[2022-08-11 09:52:46,246] {processor.py:153} INFO - Started process (PID=51391) to work on /Users/pro/Documents/a_env/proj_data/lib/python3.7/site-packages/airflow/example_dags/example_complex.py
[2022-08-11 09:52:46,247] {processor.py:641} INFO - Processing file /Users/pro/Documents/a_env/proj_data/lib/python3.7/site-packages/airflow/example_dags/example_complex.py for tasks to queue
[2022-08-11 09:52:46,248] {logging_mixin.py:115} INFO - [2022-08-11 09:52:46,248] {dagbag.py:508} INFO - Filling up the DagBag from /Users/pro/Documents/a_env/proj_data/lib/python3.7/site-packages/airflow/example_dags/example_complex.py
[2022-08-11 09:52:46,265] {processor.py:651} INFO - DAG(s) dict_keys(['example_complex']) retrieved from /Users/pro/Documents/a_env/proj_data/lib/python3.7/site-packages/airflow/example_dags/example_complex.py
[2022-08-11 09:52:46,289] {logging_mixin.py:115} INFO - [2022-08-11 09:52:46,289] {dag.py:2420} INFO - Sync 1 DAGs
[2022-08-11 09:52:46,308] {logging_mixin.py:115} INFO - [2022-08-11 09:52:46,308] {dag.py:2972} INFO - Setting next_dagrun for example_complex to None, run_after=None
[2022-08-11 09:52:46,320] {processor.py:161} INFO - Processing /Users/pro/Documents/a_env/proj_data/lib/python3.7/site-packages/airflow/example_dags/example_complex.py took 0.079 seconds
[2022-08-11 09:53:22,948] {processor.py:153} INFO - Started process (PID=51434) to work on /Users/pro/Documents/a_env/proj_data/lib/python3.7/site-packages/airflow/example_dags/example_complex.py
[2022-08-11 09:53:22,948] {processor.py:641} INFO - Processing file /Users/pro/Documents/a_env/proj_data/lib/python3.7/site-packages/airflow/example_dags/example_complex.py for tasks to queue
[2022-08-11 09:53:22,949] {logging_mixin.py:115} INFO - [2022-08-11 09:53:22,949] {dagbag.py:508} INFO - Filling up the DagBag from /Users/pro/Documents/a_env/proj_data/lib/python3.7/site-packages/airflow/example_dags/example_complex.py
[2022-08-11 09:53:22,966] {processor.py:651} INFO - DAG(s) dict_keys(['example_complex']) retrieved from /Users/pro/Documents/a_env/proj_data/lib/python3.7/site-packages/airflow/example_dags/example_complex.py
[2022-08-11 09:53:22,989] {logging_mixin.py:115} INFO - [2022-08-11 09:53:22,989] {dag.py:2420} INFO - Sync 1 DAGs
[2022-08-11 09:53:23,008] {logging_mixin.py:115} INFO - [2022-08-11 09:53:23,007] {dag.py:2972} INFO - Setting next_dagrun for example_complex to None, run_after=None
[2022-08-11 09:53:23,019] {processor.py:161} INFO - Processing /Users/pro/Documents/a_env/proj_data/lib/python3.7/site-packages/airflow/example_dags/example_complex.py took 0.075 seconds
[2022-08-11 09:53:58,904] {processor.py:153} INFO - Started process (PID=51470) to work on /Users/pro/Documents/a_env/proj_data/lib/python3.7/site-packages/airflow/example_dags/example_complex.py
[2022-08-11 09:53:58,905] {processor.py:641} INFO - Processing file /Users/pro/Documents/a_env/proj_data/lib/python3.7/site-packages/airflow/example_dags/example_complex.py for tasks to queue
[2022-08-11 09:53:58,906] {logging_mixin.py:115} INFO - [2022-08-11 09:53:58,906] {dagbag.py:508} INFO - Filling up the DagBag from /Users/pro/Documents/a_env/proj_data/lib/python3.7/site-packages/airflow/example_dags/example_complex.py
[2022-08-11 09:53:58,924] {processor.py:651} INFO - DAG(s) dict_keys(['example_complex']) retrieved from /Users/pro/Documents/a_env/proj_data/lib/python3.7/site-packages/airflow/example_dags/example_complex.py
[2022-08-11 09:53:58,947] {logging_mixin.py:115} INFO - [2022-08-11 09:53:58,946] {dag.py:2420} INFO - Sync 1 DAGs
[2022-08-11 09:53:58,965] {logging_mixin.py:115} INFO - [2022-08-11 09:53:58,964] {dag.py:2972} INFO - Setting next_dagrun for example_complex to None, run_after=None
[2022-08-11 09:53:58,979] {processor.py:161} INFO - Processing /Users/pro/Documents/a_env/proj_data/lib/python3.7/site-packages/airflow/example_dags/example_complex.py took 0.079 seconds
[2022-08-11 09:54:32,664] {processor.py:153} INFO - Started process (PID=51505) to work on /Users/pro/Documents/a_env/proj_data/lib/python3.7/site-packages/airflow/example_dags/example_complex.py
[2022-08-11 09:54:32,666] {processor.py:641} INFO - Processing file /Users/pro/Documents/a_env/proj_data/lib/python3.7/site-packages/airflow/example_dags/example_complex.py for tasks to queue
[2022-08-11 09:54:32,667] {logging_mixin.py:115} INFO - [2022-08-11 09:54:32,667] {dagbag.py:508} INFO - Filling up the DagBag from /Users/pro/Documents/a_env/proj_data/lib/python3.7/site-packages/airflow/example_dags/example_complex.py
[2022-08-11 09:54:32,687] {processor.py:651} INFO - DAG(s) dict_keys(['example_complex']) retrieved from /Users/pro/Documents/a_env/proj_data/lib/python3.7/site-packages/airflow/example_dags/example_complex.py
[2022-08-11 09:54:32,711] {logging_mixin.py:115} INFO - [2022-08-11 09:54:32,711] {dag.py:2420} INFO - Sync 1 DAGs
[2022-08-11 09:54:32,730] {logging_mixin.py:115} INFO - [2022-08-11 09:54:32,730] {dag.py:2972} INFO - Setting next_dagrun for example_complex to None, run_after=None
[2022-08-11 09:54:32,743] {processor.py:161} INFO - Processing /Users/pro/Documents/a_env/proj_data/lib/python3.7/site-packages/airflow/example_dags/example_complex.py took 0.085 seconds
[2022-08-11 09:55:08,565] {processor.py:153} INFO - Started process (PID=51543) to work on /Users/pro/Documents/a_env/proj_data/lib/python3.7/site-packages/airflow/example_dags/example_complex.py
[2022-08-11 09:55:08,568] {processor.py:641} INFO - Processing file /Users/pro/Documents/a_env/proj_data/lib/python3.7/site-packages/airflow/example_dags/example_complex.py for tasks to queue
[2022-08-11 09:55:08,569] {logging_mixin.py:115} INFO - [2022-08-11 09:55:08,569] {dagbag.py:508} INFO - Filling up the DagBag from /Users/pro/Documents/a_env/proj_data/lib/python3.7/site-packages/airflow/example_dags/example_complex.py
[2022-08-11 09:55:08,589] {processor.py:651} INFO - DAG(s) dict_keys(['example_complex']) retrieved from /Users/pro/Documents/a_env/proj_data/lib/python3.7/site-packages/airflow/example_dags/example_complex.py
[2022-08-11 09:55:08,616] {logging_mixin.py:115} INFO - [2022-08-11 09:55:08,616] {dag.py:2420} INFO - Sync 1 DAGs
[2022-08-11 09:55:08,635] {logging_mixin.py:115} INFO - [2022-08-11 09:55:08,634] {dag.py:2972} INFO - Setting next_dagrun for example_complex to None, run_after=None
[2022-08-11 09:55:08,653] {processor.py:161} INFO - Processing /Users/pro/Documents/a_env/proj_data/lib/python3.7/site-packages/airflow/example_dags/example_complex.py took 0.093 seconds
[2022-08-11 09:55:44,867] {processor.py:153} INFO - Started process (PID=51579) to work on /Users/pro/Documents/a_env/proj_data/lib/python3.7/site-packages/airflow/example_dags/example_complex.py
[2022-08-11 09:55:44,869] {processor.py:641} INFO - Processing file /Users/pro/Documents/a_env/proj_data/lib/python3.7/site-packages/airflow/example_dags/example_complex.py for tasks to queue
[2022-08-11 09:55:44,870] {logging_mixin.py:115} INFO - [2022-08-11 09:55:44,870] {dagbag.py:508} INFO - Filling up the DagBag from /Users/pro/Documents/a_env/proj_data/lib/python3.7/site-packages/airflow/example_dags/example_complex.py
[2022-08-11 09:55:44,888] {processor.py:651} INFO - DAG(s) dict_keys(['example_complex']) retrieved from /Users/pro/Documents/a_env/proj_data/lib/python3.7/site-packages/airflow/example_dags/example_complex.py
[2022-08-11 09:55:44,911] {logging_mixin.py:115} INFO - [2022-08-11 09:55:44,910] {dag.py:2420} INFO - Sync 1 DAGs
[2022-08-11 09:55:44,935] {logging_mixin.py:115} INFO - [2022-08-11 09:55:44,934] {dag.py:2972} INFO - Setting next_dagrun for example_complex to None, run_after=None
[2022-08-11 09:55:44,946] {processor.py:161} INFO - Processing /Users/pro/Documents/a_env/proj_data/lib/python3.7/site-packages/airflow/example_dags/example_complex.py took 0.084 seconds
[2022-08-11 09:56:25,846] {processor.py:153} INFO - Started process (PID=51619) to work on /Users/pro/Documents/a_env/proj_data/lib/python3.7/site-packages/airflow/example_dags/example_complex.py
[2022-08-11 09:56:25,849] {processor.py:641} INFO - Processing file /Users/pro/Documents/a_env/proj_data/lib/python3.7/site-packages/airflow/example_dags/example_complex.py for tasks to queue
[2022-08-11 09:56:25,851] {logging_mixin.py:115} INFO - [2022-08-11 09:56:25,851] {dagbag.py:508} INFO - Filling up the DagBag from /Users/pro/Documents/a_env/proj_data/lib/python3.7/site-packages/airflow/example_dags/example_complex.py
[2022-08-11 09:56:25,874] {processor.py:651} INFO - DAG(s) dict_keys(['example_complex']) retrieved from /Users/pro/Documents/a_env/proj_data/lib/python3.7/site-packages/airflow/example_dags/example_complex.py
[2022-08-11 09:56:25,899] {logging_mixin.py:115} INFO - [2022-08-11 09:56:25,899] {dag.py:2420} INFO - Sync 1 DAGs
[2022-08-11 09:56:25,917] {logging_mixin.py:115} INFO - [2022-08-11 09:56:25,916] {dag.py:2972} INFO - Setting next_dagrun for example_complex to None, run_after=None
[2022-08-11 09:56:25,933] {processor.py:161} INFO - Processing /Users/pro/Documents/a_env/proj_data/lib/python3.7/site-packages/airflow/example_dags/example_complex.py took 0.092 seconds
[2022-08-11 09:57:03,723] {processor.py:153} INFO - Started process (PID=51661) to work on /Users/pro/Documents/a_env/proj_data/lib/python3.7/site-packages/airflow/example_dags/example_complex.py
[2022-08-11 09:57:03,727] {processor.py:641} INFO - Processing file /Users/pro/Documents/a_env/proj_data/lib/python3.7/site-packages/airflow/example_dags/example_complex.py for tasks to queue
[2022-08-11 09:57:03,729] {logging_mixin.py:115} INFO - [2022-08-11 09:57:03,728] {dagbag.py:508} INFO - Filling up the DagBag from /Users/pro/Documents/a_env/proj_data/lib/python3.7/site-packages/airflow/example_dags/example_complex.py
[2022-08-11 09:57:03,747] {processor.py:651} INFO - DAG(s) dict_keys(['example_complex']) retrieved from /Users/pro/Documents/a_env/proj_data/lib/python3.7/site-packages/airflow/example_dags/example_complex.py
[2022-08-11 09:57:03,771] {logging_mixin.py:115} INFO - [2022-08-11 09:57:03,771] {dag.py:2420} INFO - Sync 1 DAGs
[2022-08-11 09:57:03,789] {logging_mixin.py:115} INFO - [2022-08-11 09:57:03,789] {dag.py:2972} INFO - Setting next_dagrun for example_complex to None, run_after=None
[2022-08-11 09:57:03,801] {processor.py:161} INFO - Processing /Users/pro/Documents/a_env/proj_data/lib/python3.7/site-packages/airflow/example_dags/example_complex.py took 0.084 seconds
[2022-08-11 09:57:40,066] {processor.py:153} INFO - Started process (PID=51701) to work on /Users/pro/Documents/a_env/proj_data/lib/python3.7/site-packages/airflow/example_dags/example_complex.py
[2022-08-11 09:57:40,067] {processor.py:641} INFO - Processing file /Users/pro/Documents/a_env/proj_data/lib/python3.7/site-packages/airflow/example_dags/example_complex.py for tasks to queue
[2022-08-11 09:57:40,068] {logging_mixin.py:115} INFO - [2022-08-11 09:57:40,067] {dagbag.py:508} INFO - Filling up the DagBag from /Users/pro/Documents/a_env/proj_data/lib/python3.7/site-packages/airflow/example_dags/example_complex.py
[2022-08-11 09:57:40,084] {processor.py:651} INFO - DAG(s) dict_keys(['example_complex']) retrieved from /Users/pro/Documents/a_env/proj_data/lib/python3.7/site-packages/airflow/example_dags/example_complex.py
[2022-08-11 09:57:40,109] {logging_mixin.py:115} INFO - [2022-08-11 09:57:40,108] {dag.py:2420} INFO - Sync 1 DAGs
[2022-08-11 09:57:40,126] {logging_mixin.py:115} INFO - [2022-08-11 09:57:40,126] {dag.py:2972} INFO - Setting next_dagrun for example_complex to None, run_after=None
[2022-08-11 09:57:40,144] {processor.py:161} INFO - Processing /Users/pro/Documents/a_env/proj_data/lib/python3.7/site-packages/airflow/example_dags/example_complex.py took 0.083 seconds
[2022-08-11 09:58:14,946] {processor.py:153} INFO - Started process (PID=51736) to work on /Users/pro/Documents/a_env/proj_data/lib/python3.7/site-packages/airflow/example_dags/example_complex.py
[2022-08-11 09:58:14,947] {processor.py:641} INFO - Processing file /Users/pro/Documents/a_env/proj_data/lib/python3.7/site-packages/airflow/example_dags/example_complex.py for tasks to queue
[2022-08-11 09:58:14,948] {logging_mixin.py:115} INFO - [2022-08-11 09:58:14,948] {dagbag.py:508} INFO - Filling up the DagBag from /Users/pro/Documents/a_env/proj_data/lib/python3.7/site-packages/airflow/example_dags/example_complex.py
[2022-08-11 09:58:14,965] {processor.py:651} INFO - DAG(s) dict_keys(['example_complex']) retrieved from /Users/pro/Documents/a_env/proj_data/lib/python3.7/site-packages/airflow/example_dags/example_complex.py
[2022-08-11 09:58:14,989] {logging_mixin.py:115} INFO - [2022-08-11 09:58:14,988] {dag.py:2420} INFO - Sync 1 DAGs
[2022-08-11 09:58:15,007] {logging_mixin.py:115} INFO - [2022-08-11 09:58:15,007] {dag.py:2972} INFO - Setting next_dagrun for example_complex to None, run_after=None
[2022-08-11 09:58:15,020] {processor.py:161} INFO - Processing /Users/pro/Documents/a_env/proj_data/lib/python3.7/site-packages/airflow/example_dags/example_complex.py took 0.079 seconds
[2022-08-11 09:58:51,511] {processor.py:153} INFO - Started process (PID=51773) to work on /Users/pro/Documents/a_env/proj_data/lib/python3.7/site-packages/airflow/example_dags/example_complex.py
[2022-08-11 09:58:51,512] {processor.py:641} INFO - Processing file /Users/pro/Documents/a_env/proj_data/lib/python3.7/site-packages/airflow/example_dags/example_complex.py for tasks to queue
[2022-08-11 09:58:51,513] {logging_mixin.py:115} INFO - [2022-08-11 09:58:51,513] {dagbag.py:508} INFO - Filling up the DagBag from /Users/pro/Documents/a_env/proj_data/lib/python3.7/site-packages/airflow/example_dags/example_complex.py
[2022-08-11 09:58:51,530] {processor.py:651} INFO - DAG(s) dict_keys(['example_complex']) retrieved from /Users/pro/Documents/a_env/proj_data/lib/python3.7/site-packages/airflow/example_dags/example_complex.py
[2022-08-11 09:58:51,555] {logging_mixin.py:115} INFO - [2022-08-11 09:58:51,554] {dag.py:2420} INFO - Sync 1 DAGs
[2022-08-11 09:58:51,573] {logging_mixin.py:115} INFO - [2022-08-11 09:58:51,572] {dag.py:2972} INFO - Setting next_dagrun for example_complex to None, run_after=None
[2022-08-11 09:58:51,584] {processor.py:161} INFO - Processing /Users/pro/Documents/a_env/proj_data/lib/python3.7/site-packages/airflow/example_dags/example_complex.py took 0.078 seconds
[2022-08-11 09:59:28,705] {processor.py:153} INFO - Started process (PID=51810) to work on /Users/pro/Documents/a_env/proj_data/lib/python3.7/site-packages/airflow/example_dags/example_complex.py
[2022-08-11 09:59:28,708] {processor.py:641} INFO - Processing file /Users/pro/Documents/a_env/proj_data/lib/python3.7/site-packages/airflow/example_dags/example_complex.py for tasks to queue
[2022-08-11 09:59:28,709] {logging_mixin.py:115} INFO - [2022-08-11 09:59:28,709] {dagbag.py:508} INFO - Filling up the DagBag from /Users/pro/Documents/a_env/proj_data/lib/python3.7/site-packages/airflow/example_dags/example_complex.py
[2022-08-11 09:59:28,728] {processor.py:651} INFO - DAG(s) dict_keys(['example_complex']) retrieved from /Users/pro/Documents/a_env/proj_data/lib/python3.7/site-packages/airflow/example_dags/example_complex.py
[2022-08-11 09:59:28,752] {logging_mixin.py:115} INFO - [2022-08-11 09:59:28,751] {dag.py:2420} INFO - Sync 1 DAGs
[2022-08-11 09:59:28,769] {logging_mixin.py:115} INFO - [2022-08-11 09:59:28,769] {dag.py:2972} INFO - Setting next_dagrun for example_complex to None, run_after=None
[2022-08-11 09:59:28,783] {processor.py:161} INFO - Processing /Users/pro/Documents/a_env/proj_data/lib/python3.7/site-packages/airflow/example_dags/example_complex.py took 0.084 seconds
[2022-08-11 10:00:04,890] {processor.py:153} INFO - Started process (PID=51860) to work on /Users/pro/Documents/a_env/proj_data/lib/python3.7/site-packages/airflow/example_dags/example_complex.py
[2022-08-11 10:00:04,891] {processor.py:641} INFO - Processing file /Users/pro/Documents/a_env/proj_data/lib/python3.7/site-packages/airflow/example_dags/example_complex.py for tasks to queue
[2022-08-11 10:00:04,892] {logging_mixin.py:115} INFO - [2022-08-11 10:00:04,891] {dagbag.py:508} INFO - Filling up the DagBag from /Users/pro/Documents/a_env/proj_data/lib/python3.7/site-packages/airflow/example_dags/example_complex.py
[2022-08-11 10:00:04,908] {processor.py:651} INFO - DAG(s) dict_keys(['example_complex']) retrieved from /Users/pro/Documents/a_env/proj_data/lib/python3.7/site-packages/airflow/example_dags/example_complex.py
[2022-08-11 10:00:04,932] {logging_mixin.py:115} INFO - [2022-08-11 10:00:04,932] {dag.py:2420} INFO - Sync 1 DAGs
[2022-08-11 10:00:04,950] {logging_mixin.py:115} INFO - [2022-08-11 10:00:04,950] {dag.py:2972} INFO - Setting next_dagrun for example_complex to None, run_after=None
[2022-08-11 10:00:04,963] {processor.py:161} INFO - Processing /Users/pro/Documents/a_env/proj_data/lib/python3.7/site-packages/airflow/example_dags/example_complex.py took 0.079 seconds
[2022-08-11 10:00:42,525] {processor.py:153} INFO - Started process (PID=51920) to work on /Users/pro/Documents/a_env/proj_data/lib/python3.7/site-packages/airflow/example_dags/example_complex.py
[2022-08-11 10:00:42,527] {processor.py:641} INFO - Processing file /Users/pro/Documents/a_env/proj_data/lib/python3.7/site-packages/airflow/example_dags/example_complex.py for tasks to queue
[2022-08-11 10:00:42,528] {logging_mixin.py:115} INFO - [2022-08-11 10:00:42,527] {dagbag.py:508} INFO - Filling up the DagBag from /Users/pro/Documents/a_env/proj_data/lib/python3.7/site-packages/airflow/example_dags/example_complex.py
[2022-08-11 10:00:42,543] {processor.py:651} INFO - DAG(s) dict_keys(['example_complex']) retrieved from /Users/pro/Documents/a_env/proj_data/lib/python3.7/site-packages/airflow/example_dags/example_complex.py
[2022-08-11 10:00:42,565] {logging_mixin.py:115} INFO - [2022-08-11 10:00:42,565] {dag.py:2420} INFO - Sync 1 DAGs
[2022-08-11 10:00:42,584] {logging_mixin.py:115} INFO - [2022-08-11 10:00:42,583] {dag.py:2972} INFO - Setting next_dagrun for example_complex to None, run_after=None
[2022-08-11 10:00:42,597] {processor.py:161} INFO - Processing /Users/pro/Documents/a_env/proj_data/lib/python3.7/site-packages/airflow/example_dags/example_complex.py took 0.077 seconds
[2022-08-11 10:01:16,057] {processor.py:153} INFO - Started process (PID=51955) to work on /Users/pro/Documents/a_env/proj_data/lib/python3.7/site-packages/airflow/example_dags/example_complex.py
[2022-08-11 10:01:16,058] {processor.py:641} INFO - Processing file /Users/pro/Documents/a_env/proj_data/lib/python3.7/site-packages/airflow/example_dags/example_complex.py for tasks to queue
[2022-08-11 10:01:16,059] {logging_mixin.py:115} INFO - [2022-08-11 10:01:16,059] {dagbag.py:508} INFO - Filling up the DagBag from /Users/pro/Documents/a_env/proj_data/lib/python3.7/site-packages/airflow/example_dags/example_complex.py
[2022-08-11 10:01:16,075] {processor.py:651} INFO - DAG(s) dict_keys(['example_complex']) retrieved from /Users/pro/Documents/a_env/proj_data/lib/python3.7/site-packages/airflow/example_dags/example_complex.py
[2022-08-11 10:01:16,099] {logging_mixin.py:115} INFO - [2022-08-11 10:01:16,098] {dag.py:2420} INFO - Sync 1 DAGs
[2022-08-11 10:01:16,118] {logging_mixin.py:115} INFO - [2022-08-11 10:01:16,118] {dag.py:2972} INFO - Setting next_dagrun for example_complex to None, run_after=None
[2022-08-11 10:01:16,130] {processor.py:161} INFO - Processing /Users/pro/Documents/a_env/proj_data/lib/python3.7/site-packages/airflow/example_dags/example_complex.py took 0.077 seconds
[2022-08-11 10:01:49,620] {processor.py:153} INFO - Started process (PID=51989) to work on /Users/pro/Documents/a_env/proj_data/lib/python3.7/site-packages/airflow/example_dags/example_complex.py
[2022-08-11 10:01:49,621] {processor.py:641} INFO - Processing file /Users/pro/Documents/a_env/proj_data/lib/python3.7/site-packages/airflow/example_dags/example_complex.py for tasks to queue
[2022-08-11 10:01:49,622] {logging_mixin.py:115} INFO - [2022-08-11 10:01:49,621] {dagbag.py:508} INFO - Filling up the DagBag from /Users/pro/Documents/a_env/proj_data/lib/python3.7/site-packages/airflow/example_dags/example_complex.py
[2022-08-11 10:01:49,638] {processor.py:651} INFO - DAG(s) dict_keys(['example_complex']) retrieved from /Users/pro/Documents/a_env/proj_data/lib/python3.7/site-packages/airflow/example_dags/example_complex.py
[2022-08-11 10:01:49,661] {logging_mixin.py:115} INFO - [2022-08-11 10:01:49,660] {dag.py:2420} INFO - Sync 1 DAGs
[2022-08-11 10:01:49,679] {logging_mixin.py:115} INFO - [2022-08-11 10:01:49,679] {dag.py:2972} INFO - Setting next_dagrun for example_complex to None, run_after=None
[2022-08-11 10:01:49,692] {processor.py:161} INFO - Processing /Users/pro/Documents/a_env/proj_data/lib/python3.7/site-packages/airflow/example_dags/example_complex.py took 0.076 seconds
[2022-08-11 10:02:27,895] {processor.py:153} INFO - Started process (PID=52029) to work on /Users/pro/Documents/a_env/proj_data/lib/python3.7/site-packages/airflow/example_dags/example_complex.py
[2022-08-11 10:02:27,896] {processor.py:641} INFO - Processing file /Users/pro/Documents/a_env/proj_data/lib/python3.7/site-packages/airflow/example_dags/example_complex.py for tasks to queue
[2022-08-11 10:02:27,896] {logging_mixin.py:115} INFO - [2022-08-11 10:02:27,896] {dagbag.py:508} INFO - Filling up the DagBag from /Users/pro/Documents/a_env/proj_data/lib/python3.7/site-packages/airflow/example_dags/example_complex.py
[2022-08-11 10:02:27,912] {processor.py:651} INFO - DAG(s) dict_keys(['example_complex']) retrieved from /Users/pro/Documents/a_env/proj_data/lib/python3.7/site-packages/airflow/example_dags/example_complex.py
[2022-08-11 10:02:27,936] {logging_mixin.py:115} INFO - [2022-08-11 10:02:27,935] {dag.py:2420} INFO - Sync 1 DAGs
[2022-08-11 10:02:27,954] {logging_mixin.py:115} INFO - [2022-08-11 10:02:27,954] {dag.py:2972} INFO - Setting next_dagrun for example_complex to None, run_after=None
[2022-08-11 10:02:27,966] {processor.py:161} INFO - Processing /Users/pro/Documents/a_env/proj_data/lib/python3.7/site-packages/airflow/example_dags/example_complex.py took 0.076 seconds
[2022-08-11 10:03:02,725] {processor.py:153} INFO - Started process (PID=52069) to work on /Users/pro/Documents/a_env/proj_data/lib/python3.7/site-packages/airflow/example_dags/example_complex.py
[2022-08-11 10:03:02,726] {processor.py:641} INFO - Processing file /Users/pro/Documents/a_env/proj_data/lib/python3.7/site-packages/airflow/example_dags/example_complex.py for tasks to queue
[2022-08-11 10:03:02,727] {logging_mixin.py:115} INFO - [2022-08-11 10:03:02,727] {dagbag.py:508} INFO - Filling up the DagBag from /Users/pro/Documents/a_env/proj_data/lib/python3.7/site-packages/airflow/example_dags/example_complex.py
[2022-08-11 10:03:02,743] {processor.py:651} INFO - DAG(s) dict_keys(['example_complex']) retrieved from /Users/pro/Documents/a_env/proj_data/lib/python3.7/site-packages/airflow/example_dags/example_complex.py
[2022-08-11 10:03:02,768] {logging_mixin.py:115} INFO - [2022-08-11 10:03:02,767] {dag.py:2420} INFO - Sync 1 DAGs
[2022-08-11 10:03:02,786] {logging_mixin.py:115} INFO - [2022-08-11 10:03:02,786] {dag.py:2972} INFO - Setting next_dagrun for example_complex to None, run_after=None
[2022-08-11 10:03:02,797] {processor.py:161} INFO - Processing /Users/pro/Documents/a_env/proj_data/lib/python3.7/site-packages/airflow/example_dags/example_complex.py took 0.077 seconds
[2022-08-11 10:03:36,763] {processor.py:153} INFO - Started process (PID=52104) to work on /Users/pro/Documents/a_env/proj_data/lib/python3.7/site-packages/airflow/example_dags/example_complex.py
[2022-08-11 10:03:36,765] {processor.py:641} INFO - Processing file /Users/pro/Documents/a_env/proj_data/lib/python3.7/site-packages/airflow/example_dags/example_complex.py for tasks to queue
[2022-08-11 10:03:36,766] {logging_mixin.py:115} INFO - [2022-08-11 10:03:36,766] {dagbag.py:508} INFO - Filling up the DagBag from /Users/pro/Documents/a_env/proj_data/lib/python3.7/site-packages/airflow/example_dags/example_complex.py
[2022-08-11 10:03:36,784] {processor.py:651} INFO - DAG(s) dict_keys(['example_complex']) retrieved from /Users/pro/Documents/a_env/proj_data/lib/python3.7/site-packages/airflow/example_dags/example_complex.py
[2022-08-11 10:03:36,808] {logging_mixin.py:115} INFO - [2022-08-11 10:03:36,808] {dag.py:2420} INFO - Sync 1 DAGs
[2022-08-11 10:03:36,828] {logging_mixin.py:115} INFO - [2022-08-11 10:03:36,827] {dag.py:2972} INFO - Setting next_dagrun for example_complex to None, run_after=None
[2022-08-11 10:03:36,840] {processor.py:161} INFO - Processing /Users/pro/Documents/a_env/proj_data/lib/python3.7/site-packages/airflow/example_dags/example_complex.py took 0.082 seconds
[2022-08-11 10:04:15,198] {processor.py:153} INFO - Started process (PID=52143) to work on /Users/pro/Documents/a_env/proj_data/lib/python3.7/site-packages/airflow/example_dags/example_complex.py
[2022-08-11 10:04:15,198] {processor.py:641} INFO - Processing file /Users/pro/Documents/a_env/proj_data/lib/python3.7/site-packages/airflow/example_dags/example_complex.py for tasks to queue
[2022-08-11 10:04:15,200] {logging_mixin.py:115} INFO - [2022-08-11 10:04:15,199] {dagbag.py:508} INFO - Filling up the DagBag from /Users/pro/Documents/a_env/proj_data/lib/python3.7/site-packages/airflow/example_dags/example_complex.py
[2022-08-11 10:04:15,217] {processor.py:651} INFO - DAG(s) dict_keys(['example_complex']) retrieved from /Users/pro/Documents/a_env/proj_data/lib/python3.7/site-packages/airflow/example_dags/example_complex.py
[2022-08-11 10:04:15,241] {logging_mixin.py:115} INFO - [2022-08-11 10:04:15,240] {dag.py:2420} INFO - Sync 1 DAGs
[2022-08-11 10:04:15,257] {logging_mixin.py:115} INFO - [2022-08-11 10:04:15,257] {dag.py:2972} INFO - Setting next_dagrun for example_complex to None, run_after=None
[2022-08-11 10:04:15,270] {processor.py:161} INFO - Processing /Users/pro/Documents/a_env/proj_data/lib/python3.7/site-packages/airflow/example_dags/example_complex.py took 0.078 seconds
[2022-08-11 10:22:51,561] {processor.py:153} INFO - Started process (PID=52231) to work on /Users/pro/Documents/a_env/proj_data/lib/python3.7/site-packages/airflow/example_dags/example_complex.py
[2022-08-11 10:22:51,563] {processor.py:641} INFO - Processing file /Users/pro/Documents/a_env/proj_data/lib/python3.7/site-packages/airflow/example_dags/example_complex.py for tasks to queue
[2022-08-11 10:22:51,564] {logging_mixin.py:115} INFO - [2022-08-11 10:22:51,563] {dagbag.py:508} INFO - Filling up the DagBag from /Users/pro/Documents/a_env/proj_data/lib/python3.7/site-packages/airflow/example_dags/example_complex.py
[2022-08-11 10:22:51,581] {processor.py:651} INFO - DAG(s) dict_keys(['example_complex']) retrieved from /Users/pro/Documents/a_env/proj_data/lib/python3.7/site-packages/airflow/example_dags/example_complex.py
[2022-08-11 10:22:51,605] {logging_mixin.py:115} INFO - [2022-08-11 10:22:51,605] {dag.py:2420} INFO - Sync 1 DAGs
[2022-08-11 10:22:51,627] {logging_mixin.py:115} INFO - [2022-08-11 10:22:51,627] {dag.py:2972} INFO - Setting next_dagrun for example_complex to None, run_after=None
[2022-08-11 10:22:51,640] {processor.py:161} INFO - Processing /Users/pro/Documents/a_env/proj_data/lib/python3.7/site-packages/airflow/example_dags/example_complex.py took 0.084 seconds
[2022-08-11 10:23:25,839] {processor.py:153} INFO - Started process (PID=52292) to work on /Users/pro/Documents/a_env/proj_data/lib/python3.7/site-packages/airflow/example_dags/example_complex.py
[2022-08-11 10:23:25,841] {processor.py:641} INFO - Processing file /Users/pro/Documents/a_env/proj_data/lib/python3.7/site-packages/airflow/example_dags/example_complex.py for tasks to queue
[2022-08-11 10:23:25,843] {logging_mixin.py:115} INFO - [2022-08-11 10:23:25,843] {dagbag.py:508} INFO - Filling up the DagBag from /Users/pro/Documents/a_env/proj_data/lib/python3.7/site-packages/airflow/example_dags/example_complex.py
[2022-08-11 10:23:25,873] {processor.py:651} INFO - DAG(s) dict_keys(['example_complex']) retrieved from /Users/pro/Documents/a_env/proj_data/lib/python3.7/site-packages/airflow/example_dags/example_complex.py
[2022-08-11 10:23:25,907] {logging_mixin.py:115} INFO - [2022-08-11 10:23:25,907] {dag.py:2420} INFO - Sync 1 DAGs
[2022-08-11 10:23:25,927] {logging_mixin.py:115} INFO - [2022-08-11 10:23:25,927] {dag.py:2972} INFO - Setting next_dagrun for example_complex to None, run_after=None
[2022-08-11 10:23:25,941] {processor.py:161} INFO - Processing /Users/pro/Documents/a_env/proj_data/lib/python3.7/site-packages/airflow/example_dags/example_complex.py took 0.116 seconds
[2022-08-11 10:24:02,059] {processor.py:153} INFO - Started process (PID=52387) to work on /Users/pro/Documents/a_env/proj_data/lib/python3.7/site-packages/airflow/example_dags/example_complex.py
[2022-08-11 10:24:02,062] {processor.py:641} INFO - Processing file /Users/pro/Documents/a_env/proj_data/lib/python3.7/site-packages/airflow/example_dags/example_complex.py for tasks to queue
[2022-08-11 10:24:02,064] {logging_mixin.py:115} INFO - [2022-08-11 10:24:02,063] {dagbag.py:508} INFO - Filling up the DagBag from /Users/pro/Documents/a_env/proj_data/lib/python3.7/site-packages/airflow/example_dags/example_complex.py
[2022-08-11 10:24:02,098] {processor.py:651} INFO - DAG(s) dict_keys(['example_complex']) retrieved from /Users/pro/Documents/a_env/proj_data/lib/python3.7/site-packages/airflow/example_dags/example_complex.py
[2022-08-11 10:24:02,145] {logging_mixin.py:115} INFO - [2022-08-11 10:24:02,145] {dag.py:2420} INFO - Sync 1 DAGs
[2022-08-11 10:24:02,188] {logging_mixin.py:115} INFO - [2022-08-11 10:24:02,187] {dag.py:2972} INFO - Setting next_dagrun for example_complex to None, run_after=None
[2022-08-11 10:24:02,219] {processor.py:161} INFO - Processing /Users/pro/Documents/a_env/proj_data/lib/python3.7/site-packages/airflow/example_dags/example_complex.py took 0.167 seconds
[2022-08-11 10:24:38,251] {processor.py:153} INFO - Started process (PID=52450) to work on /Users/pro/Documents/a_env/proj_data/lib/python3.7/site-packages/airflow/example_dags/example_complex.py
[2022-08-11 10:24:38,253] {processor.py:641} INFO - Processing file /Users/pro/Documents/a_env/proj_data/lib/python3.7/site-packages/airflow/example_dags/example_complex.py for tasks to queue
[2022-08-11 10:24:38,254] {logging_mixin.py:115} INFO - [2022-08-11 10:24:38,253] {dagbag.py:508} INFO - Filling up the DagBag from /Users/pro/Documents/a_env/proj_data/lib/python3.7/site-packages/airflow/example_dags/example_complex.py
[2022-08-11 10:24:38,273] {processor.py:651} INFO - DAG(s) dict_keys(['example_complex']) retrieved from /Users/pro/Documents/a_env/proj_data/lib/python3.7/site-packages/airflow/example_dags/example_complex.py
[2022-08-11 10:24:38,312] {logging_mixin.py:115} INFO - [2022-08-11 10:24:38,312] {dag.py:2420} INFO - Sync 1 DAGs
[2022-08-11 10:24:38,349] {logging_mixin.py:115} INFO - [2022-08-11 10:24:38,349] {dag.py:2972} INFO - Setting next_dagrun for example_complex to None, run_after=None
[2022-08-11 10:24:38,366] {processor.py:161} INFO - Processing /Users/pro/Documents/a_env/proj_data/lib/python3.7/site-packages/airflow/example_dags/example_complex.py took 0.121 seconds
[2022-08-11 10:25:14,624] {processor.py:153} INFO - Started process (PID=52491) to work on /Users/pro/Documents/a_env/proj_data/lib/python3.7/site-packages/airflow/example_dags/example_complex.py
[2022-08-11 10:25:14,625] {processor.py:641} INFO - Processing file /Users/pro/Documents/a_env/proj_data/lib/python3.7/site-packages/airflow/example_dags/example_complex.py for tasks to queue
[2022-08-11 10:25:14,626] {logging_mixin.py:115} INFO - [2022-08-11 10:25:14,626] {dagbag.py:508} INFO - Filling up the DagBag from /Users/pro/Documents/a_env/proj_data/lib/python3.7/site-packages/airflow/example_dags/example_complex.py
[2022-08-11 10:25:14,650] {processor.py:651} INFO - DAG(s) dict_keys(['example_complex']) retrieved from /Users/pro/Documents/a_env/proj_data/lib/python3.7/site-packages/airflow/example_dags/example_complex.py
[2022-08-11 10:25:14,682] {logging_mixin.py:115} INFO - [2022-08-11 10:25:14,682] {dag.py:2420} INFO - Sync 1 DAGs
[2022-08-11 10:25:14,703] {logging_mixin.py:115} INFO - [2022-08-11 10:25:14,703] {dag.py:2972} INFO - Setting next_dagrun for example_complex to None, run_after=None
[2022-08-11 10:25:14,716] {processor.py:161} INFO - Processing /Users/pro/Documents/a_env/proj_data/lib/python3.7/site-packages/airflow/example_dags/example_complex.py took 0.099 seconds
[2022-08-11 10:25:56,398] {processor.py:153} INFO - Started process (PID=52582) to work on /Users/pro/Documents/a_env/proj_data/lib/python3.7/site-packages/airflow/example_dags/example_complex.py
[2022-08-11 10:25:56,625] {processor.py:641} INFO - Processing file /Users/pro/Documents/a_env/proj_data/lib/python3.7/site-packages/airflow/example_dags/example_complex.py for tasks to queue
[2022-08-11 10:25:56,626] {logging_mixin.py:115} INFO - [2022-08-11 10:25:56,626] {dagbag.py:508} INFO - Filling up the DagBag from /Users/pro/Documents/a_env/proj_data/lib/python3.7/site-packages/airflow/example_dags/example_complex.py
[2022-08-11 10:25:56,647] {processor.py:651} INFO - DAG(s) dict_keys(['example_complex']) retrieved from /Users/pro/Documents/a_env/proj_data/lib/python3.7/site-packages/airflow/example_dags/example_complex.py
[2022-08-11 10:25:56,800] {logging_mixin.py:115} INFO - [2022-08-11 10:25:56,799] {dag.py:2420} INFO - Sync 1 DAGs
[2022-08-11 10:25:56,820] {logging_mixin.py:115} INFO - [2022-08-11 10:25:56,820] {dag.py:2972} INFO - Setting next_dagrun for example_complex to None, run_after=None
[2022-08-11 10:25:56,834] {processor.py:161} INFO - Processing /Users/pro/Documents/a_env/proj_data/lib/python3.7/site-packages/airflow/example_dags/example_complex.py took 0.443 seconds
[2022-08-11 10:26:45,525] {processor.py:153} INFO - Started process (PID=52640) to work on /Users/pro/Documents/a_env/proj_data/lib/python3.7/site-packages/airflow/example_dags/example_complex.py
[2022-08-11 10:26:45,526] {processor.py:641} INFO - Processing file /Users/pro/Documents/a_env/proj_data/lib/python3.7/site-packages/airflow/example_dags/example_complex.py for tasks to queue
[2022-08-11 10:26:45,528] {logging_mixin.py:115} INFO - [2022-08-11 10:26:45,527] {dagbag.py:508} INFO - Filling up the DagBag from /Users/pro/Documents/a_env/proj_data/lib/python3.7/site-packages/airflow/example_dags/example_complex.py
[2022-08-11 10:26:45,562] {processor.py:651} INFO - DAG(s) dict_keys(['example_complex']) retrieved from /Users/pro/Documents/a_env/proj_data/lib/python3.7/site-packages/airflow/example_dags/example_complex.py
[2022-08-11 10:26:45,611] {logging_mixin.py:115} INFO - [2022-08-11 10:26:45,611] {dag.py:2420} INFO - Sync 1 DAGs
[2022-08-11 10:26:45,639] {logging_mixin.py:115} INFO - [2022-08-11 10:26:45,639] {dag.py:2972} INFO - Setting next_dagrun for example_complex to None, run_after=None
[2022-08-11 10:26:45,658] {processor.py:161} INFO - Processing /Users/pro/Documents/a_env/proj_data/lib/python3.7/site-packages/airflow/example_dags/example_complex.py took 0.144 seconds
[2022-08-11 10:27:32,679] {processor.py:153} INFO - Started process (PID=52691) to work on /Users/pro/Documents/a_env/proj_data/lib/python3.7/site-packages/airflow/example_dags/example_complex.py
[2022-08-11 10:27:32,681] {processor.py:641} INFO - Processing file /Users/pro/Documents/a_env/proj_data/lib/python3.7/site-packages/airflow/example_dags/example_complex.py for tasks to queue
[2022-08-11 10:27:32,682] {logging_mixin.py:115} INFO - [2022-08-11 10:27:32,682] {dagbag.py:508} INFO - Filling up the DagBag from /Users/pro/Documents/a_env/proj_data/lib/python3.7/site-packages/airflow/example_dags/example_complex.py
[2022-08-11 10:27:32,749] {processor.py:651} INFO - DAG(s) dict_keys(['example_complex']) retrieved from /Users/pro/Documents/a_env/proj_data/lib/python3.7/site-packages/airflow/example_dags/example_complex.py
[2022-08-11 10:27:32,855] {logging_mixin.py:115} INFO - [2022-08-11 10:27:32,855] {dag.py:2420} INFO - Sync 1 DAGs
[2022-08-11 10:27:32,921] {logging_mixin.py:115} INFO - [2022-08-11 10:27:32,920] {dag.py:2972} INFO - Setting next_dagrun for example_complex to None, run_after=None
[2022-08-11 10:27:33,069] {processor.py:161} INFO - Processing /Users/pro/Documents/a_env/proj_data/lib/python3.7/site-packages/airflow/example_dags/example_complex.py took 0.399 seconds
[2022-08-11 10:28:23,146] {processor.py:153} INFO - Started process (PID=52757) to work on /Users/pro/Documents/a_env/proj_data/lib/python3.7/site-packages/airflow/example_dags/example_complex.py
[2022-08-11 10:28:23,147] {processor.py:641} INFO - Processing file /Users/pro/Documents/a_env/proj_data/lib/python3.7/site-packages/airflow/example_dags/example_complex.py for tasks to queue
[2022-08-11 10:28:23,149] {logging_mixin.py:115} INFO - [2022-08-11 10:28:23,148] {dagbag.py:508} INFO - Filling up the DagBag from /Users/pro/Documents/a_env/proj_data/lib/python3.7/site-packages/airflow/example_dags/example_complex.py
[2022-08-11 10:28:23,173] {processor.py:651} INFO - DAG(s) dict_keys(['example_complex']) retrieved from /Users/pro/Documents/a_env/proj_data/lib/python3.7/site-packages/airflow/example_dags/example_complex.py
[2022-08-11 10:28:23,210] {logging_mixin.py:115} INFO - [2022-08-11 10:28:23,210] {dag.py:2420} INFO - Sync 1 DAGs
[2022-08-11 10:28:23,240] {logging_mixin.py:115} INFO - [2022-08-11 10:28:23,240] {dag.py:2972} INFO - Setting next_dagrun for example_complex to None, run_after=None
[2022-08-11 10:28:23,258] {processor.py:161} INFO - Processing /Users/pro/Documents/a_env/proj_data/lib/python3.7/site-packages/airflow/example_dags/example_complex.py took 0.117 seconds
