[2022-08-11 08:02:23,912] {processor.py:153} INFO - Started process (PID=50711) to work on /Users/pro/Documents/a_env/proj_data/lib/python3.7/site-packages/airflow/example_dags/example_task_group_decorator.py
[2022-08-11 08:02:23,919] {processor.py:641} INFO - Processing file /Users/pro/Documents/a_env/proj_data/lib/python3.7/site-packages/airflow/example_dags/example_task_group_decorator.py for tasks to queue
[2022-08-11 08:02:23,927] {logging_mixin.py:115} INFO - [2022-08-11 08:02:23,925] {dagbag.py:508} INFO - Filling up the DagBag from /Users/pro/Documents/a_env/proj_data/lib/python3.7/site-packages/airflow/example_dags/example_task_group_decorator.py
[2022-08-11 08:02:24,269] {processor.py:651} INFO - DAG(s) dict_keys(['example_task_group_decorator']) retrieved from /Users/pro/Documents/a_env/proj_data/lib/python3.7/site-packages/airflow/example_dags/example_task_group_decorator.py
[2022-08-11 08:02:24,761] {logging_mixin.py:115} INFO - [2022-08-11 08:02:24,759] {dag.py:2420} INFO - Sync 1 DAGs
[2022-08-11 08:02:24,890] {logging_mixin.py:115} INFO - [2022-08-11 08:02:24,888] {dag.py:2972} INFO - Setting next_dagrun for example_task_group_decorator to 2022-08-10T00:02:24.886026+00:00, run_after=2022-08-11T00:02:24.886026+00:00
[2022-08-11 08:02:24,995] {processor.py:161} INFO - Processing /Users/pro/Documents/a_env/proj_data/lib/python3.7/site-packages/airflow/example_dags/example_task_group_decorator.py took 1.116 seconds
[2022-08-11 08:31:42,427] {processor.py:153} INFO - Started process (PID=50779) to work on /Users/pro/Documents/a_env/proj_data/lib/python3.7/site-packages/airflow/example_dags/example_task_group_decorator.py
[2022-08-11 08:31:42,427] {processor.py:641} INFO - Processing file /Users/pro/Documents/a_env/proj_data/lib/python3.7/site-packages/airflow/example_dags/example_task_group_decorator.py for tasks to queue
[2022-08-11 08:31:42,428] {logging_mixin.py:115} INFO - [2022-08-11 08:31:42,428] {dagbag.py:508} INFO - Filling up the DagBag from /Users/pro/Documents/a_env/proj_data/lib/python3.7/site-packages/airflow/example_dags/example_task_group_decorator.py
[2022-08-11 08:31:42,459] {processor.py:651} INFO - DAG(s) dict_keys(['example_task_group_decorator']) retrieved from /Users/pro/Documents/a_env/proj_data/lib/python3.7/site-packages/airflow/example_dags/example_task_group_decorator.py
[2022-08-11 08:31:42,513] {logging_mixin.py:115} INFO - [2022-08-11 08:31:42,513] {dag.py:2420} INFO - Sync 1 DAGs
[2022-08-11 08:31:42,527] {logging_mixin.py:115} INFO - [2022-08-11 08:31:42,527] {dag.py:2972} INFO - Setting next_dagrun for example_task_group_decorator to 2022-08-10T00:31:42.527245+00:00, run_after=2022-08-11T00:31:42.527245+00:00
[2022-08-11 08:31:42,540] {processor.py:161} INFO - Processing /Users/pro/Documents/a_env/proj_data/lib/python3.7/site-packages/airflow/example_dags/example_task_group_decorator.py took 0.118 seconds
[2022-08-11 09:31:45,522] {processor.py:153} INFO - Started process (PID=50866) to work on /Users/pro/Documents/a_env/proj_data/lib/python3.7/site-packages/airflow/example_dags/example_task_group_decorator.py
[2022-08-11 09:31:45,523] {processor.py:641} INFO - Processing file /Users/pro/Documents/a_env/proj_data/lib/python3.7/site-packages/airflow/example_dags/example_task_group_decorator.py for tasks to queue
[2022-08-11 09:31:45,524] {logging_mixin.py:115} INFO - [2022-08-11 09:31:45,524] {dagbag.py:508} INFO - Filling up the DagBag from /Users/pro/Documents/a_env/proj_data/lib/python3.7/site-packages/airflow/example_dags/example_task_group_decorator.py
[2022-08-11 09:31:45,555] {processor.py:651} INFO - DAG(s) dict_keys(['example_task_group_decorator']) retrieved from /Users/pro/Documents/a_env/proj_data/lib/python3.7/site-packages/airflow/example_dags/example_task_group_decorator.py
[2022-08-11 09:31:45,615] {logging_mixin.py:115} INFO - [2022-08-11 09:31:45,614] {dag.py:2420} INFO - Sync 1 DAGs
[2022-08-11 09:31:45,630] {logging_mixin.py:115} INFO - [2022-08-11 09:31:45,630] {dag.py:2972} INFO - Setting next_dagrun for example_task_group_decorator to 2022-08-10T01:31:45.630120+00:00, run_after=2022-08-11T01:31:45.630120+00:00
[2022-08-11 09:31:45,646] {processor.py:161} INFO - Processing /Users/pro/Documents/a_env/proj_data/lib/python3.7/site-packages/airflow/example_dags/example_task_group_decorator.py took 0.128 seconds
[2022-08-11 09:46:03,864] {processor.py:153} INFO - Started process (PID=50942) to work on /Users/pro/Documents/a_env/proj_data/lib/python3.7/site-packages/airflow/example_dags/example_task_group_decorator.py
[2022-08-11 09:46:03,865] {processor.py:641} INFO - Processing file /Users/pro/Documents/a_env/proj_data/lib/python3.7/site-packages/airflow/example_dags/example_task_group_decorator.py for tasks to queue
[2022-08-11 09:46:03,866] {logging_mixin.py:115} INFO - [2022-08-11 09:46:03,865] {dagbag.py:508} INFO - Filling up the DagBag from /Users/pro/Documents/a_env/proj_data/lib/python3.7/site-packages/airflow/example_dags/example_task_group_decorator.py
[2022-08-11 09:46:03,898] {processor.py:651} INFO - DAG(s) dict_keys(['example_task_group_decorator']) retrieved from /Users/pro/Documents/a_env/proj_data/lib/python3.7/site-packages/airflow/example_dags/example_task_group_decorator.py
[2022-08-11 09:46:03,959] {logging_mixin.py:115} INFO - [2022-08-11 09:46:03,959] {dag.py:2420} INFO - Sync 1 DAGs
[2022-08-11 09:46:03,978] {logging_mixin.py:115} INFO - [2022-08-11 09:46:03,978] {dag.py:2972} INFO - Setting next_dagrun for example_task_group_decorator to 2022-08-10T01:46:03.978257+00:00, run_after=2022-08-11T01:46:03.978257+00:00
[2022-08-11 09:46:03,993] {processor.py:161} INFO - Processing /Users/pro/Documents/a_env/proj_data/lib/python3.7/site-packages/airflow/example_dags/example_task_group_decorator.py took 0.134 seconds
[2022-08-11 09:46:39,495] {processor.py:153} INFO - Started process (PID=50978) to work on /Users/pro/Documents/a_env/proj_data/lib/python3.7/site-packages/airflow/example_dags/example_task_group_decorator.py
[2022-08-11 09:46:39,497] {processor.py:641} INFO - Processing file /Users/pro/Documents/a_env/proj_data/lib/python3.7/site-packages/airflow/example_dags/example_task_group_decorator.py for tasks to queue
[2022-08-11 09:46:39,499] {logging_mixin.py:115} INFO - [2022-08-11 09:46:39,498] {dagbag.py:508} INFO - Filling up the DagBag from /Users/pro/Documents/a_env/proj_data/lib/python3.7/site-packages/airflow/example_dags/example_task_group_decorator.py
[2022-08-11 09:46:39,532] {processor.py:651} INFO - DAG(s) dict_keys(['example_task_group_decorator']) retrieved from /Users/pro/Documents/a_env/proj_data/lib/python3.7/site-packages/airflow/example_dags/example_task_group_decorator.py
[2022-08-11 09:46:39,554] {logging_mixin.py:115} INFO - [2022-08-11 09:46:39,554] {dag.py:2420} INFO - Sync 1 DAGs
[2022-08-11 09:46:39,573] {logging_mixin.py:115} INFO - [2022-08-11 09:46:39,573] {dag.py:2972} INFO - Setting next_dagrun for example_task_group_decorator to 2022-08-10T01:46:39.572769+00:00, run_after=2022-08-11T01:46:39.572769+00:00
[2022-08-11 09:46:39,589] {processor.py:161} INFO - Processing /Users/pro/Documents/a_env/proj_data/lib/python3.7/site-packages/airflow/example_dags/example_task_group_decorator.py took 0.097 seconds
[2022-08-11 09:47:13,939] {processor.py:153} INFO - Started process (PID=51019) to work on /Users/pro/Documents/a_env/proj_data/lib/python3.7/site-packages/airflow/example_dags/example_task_group_decorator.py
[2022-08-11 09:47:13,940] {processor.py:641} INFO - Processing file /Users/pro/Documents/a_env/proj_data/lib/python3.7/site-packages/airflow/example_dags/example_task_group_decorator.py for tasks to queue
[2022-08-11 09:47:13,941] {logging_mixin.py:115} INFO - [2022-08-11 09:47:13,941] {dagbag.py:508} INFO - Filling up the DagBag from /Users/pro/Documents/a_env/proj_data/lib/python3.7/site-packages/airflow/example_dags/example_task_group_decorator.py
[2022-08-11 09:47:13,971] {processor.py:651} INFO - DAG(s) dict_keys(['example_task_group_decorator']) retrieved from /Users/pro/Documents/a_env/proj_data/lib/python3.7/site-packages/airflow/example_dags/example_task_group_decorator.py
[2022-08-11 09:47:13,994] {logging_mixin.py:115} INFO - [2022-08-11 09:47:13,994] {dag.py:2420} INFO - Sync 1 DAGs
[2022-08-11 09:47:14,013] {logging_mixin.py:115} INFO - [2022-08-11 09:47:14,012] {dag.py:2972} INFO - Setting next_dagrun for example_task_group_decorator to 2022-08-10T01:47:14.012430+00:00, run_after=2022-08-11T01:47:14.012430+00:00
[2022-08-11 09:47:14,025] {processor.py:161} INFO - Processing /Users/pro/Documents/a_env/proj_data/lib/python3.7/site-packages/airflow/example_dags/example_task_group_decorator.py took 0.091 seconds
[2022-08-11 09:47:49,811] {processor.py:153} INFO - Started process (PID=51058) to work on /Users/pro/Documents/a_env/proj_data/lib/python3.7/site-packages/airflow/example_dags/example_task_group_decorator.py
[2022-08-11 09:47:49,813] {processor.py:641} INFO - Processing file /Users/pro/Documents/a_env/proj_data/lib/python3.7/site-packages/airflow/example_dags/example_task_group_decorator.py for tasks to queue
[2022-08-11 09:47:49,814] {logging_mixin.py:115} INFO - [2022-08-11 09:47:49,814] {dagbag.py:508} INFO - Filling up the DagBag from /Users/pro/Documents/a_env/proj_data/lib/python3.7/site-packages/airflow/example_dags/example_task_group_decorator.py
[2022-08-11 09:47:49,845] {processor.py:651} INFO - DAG(s) dict_keys(['example_task_group_decorator']) retrieved from /Users/pro/Documents/a_env/proj_data/lib/python3.7/site-packages/airflow/example_dags/example_task_group_decorator.py
[2022-08-11 09:47:49,907] {logging_mixin.py:115} INFO - [2022-08-11 09:47:49,907] {dag.py:2420} INFO - Sync 1 DAGs
[2022-08-11 09:47:49,924] {logging_mixin.py:115} INFO - [2022-08-11 09:47:49,924] {dag.py:2972} INFO - Setting next_dagrun for example_task_group_decorator to 2022-08-10T01:47:49.924260+00:00, run_after=2022-08-11T01:47:49.924260+00:00
[2022-08-11 09:47:49,938] {processor.py:161} INFO - Processing /Users/pro/Documents/a_env/proj_data/lib/python3.7/site-packages/airflow/example_dags/example_task_group_decorator.py took 0.131 seconds
[2022-08-11 09:48:21,809] {processor.py:153} INFO - Started process (PID=51094) to work on /Users/pro/Documents/a_env/proj_data/lib/python3.7/site-packages/airflow/example_dags/example_task_group_decorator.py
[2022-08-11 09:48:21,810] {processor.py:641} INFO - Processing file /Users/pro/Documents/a_env/proj_data/lib/python3.7/site-packages/airflow/example_dags/example_task_group_decorator.py for tasks to queue
[2022-08-11 09:48:21,811] {logging_mixin.py:115} INFO - [2022-08-11 09:48:21,811] {dagbag.py:508} INFO - Filling up the DagBag from /Users/pro/Documents/a_env/proj_data/lib/python3.7/site-packages/airflow/example_dags/example_task_group_decorator.py
[2022-08-11 09:48:21,842] {processor.py:651} INFO - DAG(s) dict_keys(['example_task_group_decorator']) retrieved from /Users/pro/Documents/a_env/proj_data/lib/python3.7/site-packages/airflow/example_dags/example_task_group_decorator.py
[2022-08-11 09:48:21,901] {logging_mixin.py:115} INFO - [2022-08-11 09:48:21,901] {dag.py:2420} INFO - Sync 1 DAGs
[2022-08-11 09:48:21,918] {logging_mixin.py:115} INFO - [2022-08-11 09:48:21,918] {dag.py:2972} INFO - Setting next_dagrun for example_task_group_decorator to 2022-08-10T01:48:21.918009+00:00, run_after=2022-08-11T01:48:21.918009+00:00
[2022-08-11 09:48:21,933] {processor.py:161} INFO - Processing /Users/pro/Documents/a_env/proj_data/lib/python3.7/site-packages/airflow/example_dags/example_task_group_decorator.py took 0.128 seconds
[2022-08-11 09:48:55,609] {processor.py:153} INFO - Started process (PID=51128) to work on /Users/pro/Documents/a_env/proj_data/lib/python3.7/site-packages/airflow/example_dags/example_task_group_decorator.py
[2022-08-11 09:48:55,610] {processor.py:641} INFO - Processing file /Users/pro/Documents/a_env/proj_data/lib/python3.7/site-packages/airflow/example_dags/example_task_group_decorator.py for tasks to queue
[2022-08-11 09:48:55,611] {logging_mixin.py:115} INFO - [2022-08-11 09:48:55,611] {dagbag.py:508} INFO - Filling up the DagBag from /Users/pro/Documents/a_env/proj_data/lib/python3.7/site-packages/airflow/example_dags/example_task_group_decorator.py
[2022-08-11 09:48:55,642] {processor.py:651} INFO - DAG(s) dict_keys(['example_task_group_decorator']) retrieved from /Users/pro/Documents/a_env/proj_data/lib/python3.7/site-packages/airflow/example_dags/example_task_group_decorator.py
[2022-08-11 09:48:55,704] {logging_mixin.py:115} INFO - [2022-08-11 09:48:55,703] {dag.py:2420} INFO - Sync 1 DAGs
[2022-08-11 09:48:55,721] {logging_mixin.py:115} INFO - [2022-08-11 09:48:55,720] {dag.py:2972} INFO - Setting next_dagrun for example_task_group_decorator to 2022-08-10T01:48:55.720624+00:00, run_after=2022-08-11T01:48:55.720624+00:00
[2022-08-11 09:48:55,733] {processor.py:161} INFO - Processing /Users/pro/Documents/a_env/proj_data/lib/python3.7/site-packages/airflow/example_dags/example_task_group_decorator.py took 0.128 seconds
[2022-08-11 09:49:28,863] {processor.py:153} INFO - Started process (PID=51163) to work on /Users/pro/Documents/a_env/proj_data/lib/python3.7/site-packages/airflow/example_dags/example_task_group_decorator.py
[2022-08-11 09:49:28,865] {processor.py:641} INFO - Processing file /Users/pro/Documents/a_env/proj_data/lib/python3.7/site-packages/airflow/example_dags/example_task_group_decorator.py for tasks to queue
[2022-08-11 09:49:28,866] {logging_mixin.py:115} INFO - [2022-08-11 09:49:28,866] {dagbag.py:508} INFO - Filling up the DagBag from /Users/pro/Documents/a_env/proj_data/lib/python3.7/site-packages/airflow/example_dags/example_task_group_decorator.py
[2022-08-11 09:49:28,896] {processor.py:651} INFO - DAG(s) dict_keys(['example_task_group_decorator']) retrieved from /Users/pro/Documents/a_env/proj_data/lib/python3.7/site-packages/airflow/example_dags/example_task_group_decorator.py
[2022-08-11 09:49:28,921] {logging_mixin.py:115} INFO - [2022-08-11 09:49:28,920] {dag.py:2420} INFO - Sync 1 DAGs
[2022-08-11 09:49:28,943] {logging_mixin.py:115} INFO - [2022-08-11 09:49:28,942] {dag.py:2972} INFO - Setting next_dagrun for example_task_group_decorator to 2022-08-10T01:49:28.938894+00:00, run_after=2022-08-11T01:49:28.938894+00:00
[2022-08-11 09:49:28,956] {processor.py:161} INFO - Processing /Users/pro/Documents/a_env/proj_data/lib/python3.7/site-packages/airflow/example_dags/example_task_group_decorator.py took 0.097 seconds
[2022-08-11 09:50:03,951] {processor.py:153} INFO - Started process (PID=51199) to work on /Users/pro/Documents/a_env/proj_data/lib/python3.7/site-packages/airflow/example_dags/example_task_group_decorator.py
[2022-08-11 09:50:03,952] {processor.py:641} INFO - Processing file /Users/pro/Documents/a_env/proj_data/lib/python3.7/site-packages/airflow/example_dags/example_task_group_decorator.py for tasks to queue
[2022-08-11 09:50:03,952] {logging_mixin.py:115} INFO - [2022-08-11 09:50:03,952] {dagbag.py:508} INFO - Filling up the DagBag from /Users/pro/Documents/a_env/proj_data/lib/python3.7/site-packages/airflow/example_dags/example_task_group_decorator.py
[2022-08-11 09:50:03,982] {processor.py:651} INFO - DAG(s) dict_keys(['example_task_group_decorator']) retrieved from /Users/pro/Documents/a_env/proj_data/lib/python3.7/site-packages/airflow/example_dags/example_task_group_decorator.py
[2022-08-11 09:50:04,043] {logging_mixin.py:115} INFO - [2022-08-11 09:50:04,043] {dag.py:2420} INFO - Sync 1 DAGs
[2022-08-11 09:50:04,062] {logging_mixin.py:115} INFO - [2022-08-11 09:50:04,062] {dag.py:2972} INFO - Setting next_dagrun for example_task_group_decorator to 2022-08-10T01:50:04.062227+00:00, run_after=2022-08-11T01:50:04.062227+00:00
[2022-08-11 09:50:04,078] {processor.py:161} INFO - Processing /Users/pro/Documents/a_env/proj_data/lib/python3.7/site-packages/airflow/example_dags/example_task_group_decorator.py took 0.131 seconds
[2022-08-11 09:50:38,683] {processor.py:153} INFO - Started process (PID=51235) to work on /Users/pro/Documents/a_env/proj_data/lib/python3.7/site-packages/airflow/example_dags/example_task_group_decorator.py
[2022-08-11 09:50:38,684] {processor.py:641} INFO - Processing file /Users/pro/Documents/a_env/proj_data/lib/python3.7/site-packages/airflow/example_dags/example_task_group_decorator.py for tasks to queue
[2022-08-11 09:50:38,686] {logging_mixin.py:115} INFO - [2022-08-11 09:50:38,685] {dagbag.py:508} INFO - Filling up the DagBag from /Users/pro/Documents/a_env/proj_data/lib/python3.7/site-packages/airflow/example_dags/example_task_group_decorator.py
[2022-08-11 09:50:38,718] {processor.py:651} INFO - DAG(s) dict_keys(['example_task_group_decorator']) retrieved from /Users/pro/Documents/a_env/proj_data/lib/python3.7/site-packages/airflow/example_dags/example_task_group_decorator.py
[2022-08-11 09:50:38,779] {logging_mixin.py:115} INFO - [2022-08-11 09:50:38,779] {dag.py:2420} INFO - Sync 1 DAGs
[2022-08-11 09:50:38,796] {logging_mixin.py:115} INFO - [2022-08-11 09:50:38,796] {dag.py:2972} INFO - Setting next_dagrun for example_task_group_decorator to 2022-08-10T01:50:38.796038+00:00, run_after=2022-08-11T01:50:38.796038+00:00
[2022-08-11 09:50:39,192] {processor.py:161} INFO - Processing /Users/pro/Documents/a_env/proj_data/lib/python3.7/site-packages/airflow/example_dags/example_task_group_decorator.py took 0.513 seconds
[2022-08-11 09:51:13,365] {processor.py:153} INFO - Started process (PID=51270) to work on /Users/pro/Documents/a_env/proj_data/lib/python3.7/site-packages/airflow/example_dags/example_task_group_decorator.py
[2022-08-11 09:51:13,366] {processor.py:641} INFO - Processing file /Users/pro/Documents/a_env/proj_data/lib/python3.7/site-packages/airflow/example_dags/example_task_group_decorator.py for tasks to queue
[2022-08-11 09:51:13,367] {logging_mixin.py:115} INFO - [2022-08-11 09:51:13,366] {dagbag.py:508} INFO - Filling up the DagBag from /Users/pro/Documents/a_env/proj_data/lib/python3.7/site-packages/airflow/example_dags/example_task_group_decorator.py
[2022-08-11 09:51:13,399] {processor.py:651} INFO - DAG(s) dict_keys(['example_task_group_decorator']) retrieved from /Users/pro/Documents/a_env/proj_data/lib/python3.7/site-packages/airflow/example_dags/example_task_group_decorator.py
[2022-08-11 09:51:13,458] {logging_mixin.py:115} INFO - [2022-08-11 09:51:13,458] {dag.py:2420} INFO - Sync 1 DAGs
[2022-08-11 09:51:13,474] {logging_mixin.py:115} INFO - [2022-08-11 09:51:13,474] {dag.py:2972} INFO - Setting next_dagrun for example_task_group_decorator to 2022-08-10T01:51:13.474149+00:00, run_after=2022-08-11T01:51:13.474149+00:00
[2022-08-11 09:51:13,599] {processor.py:161} INFO - Processing /Users/pro/Documents/a_env/proj_data/lib/python3.7/site-packages/airflow/example_dags/example_task_group_decorator.py took 0.240 seconds
[2022-08-11 09:51:49,043] {processor.py:153} INFO - Started process (PID=51314) to work on /Users/pro/Documents/a_env/proj_data/lib/python3.7/site-packages/airflow/example_dags/example_task_group_decorator.py
[2022-08-11 09:51:49,044] {processor.py:641} INFO - Processing file /Users/pro/Documents/a_env/proj_data/lib/python3.7/site-packages/airflow/example_dags/example_task_group_decorator.py for tasks to queue
[2022-08-11 09:51:49,045] {logging_mixin.py:115} INFO - [2022-08-11 09:51:49,045] {dagbag.py:508} INFO - Filling up the DagBag from /Users/pro/Documents/a_env/proj_data/lib/python3.7/site-packages/airflow/example_dags/example_task_group_decorator.py
[2022-08-11 09:51:49,079] {processor.py:651} INFO - DAG(s) dict_keys(['example_task_group_decorator']) retrieved from /Users/pro/Documents/a_env/proj_data/lib/python3.7/site-packages/airflow/example_dags/example_task_group_decorator.py
[2022-08-11 09:51:49,160] {logging_mixin.py:115} INFO - [2022-08-11 09:51:49,159] {dag.py:2420} INFO - Sync 1 DAGs
[2022-08-11 09:51:49,180] {logging_mixin.py:115} INFO - [2022-08-11 09:51:49,179] {dag.py:2972} INFO - Setting next_dagrun for example_task_group_decorator to 2022-08-10T01:51:49.179692+00:00, run_after=2022-08-11T01:51:49.179692+00:00
[2022-08-11 09:51:49,309] {processor.py:161} INFO - Processing /Users/pro/Documents/a_env/proj_data/lib/python3.7/site-packages/airflow/example_dags/example_task_group_decorator.py took 0.271 seconds
[2022-08-11 09:52:22,874] {processor.py:153} INFO - Started process (PID=51359) to work on /Users/pro/Documents/a_env/proj_data/lib/python3.7/site-packages/airflow/example_dags/example_task_group_decorator.py
[2022-08-11 09:52:22,875] {processor.py:641} INFO - Processing file /Users/pro/Documents/a_env/proj_data/lib/python3.7/site-packages/airflow/example_dags/example_task_group_decorator.py for tasks to queue
[2022-08-11 09:52:22,876] {logging_mixin.py:115} INFO - [2022-08-11 09:52:22,876] {dagbag.py:508} INFO - Filling up the DagBag from /Users/pro/Documents/a_env/proj_data/lib/python3.7/site-packages/airflow/example_dags/example_task_group_decorator.py
[2022-08-11 09:52:22,907] {processor.py:651} INFO - DAG(s) dict_keys(['example_task_group_decorator']) retrieved from /Users/pro/Documents/a_env/proj_data/lib/python3.7/site-packages/airflow/example_dags/example_task_group_decorator.py
[2022-08-11 09:52:22,971] {logging_mixin.py:115} INFO - [2022-08-11 09:52:22,970] {dag.py:2420} INFO - Sync 1 DAGs
[2022-08-11 09:52:22,987] {logging_mixin.py:115} INFO - [2022-08-11 09:52:22,987] {dag.py:2972} INFO - Setting next_dagrun for example_task_group_decorator to 2022-08-10T01:52:22.987088+00:00, run_after=2022-08-11T01:52:22.987088+00:00
[2022-08-11 09:52:23,108] {processor.py:161} INFO - Processing /Users/pro/Documents/a_env/proj_data/lib/python3.7/site-packages/airflow/example_dags/example_task_group_decorator.py took 0.238 seconds
[2022-08-11 09:52:54,068] {processor.py:153} INFO - Started process (PID=51402) to work on /Users/pro/Documents/a_env/proj_data/lib/python3.7/site-packages/airflow/example_dags/example_task_group_decorator.py
[2022-08-11 09:52:54,069] {processor.py:641} INFO - Processing file /Users/pro/Documents/a_env/proj_data/lib/python3.7/site-packages/airflow/example_dags/example_task_group_decorator.py for tasks to queue
[2022-08-11 09:52:54,070] {logging_mixin.py:115} INFO - [2022-08-11 09:52:54,070] {dagbag.py:508} INFO - Filling up the DagBag from /Users/pro/Documents/a_env/proj_data/lib/python3.7/site-packages/airflow/example_dags/example_task_group_decorator.py
[2022-08-11 09:52:54,106] {processor.py:651} INFO - DAG(s) dict_keys(['example_task_group_decorator']) retrieved from /Users/pro/Documents/a_env/proj_data/lib/python3.7/site-packages/airflow/example_dags/example_task_group_decorator.py
[2022-08-11 09:52:54,167] {logging_mixin.py:115} INFO - [2022-08-11 09:52:54,167] {dag.py:2420} INFO - Sync 1 DAGs
[2022-08-11 09:52:54,185] {logging_mixin.py:115} INFO - [2022-08-11 09:52:54,184] {dag.py:2972} INFO - Setting next_dagrun for example_task_group_decorator to 2022-08-10T01:52:54.184497+00:00, run_after=2022-08-11T01:52:54.184497+00:00
[2022-08-11 09:52:54,305] {processor.py:161} INFO - Processing /Users/pro/Documents/a_env/proj_data/lib/python3.7/site-packages/airflow/example_dags/example_task_group_decorator.py took 0.243 seconds
[2022-08-11 09:53:27,508] {processor.py:153} INFO - Started process (PID=51438) to work on /Users/pro/Documents/a_env/proj_data/lib/python3.7/site-packages/airflow/example_dags/example_task_group_decorator.py
[2022-08-11 09:53:27,509] {processor.py:641} INFO - Processing file /Users/pro/Documents/a_env/proj_data/lib/python3.7/site-packages/airflow/example_dags/example_task_group_decorator.py for tasks to queue
[2022-08-11 09:53:27,510] {logging_mixin.py:115} INFO - [2022-08-11 09:53:27,510] {dagbag.py:508} INFO - Filling up the DagBag from /Users/pro/Documents/a_env/proj_data/lib/python3.7/site-packages/airflow/example_dags/example_task_group_decorator.py
[2022-08-11 09:53:27,540] {processor.py:651} INFO - DAG(s) dict_keys(['example_task_group_decorator']) retrieved from /Users/pro/Documents/a_env/proj_data/lib/python3.7/site-packages/airflow/example_dags/example_task_group_decorator.py
[2022-08-11 09:53:27,602] {logging_mixin.py:115} INFO - [2022-08-11 09:53:27,601] {dag.py:2420} INFO - Sync 1 DAGs
[2022-08-11 09:53:27,618] {logging_mixin.py:115} INFO - [2022-08-11 09:53:27,618] {dag.py:2972} INFO - Setting next_dagrun for example_task_group_decorator to 2022-08-10T01:53:27.618034+00:00, run_after=2022-08-11T01:53:27.618034+00:00
[2022-08-11 09:53:27,741] {processor.py:161} INFO - Processing /Users/pro/Documents/a_env/proj_data/lib/python3.7/site-packages/airflow/example_dags/example_task_group_decorator.py took 0.237 seconds
[2022-08-11 09:54:01,390] {processor.py:153} INFO - Started process (PID=51473) to work on /Users/pro/Documents/a_env/proj_data/lib/python3.7/site-packages/airflow/example_dags/example_task_group_decorator.py
[2022-08-11 09:54:01,391] {processor.py:641} INFO - Processing file /Users/pro/Documents/a_env/proj_data/lib/python3.7/site-packages/airflow/example_dags/example_task_group_decorator.py for tasks to queue
[2022-08-11 09:54:01,392] {logging_mixin.py:115} INFO - [2022-08-11 09:54:01,391] {dagbag.py:508} INFO - Filling up the DagBag from /Users/pro/Documents/a_env/proj_data/lib/python3.7/site-packages/airflow/example_dags/example_task_group_decorator.py
[2022-08-11 09:54:01,423] {processor.py:651} INFO - DAG(s) dict_keys(['example_task_group_decorator']) retrieved from /Users/pro/Documents/a_env/proj_data/lib/python3.7/site-packages/airflow/example_dags/example_task_group_decorator.py
[2022-08-11 09:54:01,481] {logging_mixin.py:115} INFO - [2022-08-11 09:54:01,480] {dag.py:2420} INFO - Sync 1 DAGs
[2022-08-11 09:54:01,497] {logging_mixin.py:115} INFO - [2022-08-11 09:54:01,497] {dag.py:2972} INFO - Setting next_dagrun for example_task_group_decorator to 2022-08-10T01:54:01.497070+00:00, run_after=2022-08-11T01:54:01.497070+00:00
[2022-08-11 09:54:01,625] {processor.py:161} INFO - Processing /Users/pro/Documents/a_env/proj_data/lib/python3.7/site-packages/airflow/example_dags/example_task_group_decorator.py took 0.240 seconds
[2022-08-11 09:54:34,023] {processor.py:153} INFO - Started process (PID=51507) to work on /Users/pro/Documents/a_env/proj_data/lib/python3.7/site-packages/airflow/example_dags/example_task_group_decorator.py
[2022-08-11 09:54:34,025] {processor.py:641} INFO - Processing file /Users/pro/Documents/a_env/proj_data/lib/python3.7/site-packages/airflow/example_dags/example_task_group_decorator.py for tasks to queue
[2022-08-11 09:54:34,026] {logging_mixin.py:115} INFO - [2022-08-11 09:54:34,026] {dagbag.py:508} INFO - Filling up the DagBag from /Users/pro/Documents/a_env/proj_data/lib/python3.7/site-packages/airflow/example_dags/example_task_group_decorator.py
[2022-08-11 09:54:34,058] {processor.py:651} INFO - DAG(s) dict_keys(['example_task_group_decorator']) retrieved from /Users/pro/Documents/a_env/proj_data/lib/python3.7/site-packages/airflow/example_dags/example_task_group_decorator.py
[2022-08-11 09:54:34,125] {logging_mixin.py:115} INFO - [2022-08-11 09:54:34,125] {dag.py:2420} INFO - Sync 1 DAGs
[2022-08-11 09:54:34,142] {logging_mixin.py:115} INFO - [2022-08-11 09:54:34,141] {dag.py:2972} INFO - Setting next_dagrun for example_task_group_decorator to 2022-08-10T01:54:34.141467+00:00, run_after=2022-08-11T01:54:34.141467+00:00
[2022-08-11 09:54:34,271] {processor.py:161} INFO - Processing /Users/pro/Documents/a_env/proj_data/lib/python3.7/site-packages/airflow/example_dags/example_task_group_decorator.py took 0.253 seconds
[2022-08-11 09:55:06,869] {processor.py:153} INFO - Started process (PID=51541) to work on /Users/pro/Documents/a_env/proj_data/lib/python3.7/site-packages/airflow/example_dags/example_task_group_decorator.py
[2022-08-11 09:55:06,870] {processor.py:641} INFO - Processing file /Users/pro/Documents/a_env/proj_data/lib/python3.7/site-packages/airflow/example_dags/example_task_group_decorator.py for tasks to queue
[2022-08-11 09:55:06,871] {logging_mixin.py:115} INFO - [2022-08-11 09:55:06,870] {dagbag.py:508} INFO - Filling up the DagBag from /Users/pro/Documents/a_env/proj_data/lib/python3.7/site-packages/airflow/example_dags/example_task_group_decorator.py
[2022-08-11 09:55:06,902] {processor.py:651} INFO - DAG(s) dict_keys(['example_task_group_decorator']) retrieved from /Users/pro/Documents/a_env/proj_data/lib/python3.7/site-packages/airflow/example_dags/example_task_group_decorator.py
[2022-08-11 09:55:06,959] {logging_mixin.py:115} INFO - [2022-08-11 09:55:06,958] {dag.py:2420} INFO - Sync 1 DAGs
[2022-08-11 09:55:06,976] {logging_mixin.py:115} INFO - [2022-08-11 09:55:06,976] {dag.py:2972} INFO - Setting next_dagrun for example_task_group_decorator to 2022-08-10T01:55:06.975701+00:00, run_after=2022-08-11T01:55:06.975701+00:00
[2022-08-11 09:55:07,101] {processor.py:161} INFO - Processing /Users/pro/Documents/a_env/proj_data/lib/python3.7/site-packages/airflow/example_dags/example_task_group_decorator.py took 0.238 seconds
[2022-08-11 09:55:43,388] {processor.py:153} INFO - Started process (PID=51577) to work on /Users/pro/Documents/a_env/proj_data/lib/python3.7/site-packages/airflow/example_dags/example_task_group_decorator.py
[2022-08-11 09:55:43,391] {processor.py:641} INFO - Processing file /Users/pro/Documents/a_env/proj_data/lib/python3.7/site-packages/airflow/example_dags/example_task_group_decorator.py for tasks to queue
[2022-08-11 09:55:43,392] {logging_mixin.py:115} INFO - [2022-08-11 09:55:43,392] {dagbag.py:508} INFO - Filling up the DagBag from /Users/pro/Documents/a_env/proj_data/lib/python3.7/site-packages/airflow/example_dags/example_task_group_decorator.py
[2022-08-11 09:55:43,424] {processor.py:651} INFO - DAG(s) dict_keys(['example_task_group_decorator']) retrieved from /Users/pro/Documents/a_env/proj_data/lib/python3.7/site-packages/airflow/example_dags/example_task_group_decorator.py
[2022-08-11 09:55:43,484] {logging_mixin.py:115} INFO - [2022-08-11 09:55:43,483] {dag.py:2420} INFO - Sync 1 DAGs
[2022-08-11 09:55:43,617] {logging_mixin.py:115} INFO - [2022-08-11 09:55:43,617] {dag.py:2972} INFO - Setting next_dagrun for example_task_group_decorator to 2022-08-10T01:55:43.616869+00:00, run_after=2022-08-11T01:55:43.616869+00:00
[2022-08-11 09:55:43,631] {processor.py:161} INFO - Processing /Users/pro/Documents/a_env/proj_data/lib/python3.7/site-packages/airflow/example_dags/example_task_group_decorator.py took 0.248 seconds
[2022-08-11 09:56:16,058] {processor.py:153} INFO - Started process (PID=51610) to work on /Users/pro/Documents/a_env/proj_data/lib/python3.7/site-packages/airflow/example_dags/example_task_group_decorator.py
[2022-08-11 09:56:16,060] {processor.py:641} INFO - Processing file /Users/pro/Documents/a_env/proj_data/lib/python3.7/site-packages/airflow/example_dags/example_task_group_decorator.py for tasks to queue
[2022-08-11 09:56:16,062] {logging_mixin.py:115} INFO - [2022-08-11 09:56:16,062] {dagbag.py:508} INFO - Filling up the DagBag from /Users/pro/Documents/a_env/proj_data/lib/python3.7/site-packages/airflow/example_dags/example_task_group_decorator.py
[2022-08-11 09:56:16,098] {processor.py:651} INFO - DAG(s) dict_keys(['example_task_group_decorator']) retrieved from /Users/pro/Documents/a_env/proj_data/lib/python3.7/site-packages/airflow/example_dags/example_task_group_decorator.py
[2022-08-11 09:56:16,120] {logging_mixin.py:115} INFO - [2022-08-11 09:56:16,119] {dag.py:2420} INFO - Sync 1 DAGs
[2022-08-11 09:56:16,139] {logging_mixin.py:115} INFO - [2022-08-11 09:56:16,139] {dag.py:2972} INFO - Setting next_dagrun for example_task_group_decorator to 2022-08-10T01:56:16.138895+00:00, run_after=2022-08-11T01:56:16.138895+00:00
[2022-08-11 09:56:16,152] {processor.py:161} INFO - Processing /Users/pro/Documents/a_env/proj_data/lib/python3.7/site-packages/airflow/example_dags/example_task_group_decorator.py took 0.100 seconds
[2022-08-11 09:56:51,686] {processor.py:153} INFO - Started process (PID=51645) to work on /Users/pro/Documents/a_env/proj_data/lib/python3.7/site-packages/airflow/example_dags/example_task_group_decorator.py
[2022-08-11 09:56:51,687] {processor.py:641} INFO - Processing file /Users/pro/Documents/a_env/proj_data/lib/python3.7/site-packages/airflow/example_dags/example_task_group_decorator.py for tasks to queue
[2022-08-11 09:56:51,688] {logging_mixin.py:115} INFO - [2022-08-11 09:56:51,688] {dagbag.py:508} INFO - Filling up the DagBag from /Users/pro/Documents/a_env/proj_data/lib/python3.7/site-packages/airflow/example_dags/example_task_group_decorator.py
[2022-08-11 09:56:51,720] {processor.py:651} INFO - DAG(s) dict_keys(['example_task_group_decorator']) retrieved from /Users/pro/Documents/a_env/proj_data/lib/python3.7/site-packages/airflow/example_dags/example_task_group_decorator.py
[2022-08-11 09:56:51,742] {logging_mixin.py:115} INFO - [2022-08-11 09:56:51,742] {dag.py:2420} INFO - Sync 1 DAGs
[2022-08-11 09:56:51,760] {logging_mixin.py:115} INFO - [2022-08-11 09:56:51,759] {dag.py:2972} INFO - Setting next_dagrun for example_task_group_decorator to 2022-08-10T01:56:51.759408+00:00, run_after=2022-08-11T01:56:51.759408+00:00
[2022-08-11 09:56:51,778] {processor.py:161} INFO - Processing /Users/pro/Documents/a_env/proj_data/lib/python3.7/site-packages/airflow/example_dags/example_task_group_decorator.py took 0.098 seconds
[2022-08-11 09:57:25,621] {processor.py:153} INFO - Started process (PID=51683) to work on /Users/pro/Documents/a_env/proj_data/lib/python3.7/site-packages/airflow/example_dags/example_task_group_decorator.py
[2022-08-11 09:57:25,621] {processor.py:641} INFO - Processing file /Users/pro/Documents/a_env/proj_data/lib/python3.7/site-packages/airflow/example_dags/example_task_group_decorator.py for tasks to queue
[2022-08-11 09:57:25,622] {logging_mixin.py:115} INFO - [2022-08-11 09:57:25,622] {dagbag.py:508} INFO - Filling up the DagBag from /Users/pro/Documents/a_env/proj_data/lib/python3.7/site-packages/airflow/example_dags/example_task_group_decorator.py
[2022-08-11 09:57:25,653] {processor.py:651} INFO - DAG(s) dict_keys(['example_task_group_decorator']) retrieved from /Users/pro/Documents/a_env/proj_data/lib/python3.7/site-packages/airflow/example_dags/example_task_group_decorator.py
[2022-08-11 09:57:25,711] {logging_mixin.py:115} INFO - [2022-08-11 09:57:25,710] {dag.py:2420} INFO - Sync 1 DAGs
[2022-08-11 09:57:25,842] {logging_mixin.py:115} INFO - [2022-08-11 09:57:25,842] {dag.py:2972} INFO - Setting next_dagrun for example_task_group_decorator to 2022-08-10T01:57:25.841823+00:00, run_after=2022-08-11T01:57:25.841823+00:00
[2022-08-11 09:57:25,857] {processor.py:161} INFO - Processing /Users/pro/Documents/a_env/proj_data/lib/python3.7/site-packages/airflow/example_dags/example_task_group_decorator.py took 0.241 seconds
[2022-08-11 09:57:59,738] {processor.py:153} INFO - Started process (PID=51721) to work on /Users/pro/Documents/a_env/proj_data/lib/python3.7/site-packages/airflow/example_dags/example_task_group_decorator.py
[2022-08-11 09:57:59,739] {processor.py:641} INFO - Processing file /Users/pro/Documents/a_env/proj_data/lib/python3.7/site-packages/airflow/example_dags/example_task_group_decorator.py for tasks to queue
[2022-08-11 09:57:59,740] {logging_mixin.py:115} INFO - [2022-08-11 09:57:59,740] {dagbag.py:508} INFO - Filling up the DagBag from /Users/pro/Documents/a_env/proj_data/lib/python3.7/site-packages/airflow/example_dags/example_task_group_decorator.py
[2022-08-11 09:57:59,771] {processor.py:651} INFO - DAG(s) dict_keys(['example_task_group_decorator']) retrieved from /Users/pro/Documents/a_env/proj_data/lib/python3.7/site-packages/airflow/example_dags/example_task_group_decorator.py
[2022-08-11 09:57:59,828] {logging_mixin.py:115} INFO - [2022-08-11 09:57:59,828] {dag.py:2420} INFO - Sync 1 DAGs
[2022-08-11 09:57:59,954] {logging_mixin.py:115} INFO - [2022-08-11 09:57:59,954] {dag.py:2972} INFO - Setting next_dagrun for example_task_group_decorator to 2022-08-10T01:57:59.953808+00:00, run_after=2022-08-11T01:57:59.953808+00:00
[2022-08-11 09:57:59,968] {processor.py:161} INFO - Processing /Users/pro/Documents/a_env/proj_data/lib/python3.7/site-packages/airflow/example_dags/example_task_group_decorator.py took 0.235 seconds
[2022-08-11 09:58:31,195] {processor.py:153} INFO - Started process (PID=51752) to work on /Users/pro/Documents/a_env/proj_data/lib/python3.7/site-packages/airflow/example_dags/example_task_group_decorator.py
[2022-08-11 09:58:31,196] {processor.py:641} INFO - Processing file /Users/pro/Documents/a_env/proj_data/lib/python3.7/site-packages/airflow/example_dags/example_task_group_decorator.py for tasks to queue
[2022-08-11 09:58:31,197] {logging_mixin.py:115} INFO - [2022-08-11 09:58:31,196] {dagbag.py:508} INFO - Filling up the DagBag from /Users/pro/Documents/a_env/proj_data/lib/python3.7/site-packages/airflow/example_dags/example_task_group_decorator.py
[2022-08-11 09:58:31,226] {processor.py:651} INFO - DAG(s) dict_keys(['example_task_group_decorator']) retrieved from /Users/pro/Documents/a_env/proj_data/lib/python3.7/site-packages/airflow/example_dags/example_task_group_decorator.py
[2022-08-11 09:58:31,247] {logging_mixin.py:115} INFO - [2022-08-11 09:58:31,247] {dag.py:2420} INFO - Sync 1 DAGs
[2022-08-11 09:58:31,265] {logging_mixin.py:115} INFO - [2022-08-11 09:58:31,265] {dag.py:2972} INFO - Setting next_dagrun for example_task_group_decorator to 2022-08-10T01:58:31.264997+00:00, run_after=2022-08-11T01:58:31.264997+00:00
[2022-08-11 09:58:31,279] {processor.py:161} INFO - Processing /Users/pro/Documents/a_env/proj_data/lib/python3.7/site-packages/airflow/example_dags/example_task_group_decorator.py took 0.090 seconds
[2022-08-11 09:59:06,767] {processor.py:153} INFO - Started process (PID=51788) to work on /Users/pro/Documents/a_env/proj_data/lib/python3.7/site-packages/airflow/example_dags/example_task_group_decorator.py
[2022-08-11 09:59:06,769] {processor.py:641} INFO - Processing file /Users/pro/Documents/a_env/proj_data/lib/python3.7/site-packages/airflow/example_dags/example_task_group_decorator.py for tasks to queue
[2022-08-11 09:59:06,771] {logging_mixin.py:115} INFO - [2022-08-11 09:59:06,771] {dagbag.py:508} INFO - Filling up the DagBag from /Users/pro/Documents/a_env/proj_data/lib/python3.7/site-packages/airflow/example_dags/example_task_group_decorator.py
[2022-08-11 09:59:06,803] {processor.py:651} INFO - DAG(s) dict_keys(['example_task_group_decorator']) retrieved from /Users/pro/Documents/a_env/proj_data/lib/python3.7/site-packages/airflow/example_dags/example_task_group_decorator.py
[2022-08-11 09:59:06,862] {logging_mixin.py:115} INFO - [2022-08-11 09:59:06,862] {dag.py:2420} INFO - Sync 1 DAGs
[2022-08-11 09:59:06,998] {logging_mixin.py:115} INFO - [2022-08-11 09:59:06,997] {dag.py:2972} INFO - Setting next_dagrun for example_task_group_decorator to 2022-08-10T01:59:06.997555+00:00, run_after=2022-08-11T01:59:06.997555+00:00
[2022-08-11 09:59:07,012] {processor.py:161} INFO - Processing /Users/pro/Documents/a_env/proj_data/lib/python3.7/site-packages/airflow/example_dags/example_task_group_decorator.py took 0.250 seconds
[2022-08-11 09:59:40,502] {processor.py:153} INFO - Started process (PID=51836) to work on /Users/pro/Documents/a_env/proj_data/lib/python3.7/site-packages/airflow/example_dags/example_task_group_decorator.py
[2022-08-11 09:59:40,504] {processor.py:641} INFO - Processing file /Users/pro/Documents/a_env/proj_data/lib/python3.7/site-packages/airflow/example_dags/example_task_group_decorator.py for tasks to queue
[2022-08-11 09:59:40,505] {logging_mixin.py:115} INFO - [2022-08-11 09:59:40,505] {dagbag.py:508} INFO - Filling up the DagBag from /Users/pro/Documents/a_env/proj_data/lib/python3.7/site-packages/airflow/example_dags/example_task_group_decorator.py
[2022-08-11 09:59:40,538] {processor.py:651} INFO - DAG(s) dict_keys(['example_task_group_decorator']) retrieved from /Users/pro/Documents/a_env/proj_data/lib/python3.7/site-packages/airflow/example_dags/example_task_group_decorator.py
[2022-08-11 09:59:40,595] {logging_mixin.py:115} INFO - [2022-08-11 09:59:40,595] {dag.py:2420} INFO - Sync 1 DAGs
[2022-08-11 09:59:40,725] {logging_mixin.py:115} INFO - [2022-08-11 09:59:40,724] {dag.py:2972} INFO - Setting next_dagrun for example_task_group_decorator to 2022-08-10T01:59:40.724548+00:00, run_after=2022-08-11T01:59:40.724548+00:00
[2022-08-11 09:59:40,739] {processor.py:161} INFO - Processing /Users/pro/Documents/a_env/proj_data/lib/python3.7/site-packages/airflow/example_dags/example_task_group_decorator.py took 0.242 seconds
[2022-08-11 10:00:14,047] {processor.py:153} INFO - Started process (PID=51869) to work on /Users/pro/Documents/a_env/proj_data/lib/python3.7/site-packages/airflow/example_dags/example_task_group_decorator.py
[2022-08-11 10:00:14,048] {processor.py:641} INFO - Processing file /Users/pro/Documents/a_env/proj_data/lib/python3.7/site-packages/airflow/example_dags/example_task_group_decorator.py for tasks to queue
[2022-08-11 10:00:14,049] {logging_mixin.py:115} INFO - [2022-08-11 10:00:14,049] {dagbag.py:508} INFO - Filling up the DagBag from /Users/pro/Documents/a_env/proj_data/lib/python3.7/site-packages/airflow/example_dags/example_task_group_decorator.py
[2022-08-11 10:00:14,082] {processor.py:651} INFO - DAG(s) dict_keys(['example_task_group_decorator']) retrieved from /Users/pro/Documents/a_env/proj_data/lib/python3.7/site-packages/airflow/example_dags/example_task_group_decorator.py
[2022-08-11 10:00:14,105] {logging_mixin.py:115} INFO - [2022-08-11 10:00:14,105] {dag.py:2420} INFO - Sync 1 DAGs
[2022-08-11 10:00:14,123] {logging_mixin.py:115} INFO - [2022-08-11 10:00:14,122] {dag.py:2972} INFO - Setting next_dagrun for example_task_group_decorator to 2022-08-10T02:00:14.122704+00:00, run_after=2022-08-11T02:00:14.122704+00:00
[2022-08-11 10:00:14,137] {processor.py:161} INFO - Processing /Users/pro/Documents/a_env/proj_data/lib/python3.7/site-packages/airflow/example_dags/example_task_group_decorator.py took 0.095 seconds
[2022-08-11 10:00:47,460] {processor.py:153} INFO - Started process (PID=51925) to work on /Users/pro/Documents/a_env/proj_data/lib/python3.7/site-packages/airflow/example_dags/example_task_group_decorator.py
[2022-08-11 10:00:47,462] {processor.py:641} INFO - Processing file /Users/pro/Documents/a_env/proj_data/lib/python3.7/site-packages/airflow/example_dags/example_task_group_decorator.py for tasks to queue
[2022-08-11 10:00:47,463] {logging_mixin.py:115} INFO - [2022-08-11 10:00:47,463] {dagbag.py:508} INFO - Filling up the DagBag from /Users/pro/Documents/a_env/proj_data/lib/python3.7/site-packages/airflow/example_dags/example_task_group_decorator.py
[2022-08-11 10:00:47,492] {processor.py:651} INFO - DAG(s) dict_keys(['example_task_group_decorator']) retrieved from /Users/pro/Documents/a_env/proj_data/lib/python3.7/site-packages/airflow/example_dags/example_task_group_decorator.py
[2022-08-11 10:00:47,551] {logging_mixin.py:115} INFO - [2022-08-11 10:00:47,550] {dag.py:2420} INFO - Sync 1 DAGs
[2022-08-11 10:00:47,679] {logging_mixin.py:115} INFO - [2022-08-11 10:00:47,679] {dag.py:2972} INFO - Setting next_dagrun for example_task_group_decorator to 2022-08-10T02:00:47.679203+00:00, run_after=2022-08-11T02:00:47.679203+00:00
[2022-08-11 10:00:47,691] {processor.py:161} INFO - Processing /Users/pro/Documents/a_env/proj_data/lib/python3.7/site-packages/airflow/example_dags/example_task_group_decorator.py took 0.235 seconds
[2022-08-11 10:01:22,358] {processor.py:153} INFO - Started process (PID=51961) to work on /Users/pro/Documents/a_env/proj_data/lib/python3.7/site-packages/airflow/example_dags/example_task_group_decorator.py
[2022-08-11 10:01:22,359] {processor.py:641} INFO - Processing file /Users/pro/Documents/a_env/proj_data/lib/python3.7/site-packages/airflow/example_dags/example_task_group_decorator.py for tasks to queue
[2022-08-11 10:01:22,360] {logging_mixin.py:115} INFO - [2022-08-11 10:01:22,360] {dagbag.py:508} INFO - Filling up the DagBag from /Users/pro/Documents/a_env/proj_data/lib/python3.7/site-packages/airflow/example_dags/example_task_group_decorator.py
[2022-08-11 10:01:22,388] {processor.py:651} INFO - DAG(s) dict_keys(['example_task_group_decorator']) retrieved from /Users/pro/Documents/a_env/proj_data/lib/python3.7/site-packages/airflow/example_dags/example_task_group_decorator.py
[2022-08-11 10:01:22,449] {logging_mixin.py:115} INFO - [2022-08-11 10:01:22,448] {dag.py:2420} INFO - Sync 1 DAGs
[2022-08-11 10:01:22,572] {logging_mixin.py:115} INFO - [2022-08-11 10:01:22,572] {dag.py:2972} INFO - Setting next_dagrun for example_task_group_decorator to 2022-08-10T02:01:22.572278+00:00, run_after=2022-08-11T02:01:22.572278+00:00
[2022-08-11 10:01:22,583] {processor.py:161} INFO - Processing /Users/pro/Documents/a_env/proj_data/lib/python3.7/site-packages/airflow/example_dags/example_task_group_decorator.py took 0.230 seconds
[2022-08-11 10:01:57,375] {processor.py:153} INFO - Started process (PID=52000) to work on /Users/pro/Documents/a_env/proj_data/lib/python3.7/site-packages/airflow/example_dags/example_task_group_decorator.py
[2022-08-11 10:01:57,376] {processor.py:641} INFO - Processing file /Users/pro/Documents/a_env/proj_data/lib/python3.7/site-packages/airflow/example_dags/example_task_group_decorator.py for tasks to queue
[2022-08-11 10:01:57,377] {logging_mixin.py:115} INFO - [2022-08-11 10:01:57,377] {dagbag.py:508} INFO - Filling up the DagBag from /Users/pro/Documents/a_env/proj_data/lib/python3.7/site-packages/airflow/example_dags/example_task_group_decorator.py
[2022-08-11 10:01:57,407] {processor.py:651} INFO - DAG(s) dict_keys(['example_task_group_decorator']) retrieved from /Users/pro/Documents/a_env/proj_data/lib/python3.7/site-packages/airflow/example_dags/example_task_group_decorator.py
[2022-08-11 10:01:57,468] {logging_mixin.py:115} INFO - [2022-08-11 10:01:57,467] {dag.py:2420} INFO - Sync 1 DAGs
[2022-08-11 10:01:57,598] {logging_mixin.py:115} INFO - [2022-08-11 10:01:57,598] {dag.py:2972} INFO - Setting next_dagrun for example_task_group_decorator to 2022-08-10T02:01:57.597912+00:00, run_after=2022-08-11T02:01:57.597912+00:00
[2022-08-11 10:01:57,610] {processor.py:161} INFO - Processing /Users/pro/Documents/a_env/proj_data/lib/python3.7/site-packages/airflow/example_dags/example_task_group_decorator.py took 0.240 seconds
[2022-08-11 10:02:32,458] {processor.py:153} INFO - Started process (PID=52037) to work on /Users/pro/Documents/a_env/proj_data/lib/python3.7/site-packages/airflow/example_dags/example_task_group_decorator.py
[2022-08-11 10:02:32,459] {processor.py:641} INFO - Processing file /Users/pro/Documents/a_env/proj_data/lib/python3.7/site-packages/airflow/example_dags/example_task_group_decorator.py for tasks to queue
[2022-08-11 10:02:32,461] {logging_mixin.py:115} INFO - [2022-08-11 10:02:32,460] {dagbag.py:508} INFO - Filling up the DagBag from /Users/pro/Documents/a_env/proj_data/lib/python3.7/site-packages/airflow/example_dags/example_task_group_decorator.py
[2022-08-11 10:02:32,489] {processor.py:651} INFO - DAG(s) dict_keys(['example_task_group_decorator']) retrieved from /Users/pro/Documents/a_env/proj_data/lib/python3.7/site-packages/airflow/example_dags/example_task_group_decorator.py
[2022-08-11 10:02:32,548] {logging_mixin.py:115} INFO - [2022-08-11 10:02:32,548] {dag.py:2420} INFO - Sync 1 DAGs
[2022-08-11 10:02:32,678] {logging_mixin.py:115} INFO - [2022-08-11 10:02:32,677] {dag.py:2972} INFO - Setting next_dagrun for example_task_group_decorator to 2022-08-10T02:02:32.677520+00:00, run_after=2022-08-11T02:02:32.677520+00:00
[2022-08-11 10:02:32,689] {processor.py:161} INFO - Processing /Users/pro/Documents/a_env/proj_data/lib/python3.7/site-packages/airflow/example_dags/example_task_group_decorator.py took 0.235 seconds
[2022-08-11 10:03:08,085] {processor.py:153} INFO - Started process (PID=52074) to work on /Users/pro/Documents/a_env/proj_data/lib/python3.7/site-packages/airflow/example_dags/example_task_group_decorator.py
[2022-08-11 10:03:08,086] {processor.py:641} INFO - Processing file /Users/pro/Documents/a_env/proj_data/lib/python3.7/site-packages/airflow/example_dags/example_task_group_decorator.py for tasks to queue
[2022-08-11 10:03:08,087] {logging_mixin.py:115} INFO - [2022-08-11 10:03:08,087] {dagbag.py:508} INFO - Filling up the DagBag from /Users/pro/Documents/a_env/proj_data/lib/python3.7/site-packages/airflow/example_dags/example_task_group_decorator.py
[2022-08-11 10:03:08,121] {processor.py:651} INFO - DAG(s) dict_keys(['example_task_group_decorator']) retrieved from /Users/pro/Documents/a_env/proj_data/lib/python3.7/site-packages/airflow/example_dags/example_task_group_decorator.py
[2022-08-11 10:03:08,181] {logging_mixin.py:115} INFO - [2022-08-11 10:03:08,181] {dag.py:2420} INFO - Sync 1 DAGs
[2022-08-11 10:03:08,303] {logging_mixin.py:115} INFO - [2022-08-11 10:03:08,303] {dag.py:2972} INFO - Setting next_dagrun for example_task_group_decorator to 2022-08-10T02:03:08.302834+00:00, run_after=2022-08-11T02:03:08.302834+00:00
[2022-08-11 10:03:08,314] {processor.py:161} INFO - Processing /Users/pro/Documents/a_env/proj_data/lib/python3.7/site-packages/airflow/example_dags/example_task_group_decorator.py took 0.233 seconds
[2022-08-11 10:03:42,217] {processor.py:153} INFO - Started process (PID=52110) to work on /Users/pro/Documents/a_env/proj_data/lib/python3.7/site-packages/airflow/example_dags/example_task_group_decorator.py
[2022-08-11 10:03:42,219] {processor.py:641} INFO - Processing file /Users/pro/Documents/a_env/proj_data/lib/python3.7/site-packages/airflow/example_dags/example_task_group_decorator.py for tasks to queue
[2022-08-11 10:03:42,221] {logging_mixin.py:115} INFO - [2022-08-11 10:03:42,220] {dagbag.py:508} INFO - Filling up the DagBag from /Users/pro/Documents/a_env/proj_data/lib/python3.7/site-packages/airflow/example_dags/example_task_group_decorator.py
[2022-08-11 10:03:42,253] {processor.py:651} INFO - DAG(s) dict_keys(['example_task_group_decorator']) retrieved from /Users/pro/Documents/a_env/proj_data/lib/python3.7/site-packages/airflow/example_dags/example_task_group_decorator.py
[2022-08-11 10:03:42,312] {logging_mixin.py:115} INFO - [2022-08-11 10:03:42,312] {dag.py:2420} INFO - Sync 1 DAGs
[2022-08-11 10:03:42,445] {logging_mixin.py:115} INFO - [2022-08-11 10:03:42,444] {dag.py:2972} INFO - Setting next_dagrun for example_task_group_decorator to 2022-08-10T02:03:42.444703+00:00, run_after=2022-08-11T02:03:42.444703+00:00
[2022-08-11 10:03:42,463] {processor.py:161} INFO - Processing /Users/pro/Documents/a_env/proj_data/lib/python3.7/site-packages/airflow/example_dags/example_task_group_decorator.py took 0.251 seconds
[2022-08-11 10:04:19,233] {processor.py:153} INFO - Started process (PID=52147) to work on /Users/pro/Documents/a_env/proj_data/lib/python3.7/site-packages/airflow/example_dags/example_task_group_decorator.py
[2022-08-11 10:04:19,234] {processor.py:641} INFO - Processing file /Users/pro/Documents/a_env/proj_data/lib/python3.7/site-packages/airflow/example_dags/example_task_group_decorator.py for tasks to queue
[2022-08-11 10:04:19,235] {logging_mixin.py:115} INFO - [2022-08-11 10:04:19,235] {dagbag.py:508} INFO - Filling up the DagBag from /Users/pro/Documents/a_env/proj_data/lib/python3.7/site-packages/airflow/example_dags/example_task_group_decorator.py
[2022-08-11 10:04:19,267] {processor.py:651} INFO - DAG(s) dict_keys(['example_task_group_decorator']) retrieved from /Users/pro/Documents/a_env/proj_data/lib/python3.7/site-packages/airflow/example_dags/example_task_group_decorator.py
[2022-08-11 10:04:19,324] {logging_mixin.py:115} INFO - [2022-08-11 10:04:19,324] {dag.py:2420} INFO - Sync 1 DAGs
[2022-08-11 10:04:19,452] {logging_mixin.py:115} INFO - [2022-08-11 10:04:19,452] {dag.py:2972} INFO - Setting next_dagrun for example_task_group_decorator to 2022-08-10T02:04:19.452343+00:00, run_after=2022-08-11T02:04:19.452343+00:00
[2022-08-11 10:04:19,471] {processor.py:161} INFO - Processing /Users/pro/Documents/a_env/proj_data/lib/python3.7/site-packages/airflow/example_dags/example_task_group_decorator.py took 0.242 seconds
[2022-08-11 10:18:46,729] {processor.py:153} INFO - Started process (PID=52182) to work on /Users/pro/Documents/a_env/proj_data/lib/python3.7/site-packages/airflow/example_dags/example_task_group_decorator.py
[2022-08-11 10:18:46,736] {processor.py:641} INFO - Processing file /Users/pro/Documents/a_env/proj_data/lib/python3.7/site-packages/airflow/example_dags/example_task_group_decorator.py for tasks to queue
[2022-08-11 10:18:46,744] {logging_mixin.py:115} INFO - [2022-08-11 10:18:46,742] {dagbag.py:508} INFO - Filling up the DagBag from /Users/pro/Documents/a_env/proj_data/lib/python3.7/site-packages/airflow/example_dags/example_task_group_decorator.py
[2022-08-11 10:18:46,986] {processor.py:651} INFO - DAG(s) dict_keys(['example_task_group_decorator']) retrieved from /Users/pro/Documents/a_env/proj_data/lib/python3.7/site-packages/airflow/example_dags/example_task_group_decorator.py
[2022-08-11 10:18:47,470] {logging_mixin.py:115} INFO - [2022-08-11 10:18:47,468] {dag.py:2420} INFO - Sync 1 DAGs
[2022-08-11 10:18:48,261] {logging_mixin.py:115} INFO - [2022-08-11 10:18:48,259] {dag.py:2972} INFO - Setting next_dagrun for example_task_group_decorator to 2022-08-10T02:18:48.257648+00:00, run_after=2022-08-11T02:18:48.257648+00:00
[2022-08-11 10:18:48,350] {processor.py:161} INFO - Processing /Users/pro/Documents/a_env/proj_data/lib/python3.7/site-packages/airflow/example_dags/example_task_group_decorator.py took 1.653 seconds
[2022-08-11 10:23:11,423] {processor.py:153} INFO - Started process (PID=52266) to work on /Users/pro/Documents/a_env/proj_data/lib/python3.7/site-packages/airflow/example_dags/example_task_group_decorator.py
[2022-08-11 10:23:11,425] {processor.py:641} INFO - Processing file /Users/pro/Documents/a_env/proj_data/lib/python3.7/site-packages/airflow/example_dags/example_task_group_decorator.py for tasks to queue
[2022-08-11 10:23:11,427] {logging_mixin.py:115} INFO - [2022-08-11 10:23:11,427] {dagbag.py:508} INFO - Filling up the DagBag from /Users/pro/Documents/a_env/proj_data/lib/python3.7/site-packages/airflow/example_dags/example_task_group_decorator.py
[2022-08-11 10:23:11,467] {processor.py:651} INFO - DAG(s) dict_keys(['example_task_group_decorator']) retrieved from /Users/pro/Documents/a_env/proj_data/lib/python3.7/site-packages/airflow/example_dags/example_task_group_decorator.py
[2022-08-11 10:23:11,495] {logging_mixin.py:115} INFO - [2022-08-11 10:23:11,494] {dag.py:2420} INFO - Sync 1 DAGs
[2022-08-11 10:23:11,516] {logging_mixin.py:115} INFO - [2022-08-11 10:23:11,515] {dag.py:2972} INFO - Setting next_dagrun for example_task_group_decorator to 2022-08-10T02:23:11.515376+00:00, run_after=2022-08-11T02:23:11.515376+00:00
[2022-08-11 10:23:11,531] {processor.py:161} INFO - Processing /Users/pro/Documents/a_env/proj_data/lib/python3.7/site-packages/airflow/example_dags/example_task_group_decorator.py took 0.114 seconds
[2022-08-11 10:23:46,376] {processor.py:153} INFO - Started process (PID=52314) to work on /Users/pro/Documents/a_env/proj_data/lib/python3.7/site-packages/airflow/example_dags/example_task_group_decorator.py
[2022-08-11 10:23:46,377] {processor.py:641} INFO - Processing file /Users/pro/Documents/a_env/proj_data/lib/python3.7/site-packages/airflow/example_dags/example_task_group_decorator.py for tasks to queue
[2022-08-11 10:23:46,379] {logging_mixin.py:115} INFO - [2022-08-11 10:23:46,378] {dagbag.py:508} INFO - Filling up the DagBag from /Users/pro/Documents/a_env/proj_data/lib/python3.7/site-packages/airflow/example_dags/example_task_group_decorator.py
[2022-08-11 10:23:46,410] {processor.py:651} INFO - DAG(s) dict_keys(['example_task_group_decorator']) retrieved from /Users/pro/Documents/a_env/proj_data/lib/python3.7/site-packages/airflow/example_dags/example_task_group_decorator.py
[2022-08-11 10:23:46,587] {logging_mixin.py:115} INFO - [2022-08-11 10:23:46,586] {dag.py:2420} INFO - Sync 1 DAGs
[2022-08-11 10:23:46,604] {logging_mixin.py:115} INFO - [2022-08-11 10:23:46,604] {dag.py:2972} INFO - Setting next_dagrun for example_task_group_decorator to 2022-08-10T02:23:46.603906+00:00, run_after=2022-08-11T02:23:46.603906+00:00
[2022-08-11 10:23:46,617] {processor.py:161} INFO - Processing /Users/pro/Documents/a_env/proj_data/lib/python3.7/site-packages/airflow/example_dags/example_task_group_decorator.py took 0.246 seconds
[2022-08-11 10:24:22,393] {processor.py:153} INFO - Started process (PID=52426) to work on /Users/pro/Documents/a_env/proj_data/lib/python3.7/site-packages/airflow/example_dags/example_task_group_decorator.py
[2022-08-11 10:24:22,419] {processor.py:641} INFO - Processing file /Users/pro/Documents/a_env/proj_data/lib/python3.7/site-packages/airflow/example_dags/example_task_group_decorator.py for tasks to queue
[2022-08-11 10:24:22,420] {logging_mixin.py:115} INFO - [2022-08-11 10:24:22,420] {dagbag.py:508} INFO - Filling up the DagBag from /Users/pro/Documents/a_env/proj_data/lib/python3.7/site-packages/airflow/example_dags/example_task_group_decorator.py
[2022-08-11 10:24:22,458] {processor.py:651} INFO - DAG(s) dict_keys(['example_task_group_decorator']) retrieved from /Users/pro/Documents/a_env/proj_data/lib/python3.7/site-packages/airflow/example_dags/example_task_group_decorator.py
[2022-08-11 10:24:22,671] {logging_mixin.py:115} INFO - [2022-08-11 10:24:22,670] {dag.py:2420} INFO - Sync 1 DAGs
[2022-08-11 10:24:22,688] {logging_mixin.py:115} INFO - [2022-08-11 10:24:22,688] {dag.py:2972} INFO - Setting next_dagrun for example_task_group_decorator to 2022-08-10T02:24:22.688291+00:00, run_after=2022-08-11T02:24:22.688291+00:00
[2022-08-11 10:24:22,704] {processor.py:161} INFO - Processing /Users/pro/Documents/a_env/proj_data/lib/python3.7/site-packages/airflow/example_dags/example_task_group_decorator.py took 0.316 seconds
[2022-08-11 10:24:59,727] {processor.py:153} INFO - Started process (PID=52473) to work on /Users/pro/Documents/a_env/proj_data/lib/python3.7/site-packages/airflow/example_dags/example_task_group_decorator.py
[2022-08-11 10:24:59,728] {processor.py:641} INFO - Processing file /Users/pro/Documents/a_env/proj_data/lib/python3.7/site-packages/airflow/example_dags/example_task_group_decorator.py for tasks to queue
[2022-08-11 10:24:59,729] {logging_mixin.py:115} INFO - [2022-08-11 10:24:59,729] {dagbag.py:508} INFO - Filling up the DagBag from /Users/pro/Documents/a_env/proj_data/lib/python3.7/site-packages/airflow/example_dags/example_task_group_decorator.py
[2022-08-11 10:24:59,775] {processor.py:651} INFO - DAG(s) dict_keys(['example_task_group_decorator']) retrieved from /Users/pro/Documents/a_env/proj_data/lib/python3.7/site-packages/airflow/example_dags/example_task_group_decorator.py
[2022-08-11 10:25:00,043] {logging_mixin.py:115} INFO - [2022-08-11 10:25:00,043] {dag.py:2420} INFO - Sync 1 DAGs
[2022-08-11 10:25:00,062] {logging_mixin.py:115} INFO - [2022-08-11 10:25:00,061] {dag.py:2972} INFO - Setting next_dagrun for example_task_group_decorator to 2022-08-10T02:25:00.061789+00:00, run_after=2022-08-11T02:25:00.061789+00:00
[2022-08-11 10:25:00,076] {processor.py:161} INFO - Processing /Users/pro/Documents/a_env/proj_data/lib/python3.7/site-packages/airflow/example_dags/example_task_group_decorator.py took 0.357 seconds
[2022-08-11 10:25:35,037] {processor.py:153} INFO - Started process (PID=52514) to work on /Users/pro/Documents/a_env/proj_data/lib/python3.7/site-packages/airflow/example_dags/example_task_group_decorator.py
[2022-08-11 10:25:35,040] {processor.py:641} INFO - Processing file /Users/pro/Documents/a_env/proj_data/lib/python3.7/site-packages/airflow/example_dags/example_task_group_decorator.py for tasks to queue
[2022-08-11 10:25:35,041] {logging_mixin.py:115} INFO - [2022-08-11 10:25:35,041] {dagbag.py:508} INFO - Filling up the DagBag from /Users/pro/Documents/a_env/proj_data/lib/python3.7/site-packages/airflow/example_dags/example_task_group_decorator.py
[2022-08-11 10:25:35,280] {processor.py:651} INFO - DAG(s) dict_keys(['example_task_group_decorator']) retrieved from /Users/pro/Documents/a_env/proj_data/lib/python3.7/site-packages/airflow/example_dags/example_task_group_decorator.py
[2022-08-11 10:25:35,990] {logging_mixin.py:115} INFO - [2022-08-11 10:25:35,989] {dag.py:2420} INFO - Sync 1 DAGs
[2022-08-11 10:25:36,031] {logging_mixin.py:115} INFO - [2022-08-11 10:25:36,031] {dag.py:2972} INFO - Setting next_dagrun for example_task_group_decorator to 2022-08-10T02:25:36.030729+00:00, run_after=2022-08-11T02:25:36.030729+00:00
[2022-08-11 10:25:36,072] {processor.py:161} INFO - Processing /Users/pro/Documents/a_env/proj_data/lib/python3.7/site-packages/airflow/example_dags/example_task_group_decorator.py took 1.043 seconds
[2022-08-11 10:26:14,519] {processor.py:153} INFO - Started process (PID=52600) to work on /Users/pro/Documents/a_env/proj_data/lib/python3.7/site-packages/airflow/example_dags/example_task_group_decorator.py
[2022-08-11 10:26:14,522] {processor.py:641} INFO - Processing file /Users/pro/Documents/a_env/proj_data/lib/python3.7/site-packages/airflow/example_dags/example_task_group_decorator.py for tasks to queue
[2022-08-11 10:26:14,524] {logging_mixin.py:115} INFO - [2022-08-11 10:26:14,523] {dagbag.py:508} INFO - Filling up the DagBag from /Users/pro/Documents/a_env/proj_data/lib/python3.7/site-packages/airflow/example_dags/example_task_group_decorator.py
[2022-08-11 10:26:14,587] {processor.py:651} INFO - DAG(s) dict_keys(['example_task_group_decorator']) retrieved from /Users/pro/Documents/a_env/proj_data/lib/python3.7/site-packages/airflow/example_dags/example_task_group_decorator.py
[2022-08-11 10:26:14,961] {logging_mixin.py:115} INFO - [2022-08-11 10:26:14,961] {dag.py:2420} INFO - Sync 1 DAGs
[2022-08-11 10:26:14,988] {logging_mixin.py:115} INFO - [2022-08-11 10:26:14,988] {dag.py:2972} INFO - Setting next_dagrun for example_task_group_decorator to 2022-08-10T02:26:14.987890+00:00, run_after=2022-08-11T02:26:14.987890+00:00
[2022-08-11 10:26:15,009] {processor.py:161} INFO - Processing /Users/pro/Documents/a_env/proj_data/lib/python3.7/site-packages/airflow/example_dags/example_task_group_decorator.py took 0.497 seconds
[2022-08-11 10:26:53,932] {processor.py:153} INFO - Started process (PID=52649) to work on /Users/pro/Documents/a_env/proj_data/lib/python3.7/site-packages/airflow/example_dags/example_task_group_decorator.py
[2022-08-11 10:26:53,935] {processor.py:641} INFO - Processing file /Users/pro/Documents/a_env/proj_data/lib/python3.7/site-packages/airflow/example_dags/example_task_group_decorator.py for tasks to queue
[2022-08-11 10:26:53,937] {logging_mixin.py:115} INFO - [2022-08-11 10:26:53,936] {dagbag.py:508} INFO - Filling up the DagBag from /Users/pro/Documents/a_env/proj_data/lib/python3.7/site-packages/airflow/example_dags/example_task_group_decorator.py
[2022-08-11 10:26:54,010] {processor.py:651} INFO - DAG(s) dict_keys(['example_task_group_decorator']) retrieved from /Users/pro/Documents/a_env/proj_data/lib/python3.7/site-packages/airflow/example_dags/example_task_group_decorator.py
[2022-08-11 10:26:55,992] {logging_mixin.py:115} INFO - [2022-08-11 10:26:55,989] {dag.py:2420} INFO - Sync 1 DAGs
[2022-08-11 10:26:56,113] {logging_mixin.py:115} INFO - [2022-08-11 10:26:56,112] {dag.py:2972} INFO - Setting next_dagrun for example_task_group_decorator to 2022-08-10T02:26:56.112670+00:00, run_after=2022-08-11T02:26:56.112670+00:00
[2022-08-11 10:26:56,130] {processor.py:161} INFO - Processing /Users/pro/Documents/a_env/proj_data/lib/python3.7/site-packages/airflow/example_dags/example_task_group_decorator.py took 2.207 seconds
[2022-08-11 10:27:43,243] {processor.py:153} INFO - Started process (PID=52699) to work on /Users/pro/Documents/a_env/proj_data/lib/python3.7/site-packages/airflow/example_dags/example_task_group_decorator.py
[2022-08-11 10:27:43,245] {processor.py:641} INFO - Processing file /Users/pro/Documents/a_env/proj_data/lib/python3.7/site-packages/airflow/example_dags/example_task_group_decorator.py for tasks to queue
[2022-08-11 10:27:43,247] {logging_mixin.py:115} INFO - [2022-08-11 10:27:43,246] {dagbag.py:508} INFO - Filling up the DagBag from /Users/pro/Documents/a_env/proj_data/lib/python3.7/site-packages/airflow/example_dags/example_task_group_decorator.py
[2022-08-11 10:27:43,306] {processor.py:651} INFO - DAG(s) dict_keys(['example_task_group_decorator']) retrieved from /Users/pro/Documents/a_env/proj_data/lib/python3.7/site-packages/airflow/example_dags/example_task_group_decorator.py
[2022-08-11 10:27:44,529] {logging_mixin.py:115} INFO - [2022-08-11 10:27:44,527] {dag.py:2420} INFO - Sync 1 DAGs
[2022-08-11 10:27:44,561] {logging_mixin.py:115} INFO - [2022-08-11 10:27:44,560] {dag.py:2972} INFO - Setting next_dagrun for example_task_group_decorator to 2022-08-10T02:27:44.560331+00:00, run_after=2022-08-11T02:27:44.560331+00:00
[2022-08-11 10:27:44,580] {processor.py:161} INFO - Processing /Users/pro/Documents/a_env/proj_data/lib/python3.7/site-packages/airflow/example_dags/example_task_group_decorator.py took 1.347 seconds
[2022-08-11 10:28:28,911] {processor.py:153} INFO - Started process (PID=52765) to work on /Users/pro/Documents/a_env/proj_data/lib/python3.7/site-packages/airflow/example_dags/example_task_group_decorator.py
[2022-08-11 10:28:28,913] {processor.py:641} INFO - Processing file /Users/pro/Documents/a_env/proj_data/lib/python3.7/site-packages/airflow/example_dags/example_task_group_decorator.py for tasks to queue
[2022-08-11 10:28:28,914] {logging_mixin.py:115} INFO - [2022-08-11 10:28:28,914] {dagbag.py:508} INFO - Filling up the DagBag from /Users/pro/Documents/a_env/proj_data/lib/python3.7/site-packages/airflow/example_dags/example_task_group_decorator.py
[2022-08-11 10:28:28,967] {processor.py:651} INFO - DAG(s) dict_keys(['example_task_group_decorator']) retrieved from /Users/pro/Documents/a_env/proj_data/lib/python3.7/site-packages/airflow/example_dags/example_task_group_decorator.py
[2022-08-11 10:28:31,232] {logging_mixin.py:115} INFO - [2022-08-11 10:28:31,231] {dag.py:2420} INFO - Sync 1 DAGs
[2022-08-11 10:28:31,277] {logging_mixin.py:115} INFO - [2022-08-11 10:28:31,276] {dag.py:2972} INFO - Setting next_dagrun for example_task_group_decorator to 2022-08-10T02:28:31.276104+00:00, run_after=2022-08-11T02:28:31.276104+00:00
[2022-08-11 10:28:31,319] {processor.py:161} INFO - Processing /Users/pro/Documents/a_env/proj_data/lib/python3.7/site-packages/airflow/example_dags/example_task_group_decorator.py took 2.413 seconds
