[2022-08-11 08:16:32,945] {processor.py:153} INFO - Started process (PID=50747) to work on /Users/pro/Documents/a_env/proj_data/lib/python3.7/site-packages/airflow/example_dags/example_branch_labels.py
[2022-08-11 08:16:32,946] {processor.py:641} INFO - Processing file /Users/pro/Documents/a_env/proj_data/lib/python3.7/site-packages/airflow/example_dags/example_branch_labels.py for tasks to queue
[2022-08-11 08:16:32,947] {logging_mixin.py:115} INFO - [2022-08-11 08:16:32,947] {dagbag.py:508} INFO - Filling up the DagBag from /Users/pro/Documents/a_env/proj_data/lib/python3.7/site-packages/airflow/example_dags/example_branch_labels.py
[2022-08-11 08:16:32,956] {processor.py:651} INFO - DAG(s) dict_keys(['example_branch_labels']) retrieved from /Users/pro/Documents/a_env/proj_data/lib/python3.7/site-packages/airflow/example_dags/example_branch_labels.py
[2022-08-11 08:16:32,978] {logging_mixin.py:115} INFO - [2022-08-11 08:16:32,978] {dag.py:2420} INFO - Sync 1 DAGs
[2022-08-11 08:16:33,001] {logging_mixin.py:115} INFO - [2022-08-11 08:16:33,001] {dag.py:2972} INFO - Setting next_dagrun for example_branch_labels to 2022-08-10T00:00:00+00:00, run_after=2022-08-11T00:00:00+00:00
[2022-08-11 08:16:33,014] {processor.py:161} INFO - Processing /Users/pro/Documents/a_env/proj_data/lib/python3.7/site-packages/airflow/example_dags/example_branch_labels.py took 0.073 seconds
[2022-08-11 09:45:48,218] {processor.py:153} INFO - Started process (PID=50914) to work on /Users/pro/Documents/a_env/proj_data/lib/python3.7/site-packages/airflow/example_dags/example_branch_labels.py
[2022-08-11 09:45:48,219] {processor.py:641} INFO - Processing file /Users/pro/Documents/a_env/proj_data/lib/python3.7/site-packages/airflow/example_dags/example_branch_labels.py for tasks to queue
[2022-08-11 09:45:48,220] {logging_mixin.py:115} INFO - [2022-08-11 09:45:48,220] {dagbag.py:508} INFO - Filling up the DagBag from /Users/pro/Documents/a_env/proj_data/lib/python3.7/site-packages/airflow/example_dags/example_branch_labels.py
[2022-08-11 09:45:48,230] {processor.py:651} INFO - DAG(s) dict_keys(['example_branch_labels']) retrieved from /Users/pro/Documents/a_env/proj_data/lib/python3.7/site-packages/airflow/example_dags/example_branch_labels.py
[2022-08-11 09:45:48,253] {logging_mixin.py:115} INFO - [2022-08-11 09:45:48,253] {dag.py:2420} INFO - Sync 1 DAGs
[2022-08-11 09:45:48,274] {logging_mixin.py:115} INFO - [2022-08-11 09:45:48,274] {dag.py:2972} INFO - Setting next_dagrun for example_branch_labels to 2022-08-10T00:00:00+00:00, run_after=2022-08-11T00:00:00+00:00
[2022-08-11 09:45:48,284] {processor.py:161} INFO - Processing /Users/pro/Documents/a_env/proj_data/lib/python3.7/site-packages/airflow/example_dags/example_branch_labels.py took 0.070 seconds
[2022-08-11 09:46:23,497] {processor.py:153} INFO - Started process (PID=50962) to work on /Users/pro/Documents/a_env/proj_data/lib/python3.7/site-packages/airflow/example_dags/example_branch_labels.py
[2022-08-11 09:46:23,498] {processor.py:641} INFO - Processing file /Users/pro/Documents/a_env/proj_data/lib/python3.7/site-packages/airflow/example_dags/example_branch_labels.py for tasks to queue
[2022-08-11 09:46:23,499] {logging_mixin.py:115} INFO - [2022-08-11 09:46:23,499] {dagbag.py:508} INFO - Filling up the DagBag from /Users/pro/Documents/a_env/proj_data/lib/python3.7/site-packages/airflow/example_dags/example_branch_labels.py
[2022-08-11 09:46:23,509] {processor.py:651} INFO - DAG(s) dict_keys(['example_branch_labels']) retrieved from /Users/pro/Documents/a_env/proj_data/lib/python3.7/site-packages/airflow/example_dags/example_branch_labels.py
[2022-08-11 09:46:23,531] {logging_mixin.py:115} INFO - [2022-08-11 09:46:23,531] {dag.py:2420} INFO - Sync 1 DAGs
[2022-08-11 09:46:23,551] {logging_mixin.py:115} INFO - [2022-08-11 09:46:23,550] {dag.py:2972} INFO - Setting next_dagrun for example_branch_labels to 2022-08-10T00:00:00+00:00, run_after=2022-08-11T00:00:00+00:00
[2022-08-11 09:46:23,563] {processor.py:161} INFO - Processing /Users/pro/Documents/a_env/proj_data/lib/python3.7/site-packages/airflow/example_dags/example_branch_labels.py took 0.070 seconds
[2022-08-11 09:46:58,402] {processor.py:153} INFO - Started process (PID=51001) to work on /Users/pro/Documents/a_env/proj_data/lib/python3.7/site-packages/airflow/example_dags/example_branch_labels.py
[2022-08-11 09:46:58,404] {processor.py:641} INFO - Processing file /Users/pro/Documents/a_env/proj_data/lib/python3.7/site-packages/airflow/example_dags/example_branch_labels.py for tasks to queue
[2022-08-11 09:46:58,405] {logging_mixin.py:115} INFO - [2022-08-11 09:46:58,404] {dagbag.py:508} INFO - Filling up the DagBag from /Users/pro/Documents/a_env/proj_data/lib/python3.7/site-packages/airflow/example_dags/example_branch_labels.py
[2022-08-11 09:46:58,414] {processor.py:651} INFO - DAG(s) dict_keys(['example_branch_labels']) retrieved from /Users/pro/Documents/a_env/proj_data/lib/python3.7/site-packages/airflow/example_dags/example_branch_labels.py
[2022-08-11 09:46:58,435] {logging_mixin.py:115} INFO - [2022-08-11 09:46:58,435] {dag.py:2420} INFO - Sync 1 DAGs
[2022-08-11 09:46:58,459] {logging_mixin.py:115} INFO - [2022-08-11 09:46:58,458] {dag.py:2972} INFO - Setting next_dagrun for example_branch_labels to 2022-08-10T00:00:00+00:00, run_after=2022-08-11T00:00:00+00:00
[2022-08-11 09:46:58,473] {processor.py:161} INFO - Processing /Users/pro/Documents/a_env/proj_data/lib/python3.7/site-packages/airflow/example_dags/example_branch_labels.py took 0.077 seconds
[2022-08-11 09:47:37,389] {processor.py:153} INFO - Started process (PID=51042) to work on /Users/pro/Documents/a_env/proj_data/lib/python3.7/site-packages/airflow/example_dags/example_branch_labels.py
[2022-08-11 09:47:37,391] {processor.py:641} INFO - Processing file /Users/pro/Documents/a_env/proj_data/lib/python3.7/site-packages/airflow/example_dags/example_branch_labels.py for tasks to queue
[2022-08-11 09:47:37,392] {logging_mixin.py:115} INFO - [2022-08-11 09:47:37,391] {dagbag.py:508} INFO - Filling up the DagBag from /Users/pro/Documents/a_env/proj_data/lib/python3.7/site-packages/airflow/example_dags/example_branch_labels.py
[2022-08-11 09:47:37,402] {processor.py:651} INFO - DAG(s) dict_keys(['example_branch_labels']) retrieved from /Users/pro/Documents/a_env/proj_data/lib/python3.7/site-packages/airflow/example_dags/example_branch_labels.py
[2022-08-11 09:47:37,424] {logging_mixin.py:115} INFO - [2022-08-11 09:47:37,423] {dag.py:2420} INFO - Sync 1 DAGs
[2022-08-11 09:47:37,443] {logging_mixin.py:115} INFO - [2022-08-11 09:47:37,443] {dag.py:2972} INFO - Setting next_dagrun for example_branch_labels to 2022-08-10T00:00:00+00:00, run_after=2022-08-11T00:00:00+00:00
[2022-08-11 09:47:37,456] {processor.py:161} INFO - Processing /Users/pro/Documents/a_env/proj_data/lib/python3.7/site-packages/airflow/example_dags/example_branch_labels.py took 0.071 seconds
[2022-08-11 09:48:10,386] {processor.py:153} INFO - Started process (PID=51082) to work on /Users/pro/Documents/a_env/proj_data/lib/python3.7/site-packages/airflow/example_dags/example_branch_labels.py
[2022-08-11 09:48:10,387] {processor.py:641} INFO - Processing file /Users/pro/Documents/a_env/proj_data/lib/python3.7/site-packages/airflow/example_dags/example_branch_labels.py for tasks to queue
[2022-08-11 09:48:10,388] {logging_mixin.py:115} INFO - [2022-08-11 09:48:10,388] {dagbag.py:508} INFO - Filling up the DagBag from /Users/pro/Documents/a_env/proj_data/lib/python3.7/site-packages/airflow/example_dags/example_branch_labels.py
[2022-08-11 09:48:10,399] {processor.py:651} INFO - DAG(s) dict_keys(['example_branch_labels']) retrieved from /Users/pro/Documents/a_env/proj_data/lib/python3.7/site-packages/airflow/example_dags/example_branch_labels.py
[2022-08-11 09:48:10,421] {logging_mixin.py:115} INFO - [2022-08-11 09:48:10,421] {dag.py:2420} INFO - Sync 1 DAGs
[2022-08-11 09:48:10,442] {logging_mixin.py:115} INFO - [2022-08-11 09:48:10,442] {dag.py:2972} INFO - Setting next_dagrun for example_branch_labels to 2022-08-10T00:00:00+00:00, run_after=2022-08-11T00:00:00+00:00
[2022-08-11 09:48:10,455] {processor.py:161} INFO - Processing /Users/pro/Documents/a_env/proj_data/lib/python3.7/site-packages/airflow/example_dags/example_branch_labels.py took 0.073 seconds
[2022-08-11 09:48:46,364] {processor.py:153} INFO - Started process (PID=51119) to work on /Users/pro/Documents/a_env/proj_data/lib/python3.7/site-packages/airflow/example_dags/example_branch_labels.py
[2022-08-11 09:48:46,365] {processor.py:641} INFO - Processing file /Users/pro/Documents/a_env/proj_data/lib/python3.7/site-packages/airflow/example_dags/example_branch_labels.py for tasks to queue
[2022-08-11 09:48:46,366] {logging_mixin.py:115} INFO - [2022-08-11 09:48:46,365] {dagbag.py:508} INFO - Filling up the DagBag from /Users/pro/Documents/a_env/proj_data/lib/python3.7/site-packages/airflow/example_dags/example_branch_labels.py
[2022-08-11 09:48:46,375] {processor.py:651} INFO - DAG(s) dict_keys(['example_branch_labels']) retrieved from /Users/pro/Documents/a_env/proj_data/lib/python3.7/site-packages/airflow/example_dags/example_branch_labels.py
[2022-08-11 09:48:46,396] {logging_mixin.py:115} INFO - [2022-08-11 09:48:46,395] {dag.py:2420} INFO - Sync 1 DAGs
[2022-08-11 09:48:46,416] {logging_mixin.py:115} INFO - [2022-08-11 09:48:46,416] {dag.py:2972} INFO - Setting next_dagrun for example_branch_labels to 2022-08-10T00:00:00+00:00, run_after=2022-08-11T00:00:00+00:00
[2022-08-11 09:48:46,428] {processor.py:161} INFO - Processing /Users/pro/Documents/a_env/proj_data/lib/python3.7/site-packages/airflow/example_dags/example_branch_labels.py took 0.068 seconds
[2022-08-11 09:49:21,040] {processor.py:153} INFO - Started process (PID=51155) to work on /Users/pro/Documents/a_env/proj_data/lib/python3.7/site-packages/airflow/example_dags/example_branch_labels.py
[2022-08-11 09:49:21,041] {processor.py:641} INFO - Processing file /Users/pro/Documents/a_env/proj_data/lib/python3.7/site-packages/airflow/example_dags/example_branch_labels.py for tasks to queue
[2022-08-11 09:49:21,042] {logging_mixin.py:115} INFO - [2022-08-11 09:49:21,042] {dagbag.py:508} INFO - Filling up the DagBag from /Users/pro/Documents/a_env/proj_data/lib/python3.7/site-packages/airflow/example_dags/example_branch_labels.py
[2022-08-11 09:49:21,053] {processor.py:651} INFO - DAG(s) dict_keys(['example_branch_labels']) retrieved from /Users/pro/Documents/a_env/proj_data/lib/python3.7/site-packages/airflow/example_dags/example_branch_labels.py
[2022-08-11 09:49:21,073] {logging_mixin.py:115} INFO - [2022-08-11 09:49:21,073] {dag.py:2420} INFO - Sync 1 DAGs
[2022-08-11 09:49:21,096] {logging_mixin.py:115} INFO - [2022-08-11 09:49:21,096] {dag.py:2972} INFO - Setting next_dagrun for example_branch_labels to 2022-08-10T00:00:00+00:00, run_after=2022-08-11T00:00:00+00:00
[2022-08-11 09:49:21,109] {processor.py:161} INFO - Processing /Users/pro/Documents/a_env/proj_data/lib/python3.7/site-packages/airflow/example_dags/example_branch_labels.py took 0.074 seconds
[2022-08-11 09:49:56,279] {processor.py:153} INFO - Started process (PID=51190) to work on /Users/pro/Documents/a_env/proj_data/lib/python3.7/site-packages/airflow/example_dags/example_branch_labels.py
[2022-08-11 09:49:56,280] {processor.py:641} INFO - Processing file /Users/pro/Documents/a_env/proj_data/lib/python3.7/site-packages/airflow/example_dags/example_branch_labels.py for tasks to queue
[2022-08-11 09:49:56,281] {logging_mixin.py:115} INFO - [2022-08-11 09:49:56,281] {dagbag.py:508} INFO - Filling up the DagBag from /Users/pro/Documents/a_env/proj_data/lib/python3.7/site-packages/airflow/example_dags/example_branch_labels.py
[2022-08-11 09:49:56,292] {processor.py:651} INFO - DAG(s) dict_keys(['example_branch_labels']) retrieved from /Users/pro/Documents/a_env/proj_data/lib/python3.7/site-packages/airflow/example_dags/example_branch_labels.py
[2022-08-11 09:49:56,312] {logging_mixin.py:115} INFO - [2022-08-11 09:49:56,311] {dag.py:2420} INFO - Sync 1 DAGs
[2022-08-11 09:49:56,332] {logging_mixin.py:115} INFO - [2022-08-11 09:49:56,332] {dag.py:2972} INFO - Setting next_dagrun for example_branch_labels to 2022-08-10T00:00:00+00:00, run_after=2022-08-11T00:00:00+00:00
[2022-08-11 09:49:56,344] {processor.py:161} INFO - Processing /Users/pro/Documents/a_env/proj_data/lib/python3.7/site-packages/airflow/example_dags/example_branch_labels.py took 0.070 seconds
[2022-08-11 09:50:32,055] {processor.py:153} INFO - Started process (PID=51228) to work on /Users/pro/Documents/a_env/proj_data/lib/python3.7/site-packages/airflow/example_dags/example_branch_labels.py
[2022-08-11 09:50:32,056] {processor.py:641} INFO - Processing file /Users/pro/Documents/a_env/proj_data/lib/python3.7/site-packages/airflow/example_dags/example_branch_labels.py for tasks to queue
[2022-08-11 09:50:32,057] {logging_mixin.py:115} INFO - [2022-08-11 09:50:32,056] {dagbag.py:508} INFO - Filling up the DagBag from /Users/pro/Documents/a_env/proj_data/lib/python3.7/site-packages/airflow/example_dags/example_branch_labels.py
[2022-08-11 09:50:32,067] {processor.py:651} INFO - DAG(s) dict_keys(['example_branch_labels']) retrieved from /Users/pro/Documents/a_env/proj_data/lib/python3.7/site-packages/airflow/example_dags/example_branch_labels.py
[2022-08-11 09:50:32,091] {logging_mixin.py:115} INFO - [2022-08-11 09:50:32,091] {dag.py:2420} INFO - Sync 1 DAGs
[2022-08-11 09:50:32,111] {logging_mixin.py:115} INFO - [2022-08-11 09:50:32,111] {dag.py:2972} INFO - Setting next_dagrun for example_branch_labels to 2022-08-10T00:00:00+00:00, run_after=2022-08-11T00:00:00+00:00
[2022-08-11 09:50:32,122] {processor.py:161} INFO - Processing /Users/pro/Documents/a_env/proj_data/lib/python3.7/site-packages/airflow/example_dags/example_branch_labels.py took 0.071 seconds
[2022-08-11 09:51:07,447] {processor.py:153} INFO - Started process (PID=51264) to work on /Users/pro/Documents/a_env/proj_data/lib/python3.7/site-packages/airflow/example_dags/example_branch_labels.py
[2022-08-11 09:51:07,448] {processor.py:641} INFO - Processing file /Users/pro/Documents/a_env/proj_data/lib/python3.7/site-packages/airflow/example_dags/example_branch_labels.py for tasks to queue
[2022-08-11 09:51:07,449] {logging_mixin.py:115} INFO - [2022-08-11 09:51:07,449] {dagbag.py:508} INFO - Filling up the DagBag from /Users/pro/Documents/a_env/proj_data/lib/python3.7/site-packages/airflow/example_dags/example_branch_labels.py
[2022-08-11 09:51:07,460] {processor.py:651} INFO - DAG(s) dict_keys(['example_branch_labels']) retrieved from /Users/pro/Documents/a_env/proj_data/lib/python3.7/site-packages/airflow/example_dags/example_branch_labels.py
[2022-08-11 09:51:07,483] {logging_mixin.py:115} INFO - [2022-08-11 09:51:07,482] {dag.py:2420} INFO - Sync 1 DAGs
[2022-08-11 09:51:07,504] {logging_mixin.py:115} INFO - [2022-08-11 09:51:07,503] {dag.py:2972} INFO - Setting next_dagrun for example_branch_labels to 2022-08-10T00:00:00+00:00, run_after=2022-08-11T00:00:00+00:00
[2022-08-11 09:51:07,515] {processor.py:161} INFO - Processing /Users/pro/Documents/a_env/proj_data/lib/python3.7/site-packages/airflow/example_dags/example_branch_labels.py took 0.073 seconds
[2022-08-11 09:51:46,644] {processor.py:153} INFO - Started process (PID=51309) to work on /Users/pro/Documents/a_env/proj_data/lib/python3.7/site-packages/airflow/example_dags/example_branch_labels.py
[2022-08-11 09:51:46,645] {processor.py:641} INFO - Processing file /Users/pro/Documents/a_env/proj_data/lib/python3.7/site-packages/airflow/example_dags/example_branch_labels.py for tasks to queue
[2022-08-11 09:51:46,647] {logging_mixin.py:115} INFO - [2022-08-11 09:51:46,646] {dagbag.py:508} INFO - Filling up the DagBag from /Users/pro/Documents/a_env/proj_data/lib/python3.7/site-packages/airflow/example_dags/example_branch_labels.py
[2022-08-11 09:51:46,660] {processor.py:651} INFO - DAG(s) dict_keys(['example_branch_labels']) retrieved from /Users/pro/Documents/a_env/proj_data/lib/python3.7/site-packages/airflow/example_dags/example_branch_labels.py
[2022-08-11 09:51:46,681] {logging_mixin.py:115} INFO - [2022-08-11 09:51:46,681] {dag.py:2420} INFO - Sync 1 DAGs
[2022-08-11 09:51:46,701] {logging_mixin.py:115} INFO - [2022-08-11 09:51:46,701] {dag.py:2972} INFO - Setting next_dagrun for example_branch_labels to 2022-08-10T00:00:00+00:00, run_after=2022-08-11T00:00:00+00:00
[2022-08-11 09:51:46,711] {processor.py:161} INFO - Processing /Users/pro/Documents/a_env/proj_data/lib/python3.7/site-packages/airflow/example_dags/example_branch_labels.py took 0.073 seconds
[2022-08-11 09:52:20,647] {processor.py:153} INFO - Started process (PID=51357) to work on /Users/pro/Documents/a_env/proj_data/lib/python3.7/site-packages/airflow/example_dags/example_branch_labels.py
[2022-08-11 09:52:20,648] {processor.py:641} INFO - Processing file /Users/pro/Documents/a_env/proj_data/lib/python3.7/site-packages/airflow/example_dags/example_branch_labels.py for tasks to queue
[2022-08-11 09:52:20,649] {logging_mixin.py:115} INFO - [2022-08-11 09:52:20,648] {dagbag.py:508} INFO - Filling up the DagBag from /Users/pro/Documents/a_env/proj_data/lib/python3.7/site-packages/airflow/example_dags/example_branch_labels.py
[2022-08-11 09:52:20,658] {processor.py:651} INFO - DAG(s) dict_keys(['example_branch_labels']) retrieved from /Users/pro/Documents/a_env/proj_data/lib/python3.7/site-packages/airflow/example_dags/example_branch_labels.py
[2022-08-11 09:52:20,677] {logging_mixin.py:115} INFO - [2022-08-11 09:52:20,677] {dag.py:2420} INFO - Sync 1 DAGs
[2022-08-11 09:52:20,696] {logging_mixin.py:115} INFO - [2022-08-11 09:52:20,696] {dag.py:2972} INFO - Setting next_dagrun for example_branch_labels to 2022-08-10T00:00:00+00:00, run_after=2022-08-11T00:00:00+00:00
[2022-08-11 09:52:20,707] {processor.py:161} INFO - Processing /Users/pro/Documents/a_env/proj_data/lib/python3.7/site-packages/airflow/example_dags/example_branch_labels.py took 0.065 seconds
[2022-08-11 09:52:55,413] {processor.py:153} INFO - Started process (PID=51404) to work on /Users/pro/Documents/a_env/proj_data/lib/python3.7/site-packages/airflow/example_dags/example_branch_labels.py
[2022-08-11 09:52:55,415] {processor.py:641} INFO - Processing file /Users/pro/Documents/a_env/proj_data/lib/python3.7/site-packages/airflow/example_dags/example_branch_labels.py for tasks to queue
[2022-08-11 09:52:55,416] {logging_mixin.py:115} INFO - [2022-08-11 09:52:55,416] {dagbag.py:508} INFO - Filling up the DagBag from /Users/pro/Documents/a_env/proj_data/lib/python3.7/site-packages/airflow/example_dags/example_branch_labels.py
[2022-08-11 09:52:55,425] {processor.py:651} INFO - DAG(s) dict_keys(['example_branch_labels']) retrieved from /Users/pro/Documents/a_env/proj_data/lib/python3.7/site-packages/airflow/example_dags/example_branch_labels.py
[2022-08-11 09:52:55,445] {logging_mixin.py:115} INFO - [2022-08-11 09:52:55,445] {dag.py:2420} INFO - Sync 1 DAGs
[2022-08-11 09:52:55,465] {logging_mixin.py:115} INFO - [2022-08-11 09:52:55,465] {dag.py:2972} INFO - Setting next_dagrun for example_branch_labels to 2022-08-10T00:00:00+00:00, run_after=2022-08-11T00:00:00+00:00
[2022-08-11 09:52:55,477] {processor.py:161} INFO - Processing /Users/pro/Documents/a_env/proj_data/lib/python3.7/site-packages/airflow/example_dags/example_branch_labels.py took 0.069 seconds
[2022-08-11 09:53:33,092] {processor.py:153} INFO - Started process (PID=51444) to work on /Users/pro/Documents/a_env/proj_data/lib/python3.7/site-packages/airflow/example_dags/example_branch_labels.py
[2022-08-11 09:53:33,093] {processor.py:641} INFO - Processing file /Users/pro/Documents/a_env/proj_data/lib/python3.7/site-packages/airflow/example_dags/example_branch_labels.py for tasks to queue
[2022-08-11 09:53:33,095] {logging_mixin.py:115} INFO - [2022-08-11 09:53:33,095] {dagbag.py:508} INFO - Filling up the DagBag from /Users/pro/Documents/a_env/proj_data/lib/python3.7/site-packages/airflow/example_dags/example_branch_labels.py
[2022-08-11 09:53:33,105] {processor.py:651} INFO - DAG(s) dict_keys(['example_branch_labels']) retrieved from /Users/pro/Documents/a_env/proj_data/lib/python3.7/site-packages/airflow/example_dags/example_branch_labels.py
[2022-08-11 09:53:33,125] {logging_mixin.py:115} INFO - [2022-08-11 09:53:33,124] {dag.py:2420} INFO - Sync 1 DAGs
[2022-08-11 09:53:33,144] {logging_mixin.py:115} INFO - [2022-08-11 09:53:33,144] {dag.py:2972} INFO - Setting next_dagrun for example_branch_labels to 2022-08-10T00:00:00+00:00, run_after=2022-08-11T00:00:00+00:00
[2022-08-11 09:53:33,156] {processor.py:161} INFO - Processing /Users/pro/Documents/a_env/proj_data/lib/python3.7/site-packages/airflow/example_dags/example_branch_labels.py took 0.069 seconds
[2022-08-11 09:54:10,301] {processor.py:153} INFO - Started process (PID=51481) to work on /Users/pro/Documents/a_env/proj_data/lib/python3.7/site-packages/airflow/example_dags/example_branch_labels.py
[2022-08-11 09:54:10,302] {processor.py:641} INFO - Processing file /Users/pro/Documents/a_env/proj_data/lib/python3.7/site-packages/airflow/example_dags/example_branch_labels.py for tasks to queue
[2022-08-11 09:54:10,303] {logging_mixin.py:115} INFO - [2022-08-11 09:54:10,303] {dagbag.py:508} INFO - Filling up the DagBag from /Users/pro/Documents/a_env/proj_data/lib/python3.7/site-packages/airflow/example_dags/example_branch_labels.py
[2022-08-11 09:54:10,313] {processor.py:651} INFO - DAG(s) dict_keys(['example_branch_labels']) retrieved from /Users/pro/Documents/a_env/proj_data/lib/python3.7/site-packages/airflow/example_dags/example_branch_labels.py
[2022-08-11 09:54:10,334] {logging_mixin.py:115} INFO - [2022-08-11 09:54:10,334] {dag.py:2420} INFO - Sync 1 DAGs
[2022-08-11 09:54:10,355] {logging_mixin.py:115} INFO - [2022-08-11 09:54:10,355] {dag.py:2972} INFO - Setting next_dagrun for example_branch_labels to 2022-08-10T00:00:00+00:00, run_after=2022-08-11T00:00:00+00:00
[2022-08-11 09:54:10,366] {processor.py:161} INFO - Processing /Users/pro/Documents/a_env/proj_data/lib/python3.7/site-packages/airflow/example_dags/example_branch_labels.py took 0.070 seconds
[2022-08-11 09:54:44,171] {processor.py:153} INFO - Started process (PID=51517) to work on /Users/pro/Documents/a_env/proj_data/lib/python3.7/site-packages/airflow/example_dags/example_branch_labels.py
[2022-08-11 09:54:44,174] {processor.py:641} INFO - Processing file /Users/pro/Documents/a_env/proj_data/lib/python3.7/site-packages/airflow/example_dags/example_branch_labels.py for tasks to queue
[2022-08-11 09:54:44,175] {logging_mixin.py:115} INFO - [2022-08-11 09:54:44,175] {dagbag.py:508} INFO - Filling up the DagBag from /Users/pro/Documents/a_env/proj_data/lib/python3.7/site-packages/airflow/example_dags/example_branch_labels.py
[2022-08-11 09:54:44,186] {processor.py:651} INFO - DAG(s) dict_keys(['example_branch_labels']) retrieved from /Users/pro/Documents/a_env/proj_data/lib/python3.7/site-packages/airflow/example_dags/example_branch_labels.py
[2022-08-11 09:54:44,209] {logging_mixin.py:115} INFO - [2022-08-11 09:54:44,208] {dag.py:2420} INFO - Sync 1 DAGs
[2022-08-11 09:54:44,230] {logging_mixin.py:115} INFO - [2022-08-11 09:54:44,230] {dag.py:2972} INFO - Setting next_dagrun for example_branch_labels to 2022-08-10T00:00:00+00:00, run_after=2022-08-11T00:00:00+00:00
[2022-08-11 09:54:44,242] {processor.py:161} INFO - Processing /Users/pro/Documents/a_env/proj_data/lib/python3.7/site-packages/airflow/example_dags/example_branch_labels.py took 0.076 seconds
[2022-08-11 09:55:22,554] {processor.py:153} INFO - Started process (PID=51556) to work on /Users/pro/Documents/a_env/proj_data/lib/python3.7/site-packages/airflow/example_dags/example_branch_labels.py
[2022-08-11 09:55:22,556] {processor.py:641} INFO - Processing file /Users/pro/Documents/a_env/proj_data/lib/python3.7/site-packages/airflow/example_dags/example_branch_labels.py for tasks to queue
[2022-08-11 09:55:22,557] {logging_mixin.py:115} INFO - [2022-08-11 09:55:22,557] {dagbag.py:508} INFO - Filling up the DagBag from /Users/pro/Documents/a_env/proj_data/lib/python3.7/site-packages/airflow/example_dags/example_branch_labels.py
[2022-08-11 09:55:22,568] {processor.py:651} INFO - DAG(s) dict_keys(['example_branch_labels']) retrieved from /Users/pro/Documents/a_env/proj_data/lib/python3.7/site-packages/airflow/example_dags/example_branch_labels.py
[2022-08-11 09:55:22,590] {logging_mixin.py:115} INFO - [2022-08-11 09:55:22,590] {dag.py:2420} INFO - Sync 1 DAGs
[2022-08-11 09:55:22,611] {logging_mixin.py:115} INFO - [2022-08-11 09:55:22,611] {dag.py:2972} INFO - Setting next_dagrun for example_branch_labels to 2022-08-10T00:00:00+00:00, run_after=2022-08-11T00:00:00+00:00
[2022-08-11 09:55:22,623] {processor.py:161} INFO - Processing /Users/pro/Documents/a_env/proj_data/lib/python3.7/site-packages/airflow/example_dags/example_branch_labels.py took 0.074 seconds
[2022-08-11 09:55:56,613] {processor.py:153} INFO - Started process (PID=51591) to work on /Users/pro/Documents/a_env/proj_data/lib/python3.7/site-packages/airflow/example_dags/example_branch_labels.py
[2022-08-11 09:55:56,615] {processor.py:641} INFO - Processing file /Users/pro/Documents/a_env/proj_data/lib/python3.7/site-packages/airflow/example_dags/example_branch_labels.py for tasks to queue
[2022-08-11 09:55:56,617] {logging_mixin.py:115} INFO - [2022-08-11 09:55:56,616] {dagbag.py:508} INFO - Filling up the DagBag from /Users/pro/Documents/a_env/proj_data/lib/python3.7/site-packages/airflow/example_dags/example_branch_labels.py
[2022-08-11 09:55:56,628] {processor.py:651} INFO - DAG(s) dict_keys(['example_branch_labels']) retrieved from /Users/pro/Documents/a_env/proj_data/lib/python3.7/site-packages/airflow/example_dags/example_branch_labels.py
[2022-08-11 09:55:56,650] {logging_mixin.py:115} INFO - [2022-08-11 09:55:56,650] {dag.py:2420} INFO - Sync 1 DAGs
[2022-08-11 09:55:56,671] {logging_mixin.py:115} INFO - [2022-08-11 09:55:56,671] {dag.py:2972} INFO - Setting next_dagrun for example_branch_labels to 2022-08-10T00:00:00+00:00, run_after=2022-08-11T00:00:00+00:00
[2022-08-11 09:55:56,683] {processor.py:161} INFO - Processing /Users/pro/Documents/a_env/proj_data/lib/python3.7/site-packages/airflow/example_dags/example_branch_labels.py took 0.074 seconds
[2022-08-11 09:56:32,763] {processor.py:153} INFO - Started process (PID=51626) to work on /Users/pro/Documents/a_env/proj_data/lib/python3.7/site-packages/airflow/example_dags/example_branch_labels.py
[2022-08-11 09:56:32,764] {processor.py:641} INFO - Processing file /Users/pro/Documents/a_env/proj_data/lib/python3.7/site-packages/airflow/example_dags/example_branch_labels.py for tasks to queue
[2022-08-11 09:56:32,765] {logging_mixin.py:115} INFO - [2022-08-11 09:56:32,765] {dagbag.py:508} INFO - Filling up the DagBag from /Users/pro/Documents/a_env/proj_data/lib/python3.7/site-packages/airflow/example_dags/example_branch_labels.py
[2022-08-11 09:56:32,777] {processor.py:651} INFO - DAG(s) dict_keys(['example_branch_labels']) retrieved from /Users/pro/Documents/a_env/proj_data/lib/python3.7/site-packages/airflow/example_dags/example_branch_labels.py
[2022-08-11 09:56:32,799] {logging_mixin.py:115} INFO - [2022-08-11 09:56:32,799] {dag.py:2420} INFO - Sync 1 DAGs
[2022-08-11 09:56:32,822] {logging_mixin.py:115} INFO - [2022-08-11 09:56:32,821] {dag.py:2972} INFO - Setting next_dagrun for example_branch_labels to 2022-08-10T00:00:00+00:00, run_after=2022-08-11T00:00:00+00:00
[2022-08-11 09:56:32,839] {processor.py:161} INFO - Processing /Users/pro/Documents/a_env/proj_data/lib/python3.7/site-packages/airflow/example_dags/example_branch_labels.py took 0.081 seconds
[2022-08-11 09:57:11,184] {processor.py:153} INFO - Started process (PID=51668) to work on /Users/pro/Documents/a_env/proj_data/lib/python3.7/site-packages/airflow/example_dags/example_branch_labels.py
[2022-08-11 09:57:11,186] {processor.py:641} INFO - Processing file /Users/pro/Documents/a_env/proj_data/lib/python3.7/site-packages/airflow/example_dags/example_branch_labels.py for tasks to queue
[2022-08-11 09:57:11,187] {logging_mixin.py:115} INFO - [2022-08-11 09:57:11,187] {dagbag.py:508} INFO - Filling up the DagBag from /Users/pro/Documents/a_env/proj_data/lib/python3.7/site-packages/airflow/example_dags/example_branch_labels.py
[2022-08-11 09:57:11,199] {processor.py:651} INFO - DAG(s) dict_keys(['example_branch_labels']) retrieved from /Users/pro/Documents/a_env/proj_data/lib/python3.7/site-packages/airflow/example_dags/example_branch_labels.py
[2022-08-11 09:57:11,222] {logging_mixin.py:115} INFO - [2022-08-11 09:57:11,222] {dag.py:2420} INFO - Sync 1 DAGs
[2022-08-11 09:57:11,243] {logging_mixin.py:115} INFO - [2022-08-11 09:57:11,243] {dag.py:2972} INFO - Setting next_dagrun for example_branch_labels to 2022-08-10T00:00:00+00:00, run_after=2022-08-11T00:00:00+00:00
[2022-08-11 09:57:11,256] {processor.py:161} INFO - Processing /Users/pro/Documents/a_env/proj_data/lib/python3.7/site-packages/airflow/example_dags/example_branch_labels.py took 0.076 seconds
[2022-08-11 09:57:47,488] {processor.py:153} INFO - Started process (PID=51709) to work on /Users/pro/Documents/a_env/proj_data/lib/python3.7/site-packages/airflow/example_dags/example_branch_labels.py
[2022-08-11 09:57:47,489] {processor.py:641} INFO - Processing file /Users/pro/Documents/a_env/proj_data/lib/python3.7/site-packages/airflow/example_dags/example_branch_labels.py for tasks to queue
[2022-08-11 09:57:47,490] {logging_mixin.py:115} INFO - [2022-08-11 09:57:47,490] {dagbag.py:508} INFO - Filling up the DagBag from /Users/pro/Documents/a_env/proj_data/lib/python3.7/site-packages/airflow/example_dags/example_branch_labels.py
[2022-08-11 09:57:47,500] {processor.py:651} INFO - DAG(s) dict_keys(['example_branch_labels']) retrieved from /Users/pro/Documents/a_env/proj_data/lib/python3.7/site-packages/airflow/example_dags/example_branch_labels.py
[2022-08-11 09:57:47,523] {logging_mixin.py:115} INFO - [2022-08-11 09:57:47,522] {dag.py:2420} INFO - Sync 1 DAGs
[2022-08-11 09:57:47,543] {logging_mixin.py:115} INFO - [2022-08-11 09:57:47,543] {dag.py:2972} INFO - Setting next_dagrun for example_branch_labels to 2022-08-10T00:00:00+00:00, run_after=2022-08-11T00:00:00+00:00
[2022-08-11 09:57:47,556] {processor.py:161} INFO - Processing /Users/pro/Documents/a_env/proj_data/lib/python3.7/site-packages/airflow/example_dags/example_branch_labels.py took 0.073 seconds
[2022-08-11 09:58:23,177] {processor.py:153} INFO - Started process (PID=51744) to work on /Users/pro/Documents/a_env/proj_data/lib/python3.7/site-packages/airflow/example_dags/example_branch_labels.py
[2022-08-11 09:58:23,178] {processor.py:641} INFO - Processing file /Users/pro/Documents/a_env/proj_data/lib/python3.7/site-packages/airflow/example_dags/example_branch_labels.py for tasks to queue
[2022-08-11 09:58:23,179] {logging_mixin.py:115} INFO - [2022-08-11 09:58:23,179] {dagbag.py:508} INFO - Filling up the DagBag from /Users/pro/Documents/a_env/proj_data/lib/python3.7/site-packages/airflow/example_dags/example_branch_labels.py
[2022-08-11 09:58:23,189] {processor.py:651} INFO - DAG(s) dict_keys(['example_branch_labels']) retrieved from /Users/pro/Documents/a_env/proj_data/lib/python3.7/site-packages/airflow/example_dags/example_branch_labels.py
[2022-08-11 09:58:23,211] {logging_mixin.py:115} INFO - [2022-08-11 09:58:23,211] {dag.py:2420} INFO - Sync 1 DAGs
[2022-08-11 09:58:23,232] {logging_mixin.py:115} INFO - [2022-08-11 09:58:23,232] {dag.py:2972} INFO - Setting next_dagrun for example_branch_labels to 2022-08-10T00:00:00+00:00, run_after=2022-08-11T00:00:00+00:00
[2022-08-11 09:58:23,245] {processor.py:161} INFO - Processing /Users/pro/Documents/a_env/proj_data/lib/python3.7/site-packages/airflow/example_dags/example_branch_labels.py took 0.072 seconds
[2022-08-11 09:58:58,041] {processor.py:153} INFO - Started process (PID=51780) to work on /Users/pro/Documents/a_env/proj_data/lib/python3.7/site-packages/airflow/example_dags/example_branch_labels.py
[2022-08-11 09:58:58,043] {processor.py:641} INFO - Processing file /Users/pro/Documents/a_env/proj_data/lib/python3.7/site-packages/airflow/example_dags/example_branch_labels.py for tasks to queue
[2022-08-11 09:58:58,045] {logging_mixin.py:115} INFO - [2022-08-11 09:58:58,044] {dagbag.py:508} INFO - Filling up the DagBag from /Users/pro/Documents/a_env/proj_data/lib/python3.7/site-packages/airflow/example_dags/example_branch_labels.py
[2022-08-11 09:58:58,055] {processor.py:651} INFO - DAG(s) dict_keys(['example_branch_labels']) retrieved from /Users/pro/Documents/a_env/proj_data/lib/python3.7/site-packages/airflow/example_dags/example_branch_labels.py
[2022-08-11 09:58:58,078] {logging_mixin.py:115} INFO - [2022-08-11 09:58:58,077] {dag.py:2420} INFO - Sync 1 DAGs
[2022-08-11 09:58:58,099] {logging_mixin.py:115} INFO - [2022-08-11 09:58:58,098] {dag.py:2972} INFO - Setting next_dagrun for example_branch_labels to 2022-08-10T00:00:00+00:00, run_after=2022-08-11T00:00:00+00:00
[2022-08-11 09:58:58,110] {processor.py:161} INFO - Processing /Users/pro/Documents/a_env/proj_data/lib/python3.7/site-packages/airflow/example_dags/example_branch_labels.py took 0.074 seconds
[2022-08-11 09:59:38,072] {processor.py:153} INFO - Started process (PID=51834) to work on /Users/pro/Documents/a_env/proj_data/lib/python3.7/site-packages/airflow/example_dags/example_branch_labels.py
[2022-08-11 09:59:38,074] {processor.py:641} INFO - Processing file /Users/pro/Documents/a_env/proj_data/lib/python3.7/site-packages/airflow/example_dags/example_branch_labels.py for tasks to queue
[2022-08-11 09:59:38,076] {logging_mixin.py:115} INFO - [2022-08-11 09:59:38,076] {dagbag.py:508} INFO - Filling up the DagBag from /Users/pro/Documents/a_env/proj_data/lib/python3.7/site-packages/airflow/example_dags/example_branch_labels.py
[2022-08-11 09:59:38,089] {processor.py:651} INFO - DAG(s) dict_keys(['example_branch_labels']) retrieved from /Users/pro/Documents/a_env/proj_data/lib/python3.7/site-packages/airflow/example_dags/example_branch_labels.py
[2022-08-11 09:59:38,112] {logging_mixin.py:115} INFO - [2022-08-11 09:59:38,112] {dag.py:2420} INFO - Sync 1 DAGs
[2022-08-11 09:59:38,132] {logging_mixin.py:115} INFO - [2022-08-11 09:59:38,132] {dag.py:2972} INFO - Setting next_dagrun for example_branch_labels to 2022-08-10T00:00:00+00:00, run_after=2022-08-11T00:00:00+00:00
[2022-08-11 09:59:38,147] {processor.py:161} INFO - Processing /Users/pro/Documents/a_env/proj_data/lib/python3.7/site-packages/airflow/example_dags/example_branch_labels.py took 0.080 seconds
[2022-08-11 10:00:17,812] {processor.py:153} INFO - Started process (PID=51873) to work on /Users/pro/Documents/a_env/proj_data/lib/python3.7/site-packages/airflow/example_dags/example_branch_labels.py
[2022-08-11 10:00:17,813] {processor.py:641} INFO - Processing file /Users/pro/Documents/a_env/proj_data/lib/python3.7/site-packages/airflow/example_dags/example_branch_labels.py for tasks to queue
[2022-08-11 10:00:17,814] {logging_mixin.py:115} INFO - [2022-08-11 10:00:17,813] {dagbag.py:508} INFO - Filling up the DagBag from /Users/pro/Documents/a_env/proj_data/lib/python3.7/site-packages/airflow/example_dags/example_branch_labels.py
[2022-08-11 10:00:17,824] {processor.py:651} INFO - DAG(s) dict_keys(['example_branch_labels']) retrieved from /Users/pro/Documents/a_env/proj_data/lib/python3.7/site-packages/airflow/example_dags/example_branch_labels.py
[2022-08-11 10:00:17,847] {logging_mixin.py:115} INFO - [2022-08-11 10:00:17,846] {dag.py:2420} INFO - Sync 1 DAGs
[2022-08-11 10:00:17,868] {logging_mixin.py:115} INFO - [2022-08-11 10:00:17,867] {dag.py:2972} INFO - Setting next_dagrun for example_branch_labels to 2022-08-10T00:00:00+00:00, run_after=2022-08-11T00:00:00+00:00
[2022-08-11 10:00:17,879] {processor.py:161} INFO - Processing /Users/pro/Documents/a_env/proj_data/lib/python3.7/site-packages/airflow/example_dags/example_branch_labels.py took 0.073 seconds
[2022-08-11 10:00:52,609] {processor.py:153} INFO - Started process (PID=51931) to work on /Users/pro/Documents/a_env/proj_data/lib/python3.7/site-packages/airflow/example_dags/example_branch_labels.py
[2022-08-11 10:00:52,610] {processor.py:641} INFO - Processing file /Users/pro/Documents/a_env/proj_data/lib/python3.7/site-packages/airflow/example_dags/example_branch_labels.py for tasks to queue
[2022-08-11 10:00:52,611] {logging_mixin.py:115} INFO - [2022-08-11 10:00:52,611] {dagbag.py:508} INFO - Filling up the DagBag from /Users/pro/Documents/a_env/proj_data/lib/python3.7/site-packages/airflow/example_dags/example_branch_labels.py
[2022-08-11 10:00:52,620] {processor.py:651} INFO - DAG(s) dict_keys(['example_branch_labels']) retrieved from /Users/pro/Documents/a_env/proj_data/lib/python3.7/site-packages/airflow/example_dags/example_branch_labels.py
[2022-08-11 10:00:52,639] {logging_mixin.py:115} INFO - [2022-08-11 10:00:52,639] {dag.py:2420} INFO - Sync 1 DAGs
[2022-08-11 10:00:52,659] {logging_mixin.py:115} INFO - [2022-08-11 10:00:52,659] {dag.py:2972} INFO - Setting next_dagrun for example_branch_labels to 2022-08-10T00:00:00+00:00, run_after=2022-08-11T00:00:00+00:00
[2022-08-11 10:00:52,671] {processor.py:161} INFO - Processing /Users/pro/Documents/a_env/proj_data/lib/python3.7/site-packages/airflow/example_dags/example_branch_labels.py took 0.067 seconds
[2022-08-11 10:01:30,485] {processor.py:153} INFO - Started process (PID=51969) to work on /Users/pro/Documents/a_env/proj_data/lib/python3.7/site-packages/airflow/example_dags/example_branch_labels.py
[2022-08-11 10:01:30,485] {processor.py:641} INFO - Processing file /Users/pro/Documents/a_env/proj_data/lib/python3.7/site-packages/airflow/example_dags/example_branch_labels.py for tasks to queue
[2022-08-11 10:01:30,486] {logging_mixin.py:115} INFO - [2022-08-11 10:01:30,486] {dagbag.py:508} INFO - Filling up the DagBag from /Users/pro/Documents/a_env/proj_data/lib/python3.7/site-packages/airflow/example_dags/example_branch_labels.py
[2022-08-11 10:01:30,495] {processor.py:651} INFO - DAG(s) dict_keys(['example_branch_labels']) retrieved from /Users/pro/Documents/a_env/proj_data/lib/python3.7/site-packages/airflow/example_dags/example_branch_labels.py
[2022-08-11 10:01:30,515] {logging_mixin.py:115} INFO - [2022-08-11 10:01:30,515] {dag.py:2420} INFO - Sync 1 DAGs
[2022-08-11 10:01:30,536] {logging_mixin.py:115} INFO - [2022-08-11 10:01:30,535] {dag.py:2972} INFO - Setting next_dagrun for example_branch_labels to 2022-08-10T00:00:00+00:00, run_after=2022-08-11T00:00:00+00:00
[2022-08-11 10:01:30,548] {processor.py:161} INFO - Processing /Users/pro/Documents/a_env/proj_data/lib/python3.7/site-packages/airflow/example_dags/example_branch_labels.py took 0.068 seconds
[2022-08-11 10:02:06,144] {processor.py:153} INFO - Started process (PID=52008) to work on /Users/pro/Documents/a_env/proj_data/lib/python3.7/site-packages/airflow/example_dags/example_branch_labels.py
[2022-08-11 10:02:06,145] {processor.py:641} INFO - Processing file /Users/pro/Documents/a_env/proj_data/lib/python3.7/site-packages/airflow/example_dags/example_branch_labels.py for tasks to queue
[2022-08-11 10:02:06,147] {logging_mixin.py:115} INFO - [2022-08-11 10:02:06,146] {dagbag.py:508} INFO - Filling up the DagBag from /Users/pro/Documents/a_env/proj_data/lib/python3.7/site-packages/airflow/example_dags/example_branch_labels.py
[2022-08-11 10:02:06,156] {processor.py:651} INFO - DAG(s) dict_keys(['example_branch_labels']) retrieved from /Users/pro/Documents/a_env/proj_data/lib/python3.7/site-packages/airflow/example_dags/example_branch_labels.py
[2022-08-11 10:02:06,176] {logging_mixin.py:115} INFO - [2022-08-11 10:02:06,176] {dag.py:2420} INFO - Sync 1 DAGs
[2022-08-11 10:02:06,195] {logging_mixin.py:115} INFO - [2022-08-11 10:02:06,195] {dag.py:2972} INFO - Setting next_dagrun for example_branch_labels to 2022-08-10T00:00:00+00:00, run_after=2022-08-11T00:00:00+00:00
[2022-08-11 10:02:06,206] {processor.py:161} INFO - Processing /Users/pro/Documents/a_env/proj_data/lib/python3.7/site-packages/airflow/example_dags/example_branch_labels.py took 0.066 seconds
[2022-08-11 10:02:46,139] {processor.py:153} INFO - Started process (PID=52051) to work on /Users/pro/Documents/a_env/proj_data/lib/python3.7/site-packages/airflow/example_dags/example_branch_labels.py
[2022-08-11 10:02:46,139] {processor.py:641} INFO - Processing file /Users/pro/Documents/a_env/proj_data/lib/python3.7/site-packages/airflow/example_dags/example_branch_labels.py for tasks to queue
[2022-08-11 10:02:46,140] {logging_mixin.py:115} INFO - [2022-08-11 10:02:46,140] {dagbag.py:508} INFO - Filling up the DagBag from /Users/pro/Documents/a_env/proj_data/lib/python3.7/site-packages/airflow/example_dags/example_branch_labels.py
[2022-08-11 10:02:46,151] {processor.py:651} INFO - DAG(s) dict_keys(['example_branch_labels']) retrieved from /Users/pro/Documents/a_env/proj_data/lib/python3.7/site-packages/airflow/example_dags/example_branch_labels.py
[2022-08-11 10:02:46,171] {logging_mixin.py:115} INFO - [2022-08-11 10:02:46,171] {dag.py:2420} INFO - Sync 1 DAGs
[2022-08-11 10:02:46,191] {logging_mixin.py:115} INFO - [2022-08-11 10:02:46,191] {dag.py:2972} INFO - Setting next_dagrun for example_branch_labels to 2022-08-10T00:00:00+00:00, run_after=2022-08-11T00:00:00+00:00
[2022-08-11 10:02:46,203] {processor.py:161} INFO - Processing /Users/pro/Documents/a_env/proj_data/lib/python3.7/site-packages/airflow/example_dags/example_branch_labels.py took 0.069 seconds
[2022-08-11 10:03:20,759] {processor.py:153} INFO - Started process (PID=52087) to work on /Users/pro/Documents/a_env/proj_data/lib/python3.7/site-packages/airflow/example_dags/example_branch_labels.py
[2022-08-11 10:03:20,760] {processor.py:641} INFO - Processing file /Users/pro/Documents/a_env/proj_data/lib/python3.7/site-packages/airflow/example_dags/example_branch_labels.py for tasks to queue
[2022-08-11 10:03:20,761] {logging_mixin.py:115} INFO - [2022-08-11 10:03:20,761] {dagbag.py:508} INFO - Filling up the DagBag from /Users/pro/Documents/a_env/proj_data/lib/python3.7/site-packages/airflow/example_dags/example_branch_labels.py
[2022-08-11 10:03:20,772] {processor.py:651} INFO - DAG(s) dict_keys(['example_branch_labels']) retrieved from /Users/pro/Documents/a_env/proj_data/lib/python3.7/site-packages/airflow/example_dags/example_branch_labels.py
[2022-08-11 10:03:20,793] {logging_mixin.py:115} INFO - [2022-08-11 10:03:20,793] {dag.py:2420} INFO - Sync 1 DAGs
[2022-08-11 10:03:20,813] {logging_mixin.py:115} INFO - [2022-08-11 10:03:20,813] {dag.py:2972} INFO - Setting next_dagrun for example_branch_labels to 2022-08-10T00:00:00+00:00, run_after=2022-08-11T00:00:00+00:00
[2022-08-11 10:03:20,827] {processor.py:161} INFO - Processing /Users/pro/Documents/a_env/proj_data/lib/python3.7/site-packages/airflow/example_dags/example_branch_labels.py took 0.073 seconds
[2022-08-11 10:03:56,409] {processor.py:153} INFO - Started process (PID=52123) to work on /Users/pro/Documents/a_env/proj_data/lib/python3.7/site-packages/airflow/example_dags/example_branch_labels.py
[2022-08-11 10:03:56,410] {processor.py:641} INFO - Processing file /Users/pro/Documents/a_env/proj_data/lib/python3.7/site-packages/airflow/example_dags/example_branch_labels.py for tasks to queue
[2022-08-11 10:03:56,411] {logging_mixin.py:115} INFO - [2022-08-11 10:03:56,411] {dagbag.py:508} INFO - Filling up the DagBag from /Users/pro/Documents/a_env/proj_data/lib/python3.7/site-packages/airflow/example_dags/example_branch_labels.py
[2022-08-11 10:03:56,422] {processor.py:651} INFO - DAG(s) dict_keys(['example_branch_labels']) retrieved from /Users/pro/Documents/a_env/proj_data/lib/python3.7/site-packages/airflow/example_dags/example_branch_labels.py
[2022-08-11 10:03:56,444] {logging_mixin.py:115} INFO - [2022-08-11 10:03:56,444] {dag.py:2420} INFO - Sync 1 DAGs
[2022-08-11 10:03:56,464] {logging_mixin.py:115} INFO - [2022-08-11 10:03:56,464] {dag.py:2972} INFO - Setting next_dagrun for example_branch_labels to 2022-08-10T00:00:00+00:00, run_after=2022-08-11T00:00:00+00:00
[2022-08-11 10:03:56,476] {processor.py:161} INFO - Processing /Users/pro/Documents/a_env/proj_data/lib/python3.7/site-packages/airflow/example_dags/example_branch_labels.py took 0.071 seconds
[2022-08-11 10:22:55,559] {processor.py:153} INFO - Started process (PID=52238) to work on /Users/pro/Documents/a_env/proj_data/lib/python3.7/site-packages/airflow/example_dags/example_branch_labels.py
[2022-08-11 10:22:55,560] {processor.py:641} INFO - Processing file /Users/pro/Documents/a_env/proj_data/lib/python3.7/site-packages/airflow/example_dags/example_branch_labels.py for tasks to queue
[2022-08-11 10:22:55,561] {logging_mixin.py:115} INFO - [2022-08-11 10:22:55,561] {dagbag.py:508} INFO - Filling up the DagBag from /Users/pro/Documents/a_env/proj_data/lib/python3.7/site-packages/airflow/example_dags/example_branch_labels.py
[2022-08-11 10:22:55,574] {processor.py:651} INFO - DAG(s) dict_keys(['example_branch_labels']) retrieved from /Users/pro/Documents/a_env/proj_data/lib/python3.7/site-packages/airflow/example_dags/example_branch_labels.py
[2022-08-11 10:22:55,597] {logging_mixin.py:115} INFO - [2022-08-11 10:22:55,597] {dag.py:2420} INFO - Sync 1 DAGs
[2022-08-11 10:22:55,619] {logging_mixin.py:115} INFO - [2022-08-11 10:22:55,619] {dag.py:2972} INFO - Setting next_dagrun for example_branch_labels to 2022-08-10T00:00:00+00:00, run_after=2022-08-11T00:00:00+00:00
[2022-08-11 10:22:55,633] {processor.py:161} INFO - Processing /Users/pro/Documents/a_env/proj_data/lib/python3.7/site-packages/airflow/example_dags/example_branch_labels.py took 0.079 seconds
[2022-08-11 10:23:29,738] {processor.py:153} INFO - Started process (PID=52296) to work on /Users/pro/Documents/a_env/proj_data/lib/python3.7/site-packages/airflow/example_dags/example_branch_labels.py
[2022-08-11 10:23:29,740] {processor.py:641} INFO - Processing file /Users/pro/Documents/a_env/proj_data/lib/python3.7/site-packages/airflow/example_dags/example_branch_labels.py for tasks to queue
[2022-08-11 10:23:29,742] {logging_mixin.py:115} INFO - [2022-08-11 10:23:29,742] {dagbag.py:508} INFO - Filling up the DagBag from /Users/pro/Documents/a_env/proj_data/lib/python3.7/site-packages/airflow/example_dags/example_branch_labels.py
[2022-08-11 10:23:29,753] {processor.py:651} INFO - DAG(s) dict_keys(['example_branch_labels']) retrieved from /Users/pro/Documents/a_env/proj_data/lib/python3.7/site-packages/airflow/example_dags/example_branch_labels.py
[2022-08-11 10:23:29,777] {logging_mixin.py:115} INFO - [2022-08-11 10:23:29,777] {dag.py:2420} INFO - Sync 1 DAGs
[2022-08-11 10:23:29,800] {logging_mixin.py:115} INFO - [2022-08-11 10:23:29,800] {dag.py:2972} INFO - Setting next_dagrun for example_branch_labels to 2022-08-10T00:00:00+00:00, run_after=2022-08-11T00:00:00+00:00
[2022-08-11 10:23:29,813] {processor.py:161} INFO - Processing /Users/pro/Documents/a_env/proj_data/lib/python3.7/site-packages/airflow/example_dags/example_branch_labels.py took 0.080 seconds
[2022-08-11 10:24:09,581] {processor.py:153} INFO - Started process (PID=52406) to work on /Users/pro/Documents/a_env/proj_data/lib/python3.7/site-packages/airflow/example_dags/example_branch_labels.py
[2022-08-11 10:24:09,582] {processor.py:641} INFO - Processing file /Users/pro/Documents/a_env/proj_data/lib/python3.7/site-packages/airflow/example_dags/example_branch_labels.py for tasks to queue
[2022-08-11 10:24:09,583] {logging_mixin.py:115} INFO - [2022-08-11 10:24:09,583] {dagbag.py:508} INFO - Filling up the DagBag from /Users/pro/Documents/a_env/proj_data/lib/python3.7/site-packages/airflow/example_dags/example_branch_labels.py
[2022-08-11 10:24:09,594] {processor.py:651} INFO - DAG(s) dict_keys(['example_branch_labels']) retrieved from /Users/pro/Documents/a_env/proj_data/lib/python3.7/site-packages/airflow/example_dags/example_branch_labels.py
[2022-08-11 10:24:09,619] {logging_mixin.py:115} INFO - [2022-08-11 10:24:09,619] {dag.py:2420} INFO - Sync 1 DAGs
[2022-08-11 10:24:09,646] {logging_mixin.py:115} INFO - [2022-08-11 10:24:09,645] {dag.py:2972} INFO - Setting next_dagrun for example_branch_labels to 2022-08-10T00:00:00+00:00, run_after=2022-08-11T00:00:00+00:00
[2022-08-11 10:24:09,661] {processor.py:161} INFO - Processing /Users/pro/Documents/a_env/proj_data/lib/python3.7/site-packages/airflow/example_dags/example_branch_labels.py took 0.086 seconds
[2022-08-11 10:24:45,784] {processor.py:153} INFO - Started process (PID=52457) to work on /Users/pro/Documents/a_env/proj_data/lib/python3.7/site-packages/airflow/example_dags/example_branch_labels.py
[2022-08-11 10:24:45,785] {processor.py:641} INFO - Processing file /Users/pro/Documents/a_env/proj_data/lib/python3.7/site-packages/airflow/example_dags/example_branch_labels.py for tasks to queue
[2022-08-11 10:24:45,787] {logging_mixin.py:115} INFO - [2022-08-11 10:24:45,786] {dagbag.py:508} INFO - Filling up the DagBag from /Users/pro/Documents/a_env/proj_data/lib/python3.7/site-packages/airflow/example_dags/example_branch_labels.py
[2022-08-11 10:24:45,800] {processor.py:651} INFO - DAG(s) dict_keys(['example_branch_labels']) retrieved from /Users/pro/Documents/a_env/proj_data/lib/python3.7/site-packages/airflow/example_dags/example_branch_labels.py
[2022-08-11 10:24:45,824] {logging_mixin.py:115} INFO - [2022-08-11 10:24:45,824] {dag.py:2420} INFO - Sync 1 DAGs
[2022-08-11 10:24:45,848] {logging_mixin.py:115} INFO - [2022-08-11 10:24:45,847] {dag.py:2972} INFO - Setting next_dagrun for example_branch_labels to 2022-08-10T00:00:00+00:00, run_after=2022-08-11T00:00:00+00:00
[2022-08-11 10:24:45,861] {processor.py:161} INFO - Processing /Users/pro/Documents/a_env/proj_data/lib/python3.7/site-packages/airflow/example_dags/example_branch_labels.py took 0.082 seconds
[2022-08-11 10:25:25,348] {processor.py:153} INFO - Started process (PID=52501) to work on /Users/pro/Documents/a_env/proj_data/lib/python3.7/site-packages/airflow/example_dags/example_branch_labels.py
[2022-08-11 10:25:25,350] {processor.py:641} INFO - Processing file /Users/pro/Documents/a_env/proj_data/lib/python3.7/site-packages/airflow/example_dags/example_branch_labels.py for tasks to queue
[2022-08-11 10:25:25,351] {logging_mixin.py:115} INFO - [2022-08-11 10:25:25,350] {dagbag.py:508} INFO - Filling up the DagBag from /Users/pro/Documents/a_env/proj_data/lib/python3.7/site-packages/airflow/example_dags/example_branch_labels.py
[2022-08-11 10:25:25,365] {processor.py:651} INFO - DAG(s) dict_keys(['example_branch_labels']) retrieved from /Users/pro/Documents/a_env/proj_data/lib/python3.7/site-packages/airflow/example_dags/example_branch_labels.py
[2022-08-11 10:25:25,390] {logging_mixin.py:115} INFO - [2022-08-11 10:25:25,390] {dag.py:2420} INFO - Sync 1 DAGs
[2022-08-11 10:25:25,411] {logging_mixin.py:115} INFO - [2022-08-11 10:25:25,410] {dag.py:2972} INFO - Setting next_dagrun for example_branch_labels to 2022-08-10T00:00:00+00:00, run_after=2022-08-11T00:00:00+00:00
[2022-08-11 10:25:25,422] {processor.py:161} INFO - Processing /Users/pro/Documents/a_env/proj_data/lib/python3.7/site-packages/airflow/example_dags/example_branch_labels.py took 0.080 seconds
[2022-08-11 10:26:05,458] {processor.py:153} INFO - Started process (PID=52591) to work on /Users/pro/Documents/a_env/proj_data/lib/python3.7/site-packages/airflow/example_dags/example_branch_labels.py
[2022-08-11 10:26:05,459] {processor.py:641} INFO - Processing file /Users/pro/Documents/a_env/proj_data/lib/python3.7/site-packages/airflow/example_dags/example_branch_labels.py for tasks to queue
[2022-08-11 10:26:05,460] {logging_mixin.py:115} INFO - [2022-08-11 10:26:05,460] {dagbag.py:508} INFO - Filling up the DagBag from /Users/pro/Documents/a_env/proj_data/lib/python3.7/site-packages/airflow/example_dags/example_branch_labels.py
[2022-08-11 10:26:05,473] {processor.py:651} INFO - DAG(s) dict_keys(['example_branch_labels']) retrieved from /Users/pro/Documents/a_env/proj_data/lib/python3.7/site-packages/airflow/example_dags/example_branch_labels.py
[2022-08-11 10:26:05,498] {logging_mixin.py:115} INFO - [2022-08-11 10:26:05,498] {dag.py:2420} INFO - Sync 1 DAGs
[2022-08-11 10:26:05,520] {logging_mixin.py:115} INFO - [2022-08-11 10:26:05,520] {dag.py:2972} INFO - Setting next_dagrun for example_branch_labels to 2022-08-10T00:00:00+00:00, run_after=2022-08-11T00:00:00+00:00
[2022-08-11 10:26:05,534] {processor.py:161} INFO - Processing /Users/pro/Documents/a_env/proj_data/lib/python3.7/site-packages/airflow/example_dags/example_branch_labels.py took 0.082 seconds
[2022-08-11 10:26:59,082] {processor.py:153} INFO - Started process (PID=52654) to work on /Users/pro/Documents/a_env/proj_data/lib/python3.7/site-packages/airflow/example_dags/example_branch_labels.py
[2022-08-11 10:26:59,083] {processor.py:641} INFO - Processing file /Users/pro/Documents/a_env/proj_data/lib/python3.7/site-packages/airflow/example_dags/example_branch_labels.py for tasks to queue
[2022-08-11 10:26:59,085] {logging_mixin.py:115} INFO - [2022-08-11 10:26:59,084] {dagbag.py:508} INFO - Filling up the DagBag from /Users/pro/Documents/a_env/proj_data/lib/python3.7/site-packages/airflow/example_dags/example_branch_labels.py
[2022-08-11 10:26:59,099] {processor.py:651} INFO - DAG(s) dict_keys(['example_branch_labels']) retrieved from /Users/pro/Documents/a_env/proj_data/lib/python3.7/site-packages/airflow/example_dags/example_branch_labels.py
[2022-08-11 10:26:59,130] {logging_mixin.py:115} INFO - [2022-08-11 10:26:59,129] {dag.py:2420} INFO - Sync 1 DAGs
[2022-08-11 10:26:59,160] {logging_mixin.py:115} INFO - [2022-08-11 10:26:59,159] {dag.py:2972} INFO - Setting next_dagrun for example_branch_labels to 2022-08-10T00:00:00+00:00, run_after=2022-08-11T00:00:00+00:00
[2022-08-11 10:26:59,175] {processor.py:161} INFO - Processing /Users/pro/Documents/a_env/proj_data/lib/python3.7/site-packages/airflow/example_dags/example_branch_labels.py took 0.100 seconds
[2022-08-11 10:27:49,369] {processor.py:153} INFO - Started process (PID=52703) to work on /Users/pro/Documents/a_env/proj_data/lib/python3.7/site-packages/airflow/example_dags/example_branch_labels.py
[2022-08-11 10:27:49,370] {processor.py:641} INFO - Processing file /Users/pro/Documents/a_env/proj_data/lib/python3.7/site-packages/airflow/example_dags/example_branch_labels.py for tasks to queue
[2022-08-11 10:27:49,372] {logging_mixin.py:115} INFO - [2022-08-11 10:27:49,371] {dagbag.py:508} INFO - Filling up the DagBag from /Users/pro/Documents/a_env/proj_data/lib/python3.7/site-packages/airflow/example_dags/example_branch_labels.py
[2022-08-11 10:27:49,394] {processor.py:651} INFO - DAG(s) dict_keys(['example_branch_labels']) retrieved from /Users/pro/Documents/a_env/proj_data/lib/python3.7/site-packages/airflow/example_dags/example_branch_labels.py
[2022-08-11 10:27:49,447] {logging_mixin.py:115} INFO - [2022-08-11 10:27:49,446] {dag.py:2420} INFO - Sync 1 DAGs
[2022-08-11 10:27:49,491] {logging_mixin.py:115} INFO - [2022-08-11 10:27:49,490] {dag.py:2972} INFO - Setting next_dagrun for example_branch_labels to 2022-08-10T00:00:00+00:00, run_after=2022-08-11T00:00:00+00:00
[2022-08-11 10:27:49,524] {processor.py:161} INFO - Processing /Users/pro/Documents/a_env/proj_data/lib/python3.7/site-packages/airflow/example_dags/example_branch_labels.py took 0.164 seconds
[2022-08-11 10:28:36,711] {processor.py:153} INFO - Started process (PID=52775) to work on /Users/pro/Documents/a_env/proj_data/lib/python3.7/site-packages/airflow/example_dags/example_branch_labels.py
[2022-08-11 10:28:36,713] {processor.py:641} INFO - Processing file /Users/pro/Documents/a_env/proj_data/lib/python3.7/site-packages/airflow/example_dags/example_branch_labels.py for tasks to queue
[2022-08-11 10:28:36,716] {logging_mixin.py:115} INFO - [2022-08-11 10:28:36,714] {dagbag.py:508} INFO - Filling up the DagBag from /Users/pro/Documents/a_env/proj_data/lib/python3.7/site-packages/airflow/example_dags/example_branch_labels.py
[2022-08-11 10:28:36,741] {processor.py:651} INFO - DAG(s) dict_keys(['example_branch_labels']) retrieved from /Users/pro/Documents/a_env/proj_data/lib/python3.7/site-packages/airflow/example_dags/example_branch_labels.py
[2022-08-11 10:28:36,781] {logging_mixin.py:115} INFO - [2022-08-11 10:28:36,780] {dag.py:2420} INFO - Sync 1 DAGs
[2022-08-11 10:28:36,812] {logging_mixin.py:115} INFO - [2022-08-11 10:28:36,811] {dag.py:2972} INFO - Setting next_dagrun for example_branch_labels to 2022-08-10T00:00:00+00:00, run_after=2022-08-11T00:00:00+00:00
[2022-08-11 10:28:36,829] {processor.py:161} INFO - Processing /Users/pro/Documents/a_env/proj_data/lib/python3.7/site-packages/airflow/example_dags/example_branch_labels.py took 0.125 seconds
