[2022-08-11 08:02:46,901] {processor.py:153} INFO - Started process (PID=50726) to work on /Users/pro/Documents/a_env/proj_data/lib/python3.7/site-packages/airflow/example_dags/example_kubernetes_executor.py
[2022-08-11 08:02:46,907] {processor.py:641} INFO - Processing file /Users/pro/Documents/a_env/proj_data/lib/python3.7/site-packages/airflow/example_dags/example_kubernetes_executor.py for tasks to queue
[2022-08-11 08:02:46,917] {logging_mixin.py:115} INFO - [2022-08-11 08:02:46,914] {dagbag.py:508} INFO - Filling up the DagBag from /Users/pro/Documents/a_env/proj_data/lib/python3.7/site-packages/airflow/example_dags/example_kubernetes_executor.py
[2022-08-11 08:02:47,090] {logging_mixin.py:115} INFO - [2022-08-11 08:02:47,088] {example_kubernetes_executor.py:40} WARNING - The example_kubernetes_executor example DAG requires the kubernetes provider. Please install it with: pip install apache-airflow[cncf.kubernetes]
[2022-08-11 08:02:47,093] {processor.py:653} WARNING - No viable dags retrieved from /Users/pro/Documents/a_env/proj_data/lib/python3.7/site-packages/airflow/example_dags/example_kubernetes_executor.py
[2022-08-11 08:02:47,179] {processor.py:161} INFO - Processing /Users/pro/Documents/a_env/proj_data/lib/python3.7/site-packages/airflow/example_dags/example_kubernetes_executor.py took 0.311 seconds
[2022-08-11 09:01:40,221] {processor.py:153} INFO - Started process (PID=50819) to work on /Users/pro/Documents/a_env/proj_data/lib/python3.7/site-packages/airflow/example_dags/example_kubernetes_executor.py
[2022-08-11 09:01:40,221] {processor.py:641} INFO - Processing file /Users/pro/Documents/a_env/proj_data/lib/python3.7/site-packages/airflow/example_dags/example_kubernetes_executor.py for tasks to queue
[2022-08-11 09:01:40,222] {logging_mixin.py:115} INFO - [2022-08-11 09:01:40,222] {dagbag.py:508} INFO - Filling up the DagBag from /Users/pro/Documents/a_env/proj_data/lib/python3.7/site-packages/airflow/example_dags/example_kubernetes_executor.py
[2022-08-11 09:01:40,243] {logging_mixin.py:115} INFO - [2022-08-11 09:01:40,243] {example_kubernetes_executor.py:40} WARNING - The example_kubernetes_executor example DAG requires the kubernetes provider. Please install it with: pip install apache-airflow[cncf.kubernetes]
[2022-08-11 09:01:40,243] {processor.py:653} WARNING - No viable dags retrieved from /Users/pro/Documents/a_env/proj_data/lib/python3.7/site-packages/airflow/example_dags/example_kubernetes_executor.py
[2022-08-11 09:01:40,256] {processor.py:161} INFO - Processing /Users/pro/Documents/a_env/proj_data/lib/python3.7/site-packages/airflow/example_dags/example_kubernetes_executor.py took 0.040 seconds
[2022-08-11 09:45:42,042] {processor.py:153} INFO - Started process (PID=50907) to work on /Users/pro/Documents/a_env/proj_data/lib/python3.7/site-packages/airflow/example_dags/example_kubernetes_executor.py
[2022-08-11 09:45:42,043] {processor.py:641} INFO - Processing file /Users/pro/Documents/a_env/proj_data/lib/python3.7/site-packages/airflow/example_dags/example_kubernetes_executor.py for tasks to queue
[2022-08-11 09:45:42,045] {logging_mixin.py:115} INFO - [2022-08-11 09:45:42,045] {dagbag.py:508} INFO - Filling up the DagBag from /Users/pro/Documents/a_env/proj_data/lib/python3.7/site-packages/airflow/example_dags/example_kubernetes_executor.py
[2022-08-11 09:45:42,068] {logging_mixin.py:115} INFO - [2022-08-11 09:45:42,067] {example_kubernetes_executor.py:40} WARNING - The example_kubernetes_executor example DAG requires the kubernetes provider. Please install it with: pip install apache-airflow[cncf.kubernetes]
[2022-08-11 09:45:42,068] {processor.py:653} WARNING - No viable dags retrieved from /Users/pro/Documents/a_env/proj_data/lib/python3.7/site-packages/airflow/example_dags/example_kubernetes_executor.py
[2022-08-11 09:45:42,082] {processor.py:161} INFO - Processing /Users/pro/Documents/a_env/proj_data/lib/python3.7/site-packages/airflow/example_dags/example_kubernetes_executor.py took 0.045 seconds
[2022-08-11 09:46:16,078] {processor.py:153} INFO - Started process (PID=50955) to work on /Users/pro/Documents/a_env/proj_data/lib/python3.7/site-packages/airflow/example_dags/example_kubernetes_executor.py
[2022-08-11 09:46:16,081] {processor.py:641} INFO - Processing file /Users/pro/Documents/a_env/proj_data/lib/python3.7/site-packages/airflow/example_dags/example_kubernetes_executor.py for tasks to queue
[2022-08-11 09:46:16,082] {logging_mixin.py:115} INFO - [2022-08-11 09:46:16,082] {dagbag.py:508} INFO - Filling up the DagBag from /Users/pro/Documents/a_env/proj_data/lib/python3.7/site-packages/airflow/example_dags/example_kubernetes_executor.py
[2022-08-11 09:46:16,104] {logging_mixin.py:115} INFO - [2022-08-11 09:46:16,104] {example_kubernetes_executor.py:40} WARNING - The example_kubernetes_executor example DAG requires the kubernetes provider. Please install it with: pip install apache-airflow[cncf.kubernetes]
[2022-08-11 09:46:16,105] {processor.py:653} WARNING - No viable dags retrieved from /Users/pro/Documents/a_env/proj_data/lib/python3.7/site-packages/airflow/example_dags/example_kubernetes_executor.py
[2022-08-11 09:46:16,119] {processor.py:161} INFO - Processing /Users/pro/Documents/a_env/proj_data/lib/python3.7/site-packages/airflow/example_dags/example_kubernetes_executor.py took 0.047 seconds
[2022-08-11 09:46:51,523] {processor.py:153} INFO - Started process (PID=50993) to work on /Users/pro/Documents/a_env/proj_data/lib/python3.7/site-packages/airflow/example_dags/example_kubernetes_executor.py
[2022-08-11 09:46:51,525] {processor.py:641} INFO - Processing file /Users/pro/Documents/a_env/proj_data/lib/python3.7/site-packages/airflow/example_dags/example_kubernetes_executor.py for tasks to queue
[2022-08-11 09:46:51,526] {logging_mixin.py:115} INFO - [2022-08-11 09:46:51,526] {dagbag.py:508} INFO - Filling up the DagBag from /Users/pro/Documents/a_env/proj_data/lib/python3.7/site-packages/airflow/example_dags/example_kubernetes_executor.py
[2022-08-11 09:46:51,546] {logging_mixin.py:115} INFO - [2022-08-11 09:46:51,545] {example_kubernetes_executor.py:40} WARNING - The example_kubernetes_executor example DAG requires the kubernetes provider. Please install it with: pip install apache-airflow[cncf.kubernetes]
[2022-08-11 09:46:51,546] {processor.py:653} WARNING - No viable dags retrieved from /Users/pro/Documents/a_env/proj_data/lib/python3.7/site-packages/airflow/example_dags/example_kubernetes_executor.py
[2022-08-11 09:46:51,558] {processor.py:161} INFO - Processing /Users/pro/Documents/a_env/proj_data/lib/python3.7/site-packages/airflow/example_dags/example_kubernetes_executor.py took 0.039 seconds
[2022-08-11 09:47:26,116] {processor.py:153} INFO - Started process (PID=51031) to work on /Users/pro/Documents/a_env/proj_data/lib/python3.7/site-packages/airflow/example_dags/example_kubernetes_executor.py
[2022-08-11 09:47:26,117] {processor.py:641} INFO - Processing file /Users/pro/Documents/a_env/proj_data/lib/python3.7/site-packages/airflow/example_dags/example_kubernetes_executor.py for tasks to queue
[2022-08-11 09:47:26,118] {logging_mixin.py:115} INFO - [2022-08-11 09:47:26,118] {dagbag.py:508} INFO - Filling up the DagBag from /Users/pro/Documents/a_env/proj_data/lib/python3.7/site-packages/airflow/example_dags/example_kubernetes_executor.py
[2022-08-11 09:47:26,137] {logging_mixin.py:115} INFO - [2022-08-11 09:47:26,137] {example_kubernetes_executor.py:40} WARNING - The example_kubernetes_executor example DAG requires the kubernetes provider. Please install it with: pip install apache-airflow[cncf.kubernetes]
[2022-08-11 09:47:26,138] {processor.py:653} WARNING - No viable dags retrieved from /Users/pro/Documents/a_env/proj_data/lib/python3.7/site-packages/airflow/example_dags/example_kubernetes_executor.py
[2022-08-11 09:47:26,151] {processor.py:161} INFO - Processing /Users/pro/Documents/a_env/proj_data/lib/python3.7/site-packages/airflow/example_dags/example_kubernetes_executor.py took 0.042 seconds
[2022-08-11 09:48:01,233] {processor.py:153} INFO - Started process (PID=51072) to work on /Users/pro/Documents/a_env/proj_data/lib/python3.7/site-packages/airflow/example_dags/example_kubernetes_executor.py
[2022-08-11 09:48:01,235] {processor.py:641} INFO - Processing file /Users/pro/Documents/a_env/proj_data/lib/python3.7/site-packages/airflow/example_dags/example_kubernetes_executor.py for tasks to queue
[2022-08-11 09:48:01,236] {logging_mixin.py:115} INFO - [2022-08-11 09:48:01,236] {dagbag.py:508} INFO - Filling up the DagBag from /Users/pro/Documents/a_env/proj_data/lib/python3.7/site-packages/airflow/example_dags/example_kubernetes_executor.py
[2022-08-11 09:48:01,255] {logging_mixin.py:115} INFO - [2022-08-11 09:48:01,255] {example_kubernetes_executor.py:40} WARNING - The example_kubernetes_executor example DAG requires the kubernetes provider. Please install it with: pip install apache-airflow[cncf.kubernetes]
[2022-08-11 09:48:01,255] {processor.py:653} WARNING - No viable dags retrieved from /Users/pro/Documents/a_env/proj_data/lib/python3.7/site-packages/airflow/example_dags/example_kubernetes_executor.py
[2022-08-11 09:48:01,269] {processor.py:161} INFO - Processing /Users/pro/Documents/a_env/proj_data/lib/python3.7/site-packages/airflow/example_dags/example_kubernetes_executor.py took 0.040 seconds
[2022-08-11 09:48:34,383] {processor.py:153} INFO - Started process (PID=51107) to work on /Users/pro/Documents/a_env/proj_data/lib/python3.7/site-packages/airflow/example_dags/example_kubernetes_executor.py
[2022-08-11 09:48:34,384] {processor.py:641} INFO - Processing file /Users/pro/Documents/a_env/proj_data/lib/python3.7/site-packages/airflow/example_dags/example_kubernetes_executor.py for tasks to queue
[2022-08-11 09:48:34,384] {logging_mixin.py:115} INFO - [2022-08-11 09:48:34,384] {dagbag.py:508} INFO - Filling up the DagBag from /Users/pro/Documents/a_env/proj_data/lib/python3.7/site-packages/airflow/example_dags/example_kubernetes_executor.py
[2022-08-11 09:48:34,403] {logging_mixin.py:115} INFO - [2022-08-11 09:48:34,403] {example_kubernetes_executor.py:40} WARNING - The example_kubernetes_executor example DAG requires the kubernetes provider. Please install it with: pip install apache-airflow[cncf.kubernetes]
[2022-08-11 09:48:34,404] {processor.py:653} WARNING - No viable dags retrieved from /Users/pro/Documents/a_env/proj_data/lib/python3.7/site-packages/airflow/example_dags/example_kubernetes_executor.py
[2022-08-11 09:48:34,418] {processor.py:161} INFO - Processing /Users/pro/Documents/a_env/proj_data/lib/python3.7/site-packages/airflow/example_dags/example_kubernetes_executor.py took 0.040 seconds
[2022-08-11 09:49:09,768] {processor.py:153} INFO - Started process (PID=51143) to work on /Users/pro/Documents/a_env/proj_data/lib/python3.7/site-packages/airflow/example_dags/example_kubernetes_executor.py
[2022-08-11 09:49:09,770] {processor.py:641} INFO - Processing file /Users/pro/Documents/a_env/proj_data/lib/python3.7/site-packages/airflow/example_dags/example_kubernetes_executor.py for tasks to queue
[2022-08-11 09:49:09,771] {logging_mixin.py:115} INFO - [2022-08-11 09:49:09,770] {dagbag.py:508} INFO - Filling up the DagBag from /Users/pro/Documents/a_env/proj_data/lib/python3.7/site-packages/airflow/example_dags/example_kubernetes_executor.py
[2022-08-11 09:49:09,789] {logging_mixin.py:115} INFO - [2022-08-11 09:49:09,789] {example_kubernetes_executor.py:40} WARNING - The example_kubernetes_executor example DAG requires the kubernetes provider. Please install it with: pip install apache-airflow[cncf.kubernetes]
[2022-08-11 09:49:09,789] {processor.py:653} WARNING - No viable dags retrieved from /Users/pro/Documents/a_env/proj_data/lib/python3.7/site-packages/airflow/example_dags/example_kubernetes_executor.py
[2022-08-11 09:49:09,802] {processor.py:161} INFO - Processing /Users/pro/Documents/a_env/proj_data/lib/python3.7/site-packages/airflow/example_dags/example_kubernetes_executor.py took 0.039 seconds
[2022-08-11 09:49:44,390] {processor.py:153} INFO - Started process (PID=51178) to work on /Users/pro/Documents/a_env/proj_data/lib/python3.7/site-packages/airflow/example_dags/example_kubernetes_executor.py
[2022-08-11 09:49:44,392] {processor.py:641} INFO - Processing file /Users/pro/Documents/a_env/proj_data/lib/python3.7/site-packages/airflow/example_dags/example_kubernetes_executor.py for tasks to queue
[2022-08-11 09:49:44,393] {logging_mixin.py:115} INFO - [2022-08-11 09:49:44,393] {dagbag.py:508} INFO - Filling up the DagBag from /Users/pro/Documents/a_env/proj_data/lib/python3.7/site-packages/airflow/example_dags/example_kubernetes_executor.py
[2022-08-11 09:49:44,411] {logging_mixin.py:115} INFO - [2022-08-11 09:49:44,411] {example_kubernetes_executor.py:40} WARNING - The example_kubernetes_executor example DAG requires the kubernetes provider. Please install it with: pip install apache-airflow[cncf.kubernetes]
[2022-08-11 09:49:44,412] {processor.py:653} WARNING - No viable dags retrieved from /Users/pro/Documents/a_env/proj_data/lib/python3.7/site-packages/airflow/example_dags/example_kubernetes_executor.py
[2022-08-11 09:49:44,424] {processor.py:161} INFO - Processing /Users/pro/Documents/a_env/proj_data/lib/python3.7/site-packages/airflow/example_dags/example_kubernetes_executor.py took 0.038 seconds
[2022-08-11 09:50:19,653] {processor.py:153} INFO - Started process (PID=51216) to work on /Users/pro/Documents/a_env/proj_data/lib/python3.7/site-packages/airflow/example_dags/example_kubernetes_executor.py
[2022-08-11 09:50:19,654] {processor.py:641} INFO - Processing file /Users/pro/Documents/a_env/proj_data/lib/python3.7/site-packages/airflow/example_dags/example_kubernetes_executor.py for tasks to queue
[2022-08-11 09:50:19,655] {logging_mixin.py:115} INFO - [2022-08-11 09:50:19,655] {dagbag.py:508} INFO - Filling up the DagBag from /Users/pro/Documents/a_env/proj_data/lib/python3.7/site-packages/airflow/example_dags/example_kubernetes_executor.py
[2022-08-11 09:50:19,673] {logging_mixin.py:115} INFO - [2022-08-11 09:50:19,673] {example_kubernetes_executor.py:40} WARNING - The example_kubernetes_executor example DAG requires the kubernetes provider. Please install it with: pip install apache-airflow[cncf.kubernetes]
[2022-08-11 09:50:19,674] {processor.py:653} WARNING - No viable dags retrieved from /Users/pro/Documents/a_env/proj_data/lib/python3.7/site-packages/airflow/example_dags/example_kubernetes_executor.py
[2022-08-11 09:50:19,685] {processor.py:161} INFO - Processing /Users/pro/Documents/a_env/proj_data/lib/python3.7/site-packages/airflow/example_dags/example_kubernetes_executor.py took 0.036 seconds
[2022-08-11 09:50:54,040] {processor.py:153} INFO - Started process (PID=51251) to work on /Users/pro/Documents/a_env/proj_data/lib/python3.7/site-packages/airflow/example_dags/example_kubernetes_executor.py
[2022-08-11 09:50:54,041] {processor.py:641} INFO - Processing file /Users/pro/Documents/a_env/proj_data/lib/python3.7/site-packages/airflow/example_dags/example_kubernetes_executor.py for tasks to queue
[2022-08-11 09:50:54,042] {logging_mixin.py:115} INFO - [2022-08-11 09:50:54,042] {dagbag.py:508} INFO - Filling up the DagBag from /Users/pro/Documents/a_env/proj_data/lib/python3.7/site-packages/airflow/example_dags/example_kubernetes_executor.py
[2022-08-11 09:50:54,060] {logging_mixin.py:115} INFO - [2022-08-11 09:50:54,060] {example_kubernetes_executor.py:40} WARNING - The example_kubernetes_executor example DAG requires the kubernetes provider. Please install it with: pip install apache-airflow[cncf.kubernetes]
[2022-08-11 09:50:54,061] {processor.py:653} WARNING - No viable dags retrieved from /Users/pro/Documents/a_env/proj_data/lib/python3.7/site-packages/airflow/example_dags/example_kubernetes_executor.py
[2022-08-11 09:50:54,074] {processor.py:161} INFO - Processing /Users/pro/Documents/a_env/proj_data/lib/python3.7/site-packages/airflow/example_dags/example_kubernetes_executor.py took 0.038 seconds
[2022-08-11 09:51:30,913] {processor.py:153} INFO - Started process (PID=51290) to work on /Users/pro/Documents/a_env/proj_data/lib/python3.7/site-packages/airflow/example_dags/example_kubernetes_executor.py
[2022-08-11 09:51:30,915] {processor.py:641} INFO - Processing file /Users/pro/Documents/a_env/proj_data/lib/python3.7/site-packages/airflow/example_dags/example_kubernetes_executor.py for tasks to queue
[2022-08-11 09:51:30,916] {logging_mixin.py:115} INFO - [2022-08-11 09:51:30,915] {dagbag.py:508} INFO - Filling up the DagBag from /Users/pro/Documents/a_env/proj_data/lib/python3.7/site-packages/airflow/example_dags/example_kubernetes_executor.py
[2022-08-11 09:51:30,938] {logging_mixin.py:115} INFO - [2022-08-11 09:51:30,937] {example_kubernetes_executor.py:40} WARNING - The example_kubernetes_executor example DAG requires the kubernetes provider. Please install it with: pip install apache-airflow[cncf.kubernetes]
[2022-08-11 09:51:30,938] {processor.py:653} WARNING - No viable dags retrieved from /Users/pro/Documents/a_env/proj_data/lib/python3.7/site-packages/airflow/example_dags/example_kubernetes_executor.py
[2022-08-11 09:51:30,951] {processor.py:161} INFO - Processing /Users/pro/Documents/a_env/proj_data/lib/python3.7/site-packages/airflow/example_dags/example_kubernetes_executor.py took 0.043 seconds
[2022-08-11 09:52:07,221] {processor.py:153} INFO - Started process (PID=51341) to work on /Users/pro/Documents/a_env/proj_data/lib/python3.7/site-packages/airflow/example_dags/example_kubernetes_executor.py
[2022-08-11 09:52:07,222] {processor.py:641} INFO - Processing file /Users/pro/Documents/a_env/proj_data/lib/python3.7/site-packages/airflow/example_dags/example_kubernetes_executor.py for tasks to queue
[2022-08-11 09:52:07,223] {logging_mixin.py:115} INFO - [2022-08-11 09:52:07,223] {dagbag.py:508} INFO - Filling up the DagBag from /Users/pro/Documents/a_env/proj_data/lib/python3.7/site-packages/airflow/example_dags/example_kubernetes_executor.py
[2022-08-11 09:52:07,243] {logging_mixin.py:115} INFO - [2022-08-11 09:52:07,243] {example_kubernetes_executor.py:40} WARNING - The example_kubernetes_executor example DAG requires the kubernetes provider. Please install it with: pip install apache-airflow[cncf.kubernetes]
[2022-08-11 09:52:07,244] {processor.py:653} WARNING - No viable dags retrieved from /Users/pro/Documents/a_env/proj_data/lib/python3.7/site-packages/airflow/example_dags/example_kubernetes_executor.py
[2022-08-11 09:52:07,258] {processor.py:161} INFO - Processing /Users/pro/Documents/a_env/proj_data/lib/python3.7/site-packages/airflow/example_dags/example_kubernetes_executor.py took 0.041 seconds
[2022-08-11 09:52:40,788] {processor.py:153} INFO - Started process (PID=51384) to work on /Users/pro/Documents/a_env/proj_data/lib/python3.7/site-packages/airflow/example_dags/example_kubernetes_executor.py
[2022-08-11 09:52:40,790] {processor.py:641} INFO - Processing file /Users/pro/Documents/a_env/proj_data/lib/python3.7/site-packages/airflow/example_dags/example_kubernetes_executor.py for tasks to queue
[2022-08-11 09:52:40,791] {logging_mixin.py:115} INFO - [2022-08-11 09:52:40,790] {dagbag.py:508} INFO - Filling up the DagBag from /Users/pro/Documents/a_env/proj_data/lib/python3.7/site-packages/airflow/example_dags/example_kubernetes_executor.py
[2022-08-11 09:52:40,810] {logging_mixin.py:115} INFO - [2022-08-11 09:52:40,809] {example_kubernetes_executor.py:40} WARNING - The example_kubernetes_executor example DAG requires the kubernetes provider. Please install it with: pip install apache-airflow[cncf.kubernetes]
[2022-08-11 09:52:40,810] {processor.py:653} WARNING - No viable dags retrieved from /Users/pro/Documents/a_env/proj_data/lib/python3.7/site-packages/airflow/example_dags/example_kubernetes_executor.py
[2022-08-11 09:52:40,822] {processor.py:161} INFO - Processing /Users/pro/Documents/a_env/proj_data/lib/python3.7/site-packages/airflow/example_dags/example_kubernetes_executor.py took 0.038 seconds
[2022-08-11 09:53:18,383] {processor.py:153} INFO - Started process (PID=51429) to work on /Users/pro/Documents/a_env/proj_data/lib/python3.7/site-packages/airflow/example_dags/example_kubernetes_executor.py
[2022-08-11 09:53:18,384] {processor.py:641} INFO - Processing file /Users/pro/Documents/a_env/proj_data/lib/python3.7/site-packages/airflow/example_dags/example_kubernetes_executor.py for tasks to queue
[2022-08-11 09:53:18,385] {logging_mixin.py:115} INFO - [2022-08-11 09:53:18,385] {dagbag.py:508} INFO - Filling up the DagBag from /Users/pro/Documents/a_env/proj_data/lib/python3.7/site-packages/airflow/example_dags/example_kubernetes_executor.py
[2022-08-11 09:53:18,404] {logging_mixin.py:115} INFO - [2022-08-11 09:53:18,404] {example_kubernetes_executor.py:40} WARNING - The example_kubernetes_executor example DAG requires the kubernetes provider. Please install it with: pip install apache-airflow[cncf.kubernetes]
[2022-08-11 09:53:18,405] {processor.py:653} WARNING - No viable dags retrieved from /Users/pro/Documents/a_env/proj_data/lib/python3.7/site-packages/airflow/example_dags/example_kubernetes_executor.py
[2022-08-11 09:53:18,417] {processor.py:161} INFO - Processing /Users/pro/Documents/a_env/proj_data/lib/python3.7/site-packages/airflow/example_dags/example_kubernetes_executor.py took 0.038 seconds
[2022-08-11 09:53:54,432] {processor.py:153} INFO - Started process (PID=51465) to work on /Users/pro/Documents/a_env/proj_data/lib/python3.7/site-packages/airflow/example_dags/example_kubernetes_executor.py
[2022-08-11 09:53:54,433] {processor.py:641} INFO - Processing file /Users/pro/Documents/a_env/proj_data/lib/python3.7/site-packages/airflow/example_dags/example_kubernetes_executor.py for tasks to queue
[2022-08-11 09:53:54,434] {logging_mixin.py:115} INFO - [2022-08-11 09:53:54,433] {dagbag.py:508} INFO - Filling up the DagBag from /Users/pro/Documents/a_env/proj_data/lib/python3.7/site-packages/airflow/example_dags/example_kubernetes_executor.py
[2022-08-11 09:53:54,453] {logging_mixin.py:115} INFO - [2022-08-11 09:53:54,453] {example_kubernetes_executor.py:40} WARNING - The example_kubernetes_executor example DAG requires the kubernetes provider. Please install it with: pip install apache-airflow[cncf.kubernetes]
[2022-08-11 09:53:54,454] {processor.py:653} WARNING - No viable dags retrieved from /Users/pro/Documents/a_env/proj_data/lib/python3.7/site-packages/airflow/example_dags/example_kubernetes_executor.py
[2022-08-11 09:53:54,465] {processor.py:161} INFO - Processing /Users/pro/Documents/a_env/proj_data/lib/python3.7/site-packages/airflow/example_dags/example_kubernetes_executor.py took 0.037 seconds
[2022-08-11 09:54:27,504] {processor.py:153} INFO - Started process (PID=51500) to work on /Users/pro/Documents/a_env/proj_data/lib/python3.7/site-packages/airflow/example_dags/example_kubernetes_executor.py
[2022-08-11 09:54:27,505] {processor.py:641} INFO - Processing file /Users/pro/Documents/a_env/proj_data/lib/python3.7/site-packages/airflow/example_dags/example_kubernetes_executor.py for tasks to queue
[2022-08-11 09:54:27,506] {logging_mixin.py:115} INFO - [2022-08-11 09:54:27,506] {dagbag.py:508} INFO - Filling up the DagBag from /Users/pro/Documents/a_env/proj_data/lib/python3.7/site-packages/airflow/example_dags/example_kubernetes_executor.py
[2022-08-11 09:54:27,525] {logging_mixin.py:115} INFO - [2022-08-11 09:54:27,525] {example_kubernetes_executor.py:40} WARNING - The example_kubernetes_executor example DAG requires the kubernetes provider. Please install it with: pip install apache-airflow[cncf.kubernetes]
[2022-08-11 09:54:27,526] {processor.py:653} WARNING - No viable dags retrieved from /Users/pro/Documents/a_env/proj_data/lib/python3.7/site-packages/airflow/example_dags/example_kubernetes_executor.py
[2022-08-11 09:54:27,539] {processor.py:161} INFO - Processing /Users/pro/Documents/a_env/proj_data/lib/python3.7/site-packages/airflow/example_dags/example_kubernetes_executor.py took 0.040 seconds
[2022-08-11 09:55:02,864] {processor.py:153} INFO - Started process (PID=51536) to work on /Users/pro/Documents/a_env/proj_data/lib/python3.7/site-packages/airflow/example_dags/example_kubernetes_executor.py
[2022-08-11 09:55:02,865] {processor.py:641} INFO - Processing file /Users/pro/Documents/a_env/proj_data/lib/python3.7/site-packages/airflow/example_dags/example_kubernetes_executor.py for tasks to queue
[2022-08-11 09:55:02,866] {logging_mixin.py:115} INFO - [2022-08-11 09:55:02,866] {dagbag.py:508} INFO - Filling up the DagBag from /Users/pro/Documents/a_env/proj_data/lib/python3.7/site-packages/airflow/example_dags/example_kubernetes_executor.py
[2022-08-11 09:55:02,885] {logging_mixin.py:115} INFO - [2022-08-11 09:55:02,885] {example_kubernetes_executor.py:40} WARNING - The example_kubernetes_executor example DAG requires the kubernetes provider. Please install it with: pip install apache-airflow[cncf.kubernetes]
[2022-08-11 09:55:02,886] {processor.py:653} WARNING - No viable dags retrieved from /Users/pro/Documents/a_env/proj_data/lib/python3.7/site-packages/airflow/example_dags/example_kubernetes_executor.py
[2022-08-11 09:55:02,897] {processor.py:161} INFO - Processing /Users/pro/Documents/a_env/proj_data/lib/python3.7/site-packages/airflow/example_dags/example_kubernetes_executor.py took 0.038 seconds
[2022-08-11 09:55:38,217] {processor.py:153} INFO - Started process (PID=51572) to work on /Users/pro/Documents/a_env/proj_data/lib/python3.7/site-packages/airflow/example_dags/example_kubernetes_executor.py
[2022-08-11 09:55:38,219] {processor.py:641} INFO - Processing file /Users/pro/Documents/a_env/proj_data/lib/python3.7/site-packages/airflow/example_dags/example_kubernetes_executor.py for tasks to queue
[2022-08-11 09:55:38,220] {logging_mixin.py:115} INFO - [2022-08-11 09:55:38,220] {dagbag.py:508} INFO - Filling up the DagBag from /Users/pro/Documents/a_env/proj_data/lib/python3.7/site-packages/airflow/example_dags/example_kubernetes_executor.py
[2022-08-11 09:55:38,238] {logging_mixin.py:115} INFO - [2022-08-11 09:55:38,238] {example_kubernetes_executor.py:40} WARNING - The example_kubernetes_executor example DAG requires the kubernetes provider. Please install it with: pip install apache-airflow[cncf.kubernetes]
[2022-08-11 09:55:38,238] {processor.py:653} WARNING - No viable dags retrieved from /Users/pro/Documents/a_env/proj_data/lib/python3.7/site-packages/airflow/example_dags/example_kubernetes_executor.py
[2022-08-11 09:55:38,251] {processor.py:161} INFO - Processing /Users/pro/Documents/a_env/proj_data/lib/python3.7/site-packages/airflow/example_dags/example_kubernetes_executor.py took 0.039 seconds
[2022-08-11 09:56:13,201] {processor.py:153} INFO - Started process (PID=51606) to work on /Users/pro/Documents/a_env/proj_data/lib/python3.7/site-packages/airflow/example_dags/example_kubernetes_executor.py
[2022-08-11 09:56:13,203] {processor.py:641} INFO - Processing file /Users/pro/Documents/a_env/proj_data/lib/python3.7/site-packages/airflow/example_dags/example_kubernetes_executor.py for tasks to queue
[2022-08-11 09:56:13,204] {logging_mixin.py:115} INFO - [2022-08-11 09:56:13,204] {dagbag.py:508} INFO - Filling up the DagBag from /Users/pro/Documents/a_env/proj_data/lib/python3.7/site-packages/airflow/example_dags/example_kubernetes_executor.py
[2022-08-11 09:56:13,224] {logging_mixin.py:115} INFO - [2022-08-11 09:56:13,224] {example_kubernetes_executor.py:40} WARNING - The example_kubernetes_executor example DAG requires the kubernetes provider. Please install it with: pip install apache-airflow[cncf.kubernetes]
[2022-08-11 09:56:13,225] {processor.py:653} WARNING - No viable dags retrieved from /Users/pro/Documents/a_env/proj_data/lib/python3.7/site-packages/airflow/example_dags/example_kubernetes_executor.py
[2022-08-11 09:56:13,238] {processor.py:161} INFO - Processing /Users/pro/Documents/a_env/proj_data/lib/python3.7/site-packages/airflow/example_dags/example_kubernetes_executor.py took 0.042 seconds
[2022-08-11 09:56:48,238] {processor.py:153} INFO - Started process (PID=51642) to work on /Users/pro/Documents/a_env/proj_data/lib/python3.7/site-packages/airflow/example_dags/example_kubernetes_executor.py
[2022-08-11 09:56:48,239] {processor.py:641} INFO - Processing file /Users/pro/Documents/a_env/proj_data/lib/python3.7/site-packages/airflow/example_dags/example_kubernetes_executor.py for tasks to queue
[2022-08-11 09:56:48,240] {logging_mixin.py:115} INFO - [2022-08-11 09:56:48,240] {dagbag.py:508} INFO - Filling up the DagBag from /Users/pro/Documents/a_env/proj_data/lib/python3.7/site-packages/airflow/example_dags/example_kubernetes_executor.py
[2022-08-11 09:56:48,259] {logging_mixin.py:115} INFO - [2022-08-11 09:56:48,259] {example_kubernetes_executor.py:40} WARNING - The example_kubernetes_executor example DAG requires the kubernetes provider. Please install it with: pip install apache-airflow[cncf.kubernetes]
[2022-08-11 09:56:48,260] {processor.py:653} WARNING - No viable dags retrieved from /Users/pro/Documents/a_env/proj_data/lib/python3.7/site-packages/airflow/example_dags/example_kubernetes_executor.py
[2022-08-11 09:56:48,273] {processor.py:161} INFO - Processing /Users/pro/Documents/a_env/proj_data/lib/python3.7/site-packages/airflow/example_dags/example_kubernetes_executor.py took 0.040 seconds
[2022-08-11 09:57:26,979] {processor.py:153} INFO - Started process (PID=51684) to work on /Users/pro/Documents/a_env/proj_data/lib/python3.7/site-packages/airflow/example_dags/example_kubernetes_executor.py
[2022-08-11 09:57:26,980] {processor.py:641} INFO - Processing file /Users/pro/Documents/a_env/proj_data/lib/python3.7/site-packages/airflow/example_dags/example_kubernetes_executor.py for tasks to queue
[2022-08-11 09:57:26,981] {logging_mixin.py:115} INFO - [2022-08-11 09:57:26,981] {dagbag.py:508} INFO - Filling up the DagBag from /Users/pro/Documents/a_env/proj_data/lib/python3.7/site-packages/airflow/example_dags/example_kubernetes_executor.py
[2022-08-11 09:57:27,000] {logging_mixin.py:115} INFO - [2022-08-11 09:57:27,000] {example_kubernetes_executor.py:40} WARNING - The example_kubernetes_executor example DAG requires the kubernetes provider. Please install it with: pip install apache-airflow[cncf.kubernetes]
[2022-08-11 09:57:27,001] {processor.py:653} WARNING - No viable dags retrieved from /Users/pro/Documents/a_env/proj_data/lib/python3.7/site-packages/airflow/example_dags/example_kubernetes_executor.py
[2022-08-11 09:57:27,014] {processor.py:161} INFO - Processing /Users/pro/Documents/a_env/proj_data/lib/python3.7/site-packages/airflow/example_dags/example_kubernetes_executor.py took 0.040 seconds
[2022-08-11 09:58:01,193] {processor.py:153} INFO - Started process (PID=51722) to work on /Users/pro/Documents/a_env/proj_data/lib/python3.7/site-packages/airflow/example_dags/example_kubernetes_executor.py
[2022-08-11 09:58:01,194] {processor.py:641} INFO - Processing file /Users/pro/Documents/a_env/proj_data/lib/python3.7/site-packages/airflow/example_dags/example_kubernetes_executor.py for tasks to queue
[2022-08-11 09:58:01,195] {logging_mixin.py:115} INFO - [2022-08-11 09:58:01,195] {dagbag.py:508} INFO - Filling up the DagBag from /Users/pro/Documents/a_env/proj_data/lib/python3.7/site-packages/airflow/example_dags/example_kubernetes_executor.py
[2022-08-11 09:58:01,214] {logging_mixin.py:115} INFO - [2022-08-11 09:58:01,214] {example_kubernetes_executor.py:40} WARNING - The example_kubernetes_executor example DAG requires the kubernetes provider. Please install it with: pip install apache-airflow[cncf.kubernetes]
[2022-08-11 09:58:01,215] {processor.py:653} WARNING - No viable dags retrieved from /Users/pro/Documents/a_env/proj_data/lib/python3.7/site-packages/airflow/example_dags/example_kubernetes_executor.py
[2022-08-11 09:58:01,228] {processor.py:161} INFO - Processing /Users/pro/Documents/a_env/proj_data/lib/python3.7/site-packages/airflow/example_dags/example_kubernetes_executor.py took 0.041 seconds
[2022-08-11 09:58:39,098] {processor.py:153} INFO - Started process (PID=51760) to work on /Users/pro/Documents/a_env/proj_data/lib/python3.7/site-packages/airflow/example_dags/example_kubernetes_executor.py
[2022-08-11 09:58:39,099] {processor.py:641} INFO - Processing file /Users/pro/Documents/a_env/proj_data/lib/python3.7/site-packages/airflow/example_dags/example_kubernetes_executor.py for tasks to queue
[2022-08-11 09:58:39,101] {logging_mixin.py:115} INFO - [2022-08-11 09:58:39,100] {dagbag.py:508} INFO - Filling up the DagBag from /Users/pro/Documents/a_env/proj_data/lib/python3.7/site-packages/airflow/example_dags/example_kubernetes_executor.py
[2022-08-11 09:58:39,120] {logging_mixin.py:115} INFO - [2022-08-11 09:58:39,119] {example_kubernetes_executor.py:40} WARNING - The example_kubernetes_executor example DAG requires the kubernetes provider. Please install it with: pip install apache-airflow[cncf.kubernetes]
[2022-08-11 09:58:39,120] {processor.py:653} WARNING - No viable dags retrieved from /Users/pro/Documents/a_env/proj_data/lib/python3.7/site-packages/airflow/example_dags/example_kubernetes_executor.py
[2022-08-11 09:58:39,132] {processor.py:161} INFO - Processing /Users/pro/Documents/a_env/proj_data/lib/python3.7/site-packages/airflow/example_dags/example_kubernetes_executor.py took 0.038 seconds
[2022-08-11 09:59:15,581] {processor.py:153} INFO - Started process (PID=51796) to work on /Users/pro/Documents/a_env/proj_data/lib/python3.7/site-packages/airflow/example_dags/example_kubernetes_executor.py
[2022-08-11 09:59:15,584] {processor.py:641} INFO - Processing file /Users/pro/Documents/a_env/proj_data/lib/python3.7/site-packages/airflow/example_dags/example_kubernetes_executor.py for tasks to queue
[2022-08-11 09:59:15,585] {logging_mixin.py:115} INFO - [2022-08-11 09:59:15,585] {dagbag.py:508} INFO - Filling up the DagBag from /Users/pro/Documents/a_env/proj_data/lib/python3.7/site-packages/airflow/example_dags/example_kubernetes_executor.py
[2022-08-11 09:59:15,606] {logging_mixin.py:115} INFO - [2022-08-11 09:59:15,606] {example_kubernetes_executor.py:40} WARNING - The example_kubernetes_executor example DAG requires the kubernetes provider. Please install it with: pip install apache-airflow[cncf.kubernetes]
[2022-08-11 09:59:15,607] {processor.py:653} WARNING - No viable dags retrieved from /Users/pro/Documents/a_env/proj_data/lib/python3.7/site-packages/airflow/example_dags/example_kubernetes_executor.py
[2022-08-11 09:59:15,618] {processor.py:161} INFO - Processing /Users/pro/Documents/a_env/proj_data/lib/python3.7/site-packages/airflow/example_dags/example_kubernetes_executor.py took 0.042 seconds
[2022-08-11 09:59:52,865] {processor.py:153} INFO - Started process (PID=51848) to work on /Users/pro/Documents/a_env/proj_data/lib/python3.7/site-packages/airflow/example_dags/example_kubernetes_executor.py
[2022-08-11 09:59:52,867] {processor.py:641} INFO - Processing file /Users/pro/Documents/a_env/proj_data/lib/python3.7/site-packages/airflow/example_dags/example_kubernetes_executor.py for tasks to queue
[2022-08-11 09:59:52,869] {logging_mixin.py:115} INFO - [2022-08-11 09:59:52,868] {dagbag.py:508} INFO - Filling up the DagBag from /Users/pro/Documents/a_env/proj_data/lib/python3.7/site-packages/airflow/example_dags/example_kubernetes_executor.py
[2022-08-11 09:59:52,889] {logging_mixin.py:115} INFO - [2022-08-11 09:59:52,889] {example_kubernetes_executor.py:40} WARNING - The example_kubernetes_executor example DAG requires the kubernetes provider. Please install it with: pip install apache-airflow[cncf.kubernetes]
[2022-08-11 09:59:52,889] {processor.py:653} WARNING - No viable dags retrieved from /Users/pro/Documents/a_env/proj_data/lib/python3.7/site-packages/airflow/example_dags/example_kubernetes_executor.py
[2022-08-11 09:59:52,903] {processor.py:161} INFO - Processing /Users/pro/Documents/a_env/proj_data/lib/python3.7/site-packages/airflow/example_dags/example_kubernetes_executor.py took 0.043 seconds
[2022-08-11 10:00:27,918] {processor.py:153} INFO - Started process (PID=51883) to work on /Users/pro/Documents/a_env/proj_data/lib/python3.7/site-packages/airflow/example_dags/example_kubernetes_executor.py
[2022-08-11 10:00:27,919] {processor.py:641} INFO - Processing file /Users/pro/Documents/a_env/proj_data/lib/python3.7/site-packages/airflow/example_dags/example_kubernetes_executor.py for tasks to queue
[2022-08-11 10:00:27,920] {logging_mixin.py:115} INFO - [2022-08-11 10:00:27,920] {dagbag.py:508} INFO - Filling up the DagBag from /Users/pro/Documents/a_env/proj_data/lib/python3.7/site-packages/airflow/example_dags/example_kubernetes_executor.py
[2022-08-11 10:00:27,940] {logging_mixin.py:115} INFO - [2022-08-11 10:00:27,939] {example_kubernetes_executor.py:40} WARNING - The example_kubernetes_executor example DAG requires the kubernetes provider. Please install it with: pip install apache-airflow[cncf.kubernetes]
[2022-08-11 10:00:27,940] {processor.py:653} WARNING - No viable dags retrieved from /Users/pro/Documents/a_env/proj_data/lib/python3.7/site-packages/airflow/example_dags/example_kubernetes_executor.py
[2022-08-11 10:00:27,953] {processor.py:161} INFO - Processing /Users/pro/Documents/a_env/proj_data/lib/python3.7/site-packages/airflow/example_dags/example_kubernetes_executor.py took 0.039 seconds
[2022-08-11 10:01:03,235] {processor.py:153} INFO - Started process (PID=51942) to work on /Users/pro/Documents/a_env/proj_data/lib/python3.7/site-packages/airflow/example_dags/example_kubernetes_executor.py
[2022-08-11 10:01:03,237] {processor.py:641} INFO - Processing file /Users/pro/Documents/a_env/proj_data/lib/python3.7/site-packages/airflow/example_dags/example_kubernetes_executor.py for tasks to queue
[2022-08-11 10:01:03,238] {logging_mixin.py:115} INFO - [2022-08-11 10:01:03,238] {dagbag.py:508} INFO - Filling up the DagBag from /Users/pro/Documents/a_env/proj_data/lib/python3.7/site-packages/airflow/example_dags/example_kubernetes_executor.py
[2022-08-11 10:01:03,256] {logging_mixin.py:115} INFO - [2022-08-11 10:01:03,256] {example_kubernetes_executor.py:40} WARNING - The example_kubernetes_executor example DAG requires the kubernetes provider. Please install it with: pip install apache-airflow[cncf.kubernetes]
[2022-08-11 10:01:03,256] {processor.py:653} WARNING - No viable dags retrieved from /Users/pro/Documents/a_env/proj_data/lib/python3.7/site-packages/airflow/example_dags/example_kubernetes_executor.py
[2022-08-11 10:01:03,268] {processor.py:161} INFO - Processing /Users/pro/Documents/a_env/proj_data/lib/python3.7/site-packages/airflow/example_dags/example_kubernetes_executor.py took 0.037 seconds
[2022-08-11 10:01:40,622] {processor.py:153} INFO - Started process (PID=51979) to work on /Users/pro/Documents/a_env/proj_data/lib/python3.7/site-packages/airflow/example_dags/example_kubernetes_executor.py
[2022-08-11 10:01:40,623] {processor.py:641} INFO - Processing file /Users/pro/Documents/a_env/proj_data/lib/python3.7/site-packages/airflow/example_dags/example_kubernetes_executor.py for tasks to queue
[2022-08-11 10:01:40,624] {logging_mixin.py:115} INFO - [2022-08-11 10:01:40,624] {dagbag.py:508} INFO - Filling up the DagBag from /Users/pro/Documents/a_env/proj_data/lib/python3.7/site-packages/airflow/example_dags/example_kubernetes_executor.py
[2022-08-11 10:01:40,641] {logging_mixin.py:115} INFO - [2022-08-11 10:01:40,641] {example_kubernetes_executor.py:40} WARNING - The example_kubernetes_executor example DAG requires the kubernetes provider. Please install it with: pip install apache-airflow[cncf.kubernetes]
[2022-08-11 10:01:40,642] {processor.py:653} WARNING - No viable dags retrieved from /Users/pro/Documents/a_env/proj_data/lib/python3.7/site-packages/airflow/example_dags/example_kubernetes_executor.py
[2022-08-11 10:01:40,655] {processor.py:161} INFO - Processing /Users/pro/Documents/a_env/proj_data/lib/python3.7/site-packages/airflow/example_dags/example_kubernetes_executor.py took 0.037 seconds
[2022-08-11 10:02:16,428] {processor.py:153} INFO - Started process (PID=52018) to work on /Users/pro/Documents/a_env/proj_data/lib/python3.7/site-packages/airflow/example_dags/example_kubernetes_executor.py
[2022-08-11 10:02:16,429] {processor.py:641} INFO - Processing file /Users/pro/Documents/a_env/proj_data/lib/python3.7/site-packages/airflow/example_dags/example_kubernetes_executor.py for tasks to queue
[2022-08-11 10:02:16,430] {logging_mixin.py:115} INFO - [2022-08-11 10:02:16,430] {dagbag.py:508} INFO - Filling up the DagBag from /Users/pro/Documents/a_env/proj_data/lib/python3.7/site-packages/airflow/example_dags/example_kubernetes_executor.py
[2022-08-11 10:02:16,448] {logging_mixin.py:115} INFO - [2022-08-11 10:02:16,448] {example_kubernetes_executor.py:40} WARNING - The example_kubernetes_executor example DAG requires the kubernetes provider. Please install it with: pip install apache-airflow[cncf.kubernetes]
[2022-08-11 10:02:16,449] {processor.py:653} WARNING - No viable dags retrieved from /Users/pro/Documents/a_env/proj_data/lib/python3.7/site-packages/airflow/example_dags/example_kubernetes_executor.py
[2022-08-11 10:02:16,461] {processor.py:161} INFO - Processing /Users/pro/Documents/a_env/proj_data/lib/python3.7/site-packages/airflow/example_dags/example_kubernetes_executor.py took 0.039 seconds
[2022-08-11 10:02:52,718] {processor.py:153} INFO - Started process (PID=52058) to work on /Users/pro/Documents/a_env/proj_data/lib/python3.7/site-packages/airflow/example_dags/example_kubernetes_executor.py
[2022-08-11 10:02:52,719] {processor.py:641} INFO - Processing file /Users/pro/Documents/a_env/proj_data/lib/python3.7/site-packages/airflow/example_dags/example_kubernetes_executor.py for tasks to queue
[2022-08-11 10:02:52,720] {logging_mixin.py:115} INFO - [2022-08-11 10:02:52,720] {dagbag.py:508} INFO - Filling up the DagBag from /Users/pro/Documents/a_env/proj_data/lib/python3.7/site-packages/airflow/example_dags/example_kubernetes_executor.py
[2022-08-11 10:02:52,739] {logging_mixin.py:115} INFO - [2022-08-11 10:02:52,739] {example_kubernetes_executor.py:40} WARNING - The example_kubernetes_executor example DAG requires the kubernetes provider. Please install it with: pip install apache-airflow[cncf.kubernetes]
[2022-08-11 10:02:52,740] {processor.py:653} WARNING - No viable dags retrieved from /Users/pro/Documents/a_env/proj_data/lib/python3.7/site-packages/airflow/example_dags/example_kubernetes_executor.py
[2022-08-11 10:02:52,752] {processor.py:161} INFO - Processing /Users/pro/Documents/a_env/proj_data/lib/python3.7/site-packages/airflow/example_dags/example_kubernetes_executor.py took 0.038 seconds
[2022-08-11 10:03:30,910] {processor.py:153} INFO - Started process (PID=52098) to work on /Users/pro/Documents/a_env/proj_data/lib/python3.7/site-packages/airflow/example_dags/example_kubernetes_executor.py
[2022-08-11 10:03:30,912] {processor.py:641} INFO - Processing file /Users/pro/Documents/a_env/proj_data/lib/python3.7/site-packages/airflow/example_dags/example_kubernetes_executor.py for tasks to queue
[2022-08-11 10:03:30,913] {logging_mixin.py:115} INFO - [2022-08-11 10:03:30,913] {dagbag.py:508} INFO - Filling up the DagBag from /Users/pro/Documents/a_env/proj_data/lib/python3.7/site-packages/airflow/example_dags/example_kubernetes_executor.py
[2022-08-11 10:03:30,935] {logging_mixin.py:115} INFO - [2022-08-11 10:03:30,935] {example_kubernetes_executor.py:40} WARNING - The example_kubernetes_executor example DAG requires the kubernetes provider. Please install it with: pip install apache-airflow[cncf.kubernetes]
[2022-08-11 10:03:30,936] {processor.py:653} WARNING - No viable dags retrieved from /Users/pro/Documents/a_env/proj_data/lib/python3.7/site-packages/airflow/example_dags/example_kubernetes_executor.py
[2022-08-11 10:03:30,949] {processor.py:161} INFO - Processing /Users/pro/Documents/a_env/proj_data/lib/python3.7/site-packages/airflow/example_dags/example_kubernetes_executor.py took 0.044 seconds
[2022-08-11 10:04:05,020] {processor.py:153} INFO - Started process (PID=52133) to work on /Users/pro/Documents/a_env/proj_data/lib/python3.7/site-packages/airflow/example_dags/example_kubernetes_executor.py
[2022-08-11 10:04:05,021] {processor.py:641} INFO - Processing file /Users/pro/Documents/a_env/proj_data/lib/python3.7/site-packages/airflow/example_dags/example_kubernetes_executor.py for tasks to queue
[2022-08-11 10:04:05,022] {logging_mixin.py:115} INFO - [2022-08-11 10:04:05,022] {dagbag.py:508} INFO - Filling up the DagBag from /Users/pro/Documents/a_env/proj_data/lib/python3.7/site-packages/airflow/example_dags/example_kubernetes_executor.py
[2022-08-11 10:04:05,042] {logging_mixin.py:115} INFO - [2022-08-11 10:04:05,041] {example_kubernetes_executor.py:40} WARNING - The example_kubernetes_executor example DAG requires the kubernetes provider. Please install it with: pip install apache-airflow[cncf.kubernetes]
[2022-08-11 10:04:05,042] {processor.py:653} WARNING - No viable dags retrieved from /Users/pro/Documents/a_env/proj_data/lib/python3.7/site-packages/airflow/example_dags/example_kubernetes_executor.py
[2022-08-11 10:04:05,055] {processor.py:161} INFO - Processing /Users/pro/Documents/a_env/proj_data/lib/python3.7/site-packages/airflow/example_dags/example_kubernetes_executor.py took 0.040 seconds
[2022-08-11 10:22:49,283] {processor.py:153} INFO - Started process (PID=52227) to work on /Users/pro/Documents/a_env/proj_data/lib/python3.7/site-packages/airflow/example_dags/example_kubernetes_executor.py
[2022-08-11 10:22:49,284] {processor.py:641} INFO - Processing file /Users/pro/Documents/a_env/proj_data/lib/python3.7/site-packages/airflow/example_dags/example_kubernetes_executor.py for tasks to queue
[2022-08-11 10:22:49,288] {logging_mixin.py:115} INFO - [2022-08-11 10:22:49,285] {dagbag.py:508} INFO - Filling up the DagBag from /Users/pro/Documents/a_env/proj_data/lib/python3.7/site-packages/airflow/example_dags/example_kubernetes_executor.py
[2022-08-11 10:22:49,335] {logging_mixin.py:115} INFO - [2022-08-11 10:22:49,334] {example_kubernetes_executor.py:40} WARNING - The example_kubernetes_executor example DAG requires the kubernetes provider. Please install it with: pip install apache-airflow[cncf.kubernetes]
[2022-08-11 10:22:49,335] {processor.py:653} WARNING - No viable dags retrieved from /Users/pro/Documents/a_env/proj_data/lib/python3.7/site-packages/airflow/example_dags/example_kubernetes_executor.py
[2022-08-11 10:22:49,357] {processor.py:161} INFO - Processing /Users/pro/Documents/a_env/proj_data/lib/python3.7/site-packages/airflow/example_dags/example_kubernetes_executor.py took 0.080 seconds
[2022-08-11 10:23:23,096] {processor.py:153} INFO - Started process (PID=52289) to work on /Users/pro/Documents/a_env/proj_data/lib/python3.7/site-packages/airflow/example_dags/example_kubernetes_executor.py
[2022-08-11 10:23:23,099] {processor.py:641} INFO - Processing file /Users/pro/Documents/a_env/proj_data/lib/python3.7/site-packages/airflow/example_dags/example_kubernetes_executor.py for tasks to queue
[2022-08-11 10:23:23,101] {logging_mixin.py:115} INFO - [2022-08-11 10:23:23,100] {dagbag.py:508} INFO - Filling up the DagBag from /Users/pro/Documents/a_env/proj_data/lib/python3.7/site-packages/airflow/example_dags/example_kubernetes_executor.py
[2022-08-11 10:23:23,122] {logging_mixin.py:115} INFO - [2022-08-11 10:23:23,122] {example_kubernetes_executor.py:40} WARNING - The example_kubernetes_executor example DAG requires the kubernetes provider. Please install it with: pip install apache-airflow[cncf.kubernetes]
[2022-08-11 10:23:23,123] {processor.py:653} WARNING - No viable dags retrieved from /Users/pro/Documents/a_env/proj_data/lib/python3.7/site-packages/airflow/example_dags/example_kubernetes_executor.py
[2022-08-11 10:23:23,137] {processor.py:161} INFO - Processing /Users/pro/Documents/a_env/proj_data/lib/python3.7/site-packages/airflow/example_dags/example_kubernetes_executor.py took 0.046 seconds
[2022-08-11 10:23:58,773] {processor.py:153} INFO - Started process (PID=52367) to work on /Users/pro/Documents/a_env/proj_data/lib/python3.7/site-packages/airflow/example_dags/example_kubernetes_executor.py
[2022-08-11 10:23:58,775] {processor.py:641} INFO - Processing file /Users/pro/Documents/a_env/proj_data/lib/python3.7/site-packages/airflow/example_dags/example_kubernetes_executor.py for tasks to queue
[2022-08-11 10:23:58,777] {logging_mixin.py:115} INFO - [2022-08-11 10:23:58,777] {dagbag.py:508} INFO - Filling up the DagBag from /Users/pro/Documents/a_env/proj_data/lib/python3.7/site-packages/airflow/example_dags/example_kubernetes_executor.py
[2022-08-11 10:23:58,815] {logging_mixin.py:115} INFO - [2022-08-11 10:23:58,815] {example_kubernetes_executor.py:40} WARNING - The example_kubernetes_executor example DAG requires the kubernetes provider. Please install it with: pip install apache-airflow[cncf.kubernetes]
[2022-08-11 10:23:58,815] {processor.py:653} WARNING - No viable dags retrieved from /Users/pro/Documents/a_env/proj_data/lib/python3.7/site-packages/airflow/example_dags/example_kubernetes_executor.py
[2022-08-11 10:23:58,833] {processor.py:161} INFO - Processing /Users/pro/Documents/a_env/proj_data/lib/python3.7/site-packages/airflow/example_dags/example_kubernetes_executor.py took 0.067 seconds
[2022-08-11 10:24:35,394] {processor.py:153} INFO - Started process (PID=52446) to work on /Users/pro/Documents/a_env/proj_data/lib/python3.7/site-packages/airflow/example_dags/example_kubernetes_executor.py
[2022-08-11 10:24:35,395] {processor.py:641} INFO - Processing file /Users/pro/Documents/a_env/proj_data/lib/python3.7/site-packages/airflow/example_dags/example_kubernetes_executor.py for tasks to queue
[2022-08-11 10:24:35,397] {logging_mixin.py:115} INFO - [2022-08-11 10:24:35,396] {dagbag.py:508} INFO - Filling up the DagBag from /Users/pro/Documents/a_env/proj_data/lib/python3.7/site-packages/airflow/example_dags/example_kubernetes_executor.py
[2022-08-11 10:24:35,417] {logging_mixin.py:115} INFO - [2022-08-11 10:24:35,417] {example_kubernetes_executor.py:40} WARNING - The example_kubernetes_executor example DAG requires the kubernetes provider. Please install it with: pip install apache-airflow[cncf.kubernetes]
[2022-08-11 10:24:35,418] {processor.py:653} WARNING - No viable dags retrieved from /Users/pro/Documents/a_env/proj_data/lib/python3.7/site-packages/airflow/example_dags/example_kubernetes_executor.py
[2022-08-11 10:24:35,432] {processor.py:161} INFO - Processing /Users/pro/Documents/a_env/proj_data/lib/python3.7/site-packages/airflow/example_dags/example_kubernetes_executor.py took 0.043 seconds
[2022-08-11 10:25:11,742] {processor.py:153} INFO - Started process (PID=52487) to work on /Users/pro/Documents/a_env/proj_data/lib/python3.7/site-packages/airflow/example_dags/example_kubernetes_executor.py
[2022-08-11 10:25:11,758] {processor.py:641} INFO - Processing file /Users/pro/Documents/a_env/proj_data/lib/python3.7/site-packages/airflow/example_dags/example_kubernetes_executor.py for tasks to queue
[2022-08-11 10:25:11,759] {logging_mixin.py:115} INFO - [2022-08-11 10:25:11,759] {dagbag.py:508} INFO - Filling up the DagBag from /Users/pro/Documents/a_env/proj_data/lib/python3.7/site-packages/airflow/example_dags/example_kubernetes_executor.py
[2022-08-11 10:25:11,829] {logging_mixin.py:115} INFO - [2022-08-11 10:25:11,829] {example_kubernetes_executor.py:40} WARNING - The example_kubernetes_executor example DAG requires the kubernetes provider. Please install it with: pip install apache-airflow[cncf.kubernetes]
[2022-08-11 10:25:11,850] {processor.py:653} WARNING - No viable dags retrieved from /Users/pro/Documents/a_env/proj_data/lib/python3.7/site-packages/airflow/example_dags/example_kubernetes_executor.py
[2022-08-11 10:25:11,897] {processor.py:161} INFO - Processing /Users/pro/Documents/a_env/proj_data/lib/python3.7/site-packages/airflow/example_dags/example_kubernetes_executor.py took 0.160 seconds
[2022-08-11 10:25:52,814] {processor.py:153} INFO - Started process (PID=52570) to work on /Users/pro/Documents/a_env/proj_data/lib/python3.7/site-packages/airflow/example_dags/example_kubernetes_executor.py
[2022-08-11 10:25:52,818] {processor.py:641} INFO - Processing file /Users/pro/Documents/a_env/proj_data/lib/python3.7/site-packages/airflow/example_dags/example_kubernetes_executor.py for tasks to queue
[2022-08-11 10:25:52,820] {logging_mixin.py:115} INFO - [2022-08-11 10:25:52,819] {dagbag.py:508} INFO - Filling up the DagBag from /Users/pro/Documents/a_env/proj_data/lib/python3.7/site-packages/airflow/example_dags/example_kubernetes_executor.py
[2022-08-11 10:25:52,849] {logging_mixin.py:115} INFO - [2022-08-11 10:25:52,849] {example_kubernetes_executor.py:40} WARNING - The example_kubernetes_executor example DAG requires the kubernetes provider. Please install it with: pip install apache-airflow[cncf.kubernetes]
[2022-08-11 10:25:52,850] {processor.py:653} WARNING - No viable dags retrieved from /Users/pro/Documents/a_env/proj_data/lib/python3.7/site-packages/airflow/example_dags/example_kubernetes_executor.py
[2022-08-11 10:25:53,051] {processor.py:161} INFO - Processing /Users/pro/Documents/a_env/proj_data/lib/python3.7/site-packages/airflow/example_dags/example_kubernetes_executor.py took 0.258 seconds
[2022-08-11 10:26:41,073] {processor.py:153} INFO - Started process (PID=52633) to work on /Users/pro/Documents/a_env/proj_data/lib/python3.7/site-packages/airflow/example_dags/example_kubernetes_executor.py
[2022-08-11 10:26:41,077] {processor.py:641} INFO - Processing file /Users/pro/Documents/a_env/proj_data/lib/python3.7/site-packages/airflow/example_dags/example_kubernetes_executor.py for tasks to queue
[2022-08-11 10:26:41,079] {logging_mixin.py:115} INFO - [2022-08-11 10:26:41,078] {dagbag.py:508} INFO - Filling up the DagBag from /Users/pro/Documents/a_env/proj_data/lib/python3.7/site-packages/airflow/example_dags/example_kubernetes_executor.py
[2022-08-11 10:26:41,115] {logging_mixin.py:115} INFO - [2022-08-11 10:26:41,115] {example_kubernetes_executor.py:40} WARNING - The example_kubernetes_executor example DAG requires the kubernetes provider. Please install it with: pip install apache-airflow[cncf.kubernetes]
[2022-08-11 10:26:41,116] {processor.py:653} WARNING - No viable dags retrieved from /Users/pro/Documents/a_env/proj_data/lib/python3.7/site-packages/airflow/example_dags/example_kubernetes_executor.py
[2022-08-11 10:26:41,133] {processor.py:161} INFO - Processing /Users/pro/Documents/a_env/proj_data/lib/python3.7/site-packages/airflow/example_dags/example_kubernetes_executor.py took 0.065 seconds
[2022-08-11 10:27:26,422] {processor.py:153} INFO - Started process (PID=52688) to work on /Users/pro/Documents/a_env/proj_data/lib/python3.7/site-packages/airflow/example_dags/example_kubernetes_executor.py
[2022-08-11 10:27:26,424] {processor.py:641} INFO - Processing file /Users/pro/Documents/a_env/proj_data/lib/python3.7/site-packages/airflow/example_dags/example_kubernetes_executor.py for tasks to queue
[2022-08-11 10:27:26,425] {logging_mixin.py:115} INFO - [2022-08-11 10:27:26,425] {dagbag.py:508} INFO - Filling up the DagBag from /Users/pro/Documents/a_env/proj_data/lib/python3.7/site-packages/airflow/example_dags/example_kubernetes_executor.py
[2022-08-11 10:27:26,448] {logging_mixin.py:115} INFO - [2022-08-11 10:27:26,447] {example_kubernetes_executor.py:40} WARNING - The example_kubernetes_executor example DAG requires the kubernetes provider. Please install it with: pip install apache-airflow[cncf.kubernetes]
[2022-08-11 10:27:26,448] {processor.py:653} WARNING - No viable dags retrieved from /Users/pro/Documents/a_env/proj_data/lib/python3.7/site-packages/airflow/example_dags/example_kubernetes_executor.py
[2022-08-11 10:27:26,464] {processor.py:161} INFO - Processing /Users/pro/Documents/a_env/proj_data/lib/python3.7/site-packages/airflow/example_dags/example_kubernetes_executor.py took 0.047 seconds
[2022-08-11 10:28:19,171] {processor.py:153} INFO - Started process (PID=52754) to work on /Users/pro/Documents/a_env/proj_data/lib/python3.7/site-packages/airflow/example_dags/example_kubernetes_executor.py
[2022-08-11 10:28:19,172] {processor.py:641} INFO - Processing file /Users/pro/Documents/a_env/proj_data/lib/python3.7/site-packages/airflow/example_dags/example_kubernetes_executor.py for tasks to queue
[2022-08-11 10:28:19,174] {logging_mixin.py:115} INFO - [2022-08-11 10:28:19,173] {dagbag.py:508} INFO - Filling up the DagBag from /Users/pro/Documents/a_env/proj_data/lib/python3.7/site-packages/airflow/example_dags/example_kubernetes_executor.py
[2022-08-11 10:28:19,200] {logging_mixin.py:115} INFO - [2022-08-11 10:28:19,200] {example_kubernetes_executor.py:40} WARNING - The example_kubernetes_executor example DAG requires the kubernetes provider. Please install it with: pip install apache-airflow[cncf.kubernetes]
[2022-08-11 10:28:19,200] {processor.py:653} WARNING - No viable dags retrieved from /Users/pro/Documents/a_env/proj_data/lib/python3.7/site-packages/airflow/example_dags/example_kubernetes_executor.py
[2022-08-11 10:28:19,237] {processor.py:161} INFO - Processing /Users/pro/Documents/a_env/proj_data/lib/python3.7/site-packages/airflow/example_dags/example_kubernetes_executor.py took 0.073 seconds
