[2022-08-11 08:02:14,136] {processor.py:153} INFO - Started process (PID=50695) to work on /Users/pro/Documents/a_env/proj_data/lib/python3.7/site-packages/airflow/example_dags/tutorial_etl_dag.py
[2022-08-11 08:02:14,138] {processor.py:641} INFO - Processing file /Users/pro/Documents/a_env/proj_data/lib/python3.7/site-packages/airflow/example_dags/tutorial_etl_dag.py for tasks to queue
[2022-08-11 08:02:14,139] {logging_mixin.py:115} INFO - [2022-08-11 08:02:14,139] {dagbag.py:508} INFO - Filling up the DagBag from /Users/pro/Documents/a_env/proj_data/lib/python3.7/site-packages/airflow/example_dags/tutorial_etl_dag.py
[2022-08-11 08:02:14,155] {processor.py:651} INFO - DAG(s) dict_keys(['tutorial_etl_dag']) retrieved from /Users/pro/Documents/a_env/proj_data/lib/python3.7/site-packages/airflow/example_dags/tutorial_etl_dag.py
[2022-08-11 08:02:14,181] {logging_mixin.py:115} INFO - [2022-08-11 08:02:14,180] {dag.py:2420} INFO - Sync 1 DAGs
[2022-08-11 08:02:14,209] {logging_mixin.py:115} INFO - [2022-08-11 08:02:14,208] {dag.py:2972} INFO - Setting next_dagrun for tutorial_etl_dag to None, run_after=None
[2022-08-11 08:02:14,227] {processor.py:161} INFO - Processing /Users/pro/Documents/a_env/proj_data/lib/python3.7/site-packages/airflow/example_dags/tutorial_etl_dag.py took 0.097 seconds
[2022-08-11 08:31:35,048] {processor.py:153} INFO - Started process (PID=50771) to work on /Users/pro/Documents/a_env/proj_data/lib/python3.7/site-packages/airflow/example_dags/tutorial_etl_dag.py
[2022-08-11 08:31:35,049] {processor.py:641} INFO - Processing file /Users/pro/Documents/a_env/proj_data/lib/python3.7/site-packages/airflow/example_dags/tutorial_etl_dag.py for tasks to queue
[2022-08-11 08:31:35,050] {logging_mixin.py:115} INFO - [2022-08-11 08:31:35,049] {dagbag.py:508} INFO - Filling up the DagBag from /Users/pro/Documents/a_env/proj_data/lib/python3.7/site-packages/airflow/example_dags/tutorial_etl_dag.py
[2022-08-11 08:31:35,060] {processor.py:651} INFO - DAG(s) dict_keys(['tutorial_etl_dag']) retrieved from /Users/pro/Documents/a_env/proj_data/lib/python3.7/site-packages/airflow/example_dags/tutorial_etl_dag.py
[2022-08-11 08:31:35,077] {logging_mixin.py:115} INFO - [2022-08-11 08:31:35,077] {dag.py:2420} INFO - Sync 1 DAGs
[2022-08-11 08:31:35,096] {logging_mixin.py:115} INFO - [2022-08-11 08:31:35,096] {dag.py:2972} INFO - Setting next_dagrun for tutorial_etl_dag to None, run_after=None
[2022-08-11 08:31:35,108] {processor.py:161} INFO - Processing /Users/pro/Documents/a_env/proj_data/lib/python3.7/site-packages/airflow/example_dags/tutorial_etl_dag.py took 0.064 seconds
[2022-08-11 09:16:45,259] {processor.py:153} INFO - Started process (PID=50844) to work on /Users/pro/Documents/a_env/proj_data/lib/python3.7/site-packages/airflow/example_dags/tutorial_etl_dag.py
[2022-08-11 09:16:45,260] {processor.py:641} INFO - Processing file /Users/pro/Documents/a_env/proj_data/lib/python3.7/site-packages/airflow/example_dags/tutorial_etl_dag.py for tasks to queue
[2022-08-11 09:16:45,261] {logging_mixin.py:115} INFO - [2022-08-11 09:16:45,261] {dagbag.py:508} INFO - Filling up the DagBag from /Users/pro/Documents/a_env/proj_data/lib/python3.7/site-packages/airflow/example_dags/tutorial_etl_dag.py
[2022-08-11 09:16:45,270] {processor.py:651} INFO - DAG(s) dict_keys(['tutorial_etl_dag']) retrieved from /Users/pro/Documents/a_env/proj_data/lib/python3.7/site-packages/airflow/example_dags/tutorial_etl_dag.py
[2022-08-11 09:16:45,291] {logging_mixin.py:115} INFO - [2022-08-11 09:16:45,291] {dag.py:2420} INFO - Sync 1 DAGs
[2022-08-11 09:16:45,309] {logging_mixin.py:115} INFO - [2022-08-11 09:16:45,308] {dag.py:2972} INFO - Setting next_dagrun for tutorial_etl_dag to None, run_after=None
[2022-08-11 09:16:45,320] {processor.py:161} INFO - Processing /Users/pro/Documents/a_env/proj_data/lib/python3.7/site-packages/airflow/example_dags/tutorial_etl_dag.py took 0.065 seconds
[2022-08-11 09:45:56,343] {processor.py:153} INFO - Started process (PID=50928) to work on /Users/pro/Documents/a_env/proj_data/lib/python3.7/site-packages/airflow/example_dags/tutorial_etl_dag.py
[2022-08-11 09:45:56,345] {processor.py:641} INFO - Processing file /Users/pro/Documents/a_env/proj_data/lib/python3.7/site-packages/airflow/example_dags/tutorial_etl_dag.py for tasks to queue
[2022-08-11 09:45:56,346] {logging_mixin.py:115} INFO - [2022-08-11 09:45:56,345] {dagbag.py:508} INFO - Filling up the DagBag from /Users/pro/Documents/a_env/proj_data/lib/python3.7/site-packages/airflow/example_dags/tutorial_etl_dag.py
[2022-08-11 09:45:56,357] {processor.py:651} INFO - DAG(s) dict_keys(['tutorial_etl_dag']) retrieved from /Users/pro/Documents/a_env/proj_data/lib/python3.7/site-packages/airflow/example_dags/tutorial_etl_dag.py
[2022-08-11 09:45:56,377] {logging_mixin.py:115} INFO - [2022-08-11 09:45:56,377] {dag.py:2420} INFO - Sync 1 DAGs
[2022-08-11 09:45:56,397] {logging_mixin.py:115} INFO - [2022-08-11 09:45:56,396] {dag.py:2972} INFO - Setting next_dagrun for tutorial_etl_dag to None, run_after=None
[2022-08-11 09:45:56,409] {processor.py:161} INFO - Processing /Users/pro/Documents/a_env/proj_data/lib/python3.7/site-packages/airflow/example_dags/tutorial_etl_dag.py took 0.070 seconds
[2022-08-11 09:46:32,655] {processor.py:153} INFO - Started process (PID=50971) to work on /Users/pro/Documents/a_env/proj_data/lib/python3.7/site-packages/airflow/example_dags/tutorial_etl_dag.py
[2022-08-11 09:46:32,656] {processor.py:641} INFO - Processing file /Users/pro/Documents/a_env/proj_data/lib/python3.7/site-packages/airflow/example_dags/tutorial_etl_dag.py for tasks to queue
[2022-08-11 09:46:32,657] {logging_mixin.py:115} INFO - [2022-08-11 09:46:32,657] {dagbag.py:508} INFO - Filling up the DagBag from /Users/pro/Documents/a_env/proj_data/lib/python3.7/site-packages/airflow/example_dags/tutorial_etl_dag.py
[2022-08-11 09:46:32,668] {processor.py:651} INFO - DAG(s) dict_keys(['tutorial_etl_dag']) retrieved from /Users/pro/Documents/a_env/proj_data/lib/python3.7/site-packages/airflow/example_dags/tutorial_etl_dag.py
[2022-08-11 09:46:32,687] {logging_mixin.py:115} INFO - [2022-08-11 09:46:32,687] {dag.py:2420} INFO - Sync 1 DAGs
[2022-08-11 09:46:32,706] {logging_mixin.py:115} INFO - [2022-08-11 09:46:32,705] {dag.py:2972} INFO - Setting next_dagrun for tutorial_etl_dag to None, run_after=None
[2022-08-11 09:46:32,719] {processor.py:161} INFO - Processing /Users/pro/Documents/a_env/proj_data/lib/python3.7/site-packages/airflow/example_dags/tutorial_etl_dag.py took 0.068 seconds
[2022-08-11 09:47:05,819] {processor.py:153} INFO - Started process (PID=51008) to work on /Users/pro/Documents/a_env/proj_data/lib/python3.7/site-packages/airflow/example_dags/tutorial_etl_dag.py
[2022-08-11 09:47:05,821] {processor.py:641} INFO - Processing file /Users/pro/Documents/a_env/proj_data/lib/python3.7/site-packages/airflow/example_dags/tutorial_etl_dag.py for tasks to queue
[2022-08-11 09:47:05,822] {logging_mixin.py:115} INFO - [2022-08-11 09:47:05,821] {dagbag.py:508} INFO - Filling up the DagBag from /Users/pro/Documents/a_env/proj_data/lib/python3.7/site-packages/airflow/example_dags/tutorial_etl_dag.py
[2022-08-11 09:47:05,833] {processor.py:651} INFO - DAG(s) dict_keys(['tutorial_etl_dag']) retrieved from /Users/pro/Documents/a_env/proj_data/lib/python3.7/site-packages/airflow/example_dags/tutorial_etl_dag.py
[2022-08-11 09:47:05,851] {logging_mixin.py:115} INFO - [2022-08-11 09:47:05,851] {dag.py:2420} INFO - Sync 1 DAGs
[2022-08-11 09:47:05,869] {logging_mixin.py:115} INFO - [2022-08-11 09:47:05,869] {dag.py:2972} INFO - Setting next_dagrun for tutorial_etl_dag to None, run_after=None
[2022-08-11 09:47:05,882] {processor.py:161} INFO - Processing /Users/pro/Documents/a_env/proj_data/lib/python3.7/site-packages/airflow/example_dags/tutorial_etl_dag.py took 0.067 seconds
[2022-08-11 09:47:41,256] {processor.py:153} INFO - Started process (PID=51046) to work on /Users/pro/Documents/a_env/proj_data/lib/python3.7/site-packages/airflow/example_dags/tutorial_etl_dag.py
[2022-08-11 09:47:41,257] {processor.py:641} INFO - Processing file /Users/pro/Documents/a_env/proj_data/lib/python3.7/site-packages/airflow/example_dags/tutorial_etl_dag.py for tasks to queue
[2022-08-11 09:47:41,258] {logging_mixin.py:115} INFO - [2022-08-11 09:47:41,258] {dagbag.py:508} INFO - Filling up the DagBag from /Users/pro/Documents/a_env/proj_data/lib/python3.7/site-packages/airflow/example_dags/tutorial_etl_dag.py
[2022-08-11 09:47:41,268] {processor.py:651} INFO - DAG(s) dict_keys(['tutorial_etl_dag']) retrieved from /Users/pro/Documents/a_env/proj_data/lib/python3.7/site-packages/airflow/example_dags/tutorial_etl_dag.py
[2022-08-11 09:47:41,286] {logging_mixin.py:115} INFO - [2022-08-11 09:47:41,286] {dag.py:2420} INFO - Sync 1 DAGs
[2022-08-11 09:47:41,304] {logging_mixin.py:115} INFO - [2022-08-11 09:47:41,304] {dag.py:2972} INFO - Setting next_dagrun for tutorial_etl_dag to None, run_after=None
[2022-08-11 09:47:41,318] {processor.py:161} INFO - Processing /Users/pro/Documents/a_env/proj_data/lib/python3.7/site-packages/airflow/example_dags/tutorial_etl_dag.py took 0.066 seconds
[2022-08-11 09:48:12,669] {processor.py:153} INFO - Started process (PID=51084) to work on /Users/pro/Documents/a_env/proj_data/lib/python3.7/site-packages/airflow/example_dags/tutorial_etl_dag.py
[2022-08-11 09:48:12,670] {processor.py:641} INFO - Processing file /Users/pro/Documents/a_env/proj_data/lib/python3.7/site-packages/airflow/example_dags/tutorial_etl_dag.py for tasks to queue
[2022-08-11 09:48:12,671] {logging_mixin.py:115} INFO - [2022-08-11 09:48:12,670] {dagbag.py:508} INFO - Filling up the DagBag from /Users/pro/Documents/a_env/proj_data/lib/python3.7/site-packages/airflow/example_dags/tutorial_etl_dag.py
[2022-08-11 09:48:12,681] {processor.py:651} INFO - DAG(s) dict_keys(['tutorial_etl_dag']) retrieved from /Users/pro/Documents/a_env/proj_data/lib/python3.7/site-packages/airflow/example_dags/tutorial_etl_dag.py
[2022-08-11 09:48:12,701] {logging_mixin.py:115} INFO - [2022-08-11 09:48:12,701] {dag.py:2420} INFO - Sync 1 DAGs
[2022-08-11 09:48:12,721] {logging_mixin.py:115} INFO - [2022-08-11 09:48:12,720] {dag.py:2972} INFO - Setting next_dagrun for tutorial_etl_dag to None, run_after=None
[2022-08-11 09:48:12,734] {processor.py:161} INFO - Processing /Users/pro/Documents/a_env/proj_data/lib/python3.7/site-packages/airflow/example_dags/tutorial_etl_dag.py took 0.069 seconds
[2022-08-11 09:48:45,221] {processor.py:153} INFO - Started process (PID=51118) to work on /Users/pro/Documents/a_env/proj_data/lib/python3.7/site-packages/airflow/example_dags/tutorial_etl_dag.py
[2022-08-11 09:48:45,222] {processor.py:641} INFO - Processing file /Users/pro/Documents/a_env/proj_data/lib/python3.7/site-packages/airflow/example_dags/tutorial_etl_dag.py for tasks to queue
[2022-08-11 09:48:45,222] {logging_mixin.py:115} INFO - [2022-08-11 09:48:45,222] {dagbag.py:508} INFO - Filling up the DagBag from /Users/pro/Documents/a_env/proj_data/lib/python3.7/site-packages/airflow/example_dags/tutorial_etl_dag.py
[2022-08-11 09:48:45,233] {processor.py:651} INFO - DAG(s) dict_keys(['tutorial_etl_dag']) retrieved from /Users/pro/Documents/a_env/proj_data/lib/python3.7/site-packages/airflow/example_dags/tutorial_etl_dag.py
[2022-08-11 09:48:45,255] {logging_mixin.py:115} INFO - [2022-08-11 09:48:45,255] {dag.py:2420} INFO - Sync 1 DAGs
[2022-08-11 09:48:45,273] {logging_mixin.py:115} INFO - [2022-08-11 09:48:45,273] {dag.py:2972} INFO - Setting next_dagrun for tutorial_etl_dag to None, run_after=None
[2022-08-11 09:48:45,286] {processor.py:161} INFO - Processing /Users/pro/Documents/a_env/proj_data/lib/python3.7/site-packages/airflow/example_dags/tutorial_etl_dag.py took 0.069 seconds
[2022-08-11 09:49:17,633] {processor.py:153} INFO - Started process (PID=51152) to work on /Users/pro/Documents/a_env/proj_data/lib/python3.7/site-packages/airflow/example_dags/tutorial_etl_dag.py
[2022-08-11 09:49:17,634] {processor.py:641} INFO - Processing file /Users/pro/Documents/a_env/proj_data/lib/python3.7/site-packages/airflow/example_dags/tutorial_etl_dag.py for tasks to queue
[2022-08-11 09:49:17,635] {logging_mixin.py:115} INFO - [2022-08-11 09:49:17,635] {dagbag.py:508} INFO - Filling up the DagBag from /Users/pro/Documents/a_env/proj_data/lib/python3.7/site-packages/airflow/example_dags/tutorial_etl_dag.py
[2022-08-11 09:49:17,646] {processor.py:651} INFO - DAG(s) dict_keys(['tutorial_etl_dag']) retrieved from /Users/pro/Documents/a_env/proj_data/lib/python3.7/site-packages/airflow/example_dags/tutorial_etl_dag.py
[2022-08-11 09:49:17,666] {logging_mixin.py:115} INFO - [2022-08-11 09:49:17,666] {dag.py:2420} INFO - Sync 1 DAGs
[2022-08-11 09:49:17,684] {logging_mixin.py:115} INFO - [2022-08-11 09:49:17,684] {dag.py:2972} INFO - Setting next_dagrun for tutorial_etl_dag to None, run_after=None
[2022-08-11 09:49:17,699] {processor.py:161} INFO - Processing /Users/pro/Documents/a_env/proj_data/lib/python3.7/site-packages/airflow/example_dags/tutorial_etl_dag.py took 0.070 seconds
[2022-08-11 09:49:53,650] {processor.py:153} INFO - Started process (PID=51187) to work on /Users/pro/Documents/a_env/proj_data/lib/python3.7/site-packages/airflow/example_dags/tutorial_etl_dag.py
[2022-08-11 09:49:53,652] {processor.py:641} INFO - Processing file /Users/pro/Documents/a_env/proj_data/lib/python3.7/site-packages/airflow/example_dags/tutorial_etl_dag.py for tasks to queue
[2022-08-11 09:49:53,654] {logging_mixin.py:115} INFO - [2022-08-11 09:49:53,653] {dagbag.py:508} INFO - Filling up the DagBag from /Users/pro/Documents/a_env/proj_data/lib/python3.7/site-packages/airflow/example_dags/tutorial_etl_dag.py
[2022-08-11 09:49:53,665] {processor.py:651} INFO - DAG(s) dict_keys(['tutorial_etl_dag']) retrieved from /Users/pro/Documents/a_env/proj_data/lib/python3.7/site-packages/airflow/example_dags/tutorial_etl_dag.py
[2022-08-11 09:49:53,682] {logging_mixin.py:115} INFO - [2022-08-11 09:49:53,682] {dag.py:2420} INFO - Sync 1 DAGs
[2022-08-11 09:49:53,700] {logging_mixin.py:115} INFO - [2022-08-11 09:49:53,699] {dag.py:2972} INFO - Setting next_dagrun for tutorial_etl_dag to None, run_after=None
[2022-08-11 09:49:53,711] {processor.py:161} INFO - Processing /Users/pro/Documents/a_env/proj_data/lib/python3.7/site-packages/airflow/example_dags/tutorial_etl_dag.py took 0.065 seconds
[2022-08-11 09:50:26,559] {processor.py:153} INFO - Started process (PID=51223) to work on /Users/pro/Documents/a_env/proj_data/lib/python3.7/site-packages/airflow/example_dags/tutorial_etl_dag.py
[2022-08-11 09:50:26,560] {processor.py:641} INFO - Processing file /Users/pro/Documents/a_env/proj_data/lib/python3.7/site-packages/airflow/example_dags/tutorial_etl_dag.py for tasks to queue
[2022-08-11 09:50:26,561] {logging_mixin.py:115} INFO - [2022-08-11 09:50:26,561] {dagbag.py:508} INFO - Filling up the DagBag from /Users/pro/Documents/a_env/proj_data/lib/python3.7/site-packages/airflow/example_dags/tutorial_etl_dag.py
[2022-08-11 09:50:26,570] {processor.py:651} INFO - DAG(s) dict_keys(['tutorial_etl_dag']) retrieved from /Users/pro/Documents/a_env/proj_data/lib/python3.7/site-packages/airflow/example_dags/tutorial_etl_dag.py
[2022-08-11 09:50:26,591] {logging_mixin.py:115} INFO - [2022-08-11 09:50:26,591] {dag.py:2420} INFO - Sync 1 DAGs
[2022-08-11 09:50:26,609] {logging_mixin.py:115} INFO - [2022-08-11 09:50:26,609] {dag.py:2972} INFO - Setting next_dagrun for tutorial_etl_dag to None, run_after=None
[2022-08-11 09:50:26,622] {processor.py:161} INFO - Processing /Users/pro/Documents/a_env/proj_data/lib/python3.7/site-packages/airflow/example_dags/tutorial_etl_dag.py took 0.067 seconds
[2022-08-11 09:50:59,881] {processor.py:153} INFO - Started process (PID=51257) to work on /Users/pro/Documents/a_env/proj_data/lib/python3.7/site-packages/airflow/example_dags/tutorial_etl_dag.py
[2022-08-11 09:50:59,882] {processor.py:641} INFO - Processing file /Users/pro/Documents/a_env/proj_data/lib/python3.7/site-packages/airflow/example_dags/tutorial_etl_dag.py for tasks to queue
[2022-08-11 09:50:59,883] {logging_mixin.py:115} INFO - [2022-08-11 09:50:59,883] {dagbag.py:508} INFO - Filling up the DagBag from /Users/pro/Documents/a_env/proj_data/lib/python3.7/site-packages/airflow/example_dags/tutorial_etl_dag.py
[2022-08-11 09:50:59,895] {processor.py:651} INFO - DAG(s) dict_keys(['tutorial_etl_dag']) retrieved from /Users/pro/Documents/a_env/proj_data/lib/python3.7/site-packages/airflow/example_dags/tutorial_etl_dag.py
[2022-08-11 09:50:59,915] {logging_mixin.py:115} INFO - [2022-08-11 09:50:59,915] {dag.py:2420} INFO - Sync 1 DAGs
[2022-08-11 09:50:59,934] {logging_mixin.py:115} INFO - [2022-08-11 09:50:59,934] {dag.py:2972} INFO - Setting next_dagrun for tutorial_etl_dag to None, run_after=None
[2022-08-11 09:50:59,946] {processor.py:161} INFO - Processing /Users/pro/Documents/a_env/proj_data/lib/python3.7/site-packages/airflow/example_dags/tutorial_etl_dag.py took 0.070 seconds
[2022-08-11 09:51:33,476] {processor.py:153} INFO - Started process (PID=51294) to work on /Users/pro/Documents/a_env/proj_data/lib/python3.7/site-packages/airflow/example_dags/tutorial_etl_dag.py
[2022-08-11 09:51:33,477] {processor.py:641} INFO - Processing file /Users/pro/Documents/a_env/proj_data/lib/python3.7/site-packages/airflow/example_dags/tutorial_etl_dag.py for tasks to queue
[2022-08-11 09:51:33,478] {logging_mixin.py:115} INFO - [2022-08-11 09:51:33,478] {dagbag.py:508} INFO - Filling up the DagBag from /Users/pro/Documents/a_env/proj_data/lib/python3.7/site-packages/airflow/example_dags/tutorial_etl_dag.py
[2022-08-11 09:51:33,490] {processor.py:651} INFO - DAG(s) dict_keys(['tutorial_etl_dag']) retrieved from /Users/pro/Documents/a_env/proj_data/lib/python3.7/site-packages/airflow/example_dags/tutorial_etl_dag.py
[2022-08-11 09:51:33,511] {logging_mixin.py:115} INFO - [2022-08-11 09:51:33,510] {dag.py:2420} INFO - Sync 1 DAGs
[2022-08-11 09:51:33,548] {logging_mixin.py:115} INFO - [2022-08-11 09:51:33,548] {dag.py:2972} INFO - Setting next_dagrun for tutorial_etl_dag to None, run_after=None
[2022-08-11 09:51:33,601] {processor.py:161} INFO - Processing /Users/pro/Documents/a_env/proj_data/lib/python3.7/site-packages/airflow/example_dags/tutorial_etl_dag.py took 0.130 seconds
[2022-08-11 09:52:05,596] {processor.py:153} INFO - Started process (PID=51339) to work on /Users/pro/Documents/a_env/proj_data/lib/python3.7/site-packages/airflow/example_dags/tutorial_etl_dag.py
[2022-08-11 09:52:05,597] {processor.py:641} INFO - Processing file /Users/pro/Documents/a_env/proj_data/lib/python3.7/site-packages/airflow/example_dags/tutorial_etl_dag.py for tasks to queue
[2022-08-11 09:52:05,598] {logging_mixin.py:115} INFO - [2022-08-11 09:52:05,598] {dagbag.py:508} INFO - Filling up the DagBag from /Users/pro/Documents/a_env/proj_data/lib/python3.7/site-packages/airflow/example_dags/tutorial_etl_dag.py
[2022-08-11 09:52:05,610] {processor.py:651} INFO - DAG(s) dict_keys(['tutorial_etl_dag']) retrieved from /Users/pro/Documents/a_env/proj_data/lib/python3.7/site-packages/airflow/example_dags/tutorial_etl_dag.py
[2022-08-11 09:52:05,628] {logging_mixin.py:115} INFO - [2022-08-11 09:52:05,627] {dag.py:2420} INFO - Sync 1 DAGs
[2022-08-11 09:52:05,647] {logging_mixin.py:115} INFO - [2022-08-11 09:52:05,646] {dag.py:2972} INFO - Setting next_dagrun for tutorial_etl_dag to None, run_after=None
[2022-08-11 09:52:05,658] {processor.py:161} INFO - Processing /Users/pro/Documents/a_env/proj_data/lib/python3.7/site-packages/airflow/example_dags/tutorial_etl_dag.py took 0.067 seconds
[2022-08-11 09:52:38,511] {processor.py:153} INFO - Started process (PID=51382) to work on /Users/pro/Documents/a_env/proj_data/lib/python3.7/site-packages/airflow/example_dags/tutorial_etl_dag.py
[2022-08-11 09:52:38,512] {processor.py:641} INFO - Processing file /Users/pro/Documents/a_env/proj_data/lib/python3.7/site-packages/airflow/example_dags/tutorial_etl_dag.py for tasks to queue
[2022-08-11 09:52:38,514] {logging_mixin.py:115} INFO - [2022-08-11 09:52:38,513] {dagbag.py:508} INFO - Filling up the DagBag from /Users/pro/Documents/a_env/proj_data/lib/python3.7/site-packages/airflow/example_dags/tutorial_etl_dag.py
[2022-08-11 09:52:38,525] {processor.py:651} INFO - DAG(s) dict_keys(['tutorial_etl_dag']) retrieved from /Users/pro/Documents/a_env/proj_data/lib/python3.7/site-packages/airflow/example_dags/tutorial_etl_dag.py
[2022-08-11 09:52:38,542] {logging_mixin.py:115} INFO - [2022-08-11 09:52:38,542] {dag.py:2420} INFO - Sync 1 DAGs
[2022-08-11 09:52:38,561] {logging_mixin.py:115} INFO - [2022-08-11 09:52:38,560] {dag.py:2972} INFO - Setting next_dagrun for tutorial_etl_dag to None, run_after=None
[2022-08-11 09:52:38,572] {processor.py:161} INFO - Processing /Users/pro/Documents/a_env/proj_data/lib/python3.7/site-packages/airflow/example_dags/tutorial_etl_dag.py took 0.065 seconds
[2022-08-11 09:53:10,967] {processor.py:153} INFO - Started process (PID=51421) to work on /Users/pro/Documents/a_env/proj_data/lib/python3.7/site-packages/airflow/example_dags/tutorial_etl_dag.py
[2022-08-11 09:53:10,968] {processor.py:641} INFO - Processing file /Users/pro/Documents/a_env/proj_data/lib/python3.7/site-packages/airflow/example_dags/tutorial_etl_dag.py for tasks to queue
[2022-08-11 09:53:10,969] {logging_mixin.py:115} INFO - [2022-08-11 09:53:10,969] {dagbag.py:508} INFO - Filling up the DagBag from /Users/pro/Documents/a_env/proj_data/lib/python3.7/site-packages/airflow/example_dags/tutorial_etl_dag.py
[2022-08-11 09:53:10,981] {processor.py:651} INFO - DAG(s) dict_keys(['tutorial_etl_dag']) retrieved from /Users/pro/Documents/a_env/proj_data/lib/python3.7/site-packages/airflow/example_dags/tutorial_etl_dag.py
[2022-08-11 09:53:10,998] {logging_mixin.py:115} INFO - [2022-08-11 09:53:10,998] {dag.py:2420} INFO - Sync 1 DAGs
[2022-08-11 09:53:11,016] {logging_mixin.py:115} INFO - [2022-08-11 09:53:11,016] {dag.py:2972} INFO - Setting next_dagrun for tutorial_etl_dag to None, run_after=None
[2022-08-11 09:53:11,029] {processor.py:161} INFO - Processing /Users/pro/Documents/a_env/proj_data/lib/python3.7/site-packages/airflow/example_dags/tutorial_etl_dag.py took 0.066 seconds
[2022-08-11 09:53:44,905] {processor.py:153} INFO - Started process (PID=51456) to work on /Users/pro/Documents/a_env/proj_data/lib/python3.7/site-packages/airflow/example_dags/tutorial_etl_dag.py
[2022-08-11 09:53:44,906] {processor.py:641} INFO - Processing file /Users/pro/Documents/a_env/proj_data/lib/python3.7/site-packages/airflow/example_dags/tutorial_etl_dag.py for tasks to queue
[2022-08-11 09:53:44,907] {logging_mixin.py:115} INFO - [2022-08-11 09:53:44,906] {dagbag.py:508} INFO - Filling up the DagBag from /Users/pro/Documents/a_env/proj_data/lib/python3.7/site-packages/airflow/example_dags/tutorial_etl_dag.py
[2022-08-11 09:53:44,917] {processor.py:651} INFO - DAG(s) dict_keys(['tutorial_etl_dag']) retrieved from /Users/pro/Documents/a_env/proj_data/lib/python3.7/site-packages/airflow/example_dags/tutorial_etl_dag.py
[2022-08-11 09:53:44,936] {logging_mixin.py:115} INFO - [2022-08-11 09:53:44,935] {dag.py:2420} INFO - Sync 1 DAGs
[2022-08-11 09:53:44,954] {logging_mixin.py:115} INFO - [2022-08-11 09:53:44,954] {dag.py:2972} INFO - Setting next_dagrun for tutorial_etl_dag to None, run_after=None
[2022-08-11 09:53:44,967] {processor.py:161} INFO - Processing /Users/pro/Documents/a_env/proj_data/lib/python3.7/site-packages/airflow/example_dags/tutorial_etl_dag.py took 0.067 seconds
[2022-08-11 09:54:17,188] {processor.py:153} INFO - Started process (PID=51489) to work on /Users/pro/Documents/a_env/proj_data/lib/python3.7/site-packages/airflow/example_dags/tutorial_etl_dag.py
[2022-08-11 09:54:17,189] {processor.py:641} INFO - Processing file /Users/pro/Documents/a_env/proj_data/lib/python3.7/site-packages/airflow/example_dags/tutorial_etl_dag.py for tasks to queue
[2022-08-11 09:54:17,190] {logging_mixin.py:115} INFO - [2022-08-11 09:54:17,190] {dagbag.py:508} INFO - Filling up the DagBag from /Users/pro/Documents/a_env/proj_data/lib/python3.7/site-packages/airflow/example_dags/tutorial_etl_dag.py
[2022-08-11 09:54:17,202] {processor.py:651} INFO - DAG(s) dict_keys(['tutorial_etl_dag']) retrieved from /Users/pro/Documents/a_env/proj_data/lib/python3.7/site-packages/airflow/example_dags/tutorial_etl_dag.py
[2022-08-11 09:54:17,222] {logging_mixin.py:115} INFO - [2022-08-11 09:54:17,222] {dag.py:2420} INFO - Sync 1 DAGs
[2022-08-11 09:54:17,242] {logging_mixin.py:115} INFO - [2022-08-11 09:54:17,241] {dag.py:2972} INFO - Setting next_dagrun for tutorial_etl_dag to None, run_after=None
[2022-08-11 09:54:17,255] {processor.py:161} INFO - Processing /Users/pro/Documents/a_env/proj_data/lib/python3.7/site-packages/airflow/example_dags/tutorial_etl_dag.py took 0.072 seconds
[2022-08-11 09:54:51,481] {processor.py:153} INFO - Started process (PID=51524) to work on /Users/pro/Documents/a_env/proj_data/lib/python3.7/site-packages/airflow/example_dags/tutorial_etl_dag.py
[2022-08-11 09:54:51,483] {processor.py:641} INFO - Processing file /Users/pro/Documents/a_env/proj_data/lib/python3.7/site-packages/airflow/example_dags/tutorial_etl_dag.py for tasks to queue
[2022-08-11 09:54:51,485] {logging_mixin.py:115} INFO - [2022-08-11 09:54:51,484] {dagbag.py:508} INFO - Filling up the DagBag from /Users/pro/Documents/a_env/proj_data/lib/python3.7/site-packages/airflow/example_dags/tutorial_etl_dag.py
[2022-08-11 09:54:51,497] {processor.py:651} INFO - DAG(s) dict_keys(['tutorial_etl_dag']) retrieved from /Users/pro/Documents/a_env/proj_data/lib/python3.7/site-packages/airflow/example_dags/tutorial_etl_dag.py
[2022-08-11 09:54:51,518] {logging_mixin.py:115} INFO - [2022-08-11 09:54:51,518] {dag.py:2420} INFO - Sync 1 DAGs
[2022-08-11 09:54:51,537] {logging_mixin.py:115} INFO - [2022-08-11 09:54:51,537] {dag.py:2972} INFO - Setting next_dagrun for tutorial_etl_dag to None, run_after=None
[2022-08-11 09:54:51,554] {processor.py:161} INFO - Processing /Users/pro/Documents/a_env/proj_data/lib/python3.7/site-packages/airflow/example_dags/tutorial_etl_dag.py took 0.078 seconds
[2022-08-11 09:55:25,541] {processor.py:153} INFO - Started process (PID=51559) to work on /Users/pro/Documents/a_env/proj_data/lib/python3.7/site-packages/airflow/example_dags/tutorial_etl_dag.py
[2022-08-11 09:55:25,542] {processor.py:641} INFO - Processing file /Users/pro/Documents/a_env/proj_data/lib/python3.7/site-packages/airflow/example_dags/tutorial_etl_dag.py for tasks to queue
[2022-08-11 09:55:25,543] {logging_mixin.py:115} INFO - [2022-08-11 09:55:25,543] {dagbag.py:508} INFO - Filling up the DagBag from /Users/pro/Documents/a_env/proj_data/lib/python3.7/site-packages/airflow/example_dags/tutorial_etl_dag.py
[2022-08-11 09:55:25,555] {processor.py:651} INFO - DAG(s) dict_keys(['tutorial_etl_dag']) retrieved from /Users/pro/Documents/a_env/proj_data/lib/python3.7/site-packages/airflow/example_dags/tutorial_etl_dag.py
[2022-08-11 09:55:25,575] {logging_mixin.py:115} INFO - [2022-08-11 09:55:25,575] {dag.py:2420} INFO - Sync 1 DAGs
[2022-08-11 09:55:25,595] {logging_mixin.py:115} INFO - [2022-08-11 09:55:25,595] {dag.py:2972} INFO - Setting next_dagrun for tutorial_etl_dag to None, run_after=None
[2022-08-11 09:55:25,609] {processor.py:161} INFO - Processing /Users/pro/Documents/a_env/proj_data/lib/python3.7/site-packages/airflow/example_dags/tutorial_etl_dag.py took 0.073 seconds
[2022-08-11 09:56:00,038] {processor.py:153} INFO - Started process (PID=51594) to work on /Users/pro/Documents/a_env/proj_data/lib/python3.7/site-packages/airflow/example_dags/tutorial_etl_dag.py
[2022-08-11 09:56:00,040] {processor.py:641} INFO - Processing file /Users/pro/Documents/a_env/proj_data/lib/python3.7/site-packages/airflow/example_dags/tutorial_etl_dag.py for tasks to queue
[2022-08-11 09:56:00,041] {logging_mixin.py:115} INFO - [2022-08-11 09:56:00,041] {dagbag.py:508} INFO - Filling up the DagBag from /Users/pro/Documents/a_env/proj_data/lib/python3.7/site-packages/airflow/example_dags/tutorial_etl_dag.py
[2022-08-11 09:56:00,052] {processor.py:651} INFO - DAG(s) dict_keys(['tutorial_etl_dag']) retrieved from /Users/pro/Documents/a_env/proj_data/lib/python3.7/site-packages/airflow/example_dags/tutorial_etl_dag.py
[2022-08-11 09:56:00,072] {logging_mixin.py:115} INFO - [2022-08-11 09:56:00,072] {dag.py:2420} INFO - Sync 1 DAGs
[2022-08-11 09:56:00,091] {logging_mixin.py:115} INFO - [2022-08-11 09:56:00,091] {dag.py:2972} INFO - Setting next_dagrun for tutorial_etl_dag to None, run_after=None
[2022-08-11 09:56:00,104] {processor.py:161} INFO - Processing /Users/pro/Documents/a_env/proj_data/lib/python3.7/site-packages/airflow/example_dags/tutorial_etl_dag.py took 0.071 seconds
[2022-08-11 09:56:35,998] {processor.py:153} INFO - Started process (PID=51629) to work on /Users/pro/Documents/a_env/proj_data/lib/python3.7/site-packages/airflow/example_dags/tutorial_etl_dag.py
[2022-08-11 09:56:35,999] {processor.py:641} INFO - Processing file /Users/pro/Documents/a_env/proj_data/lib/python3.7/site-packages/airflow/example_dags/tutorial_etl_dag.py for tasks to queue
[2022-08-11 09:56:36,000] {logging_mixin.py:115} INFO - [2022-08-11 09:56:36,000] {dagbag.py:508} INFO - Filling up the DagBag from /Users/pro/Documents/a_env/proj_data/lib/python3.7/site-packages/airflow/example_dags/tutorial_etl_dag.py
[2022-08-11 09:56:36,011] {processor.py:651} INFO - DAG(s) dict_keys(['tutorial_etl_dag']) retrieved from /Users/pro/Documents/a_env/proj_data/lib/python3.7/site-packages/airflow/example_dags/tutorial_etl_dag.py
[2022-08-11 09:56:36,032] {logging_mixin.py:115} INFO - [2022-08-11 09:56:36,032] {dag.py:2420} INFO - Sync 1 DAGs
[2022-08-11 09:56:36,051] {logging_mixin.py:115} INFO - [2022-08-11 09:56:36,051] {dag.py:2972} INFO - Setting next_dagrun for tutorial_etl_dag to None, run_after=None
[2022-08-11 09:56:36,063] {processor.py:161} INFO - Processing /Users/pro/Documents/a_env/proj_data/lib/python3.7/site-packages/airflow/example_dags/tutorial_etl_dag.py took 0.070 seconds
[2022-08-11 09:57:08,898] {processor.py:153} INFO - Started process (PID=51666) to work on /Users/pro/Documents/a_env/proj_data/lib/python3.7/site-packages/airflow/example_dags/tutorial_etl_dag.py
[2022-08-11 09:57:08,901] {processor.py:641} INFO - Processing file /Users/pro/Documents/a_env/proj_data/lib/python3.7/site-packages/airflow/example_dags/tutorial_etl_dag.py for tasks to queue
[2022-08-11 09:57:08,903] {logging_mixin.py:115} INFO - [2022-08-11 09:57:08,902] {dagbag.py:508} INFO - Filling up the DagBag from /Users/pro/Documents/a_env/proj_data/lib/python3.7/site-packages/airflow/example_dags/tutorial_etl_dag.py
[2022-08-11 09:57:08,916] {processor.py:651} INFO - DAG(s) dict_keys(['tutorial_etl_dag']) retrieved from /Users/pro/Documents/a_env/proj_data/lib/python3.7/site-packages/airflow/example_dags/tutorial_etl_dag.py
[2022-08-11 09:57:08,935] {logging_mixin.py:115} INFO - [2022-08-11 09:57:08,935] {dag.py:2420} INFO - Sync 1 DAGs
[2022-08-11 09:57:08,954] {logging_mixin.py:115} INFO - [2022-08-11 09:57:08,954] {dag.py:2972} INFO - Setting next_dagrun for tutorial_etl_dag to None, run_after=None
[2022-08-11 09:57:08,969] {processor.py:161} INFO - Processing /Users/pro/Documents/a_env/proj_data/lib/python3.7/site-packages/airflow/example_dags/tutorial_etl_dag.py took 0.076 seconds
[2022-08-11 09:57:44,061] {processor.py:153} INFO - Started process (PID=51705) to work on /Users/pro/Documents/a_env/proj_data/lib/python3.7/site-packages/airflow/example_dags/tutorial_etl_dag.py
[2022-08-11 09:57:44,062] {processor.py:641} INFO - Processing file /Users/pro/Documents/a_env/proj_data/lib/python3.7/site-packages/airflow/example_dags/tutorial_etl_dag.py for tasks to queue
[2022-08-11 09:57:44,063] {logging_mixin.py:115} INFO - [2022-08-11 09:57:44,063] {dagbag.py:508} INFO - Filling up the DagBag from /Users/pro/Documents/a_env/proj_data/lib/python3.7/site-packages/airflow/example_dags/tutorial_etl_dag.py
[2022-08-11 09:57:44,073] {processor.py:651} INFO - DAG(s) dict_keys(['tutorial_etl_dag']) retrieved from /Users/pro/Documents/a_env/proj_data/lib/python3.7/site-packages/airflow/example_dags/tutorial_etl_dag.py
[2022-08-11 09:57:44,092] {logging_mixin.py:115} INFO - [2022-08-11 09:57:44,092] {dag.py:2420} INFO - Sync 1 DAGs
[2022-08-11 09:57:44,111] {logging_mixin.py:115} INFO - [2022-08-11 09:57:44,111] {dag.py:2972} INFO - Setting next_dagrun for tutorial_etl_dag to None, run_after=None
[2022-08-11 09:57:44,124] {processor.py:161} INFO - Processing /Users/pro/Documents/a_env/proj_data/lib/python3.7/site-packages/airflow/example_dags/tutorial_etl_dag.py took 0.068 seconds
[2022-08-11 09:58:18,909] {processor.py:153} INFO - Started process (PID=51740) to work on /Users/pro/Documents/a_env/proj_data/lib/python3.7/site-packages/airflow/example_dags/tutorial_etl_dag.py
[2022-08-11 09:58:18,910] {processor.py:641} INFO - Processing file /Users/pro/Documents/a_env/proj_data/lib/python3.7/site-packages/airflow/example_dags/tutorial_etl_dag.py for tasks to queue
[2022-08-11 09:58:18,911] {logging_mixin.py:115} INFO - [2022-08-11 09:58:18,911] {dagbag.py:508} INFO - Filling up the DagBag from /Users/pro/Documents/a_env/proj_data/lib/python3.7/site-packages/airflow/example_dags/tutorial_etl_dag.py
[2022-08-11 09:58:18,921] {processor.py:651} INFO - DAG(s) dict_keys(['tutorial_etl_dag']) retrieved from /Users/pro/Documents/a_env/proj_data/lib/python3.7/site-packages/airflow/example_dags/tutorial_etl_dag.py
[2022-08-11 09:58:18,942] {logging_mixin.py:115} INFO - [2022-08-11 09:58:18,942] {dag.py:2420} INFO - Sync 1 DAGs
[2022-08-11 09:58:18,961] {logging_mixin.py:115} INFO - [2022-08-11 09:58:18,961] {dag.py:2972} INFO - Setting next_dagrun for tutorial_etl_dag to None, run_after=None
[2022-08-11 09:58:18,977] {processor.py:161} INFO - Processing /Users/pro/Documents/a_env/proj_data/lib/python3.7/site-packages/airflow/example_dags/tutorial_etl_dag.py took 0.074 seconds
[2022-08-11 09:58:54,036] {processor.py:153} INFO - Started process (PID=51776) to work on /Users/pro/Documents/a_env/proj_data/lib/python3.7/site-packages/airflow/example_dags/tutorial_etl_dag.py
[2022-08-11 09:58:54,037] {processor.py:641} INFO - Processing file /Users/pro/Documents/a_env/proj_data/lib/python3.7/site-packages/airflow/example_dags/tutorial_etl_dag.py for tasks to queue
[2022-08-11 09:58:54,038] {logging_mixin.py:115} INFO - [2022-08-11 09:58:54,037] {dagbag.py:508} INFO - Filling up the DagBag from /Users/pro/Documents/a_env/proj_data/lib/python3.7/site-packages/airflow/example_dags/tutorial_etl_dag.py
[2022-08-11 09:58:54,048] {processor.py:651} INFO - DAG(s) dict_keys(['tutorial_etl_dag']) retrieved from /Users/pro/Documents/a_env/proj_data/lib/python3.7/site-packages/airflow/example_dags/tutorial_etl_dag.py
[2022-08-11 09:58:54,069] {logging_mixin.py:115} INFO - [2022-08-11 09:58:54,068] {dag.py:2420} INFO - Sync 1 DAGs
[2022-08-11 09:58:54,087] {logging_mixin.py:115} INFO - [2022-08-11 09:58:54,087] {dag.py:2972} INFO - Setting next_dagrun for tutorial_etl_dag to None, run_after=None
[2022-08-11 09:58:54,101] {processor.py:161} INFO - Processing /Users/pro/Documents/a_env/proj_data/lib/python3.7/site-packages/airflow/example_dags/tutorial_etl_dag.py took 0.070 seconds
[2022-08-11 09:59:25,849] {processor.py:153} INFO - Started process (PID=51806) to work on /Users/pro/Documents/a_env/proj_data/lib/python3.7/site-packages/airflow/example_dags/tutorial_etl_dag.py
[2022-08-11 09:59:25,851] {processor.py:641} INFO - Processing file /Users/pro/Documents/a_env/proj_data/lib/python3.7/site-packages/airflow/example_dags/tutorial_etl_dag.py for tasks to queue
[2022-08-11 09:59:25,853] {logging_mixin.py:115} INFO - [2022-08-11 09:59:25,852] {dagbag.py:508} INFO - Filling up the DagBag from /Users/pro/Documents/a_env/proj_data/lib/python3.7/site-packages/airflow/example_dags/tutorial_etl_dag.py
[2022-08-11 09:59:25,863] {processor.py:651} INFO - DAG(s) dict_keys(['tutorial_etl_dag']) retrieved from /Users/pro/Documents/a_env/proj_data/lib/python3.7/site-packages/airflow/example_dags/tutorial_etl_dag.py
[2022-08-11 09:59:25,883] {logging_mixin.py:115} INFO - [2022-08-11 09:59:25,883] {dag.py:2420} INFO - Sync 1 DAGs
[2022-08-11 09:59:25,901] {logging_mixin.py:115} INFO - [2022-08-11 09:59:25,901] {dag.py:2972} INFO - Setting next_dagrun for tutorial_etl_dag to None, run_after=None
[2022-08-11 09:59:25,916] {processor.py:161} INFO - Processing /Users/pro/Documents/a_env/proj_data/lib/python3.7/site-packages/airflow/example_dags/tutorial_etl_dag.py took 0.071 seconds
[2022-08-11 10:00:00,886] {processor.py:153} INFO - Started process (PID=51856) to work on /Users/pro/Documents/a_env/proj_data/lib/python3.7/site-packages/airflow/example_dags/tutorial_etl_dag.py
[2022-08-11 10:00:00,887] {processor.py:641} INFO - Processing file /Users/pro/Documents/a_env/proj_data/lib/python3.7/site-packages/airflow/example_dags/tutorial_etl_dag.py for tasks to queue
[2022-08-11 10:00:00,888] {logging_mixin.py:115} INFO - [2022-08-11 10:00:00,887] {dagbag.py:508} INFO - Filling up the DagBag from /Users/pro/Documents/a_env/proj_data/lib/python3.7/site-packages/airflow/example_dags/tutorial_etl_dag.py
[2022-08-11 10:00:00,899] {processor.py:651} INFO - DAG(s) dict_keys(['tutorial_etl_dag']) retrieved from /Users/pro/Documents/a_env/proj_data/lib/python3.7/site-packages/airflow/example_dags/tutorial_etl_dag.py
[2022-08-11 10:00:00,919] {logging_mixin.py:115} INFO - [2022-08-11 10:00:00,919] {dag.py:2420} INFO - Sync 1 DAGs
[2022-08-11 10:00:00,937] {logging_mixin.py:115} INFO - [2022-08-11 10:00:00,936] {dag.py:2972} INFO - Setting next_dagrun for tutorial_etl_dag to None, run_after=None
[2022-08-11 10:00:00,950] {processor.py:161} INFO - Processing /Users/pro/Documents/a_env/proj_data/lib/python3.7/site-packages/airflow/example_dags/tutorial_etl_dag.py took 0.069 seconds
[2022-08-11 10:00:34,695] {processor.py:153} INFO - Started process (PID=51909) to work on /Users/pro/Documents/a_env/proj_data/lib/python3.7/site-packages/airflow/example_dags/tutorial_etl_dag.py
[2022-08-11 10:00:34,696] {processor.py:641} INFO - Processing file /Users/pro/Documents/a_env/proj_data/lib/python3.7/site-packages/airflow/example_dags/tutorial_etl_dag.py for tasks to queue
[2022-08-11 10:00:34,697] {logging_mixin.py:115} INFO - [2022-08-11 10:00:34,697] {dagbag.py:508} INFO - Filling up the DagBag from /Users/pro/Documents/a_env/proj_data/lib/python3.7/site-packages/airflow/example_dags/tutorial_etl_dag.py
[2022-08-11 10:00:34,708] {processor.py:651} INFO - DAG(s) dict_keys(['tutorial_etl_dag']) retrieved from /Users/pro/Documents/a_env/proj_data/lib/python3.7/site-packages/airflow/example_dags/tutorial_etl_dag.py
[2022-08-11 10:00:34,726] {logging_mixin.py:115} INFO - [2022-08-11 10:00:34,726] {dag.py:2420} INFO - Sync 1 DAGs
[2022-08-11 10:00:34,745] {logging_mixin.py:115} INFO - [2022-08-11 10:00:34,745] {dag.py:2972} INFO - Setting next_dagrun for tutorial_etl_dag to None, run_after=None
[2022-08-11 10:00:34,756] {processor.py:161} INFO - Processing /Users/pro/Documents/a_env/proj_data/lib/python3.7/site-packages/airflow/example_dags/tutorial_etl_dag.py took 0.066 seconds
[2022-08-11 10:01:05,521] {processor.py:153} INFO - Started process (PID=51944) to work on /Users/pro/Documents/a_env/proj_data/lib/python3.7/site-packages/airflow/example_dags/tutorial_etl_dag.py
[2022-08-11 10:01:05,522] {processor.py:641} INFO - Processing file /Users/pro/Documents/a_env/proj_data/lib/python3.7/site-packages/airflow/example_dags/tutorial_etl_dag.py for tasks to queue
[2022-08-11 10:01:05,522] {logging_mixin.py:115} INFO - [2022-08-11 10:01:05,522] {dagbag.py:508} INFO - Filling up the DagBag from /Users/pro/Documents/a_env/proj_data/lib/python3.7/site-packages/airflow/example_dags/tutorial_etl_dag.py
[2022-08-11 10:01:05,533] {processor.py:651} INFO - DAG(s) dict_keys(['tutorial_etl_dag']) retrieved from /Users/pro/Documents/a_env/proj_data/lib/python3.7/site-packages/airflow/example_dags/tutorial_etl_dag.py
[2022-08-11 10:01:05,552] {logging_mixin.py:115} INFO - [2022-08-11 10:01:05,552] {dag.py:2420} INFO - Sync 1 DAGs
[2022-08-11 10:01:05,571] {logging_mixin.py:115} INFO - [2022-08-11 10:01:05,570] {dag.py:2972} INFO - Setting next_dagrun for tutorial_etl_dag to None, run_after=None
[2022-08-11 10:01:05,583] {processor.py:161} INFO - Processing /Users/pro/Documents/a_env/proj_data/lib/python3.7/site-packages/airflow/example_dags/tutorial_etl_dag.py took 0.067 seconds
[2022-08-11 10:01:36,778] {processor.py:153} INFO - Started process (PID=51975) to work on /Users/pro/Documents/a_env/proj_data/lib/python3.7/site-packages/airflow/example_dags/tutorial_etl_dag.py
[2022-08-11 10:01:36,779] {processor.py:641} INFO - Processing file /Users/pro/Documents/a_env/proj_data/lib/python3.7/site-packages/airflow/example_dags/tutorial_etl_dag.py for tasks to queue
[2022-08-11 10:01:36,780] {logging_mixin.py:115} INFO - [2022-08-11 10:01:36,779] {dagbag.py:508} INFO - Filling up the DagBag from /Users/pro/Documents/a_env/proj_data/lib/python3.7/site-packages/airflow/example_dags/tutorial_etl_dag.py
[2022-08-11 10:01:36,790] {processor.py:651} INFO - DAG(s) dict_keys(['tutorial_etl_dag']) retrieved from /Users/pro/Documents/a_env/proj_data/lib/python3.7/site-packages/airflow/example_dags/tutorial_etl_dag.py
[2022-08-11 10:01:36,808] {logging_mixin.py:115} INFO - [2022-08-11 10:01:36,808] {dag.py:2420} INFO - Sync 1 DAGs
[2022-08-11 10:01:36,826] {logging_mixin.py:115} INFO - [2022-08-11 10:01:36,826] {dag.py:2972} INFO - Setting next_dagrun for tutorial_etl_dag to None, run_after=None
[2022-08-11 10:01:36,839] {processor.py:161} INFO - Processing /Users/pro/Documents/a_env/proj_data/lib/python3.7/site-packages/airflow/example_dags/tutorial_etl_dag.py took 0.065 seconds
[2022-08-11 10:02:07,863] {processor.py:153} INFO - Started process (PID=52010) to work on /Users/pro/Documents/a_env/proj_data/lib/python3.7/site-packages/airflow/example_dags/tutorial_etl_dag.py
[2022-08-11 10:02:07,865] {processor.py:641} INFO - Processing file /Users/pro/Documents/a_env/proj_data/lib/python3.7/site-packages/airflow/example_dags/tutorial_etl_dag.py for tasks to queue
[2022-08-11 10:02:07,866] {logging_mixin.py:115} INFO - [2022-08-11 10:02:07,866] {dagbag.py:508} INFO - Filling up the DagBag from /Users/pro/Documents/a_env/proj_data/lib/python3.7/site-packages/airflow/example_dags/tutorial_etl_dag.py
[2022-08-11 10:02:07,878] {processor.py:651} INFO - DAG(s) dict_keys(['tutorial_etl_dag']) retrieved from /Users/pro/Documents/a_env/proj_data/lib/python3.7/site-packages/airflow/example_dags/tutorial_etl_dag.py
[2022-08-11 10:02:07,896] {logging_mixin.py:115} INFO - [2022-08-11 10:02:07,895] {dag.py:2420} INFO - Sync 1 DAGs
[2022-08-11 10:02:07,913] {logging_mixin.py:115} INFO - [2022-08-11 10:02:07,913] {dag.py:2972} INFO - Setting next_dagrun for tutorial_etl_dag to None, run_after=None
[2022-08-11 10:02:07,926] {processor.py:161} INFO - Processing /Users/pro/Documents/a_env/proj_data/lib/python3.7/site-packages/airflow/example_dags/tutorial_etl_dag.py took 0.067 seconds
[2022-08-11 10:02:42,813] {processor.py:153} INFO - Started process (PID=52048) to work on /Users/pro/Documents/a_env/proj_data/lib/python3.7/site-packages/airflow/example_dags/tutorial_etl_dag.py
[2022-08-11 10:02:42,814] {processor.py:641} INFO - Processing file /Users/pro/Documents/a_env/proj_data/lib/python3.7/site-packages/airflow/example_dags/tutorial_etl_dag.py for tasks to queue
[2022-08-11 10:02:42,815] {logging_mixin.py:115} INFO - [2022-08-11 10:02:42,815] {dagbag.py:508} INFO - Filling up the DagBag from /Users/pro/Documents/a_env/proj_data/lib/python3.7/site-packages/airflow/example_dags/tutorial_etl_dag.py
[2022-08-11 10:02:42,826] {processor.py:651} INFO - DAG(s) dict_keys(['tutorial_etl_dag']) retrieved from /Users/pro/Documents/a_env/proj_data/lib/python3.7/site-packages/airflow/example_dags/tutorial_etl_dag.py
[2022-08-11 10:02:42,845] {logging_mixin.py:115} INFO - [2022-08-11 10:02:42,845] {dag.py:2420} INFO - Sync 1 DAGs
[2022-08-11 10:02:42,863] {logging_mixin.py:115} INFO - [2022-08-11 10:02:42,863] {dag.py:2972} INFO - Setting next_dagrun for tutorial_etl_dag to None, run_after=None
[2022-08-11 10:02:42,877] {processor.py:161} INFO - Processing /Users/pro/Documents/a_env/proj_data/lib/python3.7/site-packages/airflow/example_dags/tutorial_etl_dag.py took 0.068 seconds
[2022-08-11 10:03:18,625] {processor.py:153} INFO - Started process (PID=52084) to work on /Users/pro/Documents/a_env/proj_data/lib/python3.7/site-packages/airflow/example_dags/tutorial_etl_dag.py
[2022-08-11 10:03:18,626] {processor.py:641} INFO - Processing file /Users/pro/Documents/a_env/proj_data/lib/python3.7/site-packages/airflow/example_dags/tutorial_etl_dag.py for tasks to queue
[2022-08-11 10:03:18,627] {logging_mixin.py:115} INFO - [2022-08-11 10:03:18,627] {dagbag.py:508} INFO - Filling up the DagBag from /Users/pro/Documents/a_env/proj_data/lib/python3.7/site-packages/airflow/example_dags/tutorial_etl_dag.py
[2022-08-11 10:03:18,638] {processor.py:651} INFO - DAG(s) dict_keys(['tutorial_etl_dag']) retrieved from /Users/pro/Documents/a_env/proj_data/lib/python3.7/site-packages/airflow/example_dags/tutorial_etl_dag.py
[2022-08-11 10:03:18,656] {logging_mixin.py:115} INFO - [2022-08-11 10:03:18,656] {dag.py:2420} INFO - Sync 1 DAGs
[2022-08-11 10:03:18,675] {logging_mixin.py:115} INFO - [2022-08-11 10:03:18,674] {dag.py:2972} INFO - Setting next_dagrun for tutorial_etl_dag to None, run_after=None
[2022-08-11 10:03:18,688] {processor.py:161} INFO - Processing /Users/pro/Documents/a_env/proj_data/lib/python3.7/site-packages/airflow/example_dags/tutorial_etl_dag.py took 0.067 seconds
[2022-08-11 10:03:52,413] {processor.py:153} INFO - Started process (PID=52119) to work on /Users/pro/Documents/a_env/proj_data/lib/python3.7/site-packages/airflow/example_dags/tutorial_etl_dag.py
[2022-08-11 10:03:52,414] {processor.py:641} INFO - Processing file /Users/pro/Documents/a_env/proj_data/lib/python3.7/site-packages/airflow/example_dags/tutorial_etl_dag.py for tasks to queue
[2022-08-11 10:03:52,415] {logging_mixin.py:115} INFO - [2022-08-11 10:03:52,414] {dagbag.py:508} INFO - Filling up the DagBag from /Users/pro/Documents/a_env/proj_data/lib/python3.7/site-packages/airflow/example_dags/tutorial_etl_dag.py
[2022-08-11 10:03:52,432] {processor.py:651} INFO - DAG(s) dict_keys(['tutorial_etl_dag']) retrieved from /Users/pro/Documents/a_env/proj_data/lib/python3.7/site-packages/airflow/example_dags/tutorial_etl_dag.py
[2022-08-11 10:03:52,452] {logging_mixin.py:115} INFO - [2022-08-11 10:03:52,452] {dag.py:2420} INFO - Sync 1 DAGs
[2022-08-11 10:03:52,471] {logging_mixin.py:115} INFO - [2022-08-11 10:03:52,470] {dag.py:2972} INFO - Setting next_dagrun for tutorial_etl_dag to None, run_after=None
[2022-08-11 10:03:52,488] {processor.py:161} INFO - Processing /Users/pro/Documents/a_env/proj_data/lib/python3.7/site-packages/airflow/example_dags/tutorial_etl_dag.py took 0.080 seconds
[2022-08-11 10:18:34,570] {processor.py:153} INFO - Started process (PID=52175) to work on /Users/pro/Documents/a_env/proj_data/lib/python3.7/site-packages/airflow/example_dags/tutorial_etl_dag.py
[2022-08-11 10:18:34,572] {processor.py:641} INFO - Processing file /Users/pro/Documents/a_env/proj_data/lib/python3.7/site-packages/airflow/example_dags/tutorial_etl_dag.py for tasks to queue
[2022-08-11 10:18:34,574] {logging_mixin.py:115} INFO - [2022-08-11 10:18:34,574] {dagbag.py:508} INFO - Filling up the DagBag from /Users/pro/Documents/a_env/proj_data/lib/python3.7/site-packages/airflow/example_dags/tutorial_etl_dag.py
[2022-08-11 10:18:34,584] {processor.py:651} INFO - DAG(s) dict_keys(['tutorial_etl_dag']) retrieved from /Users/pro/Documents/a_env/proj_data/lib/python3.7/site-packages/airflow/example_dags/tutorial_etl_dag.py
[2022-08-11 10:18:34,603] {logging_mixin.py:115} INFO - [2022-08-11 10:18:34,602] {dag.py:2420} INFO - Sync 1 DAGs
[2022-08-11 10:18:34,620] {logging_mixin.py:115} INFO - [2022-08-11 10:18:34,619] {dag.py:2972} INFO - Setting next_dagrun for tutorial_etl_dag to None, run_after=None
[2022-08-11 10:18:34,635] {processor.py:161} INFO - Processing /Users/pro/Documents/a_env/proj_data/lib/python3.7/site-packages/airflow/example_dags/tutorial_etl_dag.py took 0.069 seconds
[2022-08-11 10:23:03,777] {processor.py:153} INFO - Started process (PID=52248) to work on /Users/pro/Documents/a_env/proj_data/lib/python3.7/site-packages/airflow/example_dags/tutorial_etl_dag.py
[2022-08-11 10:23:03,778] {processor.py:641} INFO - Processing file /Users/pro/Documents/a_env/proj_data/lib/python3.7/site-packages/airflow/example_dags/tutorial_etl_dag.py for tasks to queue
[2022-08-11 10:23:03,780] {logging_mixin.py:115} INFO - [2022-08-11 10:23:03,779] {dagbag.py:508} INFO - Filling up the DagBag from /Users/pro/Documents/a_env/proj_data/lib/python3.7/site-packages/airflow/example_dags/tutorial_etl_dag.py
[2022-08-11 10:23:03,795] {processor.py:651} INFO - DAG(s) dict_keys(['tutorial_etl_dag']) retrieved from /Users/pro/Documents/a_env/proj_data/lib/python3.7/site-packages/airflow/example_dags/tutorial_etl_dag.py
[2022-08-11 10:23:03,821] {logging_mixin.py:115} INFO - [2022-08-11 10:23:03,821] {dag.py:2420} INFO - Sync 1 DAGs
[2022-08-11 10:23:03,850] {logging_mixin.py:115} INFO - [2022-08-11 10:23:03,850] {dag.py:2972} INFO - Setting next_dagrun for tutorial_etl_dag to None, run_after=None
[2022-08-11 10:23:03,866] {processor.py:161} INFO - Processing /Users/pro/Documents/a_env/proj_data/lib/python3.7/site-packages/airflow/example_dags/tutorial_etl_dag.py took 0.096 seconds
[2022-08-11 10:23:38,903] {processor.py:153} INFO - Started process (PID=52305) to work on /Users/pro/Documents/a_env/proj_data/lib/python3.7/site-packages/airflow/example_dags/tutorial_etl_dag.py
[2022-08-11 10:23:38,904] {processor.py:641} INFO - Processing file /Users/pro/Documents/a_env/proj_data/lib/python3.7/site-packages/airflow/example_dags/tutorial_etl_dag.py for tasks to queue
[2022-08-11 10:23:38,905] {logging_mixin.py:115} INFO - [2022-08-11 10:23:38,905] {dagbag.py:508} INFO - Filling up the DagBag from /Users/pro/Documents/a_env/proj_data/lib/python3.7/site-packages/airflow/example_dags/tutorial_etl_dag.py
[2022-08-11 10:23:38,916] {processor.py:651} INFO - DAG(s) dict_keys(['tutorial_etl_dag']) retrieved from /Users/pro/Documents/a_env/proj_data/lib/python3.7/site-packages/airflow/example_dags/tutorial_etl_dag.py
[2022-08-11 10:23:38,934] {logging_mixin.py:115} INFO - [2022-08-11 10:23:38,934] {dag.py:2420} INFO - Sync 1 DAGs
[2022-08-11 10:23:38,952] {logging_mixin.py:115} INFO - [2022-08-11 10:23:38,951] {dag.py:2972} INFO - Setting next_dagrun for tutorial_etl_dag to None, run_after=None
[2022-08-11 10:23:38,966] {processor.py:161} INFO - Processing /Users/pro/Documents/a_env/proj_data/lib/python3.7/site-packages/airflow/example_dags/tutorial_etl_dag.py took 0.068 seconds
[2022-08-11 10:24:14,714] {processor.py:153} INFO - Started process (PID=52413) to work on /Users/pro/Documents/a_env/proj_data/lib/python3.7/site-packages/airflow/example_dags/tutorial_etl_dag.py
[2022-08-11 10:24:14,716] {processor.py:641} INFO - Processing file /Users/pro/Documents/a_env/proj_data/lib/python3.7/site-packages/airflow/example_dags/tutorial_etl_dag.py for tasks to queue
[2022-08-11 10:24:14,717] {logging_mixin.py:115} INFO - [2022-08-11 10:24:14,716] {dagbag.py:508} INFO - Filling up the DagBag from /Users/pro/Documents/a_env/proj_data/lib/python3.7/site-packages/airflow/example_dags/tutorial_etl_dag.py
[2022-08-11 10:24:14,729] {processor.py:651} INFO - DAG(s) dict_keys(['tutorial_etl_dag']) retrieved from /Users/pro/Documents/a_env/proj_data/lib/python3.7/site-packages/airflow/example_dags/tutorial_etl_dag.py
[2022-08-11 10:24:14,751] {logging_mixin.py:115} INFO - [2022-08-11 10:24:14,751] {dag.py:2420} INFO - Sync 1 DAGs
[2022-08-11 10:24:14,772] {logging_mixin.py:115} INFO - [2022-08-11 10:24:14,771] {dag.py:2972} INFO - Setting next_dagrun for tutorial_etl_dag to None, run_after=None
[2022-08-11 10:24:14,785] {processor.py:161} INFO - Processing /Users/pro/Documents/a_env/proj_data/lib/python3.7/site-packages/airflow/example_dags/tutorial_etl_dag.py took 0.076 seconds
[2022-08-11 10:24:51,737] {processor.py:153} INFO - Started process (PID=52463) to work on /Users/pro/Documents/a_env/proj_data/lib/python3.7/site-packages/airflow/example_dags/tutorial_etl_dag.py
[2022-08-11 10:24:51,738] {processor.py:641} INFO - Processing file /Users/pro/Documents/a_env/proj_data/lib/python3.7/site-packages/airflow/example_dags/tutorial_etl_dag.py for tasks to queue
[2022-08-11 10:24:51,739] {logging_mixin.py:115} INFO - [2022-08-11 10:24:51,739] {dagbag.py:508} INFO - Filling up the DagBag from /Users/pro/Documents/a_env/proj_data/lib/python3.7/site-packages/airflow/example_dags/tutorial_etl_dag.py
[2022-08-11 10:24:51,753] {processor.py:651} INFO - DAG(s) dict_keys(['tutorial_etl_dag']) retrieved from /Users/pro/Documents/a_env/proj_data/lib/python3.7/site-packages/airflow/example_dags/tutorial_etl_dag.py
[2022-08-11 10:24:51,775] {logging_mixin.py:115} INFO - [2022-08-11 10:24:51,775] {dag.py:2420} INFO - Sync 1 DAGs
[2022-08-11 10:24:51,800] {logging_mixin.py:115} INFO - [2022-08-11 10:24:51,799] {dag.py:2972} INFO - Setting next_dagrun for tutorial_etl_dag to None, run_after=None
[2022-08-11 10:24:51,815] {processor.py:161} INFO - Processing /Users/pro/Documents/a_env/proj_data/lib/python3.7/site-packages/airflow/example_dags/tutorial_etl_dag.py took 0.083 seconds
[2022-08-11 10:25:24,008] {processor.py:153} INFO - Started process (PID=52500) to work on /Users/pro/Documents/a_env/proj_data/lib/python3.7/site-packages/airflow/example_dags/tutorial_etl_dag.py
[2022-08-11 10:25:24,009] {processor.py:641} INFO - Processing file /Users/pro/Documents/a_env/proj_data/lib/python3.7/site-packages/airflow/example_dags/tutorial_etl_dag.py for tasks to queue
[2022-08-11 10:25:24,010] {logging_mixin.py:115} INFO - [2022-08-11 10:25:24,010] {dagbag.py:508} INFO - Filling up the DagBag from /Users/pro/Documents/a_env/proj_data/lib/python3.7/site-packages/airflow/example_dags/tutorial_etl_dag.py
[2022-08-11 10:25:24,023] {processor.py:651} INFO - DAG(s) dict_keys(['tutorial_etl_dag']) retrieved from /Users/pro/Documents/a_env/proj_data/lib/python3.7/site-packages/airflow/example_dags/tutorial_etl_dag.py
[2022-08-11 10:25:24,046] {logging_mixin.py:115} INFO - [2022-08-11 10:25:24,045] {dag.py:2420} INFO - Sync 1 DAGs
[2022-08-11 10:25:24,174] {logging_mixin.py:115} INFO - [2022-08-11 10:25:24,174] {dag.py:2972} INFO - Setting next_dagrun for tutorial_etl_dag to None, run_after=None
[2022-08-11 10:25:24,221] {processor.py:161} INFO - Processing /Users/pro/Documents/a_env/proj_data/lib/python3.7/site-packages/airflow/example_dags/tutorial_etl_dag.py took 0.218 seconds
[2022-08-11 10:26:01,549] {processor.py:153} INFO - Started process (PID=52587) to work on /Users/pro/Documents/a_env/proj_data/lib/python3.7/site-packages/airflow/example_dags/tutorial_etl_dag.py
[2022-08-11 10:26:01,550] {processor.py:641} INFO - Processing file /Users/pro/Documents/a_env/proj_data/lib/python3.7/site-packages/airflow/example_dags/tutorial_etl_dag.py for tasks to queue
[2022-08-11 10:26:01,551] {logging_mixin.py:115} INFO - [2022-08-11 10:26:01,551] {dagbag.py:508} INFO - Filling up the DagBag from /Users/pro/Documents/a_env/proj_data/lib/python3.7/site-packages/airflow/example_dags/tutorial_etl_dag.py
[2022-08-11 10:26:01,564] {processor.py:651} INFO - DAG(s) dict_keys(['tutorial_etl_dag']) retrieved from /Users/pro/Documents/a_env/proj_data/lib/python3.7/site-packages/airflow/example_dags/tutorial_etl_dag.py
[2022-08-11 10:26:01,585] {logging_mixin.py:115} INFO - [2022-08-11 10:26:01,585] {dag.py:2420} INFO - Sync 1 DAGs
[2022-08-11 10:26:01,613] {logging_mixin.py:115} INFO - [2022-08-11 10:26:01,612] {dag.py:2972} INFO - Setting next_dagrun for tutorial_etl_dag to None, run_after=None
[2022-08-11 10:26:01,632] {processor.py:161} INFO - Processing /Users/pro/Documents/a_env/proj_data/lib/python3.7/site-packages/airflow/example_dags/tutorial_etl_dag.py took 0.088 seconds
[2022-08-11 10:26:40,196] {processor.py:153} INFO - Started process (PID=52632) to work on /Users/pro/Documents/a_env/proj_data/lib/python3.7/site-packages/airflow/example_dags/tutorial_etl_dag.py
[2022-08-11 10:26:40,197] {processor.py:641} INFO - Processing file /Users/pro/Documents/a_env/proj_data/lib/python3.7/site-packages/airflow/example_dags/tutorial_etl_dag.py for tasks to queue
[2022-08-11 10:26:40,198] {logging_mixin.py:115} INFO - [2022-08-11 10:26:40,198] {dagbag.py:508} INFO - Filling up the DagBag from /Users/pro/Documents/a_env/proj_data/lib/python3.7/site-packages/airflow/example_dags/tutorial_etl_dag.py
[2022-08-11 10:26:40,223] {processor.py:651} INFO - DAG(s) dict_keys(['tutorial_etl_dag']) retrieved from /Users/pro/Documents/a_env/proj_data/lib/python3.7/site-packages/airflow/example_dags/tutorial_etl_dag.py
[2022-08-11 10:26:40,261] {logging_mixin.py:115} INFO - [2022-08-11 10:26:40,260] {dag.py:2420} INFO - Sync 1 DAGs
[2022-08-11 10:26:40,475] {logging_mixin.py:115} INFO - [2022-08-11 10:26:40,474] {dag.py:2972} INFO - Setting next_dagrun for tutorial_etl_dag to None, run_after=None
[2022-08-11 10:26:40,595] {processor.py:161} INFO - Processing /Users/pro/Documents/a_env/proj_data/lib/python3.7/site-packages/airflow/example_dags/tutorial_etl_dag.py took 0.408 seconds
[2022-08-11 10:27:23,099] {processor.py:153} INFO - Started process (PID=52685) to work on /Users/pro/Documents/a_env/proj_data/lib/python3.7/site-packages/airflow/example_dags/tutorial_etl_dag.py
[2022-08-11 10:27:23,100] {processor.py:641} INFO - Processing file /Users/pro/Documents/a_env/proj_data/lib/python3.7/site-packages/airflow/example_dags/tutorial_etl_dag.py for tasks to queue
[2022-08-11 10:27:23,101] {logging_mixin.py:115} INFO - [2022-08-11 10:27:23,101] {dagbag.py:508} INFO - Filling up the DagBag from /Users/pro/Documents/a_env/proj_data/lib/python3.7/site-packages/airflow/example_dags/tutorial_etl_dag.py
[2022-08-11 10:27:23,114] {processor.py:651} INFO - DAG(s) dict_keys(['tutorial_etl_dag']) retrieved from /Users/pro/Documents/a_env/proj_data/lib/python3.7/site-packages/airflow/example_dags/tutorial_etl_dag.py
[2022-08-11 10:27:23,141] {logging_mixin.py:115} INFO - [2022-08-11 10:27:23,140] {dag.py:2420} INFO - Sync 1 DAGs
[2022-08-11 10:27:23,162] {logging_mixin.py:115} INFO - [2022-08-11 10:27:23,162] {dag.py:2972} INFO - Setting next_dagrun for tutorial_etl_dag to None, run_after=None
[2022-08-11 10:27:23,175] {processor.py:161} INFO - Processing /Users/pro/Documents/a_env/proj_data/lib/python3.7/site-packages/airflow/example_dags/tutorial_etl_dag.py took 0.081 seconds
[2022-08-11 10:28:13,441] {processor.py:153} INFO - Started process (PID=52748) to work on /Users/pro/Documents/a_env/proj_data/lib/python3.7/site-packages/airflow/example_dags/tutorial_etl_dag.py
[2022-08-11 10:28:13,447] {processor.py:641} INFO - Processing file /Users/pro/Documents/a_env/proj_data/lib/python3.7/site-packages/airflow/example_dags/tutorial_etl_dag.py for tasks to queue
[2022-08-11 10:28:13,449] {logging_mixin.py:115} INFO - [2022-08-11 10:28:13,449] {dagbag.py:508} INFO - Filling up the DagBag from /Users/pro/Documents/a_env/proj_data/lib/python3.7/site-packages/airflow/example_dags/tutorial_etl_dag.py
[2022-08-11 10:28:13,469] {processor.py:651} INFO - DAG(s) dict_keys(['tutorial_etl_dag']) retrieved from /Users/pro/Documents/a_env/proj_data/lib/python3.7/site-packages/airflow/example_dags/tutorial_etl_dag.py
[2022-08-11 10:28:13,503] {logging_mixin.py:115} INFO - [2022-08-11 10:28:13,502] {dag.py:2420} INFO - Sync 1 DAGs
[2022-08-11 10:28:13,534] {logging_mixin.py:115} INFO - [2022-08-11 10:28:13,533] {dag.py:2972} INFO - Setting next_dagrun for tutorial_etl_dag to None, run_after=None
[2022-08-11 10:28:13,553] {processor.py:161} INFO - Processing /Users/pro/Documents/a_env/proj_data/lib/python3.7/site-packages/airflow/example_dags/tutorial_etl_dag.py took 0.121 seconds
