[2022-07-24 23:12:02,706] {processor.py:153} INFO - Started process (PID=12390) to work on /Users/pro/Documents/a_env/proj_data/lib/python3.7/site-packages/airflow/example_dags/subdags/subdag.py
[2022-07-24 23:12:02,707] {processor.py:641} INFO - Processing file /Users/pro/Documents/a_env/proj_data/lib/python3.7/site-packages/airflow/example_dags/subdags/subdag.py for tasks to queue
[2022-07-24 23:12:02,708] {logging_mixin.py:115} INFO - [2022-07-24 23:12:02,708] {dagbag.py:508} INFO - Filling up the DagBag from /Users/pro/Documents/a_env/proj_data/lib/python3.7/site-packages/airflow/example_dags/subdags/subdag.py
[2022-07-24 23:12:02,710] {processor.py:653} WARNING - No viable dags retrieved from /Users/pro/Documents/a_env/proj_data/lib/python3.7/site-packages/airflow/example_dags/subdags/subdag.py
[2022-07-24 23:12:02,724] {processor.py:161} INFO - Processing /Users/pro/Documents/a_env/proj_data/lib/python3.7/site-packages/airflow/example_dags/subdags/subdag.py took 0.021 seconds
[2022-07-24 23:12:39,123] {processor.py:153} INFO - Started process (PID=12429) to work on /Users/pro/Documents/a_env/proj_data/lib/python3.7/site-packages/airflow/example_dags/subdags/subdag.py
[2022-07-24 23:12:39,125] {processor.py:641} INFO - Processing file /Users/pro/Documents/a_env/proj_data/lib/python3.7/site-packages/airflow/example_dags/subdags/subdag.py for tasks to queue
[2022-07-24 23:12:39,126] {logging_mixin.py:115} INFO - [2022-07-24 23:12:39,126] {dagbag.py:508} INFO - Filling up the DagBag from /Users/pro/Documents/a_env/proj_data/lib/python3.7/site-packages/airflow/example_dags/subdags/subdag.py
[2022-07-24 23:12:39,129] {processor.py:653} WARNING - No viable dags retrieved from /Users/pro/Documents/a_env/proj_data/lib/python3.7/site-packages/airflow/example_dags/subdags/subdag.py
[2022-07-24 23:12:39,143] {processor.py:161} INFO - Processing /Users/pro/Documents/a_env/proj_data/lib/python3.7/site-packages/airflow/example_dags/subdags/subdag.py took 0.024 seconds
[2022-07-24 23:13:12,393] {processor.py:153} INFO - Started process (PID=12466) to work on /Users/pro/Documents/a_env/proj_data/lib/python3.7/site-packages/airflow/example_dags/subdags/subdag.py
[2022-07-24 23:13:12,394] {processor.py:641} INFO - Processing file /Users/pro/Documents/a_env/proj_data/lib/python3.7/site-packages/airflow/example_dags/subdags/subdag.py for tasks to queue
[2022-07-24 23:13:12,395] {logging_mixin.py:115} INFO - [2022-07-24 23:13:12,394] {dagbag.py:508} INFO - Filling up the DagBag from /Users/pro/Documents/a_env/proj_data/lib/python3.7/site-packages/airflow/example_dags/subdags/subdag.py
[2022-07-24 23:13:12,398] {processor.py:653} WARNING - No viable dags retrieved from /Users/pro/Documents/a_env/proj_data/lib/python3.7/site-packages/airflow/example_dags/subdags/subdag.py
[2022-07-24 23:13:12,413] {processor.py:161} INFO - Processing /Users/pro/Documents/a_env/proj_data/lib/python3.7/site-packages/airflow/example_dags/subdags/subdag.py took 0.026 seconds
[2022-07-24 23:13:46,301] {processor.py:153} INFO - Started process (PID=12503) to work on /Users/pro/Documents/a_env/proj_data/lib/python3.7/site-packages/airflow/example_dags/subdags/subdag.py
[2022-07-24 23:13:46,302] {processor.py:641} INFO - Processing file /Users/pro/Documents/a_env/proj_data/lib/python3.7/site-packages/airflow/example_dags/subdags/subdag.py for tasks to queue
[2022-07-24 23:13:46,303] {logging_mixin.py:115} INFO - [2022-07-24 23:13:46,303] {dagbag.py:508} INFO - Filling up the DagBag from /Users/pro/Documents/a_env/proj_data/lib/python3.7/site-packages/airflow/example_dags/subdags/subdag.py
[2022-07-24 23:13:46,306] {processor.py:653} WARNING - No viable dags retrieved from /Users/pro/Documents/a_env/proj_data/lib/python3.7/site-packages/airflow/example_dags/subdags/subdag.py
[2022-07-24 23:13:46,320] {processor.py:161} INFO - Processing /Users/pro/Documents/a_env/proj_data/lib/python3.7/site-packages/airflow/example_dags/subdags/subdag.py took 0.023 seconds
[2022-07-24 23:14:20,605] {processor.py:153} INFO - Started process (PID=12538) to work on /Users/pro/Documents/a_env/proj_data/lib/python3.7/site-packages/airflow/example_dags/subdags/subdag.py
[2022-07-24 23:14:20,607] {processor.py:641} INFO - Processing file /Users/pro/Documents/a_env/proj_data/lib/python3.7/site-packages/airflow/example_dags/subdags/subdag.py for tasks to queue
[2022-07-24 23:14:20,608] {logging_mixin.py:115} INFO - [2022-07-24 23:14:20,608] {dagbag.py:508} INFO - Filling up the DagBag from /Users/pro/Documents/a_env/proj_data/lib/python3.7/site-packages/airflow/example_dags/subdags/subdag.py
[2022-07-24 23:14:20,611] {processor.py:653} WARNING - No viable dags retrieved from /Users/pro/Documents/a_env/proj_data/lib/python3.7/site-packages/airflow/example_dags/subdags/subdag.py
[2022-07-24 23:14:20,624] {processor.py:161} INFO - Processing /Users/pro/Documents/a_env/proj_data/lib/python3.7/site-packages/airflow/example_dags/subdags/subdag.py took 0.024 seconds
[2022-07-24 23:14:56,070] {processor.py:153} INFO - Started process (PID=12574) to work on /Users/pro/Documents/a_env/proj_data/lib/python3.7/site-packages/airflow/example_dags/subdags/subdag.py
[2022-07-24 23:14:56,072] {processor.py:641} INFO - Processing file /Users/pro/Documents/a_env/proj_data/lib/python3.7/site-packages/airflow/example_dags/subdags/subdag.py for tasks to queue
[2022-07-24 23:14:56,073] {logging_mixin.py:115} INFO - [2022-07-24 23:14:56,073] {dagbag.py:508} INFO - Filling up the DagBag from /Users/pro/Documents/a_env/proj_data/lib/python3.7/site-packages/airflow/example_dags/subdags/subdag.py
[2022-07-24 23:14:56,076] {processor.py:653} WARNING - No viable dags retrieved from /Users/pro/Documents/a_env/proj_data/lib/python3.7/site-packages/airflow/example_dags/subdags/subdag.py
[2022-07-24 23:14:56,090] {processor.py:161} INFO - Processing /Users/pro/Documents/a_env/proj_data/lib/python3.7/site-packages/airflow/example_dags/subdags/subdag.py took 0.025 seconds
[2022-07-24 23:15:31,727] {processor.py:153} INFO - Started process (PID=12667) to work on /Users/pro/Documents/a_env/proj_data/lib/python3.7/site-packages/airflow/example_dags/subdags/subdag.py
[2022-07-24 23:15:31,729] {processor.py:641} INFO - Processing file /Users/pro/Documents/a_env/proj_data/lib/python3.7/site-packages/airflow/example_dags/subdags/subdag.py for tasks to queue
[2022-07-24 23:15:31,731] {logging_mixin.py:115} INFO - [2022-07-24 23:15:31,730] {dagbag.py:508} INFO - Filling up the DagBag from /Users/pro/Documents/a_env/proj_data/lib/python3.7/site-packages/airflow/example_dags/subdags/subdag.py
[2022-07-24 23:15:31,734] {processor.py:653} WARNING - No viable dags retrieved from /Users/pro/Documents/a_env/proj_data/lib/python3.7/site-packages/airflow/example_dags/subdags/subdag.py
[2022-07-24 23:15:31,758] {processor.py:161} INFO - Processing /Users/pro/Documents/a_env/proj_data/lib/python3.7/site-packages/airflow/example_dags/subdags/subdag.py took 0.038 seconds
[2022-07-24 23:16:06,907] {processor.py:153} INFO - Started process (PID=12813) to work on /Users/pro/Documents/a_env/proj_data/lib/python3.7/site-packages/airflow/example_dags/subdags/subdag.py
[2022-07-24 23:16:06,909] {processor.py:641} INFO - Processing file /Users/pro/Documents/a_env/proj_data/lib/python3.7/site-packages/airflow/example_dags/subdags/subdag.py for tasks to queue
[2022-07-24 23:16:06,910] {logging_mixin.py:115} INFO - [2022-07-24 23:16:06,910] {dagbag.py:508} INFO - Filling up the DagBag from /Users/pro/Documents/a_env/proj_data/lib/python3.7/site-packages/airflow/example_dags/subdags/subdag.py
[2022-07-24 23:16:06,913] {processor.py:653} WARNING - No viable dags retrieved from /Users/pro/Documents/a_env/proj_data/lib/python3.7/site-packages/airflow/example_dags/subdags/subdag.py
[2022-07-24 23:16:06,926] {processor.py:161} INFO - Processing /Users/pro/Documents/a_env/proj_data/lib/python3.7/site-packages/airflow/example_dags/subdags/subdag.py took 0.023 seconds
[2022-07-24 23:16:39,029] {processor.py:153} INFO - Started process (PID=12904) to work on /Users/pro/Documents/a_env/proj_data/lib/python3.7/site-packages/airflow/example_dags/subdags/subdag.py
[2022-07-24 23:16:39,030] {processor.py:641} INFO - Processing file /Users/pro/Documents/a_env/proj_data/lib/python3.7/site-packages/airflow/example_dags/subdags/subdag.py for tasks to queue
[2022-07-24 23:16:39,031] {logging_mixin.py:115} INFO - [2022-07-24 23:16:39,031] {dagbag.py:508} INFO - Filling up the DagBag from /Users/pro/Documents/a_env/proj_data/lib/python3.7/site-packages/airflow/example_dags/subdags/subdag.py
[2022-07-24 23:16:39,033] {processor.py:653} WARNING - No viable dags retrieved from /Users/pro/Documents/a_env/proj_data/lib/python3.7/site-packages/airflow/example_dags/subdags/subdag.py
[2022-07-24 23:16:39,045] {processor.py:161} INFO - Processing /Users/pro/Documents/a_env/proj_data/lib/python3.7/site-packages/airflow/example_dags/subdags/subdag.py took 0.020 seconds
[2022-07-24 23:17:14,179] {processor.py:153} INFO - Started process (PID=12991) to work on /Users/pro/Documents/a_env/proj_data/lib/python3.7/site-packages/airflow/example_dags/subdags/subdag.py
[2022-07-24 23:17:14,180] {processor.py:641} INFO - Processing file /Users/pro/Documents/a_env/proj_data/lib/python3.7/site-packages/airflow/example_dags/subdags/subdag.py for tasks to queue
[2022-07-24 23:17:14,181] {logging_mixin.py:115} INFO - [2022-07-24 23:17:14,181] {dagbag.py:508} INFO - Filling up the DagBag from /Users/pro/Documents/a_env/proj_data/lib/python3.7/site-packages/airflow/example_dags/subdags/subdag.py
[2022-07-24 23:17:14,184] {processor.py:653} WARNING - No viable dags retrieved from /Users/pro/Documents/a_env/proj_data/lib/python3.7/site-packages/airflow/example_dags/subdags/subdag.py
[2022-07-24 23:17:14,197] {processor.py:161} INFO - Processing /Users/pro/Documents/a_env/proj_data/lib/python3.7/site-packages/airflow/example_dags/subdags/subdag.py took 0.022 seconds
[2022-07-24 23:17:48,334] {processor.py:153} INFO - Started process (PID=13065) to work on /Users/pro/Documents/a_env/proj_data/lib/python3.7/site-packages/airflow/example_dags/subdags/subdag.py
[2022-07-24 23:17:48,336] {processor.py:641} INFO - Processing file /Users/pro/Documents/a_env/proj_data/lib/python3.7/site-packages/airflow/example_dags/subdags/subdag.py for tasks to queue
[2022-07-24 23:17:48,337] {logging_mixin.py:115} INFO - [2022-07-24 23:17:48,337] {dagbag.py:508} INFO - Filling up the DagBag from /Users/pro/Documents/a_env/proj_data/lib/python3.7/site-packages/airflow/example_dags/subdags/subdag.py
[2022-07-24 23:17:48,341] {processor.py:653} WARNING - No viable dags retrieved from /Users/pro/Documents/a_env/proj_data/lib/python3.7/site-packages/airflow/example_dags/subdags/subdag.py
[2022-07-24 23:17:48,353] {processor.py:161} INFO - Processing /Users/pro/Documents/a_env/proj_data/lib/python3.7/site-packages/airflow/example_dags/subdags/subdag.py took 0.022 seconds
[2022-07-24 23:18:21,621] {processor.py:153} INFO - Started process (PID=13175) to work on /Users/pro/Documents/a_env/proj_data/lib/python3.7/site-packages/airflow/example_dags/subdags/subdag.py
[2022-07-24 23:18:21,623] {processor.py:641} INFO - Processing file /Users/pro/Documents/a_env/proj_data/lib/python3.7/site-packages/airflow/example_dags/subdags/subdag.py for tasks to queue
[2022-07-24 23:18:21,624] {logging_mixin.py:115} INFO - [2022-07-24 23:18:21,624] {dagbag.py:508} INFO - Filling up the DagBag from /Users/pro/Documents/a_env/proj_data/lib/python3.7/site-packages/airflow/example_dags/subdags/subdag.py
[2022-07-24 23:18:21,627] {processor.py:653} WARNING - No viable dags retrieved from /Users/pro/Documents/a_env/proj_data/lib/python3.7/site-packages/airflow/example_dags/subdags/subdag.py
[2022-07-24 23:18:21,641] {processor.py:161} INFO - Processing /Users/pro/Documents/a_env/proj_data/lib/python3.7/site-packages/airflow/example_dags/subdags/subdag.py took 0.024 seconds
[2022-07-24 23:18:56,118] {processor.py:153} INFO - Started process (PID=13285) to work on /Users/pro/Documents/a_env/proj_data/lib/python3.7/site-packages/airflow/example_dags/subdags/subdag.py
[2022-07-24 23:18:56,119] {processor.py:641} INFO - Processing file /Users/pro/Documents/a_env/proj_data/lib/python3.7/site-packages/airflow/example_dags/subdags/subdag.py for tasks to queue
[2022-07-24 23:18:56,120] {logging_mixin.py:115} INFO - [2022-07-24 23:18:56,120] {dagbag.py:508} INFO - Filling up the DagBag from /Users/pro/Documents/a_env/proj_data/lib/python3.7/site-packages/airflow/example_dags/subdags/subdag.py
[2022-07-24 23:18:56,122] {processor.py:653} WARNING - No viable dags retrieved from /Users/pro/Documents/a_env/proj_data/lib/python3.7/site-packages/airflow/example_dags/subdags/subdag.py
[2022-07-24 23:18:56,137] {processor.py:161} INFO - Processing /Users/pro/Documents/a_env/proj_data/lib/python3.7/site-packages/airflow/example_dags/subdags/subdag.py took 0.023 seconds
[2022-07-24 23:19:28,666] {processor.py:153} INFO - Started process (PID=13371) to work on /Users/pro/Documents/a_env/proj_data/lib/python3.7/site-packages/airflow/example_dags/subdags/subdag.py
[2022-07-24 23:19:28,667] {processor.py:641} INFO - Processing file /Users/pro/Documents/a_env/proj_data/lib/python3.7/site-packages/airflow/example_dags/subdags/subdag.py for tasks to queue
[2022-07-24 23:19:28,668] {logging_mixin.py:115} INFO - [2022-07-24 23:19:28,668] {dagbag.py:508} INFO - Filling up the DagBag from /Users/pro/Documents/a_env/proj_data/lib/python3.7/site-packages/airflow/example_dags/subdags/subdag.py
[2022-07-24 23:19:28,670] {processor.py:653} WARNING - No viable dags retrieved from /Users/pro/Documents/a_env/proj_data/lib/python3.7/site-packages/airflow/example_dags/subdags/subdag.py
[2022-07-24 23:19:28,684] {processor.py:161} INFO - Processing /Users/pro/Documents/a_env/proj_data/lib/python3.7/site-packages/airflow/example_dags/subdags/subdag.py took 0.022 seconds
[2022-07-24 23:20:01,736] {processor.py:153} INFO - Started process (PID=13414) to work on /Users/pro/Documents/a_env/proj_data/lib/python3.7/site-packages/airflow/example_dags/subdags/subdag.py
[2022-07-24 23:20:01,737] {processor.py:641} INFO - Processing file /Users/pro/Documents/a_env/proj_data/lib/python3.7/site-packages/airflow/example_dags/subdags/subdag.py for tasks to queue
[2022-07-24 23:20:01,738] {logging_mixin.py:115} INFO - [2022-07-24 23:20:01,738] {dagbag.py:508} INFO - Filling up the DagBag from /Users/pro/Documents/a_env/proj_data/lib/python3.7/site-packages/airflow/example_dags/subdags/subdag.py
[2022-07-24 23:20:01,741] {processor.py:653} WARNING - No viable dags retrieved from /Users/pro/Documents/a_env/proj_data/lib/python3.7/site-packages/airflow/example_dags/subdags/subdag.py
[2022-07-24 23:20:01,754] {processor.py:161} INFO - Processing /Users/pro/Documents/a_env/proj_data/lib/python3.7/site-packages/airflow/example_dags/subdags/subdag.py took 0.023 seconds
[2022-07-24 23:20:36,941] {processor.py:153} INFO - Started process (PID=13542) to work on /Users/pro/Documents/a_env/proj_data/lib/python3.7/site-packages/airflow/example_dags/subdags/subdag.py
[2022-07-24 23:20:36,943] {processor.py:641} INFO - Processing file /Users/pro/Documents/a_env/proj_data/lib/python3.7/site-packages/airflow/example_dags/subdags/subdag.py for tasks to queue
[2022-07-24 23:20:36,944] {logging_mixin.py:115} INFO - [2022-07-24 23:20:36,944] {dagbag.py:508} INFO - Filling up the DagBag from /Users/pro/Documents/a_env/proj_data/lib/python3.7/site-packages/airflow/example_dags/subdags/subdag.py
[2022-07-24 23:20:36,948] {processor.py:653} WARNING - No viable dags retrieved from /Users/pro/Documents/a_env/proj_data/lib/python3.7/site-packages/airflow/example_dags/subdags/subdag.py
[2022-07-24 23:20:36,961] {processor.py:161} INFO - Processing /Users/pro/Documents/a_env/proj_data/lib/python3.7/site-packages/airflow/example_dags/subdags/subdag.py took 0.024 seconds
[2022-07-24 23:21:11,479] {processor.py:153} INFO - Started process (PID=13827) to work on /Users/pro/Documents/a_env/proj_data/lib/python3.7/site-packages/airflow/example_dags/subdags/subdag.py
[2022-07-24 23:21:11,481] {processor.py:641} INFO - Processing file /Users/pro/Documents/a_env/proj_data/lib/python3.7/site-packages/airflow/example_dags/subdags/subdag.py for tasks to queue
[2022-07-24 23:21:11,482] {logging_mixin.py:115} INFO - [2022-07-24 23:21:11,482] {dagbag.py:508} INFO - Filling up the DagBag from /Users/pro/Documents/a_env/proj_data/lib/python3.7/site-packages/airflow/example_dags/subdags/subdag.py
[2022-07-24 23:21:11,486] {processor.py:653} WARNING - No viable dags retrieved from /Users/pro/Documents/a_env/proj_data/lib/python3.7/site-packages/airflow/example_dags/subdags/subdag.py
[2022-07-24 23:21:11,502] {processor.py:161} INFO - Processing /Users/pro/Documents/a_env/proj_data/lib/python3.7/site-packages/airflow/example_dags/subdags/subdag.py took 0.029 seconds
[2022-07-24 23:21:46,106] {processor.py:153} INFO - Started process (PID=13905) to work on /Users/pro/Documents/a_env/proj_data/lib/python3.7/site-packages/airflow/example_dags/subdags/subdag.py
[2022-07-24 23:21:46,108] {processor.py:641} INFO - Processing file /Users/pro/Documents/a_env/proj_data/lib/python3.7/site-packages/airflow/example_dags/subdags/subdag.py for tasks to queue
[2022-07-24 23:21:46,110] {logging_mixin.py:115} INFO - [2022-07-24 23:21:46,110] {dagbag.py:508} INFO - Filling up the DagBag from /Users/pro/Documents/a_env/proj_data/lib/python3.7/site-packages/airflow/example_dags/subdags/subdag.py
[2022-07-24 23:21:46,116] {processor.py:653} WARNING - No viable dags retrieved from /Users/pro/Documents/a_env/proj_data/lib/python3.7/site-packages/airflow/example_dags/subdags/subdag.py
[2022-07-24 23:21:46,134] {processor.py:161} INFO - Processing /Users/pro/Documents/a_env/proj_data/lib/python3.7/site-packages/airflow/example_dags/subdags/subdag.py took 0.033 seconds
[2022-07-24 23:22:17,294] {processor.py:153} INFO - Started process (PID=13992) to work on /Users/pro/Documents/a_env/proj_data/lib/python3.7/site-packages/airflow/example_dags/subdags/subdag.py
[2022-07-24 23:22:17,295] {processor.py:641} INFO - Processing file /Users/pro/Documents/a_env/proj_data/lib/python3.7/site-packages/airflow/example_dags/subdags/subdag.py for tasks to queue
[2022-07-24 23:22:17,296] {logging_mixin.py:115} INFO - [2022-07-24 23:22:17,296] {dagbag.py:508} INFO - Filling up the DagBag from /Users/pro/Documents/a_env/proj_data/lib/python3.7/site-packages/airflow/example_dags/subdags/subdag.py
[2022-07-24 23:22:17,299] {processor.py:653} WARNING - No viable dags retrieved from /Users/pro/Documents/a_env/proj_data/lib/python3.7/site-packages/airflow/example_dags/subdags/subdag.py
[2022-07-24 23:22:17,312] {processor.py:161} INFO - Processing /Users/pro/Documents/a_env/proj_data/lib/python3.7/site-packages/airflow/example_dags/subdags/subdag.py took 0.023 seconds
[2022-07-24 23:22:51,830] {processor.py:153} INFO - Started process (PID=14093) to work on /Users/pro/Documents/a_env/proj_data/lib/python3.7/site-packages/airflow/example_dags/subdags/subdag.py
[2022-07-24 23:22:51,831] {processor.py:641} INFO - Processing file /Users/pro/Documents/a_env/proj_data/lib/python3.7/site-packages/airflow/example_dags/subdags/subdag.py for tasks to queue
[2022-07-24 23:22:51,832] {logging_mixin.py:115} INFO - [2022-07-24 23:22:51,832] {dagbag.py:508} INFO - Filling up the DagBag from /Users/pro/Documents/a_env/proj_data/lib/python3.7/site-packages/airflow/example_dags/subdags/subdag.py
[2022-07-24 23:22:51,835] {processor.py:653} WARNING - No viable dags retrieved from /Users/pro/Documents/a_env/proj_data/lib/python3.7/site-packages/airflow/example_dags/subdags/subdag.py
[2022-07-24 23:22:51,850] {processor.py:161} INFO - Processing /Users/pro/Documents/a_env/proj_data/lib/python3.7/site-packages/airflow/example_dags/subdags/subdag.py took 0.027 seconds
[2022-07-24 23:23:25,456] {processor.py:153} INFO - Started process (PID=14210) to work on /Users/pro/Documents/a_env/proj_data/lib/python3.7/site-packages/airflow/example_dags/subdags/subdag.py
[2022-07-24 23:23:25,457] {processor.py:641} INFO - Processing file /Users/pro/Documents/a_env/proj_data/lib/python3.7/site-packages/airflow/example_dags/subdags/subdag.py for tasks to queue
[2022-07-24 23:23:25,458] {logging_mixin.py:115} INFO - [2022-07-24 23:23:25,458] {dagbag.py:508} INFO - Filling up the DagBag from /Users/pro/Documents/a_env/proj_data/lib/python3.7/site-packages/airflow/example_dags/subdags/subdag.py
[2022-07-24 23:23:25,461] {processor.py:653} WARNING - No viable dags retrieved from /Users/pro/Documents/a_env/proj_data/lib/python3.7/site-packages/airflow/example_dags/subdags/subdag.py
[2022-07-24 23:23:25,476] {processor.py:161} INFO - Processing /Users/pro/Documents/a_env/proj_data/lib/python3.7/site-packages/airflow/example_dags/subdags/subdag.py took 0.025 seconds
[2022-07-24 23:24:01,416] {processor.py:153} INFO - Started process (PID=14250) to work on /Users/pro/Documents/a_env/proj_data/lib/python3.7/site-packages/airflow/example_dags/subdags/subdag.py
[2022-07-24 23:24:01,417] {processor.py:641} INFO - Processing file /Users/pro/Documents/a_env/proj_data/lib/python3.7/site-packages/airflow/example_dags/subdags/subdag.py for tasks to queue
[2022-07-24 23:24:01,418] {logging_mixin.py:115} INFO - [2022-07-24 23:24:01,418] {dagbag.py:508} INFO - Filling up the DagBag from /Users/pro/Documents/a_env/proj_data/lib/python3.7/site-packages/airflow/example_dags/subdags/subdag.py
[2022-07-24 23:24:01,421] {processor.py:653} WARNING - No viable dags retrieved from /Users/pro/Documents/a_env/proj_data/lib/python3.7/site-packages/airflow/example_dags/subdags/subdag.py
[2022-07-24 23:24:01,435] {processor.py:161} INFO - Processing /Users/pro/Documents/a_env/proj_data/lib/python3.7/site-packages/airflow/example_dags/subdags/subdag.py took 0.023 seconds
[2022-07-24 23:24:35,477] {processor.py:153} INFO - Started process (PID=14376) to work on /Users/pro/Documents/a_env/proj_data/lib/python3.7/site-packages/airflow/example_dags/subdags/subdag.py
[2022-07-24 23:24:35,478] {processor.py:641} INFO - Processing file /Users/pro/Documents/a_env/proj_data/lib/python3.7/site-packages/airflow/example_dags/subdags/subdag.py for tasks to queue
[2022-07-24 23:24:35,479] {logging_mixin.py:115} INFO - [2022-07-24 23:24:35,478] {dagbag.py:508} INFO - Filling up the DagBag from /Users/pro/Documents/a_env/proj_data/lib/python3.7/site-packages/airflow/example_dags/subdags/subdag.py
[2022-07-24 23:24:35,481] {processor.py:653} WARNING - No viable dags retrieved from /Users/pro/Documents/a_env/proj_data/lib/python3.7/site-packages/airflow/example_dags/subdags/subdag.py
[2022-07-24 23:24:35,495] {processor.py:161} INFO - Processing /Users/pro/Documents/a_env/proj_data/lib/python3.7/site-packages/airflow/example_dags/subdags/subdag.py took 0.023 seconds
[2022-07-24 23:25:11,583] {processor.py:153} INFO - Started process (PID=14429) to work on /Users/pro/Documents/a_env/proj_data/lib/python3.7/site-packages/airflow/example_dags/subdags/subdag.py
[2022-07-24 23:25:11,585] {processor.py:641} INFO - Processing file /Users/pro/Documents/a_env/proj_data/lib/python3.7/site-packages/airflow/example_dags/subdags/subdag.py for tasks to queue
[2022-07-24 23:25:11,586] {logging_mixin.py:115} INFO - [2022-07-24 23:25:11,586] {dagbag.py:508} INFO - Filling up the DagBag from /Users/pro/Documents/a_env/proj_data/lib/python3.7/site-packages/airflow/example_dags/subdags/subdag.py
[2022-07-24 23:25:11,590] {processor.py:653} WARNING - No viable dags retrieved from /Users/pro/Documents/a_env/proj_data/lib/python3.7/site-packages/airflow/example_dags/subdags/subdag.py
[2022-07-24 23:25:11,606] {processor.py:161} INFO - Processing /Users/pro/Documents/a_env/proj_data/lib/python3.7/site-packages/airflow/example_dags/subdags/subdag.py took 0.028 seconds
[2022-07-24 23:25:46,897] {processor.py:153} INFO - Started process (PID=14480) to work on /Users/pro/Documents/a_env/proj_data/lib/python3.7/site-packages/airflow/example_dags/subdags/subdag.py
[2022-07-24 23:25:46,899] {processor.py:641} INFO - Processing file /Users/pro/Documents/a_env/proj_data/lib/python3.7/site-packages/airflow/example_dags/subdags/subdag.py for tasks to queue
[2022-07-24 23:25:46,901] {logging_mixin.py:115} INFO - [2022-07-24 23:25:46,900] {dagbag.py:508} INFO - Filling up the DagBag from /Users/pro/Documents/a_env/proj_data/lib/python3.7/site-packages/airflow/example_dags/subdags/subdag.py
[2022-07-24 23:25:46,904] {processor.py:653} WARNING - No viable dags retrieved from /Users/pro/Documents/a_env/proj_data/lib/python3.7/site-packages/airflow/example_dags/subdags/subdag.py
[2022-07-24 23:25:46,920] {processor.py:161} INFO - Processing /Users/pro/Documents/a_env/proj_data/lib/python3.7/site-packages/airflow/example_dags/subdags/subdag.py took 0.029 seconds
[2022-07-24 23:26:22,500] {processor.py:153} INFO - Started process (PID=14517) to work on /Users/pro/Documents/a_env/proj_data/lib/python3.7/site-packages/airflow/example_dags/subdags/subdag.py
[2022-07-24 23:26:22,501] {processor.py:641} INFO - Processing file /Users/pro/Documents/a_env/proj_data/lib/python3.7/site-packages/airflow/example_dags/subdags/subdag.py for tasks to queue
[2022-07-24 23:26:22,502] {logging_mixin.py:115} INFO - [2022-07-24 23:26:22,502] {dagbag.py:508} INFO - Filling up the DagBag from /Users/pro/Documents/a_env/proj_data/lib/python3.7/site-packages/airflow/example_dags/subdags/subdag.py
[2022-07-24 23:26:22,505] {processor.py:653} WARNING - No viable dags retrieved from /Users/pro/Documents/a_env/proj_data/lib/python3.7/site-packages/airflow/example_dags/subdags/subdag.py
[2022-07-24 23:26:22,519] {processor.py:161} INFO - Processing /Users/pro/Documents/a_env/proj_data/lib/python3.7/site-packages/airflow/example_dags/subdags/subdag.py took 0.024 seconds
[2022-07-24 23:26:57,426] {processor.py:153} INFO - Started process (PID=14578) to work on /Users/pro/Documents/a_env/proj_data/lib/python3.7/site-packages/airflow/example_dags/subdags/subdag.py
[2022-07-24 23:26:57,427] {processor.py:641} INFO - Processing file /Users/pro/Documents/a_env/proj_data/lib/python3.7/site-packages/airflow/example_dags/subdags/subdag.py for tasks to queue
[2022-07-24 23:26:57,429] {logging_mixin.py:115} INFO - [2022-07-24 23:26:57,429] {dagbag.py:508} INFO - Filling up the DagBag from /Users/pro/Documents/a_env/proj_data/lib/python3.7/site-packages/airflow/example_dags/subdags/subdag.py
[2022-07-24 23:26:57,432] {processor.py:653} WARNING - No viable dags retrieved from /Users/pro/Documents/a_env/proj_data/lib/python3.7/site-packages/airflow/example_dags/subdags/subdag.py
[2022-07-24 23:26:57,447] {processor.py:161} INFO - Processing /Users/pro/Documents/a_env/proj_data/lib/python3.7/site-packages/airflow/example_dags/subdags/subdag.py took 0.027 seconds
[2022-07-24 23:27:31,252] {processor.py:153} INFO - Started process (PID=14683) to work on /Users/pro/Documents/a_env/proj_data/lib/python3.7/site-packages/airflow/example_dags/subdags/subdag.py
[2022-07-24 23:27:31,254] {processor.py:641} INFO - Processing file /Users/pro/Documents/a_env/proj_data/lib/python3.7/site-packages/airflow/example_dags/subdags/subdag.py for tasks to queue
[2022-07-24 23:27:31,255] {logging_mixin.py:115} INFO - [2022-07-24 23:27:31,255] {dagbag.py:508} INFO - Filling up the DagBag from /Users/pro/Documents/a_env/proj_data/lib/python3.7/site-packages/airflow/example_dags/subdags/subdag.py
[2022-07-24 23:27:31,259] {processor.py:653} WARNING - No viable dags retrieved from /Users/pro/Documents/a_env/proj_data/lib/python3.7/site-packages/airflow/example_dags/subdags/subdag.py
[2022-07-24 23:27:31,272] {processor.py:161} INFO - Processing /Users/pro/Documents/a_env/proj_data/lib/python3.7/site-packages/airflow/example_dags/subdags/subdag.py took 0.025 seconds
[2022-07-24 23:28:05,225] {processor.py:153} INFO - Started process (PID=14771) to work on /Users/pro/Documents/a_env/proj_data/lib/python3.7/site-packages/airflow/example_dags/subdags/subdag.py
[2022-07-24 23:28:05,227] {processor.py:641} INFO - Processing file /Users/pro/Documents/a_env/proj_data/lib/python3.7/site-packages/airflow/example_dags/subdags/subdag.py for tasks to queue
[2022-07-24 23:28:05,229] {logging_mixin.py:115} INFO - [2022-07-24 23:28:05,228] {dagbag.py:508} INFO - Filling up the DagBag from /Users/pro/Documents/a_env/proj_data/lib/python3.7/site-packages/airflow/example_dags/subdags/subdag.py
[2022-07-24 23:28:05,232] {processor.py:653} WARNING - No viable dags retrieved from /Users/pro/Documents/a_env/proj_data/lib/python3.7/site-packages/airflow/example_dags/subdags/subdag.py
[2022-07-24 23:28:05,248] {processor.py:161} INFO - Processing /Users/pro/Documents/a_env/proj_data/lib/python3.7/site-packages/airflow/example_dags/subdags/subdag.py took 0.028 seconds
[2022-07-24 23:28:39,416] {processor.py:153} INFO - Started process (PID=14838) to work on /Users/pro/Documents/a_env/proj_data/lib/python3.7/site-packages/airflow/example_dags/subdags/subdag.py
[2022-07-24 23:28:39,418] {processor.py:641} INFO - Processing file /Users/pro/Documents/a_env/proj_data/lib/python3.7/site-packages/airflow/example_dags/subdags/subdag.py for tasks to queue
[2022-07-24 23:28:39,419] {logging_mixin.py:115} INFO - [2022-07-24 23:28:39,419] {dagbag.py:508} INFO - Filling up the DagBag from /Users/pro/Documents/a_env/proj_data/lib/python3.7/site-packages/airflow/example_dags/subdags/subdag.py
[2022-07-24 23:28:39,422] {processor.py:653} WARNING - No viable dags retrieved from /Users/pro/Documents/a_env/proj_data/lib/python3.7/site-packages/airflow/example_dags/subdags/subdag.py
[2022-07-24 23:28:39,437] {processor.py:161} INFO - Processing /Users/pro/Documents/a_env/proj_data/lib/python3.7/site-packages/airflow/example_dags/subdags/subdag.py took 0.026 seconds
[2022-07-24 23:29:13,826] {processor.py:153} INFO - Started process (PID=14872) to work on /Users/pro/Documents/a_env/proj_data/lib/python3.7/site-packages/airflow/example_dags/subdags/subdag.py
[2022-07-24 23:29:13,827] {processor.py:641} INFO - Processing file /Users/pro/Documents/a_env/proj_data/lib/python3.7/site-packages/airflow/example_dags/subdags/subdag.py for tasks to queue
[2022-07-24 23:29:13,828] {logging_mixin.py:115} INFO - [2022-07-24 23:29:13,827] {dagbag.py:508} INFO - Filling up the DagBag from /Users/pro/Documents/a_env/proj_data/lib/python3.7/site-packages/airflow/example_dags/subdags/subdag.py
[2022-07-24 23:29:13,830] {processor.py:653} WARNING - No viable dags retrieved from /Users/pro/Documents/a_env/proj_data/lib/python3.7/site-packages/airflow/example_dags/subdags/subdag.py
[2022-07-24 23:29:13,845] {processor.py:161} INFO - Processing /Users/pro/Documents/a_env/proj_data/lib/python3.7/site-packages/airflow/example_dags/subdags/subdag.py took 0.024 seconds
[2022-07-24 23:29:48,375] {processor.py:153} INFO - Started process (PID=14908) to work on /Users/pro/Documents/a_env/proj_data/lib/python3.7/site-packages/airflow/example_dags/subdags/subdag.py
[2022-07-24 23:29:48,376] {processor.py:641} INFO - Processing file /Users/pro/Documents/a_env/proj_data/lib/python3.7/site-packages/airflow/example_dags/subdags/subdag.py for tasks to queue
[2022-07-24 23:29:48,378] {logging_mixin.py:115} INFO - [2022-07-24 23:29:48,377] {dagbag.py:508} INFO - Filling up the DagBag from /Users/pro/Documents/a_env/proj_data/lib/python3.7/site-packages/airflow/example_dags/subdags/subdag.py
[2022-07-24 23:29:48,381] {processor.py:653} WARNING - No viable dags retrieved from /Users/pro/Documents/a_env/proj_data/lib/python3.7/site-packages/airflow/example_dags/subdags/subdag.py
[2022-07-24 23:29:48,398] {processor.py:161} INFO - Processing /Users/pro/Documents/a_env/proj_data/lib/python3.7/site-packages/airflow/example_dags/subdags/subdag.py took 0.029 seconds
[2022-07-24 23:30:21,595] {processor.py:153} INFO - Started process (PID=14957) to work on /Users/pro/Documents/a_env/proj_data/lib/python3.7/site-packages/airflow/example_dags/subdags/subdag.py
[2022-07-24 23:30:21,598] {processor.py:641} INFO - Processing file /Users/pro/Documents/a_env/proj_data/lib/python3.7/site-packages/airflow/example_dags/subdags/subdag.py for tasks to queue
[2022-07-24 23:30:21,599] {logging_mixin.py:115} INFO - [2022-07-24 23:30:21,599] {dagbag.py:508} INFO - Filling up the DagBag from /Users/pro/Documents/a_env/proj_data/lib/python3.7/site-packages/airflow/example_dags/subdags/subdag.py
[2022-07-24 23:30:21,603] {processor.py:653} WARNING - No viable dags retrieved from /Users/pro/Documents/a_env/proj_data/lib/python3.7/site-packages/airflow/example_dags/subdags/subdag.py
[2022-07-24 23:30:21,619] {processor.py:161} INFO - Processing /Users/pro/Documents/a_env/proj_data/lib/python3.7/site-packages/airflow/example_dags/subdags/subdag.py took 0.029 seconds
[2022-07-24 23:30:54,556] {processor.py:153} INFO - Started process (PID=14996) to work on /Users/pro/Documents/a_env/proj_data/lib/python3.7/site-packages/airflow/example_dags/subdags/subdag.py
[2022-07-24 23:30:54,557] {processor.py:641} INFO - Processing file /Users/pro/Documents/a_env/proj_data/lib/python3.7/site-packages/airflow/example_dags/subdags/subdag.py for tasks to queue
[2022-07-24 23:30:54,558] {logging_mixin.py:115} INFO - [2022-07-24 23:30:54,558] {dagbag.py:508} INFO - Filling up the DagBag from /Users/pro/Documents/a_env/proj_data/lib/python3.7/site-packages/airflow/example_dags/subdags/subdag.py
[2022-07-24 23:30:54,561] {processor.py:653} WARNING - No viable dags retrieved from /Users/pro/Documents/a_env/proj_data/lib/python3.7/site-packages/airflow/example_dags/subdags/subdag.py
[2022-07-24 23:30:54,574] {processor.py:161} INFO - Processing /Users/pro/Documents/a_env/proj_data/lib/python3.7/site-packages/airflow/example_dags/subdags/subdag.py took 0.023 seconds
[2022-07-24 23:31:29,078] {processor.py:153} INFO - Started process (PID=15032) to work on /Users/pro/Documents/a_env/proj_data/lib/python3.7/site-packages/airflow/example_dags/subdags/subdag.py
[2022-07-24 23:31:29,080] {processor.py:641} INFO - Processing file /Users/pro/Documents/a_env/proj_data/lib/python3.7/site-packages/airflow/example_dags/subdags/subdag.py for tasks to queue
[2022-07-24 23:31:29,081] {logging_mixin.py:115} INFO - [2022-07-24 23:31:29,081] {dagbag.py:508} INFO - Filling up the DagBag from /Users/pro/Documents/a_env/proj_data/lib/python3.7/site-packages/airflow/example_dags/subdags/subdag.py
[2022-07-24 23:31:29,085] {processor.py:653} WARNING - No viable dags retrieved from /Users/pro/Documents/a_env/proj_data/lib/python3.7/site-packages/airflow/example_dags/subdags/subdag.py
[2022-07-24 23:31:29,101] {processor.py:161} INFO - Processing /Users/pro/Documents/a_env/proj_data/lib/python3.7/site-packages/airflow/example_dags/subdags/subdag.py took 0.029 seconds
[2022-07-24 23:32:03,098] {processor.py:153} INFO - Started process (PID=15138) to work on /Users/pro/Documents/a_env/proj_data/lib/python3.7/site-packages/airflow/example_dags/subdags/subdag.py
[2022-07-24 23:32:03,101] {processor.py:641} INFO - Processing file /Users/pro/Documents/a_env/proj_data/lib/python3.7/site-packages/airflow/example_dags/subdags/subdag.py for tasks to queue
[2022-07-24 23:32:03,103] {logging_mixin.py:115} INFO - [2022-07-24 23:32:03,103] {dagbag.py:508} INFO - Filling up the DagBag from /Users/pro/Documents/a_env/proj_data/lib/python3.7/site-packages/airflow/example_dags/subdags/subdag.py
[2022-07-24 23:32:03,107] {processor.py:653} WARNING - No viable dags retrieved from /Users/pro/Documents/a_env/proj_data/lib/python3.7/site-packages/airflow/example_dags/subdags/subdag.py
[2022-07-24 23:32:03,128] {processor.py:161} INFO - Processing /Users/pro/Documents/a_env/proj_data/lib/python3.7/site-packages/airflow/example_dags/subdags/subdag.py took 0.037 seconds
[2022-07-24 23:32:38,347] {processor.py:153} INFO - Started process (PID=15203) to work on /Users/pro/Documents/a_env/proj_data/lib/python3.7/site-packages/airflow/example_dags/subdags/subdag.py
[2022-07-24 23:32:38,349] {processor.py:641} INFO - Processing file /Users/pro/Documents/a_env/proj_data/lib/python3.7/site-packages/airflow/example_dags/subdags/subdag.py for tasks to queue
[2022-07-24 23:32:38,350] {logging_mixin.py:115} INFO - [2022-07-24 23:32:38,350] {dagbag.py:508} INFO - Filling up the DagBag from /Users/pro/Documents/a_env/proj_data/lib/python3.7/site-packages/airflow/example_dags/subdags/subdag.py
[2022-07-24 23:32:38,355] {processor.py:653} WARNING - No viable dags retrieved from /Users/pro/Documents/a_env/proj_data/lib/python3.7/site-packages/airflow/example_dags/subdags/subdag.py
[2022-07-24 23:32:38,384] {processor.py:161} INFO - Processing /Users/pro/Documents/a_env/proj_data/lib/python3.7/site-packages/airflow/example_dags/subdags/subdag.py took 0.042 seconds
[2022-07-24 23:33:13,611] {processor.py:153} INFO - Started process (PID=15303) to work on /Users/pro/Documents/a_env/proj_data/lib/python3.7/site-packages/airflow/example_dags/subdags/subdag.py
[2022-07-24 23:33:13,612] {processor.py:641} INFO - Processing file /Users/pro/Documents/a_env/proj_data/lib/python3.7/site-packages/airflow/example_dags/subdags/subdag.py for tasks to queue
[2022-07-24 23:33:13,613] {logging_mixin.py:115} INFO - [2022-07-24 23:33:13,612] {dagbag.py:508} INFO - Filling up the DagBag from /Users/pro/Documents/a_env/proj_data/lib/python3.7/site-packages/airflow/example_dags/subdags/subdag.py
[2022-07-24 23:33:13,615] {processor.py:653} WARNING - No viable dags retrieved from /Users/pro/Documents/a_env/proj_data/lib/python3.7/site-packages/airflow/example_dags/subdags/subdag.py
[2022-07-24 23:33:13,628] {processor.py:161} INFO - Processing /Users/pro/Documents/a_env/proj_data/lib/python3.7/site-packages/airflow/example_dags/subdags/subdag.py took 0.022 seconds
[2022-07-24 23:33:47,879] {processor.py:153} INFO - Started process (PID=15396) to work on /Users/pro/Documents/a_env/proj_data/lib/python3.7/site-packages/airflow/example_dags/subdags/subdag.py
[2022-07-24 23:33:47,880] {processor.py:641} INFO - Processing file /Users/pro/Documents/a_env/proj_data/lib/python3.7/site-packages/airflow/example_dags/subdags/subdag.py for tasks to queue
[2022-07-24 23:33:47,881] {logging_mixin.py:115} INFO - [2022-07-24 23:33:47,881] {dagbag.py:508} INFO - Filling up the DagBag from /Users/pro/Documents/a_env/proj_data/lib/python3.7/site-packages/airflow/example_dags/subdags/subdag.py
[2022-07-24 23:33:47,884] {processor.py:653} WARNING - No viable dags retrieved from /Users/pro/Documents/a_env/proj_data/lib/python3.7/site-packages/airflow/example_dags/subdags/subdag.py
[2022-07-24 23:33:47,900] {processor.py:161} INFO - Processing /Users/pro/Documents/a_env/proj_data/lib/python3.7/site-packages/airflow/example_dags/subdags/subdag.py took 0.026 seconds
[2022-07-24 23:34:22,948] {processor.py:153} INFO - Started process (PID=15493) to work on /Users/pro/Documents/a_env/proj_data/lib/python3.7/site-packages/airflow/example_dags/subdags/subdag.py
[2022-07-24 23:34:22,950] {processor.py:641} INFO - Processing file /Users/pro/Documents/a_env/proj_data/lib/python3.7/site-packages/airflow/example_dags/subdags/subdag.py for tasks to queue
[2022-07-24 23:34:22,951] {logging_mixin.py:115} INFO - [2022-07-24 23:34:22,951] {dagbag.py:508} INFO - Filling up the DagBag from /Users/pro/Documents/a_env/proj_data/lib/python3.7/site-packages/airflow/example_dags/subdags/subdag.py
[2022-07-24 23:34:22,954] {processor.py:653} WARNING - No viable dags retrieved from /Users/pro/Documents/a_env/proj_data/lib/python3.7/site-packages/airflow/example_dags/subdags/subdag.py
[2022-07-24 23:34:22,968] {processor.py:161} INFO - Processing /Users/pro/Documents/a_env/proj_data/lib/python3.7/site-packages/airflow/example_dags/subdags/subdag.py took 0.025 seconds
