[2022-07-24 23:12:02 +0800] [12385] [INFO] Starting gunicorn 20.1.0
[2022-07-24 23:12:02 +0800] [12385] [INFO] Listening at: http://0.0.0.0:8793 (12385)
[2022-07-24 23:12:02 +0800] [12385] [INFO] Using worker: sync
[2022-07-24 23:12:02 +0800] [12387] [INFO] Booting worker with pid: 12387
[2022-07-24 23:12:02 +0800] [12389] [INFO] Booting worker with pid: 12389
[2022-07-24 23:51:00 +0800] [12385] [CRITICAL] WORKER TIMEOUT (pid:12387)
[2022-07-24 23:51:00 +0800] [12385] [CRITICAL] WORKER TIMEOUT (pid:12389)
[2022-07-24 23:51:00 +0800] [12389] [INFO] Worker exiting (pid: 12389)
[2022-07-24 23:51:00 +0800] [12387] [INFO] Worker exiting (pid: 12387)
[2022-07-24 23:51:00 +0800] [17308] [INFO] Booting worker with pid: 17308
[2022-07-24 23:51:01 +0800] [17309] [INFO] Booting worker with pid: 17309
[2022-07-25 00:21:47 +0800] [12385] [CRITICAL] WORKER TIMEOUT (pid:17308)
[2022-07-25 00:21:47 +0800] [12385] [CRITICAL] WORKER TIMEOUT (pid:17309)
[2022-07-25 00:21:47 +0800] [17309] [INFO] Worker exiting (pid: 17309)
[2022-07-25 00:21:47 +0800] [17308] [INFO] Worker exiting (pid: 17308)
[2022-07-25 00:21:47 +0800] [17396] [INFO] Booting worker with pid: 17396
[2022-07-25 00:21:48 +0800] [17402] [INFO] Booting worker with pid: 17402
[2022-07-25 00:36:49 +0800] [12385] [CRITICAL] WORKER TIMEOUT (pid:17396)
[2022-07-25 00:36:49 +0800] [12385] [CRITICAL] WORKER TIMEOUT (pid:17402)
[2022-07-25 00:36:49 +0800] [17402] [INFO] Worker exiting (pid: 17402)
[2022-07-25 00:36:49 +0800] [17396] [INFO] Worker exiting (pid: 17396)
[2022-07-25 00:36:49 +0800] [17543] [INFO] Booting worker with pid: 17543
[2022-07-25 00:36:49 +0800] [17546] [INFO] Booting worker with pid: 17546
[2022-07-25 00:51:51 +0800] [12385] [CRITICAL] WORKER TIMEOUT (pid:17543)
[2022-07-25 00:51:51 +0800] [12385] [CRITICAL] WORKER TIMEOUT (pid:17546)
[2022-07-25 00:51:51 +0800] [17543] [INFO] Worker exiting (pid: 17543)
[2022-07-25 00:51:51 +0800] [17546] [INFO] Worker exiting (pid: 17546)
[2022-07-25 00:51:51 +0800] [17660] [INFO] Booting worker with pid: 17660
[2022-07-25 00:51:51 +0800] [12385] [WARNING] Worker with pid 17546 was terminated due to signal 9
[2022-07-25 00:51:51 +0800] [17662] [INFO] Booting worker with pid: 17662
[2022-07-25 00:57:38 +0800] [12385] [CRITICAL] WORKER TIMEOUT (pid:17660)
[2022-07-25 00:57:38 +0800] [12385] [CRITICAL] WORKER TIMEOUT (pid:17662)
[2022-07-25 00:57:38 +0800] [17660] [INFO] Worker exiting (pid: 17660)
[2022-07-25 00:57:38 +0800] [17662] [INFO] Worker exiting (pid: 17662)
[2022-07-25 00:57:38 +0800] [17703] [INFO] Booting worker with pid: 17703
[2022-07-25 00:57:38 +0800] [17705] [INFO] Booting worker with pid: 17705
[2022-07-25 01:12:40 +0800] [12385] [CRITICAL] WORKER TIMEOUT (pid:17703)
[2022-07-25 01:12:40 +0800] [12385] [CRITICAL] WORKER TIMEOUT (pid:17705)
[2022-07-25 01:12:40 +0800] [17703] [INFO] Worker exiting (pid: 17703)
[2022-07-25 01:12:40 +0800] [17705] [INFO] Worker exiting (pid: 17705)
[2022-07-25 01:12:40 +0800] [17759] [INFO] Booting worker with pid: 17759
[2022-07-25 01:12:40 +0800] [17760] [INFO] Booting worker with pid: 17760
[2022-07-25 01:27:42 +0800] [12385] [CRITICAL] WORKER TIMEOUT (pid:17759)
[2022-07-25 01:27:42 +0800] [12385] [CRITICAL] WORKER TIMEOUT (pid:17760)
[2022-07-25 01:27:42 +0800] [17759] [INFO] Worker exiting (pid: 17759)
[2022-07-25 01:27:42 +0800] [17760] [INFO] Worker exiting (pid: 17760)
[2022-07-25 01:27:42 +0800] [12385] [WARNING] Worker with pid 17760 was terminated due to signal 9
[2022-07-25 01:27:42 +0800] [17868] [INFO] Booting worker with pid: 17868
[2022-07-25 01:27:42 +0800] [17870] [INFO] Booting worker with pid: 17870
[2022-07-25 01:42:44 +0800] [12385] [CRITICAL] WORKER TIMEOUT (pid:17868)
[2022-07-25 01:42:44 +0800] [12385] [CRITICAL] WORKER TIMEOUT (pid:17870)
[2022-07-25 01:42:44 +0800] [17868] [INFO] Worker exiting (pid: 17868)
[2022-07-25 01:42:44 +0800] [17870] [INFO] Worker exiting (pid: 17870)
[2022-07-25 01:42:44 +0800] [18077] [INFO] Booting worker with pid: 18077
[2022-07-25 01:42:44 +0800] [18078] [INFO] Booting worker with pid: 18078
[2022-07-25 01:57:46 +0800] [12385] [CRITICAL] WORKER TIMEOUT (pid:18077)
[2022-07-25 01:57:46 +0800] [12385] [CRITICAL] WORKER TIMEOUT (pid:18078)
[2022-07-25 01:57:46 +0800] [18078] [INFO] Worker exiting (pid: 18078)
[2022-07-25 01:57:46 +0800] [12385] [WARNING] Worker with pid 18077 was terminated due to signal 9
[2022-07-25 01:57:46 +0800] [18161] [INFO] Booting worker with pid: 18161
[2022-07-25 01:57:46 +0800] [18163] [INFO] Booting worker with pid: 18163
[2022-07-25 04:57:47 +0800] [12385] [CRITICAL] WORKER TIMEOUT (pid:18161)
[2022-07-25 04:57:47 +0800] [12385] [CRITICAL] WORKER TIMEOUT (pid:18163)
[2022-07-25 04:57:47 +0800] [18161] [INFO] Worker exiting (pid: 18161)
[2022-07-25 04:57:47 +0800] [12385] [WARNING] Worker with pid 18163 was terminated due to signal 9
[2022-07-25 04:57:47 +0800] [18223] [INFO] Booting worker with pid: 18223
[2022-07-25 04:57:47 +0800] [18225] [INFO] Booting worker with pid: 18225
[2022-07-25 05:57:48 +0800] [12385] [CRITICAL] WORKER TIMEOUT (pid:18223)
[2022-07-25 05:57:48 +0800] [12385] [CRITICAL] WORKER TIMEOUT (pid:18225)
[2022-07-25 05:57:48 +0800] [18225] [INFO] Worker exiting (pid: 18225)
[2022-07-25 05:57:48 +0800] [18223] [INFO] Worker exiting (pid: 18223)
[2022-07-25 05:57:48 +0800] [18338] [INFO] Booting worker with pid: 18338
[2022-07-25 05:57:48 +0800] [18340] [INFO] Booting worker with pid: 18340
[2022-07-25 07:27:04 +0800] [12385] [CRITICAL] WORKER TIMEOUT (pid:18338)
[2022-07-25 07:27:05 +0800] [12385] [CRITICAL] WORKER TIMEOUT (pid:18340)
[2022-07-25 07:27:05 +0800] [18338] [INFO] Worker exiting (pid: 18338)
[2022-07-25 07:27:05 +0800] [18340] [INFO] Worker exiting (pid: 18340)
[2022-07-25 07:27:05 +0800] [18403] [INFO] Booting worker with pid: 18403
[2022-07-25 07:27:05 +0800] [18404] [INFO] Booting worker with pid: 18404
[2022-07-25 09:57:58 +0800] [12385] [CRITICAL] WORKER TIMEOUT (pid:18403)
[2022-07-25 09:57:58 +0800] [12385] [CRITICAL] WORKER TIMEOUT (pid:18404)
[2022-07-25 09:57:58 +0800] [18403] [INFO] Worker exiting (pid: 18403)
[2022-07-25 09:57:58 +0800] [18404] [INFO] Worker exiting (pid: 18404)
[2022-07-25 09:57:58 +0800] [18459] [INFO] Booting worker with pid: 18459
[2022-07-25 09:57:58 +0800] [18460] [INFO] Booting worker with pid: 18460
[2022-07-25 12:58:03 +0800] [12385] [CRITICAL] WORKER TIMEOUT (pid:18459)
[2022-07-25 12:58:03 +0800] [12385] [CRITICAL] WORKER TIMEOUT (pid:18460)
[2022-07-25 12:58:03 +0800] [18459] [INFO] Worker exiting (pid: 18459)
[2022-07-25 12:58:03 +0800] [18460] [INFO] Worker exiting (pid: 18460)
[2022-07-25 12:58:03 +0800] [18487] [INFO] Booting worker with pid: 18487
[2022-07-25 12:58:03 +0800] [18488] [INFO] Booting worker with pid: 18488
[2022-07-25 14:28:03 +0800] [12385] [CRITICAL] WORKER TIMEOUT (pid:18487)
[2022-07-25 14:28:03 +0800] [12385] [CRITICAL] WORKER TIMEOUT (pid:18488)
[2022-07-25 14:28:03 +0800] [18488] [INFO] Worker exiting (pid: 18488)
[2022-07-25 14:28:03 +0800] [18487] [INFO] Worker exiting (pid: 18487)
[2022-07-25 14:28:03 +0800] [18522] [INFO] Booting worker with pid: 18522
[2022-07-25 14:28:03 +0800] [18523] [INFO] Booting worker with pid: 18523
[2022-07-25 15:15:05 +0800] [12385] [CRITICAL] WORKER TIMEOUT (pid:18522)
[2022-07-25 15:15:05 +0800] [12385] [CRITICAL] WORKER TIMEOUT (pid:18523)
[2022-07-25 15:15:05 +0800] [18523] [INFO] Worker exiting (pid: 18523)
[2022-07-25 15:15:05 +0800] [18522] [INFO] Worker exiting (pid: 18522)
[2022-07-25 15:15:05 +0800] [18547] [INFO] Booting worker with pid: 18547
[2022-07-25 15:15:05 +0800] [18548] [INFO] Booting worker with pid: 18548
[2022-07-25 15:28:04 +0800] [12385] [CRITICAL] WORKER TIMEOUT (pid:18547)
[2022-07-25 15:28:04 +0800] [12385] [CRITICAL] WORKER TIMEOUT (pid:18548)
[2022-07-25 15:28:04 +0800] [18547] [INFO] Worker exiting (pid: 18547)
[2022-07-25 15:28:04 +0800] [18548] [INFO] Worker exiting (pid: 18548)
[2022-07-25 15:28:04 +0800] [18569] [INFO] Booting worker with pid: 18569
[2022-07-25 15:28:04 +0800] [18568] [INFO] Booting worker with pid: 18568
[2022-07-25 16:30:00 +0800] [12385] [CRITICAL] WORKER TIMEOUT (pid:18568)
[2022-07-25 16:30:00 +0800] [12385] [CRITICAL] WORKER TIMEOUT (pid:18569)
[2022-07-25 16:30:00 +0800] [18568] [INFO] Worker exiting (pid: 18568)
[2022-07-25 16:30:00 +0800] [12385] [WARNING] Worker with pid 18569 was terminated due to signal 9
[2022-07-25 16:30:00 +0800] [18592] [INFO] Booting worker with pid: 18592
[2022-07-25 16:30:00 +0800] [18595] [INFO] Booting worker with pid: 18595
[2022-07-25 19:28:10 +0800] [12385] [CRITICAL] WORKER TIMEOUT (pid:18592)
[2022-07-25 19:28:10 +0800] [18592] [INFO] Worker exiting (pid: 18592)
[2022-07-25 19:28:10 +0800] [12385] [CRITICAL] WORKER TIMEOUT (pid:18595)
[2022-07-25 19:28:10 +0800] [18595] [INFO] Worker exiting (pid: 18595)
[2022-07-25 19:28:10 +0800] [18615] [INFO] Booting worker with pid: 18615
[2022-07-25 19:28:10 +0800] [18621] [INFO] Booting worker with pid: 18621
[2022-07-25 19:58:08 +0800] [12385] [CRITICAL] WORKER TIMEOUT (pid:18615)
[2022-07-25 19:58:09 +0800] [12385] [CRITICAL] WORKER TIMEOUT (pid:18621)
[2022-07-25 19:58:09 +0800] [18615] [INFO] Worker exiting (pid: 18615)
[2022-07-25 19:58:09 +0800] [18621] [INFO] Worker exiting (pid: 18621)
[2022-07-25 19:58:09 +0800] [18644] [INFO] Booting worker with pid: 18644
[2022-07-25 19:58:09 +0800] [18647] [INFO] Booting worker with pid: 18647
[2022-07-25 20:58:14 +0800] [12385] [CRITICAL] WORKER TIMEOUT (pid:18644)
[2022-07-25 20:58:14 +0800] [12385] [CRITICAL] WORKER TIMEOUT (pid:18647)
[2022-07-25 20:58:14 +0800] [18644] [INFO] Worker exiting (pid: 18644)
[2022-07-25 20:58:14 +0800] [18647] [INFO] Worker exiting (pid: 18647)
[2022-07-25 20:58:14 +0800] [18663] [INFO] Booting worker with pid: 18663
[2022-07-25 20:58:14 +0800] [18665] [INFO] Booting worker with pid: 18665
[2022-07-25 21:45:41 +0800] [12385] [CRITICAL] WORKER TIMEOUT (pid:18663)
[2022-07-25 21:45:41 +0800] [12385] [CRITICAL] WORKER TIMEOUT (pid:18665)
[2022-07-25 21:45:41 +0800] [18665] [INFO] Worker exiting (pid: 18665)
[2022-07-25 21:45:41 +0800] [18663] [INFO] Worker exiting (pid: 18663)
[2022-07-25 21:45:41 +0800] [18689] [INFO] Booting worker with pid: 18689
[2022-07-25 21:45:41 +0800] [18690] [INFO] Booting worker with pid: 18690
[2022-07-25 22:15:58 +0800] [12385] [CRITICAL] WORKER TIMEOUT (pid:18689)
[2022-07-25 22:15:59 +0800] [18689] [INFO] Worker exiting (pid: 18689)
[2022-07-25 22:15:59 +0800] [20402] [INFO] Booting worker with pid: 20402
[2022-07-25 22:21:45 +0800] [12385] [CRITICAL] WORKER TIMEOUT (pid:18690)
[2022-07-25 22:21:45 +0800] [12385] [CRITICAL] WORKER TIMEOUT (pid:20402)
[2022-07-25 22:21:45 +0800] [20402] [INFO] Worker exiting (pid: 20402)
[2022-07-25 22:21:45 +0800] [18690] [INFO] Worker exiting (pid: 18690)
[2022-07-25 22:21:45 +0800] [20498] [INFO] Booting worker with pid: 20498
[2022-07-25 22:21:45 +0800] [20505] [INFO] Booting worker with pid: 20505
[2022-07-25 22:37:37 +0800] [12385] [CRITICAL] WORKER TIMEOUT (pid:20498)
[2022-07-25 22:37:37 +0800] [20498] [INFO] Worker exiting (pid: 20498)
[2022-07-25 22:37:37 +0800] [12385] [CRITICAL] WORKER TIMEOUT (pid:20505)
[2022-07-25 22:37:37 +0800] [20505] [INFO] Worker exiting (pid: 20505)
[2022-07-25 22:37:37 +0800] [20561] [INFO] Booting worker with pid: 20561
[2022-07-25 22:37:37 +0800] [20563] [INFO] Booting worker with pid: 20563
[2022-07-25 22:56:35 +0800] [12385] [CRITICAL] WORKER TIMEOUT (pid:20561)
[2022-07-25 22:56:36 +0800] [12385] [CRITICAL] WORKER TIMEOUT (pid:20563)
[2022-07-25 22:56:36 +0800] [20561] [INFO] Worker exiting (pid: 20561)
[2022-07-25 22:56:36 +0800] [20563] [INFO] Worker exiting (pid: 20563)
[2022-07-25 22:56:36 +0800] [12385] [WARNING] Worker with pid 20563 was terminated due to signal 9
[2022-07-25 22:56:36 +0800] [20661] [INFO] Booting worker with pid: 20661
[2022-07-25 22:56:36 +0800] [20663] [INFO] Booting worker with pid: 20663
