[2022-08-06 21:09:44,234] {processor.py:153} INFO - Started process (PID=91546) to work on /Users/pro/Documents/a_env/proj_data/lib/python3.7/site-packages/airflow/example_dags/example_task_group_decorator.py
[2022-08-06 21:09:44,235] {processor.py:641} INFO - Processing file /Users/pro/Documents/a_env/proj_data/lib/python3.7/site-packages/airflow/example_dags/example_task_group_decorator.py for tasks to queue
[2022-08-06 21:09:44,236] {logging_mixin.py:115} INFO - [2022-08-06 21:09:44,236] {dagbag.py:508} INFO - Filling up the DagBag from /Users/pro/Documents/a_env/proj_data/lib/python3.7/site-packages/airflow/example_dags/example_task_group_decorator.py
[2022-08-06 21:09:44,273] {processor.py:651} INFO - DAG(s) dict_keys(['example_task_group_decorator']) retrieved from /Users/pro/Documents/a_env/proj_data/lib/python3.7/site-packages/airflow/example_dags/example_task_group_decorator.py
[2022-08-06 21:09:44,379] {logging_mixin.py:115} INFO - [2022-08-06 21:09:44,379] {dag.py:2420} INFO - Sync 1 DAGs
[2022-08-06 21:09:44,402] {logging_mixin.py:115} INFO - [2022-08-06 21:09:44,402] {dag.py:2972} INFO - Setting next_dagrun for example_task_group_decorator to 2022-08-05T13:09:44.401993+00:00, run_after=2022-08-06T13:09:44.401993+00:00
[2022-08-06 21:09:44,425] {processor.py:161} INFO - Processing /Users/pro/Documents/a_env/proj_data/lib/python3.7/site-packages/airflow/example_dags/example_task_group_decorator.py took 0.195 seconds
[2022-08-06 21:10:20,405] {processor.py:153} INFO - Started process (PID=91592) to work on /Users/pro/Documents/a_env/proj_data/lib/python3.7/site-packages/airflow/example_dags/example_task_group_decorator.py
[2022-08-06 21:10:20,407] {processor.py:641} INFO - Processing file /Users/pro/Documents/a_env/proj_data/lib/python3.7/site-packages/airflow/example_dags/example_task_group_decorator.py for tasks to queue
[2022-08-06 21:10:20,408] {logging_mixin.py:115} INFO - [2022-08-06 21:10:20,407] {dagbag.py:508} INFO - Filling up the DagBag from /Users/pro/Documents/a_env/proj_data/lib/python3.7/site-packages/airflow/example_dags/example_task_group_decorator.py
[2022-08-06 21:10:20,441] {processor.py:651} INFO - DAG(s) dict_keys(['example_task_group_decorator']) retrieved from /Users/pro/Documents/a_env/proj_data/lib/python3.7/site-packages/airflow/example_dags/example_task_group_decorator.py
[2022-08-06 21:10:20,517] {logging_mixin.py:115} INFO - [2022-08-06 21:10:20,516] {dag.py:2420} INFO - Sync 1 DAGs
[2022-08-06 21:10:20,534] {logging_mixin.py:115} INFO - [2022-08-06 21:10:20,533] {dag.py:2972} INFO - Setting next_dagrun for example_task_group_decorator to 2022-08-05T13:10:20.533543+00:00, run_after=2022-08-06T13:10:20.533543+00:00
[2022-08-06 21:10:20,551] {processor.py:161} INFO - Processing /Users/pro/Documents/a_env/proj_data/lib/python3.7/site-packages/airflow/example_dags/example_task_group_decorator.py took 0.151 seconds
[2022-08-06 21:10:54,322] {processor.py:153} INFO - Started process (PID=91638) to work on /Users/pro/Documents/a_env/proj_data/lib/python3.7/site-packages/airflow/example_dags/example_task_group_decorator.py
[2022-08-06 21:10:54,324] {processor.py:641} INFO - Processing file /Users/pro/Documents/a_env/proj_data/lib/python3.7/site-packages/airflow/example_dags/example_task_group_decorator.py for tasks to queue
[2022-08-06 21:10:54,325] {logging_mixin.py:115} INFO - [2022-08-06 21:10:54,325] {dagbag.py:508} INFO - Filling up the DagBag from /Users/pro/Documents/a_env/proj_data/lib/python3.7/site-packages/airflow/example_dags/example_task_group_decorator.py
[2022-08-06 21:10:54,358] {processor.py:651} INFO - DAG(s) dict_keys(['example_task_group_decorator']) retrieved from /Users/pro/Documents/a_env/proj_data/lib/python3.7/site-packages/airflow/example_dags/example_task_group_decorator.py
[2022-08-06 21:10:54,423] {logging_mixin.py:115} INFO - [2022-08-06 21:10:54,423] {dag.py:2420} INFO - Sync 1 DAGs
[2022-08-06 21:10:54,440] {logging_mixin.py:115} INFO - [2022-08-06 21:10:54,439] {dag.py:2972} INFO - Setting next_dagrun for example_task_group_decorator to 2022-08-05T13:10:54.439655+00:00, run_after=2022-08-06T13:10:54.439655+00:00
[2022-08-06 21:10:54,454] {processor.py:161} INFO - Processing /Users/pro/Documents/a_env/proj_data/lib/python3.7/site-packages/airflow/example_dags/example_task_group_decorator.py took 0.136 seconds
[2022-08-06 21:11:30,469] {processor.py:153} INFO - Started process (PID=91682) to work on /Users/pro/Documents/a_env/proj_data/lib/python3.7/site-packages/airflow/example_dags/example_task_group_decorator.py
[2022-08-06 21:11:30,472] {processor.py:641} INFO - Processing file /Users/pro/Documents/a_env/proj_data/lib/python3.7/site-packages/airflow/example_dags/example_task_group_decorator.py for tasks to queue
[2022-08-06 21:11:30,473] {logging_mixin.py:115} INFO - [2022-08-06 21:11:30,473] {dagbag.py:508} INFO - Filling up the DagBag from /Users/pro/Documents/a_env/proj_data/lib/python3.7/site-packages/airflow/example_dags/example_task_group_decorator.py
[2022-08-06 21:11:30,513] {processor.py:651} INFO - DAG(s) dict_keys(['example_task_group_decorator']) retrieved from /Users/pro/Documents/a_env/proj_data/lib/python3.7/site-packages/airflow/example_dags/example_task_group_decorator.py
[2022-08-06 21:11:30,540] {logging_mixin.py:115} INFO - [2022-08-06 21:11:30,540] {dag.py:2420} INFO - Sync 1 DAGs
[2022-08-06 21:11:30,571] {logging_mixin.py:115} INFO - [2022-08-06 21:11:30,571] {dag.py:2972} INFO - Setting next_dagrun for example_task_group_decorator to 2022-08-05T13:11:30.570062+00:00, run_after=2022-08-06T13:11:30.570062+00:00
[2022-08-06 21:11:30,590] {processor.py:161} INFO - Processing /Users/pro/Documents/a_env/proj_data/lib/python3.7/site-packages/airflow/example_dags/example_task_group_decorator.py took 0.126 seconds
[2022-08-06 22:03:12,014] {processor.py:153} INFO - Started process (PID=91755) to work on /Users/pro/Documents/a_env/proj_data/lib/python3.7/site-packages/airflow/example_dags/example_task_group_decorator.py
[2022-08-06 22:03:12,015] {processor.py:641} INFO - Processing file /Users/pro/Documents/a_env/proj_data/lib/python3.7/site-packages/airflow/example_dags/example_task_group_decorator.py for tasks to queue
[2022-08-06 22:03:12,016] {logging_mixin.py:115} INFO - [2022-08-06 22:03:12,016] {dagbag.py:508} INFO - Filling up the DagBag from /Users/pro/Documents/a_env/proj_data/lib/python3.7/site-packages/airflow/example_dags/example_task_group_decorator.py
[2022-08-06 22:03:12,051] {processor.py:651} INFO - DAG(s) dict_keys(['example_task_group_decorator']) retrieved from /Users/pro/Documents/a_env/proj_data/lib/python3.7/site-packages/airflow/example_dags/example_task_group_decorator.py
[2022-08-06 22:03:12,258] {logging_mixin.py:115} INFO - [2022-08-06 22:03:12,258] {dag.py:2420} INFO - Sync 1 DAGs
[2022-08-06 22:03:12,295] {logging_mixin.py:115} INFO - [2022-08-06 22:03:12,294] {dag.py:2972} INFO - Setting next_dagrun for example_task_group_decorator to 2022-08-05T14:03:12.293842+00:00, run_after=2022-08-06T14:03:12.293842+00:00
[2022-08-06 22:03:12,340] {processor.py:161} INFO - Processing /Users/pro/Documents/a_env/proj_data/lib/python3.7/site-packages/airflow/example_dags/example_task_group_decorator.py took 0.330 seconds
[2022-08-06 23:51:19,126] {processor.py:153} INFO - Started process (PID=91812) to work on /Users/pro/Documents/a_env/proj_data/lib/python3.7/site-packages/airflow/example_dags/example_task_group_decorator.py
[2022-08-06 23:51:19,127] {processor.py:641} INFO - Processing file /Users/pro/Documents/a_env/proj_data/lib/python3.7/site-packages/airflow/example_dags/example_task_group_decorator.py for tasks to queue
[2022-08-06 23:51:19,146] {logging_mixin.py:115} INFO - [2022-08-06 23:51:19,146] {dagbag.py:508} INFO - Filling up the DagBag from /Users/pro/Documents/a_env/proj_data/lib/python3.7/site-packages/airflow/example_dags/example_task_group_decorator.py
[2022-08-06 23:51:19,178] {processor.py:651} INFO - DAG(s) dict_keys(['example_task_group_decorator']) retrieved from /Users/pro/Documents/a_env/proj_data/lib/python3.7/site-packages/airflow/example_dags/example_task_group_decorator.py
[2022-08-06 23:51:19,257] {logging_mixin.py:115} INFO - [2022-08-06 23:51:19,256] {dag.py:2420} INFO - Sync 1 DAGs
[2022-08-06 23:51:19,282] {logging_mixin.py:115} INFO - [2022-08-06 23:51:19,282] {dag.py:2972} INFO - Setting next_dagrun for example_task_group_decorator to 2022-08-05T15:51:19.281864+00:00, run_after=2022-08-06T15:51:19.281864+00:00
[2022-08-06 23:51:19,369] {processor.py:161} INFO - Processing /Users/pro/Documents/a_env/proj_data/lib/python3.7/site-packages/airflow/example_dags/example_task_group_decorator.py took 0.248 seconds
[2022-08-07 03:14:57,849] {processor.py:153} INFO - Started process (PID=91888) to work on /Users/pro/Documents/a_env/proj_data/lib/python3.7/site-packages/airflow/example_dags/example_task_group_decorator.py
[2022-08-07 03:14:57,850] {processor.py:641} INFO - Processing file /Users/pro/Documents/a_env/proj_data/lib/python3.7/site-packages/airflow/example_dags/example_task_group_decorator.py for tasks to queue
[2022-08-07 03:14:57,850] {logging_mixin.py:115} INFO - [2022-08-07 03:14:57,850] {dagbag.py:508} INFO - Filling up the DagBag from /Users/pro/Documents/a_env/proj_data/lib/python3.7/site-packages/airflow/example_dags/example_task_group_decorator.py
[2022-08-07 03:14:57,882] {processor.py:651} INFO - DAG(s) dict_keys(['example_task_group_decorator']) retrieved from /Users/pro/Documents/a_env/proj_data/lib/python3.7/site-packages/airflow/example_dags/example_task_group_decorator.py
[2022-08-07 03:14:57,943] {logging_mixin.py:115} INFO - [2022-08-07 03:14:57,943] {dag.py:2420} INFO - Sync 1 DAGs
[2022-08-07 03:14:57,959] {logging_mixin.py:115} INFO - [2022-08-07 03:14:57,958] {dag.py:2972} INFO - Setting next_dagrun for example_task_group_decorator to 2022-08-05T19:14:57.958598+00:00, run_after=2022-08-06T19:14:57.958598+00:00
[2022-08-07 03:14:57,971] {processor.py:161} INFO - Processing /Users/pro/Documents/a_env/proj_data/lib/python3.7/site-packages/airflow/example_dags/example_task_group_decorator.py took 0.127 seconds
[2022-08-07 04:20:56,586] {processor.py:153} INFO - Started process (PID=91973) to work on /Users/pro/Documents/a_env/proj_data/lib/python3.7/site-packages/airflow/example_dags/example_task_group_decorator.py
[2022-08-07 04:20:56,588] {processor.py:641} INFO - Processing file /Users/pro/Documents/a_env/proj_data/lib/python3.7/site-packages/airflow/example_dags/example_task_group_decorator.py for tasks to queue
[2022-08-07 04:20:56,589] {logging_mixin.py:115} INFO - [2022-08-07 04:20:56,588] {dagbag.py:508} INFO - Filling up the DagBag from /Users/pro/Documents/a_env/proj_data/lib/python3.7/site-packages/airflow/example_dags/example_task_group_decorator.py
[2022-08-07 04:20:56,621] {processor.py:651} INFO - DAG(s) dict_keys(['example_task_group_decorator']) retrieved from /Users/pro/Documents/a_env/proj_data/lib/python3.7/site-packages/airflow/example_dags/example_task_group_decorator.py
[2022-08-07 04:20:56,686] {logging_mixin.py:115} INFO - [2022-08-07 04:20:56,686] {dag.py:2420} INFO - Sync 1 DAGs
[2022-08-07 04:20:56,701] {logging_mixin.py:115} INFO - [2022-08-07 04:20:56,701] {dag.py:2972} INFO - Setting next_dagrun for example_task_group_decorator to 2022-08-05T20:20:56.701082+00:00, run_after=2022-08-06T20:20:56.701082+00:00
[2022-08-07 04:20:56,722] {processor.py:161} INFO - Processing /Users/pro/Documents/a_env/proj_data/lib/python3.7/site-packages/airflow/example_dags/example_task_group_decorator.py took 0.139 seconds
[2022-08-07 07:38:57,673] {processor.py:153} INFO - Started process (PID=92072) to work on /Users/pro/Documents/a_env/proj_data/lib/python3.7/site-packages/airflow/example_dags/example_task_group_decorator.py
[2022-08-07 07:38:57,674] {processor.py:641} INFO - Processing file /Users/pro/Documents/a_env/proj_data/lib/python3.7/site-packages/airflow/example_dags/example_task_group_decorator.py for tasks to queue
[2022-08-07 07:38:57,676] {logging_mixin.py:115} INFO - [2022-08-07 07:38:57,675] {dagbag.py:508} INFO - Filling up the DagBag from /Users/pro/Documents/a_env/proj_data/lib/python3.7/site-packages/airflow/example_dags/example_task_group_decorator.py
[2022-08-07 07:38:57,714] {processor.py:651} INFO - DAG(s) dict_keys(['example_task_group_decorator']) retrieved from /Users/pro/Documents/a_env/proj_data/lib/python3.7/site-packages/airflow/example_dags/example_task_group_decorator.py
[2022-08-07 07:38:57,808] {logging_mixin.py:115} INFO - [2022-08-07 07:38:57,808] {dag.py:2420} INFO - Sync 1 DAGs
[2022-08-07 07:38:57,828] {logging_mixin.py:115} INFO - [2022-08-07 07:38:57,827] {dag.py:2972} INFO - Setting next_dagrun for example_task_group_decorator to 2022-08-05T23:38:57.827310+00:00, run_after=2022-08-06T23:38:57.827310+00:00
[2022-08-07 07:38:57,845] {processor.py:161} INFO - Processing /Users/pro/Documents/a_env/proj_data/lib/python3.7/site-packages/airflow/example_dags/example_task_group_decorator.py took 0.177 seconds
[2022-08-07 07:39:32,979] {processor.py:153} INFO - Started process (PID=92111) to work on /Users/pro/Documents/a_env/proj_data/lib/python3.7/site-packages/airflow/example_dags/example_task_group_decorator.py
[2022-08-07 07:39:32,980] {processor.py:641} INFO - Processing file /Users/pro/Documents/a_env/proj_data/lib/python3.7/site-packages/airflow/example_dags/example_task_group_decorator.py for tasks to queue
[2022-08-07 07:39:32,982] {logging_mixin.py:115} INFO - [2022-08-07 07:39:32,981] {dagbag.py:508} INFO - Filling up the DagBag from /Users/pro/Documents/a_env/proj_data/lib/python3.7/site-packages/airflow/example_dags/example_task_group_decorator.py
[2022-08-07 07:39:33,021] {processor.py:651} INFO - DAG(s) dict_keys(['example_task_group_decorator']) retrieved from /Users/pro/Documents/a_env/proj_data/lib/python3.7/site-packages/airflow/example_dags/example_task_group_decorator.py
[2022-08-07 07:39:33,096] {logging_mixin.py:115} INFO - [2022-08-07 07:39:33,095] {dag.py:2420} INFO - Sync 1 DAGs
[2022-08-07 07:39:33,115] {logging_mixin.py:115} INFO - [2022-08-07 07:39:33,114] {dag.py:2972} INFO - Setting next_dagrun for example_task_group_decorator to 2022-08-05T23:39:33.114447+00:00, run_after=2022-08-06T23:39:33.114447+00:00
[2022-08-07 07:39:33,130] {processor.py:161} INFO - Processing /Users/pro/Documents/a_env/proj_data/lib/python3.7/site-packages/airflow/example_dags/example_task_group_decorator.py took 0.156 seconds
[2022-08-07 07:40:07,629] {processor.py:153} INFO - Started process (PID=92192) to work on /Users/pro/Documents/a_env/proj_data/lib/python3.7/site-packages/airflow/example_dags/example_task_group_decorator.py
[2022-08-07 07:40:07,630] {processor.py:641} INFO - Processing file /Users/pro/Documents/a_env/proj_data/lib/python3.7/site-packages/airflow/example_dags/example_task_group_decorator.py for tasks to queue
[2022-08-07 07:40:07,632] {logging_mixin.py:115} INFO - [2022-08-07 07:40:07,631] {dagbag.py:508} INFO - Filling up the DagBag from /Users/pro/Documents/a_env/proj_data/lib/python3.7/site-packages/airflow/example_dags/example_task_group_decorator.py
[2022-08-07 07:40:07,667] {processor.py:651} INFO - DAG(s) dict_keys(['example_task_group_decorator']) retrieved from /Users/pro/Documents/a_env/proj_data/lib/python3.7/site-packages/airflow/example_dags/example_task_group_decorator.py
[2022-08-07 07:40:07,694] {logging_mixin.py:115} INFO - [2022-08-07 07:40:07,694] {dag.py:2420} INFO - Sync 1 DAGs
[2022-08-07 07:40:07,715] {logging_mixin.py:115} INFO - [2022-08-07 07:40:07,715] {dag.py:2972} INFO - Setting next_dagrun for example_task_group_decorator to 2022-08-05T23:40:07.714929+00:00, run_after=2022-08-06T23:40:07.714929+00:00
[2022-08-07 07:40:07,728] {processor.py:161} INFO - Processing /Users/pro/Documents/a_env/proj_data/lib/python3.7/site-packages/airflow/example_dags/example_task_group_decorator.py took 0.103 seconds
[2022-08-07 07:40:42,694] {processor.py:153} INFO - Started process (PID=92254) to work on /Users/pro/Documents/a_env/proj_data/lib/python3.7/site-packages/airflow/example_dags/example_task_group_decorator.py
[2022-08-07 07:40:42,718] {processor.py:641} INFO - Processing file /Users/pro/Documents/a_env/proj_data/lib/python3.7/site-packages/airflow/example_dags/example_task_group_decorator.py for tasks to queue
[2022-08-07 07:40:42,740] {logging_mixin.py:115} INFO - [2022-08-07 07:40:42,739] {dagbag.py:508} INFO - Filling up the DagBag from /Users/pro/Documents/a_env/proj_data/lib/python3.7/site-packages/airflow/example_dags/example_task_group_decorator.py
[2022-08-07 07:40:42,823] {processor.py:651} INFO - DAG(s) dict_keys(['example_task_group_decorator']) retrieved from /Users/pro/Documents/a_env/proj_data/lib/python3.7/site-packages/airflow/example_dags/example_task_group_decorator.py
[2022-08-07 07:40:42,956] {logging_mixin.py:115} INFO - [2022-08-07 07:40:42,955] {dag.py:2420} INFO - Sync 1 DAGs
[2022-08-07 07:40:43,008] {logging_mixin.py:115} INFO - [2022-08-07 07:40:43,007] {dag.py:2972} INFO - Setting next_dagrun for example_task_group_decorator to 2022-08-05T23:40:43.006938+00:00, run_after=2022-08-06T23:40:43.006938+00:00
[2022-08-07 07:40:43,149] {processor.py:161} INFO - Processing /Users/pro/Documents/a_env/proj_data/lib/python3.7/site-packages/airflow/example_dags/example_task_group_decorator.py took 0.465 seconds
[2022-08-07 07:41:19,369] {processor.py:153} INFO - Started process (PID=92300) to work on /Users/pro/Documents/a_env/proj_data/lib/python3.7/site-packages/airflow/example_dags/example_task_group_decorator.py
[2022-08-07 07:41:19,371] {processor.py:641} INFO - Processing file /Users/pro/Documents/a_env/proj_data/lib/python3.7/site-packages/airflow/example_dags/example_task_group_decorator.py for tasks to queue
[2022-08-07 07:41:19,372] {logging_mixin.py:115} INFO - [2022-08-07 07:41:19,372] {dagbag.py:508} INFO - Filling up the DagBag from /Users/pro/Documents/a_env/proj_data/lib/python3.7/site-packages/airflow/example_dags/example_task_group_decorator.py
[2022-08-07 07:41:19,408] {processor.py:651} INFO - DAG(s) dict_keys(['example_task_group_decorator']) retrieved from /Users/pro/Documents/a_env/proj_data/lib/python3.7/site-packages/airflow/example_dags/example_task_group_decorator.py
[2022-08-07 07:41:19,481] {logging_mixin.py:115} INFO - [2022-08-07 07:41:19,480] {dag.py:2420} INFO - Sync 1 DAGs
[2022-08-07 07:41:19,501] {logging_mixin.py:115} INFO - [2022-08-07 07:41:19,501] {dag.py:2972} INFO - Setting next_dagrun for example_task_group_decorator to 2022-08-05T23:41:19.500793+00:00, run_after=2022-08-06T23:41:19.500793+00:00
[2022-08-07 07:41:19,516] {processor.py:161} INFO - Processing /Users/pro/Documents/a_env/proj_data/lib/python3.7/site-packages/airflow/example_dags/example_task_group_decorator.py took 0.152 seconds
[2022-08-07 07:41:51,580] {processor.py:153} INFO - Started process (PID=92343) to work on /Users/pro/Documents/a_env/proj_data/lib/python3.7/site-packages/airflow/example_dags/example_task_group_decorator.py
[2022-08-07 07:41:51,581] {processor.py:641} INFO - Processing file /Users/pro/Documents/a_env/proj_data/lib/python3.7/site-packages/airflow/example_dags/example_task_group_decorator.py for tasks to queue
[2022-08-07 07:41:51,582] {logging_mixin.py:115} INFO - [2022-08-07 07:41:51,582] {dagbag.py:508} INFO - Filling up the DagBag from /Users/pro/Documents/a_env/proj_data/lib/python3.7/site-packages/airflow/example_dags/example_task_group_decorator.py
[2022-08-07 07:41:51,616] {processor.py:651} INFO - DAG(s) dict_keys(['example_task_group_decorator']) retrieved from /Users/pro/Documents/a_env/proj_data/lib/python3.7/site-packages/airflow/example_dags/example_task_group_decorator.py
[2022-08-07 07:41:51,683] {logging_mixin.py:115} INFO - [2022-08-07 07:41:51,683] {dag.py:2420} INFO - Sync 1 DAGs
[2022-08-07 07:41:51,700] {logging_mixin.py:115} INFO - [2022-08-07 07:41:51,700] {dag.py:2972} INFO - Setting next_dagrun for example_task_group_decorator to 2022-08-05T23:41:51.699980+00:00, run_after=2022-08-06T23:41:51.699980+00:00
[2022-08-07 07:41:51,715] {processor.py:161} INFO - Processing /Users/pro/Documents/a_env/proj_data/lib/python3.7/site-packages/airflow/example_dags/example_task_group_decorator.py took 0.140 seconds
[2022-08-07 07:42:26,678] {processor.py:153} INFO - Started process (PID=92378) to work on /Users/pro/Documents/a_env/proj_data/lib/python3.7/site-packages/airflow/example_dags/example_task_group_decorator.py
[2022-08-07 07:42:26,679] {processor.py:641} INFO - Processing file /Users/pro/Documents/a_env/proj_data/lib/python3.7/site-packages/airflow/example_dags/example_task_group_decorator.py for tasks to queue
[2022-08-07 07:42:26,680] {logging_mixin.py:115} INFO - [2022-08-07 07:42:26,680] {dagbag.py:508} INFO - Filling up the DagBag from /Users/pro/Documents/a_env/proj_data/lib/python3.7/site-packages/airflow/example_dags/example_task_group_decorator.py
[2022-08-07 07:42:26,713] {processor.py:651} INFO - DAG(s) dict_keys(['example_task_group_decorator']) retrieved from /Users/pro/Documents/a_env/proj_data/lib/python3.7/site-packages/airflow/example_dags/example_task_group_decorator.py
[2022-08-07 07:42:26,780] {logging_mixin.py:115} INFO - [2022-08-07 07:42:26,780] {dag.py:2420} INFO - Sync 1 DAGs
[2022-08-07 07:42:26,797] {logging_mixin.py:115} INFO - [2022-08-07 07:42:26,797] {dag.py:2972} INFO - Setting next_dagrun for example_task_group_decorator to 2022-08-05T23:42:26.796702+00:00, run_after=2022-08-06T23:42:26.796702+00:00
[2022-08-07 07:42:26,811] {processor.py:161} INFO - Processing /Users/pro/Documents/a_env/proj_data/lib/python3.7/site-packages/airflow/example_dags/example_task_group_decorator.py took 0.138 seconds
[2022-08-07 07:43:00,054] {processor.py:153} INFO - Started process (PID=92416) to work on /Users/pro/Documents/a_env/proj_data/lib/python3.7/site-packages/airflow/example_dags/example_task_group_decorator.py
[2022-08-07 07:43:00,056] {processor.py:641} INFO - Processing file /Users/pro/Documents/a_env/proj_data/lib/python3.7/site-packages/airflow/example_dags/example_task_group_decorator.py for tasks to queue
[2022-08-07 07:43:00,057] {logging_mixin.py:115} INFO - [2022-08-07 07:43:00,057] {dagbag.py:508} INFO - Filling up the DagBag from /Users/pro/Documents/a_env/proj_data/lib/python3.7/site-packages/airflow/example_dags/example_task_group_decorator.py
[2022-08-07 07:43:00,091] {processor.py:651} INFO - DAG(s) dict_keys(['example_task_group_decorator']) retrieved from /Users/pro/Documents/a_env/proj_data/lib/python3.7/site-packages/airflow/example_dags/example_task_group_decorator.py
[2022-08-07 07:43:00,162] {logging_mixin.py:115} INFO - [2022-08-07 07:43:00,161] {dag.py:2420} INFO - Sync 1 DAGs
[2022-08-07 07:43:00,179] {logging_mixin.py:115} INFO - [2022-08-07 07:43:00,179] {dag.py:2972} INFO - Setting next_dagrun for example_task_group_decorator to 2022-08-05T23:43:00.179044+00:00, run_after=2022-08-06T23:43:00.179044+00:00
[2022-08-07 07:43:00,194] {processor.py:161} INFO - Processing /Users/pro/Documents/a_env/proj_data/lib/python3.7/site-packages/airflow/example_dags/example_task_group_decorator.py took 0.145 seconds
[2022-08-07 07:43:35,337] {processor.py:153} INFO - Started process (PID=92454) to work on /Users/pro/Documents/a_env/proj_data/lib/python3.7/site-packages/airflow/example_dags/example_task_group_decorator.py
[2022-08-07 07:43:35,339] {processor.py:641} INFO - Processing file /Users/pro/Documents/a_env/proj_data/lib/python3.7/site-packages/airflow/example_dags/example_task_group_decorator.py for tasks to queue
[2022-08-07 07:43:35,341] {logging_mixin.py:115} INFO - [2022-08-07 07:43:35,340] {dagbag.py:508} INFO - Filling up the DagBag from /Users/pro/Documents/a_env/proj_data/lib/python3.7/site-packages/airflow/example_dags/example_task_group_decorator.py
[2022-08-07 07:43:35,380] {processor.py:651} INFO - DAG(s) dict_keys(['example_task_group_decorator']) retrieved from /Users/pro/Documents/a_env/proj_data/lib/python3.7/site-packages/airflow/example_dags/example_task_group_decorator.py
[2022-08-07 07:43:35,446] {logging_mixin.py:115} INFO - [2022-08-07 07:43:35,445] {dag.py:2420} INFO - Sync 1 DAGs
[2022-08-07 07:43:35,462] {logging_mixin.py:115} INFO - [2022-08-07 07:43:35,461] {dag.py:2972} INFO - Setting next_dagrun for example_task_group_decorator to 2022-08-05T23:43:35.461439+00:00, run_after=2022-08-06T23:43:35.461439+00:00
[2022-08-07 07:43:35,476] {processor.py:161} INFO - Processing /Users/pro/Documents/a_env/proj_data/lib/python3.7/site-packages/airflow/example_dags/example_task_group_decorator.py took 0.143 seconds
[2022-08-07 07:44:11,810] {processor.py:153} INFO - Started process (PID=92507) to work on /Users/pro/Documents/a_env/proj_data/lib/python3.7/site-packages/airflow/example_dags/example_task_group_decorator.py
[2022-08-07 07:44:11,811] {processor.py:641} INFO - Processing file /Users/pro/Documents/a_env/proj_data/lib/python3.7/site-packages/airflow/example_dags/example_task_group_decorator.py for tasks to queue
[2022-08-07 07:44:11,813] {logging_mixin.py:115} INFO - [2022-08-07 07:44:11,812] {dagbag.py:508} INFO - Filling up the DagBag from /Users/pro/Documents/a_env/proj_data/lib/python3.7/site-packages/airflow/example_dags/example_task_group_decorator.py
[2022-08-07 07:44:11,849] {processor.py:651} INFO - DAG(s) dict_keys(['example_task_group_decorator']) retrieved from /Users/pro/Documents/a_env/proj_data/lib/python3.7/site-packages/airflow/example_dags/example_task_group_decorator.py
[2022-08-07 07:44:11,913] {logging_mixin.py:115} INFO - [2022-08-07 07:44:11,913] {dag.py:2420} INFO - Sync 1 DAGs
[2022-08-07 07:44:11,931] {logging_mixin.py:115} INFO - [2022-08-07 07:44:11,930] {dag.py:2972} INFO - Setting next_dagrun for example_task_group_decorator to 2022-08-05T23:44:11.930478+00:00, run_after=2022-08-06T23:44:11.930478+00:00
[2022-08-07 07:44:11,945] {processor.py:161} INFO - Processing /Users/pro/Documents/a_env/proj_data/lib/python3.7/site-packages/airflow/example_dags/example_task_group_decorator.py took 0.141 seconds
[2022-08-07 07:44:44,836] {processor.py:153} INFO - Started process (PID=92541) to work on /Users/pro/Documents/a_env/proj_data/lib/python3.7/site-packages/airflow/example_dags/example_task_group_decorator.py
[2022-08-07 07:44:44,837] {processor.py:641} INFO - Processing file /Users/pro/Documents/a_env/proj_data/lib/python3.7/site-packages/airflow/example_dags/example_task_group_decorator.py for tasks to queue
[2022-08-07 07:44:44,839] {logging_mixin.py:115} INFO - [2022-08-07 07:44:44,838] {dagbag.py:508} INFO - Filling up the DagBag from /Users/pro/Documents/a_env/proj_data/lib/python3.7/site-packages/airflow/example_dags/example_task_group_decorator.py
[2022-08-07 07:44:44,877] {processor.py:651} INFO - DAG(s) dict_keys(['example_task_group_decorator']) retrieved from /Users/pro/Documents/a_env/proj_data/lib/python3.7/site-packages/airflow/example_dags/example_task_group_decorator.py
[2022-08-07 07:44:44,899] {logging_mixin.py:115} INFO - [2022-08-07 07:44:44,899] {dag.py:2420} INFO - Sync 1 DAGs
[2022-08-07 07:44:44,918] {logging_mixin.py:115} INFO - [2022-08-07 07:44:44,918] {dag.py:2972} INFO - Setting next_dagrun for example_task_group_decorator to 2022-08-05T23:44:44.917857+00:00, run_after=2022-08-06T23:44:44.917857+00:00
[2022-08-07 07:44:44,932] {processor.py:161} INFO - Processing /Users/pro/Documents/a_env/proj_data/lib/python3.7/site-packages/airflow/example_dags/example_task_group_decorator.py took 0.100 seconds
[2022-08-07 07:45:20,945] {processor.py:153} INFO - Started process (PID=92581) to work on /Users/pro/Documents/a_env/proj_data/lib/python3.7/site-packages/airflow/example_dags/example_task_group_decorator.py
[2022-08-07 07:45:20,946] {processor.py:641} INFO - Processing file /Users/pro/Documents/a_env/proj_data/lib/python3.7/site-packages/airflow/example_dags/example_task_group_decorator.py for tasks to queue
[2022-08-07 07:45:20,948] {logging_mixin.py:115} INFO - [2022-08-07 07:45:20,947] {dagbag.py:508} INFO - Filling up the DagBag from /Users/pro/Documents/a_env/proj_data/lib/python3.7/site-packages/airflow/example_dags/example_task_group_decorator.py
[2022-08-07 07:45:20,986] {processor.py:651} INFO - DAG(s) dict_keys(['example_task_group_decorator']) retrieved from /Users/pro/Documents/a_env/proj_data/lib/python3.7/site-packages/airflow/example_dags/example_task_group_decorator.py
[2022-08-07 07:45:21,054] {logging_mixin.py:115} INFO - [2022-08-07 07:45:21,053] {dag.py:2420} INFO - Sync 1 DAGs
[2022-08-07 07:45:21,072] {logging_mixin.py:115} INFO - [2022-08-07 07:45:21,071] {dag.py:2972} INFO - Setting next_dagrun for example_task_group_decorator to 2022-08-05T23:45:21.071411+00:00, run_after=2022-08-06T23:45:21.071411+00:00
[2022-08-07 07:45:21,085] {processor.py:161} INFO - Processing /Users/pro/Documents/a_env/proj_data/lib/python3.7/site-packages/airflow/example_dags/example_task_group_decorator.py took 0.144 seconds
[2022-08-07 07:45:57,258] {processor.py:153} INFO - Started process (PID=92617) to work on /Users/pro/Documents/a_env/proj_data/lib/python3.7/site-packages/airflow/example_dags/example_task_group_decorator.py
[2022-08-07 07:45:57,259] {processor.py:641} INFO - Processing file /Users/pro/Documents/a_env/proj_data/lib/python3.7/site-packages/airflow/example_dags/example_task_group_decorator.py for tasks to queue
[2022-08-07 07:45:57,260] {logging_mixin.py:115} INFO - [2022-08-07 07:45:57,260] {dagbag.py:508} INFO - Filling up the DagBag from /Users/pro/Documents/a_env/proj_data/lib/python3.7/site-packages/airflow/example_dags/example_task_group_decorator.py
[2022-08-07 07:45:57,301] {processor.py:651} INFO - DAG(s) dict_keys(['example_task_group_decorator']) retrieved from /Users/pro/Documents/a_env/proj_data/lib/python3.7/site-packages/airflow/example_dags/example_task_group_decorator.py
[2022-08-07 07:45:57,326] {logging_mixin.py:115} INFO - [2022-08-07 07:45:57,325] {dag.py:2420} INFO - Sync 1 DAGs
[2022-08-07 07:45:57,344] {logging_mixin.py:115} INFO - [2022-08-07 07:45:57,343] {dag.py:2972} INFO - Setting next_dagrun for example_task_group_decorator to 2022-08-05T23:45:57.343659+00:00, run_after=2022-08-06T23:45:57.343659+00:00
[2022-08-07 07:45:57,357] {processor.py:161} INFO - Processing /Users/pro/Documents/a_env/proj_data/lib/python3.7/site-packages/airflow/example_dags/example_task_group_decorator.py took 0.102 seconds
[2022-08-07 07:46:29,963] {processor.py:153} INFO - Started process (PID=92652) to work on /Users/pro/Documents/a_env/proj_data/lib/python3.7/site-packages/airflow/example_dags/example_task_group_decorator.py
[2022-08-07 07:46:29,965] {processor.py:641} INFO - Processing file /Users/pro/Documents/a_env/proj_data/lib/python3.7/site-packages/airflow/example_dags/example_task_group_decorator.py for tasks to queue
[2022-08-07 07:46:29,966] {logging_mixin.py:115} INFO - [2022-08-07 07:46:29,966] {dagbag.py:508} INFO - Filling up the DagBag from /Users/pro/Documents/a_env/proj_data/lib/python3.7/site-packages/airflow/example_dags/example_task_group_decorator.py
[2022-08-07 07:46:30,006] {processor.py:651} INFO - DAG(s) dict_keys(['example_task_group_decorator']) retrieved from /Users/pro/Documents/a_env/proj_data/lib/python3.7/site-packages/airflow/example_dags/example_task_group_decorator.py
[2022-08-07 07:46:30,068] {logging_mixin.py:115} INFO - [2022-08-07 07:46:30,068] {dag.py:2420} INFO - Sync 1 DAGs
[2022-08-07 07:46:30,084] {logging_mixin.py:115} INFO - [2022-08-07 07:46:30,084] {dag.py:2972} INFO - Setting next_dagrun for example_task_group_decorator to 2022-08-05T23:46:30.083821+00:00, run_after=2022-08-06T23:46:30.083821+00:00
[2022-08-07 07:46:30,098] {processor.py:161} INFO - Processing /Users/pro/Documents/a_env/proj_data/lib/python3.7/site-packages/airflow/example_dags/example_task_group_decorator.py took 0.140 seconds
[2022-08-07 07:47:03,329] {processor.py:153} INFO - Started process (PID=92686) to work on /Users/pro/Documents/a_env/proj_data/lib/python3.7/site-packages/airflow/example_dags/example_task_group_decorator.py
[2022-08-07 07:47:03,331] {processor.py:641} INFO - Processing file /Users/pro/Documents/a_env/proj_data/lib/python3.7/site-packages/airflow/example_dags/example_task_group_decorator.py for tasks to queue
[2022-08-07 07:47:03,332] {logging_mixin.py:115} INFO - [2022-08-07 07:47:03,332] {dagbag.py:508} INFO - Filling up the DagBag from /Users/pro/Documents/a_env/proj_data/lib/python3.7/site-packages/airflow/example_dags/example_task_group_decorator.py
[2022-08-07 07:47:03,368] {processor.py:651} INFO - DAG(s) dict_keys(['example_task_group_decorator']) retrieved from /Users/pro/Documents/a_env/proj_data/lib/python3.7/site-packages/airflow/example_dags/example_task_group_decorator.py
[2022-08-07 07:47:03,441] {logging_mixin.py:115} INFO - [2022-08-07 07:47:03,441] {dag.py:2420} INFO - Sync 1 DAGs
[2022-08-07 07:47:03,483] {logging_mixin.py:115} INFO - [2022-08-07 07:47:03,483] {dag.py:2972} INFO - Setting next_dagrun for example_task_group_decorator to 2022-08-05T23:47:03.482710+00:00, run_after=2022-08-06T23:47:03.482710+00:00
[2022-08-07 07:47:03,498] {processor.py:161} INFO - Processing /Users/pro/Documents/a_env/proj_data/lib/python3.7/site-packages/airflow/example_dags/example_task_group_decorator.py took 0.173 seconds
[2022-08-07 07:47:37,054] {processor.py:153} INFO - Started process (PID=92720) to work on /Users/pro/Documents/a_env/proj_data/lib/python3.7/site-packages/airflow/example_dags/example_task_group_decorator.py
[2022-08-07 07:47:37,055] {processor.py:641} INFO - Processing file /Users/pro/Documents/a_env/proj_data/lib/python3.7/site-packages/airflow/example_dags/example_task_group_decorator.py for tasks to queue
[2022-08-07 07:47:37,057] {logging_mixin.py:115} INFO - [2022-08-07 07:47:37,056] {dagbag.py:508} INFO - Filling up the DagBag from /Users/pro/Documents/a_env/proj_data/lib/python3.7/site-packages/airflow/example_dags/example_task_group_decorator.py
[2022-08-07 07:47:37,096] {processor.py:651} INFO - DAG(s) dict_keys(['example_task_group_decorator']) retrieved from /Users/pro/Documents/a_env/proj_data/lib/python3.7/site-packages/airflow/example_dags/example_task_group_decorator.py
[2022-08-07 07:47:37,118] {logging_mixin.py:115} INFO - [2022-08-07 07:47:37,117] {dag.py:2420} INFO - Sync 1 DAGs
[2022-08-07 07:47:37,139] {logging_mixin.py:115} INFO - [2022-08-07 07:47:37,138] {dag.py:2972} INFO - Setting next_dagrun for example_task_group_decorator to 2022-08-05T23:47:37.138432+00:00, run_after=2022-08-06T23:47:37.138432+00:00
[2022-08-07 07:47:37,151] {processor.py:161} INFO - Processing /Users/pro/Documents/a_env/proj_data/lib/python3.7/site-packages/airflow/example_dags/example_task_group_decorator.py took 0.101 seconds
[2022-08-07 07:48:11,868] {processor.py:153} INFO - Started process (PID=92762) to work on /Users/pro/Documents/a_env/proj_data/lib/python3.7/site-packages/airflow/example_dags/example_task_group_decorator.py
[2022-08-07 07:48:11,869] {processor.py:641} INFO - Processing file /Users/pro/Documents/a_env/proj_data/lib/python3.7/site-packages/airflow/example_dags/example_task_group_decorator.py for tasks to queue
[2022-08-07 07:48:11,870] {logging_mixin.py:115} INFO - [2022-08-07 07:48:11,870] {dagbag.py:508} INFO - Filling up the DagBag from /Users/pro/Documents/a_env/proj_data/lib/python3.7/site-packages/airflow/example_dags/example_task_group_decorator.py
[2022-08-07 07:48:11,908] {processor.py:651} INFO - DAG(s) dict_keys(['example_task_group_decorator']) retrieved from /Users/pro/Documents/a_env/proj_data/lib/python3.7/site-packages/airflow/example_dags/example_task_group_decorator.py
[2022-08-07 07:48:11,933] {logging_mixin.py:115} INFO - [2022-08-07 07:48:11,933] {dag.py:2420} INFO - Sync 1 DAGs
[2022-08-07 07:48:11,955] {logging_mixin.py:115} INFO - [2022-08-07 07:48:11,954] {dag.py:2972} INFO - Setting next_dagrun for example_task_group_decorator to 2022-08-05T23:48:11.954325+00:00, run_after=2022-08-06T23:48:11.954325+00:00
[2022-08-07 07:48:11,970] {processor.py:161} INFO - Processing /Users/pro/Documents/a_env/proj_data/lib/python3.7/site-packages/airflow/example_dags/example_task_group_decorator.py took 0.108 seconds
[2022-08-07 07:48:44,463] {processor.py:153} INFO - Started process (PID=92799) to work on /Users/pro/Documents/a_env/proj_data/lib/python3.7/site-packages/airflow/example_dags/example_task_group_decorator.py
[2022-08-07 07:48:44,464] {processor.py:641} INFO - Processing file /Users/pro/Documents/a_env/proj_data/lib/python3.7/site-packages/airflow/example_dags/example_task_group_decorator.py for tasks to queue
[2022-08-07 07:48:44,466] {logging_mixin.py:115} INFO - [2022-08-07 07:48:44,465] {dagbag.py:508} INFO - Filling up the DagBag from /Users/pro/Documents/a_env/proj_data/lib/python3.7/site-packages/airflow/example_dags/example_task_group_decorator.py
[2022-08-07 07:48:44,502] {processor.py:651} INFO - DAG(s) dict_keys(['example_task_group_decorator']) retrieved from /Users/pro/Documents/a_env/proj_data/lib/python3.7/site-packages/airflow/example_dags/example_task_group_decorator.py
[2022-08-07 07:48:44,571] {logging_mixin.py:115} INFO - [2022-08-07 07:48:44,570] {dag.py:2420} INFO - Sync 1 DAGs
[2022-08-07 07:48:44,587] {logging_mixin.py:115} INFO - [2022-08-07 07:48:44,586] {dag.py:2972} INFO - Setting next_dagrun for example_task_group_decorator to 2022-08-05T23:48:44.586497+00:00, run_after=2022-08-06T23:48:44.586497+00:00
[2022-08-07 07:48:44,601] {processor.py:161} INFO - Processing /Users/pro/Documents/a_env/proj_data/lib/python3.7/site-packages/airflow/example_dags/example_task_group_decorator.py took 0.143 seconds
[2022-08-07 07:49:17,749] {processor.py:153} INFO - Started process (PID=92835) to work on /Users/pro/Documents/a_env/proj_data/lib/python3.7/site-packages/airflow/example_dags/example_task_group_decorator.py
[2022-08-07 07:49:17,750] {processor.py:641} INFO - Processing file /Users/pro/Documents/a_env/proj_data/lib/python3.7/site-packages/airflow/example_dags/example_task_group_decorator.py for tasks to queue
[2022-08-07 07:49:17,751] {logging_mixin.py:115} INFO - [2022-08-07 07:49:17,751] {dagbag.py:508} INFO - Filling up the DagBag from /Users/pro/Documents/a_env/proj_data/lib/python3.7/site-packages/airflow/example_dags/example_task_group_decorator.py
[2022-08-07 07:49:17,791] {processor.py:651} INFO - DAG(s) dict_keys(['example_task_group_decorator']) retrieved from /Users/pro/Documents/a_env/proj_data/lib/python3.7/site-packages/airflow/example_dags/example_task_group_decorator.py
[2022-08-07 07:49:17,821] {logging_mixin.py:115} INFO - [2022-08-07 07:49:17,820] {dag.py:2420} INFO - Sync 1 DAGs
[2022-08-07 07:49:17,842] {logging_mixin.py:115} INFO - [2022-08-07 07:49:17,842] {dag.py:2972} INFO - Setting next_dagrun for example_task_group_decorator to 2022-08-05T23:49:17.841811+00:00, run_after=2022-08-06T23:49:17.841811+00:00
[2022-08-07 07:49:17,856] {processor.py:161} INFO - Processing /Users/pro/Documents/a_env/proj_data/lib/python3.7/site-packages/airflow/example_dags/example_task_group_decorator.py took 0.112 seconds
[2022-08-07 07:49:53,963] {processor.py:153} INFO - Started process (PID=92877) to work on /Users/pro/Documents/a_env/proj_data/lib/python3.7/site-packages/airflow/example_dags/example_task_group_decorator.py
[2022-08-07 07:49:53,964] {processor.py:641} INFO - Processing file /Users/pro/Documents/a_env/proj_data/lib/python3.7/site-packages/airflow/example_dags/example_task_group_decorator.py for tasks to queue
[2022-08-07 07:49:53,965] {logging_mixin.py:115} INFO - [2022-08-07 07:49:53,965] {dagbag.py:508} INFO - Filling up the DagBag from /Users/pro/Documents/a_env/proj_data/lib/python3.7/site-packages/airflow/example_dags/example_task_group_decorator.py
[2022-08-07 07:49:54,001] {processor.py:651} INFO - DAG(s) dict_keys(['example_task_group_decorator']) retrieved from /Users/pro/Documents/a_env/proj_data/lib/python3.7/site-packages/airflow/example_dags/example_task_group_decorator.py
[2022-08-07 07:49:54,023] {logging_mixin.py:115} INFO - [2022-08-07 07:49:54,023] {dag.py:2420} INFO - Sync 1 DAGs
[2022-08-07 07:49:54,041] {logging_mixin.py:115} INFO - [2022-08-07 07:49:54,041] {dag.py:2972} INFO - Setting next_dagrun for example_task_group_decorator to 2022-08-05T23:49:54.040990+00:00, run_after=2022-08-06T23:49:54.040990+00:00
[2022-08-07 07:49:54,054] {processor.py:161} INFO - Processing /Users/pro/Documents/a_env/proj_data/lib/python3.7/site-packages/airflow/example_dags/example_task_group_decorator.py took 0.096 seconds
[2022-08-07 07:50:28,948] {processor.py:153} INFO - Started process (PID=92914) to work on /Users/pro/Documents/a_env/proj_data/lib/python3.7/site-packages/airflow/example_dags/example_task_group_decorator.py
[2022-08-07 07:50:28,950] {processor.py:641} INFO - Processing file /Users/pro/Documents/a_env/proj_data/lib/python3.7/site-packages/airflow/example_dags/example_task_group_decorator.py for tasks to queue
[2022-08-07 07:50:28,951] {logging_mixin.py:115} INFO - [2022-08-07 07:50:28,951] {dagbag.py:508} INFO - Filling up the DagBag from /Users/pro/Documents/a_env/proj_data/lib/python3.7/site-packages/airflow/example_dags/example_task_group_decorator.py
[2022-08-07 07:50:28,987] {processor.py:651} INFO - DAG(s) dict_keys(['example_task_group_decorator']) retrieved from /Users/pro/Documents/a_env/proj_data/lib/python3.7/site-packages/airflow/example_dags/example_task_group_decorator.py
[2022-08-07 07:50:29,009] {logging_mixin.py:115} INFO - [2022-08-07 07:50:29,009] {dag.py:2420} INFO - Sync 1 DAGs
[2022-08-07 07:50:29,028] {logging_mixin.py:115} INFO - [2022-08-07 07:50:29,028] {dag.py:2972} INFO - Setting next_dagrun for example_task_group_decorator to 2022-08-05T23:50:29.027709+00:00, run_after=2022-08-06T23:50:29.027709+00:00
[2022-08-07 07:50:29,041] {processor.py:161} INFO - Processing /Users/pro/Documents/a_env/proj_data/lib/python3.7/site-packages/airflow/example_dags/example_task_group_decorator.py took 0.097 seconds
[2022-08-07 07:51:04,021] {processor.py:153} INFO - Started process (PID=92949) to work on /Users/pro/Documents/a_env/proj_data/lib/python3.7/site-packages/airflow/example_dags/example_task_group_decorator.py
[2022-08-07 07:51:04,023] {processor.py:641} INFO - Processing file /Users/pro/Documents/a_env/proj_data/lib/python3.7/site-packages/airflow/example_dags/example_task_group_decorator.py for tasks to queue
[2022-08-07 07:51:04,024] {logging_mixin.py:115} INFO - [2022-08-07 07:51:04,024] {dagbag.py:508} INFO - Filling up the DagBag from /Users/pro/Documents/a_env/proj_data/lib/python3.7/site-packages/airflow/example_dags/example_task_group_decorator.py
[2022-08-07 07:51:04,058] {processor.py:651} INFO - DAG(s) dict_keys(['example_task_group_decorator']) retrieved from /Users/pro/Documents/a_env/proj_data/lib/python3.7/site-packages/airflow/example_dags/example_task_group_decorator.py
[2022-08-07 07:51:04,079] {logging_mixin.py:115} INFO - [2022-08-07 07:51:04,079] {dag.py:2420} INFO - Sync 1 DAGs
[2022-08-07 07:51:04,097] {logging_mixin.py:115} INFO - [2022-08-07 07:51:04,097] {dag.py:2972} INFO - Setting next_dagrun for example_task_group_decorator to 2022-08-05T23:51:04.097337+00:00, run_after=2022-08-06T23:51:04.097337+00:00
[2022-08-07 07:51:04,109] {processor.py:161} INFO - Processing /Users/pro/Documents/a_env/proj_data/lib/python3.7/site-packages/airflow/example_dags/example_task_group_decorator.py took 0.092 seconds
[2022-08-07 07:51:36,215] {processor.py:153} INFO - Started process (PID=92984) to work on /Users/pro/Documents/a_env/proj_data/lib/python3.7/site-packages/airflow/example_dags/example_task_group_decorator.py
[2022-08-07 07:51:36,215] {processor.py:641} INFO - Processing file /Users/pro/Documents/a_env/proj_data/lib/python3.7/site-packages/airflow/example_dags/example_task_group_decorator.py for tasks to queue
[2022-08-07 07:51:36,216] {logging_mixin.py:115} INFO - [2022-08-07 07:51:36,216] {dagbag.py:508} INFO - Filling up the DagBag from /Users/pro/Documents/a_env/proj_data/lib/python3.7/site-packages/airflow/example_dags/example_task_group_decorator.py
[2022-08-07 07:51:36,249] {processor.py:651} INFO - DAG(s) dict_keys(['example_task_group_decorator']) retrieved from /Users/pro/Documents/a_env/proj_data/lib/python3.7/site-packages/airflow/example_dags/example_task_group_decorator.py
[2022-08-07 07:51:36,270] {logging_mixin.py:115} INFO - [2022-08-07 07:51:36,269] {dag.py:2420} INFO - Sync 1 DAGs
[2022-08-07 07:51:36,287] {logging_mixin.py:115} INFO - [2022-08-07 07:51:36,287] {dag.py:2972} INFO - Setting next_dagrun for example_task_group_decorator to 2022-08-05T23:51:36.286775+00:00, run_after=2022-08-06T23:51:36.286775+00:00
[2022-08-07 07:51:36,300] {processor.py:161} INFO - Processing /Users/pro/Documents/a_env/proj_data/lib/python3.7/site-packages/airflow/example_dags/example_task_group_decorator.py took 0.090 seconds
[2022-08-07 07:52:08,784] {processor.py:153} INFO - Started process (PID=93017) to work on /Users/pro/Documents/a_env/proj_data/lib/python3.7/site-packages/airflow/example_dags/example_task_group_decorator.py
[2022-08-07 07:52:08,785] {processor.py:641} INFO - Processing file /Users/pro/Documents/a_env/proj_data/lib/python3.7/site-packages/airflow/example_dags/example_task_group_decorator.py for tasks to queue
[2022-08-07 07:52:08,786] {logging_mixin.py:115} INFO - [2022-08-07 07:52:08,786] {dagbag.py:508} INFO - Filling up the DagBag from /Users/pro/Documents/a_env/proj_data/lib/python3.7/site-packages/airflow/example_dags/example_task_group_decorator.py
[2022-08-07 07:52:08,823] {processor.py:651} INFO - DAG(s) dict_keys(['example_task_group_decorator']) retrieved from /Users/pro/Documents/a_env/proj_data/lib/python3.7/site-packages/airflow/example_dags/example_task_group_decorator.py
[2022-08-07 07:52:08,846] {logging_mixin.py:115} INFO - [2022-08-07 07:52:08,846] {dag.py:2420} INFO - Sync 1 DAGs
[2022-08-07 07:52:08,872] {logging_mixin.py:115} INFO - [2022-08-07 07:52:08,872] {dag.py:2972} INFO - Setting next_dagrun for example_task_group_decorator to 2022-08-05T23:52:08.872248+00:00, run_after=2022-08-06T23:52:08.872248+00:00
[2022-08-07 07:52:08,884] {processor.py:161} INFO - Processing /Users/pro/Documents/a_env/proj_data/lib/python3.7/site-packages/airflow/example_dags/example_task_group_decorator.py took 0.105 seconds
[2022-08-07 07:52:43,965] {processor.py:153} INFO - Started process (PID=93052) to work on /Users/pro/Documents/a_env/proj_data/lib/python3.7/site-packages/airflow/example_dags/example_task_group_decorator.py
[2022-08-07 07:52:43,966] {processor.py:641} INFO - Processing file /Users/pro/Documents/a_env/proj_data/lib/python3.7/site-packages/airflow/example_dags/example_task_group_decorator.py for tasks to queue
[2022-08-07 07:52:43,968] {logging_mixin.py:115} INFO - [2022-08-07 07:52:43,968] {dagbag.py:508} INFO - Filling up the DagBag from /Users/pro/Documents/a_env/proj_data/lib/python3.7/site-packages/airflow/example_dags/example_task_group_decorator.py
[2022-08-07 07:52:44,005] {processor.py:651} INFO - DAG(s) dict_keys(['example_task_group_decorator']) retrieved from /Users/pro/Documents/a_env/proj_data/lib/python3.7/site-packages/airflow/example_dags/example_task_group_decorator.py
[2022-08-07 07:52:44,031] {logging_mixin.py:115} INFO - [2022-08-07 07:52:44,030] {dag.py:2420} INFO - Sync 1 DAGs
[2022-08-07 07:52:44,052] {logging_mixin.py:115} INFO - [2022-08-07 07:52:44,051] {dag.py:2972} INFO - Setting next_dagrun for example_task_group_decorator to 2022-08-05T23:52:44.051511+00:00, run_after=2022-08-06T23:52:44.051511+00:00
[2022-08-07 07:52:44,066] {processor.py:161} INFO - Processing /Users/pro/Documents/a_env/proj_data/lib/python3.7/site-packages/airflow/example_dags/example_task_group_decorator.py took 0.106 seconds
[2022-08-07 07:53:17,733] {processor.py:153} INFO - Started process (PID=93103) to work on /Users/pro/Documents/a_env/proj_data/lib/python3.7/site-packages/airflow/example_dags/example_task_group_decorator.py
[2022-08-07 07:53:17,734] {processor.py:641} INFO - Processing file /Users/pro/Documents/a_env/proj_data/lib/python3.7/site-packages/airflow/example_dags/example_task_group_decorator.py for tasks to queue
[2022-08-07 07:53:17,735] {logging_mixin.py:115} INFO - [2022-08-07 07:53:17,734] {dagbag.py:508} INFO - Filling up the DagBag from /Users/pro/Documents/a_env/proj_data/lib/python3.7/site-packages/airflow/example_dags/example_task_group_decorator.py
[2022-08-07 07:53:17,771] {processor.py:651} INFO - DAG(s) dict_keys(['example_task_group_decorator']) retrieved from /Users/pro/Documents/a_env/proj_data/lib/python3.7/site-packages/airflow/example_dags/example_task_group_decorator.py
[2022-08-07 07:53:17,793] {logging_mixin.py:115} INFO - [2022-08-07 07:53:17,793] {dag.py:2420} INFO - Sync 1 DAGs
[2022-08-07 07:53:17,812] {logging_mixin.py:115} INFO - [2022-08-07 07:53:17,812] {dag.py:2972} INFO - Setting next_dagrun for example_task_group_decorator to 2022-08-05T23:53:17.812119+00:00, run_after=2022-08-06T23:53:17.812119+00:00
[2022-08-07 07:53:17,825] {processor.py:161} INFO - Processing /Users/pro/Documents/a_env/proj_data/lib/python3.7/site-packages/airflow/example_dags/example_task_group_decorator.py took 0.096 seconds
[2022-08-07 07:53:52,195] {processor.py:153} INFO - Started process (PID=93147) to work on /Users/pro/Documents/a_env/proj_data/lib/python3.7/site-packages/airflow/example_dags/example_task_group_decorator.py
[2022-08-07 07:53:52,196] {processor.py:641} INFO - Processing file /Users/pro/Documents/a_env/proj_data/lib/python3.7/site-packages/airflow/example_dags/example_task_group_decorator.py for tasks to queue
[2022-08-07 07:53:52,197] {logging_mixin.py:115} INFO - [2022-08-07 07:53:52,197] {dagbag.py:508} INFO - Filling up the DagBag from /Users/pro/Documents/a_env/proj_data/lib/python3.7/site-packages/airflow/example_dags/example_task_group_decorator.py
[2022-08-07 07:53:52,232] {processor.py:651} INFO - DAG(s) dict_keys(['example_task_group_decorator']) retrieved from /Users/pro/Documents/a_env/proj_data/lib/python3.7/site-packages/airflow/example_dags/example_task_group_decorator.py
[2022-08-07 07:53:52,294] {logging_mixin.py:115} INFO - [2022-08-07 07:53:52,294] {dag.py:2420} INFO - Sync 1 DAGs
[2022-08-07 07:53:52,311] {logging_mixin.py:115} INFO - [2022-08-07 07:53:52,310] {dag.py:2972} INFO - Setting next_dagrun for example_task_group_decorator to 2022-08-05T23:53:52.310421+00:00, run_after=2022-08-06T23:53:52.310421+00:00
[2022-08-07 07:53:52,325] {processor.py:161} INFO - Processing /Users/pro/Documents/a_env/proj_data/lib/python3.7/site-packages/airflow/example_dags/example_task_group_decorator.py took 0.135 seconds
[2022-08-07 07:54:24,897] {processor.py:153} INFO - Started process (PID=93190) to work on /Users/pro/Documents/a_env/proj_data/lib/python3.7/site-packages/airflow/example_dags/example_task_group_decorator.py
[2022-08-07 07:54:24,899] {processor.py:641} INFO - Processing file /Users/pro/Documents/a_env/proj_data/lib/python3.7/site-packages/airflow/example_dags/example_task_group_decorator.py for tasks to queue
[2022-08-07 07:54:24,900] {logging_mixin.py:115} INFO - [2022-08-07 07:54:24,900] {dagbag.py:508} INFO - Filling up the DagBag from /Users/pro/Documents/a_env/proj_data/lib/python3.7/site-packages/airflow/example_dags/example_task_group_decorator.py
[2022-08-07 07:54:24,947] {processor.py:651} INFO - DAG(s) dict_keys(['example_task_group_decorator']) retrieved from /Users/pro/Documents/a_env/proj_data/lib/python3.7/site-packages/airflow/example_dags/example_task_group_decorator.py
[2022-08-07 07:54:25,018] {logging_mixin.py:115} INFO - [2022-08-07 07:54:25,018] {dag.py:2420} INFO - Sync 1 DAGs
[2022-08-07 07:54:25,035] {logging_mixin.py:115} INFO - [2022-08-07 07:54:25,034] {dag.py:2972} INFO - Setting next_dagrun for example_task_group_decorator to 2022-08-05T23:54:25.034444+00:00, run_after=2022-08-06T23:54:25.034444+00:00
[2022-08-07 07:54:25,048] {processor.py:161} INFO - Processing /Users/pro/Documents/a_env/proj_data/lib/python3.7/site-packages/airflow/example_dags/example_task_group_decorator.py took 0.156 seconds
[2022-08-07 07:54:58,461] {processor.py:153} INFO - Started process (PID=93228) to work on /Users/pro/Documents/a_env/proj_data/lib/python3.7/site-packages/airflow/example_dags/example_task_group_decorator.py
[2022-08-07 07:54:58,463] {processor.py:641} INFO - Processing file /Users/pro/Documents/a_env/proj_data/lib/python3.7/site-packages/airflow/example_dags/example_task_group_decorator.py for tasks to queue
[2022-08-07 07:54:58,464] {logging_mixin.py:115} INFO - [2022-08-07 07:54:58,464] {dagbag.py:508} INFO - Filling up the DagBag from /Users/pro/Documents/a_env/proj_data/lib/python3.7/site-packages/airflow/example_dags/example_task_group_decorator.py
[2022-08-07 07:54:58,499] {processor.py:651} INFO - DAG(s) dict_keys(['example_task_group_decorator']) retrieved from /Users/pro/Documents/a_env/proj_data/lib/python3.7/site-packages/airflow/example_dags/example_task_group_decorator.py
[2022-08-07 07:54:58,560] {logging_mixin.py:115} INFO - [2022-08-07 07:54:58,559] {dag.py:2420} INFO - Sync 1 DAGs
[2022-08-07 07:54:58,577] {logging_mixin.py:115} INFO - [2022-08-07 07:54:58,577] {dag.py:2972} INFO - Setting next_dagrun for example_task_group_decorator to 2022-08-05T23:54:58.576922+00:00, run_after=2022-08-06T23:54:58.576922+00:00
[2022-08-07 07:54:58,591] {processor.py:161} INFO - Processing /Users/pro/Documents/a_env/proj_data/lib/python3.7/site-packages/airflow/example_dags/example_task_group_decorator.py took 0.134 seconds
[2022-08-07 07:55:34,409] {processor.py:153} INFO - Started process (PID=93264) to work on /Users/pro/Documents/a_env/proj_data/lib/python3.7/site-packages/airflow/example_dags/example_task_group_decorator.py
[2022-08-07 07:55:34,411] {processor.py:641} INFO - Processing file /Users/pro/Documents/a_env/proj_data/lib/python3.7/site-packages/airflow/example_dags/example_task_group_decorator.py for tasks to queue
[2022-08-07 07:55:34,412] {logging_mixin.py:115} INFO - [2022-08-07 07:55:34,412] {dagbag.py:508} INFO - Filling up the DagBag from /Users/pro/Documents/a_env/proj_data/lib/python3.7/site-packages/airflow/example_dags/example_task_group_decorator.py
[2022-08-07 07:55:34,450] {processor.py:651} INFO - DAG(s) dict_keys(['example_task_group_decorator']) retrieved from /Users/pro/Documents/a_env/proj_data/lib/python3.7/site-packages/airflow/example_dags/example_task_group_decorator.py
[2022-08-07 07:55:34,513] {logging_mixin.py:115} INFO - [2022-08-07 07:55:34,512] {dag.py:2420} INFO - Sync 1 DAGs
[2022-08-07 07:55:34,528] {logging_mixin.py:115} INFO - [2022-08-07 07:55:34,528] {dag.py:2972} INFO - Setting next_dagrun for example_task_group_decorator to 2022-08-05T23:55:34.528064+00:00, run_after=2022-08-06T23:55:34.528064+00:00
[2022-08-07 07:55:34,543] {processor.py:161} INFO - Processing /Users/pro/Documents/a_env/proj_data/lib/python3.7/site-packages/airflow/example_dags/example_task_group_decorator.py took 0.137 seconds
[2022-08-07 07:56:10,972] {processor.py:153} INFO - Started process (PID=93300) to work on /Users/pro/Documents/a_env/proj_data/lib/python3.7/site-packages/airflow/example_dags/example_task_group_decorator.py
[2022-08-07 07:56:10,973] {processor.py:641} INFO - Processing file /Users/pro/Documents/a_env/proj_data/lib/python3.7/site-packages/airflow/example_dags/example_task_group_decorator.py for tasks to queue
[2022-08-07 07:56:10,974] {logging_mixin.py:115} INFO - [2022-08-07 07:56:10,974] {dagbag.py:508} INFO - Filling up the DagBag from /Users/pro/Documents/a_env/proj_data/lib/python3.7/site-packages/airflow/example_dags/example_task_group_decorator.py
[2022-08-07 07:56:11,010] {processor.py:651} INFO - DAG(s) dict_keys(['example_task_group_decorator']) retrieved from /Users/pro/Documents/a_env/proj_data/lib/python3.7/site-packages/airflow/example_dags/example_task_group_decorator.py
[2022-08-07 07:56:11,072] {logging_mixin.py:115} INFO - [2022-08-07 07:56:11,071] {dag.py:2420} INFO - Sync 1 DAGs
[2022-08-07 07:56:11,089] {logging_mixin.py:115} INFO - [2022-08-07 07:56:11,089] {dag.py:2972} INFO - Setting next_dagrun for example_task_group_decorator to 2022-08-05T23:56:11.089037+00:00, run_after=2022-08-06T23:56:11.089037+00:00
[2022-08-07 07:56:11,101] {processor.py:161} INFO - Processing /Users/pro/Documents/a_env/proj_data/lib/python3.7/site-packages/airflow/example_dags/example_task_group_decorator.py took 0.134 seconds
[2022-08-07 07:56:45,418] {processor.py:153} INFO - Started process (PID=93335) to work on /Users/pro/Documents/a_env/proj_data/lib/python3.7/site-packages/airflow/example_dags/example_task_group_decorator.py
[2022-08-07 07:56:45,420] {processor.py:641} INFO - Processing file /Users/pro/Documents/a_env/proj_data/lib/python3.7/site-packages/airflow/example_dags/example_task_group_decorator.py for tasks to queue
[2022-08-07 07:56:45,421] {logging_mixin.py:115} INFO - [2022-08-07 07:56:45,421] {dagbag.py:508} INFO - Filling up the DagBag from /Users/pro/Documents/a_env/proj_data/lib/python3.7/site-packages/airflow/example_dags/example_task_group_decorator.py
[2022-08-07 07:56:45,457] {processor.py:651} INFO - DAG(s) dict_keys(['example_task_group_decorator']) retrieved from /Users/pro/Documents/a_env/proj_data/lib/python3.7/site-packages/airflow/example_dags/example_task_group_decorator.py
[2022-08-07 07:56:45,525] {logging_mixin.py:115} INFO - [2022-08-07 07:56:45,525] {dag.py:2420} INFO - Sync 1 DAGs
[2022-08-07 07:56:45,541] {logging_mixin.py:115} INFO - [2022-08-07 07:56:45,541] {dag.py:2972} INFO - Setting next_dagrun for example_task_group_decorator to 2022-08-05T23:56:45.541124+00:00, run_after=2022-08-06T23:56:45.541124+00:00
[2022-08-07 07:56:45,555] {processor.py:161} INFO - Processing /Users/pro/Documents/a_env/proj_data/lib/python3.7/site-packages/airflow/example_dags/example_task_group_decorator.py took 0.141 seconds
[2022-08-07 07:57:18,750] {processor.py:153} INFO - Started process (PID=93371) to work on /Users/pro/Documents/a_env/proj_data/lib/python3.7/site-packages/airflow/example_dags/example_task_group_decorator.py
[2022-08-07 07:57:18,751] {processor.py:641} INFO - Processing file /Users/pro/Documents/a_env/proj_data/lib/python3.7/site-packages/airflow/example_dags/example_task_group_decorator.py for tasks to queue
[2022-08-07 07:57:18,752] {logging_mixin.py:115} INFO - [2022-08-07 07:57:18,752] {dagbag.py:508} INFO - Filling up the DagBag from /Users/pro/Documents/a_env/proj_data/lib/python3.7/site-packages/airflow/example_dags/example_task_group_decorator.py
[2022-08-07 07:57:18,791] {processor.py:651} INFO - DAG(s) dict_keys(['example_task_group_decorator']) retrieved from /Users/pro/Documents/a_env/proj_data/lib/python3.7/site-packages/airflow/example_dags/example_task_group_decorator.py
[2022-08-07 07:57:18,856] {logging_mixin.py:115} INFO - [2022-08-07 07:57:18,855] {dag.py:2420} INFO - Sync 1 DAGs
[2022-08-07 07:57:18,872] {logging_mixin.py:115} INFO - [2022-08-07 07:57:18,872] {dag.py:2972} INFO - Setting next_dagrun for example_task_group_decorator to 2022-08-05T23:57:18.871818+00:00, run_after=2022-08-06T23:57:18.871818+00:00
[2022-08-07 07:57:18,887] {processor.py:161} INFO - Processing /Users/pro/Documents/a_env/proj_data/lib/python3.7/site-packages/airflow/example_dags/example_task_group_decorator.py took 0.142 seconds
[2022-08-07 07:57:51,306] {processor.py:153} INFO - Started process (PID=93413) to work on /Users/pro/Documents/a_env/proj_data/lib/python3.7/site-packages/airflow/example_dags/example_task_group_decorator.py
[2022-08-07 07:57:51,307] {processor.py:641} INFO - Processing file /Users/pro/Documents/a_env/proj_data/lib/python3.7/site-packages/airflow/example_dags/example_task_group_decorator.py for tasks to queue
[2022-08-07 07:57:51,308] {logging_mixin.py:115} INFO - [2022-08-07 07:57:51,308] {dagbag.py:508} INFO - Filling up the DagBag from /Users/pro/Documents/a_env/proj_data/lib/python3.7/site-packages/airflow/example_dags/example_task_group_decorator.py
[2022-08-07 07:57:51,347] {processor.py:651} INFO - DAG(s) dict_keys(['example_task_group_decorator']) retrieved from /Users/pro/Documents/a_env/proj_data/lib/python3.7/site-packages/airflow/example_dags/example_task_group_decorator.py
[2022-08-07 07:57:51,410] {logging_mixin.py:115} INFO - [2022-08-07 07:57:51,409] {dag.py:2420} INFO - Sync 1 DAGs
[2022-08-07 07:57:51,427] {logging_mixin.py:115} INFO - [2022-08-07 07:57:51,427] {dag.py:2972} INFO - Setting next_dagrun for example_task_group_decorator to 2022-08-05T23:57:51.426796+00:00, run_after=2022-08-06T23:57:51.426796+00:00
[2022-08-07 07:57:51,440] {processor.py:161} INFO - Processing /Users/pro/Documents/a_env/proj_data/lib/python3.7/site-packages/airflow/example_dags/example_task_group_decorator.py took 0.139 seconds
[2022-08-07 07:58:25,328] {processor.py:153} INFO - Started process (PID=93452) to work on /Users/pro/Documents/a_env/proj_data/lib/python3.7/site-packages/airflow/example_dags/example_task_group_decorator.py
[2022-08-07 07:58:25,330] {processor.py:641} INFO - Processing file /Users/pro/Documents/a_env/proj_data/lib/python3.7/site-packages/airflow/example_dags/example_task_group_decorator.py for tasks to queue
[2022-08-07 07:58:25,331] {logging_mixin.py:115} INFO - [2022-08-07 07:58:25,331] {dagbag.py:508} INFO - Filling up the DagBag from /Users/pro/Documents/a_env/proj_data/lib/python3.7/site-packages/airflow/example_dags/example_task_group_decorator.py
[2022-08-07 07:58:25,371] {processor.py:651} INFO - DAG(s) dict_keys(['example_task_group_decorator']) retrieved from /Users/pro/Documents/a_env/proj_data/lib/python3.7/site-packages/airflow/example_dags/example_task_group_decorator.py
[2022-08-07 07:58:25,436] {logging_mixin.py:115} INFO - [2022-08-07 07:58:25,436] {dag.py:2420} INFO - Sync 1 DAGs
[2022-08-07 07:58:25,456] {logging_mixin.py:115} INFO - [2022-08-07 07:58:25,455] {dag.py:2972} INFO - Setting next_dagrun for example_task_group_decorator to 2022-08-05T23:58:25.455278+00:00, run_after=2022-08-06T23:58:25.455278+00:00
[2022-08-07 07:58:25,472] {processor.py:161} INFO - Processing /Users/pro/Documents/a_env/proj_data/lib/python3.7/site-packages/airflow/example_dags/example_task_group_decorator.py took 0.149 seconds
[2022-08-07 07:58:59,527] {processor.py:153} INFO - Started process (PID=93487) to work on /Users/pro/Documents/a_env/proj_data/lib/python3.7/site-packages/airflow/example_dags/example_task_group_decorator.py
[2022-08-07 07:58:59,528] {processor.py:641} INFO - Processing file /Users/pro/Documents/a_env/proj_data/lib/python3.7/site-packages/airflow/example_dags/example_task_group_decorator.py for tasks to queue
[2022-08-07 07:58:59,529] {logging_mixin.py:115} INFO - [2022-08-07 07:58:59,529] {dagbag.py:508} INFO - Filling up the DagBag from /Users/pro/Documents/a_env/proj_data/lib/python3.7/site-packages/airflow/example_dags/example_task_group_decorator.py
[2022-08-07 07:58:59,562] {processor.py:651} INFO - DAG(s) dict_keys(['example_task_group_decorator']) retrieved from /Users/pro/Documents/a_env/proj_data/lib/python3.7/site-packages/airflow/example_dags/example_task_group_decorator.py
[2022-08-07 07:58:59,624] {logging_mixin.py:115} INFO - [2022-08-07 07:58:59,623] {dag.py:2420} INFO - Sync 1 DAGs
[2022-08-07 07:58:59,640] {logging_mixin.py:115} INFO - [2022-08-07 07:58:59,639] {dag.py:2972} INFO - Setting next_dagrun for example_task_group_decorator to 2022-08-05T23:58:59.639372+00:00, run_after=2022-08-06T23:58:59.639372+00:00
[2022-08-07 07:58:59,653] {processor.py:161} INFO - Processing /Users/pro/Documents/a_env/proj_data/lib/python3.7/site-packages/airflow/example_dags/example_task_group_decorator.py took 0.130 seconds
[2022-08-07 07:59:32,085] {processor.py:153} INFO - Started process (PID=93521) to work on /Users/pro/Documents/a_env/proj_data/lib/python3.7/site-packages/airflow/example_dags/example_task_group_decorator.py
[2022-08-07 07:59:32,085] {processor.py:641} INFO - Processing file /Users/pro/Documents/a_env/proj_data/lib/python3.7/site-packages/airflow/example_dags/example_task_group_decorator.py for tasks to queue
[2022-08-07 07:59:32,086] {logging_mixin.py:115} INFO - [2022-08-07 07:59:32,086] {dagbag.py:508} INFO - Filling up the DagBag from /Users/pro/Documents/a_env/proj_data/lib/python3.7/site-packages/airflow/example_dags/example_task_group_decorator.py
[2022-08-07 07:59:32,120] {processor.py:651} INFO - DAG(s) dict_keys(['example_task_group_decorator']) retrieved from /Users/pro/Documents/a_env/proj_data/lib/python3.7/site-packages/airflow/example_dags/example_task_group_decorator.py
[2022-08-07 07:59:32,141] {logging_mixin.py:115} INFO - [2022-08-07 07:59:32,140] {dag.py:2420} INFO - Sync 1 DAGs
[2022-08-07 07:59:32,158] {logging_mixin.py:115} INFO - [2022-08-07 07:59:32,158] {dag.py:2972} INFO - Setting next_dagrun for example_task_group_decorator to 2022-08-05T23:59:32.157953+00:00, run_after=2022-08-06T23:59:32.157953+00:00
[2022-08-07 07:59:32,171] {processor.py:161} INFO - Processing /Users/pro/Documents/a_env/proj_data/lib/python3.7/site-packages/airflow/example_dags/example_task_group_decorator.py took 0.091 seconds
