[2022-08-06 10:35:14,477] {processor.py:153} INFO - Started process (PID=91248) to work on /Users/pro/Documents/a_env/proj_data/lib/python3.7/site-packages/airflow/example_dags/example_python_operator.py
[2022-08-06 10:35:14,478] {processor.py:641} INFO - Processing file /Users/pro/Documents/a_env/proj_data/lib/python3.7/site-packages/airflow/example_dags/example_python_operator.py for tasks to queue
[2022-08-06 10:35:14,478] {logging_mixin.py:115} INFO - [2022-08-06 10:35:14,478] {dagbag.py:508} INFO - Filling up the DagBag from /Users/pro/Documents/a_env/proj_data/lib/python3.7/site-packages/airflow/example_dags/example_python_operator.py
[2022-08-06 10:35:14,501] {processor.py:651} INFO - DAG(s) dict_keys(['example_python_operator']) retrieved from /Users/pro/Documents/a_env/proj_data/lib/python3.7/site-packages/airflow/example_dags/example_python_operator.py
[2022-08-06 10:35:14,521] {logging_mixin.py:115} INFO - [2022-08-06 10:35:14,520] {dag.py:2420} INFO - Sync 1 DAGs
[2022-08-06 10:35:14,540] {logging_mixin.py:115} INFO - [2022-08-06 10:35:14,539] {dag.py:2972} INFO - Setting next_dagrun for example_python_operator to None, run_after=None
[2022-08-06 10:35:14,552] {processor.py:161} INFO - Processing /Users/pro/Documents/a_env/proj_data/lib/python3.7/site-packages/airflow/example_dags/example_python_operator.py took 0.079 seconds
[2022-08-06 21:09:50,543] {processor.py:153} INFO - Started process (PID=91554) to work on /Users/pro/Documents/a_env/proj_data/lib/python3.7/site-packages/airflow/example_dags/example_python_operator.py
[2022-08-06 21:09:50,544] {processor.py:641} INFO - Processing file /Users/pro/Documents/a_env/proj_data/lib/python3.7/site-packages/airflow/example_dags/example_python_operator.py for tasks to queue
[2022-08-06 21:09:50,545] {logging_mixin.py:115} INFO - [2022-08-06 21:09:50,545] {dagbag.py:508} INFO - Filling up the DagBag from /Users/pro/Documents/a_env/proj_data/lib/python3.7/site-packages/airflow/example_dags/example_python_operator.py
[2022-08-06 21:09:50,581] {processor.py:651} INFO - DAG(s) dict_keys(['example_python_operator']) retrieved from /Users/pro/Documents/a_env/proj_data/lib/python3.7/site-packages/airflow/example_dags/example_python_operator.py
[2022-08-06 21:09:50,600] {logging_mixin.py:115} INFO - [2022-08-06 21:09:50,599] {dag.py:2420} INFO - Sync 1 DAGs
[2022-08-06 21:09:50,622] {logging_mixin.py:115} INFO - [2022-08-06 21:09:50,622] {dag.py:2972} INFO - Setting next_dagrun for example_python_operator to None, run_after=None
[2022-08-06 21:09:50,634] {processor.py:161} INFO - Processing /Users/pro/Documents/a_env/proj_data/lib/python3.7/site-packages/airflow/example_dags/example_python_operator.py took 0.095 seconds
[2022-08-06 21:10:26,683] {processor.py:153} INFO - Started process (PID=91600) to work on /Users/pro/Documents/a_env/proj_data/lib/python3.7/site-packages/airflow/example_dags/example_python_operator.py
[2022-08-06 21:10:26,685] {processor.py:641} INFO - Processing file /Users/pro/Documents/a_env/proj_data/lib/python3.7/site-packages/airflow/example_dags/example_python_operator.py for tasks to queue
[2022-08-06 21:10:26,686] {logging_mixin.py:115} INFO - [2022-08-06 21:10:26,686] {dagbag.py:508} INFO - Filling up the DagBag from /Users/pro/Documents/a_env/proj_data/lib/python3.7/site-packages/airflow/example_dags/example_python_operator.py
[2022-08-06 21:10:26,714] {processor.py:651} INFO - DAG(s) dict_keys(['example_python_operator']) retrieved from /Users/pro/Documents/a_env/proj_data/lib/python3.7/site-packages/airflow/example_dags/example_python_operator.py
[2022-08-06 21:10:26,738] {logging_mixin.py:115} INFO - [2022-08-06 21:10:26,736] {dag.py:2420} INFO - Sync 1 DAGs
[2022-08-06 21:10:26,759] {logging_mixin.py:115} INFO - [2022-08-06 21:10:26,759] {dag.py:2972} INFO - Setting next_dagrun for example_python_operator to None, run_after=None
[2022-08-06 21:10:26,773] {processor.py:161} INFO - Processing /Users/pro/Documents/a_env/proj_data/lib/python3.7/site-packages/airflow/example_dags/example_python_operator.py took 0.096 seconds
[2022-08-06 21:11:00,821] {processor.py:153} INFO - Started process (PID=91646) to work on /Users/pro/Documents/a_env/proj_data/lib/python3.7/site-packages/airflow/example_dags/example_python_operator.py
[2022-08-06 21:11:00,823] {processor.py:641} INFO - Processing file /Users/pro/Documents/a_env/proj_data/lib/python3.7/site-packages/airflow/example_dags/example_python_operator.py for tasks to queue
[2022-08-06 21:11:00,824] {logging_mixin.py:115} INFO - [2022-08-06 21:11:00,824] {dagbag.py:508} INFO - Filling up the DagBag from /Users/pro/Documents/a_env/proj_data/lib/python3.7/site-packages/airflow/example_dags/example_python_operator.py
[2022-08-06 21:11:00,858] {processor.py:651} INFO - DAG(s) dict_keys(['example_python_operator']) retrieved from /Users/pro/Documents/a_env/proj_data/lib/python3.7/site-packages/airflow/example_dags/example_python_operator.py
[2022-08-06 21:11:00,881] {logging_mixin.py:115} INFO - [2022-08-06 21:11:00,881] {dag.py:2420} INFO - Sync 1 DAGs
[2022-08-06 21:11:00,903] {logging_mixin.py:115} INFO - [2022-08-06 21:11:00,903] {dag.py:2972} INFO - Setting next_dagrun for example_python_operator to None, run_after=None
[2022-08-06 21:11:00,915] {processor.py:161} INFO - Processing /Users/pro/Documents/a_env/proj_data/lib/python3.7/site-packages/airflow/example_dags/example_python_operator.py took 0.098 seconds
[2022-08-06 21:11:35,942] {processor.py:153} INFO - Started process (PID=91694) to work on /Users/pro/Documents/a_env/proj_data/lib/python3.7/site-packages/airflow/example_dags/example_python_operator.py
[2022-08-06 21:11:35,944] {processor.py:641} INFO - Processing file /Users/pro/Documents/a_env/proj_data/lib/python3.7/site-packages/airflow/example_dags/example_python_operator.py for tasks to queue
[2022-08-06 21:11:35,945] {logging_mixin.py:115} INFO - [2022-08-06 21:11:35,945] {dagbag.py:508} INFO - Filling up the DagBag from /Users/pro/Documents/a_env/proj_data/lib/python3.7/site-packages/airflow/example_dags/example_python_operator.py
[2022-08-06 21:11:35,981] {processor.py:651} INFO - DAG(s) dict_keys(['example_python_operator']) retrieved from /Users/pro/Documents/a_env/proj_data/lib/python3.7/site-packages/airflow/example_dags/example_python_operator.py
[2022-08-06 21:11:36,046] {logging_mixin.py:115} INFO - [2022-08-06 21:11:36,046] {dag.py:2420} INFO - Sync 1 DAGs
[2022-08-06 21:11:36,081] {logging_mixin.py:115} INFO - [2022-08-06 21:11:36,080] {dag.py:2972} INFO - Setting next_dagrun for example_python_operator to None, run_after=None
[2022-08-06 21:11:36,099] {processor.py:161} INFO - Processing /Users/pro/Documents/a_env/proj_data/lib/python3.7/site-packages/airflow/example_dags/example_python_operator.py took 0.162 seconds
[2022-08-07 00:14:49,762] {processor.py:153} INFO - Started process (PID=91832) to work on /Users/pro/Documents/a_env/proj_data/lib/python3.7/site-packages/airflow/example_dags/example_python_operator.py
[2022-08-07 00:14:49,764] {processor.py:641} INFO - Processing file /Users/pro/Documents/a_env/proj_data/lib/python3.7/site-packages/airflow/example_dags/example_python_operator.py for tasks to queue
[2022-08-07 00:14:49,766] {logging_mixin.py:115} INFO - [2022-08-07 00:14:49,765] {dagbag.py:508} INFO - Filling up the DagBag from /Users/pro/Documents/a_env/proj_data/lib/python3.7/site-packages/airflow/example_dags/example_python_operator.py
[2022-08-07 00:14:49,795] {processor.py:651} INFO - DAG(s) dict_keys(['example_python_operator']) retrieved from /Users/pro/Documents/a_env/proj_data/lib/python3.7/site-packages/airflow/example_dags/example_python_operator.py
[2022-08-07 00:14:49,898] {logging_mixin.py:115} INFO - [2022-08-07 00:14:49,897] {dag.py:2420} INFO - Sync 1 DAGs
[2022-08-07 00:14:50,034] {logging_mixin.py:115} INFO - [2022-08-07 00:14:50,033] {dag.py:2972} INFO - Setting next_dagrun for example_python_operator to None, run_after=None
[2022-08-07 00:14:50,073] {processor.py:161} INFO - Processing /Users/pro/Documents/a_env/proj_data/lib/python3.7/site-packages/airflow/example_dags/example_python_operator.py took 0.315 seconds
[2022-08-07 07:14:50,685] {processor.py:153} INFO - Started process (PID=91985) to work on /Users/pro/Documents/a_env/proj_data/lib/python3.7/site-packages/airflow/example_dags/example_python_operator.py
[2022-08-07 07:14:50,687] {processor.py:641} INFO - Processing file /Users/pro/Documents/a_env/proj_data/lib/python3.7/site-packages/airflow/example_dags/example_python_operator.py for tasks to queue
[2022-08-07 07:14:50,688] {logging_mixin.py:115} INFO - [2022-08-07 07:14:50,688] {dagbag.py:508} INFO - Filling up the DagBag from /Users/pro/Documents/a_env/proj_data/lib/python3.7/site-packages/airflow/example_dags/example_python_operator.py
[2022-08-07 07:14:50,736] {processor.py:651} INFO - DAG(s) dict_keys(['example_python_operator']) retrieved from /Users/pro/Documents/a_env/proj_data/lib/python3.7/site-packages/airflow/example_dags/example_python_operator.py
[2022-08-07 07:14:50,764] {logging_mixin.py:115} INFO - [2022-08-07 07:14:50,764] {dag.py:2420} INFO - Sync 1 DAGs
[2022-08-07 07:14:50,808] {logging_mixin.py:115} INFO - [2022-08-07 07:14:50,808] {dag.py:2972} INFO - Setting next_dagrun for example_python_operator to None, run_after=None
[2022-08-07 07:14:50,968] {processor.py:161} INFO - Processing /Users/pro/Documents/a_env/proj_data/lib/python3.7/site-packages/airflow/example_dags/example_python_operator.py took 0.294 seconds
[2022-08-07 07:39:04,088] {processor.py:153} INFO - Started process (PID=92080) to work on /Users/pro/Documents/a_env/proj_data/lib/python3.7/site-packages/airflow/example_dags/example_python_operator.py
[2022-08-07 07:39:04,089] {processor.py:641} INFO - Processing file /Users/pro/Documents/a_env/proj_data/lib/python3.7/site-packages/airflow/example_dags/example_python_operator.py for tasks to queue
[2022-08-07 07:39:04,090] {logging_mixin.py:115} INFO - [2022-08-07 07:39:04,090] {dagbag.py:508} INFO - Filling up the DagBag from /Users/pro/Documents/a_env/proj_data/lib/python3.7/site-packages/airflow/example_dags/example_python_operator.py
[2022-08-07 07:39:04,119] {processor.py:651} INFO - DAG(s) dict_keys(['example_python_operator']) retrieved from /Users/pro/Documents/a_env/proj_data/lib/python3.7/site-packages/airflow/example_dags/example_python_operator.py
[2022-08-07 07:39:04,141] {logging_mixin.py:115} INFO - [2022-08-07 07:39:04,140] {dag.py:2420} INFO - Sync 1 DAGs
[2022-08-07 07:39:04,158] {logging_mixin.py:115} INFO - [2022-08-07 07:39:04,158] {dag.py:2972} INFO - Setting next_dagrun for example_python_operator to None, run_after=None
[2022-08-07 07:39:04,170] {processor.py:161} INFO - Processing /Users/pro/Documents/a_env/proj_data/lib/python3.7/site-packages/airflow/example_dags/example_python_operator.py took 0.087 seconds
[2022-08-07 07:39:39,465] {processor.py:153} INFO - Started process (PID=92119) to work on /Users/pro/Documents/a_env/proj_data/lib/python3.7/site-packages/airflow/example_dags/example_python_operator.py
[2022-08-07 07:39:39,466] {processor.py:641} INFO - Processing file /Users/pro/Documents/a_env/proj_data/lib/python3.7/site-packages/airflow/example_dags/example_python_operator.py for tasks to queue
[2022-08-07 07:39:39,467] {logging_mixin.py:115} INFO - [2022-08-07 07:39:39,467] {dagbag.py:508} INFO - Filling up the DagBag from /Users/pro/Documents/a_env/proj_data/lib/python3.7/site-packages/airflow/example_dags/example_python_operator.py
[2022-08-07 07:39:39,494] {processor.py:651} INFO - DAG(s) dict_keys(['example_python_operator']) retrieved from /Users/pro/Documents/a_env/proj_data/lib/python3.7/site-packages/airflow/example_dags/example_python_operator.py
[2022-08-07 07:39:39,520] {logging_mixin.py:115} INFO - [2022-08-07 07:39:39,520] {dag.py:2420} INFO - Sync 1 DAGs
[2022-08-07 07:39:39,541] {logging_mixin.py:115} INFO - [2022-08-07 07:39:39,541] {dag.py:2972} INFO - Setting next_dagrun for example_python_operator to None, run_after=None
[2022-08-07 07:39:39,555] {processor.py:161} INFO - Processing /Users/pro/Documents/a_env/proj_data/lib/python3.7/site-packages/airflow/example_dags/example_python_operator.py took 0.095 seconds
[2022-08-07 07:40:13,916] {processor.py:153} INFO - Started process (PID=92198) to work on /Users/pro/Documents/a_env/proj_data/lib/python3.7/site-packages/airflow/example_dags/example_python_operator.py
[2022-08-07 07:40:13,917] {processor.py:641} INFO - Processing file /Users/pro/Documents/a_env/proj_data/lib/python3.7/site-packages/airflow/example_dags/example_python_operator.py for tasks to queue
[2022-08-07 07:40:13,918] {logging_mixin.py:115} INFO - [2022-08-07 07:40:13,918] {dagbag.py:508} INFO - Filling up the DagBag from /Users/pro/Documents/a_env/proj_data/lib/python3.7/site-packages/airflow/example_dags/example_python_operator.py
[2022-08-07 07:40:13,941] {processor.py:651} INFO - DAG(s) dict_keys(['example_python_operator']) retrieved from /Users/pro/Documents/a_env/proj_data/lib/python3.7/site-packages/airflow/example_dags/example_python_operator.py
[2022-08-07 07:40:13,963] {logging_mixin.py:115} INFO - [2022-08-07 07:40:13,963] {dag.py:2420} INFO - Sync 1 DAGs
[2022-08-07 07:40:13,982] {logging_mixin.py:115} INFO - [2022-08-07 07:40:13,981] {dag.py:2972} INFO - Setting next_dagrun for example_python_operator to None, run_after=None
[2022-08-07 07:40:13,994] {processor.py:161} INFO - Processing /Users/pro/Documents/a_env/proj_data/lib/python3.7/site-packages/airflow/example_dags/example_python_operator.py took 0.081 seconds
[2022-08-07 07:40:49,431] {processor.py:153} INFO - Started process (PID=92264) to work on /Users/pro/Documents/a_env/proj_data/lib/python3.7/site-packages/airflow/example_dags/example_python_operator.py
[2022-08-07 07:40:49,432] {processor.py:641} INFO - Processing file /Users/pro/Documents/a_env/proj_data/lib/python3.7/site-packages/airflow/example_dags/example_python_operator.py for tasks to queue
[2022-08-07 07:40:49,433] {logging_mixin.py:115} INFO - [2022-08-07 07:40:49,433] {dagbag.py:508} INFO - Filling up the DagBag from /Users/pro/Documents/a_env/proj_data/lib/python3.7/site-packages/airflow/example_dags/example_python_operator.py
[2022-08-07 07:40:49,458] {processor.py:651} INFO - DAG(s) dict_keys(['example_python_operator']) retrieved from /Users/pro/Documents/a_env/proj_data/lib/python3.7/site-packages/airflow/example_dags/example_python_operator.py
[2022-08-07 07:40:49,482] {logging_mixin.py:115} INFO - [2022-08-07 07:40:49,482] {dag.py:2420} INFO - Sync 1 DAGs
[2022-08-07 07:40:49,502] {logging_mixin.py:115} INFO - [2022-08-07 07:40:49,502] {dag.py:2972} INFO - Setting next_dagrun for example_python_operator to None, run_after=None
[2022-08-07 07:40:49,516] {processor.py:161} INFO - Processing /Users/pro/Documents/a_env/proj_data/lib/python3.7/site-packages/airflow/example_dags/example_python_operator.py took 0.089 seconds
[2022-08-07 07:41:25,851] {processor.py:153} INFO - Started process (PID=92306) to work on /Users/pro/Documents/a_env/proj_data/lib/python3.7/site-packages/airflow/example_dags/example_python_operator.py
[2022-08-07 07:41:25,852] {processor.py:641} INFO - Processing file /Users/pro/Documents/a_env/proj_data/lib/python3.7/site-packages/airflow/example_dags/example_python_operator.py for tasks to queue
[2022-08-07 07:41:25,853] {logging_mixin.py:115} INFO - [2022-08-07 07:41:25,853] {dagbag.py:508} INFO - Filling up the DagBag from /Users/pro/Documents/a_env/proj_data/lib/python3.7/site-packages/airflow/example_dags/example_python_operator.py
[2022-08-07 07:41:25,877] {processor.py:651} INFO - DAG(s) dict_keys(['example_python_operator']) retrieved from /Users/pro/Documents/a_env/proj_data/lib/python3.7/site-packages/airflow/example_dags/example_python_operator.py
[2022-08-07 07:41:25,901] {logging_mixin.py:115} INFO - [2022-08-07 07:41:25,900] {dag.py:2420} INFO - Sync 1 DAGs
[2022-08-07 07:41:25,919] {logging_mixin.py:115} INFO - [2022-08-07 07:41:25,919] {dag.py:2972} INFO - Setting next_dagrun for example_python_operator to None, run_after=None
[2022-08-07 07:41:25,931] {processor.py:161} INFO - Processing /Users/pro/Documents/a_env/proj_data/lib/python3.7/site-packages/airflow/example_dags/example_python_operator.py took 0.086 seconds
[2022-08-07 07:41:58,863] {processor.py:153} INFO - Started process (PID=92350) to work on /Users/pro/Documents/a_env/proj_data/lib/python3.7/site-packages/airflow/example_dags/example_python_operator.py
[2022-08-07 07:41:58,865] {processor.py:641} INFO - Processing file /Users/pro/Documents/a_env/proj_data/lib/python3.7/site-packages/airflow/example_dags/example_python_operator.py for tasks to queue
[2022-08-07 07:41:58,867] {logging_mixin.py:115} INFO - [2022-08-07 07:41:58,866] {dagbag.py:508} INFO - Filling up the DagBag from /Users/pro/Documents/a_env/proj_data/lib/python3.7/site-packages/airflow/example_dags/example_python_operator.py
[2022-08-07 07:41:58,893] {processor.py:651} INFO - DAG(s) dict_keys(['example_python_operator']) retrieved from /Users/pro/Documents/a_env/proj_data/lib/python3.7/site-packages/airflow/example_dags/example_python_operator.py
[2022-08-07 07:41:58,915] {logging_mixin.py:115} INFO - [2022-08-07 07:41:58,915] {dag.py:2420} INFO - Sync 1 DAGs
[2022-08-07 07:41:58,933] {logging_mixin.py:115} INFO - [2022-08-07 07:41:58,933] {dag.py:2972} INFO - Setting next_dagrun for example_python_operator to None, run_after=None
[2022-08-07 07:41:58,947] {processor.py:161} INFO - Processing /Users/pro/Documents/a_env/proj_data/lib/python3.7/site-packages/airflow/example_dags/example_python_operator.py took 0.088 seconds
[2022-08-07 07:42:34,205] {processor.py:153} INFO - Started process (PID=92386) to work on /Users/pro/Documents/a_env/proj_data/lib/python3.7/site-packages/airflow/example_dags/example_python_operator.py
[2022-08-07 07:42:34,206] {processor.py:641} INFO - Processing file /Users/pro/Documents/a_env/proj_data/lib/python3.7/site-packages/airflow/example_dags/example_python_operator.py for tasks to queue
[2022-08-07 07:42:34,207] {logging_mixin.py:115} INFO - [2022-08-07 07:42:34,207] {dagbag.py:508} INFO - Filling up the DagBag from /Users/pro/Documents/a_env/proj_data/lib/python3.7/site-packages/airflow/example_dags/example_python_operator.py
[2022-08-07 07:42:34,232] {processor.py:651} INFO - DAG(s) dict_keys(['example_python_operator']) retrieved from /Users/pro/Documents/a_env/proj_data/lib/python3.7/site-packages/airflow/example_dags/example_python_operator.py
[2022-08-07 07:42:34,253] {logging_mixin.py:115} INFO - [2022-08-07 07:42:34,253] {dag.py:2420} INFO - Sync 1 DAGs
[2022-08-07 07:42:34,273] {logging_mixin.py:115} INFO - [2022-08-07 07:42:34,273] {dag.py:2972} INFO - Setting next_dagrun for example_python_operator to None, run_after=None
[2022-08-07 07:42:34,286] {processor.py:161} INFO - Processing /Users/pro/Documents/a_env/proj_data/lib/python3.7/site-packages/airflow/example_dags/example_python_operator.py took 0.085 seconds
[2022-08-07 07:43:08,061] {processor.py:153} INFO - Started process (PID=92424) to work on /Users/pro/Documents/a_env/proj_data/lib/python3.7/site-packages/airflow/example_dags/example_python_operator.py
[2022-08-07 07:43:08,062] {processor.py:641} INFO - Processing file /Users/pro/Documents/a_env/proj_data/lib/python3.7/site-packages/airflow/example_dags/example_python_operator.py for tasks to queue
[2022-08-07 07:43:08,063] {logging_mixin.py:115} INFO - [2022-08-07 07:43:08,063] {dagbag.py:508} INFO - Filling up the DagBag from /Users/pro/Documents/a_env/proj_data/lib/python3.7/site-packages/airflow/example_dags/example_python_operator.py
[2022-08-07 07:43:08,088] {processor.py:651} INFO - DAG(s) dict_keys(['example_python_operator']) retrieved from /Users/pro/Documents/a_env/proj_data/lib/python3.7/site-packages/airflow/example_dags/example_python_operator.py
[2022-08-07 07:43:08,113] {logging_mixin.py:115} INFO - [2022-08-07 07:43:08,113] {dag.py:2420} INFO - Sync 1 DAGs
[2022-08-07 07:43:08,144] {logging_mixin.py:115} INFO - [2022-08-07 07:43:08,143] {dag.py:2972} INFO - Setting next_dagrun for example_python_operator to None, run_after=None
[2022-08-07 07:43:08,156] {processor.py:161} INFO - Processing /Users/pro/Documents/a_env/proj_data/lib/python3.7/site-packages/airflow/example_dags/example_python_operator.py took 0.100 seconds
[2022-08-07 07:43:42,894] {processor.py:153} INFO - Started process (PID=92461) to work on /Users/pro/Documents/a_env/proj_data/lib/python3.7/site-packages/airflow/example_dags/example_python_operator.py
[2022-08-07 07:43:42,895] {processor.py:641} INFO - Processing file /Users/pro/Documents/a_env/proj_data/lib/python3.7/site-packages/airflow/example_dags/example_python_operator.py for tasks to queue
[2022-08-07 07:43:42,896] {logging_mixin.py:115} INFO - [2022-08-07 07:43:42,896] {dagbag.py:508} INFO - Filling up the DagBag from /Users/pro/Documents/a_env/proj_data/lib/python3.7/site-packages/airflow/example_dags/example_python_operator.py
[2022-08-07 07:43:42,926] {processor.py:651} INFO - DAG(s) dict_keys(['example_python_operator']) retrieved from /Users/pro/Documents/a_env/proj_data/lib/python3.7/site-packages/airflow/example_dags/example_python_operator.py
[2022-08-07 07:43:42,947] {logging_mixin.py:115} INFO - [2022-08-07 07:43:42,946] {dag.py:2420} INFO - Sync 1 DAGs
[2022-08-07 07:43:42,966] {logging_mixin.py:115} INFO - [2022-08-07 07:43:42,966] {dag.py:2972} INFO - Setting next_dagrun for example_python_operator to None, run_after=None
[2022-08-07 07:43:42,979] {processor.py:161} INFO - Processing /Users/pro/Documents/a_env/proj_data/lib/python3.7/site-packages/airflow/example_dags/example_python_operator.py took 0.091 seconds
[2022-08-07 07:44:18,739] {processor.py:153} INFO - Started process (PID=92514) to work on /Users/pro/Documents/a_env/proj_data/lib/python3.7/site-packages/airflow/example_dags/example_python_operator.py
[2022-08-07 07:44:18,741] {processor.py:641} INFO - Processing file /Users/pro/Documents/a_env/proj_data/lib/python3.7/site-packages/airflow/example_dags/example_python_operator.py for tasks to queue
[2022-08-07 07:44:18,742] {logging_mixin.py:115} INFO - [2022-08-07 07:44:18,741] {dagbag.py:508} INFO - Filling up the DagBag from /Users/pro/Documents/a_env/proj_data/lib/python3.7/site-packages/airflow/example_dags/example_python_operator.py
[2022-08-07 07:44:18,772] {processor.py:651} INFO - DAG(s) dict_keys(['example_python_operator']) retrieved from /Users/pro/Documents/a_env/proj_data/lib/python3.7/site-packages/airflow/example_dags/example_python_operator.py
[2022-08-07 07:44:18,793] {logging_mixin.py:115} INFO - [2022-08-07 07:44:18,792] {dag.py:2420} INFO - Sync 1 DAGs
[2022-08-07 07:44:18,813] {logging_mixin.py:115} INFO - [2022-08-07 07:44:18,813] {dag.py:2972} INFO - Setting next_dagrun for example_python_operator to None, run_after=None
[2022-08-07 07:44:18,827] {processor.py:161} INFO - Processing /Users/pro/Documents/a_env/proj_data/lib/python3.7/site-packages/airflow/example_dags/example_python_operator.py took 0.093 seconds
[2022-08-07 07:44:56,213] {processor.py:153} INFO - Started process (PID=92552) to work on /Users/pro/Documents/a_env/proj_data/lib/python3.7/site-packages/airflow/example_dags/example_python_operator.py
[2022-08-07 07:44:56,215] {processor.py:641} INFO - Processing file /Users/pro/Documents/a_env/proj_data/lib/python3.7/site-packages/airflow/example_dags/example_python_operator.py for tasks to queue
[2022-08-07 07:44:56,216] {logging_mixin.py:115} INFO - [2022-08-07 07:44:56,216] {dagbag.py:508} INFO - Filling up the DagBag from /Users/pro/Documents/a_env/proj_data/lib/python3.7/site-packages/airflow/example_dags/example_python_operator.py
[2022-08-07 07:44:56,258] {processor.py:651} INFO - DAG(s) dict_keys(['example_python_operator']) retrieved from /Users/pro/Documents/a_env/proj_data/lib/python3.7/site-packages/airflow/example_dags/example_python_operator.py
[2022-08-07 07:44:56,284] {logging_mixin.py:115} INFO - [2022-08-07 07:44:56,284] {dag.py:2420} INFO - Sync 1 DAGs
[2022-08-07 07:44:56,307] {logging_mixin.py:115} INFO - [2022-08-07 07:44:56,307] {dag.py:2972} INFO - Setting next_dagrun for example_python_operator to None, run_after=None
[2022-08-07 07:44:56,322] {processor.py:161} INFO - Processing /Users/pro/Documents/a_env/proj_data/lib/python3.7/site-packages/airflow/example_dags/example_python_operator.py took 0.116 seconds
[2022-08-07 07:45:32,360] {processor.py:153} INFO - Started process (PID=92592) to work on /Users/pro/Documents/a_env/proj_data/lib/python3.7/site-packages/airflow/example_dags/example_python_operator.py
[2022-08-07 07:45:32,379] {processor.py:641} INFO - Processing file /Users/pro/Documents/a_env/proj_data/lib/python3.7/site-packages/airflow/example_dags/example_python_operator.py for tasks to queue
[2022-08-07 07:45:32,380] {logging_mixin.py:115} INFO - [2022-08-07 07:45:32,380] {dagbag.py:508} INFO - Filling up the DagBag from /Users/pro/Documents/a_env/proj_data/lib/python3.7/site-packages/airflow/example_dags/example_python_operator.py
[2022-08-07 07:45:32,409] {processor.py:651} INFO - DAG(s) dict_keys(['example_python_operator']) retrieved from /Users/pro/Documents/a_env/proj_data/lib/python3.7/site-packages/airflow/example_dags/example_python_operator.py
[2022-08-07 07:45:32,431] {logging_mixin.py:115} INFO - [2022-08-07 07:45:32,430] {dag.py:2420} INFO - Sync 1 DAGs
[2022-08-07 07:45:32,451] {logging_mixin.py:115} INFO - [2022-08-07 07:45:32,450] {dag.py:2972} INFO - Setting next_dagrun for example_python_operator to None, run_after=None
[2022-08-07 07:45:32,464] {processor.py:161} INFO - Processing /Users/pro/Documents/a_env/proj_data/lib/python3.7/site-packages/airflow/example_dags/example_python_operator.py took 0.109 seconds
[2022-08-07 07:46:09,372] {processor.py:153} INFO - Started process (PID=92630) to work on /Users/pro/Documents/a_env/proj_data/lib/python3.7/site-packages/airflow/example_dags/example_python_operator.py
[2022-08-07 07:46:09,374] {processor.py:641} INFO - Processing file /Users/pro/Documents/a_env/proj_data/lib/python3.7/site-packages/airflow/example_dags/example_python_operator.py for tasks to queue
[2022-08-07 07:46:09,376] {logging_mixin.py:115} INFO - [2022-08-07 07:46:09,375] {dagbag.py:508} INFO - Filling up the DagBag from /Users/pro/Documents/a_env/proj_data/lib/python3.7/site-packages/airflow/example_dags/example_python_operator.py
[2022-08-07 07:46:09,404] {processor.py:651} INFO - DAG(s) dict_keys(['example_python_operator']) retrieved from /Users/pro/Documents/a_env/proj_data/lib/python3.7/site-packages/airflow/example_dags/example_python_operator.py
[2022-08-07 07:46:09,422] {logging_mixin.py:115} INFO - [2022-08-07 07:46:09,421] {dag.py:2420} INFO - Sync 1 DAGs
[2022-08-07 07:46:09,441] {logging_mixin.py:115} INFO - [2022-08-07 07:46:09,441] {dag.py:2972} INFO - Setting next_dagrun for example_python_operator to None, run_after=None
[2022-08-07 07:46:09,454] {processor.py:161} INFO - Processing /Users/pro/Documents/a_env/proj_data/lib/python3.7/site-packages/airflow/example_dags/example_python_operator.py took 0.087 seconds
[2022-08-07 07:46:43,733] {processor.py:153} INFO - Started process (PID=92665) to work on /Users/pro/Documents/a_env/proj_data/lib/python3.7/site-packages/airflow/example_dags/example_python_operator.py
[2022-08-07 07:46:43,735] {processor.py:641} INFO - Processing file /Users/pro/Documents/a_env/proj_data/lib/python3.7/site-packages/airflow/example_dags/example_python_operator.py for tasks to queue
[2022-08-07 07:46:43,737] {logging_mixin.py:115} INFO - [2022-08-07 07:46:43,736] {dagbag.py:508} INFO - Filling up the DagBag from /Users/pro/Documents/a_env/proj_data/lib/python3.7/site-packages/airflow/example_dags/example_python_operator.py
[2022-08-07 07:46:43,769] {processor.py:651} INFO - DAG(s) dict_keys(['example_python_operator']) retrieved from /Users/pro/Documents/a_env/proj_data/lib/python3.7/site-packages/airflow/example_dags/example_python_operator.py
[2022-08-07 07:46:43,792] {logging_mixin.py:115} INFO - [2022-08-07 07:46:43,791] {dag.py:2420} INFO - Sync 1 DAGs
[2022-08-07 07:46:43,814] {logging_mixin.py:115} INFO - [2022-08-07 07:46:43,813] {dag.py:2972} INFO - Setting next_dagrun for example_python_operator to None, run_after=None
[2022-08-07 07:46:43,829] {processor.py:161} INFO - Processing /Users/pro/Documents/a_env/proj_data/lib/python3.7/site-packages/airflow/example_dags/example_python_operator.py took 0.101 seconds
[2022-08-07 07:47:17,623] {processor.py:153} INFO - Started process (PID=92700) to work on /Users/pro/Documents/a_env/proj_data/lib/python3.7/site-packages/airflow/example_dags/example_python_operator.py
[2022-08-07 07:47:17,625] {processor.py:641} INFO - Processing file /Users/pro/Documents/a_env/proj_data/lib/python3.7/site-packages/airflow/example_dags/example_python_operator.py for tasks to queue
[2022-08-07 07:47:17,626] {logging_mixin.py:115} INFO - [2022-08-07 07:47:17,626] {dagbag.py:508} INFO - Filling up the DagBag from /Users/pro/Documents/a_env/proj_data/lib/python3.7/site-packages/airflow/example_dags/example_python_operator.py
[2022-08-07 07:47:17,654] {processor.py:651} INFO - DAG(s) dict_keys(['example_python_operator']) retrieved from /Users/pro/Documents/a_env/proj_data/lib/python3.7/site-packages/airflow/example_dags/example_python_operator.py
[2022-08-07 07:47:17,674] {logging_mixin.py:115} INFO - [2022-08-07 07:47:17,673] {dag.py:2420} INFO - Sync 1 DAGs
[2022-08-07 07:47:17,693] {logging_mixin.py:115} INFO - [2022-08-07 07:47:17,692] {dag.py:2972} INFO - Setting next_dagrun for example_python_operator to None, run_after=None
[2022-08-07 07:47:17,705] {processor.py:161} INFO - Processing /Users/pro/Documents/a_env/proj_data/lib/python3.7/site-packages/airflow/example_dags/example_python_operator.py took 0.086 seconds
[2022-08-07 07:47:51,254] {processor.py:153} INFO - Started process (PID=92735) to work on /Users/pro/Documents/a_env/proj_data/lib/python3.7/site-packages/airflow/example_dags/example_python_operator.py
[2022-08-07 07:47:51,256] {processor.py:641} INFO - Processing file /Users/pro/Documents/a_env/proj_data/lib/python3.7/site-packages/airflow/example_dags/example_python_operator.py for tasks to queue
[2022-08-07 07:47:51,257] {logging_mixin.py:115} INFO - [2022-08-07 07:47:51,257] {dagbag.py:508} INFO - Filling up the DagBag from /Users/pro/Documents/a_env/proj_data/lib/python3.7/site-packages/airflow/example_dags/example_python_operator.py
[2022-08-07 07:47:51,283] {processor.py:651} INFO - DAG(s) dict_keys(['example_python_operator']) retrieved from /Users/pro/Documents/a_env/proj_data/lib/python3.7/site-packages/airflow/example_dags/example_python_operator.py
[2022-08-07 07:47:51,302] {logging_mixin.py:115} INFO - [2022-08-07 07:47:51,302] {dag.py:2420} INFO - Sync 1 DAGs
[2022-08-07 07:47:51,320] {logging_mixin.py:115} INFO - [2022-08-07 07:47:51,320] {dag.py:2972} INFO - Setting next_dagrun for example_python_operator to None, run_after=None
[2022-08-07 07:47:51,334] {processor.py:161} INFO - Processing /Users/pro/Documents/a_env/proj_data/lib/python3.7/site-packages/airflow/example_dags/example_python_operator.py took 0.084 seconds
[2022-08-07 07:48:26,158] {processor.py:153} INFO - Started process (PID=92777) to work on /Users/pro/Documents/a_env/proj_data/lib/python3.7/site-packages/airflow/example_dags/example_python_operator.py
[2022-08-07 07:48:26,158] {processor.py:641} INFO - Processing file /Users/pro/Documents/a_env/proj_data/lib/python3.7/site-packages/airflow/example_dags/example_python_operator.py for tasks to queue
[2022-08-07 07:48:26,159] {logging_mixin.py:115} INFO - [2022-08-07 07:48:26,159] {dagbag.py:508} INFO - Filling up the DagBag from /Users/pro/Documents/a_env/proj_data/lib/python3.7/site-packages/airflow/example_dags/example_python_operator.py
[2022-08-07 07:48:26,188] {processor.py:651} INFO - DAG(s) dict_keys(['example_python_operator']) retrieved from /Users/pro/Documents/a_env/proj_data/lib/python3.7/site-packages/airflow/example_dags/example_python_operator.py
[2022-08-07 07:48:26,207] {logging_mixin.py:115} INFO - [2022-08-07 07:48:26,206] {dag.py:2420} INFO - Sync 1 DAGs
[2022-08-07 07:48:26,225] {logging_mixin.py:115} INFO - [2022-08-07 07:48:26,224] {dag.py:2972} INFO - Setting next_dagrun for example_python_operator to None, run_after=None
[2022-08-07 07:48:26,237] {processor.py:161} INFO - Processing /Users/pro/Documents/a_env/proj_data/lib/python3.7/site-packages/airflow/example_dags/example_python_operator.py took 0.083 seconds
[2022-08-07 07:49:01,176] {processor.py:153} INFO - Started process (PID=92815) to work on /Users/pro/Documents/a_env/proj_data/lib/python3.7/site-packages/airflow/example_dags/example_python_operator.py
[2022-08-07 07:49:01,177] {processor.py:641} INFO - Processing file /Users/pro/Documents/a_env/proj_data/lib/python3.7/site-packages/airflow/example_dags/example_python_operator.py for tasks to queue
[2022-08-07 07:49:01,179] {logging_mixin.py:115} INFO - [2022-08-07 07:49:01,178] {dagbag.py:508} INFO - Filling up the DagBag from /Users/pro/Documents/a_env/proj_data/lib/python3.7/site-packages/airflow/example_dags/example_python_operator.py
[2022-08-07 07:49:01,205] {processor.py:651} INFO - DAG(s) dict_keys(['example_python_operator']) retrieved from /Users/pro/Documents/a_env/proj_data/lib/python3.7/site-packages/airflow/example_dags/example_python_operator.py
[2022-08-07 07:49:01,224] {logging_mixin.py:115} INFO - [2022-08-07 07:49:01,224] {dag.py:2420} INFO - Sync 1 DAGs
[2022-08-07 07:49:01,242] {logging_mixin.py:115} INFO - [2022-08-07 07:49:01,241] {dag.py:2972} INFO - Setting next_dagrun for example_python_operator to None, run_after=None
[2022-08-07 07:49:01,253] {processor.py:161} INFO - Processing /Users/pro/Documents/a_env/proj_data/lib/python3.7/site-packages/airflow/example_dags/example_python_operator.py took 0.082 seconds
[2022-08-07 07:49:35,081] {processor.py:153} INFO - Started process (PID=92857) to work on /Users/pro/Documents/a_env/proj_data/lib/python3.7/site-packages/airflow/example_dags/example_python_operator.py
[2022-08-07 07:49:35,083] {processor.py:641} INFO - Processing file /Users/pro/Documents/a_env/proj_data/lib/python3.7/site-packages/airflow/example_dags/example_python_operator.py for tasks to queue
[2022-08-07 07:49:35,084] {logging_mixin.py:115} INFO - [2022-08-07 07:49:35,084] {dagbag.py:508} INFO - Filling up the DagBag from /Users/pro/Documents/a_env/proj_data/lib/python3.7/site-packages/airflow/example_dags/example_python_operator.py
[2022-08-07 07:49:35,119] {processor.py:651} INFO - DAG(s) dict_keys(['example_python_operator']) retrieved from /Users/pro/Documents/a_env/proj_data/lib/python3.7/site-packages/airflow/example_dags/example_python_operator.py
[2022-08-07 07:49:35,139] {logging_mixin.py:115} INFO - [2022-08-07 07:49:35,139] {dag.py:2420} INFO - Sync 1 DAGs
[2022-08-07 07:49:35,162] {logging_mixin.py:115} INFO - [2022-08-07 07:49:35,161] {dag.py:2972} INFO - Setting next_dagrun for example_python_operator to None, run_after=None
[2022-08-07 07:49:35,174] {processor.py:161} INFO - Processing /Users/pro/Documents/a_env/proj_data/lib/python3.7/site-packages/airflow/example_dags/example_python_operator.py took 0.098 seconds
[2022-08-07 07:50:09,404] {processor.py:153} INFO - Started process (PID=92893) to work on /Users/pro/Documents/a_env/proj_data/lib/python3.7/site-packages/airflow/example_dags/example_python_operator.py
[2022-08-07 07:50:09,405] {processor.py:641} INFO - Processing file /Users/pro/Documents/a_env/proj_data/lib/python3.7/site-packages/airflow/example_dags/example_python_operator.py for tasks to queue
[2022-08-07 07:50:09,406] {logging_mixin.py:115} INFO - [2022-08-07 07:50:09,406] {dagbag.py:508} INFO - Filling up the DagBag from /Users/pro/Documents/a_env/proj_data/lib/python3.7/site-packages/airflow/example_dags/example_python_operator.py
[2022-08-07 07:50:09,434] {processor.py:651} INFO - DAG(s) dict_keys(['example_python_operator']) retrieved from /Users/pro/Documents/a_env/proj_data/lib/python3.7/site-packages/airflow/example_dags/example_python_operator.py
[2022-08-07 07:50:09,453] {logging_mixin.py:115} INFO - [2022-08-07 07:50:09,452] {dag.py:2420} INFO - Sync 1 DAGs
[2022-08-07 07:50:09,471] {logging_mixin.py:115} INFO - [2022-08-07 07:50:09,470] {dag.py:2972} INFO - Setting next_dagrun for example_python_operator to None, run_after=None
[2022-08-07 07:50:09,484] {processor.py:161} INFO - Processing /Users/pro/Documents/a_env/proj_data/lib/python3.7/site-packages/airflow/example_dags/example_python_operator.py took 0.084 seconds
[2022-08-07 07:50:42,849] {processor.py:153} INFO - Started process (PID=92928) to work on /Users/pro/Documents/a_env/proj_data/lib/python3.7/site-packages/airflow/example_dags/example_python_operator.py
[2022-08-07 07:50:42,851] {processor.py:641} INFO - Processing file /Users/pro/Documents/a_env/proj_data/lib/python3.7/site-packages/airflow/example_dags/example_python_operator.py for tasks to queue
[2022-08-07 07:50:42,852] {logging_mixin.py:115} INFO - [2022-08-07 07:50:42,851] {dagbag.py:508} INFO - Filling up the DagBag from /Users/pro/Documents/a_env/proj_data/lib/python3.7/site-packages/airflow/example_dags/example_python_operator.py
[2022-08-07 07:50:42,882] {processor.py:651} INFO - DAG(s) dict_keys(['example_python_operator']) retrieved from /Users/pro/Documents/a_env/proj_data/lib/python3.7/site-packages/airflow/example_dags/example_python_operator.py
[2022-08-07 07:50:42,901] {logging_mixin.py:115} INFO - [2022-08-07 07:50:42,900] {dag.py:2420} INFO - Sync 1 DAGs
[2022-08-07 07:50:42,919] {logging_mixin.py:115} INFO - [2022-08-07 07:50:42,918] {dag.py:2972} INFO - Setting next_dagrun for example_python_operator to None, run_after=None
[2022-08-07 07:50:42,931] {processor.py:161} INFO - Processing /Users/pro/Documents/a_env/proj_data/lib/python3.7/site-packages/airflow/example_dags/example_python_operator.py took 0.087 seconds
[2022-08-07 07:51:17,915] {processor.py:153} INFO - Started process (PID=92964) to work on /Users/pro/Documents/a_env/proj_data/lib/python3.7/site-packages/airflow/example_dags/example_python_operator.py
[2022-08-07 07:51:17,917] {processor.py:641} INFO - Processing file /Users/pro/Documents/a_env/proj_data/lib/python3.7/site-packages/airflow/example_dags/example_python_operator.py for tasks to queue
[2022-08-07 07:51:17,918] {logging_mixin.py:115} INFO - [2022-08-07 07:51:17,918] {dagbag.py:508} INFO - Filling up the DagBag from /Users/pro/Documents/a_env/proj_data/lib/python3.7/site-packages/airflow/example_dags/example_python_operator.py
[2022-08-07 07:51:17,944] {processor.py:651} INFO - DAG(s) dict_keys(['example_python_operator']) retrieved from /Users/pro/Documents/a_env/proj_data/lib/python3.7/site-packages/airflow/example_dags/example_python_operator.py
[2022-08-07 07:51:17,962] {logging_mixin.py:115} INFO - [2022-08-07 07:51:17,962] {dag.py:2420} INFO - Sync 1 DAGs
[2022-08-07 07:51:17,980] {logging_mixin.py:115} INFO - [2022-08-07 07:51:17,979] {dag.py:2972} INFO - Setting next_dagrun for example_python_operator to None, run_after=None
[2022-08-07 07:51:17,992] {processor.py:161} INFO - Processing /Users/pro/Documents/a_env/proj_data/lib/python3.7/site-packages/airflow/example_dags/example_python_operator.py took 0.081 seconds
[2022-08-07 07:51:50,215] {processor.py:153} INFO - Started process (PID=92998) to work on /Users/pro/Documents/a_env/proj_data/lib/python3.7/site-packages/airflow/example_dags/example_python_operator.py
[2022-08-07 07:51:50,216] {processor.py:641} INFO - Processing file /Users/pro/Documents/a_env/proj_data/lib/python3.7/site-packages/airflow/example_dags/example_python_operator.py for tasks to queue
[2022-08-07 07:51:50,217] {logging_mixin.py:115} INFO - [2022-08-07 07:51:50,217] {dagbag.py:508} INFO - Filling up the DagBag from /Users/pro/Documents/a_env/proj_data/lib/python3.7/site-packages/airflow/example_dags/example_python_operator.py
[2022-08-07 07:51:50,242] {processor.py:651} INFO - DAG(s) dict_keys(['example_python_operator']) retrieved from /Users/pro/Documents/a_env/proj_data/lib/python3.7/site-packages/airflow/example_dags/example_python_operator.py
[2022-08-07 07:51:50,260] {logging_mixin.py:115} INFO - [2022-08-07 07:51:50,260] {dag.py:2420} INFO - Sync 1 DAGs
[2022-08-07 07:51:50,278] {logging_mixin.py:115} INFO - [2022-08-07 07:51:50,277] {dag.py:2972} INFO - Setting next_dagrun for example_python_operator to None, run_after=None
[2022-08-07 07:51:50,291] {processor.py:161} INFO - Processing /Users/pro/Documents/a_env/proj_data/lib/python3.7/site-packages/airflow/example_dags/example_python_operator.py took 0.080 seconds
[2022-08-07 07:52:25,077] {processor.py:153} INFO - Started process (PID=93033) to work on /Users/pro/Documents/a_env/proj_data/lib/python3.7/site-packages/airflow/example_dags/example_python_operator.py
[2022-08-07 07:52:25,079] {processor.py:641} INFO - Processing file /Users/pro/Documents/a_env/proj_data/lib/python3.7/site-packages/airflow/example_dags/example_python_operator.py for tasks to queue
[2022-08-07 07:52:25,080] {logging_mixin.py:115} INFO - [2022-08-07 07:52:25,079] {dagbag.py:508} INFO - Filling up the DagBag from /Users/pro/Documents/a_env/proj_data/lib/python3.7/site-packages/airflow/example_dags/example_python_operator.py
[2022-08-07 07:52:25,113] {processor.py:651} INFO - DAG(s) dict_keys(['example_python_operator']) retrieved from /Users/pro/Documents/a_env/proj_data/lib/python3.7/site-packages/airflow/example_dags/example_python_operator.py
[2022-08-07 07:52:25,135] {logging_mixin.py:115} INFO - [2022-08-07 07:52:25,135] {dag.py:2420} INFO - Sync 1 DAGs
[2022-08-07 07:52:25,157] {logging_mixin.py:115} INFO - [2022-08-07 07:52:25,157] {dag.py:2972} INFO - Setting next_dagrun for example_python_operator to None, run_after=None
[2022-08-07 07:52:25,171] {processor.py:161} INFO - Processing /Users/pro/Documents/a_env/proj_data/lib/python3.7/site-packages/airflow/example_dags/example_python_operator.py took 0.098 seconds
[2022-08-07 07:53:00,571] {processor.py:153} INFO - Started process (PID=93073) to work on /Users/pro/Documents/a_env/proj_data/lib/python3.7/site-packages/airflow/example_dags/example_python_operator.py
[2022-08-07 07:53:00,572] {processor.py:641} INFO - Processing file /Users/pro/Documents/a_env/proj_data/lib/python3.7/site-packages/airflow/example_dags/example_python_operator.py for tasks to queue
[2022-08-07 07:53:00,574] {logging_mixin.py:115} INFO - [2022-08-07 07:53:00,573] {dagbag.py:508} INFO - Filling up the DagBag from /Users/pro/Documents/a_env/proj_data/lib/python3.7/site-packages/airflow/example_dags/example_python_operator.py
[2022-08-07 07:53:00,602] {processor.py:651} INFO - DAG(s) dict_keys(['example_python_operator']) retrieved from /Users/pro/Documents/a_env/proj_data/lib/python3.7/site-packages/airflow/example_dags/example_python_operator.py
[2022-08-07 07:53:00,621] {logging_mixin.py:115} INFO - [2022-08-07 07:53:00,620] {dag.py:2420} INFO - Sync 1 DAGs
[2022-08-07 07:53:00,640] {logging_mixin.py:115} INFO - [2022-08-07 07:53:00,640] {dag.py:2972} INFO - Setting next_dagrun for example_python_operator to None, run_after=None
[2022-08-07 07:53:00,652] {processor.py:161} INFO - Processing /Users/pro/Documents/a_env/proj_data/lib/python3.7/site-packages/airflow/example_dags/example_python_operator.py took 0.087 seconds
[2022-08-07 07:53:34,412] {processor.py:153} INFO - Started process (PID=93124) to work on /Users/pro/Documents/a_env/proj_data/lib/python3.7/site-packages/airflow/example_dags/example_python_operator.py
[2022-08-07 07:53:34,412] {processor.py:641} INFO - Processing file /Users/pro/Documents/a_env/proj_data/lib/python3.7/site-packages/airflow/example_dags/example_python_operator.py for tasks to queue
[2022-08-07 07:53:34,413] {logging_mixin.py:115} INFO - [2022-08-07 07:53:34,413] {dagbag.py:508} INFO - Filling up the DagBag from /Users/pro/Documents/a_env/proj_data/lib/python3.7/site-packages/airflow/example_dags/example_python_operator.py
[2022-08-07 07:53:34,440] {processor.py:651} INFO - DAG(s) dict_keys(['example_python_operator']) retrieved from /Users/pro/Documents/a_env/proj_data/lib/python3.7/site-packages/airflow/example_dags/example_python_operator.py
[2022-08-07 07:53:34,459] {logging_mixin.py:115} INFO - [2022-08-07 07:53:34,458] {dag.py:2420} INFO - Sync 1 DAGs
[2022-08-07 07:53:34,478] {logging_mixin.py:115} INFO - [2022-08-07 07:53:34,478] {dag.py:2972} INFO - Setting next_dagrun for example_python_operator to None, run_after=None
[2022-08-07 07:53:34,490] {processor.py:161} INFO - Processing /Users/pro/Documents/a_env/proj_data/lib/python3.7/site-packages/airflow/example_dags/example_python_operator.py took 0.083 seconds
[2022-08-07 07:54:07,629] {processor.py:153} INFO - Started process (PID=93171) to work on /Users/pro/Documents/a_env/proj_data/lib/python3.7/site-packages/airflow/example_dags/example_python_operator.py
[2022-08-07 07:54:07,631] {processor.py:641} INFO - Processing file /Users/pro/Documents/a_env/proj_data/lib/python3.7/site-packages/airflow/example_dags/example_python_operator.py for tasks to queue
[2022-08-07 07:54:07,632] {logging_mixin.py:115} INFO - [2022-08-07 07:54:07,631] {dagbag.py:508} INFO - Filling up the DagBag from /Users/pro/Documents/a_env/proj_data/lib/python3.7/site-packages/airflow/example_dags/example_python_operator.py
[2022-08-07 07:54:07,660] {processor.py:651} INFO - DAG(s) dict_keys(['example_python_operator']) retrieved from /Users/pro/Documents/a_env/proj_data/lib/python3.7/site-packages/airflow/example_dags/example_python_operator.py
[2022-08-07 07:54:07,680] {logging_mixin.py:115} INFO - [2022-08-07 07:54:07,680] {dag.py:2420} INFO - Sync 1 DAGs
[2022-08-07 07:54:07,700] {logging_mixin.py:115} INFO - [2022-08-07 07:54:07,699] {dag.py:2972} INFO - Setting next_dagrun for example_python_operator to None, run_after=None
[2022-08-07 07:54:07,712] {processor.py:161} INFO - Processing /Users/pro/Documents/a_env/proj_data/lib/python3.7/site-packages/airflow/example_dags/example_python_operator.py took 0.088 seconds
[2022-08-07 07:54:40,474] {processor.py:153} INFO - Started process (PID=93206) to work on /Users/pro/Documents/a_env/proj_data/lib/python3.7/site-packages/airflow/example_dags/example_python_operator.py
[2022-08-07 07:54:40,475] {processor.py:641} INFO - Processing file /Users/pro/Documents/a_env/proj_data/lib/python3.7/site-packages/airflow/example_dags/example_python_operator.py for tasks to queue
[2022-08-07 07:54:40,476] {logging_mixin.py:115} INFO - [2022-08-07 07:54:40,476] {dagbag.py:508} INFO - Filling up the DagBag from /Users/pro/Documents/a_env/proj_data/lib/python3.7/site-packages/airflow/example_dags/example_python_operator.py
[2022-08-07 07:54:40,503] {processor.py:651} INFO - DAG(s) dict_keys(['example_python_operator']) retrieved from /Users/pro/Documents/a_env/proj_data/lib/python3.7/site-packages/airflow/example_dags/example_python_operator.py
[2022-08-07 07:54:40,523] {logging_mixin.py:115} INFO - [2022-08-07 07:54:40,523] {dag.py:2420} INFO - Sync 1 DAGs
[2022-08-07 07:54:40,543] {logging_mixin.py:115} INFO - [2022-08-07 07:54:40,542] {dag.py:2972} INFO - Setting next_dagrun for example_python_operator to None, run_after=None
[2022-08-07 07:54:40,556] {processor.py:161} INFO - Processing /Users/pro/Documents/a_env/proj_data/lib/python3.7/site-packages/airflow/example_dags/example_python_operator.py took 0.087 seconds
[2022-08-07 07:55:15,041] {processor.py:153} INFO - Started process (PID=93245) to work on /Users/pro/Documents/a_env/proj_data/lib/python3.7/site-packages/airflow/example_dags/example_python_operator.py
[2022-08-07 07:55:15,043] {processor.py:641} INFO - Processing file /Users/pro/Documents/a_env/proj_data/lib/python3.7/site-packages/airflow/example_dags/example_python_operator.py for tasks to queue
[2022-08-07 07:55:15,044] {logging_mixin.py:115} INFO - [2022-08-07 07:55:15,044] {dagbag.py:508} INFO - Filling up the DagBag from /Users/pro/Documents/a_env/proj_data/lib/python3.7/site-packages/airflow/example_dags/example_python_operator.py
[2022-08-07 07:55:15,073] {processor.py:651} INFO - DAG(s) dict_keys(['example_python_operator']) retrieved from /Users/pro/Documents/a_env/proj_data/lib/python3.7/site-packages/airflow/example_dags/example_python_operator.py
[2022-08-07 07:55:15,092] {logging_mixin.py:115} INFO - [2022-08-07 07:55:15,092] {dag.py:2420} INFO - Sync 1 DAGs
[2022-08-07 07:55:15,111] {logging_mixin.py:115} INFO - [2022-08-07 07:55:15,111] {dag.py:2972} INFO - Setting next_dagrun for example_python_operator to None, run_after=None
[2022-08-07 07:55:15,207] {processor.py:161} INFO - Processing /Users/pro/Documents/a_env/proj_data/lib/python3.7/site-packages/airflow/example_dags/example_python_operator.py took 0.170 seconds
[2022-08-07 07:55:52,825] {processor.py:153} INFO - Started process (PID=93282) to work on /Users/pro/Documents/a_env/proj_data/lib/python3.7/site-packages/airflow/example_dags/example_python_operator.py
[2022-08-07 07:55:52,826] {processor.py:641} INFO - Processing file /Users/pro/Documents/a_env/proj_data/lib/python3.7/site-packages/airflow/example_dags/example_python_operator.py for tasks to queue
[2022-08-07 07:55:52,827] {logging_mixin.py:115} INFO - [2022-08-07 07:55:52,827] {dagbag.py:508} INFO - Filling up the DagBag from /Users/pro/Documents/a_env/proj_data/lib/python3.7/site-packages/airflow/example_dags/example_python_operator.py
[2022-08-07 07:55:52,855] {processor.py:651} INFO - DAG(s) dict_keys(['example_python_operator']) retrieved from /Users/pro/Documents/a_env/proj_data/lib/python3.7/site-packages/airflow/example_dags/example_python_operator.py
[2022-08-07 07:55:52,874] {logging_mixin.py:115} INFO - [2022-08-07 07:55:52,873] {dag.py:2420} INFO - Sync 1 DAGs
[2022-08-07 07:55:52,894] {logging_mixin.py:115} INFO - [2022-08-07 07:55:52,894] {dag.py:2972} INFO - Setting next_dagrun for example_python_operator to None, run_after=None
[2022-08-07 07:55:52,908] {processor.py:161} INFO - Processing /Users/pro/Documents/a_env/proj_data/lib/python3.7/site-packages/airflow/example_dags/example_python_operator.py took 0.087 seconds
[2022-08-07 07:56:30,121] {processor.py:153} INFO - Started process (PID=93319) to work on /Users/pro/Documents/a_env/proj_data/lib/python3.7/site-packages/airflow/example_dags/example_python_operator.py
[2022-08-07 07:56:30,123] {processor.py:641} INFO - Processing file /Users/pro/Documents/a_env/proj_data/lib/python3.7/site-packages/airflow/example_dags/example_python_operator.py for tasks to queue
[2022-08-07 07:56:30,124] {logging_mixin.py:115} INFO - [2022-08-07 07:56:30,124] {dagbag.py:508} INFO - Filling up the DagBag from /Users/pro/Documents/a_env/proj_data/lib/python3.7/site-packages/airflow/example_dags/example_python_operator.py
[2022-08-07 07:56:30,151] {processor.py:651} INFO - DAG(s) dict_keys(['example_python_operator']) retrieved from /Users/pro/Documents/a_env/proj_data/lib/python3.7/site-packages/airflow/example_dags/example_python_operator.py
[2022-08-07 07:56:30,171] {logging_mixin.py:115} INFO - [2022-08-07 07:56:30,170] {dag.py:2420} INFO - Sync 1 DAGs
[2022-08-07 07:56:30,192] {logging_mixin.py:115} INFO - [2022-08-07 07:56:30,191] {dag.py:2972} INFO - Setting next_dagrun for example_python_operator to None, run_after=None
[2022-08-07 07:56:30,204] {processor.py:161} INFO - Processing /Users/pro/Documents/a_env/proj_data/lib/python3.7/site-packages/airflow/example_dags/example_python_operator.py took 0.087 seconds
[2022-08-07 07:57:06,080] {processor.py:153} INFO - Started process (PID=93359) to work on /Users/pro/Documents/a_env/proj_data/lib/python3.7/site-packages/airflow/example_dags/example_python_operator.py
[2022-08-07 07:57:06,082] {processor.py:641} INFO - Processing file /Users/pro/Documents/a_env/proj_data/lib/python3.7/site-packages/airflow/example_dags/example_python_operator.py for tasks to queue
[2022-08-07 07:57:06,084] {logging_mixin.py:115} INFO - [2022-08-07 07:57:06,083] {dagbag.py:508} INFO - Filling up the DagBag from /Users/pro/Documents/a_env/proj_data/lib/python3.7/site-packages/airflow/example_dags/example_python_operator.py
[2022-08-07 07:57:06,111] {processor.py:651} INFO - DAG(s) dict_keys(['example_python_operator']) retrieved from /Users/pro/Documents/a_env/proj_data/lib/python3.7/site-packages/airflow/example_dags/example_python_operator.py
[2022-08-07 07:57:06,131] {logging_mixin.py:115} INFO - [2022-08-07 07:57:06,131] {dag.py:2420} INFO - Sync 1 DAGs
[2022-08-07 07:57:06,151] {logging_mixin.py:115} INFO - [2022-08-07 07:57:06,150] {dag.py:2972} INFO - Setting next_dagrun for example_python_operator to None, run_after=None
[2022-08-07 07:57:06,163] {processor.py:161} INFO - Processing /Users/pro/Documents/a_env/proj_data/lib/python3.7/site-packages/airflow/example_dags/example_python_operator.py took 0.090 seconds
[2022-08-07 07:57:39,424] {processor.py:153} INFO - Started process (PID=93400) to work on /Users/pro/Documents/a_env/proj_data/lib/python3.7/site-packages/airflow/example_dags/example_python_operator.py
[2022-08-07 07:57:39,424] {processor.py:641} INFO - Processing file /Users/pro/Documents/a_env/proj_data/lib/python3.7/site-packages/airflow/example_dags/example_python_operator.py for tasks to queue
[2022-08-07 07:57:39,426] {logging_mixin.py:115} INFO - [2022-08-07 07:57:39,425] {dagbag.py:508} INFO - Filling up the DagBag from /Users/pro/Documents/a_env/proj_data/lib/python3.7/site-packages/airflow/example_dags/example_python_operator.py
[2022-08-07 07:57:39,452] {processor.py:651} INFO - DAG(s) dict_keys(['example_python_operator']) retrieved from /Users/pro/Documents/a_env/proj_data/lib/python3.7/site-packages/airflow/example_dags/example_python_operator.py
[2022-08-07 07:57:39,472] {logging_mixin.py:115} INFO - [2022-08-07 07:57:39,472] {dag.py:2420} INFO - Sync 1 DAGs
[2022-08-07 07:57:39,491] {logging_mixin.py:115} INFO - [2022-08-07 07:57:39,491] {dag.py:2972} INFO - Setting next_dagrun for example_python_operator to None, run_after=None
[2022-08-07 07:57:39,504] {processor.py:161} INFO - Processing /Users/pro/Documents/a_env/proj_data/lib/python3.7/site-packages/airflow/example_dags/example_python_operator.py took 0.084 seconds
[2022-08-07 07:58:16,736] {processor.py:153} INFO - Started process (PID=93443) to work on /Users/pro/Documents/a_env/proj_data/lib/python3.7/site-packages/airflow/example_dags/example_python_operator.py
[2022-08-07 07:58:16,738] {processor.py:641} INFO - Processing file /Users/pro/Documents/a_env/proj_data/lib/python3.7/site-packages/airflow/example_dags/example_python_operator.py for tasks to queue
[2022-08-07 07:58:16,739] {logging_mixin.py:115} INFO - [2022-08-07 07:58:16,739] {dagbag.py:508} INFO - Filling up the DagBag from /Users/pro/Documents/a_env/proj_data/lib/python3.7/site-packages/airflow/example_dags/example_python_operator.py
[2022-08-07 07:58:16,766] {processor.py:651} INFO - DAG(s) dict_keys(['example_python_operator']) retrieved from /Users/pro/Documents/a_env/proj_data/lib/python3.7/site-packages/airflow/example_dags/example_python_operator.py
[2022-08-07 07:58:16,784] {logging_mixin.py:115} INFO - [2022-08-07 07:58:16,784] {dag.py:2420} INFO - Sync 1 DAGs
[2022-08-07 07:58:16,803] {logging_mixin.py:115} INFO - [2022-08-07 07:58:16,802] {dag.py:2972} INFO - Setting next_dagrun for example_python_operator to None, run_after=None
[2022-08-07 07:58:16,817] {processor.py:161} INFO - Processing /Users/pro/Documents/a_env/proj_data/lib/python3.7/site-packages/airflow/example_dags/example_python_operator.py took 0.084 seconds
[2022-08-07 07:58:50,369] {processor.py:153} INFO - Started process (PID=93477) to work on /Users/pro/Documents/a_env/proj_data/lib/python3.7/site-packages/airflow/example_dags/example_python_operator.py
[2022-08-07 07:58:50,369] {processor.py:641} INFO - Processing file /Users/pro/Documents/a_env/proj_data/lib/python3.7/site-packages/airflow/example_dags/example_python_operator.py for tasks to queue
[2022-08-07 07:58:50,370] {logging_mixin.py:115} INFO - [2022-08-07 07:58:50,370] {dagbag.py:508} INFO - Filling up the DagBag from /Users/pro/Documents/a_env/proj_data/lib/python3.7/site-packages/airflow/example_dags/example_python_operator.py
[2022-08-07 07:58:50,396] {processor.py:651} INFO - DAG(s) dict_keys(['example_python_operator']) retrieved from /Users/pro/Documents/a_env/proj_data/lib/python3.7/site-packages/airflow/example_dags/example_python_operator.py
[2022-08-07 07:58:50,414] {logging_mixin.py:115} INFO - [2022-08-07 07:58:50,414] {dag.py:2420} INFO - Sync 1 DAGs
[2022-08-07 07:58:50,431] {logging_mixin.py:115} INFO - [2022-08-07 07:58:50,431] {dag.py:2972} INFO - Setting next_dagrun for example_python_operator to None, run_after=None
[2022-08-07 07:58:50,443] {processor.py:161} INFO - Processing /Users/pro/Documents/a_env/proj_data/lib/python3.7/site-packages/airflow/example_dags/example_python_operator.py took 0.079 seconds
[2022-08-07 07:59:23,848] {processor.py:153} INFO - Started process (PID=93512) to work on /Users/pro/Documents/a_env/proj_data/lib/python3.7/site-packages/airflow/example_dags/example_python_operator.py
[2022-08-07 07:59:23,849] {processor.py:641} INFO - Processing file /Users/pro/Documents/a_env/proj_data/lib/python3.7/site-packages/airflow/example_dags/example_python_operator.py for tasks to queue
[2022-08-07 07:59:23,850] {logging_mixin.py:115} INFO - [2022-08-07 07:59:23,849] {dagbag.py:508} INFO - Filling up the DagBag from /Users/pro/Documents/a_env/proj_data/lib/python3.7/site-packages/airflow/example_dags/example_python_operator.py
[2022-08-07 07:59:23,874] {processor.py:651} INFO - DAG(s) dict_keys(['example_python_operator']) retrieved from /Users/pro/Documents/a_env/proj_data/lib/python3.7/site-packages/airflow/example_dags/example_python_operator.py
[2022-08-07 07:59:23,892] {logging_mixin.py:115} INFO - [2022-08-07 07:59:23,892] {dag.py:2420} INFO - Sync 1 DAGs
[2022-08-07 07:59:23,910] {logging_mixin.py:115} INFO - [2022-08-07 07:59:23,910] {dag.py:2972} INFO - Setting next_dagrun for example_python_operator to None, run_after=None
[2022-08-07 07:59:23,922] {processor.py:161} INFO - Processing /Users/pro/Documents/a_env/proj_data/lib/python3.7/site-packages/airflow/example_dags/example_python_operator.py took 0.079 seconds
[2022-08-07 07:59:57,439] {processor.py:153} INFO - Started process (PID=93649) to work on /Users/pro/Documents/a_env/proj_data/lib/python3.7/site-packages/airflow/example_dags/example_python_operator.py
[2022-08-07 07:59:57,440] {processor.py:641} INFO - Processing file /Users/pro/Documents/a_env/proj_data/lib/python3.7/site-packages/airflow/example_dags/example_python_operator.py for tasks to queue
[2022-08-07 07:59:57,442] {logging_mixin.py:115} INFO - [2022-08-07 07:59:57,441] {dagbag.py:508} INFO - Filling up the DagBag from /Users/pro/Documents/a_env/proj_data/lib/python3.7/site-packages/airflow/example_dags/example_python_operator.py
[2022-08-07 07:59:57,470] {processor.py:651} INFO - DAG(s) dict_keys(['example_python_operator']) retrieved from /Users/pro/Documents/a_env/proj_data/lib/python3.7/site-packages/airflow/example_dags/example_python_operator.py
[2022-08-07 07:59:57,493] {logging_mixin.py:115} INFO - [2022-08-07 07:59:57,493] {dag.py:2420} INFO - Sync 1 DAGs
[2022-08-07 07:59:57,513] {logging_mixin.py:115} INFO - [2022-08-07 07:59:57,512] {dag.py:2972} INFO - Setting next_dagrun for example_python_operator to None, run_after=None
[2022-08-07 07:59:57,525] {processor.py:161} INFO - Processing /Users/pro/Documents/a_env/proj_data/lib/python3.7/site-packages/airflow/example_dags/example_python_operator.py took 0.090 seconds
