[2022-08-06 11:35:24,511] {processor.py:153} INFO - Started process (PID=91280) to work on /Users/pro/Documents/a_env/proj_data/lib/python3.7/site-packages/airflow/example_dags/example_branch_operator.py
[2022-08-06 11:35:24,512] {processor.py:641} INFO - Processing file /Users/pro/Documents/a_env/proj_data/lib/python3.7/site-packages/airflow/example_dags/example_branch_operator.py for tasks to queue
[2022-08-06 11:35:24,513] {logging_mixin.py:115} INFO - [2022-08-06 11:35:24,513] {dagbag.py:508} INFO - Filling up the DagBag from /Users/pro/Documents/a_env/proj_data/lib/python3.7/site-packages/airflow/example_dags/example_branch_operator.py
[2022-08-06 11:35:24,529] {processor.py:651} INFO - DAG(s) dict_keys(['example_branch_operator']) retrieved from /Users/pro/Documents/a_env/proj_data/lib/python3.7/site-packages/airflow/example_dags/example_branch_operator.py
[2022-08-06 11:35:24,547] {logging_mixin.py:115} INFO - [2022-08-06 11:35:24,546] {dag.py:2420} INFO - Sync 1 DAGs
[2022-08-06 11:35:24,566] {logging_mixin.py:115} INFO - [2022-08-06 11:35:24,565] {dag.py:2972} INFO - Setting next_dagrun for example_branch_operator to 2022-08-05T00:00:00+00:00, run_after=2022-08-06T00:00:00+00:00
[2022-08-06 11:35:24,578] {processor.py:161} INFO - Processing /Users/pro/Documents/a_env/proj_data/lib/python3.7/site-packages/airflow/example_dags/example_branch_operator.py took 0.071 seconds
[2022-08-06 21:10:02,558] {processor.py:153} INFO - Started process (PID=91569) to work on /Users/pro/Documents/a_env/proj_data/lib/python3.7/site-packages/airflow/example_dags/example_branch_operator.py
[2022-08-06 21:10:02,559] {processor.py:641} INFO - Processing file /Users/pro/Documents/a_env/proj_data/lib/python3.7/site-packages/airflow/example_dags/example_branch_operator.py for tasks to queue
[2022-08-06 21:10:02,561] {logging_mixin.py:115} INFO - [2022-08-06 21:10:02,560] {dagbag.py:508} INFO - Filling up the DagBag from /Users/pro/Documents/a_env/proj_data/lib/python3.7/site-packages/airflow/example_dags/example_branch_operator.py
[2022-08-06 21:10:02,577] {processor.py:651} INFO - DAG(s) dict_keys(['example_branch_operator']) retrieved from /Users/pro/Documents/a_env/proj_data/lib/python3.7/site-packages/airflow/example_dags/example_branch_operator.py
[2022-08-06 21:10:02,599] {logging_mixin.py:115} INFO - [2022-08-06 21:10:02,598] {dag.py:2420} INFO - Sync 1 DAGs
[2022-08-06 21:10:02,619] {logging_mixin.py:115} INFO - [2022-08-06 21:10:02,619] {dag.py:2972} INFO - Setting next_dagrun for example_branch_operator to 2022-08-05T00:00:00+00:00, run_after=2022-08-06T00:00:00+00:00
[2022-08-06 21:10:02,631] {processor.py:161} INFO - Processing /Users/pro/Documents/a_env/proj_data/lib/python3.7/site-packages/airflow/example_dags/example_branch_operator.py took 0.077 seconds
[2022-08-06 21:10:38,402] {processor.py:153} INFO - Started process (PID=91614) to work on /Users/pro/Documents/a_env/proj_data/lib/python3.7/site-packages/airflow/example_dags/example_branch_operator.py
[2022-08-06 21:10:38,404] {processor.py:641} INFO - Processing file /Users/pro/Documents/a_env/proj_data/lib/python3.7/site-packages/airflow/example_dags/example_branch_operator.py for tasks to queue
[2022-08-06 21:10:38,405] {logging_mixin.py:115} INFO - [2022-08-06 21:10:38,404] {dagbag.py:508} INFO - Filling up the DagBag from /Users/pro/Documents/a_env/proj_data/lib/python3.7/site-packages/airflow/example_dags/example_branch_operator.py
[2022-08-06 21:10:38,421] {processor.py:651} INFO - DAG(s) dict_keys(['example_branch_operator']) retrieved from /Users/pro/Documents/a_env/proj_data/lib/python3.7/site-packages/airflow/example_dags/example_branch_operator.py
[2022-08-06 21:10:38,440] {logging_mixin.py:115} INFO - [2022-08-06 21:10:38,440] {dag.py:2420} INFO - Sync 1 DAGs
[2022-08-06 21:10:38,462] {logging_mixin.py:115} INFO - [2022-08-06 21:10:38,461] {dag.py:2972} INFO - Setting next_dagrun for example_branch_operator to 2022-08-05T00:00:00+00:00, run_after=2022-08-06T00:00:00+00:00
[2022-08-06 21:10:38,474] {processor.py:161} INFO - Processing /Users/pro/Documents/a_env/proj_data/lib/python3.7/site-packages/airflow/example_dags/example_branch_operator.py took 0.076 seconds
[2022-08-06 21:11:12,651] {processor.py:153} INFO - Started process (PID=91663) to work on /Users/pro/Documents/a_env/proj_data/lib/python3.7/site-packages/airflow/example_dags/example_branch_operator.py
[2022-08-06 21:11:12,652] {processor.py:641} INFO - Processing file /Users/pro/Documents/a_env/proj_data/lib/python3.7/site-packages/airflow/example_dags/example_branch_operator.py for tasks to queue
[2022-08-06 21:11:12,658] {logging_mixin.py:115} INFO - [2022-08-06 21:11:12,653] {dagbag.py:508} INFO - Filling up the DagBag from /Users/pro/Documents/a_env/proj_data/lib/python3.7/site-packages/airflow/example_dags/example_branch_operator.py
[2022-08-06 21:11:12,688] {processor.py:651} INFO - DAG(s) dict_keys(['example_branch_operator']) retrieved from /Users/pro/Documents/a_env/proj_data/lib/python3.7/site-packages/airflow/example_dags/example_branch_operator.py
[2022-08-06 21:11:12,724] {logging_mixin.py:115} INFO - [2022-08-06 21:11:12,723] {dag.py:2420} INFO - Sync 1 DAGs
[2022-08-06 21:11:12,770] {logging_mixin.py:115} INFO - [2022-08-06 21:11:12,770] {dag.py:2972} INFO - Setting next_dagrun for example_branch_operator to 2022-08-05T00:00:00+00:00, run_after=2022-08-06T00:00:00+00:00
[2022-08-06 21:11:12,791] {processor.py:161} INFO - Processing /Users/pro/Documents/a_env/proj_data/lib/python3.7/site-packages/airflow/example_dags/example_branch_operator.py took 0.148 seconds
[2022-08-06 21:11:49,252] {processor.py:153} INFO - Started process (PID=91711) to work on /Users/pro/Documents/a_env/proj_data/lib/python3.7/site-packages/airflow/example_dags/example_branch_operator.py
[2022-08-06 21:11:49,254] {processor.py:641} INFO - Processing file /Users/pro/Documents/a_env/proj_data/lib/python3.7/site-packages/airflow/example_dags/example_branch_operator.py for tasks to queue
[2022-08-06 21:11:49,255] {logging_mixin.py:115} INFO - [2022-08-06 21:11:49,255] {dagbag.py:508} INFO - Filling up the DagBag from /Users/pro/Documents/a_env/proj_data/lib/python3.7/site-packages/airflow/example_dags/example_branch_operator.py
[2022-08-06 21:11:49,272] {processor.py:651} INFO - DAG(s) dict_keys(['example_branch_operator']) retrieved from /Users/pro/Documents/a_env/proj_data/lib/python3.7/site-packages/airflow/example_dags/example_branch_operator.py
[2022-08-06 21:11:49,294] {logging_mixin.py:115} INFO - [2022-08-06 21:11:49,293] {dag.py:2420} INFO - Sync 1 DAGs
[2022-08-06 21:11:49,315] {logging_mixin.py:115} INFO - [2022-08-06 21:11:49,314] {dag.py:2972} INFO - Setting next_dagrun for example_branch_operator to 2022-08-05T00:00:00+00:00, run_after=2022-08-06T00:00:00+00:00
[2022-08-06 21:11:49,328] {processor.py:161} INFO - Processing /Users/pro/Documents/a_env/proj_data/lib/python3.7/site-packages/airflow/example_dags/example_branch_operator.py took 0.081 seconds
[2022-08-07 00:15:03,673] {processor.py:153} INFO - Started process (PID=91854) to work on /Users/pro/Documents/a_env/proj_data/lib/python3.7/site-packages/airflow/example_dags/example_branch_operator.py
[2022-08-07 00:15:03,680] {processor.py:641} INFO - Processing file /Users/pro/Documents/a_env/proj_data/lib/python3.7/site-packages/airflow/example_dags/example_branch_operator.py for tasks to queue
[2022-08-07 00:15:03,690] {logging_mixin.py:115} INFO - [2022-08-07 00:15:03,687] {dagbag.py:508} INFO - Filling up the DagBag from /Users/pro/Documents/a_env/proj_data/lib/python3.7/site-packages/airflow/example_dags/example_branch_operator.py
[2022-08-07 00:15:03,813] {processor.py:651} INFO - DAG(s) dict_keys(['example_branch_operator']) retrieved from /Users/pro/Documents/a_env/proj_data/lib/python3.7/site-packages/airflow/example_dags/example_branch_operator.py
[2022-08-07 00:15:04,041] {logging_mixin.py:115} INFO - [2022-08-07 00:15:04,038] {dag.py:2420} INFO - Sync 1 DAGs
[2022-08-07 00:15:04,227] {logging_mixin.py:115} INFO - [2022-08-07 00:15:04,224] {dag.py:2972} INFO - Setting next_dagrun for example_branch_operator to 2022-08-05T00:00:00+00:00, run_after=2022-08-06T00:00:00+00:00
[2022-08-07 00:15:04,371] {processor.py:161} INFO - Processing /Users/pro/Documents/a_env/proj_data/lib/python3.7/site-packages/airflow/example_dags/example_branch_operator.py took 0.730 seconds
[2022-08-07 07:15:07,005] {processor.py:153} INFO - Started process (PID=92010) to work on /Users/pro/Documents/a_env/proj_data/lib/python3.7/site-packages/airflow/example_dags/example_branch_operator.py
[2022-08-07 07:15:07,008] {processor.py:641} INFO - Processing file /Users/pro/Documents/a_env/proj_data/lib/python3.7/site-packages/airflow/example_dags/example_branch_operator.py for tasks to queue
[2022-08-07 07:15:07,009] {logging_mixin.py:115} INFO - [2022-08-07 07:15:07,009] {dagbag.py:508} INFO - Filling up the DagBag from /Users/pro/Documents/a_env/proj_data/lib/python3.7/site-packages/airflow/example_dags/example_branch_operator.py
[2022-08-07 07:15:07,023] {processor.py:651} INFO - DAG(s) dict_keys(['example_branch_operator']) retrieved from /Users/pro/Documents/a_env/proj_data/lib/python3.7/site-packages/airflow/example_dags/example_branch_operator.py
[2022-08-07 07:15:07,045] {logging_mixin.py:115} INFO - [2022-08-07 07:15:07,045] {dag.py:2420} INFO - Sync 1 DAGs
[2022-08-07 07:15:07,067] {logging_mixin.py:115} INFO - [2022-08-07 07:15:07,067] {dag.py:2972} INFO - Setting next_dagrun for example_branch_operator to 2022-08-05T00:00:00+00:00, run_after=2022-08-06T00:00:00+00:00
[2022-08-07 07:15:07,078] {processor.py:161} INFO - Processing /Users/pro/Documents/a_env/proj_data/lib/python3.7/site-packages/airflow/example_dags/example_branch_operator.py took 0.076 seconds
[2022-08-07 07:39:15,032] {processor.py:153} INFO - Started process (PID=92093) to work on /Users/pro/Documents/a_env/proj_data/lib/python3.7/site-packages/airflow/example_dags/example_branch_operator.py
[2022-08-07 07:39:15,033] {processor.py:641} INFO - Processing file /Users/pro/Documents/a_env/proj_data/lib/python3.7/site-packages/airflow/example_dags/example_branch_operator.py for tasks to queue
[2022-08-07 07:39:15,034] {logging_mixin.py:115} INFO - [2022-08-07 07:39:15,034] {dagbag.py:508} INFO - Filling up the DagBag from /Users/pro/Documents/a_env/proj_data/lib/python3.7/site-packages/airflow/example_dags/example_branch_operator.py
[2022-08-07 07:39:15,055] {processor.py:651} INFO - DAG(s) dict_keys(['example_branch_operator']) retrieved from /Users/pro/Documents/a_env/proj_data/lib/python3.7/site-packages/airflow/example_dags/example_branch_operator.py
[2022-08-07 07:39:15,086] {logging_mixin.py:115} INFO - [2022-08-07 07:39:15,086] {dag.py:2420} INFO - Sync 1 DAGs
[2022-08-07 07:39:15,110] {logging_mixin.py:115} INFO - [2022-08-07 07:39:15,109] {dag.py:2972} INFO - Setting next_dagrun for example_branch_operator to 2022-08-05T00:00:00+00:00, run_after=2022-08-06T00:00:00+00:00
[2022-08-07 07:39:15,122] {processor.py:161} INFO - Processing /Users/pro/Documents/a_env/proj_data/lib/python3.7/site-packages/airflow/example_dags/example_branch_operator.py took 0.095 seconds
[2022-08-07 07:39:50,603] {processor.py:153} INFO - Started process (PID=92147) to work on /Users/pro/Documents/a_env/proj_data/lib/python3.7/site-packages/airflow/example_dags/example_branch_operator.py
[2022-08-07 07:39:50,604] {processor.py:641} INFO - Processing file /Users/pro/Documents/a_env/proj_data/lib/python3.7/site-packages/airflow/example_dags/example_branch_operator.py for tasks to queue
[2022-08-07 07:39:50,606] {logging_mixin.py:115} INFO - [2022-08-07 07:39:50,605] {dagbag.py:508} INFO - Filling up the DagBag from /Users/pro/Documents/a_env/proj_data/lib/python3.7/site-packages/airflow/example_dags/example_branch_operator.py
[2022-08-07 07:39:50,623] {processor.py:651} INFO - DAG(s) dict_keys(['example_branch_operator']) retrieved from /Users/pro/Documents/a_env/proj_data/lib/python3.7/site-packages/airflow/example_dags/example_branch_operator.py
[2022-08-07 07:39:50,644] {logging_mixin.py:115} INFO - [2022-08-07 07:39:50,644] {dag.py:2420} INFO - Sync 1 DAGs
[2022-08-07 07:39:50,671] {logging_mixin.py:115} INFO - [2022-08-07 07:39:50,670] {dag.py:2972} INFO - Setting next_dagrun for example_branch_operator to 2022-08-05T00:00:00+00:00, run_after=2022-08-06T00:00:00+00:00
[2022-08-07 07:39:50,685] {processor.py:161} INFO - Processing /Users/pro/Documents/a_env/proj_data/lib/python3.7/site-packages/airflow/example_dags/example_branch_operator.py took 0.086 seconds
[2022-08-07 07:40:26,160] {processor.py:153} INFO - Started process (PID=92215) to work on /Users/pro/Documents/a_env/proj_data/lib/python3.7/site-packages/airflow/example_dags/example_branch_operator.py
[2022-08-07 07:40:26,161] {processor.py:641} INFO - Processing file /Users/pro/Documents/a_env/proj_data/lib/python3.7/site-packages/airflow/example_dags/example_branch_operator.py for tasks to queue
[2022-08-07 07:40:26,163] {logging_mixin.py:115} INFO - [2022-08-07 07:40:26,162] {dagbag.py:508} INFO - Filling up the DagBag from /Users/pro/Documents/a_env/proj_data/lib/python3.7/site-packages/airflow/example_dags/example_branch_operator.py
[2022-08-07 07:40:26,181] {processor.py:651} INFO - DAG(s) dict_keys(['example_branch_operator']) retrieved from /Users/pro/Documents/a_env/proj_data/lib/python3.7/site-packages/airflow/example_dags/example_branch_operator.py
[2022-08-07 07:40:26,212] {logging_mixin.py:115} INFO - [2022-08-07 07:40:26,212] {dag.py:2420} INFO - Sync 1 DAGs
[2022-08-07 07:40:26,236] {logging_mixin.py:115} INFO - [2022-08-07 07:40:26,236] {dag.py:2972} INFO - Setting next_dagrun for example_branch_operator to 2022-08-05T00:00:00+00:00, run_after=2022-08-06T00:00:00+00:00
[2022-08-07 07:40:26,251] {processor.py:161} INFO - Processing /Users/pro/Documents/a_env/proj_data/lib/python3.7/site-packages/airflow/example_dags/example_branch_operator.py took 0.096 seconds
[2022-08-07 07:41:05,680] {processor.py:153} INFO - Started process (PID=92283) to work on /Users/pro/Documents/a_env/proj_data/lib/python3.7/site-packages/airflow/example_dags/example_branch_operator.py
[2022-08-07 07:41:05,681] {processor.py:641} INFO - Processing file /Users/pro/Documents/a_env/proj_data/lib/python3.7/site-packages/airflow/example_dags/example_branch_operator.py for tasks to queue
[2022-08-07 07:41:05,682] {logging_mixin.py:115} INFO - [2022-08-07 07:41:05,682] {dagbag.py:508} INFO - Filling up the DagBag from /Users/pro/Documents/a_env/proj_data/lib/python3.7/site-packages/airflow/example_dags/example_branch_operator.py
[2022-08-07 07:41:05,703] {processor.py:651} INFO - DAG(s) dict_keys(['example_branch_operator']) retrieved from /Users/pro/Documents/a_env/proj_data/lib/python3.7/site-packages/airflow/example_dags/example_branch_operator.py
[2022-08-07 07:41:05,725] {logging_mixin.py:115} INFO - [2022-08-07 07:41:05,725] {dag.py:2420} INFO - Sync 1 DAGs
[2022-08-07 07:41:05,749] {logging_mixin.py:115} INFO - [2022-08-07 07:41:05,749] {dag.py:2972} INFO - Setting next_dagrun for example_branch_operator to 2022-08-05T00:00:00+00:00, run_after=2022-08-06T00:00:00+00:00
[2022-08-07 07:41:05,762] {processor.py:161} INFO - Processing /Users/pro/Documents/a_env/proj_data/lib/python3.7/site-packages/airflow/example_dags/example_branch_operator.py took 0.087 seconds
[2022-08-07 07:41:39,812] {processor.py:153} INFO - Started process (PID=92330) to work on /Users/pro/Documents/a_env/proj_data/lib/python3.7/site-packages/airflow/example_dags/example_branch_operator.py
[2022-08-07 07:41:39,812] {processor.py:641} INFO - Processing file /Users/pro/Documents/a_env/proj_data/lib/python3.7/site-packages/airflow/example_dags/example_branch_operator.py for tasks to queue
[2022-08-07 07:41:39,814] {logging_mixin.py:115} INFO - [2022-08-07 07:41:39,813] {dagbag.py:508} INFO - Filling up the DagBag from /Users/pro/Documents/a_env/proj_data/lib/python3.7/site-packages/airflow/example_dags/example_branch_operator.py
[2022-08-07 07:41:39,832] {processor.py:651} INFO - DAG(s) dict_keys(['example_branch_operator']) retrieved from /Users/pro/Documents/a_env/proj_data/lib/python3.7/site-packages/airflow/example_dags/example_branch_operator.py
[2022-08-07 07:41:39,853] {logging_mixin.py:115} INFO - [2022-08-07 07:41:39,853] {dag.py:2420} INFO - Sync 1 DAGs
[2022-08-07 07:41:39,878] {logging_mixin.py:115} INFO - [2022-08-07 07:41:39,878] {dag.py:2972} INFO - Setting next_dagrun for example_branch_operator to 2022-08-05T00:00:00+00:00, run_after=2022-08-06T00:00:00+00:00
[2022-08-07 07:41:39,891] {processor.py:161} INFO - Processing /Users/pro/Documents/a_env/proj_data/lib/python3.7/site-packages/airflow/example_dags/example_branch_operator.py took 0.084 seconds
[2022-08-07 07:42:14,640] {processor.py:153} INFO - Started process (PID=92366) to work on /Users/pro/Documents/a_env/proj_data/lib/python3.7/site-packages/airflow/example_dags/example_branch_operator.py
[2022-08-07 07:42:14,642] {processor.py:641} INFO - Processing file /Users/pro/Documents/a_env/proj_data/lib/python3.7/site-packages/airflow/example_dags/example_branch_operator.py for tasks to queue
[2022-08-07 07:42:14,644] {logging_mixin.py:115} INFO - [2022-08-07 07:42:14,644] {dagbag.py:508} INFO - Filling up the DagBag from /Users/pro/Documents/a_env/proj_data/lib/python3.7/site-packages/airflow/example_dags/example_branch_operator.py
[2022-08-07 07:42:14,663] {processor.py:651} INFO - DAG(s) dict_keys(['example_branch_operator']) retrieved from /Users/pro/Documents/a_env/proj_data/lib/python3.7/site-packages/airflow/example_dags/example_branch_operator.py
[2022-08-07 07:42:14,688] {logging_mixin.py:115} INFO - [2022-08-07 07:42:14,687] {dag.py:2420} INFO - Sync 1 DAGs
[2022-08-07 07:42:14,713] {logging_mixin.py:115} INFO - [2022-08-07 07:42:14,712] {dag.py:2972} INFO - Setting next_dagrun for example_branch_operator to 2022-08-05T00:00:00+00:00, run_after=2022-08-06T00:00:00+00:00
[2022-08-07 07:42:14,726] {processor.py:161} INFO - Processing /Users/pro/Documents/a_env/proj_data/lib/python3.7/site-packages/airflow/example_dags/example_branch_operator.py took 0.090 seconds
[2022-08-07 07:42:49,757] {processor.py:153} INFO - Started process (PID=92402) to work on /Users/pro/Documents/a_env/proj_data/lib/python3.7/site-packages/airflow/example_dags/example_branch_operator.py
[2022-08-07 07:42:49,759] {processor.py:641} INFO - Processing file /Users/pro/Documents/a_env/proj_data/lib/python3.7/site-packages/airflow/example_dags/example_branch_operator.py for tasks to queue
[2022-08-07 07:42:49,760] {logging_mixin.py:115} INFO - [2022-08-07 07:42:49,760] {dagbag.py:508} INFO - Filling up the DagBag from /Users/pro/Documents/a_env/proj_data/lib/python3.7/site-packages/airflow/example_dags/example_branch_operator.py
[2022-08-07 07:42:49,777] {processor.py:651} INFO - DAG(s) dict_keys(['example_branch_operator']) retrieved from /Users/pro/Documents/a_env/proj_data/lib/python3.7/site-packages/airflow/example_dags/example_branch_operator.py
[2022-08-07 07:42:49,798] {logging_mixin.py:115} INFO - [2022-08-07 07:42:49,798] {dag.py:2420} INFO - Sync 1 DAGs
[2022-08-07 07:42:49,824] {logging_mixin.py:115} INFO - [2022-08-07 07:42:49,824] {dag.py:2972} INFO - Setting next_dagrun for example_branch_operator to 2022-08-05T00:00:00+00:00, run_after=2022-08-06T00:00:00+00:00
[2022-08-07 07:42:49,838] {processor.py:161} INFO - Processing /Users/pro/Documents/a_env/proj_data/lib/python3.7/site-packages/airflow/example_dags/example_branch_operator.py took 0.085 seconds
[2022-08-07 07:43:26,181] {processor.py:153} INFO - Started process (PID=92442) to work on /Users/pro/Documents/a_env/proj_data/lib/python3.7/site-packages/airflow/example_dags/example_branch_operator.py
[2022-08-07 07:43:26,183] {processor.py:641} INFO - Processing file /Users/pro/Documents/a_env/proj_data/lib/python3.7/site-packages/airflow/example_dags/example_branch_operator.py for tasks to queue
[2022-08-07 07:43:26,184] {logging_mixin.py:115} INFO - [2022-08-07 07:43:26,184] {dagbag.py:508} INFO - Filling up the DagBag from /Users/pro/Documents/a_env/proj_data/lib/python3.7/site-packages/airflow/example_dags/example_branch_operator.py
[2022-08-07 07:43:26,202] {processor.py:651} INFO - DAG(s) dict_keys(['example_branch_operator']) retrieved from /Users/pro/Documents/a_env/proj_data/lib/python3.7/site-packages/airflow/example_dags/example_branch_operator.py
[2022-08-07 07:43:26,223] {logging_mixin.py:115} INFO - [2022-08-07 07:43:26,223] {dag.py:2420} INFO - Sync 1 DAGs
[2022-08-07 07:43:26,249] {logging_mixin.py:115} INFO - [2022-08-07 07:43:26,249] {dag.py:2972} INFO - Setting next_dagrun for example_branch_operator to 2022-08-05T00:00:00+00:00, run_after=2022-08-06T00:00:00+00:00
[2022-08-07 07:43:26,264] {processor.py:161} INFO - Processing /Users/pro/Documents/a_env/proj_data/lib/python3.7/site-packages/airflow/example_dags/example_branch_operator.py took 0.087 seconds
[2022-08-07 07:44:03,881] {processor.py:153} INFO - Started process (PID=92498) to work on /Users/pro/Documents/a_env/proj_data/lib/python3.7/site-packages/airflow/example_dags/example_branch_operator.py
[2022-08-07 07:44:03,883] {processor.py:641} INFO - Processing file /Users/pro/Documents/a_env/proj_data/lib/python3.7/site-packages/airflow/example_dags/example_branch_operator.py for tasks to queue
[2022-08-07 07:44:03,884] {logging_mixin.py:115} INFO - [2022-08-07 07:44:03,884] {dagbag.py:508} INFO - Filling up the DagBag from /Users/pro/Documents/a_env/proj_data/lib/python3.7/site-packages/airflow/example_dags/example_branch_operator.py
[2022-08-07 07:44:03,904] {processor.py:651} INFO - DAG(s) dict_keys(['example_branch_operator']) retrieved from /Users/pro/Documents/a_env/proj_data/lib/python3.7/site-packages/airflow/example_dags/example_branch_operator.py
[2022-08-07 07:44:03,932] {logging_mixin.py:115} INFO - [2022-08-07 07:44:03,932] {dag.py:2420} INFO - Sync 1 DAGs
[2022-08-07 07:44:03,961] {logging_mixin.py:115} INFO - [2022-08-07 07:44:03,961] {dag.py:2972} INFO - Setting next_dagrun for example_branch_operator to 2022-08-05T00:00:00+00:00, run_after=2022-08-06T00:00:00+00:00
[2022-08-07 07:44:03,974] {processor.py:161} INFO - Processing /Users/pro/Documents/a_env/proj_data/lib/python3.7/site-packages/airflow/example_dags/example_branch_operator.py took 0.099 seconds
[2022-08-07 07:44:40,269] {processor.py:153} INFO - Started process (PID=92537) to work on /Users/pro/Documents/a_env/proj_data/lib/python3.7/site-packages/airflow/example_dags/example_branch_operator.py
[2022-08-07 07:44:40,270] {processor.py:641} INFO - Processing file /Users/pro/Documents/a_env/proj_data/lib/python3.7/site-packages/airflow/example_dags/example_branch_operator.py for tasks to queue
[2022-08-07 07:44:40,271] {logging_mixin.py:115} INFO - [2022-08-07 07:44:40,271] {dagbag.py:508} INFO - Filling up the DagBag from /Users/pro/Documents/a_env/proj_data/lib/python3.7/site-packages/airflow/example_dags/example_branch_operator.py
[2022-08-07 07:44:40,286] {processor.py:651} INFO - DAG(s) dict_keys(['example_branch_operator']) retrieved from /Users/pro/Documents/a_env/proj_data/lib/python3.7/site-packages/airflow/example_dags/example_branch_operator.py
[2022-08-07 07:44:40,312] {logging_mixin.py:115} INFO - [2022-08-07 07:44:40,312] {dag.py:2420} INFO - Sync 1 DAGs
[2022-08-07 07:44:40,333] {logging_mixin.py:115} INFO - [2022-08-07 07:44:40,333] {dag.py:2972} INFO - Setting next_dagrun for example_branch_operator to 2022-08-05T00:00:00+00:00, run_after=2022-08-06T00:00:00+00:00
[2022-08-07 07:44:40,347] {processor.py:161} INFO - Processing /Users/pro/Documents/a_env/proj_data/lib/python3.7/site-packages/airflow/example_dags/example_branch_operator.py took 0.083 seconds
[2022-08-07 07:45:15,979] {processor.py:153} INFO - Started process (PID=92576) to work on /Users/pro/Documents/a_env/proj_data/lib/python3.7/site-packages/airflow/example_dags/example_branch_operator.py
[2022-08-07 07:45:15,980] {processor.py:641} INFO - Processing file /Users/pro/Documents/a_env/proj_data/lib/python3.7/site-packages/airflow/example_dags/example_branch_operator.py for tasks to queue
[2022-08-07 07:45:15,982] {logging_mixin.py:115} INFO - [2022-08-07 07:45:15,982] {dagbag.py:508} INFO - Filling up the DagBag from /Users/pro/Documents/a_env/proj_data/lib/python3.7/site-packages/airflow/example_dags/example_branch_operator.py
[2022-08-07 07:45:16,000] {processor.py:651} INFO - DAG(s) dict_keys(['example_branch_operator']) retrieved from /Users/pro/Documents/a_env/proj_data/lib/python3.7/site-packages/airflow/example_dags/example_branch_operator.py
[2022-08-07 07:45:16,027] {logging_mixin.py:115} INFO - [2022-08-07 07:45:16,026] {dag.py:2420} INFO - Sync 1 DAGs
[2022-08-07 07:45:16,047] {logging_mixin.py:115} INFO - [2022-08-07 07:45:16,046] {dag.py:2972} INFO - Setting next_dagrun for example_branch_operator to 2022-08-05T00:00:00+00:00, run_after=2022-08-06T00:00:00+00:00
[2022-08-07 07:45:16,059] {processor.py:161} INFO - Processing /Users/pro/Documents/a_env/proj_data/lib/python3.7/site-packages/airflow/example_dags/example_branch_operator.py took 0.086 seconds
[2022-08-07 07:45:51,569] {processor.py:153} INFO - Started process (PID=92611) to work on /Users/pro/Documents/a_env/proj_data/lib/python3.7/site-packages/airflow/example_dags/example_branch_operator.py
[2022-08-07 07:45:51,570] {processor.py:641} INFO - Processing file /Users/pro/Documents/a_env/proj_data/lib/python3.7/site-packages/airflow/example_dags/example_branch_operator.py for tasks to queue
[2022-08-07 07:45:51,571] {logging_mixin.py:115} INFO - [2022-08-07 07:45:51,571] {dagbag.py:508} INFO - Filling up the DagBag from /Users/pro/Documents/a_env/proj_data/lib/python3.7/site-packages/airflow/example_dags/example_branch_operator.py
[2022-08-07 07:45:51,586] {processor.py:651} INFO - DAG(s) dict_keys(['example_branch_operator']) retrieved from /Users/pro/Documents/a_env/proj_data/lib/python3.7/site-packages/airflow/example_dags/example_branch_operator.py
[2022-08-07 07:45:51,613] {logging_mixin.py:115} INFO - [2022-08-07 07:45:51,613] {dag.py:2420} INFO - Sync 1 DAGs
[2022-08-07 07:45:51,637] {logging_mixin.py:115} INFO - [2022-08-07 07:45:51,636] {dag.py:2972} INFO - Setting next_dagrun for example_branch_operator to 2022-08-05T00:00:00+00:00, run_after=2022-08-06T00:00:00+00:00
[2022-08-07 07:45:51,649] {processor.py:161} INFO - Processing /Users/pro/Documents/a_env/proj_data/lib/python3.7/site-packages/airflow/example_dags/example_branch_operator.py took 0.085 seconds
[2022-08-07 07:46:24,812] {processor.py:153} INFO - Started process (PID=92647) to work on /Users/pro/Documents/a_env/proj_data/lib/python3.7/site-packages/airflow/example_dags/example_branch_operator.py
[2022-08-07 07:46:24,814] {processor.py:641} INFO - Processing file /Users/pro/Documents/a_env/proj_data/lib/python3.7/site-packages/airflow/example_dags/example_branch_operator.py for tasks to queue
[2022-08-07 07:46:24,815] {logging_mixin.py:115} INFO - [2022-08-07 07:46:24,815] {dagbag.py:508} INFO - Filling up the DagBag from /Users/pro/Documents/a_env/proj_data/lib/python3.7/site-packages/airflow/example_dags/example_branch_operator.py
[2022-08-07 07:46:24,831] {processor.py:651} INFO - DAG(s) dict_keys(['example_branch_operator']) retrieved from /Users/pro/Documents/a_env/proj_data/lib/python3.7/site-packages/airflow/example_dags/example_branch_operator.py
[2022-08-07 07:46:24,855] {logging_mixin.py:115} INFO - [2022-08-07 07:46:24,855] {dag.py:2420} INFO - Sync 1 DAGs
[2022-08-07 07:46:24,878] {logging_mixin.py:115} INFO - [2022-08-07 07:46:24,877] {dag.py:2972} INFO - Setting next_dagrun for example_branch_operator to 2022-08-05T00:00:00+00:00, run_after=2022-08-06T00:00:00+00:00
[2022-08-07 07:46:24,892] {processor.py:161} INFO - Processing /Users/pro/Documents/a_env/proj_data/lib/python3.7/site-packages/airflow/example_dags/example_branch_operator.py took 0.086 seconds
[2022-08-07 07:47:00,544] {processor.py:153} INFO - Started process (PID=92682) to work on /Users/pro/Documents/a_env/proj_data/lib/python3.7/site-packages/airflow/example_dags/example_branch_operator.py
[2022-08-07 07:47:00,546] {processor.py:641} INFO - Processing file /Users/pro/Documents/a_env/proj_data/lib/python3.7/site-packages/airflow/example_dags/example_branch_operator.py for tasks to queue
[2022-08-07 07:47:00,547] {logging_mixin.py:115} INFO - [2022-08-07 07:47:00,547] {dagbag.py:508} INFO - Filling up the DagBag from /Users/pro/Documents/a_env/proj_data/lib/python3.7/site-packages/airflow/example_dags/example_branch_operator.py
[2022-08-07 07:47:00,563] {processor.py:651} INFO - DAG(s) dict_keys(['example_branch_operator']) retrieved from /Users/pro/Documents/a_env/proj_data/lib/python3.7/site-packages/airflow/example_dags/example_branch_operator.py
[2022-08-07 07:47:00,590] {logging_mixin.py:115} INFO - [2022-08-07 07:47:00,590] {dag.py:2420} INFO - Sync 1 DAGs
[2022-08-07 07:47:00,610] {logging_mixin.py:115} INFO - [2022-08-07 07:47:00,610] {dag.py:2972} INFO - Setting next_dagrun for example_branch_operator to 2022-08-05T00:00:00+00:00, run_after=2022-08-06T00:00:00+00:00
[2022-08-07 07:47:00,627] {processor.py:161} INFO - Processing /Users/pro/Documents/a_env/proj_data/lib/python3.7/site-packages/airflow/example_dags/example_branch_operator.py took 0.087 seconds
[2022-08-07 07:47:38,298] {processor.py:153} INFO - Started process (PID=92721) to work on /Users/pro/Documents/a_env/proj_data/lib/python3.7/site-packages/airflow/example_dags/example_branch_operator.py
[2022-08-07 07:47:38,299] {processor.py:641} INFO - Processing file /Users/pro/Documents/a_env/proj_data/lib/python3.7/site-packages/airflow/example_dags/example_branch_operator.py for tasks to queue
[2022-08-07 07:47:38,301] {logging_mixin.py:115} INFO - [2022-08-07 07:47:38,300] {dagbag.py:508} INFO - Filling up the DagBag from /Users/pro/Documents/a_env/proj_data/lib/python3.7/site-packages/airflow/example_dags/example_branch_operator.py
[2022-08-07 07:47:38,315] {processor.py:651} INFO - DAG(s) dict_keys(['example_branch_operator']) retrieved from /Users/pro/Documents/a_env/proj_data/lib/python3.7/site-packages/airflow/example_dags/example_branch_operator.py
[2022-08-07 07:47:38,340] {logging_mixin.py:115} INFO - [2022-08-07 07:47:38,339] {dag.py:2420} INFO - Sync 1 DAGs
[2022-08-07 07:47:38,360] {logging_mixin.py:115} INFO - [2022-08-07 07:47:38,360] {dag.py:2972} INFO - Setting next_dagrun for example_branch_operator to 2022-08-05T00:00:00+00:00, run_after=2022-08-06T00:00:00+00:00
[2022-08-07 07:47:38,375] {processor.py:161} INFO - Processing /Users/pro/Documents/a_env/proj_data/lib/python3.7/site-packages/airflow/example_dags/example_branch_operator.py took 0.082 seconds
[2022-08-07 07:48:12,975] {processor.py:153} INFO - Started process (PID=92763) to work on /Users/pro/Documents/a_env/proj_data/lib/python3.7/site-packages/airflow/example_dags/example_branch_operator.py
[2022-08-07 07:48:12,976] {processor.py:641} INFO - Processing file /Users/pro/Documents/a_env/proj_data/lib/python3.7/site-packages/airflow/example_dags/example_branch_operator.py for tasks to queue
[2022-08-07 07:48:12,977] {logging_mixin.py:115} INFO - [2022-08-07 07:48:12,976] {dagbag.py:508} INFO - Filling up the DagBag from /Users/pro/Documents/a_env/proj_data/lib/python3.7/site-packages/airflow/example_dags/example_branch_operator.py
[2022-08-07 07:48:12,992] {processor.py:651} INFO - DAG(s) dict_keys(['example_branch_operator']) retrieved from /Users/pro/Documents/a_env/proj_data/lib/python3.7/site-packages/airflow/example_dags/example_branch_operator.py
[2022-08-07 07:48:13,017] {logging_mixin.py:115} INFO - [2022-08-07 07:48:13,017] {dag.py:2420} INFO - Sync 1 DAGs
[2022-08-07 07:48:13,040] {logging_mixin.py:115} INFO - [2022-08-07 07:48:13,040] {dag.py:2972} INFO - Setting next_dagrun for example_branch_operator to 2022-08-05T00:00:00+00:00, run_after=2022-08-06T00:00:00+00:00
[2022-08-07 07:48:13,054] {processor.py:161} INFO - Processing /Users/pro/Documents/a_env/proj_data/lib/python3.7/site-packages/airflow/example_dags/example_branch_operator.py took 0.083 seconds
[2022-08-07 07:48:46,843] {processor.py:153} INFO - Started process (PID=92801) to work on /Users/pro/Documents/a_env/proj_data/lib/python3.7/site-packages/airflow/example_dags/example_branch_operator.py
[2022-08-07 07:48:46,844] {processor.py:641} INFO - Processing file /Users/pro/Documents/a_env/proj_data/lib/python3.7/site-packages/airflow/example_dags/example_branch_operator.py for tasks to queue
[2022-08-07 07:48:46,845] {logging_mixin.py:115} INFO - [2022-08-07 07:48:46,845] {dagbag.py:508} INFO - Filling up the DagBag from /Users/pro/Documents/a_env/proj_data/lib/python3.7/site-packages/airflow/example_dags/example_branch_operator.py
[2022-08-07 07:48:46,862] {processor.py:651} INFO - DAG(s) dict_keys(['example_branch_operator']) retrieved from /Users/pro/Documents/a_env/proj_data/lib/python3.7/site-packages/airflow/example_dags/example_branch_operator.py
[2022-08-07 07:48:46,888] {logging_mixin.py:115} INFO - [2022-08-07 07:48:46,887] {dag.py:2420} INFO - Sync 1 DAGs
[2022-08-07 07:48:46,909] {logging_mixin.py:115} INFO - [2022-08-07 07:48:46,908] {dag.py:2972} INFO - Setting next_dagrun for example_branch_operator to 2022-08-05T00:00:00+00:00, run_after=2022-08-06T00:00:00+00:00
[2022-08-07 07:48:46,920] {processor.py:161} INFO - Processing /Users/pro/Documents/a_env/proj_data/lib/python3.7/site-packages/airflow/example_dags/example_branch_operator.py took 0.082 seconds
[2022-08-07 07:49:22,888] {processor.py:153} INFO - Started process (PID=92840) to work on /Users/pro/Documents/a_env/proj_data/lib/python3.7/site-packages/airflow/example_dags/example_branch_operator.py
[2022-08-07 07:49:22,890] {processor.py:641} INFO - Processing file /Users/pro/Documents/a_env/proj_data/lib/python3.7/site-packages/airflow/example_dags/example_branch_operator.py for tasks to queue
[2022-08-07 07:49:22,891] {logging_mixin.py:115} INFO - [2022-08-07 07:49:22,891] {dagbag.py:508} INFO - Filling up the DagBag from /Users/pro/Documents/a_env/proj_data/lib/python3.7/site-packages/airflow/example_dags/example_branch_operator.py
[2022-08-07 07:49:22,908] {processor.py:651} INFO - DAG(s) dict_keys(['example_branch_operator']) retrieved from /Users/pro/Documents/a_env/proj_data/lib/python3.7/site-packages/airflow/example_dags/example_branch_operator.py
[2022-08-07 07:49:22,934] {logging_mixin.py:115} INFO - [2022-08-07 07:49:22,933] {dag.py:2420} INFO - Sync 1 DAGs
[2022-08-07 07:49:22,955] {logging_mixin.py:115} INFO - [2022-08-07 07:49:22,954] {dag.py:2972} INFO - Setting next_dagrun for example_branch_operator to 2022-08-05T00:00:00+00:00, run_after=2022-08-06T00:00:00+00:00
[2022-08-07 07:49:22,967] {processor.py:161} INFO - Processing /Users/pro/Documents/a_env/proj_data/lib/python3.7/site-packages/airflow/example_dags/example_branch_operator.py took 0.084 seconds
[2022-08-07 07:49:57,973] {processor.py:153} INFO - Started process (PID=92881) to work on /Users/pro/Documents/a_env/proj_data/lib/python3.7/site-packages/airflow/example_dags/example_branch_operator.py
[2022-08-07 07:49:57,974] {processor.py:641} INFO - Processing file /Users/pro/Documents/a_env/proj_data/lib/python3.7/site-packages/airflow/example_dags/example_branch_operator.py for tasks to queue
[2022-08-07 07:49:57,976] {logging_mixin.py:115} INFO - [2022-08-07 07:49:57,975] {dagbag.py:508} INFO - Filling up the DagBag from /Users/pro/Documents/a_env/proj_data/lib/python3.7/site-packages/airflow/example_dags/example_branch_operator.py
[2022-08-07 07:49:57,997] {processor.py:651} INFO - DAG(s) dict_keys(['example_branch_operator']) retrieved from /Users/pro/Documents/a_env/proj_data/lib/python3.7/site-packages/airflow/example_dags/example_branch_operator.py
[2022-08-07 07:49:58,023] {logging_mixin.py:115} INFO - [2022-08-07 07:49:58,022] {dag.py:2420} INFO - Sync 1 DAGs
[2022-08-07 07:49:58,046] {logging_mixin.py:115} INFO - [2022-08-07 07:49:58,046] {dag.py:2972} INFO - Setting next_dagrun for example_branch_operator to 2022-08-05T00:00:00+00:00, run_after=2022-08-06T00:00:00+00:00
[2022-08-07 07:49:58,060] {processor.py:161} INFO - Processing /Users/pro/Documents/a_env/proj_data/lib/python3.7/site-packages/airflow/example_dags/example_branch_operator.py took 0.092 seconds
[2022-08-07 07:50:35,083] {processor.py:153} INFO - Started process (PID=92920) to work on /Users/pro/Documents/a_env/proj_data/lib/python3.7/site-packages/airflow/example_dags/example_branch_operator.py
[2022-08-07 07:50:35,084] {processor.py:641} INFO - Processing file /Users/pro/Documents/a_env/proj_data/lib/python3.7/site-packages/airflow/example_dags/example_branch_operator.py for tasks to queue
[2022-08-07 07:50:35,086] {logging_mixin.py:115} INFO - [2022-08-07 07:50:35,085] {dagbag.py:508} INFO - Filling up the DagBag from /Users/pro/Documents/a_env/proj_data/lib/python3.7/site-packages/airflow/example_dags/example_branch_operator.py
[2022-08-07 07:50:35,104] {processor.py:651} INFO - DAG(s) dict_keys(['example_branch_operator']) retrieved from /Users/pro/Documents/a_env/proj_data/lib/python3.7/site-packages/airflow/example_dags/example_branch_operator.py
[2022-08-07 07:50:35,126] {logging_mixin.py:115} INFO - [2022-08-07 07:50:35,126] {dag.py:2420} INFO - Sync 1 DAGs
[2022-08-07 07:50:35,147] {logging_mixin.py:115} INFO - [2022-08-07 07:50:35,147] {dag.py:2972} INFO - Setting next_dagrun for example_branch_operator to 2022-08-05T00:00:00+00:00, run_after=2022-08-06T00:00:00+00:00
[2022-08-07 07:50:35,160] {processor.py:161} INFO - Processing /Users/pro/Documents/a_env/proj_data/lib/python3.7/site-packages/airflow/example_dags/example_branch_operator.py took 0.082 seconds
[2022-08-07 07:51:09,166] {processor.py:153} INFO - Started process (PID=92955) to work on /Users/pro/Documents/a_env/proj_data/lib/python3.7/site-packages/airflow/example_dags/example_branch_operator.py
[2022-08-07 07:51:09,167] {processor.py:641} INFO - Processing file /Users/pro/Documents/a_env/proj_data/lib/python3.7/site-packages/airflow/example_dags/example_branch_operator.py for tasks to queue
[2022-08-07 07:51:09,168] {logging_mixin.py:115} INFO - [2022-08-07 07:51:09,168] {dagbag.py:508} INFO - Filling up the DagBag from /Users/pro/Documents/a_env/proj_data/lib/python3.7/site-packages/airflow/example_dags/example_branch_operator.py
[2022-08-07 07:51:09,185] {processor.py:651} INFO - DAG(s) dict_keys(['example_branch_operator']) retrieved from /Users/pro/Documents/a_env/proj_data/lib/python3.7/site-packages/airflow/example_dags/example_branch_operator.py
[2022-08-07 07:51:09,207] {logging_mixin.py:115} INFO - [2022-08-07 07:51:09,207] {dag.py:2420} INFO - Sync 1 DAGs
[2022-08-07 07:51:09,226] {logging_mixin.py:115} INFO - [2022-08-07 07:51:09,226] {dag.py:2972} INFO - Setting next_dagrun for example_branch_operator to 2022-08-05T00:00:00+00:00, run_after=2022-08-06T00:00:00+00:00
[2022-08-07 07:51:09,239] {processor.py:161} INFO - Processing /Users/pro/Documents/a_env/proj_data/lib/python3.7/site-packages/airflow/example_dags/example_branch_operator.py took 0.077 seconds
[2022-08-07 07:51:42,211] {processor.py:153} INFO - Started process (PID=92990) to work on /Users/pro/Documents/a_env/proj_data/lib/python3.7/site-packages/airflow/example_dags/example_branch_operator.py
[2022-08-07 07:51:42,212] {processor.py:641} INFO - Processing file /Users/pro/Documents/a_env/proj_data/lib/python3.7/site-packages/airflow/example_dags/example_branch_operator.py for tasks to queue
[2022-08-07 07:51:42,214] {logging_mixin.py:115} INFO - [2022-08-07 07:51:42,213] {dagbag.py:508} INFO - Filling up the DagBag from /Users/pro/Documents/a_env/proj_data/lib/python3.7/site-packages/airflow/example_dags/example_branch_operator.py
[2022-08-07 07:51:42,230] {processor.py:651} INFO - DAG(s) dict_keys(['example_branch_operator']) retrieved from /Users/pro/Documents/a_env/proj_data/lib/python3.7/site-packages/airflow/example_dags/example_branch_operator.py
[2022-08-07 07:51:42,251] {logging_mixin.py:115} INFO - [2022-08-07 07:51:42,251] {dag.py:2420} INFO - Sync 1 DAGs
[2022-08-07 07:51:42,271] {logging_mixin.py:115} INFO - [2022-08-07 07:51:42,271] {dag.py:2972} INFO - Setting next_dagrun for example_branch_operator to 2022-08-05T00:00:00+00:00, run_after=2022-08-06T00:00:00+00:00
[2022-08-07 07:51:42,283] {processor.py:161} INFO - Processing /Users/pro/Documents/a_env/proj_data/lib/python3.7/site-packages/airflow/example_dags/example_branch_operator.py took 0.076 seconds
[2022-08-07 07:52:19,876] {processor.py:153} INFO - Started process (PID=93028) to work on /Users/pro/Documents/a_env/proj_data/lib/python3.7/site-packages/airflow/example_dags/example_branch_operator.py
[2022-08-07 07:52:19,877] {processor.py:641} INFO - Processing file /Users/pro/Documents/a_env/proj_data/lib/python3.7/site-packages/airflow/example_dags/example_branch_operator.py for tasks to queue
[2022-08-07 07:52:19,878] {logging_mixin.py:115} INFO - [2022-08-07 07:52:19,878] {dagbag.py:508} INFO - Filling up the DagBag from /Users/pro/Documents/a_env/proj_data/lib/python3.7/site-packages/airflow/example_dags/example_branch_operator.py
[2022-08-07 07:52:19,894] {processor.py:651} INFO - DAG(s) dict_keys(['example_branch_operator']) retrieved from /Users/pro/Documents/a_env/proj_data/lib/python3.7/site-packages/airflow/example_dags/example_branch_operator.py
[2022-08-07 07:52:19,916] {logging_mixin.py:115} INFO - [2022-08-07 07:52:19,915] {dag.py:2420} INFO - Sync 1 DAGs
[2022-08-07 07:52:19,935] {logging_mixin.py:115} INFO - [2022-08-07 07:52:19,935] {dag.py:2972} INFO - Setting next_dagrun for example_branch_operator to 2022-08-05T00:00:00+00:00, run_after=2022-08-06T00:00:00+00:00
[2022-08-07 07:52:19,948] {processor.py:161} INFO - Processing /Users/pro/Documents/a_env/proj_data/lib/python3.7/site-packages/airflow/example_dags/example_branch_operator.py took 0.075 seconds
[2022-08-07 07:52:57,154] {processor.py:153} INFO - Started process (PID=93070) to work on /Users/pro/Documents/a_env/proj_data/lib/python3.7/site-packages/airflow/example_dags/example_branch_operator.py
[2022-08-07 07:52:57,155] {processor.py:641} INFO - Processing file /Users/pro/Documents/a_env/proj_data/lib/python3.7/site-packages/airflow/example_dags/example_branch_operator.py for tasks to queue
[2022-08-07 07:52:57,157] {logging_mixin.py:115} INFO - [2022-08-07 07:52:57,156] {dagbag.py:508} INFO - Filling up the DagBag from /Users/pro/Documents/a_env/proj_data/lib/python3.7/site-packages/airflow/example_dags/example_branch_operator.py
[2022-08-07 07:52:57,174] {processor.py:651} INFO - DAG(s) dict_keys(['example_branch_operator']) retrieved from /Users/pro/Documents/a_env/proj_data/lib/python3.7/site-packages/airflow/example_dags/example_branch_operator.py
[2022-08-07 07:52:57,195] {logging_mixin.py:115} INFO - [2022-08-07 07:52:57,195] {dag.py:2420} INFO - Sync 1 DAGs
[2022-08-07 07:52:57,217] {logging_mixin.py:115} INFO - [2022-08-07 07:52:57,216] {dag.py:2972} INFO - Setting next_dagrun for example_branch_operator to 2022-08-05T00:00:00+00:00, run_after=2022-08-06T00:00:00+00:00
[2022-08-07 07:52:57,229] {processor.py:161} INFO - Processing /Users/pro/Documents/a_env/proj_data/lib/python3.7/site-packages/airflow/example_dags/example_branch_operator.py took 0.080 seconds
[2022-08-07 07:53:32,671] {processor.py:153} INFO - Started process (PID=93122) to work on /Users/pro/Documents/a_env/proj_data/lib/python3.7/site-packages/airflow/example_dags/example_branch_operator.py
[2022-08-07 07:53:32,672] {processor.py:641} INFO - Processing file /Users/pro/Documents/a_env/proj_data/lib/python3.7/site-packages/airflow/example_dags/example_branch_operator.py for tasks to queue
[2022-08-07 07:53:32,673] {logging_mixin.py:115} INFO - [2022-08-07 07:53:32,673] {dagbag.py:508} INFO - Filling up the DagBag from /Users/pro/Documents/a_env/proj_data/lib/python3.7/site-packages/airflow/example_dags/example_branch_operator.py
[2022-08-07 07:53:32,691] {processor.py:651} INFO - DAG(s) dict_keys(['example_branch_operator']) retrieved from /Users/pro/Documents/a_env/proj_data/lib/python3.7/site-packages/airflow/example_dags/example_branch_operator.py
[2022-08-07 07:53:32,714] {logging_mixin.py:115} INFO - [2022-08-07 07:53:32,714] {dag.py:2420} INFO - Sync 1 DAGs
[2022-08-07 07:53:32,735] {logging_mixin.py:115} INFO - [2022-08-07 07:53:32,735] {dag.py:2972} INFO - Setting next_dagrun for example_branch_operator to 2022-08-05T00:00:00+00:00, run_after=2022-08-06T00:00:00+00:00
[2022-08-07 07:53:32,748] {processor.py:161} INFO - Processing /Users/pro/Documents/a_env/proj_data/lib/python3.7/site-packages/airflow/example_dags/example_branch_operator.py took 0.082 seconds
[2022-08-07 07:54:09,349] {processor.py:153} INFO - Started process (PID=93175) to work on /Users/pro/Documents/a_env/proj_data/lib/python3.7/site-packages/airflow/example_dags/example_branch_operator.py
[2022-08-07 07:54:09,350] {processor.py:641} INFO - Processing file /Users/pro/Documents/a_env/proj_data/lib/python3.7/site-packages/airflow/example_dags/example_branch_operator.py for tasks to queue
[2022-08-07 07:54:09,351] {logging_mixin.py:115} INFO - [2022-08-07 07:54:09,351] {dagbag.py:508} INFO - Filling up the DagBag from /Users/pro/Documents/a_env/proj_data/lib/python3.7/site-packages/airflow/example_dags/example_branch_operator.py
[2022-08-07 07:54:09,370] {processor.py:651} INFO - DAG(s) dict_keys(['example_branch_operator']) retrieved from /Users/pro/Documents/a_env/proj_data/lib/python3.7/site-packages/airflow/example_dags/example_branch_operator.py
[2022-08-07 07:54:09,394] {logging_mixin.py:115} INFO - [2022-08-07 07:54:09,394] {dag.py:2420} INFO - Sync 1 DAGs
[2022-08-07 07:54:09,417] {logging_mixin.py:115} INFO - [2022-08-07 07:54:09,416] {dag.py:2972} INFO - Setting next_dagrun for example_branch_operator to 2022-08-05T00:00:00+00:00, run_after=2022-08-06T00:00:00+00:00
[2022-08-07 07:54:09,429] {processor.py:161} INFO - Processing /Users/pro/Documents/a_env/proj_data/lib/python3.7/site-packages/airflow/example_dags/example_branch_operator.py took 0.085 seconds
[2022-08-07 07:54:48,543] {processor.py:153} INFO - Started process (PID=93219) to work on /Users/pro/Documents/a_env/proj_data/lib/python3.7/site-packages/airflow/example_dags/example_branch_operator.py
[2022-08-07 07:54:48,545] {processor.py:641} INFO - Processing file /Users/pro/Documents/a_env/proj_data/lib/python3.7/site-packages/airflow/example_dags/example_branch_operator.py for tasks to queue
[2022-08-07 07:54:48,546] {logging_mixin.py:115} INFO - [2022-08-07 07:54:48,546] {dagbag.py:508} INFO - Filling up the DagBag from /Users/pro/Documents/a_env/proj_data/lib/python3.7/site-packages/airflow/example_dags/example_branch_operator.py
[2022-08-07 07:54:48,561] {processor.py:651} INFO - DAG(s) dict_keys(['example_branch_operator']) retrieved from /Users/pro/Documents/a_env/proj_data/lib/python3.7/site-packages/airflow/example_dags/example_branch_operator.py
[2022-08-07 07:54:48,588] {logging_mixin.py:115} INFO - [2022-08-07 07:54:48,588] {dag.py:2420} INFO - Sync 1 DAGs
[2022-08-07 07:54:48,610] {logging_mixin.py:115} INFO - [2022-08-07 07:54:48,609] {dag.py:2972} INFO - Setting next_dagrun for example_branch_operator to 2022-08-05T00:00:00+00:00, run_after=2022-08-06T00:00:00+00:00
[2022-08-07 07:54:48,622] {processor.py:161} INFO - Processing /Users/pro/Documents/a_env/proj_data/lib/python3.7/site-packages/airflow/example_dags/example_branch_operator.py took 0.083 seconds
[2022-08-07 07:55:24,700] {processor.py:153} INFO - Started process (PID=93255) to work on /Users/pro/Documents/a_env/proj_data/lib/python3.7/site-packages/airflow/example_dags/example_branch_operator.py
[2022-08-07 07:55:24,702] {processor.py:641} INFO - Processing file /Users/pro/Documents/a_env/proj_data/lib/python3.7/site-packages/airflow/example_dags/example_branch_operator.py for tasks to queue
[2022-08-07 07:55:24,703] {logging_mixin.py:115} INFO - [2022-08-07 07:55:24,703] {dagbag.py:508} INFO - Filling up the DagBag from /Users/pro/Documents/a_env/proj_data/lib/python3.7/site-packages/airflow/example_dags/example_branch_operator.py
[2022-08-07 07:55:24,719] {processor.py:651} INFO - DAG(s) dict_keys(['example_branch_operator']) retrieved from /Users/pro/Documents/a_env/proj_data/lib/python3.7/site-packages/airflow/example_dags/example_branch_operator.py
[2022-08-07 07:55:24,743] {logging_mixin.py:115} INFO - [2022-08-07 07:55:24,743] {dag.py:2420} INFO - Sync 1 DAGs
[2022-08-07 07:55:24,764] {logging_mixin.py:115} INFO - [2022-08-07 07:55:24,764] {dag.py:2972} INFO - Setting next_dagrun for example_branch_operator to 2022-08-05T00:00:00+00:00, run_after=2022-08-06T00:00:00+00:00
[2022-08-07 07:55:24,777] {processor.py:161} INFO - Processing /Users/pro/Documents/a_env/proj_data/lib/python3.7/site-packages/airflow/example_dags/example_branch_operator.py took 0.081 seconds
[2022-08-07 07:56:00,736] {processor.py:153} INFO - Started process (PID=93290) to work on /Users/pro/Documents/a_env/proj_data/lib/python3.7/site-packages/airflow/example_dags/example_branch_operator.py
[2022-08-07 07:56:00,737] {processor.py:641} INFO - Processing file /Users/pro/Documents/a_env/proj_data/lib/python3.7/site-packages/airflow/example_dags/example_branch_operator.py for tasks to queue
[2022-08-07 07:56:00,738] {logging_mixin.py:115} INFO - [2022-08-07 07:56:00,738] {dagbag.py:508} INFO - Filling up the DagBag from /Users/pro/Documents/a_env/proj_data/lib/python3.7/site-packages/airflow/example_dags/example_branch_operator.py
[2022-08-07 07:56:00,753] {processor.py:651} INFO - DAG(s) dict_keys(['example_branch_operator']) retrieved from /Users/pro/Documents/a_env/proj_data/lib/python3.7/site-packages/airflow/example_dags/example_branch_operator.py
[2022-08-07 07:56:00,778] {logging_mixin.py:115} INFO - [2022-08-07 07:56:00,777] {dag.py:2420} INFO - Sync 1 DAGs
[2022-08-07 07:56:00,801] {logging_mixin.py:115} INFO - [2022-08-07 07:56:00,800] {dag.py:2972} INFO - Setting next_dagrun for example_branch_operator to 2022-08-05T00:00:00+00:00, run_after=2022-08-06T00:00:00+00:00
[2022-08-07 07:56:00,815] {processor.py:161} INFO - Processing /Users/pro/Documents/a_env/proj_data/lib/python3.7/site-packages/airflow/example_dags/example_branch_operator.py took 0.084 seconds
[2022-08-07 07:56:37,302] {processor.py:153} INFO - Started process (PID=93326) to work on /Users/pro/Documents/a_env/proj_data/lib/python3.7/site-packages/airflow/example_dags/example_branch_operator.py
[2022-08-07 07:56:37,304] {processor.py:641} INFO - Processing file /Users/pro/Documents/a_env/proj_data/lib/python3.7/site-packages/airflow/example_dags/example_branch_operator.py for tasks to queue
[2022-08-07 07:56:37,305] {logging_mixin.py:115} INFO - [2022-08-07 07:56:37,305] {dagbag.py:508} INFO - Filling up the DagBag from /Users/pro/Documents/a_env/proj_data/lib/python3.7/site-packages/airflow/example_dags/example_branch_operator.py
[2022-08-07 07:56:37,321] {processor.py:651} INFO - DAG(s) dict_keys(['example_branch_operator']) retrieved from /Users/pro/Documents/a_env/proj_data/lib/python3.7/site-packages/airflow/example_dags/example_branch_operator.py
[2022-08-07 07:56:37,345] {logging_mixin.py:115} INFO - [2022-08-07 07:56:37,345] {dag.py:2420} INFO - Sync 1 DAGs
[2022-08-07 07:56:37,366] {logging_mixin.py:115} INFO - [2022-08-07 07:56:37,366] {dag.py:2972} INFO - Setting next_dagrun for example_branch_operator to 2022-08-05T00:00:00+00:00, run_after=2022-08-06T00:00:00+00:00
[2022-08-07 07:56:37,379] {processor.py:161} INFO - Processing /Users/pro/Documents/a_env/proj_data/lib/python3.7/site-packages/airflow/example_dags/example_branch_operator.py took 0.081 seconds
[2022-08-07 07:57:15,227] {processor.py:153} INFO - Started process (PID=93368) to work on /Users/pro/Documents/a_env/proj_data/lib/python3.7/site-packages/airflow/example_dags/example_branch_operator.py
[2022-08-07 07:57:15,229] {processor.py:641} INFO - Processing file /Users/pro/Documents/a_env/proj_data/lib/python3.7/site-packages/airflow/example_dags/example_branch_operator.py for tasks to queue
[2022-08-07 07:57:15,230] {logging_mixin.py:115} INFO - [2022-08-07 07:57:15,230] {dagbag.py:508} INFO - Filling up the DagBag from /Users/pro/Documents/a_env/proj_data/lib/python3.7/site-packages/airflow/example_dags/example_branch_operator.py
[2022-08-07 07:57:15,246] {processor.py:651} INFO - DAG(s) dict_keys(['example_branch_operator']) retrieved from /Users/pro/Documents/a_env/proj_data/lib/python3.7/site-packages/airflow/example_dags/example_branch_operator.py
[2022-08-07 07:57:15,271] {logging_mixin.py:115} INFO - [2022-08-07 07:57:15,271] {dag.py:2420} INFO - Sync 1 DAGs
[2022-08-07 07:57:15,293] {logging_mixin.py:115} INFO - [2022-08-07 07:57:15,292] {dag.py:2972} INFO - Setting next_dagrun for example_branch_operator to 2022-08-05T00:00:00+00:00, run_after=2022-08-06T00:00:00+00:00
[2022-08-07 07:57:15,305] {processor.py:161} INFO - Processing /Users/pro/Documents/a_env/proj_data/lib/python3.7/site-packages/airflow/example_dags/example_branch_operator.py took 0.082 seconds
[2022-08-07 07:57:49,583] {processor.py:153} INFO - Started process (PID=93410) to work on /Users/pro/Documents/a_env/proj_data/lib/python3.7/site-packages/airflow/example_dags/example_branch_operator.py
[2022-08-07 07:57:49,584] {processor.py:641} INFO - Processing file /Users/pro/Documents/a_env/proj_data/lib/python3.7/site-packages/airflow/example_dags/example_branch_operator.py for tasks to queue
[2022-08-07 07:57:49,585] {logging_mixin.py:115} INFO - [2022-08-07 07:57:49,584] {dagbag.py:508} INFO - Filling up the DagBag from /Users/pro/Documents/a_env/proj_data/lib/python3.7/site-packages/airflow/example_dags/example_branch_operator.py
[2022-08-07 07:57:49,601] {processor.py:651} INFO - DAG(s) dict_keys(['example_branch_operator']) retrieved from /Users/pro/Documents/a_env/proj_data/lib/python3.7/site-packages/airflow/example_dags/example_branch_operator.py
[2022-08-07 07:57:49,626] {logging_mixin.py:115} INFO - [2022-08-07 07:57:49,626] {dag.py:2420} INFO - Sync 1 DAGs
[2022-08-07 07:57:49,647] {logging_mixin.py:115} INFO - [2022-08-07 07:57:49,646] {dag.py:2972} INFO - Setting next_dagrun for example_branch_operator to 2022-08-05T00:00:00+00:00, run_after=2022-08-06T00:00:00+00:00
[2022-08-07 07:57:49,659] {processor.py:161} INFO - Processing /Users/pro/Documents/a_env/proj_data/lib/python3.7/site-packages/airflow/example_dags/example_branch_operator.py took 0.081 seconds
[2022-08-07 07:58:27,510] {processor.py:153} INFO - Started process (PID=93454) to work on /Users/pro/Documents/a_env/proj_data/lib/python3.7/site-packages/airflow/example_dags/example_branch_operator.py
[2022-08-07 07:58:27,512] {processor.py:641} INFO - Processing file /Users/pro/Documents/a_env/proj_data/lib/python3.7/site-packages/airflow/example_dags/example_branch_operator.py for tasks to queue
[2022-08-07 07:58:27,513] {logging_mixin.py:115} INFO - [2022-08-07 07:58:27,513] {dagbag.py:508} INFO - Filling up the DagBag from /Users/pro/Documents/a_env/proj_data/lib/python3.7/site-packages/airflow/example_dags/example_branch_operator.py
[2022-08-07 07:58:27,529] {processor.py:651} INFO - DAG(s) dict_keys(['example_branch_operator']) retrieved from /Users/pro/Documents/a_env/proj_data/lib/python3.7/site-packages/airflow/example_dags/example_branch_operator.py
[2022-08-07 07:58:27,553] {logging_mixin.py:115} INFO - [2022-08-07 07:58:27,553] {dag.py:2420} INFO - Sync 1 DAGs
[2022-08-07 07:58:27,577] {logging_mixin.py:115} INFO - [2022-08-07 07:58:27,576] {dag.py:2972} INFO - Setting next_dagrun for example_branch_operator to 2022-08-05T00:00:00+00:00, run_after=2022-08-06T00:00:00+00:00
[2022-08-07 07:58:27,590] {processor.py:161} INFO - Processing /Users/pro/Documents/a_env/proj_data/lib/python3.7/site-packages/airflow/example_dags/example_branch_operator.py took 0.084 seconds
[2022-08-07 07:59:01,902] {processor.py:153} INFO - Started process (PID=93489) to work on /Users/pro/Documents/a_env/proj_data/lib/python3.7/site-packages/airflow/example_dags/example_branch_operator.py
[2022-08-07 07:59:01,903] {processor.py:641} INFO - Processing file /Users/pro/Documents/a_env/proj_data/lib/python3.7/site-packages/airflow/example_dags/example_branch_operator.py for tasks to queue
[2022-08-07 07:59:01,904] {logging_mixin.py:115} INFO - [2022-08-07 07:59:01,904] {dagbag.py:508} INFO - Filling up the DagBag from /Users/pro/Documents/a_env/proj_data/lib/python3.7/site-packages/airflow/example_dags/example_branch_operator.py
[2022-08-07 07:59:01,924] {processor.py:651} INFO - DAG(s) dict_keys(['example_branch_operator']) retrieved from /Users/pro/Documents/a_env/proj_data/lib/python3.7/site-packages/airflow/example_dags/example_branch_operator.py
[2022-08-07 07:59:01,942] {logging_mixin.py:115} INFO - [2022-08-07 07:59:01,942] {dag.py:2420} INFO - Sync 1 DAGs
[2022-08-07 07:59:01,961] {logging_mixin.py:115} INFO - [2022-08-07 07:59:01,961] {dag.py:2972} INFO - Setting next_dagrun for example_branch_operator to 2022-08-05T00:00:00+00:00, run_after=2022-08-06T00:00:00+00:00
[2022-08-07 07:59:01,974] {processor.py:161} INFO - Processing /Users/pro/Documents/a_env/proj_data/lib/python3.7/site-packages/airflow/example_dags/example_branch_operator.py took 0.076 seconds
[2022-08-07 07:59:36,811] {processor.py:153} INFO - Started process (PID=93528) to work on /Users/pro/Documents/a_env/proj_data/lib/python3.7/site-packages/airflow/example_dags/example_branch_operator.py
[2022-08-07 07:59:36,813] {processor.py:641} INFO - Processing file /Users/pro/Documents/a_env/proj_data/lib/python3.7/site-packages/airflow/example_dags/example_branch_operator.py for tasks to queue
[2022-08-07 07:59:36,814] {logging_mixin.py:115} INFO - [2022-08-07 07:59:36,814] {dagbag.py:508} INFO - Filling up the DagBag from /Users/pro/Documents/a_env/proj_data/lib/python3.7/site-packages/airflow/example_dags/example_branch_operator.py
[2022-08-07 07:59:36,834] {processor.py:651} INFO - DAG(s) dict_keys(['example_branch_operator']) retrieved from /Users/pro/Documents/a_env/proj_data/lib/python3.7/site-packages/airflow/example_dags/example_branch_operator.py
[2022-08-07 07:59:36,853] {logging_mixin.py:115} INFO - [2022-08-07 07:59:36,853] {dag.py:2420} INFO - Sync 1 DAGs
[2022-08-07 07:59:36,875] {logging_mixin.py:115} INFO - [2022-08-07 07:59:36,874] {dag.py:2972} INFO - Setting next_dagrun for example_branch_operator to 2022-08-05T00:00:00+00:00, run_after=2022-08-06T00:00:00+00:00
[2022-08-07 07:59:36,889] {processor.py:161} INFO - Processing /Users/pro/Documents/a_env/proj_data/lib/python3.7/site-packages/airflow/example_dags/example_branch_operator.py took 0.082 seconds
