[2022-08-06 11:35:20,700] {processor.py:153} INFO - Started process (PID=91275) to work on /Users/pro/Documents/a_env/proj_data/lib/python3.7/site-packages/airflow/example_dags/example_dag_decorator.py
[2022-08-06 11:35:20,702] {processor.py:641} INFO - Processing file /Users/pro/Documents/a_env/proj_data/lib/python3.7/site-packages/airflow/example_dags/example_dag_decorator.py for tasks to queue
[2022-08-06 11:35:20,703] {logging_mixin.py:115} INFO - [2022-08-06 11:35:20,703] {dagbag.py:508} INFO - Filling up the DagBag from /Users/pro/Documents/a_env/proj_data/lib/python3.7/site-packages/airflow/example_dags/example_dag_decorator.py
[2022-08-06 11:35:20,755] {processor.py:651} INFO - DAG(s) dict_keys(['example_dag_decorator']) retrieved from /Users/pro/Documents/a_env/proj_data/lib/python3.7/site-packages/airflow/example_dags/example_dag_decorator.py
[2022-08-06 11:35:20,829] {logging_mixin.py:115} INFO - [2022-08-06 11:35:20,829] {dag.py:2420} INFO - Sync 1 DAGs
[2022-08-06 11:35:20,866] {logging_mixin.py:115} INFO - [2022-08-06 11:35:20,866] {dag.py:2972} INFO - Setting next_dagrun for example_dag_decorator to None, run_after=None
[2022-08-06 11:35:20,896] {processor.py:161} INFO - Processing /Users/pro/Documents/a_env/proj_data/lib/python3.7/site-packages/airflow/example_dags/example_dag_decorator.py took 0.200 seconds
[2022-08-06 21:09:58,558] {processor.py:153} INFO - Started process (PID=91563) to work on /Users/pro/Documents/a_env/proj_data/lib/python3.7/site-packages/airflow/example_dags/example_dag_decorator.py
[2022-08-06 21:09:58,559] {processor.py:641} INFO - Processing file /Users/pro/Documents/a_env/proj_data/lib/python3.7/site-packages/airflow/example_dags/example_dag_decorator.py for tasks to queue
[2022-08-06 21:09:58,560] {logging_mixin.py:115} INFO - [2022-08-06 21:09:58,560] {dagbag.py:508} INFO - Filling up the DagBag from /Users/pro/Documents/a_env/proj_data/lib/python3.7/site-packages/airflow/example_dags/example_dag_decorator.py
[2022-08-06 21:09:58,597] {processor.py:651} INFO - DAG(s) dict_keys(['example_dag_decorator']) retrieved from /Users/pro/Documents/a_env/proj_data/lib/python3.7/site-packages/airflow/example_dags/example_dag_decorator.py
[2022-08-06 21:09:58,675] {logging_mixin.py:115} INFO - [2022-08-06 21:09:58,674] {dag.py:2420} INFO - Sync 1 DAGs
[2022-08-06 21:09:58,696] {logging_mixin.py:115} INFO - [2022-08-06 21:09:58,696] {dag.py:2972} INFO - Setting next_dagrun for example_dag_decorator to None, run_after=None
[2022-08-06 21:09:58,715] {processor.py:161} INFO - Processing /Users/pro/Documents/a_env/proj_data/lib/python3.7/site-packages/airflow/example_dags/example_dag_decorator.py took 0.160 seconds
[2022-08-06 21:10:33,547] {processor.py:153} INFO - Started process (PID=91610) to work on /Users/pro/Documents/a_env/proj_data/lib/python3.7/site-packages/airflow/example_dags/example_dag_decorator.py
[2022-08-06 21:10:33,548] {processor.py:641} INFO - Processing file /Users/pro/Documents/a_env/proj_data/lib/python3.7/site-packages/airflow/example_dags/example_dag_decorator.py for tasks to queue
[2022-08-06 21:10:33,550] {logging_mixin.py:115} INFO - [2022-08-06 21:10:33,549] {dagbag.py:508} INFO - Filling up the DagBag from /Users/pro/Documents/a_env/proj_data/lib/python3.7/site-packages/airflow/example_dags/example_dag_decorator.py
[2022-08-06 21:10:33,611] {processor.py:651} INFO - DAG(s) dict_keys(['example_dag_decorator']) retrieved from /Users/pro/Documents/a_env/proj_data/lib/python3.7/site-packages/airflow/example_dags/example_dag_decorator.py
[2022-08-06 21:10:33,693] {logging_mixin.py:115} INFO - [2022-08-06 21:10:33,693] {dag.py:2420} INFO - Sync 1 DAGs
[2022-08-06 21:10:33,712] {logging_mixin.py:115} INFO - [2022-08-06 21:10:33,711] {dag.py:2972} INFO - Setting next_dagrun for example_dag_decorator to None, run_after=None
[2022-08-06 21:10:33,729] {processor.py:161} INFO - Processing /Users/pro/Documents/a_env/proj_data/lib/python3.7/site-packages/airflow/example_dags/example_dag_decorator.py took 0.189 seconds
[2022-08-06 21:11:08,535] {processor.py:153} INFO - Started process (PID=91657) to work on /Users/pro/Documents/a_env/proj_data/lib/python3.7/site-packages/airflow/example_dags/example_dag_decorator.py
[2022-08-06 21:11:08,539] {processor.py:641} INFO - Processing file /Users/pro/Documents/a_env/proj_data/lib/python3.7/site-packages/airflow/example_dags/example_dag_decorator.py for tasks to queue
[2022-08-06 21:11:08,540] {logging_mixin.py:115} INFO - [2022-08-06 21:11:08,540] {dagbag.py:508} INFO - Filling up the DagBag from /Users/pro/Documents/a_env/proj_data/lib/python3.7/site-packages/airflow/example_dags/example_dag_decorator.py
[2022-08-06 21:11:08,602] {processor.py:651} INFO - DAG(s) dict_keys(['example_dag_decorator']) retrieved from /Users/pro/Documents/a_env/proj_data/lib/python3.7/site-packages/airflow/example_dags/example_dag_decorator.py
[2022-08-06 21:11:08,686] {logging_mixin.py:115} INFO - [2022-08-06 21:11:08,686] {dag.py:2420} INFO - Sync 1 DAGs
[2022-08-06 21:11:08,714] {logging_mixin.py:115} INFO - [2022-08-06 21:11:08,713] {dag.py:2972} INFO - Setting next_dagrun for example_dag_decorator to None, run_after=None
[2022-08-06 21:11:08,730] {processor.py:161} INFO - Processing /Users/pro/Documents/a_env/proj_data/lib/python3.7/site-packages/airflow/example_dags/example_dag_decorator.py took 0.200 seconds
[2022-08-06 21:11:43,803] {processor.py:153} INFO - Started process (PID=91706) to work on /Users/pro/Documents/a_env/proj_data/lib/python3.7/site-packages/airflow/example_dags/example_dag_decorator.py
[2022-08-06 21:11:43,804] {processor.py:641} INFO - Processing file /Users/pro/Documents/a_env/proj_data/lib/python3.7/site-packages/airflow/example_dags/example_dag_decorator.py for tasks to queue
[2022-08-06 21:11:43,805] {logging_mixin.py:115} INFO - [2022-08-06 21:11:43,805] {dagbag.py:508} INFO - Filling up the DagBag from /Users/pro/Documents/a_env/proj_data/lib/python3.7/site-packages/airflow/example_dags/example_dag_decorator.py
[2022-08-06 21:11:43,840] {processor.py:651} INFO - DAG(s) dict_keys(['example_dag_decorator']) retrieved from /Users/pro/Documents/a_env/proj_data/lib/python3.7/site-packages/airflow/example_dags/example_dag_decorator.py
[2022-08-06 21:11:43,912] {logging_mixin.py:115} INFO - [2022-08-06 21:11:43,911] {dag.py:2420} INFO - Sync 1 DAGs
[2022-08-06 21:11:43,926] {logging_mixin.py:115} INFO - [2022-08-06 21:11:43,926] {dag.py:2972} INFO - Setting next_dagrun for example_dag_decorator to None, run_after=None
[2022-08-06 21:11:43,939] {processor.py:161} INFO - Processing /Users/pro/Documents/a_env/proj_data/lib/python3.7/site-packages/airflow/example_dags/example_dag_decorator.py took 0.140 seconds
[2022-08-07 00:14:58,348] {processor.py:153} INFO - Started process (PID=91849) to work on /Users/pro/Documents/a_env/proj_data/lib/python3.7/site-packages/airflow/example_dags/example_dag_decorator.py
[2022-08-07 00:14:58,349] {processor.py:641} INFO - Processing file /Users/pro/Documents/a_env/proj_data/lib/python3.7/site-packages/airflow/example_dags/example_dag_decorator.py for tasks to queue
[2022-08-07 00:14:58,350] {logging_mixin.py:115} INFO - [2022-08-07 00:14:58,350] {dagbag.py:508} INFO - Filling up the DagBag from /Users/pro/Documents/a_env/proj_data/lib/python3.7/site-packages/airflow/example_dags/example_dag_decorator.py
[2022-08-07 00:14:58,384] {processor.py:651} INFO - DAG(s) dict_keys(['example_dag_decorator']) retrieved from /Users/pro/Documents/a_env/proj_data/lib/python3.7/site-packages/airflow/example_dags/example_dag_decorator.py
[2022-08-07 00:14:58,454] {logging_mixin.py:115} INFO - [2022-08-07 00:14:58,454] {dag.py:2420} INFO - Sync 1 DAGs
[2022-08-07 00:14:58,470] {logging_mixin.py:115} INFO - [2022-08-07 00:14:58,470] {dag.py:2972} INFO - Setting next_dagrun for example_dag_decorator to None, run_after=None
[2022-08-07 00:14:58,483] {processor.py:161} INFO - Processing /Users/pro/Documents/a_env/proj_data/lib/python3.7/site-packages/airflow/example_dags/example_dag_decorator.py took 0.140 seconds
[2022-08-07 07:14:59,464] {processor.py:153} INFO - Started process (PID=91998) to work on /Users/pro/Documents/a_env/proj_data/lib/python3.7/site-packages/airflow/example_dags/example_dag_decorator.py
[2022-08-07 07:14:59,466] {processor.py:641} INFO - Processing file /Users/pro/Documents/a_env/proj_data/lib/python3.7/site-packages/airflow/example_dags/example_dag_decorator.py for tasks to queue
[2022-08-07 07:14:59,467] {logging_mixin.py:115} INFO - [2022-08-07 07:14:59,466] {dagbag.py:508} INFO - Filling up the DagBag from /Users/pro/Documents/a_env/proj_data/lib/python3.7/site-packages/airflow/example_dags/example_dag_decorator.py
[2022-08-07 07:14:59,498] {processor.py:651} INFO - DAG(s) dict_keys(['example_dag_decorator']) retrieved from /Users/pro/Documents/a_env/proj_data/lib/python3.7/site-packages/airflow/example_dags/example_dag_decorator.py
[2022-08-07 07:14:59,560] {logging_mixin.py:115} INFO - [2022-08-07 07:14:59,560] {dag.py:2420} INFO - Sync 1 DAGs
[2022-08-07 07:14:59,575] {logging_mixin.py:115} INFO - [2022-08-07 07:14:59,574] {dag.py:2972} INFO - Setting next_dagrun for example_dag_decorator to None, run_after=None
[2022-08-07 07:14:59,587] {processor.py:161} INFO - Processing /Users/pro/Documents/a_env/proj_data/lib/python3.7/site-packages/airflow/example_dags/example_dag_decorator.py took 0.126 seconds
[2022-08-07 07:39:12,272] {processor.py:153} INFO - Started process (PID=92089) to work on /Users/pro/Documents/a_env/proj_data/lib/python3.7/site-packages/airflow/example_dags/example_dag_decorator.py
[2022-08-07 07:39:12,273] {processor.py:641} INFO - Processing file /Users/pro/Documents/a_env/proj_data/lib/python3.7/site-packages/airflow/example_dags/example_dag_decorator.py for tasks to queue
[2022-08-07 07:39:12,274] {logging_mixin.py:115} INFO - [2022-08-07 07:39:12,274] {dagbag.py:508} INFO - Filling up the DagBag from /Users/pro/Documents/a_env/proj_data/lib/python3.7/site-packages/airflow/example_dags/example_dag_decorator.py
[2022-08-07 07:39:12,321] {processor.py:651} INFO - DAG(s) dict_keys(['example_dag_decorator']) retrieved from /Users/pro/Documents/a_env/proj_data/lib/python3.7/site-packages/airflow/example_dags/example_dag_decorator.py
[2022-08-07 07:39:12,398] {logging_mixin.py:115} INFO - [2022-08-07 07:39:12,397] {dag.py:2420} INFO - Sync 1 DAGs
[2022-08-07 07:39:12,413] {logging_mixin.py:115} INFO - [2022-08-07 07:39:12,413] {dag.py:2972} INFO - Setting next_dagrun for example_dag_decorator to None, run_after=None
[2022-08-07 07:39:12,428] {processor.py:161} INFO - Processing /Users/pro/Documents/a_env/proj_data/lib/python3.7/site-packages/airflow/example_dags/example_dag_decorator.py took 0.162 seconds
[2022-08-07 07:39:45,638] {processor.py:153} INFO - Started process (PID=92137) to work on /Users/pro/Documents/a_env/proj_data/lib/python3.7/site-packages/airflow/example_dags/example_dag_decorator.py
[2022-08-07 07:39:45,639] {processor.py:641} INFO - Processing file /Users/pro/Documents/a_env/proj_data/lib/python3.7/site-packages/airflow/example_dags/example_dag_decorator.py for tasks to queue
[2022-08-07 07:39:45,640] {logging_mixin.py:115} INFO - [2022-08-07 07:39:45,640] {dagbag.py:508} INFO - Filling up the DagBag from /Users/pro/Documents/a_env/proj_data/lib/python3.7/site-packages/airflow/example_dags/example_dag_decorator.py
[2022-08-07 07:39:45,683] {processor.py:651} INFO - DAG(s) dict_keys(['example_dag_decorator']) retrieved from /Users/pro/Documents/a_env/proj_data/lib/python3.7/site-packages/airflow/example_dags/example_dag_decorator.py
[2022-08-07 07:39:45,702] {logging_mixin.py:115} INFO - [2022-08-07 07:39:45,702] {dag.py:2420} INFO - Sync 1 DAGs
[2022-08-07 07:39:45,723] {logging_mixin.py:115} INFO - [2022-08-07 07:39:45,722] {dag.py:2972} INFO - Setting next_dagrun for example_dag_decorator to None, run_after=None
[2022-08-07 07:39:45,737] {processor.py:161} INFO - Processing /Users/pro/Documents/a_env/proj_data/lib/python3.7/site-packages/airflow/example_dags/example_dag_decorator.py took 0.104 seconds
[2022-08-07 07:40:21,532] {processor.py:153} INFO - Started process (PID=92209) to work on /Users/pro/Documents/a_env/proj_data/lib/python3.7/site-packages/airflow/example_dags/example_dag_decorator.py
[2022-08-07 07:40:21,534] {processor.py:641} INFO - Processing file /Users/pro/Documents/a_env/proj_data/lib/python3.7/site-packages/airflow/example_dags/example_dag_decorator.py for tasks to queue
[2022-08-07 07:40:21,535] {logging_mixin.py:115} INFO - [2022-08-07 07:40:21,535] {dagbag.py:508} INFO - Filling up the DagBag from /Users/pro/Documents/a_env/proj_data/lib/python3.7/site-packages/airflow/example_dags/example_dag_decorator.py
[2022-08-07 07:40:21,578] {processor.py:651} INFO - DAG(s) dict_keys(['example_dag_decorator']) retrieved from /Users/pro/Documents/a_env/proj_data/lib/python3.7/site-packages/airflow/example_dags/example_dag_decorator.py
[2022-08-07 07:40:21,641] {logging_mixin.py:115} INFO - [2022-08-07 07:40:21,641] {dag.py:2420} INFO - Sync 1 DAGs
[2022-08-07 07:40:21,658] {logging_mixin.py:115} INFO - [2022-08-07 07:40:21,658] {dag.py:2972} INFO - Setting next_dagrun for example_dag_decorator to None, run_after=None
[2022-08-07 07:40:21,672] {processor.py:161} INFO - Processing /Users/pro/Documents/a_env/proj_data/lib/python3.7/site-packages/airflow/example_dags/example_dag_decorator.py took 0.143 seconds
[2022-08-07 07:40:58,603] {processor.py:153} INFO - Started process (PID=92274) to work on /Users/pro/Documents/a_env/proj_data/lib/python3.7/site-packages/airflow/example_dags/example_dag_decorator.py
[2022-08-07 07:40:58,605] {processor.py:641} INFO - Processing file /Users/pro/Documents/a_env/proj_data/lib/python3.7/site-packages/airflow/example_dags/example_dag_decorator.py for tasks to queue
[2022-08-07 07:40:58,609] {logging_mixin.py:115} INFO - [2022-08-07 07:40:58,607] {dagbag.py:508} INFO - Filling up the DagBag from /Users/pro/Documents/a_env/proj_data/lib/python3.7/site-packages/airflow/example_dags/example_dag_decorator.py
[2022-08-07 07:40:58,661] {processor.py:651} INFO - DAG(s) dict_keys(['example_dag_decorator']) retrieved from /Users/pro/Documents/a_env/proj_data/lib/python3.7/site-packages/airflow/example_dags/example_dag_decorator.py
[2022-08-07 07:40:58,723] {logging_mixin.py:115} INFO - [2022-08-07 07:40:58,723] {dag.py:2420} INFO - Sync 1 DAGs
[2022-08-07 07:40:58,747] {logging_mixin.py:115} INFO - [2022-08-07 07:40:58,747] {dag.py:2972} INFO - Setting next_dagrun for example_dag_decorator to None, run_after=None
[2022-08-07 07:40:58,763] {processor.py:161} INFO - Processing /Users/pro/Documents/a_env/proj_data/lib/python3.7/site-packages/airflow/example_dags/example_dag_decorator.py took 0.169 seconds
[2022-08-07 07:41:33,441] {processor.py:153} INFO - Started process (PID=92315) to work on /Users/pro/Documents/a_env/proj_data/lib/python3.7/site-packages/airflow/example_dags/example_dag_decorator.py
[2022-08-07 07:41:33,443] {processor.py:641} INFO - Processing file /Users/pro/Documents/a_env/proj_data/lib/python3.7/site-packages/airflow/example_dags/example_dag_decorator.py for tasks to queue
[2022-08-07 07:41:33,444] {logging_mixin.py:115} INFO - [2022-08-07 07:41:33,444] {dagbag.py:508} INFO - Filling up the DagBag from /Users/pro/Documents/a_env/proj_data/lib/python3.7/site-packages/airflow/example_dags/example_dag_decorator.py
[2022-08-07 07:41:33,488] {processor.py:651} INFO - DAG(s) dict_keys(['example_dag_decorator']) retrieved from /Users/pro/Documents/a_env/proj_data/lib/python3.7/site-packages/airflow/example_dags/example_dag_decorator.py
[2022-08-07 07:41:33,544] {logging_mixin.py:115} INFO - [2022-08-07 07:41:33,544] {dag.py:2420} INFO - Sync 1 DAGs
[2022-08-07 07:41:33,562] {logging_mixin.py:115} INFO - [2022-08-07 07:41:33,562] {dag.py:2972} INFO - Setting next_dagrun for example_dag_decorator to None, run_after=None
[2022-08-07 07:41:33,576] {processor.py:161} INFO - Processing /Users/pro/Documents/a_env/proj_data/lib/python3.7/site-packages/airflow/example_dags/example_dag_decorator.py took 0.139 seconds
[2022-08-07 07:42:07,968] {processor.py:153} INFO - Started process (PID=92360) to work on /Users/pro/Documents/a_env/proj_data/lib/python3.7/site-packages/airflow/example_dags/example_dag_decorator.py
[2022-08-07 07:42:07,970] {processor.py:641} INFO - Processing file /Users/pro/Documents/a_env/proj_data/lib/python3.7/site-packages/airflow/example_dags/example_dag_decorator.py for tasks to queue
[2022-08-07 07:42:07,971] {logging_mixin.py:115} INFO - [2022-08-07 07:42:07,971] {dagbag.py:508} INFO - Filling up the DagBag from /Users/pro/Documents/a_env/proj_data/lib/python3.7/site-packages/airflow/example_dags/example_dag_decorator.py
[2022-08-07 07:42:08,014] {processor.py:651} INFO - DAG(s) dict_keys(['example_dag_decorator']) retrieved from /Users/pro/Documents/a_env/proj_data/lib/python3.7/site-packages/airflow/example_dags/example_dag_decorator.py
[2022-08-07 07:42:08,073] {logging_mixin.py:115} INFO - [2022-08-07 07:42:08,073] {dag.py:2420} INFO - Sync 1 DAGs
[2022-08-07 07:42:08,089] {logging_mixin.py:115} INFO - [2022-08-07 07:42:08,089] {dag.py:2972} INFO - Setting next_dagrun for example_dag_decorator to None, run_after=None
[2022-08-07 07:42:08,108] {processor.py:161} INFO - Processing /Users/pro/Documents/a_env/proj_data/lib/python3.7/site-packages/airflow/example_dags/example_dag_decorator.py took 0.144 seconds
[2022-08-07 07:42:44,619] {processor.py:153} INFO - Started process (PID=92397) to work on /Users/pro/Documents/a_env/proj_data/lib/python3.7/site-packages/airflow/example_dags/example_dag_decorator.py
[2022-08-07 07:42:44,621] {processor.py:641} INFO - Processing file /Users/pro/Documents/a_env/proj_data/lib/python3.7/site-packages/airflow/example_dags/example_dag_decorator.py for tasks to queue
[2022-08-07 07:42:44,622] {logging_mixin.py:115} INFO - [2022-08-07 07:42:44,622] {dagbag.py:508} INFO - Filling up the DagBag from /Users/pro/Documents/a_env/proj_data/lib/python3.7/site-packages/airflow/example_dags/example_dag_decorator.py
[2022-08-07 07:42:44,657] {processor.py:651} INFO - DAG(s) dict_keys(['example_dag_decorator']) retrieved from /Users/pro/Documents/a_env/proj_data/lib/python3.7/site-packages/airflow/example_dags/example_dag_decorator.py
[2022-08-07 07:42:44,720] {logging_mixin.py:115} INFO - [2022-08-07 07:42:44,719] {dag.py:2420} INFO - Sync 1 DAGs
[2022-08-07 07:42:44,737] {logging_mixin.py:115} INFO - [2022-08-07 07:42:44,737] {dag.py:2972} INFO - Setting next_dagrun for example_dag_decorator to None, run_after=None
[2022-08-07 07:42:44,754] {processor.py:161} INFO - Processing /Users/pro/Documents/a_env/proj_data/lib/python3.7/site-packages/airflow/example_dags/example_dag_decorator.py took 0.139 seconds
[2022-08-07 07:43:19,798] {processor.py:153} INFO - Started process (PID=92436) to work on /Users/pro/Documents/a_env/proj_data/lib/python3.7/site-packages/airflow/example_dags/example_dag_decorator.py
[2022-08-07 07:43:19,800] {processor.py:641} INFO - Processing file /Users/pro/Documents/a_env/proj_data/lib/python3.7/site-packages/airflow/example_dags/example_dag_decorator.py for tasks to queue
[2022-08-07 07:43:19,801] {logging_mixin.py:115} INFO - [2022-08-07 07:43:19,800] {dagbag.py:508} INFO - Filling up the DagBag from /Users/pro/Documents/a_env/proj_data/lib/python3.7/site-packages/airflow/example_dags/example_dag_decorator.py
[2022-08-07 07:43:19,838] {processor.py:651} INFO - DAG(s) dict_keys(['example_dag_decorator']) retrieved from /Users/pro/Documents/a_env/proj_data/lib/python3.7/site-packages/airflow/example_dags/example_dag_decorator.py
[2022-08-07 07:43:19,869] {logging_mixin.py:115} INFO - [2022-08-07 07:43:19,868] {dag.py:2420} INFO - Sync 1 DAGs
[2022-08-07 07:43:19,894] {logging_mixin.py:115} INFO - [2022-08-07 07:43:19,894] {dag.py:2972} INFO - Setting next_dagrun for example_dag_decorator to None, run_after=None
[2022-08-07 07:43:19,915] {processor.py:161} INFO - Processing /Users/pro/Documents/a_env/proj_data/lib/python3.7/site-packages/airflow/example_dags/example_dag_decorator.py took 0.122 seconds
[2022-08-07 07:43:57,284] {processor.py:153} INFO - Started process (PID=92491) to work on /Users/pro/Documents/a_env/proj_data/lib/python3.7/site-packages/airflow/example_dags/example_dag_decorator.py
[2022-08-07 07:43:57,286] {processor.py:641} INFO - Processing file /Users/pro/Documents/a_env/proj_data/lib/python3.7/site-packages/airflow/example_dags/example_dag_decorator.py for tasks to queue
[2022-08-07 07:43:57,288] {logging_mixin.py:115} INFO - [2022-08-07 07:43:57,287] {dagbag.py:508} INFO - Filling up the DagBag from /Users/pro/Documents/a_env/proj_data/lib/python3.7/site-packages/airflow/example_dags/example_dag_decorator.py
[2022-08-07 07:43:57,328] {processor.py:651} INFO - DAG(s) dict_keys(['example_dag_decorator']) retrieved from /Users/pro/Documents/a_env/proj_data/lib/python3.7/site-packages/airflow/example_dags/example_dag_decorator.py
[2022-08-07 07:43:57,394] {logging_mixin.py:115} INFO - [2022-08-07 07:43:57,394] {dag.py:2420} INFO - Sync 1 DAGs
[2022-08-07 07:43:57,414] {logging_mixin.py:115} INFO - [2022-08-07 07:43:57,414] {dag.py:2972} INFO - Setting next_dagrun for example_dag_decorator to None, run_after=None
[2022-08-07 07:43:57,428] {processor.py:161} INFO - Processing /Users/pro/Documents/a_env/proj_data/lib/python3.7/site-packages/airflow/example_dags/example_dag_decorator.py took 0.148 seconds
[2022-08-07 07:44:34,289] {processor.py:153} INFO - Started process (PID=92531) to work on /Users/pro/Documents/a_env/proj_data/lib/python3.7/site-packages/airflow/example_dags/example_dag_decorator.py
[2022-08-07 07:44:34,291] {processor.py:641} INFO - Processing file /Users/pro/Documents/a_env/proj_data/lib/python3.7/site-packages/airflow/example_dags/example_dag_decorator.py for tasks to queue
[2022-08-07 07:44:34,293] {logging_mixin.py:115} INFO - [2022-08-07 07:44:34,293] {dagbag.py:508} INFO - Filling up the DagBag from /Users/pro/Documents/a_env/proj_data/lib/python3.7/site-packages/airflow/example_dags/example_dag_decorator.py
[2022-08-07 07:44:34,328] {processor.py:651} INFO - DAG(s) dict_keys(['example_dag_decorator']) retrieved from /Users/pro/Documents/a_env/proj_data/lib/python3.7/site-packages/airflow/example_dags/example_dag_decorator.py
[2022-08-07 07:44:34,346] {logging_mixin.py:115} INFO - [2022-08-07 07:44:34,346] {dag.py:2420} INFO - Sync 1 DAGs
[2022-08-07 07:44:34,367] {logging_mixin.py:115} INFO - [2022-08-07 07:44:34,367] {dag.py:2972} INFO - Setting next_dagrun for example_dag_decorator to None, run_after=None
[2022-08-07 07:44:34,381] {processor.py:161} INFO - Processing /Users/pro/Documents/a_env/proj_data/lib/python3.7/site-packages/airflow/example_dags/example_dag_decorator.py took 0.096 seconds
[2022-08-07 07:45:09,569] {processor.py:153} INFO - Started process (PID=92570) to work on /Users/pro/Documents/a_env/proj_data/lib/python3.7/site-packages/airflow/example_dags/example_dag_decorator.py
[2022-08-07 07:45:09,571] {processor.py:641} INFO - Processing file /Users/pro/Documents/a_env/proj_data/lib/python3.7/site-packages/airflow/example_dags/example_dag_decorator.py for tasks to queue
[2022-08-07 07:45:09,572] {logging_mixin.py:115} INFO - [2022-08-07 07:45:09,572] {dagbag.py:508} INFO - Filling up the DagBag from /Users/pro/Documents/a_env/proj_data/lib/python3.7/site-packages/airflow/example_dags/example_dag_decorator.py
[2022-08-07 07:45:09,614] {processor.py:651} INFO - DAG(s) dict_keys(['example_dag_decorator']) retrieved from /Users/pro/Documents/a_env/proj_data/lib/python3.7/site-packages/airflow/example_dags/example_dag_decorator.py
[2022-08-07 07:45:09,675] {logging_mixin.py:115} INFO - [2022-08-07 07:45:09,675] {dag.py:2420} INFO - Sync 1 DAGs
[2022-08-07 07:45:09,691] {logging_mixin.py:115} INFO - [2022-08-07 07:45:09,691] {dag.py:2972} INFO - Setting next_dagrun for example_dag_decorator to None, run_after=None
[2022-08-07 07:45:09,707] {processor.py:161} INFO - Processing /Users/pro/Documents/a_env/proj_data/lib/python3.7/site-packages/airflow/example_dags/example_dag_decorator.py took 0.142 seconds
[2022-08-07 07:45:45,802] {processor.py:153} INFO - Started process (PID=92605) to work on /Users/pro/Documents/a_env/proj_data/lib/python3.7/site-packages/airflow/example_dags/example_dag_decorator.py
[2022-08-07 07:45:45,804] {processor.py:641} INFO - Processing file /Users/pro/Documents/a_env/proj_data/lib/python3.7/site-packages/airflow/example_dags/example_dag_decorator.py for tasks to queue
[2022-08-07 07:45:45,805] {logging_mixin.py:115} INFO - [2022-08-07 07:45:45,805] {dagbag.py:508} INFO - Filling up the DagBag from /Users/pro/Documents/a_env/proj_data/lib/python3.7/site-packages/airflow/example_dags/example_dag_decorator.py
[2022-08-07 07:45:45,840] {processor.py:651} INFO - DAG(s) dict_keys(['example_dag_decorator']) retrieved from /Users/pro/Documents/a_env/proj_data/lib/python3.7/site-packages/airflow/example_dags/example_dag_decorator.py
[2022-08-07 07:45:45,860] {logging_mixin.py:115} INFO - [2022-08-07 07:45:45,859] {dag.py:2420} INFO - Sync 1 DAGs
[2022-08-07 07:45:45,882] {logging_mixin.py:115} INFO - [2022-08-07 07:45:45,881] {dag.py:2972} INFO - Setting next_dagrun for example_dag_decorator to None, run_after=None
[2022-08-07 07:45:45,907] {processor.py:161} INFO - Processing /Users/pro/Documents/a_env/proj_data/lib/python3.7/site-packages/airflow/example_dags/example_dag_decorator.py took 0.110 seconds
[2022-08-07 07:46:21,052] {processor.py:153} INFO - Started process (PID=92643) to work on /Users/pro/Documents/a_env/proj_data/lib/python3.7/site-packages/airflow/example_dags/example_dag_decorator.py
[2022-08-07 07:46:21,054] {processor.py:641} INFO - Processing file /Users/pro/Documents/a_env/proj_data/lib/python3.7/site-packages/airflow/example_dags/example_dag_decorator.py for tasks to queue
[2022-08-07 07:46:21,055] {logging_mixin.py:115} INFO - [2022-08-07 07:46:21,055] {dagbag.py:508} INFO - Filling up the DagBag from /Users/pro/Documents/a_env/proj_data/lib/python3.7/site-packages/airflow/example_dags/example_dag_decorator.py
[2022-08-07 07:46:21,088] {processor.py:651} INFO - DAG(s) dict_keys(['example_dag_decorator']) retrieved from /Users/pro/Documents/a_env/proj_data/lib/python3.7/site-packages/airflow/example_dags/example_dag_decorator.py
[2022-08-07 07:46:21,145] {logging_mixin.py:115} INFO - [2022-08-07 07:46:21,145] {dag.py:2420} INFO - Sync 1 DAGs
[2022-08-07 07:46:21,160] {logging_mixin.py:115} INFO - [2022-08-07 07:46:21,160] {dag.py:2972} INFO - Setting next_dagrun for example_dag_decorator to None, run_after=None
[2022-08-07 07:46:21,173] {processor.py:161} INFO - Processing /Users/pro/Documents/a_env/proj_data/lib/python3.7/site-packages/airflow/example_dags/example_dag_decorator.py took 0.126 seconds
[2022-08-07 07:46:55,788] {processor.py:153} INFO - Started process (PID=92678) to work on /Users/pro/Documents/a_env/proj_data/lib/python3.7/site-packages/airflow/example_dags/example_dag_decorator.py
[2022-08-07 07:46:55,789] {processor.py:641} INFO - Processing file /Users/pro/Documents/a_env/proj_data/lib/python3.7/site-packages/airflow/example_dags/example_dag_decorator.py for tasks to queue
[2022-08-07 07:46:55,790] {logging_mixin.py:115} INFO - [2022-08-07 07:46:55,790] {dagbag.py:508} INFO - Filling up the DagBag from /Users/pro/Documents/a_env/proj_data/lib/python3.7/site-packages/airflow/example_dags/example_dag_decorator.py
[2022-08-07 07:46:55,825] {processor.py:651} INFO - DAG(s) dict_keys(['example_dag_decorator']) retrieved from /Users/pro/Documents/a_env/proj_data/lib/python3.7/site-packages/airflow/example_dags/example_dag_decorator.py
[2022-08-07 07:46:55,886] {logging_mixin.py:115} INFO - [2022-08-07 07:46:55,885] {dag.py:2420} INFO - Sync 1 DAGs
[2022-08-07 07:46:55,902] {logging_mixin.py:115} INFO - [2022-08-07 07:46:55,902] {dag.py:2972} INFO - Setting next_dagrun for example_dag_decorator to None, run_after=None
[2022-08-07 07:46:55,917] {processor.py:161} INFO - Processing /Users/pro/Documents/a_env/proj_data/lib/python3.7/site-packages/airflow/example_dags/example_dag_decorator.py took 0.133 seconds
[2022-08-07 07:47:31,328] {processor.py:153} INFO - Started process (PID=92713) to work on /Users/pro/Documents/a_env/proj_data/lib/python3.7/site-packages/airflow/example_dags/example_dag_decorator.py
[2022-08-07 07:47:31,330] {processor.py:641} INFO - Processing file /Users/pro/Documents/a_env/proj_data/lib/python3.7/site-packages/airflow/example_dags/example_dag_decorator.py for tasks to queue
[2022-08-07 07:47:31,331] {logging_mixin.py:115} INFO - [2022-08-07 07:47:31,331] {dagbag.py:508} INFO - Filling up the DagBag from /Users/pro/Documents/a_env/proj_data/lib/python3.7/site-packages/airflow/example_dags/example_dag_decorator.py
[2022-08-07 07:47:31,367] {processor.py:651} INFO - DAG(s) dict_keys(['example_dag_decorator']) retrieved from /Users/pro/Documents/a_env/proj_data/lib/python3.7/site-packages/airflow/example_dags/example_dag_decorator.py
[2022-08-07 07:47:31,388] {logging_mixin.py:115} INFO - [2022-08-07 07:47:31,387] {dag.py:2420} INFO - Sync 1 DAGs
[2022-08-07 07:47:31,406] {logging_mixin.py:115} INFO - [2022-08-07 07:47:31,405] {dag.py:2972} INFO - Setting next_dagrun for example_dag_decorator to None, run_after=None
[2022-08-07 07:47:31,417] {processor.py:161} INFO - Processing /Users/pro/Documents/a_env/proj_data/lib/python3.7/site-packages/airflow/example_dags/example_dag_decorator.py took 0.093 seconds
[2022-08-07 07:48:03,090] {processor.py:153} INFO - Started process (PID=92754) to work on /Users/pro/Documents/a_env/proj_data/lib/python3.7/site-packages/airflow/example_dags/example_dag_decorator.py
[2022-08-07 07:48:03,091] {processor.py:641} INFO - Processing file /Users/pro/Documents/a_env/proj_data/lib/python3.7/site-packages/airflow/example_dags/example_dag_decorator.py for tasks to queue
[2022-08-07 07:48:03,092] {logging_mixin.py:115} INFO - [2022-08-07 07:48:03,091] {dagbag.py:508} INFO - Filling up the DagBag from /Users/pro/Documents/a_env/proj_data/lib/python3.7/site-packages/airflow/example_dags/example_dag_decorator.py
[2022-08-07 07:48:03,129] {processor.py:651} INFO - DAG(s) dict_keys(['example_dag_decorator']) retrieved from /Users/pro/Documents/a_env/proj_data/lib/python3.7/site-packages/airflow/example_dags/example_dag_decorator.py
[2022-08-07 07:48:03,149] {logging_mixin.py:115} INFO - [2022-08-07 07:48:03,148] {dag.py:2420} INFO - Sync 1 DAGs
[2022-08-07 07:48:03,169] {logging_mixin.py:115} INFO - [2022-08-07 07:48:03,168] {dag.py:2972} INFO - Setting next_dagrun for example_dag_decorator to None, run_after=None
[2022-08-07 07:48:03,181] {processor.py:161} INFO - Processing /Users/pro/Documents/a_env/proj_data/lib/python3.7/site-packages/airflow/example_dags/example_dag_decorator.py took 0.096 seconds
[2022-08-07 07:48:37,913] {processor.py:153} INFO - Started process (PID=92792) to work on /Users/pro/Documents/a_env/proj_data/lib/python3.7/site-packages/airflow/example_dags/example_dag_decorator.py
[2022-08-07 07:48:37,914] {processor.py:641} INFO - Processing file /Users/pro/Documents/a_env/proj_data/lib/python3.7/site-packages/airflow/example_dags/example_dag_decorator.py for tasks to queue
[2022-08-07 07:48:37,915] {logging_mixin.py:115} INFO - [2022-08-07 07:48:37,914] {dagbag.py:508} INFO - Filling up the DagBag from /Users/pro/Documents/a_env/proj_data/lib/python3.7/site-packages/airflow/example_dags/example_dag_decorator.py
[2022-08-07 07:48:37,947] {processor.py:651} INFO - DAG(s) dict_keys(['example_dag_decorator']) retrieved from /Users/pro/Documents/a_env/proj_data/lib/python3.7/site-packages/airflow/example_dags/example_dag_decorator.py
[2022-08-07 07:48:37,967] {logging_mixin.py:115} INFO - [2022-08-07 07:48:37,966] {dag.py:2420} INFO - Sync 1 DAGs
[2022-08-07 07:48:37,985] {logging_mixin.py:115} INFO - [2022-08-07 07:48:37,985] {dag.py:2972} INFO - Setting next_dagrun for example_dag_decorator to None, run_after=None
[2022-08-07 07:48:37,999] {processor.py:161} INFO - Processing /Users/pro/Documents/a_env/proj_data/lib/python3.7/site-packages/airflow/example_dags/example_dag_decorator.py took 0.090 seconds
[2022-08-07 07:49:13,948] {processor.py:153} INFO - Started process (PID=92831) to work on /Users/pro/Documents/a_env/proj_data/lib/python3.7/site-packages/airflow/example_dags/example_dag_decorator.py
[2022-08-07 07:49:13,948] {processor.py:641} INFO - Processing file /Users/pro/Documents/a_env/proj_data/lib/python3.7/site-packages/airflow/example_dags/example_dag_decorator.py for tasks to queue
[2022-08-07 07:49:13,949] {logging_mixin.py:115} INFO - [2022-08-07 07:49:13,949] {dagbag.py:508} INFO - Filling up the DagBag from /Users/pro/Documents/a_env/proj_data/lib/python3.7/site-packages/airflow/example_dags/example_dag_decorator.py
[2022-08-07 07:49:13,982] {processor.py:651} INFO - DAG(s) dict_keys(['example_dag_decorator']) retrieved from /Users/pro/Documents/a_env/proj_data/lib/python3.7/site-packages/airflow/example_dags/example_dag_decorator.py
[2022-08-07 07:49:14,041] {logging_mixin.py:115} INFO - [2022-08-07 07:49:14,041] {dag.py:2420} INFO - Sync 1 DAGs
[2022-08-07 07:49:14,056] {logging_mixin.py:115} INFO - [2022-08-07 07:49:14,056] {dag.py:2972} INFO - Setting next_dagrun for example_dag_decorator to None, run_after=None
[2022-08-07 07:49:14,069] {processor.py:161} INFO - Processing /Users/pro/Documents/a_env/proj_data/lib/python3.7/site-packages/airflow/example_dags/example_dag_decorator.py took 0.126 seconds
[2022-08-07 07:49:50,066] {processor.py:153} INFO - Started process (PID=92871) to work on /Users/pro/Documents/a_env/proj_data/lib/python3.7/site-packages/airflow/example_dags/example_dag_decorator.py
[2022-08-07 07:49:50,068] {processor.py:641} INFO - Processing file /Users/pro/Documents/a_env/proj_data/lib/python3.7/site-packages/airflow/example_dags/example_dag_decorator.py for tasks to queue
[2022-08-07 07:49:50,069] {logging_mixin.py:115} INFO - [2022-08-07 07:49:50,069] {dagbag.py:508} INFO - Filling up the DagBag from /Users/pro/Documents/a_env/proj_data/lib/python3.7/site-packages/airflow/example_dags/example_dag_decorator.py
[2022-08-07 07:49:50,113] {processor.py:651} INFO - DAG(s) dict_keys(['example_dag_decorator']) retrieved from /Users/pro/Documents/a_env/proj_data/lib/python3.7/site-packages/airflow/example_dags/example_dag_decorator.py
[2022-08-07 07:49:50,134] {logging_mixin.py:115} INFO - [2022-08-07 07:49:50,134] {dag.py:2420} INFO - Sync 1 DAGs
[2022-08-07 07:49:50,157] {logging_mixin.py:115} INFO - [2022-08-07 07:49:50,157] {dag.py:2972} INFO - Setting next_dagrun for example_dag_decorator to None, run_after=None
[2022-08-07 07:49:50,172] {processor.py:161} INFO - Processing /Users/pro/Documents/a_env/proj_data/lib/python3.7/site-packages/airflow/example_dags/example_dag_decorator.py took 0.111 seconds
[2022-08-07 07:50:24,940] {processor.py:153} INFO - Started process (PID=92910) to work on /Users/pro/Documents/a_env/proj_data/lib/python3.7/site-packages/airflow/example_dags/example_dag_decorator.py
[2022-08-07 07:50:24,942] {processor.py:641} INFO - Processing file /Users/pro/Documents/a_env/proj_data/lib/python3.7/site-packages/airflow/example_dags/example_dag_decorator.py for tasks to queue
[2022-08-07 07:50:24,943] {logging_mixin.py:115} INFO - [2022-08-07 07:50:24,943] {dagbag.py:508} INFO - Filling up the DagBag from /Users/pro/Documents/a_env/proj_data/lib/python3.7/site-packages/airflow/example_dags/example_dag_decorator.py
[2022-08-07 07:50:24,979] {processor.py:651} INFO - DAG(s) dict_keys(['example_dag_decorator']) retrieved from /Users/pro/Documents/a_env/proj_data/lib/python3.7/site-packages/airflow/example_dags/example_dag_decorator.py
[2022-08-07 07:50:24,999] {logging_mixin.py:115} INFO - [2022-08-07 07:50:24,999] {dag.py:2420} INFO - Sync 1 DAGs
[2022-08-07 07:50:25,017] {logging_mixin.py:115} INFO - [2022-08-07 07:50:25,017] {dag.py:2972} INFO - Setting next_dagrun for example_dag_decorator to None, run_after=None
[2022-08-07 07:50:25,030] {processor.py:161} INFO - Processing /Users/pro/Documents/a_env/proj_data/lib/python3.7/site-packages/airflow/example_dags/example_dag_decorator.py took 0.094 seconds
[2022-08-07 07:51:00,024] {processor.py:153} INFO - Started process (PID=92945) to work on /Users/pro/Documents/a_env/proj_data/lib/python3.7/site-packages/airflow/example_dags/example_dag_decorator.py
[2022-08-07 07:51:00,026] {processor.py:641} INFO - Processing file /Users/pro/Documents/a_env/proj_data/lib/python3.7/site-packages/airflow/example_dags/example_dag_decorator.py for tasks to queue
[2022-08-07 07:51:00,027] {logging_mixin.py:115} INFO - [2022-08-07 07:51:00,027] {dagbag.py:508} INFO - Filling up the DagBag from /Users/pro/Documents/a_env/proj_data/lib/python3.7/site-packages/airflow/example_dags/example_dag_decorator.py
[2022-08-07 07:51:00,063] {processor.py:651} INFO - DAG(s) dict_keys(['example_dag_decorator']) retrieved from /Users/pro/Documents/a_env/proj_data/lib/python3.7/site-packages/airflow/example_dags/example_dag_decorator.py
[2022-08-07 07:51:00,081] {logging_mixin.py:115} INFO - [2022-08-07 07:51:00,080] {dag.py:2420} INFO - Sync 1 DAGs
[2022-08-07 07:51:00,097] {logging_mixin.py:115} INFO - [2022-08-07 07:51:00,097] {dag.py:2972} INFO - Setting next_dagrun for example_dag_decorator to None, run_after=None
[2022-08-07 07:51:00,110] {processor.py:161} INFO - Processing /Users/pro/Documents/a_env/proj_data/lib/python3.7/site-packages/airflow/example_dags/example_dag_decorator.py took 0.091 seconds
[2022-08-07 07:51:33,050] {processor.py:153} INFO - Started process (PID=92980) to work on /Users/pro/Documents/a_env/proj_data/lib/python3.7/site-packages/airflow/example_dags/example_dag_decorator.py
[2022-08-07 07:51:33,051] {processor.py:641} INFO - Processing file /Users/pro/Documents/a_env/proj_data/lib/python3.7/site-packages/airflow/example_dags/example_dag_decorator.py for tasks to queue
[2022-08-07 07:51:33,051] {logging_mixin.py:115} INFO - [2022-08-07 07:51:33,051] {dagbag.py:508} INFO - Filling up the DagBag from /Users/pro/Documents/a_env/proj_data/lib/python3.7/site-packages/airflow/example_dags/example_dag_decorator.py
[2022-08-07 07:51:33,083] {processor.py:651} INFO - DAG(s) dict_keys(['example_dag_decorator']) retrieved from /Users/pro/Documents/a_env/proj_data/lib/python3.7/site-packages/airflow/example_dags/example_dag_decorator.py
[2022-08-07 07:51:33,101] {logging_mixin.py:115} INFO - [2022-08-07 07:51:33,100] {dag.py:2420} INFO - Sync 1 DAGs
[2022-08-07 07:51:33,118] {logging_mixin.py:115} INFO - [2022-08-07 07:51:33,117] {dag.py:2972} INFO - Setting next_dagrun for example_dag_decorator to None, run_after=None
[2022-08-07 07:51:33,129] {processor.py:161} INFO - Processing /Users/pro/Documents/a_env/proj_data/lib/python3.7/site-packages/airflow/example_dags/example_dag_decorator.py took 0.083 seconds
[2022-08-07 07:52:10,027] {processor.py:153} INFO - Started process (PID=93018) to work on /Users/pro/Documents/a_env/proj_data/lib/python3.7/site-packages/airflow/example_dags/example_dag_decorator.py
[2022-08-07 07:52:10,027] {processor.py:641} INFO - Processing file /Users/pro/Documents/a_env/proj_data/lib/python3.7/site-packages/airflow/example_dags/example_dag_decorator.py for tasks to queue
[2022-08-07 07:52:10,028] {logging_mixin.py:115} INFO - [2022-08-07 07:52:10,028] {dagbag.py:508} INFO - Filling up the DagBag from /Users/pro/Documents/a_env/proj_data/lib/python3.7/site-packages/airflow/example_dags/example_dag_decorator.py
[2022-08-07 07:52:10,060] {processor.py:651} INFO - DAG(s) dict_keys(['example_dag_decorator']) retrieved from /Users/pro/Documents/a_env/proj_data/lib/python3.7/site-packages/airflow/example_dags/example_dag_decorator.py
[2022-08-07 07:52:10,078] {logging_mixin.py:115} INFO - [2022-08-07 07:52:10,077] {dag.py:2420} INFO - Sync 1 DAGs
[2022-08-07 07:52:10,095] {logging_mixin.py:115} INFO - [2022-08-07 07:52:10,095] {dag.py:2972} INFO - Setting next_dagrun for example_dag_decorator to None, run_after=None
[2022-08-07 07:52:10,108] {processor.py:161} INFO - Processing /Users/pro/Documents/a_env/proj_data/lib/python3.7/site-packages/airflow/example_dags/example_dag_decorator.py took 0.086 seconds
[2022-08-07 07:52:46,337] {processor.py:153} INFO - Started process (PID=93054) to work on /Users/pro/Documents/a_env/proj_data/lib/python3.7/site-packages/airflow/example_dags/example_dag_decorator.py
[2022-08-07 07:52:46,339] {processor.py:641} INFO - Processing file /Users/pro/Documents/a_env/proj_data/lib/python3.7/site-packages/airflow/example_dags/example_dag_decorator.py for tasks to queue
[2022-08-07 07:52:46,340] {logging_mixin.py:115} INFO - [2022-08-07 07:52:46,340] {dagbag.py:508} INFO - Filling up the DagBag from /Users/pro/Documents/a_env/proj_data/lib/python3.7/site-packages/airflow/example_dags/example_dag_decorator.py
[2022-08-07 07:52:46,400] {processor.py:651} INFO - DAG(s) dict_keys(['example_dag_decorator']) retrieved from /Users/pro/Documents/a_env/proj_data/lib/python3.7/site-packages/airflow/example_dags/example_dag_decorator.py
[2022-08-07 07:52:46,427] {logging_mixin.py:115} INFO - [2022-08-07 07:52:46,427] {dag.py:2420} INFO - Sync 1 DAGs
[2022-08-07 07:52:46,452] {logging_mixin.py:115} INFO - [2022-08-07 07:52:46,452] {dag.py:2972} INFO - Setting next_dagrun for example_dag_decorator to None, run_after=None
[2022-08-07 07:52:46,468] {processor.py:161} INFO - Processing /Users/pro/Documents/a_env/proj_data/lib/python3.7/site-packages/airflow/example_dags/example_dag_decorator.py took 0.136 seconds
[2022-08-07 07:53:20,111] {processor.py:153} INFO - Started process (PID=93105) to work on /Users/pro/Documents/a_env/proj_data/lib/python3.7/site-packages/airflow/example_dags/example_dag_decorator.py
[2022-08-07 07:53:20,112] {processor.py:641} INFO - Processing file /Users/pro/Documents/a_env/proj_data/lib/python3.7/site-packages/airflow/example_dags/example_dag_decorator.py for tasks to queue
[2022-08-07 07:53:20,113] {logging_mixin.py:115} INFO - [2022-08-07 07:53:20,113] {dagbag.py:508} INFO - Filling up the DagBag from /Users/pro/Documents/a_env/proj_data/lib/python3.7/site-packages/airflow/example_dags/example_dag_decorator.py
[2022-08-07 07:53:20,149] {processor.py:651} INFO - DAG(s) dict_keys(['example_dag_decorator']) retrieved from /Users/pro/Documents/a_env/proj_data/lib/python3.7/site-packages/airflow/example_dags/example_dag_decorator.py
[2022-08-07 07:53:20,167] {logging_mixin.py:115} INFO - [2022-08-07 07:53:20,167] {dag.py:2420} INFO - Sync 1 DAGs
[2022-08-07 07:53:20,186] {logging_mixin.py:115} INFO - [2022-08-07 07:53:20,185] {dag.py:2972} INFO - Setting next_dagrun for example_dag_decorator to None, run_after=None
[2022-08-07 07:53:20,198] {processor.py:161} INFO - Processing /Users/pro/Documents/a_env/proj_data/lib/python3.7/site-packages/airflow/example_dags/example_dag_decorator.py took 0.091 seconds
[2022-08-07 07:53:53,814] {processor.py:153} INFO - Started process (PID=93150) to work on /Users/pro/Documents/a_env/proj_data/lib/python3.7/site-packages/airflow/example_dags/example_dag_decorator.py
[2022-08-07 07:53:53,815] {processor.py:641} INFO - Processing file /Users/pro/Documents/a_env/proj_data/lib/python3.7/site-packages/airflow/example_dags/example_dag_decorator.py for tasks to queue
[2022-08-07 07:53:53,817] {logging_mixin.py:115} INFO - [2022-08-07 07:53:53,816] {dagbag.py:508} INFO - Filling up the DagBag from /Users/pro/Documents/a_env/proj_data/lib/python3.7/site-packages/airflow/example_dags/example_dag_decorator.py
[2022-08-07 07:53:53,854] {processor.py:651} INFO - DAG(s) dict_keys(['example_dag_decorator']) retrieved from /Users/pro/Documents/a_env/proj_data/lib/python3.7/site-packages/airflow/example_dags/example_dag_decorator.py
[2022-08-07 07:53:53,916] {logging_mixin.py:115} INFO - [2022-08-07 07:53:53,915] {dag.py:2420} INFO - Sync 1 DAGs
[2022-08-07 07:53:53,931] {logging_mixin.py:115} INFO - [2022-08-07 07:53:53,931] {dag.py:2972} INFO - Setting next_dagrun for example_dag_decorator to None, run_after=None
[2022-08-07 07:53:53,945] {processor.py:161} INFO - Processing /Users/pro/Documents/a_env/proj_data/lib/python3.7/site-packages/airflow/example_dags/example_dag_decorator.py took 0.136 seconds
[2022-08-07 07:54:32,876] {processor.py:153} INFO - Started process (PID=93198) to work on /Users/pro/Documents/a_env/proj_data/lib/python3.7/site-packages/airflow/example_dags/example_dag_decorator.py
[2022-08-07 07:54:32,876] {processor.py:641} INFO - Processing file /Users/pro/Documents/a_env/proj_data/lib/python3.7/site-packages/airflow/example_dags/example_dag_decorator.py for tasks to queue
[2022-08-07 07:54:32,878] {logging_mixin.py:115} INFO - [2022-08-07 07:54:32,877] {dagbag.py:508} INFO - Filling up the DagBag from /Users/pro/Documents/a_env/proj_data/lib/python3.7/site-packages/airflow/example_dags/example_dag_decorator.py
[2022-08-07 07:54:32,913] {processor.py:651} INFO - DAG(s) dict_keys(['example_dag_decorator']) retrieved from /Users/pro/Documents/a_env/proj_data/lib/python3.7/site-packages/airflow/example_dags/example_dag_decorator.py
[2022-08-07 07:54:32,972] {logging_mixin.py:115} INFO - [2022-08-07 07:54:32,972] {dag.py:2420} INFO - Sync 1 DAGs
[2022-08-07 07:54:32,988] {logging_mixin.py:115} INFO - [2022-08-07 07:54:32,988] {dag.py:2972} INFO - Setting next_dagrun for example_dag_decorator to None, run_after=None
[2022-08-07 07:54:33,002] {processor.py:161} INFO - Processing /Users/pro/Documents/a_env/proj_data/lib/python3.7/site-packages/airflow/example_dags/example_dag_decorator.py took 0.131 seconds
[2022-08-07 07:55:08,704] {processor.py:153} INFO - Started process (PID=93239) to work on /Users/pro/Documents/a_env/proj_data/lib/python3.7/site-packages/airflow/example_dags/example_dag_decorator.py
[2022-08-07 07:55:08,706] {processor.py:641} INFO - Processing file /Users/pro/Documents/a_env/proj_data/lib/python3.7/site-packages/airflow/example_dags/example_dag_decorator.py for tasks to queue
[2022-08-07 07:55:08,708] {logging_mixin.py:115} INFO - [2022-08-07 07:55:08,707] {dagbag.py:508} INFO - Filling up the DagBag from /Users/pro/Documents/a_env/proj_data/lib/python3.7/site-packages/airflow/example_dags/example_dag_decorator.py
[2022-08-07 07:55:08,745] {processor.py:651} INFO - DAG(s) dict_keys(['example_dag_decorator']) retrieved from /Users/pro/Documents/a_env/proj_data/lib/python3.7/site-packages/airflow/example_dags/example_dag_decorator.py
[2022-08-07 07:55:08,809] {logging_mixin.py:115} INFO - [2022-08-07 07:55:08,809] {dag.py:2420} INFO - Sync 1 DAGs
[2022-08-07 07:55:08,825] {logging_mixin.py:115} INFO - [2022-08-07 07:55:08,825] {dag.py:2972} INFO - Setting next_dagrun for example_dag_decorator to None, run_after=None
[2022-08-07 07:55:08,838] {processor.py:161} INFO - Processing /Users/pro/Documents/a_env/proj_data/lib/python3.7/site-packages/airflow/example_dags/example_dag_decorator.py took 0.139 seconds
[2022-08-07 07:55:47,289] {processor.py:153} INFO - Started process (PID=93276) to work on /Users/pro/Documents/a_env/proj_data/lib/python3.7/site-packages/airflow/example_dags/example_dag_decorator.py
[2022-08-07 07:55:47,290] {processor.py:641} INFO - Processing file /Users/pro/Documents/a_env/proj_data/lib/python3.7/site-packages/airflow/example_dags/example_dag_decorator.py for tasks to queue
[2022-08-07 07:55:47,291] {logging_mixin.py:115} INFO - [2022-08-07 07:55:47,291] {dagbag.py:508} INFO - Filling up the DagBag from /Users/pro/Documents/a_env/proj_data/lib/python3.7/site-packages/airflow/example_dags/example_dag_decorator.py
[2022-08-07 07:55:47,326] {processor.py:651} INFO - DAG(s) dict_keys(['example_dag_decorator']) retrieved from /Users/pro/Documents/a_env/proj_data/lib/python3.7/site-packages/airflow/example_dags/example_dag_decorator.py
[2022-08-07 07:55:47,393] {logging_mixin.py:115} INFO - [2022-08-07 07:55:47,392] {dag.py:2420} INFO - Sync 1 DAGs
[2022-08-07 07:55:47,409] {logging_mixin.py:115} INFO - [2022-08-07 07:55:47,409] {dag.py:2972} INFO - Setting next_dagrun for example_dag_decorator to None, run_after=None
[2022-08-07 07:55:47,424] {processor.py:161} INFO - Processing /Users/pro/Documents/a_env/proj_data/lib/python3.7/site-packages/airflow/example_dags/example_dag_decorator.py took 0.139 seconds
[2022-08-07 07:56:24,148] {processor.py:153} INFO - Started process (PID=93313) to work on /Users/pro/Documents/a_env/proj_data/lib/python3.7/site-packages/airflow/example_dags/example_dag_decorator.py
[2022-08-07 07:56:24,150] {processor.py:641} INFO - Processing file /Users/pro/Documents/a_env/proj_data/lib/python3.7/site-packages/airflow/example_dags/example_dag_decorator.py for tasks to queue
[2022-08-07 07:56:24,151] {logging_mixin.py:115} INFO - [2022-08-07 07:56:24,151] {dagbag.py:508} INFO - Filling up the DagBag from /Users/pro/Documents/a_env/proj_data/lib/python3.7/site-packages/airflow/example_dags/example_dag_decorator.py
[2022-08-07 07:56:24,185] {processor.py:651} INFO - DAG(s) dict_keys(['example_dag_decorator']) retrieved from /Users/pro/Documents/a_env/proj_data/lib/python3.7/site-packages/airflow/example_dags/example_dag_decorator.py
[2022-08-07 07:56:24,250] {logging_mixin.py:115} INFO - [2022-08-07 07:56:24,249] {dag.py:2420} INFO - Sync 1 DAGs
[2022-08-07 07:56:24,266] {logging_mixin.py:115} INFO - [2022-08-07 07:56:24,265] {dag.py:2972} INFO - Setting next_dagrun for example_dag_decorator to None, run_after=None
[2022-08-07 07:56:24,281] {processor.py:161} INFO - Processing /Users/pro/Documents/a_env/proj_data/lib/python3.7/site-packages/airflow/example_dags/example_dag_decorator.py took 0.138 seconds
[2022-08-07 07:57:01,676] {processor.py:153} INFO - Started process (PID=93355) to work on /Users/pro/Documents/a_env/proj_data/lib/python3.7/site-packages/airflow/example_dags/example_dag_decorator.py
[2022-08-07 07:57:01,678] {processor.py:641} INFO - Processing file /Users/pro/Documents/a_env/proj_data/lib/python3.7/site-packages/airflow/example_dags/example_dag_decorator.py for tasks to queue
[2022-08-07 07:57:01,679] {logging_mixin.py:115} INFO - [2022-08-07 07:57:01,679] {dagbag.py:508} INFO - Filling up the DagBag from /Users/pro/Documents/a_env/proj_data/lib/python3.7/site-packages/airflow/example_dags/example_dag_decorator.py
[2022-08-07 07:57:01,714] {processor.py:651} INFO - DAG(s) dict_keys(['example_dag_decorator']) retrieved from /Users/pro/Documents/a_env/proj_data/lib/python3.7/site-packages/airflow/example_dags/example_dag_decorator.py
[2022-08-07 07:57:01,775] {logging_mixin.py:115} INFO - [2022-08-07 07:57:01,774] {dag.py:2420} INFO - Sync 1 DAGs
[2022-08-07 07:57:01,791] {logging_mixin.py:115} INFO - [2022-08-07 07:57:01,791] {dag.py:2972} INFO - Setting next_dagrun for example_dag_decorator to None, run_after=None
[2022-08-07 07:57:01,806] {processor.py:161} INFO - Processing /Users/pro/Documents/a_env/proj_data/lib/python3.7/site-packages/airflow/example_dags/example_dag_decorator.py took 0.135 seconds
[2022-08-07 07:57:35,799] {processor.py:153} INFO - Started process (PID=93397) to work on /Users/pro/Documents/a_env/proj_data/lib/python3.7/site-packages/airflow/example_dags/example_dag_decorator.py
[2022-08-07 07:57:35,800] {processor.py:641} INFO - Processing file /Users/pro/Documents/a_env/proj_data/lib/python3.7/site-packages/airflow/example_dags/example_dag_decorator.py for tasks to queue
[2022-08-07 07:57:35,801] {logging_mixin.py:115} INFO - [2022-08-07 07:57:35,801] {dagbag.py:508} INFO - Filling up the DagBag from /Users/pro/Documents/a_env/proj_data/lib/python3.7/site-packages/airflow/example_dags/example_dag_decorator.py
[2022-08-07 07:57:35,833] {processor.py:651} INFO - DAG(s) dict_keys(['example_dag_decorator']) retrieved from /Users/pro/Documents/a_env/proj_data/lib/python3.7/site-packages/airflow/example_dags/example_dag_decorator.py
[2022-08-07 07:57:35,891] {logging_mixin.py:115} INFO - [2022-08-07 07:57:35,891] {dag.py:2420} INFO - Sync 1 DAGs
[2022-08-07 07:57:35,906] {logging_mixin.py:115} INFO - [2022-08-07 07:57:35,906] {dag.py:2972} INFO - Setting next_dagrun for example_dag_decorator to None, run_after=None
[2022-08-07 07:57:35,919] {processor.py:161} INFO - Processing /Users/pro/Documents/a_env/proj_data/lib/python3.7/site-packages/airflow/example_dags/example_dag_decorator.py took 0.125 seconds
[2022-08-07 07:58:11,980] {processor.py:153} INFO - Started process (PID=93439) to work on /Users/pro/Documents/a_env/proj_data/lib/python3.7/site-packages/airflow/example_dags/example_dag_decorator.py
[2022-08-07 07:58:11,982] {processor.py:641} INFO - Processing file /Users/pro/Documents/a_env/proj_data/lib/python3.7/site-packages/airflow/example_dags/example_dag_decorator.py for tasks to queue
[2022-08-07 07:58:11,983] {logging_mixin.py:115} INFO - [2022-08-07 07:58:11,983] {dagbag.py:508} INFO - Filling up the DagBag from /Users/pro/Documents/a_env/proj_data/lib/python3.7/site-packages/airflow/example_dags/example_dag_decorator.py
[2022-08-07 07:58:12,018] {processor.py:651} INFO - DAG(s) dict_keys(['example_dag_decorator']) retrieved from /Users/pro/Documents/a_env/proj_data/lib/python3.7/site-packages/airflow/example_dags/example_dag_decorator.py
[2022-08-07 07:58:12,080] {logging_mixin.py:115} INFO - [2022-08-07 07:58:12,080] {dag.py:2420} INFO - Sync 1 DAGs
[2022-08-07 07:58:12,097] {logging_mixin.py:115} INFO - [2022-08-07 07:58:12,096] {dag.py:2972} INFO - Setting next_dagrun for example_dag_decorator to None, run_after=None
[2022-08-07 07:58:12,111] {processor.py:161} INFO - Processing /Users/pro/Documents/a_env/proj_data/lib/python3.7/site-packages/airflow/example_dags/example_dag_decorator.py took 0.135 seconds
[2022-08-07 07:58:51,502] {processor.py:153} INFO - Started process (PID=93478) to work on /Users/pro/Documents/a_env/proj_data/lib/python3.7/site-packages/airflow/example_dags/example_dag_decorator.py
[2022-08-07 07:58:51,503] {processor.py:641} INFO - Processing file /Users/pro/Documents/a_env/proj_data/lib/python3.7/site-packages/airflow/example_dags/example_dag_decorator.py for tasks to queue
[2022-08-07 07:58:51,504] {logging_mixin.py:115} INFO - [2022-08-07 07:58:51,504] {dagbag.py:508} INFO - Filling up the DagBag from /Users/pro/Documents/a_env/proj_data/lib/python3.7/site-packages/airflow/example_dags/example_dag_decorator.py
[2022-08-07 07:58:51,538] {processor.py:651} INFO - DAG(s) dict_keys(['example_dag_decorator']) retrieved from /Users/pro/Documents/a_env/proj_data/lib/python3.7/site-packages/airflow/example_dags/example_dag_decorator.py
[2022-08-07 07:58:51,601] {logging_mixin.py:115} INFO - [2022-08-07 07:58:51,601] {dag.py:2420} INFO - Sync 1 DAGs
[2022-08-07 07:58:51,618] {logging_mixin.py:115} INFO - [2022-08-07 07:58:51,618] {dag.py:2972} INFO - Setting next_dagrun for example_dag_decorator to None, run_after=None
[2022-08-07 07:58:51,633] {processor.py:161} INFO - Processing /Users/pro/Documents/a_env/proj_data/lib/python3.7/site-packages/airflow/example_dags/example_dag_decorator.py took 0.135 seconds
[2022-08-07 07:59:24,148] {processor.py:153} INFO - Started process (PID=93513) to work on /Users/pro/Documents/a_env/proj_data/lib/python3.7/site-packages/airflow/example_dags/example_dag_decorator.py
[2022-08-07 07:59:24,149] {processor.py:641} INFO - Processing file /Users/pro/Documents/a_env/proj_data/lib/python3.7/site-packages/airflow/example_dags/example_dag_decorator.py for tasks to queue
[2022-08-07 07:59:24,150] {logging_mixin.py:115} INFO - [2022-08-07 07:59:24,150] {dagbag.py:508} INFO - Filling up the DagBag from /Users/pro/Documents/a_env/proj_data/lib/python3.7/site-packages/airflow/example_dags/example_dag_decorator.py
[2022-08-07 07:59:24,183] {processor.py:651} INFO - DAG(s) dict_keys(['example_dag_decorator']) retrieved from /Users/pro/Documents/a_env/proj_data/lib/python3.7/site-packages/airflow/example_dags/example_dag_decorator.py
[2022-08-07 07:59:24,236] {logging_mixin.py:115} INFO - [2022-08-07 07:59:24,236] {dag.py:2420} INFO - Sync 1 DAGs
[2022-08-07 07:59:24,251] {logging_mixin.py:115} INFO - [2022-08-07 07:59:24,251] {dag.py:2972} INFO - Setting next_dagrun for example_dag_decorator to None, run_after=None
[2022-08-07 07:59:24,265] {processor.py:161} INFO - Processing /Users/pro/Documents/a_env/proj_data/lib/python3.7/site-packages/airflow/example_dags/example_dag_decorator.py took 0.121 seconds
