[2022-08-06 11:35:26,788] {processor.py:153} INFO - Started process (PID=91282) to work on /Users/pro/Documents/a_env/proj_data/lib/python3.7/site-packages/airflow/example_dags/example_branch_day_of_week_operator.py
[2022-08-06 11:35:26,789] {processor.py:641} INFO - Processing file /Users/pro/Documents/a_env/proj_data/lib/python3.7/site-packages/airflow/example_dags/example_branch_day_of_week_operator.py for tasks to queue
[2022-08-06 11:35:26,790] {logging_mixin.py:115} INFO - [2022-08-06 11:35:26,790] {dagbag.py:508} INFO - Filling up the DagBag from /Users/pro/Documents/a_env/proj_data/lib/python3.7/site-packages/airflow/example_dags/example_branch_day_of_week_operator.py
[2022-08-06 14:35:21,444] {processor.py:651} INFO - DAG(s) dict_keys(['example_weekday_branch_operator']) retrieved from /Users/pro/Documents/a_env/proj_data/lib/python3.7/site-packages/airflow/example_dags/example_branch_day_of_week_operator.py
[2022-08-06 14:35:21,867] {logging_mixin.py:115} INFO - [2022-08-06 14:35:21,865] {dag.py:2420} INFO - Sync 1 DAGs
[2022-08-06 14:35:22,012] {logging_mixin.py:115} INFO - [2022-08-06 14:35:22,011] {dag.py:2972} INFO - Setting next_dagrun for example_weekday_branch_operator to 2022-08-05T00:00:00+00:00, run_after=2022-08-06T00:00:00+00:00
[2022-08-06 14:35:22,123] {processor.py:161} INFO - Processing /Users/pro/Documents/a_env/proj_data/lib/python3.7/site-packages/airflow/example_dags/example_branch_day_of_week_operator.py took 5.488 seconds
[2022-08-06 21:10:04,836] {processor.py:153} INFO - Started process (PID=91571) to work on /Users/pro/Documents/a_env/proj_data/lib/python3.7/site-packages/airflow/example_dags/example_branch_day_of_week_operator.py
[2022-08-06 21:10:04,837] {processor.py:641} INFO - Processing file /Users/pro/Documents/a_env/proj_data/lib/python3.7/site-packages/airflow/example_dags/example_branch_day_of_week_operator.py for tasks to queue
[2022-08-06 21:10:04,838] {logging_mixin.py:115} INFO - [2022-08-06 21:10:04,838] {dagbag.py:508} INFO - Filling up the DagBag from /Users/pro/Documents/a_env/proj_data/lib/python3.7/site-packages/airflow/example_dags/example_branch_day_of_week_operator.py
[2022-08-06 21:10:04,852] {processor.py:651} INFO - DAG(s) dict_keys(['example_weekday_branch_operator']) retrieved from /Users/pro/Documents/a_env/proj_data/lib/python3.7/site-packages/airflow/example_dags/example_branch_day_of_week_operator.py
[2022-08-06 21:10:04,872] {logging_mixin.py:115} INFO - [2022-08-06 21:10:04,871] {dag.py:2420} INFO - Sync 1 DAGs
[2022-08-06 21:10:04,893] {logging_mixin.py:115} INFO - [2022-08-06 21:10:04,893] {dag.py:2972} INFO - Setting next_dagrun for example_weekday_branch_operator to 2022-08-05T00:00:00+00:00, run_after=2022-08-06T00:00:00+00:00
[2022-08-06 21:10:04,906] {processor.py:161} INFO - Processing /Users/pro/Documents/a_env/proj_data/lib/python3.7/site-packages/airflow/example_dags/example_branch_day_of_week_operator.py took 0.074 seconds
[2022-08-06 21:10:39,940] {processor.py:153} INFO - Started process (PID=91616) to work on /Users/pro/Documents/a_env/proj_data/lib/python3.7/site-packages/airflow/example_dags/example_branch_day_of_week_operator.py
[2022-08-06 21:10:39,942] {processor.py:641} INFO - Processing file /Users/pro/Documents/a_env/proj_data/lib/python3.7/site-packages/airflow/example_dags/example_branch_day_of_week_operator.py for tasks to queue
[2022-08-06 21:10:39,943] {logging_mixin.py:115} INFO - [2022-08-06 21:10:39,943] {dagbag.py:508} INFO - Filling up the DagBag from /Users/pro/Documents/a_env/proj_data/lib/python3.7/site-packages/airflow/example_dags/example_branch_day_of_week_operator.py
[2022-08-06 21:10:39,956] {processor.py:651} INFO - DAG(s) dict_keys(['example_weekday_branch_operator']) retrieved from /Users/pro/Documents/a_env/proj_data/lib/python3.7/site-packages/airflow/example_dags/example_branch_day_of_week_operator.py
[2022-08-06 21:10:39,977] {logging_mixin.py:115} INFO - [2022-08-06 21:10:39,977] {dag.py:2420} INFO - Sync 1 DAGs
[2022-08-06 21:10:39,999] {logging_mixin.py:115} INFO - [2022-08-06 21:10:39,999] {dag.py:2972} INFO - Setting next_dagrun for example_weekday_branch_operator to 2022-08-05T00:00:00+00:00, run_after=2022-08-06T00:00:00+00:00
[2022-08-06 21:10:40,015] {processor.py:161} INFO - Processing /Users/pro/Documents/a_env/proj_data/lib/python3.7/site-packages/airflow/example_dags/example_branch_day_of_week_operator.py took 0.080 seconds
[2022-08-06 21:11:14,414] {processor.py:153} INFO - Started process (PID=91665) to work on /Users/pro/Documents/a_env/proj_data/lib/python3.7/site-packages/airflow/example_dags/example_branch_day_of_week_operator.py
[2022-08-06 21:11:14,416] {processor.py:641} INFO - Processing file /Users/pro/Documents/a_env/proj_data/lib/python3.7/site-packages/airflow/example_dags/example_branch_day_of_week_operator.py for tasks to queue
[2022-08-06 21:11:14,417] {logging_mixin.py:115} INFO - [2022-08-06 21:11:14,417] {dagbag.py:508} INFO - Filling up the DagBag from /Users/pro/Documents/a_env/proj_data/lib/python3.7/site-packages/airflow/example_dags/example_branch_day_of_week_operator.py
[2022-08-06 21:11:14,445] {processor.py:651} INFO - DAG(s) dict_keys(['example_weekday_branch_operator']) retrieved from /Users/pro/Documents/a_env/proj_data/lib/python3.7/site-packages/airflow/example_dags/example_branch_day_of_week_operator.py
[2022-08-06 21:11:14,471] {logging_mixin.py:115} INFO - [2022-08-06 21:11:14,471] {dag.py:2420} INFO - Sync 1 DAGs
[2022-08-06 21:11:14,496] {logging_mixin.py:115} INFO - [2022-08-06 21:11:14,495] {dag.py:2972} INFO - Setting next_dagrun for example_weekday_branch_operator to 2022-08-05T00:00:00+00:00, run_after=2022-08-06T00:00:00+00:00
[2022-08-06 21:11:14,513] {processor.py:161} INFO - Processing /Users/pro/Documents/a_env/proj_data/lib/python3.7/site-packages/airflow/example_dags/example_branch_day_of_week_operator.py took 0.104 seconds
[2022-08-06 21:11:51,361] {processor.py:153} INFO - Started process (PID=91714) to work on /Users/pro/Documents/a_env/proj_data/lib/python3.7/site-packages/airflow/example_dags/example_branch_day_of_week_operator.py
[2022-08-06 21:11:51,362] {processor.py:641} INFO - Processing file /Users/pro/Documents/a_env/proj_data/lib/python3.7/site-packages/airflow/example_dags/example_branch_day_of_week_operator.py for tasks to queue
[2022-08-06 21:11:51,363] {logging_mixin.py:115} INFO - [2022-08-06 21:11:51,363] {dagbag.py:508} INFO - Filling up the DagBag from /Users/pro/Documents/a_env/proj_data/lib/python3.7/site-packages/airflow/example_dags/example_branch_day_of_week_operator.py
[2022-08-06 21:11:51,377] {processor.py:651} INFO - DAG(s) dict_keys(['example_weekday_branch_operator']) retrieved from /Users/pro/Documents/a_env/proj_data/lib/python3.7/site-packages/airflow/example_dags/example_branch_day_of_week_operator.py
[2022-08-06 21:11:51,398] {logging_mixin.py:115} INFO - [2022-08-06 21:11:51,397] {dag.py:2420} INFO - Sync 1 DAGs
[2022-08-06 21:11:51,418] {logging_mixin.py:115} INFO - [2022-08-06 21:11:51,418] {dag.py:2972} INFO - Setting next_dagrun for example_weekday_branch_operator to 2022-08-05T00:00:00+00:00, run_after=2022-08-06T00:00:00+00:00
[2022-08-06 21:11:51,432] {processor.py:161} INFO - Processing /Users/pro/Documents/a_env/proj_data/lib/python3.7/site-packages/airflow/example_dags/example_branch_day_of_week_operator.py took 0.076 seconds
[2022-08-07 00:15:07,623] {processor.py:153} INFO - Started process (PID=91856) to work on /Users/pro/Documents/a_env/proj_data/lib/python3.7/site-packages/airflow/example_dags/example_branch_day_of_week_operator.py
[2022-08-07 00:15:07,631] {processor.py:641} INFO - Processing file /Users/pro/Documents/a_env/proj_data/lib/python3.7/site-packages/airflow/example_dags/example_branch_day_of_week_operator.py for tasks to queue
[2022-08-07 00:15:07,640] {logging_mixin.py:115} INFO - [2022-08-07 00:15:07,637] {dagbag.py:508} INFO - Filling up the DagBag from /Users/pro/Documents/a_env/proj_data/lib/python3.7/site-packages/airflow/example_dags/example_branch_day_of_week_operator.py
[2022-08-07 00:15:07,748] {processor.py:651} INFO - DAG(s) dict_keys(['example_weekday_branch_operator']) retrieved from /Users/pro/Documents/a_env/proj_data/lib/python3.7/site-packages/airflow/example_dags/example_branch_day_of_week_operator.py
[2022-08-07 00:15:07,902] {logging_mixin.py:115} INFO - [2022-08-07 00:15:07,899] {dag.py:2420} INFO - Sync 1 DAGs
[2022-08-07 00:15:08,092] {logging_mixin.py:115} INFO - [2022-08-07 00:15:08,090] {dag.py:2972} INFO - Setting next_dagrun for example_weekday_branch_operator to 2022-08-05T00:00:00+00:00, run_after=2022-08-06T00:00:00+00:00
[2022-08-07 00:15:08,192] {processor.py:161} INFO - Processing /Users/pro/Documents/a_env/proj_data/lib/python3.7/site-packages/airflow/example_dags/example_branch_day_of_week_operator.py took 0.600 seconds
[2022-08-07 07:15:08,736] {processor.py:153} INFO - Started process (PID=92012) to work on /Users/pro/Documents/a_env/proj_data/lib/python3.7/site-packages/airflow/example_dags/example_branch_day_of_week_operator.py
[2022-08-07 07:15:08,737] {processor.py:641} INFO - Processing file /Users/pro/Documents/a_env/proj_data/lib/python3.7/site-packages/airflow/example_dags/example_branch_day_of_week_operator.py for tasks to queue
[2022-08-07 07:15:08,738] {logging_mixin.py:115} INFO - [2022-08-07 07:15:08,738] {dagbag.py:508} INFO - Filling up the DagBag from /Users/pro/Documents/a_env/proj_data/lib/python3.7/site-packages/airflow/example_dags/example_branch_day_of_week_operator.py
[2022-08-07 07:15:08,753] {processor.py:651} INFO - DAG(s) dict_keys(['example_weekday_branch_operator']) retrieved from /Users/pro/Documents/a_env/proj_data/lib/python3.7/site-packages/airflow/example_dags/example_branch_day_of_week_operator.py
[2022-08-07 07:15:08,774] {logging_mixin.py:115} INFO - [2022-08-07 07:15:08,774] {dag.py:2420} INFO - Sync 1 DAGs
[2022-08-07 07:15:08,798] {logging_mixin.py:115} INFO - [2022-08-07 07:15:08,797] {dag.py:2972} INFO - Setting next_dagrun for example_weekday_branch_operator to 2022-08-05T00:00:00+00:00, run_after=2022-08-06T00:00:00+00:00
[2022-08-07 07:15:08,809] {processor.py:161} INFO - Processing /Users/pro/Documents/a_env/proj_data/lib/python3.7/site-packages/airflow/example_dags/example_branch_day_of_week_operator.py took 0.077 seconds
[2022-08-07 07:39:17,411] {processor.py:153} INFO - Started process (PID=92095) to work on /Users/pro/Documents/a_env/proj_data/lib/python3.7/site-packages/airflow/example_dags/example_branch_day_of_week_operator.py
[2022-08-07 07:39:17,412] {processor.py:641} INFO - Processing file /Users/pro/Documents/a_env/proj_data/lib/python3.7/site-packages/airflow/example_dags/example_branch_day_of_week_operator.py for tasks to queue
[2022-08-07 07:39:17,413] {logging_mixin.py:115} INFO - [2022-08-07 07:39:17,412] {dagbag.py:508} INFO - Filling up the DagBag from /Users/pro/Documents/a_env/proj_data/lib/python3.7/site-packages/airflow/example_dags/example_branch_day_of_week_operator.py
[2022-08-07 07:39:17,427] {processor.py:651} INFO - DAG(s) dict_keys(['example_weekday_branch_operator']) retrieved from /Users/pro/Documents/a_env/proj_data/lib/python3.7/site-packages/airflow/example_dags/example_branch_day_of_week_operator.py
[2022-08-07 07:39:17,448] {logging_mixin.py:115} INFO - [2022-08-07 07:39:17,447] {dag.py:2420} INFO - Sync 1 DAGs
[2022-08-07 07:39:17,471] {logging_mixin.py:115} INFO - [2022-08-07 07:39:17,471] {dag.py:2972} INFO - Setting next_dagrun for example_weekday_branch_operator to 2022-08-05T00:00:00+00:00, run_after=2022-08-06T00:00:00+00:00
[2022-08-07 07:39:17,484] {processor.py:161} INFO - Processing /Users/pro/Documents/a_env/proj_data/lib/python3.7/site-packages/airflow/example_dags/example_branch_day_of_week_operator.py took 0.078 seconds
[2022-08-07 07:39:54,380] {processor.py:153} INFO - Started process (PID=92176) to work on /Users/pro/Documents/a_env/proj_data/lib/python3.7/site-packages/airflow/example_dags/example_branch_day_of_week_operator.py
[2022-08-07 07:39:54,382] {processor.py:641} INFO - Processing file /Users/pro/Documents/a_env/proj_data/lib/python3.7/site-packages/airflow/example_dags/example_branch_day_of_week_operator.py for tasks to queue
[2022-08-07 07:39:54,383] {logging_mixin.py:115} INFO - [2022-08-07 07:39:54,383] {dagbag.py:508} INFO - Filling up the DagBag from /Users/pro/Documents/a_env/proj_data/lib/python3.7/site-packages/airflow/example_dags/example_branch_day_of_week_operator.py
[2022-08-07 07:39:54,409] {processor.py:651} INFO - DAG(s) dict_keys(['example_weekday_branch_operator']) retrieved from /Users/pro/Documents/a_env/proj_data/lib/python3.7/site-packages/airflow/example_dags/example_branch_day_of_week_operator.py
[2022-08-07 07:39:54,450] {logging_mixin.py:115} INFO - [2022-08-07 07:39:54,450] {dag.py:2420} INFO - Sync 1 DAGs
[2022-08-07 07:39:54,477] {logging_mixin.py:115} INFO - [2022-08-07 07:39:54,476] {dag.py:2972} INFO - Setting next_dagrun for example_weekday_branch_operator to 2022-08-05T00:00:00+00:00, run_after=2022-08-06T00:00:00+00:00
[2022-08-07 07:39:54,489] {processor.py:161} INFO - Processing /Users/pro/Documents/a_env/proj_data/lib/python3.7/site-packages/airflow/example_dags/example_branch_day_of_week_operator.py took 0.116 seconds
[2022-08-07 07:40:30,486] {processor.py:153} INFO - Started process (PID=92231) to work on /Users/pro/Documents/a_env/proj_data/lib/python3.7/site-packages/airflow/example_dags/example_branch_day_of_week_operator.py
[2022-08-07 07:40:30,488] {processor.py:641} INFO - Processing file /Users/pro/Documents/a_env/proj_data/lib/python3.7/site-packages/airflow/example_dags/example_branch_day_of_week_operator.py for tasks to queue
[2022-08-07 07:40:30,489] {logging_mixin.py:115} INFO - [2022-08-07 07:40:30,488] {dagbag.py:508} INFO - Filling up the DagBag from /Users/pro/Documents/a_env/proj_data/lib/python3.7/site-packages/airflow/example_dags/example_branch_day_of_week_operator.py
[2022-08-07 07:40:30,505] {processor.py:651} INFO - DAG(s) dict_keys(['example_weekday_branch_operator']) retrieved from /Users/pro/Documents/a_env/proj_data/lib/python3.7/site-packages/airflow/example_dags/example_branch_day_of_week_operator.py
[2022-08-07 07:40:30,524] {logging_mixin.py:115} INFO - [2022-08-07 07:40:30,524] {dag.py:2420} INFO - Sync 1 DAGs
[2022-08-07 07:40:30,550] {logging_mixin.py:115} INFO - [2022-08-07 07:40:30,550] {dag.py:2972} INFO - Setting next_dagrun for example_weekday_branch_operator to 2022-08-05T00:00:00+00:00, run_after=2022-08-06T00:00:00+00:00
[2022-08-07 07:40:30,563] {processor.py:161} INFO - Processing /Users/pro/Documents/a_env/proj_data/lib/python3.7/site-packages/airflow/example_dags/example_branch_day_of_week_operator.py took 0.082 seconds
[2022-08-07 07:41:07,972] {processor.py:153} INFO - Started process (PID=92285) to work on /Users/pro/Documents/a_env/proj_data/lib/python3.7/site-packages/airflow/example_dags/example_branch_day_of_week_operator.py
[2022-08-07 07:41:07,974] {processor.py:641} INFO - Processing file /Users/pro/Documents/a_env/proj_data/lib/python3.7/site-packages/airflow/example_dags/example_branch_day_of_week_operator.py for tasks to queue
[2022-08-07 07:41:07,978] {logging_mixin.py:115} INFO - [2022-08-07 07:41:07,977] {dagbag.py:508} INFO - Filling up the DagBag from /Users/pro/Documents/a_env/proj_data/lib/python3.7/site-packages/airflow/example_dags/example_branch_day_of_week_operator.py
[2022-08-07 07:41:07,997] {processor.py:651} INFO - DAG(s) dict_keys(['example_weekday_branch_operator']) retrieved from /Users/pro/Documents/a_env/proj_data/lib/python3.7/site-packages/airflow/example_dags/example_branch_day_of_week_operator.py
[2022-08-07 07:41:08,029] {logging_mixin.py:115} INFO - [2022-08-07 07:41:08,028] {dag.py:2420} INFO - Sync 1 DAGs
[2022-08-07 07:41:08,063] {logging_mixin.py:115} INFO - [2022-08-07 07:41:08,062] {dag.py:2972} INFO - Setting next_dagrun for example_weekday_branch_operator to 2022-08-05T00:00:00+00:00, run_after=2022-08-06T00:00:00+00:00
[2022-08-07 07:41:08,076] {processor.py:161} INFO - Processing /Users/pro/Documents/a_env/proj_data/lib/python3.7/site-packages/airflow/example_dags/example_branch_day_of_week_operator.py took 0.110 seconds
[2022-08-07 07:41:41,284] {processor.py:153} INFO - Started process (PID=92332) to work on /Users/pro/Documents/a_env/proj_data/lib/python3.7/site-packages/airflow/example_dags/example_branch_day_of_week_operator.py
[2022-08-07 07:41:41,285] {processor.py:641} INFO - Processing file /Users/pro/Documents/a_env/proj_data/lib/python3.7/site-packages/airflow/example_dags/example_branch_day_of_week_operator.py for tasks to queue
[2022-08-07 07:41:41,286] {logging_mixin.py:115} INFO - [2022-08-07 07:41:41,286] {dagbag.py:508} INFO - Filling up the DagBag from /Users/pro/Documents/a_env/proj_data/lib/python3.7/site-packages/airflow/example_dags/example_branch_day_of_week_operator.py
[2022-08-07 07:41:41,302] {processor.py:651} INFO - DAG(s) dict_keys(['example_weekday_branch_operator']) retrieved from /Users/pro/Documents/a_env/proj_data/lib/python3.7/site-packages/airflow/example_dags/example_branch_day_of_week_operator.py
[2022-08-07 07:41:41,321] {logging_mixin.py:115} INFO - [2022-08-07 07:41:41,321] {dag.py:2420} INFO - Sync 1 DAGs
[2022-08-07 07:41:41,344] {logging_mixin.py:115} INFO - [2022-08-07 07:41:41,344] {dag.py:2972} INFO - Setting next_dagrun for example_weekday_branch_operator to 2022-08-05T00:00:00+00:00, run_after=2022-08-06T00:00:00+00:00
[2022-08-07 07:41:41,356] {processor.py:161} INFO - Processing /Users/pro/Documents/a_env/proj_data/lib/python3.7/site-packages/airflow/example_dags/example_branch_day_of_week_operator.py took 0.076 seconds
[2022-08-07 07:42:19,250] {processor.py:153} INFO - Started process (PID=92371) to work on /Users/pro/Documents/a_env/proj_data/lib/python3.7/site-packages/airflow/example_dags/example_branch_day_of_week_operator.py
[2022-08-07 07:42:19,251] {processor.py:641} INFO - Processing file /Users/pro/Documents/a_env/proj_data/lib/python3.7/site-packages/airflow/example_dags/example_branch_day_of_week_operator.py for tasks to queue
[2022-08-07 07:42:19,252] {logging_mixin.py:115} INFO - [2022-08-07 07:42:19,252] {dagbag.py:508} INFO - Filling up the DagBag from /Users/pro/Documents/a_env/proj_data/lib/python3.7/site-packages/airflow/example_dags/example_branch_day_of_week_operator.py
[2022-08-07 07:42:19,269] {processor.py:651} INFO - DAG(s) dict_keys(['example_weekday_branch_operator']) retrieved from /Users/pro/Documents/a_env/proj_data/lib/python3.7/site-packages/airflow/example_dags/example_branch_day_of_week_operator.py
[2022-08-07 07:42:19,291] {logging_mixin.py:115} INFO - [2022-08-07 07:42:19,290] {dag.py:2420} INFO - Sync 1 DAGs
[2022-08-07 07:42:19,316] {logging_mixin.py:115} INFO - [2022-08-07 07:42:19,316] {dag.py:2972} INFO - Setting next_dagrun for example_weekday_branch_operator to 2022-08-05T00:00:00+00:00, run_after=2022-08-06T00:00:00+00:00
[2022-08-07 07:42:19,330] {processor.py:161} INFO - Processing /Users/pro/Documents/a_env/proj_data/lib/python3.7/site-packages/airflow/example_dags/example_branch_day_of_week_operator.py took 0.085 seconds
[2022-08-07 07:42:54,904] {processor.py:153} INFO - Started process (PID=92410) to work on /Users/pro/Documents/a_env/proj_data/lib/python3.7/site-packages/airflow/example_dags/example_branch_day_of_week_operator.py
[2022-08-07 07:42:54,905] {processor.py:641} INFO - Processing file /Users/pro/Documents/a_env/proj_data/lib/python3.7/site-packages/airflow/example_dags/example_branch_day_of_week_operator.py for tasks to queue
[2022-08-07 07:42:54,906] {logging_mixin.py:115} INFO - [2022-08-07 07:42:54,906] {dagbag.py:508} INFO - Filling up the DagBag from /Users/pro/Documents/a_env/proj_data/lib/python3.7/site-packages/airflow/example_dags/example_branch_day_of_week_operator.py
[2022-08-07 07:42:54,922] {processor.py:651} INFO - DAG(s) dict_keys(['example_weekday_branch_operator']) retrieved from /Users/pro/Documents/a_env/proj_data/lib/python3.7/site-packages/airflow/example_dags/example_branch_day_of_week_operator.py
[2022-08-07 07:42:54,941] {logging_mixin.py:115} INFO - [2022-08-07 07:42:54,940] {dag.py:2420} INFO - Sync 1 DAGs
[2022-08-07 07:42:54,964] {logging_mixin.py:115} INFO - [2022-08-07 07:42:54,964] {dag.py:2972} INFO - Setting next_dagrun for example_weekday_branch_operator to 2022-08-05T00:00:00+00:00, run_after=2022-08-06T00:00:00+00:00
[2022-08-07 07:42:54,977] {processor.py:161} INFO - Processing /Users/pro/Documents/a_env/proj_data/lib/python3.7/site-packages/airflow/example_dags/example_branch_day_of_week_operator.py took 0.077 seconds
[2022-08-07 07:43:32,349] {processor.py:153} INFO - Started process (PID=92451) to work on /Users/pro/Documents/a_env/proj_data/lib/python3.7/site-packages/airflow/example_dags/example_branch_day_of_week_operator.py
[2022-08-07 07:43:32,350] {processor.py:641} INFO - Processing file /Users/pro/Documents/a_env/proj_data/lib/python3.7/site-packages/airflow/example_dags/example_branch_day_of_week_operator.py for tasks to queue
[2022-08-07 07:43:32,351] {logging_mixin.py:115} INFO - [2022-08-07 07:43:32,351] {dagbag.py:508} INFO - Filling up the DagBag from /Users/pro/Documents/a_env/proj_data/lib/python3.7/site-packages/airflow/example_dags/example_branch_day_of_week_operator.py
[2022-08-07 07:43:32,367] {processor.py:651} INFO - DAG(s) dict_keys(['example_weekday_branch_operator']) retrieved from /Users/pro/Documents/a_env/proj_data/lib/python3.7/site-packages/airflow/example_dags/example_branch_day_of_week_operator.py
[2022-08-07 07:43:32,388] {logging_mixin.py:115} INFO - [2022-08-07 07:43:32,388] {dag.py:2420} INFO - Sync 1 DAGs
[2022-08-07 07:43:32,418] {logging_mixin.py:115} INFO - [2022-08-07 07:43:32,418] {dag.py:2972} INFO - Setting next_dagrun for example_weekday_branch_operator to 2022-08-05T00:00:00+00:00, run_after=2022-08-06T00:00:00+00:00
[2022-08-07 07:43:32,434] {processor.py:161} INFO - Processing /Users/pro/Documents/a_env/proj_data/lib/python3.7/site-packages/airflow/example_dags/example_branch_day_of_week_operator.py took 0.090 seconds
[2022-08-07 07:44:08,598] {processor.py:153} INFO - Started process (PID=92504) to work on /Users/pro/Documents/a_env/proj_data/lib/python3.7/site-packages/airflow/example_dags/example_branch_day_of_week_operator.py
[2022-08-07 07:44:08,600] {processor.py:641} INFO - Processing file /Users/pro/Documents/a_env/proj_data/lib/python3.7/site-packages/airflow/example_dags/example_branch_day_of_week_operator.py for tasks to queue
[2022-08-07 07:44:08,601] {logging_mixin.py:115} INFO - [2022-08-07 07:44:08,600] {dagbag.py:508} INFO - Filling up the DagBag from /Users/pro/Documents/a_env/proj_data/lib/python3.7/site-packages/airflow/example_dags/example_branch_day_of_week_operator.py
[2022-08-07 07:44:08,614] {processor.py:651} INFO - DAG(s) dict_keys(['example_weekday_branch_operator']) retrieved from /Users/pro/Documents/a_env/proj_data/lib/python3.7/site-packages/airflow/example_dags/example_branch_day_of_week_operator.py
[2022-08-07 07:44:08,635] {logging_mixin.py:115} INFO - [2022-08-07 07:44:08,634] {dag.py:2420} INFO - Sync 1 DAGs
[2022-08-07 07:44:08,664] {logging_mixin.py:115} INFO - [2022-08-07 07:44:08,664] {dag.py:2972} INFO - Setting next_dagrun for example_weekday_branch_operator to 2022-08-05T00:00:00+00:00, run_after=2022-08-06T00:00:00+00:00
[2022-08-07 07:44:08,678] {processor.py:161} INFO - Processing /Users/pro/Documents/a_env/proj_data/lib/python3.7/site-packages/airflow/example_dags/example_branch_day_of_week_operator.py took 0.086 seconds
[2022-08-07 07:44:46,069] {processor.py:153} INFO - Started process (PID=92542) to work on /Users/pro/Documents/a_env/proj_data/lib/python3.7/site-packages/airflow/example_dags/example_branch_day_of_week_operator.py
[2022-08-07 07:44:46,071] {processor.py:641} INFO - Processing file /Users/pro/Documents/a_env/proj_data/lib/python3.7/site-packages/airflow/example_dags/example_branch_day_of_week_operator.py for tasks to queue
[2022-08-07 07:44:46,073] {logging_mixin.py:115} INFO - [2022-08-07 07:44:46,073] {dagbag.py:508} INFO - Filling up the DagBag from /Users/pro/Documents/a_env/proj_data/lib/python3.7/site-packages/airflow/example_dags/example_branch_day_of_week_operator.py
[2022-08-07 07:44:46,087] {processor.py:651} INFO - DAG(s) dict_keys(['example_weekday_branch_operator']) retrieved from /Users/pro/Documents/a_env/proj_data/lib/python3.7/site-packages/airflow/example_dags/example_branch_day_of_week_operator.py
[2022-08-07 07:44:46,107] {logging_mixin.py:115} INFO - [2022-08-07 07:44:46,107] {dag.py:2420} INFO - Sync 1 DAGs
[2022-08-07 07:44:46,133] {logging_mixin.py:115} INFO - [2022-08-07 07:44:46,133] {dag.py:2972} INFO - Setting next_dagrun for example_weekday_branch_operator to 2022-08-05T00:00:00+00:00, run_after=2022-08-06T00:00:00+00:00
[2022-08-07 07:44:46,146] {processor.py:161} INFO - Processing /Users/pro/Documents/a_env/proj_data/lib/python3.7/site-packages/airflow/example_dags/example_branch_day_of_week_operator.py took 0.081 seconds
[2022-08-07 07:45:22,196] {processor.py:153} INFO - Started process (PID=92582) to work on /Users/pro/Documents/a_env/proj_data/lib/python3.7/site-packages/airflow/example_dags/example_branch_day_of_week_operator.py
[2022-08-07 07:45:22,198] {processor.py:641} INFO - Processing file /Users/pro/Documents/a_env/proj_data/lib/python3.7/site-packages/airflow/example_dags/example_branch_day_of_week_operator.py for tasks to queue
[2022-08-07 07:45:22,199] {logging_mixin.py:115} INFO - [2022-08-07 07:45:22,198] {dagbag.py:508} INFO - Filling up the DagBag from /Users/pro/Documents/a_env/proj_data/lib/python3.7/site-packages/airflow/example_dags/example_branch_day_of_week_operator.py
[2022-08-07 07:45:22,212] {processor.py:651} INFO - DAG(s) dict_keys(['example_weekday_branch_operator']) retrieved from /Users/pro/Documents/a_env/proj_data/lib/python3.7/site-packages/airflow/example_dags/example_branch_day_of_week_operator.py
[2022-08-07 07:45:22,234] {logging_mixin.py:115} INFO - [2022-08-07 07:45:22,234] {dag.py:2420} INFO - Sync 1 DAGs
[2022-08-07 07:45:22,260] {logging_mixin.py:115} INFO - [2022-08-07 07:45:22,260] {dag.py:2972} INFO - Setting next_dagrun for example_weekday_branch_operator to 2022-08-05T00:00:00+00:00, run_after=2022-08-06T00:00:00+00:00
[2022-08-07 07:45:22,275] {processor.py:161} INFO - Processing /Users/pro/Documents/a_env/proj_data/lib/python3.7/site-packages/airflow/example_dags/example_branch_day_of_week_operator.py took 0.083 seconds
[2022-08-07 07:45:58,503] {processor.py:153} INFO - Started process (PID=92618) to work on /Users/pro/Documents/a_env/proj_data/lib/python3.7/site-packages/airflow/example_dags/example_branch_day_of_week_operator.py
[2022-08-07 07:45:58,504] {processor.py:641} INFO - Processing file /Users/pro/Documents/a_env/proj_data/lib/python3.7/site-packages/airflow/example_dags/example_branch_day_of_week_operator.py for tasks to queue
[2022-08-07 07:45:58,506] {logging_mixin.py:115} INFO - [2022-08-07 07:45:58,505] {dagbag.py:508} INFO - Filling up the DagBag from /Users/pro/Documents/a_env/proj_data/lib/python3.7/site-packages/airflow/example_dags/example_branch_day_of_week_operator.py
[2022-08-07 07:45:58,521] {processor.py:651} INFO - DAG(s) dict_keys(['example_weekday_branch_operator']) retrieved from /Users/pro/Documents/a_env/proj_data/lib/python3.7/site-packages/airflow/example_dags/example_branch_day_of_week_operator.py
[2022-08-07 07:45:58,543] {logging_mixin.py:115} INFO - [2022-08-07 07:45:58,543] {dag.py:2420} INFO - Sync 1 DAGs
[2022-08-07 07:45:58,571] {logging_mixin.py:115} INFO - [2022-08-07 07:45:58,571] {dag.py:2972} INFO - Setting next_dagrun for example_weekday_branch_operator to 2022-08-05T00:00:00+00:00, run_after=2022-08-06T00:00:00+00:00
[2022-08-07 07:45:58,584] {processor.py:161} INFO - Processing /Users/pro/Documents/a_env/proj_data/lib/python3.7/site-packages/airflow/example_dags/example_branch_day_of_week_operator.py took 0.088 seconds
[2022-08-07 07:46:31,206] {processor.py:153} INFO - Started process (PID=92653) to work on /Users/pro/Documents/a_env/proj_data/lib/python3.7/site-packages/airflow/example_dags/example_branch_day_of_week_operator.py
[2022-08-07 07:46:31,208] {processor.py:641} INFO - Processing file /Users/pro/Documents/a_env/proj_data/lib/python3.7/site-packages/airflow/example_dags/example_branch_day_of_week_operator.py for tasks to queue
[2022-08-07 07:46:31,209] {logging_mixin.py:115} INFO - [2022-08-07 07:46:31,209] {dagbag.py:508} INFO - Filling up the DagBag from /Users/pro/Documents/a_env/proj_data/lib/python3.7/site-packages/airflow/example_dags/example_branch_day_of_week_operator.py
[2022-08-07 07:46:31,222] {processor.py:651} INFO - DAG(s) dict_keys(['example_weekday_branch_operator']) retrieved from /Users/pro/Documents/a_env/proj_data/lib/python3.7/site-packages/airflow/example_dags/example_branch_day_of_week_operator.py
[2022-08-07 07:46:31,242] {logging_mixin.py:115} INFO - [2022-08-07 07:46:31,242] {dag.py:2420} INFO - Sync 1 DAGs
[2022-08-07 07:46:31,267] {logging_mixin.py:115} INFO - [2022-08-07 07:46:31,266] {dag.py:2972} INFO - Setting next_dagrun for example_weekday_branch_operator to 2022-08-05T00:00:00+00:00, run_after=2022-08-06T00:00:00+00:00
[2022-08-07 07:46:31,278] {processor.py:161} INFO - Processing /Users/pro/Documents/a_env/proj_data/lib/python3.7/site-packages/airflow/example_dags/example_branch_day_of_week_operator.py took 0.076 seconds
[2022-08-07 07:47:08,470] {processor.py:153} INFO - Started process (PID=92691) to work on /Users/pro/Documents/a_env/proj_data/lib/python3.7/site-packages/airflow/example_dags/example_branch_day_of_week_operator.py
[2022-08-07 07:47:08,472] {processor.py:641} INFO - Processing file /Users/pro/Documents/a_env/proj_data/lib/python3.7/site-packages/airflow/example_dags/example_branch_day_of_week_operator.py for tasks to queue
[2022-08-07 07:47:08,473] {logging_mixin.py:115} INFO - [2022-08-07 07:47:08,473] {dagbag.py:508} INFO - Filling up the DagBag from /Users/pro/Documents/a_env/proj_data/lib/python3.7/site-packages/airflow/example_dags/example_branch_day_of_week_operator.py
[2022-08-07 07:47:08,486] {processor.py:651} INFO - DAG(s) dict_keys(['example_weekday_branch_operator']) retrieved from /Users/pro/Documents/a_env/proj_data/lib/python3.7/site-packages/airflow/example_dags/example_branch_day_of_week_operator.py
[2022-08-07 07:47:08,506] {logging_mixin.py:115} INFO - [2022-08-07 07:47:08,506] {dag.py:2420} INFO - Sync 1 DAGs
[2022-08-07 07:47:08,529] {logging_mixin.py:115} INFO - [2022-08-07 07:47:08,529] {dag.py:2972} INFO - Setting next_dagrun for example_weekday_branch_operator to 2022-08-05T00:00:00+00:00, run_after=2022-08-06T00:00:00+00:00
[2022-08-07 07:47:08,544] {processor.py:161} INFO - Processing /Users/pro/Documents/a_env/proj_data/lib/python3.7/site-packages/airflow/example_dags/example_branch_day_of_week_operator.py took 0.078 seconds
[2022-08-07 07:47:42,496] {processor.py:153} INFO - Started process (PID=92726) to work on /Users/pro/Documents/a_env/proj_data/lib/python3.7/site-packages/airflow/example_dags/example_branch_day_of_week_operator.py
[2022-08-07 07:47:42,498] {processor.py:641} INFO - Processing file /Users/pro/Documents/a_env/proj_data/lib/python3.7/site-packages/airflow/example_dags/example_branch_day_of_week_operator.py for tasks to queue
[2022-08-07 07:47:42,499] {logging_mixin.py:115} INFO - [2022-08-07 07:47:42,499] {dagbag.py:508} INFO - Filling up the DagBag from /Users/pro/Documents/a_env/proj_data/lib/python3.7/site-packages/airflow/example_dags/example_branch_day_of_week_operator.py
[2022-08-07 07:47:42,513] {processor.py:651} INFO - DAG(s) dict_keys(['example_weekday_branch_operator']) retrieved from /Users/pro/Documents/a_env/proj_data/lib/python3.7/site-packages/airflow/example_dags/example_branch_day_of_week_operator.py
[2022-08-07 07:47:42,543] {logging_mixin.py:115} INFO - [2022-08-07 07:47:42,542] {dag.py:2420} INFO - Sync 1 DAGs
[2022-08-07 07:47:42,570] {logging_mixin.py:115} INFO - [2022-08-07 07:47:42,569] {dag.py:2972} INFO - Setting next_dagrun for example_weekday_branch_operator to 2022-08-05T00:00:00+00:00, run_after=2022-08-06T00:00:00+00:00
[2022-08-07 07:47:42,587] {processor.py:161} INFO - Processing /Users/pro/Documents/a_env/proj_data/lib/python3.7/site-packages/airflow/example_dags/example_branch_day_of_week_operator.py took 0.096 seconds
[2022-08-07 07:48:17,011] {processor.py:153} INFO - Started process (PID=92767) to work on /Users/pro/Documents/a_env/proj_data/lib/python3.7/site-packages/airflow/example_dags/example_branch_day_of_week_operator.py
[2022-08-07 07:48:17,012] {processor.py:641} INFO - Processing file /Users/pro/Documents/a_env/proj_data/lib/python3.7/site-packages/airflow/example_dags/example_branch_day_of_week_operator.py for tasks to queue
[2022-08-07 07:48:17,013] {logging_mixin.py:115} INFO - [2022-08-07 07:48:17,013] {dagbag.py:508} INFO - Filling up the DagBag from /Users/pro/Documents/a_env/proj_data/lib/python3.7/site-packages/airflow/example_dags/example_branch_day_of_week_operator.py
[2022-08-07 07:48:17,025] {processor.py:651} INFO - DAG(s) dict_keys(['example_weekday_branch_operator']) retrieved from /Users/pro/Documents/a_env/proj_data/lib/python3.7/site-packages/airflow/example_dags/example_branch_day_of_week_operator.py
[2022-08-07 07:48:17,045] {logging_mixin.py:115} INFO - [2022-08-07 07:48:17,044] {dag.py:2420} INFO - Sync 1 DAGs
[2022-08-07 07:48:17,067] {logging_mixin.py:115} INFO - [2022-08-07 07:48:17,067] {dag.py:2972} INFO - Setting next_dagrun for example_weekday_branch_operator to 2022-08-05T00:00:00+00:00, run_after=2022-08-06T00:00:00+00:00
[2022-08-07 07:48:17,081] {processor.py:161} INFO - Processing /Users/pro/Documents/a_env/proj_data/lib/python3.7/site-packages/airflow/example_dags/example_branch_day_of_week_operator.py took 0.074 seconds
[2022-08-07 07:48:50,798] {processor.py:153} INFO - Started process (PID=92805) to work on /Users/pro/Documents/a_env/proj_data/lib/python3.7/site-packages/airflow/example_dags/example_branch_day_of_week_operator.py
[2022-08-07 07:48:50,799] {processor.py:641} INFO - Processing file /Users/pro/Documents/a_env/proj_data/lib/python3.7/site-packages/airflow/example_dags/example_branch_day_of_week_operator.py for tasks to queue
[2022-08-07 07:48:50,800] {logging_mixin.py:115} INFO - [2022-08-07 07:48:50,800] {dagbag.py:508} INFO - Filling up the DagBag from /Users/pro/Documents/a_env/proj_data/lib/python3.7/site-packages/airflow/example_dags/example_branch_day_of_week_operator.py
[2022-08-07 07:48:50,814] {processor.py:651} INFO - DAG(s) dict_keys(['example_weekday_branch_operator']) retrieved from /Users/pro/Documents/a_env/proj_data/lib/python3.7/site-packages/airflow/example_dags/example_branch_day_of_week_operator.py
[2022-08-07 07:48:50,833] {logging_mixin.py:115} INFO - [2022-08-07 07:48:50,833] {dag.py:2420} INFO - Sync 1 DAGs
[2022-08-07 07:48:50,856] {logging_mixin.py:115} INFO - [2022-08-07 07:48:50,856] {dag.py:2972} INFO - Setting next_dagrun for example_weekday_branch_operator to 2022-08-05T00:00:00+00:00, run_after=2022-08-06T00:00:00+00:00
[2022-08-07 07:48:50,870] {processor.py:161} INFO - Processing /Users/pro/Documents/a_env/proj_data/lib/python3.7/site-packages/airflow/example_dags/example_branch_day_of_week_operator.py took 0.078 seconds
[2022-08-07 07:49:29,267] {processor.py:153} INFO - Started process (PID=92850) to work on /Users/pro/Documents/a_env/proj_data/lib/python3.7/site-packages/airflow/example_dags/example_branch_day_of_week_operator.py
[2022-08-07 07:49:29,269] {processor.py:641} INFO - Processing file /Users/pro/Documents/a_env/proj_data/lib/python3.7/site-packages/airflow/example_dags/example_branch_day_of_week_operator.py for tasks to queue
[2022-08-07 07:49:29,270] {logging_mixin.py:115} INFO - [2022-08-07 07:49:29,269] {dagbag.py:508} INFO - Filling up the DagBag from /Users/pro/Documents/a_env/proj_data/lib/python3.7/site-packages/airflow/example_dags/example_branch_day_of_week_operator.py
[2022-08-07 07:49:29,286] {processor.py:651} INFO - DAG(s) dict_keys(['example_weekday_branch_operator']) retrieved from /Users/pro/Documents/a_env/proj_data/lib/python3.7/site-packages/airflow/example_dags/example_branch_day_of_week_operator.py
[2022-08-07 07:49:29,304] {logging_mixin.py:115} INFO - [2022-08-07 07:49:29,304] {dag.py:2420} INFO - Sync 1 DAGs
[2022-08-07 07:49:29,335] {logging_mixin.py:115} INFO - [2022-08-07 07:49:29,335] {dag.py:2972} INFO - Setting next_dagrun for example_weekday_branch_operator to 2022-08-05T00:00:00+00:00, run_after=2022-08-06T00:00:00+00:00
[2022-08-07 07:49:29,349] {processor.py:161} INFO - Processing /Users/pro/Documents/a_env/proj_data/lib/python3.7/site-packages/airflow/example_dags/example_branch_day_of_week_operator.py took 0.086 seconds
[2022-08-07 07:50:03,116] {processor.py:153} INFO - Started process (PID=92886) to work on /Users/pro/Documents/a_env/proj_data/lib/python3.7/site-packages/airflow/example_dags/example_branch_day_of_week_operator.py
[2022-08-07 07:50:03,118] {processor.py:641} INFO - Processing file /Users/pro/Documents/a_env/proj_data/lib/python3.7/site-packages/airflow/example_dags/example_branch_day_of_week_operator.py for tasks to queue
[2022-08-07 07:50:03,119] {logging_mixin.py:115} INFO - [2022-08-07 07:50:03,118] {dagbag.py:508} INFO - Filling up the DagBag from /Users/pro/Documents/a_env/proj_data/lib/python3.7/site-packages/airflow/example_dags/example_branch_day_of_week_operator.py
[2022-08-07 07:50:03,136] {processor.py:651} INFO - DAG(s) dict_keys(['example_weekday_branch_operator']) retrieved from /Users/pro/Documents/a_env/proj_data/lib/python3.7/site-packages/airflow/example_dags/example_branch_day_of_week_operator.py
[2022-08-07 07:50:03,155] {logging_mixin.py:115} INFO - [2022-08-07 07:50:03,155] {dag.py:2420} INFO - Sync 1 DAGs
[2022-08-07 07:50:03,180] {logging_mixin.py:115} INFO - [2022-08-07 07:50:03,180] {dag.py:2972} INFO - Setting next_dagrun for example_weekday_branch_operator to 2022-08-05T00:00:00+00:00, run_after=2022-08-06T00:00:00+00:00
[2022-08-07 07:50:03,202] {processor.py:161} INFO - Processing /Users/pro/Documents/a_env/proj_data/lib/python3.7/site-packages/airflow/example_dags/example_branch_day_of_week_operator.py took 0.090 seconds
[2022-08-07 07:50:40,473] {processor.py:153} INFO - Started process (PID=92926) to work on /Users/pro/Documents/a_env/proj_data/lib/python3.7/site-packages/airflow/example_dags/example_branch_day_of_week_operator.py
[2022-08-07 07:50:40,474] {processor.py:641} INFO - Processing file /Users/pro/Documents/a_env/proj_data/lib/python3.7/site-packages/airflow/example_dags/example_branch_day_of_week_operator.py for tasks to queue
[2022-08-07 07:50:40,476] {logging_mixin.py:115} INFO - [2022-08-07 07:50:40,475] {dagbag.py:508} INFO - Filling up the DagBag from /Users/pro/Documents/a_env/proj_data/lib/python3.7/site-packages/airflow/example_dags/example_branch_day_of_week_operator.py
[2022-08-07 07:50:40,494] {processor.py:651} INFO - DAG(s) dict_keys(['example_weekday_branch_operator']) retrieved from /Users/pro/Documents/a_env/proj_data/lib/python3.7/site-packages/airflow/example_dags/example_branch_day_of_week_operator.py
[2022-08-07 07:50:40,528] {logging_mixin.py:115} INFO - [2022-08-07 07:50:40,527] {dag.py:2420} INFO - Sync 1 DAGs
[2022-08-07 07:50:40,571] {logging_mixin.py:115} INFO - [2022-08-07 07:50:40,571] {dag.py:2972} INFO - Setting next_dagrun for example_weekday_branch_operator to 2022-08-05T00:00:00+00:00, run_after=2022-08-06T00:00:00+00:00
[2022-08-07 07:50:40,588] {processor.py:161} INFO - Processing /Users/pro/Documents/a_env/proj_data/lib/python3.7/site-packages/airflow/example_dags/example_branch_day_of_week_operator.py took 0.119 seconds
[2022-08-07 07:51:15,454] {processor.py:153} INFO - Started process (PID=92961) to work on /Users/pro/Documents/a_env/proj_data/lib/python3.7/site-packages/airflow/example_dags/example_branch_day_of_week_operator.py
[2022-08-07 07:51:15,455] {processor.py:641} INFO - Processing file /Users/pro/Documents/a_env/proj_data/lib/python3.7/site-packages/airflow/example_dags/example_branch_day_of_week_operator.py for tasks to queue
[2022-08-07 07:51:15,456] {logging_mixin.py:115} INFO - [2022-08-07 07:51:15,456] {dagbag.py:508} INFO - Filling up the DagBag from /Users/pro/Documents/a_env/proj_data/lib/python3.7/site-packages/airflow/example_dags/example_branch_day_of_week_operator.py
[2022-08-07 07:51:15,471] {processor.py:651} INFO - DAG(s) dict_keys(['example_weekday_branch_operator']) retrieved from /Users/pro/Documents/a_env/proj_data/lib/python3.7/site-packages/airflow/example_dags/example_branch_day_of_week_operator.py
[2022-08-07 07:51:15,490] {logging_mixin.py:115} INFO - [2022-08-07 07:51:15,490] {dag.py:2420} INFO - Sync 1 DAGs
[2022-08-07 07:51:15,512] {logging_mixin.py:115} INFO - [2022-08-07 07:51:15,512] {dag.py:2972} INFO - Setting next_dagrun for example_weekday_branch_operator to 2022-08-05T00:00:00+00:00, run_after=2022-08-06T00:00:00+00:00
[2022-08-07 07:51:15,525] {processor.py:161} INFO - Processing /Users/pro/Documents/a_env/proj_data/lib/python3.7/site-packages/airflow/example_dags/example_branch_day_of_week_operator.py took 0.076 seconds
[2022-08-07 07:51:51,352] {processor.py:153} INFO - Started process (PID=92999) to work on /Users/pro/Documents/a_env/proj_data/lib/python3.7/site-packages/airflow/example_dags/example_branch_day_of_week_operator.py
[2022-08-07 07:51:51,353] {processor.py:641} INFO - Processing file /Users/pro/Documents/a_env/proj_data/lib/python3.7/site-packages/airflow/example_dags/example_branch_day_of_week_operator.py for tasks to queue
[2022-08-07 07:51:51,354] {logging_mixin.py:115} INFO - [2022-08-07 07:51:51,354] {dagbag.py:508} INFO - Filling up the DagBag from /Users/pro/Documents/a_env/proj_data/lib/python3.7/site-packages/airflow/example_dags/example_branch_day_of_week_operator.py
[2022-08-07 07:51:51,371] {processor.py:651} INFO - DAG(s) dict_keys(['example_weekday_branch_operator']) retrieved from /Users/pro/Documents/a_env/proj_data/lib/python3.7/site-packages/airflow/example_dags/example_branch_day_of_week_operator.py
[2022-08-07 07:51:51,389] {logging_mixin.py:115} INFO - [2022-08-07 07:51:51,388] {dag.py:2420} INFO - Sync 1 DAGs
[2022-08-07 07:51:51,410] {logging_mixin.py:115} INFO - [2022-08-07 07:51:51,410] {dag.py:2972} INFO - Setting next_dagrun for example_weekday_branch_operator to 2022-08-05T00:00:00+00:00, run_after=2022-08-06T00:00:00+00:00
[2022-08-07 07:51:51,422] {processor.py:161} INFO - Processing /Users/pro/Documents/a_env/proj_data/lib/python3.7/site-packages/airflow/example_dags/example_branch_day_of_week_operator.py took 0.074 seconds
[2022-08-07 07:52:26,161] {processor.py:153} INFO - Started process (PID=93034) to work on /Users/pro/Documents/a_env/proj_data/lib/python3.7/site-packages/airflow/example_dags/example_branch_day_of_week_operator.py
[2022-08-07 07:52:26,162] {processor.py:641} INFO - Processing file /Users/pro/Documents/a_env/proj_data/lib/python3.7/site-packages/airflow/example_dags/example_branch_day_of_week_operator.py for tasks to queue
[2022-08-07 07:52:26,164] {logging_mixin.py:115} INFO - [2022-08-07 07:52:26,163] {dagbag.py:508} INFO - Filling up the DagBag from /Users/pro/Documents/a_env/proj_data/lib/python3.7/site-packages/airflow/example_dags/example_branch_day_of_week_operator.py
[2022-08-07 07:52:26,179] {processor.py:651} INFO - DAG(s) dict_keys(['example_weekday_branch_operator']) retrieved from /Users/pro/Documents/a_env/proj_data/lib/python3.7/site-packages/airflow/example_dags/example_branch_day_of_week_operator.py
[2022-08-07 07:52:26,201] {logging_mixin.py:115} INFO - [2022-08-07 07:52:26,201] {dag.py:2420} INFO - Sync 1 DAGs
[2022-08-07 07:52:26,227] {logging_mixin.py:115} INFO - [2022-08-07 07:52:26,227] {dag.py:2972} INFO - Setting next_dagrun for example_weekday_branch_operator to 2022-08-05T00:00:00+00:00, run_after=2022-08-06T00:00:00+00:00
[2022-08-07 07:52:26,241] {processor.py:161} INFO - Processing /Users/pro/Documents/a_env/proj_data/lib/python3.7/site-packages/airflow/example_dags/example_branch_day_of_week_operator.py took 0.087 seconds
[2022-08-07 07:53:03,437] {processor.py:153} INFO - Started process (PID=93076) to work on /Users/pro/Documents/a_env/proj_data/lib/python3.7/site-packages/airflow/example_dags/example_branch_day_of_week_operator.py
[2022-08-07 07:53:03,438] {processor.py:641} INFO - Processing file /Users/pro/Documents/a_env/proj_data/lib/python3.7/site-packages/airflow/example_dags/example_branch_day_of_week_operator.py for tasks to queue
[2022-08-07 07:53:03,439] {logging_mixin.py:115} INFO - [2022-08-07 07:53:03,439] {dagbag.py:508} INFO - Filling up the DagBag from /Users/pro/Documents/a_env/proj_data/lib/python3.7/site-packages/airflow/example_dags/example_branch_day_of_week_operator.py
[2022-08-07 07:53:03,455] {processor.py:651} INFO - DAG(s) dict_keys(['example_weekday_branch_operator']) retrieved from /Users/pro/Documents/a_env/proj_data/lib/python3.7/site-packages/airflow/example_dags/example_branch_day_of_week_operator.py
[2022-08-07 07:53:03,474] {logging_mixin.py:115} INFO - [2022-08-07 07:53:03,474] {dag.py:2420} INFO - Sync 1 DAGs
[2022-08-07 07:53:03,500] {logging_mixin.py:115} INFO - [2022-08-07 07:53:03,500] {dag.py:2972} INFO - Setting next_dagrun for example_weekday_branch_operator to 2022-08-05T00:00:00+00:00, run_after=2022-08-06T00:00:00+00:00
[2022-08-07 07:53:03,512] {processor.py:161} INFO - Processing /Users/pro/Documents/a_env/proj_data/lib/python3.7/site-packages/airflow/example_dags/example_branch_day_of_week_operator.py took 0.080 seconds
[2022-08-07 07:53:42,970] {processor.py:153} INFO - Started process (PID=93135) to work on /Users/pro/Documents/a_env/proj_data/lib/python3.7/site-packages/airflow/example_dags/example_branch_day_of_week_operator.py
[2022-08-07 07:53:42,971] {processor.py:641} INFO - Processing file /Users/pro/Documents/a_env/proj_data/lib/python3.7/site-packages/airflow/example_dags/example_branch_day_of_week_operator.py for tasks to queue
[2022-08-07 07:53:42,972] {logging_mixin.py:115} INFO - [2022-08-07 07:53:42,972] {dagbag.py:508} INFO - Filling up the DagBag from /Users/pro/Documents/a_env/proj_data/lib/python3.7/site-packages/airflow/example_dags/example_branch_day_of_week_operator.py
[2022-08-07 07:53:42,991] {processor.py:651} INFO - DAG(s) dict_keys(['example_weekday_branch_operator']) retrieved from /Users/pro/Documents/a_env/proj_data/lib/python3.7/site-packages/airflow/example_dags/example_branch_day_of_week_operator.py
[2022-08-07 07:53:43,021] {logging_mixin.py:115} INFO - [2022-08-07 07:53:43,020] {dag.py:2420} INFO - Sync 1 DAGs
[2022-08-07 07:53:43,051] {logging_mixin.py:115} INFO - [2022-08-07 07:53:43,051] {dag.py:2972} INFO - Setting next_dagrun for example_weekday_branch_operator to 2022-08-05T00:00:00+00:00, run_after=2022-08-06T00:00:00+00:00
[2022-08-07 07:53:43,065] {processor.py:161} INFO - Processing /Users/pro/Documents/a_env/proj_data/lib/python3.7/site-packages/airflow/example_dags/example_branch_day_of_week_operator.py took 0.100 seconds
[2022-08-07 07:54:16,783] {processor.py:153} INFO - Started process (PID=93182) to work on /Users/pro/Documents/a_env/proj_data/lib/python3.7/site-packages/airflow/example_dags/example_branch_day_of_week_operator.py
[2022-08-07 07:54:16,785] {processor.py:641} INFO - Processing file /Users/pro/Documents/a_env/proj_data/lib/python3.7/site-packages/airflow/example_dags/example_branch_day_of_week_operator.py for tasks to queue
[2022-08-07 07:54:16,787] {logging_mixin.py:115} INFO - [2022-08-07 07:54:16,786] {dagbag.py:508} INFO - Filling up the DagBag from /Users/pro/Documents/a_env/proj_data/lib/python3.7/site-packages/airflow/example_dags/example_branch_day_of_week_operator.py
[2022-08-07 07:54:16,801] {processor.py:651} INFO - DAG(s) dict_keys(['example_weekday_branch_operator']) retrieved from /Users/pro/Documents/a_env/proj_data/lib/python3.7/site-packages/airflow/example_dags/example_branch_day_of_week_operator.py
[2022-08-07 07:54:16,826] {logging_mixin.py:115} INFO - [2022-08-07 07:54:16,826] {dag.py:2420} INFO - Sync 1 DAGs
[2022-08-07 07:54:16,848] {logging_mixin.py:115} INFO - [2022-08-07 07:54:16,848] {dag.py:2972} INFO - Setting next_dagrun for example_weekday_branch_operator to 2022-08-05T00:00:00+00:00, run_after=2022-08-06T00:00:00+00:00
[2022-08-07 07:54:16,864] {processor.py:161} INFO - Processing /Users/pro/Documents/a_env/proj_data/lib/python3.7/site-packages/airflow/example_dags/example_branch_day_of_week_operator.py took 0.085 seconds
[2022-08-07 07:54:54,410] {processor.py:153} INFO - Started process (PID=93224) to work on /Users/pro/Documents/a_env/proj_data/lib/python3.7/site-packages/airflow/example_dags/example_branch_day_of_week_operator.py
[2022-08-07 07:54:54,411] {processor.py:641} INFO - Processing file /Users/pro/Documents/a_env/proj_data/lib/python3.7/site-packages/airflow/example_dags/example_branch_day_of_week_operator.py for tasks to queue
[2022-08-07 07:54:54,413] {logging_mixin.py:115} INFO - [2022-08-07 07:54:54,412] {dagbag.py:508} INFO - Filling up the DagBag from /Users/pro/Documents/a_env/proj_data/lib/python3.7/site-packages/airflow/example_dags/example_branch_day_of_week_operator.py
[2022-08-07 07:54:54,427] {processor.py:651} INFO - DAG(s) dict_keys(['example_weekday_branch_operator']) retrieved from /Users/pro/Documents/a_env/proj_data/lib/python3.7/site-packages/airflow/example_dags/example_branch_day_of_week_operator.py
[2022-08-07 07:54:54,450] {logging_mixin.py:115} INFO - [2022-08-07 07:54:54,449] {dag.py:2420} INFO - Sync 1 DAGs
[2022-08-07 07:54:54,470] {logging_mixin.py:115} INFO - [2022-08-07 07:54:54,470] {dag.py:2972} INFO - Setting next_dagrun for example_weekday_branch_operator to 2022-08-05T00:00:00+00:00, run_after=2022-08-06T00:00:00+00:00
[2022-08-07 07:54:54,483] {processor.py:161} INFO - Processing /Users/pro/Documents/a_env/proj_data/lib/python3.7/site-packages/airflow/example_dags/example_branch_day_of_week_operator.py took 0.077 seconds
[2022-08-07 07:55:30,312] {processor.py:153} INFO - Started process (PID=93260) to work on /Users/pro/Documents/a_env/proj_data/lib/python3.7/site-packages/airflow/example_dags/example_branch_day_of_week_operator.py
[2022-08-07 07:55:30,314] {processor.py:641} INFO - Processing file /Users/pro/Documents/a_env/proj_data/lib/python3.7/site-packages/airflow/example_dags/example_branch_day_of_week_operator.py for tasks to queue
[2022-08-07 07:55:30,316] {logging_mixin.py:115} INFO - [2022-08-07 07:55:30,315] {dagbag.py:508} INFO - Filling up the DagBag from /Users/pro/Documents/a_env/proj_data/lib/python3.7/site-packages/airflow/example_dags/example_branch_day_of_week_operator.py
[2022-08-07 07:55:30,329] {processor.py:651} INFO - DAG(s) dict_keys(['example_weekday_branch_operator']) retrieved from /Users/pro/Documents/a_env/proj_data/lib/python3.7/site-packages/airflow/example_dags/example_branch_day_of_week_operator.py
[2022-08-07 07:55:30,353] {logging_mixin.py:115} INFO - [2022-08-07 07:55:30,353] {dag.py:2420} INFO - Sync 1 DAGs
[2022-08-07 07:55:30,374] {logging_mixin.py:115} INFO - [2022-08-07 07:55:30,374] {dag.py:2972} INFO - Setting next_dagrun for example_weekday_branch_operator to 2022-08-05T00:00:00+00:00, run_after=2022-08-06T00:00:00+00:00
[2022-08-07 07:55:30,387] {processor.py:161} INFO - Processing /Users/pro/Documents/a_env/proj_data/lib/python3.7/site-packages/airflow/example_dags/example_branch_day_of_week_operator.py took 0.079 seconds
[2022-08-07 07:56:06,541] {processor.py:153} INFO - Started process (PID=93295) to work on /Users/pro/Documents/a_env/proj_data/lib/python3.7/site-packages/airflow/example_dags/example_branch_day_of_week_operator.py
[2022-08-07 07:56:06,542] {processor.py:641} INFO - Processing file /Users/pro/Documents/a_env/proj_data/lib/python3.7/site-packages/airflow/example_dags/example_branch_day_of_week_operator.py for tasks to queue
[2022-08-07 07:56:06,544] {logging_mixin.py:115} INFO - [2022-08-07 07:56:06,543] {dagbag.py:508} INFO - Filling up the DagBag from /Users/pro/Documents/a_env/proj_data/lib/python3.7/site-packages/airflow/example_dags/example_branch_day_of_week_operator.py
[2022-08-07 07:56:06,556] {processor.py:651} INFO - DAG(s) dict_keys(['example_weekday_branch_operator']) retrieved from /Users/pro/Documents/a_env/proj_data/lib/python3.7/site-packages/airflow/example_dags/example_branch_day_of_week_operator.py
[2022-08-07 07:56:06,585] {logging_mixin.py:115} INFO - [2022-08-07 07:56:06,585] {dag.py:2420} INFO - Sync 1 DAGs
[2022-08-07 07:56:06,609] {logging_mixin.py:115} INFO - [2022-08-07 07:56:06,608] {dag.py:2972} INFO - Setting next_dagrun for example_weekday_branch_operator to 2022-08-05T00:00:00+00:00, run_after=2022-08-06T00:00:00+00:00
[2022-08-07 07:56:06,622] {processor.py:161} INFO - Processing /Users/pro/Documents/a_env/proj_data/lib/python3.7/site-packages/airflow/example_dags/example_branch_day_of_week_operator.py took 0.086 seconds
[2022-08-07 07:56:41,402] {processor.py:153} INFO - Started process (PID=93331) to work on /Users/pro/Documents/a_env/proj_data/lib/python3.7/site-packages/airflow/example_dags/example_branch_day_of_week_operator.py
[2022-08-07 07:56:41,404] {processor.py:641} INFO - Processing file /Users/pro/Documents/a_env/proj_data/lib/python3.7/site-packages/airflow/example_dags/example_branch_day_of_week_operator.py for tasks to queue
[2022-08-07 07:56:41,406] {logging_mixin.py:115} INFO - [2022-08-07 07:56:41,405] {dagbag.py:508} INFO - Filling up the DagBag from /Users/pro/Documents/a_env/proj_data/lib/python3.7/site-packages/airflow/example_dags/example_branch_day_of_week_operator.py
[2022-08-07 07:56:41,424] {processor.py:651} INFO - DAG(s) dict_keys(['example_weekday_branch_operator']) retrieved from /Users/pro/Documents/a_env/proj_data/lib/python3.7/site-packages/airflow/example_dags/example_branch_day_of_week_operator.py
[2022-08-07 07:56:41,452] {logging_mixin.py:115} INFO - [2022-08-07 07:56:41,452] {dag.py:2420} INFO - Sync 1 DAGs
[2022-08-07 07:56:41,474] {logging_mixin.py:115} INFO - [2022-08-07 07:56:41,473] {dag.py:2972} INFO - Setting next_dagrun for example_weekday_branch_operator to 2022-08-05T00:00:00+00:00, run_after=2022-08-06T00:00:00+00:00
[2022-08-07 07:56:41,489] {processor.py:161} INFO - Processing /Users/pro/Documents/a_env/proj_data/lib/python3.7/site-packages/airflow/example_dags/example_branch_day_of_week_operator.py took 0.092 seconds
[2022-08-07 07:57:20,370] {processor.py:153} INFO - Started process (PID=93374) to work on /Users/pro/Documents/a_env/proj_data/lib/python3.7/site-packages/airflow/example_dags/example_branch_day_of_week_operator.py
[2022-08-07 07:57:20,371] {processor.py:641} INFO - Processing file /Users/pro/Documents/a_env/proj_data/lib/python3.7/site-packages/airflow/example_dags/example_branch_day_of_week_operator.py for tasks to queue
[2022-08-07 07:57:20,372] {logging_mixin.py:115} INFO - [2022-08-07 07:57:20,372] {dagbag.py:508} INFO - Filling up the DagBag from /Users/pro/Documents/a_env/proj_data/lib/python3.7/site-packages/airflow/example_dags/example_branch_day_of_week_operator.py
[2022-08-07 07:57:20,387] {processor.py:651} INFO - DAG(s) dict_keys(['example_weekday_branch_operator']) retrieved from /Users/pro/Documents/a_env/proj_data/lib/python3.7/site-packages/airflow/example_dags/example_branch_day_of_week_operator.py
[2022-08-07 07:57:20,410] {logging_mixin.py:115} INFO - [2022-08-07 07:57:20,409] {dag.py:2420} INFO - Sync 1 DAGs
[2022-08-07 07:57:20,431] {logging_mixin.py:115} INFO - [2022-08-07 07:57:20,431] {dag.py:2972} INFO - Setting next_dagrun for example_weekday_branch_operator to 2022-08-05T00:00:00+00:00, run_after=2022-08-06T00:00:00+00:00
[2022-08-07 07:57:20,444] {processor.py:161} INFO - Processing /Users/pro/Documents/a_env/proj_data/lib/python3.7/site-packages/airflow/example_dags/example_branch_day_of_week_operator.py took 0.078 seconds
[2022-08-07 07:57:53,687] {processor.py:153} INFO - Started process (PID=93415) to work on /Users/pro/Documents/a_env/proj_data/lib/python3.7/site-packages/airflow/example_dags/example_branch_day_of_week_operator.py
[2022-08-07 07:57:53,688] {processor.py:641} INFO - Processing file /Users/pro/Documents/a_env/proj_data/lib/python3.7/site-packages/airflow/example_dags/example_branch_day_of_week_operator.py for tasks to queue
[2022-08-07 07:57:53,689] {logging_mixin.py:115} INFO - [2022-08-07 07:57:53,689] {dagbag.py:508} INFO - Filling up the DagBag from /Users/pro/Documents/a_env/proj_data/lib/python3.7/site-packages/airflow/example_dags/example_branch_day_of_week_operator.py
[2022-08-07 07:57:53,702] {processor.py:651} INFO - DAG(s) dict_keys(['example_weekday_branch_operator']) retrieved from /Users/pro/Documents/a_env/proj_data/lib/python3.7/site-packages/airflow/example_dags/example_branch_day_of_week_operator.py
[2022-08-07 07:57:53,726] {logging_mixin.py:115} INFO - [2022-08-07 07:57:53,725] {dag.py:2420} INFO - Sync 1 DAGs
[2022-08-07 07:57:53,747] {logging_mixin.py:115} INFO - [2022-08-07 07:57:53,746] {dag.py:2972} INFO - Setting next_dagrun for example_weekday_branch_operator to 2022-08-05T00:00:00+00:00, run_after=2022-08-06T00:00:00+00:00
[2022-08-07 07:57:53,759] {processor.py:161} INFO - Processing /Users/pro/Documents/a_env/proj_data/lib/python3.7/site-packages/airflow/example_dags/example_branch_day_of_week_operator.py took 0.077 seconds
[2022-08-07 07:58:33,800] {processor.py:153} INFO - Started process (PID=93460) to work on /Users/pro/Documents/a_env/proj_data/lib/python3.7/site-packages/airflow/example_dags/example_branch_day_of_week_operator.py
[2022-08-07 07:58:33,801] {processor.py:641} INFO - Processing file /Users/pro/Documents/a_env/proj_data/lib/python3.7/site-packages/airflow/example_dags/example_branch_day_of_week_operator.py for tasks to queue
[2022-08-07 07:58:33,802] {logging_mixin.py:115} INFO - [2022-08-07 07:58:33,802] {dagbag.py:508} INFO - Filling up the DagBag from /Users/pro/Documents/a_env/proj_data/lib/python3.7/site-packages/airflow/example_dags/example_branch_day_of_week_operator.py
[2022-08-07 07:58:33,816] {processor.py:651} INFO - DAG(s) dict_keys(['example_weekday_branch_operator']) retrieved from /Users/pro/Documents/a_env/proj_data/lib/python3.7/site-packages/airflow/example_dags/example_branch_day_of_week_operator.py
[2022-08-07 07:58:33,839] {logging_mixin.py:115} INFO - [2022-08-07 07:58:33,839] {dag.py:2420} INFO - Sync 1 DAGs
[2022-08-07 07:58:33,860] {logging_mixin.py:115} INFO - [2022-08-07 07:58:33,860] {dag.py:2972} INFO - Setting next_dagrun for example_weekday_branch_operator to 2022-08-05T00:00:00+00:00, run_after=2022-08-06T00:00:00+00:00
[2022-08-07 07:58:33,873] {processor.py:161} INFO - Processing /Users/pro/Documents/a_env/proj_data/lib/python3.7/site-packages/airflow/example_dags/example_branch_day_of_week_operator.py took 0.078 seconds
[2022-08-07 07:59:08,709] {processor.py:153} INFO - Started process (PID=93496) to work on /Users/pro/Documents/a_env/proj_data/lib/python3.7/site-packages/airflow/example_dags/example_branch_day_of_week_operator.py
[2022-08-07 07:59:08,709] {processor.py:641} INFO - Processing file /Users/pro/Documents/a_env/proj_data/lib/python3.7/site-packages/airflow/example_dags/example_branch_day_of_week_operator.py for tasks to queue
[2022-08-07 07:59:08,710] {logging_mixin.py:115} INFO - [2022-08-07 07:59:08,710] {dagbag.py:508} INFO - Filling up the DagBag from /Users/pro/Documents/a_env/proj_data/lib/python3.7/site-packages/airflow/example_dags/example_branch_day_of_week_operator.py
[2022-08-07 07:59:08,728] {processor.py:651} INFO - DAG(s) dict_keys(['example_weekday_branch_operator']) retrieved from /Users/pro/Documents/a_env/proj_data/lib/python3.7/site-packages/airflow/example_dags/example_branch_day_of_week_operator.py
[2022-08-07 07:59:08,743] {logging_mixin.py:115} INFO - [2022-08-07 07:59:08,743] {dag.py:2420} INFO - Sync 1 DAGs
[2022-08-07 07:59:08,762] {logging_mixin.py:115} INFO - [2022-08-07 07:59:08,762] {dag.py:2972} INFO - Setting next_dagrun for example_weekday_branch_operator to 2022-08-05T00:00:00+00:00, run_after=2022-08-06T00:00:00+00:00
[2022-08-07 07:59:08,776] {processor.py:161} INFO - Processing /Users/pro/Documents/a_env/proj_data/lib/python3.7/site-packages/airflow/example_dags/example_branch_day_of_week_operator.py took 0.071 seconds
[2022-08-07 07:59:41,144] {processor.py:153} INFO - Started process (PID=93533) to work on /Users/pro/Documents/a_env/proj_data/lib/python3.7/site-packages/airflow/example_dags/example_branch_day_of_week_operator.py
[2022-08-07 07:59:41,146] {processor.py:641} INFO - Processing file /Users/pro/Documents/a_env/proj_data/lib/python3.7/site-packages/airflow/example_dags/example_branch_day_of_week_operator.py for tasks to queue
[2022-08-07 07:59:41,147] {logging_mixin.py:115} INFO - [2022-08-07 07:59:41,147] {dagbag.py:508} INFO - Filling up the DagBag from /Users/pro/Documents/a_env/proj_data/lib/python3.7/site-packages/airflow/example_dags/example_branch_day_of_week_operator.py
[2022-08-07 07:59:41,166] {processor.py:651} INFO - DAG(s) dict_keys(['example_weekday_branch_operator']) retrieved from /Users/pro/Documents/a_env/proj_data/lib/python3.7/site-packages/airflow/example_dags/example_branch_day_of_week_operator.py
[2022-08-07 07:59:41,184] {logging_mixin.py:115} INFO - [2022-08-07 07:59:41,184] {dag.py:2420} INFO - Sync 1 DAGs
[2022-08-07 07:59:41,204] {logging_mixin.py:115} INFO - [2022-08-07 07:59:41,204] {dag.py:2972} INFO - Setting next_dagrun for example_weekday_branch_operator to 2022-08-05T00:00:00+00:00, run_after=2022-08-06T00:00:00+00:00
[2022-08-07 07:59:41,217] {processor.py:161} INFO - Processing /Users/pro/Documents/a_env/proj_data/lib/python3.7/site-packages/airflow/example_dags/example_branch_day_of_week_operator.py took 0.076 seconds
