[2022-08-06 11:35:25,648] {processor.py:153} INFO - Started process (PID=91281) to work on /Users/pro/Documents/a_env/proj_data/lib/python3.7/site-packages/airflow/example_dags/example_branch_labels.py
[2022-08-06 11:35:25,649] {processor.py:641} INFO - Processing file /Users/pro/Documents/a_env/proj_data/lib/python3.7/site-packages/airflow/example_dags/example_branch_labels.py for tasks to queue
[2022-08-06 11:35:25,650] {logging_mixin.py:115} INFO - [2022-08-06 11:35:25,650] {dagbag.py:508} INFO - Filling up the DagBag from /Users/pro/Documents/a_env/proj_data/lib/python3.7/site-packages/airflow/example_dags/example_branch_labels.py
[2022-08-06 11:35:25,659] {processor.py:651} INFO - DAG(s) dict_keys(['example_branch_labels']) retrieved from /Users/pro/Documents/a_env/proj_data/lib/python3.7/site-packages/airflow/example_dags/example_branch_labels.py
[2022-08-06 11:35:25,681] {logging_mixin.py:115} INFO - [2022-08-06 11:35:25,681] {dag.py:2420} INFO - Sync 1 DAGs
[2022-08-06 11:35:25,702] {logging_mixin.py:115} INFO - [2022-08-06 11:35:25,702] {dag.py:2972} INFO - Setting next_dagrun for example_branch_labels to 2022-08-05T00:00:00+00:00, run_after=2022-08-06T00:00:00+00:00
[2022-08-06 11:35:25,714] {processor.py:161} INFO - Processing /Users/pro/Documents/a_env/proj_data/lib/python3.7/site-packages/airflow/example_dags/example_branch_labels.py took 0.070 seconds
[2022-08-06 21:10:03,704] {processor.py:153} INFO - Started process (PID=91570) to work on /Users/pro/Documents/a_env/proj_data/lib/python3.7/site-packages/airflow/example_dags/example_branch_labels.py
[2022-08-06 21:10:03,705] {processor.py:641} INFO - Processing file /Users/pro/Documents/a_env/proj_data/lib/python3.7/site-packages/airflow/example_dags/example_branch_labels.py for tasks to queue
[2022-08-06 21:10:03,707] {logging_mixin.py:115} INFO - [2022-08-06 21:10:03,706] {dagbag.py:508} INFO - Filling up the DagBag from /Users/pro/Documents/a_env/proj_data/lib/python3.7/site-packages/airflow/example_dags/example_branch_labels.py
[2022-08-06 21:10:03,721] {processor.py:651} INFO - DAG(s) dict_keys(['example_branch_labels']) retrieved from /Users/pro/Documents/a_env/proj_data/lib/python3.7/site-packages/airflow/example_dags/example_branch_labels.py
[2022-08-06 21:10:03,744] {logging_mixin.py:115} INFO - [2022-08-06 21:10:03,744] {dag.py:2420} INFO - Sync 1 DAGs
[2022-08-06 21:10:03,766] {logging_mixin.py:115} INFO - [2022-08-06 21:10:03,766] {dag.py:2972} INFO - Setting next_dagrun for example_branch_labels to 2022-08-05T00:00:00+00:00, run_after=2022-08-06T00:00:00+00:00
[2022-08-06 21:10:03,778] {processor.py:161} INFO - Processing /Users/pro/Documents/a_env/proj_data/lib/python3.7/site-packages/airflow/example_dags/example_branch_labels.py took 0.080 seconds
[2022-08-06 21:10:38,789] {processor.py:153} INFO - Started process (PID=91615) to work on /Users/pro/Documents/a_env/proj_data/lib/python3.7/site-packages/airflow/example_dags/example_branch_labels.py
[2022-08-06 21:10:38,792] {processor.py:641} INFO - Processing file /Users/pro/Documents/a_env/proj_data/lib/python3.7/site-packages/airflow/example_dags/example_branch_labels.py for tasks to queue
[2022-08-06 21:10:38,793] {logging_mixin.py:115} INFO - [2022-08-06 21:10:38,793] {dagbag.py:508} INFO - Filling up the DagBag from /Users/pro/Documents/a_env/proj_data/lib/python3.7/site-packages/airflow/example_dags/example_branch_labels.py
[2022-08-06 21:10:38,804] {processor.py:651} INFO - DAG(s) dict_keys(['example_branch_labels']) retrieved from /Users/pro/Documents/a_env/proj_data/lib/python3.7/site-packages/airflow/example_dags/example_branch_labels.py
[2022-08-06 21:10:38,829] {logging_mixin.py:115} INFO - [2022-08-06 21:10:38,829] {dag.py:2420} INFO - Sync 1 DAGs
[2022-08-06 21:10:38,853] {logging_mixin.py:115} INFO - [2022-08-06 21:10:38,853] {dag.py:2972} INFO - Setting next_dagrun for example_branch_labels to 2022-08-05T00:00:00+00:00, run_after=2022-08-06T00:00:00+00:00
[2022-08-06 21:10:38,867] {processor.py:161} INFO - Processing /Users/pro/Documents/a_env/proj_data/lib/python3.7/site-packages/airflow/example_dags/example_branch_labels.py took 0.082 seconds
[2022-08-06 21:11:13,076] {processor.py:153} INFO - Started process (PID=91664) to work on /Users/pro/Documents/a_env/proj_data/lib/python3.7/site-packages/airflow/example_dags/example_branch_labels.py
[2022-08-06 21:11:13,077] {processor.py:641} INFO - Processing file /Users/pro/Documents/a_env/proj_data/lib/python3.7/site-packages/airflow/example_dags/example_branch_labels.py for tasks to queue
[2022-08-06 21:11:13,079] {logging_mixin.py:115} INFO - [2022-08-06 21:11:13,078] {dagbag.py:508} INFO - Filling up the DagBag from /Users/pro/Documents/a_env/proj_data/lib/python3.7/site-packages/airflow/example_dags/example_branch_labels.py
[2022-08-06 21:11:13,100] {processor.py:651} INFO - DAG(s) dict_keys(['example_branch_labels']) retrieved from /Users/pro/Documents/a_env/proj_data/lib/python3.7/site-packages/airflow/example_dags/example_branch_labels.py
[2022-08-06 21:11:13,163] {logging_mixin.py:115} INFO - [2022-08-06 21:11:13,162] {dag.py:2420} INFO - Sync 1 DAGs
[2022-08-06 21:11:13,251] {logging_mixin.py:115} INFO - [2022-08-06 21:11:13,251] {dag.py:2972} INFO - Setting next_dagrun for example_branch_labels to 2022-08-05T00:00:00+00:00, run_after=2022-08-06T00:00:00+00:00
[2022-08-06 21:11:13,324] {processor.py:161} INFO - Processing /Users/pro/Documents/a_env/proj_data/lib/python3.7/site-packages/airflow/example_dags/example_branch_labels.py took 0.256 seconds
[2022-08-06 21:11:50,388] {processor.py:153} INFO - Started process (PID=91713) to work on /Users/pro/Documents/a_env/proj_data/lib/python3.7/site-packages/airflow/example_dags/example_branch_labels.py
[2022-08-06 21:11:50,389] {processor.py:641} INFO - Processing file /Users/pro/Documents/a_env/proj_data/lib/python3.7/site-packages/airflow/example_dags/example_branch_labels.py for tasks to queue
[2022-08-06 21:11:50,390] {logging_mixin.py:115} INFO - [2022-08-06 21:11:50,390] {dagbag.py:508} INFO - Filling up the DagBag from /Users/pro/Documents/a_env/proj_data/lib/python3.7/site-packages/airflow/example_dags/example_branch_labels.py
[2022-08-06 21:11:50,401] {processor.py:651} INFO - DAG(s) dict_keys(['example_branch_labels']) retrieved from /Users/pro/Documents/a_env/proj_data/lib/python3.7/site-packages/airflow/example_dags/example_branch_labels.py
[2022-08-06 21:11:50,423] {logging_mixin.py:115} INFO - [2022-08-06 21:11:50,423] {dag.py:2420} INFO - Sync 1 DAGs
[2022-08-06 21:11:50,446] {logging_mixin.py:115} INFO - [2022-08-06 21:11:50,446] {dag.py:2972} INFO - Setting next_dagrun for example_branch_labels to 2022-08-05T00:00:00+00:00, run_after=2022-08-06T00:00:00+00:00
[2022-08-06 21:11:50,457] {processor.py:161} INFO - Processing /Users/pro/Documents/a_env/proj_data/lib/python3.7/site-packages/airflow/example_dags/example_branch_labels.py took 0.074 seconds
[2022-08-07 00:15:05,723] {processor.py:153} INFO - Started process (PID=91855) to work on /Users/pro/Documents/a_env/proj_data/lib/python3.7/site-packages/airflow/example_dags/example_branch_labels.py
[2022-08-07 00:15:05,730] {processor.py:641} INFO - Processing file /Users/pro/Documents/a_env/proj_data/lib/python3.7/site-packages/airflow/example_dags/example_branch_labels.py for tasks to queue
[2022-08-07 00:15:05,740] {logging_mixin.py:115} INFO - [2022-08-07 00:15:05,737] {dagbag.py:508} INFO - Filling up the DagBag from /Users/pro/Documents/a_env/proj_data/lib/python3.7/site-packages/airflow/example_dags/example_branch_labels.py
[2022-08-07 00:15:05,814] {processor.py:651} INFO - DAG(s) dict_keys(['example_branch_labels']) retrieved from /Users/pro/Documents/a_env/proj_data/lib/python3.7/site-packages/airflow/example_dags/example_branch_labels.py
[2022-08-07 00:15:05,974] {logging_mixin.py:115} INFO - [2022-08-07 00:15:05,971] {dag.py:2420} INFO - Sync 1 DAGs
[2022-08-07 00:15:06,152] {logging_mixin.py:115} INFO - [2022-08-07 00:15:06,150] {dag.py:2972} INFO - Setting next_dagrun for example_branch_labels to 2022-08-05T00:00:00+00:00, run_after=2022-08-06T00:00:00+00:00
[2022-08-07 00:15:06,230] {processor.py:161} INFO - Processing /Users/pro/Documents/a_env/proj_data/lib/python3.7/site-packages/airflow/example_dags/example_branch_labels.py took 0.541 seconds
[2022-08-07 07:15:08,142] {processor.py:153} INFO - Started process (PID=92011) to work on /Users/pro/Documents/a_env/proj_data/lib/python3.7/site-packages/airflow/example_dags/example_branch_labels.py
[2022-08-07 07:15:08,143] {processor.py:641} INFO - Processing file /Users/pro/Documents/a_env/proj_data/lib/python3.7/site-packages/airflow/example_dags/example_branch_labels.py for tasks to queue
[2022-08-07 07:15:08,145] {logging_mixin.py:115} INFO - [2022-08-07 07:15:08,144] {dagbag.py:508} INFO - Filling up the DagBag from /Users/pro/Documents/a_env/proj_data/lib/python3.7/site-packages/airflow/example_dags/example_branch_labels.py
[2022-08-07 07:15:08,156] {processor.py:651} INFO - DAG(s) dict_keys(['example_branch_labels']) retrieved from /Users/pro/Documents/a_env/proj_data/lib/python3.7/site-packages/airflow/example_dags/example_branch_labels.py
[2022-08-07 07:15:08,176] {logging_mixin.py:115} INFO - [2022-08-07 07:15:08,176] {dag.py:2420} INFO - Sync 1 DAGs
[2022-08-07 07:15:08,199] {logging_mixin.py:115} INFO - [2022-08-07 07:15:08,199] {dag.py:2972} INFO - Setting next_dagrun for example_branch_labels to 2022-08-05T00:00:00+00:00, run_after=2022-08-06T00:00:00+00:00
[2022-08-07 07:15:08,209] {processor.py:161} INFO - Processing /Users/pro/Documents/a_env/proj_data/lib/python3.7/site-packages/airflow/example_dags/example_branch_labels.py took 0.073 seconds
[2022-08-07 07:39:16,278] {processor.py:153} INFO - Started process (PID=92094) to work on /Users/pro/Documents/a_env/proj_data/lib/python3.7/site-packages/airflow/example_dags/example_branch_labels.py
[2022-08-07 07:39:16,279] {processor.py:641} INFO - Processing file /Users/pro/Documents/a_env/proj_data/lib/python3.7/site-packages/airflow/example_dags/example_branch_labels.py for tasks to queue
[2022-08-07 07:39:16,280] {logging_mixin.py:115} INFO - [2022-08-07 07:39:16,280] {dagbag.py:508} INFO - Filling up the DagBag from /Users/pro/Documents/a_env/proj_data/lib/python3.7/site-packages/airflow/example_dags/example_branch_labels.py
[2022-08-07 07:39:16,291] {processor.py:651} INFO - DAG(s) dict_keys(['example_branch_labels']) retrieved from /Users/pro/Documents/a_env/proj_data/lib/python3.7/site-packages/airflow/example_dags/example_branch_labels.py
[2022-08-07 07:39:16,313] {logging_mixin.py:115} INFO - [2022-08-07 07:39:16,312] {dag.py:2420} INFO - Sync 1 DAGs
[2022-08-07 07:39:16,335] {logging_mixin.py:115} INFO - [2022-08-07 07:39:16,335] {dag.py:2972} INFO - Setting next_dagrun for example_branch_labels to 2022-08-05T00:00:00+00:00, run_after=2022-08-06T00:00:00+00:00
[2022-08-07 07:39:16,348] {processor.py:161} INFO - Processing /Users/pro/Documents/a_env/proj_data/lib/python3.7/site-packages/airflow/example_dags/example_branch_labels.py took 0.076 seconds
[2022-08-07 07:39:53,279] {processor.py:153} INFO - Started process (PID=92172) to work on /Users/pro/Documents/a_env/proj_data/lib/python3.7/site-packages/airflow/example_dags/example_branch_labels.py
[2022-08-07 07:39:53,280] {processor.py:641} INFO - Processing file /Users/pro/Documents/a_env/proj_data/lib/python3.7/site-packages/airflow/example_dags/example_branch_labels.py for tasks to queue
[2022-08-07 07:39:53,281] {logging_mixin.py:115} INFO - [2022-08-07 07:39:53,281] {dagbag.py:508} INFO - Filling up the DagBag from /Users/pro/Documents/a_env/proj_data/lib/python3.7/site-packages/airflow/example_dags/example_branch_labels.py
[2022-08-07 07:39:53,292] {processor.py:651} INFO - DAG(s) dict_keys(['example_branch_labels']) retrieved from /Users/pro/Documents/a_env/proj_data/lib/python3.7/site-packages/airflow/example_dags/example_branch_labels.py
[2022-08-07 07:39:53,314] {logging_mixin.py:115} INFO - [2022-08-07 07:39:53,313] {dag.py:2420} INFO - Sync 1 DAGs
[2022-08-07 07:39:53,345] {logging_mixin.py:115} INFO - [2022-08-07 07:39:53,344] {dag.py:2972} INFO - Setting next_dagrun for example_branch_labels to 2022-08-05T00:00:00+00:00, run_after=2022-08-06T00:00:00+00:00
[2022-08-07 07:39:53,362] {processor.py:161} INFO - Processing /Users/pro/Documents/a_env/proj_data/lib/python3.7/site-packages/airflow/example_dags/example_branch_labels.py took 0.087 seconds
[2022-08-07 07:40:29,245] {processor.py:153} INFO - Started process (PID=92227) to work on /Users/pro/Documents/a_env/proj_data/lib/python3.7/site-packages/airflow/example_dags/example_branch_labels.py
[2022-08-07 07:40:29,246] {processor.py:641} INFO - Processing file /Users/pro/Documents/a_env/proj_data/lib/python3.7/site-packages/airflow/example_dags/example_branch_labels.py for tasks to queue
[2022-08-07 07:40:29,247] {logging_mixin.py:115} INFO - [2022-08-07 07:40:29,247] {dagbag.py:508} INFO - Filling up the DagBag from /Users/pro/Documents/a_env/proj_data/lib/python3.7/site-packages/airflow/example_dags/example_branch_labels.py
[2022-08-07 07:40:29,261] {processor.py:651} INFO - DAG(s) dict_keys(['example_branch_labels']) retrieved from /Users/pro/Documents/a_env/proj_data/lib/python3.7/site-packages/airflow/example_dags/example_branch_labels.py
[2022-08-07 07:40:29,297] {logging_mixin.py:115} INFO - [2022-08-07 07:40:29,297] {dag.py:2420} INFO - Sync 1 DAGs
[2022-08-07 07:40:29,331] {logging_mixin.py:115} INFO - [2022-08-07 07:40:29,330] {dag.py:2972} INFO - Setting next_dagrun for example_branch_labels to 2022-08-05T00:00:00+00:00, run_after=2022-08-06T00:00:00+00:00
[2022-08-07 07:40:29,380] {processor.py:161} INFO - Processing /Users/pro/Documents/a_env/proj_data/lib/python3.7/site-packages/airflow/example_dags/example_branch_labels.py took 0.141 seconds
[2022-08-07 07:41:06,819] {processor.py:153} INFO - Started process (PID=92284) to work on /Users/pro/Documents/a_env/proj_data/lib/python3.7/site-packages/airflow/example_dags/example_branch_labels.py
[2022-08-07 07:41:06,821] {processor.py:641} INFO - Processing file /Users/pro/Documents/a_env/proj_data/lib/python3.7/site-packages/airflow/example_dags/example_branch_labels.py for tasks to queue
[2022-08-07 07:41:06,822] {logging_mixin.py:115} INFO - [2022-08-07 07:41:06,822] {dagbag.py:508} INFO - Filling up the DagBag from /Users/pro/Documents/a_env/proj_data/lib/python3.7/site-packages/airflow/example_dags/example_branch_labels.py
[2022-08-07 07:41:06,835] {processor.py:651} INFO - DAG(s) dict_keys(['example_branch_labels']) retrieved from /Users/pro/Documents/a_env/proj_data/lib/python3.7/site-packages/airflow/example_dags/example_branch_labels.py
[2022-08-07 07:41:06,863] {logging_mixin.py:115} INFO - [2022-08-07 07:41:06,862] {dag.py:2420} INFO - Sync 1 DAGs
[2022-08-07 07:41:06,892] {logging_mixin.py:115} INFO - [2022-08-07 07:41:06,891] {dag.py:2972} INFO - Setting next_dagrun for example_branch_labels to 2022-08-05T00:00:00+00:00, run_after=2022-08-06T00:00:00+00:00
[2022-08-07 07:41:06,904] {processor.py:161} INFO - Processing /Users/pro/Documents/a_env/proj_data/lib/python3.7/site-packages/airflow/example_dags/example_branch_labels.py took 0.090 seconds
[2022-08-07 07:41:40,147] {processor.py:153} INFO - Started process (PID=92331) to work on /Users/pro/Documents/a_env/proj_data/lib/python3.7/site-packages/airflow/example_dags/example_branch_labels.py
[2022-08-07 07:41:40,148] {processor.py:641} INFO - Processing file /Users/pro/Documents/a_env/proj_data/lib/python3.7/site-packages/airflow/example_dags/example_branch_labels.py for tasks to queue
[2022-08-07 07:41:40,149] {logging_mixin.py:115} INFO - [2022-08-07 07:41:40,148] {dagbag.py:508} INFO - Filling up the DagBag from /Users/pro/Documents/a_env/proj_data/lib/python3.7/site-packages/airflow/example_dags/example_branch_labels.py
[2022-08-07 07:41:40,159] {processor.py:651} INFO - DAG(s) dict_keys(['example_branch_labels']) retrieved from /Users/pro/Documents/a_env/proj_data/lib/python3.7/site-packages/airflow/example_dags/example_branch_labels.py
[2022-08-07 07:41:40,182] {logging_mixin.py:115} INFO - [2022-08-07 07:41:40,182] {dag.py:2420} INFO - Sync 1 DAGs
[2022-08-07 07:41:40,205] {logging_mixin.py:115} INFO - [2022-08-07 07:41:40,205] {dag.py:2972} INFO - Setting next_dagrun for example_branch_labels to 2022-08-05T00:00:00+00:00, run_after=2022-08-06T00:00:00+00:00
[2022-08-07 07:41:40,217] {processor.py:161} INFO - Processing /Users/pro/Documents/a_env/proj_data/lib/python3.7/site-packages/airflow/example_dags/example_branch_labels.py took 0.074 seconds
[2022-08-07 07:42:15,478] {processor.py:153} INFO - Started process (PID=92367) to work on /Users/pro/Documents/a_env/proj_data/lib/python3.7/site-packages/airflow/example_dags/example_branch_labels.py
[2022-08-07 07:42:15,479] {processor.py:641} INFO - Processing file /Users/pro/Documents/a_env/proj_data/lib/python3.7/site-packages/airflow/example_dags/example_branch_labels.py for tasks to queue
[2022-08-07 07:42:15,480] {logging_mixin.py:115} INFO - [2022-08-07 07:42:15,480] {dagbag.py:508} INFO - Filling up the DagBag from /Users/pro/Documents/a_env/proj_data/lib/python3.7/site-packages/airflow/example_dags/example_branch_labels.py
[2022-08-07 07:42:15,490] {processor.py:651} INFO - DAG(s) dict_keys(['example_branch_labels']) retrieved from /Users/pro/Documents/a_env/proj_data/lib/python3.7/site-packages/airflow/example_dags/example_branch_labels.py
[2022-08-07 07:42:15,513] {logging_mixin.py:115} INFO - [2022-08-07 07:42:15,513] {dag.py:2420} INFO - Sync 1 DAGs
[2022-08-07 07:42:15,538] {logging_mixin.py:115} INFO - [2022-08-07 07:42:15,538] {dag.py:2972} INFO - Setting next_dagrun for example_branch_labels to 2022-08-05T00:00:00+00:00, run_after=2022-08-06T00:00:00+00:00
[2022-08-07 07:42:15,550] {processor.py:161} INFO - Processing /Users/pro/Documents/a_env/proj_data/lib/python3.7/site-packages/airflow/example_dags/example_branch_labels.py took 0.078 seconds
[2022-08-07 07:42:50,910] {processor.py:153} INFO - Started process (PID=92403) to work on /Users/pro/Documents/a_env/proj_data/lib/python3.7/site-packages/airflow/example_dags/example_branch_labels.py
[2022-08-07 07:42:50,912] {processor.py:641} INFO - Processing file /Users/pro/Documents/a_env/proj_data/lib/python3.7/site-packages/airflow/example_dags/example_branch_labels.py for tasks to queue
[2022-08-07 07:42:50,914] {logging_mixin.py:115} INFO - [2022-08-07 07:42:50,914] {dagbag.py:508} INFO - Filling up the DagBag from /Users/pro/Documents/a_env/proj_data/lib/python3.7/site-packages/airflow/example_dags/example_branch_labels.py
[2022-08-07 07:42:50,926] {processor.py:651} INFO - DAG(s) dict_keys(['example_branch_labels']) retrieved from /Users/pro/Documents/a_env/proj_data/lib/python3.7/site-packages/airflow/example_dags/example_branch_labels.py
[2022-08-07 07:42:50,953] {logging_mixin.py:115} INFO - [2022-08-07 07:42:50,953] {dag.py:2420} INFO - Sync 1 DAGs
[2022-08-07 07:42:50,984] {logging_mixin.py:115} INFO - [2022-08-07 07:42:50,983] {dag.py:2972} INFO - Setting next_dagrun for example_branch_labels to 2022-08-05T00:00:00+00:00, run_after=2022-08-06T00:00:00+00:00
[2022-08-07 07:42:50,997] {processor.py:161} INFO - Processing /Users/pro/Documents/a_env/proj_data/lib/python3.7/site-packages/airflow/example_dags/example_branch_labels.py took 0.094 seconds
[2022-08-07 07:43:27,321] {processor.py:153} INFO - Started process (PID=92443) to work on /Users/pro/Documents/a_env/proj_data/lib/python3.7/site-packages/airflow/example_dags/example_branch_labels.py
[2022-08-07 07:43:27,323] {processor.py:641} INFO - Processing file /Users/pro/Documents/a_env/proj_data/lib/python3.7/site-packages/airflow/example_dags/example_branch_labels.py for tasks to queue
[2022-08-07 07:43:27,324] {logging_mixin.py:115} INFO - [2022-08-07 07:43:27,324] {dagbag.py:508} INFO - Filling up the DagBag from /Users/pro/Documents/a_env/proj_data/lib/python3.7/site-packages/airflow/example_dags/example_branch_labels.py
[2022-08-07 07:43:27,336] {processor.py:651} INFO - DAG(s) dict_keys(['example_branch_labels']) retrieved from /Users/pro/Documents/a_env/proj_data/lib/python3.7/site-packages/airflow/example_dags/example_branch_labels.py
[2022-08-07 07:43:27,362] {logging_mixin.py:115} INFO - [2022-08-07 07:43:27,362] {dag.py:2420} INFO - Sync 1 DAGs
[2022-08-07 07:43:27,386] {logging_mixin.py:115} INFO - [2022-08-07 07:43:27,385] {dag.py:2972} INFO - Setting next_dagrun for example_branch_labels to 2022-08-05T00:00:00+00:00, run_after=2022-08-06T00:00:00+00:00
[2022-08-07 07:43:27,399] {processor.py:161} INFO - Processing /Users/pro/Documents/a_env/proj_data/lib/python3.7/site-packages/airflow/example_dags/example_branch_labels.py took 0.082 seconds
[2022-08-07 07:44:05,117] {processor.py:153} INFO - Started process (PID=92499) to work on /Users/pro/Documents/a_env/proj_data/lib/python3.7/site-packages/airflow/example_dags/example_branch_labels.py
[2022-08-07 07:44:05,118] {processor.py:641} INFO - Processing file /Users/pro/Documents/a_env/proj_data/lib/python3.7/site-packages/airflow/example_dags/example_branch_labels.py for tasks to queue
[2022-08-07 07:44:05,119] {logging_mixin.py:115} INFO - [2022-08-07 07:44:05,119] {dagbag.py:508} INFO - Filling up the DagBag from /Users/pro/Documents/a_env/proj_data/lib/python3.7/site-packages/airflow/example_dags/example_branch_labels.py
[2022-08-07 07:44:05,130] {processor.py:651} INFO - DAG(s) dict_keys(['example_branch_labels']) retrieved from /Users/pro/Documents/a_env/proj_data/lib/python3.7/site-packages/airflow/example_dags/example_branch_labels.py
[2022-08-07 07:44:05,156] {logging_mixin.py:115} INFO - [2022-08-07 07:44:05,155] {dag.py:2420} INFO - Sync 1 DAGs
[2022-08-07 07:44:05,185] {logging_mixin.py:115} INFO - [2022-08-07 07:44:05,185] {dag.py:2972} INFO - Setting next_dagrun for example_branch_labels to 2022-08-05T00:00:00+00:00, run_after=2022-08-06T00:00:00+00:00
[2022-08-07 07:44:05,200] {processor.py:161} INFO - Processing /Users/pro/Documents/a_env/proj_data/lib/python3.7/site-packages/airflow/example_dags/example_branch_labels.py took 0.088 seconds
[2022-08-07 07:44:41,406] {processor.py:153} INFO - Started process (PID=92538) to work on /Users/pro/Documents/a_env/proj_data/lib/python3.7/site-packages/airflow/example_dags/example_branch_labels.py
[2022-08-07 07:44:41,408] {processor.py:641} INFO - Processing file /Users/pro/Documents/a_env/proj_data/lib/python3.7/site-packages/airflow/example_dags/example_branch_labels.py for tasks to queue
[2022-08-07 07:44:41,409] {logging_mixin.py:115} INFO - [2022-08-07 07:44:41,409] {dagbag.py:508} INFO - Filling up the DagBag from /Users/pro/Documents/a_env/proj_data/lib/python3.7/site-packages/airflow/example_dags/example_branch_labels.py
[2022-08-07 07:44:41,419] {processor.py:651} INFO - DAG(s) dict_keys(['example_branch_labels']) retrieved from /Users/pro/Documents/a_env/proj_data/lib/python3.7/site-packages/airflow/example_dags/example_branch_labels.py
[2022-08-07 07:44:41,441] {logging_mixin.py:115} INFO - [2022-08-07 07:44:41,441] {dag.py:2420} INFO - Sync 1 DAGs
[2022-08-07 07:44:41,465] {logging_mixin.py:115} INFO - [2022-08-07 07:44:41,465] {dag.py:2972} INFO - Setting next_dagrun for example_branch_labels to 2022-08-05T00:00:00+00:00, run_after=2022-08-06T00:00:00+00:00
[2022-08-07 07:44:41,478] {processor.py:161} INFO - Processing /Users/pro/Documents/a_env/proj_data/lib/python3.7/site-packages/airflow/example_dags/example_branch_labels.py took 0.077 seconds
[2022-08-07 07:45:17,119] {processor.py:153} INFO - Started process (PID=92577) to work on /Users/pro/Documents/a_env/proj_data/lib/python3.7/site-packages/airflow/example_dags/example_branch_labels.py
[2022-08-07 07:45:17,122] {processor.py:641} INFO - Processing file /Users/pro/Documents/a_env/proj_data/lib/python3.7/site-packages/airflow/example_dags/example_branch_labels.py for tasks to queue
[2022-08-07 07:45:17,124] {logging_mixin.py:115} INFO - [2022-08-07 07:45:17,124] {dagbag.py:508} INFO - Filling up the DagBag from /Users/pro/Documents/a_env/proj_data/lib/python3.7/site-packages/airflow/example_dags/example_branch_labels.py
[2022-08-07 07:45:17,137] {processor.py:651} INFO - DAG(s) dict_keys(['example_branch_labels']) retrieved from /Users/pro/Documents/a_env/proj_data/lib/python3.7/site-packages/airflow/example_dags/example_branch_labels.py
[2022-08-07 07:45:17,161] {logging_mixin.py:115} INFO - [2022-08-07 07:45:17,160] {dag.py:2420} INFO - Sync 1 DAGs
[2022-08-07 07:45:17,191] {logging_mixin.py:115} INFO - [2022-08-07 07:45:17,191] {dag.py:2972} INFO - Setting next_dagrun for example_branch_labels to 2022-08-05T00:00:00+00:00, run_after=2022-08-06T00:00:00+00:00
[2022-08-07 07:45:17,206] {processor.py:161} INFO - Processing /Users/pro/Documents/a_env/proj_data/lib/python3.7/site-packages/airflow/example_dags/example_branch_labels.py took 0.093 seconds
[2022-08-07 07:45:52,707] {processor.py:153} INFO - Started process (PID=92612) to work on /Users/pro/Documents/a_env/proj_data/lib/python3.7/site-packages/airflow/example_dags/example_branch_labels.py
[2022-08-07 07:45:52,707] {processor.py:641} INFO - Processing file /Users/pro/Documents/a_env/proj_data/lib/python3.7/site-packages/airflow/example_dags/example_branch_labels.py for tasks to queue
[2022-08-07 07:45:52,708] {logging_mixin.py:115} INFO - [2022-08-07 07:45:52,708] {dagbag.py:508} INFO - Filling up the DagBag from /Users/pro/Documents/a_env/proj_data/lib/python3.7/site-packages/airflow/example_dags/example_branch_labels.py
[2022-08-07 07:45:52,719] {processor.py:651} INFO - DAG(s) dict_keys(['example_branch_labels']) retrieved from /Users/pro/Documents/a_env/proj_data/lib/python3.7/site-packages/airflow/example_dags/example_branch_labels.py
[2022-08-07 07:45:52,743] {logging_mixin.py:115} INFO - [2022-08-07 07:45:52,742] {dag.py:2420} INFO - Sync 1 DAGs
[2022-08-07 07:45:52,769] {logging_mixin.py:115} INFO - [2022-08-07 07:45:52,768] {dag.py:2972} INFO - Setting next_dagrun for example_branch_labels to 2022-08-05T00:00:00+00:00, run_after=2022-08-06T00:00:00+00:00
[2022-08-07 07:45:52,783] {processor.py:161} INFO - Processing /Users/pro/Documents/a_env/proj_data/lib/python3.7/site-packages/airflow/example_dags/example_branch_labels.py took 0.081 seconds
[2022-08-07 07:46:25,955] {processor.py:153} INFO - Started process (PID=92648) to work on /Users/pro/Documents/a_env/proj_data/lib/python3.7/site-packages/airflow/example_dags/example_branch_labels.py
[2022-08-07 07:46:25,956] {processor.py:641} INFO - Processing file /Users/pro/Documents/a_env/proj_data/lib/python3.7/site-packages/airflow/example_dags/example_branch_labels.py for tasks to queue
[2022-08-07 07:46:25,957] {logging_mixin.py:115} INFO - [2022-08-07 07:46:25,957] {dagbag.py:508} INFO - Filling up the DagBag from /Users/pro/Documents/a_env/proj_data/lib/python3.7/site-packages/airflow/example_dags/example_branch_labels.py
[2022-08-07 07:46:25,967] {processor.py:651} INFO - DAG(s) dict_keys(['example_branch_labels']) retrieved from /Users/pro/Documents/a_env/proj_data/lib/python3.7/site-packages/airflow/example_dags/example_branch_labels.py
[2022-08-07 07:46:25,992] {logging_mixin.py:115} INFO - [2022-08-07 07:46:25,992] {dag.py:2420} INFO - Sync 1 DAGs
[2022-08-07 07:46:26,016] {logging_mixin.py:115} INFO - [2022-08-07 07:46:26,015] {dag.py:2972} INFO - Setting next_dagrun for example_branch_labels to 2022-08-05T00:00:00+00:00, run_after=2022-08-06T00:00:00+00:00
[2022-08-07 07:46:26,027] {processor.py:161} INFO - Processing /Users/pro/Documents/a_env/proj_data/lib/python3.7/site-packages/airflow/example_dags/example_branch_labels.py took 0.077 seconds
[2022-08-07 07:47:04,567] {processor.py:153} INFO - Started process (PID=92687) to work on /Users/pro/Documents/a_env/proj_data/lib/python3.7/site-packages/airflow/example_dags/example_branch_labels.py
[2022-08-07 07:47:04,568] {processor.py:641} INFO - Processing file /Users/pro/Documents/a_env/proj_data/lib/python3.7/site-packages/airflow/example_dags/example_branch_labels.py for tasks to queue
[2022-08-07 07:47:04,570] {logging_mixin.py:115} INFO - [2022-08-07 07:47:04,569] {dagbag.py:508} INFO - Filling up the DagBag from /Users/pro/Documents/a_env/proj_data/lib/python3.7/site-packages/airflow/example_dags/example_branch_labels.py
[2022-08-07 07:47:04,579] {processor.py:651} INFO - DAG(s) dict_keys(['example_branch_labels']) retrieved from /Users/pro/Documents/a_env/proj_data/lib/python3.7/site-packages/airflow/example_dags/example_branch_labels.py
[2022-08-07 07:47:04,601] {logging_mixin.py:115} INFO - [2022-08-07 07:47:04,601] {dag.py:2420} INFO - Sync 1 DAGs
[2022-08-07 07:47:04,625] {logging_mixin.py:115} INFO - [2022-08-07 07:47:04,625] {dag.py:2972} INFO - Setting next_dagrun for example_branch_labels to 2022-08-05T00:00:00+00:00, run_after=2022-08-06T00:00:00+00:00
[2022-08-07 07:47:04,637] {processor.py:161} INFO - Processing /Users/pro/Documents/a_env/proj_data/lib/python3.7/site-packages/airflow/example_dags/example_branch_labels.py took 0.076 seconds
[2022-08-07 07:47:42,297] {processor.py:153} INFO - Started process (PID=92725) to work on /Users/pro/Documents/a_env/proj_data/lib/python3.7/site-packages/airflow/example_dags/example_branch_labels.py
[2022-08-07 07:47:42,299] {processor.py:641} INFO - Processing file /Users/pro/Documents/a_env/proj_data/lib/python3.7/site-packages/airflow/example_dags/example_branch_labels.py for tasks to queue
[2022-08-07 07:47:42,300] {logging_mixin.py:115} INFO - [2022-08-07 07:47:42,300] {dagbag.py:508} INFO - Filling up the DagBag from /Users/pro/Documents/a_env/proj_data/lib/python3.7/site-packages/airflow/example_dags/example_branch_labels.py
[2022-08-07 07:47:42,310] {processor.py:651} INFO - DAG(s) dict_keys(['example_branch_labels']) retrieved from /Users/pro/Documents/a_env/proj_data/lib/python3.7/site-packages/airflow/example_dags/example_branch_labels.py
[2022-08-07 07:47:42,331] {logging_mixin.py:115} INFO - [2022-08-07 07:47:42,330] {dag.py:2420} INFO - Sync 1 DAGs
[2022-08-07 07:47:42,354] {logging_mixin.py:115} INFO - [2022-08-07 07:47:42,354] {dag.py:2972} INFO - Setting next_dagrun for example_branch_labels to 2022-08-05T00:00:00+00:00, run_after=2022-08-06T00:00:00+00:00
[2022-08-07 07:47:42,367] {processor.py:161} INFO - Processing /Users/pro/Documents/a_env/proj_data/lib/python3.7/site-packages/airflow/example_dags/example_branch_labels.py took 0.074 seconds
[2022-08-07 07:48:15,875] {processor.py:153} INFO - Started process (PID=92766) to work on /Users/pro/Documents/a_env/proj_data/lib/python3.7/site-packages/airflow/example_dags/example_branch_labels.py
[2022-08-07 07:48:15,876] {processor.py:641} INFO - Processing file /Users/pro/Documents/a_env/proj_data/lib/python3.7/site-packages/airflow/example_dags/example_branch_labels.py for tasks to queue
[2022-08-07 07:48:15,877] {logging_mixin.py:115} INFO - [2022-08-07 07:48:15,877] {dagbag.py:508} INFO - Filling up the DagBag from /Users/pro/Documents/a_env/proj_data/lib/python3.7/site-packages/airflow/example_dags/example_branch_labels.py
[2022-08-07 07:48:15,890] {processor.py:651} INFO - DAG(s) dict_keys(['example_branch_labels']) retrieved from /Users/pro/Documents/a_env/proj_data/lib/python3.7/site-packages/airflow/example_dags/example_branch_labels.py
[2022-08-07 07:48:15,915] {logging_mixin.py:115} INFO - [2022-08-07 07:48:15,915] {dag.py:2420} INFO - Sync 1 DAGs
[2022-08-07 07:48:15,940] {logging_mixin.py:115} INFO - [2022-08-07 07:48:15,940] {dag.py:2972} INFO - Setting next_dagrun for example_branch_labels to 2022-08-05T00:00:00+00:00, run_after=2022-08-06T00:00:00+00:00
[2022-08-07 07:48:15,954] {processor.py:161} INFO - Processing /Users/pro/Documents/a_env/proj_data/lib/python3.7/site-packages/airflow/example_dags/example_branch_labels.py took 0.085 seconds
[2022-08-07 07:48:49,644] {processor.py:153} INFO - Started process (PID=92804) to work on /Users/pro/Documents/a_env/proj_data/lib/python3.7/site-packages/airflow/example_dags/example_branch_labels.py
[2022-08-07 07:48:49,645] {processor.py:641} INFO - Processing file /Users/pro/Documents/a_env/proj_data/lib/python3.7/site-packages/airflow/example_dags/example_branch_labels.py for tasks to queue
[2022-08-07 07:48:49,646] {logging_mixin.py:115} INFO - [2022-08-07 07:48:49,646] {dagbag.py:508} INFO - Filling up the DagBag from /Users/pro/Documents/a_env/proj_data/lib/python3.7/site-packages/airflow/example_dags/example_branch_labels.py
[2022-08-07 07:48:49,656] {processor.py:651} INFO - DAG(s) dict_keys(['example_branch_labels']) retrieved from /Users/pro/Documents/a_env/proj_data/lib/python3.7/site-packages/airflow/example_dags/example_branch_labels.py
[2022-08-07 07:48:49,681] {logging_mixin.py:115} INFO - [2022-08-07 07:48:49,681] {dag.py:2420} INFO - Sync 1 DAGs
[2022-08-07 07:48:49,705] {logging_mixin.py:115} INFO - [2022-08-07 07:48:49,704] {dag.py:2972} INFO - Setting next_dagrun for example_branch_labels to 2022-08-05T00:00:00+00:00, run_after=2022-08-06T00:00:00+00:00
[2022-08-07 07:48:49,715] {processor.py:161} INFO - Processing /Users/pro/Documents/a_env/proj_data/lib/python3.7/site-packages/airflow/example_dags/example_branch_labels.py took 0.075 seconds
[2022-08-07 07:49:24,025] {processor.py:153} INFO - Started process (PID=92841) to work on /Users/pro/Documents/a_env/proj_data/lib/python3.7/site-packages/airflow/example_dags/example_branch_labels.py
[2022-08-07 07:49:24,027] {processor.py:641} INFO - Processing file /Users/pro/Documents/a_env/proj_data/lib/python3.7/site-packages/airflow/example_dags/example_branch_labels.py for tasks to queue
[2022-08-07 07:49:24,029] {logging_mixin.py:115} INFO - [2022-08-07 07:49:24,028] {dagbag.py:508} INFO - Filling up the DagBag from /Users/pro/Documents/a_env/proj_data/lib/python3.7/site-packages/airflow/example_dags/example_branch_labels.py
[2022-08-07 07:49:24,040] {processor.py:651} INFO - DAG(s) dict_keys(['example_branch_labels']) retrieved from /Users/pro/Documents/a_env/proj_data/lib/python3.7/site-packages/airflow/example_dags/example_branch_labels.py
[2022-08-07 07:49:24,074] {logging_mixin.py:115} INFO - [2022-08-07 07:49:24,074] {dag.py:2420} INFO - Sync 1 DAGs
[2022-08-07 07:49:24,111] {logging_mixin.py:115} INFO - [2022-08-07 07:49:24,111] {dag.py:2972} INFO - Setting next_dagrun for example_branch_labels to 2022-08-05T00:00:00+00:00, run_after=2022-08-06T00:00:00+00:00
[2022-08-07 07:49:24,125] {processor.py:161} INFO - Processing /Users/pro/Documents/a_env/proj_data/lib/python3.7/site-packages/airflow/example_dags/example_branch_labels.py took 0.105 seconds
[2022-08-07 07:49:59,110] {processor.py:153} INFO - Started process (PID=92882) to work on /Users/pro/Documents/a_env/proj_data/lib/python3.7/site-packages/airflow/example_dags/example_branch_labels.py
[2022-08-07 07:49:59,112] {processor.py:641} INFO - Processing file /Users/pro/Documents/a_env/proj_data/lib/python3.7/site-packages/airflow/example_dags/example_branch_labels.py for tasks to queue
[2022-08-07 07:49:59,113] {logging_mixin.py:115} INFO - [2022-08-07 07:49:59,113] {dagbag.py:508} INFO - Filling up the DagBag from /Users/pro/Documents/a_env/proj_data/lib/python3.7/site-packages/airflow/example_dags/example_branch_labels.py
[2022-08-07 07:49:59,124] {processor.py:651} INFO - DAG(s) dict_keys(['example_branch_labels']) retrieved from /Users/pro/Documents/a_env/proj_data/lib/python3.7/site-packages/airflow/example_dags/example_branch_labels.py
[2022-08-07 07:49:59,146] {logging_mixin.py:115} INFO - [2022-08-07 07:49:59,145] {dag.py:2420} INFO - Sync 1 DAGs
[2022-08-07 07:49:59,169] {logging_mixin.py:115} INFO - [2022-08-07 07:49:59,169] {dag.py:2972} INFO - Setting next_dagrun for example_branch_labels to 2022-08-05T00:00:00+00:00, run_after=2022-08-06T00:00:00+00:00
[2022-08-07 07:49:59,182] {processor.py:161} INFO - Processing /Users/pro/Documents/a_env/proj_data/lib/python3.7/site-packages/airflow/example_dags/example_branch_labels.py took 0.077 seconds
[2022-08-07 07:50:35,751] {processor.py:153} INFO - Started process (PID=92921) to work on /Users/pro/Documents/a_env/proj_data/lib/python3.7/site-packages/airflow/example_dags/example_branch_labels.py
[2022-08-07 07:50:35,753] {processor.py:641} INFO - Processing file /Users/pro/Documents/a_env/proj_data/lib/python3.7/site-packages/airflow/example_dags/example_branch_labels.py for tasks to queue
[2022-08-07 07:50:35,754] {logging_mixin.py:115} INFO - [2022-08-07 07:50:35,754] {dagbag.py:508} INFO - Filling up the DagBag from /Users/pro/Documents/a_env/proj_data/lib/python3.7/site-packages/airflow/example_dags/example_branch_labels.py
[2022-08-07 07:50:35,766] {processor.py:651} INFO - DAG(s) dict_keys(['example_branch_labels']) retrieved from /Users/pro/Documents/a_env/proj_data/lib/python3.7/site-packages/airflow/example_dags/example_branch_labels.py
[2022-08-07 07:50:35,791] {logging_mixin.py:115} INFO - [2022-08-07 07:50:35,791] {dag.py:2420} INFO - Sync 1 DAGs
[2022-08-07 07:50:35,820] {logging_mixin.py:115} INFO - [2022-08-07 07:50:35,819] {dag.py:2972} INFO - Setting next_dagrun for example_branch_labels to 2022-08-05T00:00:00+00:00, run_after=2022-08-06T00:00:00+00:00
[2022-08-07 07:50:35,833] {processor.py:161} INFO - Processing /Users/pro/Documents/a_env/proj_data/lib/python3.7/site-packages/airflow/example_dags/example_branch_labels.py took 0.087 seconds
[2022-08-07 07:51:10,309] {processor.py:153} INFO - Started process (PID=92956) to work on /Users/pro/Documents/a_env/proj_data/lib/python3.7/site-packages/airflow/example_dags/example_branch_labels.py
[2022-08-07 07:51:10,311] {processor.py:641} INFO - Processing file /Users/pro/Documents/a_env/proj_data/lib/python3.7/site-packages/airflow/example_dags/example_branch_labels.py for tasks to queue
[2022-08-07 07:51:10,312] {logging_mixin.py:115} INFO - [2022-08-07 07:51:10,312] {dagbag.py:508} INFO - Filling up the DagBag from /Users/pro/Documents/a_env/proj_data/lib/python3.7/site-packages/airflow/example_dags/example_branch_labels.py
[2022-08-07 07:51:10,322] {processor.py:651} INFO - DAG(s) dict_keys(['example_branch_labels']) retrieved from /Users/pro/Documents/a_env/proj_data/lib/python3.7/site-packages/airflow/example_dags/example_branch_labels.py
[2022-08-07 07:51:10,343] {logging_mixin.py:115} INFO - [2022-08-07 07:51:10,342] {dag.py:2420} INFO - Sync 1 DAGs
[2022-08-07 07:51:10,367] {logging_mixin.py:115} INFO - [2022-08-07 07:51:10,366] {dag.py:2972} INFO - Setting next_dagrun for example_branch_labels to 2022-08-05T00:00:00+00:00, run_after=2022-08-06T00:00:00+00:00
[2022-08-07 07:51:10,378] {processor.py:161} INFO - Processing /Users/pro/Documents/a_env/proj_data/lib/python3.7/site-packages/airflow/example_dags/example_branch_labels.py took 0.073 seconds
[2022-08-07 07:51:43,345] {processor.py:153} INFO - Started process (PID=92991) to work on /Users/pro/Documents/a_env/proj_data/lib/python3.7/site-packages/airflow/example_dags/example_branch_labels.py
[2022-08-07 07:51:43,346] {processor.py:641} INFO - Processing file /Users/pro/Documents/a_env/proj_data/lib/python3.7/site-packages/airflow/example_dags/example_branch_labels.py for tasks to queue
[2022-08-07 07:51:43,347] {logging_mixin.py:115} INFO - [2022-08-07 07:51:43,347] {dagbag.py:508} INFO - Filling up the DagBag from /Users/pro/Documents/a_env/proj_data/lib/python3.7/site-packages/airflow/example_dags/example_branch_labels.py
[2022-08-07 07:51:43,357] {processor.py:651} INFO - DAG(s) dict_keys(['example_branch_labels']) retrieved from /Users/pro/Documents/a_env/proj_data/lib/python3.7/site-packages/airflow/example_dags/example_branch_labels.py
[2022-08-07 07:51:43,380] {logging_mixin.py:115} INFO - [2022-08-07 07:51:43,379] {dag.py:2420} INFO - Sync 1 DAGs
[2022-08-07 07:51:43,401] {logging_mixin.py:115} INFO - [2022-08-07 07:51:43,401] {dag.py:2972} INFO - Setting next_dagrun for example_branch_labels to 2022-08-05T00:00:00+00:00, run_after=2022-08-06T00:00:00+00:00
[2022-08-07 07:51:43,412] {processor.py:161} INFO - Processing /Users/pro/Documents/a_env/proj_data/lib/python3.7/site-packages/airflow/example_dags/example_branch_labels.py took 0.071 seconds
[2022-08-07 07:52:21,013] {processor.py:153} INFO - Started process (PID=93029) to work on /Users/pro/Documents/a_env/proj_data/lib/python3.7/site-packages/airflow/example_dags/example_branch_labels.py
[2022-08-07 07:52:21,014] {processor.py:641} INFO - Processing file /Users/pro/Documents/a_env/proj_data/lib/python3.7/site-packages/airflow/example_dags/example_branch_labels.py for tasks to queue
[2022-08-07 07:52:21,015] {logging_mixin.py:115} INFO - [2022-08-07 07:52:21,015] {dagbag.py:508} INFO - Filling up the DagBag from /Users/pro/Documents/a_env/proj_data/lib/python3.7/site-packages/airflow/example_dags/example_branch_labels.py
[2022-08-07 07:52:21,024] {processor.py:651} INFO - DAG(s) dict_keys(['example_branch_labels']) retrieved from /Users/pro/Documents/a_env/proj_data/lib/python3.7/site-packages/airflow/example_dags/example_branch_labels.py
[2022-08-07 07:52:21,046] {logging_mixin.py:115} INFO - [2022-08-07 07:52:21,046] {dag.py:2420} INFO - Sync 1 DAGs
[2022-08-07 07:52:21,068] {logging_mixin.py:115} INFO - [2022-08-07 07:52:21,068] {dag.py:2972} INFO - Setting next_dagrun for example_branch_labels to 2022-08-05T00:00:00+00:00, run_after=2022-08-06T00:00:00+00:00
[2022-08-07 07:52:21,079] {processor.py:161} INFO - Processing /Users/pro/Documents/a_env/proj_data/lib/python3.7/site-packages/airflow/example_dags/example_branch_labels.py took 0.070 seconds
[2022-08-07 07:52:58,295] {processor.py:153} INFO - Started process (PID=93071) to work on /Users/pro/Documents/a_env/proj_data/lib/python3.7/site-packages/airflow/example_dags/example_branch_labels.py
[2022-08-07 07:52:58,296] {processor.py:641} INFO - Processing file /Users/pro/Documents/a_env/proj_data/lib/python3.7/site-packages/airflow/example_dags/example_branch_labels.py for tasks to queue
[2022-08-07 07:52:58,297] {logging_mixin.py:115} INFO - [2022-08-07 07:52:58,297] {dagbag.py:508} INFO - Filling up the DagBag from /Users/pro/Documents/a_env/proj_data/lib/python3.7/site-packages/airflow/example_dags/example_branch_labels.py
[2022-08-07 07:52:58,309] {processor.py:651} INFO - DAG(s) dict_keys(['example_branch_labels']) retrieved from /Users/pro/Documents/a_env/proj_data/lib/python3.7/site-packages/airflow/example_dags/example_branch_labels.py
[2022-08-07 07:52:58,331] {logging_mixin.py:115} INFO - [2022-08-07 07:52:58,331] {dag.py:2420} INFO - Sync 1 DAGs
[2022-08-07 07:52:58,355] {logging_mixin.py:115} INFO - [2022-08-07 07:52:58,355] {dag.py:2972} INFO - Setting next_dagrun for example_branch_labels to 2022-08-05T00:00:00+00:00, run_after=2022-08-06T00:00:00+00:00
[2022-08-07 07:52:58,369] {processor.py:161} INFO - Processing /Users/pro/Documents/a_env/proj_data/lib/python3.7/site-packages/airflow/example_dags/example_branch_labels.py took 0.078 seconds
[2022-08-07 07:53:37,388] {processor.py:153} INFO - Started process (PID=93127) to work on /Users/pro/Documents/a_env/proj_data/lib/python3.7/site-packages/airflow/example_dags/example_branch_labels.py
[2022-08-07 07:53:37,389] {processor.py:641} INFO - Processing file /Users/pro/Documents/a_env/proj_data/lib/python3.7/site-packages/airflow/example_dags/example_branch_labels.py for tasks to queue
[2022-08-07 07:53:37,390] {logging_mixin.py:115} INFO - [2022-08-07 07:53:37,390] {dagbag.py:508} INFO - Filling up the DagBag from /Users/pro/Documents/a_env/proj_data/lib/python3.7/site-packages/airflow/example_dags/example_branch_labels.py
[2022-08-07 07:53:37,401] {processor.py:651} INFO - DAG(s) dict_keys(['example_branch_labels']) retrieved from /Users/pro/Documents/a_env/proj_data/lib/python3.7/site-packages/airflow/example_dags/example_branch_labels.py
[2022-08-07 07:53:37,422] {logging_mixin.py:115} INFO - [2022-08-07 07:53:37,422] {dag.py:2420} INFO - Sync 1 DAGs
[2022-08-07 07:53:37,445] {logging_mixin.py:115} INFO - [2022-08-07 07:53:37,445] {dag.py:2972} INFO - Setting next_dagrun for example_branch_labels to 2022-08-05T00:00:00+00:00, run_after=2022-08-06T00:00:00+00:00
[2022-08-07 07:53:37,458] {processor.py:161} INFO - Processing /Users/pro/Documents/a_env/proj_data/lib/python3.7/site-packages/airflow/example_dags/example_branch_labels.py took 0.074 seconds
[2022-08-07 07:54:13,917] {processor.py:153} INFO - Started process (PID=93179) to work on /Users/pro/Documents/a_env/proj_data/lib/python3.7/site-packages/airflow/example_dags/example_branch_labels.py
[2022-08-07 07:54:13,919] {processor.py:641} INFO - Processing file /Users/pro/Documents/a_env/proj_data/lib/python3.7/site-packages/airflow/example_dags/example_branch_labels.py for tasks to queue
[2022-08-07 07:54:13,920] {logging_mixin.py:115} INFO - [2022-08-07 07:54:13,920] {dagbag.py:508} INFO - Filling up the DagBag from /Users/pro/Documents/a_env/proj_data/lib/python3.7/site-packages/airflow/example_dags/example_branch_labels.py
[2022-08-07 07:54:13,931] {processor.py:651} INFO - DAG(s) dict_keys(['example_branch_labels']) retrieved from /Users/pro/Documents/a_env/proj_data/lib/python3.7/site-packages/airflow/example_dags/example_branch_labels.py
[2022-08-07 07:54:13,956] {logging_mixin.py:115} INFO - [2022-08-07 07:54:13,955] {dag.py:2420} INFO - Sync 1 DAGs
[2022-08-07 07:54:13,977] {logging_mixin.py:115} INFO - [2022-08-07 07:54:13,977] {dag.py:2972} INFO - Setting next_dagrun for example_branch_labels to 2022-08-05T00:00:00+00:00, run_after=2022-08-06T00:00:00+00:00
[2022-08-07 07:54:13,990] {processor.py:161} INFO - Processing /Users/pro/Documents/a_env/proj_data/lib/python3.7/site-packages/airflow/example_dags/example_branch_labels.py took 0.077 seconds
[2022-08-07 07:54:49,681] {processor.py:153} INFO - Started process (PID=93220) to work on /Users/pro/Documents/a_env/proj_data/lib/python3.7/site-packages/airflow/example_dags/example_branch_labels.py
[2022-08-07 07:54:49,682] {processor.py:641} INFO - Processing file /Users/pro/Documents/a_env/proj_data/lib/python3.7/site-packages/airflow/example_dags/example_branch_labels.py for tasks to queue
[2022-08-07 07:54:49,683] {logging_mixin.py:115} INFO - [2022-08-07 07:54:49,683] {dagbag.py:508} INFO - Filling up the DagBag from /Users/pro/Documents/a_env/proj_data/lib/python3.7/site-packages/airflow/example_dags/example_branch_labels.py
[2022-08-07 07:54:49,698] {processor.py:651} INFO - DAG(s) dict_keys(['example_branch_labels']) retrieved from /Users/pro/Documents/a_env/proj_data/lib/python3.7/site-packages/airflow/example_dags/example_branch_labels.py
[2022-08-07 07:54:49,723] {logging_mixin.py:115} INFO - [2022-08-07 07:54:49,723] {dag.py:2420} INFO - Sync 1 DAGs
[2022-08-07 07:54:49,748] {logging_mixin.py:115} INFO - [2022-08-07 07:54:49,747] {dag.py:2972} INFO - Setting next_dagrun for example_branch_labels to 2022-08-05T00:00:00+00:00, run_after=2022-08-06T00:00:00+00:00
[2022-08-07 07:54:49,760] {processor.py:161} INFO - Processing /Users/pro/Documents/a_env/proj_data/lib/python3.7/site-packages/airflow/example_dags/example_branch_labels.py took 0.084 seconds
[2022-08-07 07:55:25,835] {processor.py:153} INFO - Started process (PID=93256) to work on /Users/pro/Documents/a_env/proj_data/lib/python3.7/site-packages/airflow/example_dags/example_branch_labels.py
[2022-08-07 07:55:25,837] {processor.py:641} INFO - Processing file /Users/pro/Documents/a_env/proj_data/lib/python3.7/site-packages/airflow/example_dags/example_branch_labels.py for tasks to queue
[2022-08-07 07:55:25,838] {logging_mixin.py:115} INFO - [2022-08-07 07:55:25,838] {dagbag.py:508} INFO - Filling up the DagBag from /Users/pro/Documents/a_env/proj_data/lib/python3.7/site-packages/airflow/example_dags/example_branch_labels.py
[2022-08-07 07:55:25,849] {processor.py:651} INFO - DAG(s) dict_keys(['example_branch_labels']) retrieved from /Users/pro/Documents/a_env/proj_data/lib/python3.7/site-packages/airflow/example_dags/example_branch_labels.py
[2022-08-07 07:55:25,872] {logging_mixin.py:115} INFO - [2022-08-07 07:55:25,872] {dag.py:2420} INFO - Sync 1 DAGs
[2022-08-07 07:55:25,893] {logging_mixin.py:115} INFO - [2022-08-07 07:55:25,893] {dag.py:2972} INFO - Setting next_dagrun for example_branch_labels to 2022-08-05T00:00:00+00:00, run_after=2022-08-06T00:00:00+00:00
[2022-08-07 07:55:25,904] {processor.py:161} INFO - Processing /Users/pro/Documents/a_env/proj_data/lib/python3.7/site-packages/airflow/example_dags/example_branch_labels.py took 0.073 seconds
[2022-08-07 07:56:05,406] {processor.py:153} INFO - Started process (PID=93294) to work on /Users/pro/Documents/a_env/proj_data/lib/python3.7/site-packages/airflow/example_dags/example_branch_labels.py
[2022-08-07 07:56:05,407] {processor.py:641} INFO - Processing file /Users/pro/Documents/a_env/proj_data/lib/python3.7/site-packages/airflow/example_dags/example_branch_labels.py for tasks to queue
[2022-08-07 07:56:05,409] {logging_mixin.py:115} INFO - [2022-08-07 07:56:05,408] {dagbag.py:508} INFO - Filling up the DagBag from /Users/pro/Documents/a_env/proj_data/lib/python3.7/site-packages/airflow/example_dags/example_branch_labels.py
[2022-08-07 07:56:05,421] {processor.py:651} INFO - DAG(s) dict_keys(['example_branch_labels']) retrieved from /Users/pro/Documents/a_env/proj_data/lib/python3.7/site-packages/airflow/example_dags/example_branch_labels.py
[2022-08-07 07:56:05,448] {logging_mixin.py:115} INFO - [2022-08-07 07:56:05,448] {dag.py:2420} INFO - Sync 1 DAGs
[2022-08-07 07:56:05,472] {logging_mixin.py:115} INFO - [2022-08-07 07:56:05,472] {dag.py:2972} INFO - Setting next_dagrun for example_branch_labels to 2022-08-05T00:00:00+00:00, run_after=2022-08-06T00:00:00+00:00
[2022-08-07 07:56:05,485] {processor.py:161} INFO - Processing /Users/pro/Documents/a_env/proj_data/lib/python3.7/site-packages/airflow/example_dags/example_branch_labels.py took 0.083 seconds
[2022-08-07 07:56:40,261] {processor.py:153} INFO - Started process (PID=93330) to work on /Users/pro/Documents/a_env/proj_data/lib/python3.7/site-packages/airflow/example_dags/example_branch_labels.py
[2022-08-07 07:56:40,263] {processor.py:641} INFO - Processing file /Users/pro/Documents/a_env/proj_data/lib/python3.7/site-packages/airflow/example_dags/example_branch_labels.py for tasks to queue
[2022-08-07 07:56:40,264] {logging_mixin.py:115} INFO - [2022-08-07 07:56:40,264] {dagbag.py:508} INFO - Filling up the DagBag from /Users/pro/Documents/a_env/proj_data/lib/python3.7/site-packages/airflow/example_dags/example_branch_labels.py
[2022-08-07 07:56:40,274] {processor.py:651} INFO - DAG(s) dict_keys(['example_branch_labels']) retrieved from /Users/pro/Documents/a_env/proj_data/lib/python3.7/site-packages/airflow/example_dags/example_branch_labels.py
[2022-08-07 07:56:40,299] {logging_mixin.py:115} INFO - [2022-08-07 07:56:40,298] {dag.py:2420} INFO - Sync 1 DAGs
[2022-08-07 07:56:40,319] {logging_mixin.py:115} INFO - [2022-08-07 07:56:40,319] {dag.py:2972} INFO - Setting next_dagrun for example_branch_labels to 2022-08-05T00:00:00+00:00, run_after=2022-08-06T00:00:00+00:00
[2022-08-07 07:56:40,331] {processor.py:161} INFO - Processing /Users/pro/Documents/a_env/proj_data/lib/python3.7/site-packages/airflow/example_dags/example_branch_labels.py took 0.074 seconds
[2022-08-07 07:57:19,987] {processor.py:153} INFO - Started process (PID=93373) to work on /Users/pro/Documents/a_env/proj_data/lib/python3.7/site-packages/airflow/example_dags/example_branch_labels.py
[2022-08-07 07:57:19,988] {processor.py:641} INFO - Processing file /Users/pro/Documents/a_env/proj_data/lib/python3.7/site-packages/airflow/example_dags/example_branch_labels.py for tasks to queue
[2022-08-07 07:57:19,989] {logging_mixin.py:115} INFO - [2022-08-07 07:57:19,989] {dagbag.py:508} INFO - Filling up the DagBag from /Users/pro/Documents/a_env/proj_data/lib/python3.7/site-packages/airflow/example_dags/example_branch_labels.py
[2022-08-07 07:57:20,000] {processor.py:651} INFO - DAG(s) dict_keys(['example_branch_labels']) retrieved from /Users/pro/Documents/a_env/proj_data/lib/python3.7/site-packages/airflow/example_dags/example_branch_labels.py
[2022-08-07 07:57:20,031] {logging_mixin.py:115} INFO - [2022-08-07 07:57:20,031] {dag.py:2420} INFO - Sync 1 DAGs
[2022-08-07 07:57:20,056] {logging_mixin.py:115} INFO - [2022-08-07 07:57:20,055] {dag.py:2972} INFO - Setting next_dagrun for example_branch_labels to 2022-08-05T00:00:00+00:00, run_after=2022-08-06T00:00:00+00:00
[2022-08-07 07:57:20,071] {processor.py:161} INFO - Processing /Users/pro/Documents/a_env/proj_data/lib/python3.7/site-packages/airflow/example_dags/example_branch_labels.py took 0.089 seconds
[2022-08-07 07:57:52,551] {processor.py:153} INFO - Started process (PID=93414) to work on /Users/pro/Documents/a_env/proj_data/lib/python3.7/site-packages/airflow/example_dags/example_branch_labels.py
[2022-08-07 07:57:52,552] {processor.py:641} INFO - Processing file /Users/pro/Documents/a_env/proj_data/lib/python3.7/site-packages/airflow/example_dags/example_branch_labels.py for tasks to queue
[2022-08-07 07:57:52,553] {logging_mixin.py:115} INFO - [2022-08-07 07:57:52,553] {dagbag.py:508} INFO - Filling up the DagBag from /Users/pro/Documents/a_env/proj_data/lib/python3.7/site-packages/airflow/example_dags/example_branch_labels.py
[2022-08-07 07:57:52,564] {processor.py:651} INFO - DAG(s) dict_keys(['example_branch_labels']) retrieved from /Users/pro/Documents/a_env/proj_data/lib/python3.7/site-packages/airflow/example_dags/example_branch_labels.py
[2022-08-07 07:57:52,592] {logging_mixin.py:115} INFO - [2022-08-07 07:57:52,591] {dag.py:2420} INFO - Sync 1 DAGs
[2022-08-07 07:57:52,613] {logging_mixin.py:115} INFO - [2022-08-07 07:57:52,613] {dag.py:2972} INFO - Setting next_dagrun for example_branch_labels to 2022-08-05T00:00:00+00:00, run_after=2022-08-06T00:00:00+00:00
[2022-08-07 07:57:52,626] {processor.py:161} INFO - Processing /Users/pro/Documents/a_env/proj_data/lib/python3.7/site-packages/airflow/example_dags/example_branch_labels.py took 0.080 seconds
[2022-08-07 07:58:28,654] {processor.py:153} INFO - Started process (PID=93455) to work on /Users/pro/Documents/a_env/proj_data/lib/python3.7/site-packages/airflow/example_dags/example_branch_labels.py
[2022-08-07 07:58:28,656] {processor.py:641} INFO - Processing file /Users/pro/Documents/a_env/proj_data/lib/python3.7/site-packages/airflow/example_dags/example_branch_labels.py for tasks to queue
[2022-08-07 07:58:28,657] {logging_mixin.py:115} INFO - [2022-08-07 07:58:28,657] {dagbag.py:508} INFO - Filling up the DagBag from /Users/pro/Documents/a_env/proj_data/lib/python3.7/site-packages/airflow/example_dags/example_branch_labels.py
[2022-08-07 07:58:28,669] {processor.py:651} INFO - DAG(s) dict_keys(['example_branch_labels']) retrieved from /Users/pro/Documents/a_env/proj_data/lib/python3.7/site-packages/airflow/example_dags/example_branch_labels.py
[2022-08-07 07:58:28,692] {logging_mixin.py:115} INFO - [2022-08-07 07:58:28,691] {dag.py:2420} INFO - Sync 1 DAGs
[2022-08-07 07:58:28,711] {logging_mixin.py:115} INFO - [2022-08-07 07:58:28,711] {dag.py:2972} INFO - Setting next_dagrun for example_branch_labels to 2022-08-05T00:00:00+00:00, run_after=2022-08-06T00:00:00+00:00
[2022-08-07 07:58:28,725] {processor.py:161} INFO - Processing /Users/pro/Documents/a_env/proj_data/lib/python3.7/site-packages/airflow/example_dags/example_branch_labels.py took 0.075 seconds
[2022-08-07 07:59:05,845] {processor.py:153} INFO - Started process (PID=93493) to work on /Users/pro/Documents/a_env/proj_data/lib/python3.7/site-packages/airflow/example_dags/example_branch_labels.py
[2022-08-07 07:59:05,846] {processor.py:641} INFO - Processing file /Users/pro/Documents/a_env/proj_data/lib/python3.7/site-packages/airflow/example_dags/example_branch_labels.py for tasks to queue
[2022-08-07 07:59:05,847] {logging_mixin.py:115} INFO - [2022-08-07 07:59:05,847] {dagbag.py:508} INFO - Filling up the DagBag from /Users/pro/Documents/a_env/proj_data/lib/python3.7/site-packages/airflow/example_dags/example_branch_labels.py
[2022-08-07 07:59:05,856] {processor.py:651} INFO - DAG(s) dict_keys(['example_branch_labels']) retrieved from /Users/pro/Documents/a_env/proj_data/lib/python3.7/site-packages/airflow/example_dags/example_branch_labels.py
[2022-08-07 07:59:05,880] {logging_mixin.py:115} INFO - [2022-08-07 07:59:05,879] {dag.py:2420} INFO - Sync 1 DAGs
[2022-08-07 07:59:05,901] {logging_mixin.py:115} INFO - [2022-08-07 07:59:05,900] {dag.py:2972} INFO - Setting next_dagrun for example_branch_labels to 2022-08-05T00:00:00+00:00, run_after=2022-08-06T00:00:00+00:00
[2022-08-07 07:59:05,912] {processor.py:161} INFO - Processing /Users/pro/Documents/a_env/proj_data/lib/python3.7/site-packages/airflow/example_dags/example_branch_labels.py took 0.071 seconds
[2022-08-07 07:59:39,677] {processor.py:153} INFO - Started process (PID=93531) to work on /Users/pro/Documents/a_env/proj_data/lib/python3.7/site-packages/airflow/example_dags/example_branch_labels.py
[2022-08-07 07:59:39,679] {processor.py:641} INFO - Processing file /Users/pro/Documents/a_env/proj_data/lib/python3.7/site-packages/airflow/example_dags/example_branch_labels.py for tasks to queue
[2022-08-07 07:59:39,680] {logging_mixin.py:115} INFO - [2022-08-07 07:59:39,680] {dagbag.py:508} INFO - Filling up the DagBag from /Users/pro/Documents/a_env/proj_data/lib/python3.7/site-packages/airflow/example_dags/example_branch_labels.py
[2022-08-07 07:59:39,690] {processor.py:651} INFO - DAG(s) dict_keys(['example_branch_labels']) retrieved from /Users/pro/Documents/a_env/proj_data/lib/python3.7/site-packages/airflow/example_dags/example_branch_labels.py
[2022-08-07 07:59:39,714] {logging_mixin.py:115} INFO - [2022-08-07 07:59:39,714] {dag.py:2420} INFO - Sync 1 DAGs
[2022-08-07 07:59:39,733] {logging_mixin.py:115} INFO - [2022-08-07 07:59:39,733] {dag.py:2972} INFO - Setting next_dagrun for example_branch_labels to 2022-08-05T00:00:00+00:00, run_after=2022-08-06T00:00:00+00:00
[2022-08-07 07:59:39,746] {processor.py:161} INFO - Processing /Users/pro/Documents/a_env/proj_data/lib/python3.7/site-packages/airflow/example_dags/example_branch_labels.py took 0.073 seconds
