[2022-08-06 21:09:42,898] {processor.py:153} INFO - Started process (PID=91543) to work on /Users/pro/Documents/a_env/proj_data/lib/python3.7/site-packages/airflow/example_dags/example_time_delta_sensor_async.py
[2022-08-06 21:09:42,933] {processor.py:641} INFO - Processing file /Users/pro/Documents/a_env/proj_data/lib/python3.7/site-packages/airflow/example_dags/example_time_delta_sensor_async.py for tasks to queue
[2022-08-06 21:09:42,934] {logging_mixin.py:115} INFO - [2022-08-06 21:09:42,933] {dagbag.py:508} INFO - Filling up the DagBag from /Users/pro/Documents/a_env/proj_data/lib/python3.7/site-packages/airflow/example_dags/example_time_delta_sensor_async.py
[2022-08-06 21:09:42,944] {processor.py:651} INFO - DAG(s) dict_keys(['example_time_delta_sensor_async']) retrieved from /Users/pro/Documents/a_env/proj_data/lib/python3.7/site-packages/airflow/example_dags/example_time_delta_sensor_async.py
[2022-08-06 21:09:43,032] {logging_mixin.py:115} INFO - [2022-08-06 21:09:43,032] {dag.py:2420} INFO - Sync 1 DAGs
[2022-08-06 21:09:43,051] {logging_mixin.py:115} INFO - [2022-08-06 21:09:43,051] {dag.py:2972} INFO - Setting next_dagrun for example_time_delta_sensor_async to None, run_after=None
[2022-08-06 21:09:43,114] {processor.py:161} INFO - Processing /Users/pro/Documents/a_env/proj_data/lib/python3.7/site-packages/airflow/example_dags/example_time_delta_sensor_async.py took 0.220 seconds
[2022-08-06 21:10:19,163] {processor.py:153} INFO - Started process (PID=91591) to work on /Users/pro/Documents/a_env/proj_data/lib/python3.7/site-packages/airflow/example_dags/example_time_delta_sensor_async.py
[2022-08-06 21:10:19,166] {processor.py:641} INFO - Processing file /Users/pro/Documents/a_env/proj_data/lib/python3.7/site-packages/airflow/example_dags/example_time_delta_sensor_async.py for tasks to queue
[2022-08-06 21:10:19,167] {logging_mixin.py:115} INFO - [2022-08-06 21:10:19,166] {dagbag.py:508} INFO - Filling up the DagBag from /Users/pro/Documents/a_env/proj_data/lib/python3.7/site-packages/airflow/example_dags/example_time_delta_sensor_async.py
[2022-08-06 21:10:19,176] {processor.py:651} INFO - DAG(s) dict_keys(['example_time_delta_sensor_async']) retrieved from /Users/pro/Documents/a_env/proj_data/lib/python3.7/site-packages/airflow/example_dags/example_time_delta_sensor_async.py
[2022-08-06 21:10:19,223] {logging_mixin.py:115} INFO - [2022-08-06 21:10:19,222] {dag.py:2420} INFO - Sync 1 DAGs
[2022-08-06 21:10:19,242] {logging_mixin.py:115} INFO - [2022-08-06 21:10:19,241] {dag.py:2972} INFO - Setting next_dagrun for example_time_delta_sensor_async to None, run_after=None
[2022-08-06 21:10:19,259] {processor.py:161} INFO - Processing /Users/pro/Documents/a_env/proj_data/lib/python3.7/site-packages/airflow/example_dags/example_time_delta_sensor_async.py took 0.101 seconds
[2022-08-06 21:10:53,859] {processor.py:153} INFO - Started process (PID=91637) to work on /Users/pro/Documents/a_env/proj_data/lib/python3.7/site-packages/airflow/example_dags/example_time_delta_sensor_async.py
[2022-08-06 21:10:53,860] {processor.py:641} INFO - Processing file /Users/pro/Documents/a_env/proj_data/lib/python3.7/site-packages/airflow/example_dags/example_time_delta_sensor_async.py for tasks to queue
[2022-08-06 21:10:53,861] {logging_mixin.py:115} INFO - [2022-08-06 21:10:53,861] {dagbag.py:508} INFO - Filling up the DagBag from /Users/pro/Documents/a_env/proj_data/lib/python3.7/site-packages/airflow/example_dags/example_time_delta_sensor_async.py
[2022-08-06 21:10:53,871] {processor.py:651} INFO - DAG(s) dict_keys(['example_time_delta_sensor_async']) retrieved from /Users/pro/Documents/a_env/proj_data/lib/python3.7/site-packages/airflow/example_dags/example_time_delta_sensor_async.py
[2022-08-06 21:10:53,900] {logging_mixin.py:115} INFO - [2022-08-06 21:10:53,900] {dag.py:2420} INFO - Sync 1 DAGs
[2022-08-06 21:10:53,919] {logging_mixin.py:115} INFO - [2022-08-06 21:10:53,919] {dag.py:2972} INFO - Setting next_dagrun for example_time_delta_sensor_async to None, run_after=None
[2022-08-06 21:10:53,933] {processor.py:161} INFO - Processing /Users/pro/Documents/a_env/proj_data/lib/python3.7/site-packages/airflow/example_dags/example_time_delta_sensor_async.py took 0.079 seconds
[2022-08-06 21:11:29,225] {processor.py:153} INFO - Started process (PID=91681) to work on /Users/pro/Documents/a_env/proj_data/lib/python3.7/site-packages/airflow/example_dags/example_time_delta_sensor_async.py
[2022-08-06 21:11:29,227] {processor.py:641} INFO - Processing file /Users/pro/Documents/a_env/proj_data/lib/python3.7/site-packages/airflow/example_dags/example_time_delta_sensor_async.py for tasks to queue
[2022-08-06 21:11:29,228] {logging_mixin.py:115} INFO - [2022-08-06 21:11:29,227] {dagbag.py:508} INFO - Filling up the DagBag from /Users/pro/Documents/a_env/proj_data/lib/python3.7/site-packages/airflow/example_dags/example_time_delta_sensor_async.py
[2022-08-06 21:11:29,237] {processor.py:651} INFO - DAG(s) dict_keys(['example_time_delta_sensor_async']) retrieved from /Users/pro/Documents/a_env/proj_data/lib/python3.7/site-packages/airflow/example_dags/example_time_delta_sensor_async.py
[2022-08-06 21:11:29,286] {logging_mixin.py:115} INFO - [2022-08-06 21:11:29,285] {dag.py:2420} INFO - Sync 1 DAGs
[2022-08-06 21:11:29,309] {logging_mixin.py:115} INFO - [2022-08-06 21:11:29,309] {dag.py:2972} INFO - Setting next_dagrun for example_time_delta_sensor_async to None, run_after=None
[2022-08-06 21:11:29,324] {processor.py:161} INFO - Processing /Users/pro/Documents/a_env/proj_data/lib/python3.7/site-packages/airflow/example_dags/example_time_delta_sensor_async.py took 0.103 seconds
[2022-08-06 22:03:10,868] {processor.py:153} INFO - Started process (PID=91752) to work on /Users/pro/Documents/a_env/proj_data/lib/python3.7/site-packages/airflow/example_dags/example_time_delta_sensor_async.py
[2022-08-06 22:03:10,870] {processor.py:641} INFO - Processing file /Users/pro/Documents/a_env/proj_data/lib/python3.7/site-packages/airflow/example_dags/example_time_delta_sensor_async.py for tasks to queue
[2022-08-06 22:03:10,871] {logging_mixin.py:115} INFO - [2022-08-06 22:03:10,870] {dagbag.py:508} INFO - Filling up the DagBag from /Users/pro/Documents/a_env/proj_data/lib/python3.7/site-packages/airflow/example_dags/example_time_delta_sensor_async.py
[2022-08-06 22:03:10,881] {processor.py:651} INFO - DAG(s) dict_keys(['example_time_delta_sensor_async']) retrieved from /Users/pro/Documents/a_env/proj_data/lib/python3.7/site-packages/airflow/example_dags/example_time_delta_sensor_async.py
[2022-08-06 22:03:10,910] {logging_mixin.py:115} INFO - [2022-08-06 22:03:10,910] {dag.py:2420} INFO - Sync 1 DAGs
[2022-08-06 22:03:10,930] {logging_mixin.py:115} INFO - [2022-08-06 22:03:10,929] {dag.py:2972} INFO - Setting next_dagrun for example_time_delta_sensor_async to None, run_after=None
[2022-08-06 22:03:10,941] {processor.py:161} INFO - Processing /Users/pro/Documents/a_env/proj_data/lib/python3.7/site-packages/airflow/example_dags/example_time_delta_sensor_async.py took 0.076 seconds
[2022-08-06 23:51:17,887] {processor.py:153} INFO - Started process (PID=91811) to work on /Users/pro/Documents/a_env/proj_data/lib/python3.7/site-packages/airflow/example_dags/example_time_delta_sensor_async.py
[2022-08-06 23:51:17,890] {processor.py:641} INFO - Processing file /Users/pro/Documents/a_env/proj_data/lib/python3.7/site-packages/airflow/example_dags/example_time_delta_sensor_async.py for tasks to queue
[2022-08-06 23:51:17,891] {logging_mixin.py:115} INFO - [2022-08-06 23:51:17,891] {dagbag.py:508} INFO - Filling up the DagBag from /Users/pro/Documents/a_env/proj_data/lib/python3.7/site-packages/airflow/example_dags/example_time_delta_sensor_async.py
[2022-08-06 23:51:17,901] {processor.py:651} INFO - DAG(s) dict_keys(['example_time_delta_sensor_async']) retrieved from /Users/pro/Documents/a_env/proj_data/lib/python3.7/site-packages/airflow/example_dags/example_time_delta_sensor_async.py
[2022-08-06 23:51:17,952] {logging_mixin.py:115} INFO - [2022-08-06 23:51:17,951] {dag.py:2420} INFO - Sync 1 DAGs
[2022-08-06 23:51:17,978] {logging_mixin.py:115} INFO - [2022-08-06 23:51:17,978] {dag.py:2972} INFO - Setting next_dagrun for example_time_delta_sensor_async to None, run_after=None
[2022-08-06 23:51:17,991] {processor.py:161} INFO - Processing /Users/pro/Documents/a_env/proj_data/lib/python3.7/site-packages/airflow/example_dags/example_time_delta_sensor_async.py took 0.109 seconds
[2022-08-07 03:14:57,473] {processor.py:153} INFO - Started process (PID=91887) to work on /Users/pro/Documents/a_env/proj_data/lib/python3.7/site-packages/airflow/example_dags/example_time_delta_sensor_async.py
[2022-08-07 03:14:57,474] {processor.py:641} INFO - Processing file /Users/pro/Documents/a_env/proj_data/lib/python3.7/site-packages/airflow/example_dags/example_time_delta_sensor_async.py for tasks to queue
[2022-08-07 03:14:57,475] {logging_mixin.py:115} INFO - [2022-08-07 03:14:57,475] {dagbag.py:508} INFO - Filling up the DagBag from /Users/pro/Documents/a_env/proj_data/lib/python3.7/site-packages/airflow/example_dags/example_time_delta_sensor_async.py
[2022-08-07 03:14:57,484] {processor.py:651} INFO - DAG(s) dict_keys(['example_time_delta_sensor_async']) retrieved from /Users/pro/Documents/a_env/proj_data/lib/python3.7/site-packages/airflow/example_dags/example_time_delta_sensor_async.py
[2022-08-07 03:14:57,512] {logging_mixin.py:115} INFO - [2022-08-07 03:14:57,512] {dag.py:2420} INFO - Sync 1 DAGs
[2022-08-07 03:14:57,530] {logging_mixin.py:115} INFO - [2022-08-07 03:14:57,529] {dag.py:2972} INFO - Setting next_dagrun for example_time_delta_sensor_async to None, run_after=None
[2022-08-07 03:14:57,542] {processor.py:161} INFO - Processing /Users/pro/Documents/a_env/proj_data/lib/python3.7/site-packages/airflow/example_dags/example_time_delta_sensor_async.py took 0.074 seconds
[2022-08-07 04:20:55,456] {processor.py:153} INFO - Started process (PID=91972) to work on /Users/pro/Documents/a_env/proj_data/lib/python3.7/site-packages/airflow/example_dags/example_time_delta_sensor_async.py
[2022-08-07 04:20:55,458] {processor.py:641} INFO - Processing file /Users/pro/Documents/a_env/proj_data/lib/python3.7/site-packages/airflow/example_dags/example_time_delta_sensor_async.py for tasks to queue
[2022-08-07 04:20:55,459] {logging_mixin.py:115} INFO - [2022-08-07 04:20:55,459] {dagbag.py:508} INFO - Filling up the DagBag from /Users/pro/Documents/a_env/proj_data/lib/python3.7/site-packages/airflow/example_dags/example_time_delta_sensor_async.py
[2022-08-07 04:20:55,468] {processor.py:651} INFO - DAG(s) dict_keys(['example_time_delta_sensor_async']) retrieved from /Users/pro/Documents/a_env/proj_data/lib/python3.7/site-packages/airflow/example_dags/example_time_delta_sensor_async.py
[2022-08-07 04:20:55,500] {logging_mixin.py:115} INFO - [2022-08-07 04:20:55,499] {dag.py:2420} INFO - Sync 1 DAGs
[2022-08-07 04:20:55,521] {logging_mixin.py:115} INFO - [2022-08-07 04:20:55,520] {dag.py:2972} INFO - Setting next_dagrun for example_time_delta_sensor_async to None, run_after=None
[2022-08-07 04:20:55,534] {processor.py:161} INFO - Processing /Users/pro/Documents/a_env/proj_data/lib/python3.7/site-packages/airflow/example_dags/example_time_delta_sensor_async.py took 0.083 seconds
[2022-08-07 07:38:56,538] {processor.py:153} INFO - Started process (PID=92069) to work on /Users/pro/Documents/a_env/proj_data/lib/python3.7/site-packages/airflow/example_dags/example_time_delta_sensor_async.py
[2022-08-07 07:38:56,539] {processor.py:641} INFO - Processing file /Users/pro/Documents/a_env/proj_data/lib/python3.7/site-packages/airflow/example_dags/example_time_delta_sensor_async.py for tasks to queue
[2022-08-07 07:38:56,540] {logging_mixin.py:115} INFO - [2022-08-07 07:38:56,540] {dagbag.py:508} INFO - Filling up the DagBag from /Users/pro/Documents/a_env/proj_data/lib/python3.7/site-packages/airflow/example_dags/example_time_delta_sensor_async.py
[2022-08-07 07:38:56,548] {processor.py:651} INFO - DAG(s) dict_keys(['example_time_delta_sensor_async']) retrieved from /Users/pro/Documents/a_env/proj_data/lib/python3.7/site-packages/airflow/example_dags/example_time_delta_sensor_async.py
[2022-08-07 07:38:56,579] {logging_mixin.py:115} INFO - [2022-08-07 07:38:56,579] {dag.py:2420} INFO - Sync 1 DAGs
[2022-08-07 07:38:56,600] {logging_mixin.py:115} INFO - [2022-08-07 07:38:56,599] {dag.py:2972} INFO - Setting next_dagrun for example_time_delta_sensor_async to None, run_after=None
[2022-08-07 07:38:56,614] {processor.py:161} INFO - Processing /Users/pro/Documents/a_env/proj_data/lib/python3.7/site-packages/airflow/example_dags/example_time_delta_sensor_async.py took 0.081 seconds
[2022-08-07 07:39:31,734] {processor.py:153} INFO - Started process (PID=92110) to work on /Users/pro/Documents/a_env/proj_data/lib/python3.7/site-packages/airflow/example_dags/example_time_delta_sensor_async.py
[2022-08-07 07:39:31,736] {processor.py:641} INFO - Processing file /Users/pro/Documents/a_env/proj_data/lib/python3.7/site-packages/airflow/example_dags/example_time_delta_sensor_async.py for tasks to queue
[2022-08-07 07:39:31,737] {logging_mixin.py:115} INFO - [2022-08-07 07:39:31,737] {dagbag.py:508} INFO - Filling up the DagBag from /Users/pro/Documents/a_env/proj_data/lib/python3.7/site-packages/airflow/example_dags/example_time_delta_sensor_async.py
[2022-08-07 07:39:31,747] {processor.py:651} INFO - DAG(s) dict_keys(['example_time_delta_sensor_async']) retrieved from /Users/pro/Documents/a_env/proj_data/lib/python3.7/site-packages/airflow/example_dags/example_time_delta_sensor_async.py
[2022-08-07 07:39:31,791] {logging_mixin.py:115} INFO - [2022-08-07 07:39:31,791] {dag.py:2420} INFO - Sync 1 DAGs
[2022-08-07 07:39:31,813] {logging_mixin.py:115} INFO - [2022-08-07 07:39:31,813] {dag.py:2972} INFO - Setting next_dagrun for example_time_delta_sensor_async to None, run_after=None
[2022-08-07 07:39:31,826] {processor.py:161} INFO - Processing /Users/pro/Documents/a_env/proj_data/lib/python3.7/site-packages/airflow/example_dags/example_time_delta_sensor_async.py took 0.096 seconds
[2022-08-07 07:40:06,394] {processor.py:153} INFO - Started process (PID=92191) to work on /Users/pro/Documents/a_env/proj_data/lib/python3.7/site-packages/airflow/example_dags/example_time_delta_sensor_async.py
[2022-08-07 07:40:06,395] {processor.py:641} INFO - Processing file /Users/pro/Documents/a_env/proj_data/lib/python3.7/site-packages/airflow/example_dags/example_time_delta_sensor_async.py for tasks to queue
[2022-08-07 07:40:06,397] {logging_mixin.py:115} INFO - [2022-08-07 07:40:06,397] {dagbag.py:508} INFO - Filling up the DagBag from /Users/pro/Documents/a_env/proj_data/lib/python3.7/site-packages/airflow/example_dags/example_time_delta_sensor_async.py
[2022-08-07 07:40:06,413] {processor.py:651} INFO - DAG(s) dict_keys(['example_time_delta_sensor_async']) retrieved from /Users/pro/Documents/a_env/proj_data/lib/python3.7/site-packages/airflow/example_dags/example_time_delta_sensor_async.py
[2022-08-07 07:40:06,481] {logging_mixin.py:115} INFO - [2022-08-07 07:40:06,480] {dag.py:2420} INFO - Sync 1 DAGs
[2022-08-07 07:40:06,508] {logging_mixin.py:115} INFO - [2022-08-07 07:40:06,507] {dag.py:2972} INFO - Setting next_dagrun for example_time_delta_sensor_async to None, run_after=None
[2022-08-07 07:40:06,522] {processor.py:161} INFO - Processing /Users/pro/Documents/a_env/proj_data/lib/python3.7/site-packages/airflow/example_dags/example_time_delta_sensor_async.py took 0.134 seconds
[2022-08-07 07:40:42,210] {processor.py:153} INFO - Started process (PID=92251) to work on /Users/pro/Documents/a_env/proj_data/lib/python3.7/site-packages/airflow/example_dags/example_time_delta_sensor_async.py
[2022-08-07 07:40:42,211] {processor.py:641} INFO - Processing file /Users/pro/Documents/a_env/proj_data/lib/python3.7/site-packages/airflow/example_dags/example_time_delta_sensor_async.py for tasks to queue
[2022-08-07 07:40:42,212] {logging_mixin.py:115} INFO - [2022-08-07 07:40:42,212] {dagbag.py:508} INFO - Filling up the DagBag from /Users/pro/Documents/a_env/proj_data/lib/python3.7/site-packages/airflow/example_dags/example_time_delta_sensor_async.py
[2022-08-07 07:40:42,224] {processor.py:651} INFO - DAG(s) dict_keys(['example_time_delta_sensor_async']) retrieved from /Users/pro/Documents/a_env/proj_data/lib/python3.7/site-packages/airflow/example_dags/example_time_delta_sensor_async.py
[2022-08-07 07:40:42,323] {logging_mixin.py:115} INFO - [2022-08-07 07:40:42,323] {dag.py:2420} INFO - Sync 1 DAGs
[2022-08-07 07:40:42,354] {logging_mixin.py:115} INFO - [2022-08-07 07:40:42,354] {dag.py:2972} INFO - Setting next_dagrun for example_time_delta_sensor_async to None, run_after=None
[2022-08-07 07:40:42,403] {processor.py:161} INFO - Processing /Users/pro/Documents/a_env/proj_data/lib/python3.7/site-packages/airflow/example_dags/example_time_delta_sensor_async.py took 0.199 seconds
[2022-08-07 07:41:18,307] {processor.py:153} INFO - Started process (PID=92299) to work on /Users/pro/Documents/a_env/proj_data/lib/python3.7/site-packages/airflow/example_dags/example_time_delta_sensor_async.py
[2022-08-07 07:41:18,309] {processor.py:641} INFO - Processing file /Users/pro/Documents/a_env/proj_data/lib/python3.7/site-packages/airflow/example_dags/example_time_delta_sensor_async.py for tasks to queue
[2022-08-07 07:41:18,310] {logging_mixin.py:115} INFO - [2022-08-07 07:41:18,310] {dagbag.py:508} INFO - Filling up the DagBag from /Users/pro/Documents/a_env/proj_data/lib/python3.7/site-packages/airflow/example_dags/example_time_delta_sensor_async.py
[2022-08-07 07:41:18,320] {processor.py:651} INFO - DAG(s) dict_keys(['example_time_delta_sensor_async']) retrieved from /Users/pro/Documents/a_env/proj_data/lib/python3.7/site-packages/airflow/example_dags/example_time_delta_sensor_async.py
[2022-08-07 07:41:18,367] {logging_mixin.py:115} INFO - [2022-08-07 07:41:18,367] {dag.py:2420} INFO - Sync 1 DAGs
[2022-08-07 07:41:18,389] {logging_mixin.py:115} INFO - [2022-08-07 07:41:18,388] {dag.py:2972} INFO - Setting next_dagrun for example_time_delta_sensor_async to None, run_after=None
[2022-08-07 07:41:18,401] {processor.py:161} INFO - Processing /Users/pro/Documents/a_env/proj_data/lib/python3.7/site-packages/airflow/example_dags/example_time_delta_sensor_async.py took 0.099 seconds
[2022-08-07 07:41:50,333] {processor.py:153} INFO - Started process (PID=92342) to work on /Users/pro/Documents/a_env/proj_data/lib/python3.7/site-packages/airflow/example_dags/example_time_delta_sensor_async.py
[2022-08-07 07:41:50,335] {processor.py:641} INFO - Processing file /Users/pro/Documents/a_env/proj_data/lib/python3.7/site-packages/airflow/example_dags/example_time_delta_sensor_async.py for tasks to queue
[2022-08-07 07:41:50,336] {logging_mixin.py:115} INFO - [2022-08-07 07:41:50,336] {dagbag.py:508} INFO - Filling up the DagBag from /Users/pro/Documents/a_env/proj_data/lib/python3.7/site-packages/airflow/example_dags/example_time_delta_sensor_async.py
[2022-08-07 07:41:50,346] {processor.py:651} INFO - DAG(s) dict_keys(['example_time_delta_sensor_async']) retrieved from /Users/pro/Documents/a_env/proj_data/lib/python3.7/site-packages/airflow/example_dags/example_time_delta_sensor_async.py
[2022-08-07 07:41:50,394] {logging_mixin.py:115} INFO - [2022-08-07 07:41:50,393] {dag.py:2420} INFO - Sync 1 DAGs
[2022-08-07 07:41:50,416] {logging_mixin.py:115} INFO - [2022-08-07 07:41:50,415] {dag.py:2972} INFO - Setting next_dagrun for example_time_delta_sensor_async to None, run_after=None
[2022-08-07 07:41:50,430] {processor.py:161} INFO - Processing /Users/pro/Documents/a_env/proj_data/lib/python3.7/site-packages/airflow/example_dags/example_time_delta_sensor_async.py took 0.101 seconds
[2022-08-07 07:42:26,077] {processor.py:153} INFO - Started process (PID=92377) to work on /Users/pro/Documents/a_env/proj_data/lib/python3.7/site-packages/airflow/example_dags/example_time_delta_sensor_async.py
[2022-08-07 07:42:26,078] {processor.py:641} INFO - Processing file /Users/pro/Documents/a_env/proj_data/lib/python3.7/site-packages/airflow/example_dags/example_time_delta_sensor_async.py for tasks to queue
[2022-08-07 07:42:26,079] {logging_mixin.py:115} INFO - [2022-08-07 07:42:26,079] {dagbag.py:508} INFO - Filling up the DagBag from /Users/pro/Documents/a_env/proj_data/lib/python3.7/site-packages/airflow/example_dags/example_time_delta_sensor_async.py
[2022-08-07 07:42:26,087] {processor.py:651} INFO - DAG(s) dict_keys(['example_time_delta_sensor_async']) retrieved from /Users/pro/Documents/a_env/proj_data/lib/python3.7/site-packages/airflow/example_dags/example_time_delta_sensor_async.py
[2022-08-07 07:42:26,117] {logging_mixin.py:115} INFO - [2022-08-07 07:42:26,117] {dag.py:2420} INFO - Sync 1 DAGs
[2022-08-07 07:42:26,143] {logging_mixin.py:115} INFO - [2022-08-07 07:42:26,143] {dag.py:2972} INFO - Setting next_dagrun for example_time_delta_sensor_async to None, run_after=None
[2022-08-07 07:42:26,157] {processor.py:161} INFO - Processing /Users/pro/Documents/a_env/proj_data/lib/python3.7/site-packages/airflow/example_dags/example_time_delta_sensor_async.py took 0.085 seconds
[2022-08-07 07:42:58,821] {processor.py:153} INFO - Started process (PID=92415) to work on /Users/pro/Documents/a_env/proj_data/lib/python3.7/site-packages/airflow/example_dags/example_time_delta_sensor_async.py
[2022-08-07 07:42:58,823] {processor.py:641} INFO - Processing file /Users/pro/Documents/a_env/proj_data/lib/python3.7/site-packages/airflow/example_dags/example_time_delta_sensor_async.py for tasks to queue
[2022-08-07 07:42:58,824] {logging_mixin.py:115} INFO - [2022-08-07 07:42:58,824] {dagbag.py:508} INFO - Filling up the DagBag from /Users/pro/Documents/a_env/proj_data/lib/python3.7/site-packages/airflow/example_dags/example_time_delta_sensor_async.py
[2022-08-07 07:42:58,835] {processor.py:651} INFO - DAG(s) dict_keys(['example_time_delta_sensor_async']) retrieved from /Users/pro/Documents/a_env/proj_data/lib/python3.7/site-packages/airflow/example_dags/example_time_delta_sensor_async.py
[2022-08-07 07:42:58,886] {logging_mixin.py:115} INFO - [2022-08-07 07:42:58,885] {dag.py:2420} INFO - Sync 1 DAGs
[2022-08-07 07:42:58,907] {logging_mixin.py:115} INFO - [2022-08-07 07:42:58,907] {dag.py:2972} INFO - Setting next_dagrun for example_time_delta_sensor_async to None, run_after=None
[2022-08-07 07:42:58,921] {processor.py:161} INFO - Processing /Users/pro/Documents/a_env/proj_data/lib/python3.7/site-packages/airflow/example_dags/example_time_delta_sensor_async.py took 0.104 seconds
[2022-08-07 07:43:34,092] {processor.py:153} INFO - Started process (PID=92453) to work on /Users/pro/Documents/a_env/proj_data/lib/python3.7/site-packages/airflow/example_dags/example_time_delta_sensor_async.py
[2022-08-07 07:43:34,094] {processor.py:641} INFO - Processing file /Users/pro/Documents/a_env/proj_data/lib/python3.7/site-packages/airflow/example_dags/example_time_delta_sensor_async.py for tasks to queue
[2022-08-07 07:43:34,095] {logging_mixin.py:115} INFO - [2022-08-07 07:43:34,095] {dagbag.py:508} INFO - Filling up the DagBag from /Users/pro/Documents/a_env/proj_data/lib/python3.7/site-packages/airflow/example_dags/example_time_delta_sensor_async.py
[2022-08-07 07:43:34,107] {processor.py:651} INFO - DAG(s) dict_keys(['example_time_delta_sensor_async']) retrieved from /Users/pro/Documents/a_env/proj_data/lib/python3.7/site-packages/airflow/example_dags/example_time_delta_sensor_async.py
[2022-08-07 07:43:34,151] {logging_mixin.py:115} INFO - [2022-08-07 07:43:34,151] {dag.py:2420} INFO - Sync 1 DAGs
[2022-08-07 07:43:34,174] {logging_mixin.py:115} INFO - [2022-08-07 07:43:34,173] {dag.py:2972} INFO - Setting next_dagrun for example_time_delta_sensor_async to None, run_after=None
[2022-08-07 07:43:34,186] {processor.py:161} INFO - Processing /Users/pro/Documents/a_env/proj_data/lib/python3.7/site-packages/airflow/example_dags/example_time_delta_sensor_async.py took 0.099 seconds
[2022-08-07 07:44:07,809] {processor.py:153} INFO - Started process (PID=92503) to work on /Users/pro/Documents/a_env/proj_data/lib/python3.7/site-packages/airflow/example_dags/example_time_delta_sensor_async.py
[2022-08-07 07:44:07,810] {processor.py:641} INFO - Processing file /Users/pro/Documents/a_env/proj_data/lib/python3.7/site-packages/airflow/example_dags/example_time_delta_sensor_async.py for tasks to queue
[2022-08-07 07:44:07,812] {logging_mixin.py:115} INFO - [2022-08-07 07:44:07,811] {dagbag.py:508} INFO - Filling up the DagBag from /Users/pro/Documents/a_env/proj_data/lib/python3.7/site-packages/airflow/example_dags/example_time_delta_sensor_async.py
[2022-08-07 07:44:07,828] {processor.py:651} INFO - DAG(s) dict_keys(['example_time_delta_sensor_async']) retrieved from /Users/pro/Documents/a_env/proj_data/lib/python3.7/site-packages/airflow/example_dags/example_time_delta_sensor_async.py
[2022-08-07 07:44:07,885] {logging_mixin.py:115} INFO - [2022-08-07 07:44:07,884] {dag.py:2420} INFO - Sync 1 DAGs
[2022-08-07 07:44:07,931] {logging_mixin.py:115} INFO - [2022-08-07 07:44:07,930] {dag.py:2972} INFO - Setting next_dagrun for example_time_delta_sensor_async to None, run_after=None
[2022-08-07 07:44:07,944] {processor.py:161} INFO - Processing /Users/pro/Documents/a_env/proj_data/lib/python3.7/site-packages/airflow/example_dags/example_time_delta_sensor_async.py took 0.141 seconds
[2022-08-07 07:44:43,696] {processor.py:153} INFO - Started process (PID=92540) to work on /Users/pro/Documents/a_env/proj_data/lib/python3.7/site-packages/airflow/example_dags/example_time_delta_sensor_async.py
[2022-08-07 07:44:43,698] {processor.py:641} INFO - Processing file /Users/pro/Documents/a_env/proj_data/lib/python3.7/site-packages/airflow/example_dags/example_time_delta_sensor_async.py for tasks to queue
[2022-08-07 07:44:43,699] {logging_mixin.py:115} INFO - [2022-08-07 07:44:43,699] {dagbag.py:508} INFO - Filling up the DagBag from /Users/pro/Documents/a_env/proj_data/lib/python3.7/site-packages/airflow/example_dags/example_time_delta_sensor_async.py
[2022-08-07 07:44:43,709] {processor.py:651} INFO - DAG(s) dict_keys(['example_time_delta_sensor_async']) retrieved from /Users/pro/Documents/a_env/proj_data/lib/python3.7/site-packages/airflow/example_dags/example_time_delta_sensor_async.py
[2022-08-07 07:44:43,739] {logging_mixin.py:115} INFO - [2022-08-07 07:44:43,739] {dag.py:2420} INFO - Sync 1 DAGs
[2022-08-07 07:44:43,759] {logging_mixin.py:115} INFO - [2022-08-07 07:44:43,759] {dag.py:2972} INFO - Setting next_dagrun for example_time_delta_sensor_async to None, run_after=None
[2022-08-07 07:44:43,772] {processor.py:161} INFO - Processing /Users/pro/Documents/a_env/proj_data/lib/python3.7/site-packages/airflow/example_dags/example_time_delta_sensor_async.py took 0.081 seconds
[2022-08-07 07:45:19,807] {processor.py:153} INFO - Started process (PID=92580) to work on /Users/pro/Documents/a_env/proj_data/lib/python3.7/site-packages/airflow/example_dags/example_time_delta_sensor_async.py
[2022-08-07 07:45:19,808] {processor.py:641} INFO - Processing file /Users/pro/Documents/a_env/proj_data/lib/python3.7/site-packages/airflow/example_dags/example_time_delta_sensor_async.py for tasks to queue
[2022-08-07 07:45:19,810] {logging_mixin.py:115} INFO - [2022-08-07 07:45:19,809] {dagbag.py:508} INFO - Filling up the DagBag from /Users/pro/Documents/a_env/proj_data/lib/python3.7/site-packages/airflow/example_dags/example_time_delta_sensor_async.py
[2022-08-07 07:45:19,820] {processor.py:651} INFO - DAG(s) dict_keys(['example_time_delta_sensor_async']) retrieved from /Users/pro/Documents/a_env/proj_data/lib/python3.7/site-packages/airflow/example_dags/example_time_delta_sensor_async.py
[2022-08-07 07:45:19,850] {logging_mixin.py:115} INFO - [2022-08-07 07:45:19,850] {dag.py:2420} INFO - Sync 1 DAGs
[2022-08-07 07:45:19,872] {logging_mixin.py:115} INFO - [2022-08-07 07:45:19,872] {dag.py:2972} INFO - Setting next_dagrun for example_time_delta_sensor_async to None, run_after=None
[2022-08-07 07:45:19,891] {processor.py:161} INFO - Processing /Users/pro/Documents/a_env/proj_data/lib/python3.7/site-packages/airflow/example_dags/example_time_delta_sensor_async.py took 0.089 seconds
[2022-08-07 07:45:56,120] {processor.py:153} INFO - Started process (PID=92616) to work on /Users/pro/Documents/a_env/proj_data/lib/python3.7/site-packages/airflow/example_dags/example_time_delta_sensor_async.py
[2022-08-07 07:45:56,121] {processor.py:641} INFO - Processing file /Users/pro/Documents/a_env/proj_data/lib/python3.7/site-packages/airflow/example_dags/example_time_delta_sensor_async.py for tasks to queue
[2022-08-07 07:45:56,122] {logging_mixin.py:115} INFO - [2022-08-07 07:45:56,122] {dagbag.py:508} INFO - Filling up the DagBag from /Users/pro/Documents/a_env/proj_data/lib/python3.7/site-packages/airflow/example_dags/example_time_delta_sensor_async.py
[2022-08-07 07:45:56,130] {processor.py:651} INFO - DAG(s) dict_keys(['example_time_delta_sensor_async']) retrieved from /Users/pro/Documents/a_env/proj_data/lib/python3.7/site-packages/airflow/example_dags/example_time_delta_sensor_async.py
[2022-08-07 07:45:56,160] {logging_mixin.py:115} INFO - [2022-08-07 07:45:56,160] {dag.py:2420} INFO - Sync 1 DAGs
[2022-08-07 07:45:56,182] {logging_mixin.py:115} INFO - [2022-08-07 07:45:56,182] {dag.py:2972} INFO - Setting next_dagrun for example_time_delta_sensor_async to None, run_after=None
[2022-08-07 07:45:56,198] {processor.py:161} INFO - Processing /Users/pro/Documents/a_env/proj_data/lib/python3.7/site-packages/airflow/example_dags/example_time_delta_sensor_async.py took 0.083 seconds
[2022-08-07 07:46:29,365] {processor.py:153} INFO - Started process (PID=92651) to work on /Users/pro/Documents/a_env/proj_data/lib/python3.7/site-packages/airflow/example_dags/example_time_delta_sensor_async.py
[2022-08-07 07:46:29,369] {processor.py:641} INFO - Processing file /Users/pro/Documents/a_env/proj_data/lib/python3.7/site-packages/airflow/example_dags/example_time_delta_sensor_async.py for tasks to queue
[2022-08-07 07:46:29,371] {logging_mixin.py:115} INFO - [2022-08-07 07:46:29,370] {dagbag.py:508} INFO - Filling up the DagBag from /Users/pro/Documents/a_env/proj_data/lib/python3.7/site-packages/airflow/example_dags/example_time_delta_sensor_async.py
[2022-08-07 07:46:29,381] {processor.py:651} INFO - DAG(s) dict_keys(['example_time_delta_sensor_async']) retrieved from /Users/pro/Documents/a_env/proj_data/lib/python3.7/site-packages/airflow/example_dags/example_time_delta_sensor_async.py
[2022-08-07 07:46:29,412] {logging_mixin.py:115} INFO - [2022-08-07 07:46:29,412] {dag.py:2420} INFO - Sync 1 DAGs
[2022-08-07 07:46:29,435] {logging_mixin.py:115} INFO - [2022-08-07 07:46:29,435] {dag.py:2972} INFO - Setting next_dagrun for example_time_delta_sensor_async to None, run_after=None
[2022-08-07 07:46:29,447] {processor.py:161} INFO - Processing /Users/pro/Documents/a_env/proj_data/lib/python3.7/site-packages/airflow/example_dags/example_time_delta_sensor_async.py took 0.086 seconds
[2022-08-07 07:47:02,980] {processor.py:153} INFO - Started process (PID=92685) to work on /Users/pro/Documents/a_env/proj_data/lib/python3.7/site-packages/airflow/example_dags/example_time_delta_sensor_async.py
[2022-08-07 07:47:02,982] {processor.py:641} INFO - Processing file /Users/pro/Documents/a_env/proj_data/lib/python3.7/site-packages/airflow/example_dags/example_time_delta_sensor_async.py for tasks to queue
[2022-08-07 07:47:02,983] {logging_mixin.py:115} INFO - [2022-08-07 07:47:02,983] {dagbag.py:508} INFO - Filling up the DagBag from /Users/pro/Documents/a_env/proj_data/lib/python3.7/site-packages/airflow/example_dags/example_time_delta_sensor_async.py
[2022-08-07 07:47:02,993] {processor.py:651} INFO - DAG(s) dict_keys(['example_time_delta_sensor_async']) retrieved from /Users/pro/Documents/a_env/proj_data/lib/python3.7/site-packages/airflow/example_dags/example_time_delta_sensor_async.py
[2022-08-07 07:47:03,039] {logging_mixin.py:115} INFO - [2022-08-07 07:47:03,039] {dag.py:2420} INFO - Sync 1 DAGs
[2022-08-07 07:47:03,061] {logging_mixin.py:115} INFO - [2022-08-07 07:47:03,061] {dag.py:2972} INFO - Setting next_dagrun for example_time_delta_sensor_async to None, run_after=None
[2022-08-07 07:47:03,072] {processor.py:161} INFO - Processing /Users/pro/Documents/a_env/proj_data/lib/python3.7/site-packages/airflow/example_dags/example_time_delta_sensor_async.py took 0.102 seconds
[2022-08-07 07:47:36,096] {processor.py:153} INFO - Started process (PID=92719) to work on /Users/pro/Documents/a_env/proj_data/lib/python3.7/site-packages/airflow/example_dags/example_time_delta_sensor_async.py
[2022-08-07 07:47:36,098] {processor.py:641} INFO - Processing file /Users/pro/Documents/a_env/proj_data/lib/python3.7/site-packages/airflow/example_dags/example_time_delta_sensor_async.py for tasks to queue
[2022-08-07 07:47:36,099] {logging_mixin.py:115} INFO - [2022-08-07 07:47:36,099] {dagbag.py:508} INFO - Filling up the DagBag from /Users/pro/Documents/a_env/proj_data/lib/python3.7/site-packages/airflow/example_dags/example_time_delta_sensor_async.py
[2022-08-07 07:47:36,108] {processor.py:651} INFO - DAG(s) dict_keys(['example_time_delta_sensor_async']) retrieved from /Users/pro/Documents/a_env/proj_data/lib/python3.7/site-packages/airflow/example_dags/example_time_delta_sensor_async.py
[2022-08-07 07:47:36,139] {logging_mixin.py:115} INFO - [2022-08-07 07:47:36,138] {dag.py:2420} INFO - Sync 1 DAGs
[2022-08-07 07:47:36,159] {logging_mixin.py:115} INFO - [2022-08-07 07:47:36,159] {dag.py:2972} INFO - Setting next_dagrun for example_time_delta_sensor_async to None, run_after=None
[2022-08-07 07:47:36,172] {processor.py:161} INFO - Processing /Users/pro/Documents/a_env/proj_data/lib/python3.7/site-packages/airflow/example_dags/example_time_delta_sensor_async.py took 0.080 seconds
[2022-08-07 07:48:08,343] {processor.py:153} INFO - Started process (PID=92759) to work on /Users/pro/Documents/a_env/proj_data/lib/python3.7/site-packages/airflow/example_dags/example_time_delta_sensor_async.py
[2022-08-07 07:48:08,345] {processor.py:641} INFO - Processing file /Users/pro/Documents/a_env/proj_data/lib/python3.7/site-packages/airflow/example_dags/example_time_delta_sensor_async.py for tasks to queue
[2022-08-07 07:48:08,346] {logging_mixin.py:115} INFO - [2022-08-07 07:48:08,345] {dagbag.py:508} INFO - Filling up the DagBag from /Users/pro/Documents/a_env/proj_data/lib/python3.7/site-packages/airflow/example_dags/example_time_delta_sensor_async.py
[2022-08-07 07:48:08,354] {processor.py:651} INFO - DAG(s) dict_keys(['example_time_delta_sensor_async']) retrieved from /Users/pro/Documents/a_env/proj_data/lib/python3.7/site-packages/airflow/example_dags/example_time_delta_sensor_async.py
[2022-08-07 07:48:08,389] {logging_mixin.py:115} INFO - [2022-08-07 07:48:08,389] {dag.py:2420} INFO - Sync 1 DAGs
[2022-08-07 07:48:08,411] {logging_mixin.py:115} INFO - [2022-08-07 07:48:08,410] {dag.py:2972} INFO - Setting next_dagrun for example_time_delta_sensor_async to None, run_after=None
[2022-08-07 07:48:08,423] {processor.py:161} INFO - Processing /Users/pro/Documents/a_env/proj_data/lib/python3.7/site-packages/airflow/example_dags/example_time_delta_sensor_async.py took 0.090 seconds
[2022-08-07 07:48:41,599] {processor.py:153} INFO - Started process (PID=92796) to work on /Users/pro/Documents/a_env/proj_data/lib/python3.7/site-packages/airflow/example_dags/example_time_delta_sensor_async.py
[2022-08-07 07:48:41,600] {processor.py:641} INFO - Processing file /Users/pro/Documents/a_env/proj_data/lib/python3.7/site-packages/airflow/example_dags/example_time_delta_sensor_async.py for tasks to queue
[2022-08-07 07:48:41,601] {logging_mixin.py:115} INFO - [2022-08-07 07:48:41,601] {dagbag.py:508} INFO - Filling up the DagBag from /Users/pro/Documents/a_env/proj_data/lib/python3.7/site-packages/airflow/example_dags/example_time_delta_sensor_async.py
[2022-08-07 07:48:41,608] {processor.py:651} INFO - DAG(s) dict_keys(['example_time_delta_sensor_async']) retrieved from /Users/pro/Documents/a_env/proj_data/lib/python3.7/site-packages/airflow/example_dags/example_time_delta_sensor_async.py
[2022-08-07 07:48:41,638] {logging_mixin.py:115} INFO - [2022-08-07 07:48:41,638] {dag.py:2420} INFO - Sync 1 DAGs
[2022-08-07 07:48:41,659] {logging_mixin.py:115} INFO - [2022-08-07 07:48:41,658] {dag.py:2972} INFO - Setting next_dagrun for example_time_delta_sensor_async to None, run_after=None
[2022-08-07 07:48:41,671] {processor.py:161} INFO - Processing /Users/pro/Documents/a_env/proj_data/lib/python3.7/site-packages/airflow/example_dags/example_time_delta_sensor_async.py took 0.077 seconds
[2022-08-07 07:49:16,609] {processor.py:153} INFO - Started process (PID=92834) to work on /Users/pro/Documents/a_env/proj_data/lib/python3.7/site-packages/airflow/example_dags/example_time_delta_sensor_async.py
[2022-08-07 07:49:16,611] {processor.py:641} INFO - Processing file /Users/pro/Documents/a_env/proj_data/lib/python3.7/site-packages/airflow/example_dags/example_time_delta_sensor_async.py for tasks to queue
[2022-08-07 07:49:16,612] {logging_mixin.py:115} INFO - [2022-08-07 07:49:16,612] {dagbag.py:508} INFO - Filling up the DagBag from /Users/pro/Documents/a_env/proj_data/lib/python3.7/site-packages/airflow/example_dags/example_time_delta_sensor_async.py
[2022-08-07 07:49:16,622] {processor.py:651} INFO - DAG(s) dict_keys(['example_time_delta_sensor_async']) retrieved from /Users/pro/Documents/a_env/proj_data/lib/python3.7/site-packages/airflow/example_dags/example_time_delta_sensor_async.py
[2022-08-07 07:49:16,655] {logging_mixin.py:115} INFO - [2022-08-07 07:49:16,654] {dag.py:2420} INFO - Sync 1 DAGs
[2022-08-07 07:49:16,677] {logging_mixin.py:115} INFO - [2022-08-07 07:49:16,676] {dag.py:2972} INFO - Setting next_dagrun for example_time_delta_sensor_async to None, run_after=None
[2022-08-07 07:49:16,692] {processor.py:161} INFO - Processing /Users/pro/Documents/a_env/proj_data/lib/python3.7/site-packages/airflow/example_dags/example_time_delta_sensor_async.py took 0.087 seconds
[2022-08-07 07:49:52,829] {processor.py:153} INFO - Started process (PID=92875) to work on /Users/pro/Documents/a_env/proj_data/lib/python3.7/site-packages/airflow/example_dags/example_time_delta_sensor_async.py
[2022-08-07 07:49:52,831] {processor.py:641} INFO - Processing file /Users/pro/Documents/a_env/proj_data/lib/python3.7/site-packages/airflow/example_dags/example_time_delta_sensor_async.py for tasks to queue
[2022-08-07 07:49:52,832] {logging_mixin.py:115} INFO - [2022-08-07 07:49:52,832] {dagbag.py:508} INFO - Filling up the DagBag from /Users/pro/Documents/a_env/proj_data/lib/python3.7/site-packages/airflow/example_dags/example_time_delta_sensor_async.py
[2022-08-07 07:49:52,841] {processor.py:651} INFO - DAG(s) dict_keys(['example_time_delta_sensor_async']) retrieved from /Users/pro/Documents/a_env/proj_data/lib/python3.7/site-packages/airflow/example_dags/example_time_delta_sensor_async.py
[2022-08-07 07:49:52,876] {logging_mixin.py:115} INFO - [2022-08-07 07:49:52,875] {dag.py:2420} INFO - Sync 1 DAGs
[2022-08-07 07:49:52,896] {logging_mixin.py:115} INFO - [2022-08-07 07:49:52,895] {dag.py:2972} INFO - Setting next_dagrun for example_time_delta_sensor_async to None, run_after=None
[2022-08-07 07:49:52,908] {processor.py:161} INFO - Processing /Users/pro/Documents/a_env/proj_data/lib/python3.7/site-packages/airflow/example_dags/example_time_delta_sensor_async.py took 0.083 seconds
[2022-08-07 07:50:27,805] {processor.py:153} INFO - Started process (PID=92913) to work on /Users/pro/Documents/a_env/proj_data/lib/python3.7/site-packages/airflow/example_dags/example_time_delta_sensor_async.py
[2022-08-07 07:50:27,806] {processor.py:641} INFO - Processing file /Users/pro/Documents/a_env/proj_data/lib/python3.7/site-packages/airflow/example_dags/example_time_delta_sensor_async.py for tasks to queue
[2022-08-07 07:50:27,808] {logging_mixin.py:115} INFO - [2022-08-07 07:50:27,807] {dagbag.py:508} INFO - Filling up the DagBag from /Users/pro/Documents/a_env/proj_data/lib/python3.7/site-packages/airflow/example_dags/example_time_delta_sensor_async.py
[2022-08-07 07:50:27,817] {processor.py:651} INFO - DAG(s) dict_keys(['example_time_delta_sensor_async']) retrieved from /Users/pro/Documents/a_env/proj_data/lib/python3.7/site-packages/airflow/example_dags/example_time_delta_sensor_async.py
[2022-08-07 07:50:27,859] {logging_mixin.py:115} INFO - [2022-08-07 07:50:27,859] {dag.py:2420} INFO - Sync 1 DAGs
[2022-08-07 07:50:27,878] {logging_mixin.py:115} INFO - [2022-08-07 07:50:27,878] {dag.py:2972} INFO - Setting next_dagrun for example_time_delta_sensor_async to None, run_after=None
[2022-08-07 07:50:27,891] {processor.py:161} INFO - Processing /Users/pro/Documents/a_env/proj_data/lib/python3.7/site-packages/airflow/example_dags/example_time_delta_sensor_async.py took 0.090 seconds
[2022-08-07 07:51:03,435] {processor.py:153} INFO - Started process (PID=92948) to work on /Users/pro/Documents/a_env/proj_data/lib/python3.7/site-packages/airflow/example_dags/example_time_delta_sensor_async.py
[2022-08-07 07:51:03,436] {processor.py:641} INFO - Processing file /Users/pro/Documents/a_env/proj_data/lib/python3.7/site-packages/airflow/example_dags/example_time_delta_sensor_async.py for tasks to queue
[2022-08-07 07:51:03,437] {logging_mixin.py:115} INFO - [2022-08-07 07:51:03,437] {dagbag.py:508} INFO - Filling up the DagBag from /Users/pro/Documents/a_env/proj_data/lib/python3.7/site-packages/airflow/example_dags/example_time_delta_sensor_async.py
[2022-08-07 07:51:03,446] {processor.py:651} INFO - DAG(s) dict_keys(['example_time_delta_sensor_async']) retrieved from /Users/pro/Documents/a_env/proj_data/lib/python3.7/site-packages/airflow/example_dags/example_time_delta_sensor_async.py
[2022-08-07 07:51:03,477] {logging_mixin.py:115} INFO - [2022-08-07 07:51:03,477] {dag.py:2420} INFO - Sync 1 DAGs
[2022-08-07 07:51:03,496] {logging_mixin.py:115} INFO - [2022-08-07 07:51:03,496] {dag.py:2972} INFO - Setting next_dagrun for example_time_delta_sensor_async to None, run_after=None
[2022-08-07 07:51:03,544] {processor.py:161} INFO - Processing /Users/pro/Documents/a_env/proj_data/lib/python3.7/site-packages/airflow/example_dags/example_time_delta_sensor_async.py took 0.113 seconds
[2022-08-07 07:51:35,916] {processor.py:153} INFO - Started process (PID=92983) to work on /Users/pro/Documents/a_env/proj_data/lib/python3.7/site-packages/airflow/example_dags/example_time_delta_sensor_async.py
[2022-08-07 07:51:35,917] {processor.py:641} INFO - Processing file /Users/pro/Documents/a_env/proj_data/lib/python3.7/site-packages/airflow/example_dags/example_time_delta_sensor_async.py for tasks to queue
[2022-08-07 07:51:35,918] {logging_mixin.py:115} INFO - [2022-08-07 07:51:35,918] {dagbag.py:508} INFO - Filling up the DagBag from /Users/pro/Documents/a_env/proj_data/lib/python3.7/site-packages/airflow/example_dags/example_time_delta_sensor_async.py
[2022-08-07 07:51:35,925] {processor.py:651} INFO - DAG(s) dict_keys(['example_time_delta_sensor_async']) retrieved from /Users/pro/Documents/a_env/proj_data/lib/python3.7/site-packages/airflow/example_dags/example_time_delta_sensor_async.py
[2022-08-07 07:51:35,956] {logging_mixin.py:115} INFO - [2022-08-07 07:51:35,956] {dag.py:2420} INFO - Sync 1 DAGs
[2022-08-07 07:51:35,975] {logging_mixin.py:115} INFO - [2022-08-07 07:51:35,975] {dag.py:2972} INFO - Setting next_dagrun for example_time_delta_sensor_async to None, run_after=None
[2022-08-07 07:51:35,987] {processor.py:161} INFO - Processing /Users/pro/Documents/a_env/proj_data/lib/python3.7/site-packages/airflow/example_dags/example_time_delta_sensor_async.py took 0.075 seconds
[2022-08-07 07:52:07,644] {processor.py:153} INFO - Started process (PID=93016) to work on /Users/pro/Documents/a_env/proj_data/lib/python3.7/site-packages/airflow/example_dags/example_time_delta_sensor_async.py
[2022-08-07 07:52:07,645] {processor.py:641} INFO - Processing file /Users/pro/Documents/a_env/proj_data/lib/python3.7/site-packages/airflow/example_dags/example_time_delta_sensor_async.py for tasks to queue
[2022-08-07 07:52:07,646] {logging_mixin.py:115} INFO - [2022-08-07 07:52:07,646] {dagbag.py:508} INFO - Filling up the DagBag from /Users/pro/Documents/a_env/proj_data/lib/python3.7/site-packages/airflow/example_dags/example_time_delta_sensor_async.py
[2022-08-07 07:52:07,654] {processor.py:651} INFO - DAG(s) dict_keys(['example_time_delta_sensor_async']) retrieved from /Users/pro/Documents/a_env/proj_data/lib/python3.7/site-packages/airflow/example_dags/example_time_delta_sensor_async.py
[2022-08-07 07:52:07,686] {logging_mixin.py:115} INFO - [2022-08-07 07:52:07,686] {dag.py:2420} INFO - Sync 1 DAGs
[2022-08-07 07:52:07,704] {logging_mixin.py:115} INFO - [2022-08-07 07:52:07,704] {dag.py:2972} INFO - Setting next_dagrun for example_time_delta_sensor_async to None, run_after=None
[2022-08-07 07:52:07,716] {processor.py:161} INFO - Processing /Users/pro/Documents/a_env/proj_data/lib/python3.7/site-packages/airflow/example_dags/example_time_delta_sensor_async.py took 0.077 seconds
[2022-08-07 07:52:42,822] {processor.py:153} INFO - Started process (PID=93051) to work on /Users/pro/Documents/a_env/proj_data/lib/python3.7/site-packages/airflow/example_dags/example_time_delta_sensor_async.py
[2022-08-07 07:52:42,824] {processor.py:641} INFO - Processing file /Users/pro/Documents/a_env/proj_data/lib/python3.7/site-packages/airflow/example_dags/example_time_delta_sensor_async.py for tasks to queue
[2022-08-07 07:52:42,826] {logging_mixin.py:115} INFO - [2022-08-07 07:52:42,825] {dagbag.py:508} INFO - Filling up the DagBag from /Users/pro/Documents/a_env/proj_data/lib/python3.7/site-packages/airflow/example_dags/example_time_delta_sensor_async.py
[2022-08-07 07:52:42,835] {processor.py:651} INFO - DAG(s) dict_keys(['example_time_delta_sensor_async']) retrieved from /Users/pro/Documents/a_env/proj_data/lib/python3.7/site-packages/airflow/example_dags/example_time_delta_sensor_async.py
[2022-08-07 07:52:42,868] {logging_mixin.py:115} INFO - [2022-08-07 07:52:42,868] {dag.py:2420} INFO - Sync 1 DAGs
[2022-08-07 07:52:42,889] {logging_mixin.py:115} INFO - [2022-08-07 07:52:42,888] {dag.py:2972} INFO - Setting next_dagrun for example_time_delta_sensor_async to None, run_after=None
[2022-08-07 07:52:42,903] {processor.py:161} INFO - Processing /Users/pro/Documents/a_env/proj_data/lib/python3.7/site-packages/airflow/example_dags/example_time_delta_sensor_async.py took 0.085 seconds
[2022-08-07 07:53:17,142] {processor.py:153} INFO - Started process (PID=93102) to work on /Users/pro/Documents/a_env/proj_data/lib/python3.7/site-packages/airflow/example_dags/example_time_delta_sensor_async.py
[2022-08-07 07:53:17,143] {processor.py:641} INFO - Processing file /Users/pro/Documents/a_env/proj_data/lib/python3.7/site-packages/airflow/example_dags/example_time_delta_sensor_async.py for tasks to queue
[2022-08-07 07:53:17,144] {logging_mixin.py:115} INFO - [2022-08-07 07:53:17,143] {dagbag.py:508} INFO - Filling up the DagBag from /Users/pro/Documents/a_env/proj_data/lib/python3.7/site-packages/airflow/example_dags/example_time_delta_sensor_async.py
[2022-08-07 07:53:17,154] {processor.py:651} INFO - DAG(s) dict_keys(['example_time_delta_sensor_async']) retrieved from /Users/pro/Documents/a_env/proj_data/lib/python3.7/site-packages/airflow/example_dags/example_time_delta_sensor_async.py
[2022-08-07 07:53:17,188] {logging_mixin.py:115} INFO - [2022-08-07 07:53:17,188] {dag.py:2420} INFO - Sync 1 DAGs
[2022-08-07 07:53:17,207] {logging_mixin.py:115} INFO - [2022-08-07 07:53:17,206] {dag.py:2972} INFO - Setting next_dagrun for example_time_delta_sensor_async to None, run_after=None
[2022-08-07 07:53:17,220] {processor.py:161} INFO - Processing /Users/pro/Documents/a_env/proj_data/lib/python3.7/site-packages/airflow/example_dags/example_time_delta_sensor_async.py took 0.082 seconds
[2022-08-07 07:53:50,959] {processor.py:153} INFO - Started process (PID=93146) to work on /Users/pro/Documents/a_env/proj_data/lib/python3.7/site-packages/airflow/example_dags/example_time_delta_sensor_async.py
[2022-08-07 07:53:50,960] {processor.py:641} INFO - Processing file /Users/pro/Documents/a_env/proj_data/lib/python3.7/site-packages/airflow/example_dags/example_time_delta_sensor_async.py for tasks to queue
[2022-08-07 07:53:50,961] {logging_mixin.py:115} INFO - [2022-08-07 07:53:50,961] {dagbag.py:508} INFO - Filling up the DagBag from /Users/pro/Documents/a_env/proj_data/lib/python3.7/site-packages/airflow/example_dags/example_time_delta_sensor_async.py
[2022-08-07 07:53:50,970] {processor.py:651} INFO - DAG(s) dict_keys(['example_time_delta_sensor_async']) retrieved from /Users/pro/Documents/a_env/proj_data/lib/python3.7/site-packages/airflow/example_dags/example_time_delta_sensor_async.py
[2022-08-07 07:53:51,019] {logging_mixin.py:115} INFO - [2022-08-07 07:53:51,018] {dag.py:2420} INFO - Sync 1 DAGs
[2022-08-07 07:53:51,037] {logging_mixin.py:115} INFO - [2022-08-07 07:53:51,037] {dag.py:2972} INFO - Setting next_dagrun for example_time_delta_sensor_async to None, run_after=None
[2022-08-07 07:53:51,050] {processor.py:161} INFO - Processing /Users/pro/Documents/a_env/proj_data/lib/python3.7/site-packages/airflow/example_dags/example_time_delta_sensor_async.py took 0.096 seconds
[2022-08-07 07:54:23,918] {processor.py:153} INFO - Started process (PID=93189) to work on /Users/pro/Documents/a_env/proj_data/lib/python3.7/site-packages/airflow/example_dags/example_time_delta_sensor_async.py
[2022-08-07 07:54:23,919] {processor.py:641} INFO - Processing file /Users/pro/Documents/a_env/proj_data/lib/python3.7/site-packages/airflow/example_dags/example_time_delta_sensor_async.py for tasks to queue
[2022-08-07 07:54:23,920] {logging_mixin.py:115} INFO - [2022-08-07 07:54:23,919] {dagbag.py:508} INFO - Filling up the DagBag from /Users/pro/Documents/a_env/proj_data/lib/python3.7/site-packages/airflow/example_dags/example_time_delta_sensor_async.py
[2022-08-07 07:54:23,928] {processor.py:651} INFO - DAG(s) dict_keys(['example_time_delta_sensor_async']) retrieved from /Users/pro/Documents/a_env/proj_data/lib/python3.7/site-packages/airflow/example_dags/example_time_delta_sensor_async.py
[2022-08-07 07:54:23,962] {logging_mixin.py:115} INFO - [2022-08-07 07:54:23,961] {dag.py:2420} INFO - Sync 1 DAGs
[2022-08-07 07:54:23,981] {logging_mixin.py:115} INFO - [2022-08-07 07:54:23,981] {dag.py:2972} INFO - Setting next_dagrun for example_time_delta_sensor_async to None, run_after=None
[2022-08-07 07:54:23,993] {processor.py:161} INFO - Processing /Users/pro/Documents/a_env/proj_data/lib/python3.7/site-packages/airflow/example_dags/example_time_delta_sensor_async.py took 0.080 seconds
[2022-08-07 07:54:57,224] {processor.py:153} INFO - Started process (PID=93227) to work on /Users/pro/Documents/a_env/proj_data/lib/python3.7/site-packages/airflow/example_dags/example_time_delta_sensor_async.py
[2022-08-07 07:54:57,226] {processor.py:641} INFO - Processing file /Users/pro/Documents/a_env/proj_data/lib/python3.7/site-packages/airflow/example_dags/example_time_delta_sensor_async.py for tasks to queue
[2022-08-07 07:54:57,227] {logging_mixin.py:115} INFO - [2022-08-07 07:54:57,227] {dagbag.py:508} INFO - Filling up the DagBag from /Users/pro/Documents/a_env/proj_data/lib/python3.7/site-packages/airflow/example_dags/example_time_delta_sensor_async.py
[2022-08-07 07:54:57,236] {processor.py:651} INFO - DAG(s) dict_keys(['example_time_delta_sensor_async']) retrieved from /Users/pro/Documents/a_env/proj_data/lib/python3.7/site-packages/airflow/example_dags/example_time_delta_sensor_async.py
[2022-08-07 07:54:57,286] {logging_mixin.py:115} INFO - [2022-08-07 07:54:57,286] {dag.py:2420} INFO - Sync 1 DAGs
[2022-08-07 07:54:57,305] {logging_mixin.py:115} INFO - [2022-08-07 07:54:57,304] {dag.py:2972} INFO - Setting next_dagrun for example_time_delta_sensor_async to None, run_after=None
[2022-08-07 07:54:57,317] {processor.py:161} INFO - Processing /Users/pro/Documents/a_env/proj_data/lib/python3.7/site-packages/airflow/example_dags/example_time_delta_sensor_async.py took 0.097 seconds
[2022-08-07 07:55:33,272] {processor.py:153} INFO - Started process (PID=93263) to work on /Users/pro/Documents/a_env/proj_data/lib/python3.7/site-packages/airflow/example_dags/example_time_delta_sensor_async.py
[2022-08-07 07:55:33,274] {processor.py:641} INFO - Processing file /Users/pro/Documents/a_env/proj_data/lib/python3.7/site-packages/airflow/example_dags/example_time_delta_sensor_async.py for tasks to queue
[2022-08-07 07:55:33,275] {logging_mixin.py:115} INFO - [2022-08-07 07:55:33,275] {dagbag.py:508} INFO - Filling up the DagBag from /Users/pro/Documents/a_env/proj_data/lib/python3.7/site-packages/airflow/example_dags/example_time_delta_sensor_async.py
[2022-08-07 07:55:33,285] {processor.py:651} INFO - DAG(s) dict_keys(['example_time_delta_sensor_async']) retrieved from /Users/pro/Documents/a_env/proj_data/lib/python3.7/site-packages/airflow/example_dags/example_time_delta_sensor_async.py
[2022-08-07 07:55:33,319] {logging_mixin.py:115} INFO - [2022-08-07 07:55:33,319] {dag.py:2420} INFO - Sync 1 DAGs
[2022-08-07 07:55:33,339] {logging_mixin.py:115} INFO - [2022-08-07 07:55:33,339] {dag.py:2972} INFO - Setting next_dagrun for example_time_delta_sensor_async to None, run_after=None
[2022-08-07 07:55:33,352] {processor.py:161} INFO - Processing /Users/pro/Documents/a_env/proj_data/lib/python3.7/site-packages/airflow/example_dags/example_time_delta_sensor_async.py took 0.084 seconds
[2022-08-07 07:56:09,733] {processor.py:153} INFO - Started process (PID=93299) to work on /Users/pro/Documents/a_env/proj_data/lib/python3.7/site-packages/airflow/example_dags/example_time_delta_sensor_async.py
[2022-08-07 07:56:09,735] {processor.py:641} INFO - Processing file /Users/pro/Documents/a_env/proj_data/lib/python3.7/site-packages/airflow/example_dags/example_time_delta_sensor_async.py for tasks to queue
[2022-08-07 07:56:09,736] {logging_mixin.py:115} INFO - [2022-08-07 07:56:09,736] {dagbag.py:508} INFO - Filling up the DagBag from /Users/pro/Documents/a_env/proj_data/lib/python3.7/site-packages/airflow/example_dags/example_time_delta_sensor_async.py
[2022-08-07 07:56:09,746] {processor.py:651} INFO - DAG(s) dict_keys(['example_time_delta_sensor_async']) retrieved from /Users/pro/Documents/a_env/proj_data/lib/python3.7/site-packages/airflow/example_dags/example_time_delta_sensor_async.py
[2022-08-07 07:56:09,794] {logging_mixin.py:115} INFO - [2022-08-07 07:56:09,794] {dag.py:2420} INFO - Sync 1 DAGs
[2022-08-07 07:56:09,815] {logging_mixin.py:115} INFO - [2022-08-07 07:56:09,815] {dag.py:2972} INFO - Setting next_dagrun for example_time_delta_sensor_async to None, run_after=None
[2022-08-07 07:56:09,826] {processor.py:161} INFO - Processing /Users/pro/Documents/a_env/proj_data/lib/python3.7/site-packages/airflow/example_dags/example_time_delta_sensor_async.py took 0.098 seconds
[2022-08-07 07:56:44,173] {processor.py:153} INFO - Started process (PID=93334) to work on /Users/pro/Documents/a_env/proj_data/lib/python3.7/site-packages/airflow/example_dags/example_time_delta_sensor_async.py
[2022-08-07 07:56:44,174] {processor.py:641} INFO - Processing file /Users/pro/Documents/a_env/proj_data/lib/python3.7/site-packages/airflow/example_dags/example_time_delta_sensor_async.py for tasks to queue
[2022-08-07 07:56:44,175] {logging_mixin.py:115} INFO - [2022-08-07 07:56:44,175] {dagbag.py:508} INFO - Filling up the DagBag from /Users/pro/Documents/a_env/proj_data/lib/python3.7/site-packages/airflow/example_dags/example_time_delta_sensor_async.py
[2022-08-07 07:56:44,185] {processor.py:651} INFO - DAG(s) dict_keys(['example_time_delta_sensor_async']) retrieved from /Users/pro/Documents/a_env/proj_data/lib/python3.7/site-packages/airflow/example_dags/example_time_delta_sensor_async.py
[2022-08-07 07:56:44,234] {logging_mixin.py:115} INFO - [2022-08-07 07:56:44,233] {dag.py:2420} INFO - Sync 1 DAGs
[2022-08-07 07:56:44,255] {logging_mixin.py:115} INFO - [2022-08-07 07:56:44,255] {dag.py:2972} INFO - Setting next_dagrun for example_time_delta_sensor_async to None, run_after=None
[2022-08-07 07:56:44,268] {processor.py:161} INFO - Processing /Users/pro/Documents/a_env/proj_data/lib/python3.7/site-packages/airflow/example_dags/example_time_delta_sensor_async.py took 0.099 seconds
[2022-08-07 07:57:17,615] {processor.py:153} INFO - Started process (PID=93370) to work on /Users/pro/Documents/a_env/proj_data/lib/python3.7/site-packages/airflow/example_dags/example_time_delta_sensor_async.py
[2022-08-07 07:57:17,616] {processor.py:641} INFO - Processing file /Users/pro/Documents/a_env/proj_data/lib/python3.7/site-packages/airflow/example_dags/example_time_delta_sensor_async.py for tasks to queue
[2022-08-07 07:57:17,617] {logging_mixin.py:115} INFO - [2022-08-07 07:57:17,617] {dagbag.py:508} INFO - Filling up the DagBag from /Users/pro/Documents/a_env/proj_data/lib/python3.7/site-packages/airflow/example_dags/example_time_delta_sensor_async.py
[2022-08-07 07:57:17,626] {processor.py:651} INFO - DAG(s) dict_keys(['example_time_delta_sensor_async']) retrieved from /Users/pro/Documents/a_env/proj_data/lib/python3.7/site-packages/airflow/example_dags/example_time_delta_sensor_async.py
[2022-08-07 07:57:17,659] {logging_mixin.py:115} INFO - [2022-08-07 07:57:17,659] {dag.py:2420} INFO - Sync 1 DAGs
[2022-08-07 07:57:17,679] {logging_mixin.py:115} INFO - [2022-08-07 07:57:17,679] {dag.py:2972} INFO - Setting next_dagrun for example_time_delta_sensor_async to None, run_after=None
[2022-08-07 07:57:17,691] {processor.py:161} INFO - Processing /Users/pro/Documents/a_env/proj_data/lib/python3.7/site-packages/airflow/example_dags/example_time_delta_sensor_async.py took 0.082 seconds
[2022-08-07 07:57:51,159] {processor.py:153} INFO - Started process (PID=93412) to work on /Users/pro/Documents/a_env/proj_data/lib/python3.7/site-packages/airflow/example_dags/example_time_delta_sensor_async.py
[2022-08-07 07:57:51,160] {processor.py:641} INFO - Processing file /Users/pro/Documents/a_env/proj_data/lib/python3.7/site-packages/airflow/example_dags/example_time_delta_sensor_async.py for tasks to queue
[2022-08-07 07:57:51,162] {logging_mixin.py:115} INFO - [2022-08-07 07:57:51,161] {dagbag.py:508} INFO - Filling up the DagBag from /Users/pro/Documents/a_env/proj_data/lib/python3.7/site-packages/airflow/example_dags/example_time_delta_sensor_async.py
[2022-08-07 07:57:51,171] {processor.py:651} INFO - DAG(s) dict_keys(['example_time_delta_sensor_async']) retrieved from /Users/pro/Documents/a_env/proj_data/lib/python3.7/site-packages/airflow/example_dags/example_time_delta_sensor_async.py
[2022-08-07 07:57:51,204] {logging_mixin.py:115} INFO - [2022-08-07 07:57:51,204] {dag.py:2420} INFO - Sync 1 DAGs
[2022-08-07 07:57:51,224] {logging_mixin.py:115} INFO - [2022-08-07 07:57:51,223] {dag.py:2972} INFO - Setting next_dagrun for example_time_delta_sensor_async to None, run_after=None
[2022-08-07 07:57:51,236] {processor.py:161} INFO - Processing /Users/pro/Documents/a_env/proj_data/lib/python3.7/site-packages/airflow/example_dags/example_time_delta_sensor_async.py took 0.081 seconds
[2022-08-07 07:58:24,658] {processor.py:153} INFO - Started process (PID=93451) to work on /Users/pro/Documents/a_env/proj_data/lib/python3.7/site-packages/airflow/example_dags/example_time_delta_sensor_async.py
[2022-08-07 07:58:24,659] {processor.py:641} INFO - Processing file /Users/pro/Documents/a_env/proj_data/lib/python3.7/site-packages/airflow/example_dags/example_time_delta_sensor_async.py for tasks to queue
[2022-08-07 07:58:24,660] {logging_mixin.py:115} INFO - [2022-08-07 07:58:24,660] {dagbag.py:508} INFO - Filling up the DagBag from /Users/pro/Documents/a_env/proj_data/lib/python3.7/site-packages/airflow/example_dags/example_time_delta_sensor_async.py
[2022-08-07 07:58:24,670] {processor.py:651} INFO - DAG(s) dict_keys(['example_time_delta_sensor_async']) retrieved from /Users/pro/Documents/a_env/proj_data/lib/python3.7/site-packages/airflow/example_dags/example_time_delta_sensor_async.py
[2022-08-07 07:58:24,701] {logging_mixin.py:115} INFO - [2022-08-07 07:58:24,701] {dag.py:2420} INFO - Sync 1 DAGs
[2022-08-07 07:58:24,720] {logging_mixin.py:115} INFO - [2022-08-07 07:58:24,720] {dag.py:2972} INFO - Setting next_dagrun for example_time_delta_sensor_async to None, run_after=None
[2022-08-07 07:58:24,733] {processor.py:161} INFO - Processing /Users/pro/Documents/a_env/proj_data/lib/python3.7/site-packages/airflow/example_dags/example_time_delta_sensor_async.py took 0.081 seconds
[2022-08-07 07:58:58,384] {processor.py:153} INFO - Started process (PID=93486) to work on /Users/pro/Documents/a_env/proj_data/lib/python3.7/site-packages/airflow/example_dags/example_time_delta_sensor_async.py
[2022-08-07 07:58:58,385] {processor.py:641} INFO - Processing file /Users/pro/Documents/a_env/proj_data/lib/python3.7/site-packages/airflow/example_dags/example_time_delta_sensor_async.py for tasks to queue
[2022-08-07 07:58:58,386] {logging_mixin.py:115} INFO - [2022-08-07 07:58:58,386] {dagbag.py:508} INFO - Filling up the DagBag from /Users/pro/Documents/a_env/proj_data/lib/python3.7/site-packages/airflow/example_dags/example_time_delta_sensor_async.py
[2022-08-07 07:58:58,394] {processor.py:651} INFO - DAG(s) dict_keys(['example_time_delta_sensor_async']) retrieved from /Users/pro/Documents/a_env/proj_data/lib/python3.7/site-packages/airflow/example_dags/example_time_delta_sensor_async.py
[2022-08-07 07:58:58,428] {logging_mixin.py:115} INFO - [2022-08-07 07:58:58,427] {dag.py:2420} INFO - Sync 1 DAGs
[2022-08-07 07:58:58,446] {logging_mixin.py:115} INFO - [2022-08-07 07:58:58,446] {dag.py:2972} INFO - Setting next_dagrun for example_time_delta_sensor_async to None, run_after=None
[2022-08-07 07:58:58,458] {processor.py:161} INFO - Processing /Users/pro/Documents/a_env/proj_data/lib/python3.7/site-packages/airflow/example_dags/example_time_delta_sensor_async.py took 0.078 seconds
[2022-08-07 07:59:31,672] {processor.py:153} INFO - Started process (PID=93520) to work on /Users/pro/Documents/a_env/proj_data/lib/python3.7/site-packages/airflow/example_dags/example_time_delta_sensor_async.py
[2022-08-07 07:59:31,673] {processor.py:641} INFO - Processing file /Users/pro/Documents/a_env/proj_data/lib/python3.7/site-packages/airflow/example_dags/example_time_delta_sensor_async.py for tasks to queue
[2022-08-07 07:59:31,674] {logging_mixin.py:115} INFO - [2022-08-07 07:59:31,674] {dagbag.py:508} INFO - Filling up the DagBag from /Users/pro/Documents/a_env/proj_data/lib/python3.7/site-packages/airflow/example_dags/example_time_delta_sensor_async.py
[2022-08-07 07:59:31,681] {processor.py:651} INFO - DAG(s) dict_keys(['example_time_delta_sensor_async']) retrieved from /Users/pro/Documents/a_env/proj_data/lib/python3.7/site-packages/airflow/example_dags/example_time_delta_sensor_async.py
[2022-08-07 07:59:31,712] {logging_mixin.py:115} INFO - [2022-08-07 07:59:31,712] {dag.py:2420} INFO - Sync 1 DAGs
[2022-08-07 07:59:31,730] {logging_mixin.py:115} INFO - [2022-08-07 07:59:31,730] {dag.py:2972} INFO - Setting next_dagrun for example_time_delta_sensor_async to None, run_after=None
[2022-08-07 07:59:31,742] {processor.py:161} INFO - Processing /Users/pro/Documents/a_env/proj_data/lib/python3.7/site-packages/airflow/example_dags/example_time_delta_sensor_async.py took 0.074 seconds
