[2022-08-06 10:35:12,194] {processor.py:153} INFO - Started process (PID=91244) to work on /Users/pro/Documents/a_env/proj_data/lib/python3.7/site-packages/airflow/example_dags/example_skip_dag.py
[2022-08-06 10:35:12,195] {processor.py:641} INFO - Processing file /Users/pro/Documents/a_env/proj_data/lib/python3.7/site-packages/airflow/example_dags/example_skip_dag.py for tasks to queue
[2022-08-06 10:35:12,196] {logging_mixin.py:115} INFO - [2022-08-06 10:35:12,195] {dagbag.py:508} INFO - Filling up the DagBag from /Users/pro/Documents/a_env/proj_data/lib/python3.7/site-packages/airflow/example_dags/example_skip_dag.py
[2022-08-06 10:35:12,203] {processor.py:651} INFO - DAG(s) dict_keys(['example_skip_dag']) retrieved from /Users/pro/Documents/a_env/proj_data/lib/python3.7/site-packages/airflow/example_dags/example_skip_dag.py
[2022-08-06 10:35:12,222] {logging_mixin.py:115} INFO - [2022-08-06 10:35:12,222] {dag.py:2420} INFO - Sync 1 DAGs
[2022-08-06 10:35:12,241] {logging_mixin.py:115} INFO - [2022-08-06 10:35:12,241] {dag.py:2972} INFO - Setting next_dagrun for example_skip_dag to 2022-08-05T02:35:12.240865+00:00, run_after=2022-08-06T02:35:12.240865+00:00
[2022-08-06 10:35:12,253] {processor.py:161} INFO - Processing /Users/pro/Documents/a_env/proj_data/lib/python3.7/site-packages/airflow/example_dags/example_skip_dag.py took 0.063 seconds
[2022-08-06 21:09:48,175] {processor.py:153} INFO - Started process (PID=91552) to work on /Users/pro/Documents/a_env/proj_data/lib/python3.7/site-packages/airflow/example_dags/example_skip_dag.py
[2022-08-06 21:09:48,177] {processor.py:641} INFO - Processing file /Users/pro/Documents/a_env/proj_data/lib/python3.7/site-packages/airflow/example_dags/example_skip_dag.py for tasks to queue
[2022-08-06 21:09:48,178] {logging_mixin.py:115} INFO - [2022-08-06 21:09:48,177] {dagbag.py:508} INFO - Filling up the DagBag from /Users/pro/Documents/a_env/proj_data/lib/python3.7/site-packages/airflow/example_dags/example_skip_dag.py
[2022-08-06 21:09:48,192] {processor.py:651} INFO - DAG(s) dict_keys(['example_skip_dag']) retrieved from /Users/pro/Documents/a_env/proj_data/lib/python3.7/site-packages/airflow/example_dags/example_skip_dag.py
[2022-08-06 21:09:48,213] {logging_mixin.py:115} INFO - [2022-08-06 21:09:48,213] {dag.py:2420} INFO - Sync 1 DAGs
[2022-08-06 21:09:48,234] {logging_mixin.py:115} INFO - [2022-08-06 21:09:48,234] {dag.py:2972} INFO - Setting next_dagrun for example_skip_dag to 2022-08-05T13:09:48.234227+00:00, run_after=2022-08-06T13:09:48.234227+00:00
[2022-08-06 21:09:48,248] {processor.py:161} INFO - Processing /Users/pro/Documents/a_env/proj_data/lib/python3.7/site-packages/airflow/example_dags/example_skip_dag.py took 0.079 seconds
[2022-08-06 21:10:24,399] {processor.py:153} INFO - Started process (PID=91596) to work on /Users/pro/Documents/a_env/proj_data/lib/python3.7/site-packages/airflow/example_dags/example_skip_dag.py
[2022-08-06 21:10:24,401] {processor.py:641} INFO - Processing file /Users/pro/Documents/a_env/proj_data/lib/python3.7/site-packages/airflow/example_dags/example_skip_dag.py for tasks to queue
[2022-08-06 21:10:24,402] {logging_mixin.py:115} INFO - [2022-08-06 21:10:24,401] {dagbag.py:508} INFO - Filling up the DagBag from /Users/pro/Documents/a_env/proj_data/lib/python3.7/site-packages/airflow/example_dags/example_skip_dag.py
[2022-08-06 21:10:24,412] {processor.py:651} INFO - DAG(s) dict_keys(['example_skip_dag']) retrieved from /Users/pro/Documents/a_env/proj_data/lib/python3.7/site-packages/airflow/example_dags/example_skip_dag.py
[2022-08-06 21:10:24,433] {logging_mixin.py:115} INFO - [2022-08-06 21:10:24,432] {dag.py:2420} INFO - Sync 1 DAGs
[2022-08-06 21:10:24,454] {logging_mixin.py:115} INFO - [2022-08-06 21:10:24,454] {dag.py:2972} INFO - Setting next_dagrun for example_skip_dag to 2022-08-05T13:10:24.454201+00:00, run_after=2022-08-06T13:10:24.454201+00:00
[2022-08-06 21:10:24,468] {processor.py:161} INFO - Processing /Users/pro/Documents/a_env/proj_data/lib/python3.7/site-packages/airflow/example_dags/example_skip_dag.py took 0.073 seconds
[2022-08-06 21:10:59,091] {processor.py:153} INFO - Started process (PID=91643) to work on /Users/pro/Documents/a_env/proj_data/lib/python3.7/site-packages/airflow/example_dags/example_skip_dag.py
[2022-08-06 21:10:59,092] {processor.py:641} INFO - Processing file /Users/pro/Documents/a_env/proj_data/lib/python3.7/site-packages/airflow/example_dags/example_skip_dag.py for tasks to queue
[2022-08-06 21:10:59,093] {logging_mixin.py:115} INFO - [2022-08-06 21:10:59,093] {dagbag.py:508} INFO - Filling up the DagBag from /Users/pro/Documents/a_env/proj_data/lib/python3.7/site-packages/airflow/example_dags/example_skip_dag.py
[2022-08-06 21:10:59,102] {processor.py:651} INFO - DAG(s) dict_keys(['example_skip_dag']) retrieved from /Users/pro/Documents/a_env/proj_data/lib/python3.7/site-packages/airflow/example_dags/example_skip_dag.py
[2022-08-06 21:10:59,135] {logging_mixin.py:115} INFO - [2022-08-06 21:10:59,135] {dag.py:2420} INFO - Sync 1 DAGs
[2022-08-06 21:10:59,170] {logging_mixin.py:115} INFO - [2022-08-06 21:10:59,170] {dag.py:2972} INFO - Setting next_dagrun for example_skip_dag to 2022-08-05T13:10:59.169852+00:00, run_after=2022-08-06T13:10:59.169852+00:00
[2022-08-06 21:10:59,189] {processor.py:161} INFO - Processing /Users/pro/Documents/a_env/proj_data/lib/python3.7/site-packages/airflow/example_dags/example_skip_dag.py took 0.105 seconds
[2022-08-06 21:11:33,564] {processor.py:153} INFO - Started process (PID=91692) to work on /Users/pro/Documents/a_env/proj_data/lib/python3.7/site-packages/airflow/example_dags/example_skip_dag.py
[2022-08-06 21:11:33,566] {processor.py:641} INFO - Processing file /Users/pro/Documents/a_env/proj_data/lib/python3.7/site-packages/airflow/example_dags/example_skip_dag.py for tasks to queue
[2022-08-06 21:11:33,567] {logging_mixin.py:115} INFO - [2022-08-06 21:11:33,567] {dagbag.py:508} INFO - Filling up the DagBag from /Users/pro/Documents/a_env/proj_data/lib/python3.7/site-packages/airflow/example_dags/example_skip_dag.py
[2022-08-06 21:11:33,578] {processor.py:651} INFO - DAG(s) dict_keys(['example_skip_dag']) retrieved from /Users/pro/Documents/a_env/proj_data/lib/python3.7/site-packages/airflow/example_dags/example_skip_dag.py
[2022-08-06 21:11:33,604] {logging_mixin.py:115} INFO - [2022-08-06 21:11:33,603] {dag.py:2420} INFO - Sync 1 DAGs
[2022-08-06 21:11:33,644] {logging_mixin.py:115} INFO - [2022-08-06 21:11:33,643] {dag.py:2972} INFO - Setting next_dagrun for example_skip_dag to 2022-08-05T13:11:33.643386+00:00, run_after=2022-08-06T13:11:33.643386+00:00
[2022-08-06 21:11:33,662] {processor.py:161} INFO - Processing /Users/pro/Documents/a_env/proj_data/lib/python3.7/site-packages/airflow/example_dags/example_skip_dag.py took 0.102 seconds
[2022-08-06 23:51:23,047] {processor.py:153} INFO - Started process (PID=91816) to work on /Users/pro/Documents/a_env/proj_data/lib/python3.7/site-packages/airflow/example_dags/example_skip_dag.py
[2022-08-06 23:51:23,048] {processor.py:641} INFO - Processing file /Users/pro/Documents/a_env/proj_data/lib/python3.7/site-packages/airflow/example_dags/example_skip_dag.py for tasks to queue
[2022-08-06 23:51:23,049] {logging_mixin.py:115} INFO - [2022-08-06 23:51:23,049] {dagbag.py:508} INFO - Filling up the DagBag from /Users/pro/Documents/a_env/proj_data/lib/python3.7/site-packages/airflow/example_dags/example_skip_dag.py
[2022-08-06 23:51:23,058] {processor.py:651} INFO - DAG(s) dict_keys(['example_skip_dag']) retrieved from /Users/pro/Documents/a_env/proj_data/lib/python3.7/site-packages/airflow/example_dags/example_skip_dag.py
[2022-08-06 23:51:23,081] {logging_mixin.py:115} INFO - [2022-08-06 23:51:23,081] {dag.py:2420} INFO - Sync 1 DAGs
[2022-08-06 23:51:23,106] {logging_mixin.py:115} INFO - [2022-08-06 23:51:23,106] {dag.py:2972} INFO - Setting next_dagrun for example_skip_dag to 2022-08-05T15:51:23.105785+00:00, run_after=2022-08-06T15:51:23.105785+00:00
[2022-08-06 23:51:23,122] {processor.py:161} INFO - Processing /Users/pro/Documents/a_env/proj_data/lib/python3.7/site-packages/airflow/example_dags/example_skip_dag.py took 0.081 seconds
[2022-08-07 04:14:54,610] {processor.py:153} INFO - Started process (PID=91927) to work on /Users/pro/Documents/a_env/proj_data/lib/python3.7/site-packages/airflow/example_dags/example_skip_dag.py
[2022-08-07 04:14:54,611] {processor.py:641} INFO - Processing file /Users/pro/Documents/a_env/proj_data/lib/python3.7/site-packages/airflow/example_dags/example_skip_dag.py for tasks to queue
[2022-08-07 04:14:54,612] {logging_mixin.py:115} INFO - [2022-08-07 04:14:54,612] {dagbag.py:508} INFO - Filling up the DagBag from /Users/pro/Documents/a_env/proj_data/lib/python3.7/site-packages/airflow/example_dags/example_skip_dag.py
[2022-08-07 04:14:54,620] {processor.py:651} INFO - DAG(s) dict_keys(['example_skip_dag']) retrieved from /Users/pro/Documents/a_env/proj_data/lib/python3.7/site-packages/airflow/example_dags/example_skip_dag.py
[2022-08-07 04:14:54,640] {logging_mixin.py:115} INFO - [2022-08-07 04:14:54,640] {dag.py:2420} INFO - Sync 1 DAGs
[2022-08-07 04:14:54,659] {logging_mixin.py:115} INFO - [2022-08-07 04:14:54,658] {dag.py:2972} INFO - Setting next_dagrun for example_skip_dag to 2022-08-05T20:14:54.658584+00:00, run_after=2022-08-06T20:14:54.658584+00:00
[2022-08-07 04:14:54,671] {processor.py:161} INFO - Processing /Users/pro/Documents/a_env/proj_data/lib/python3.7/site-packages/airflow/example_dags/example_skip_dag.py took 0.066 seconds
[2022-08-07 07:39:01,788] {processor.py:153} INFO - Started process (PID=92078) to work on /Users/pro/Documents/a_env/proj_data/lib/python3.7/site-packages/airflow/example_dags/example_skip_dag.py
[2022-08-07 07:39:01,792] {processor.py:641} INFO - Processing file /Users/pro/Documents/a_env/proj_data/lib/python3.7/site-packages/airflow/example_dags/example_skip_dag.py for tasks to queue
[2022-08-07 07:39:01,793] {logging_mixin.py:115} INFO - [2022-08-07 07:39:01,793] {dagbag.py:508} INFO - Filling up the DagBag from /Users/pro/Documents/a_env/proj_data/lib/python3.7/site-packages/airflow/example_dags/example_skip_dag.py
[2022-08-07 07:39:01,803] {processor.py:651} INFO - DAG(s) dict_keys(['example_skip_dag']) retrieved from /Users/pro/Documents/a_env/proj_data/lib/python3.7/site-packages/airflow/example_dags/example_skip_dag.py
[2022-08-07 07:39:01,913] {logging_mixin.py:115} INFO - [2022-08-07 07:39:01,909] {dag.py:2420} INFO - Sync 1 DAGs
[2022-08-07 07:39:01,979] {logging_mixin.py:115} INFO - [2022-08-07 07:39:01,978] {dag.py:2972} INFO - Setting next_dagrun for example_skip_dag to 2022-08-05T23:39:01.978476+00:00, run_after=2022-08-06T23:39:01.978476+00:00
[2022-08-07 07:39:01,991] {processor.py:161} INFO - Processing /Users/pro/Documents/a_env/proj_data/lib/python3.7/site-packages/airflow/example_dags/example_skip_dag.py took 0.212 seconds
[2022-08-07 07:39:37,006] {processor.py:153} INFO - Started process (PID=92115) to work on /Users/pro/Documents/a_env/proj_data/lib/python3.7/site-packages/airflow/example_dags/example_skip_dag.py
[2022-08-07 07:39:37,007] {processor.py:641} INFO - Processing file /Users/pro/Documents/a_env/proj_data/lib/python3.7/site-packages/airflow/example_dags/example_skip_dag.py for tasks to queue
[2022-08-07 07:39:37,008] {logging_mixin.py:115} INFO - [2022-08-07 07:39:37,007] {dagbag.py:508} INFO - Filling up the DagBag from /Users/pro/Documents/a_env/proj_data/lib/python3.7/site-packages/airflow/example_dags/example_skip_dag.py
[2022-08-07 07:39:37,019] {processor.py:651} INFO - DAG(s) dict_keys(['example_skip_dag']) retrieved from /Users/pro/Documents/a_env/proj_data/lib/python3.7/site-packages/airflow/example_dags/example_skip_dag.py
[2022-08-07 07:39:37,043] {logging_mixin.py:115} INFO - [2022-08-07 07:39:37,043] {dag.py:2420} INFO - Sync 1 DAGs
[2022-08-07 07:39:37,067] {logging_mixin.py:115} INFO - [2022-08-07 07:39:37,066] {dag.py:2972} INFO - Setting next_dagrun for example_skip_dag to 2022-08-05T23:39:37.066643+00:00, run_after=2022-08-06T23:39:37.066643+00:00
[2022-08-07 07:39:37,081] {processor.py:161} INFO - Processing /Users/pro/Documents/a_env/proj_data/lib/python3.7/site-packages/airflow/example_dags/example_skip_dag.py took 0.081 seconds
[2022-08-07 07:40:11,635] {processor.py:153} INFO - Started process (PID=92196) to work on /Users/pro/Documents/a_env/proj_data/lib/python3.7/site-packages/airflow/example_dags/example_skip_dag.py
[2022-08-07 07:40:11,637] {processor.py:641} INFO - Processing file /Users/pro/Documents/a_env/proj_data/lib/python3.7/site-packages/airflow/example_dags/example_skip_dag.py for tasks to queue
[2022-08-07 07:40:11,638] {logging_mixin.py:115} INFO - [2022-08-07 07:40:11,638] {dagbag.py:508} INFO - Filling up the DagBag from /Users/pro/Documents/a_env/proj_data/lib/python3.7/site-packages/airflow/example_dags/example_skip_dag.py
[2022-08-07 07:40:11,647] {processor.py:651} INFO - DAG(s) dict_keys(['example_skip_dag']) retrieved from /Users/pro/Documents/a_env/proj_data/lib/python3.7/site-packages/airflow/example_dags/example_skip_dag.py
[2022-08-07 07:40:11,668] {logging_mixin.py:115} INFO - [2022-08-07 07:40:11,668] {dag.py:2420} INFO - Sync 1 DAGs
[2022-08-07 07:40:11,690] {logging_mixin.py:115} INFO - [2022-08-07 07:40:11,690] {dag.py:2972} INFO - Setting next_dagrun for example_skip_dag to 2022-08-05T23:40:11.690056+00:00, run_after=2022-08-06T23:40:11.690056+00:00
[2022-08-07 07:40:11,705] {processor.py:161} INFO - Processing /Users/pro/Documents/a_env/proj_data/lib/python3.7/site-packages/airflow/example_dags/example_skip_dag.py took 0.074 seconds
[2022-08-07 07:40:47,672] {processor.py:153} INFO - Started process (PID=92262) to work on /Users/pro/Documents/a_env/proj_data/lib/python3.7/site-packages/airflow/example_dags/example_skip_dag.py
[2022-08-07 07:40:47,674] {processor.py:641} INFO - Processing file /Users/pro/Documents/a_env/proj_data/lib/python3.7/site-packages/airflow/example_dags/example_skip_dag.py for tasks to queue
[2022-08-07 07:40:47,675] {logging_mixin.py:115} INFO - [2022-08-07 07:40:47,675] {dagbag.py:508} INFO - Filling up the DagBag from /Users/pro/Documents/a_env/proj_data/lib/python3.7/site-packages/airflow/example_dags/example_skip_dag.py
[2022-08-07 07:40:47,684] {processor.py:651} INFO - DAG(s) dict_keys(['example_skip_dag']) retrieved from /Users/pro/Documents/a_env/proj_data/lib/python3.7/site-packages/airflow/example_dags/example_skip_dag.py
[2022-08-07 07:40:47,706] {logging_mixin.py:115} INFO - [2022-08-07 07:40:47,706] {dag.py:2420} INFO - Sync 1 DAGs
[2022-08-07 07:40:47,728] {logging_mixin.py:115} INFO - [2022-08-07 07:40:47,728] {dag.py:2972} INFO - Setting next_dagrun for example_skip_dag to 2022-08-05T23:40:47.727733+00:00, run_after=2022-08-06T23:40:47.727733+00:00
[2022-08-07 07:40:47,740] {processor.py:161} INFO - Processing /Users/pro/Documents/a_env/proj_data/lib/python3.7/site-packages/airflow/example_dags/example_skip_dag.py took 0.073 seconds
[2022-08-07 07:41:24,125] {processor.py:153} INFO - Started process (PID=92304) to work on /Users/pro/Documents/a_env/proj_data/lib/python3.7/site-packages/airflow/example_dags/example_skip_dag.py
[2022-08-07 07:41:24,127] {processor.py:641} INFO - Processing file /Users/pro/Documents/a_env/proj_data/lib/python3.7/site-packages/airflow/example_dags/example_skip_dag.py for tasks to queue
[2022-08-07 07:41:24,128] {logging_mixin.py:115} INFO - [2022-08-07 07:41:24,128] {dagbag.py:508} INFO - Filling up the DagBag from /Users/pro/Documents/a_env/proj_data/lib/python3.7/site-packages/airflow/example_dags/example_skip_dag.py
[2022-08-07 07:41:24,137] {processor.py:651} INFO - DAG(s) dict_keys(['example_skip_dag']) retrieved from /Users/pro/Documents/a_env/proj_data/lib/python3.7/site-packages/airflow/example_dags/example_skip_dag.py
[2022-08-07 07:41:24,158] {logging_mixin.py:115} INFO - [2022-08-07 07:41:24,158] {dag.py:2420} INFO - Sync 1 DAGs
[2022-08-07 07:41:24,181] {logging_mixin.py:115} INFO - [2022-08-07 07:41:24,180] {dag.py:2972} INFO - Setting next_dagrun for example_skip_dag to 2022-08-05T23:41:24.180604+00:00, run_after=2022-08-06T23:41:24.180604+00:00
[2022-08-07 07:41:24,195] {processor.py:161} INFO - Processing /Users/pro/Documents/a_env/proj_data/lib/python3.7/site-packages/airflow/example_dags/example_skip_dag.py took 0.074 seconds
[2022-08-07 07:41:56,588] {processor.py:153} INFO - Started process (PID=92348) to work on /Users/pro/Documents/a_env/proj_data/lib/python3.7/site-packages/airflow/example_dags/example_skip_dag.py
[2022-08-07 07:41:56,589] {processor.py:641} INFO - Processing file /Users/pro/Documents/a_env/proj_data/lib/python3.7/site-packages/airflow/example_dags/example_skip_dag.py for tasks to queue
[2022-08-07 07:41:56,590] {logging_mixin.py:115} INFO - [2022-08-07 07:41:56,590] {dagbag.py:508} INFO - Filling up the DagBag from /Users/pro/Documents/a_env/proj_data/lib/python3.7/site-packages/airflow/example_dags/example_skip_dag.py
[2022-08-07 07:41:56,599] {processor.py:651} INFO - DAG(s) dict_keys(['example_skip_dag']) retrieved from /Users/pro/Documents/a_env/proj_data/lib/python3.7/site-packages/airflow/example_dags/example_skip_dag.py
[2022-08-07 07:41:56,620] {logging_mixin.py:115} INFO - [2022-08-07 07:41:56,619] {dag.py:2420} INFO - Sync 1 DAGs
[2022-08-07 07:41:56,643] {logging_mixin.py:115} INFO - [2022-08-07 07:41:56,643] {dag.py:2972} INFO - Setting next_dagrun for example_skip_dag to 2022-08-05T23:41:56.642857+00:00, run_after=2022-08-06T23:41:56.642857+00:00
[2022-08-07 07:41:56,656] {processor.py:161} INFO - Processing /Users/pro/Documents/a_env/proj_data/lib/python3.7/site-packages/airflow/example_dags/example_skip_dag.py took 0.073 seconds
[2022-08-07 07:42:31,925] {processor.py:153} INFO - Started process (PID=92384) to work on /Users/pro/Documents/a_env/proj_data/lib/python3.7/site-packages/airflow/example_dags/example_skip_dag.py
[2022-08-07 07:42:31,926] {processor.py:641} INFO - Processing file /Users/pro/Documents/a_env/proj_data/lib/python3.7/site-packages/airflow/example_dags/example_skip_dag.py for tasks to queue
[2022-08-07 07:42:31,928] {logging_mixin.py:115} INFO - [2022-08-07 07:42:31,927] {dagbag.py:508} INFO - Filling up the DagBag from /Users/pro/Documents/a_env/proj_data/lib/python3.7/site-packages/airflow/example_dags/example_skip_dag.py
[2022-08-07 07:42:31,939] {processor.py:651} INFO - DAG(s) dict_keys(['example_skip_dag']) retrieved from /Users/pro/Documents/a_env/proj_data/lib/python3.7/site-packages/airflow/example_dags/example_skip_dag.py
[2022-08-07 07:42:31,964] {logging_mixin.py:115} INFO - [2022-08-07 07:42:31,964] {dag.py:2420} INFO - Sync 1 DAGs
[2022-08-07 07:42:31,986] {logging_mixin.py:115} INFO - [2022-08-07 07:42:31,986] {dag.py:2972} INFO - Setting next_dagrun for example_skip_dag to 2022-08-05T23:42:31.986267+00:00, run_after=2022-08-06T23:42:31.986267+00:00
[2022-08-07 07:42:32,000] {processor.py:161} INFO - Processing /Users/pro/Documents/a_env/proj_data/lib/python3.7/site-packages/airflow/example_dags/example_skip_dag.py took 0.080 seconds
[2022-08-07 07:43:06,544] {processor.py:153} INFO - Started process (PID=92422) to work on /Users/pro/Documents/a_env/proj_data/lib/python3.7/site-packages/airflow/example_dags/example_skip_dag.py
[2022-08-07 07:43:06,545] {processor.py:641} INFO - Processing file /Users/pro/Documents/a_env/proj_data/lib/python3.7/site-packages/airflow/example_dags/example_skip_dag.py for tasks to queue
[2022-08-07 07:43:06,546] {logging_mixin.py:115} INFO - [2022-08-07 07:43:06,546] {dagbag.py:508} INFO - Filling up the DagBag from /Users/pro/Documents/a_env/proj_data/lib/python3.7/site-packages/airflow/example_dags/example_skip_dag.py
[2022-08-07 07:43:06,555] {processor.py:651} INFO - DAG(s) dict_keys(['example_skip_dag']) retrieved from /Users/pro/Documents/a_env/proj_data/lib/python3.7/site-packages/airflow/example_dags/example_skip_dag.py
[2022-08-07 07:43:06,578] {logging_mixin.py:115} INFO - [2022-08-07 07:43:06,577] {dag.py:2420} INFO - Sync 1 DAGs
[2022-08-07 07:43:06,607] {logging_mixin.py:115} INFO - [2022-08-07 07:43:06,606] {dag.py:2972} INFO - Setting next_dagrun for example_skip_dag to 2022-08-05T23:43:06.606573+00:00, run_after=2022-08-06T23:43:06.606573+00:00
[2022-08-07 07:43:06,625] {processor.py:161} INFO - Processing /Users/pro/Documents/a_env/proj_data/lib/python3.7/site-packages/airflow/example_dags/example_skip_dag.py took 0.086 seconds
[2022-08-07 07:43:40,575] {processor.py:153} INFO - Started process (PID=92459) to work on /Users/pro/Documents/a_env/proj_data/lib/python3.7/site-packages/airflow/example_dags/example_skip_dag.py
[2022-08-07 07:43:40,577] {processor.py:641} INFO - Processing file /Users/pro/Documents/a_env/proj_data/lib/python3.7/site-packages/airflow/example_dags/example_skip_dag.py for tasks to queue
[2022-08-07 07:43:40,578] {logging_mixin.py:115} INFO - [2022-08-07 07:43:40,577] {dagbag.py:508} INFO - Filling up the DagBag from /Users/pro/Documents/a_env/proj_data/lib/python3.7/site-packages/airflow/example_dags/example_skip_dag.py
[2022-08-07 07:43:40,586] {processor.py:651} INFO - DAG(s) dict_keys(['example_skip_dag']) retrieved from /Users/pro/Documents/a_env/proj_data/lib/python3.7/site-packages/airflow/example_dags/example_skip_dag.py
[2022-08-07 07:43:40,611] {logging_mixin.py:115} INFO - [2022-08-07 07:43:40,611] {dag.py:2420} INFO - Sync 1 DAGs
[2022-08-07 07:43:40,634] {logging_mixin.py:115} INFO - [2022-08-07 07:43:40,633] {dag.py:2972} INFO - Setting next_dagrun for example_skip_dag to 2022-08-05T23:43:40.633501+00:00, run_after=2022-08-06T23:43:40.633501+00:00
[2022-08-07 07:43:40,649] {processor.py:161} INFO - Processing /Users/pro/Documents/a_env/proj_data/lib/python3.7/site-packages/airflow/example_dags/example_skip_dag.py took 0.079 seconds
[2022-08-07 07:44:16,641] {processor.py:153} INFO - Started process (PID=92512) to work on /Users/pro/Documents/a_env/proj_data/lib/python3.7/site-packages/airflow/example_dags/example_skip_dag.py
[2022-08-07 07:44:16,642] {processor.py:641} INFO - Processing file /Users/pro/Documents/a_env/proj_data/lib/python3.7/site-packages/airflow/example_dags/example_skip_dag.py for tasks to queue
[2022-08-07 07:44:16,643] {logging_mixin.py:115} INFO - [2022-08-07 07:44:16,643] {dagbag.py:508} INFO - Filling up the DagBag from /Users/pro/Documents/a_env/proj_data/lib/python3.7/site-packages/airflow/example_dags/example_skip_dag.py
[2022-08-07 07:44:16,654] {processor.py:651} INFO - DAG(s) dict_keys(['example_skip_dag']) retrieved from /Users/pro/Documents/a_env/proj_data/lib/python3.7/site-packages/airflow/example_dags/example_skip_dag.py
[2022-08-07 07:44:16,678] {logging_mixin.py:115} INFO - [2022-08-07 07:44:16,678] {dag.py:2420} INFO - Sync 1 DAGs
[2022-08-07 07:44:16,702] {logging_mixin.py:115} INFO - [2022-08-07 07:44:16,701] {dag.py:2972} INFO - Setting next_dagrun for example_skip_dag to 2022-08-05T23:44:16.701549+00:00, run_after=2022-08-06T23:44:16.701549+00:00
[2022-08-07 07:44:16,716] {processor.py:161} INFO - Processing /Users/pro/Documents/a_env/proj_data/lib/python3.7/site-packages/airflow/example_dags/example_skip_dag.py took 0.081 seconds
[2022-08-07 07:44:51,652] {processor.py:153} INFO - Started process (PID=92548) to work on /Users/pro/Documents/a_env/proj_data/lib/python3.7/site-packages/airflow/example_dags/example_skip_dag.py
[2022-08-07 07:44:51,653] {processor.py:641} INFO - Processing file /Users/pro/Documents/a_env/proj_data/lib/python3.7/site-packages/airflow/example_dags/example_skip_dag.py for tasks to queue
[2022-08-07 07:44:51,655] {logging_mixin.py:115} INFO - [2022-08-07 07:44:51,655] {dagbag.py:508} INFO - Filling up the DagBag from /Users/pro/Documents/a_env/proj_data/lib/python3.7/site-packages/airflow/example_dags/example_skip_dag.py
[2022-08-07 07:44:51,666] {processor.py:651} INFO - DAG(s) dict_keys(['example_skip_dag']) retrieved from /Users/pro/Documents/a_env/proj_data/lib/python3.7/site-packages/airflow/example_dags/example_skip_dag.py
[2022-08-07 07:44:51,690] {logging_mixin.py:115} INFO - [2022-08-07 07:44:51,690] {dag.py:2420} INFO - Sync 1 DAGs
[2022-08-07 07:44:51,712] {logging_mixin.py:115} INFO - [2022-08-07 07:44:51,712] {dag.py:2972} INFO - Setting next_dagrun for example_skip_dag to 2022-08-05T23:44:51.712098+00:00, run_after=2022-08-06T23:44:51.712098+00:00
[2022-08-07 07:44:51,726] {processor.py:161} INFO - Processing /Users/pro/Documents/a_env/proj_data/lib/python3.7/site-packages/airflow/example_dags/example_skip_dag.py took 0.079 seconds
[2022-08-07 07:45:27,888] {processor.py:153} INFO - Started process (PID=92588) to work on /Users/pro/Documents/a_env/proj_data/lib/python3.7/site-packages/airflow/example_dags/example_skip_dag.py
[2022-08-07 07:45:27,890] {processor.py:641} INFO - Processing file /Users/pro/Documents/a_env/proj_data/lib/python3.7/site-packages/airflow/example_dags/example_skip_dag.py for tasks to queue
[2022-08-07 07:45:27,892] {logging_mixin.py:115} INFO - [2022-08-07 07:45:27,892] {dagbag.py:508} INFO - Filling up the DagBag from /Users/pro/Documents/a_env/proj_data/lib/python3.7/site-packages/airflow/example_dags/example_skip_dag.py
[2022-08-07 07:45:27,903] {processor.py:651} INFO - DAG(s) dict_keys(['example_skip_dag']) retrieved from /Users/pro/Documents/a_env/proj_data/lib/python3.7/site-packages/airflow/example_dags/example_skip_dag.py
[2022-08-07 07:45:27,929] {logging_mixin.py:115} INFO - [2022-08-07 07:45:27,928] {dag.py:2420} INFO - Sync 1 DAGs
[2022-08-07 07:45:27,957] {logging_mixin.py:115} INFO - [2022-08-07 07:45:27,956] {dag.py:2972} INFO - Setting next_dagrun for example_skip_dag to 2022-08-05T23:45:27.956233+00:00, run_after=2022-08-06T23:45:27.956233+00:00
[2022-08-07 07:45:27,973] {processor.py:161} INFO - Processing /Users/pro/Documents/a_env/proj_data/lib/python3.7/site-packages/airflow/example_dags/example_skip_dag.py took 0.092 seconds
[2022-08-07 07:46:05,374] {processor.py:153} INFO - Started process (PID=92626) to work on /Users/pro/Documents/a_env/proj_data/lib/python3.7/site-packages/airflow/example_dags/example_skip_dag.py
[2022-08-07 07:46:05,376] {processor.py:641} INFO - Processing file /Users/pro/Documents/a_env/proj_data/lib/python3.7/site-packages/airflow/example_dags/example_skip_dag.py for tasks to queue
[2022-08-07 07:46:05,377] {logging_mixin.py:115} INFO - [2022-08-07 07:46:05,377] {dagbag.py:508} INFO - Filling up the DagBag from /Users/pro/Documents/a_env/proj_data/lib/python3.7/site-packages/airflow/example_dags/example_skip_dag.py
[2022-08-07 07:46:05,387] {processor.py:651} INFO - DAG(s) dict_keys(['example_skip_dag']) retrieved from /Users/pro/Documents/a_env/proj_data/lib/python3.7/site-packages/airflow/example_dags/example_skip_dag.py
[2022-08-07 07:46:05,409] {logging_mixin.py:115} INFO - [2022-08-07 07:46:05,409] {dag.py:2420} INFO - Sync 1 DAGs
[2022-08-07 07:46:05,432] {logging_mixin.py:115} INFO - [2022-08-07 07:46:05,432] {dag.py:2972} INFO - Setting next_dagrun for example_skip_dag to 2022-08-05T23:46:05.431937+00:00, run_after=2022-08-06T23:46:05.431937+00:00
[2022-08-07 07:46:05,446] {processor.py:161} INFO - Processing /Users/pro/Documents/a_env/proj_data/lib/python3.7/site-packages/airflow/example_dags/example_skip_dag.py took 0.078 seconds
[2022-08-07 07:46:40,350] {processor.py:153} INFO - Started process (PID=92662) to work on /Users/pro/Documents/a_env/proj_data/lib/python3.7/site-packages/airflow/example_dags/example_skip_dag.py
[2022-08-07 07:46:40,352] {processor.py:641} INFO - Processing file /Users/pro/Documents/a_env/proj_data/lib/python3.7/site-packages/airflow/example_dags/example_skip_dag.py for tasks to queue
[2022-08-07 07:46:40,353] {logging_mixin.py:115} INFO - [2022-08-07 07:46:40,353] {dagbag.py:508} INFO - Filling up the DagBag from /Users/pro/Documents/a_env/proj_data/lib/python3.7/site-packages/airflow/example_dags/example_skip_dag.py
[2022-08-07 07:46:40,361] {processor.py:651} INFO - DAG(s) dict_keys(['example_skip_dag']) retrieved from /Users/pro/Documents/a_env/proj_data/lib/python3.7/site-packages/airflow/example_dags/example_skip_dag.py
[2022-08-07 07:46:40,385] {logging_mixin.py:115} INFO - [2022-08-07 07:46:40,385] {dag.py:2420} INFO - Sync 1 DAGs
[2022-08-07 07:46:40,408] {logging_mixin.py:115} INFO - [2022-08-07 07:46:40,407] {dag.py:2972} INFO - Setting next_dagrun for example_skip_dag to 2022-08-05T23:46:40.407574+00:00, run_after=2022-08-06T23:46:40.407574+00:00
[2022-08-07 07:46:40,421] {processor.py:161} INFO - Processing /Users/pro/Documents/a_env/proj_data/lib/python3.7/site-packages/airflow/example_dags/example_skip_dag.py took 0.076 seconds
[2022-08-07 07:47:14,346] {processor.py:153} INFO - Started process (PID=92697) to work on /Users/pro/Documents/a_env/proj_data/lib/python3.7/site-packages/airflow/example_dags/example_skip_dag.py
[2022-08-07 07:47:14,348] {processor.py:641} INFO - Processing file /Users/pro/Documents/a_env/proj_data/lib/python3.7/site-packages/airflow/example_dags/example_skip_dag.py for tasks to queue
[2022-08-07 07:47:14,350] {logging_mixin.py:115} INFO - [2022-08-07 07:47:14,349] {dagbag.py:508} INFO - Filling up the DagBag from /Users/pro/Documents/a_env/proj_data/lib/python3.7/site-packages/airflow/example_dags/example_skip_dag.py
[2022-08-07 07:47:14,358] {processor.py:651} INFO - DAG(s) dict_keys(['example_skip_dag']) retrieved from /Users/pro/Documents/a_env/proj_data/lib/python3.7/site-packages/airflow/example_dags/example_skip_dag.py
[2022-08-07 07:47:14,380] {logging_mixin.py:115} INFO - [2022-08-07 07:47:14,380] {dag.py:2420} INFO - Sync 1 DAGs
[2022-08-07 07:47:14,403] {logging_mixin.py:115} INFO - [2022-08-07 07:47:14,403] {dag.py:2972} INFO - Setting next_dagrun for example_skip_dag to 2022-08-05T23:47:14.402806+00:00, run_after=2022-08-06T23:47:14.402806+00:00
[2022-08-07 07:47:14,418] {processor.py:161} INFO - Processing /Users/pro/Documents/a_env/proj_data/lib/python3.7/site-packages/airflow/example_dags/example_skip_dag.py took 0.075 seconds
[2022-08-07 07:47:48,965] {processor.py:153} INFO - Started process (PID=92733) to work on /Users/pro/Documents/a_env/proj_data/lib/python3.7/site-packages/airflow/example_dags/example_skip_dag.py
[2022-08-07 07:47:48,968] {processor.py:641} INFO - Processing file /Users/pro/Documents/a_env/proj_data/lib/python3.7/site-packages/airflow/example_dags/example_skip_dag.py for tasks to queue
[2022-08-07 07:47:48,969] {logging_mixin.py:115} INFO - [2022-08-07 07:47:48,969] {dagbag.py:508} INFO - Filling up the DagBag from /Users/pro/Documents/a_env/proj_data/lib/python3.7/site-packages/airflow/example_dags/example_skip_dag.py
[2022-08-07 07:47:48,979] {processor.py:651} INFO - DAG(s) dict_keys(['example_skip_dag']) retrieved from /Users/pro/Documents/a_env/proj_data/lib/python3.7/site-packages/airflow/example_dags/example_skip_dag.py
[2022-08-07 07:47:49,008] {logging_mixin.py:115} INFO - [2022-08-07 07:47:49,007] {dag.py:2420} INFO - Sync 1 DAGs
[2022-08-07 07:47:49,037] {logging_mixin.py:115} INFO - [2022-08-07 07:47:49,036] {dag.py:2972} INFO - Setting next_dagrun for example_skip_dag to 2022-08-05T23:47:49.036195+00:00, run_after=2022-08-06T23:47:49.036195+00:00
[2022-08-07 07:47:49,053] {processor.py:161} INFO - Processing /Users/pro/Documents/a_env/proj_data/lib/python3.7/site-packages/airflow/example_dags/example_skip_dag.py took 0.094 seconds
[2022-08-07 07:48:23,881] {processor.py:153} INFO - Started process (PID=92775) to work on /Users/pro/Documents/a_env/proj_data/lib/python3.7/site-packages/airflow/example_dags/example_skip_dag.py
[2022-08-07 07:48:23,882] {processor.py:641} INFO - Processing file /Users/pro/Documents/a_env/proj_data/lib/python3.7/site-packages/airflow/example_dags/example_skip_dag.py for tasks to queue
[2022-08-07 07:48:23,883] {logging_mixin.py:115} INFO - [2022-08-07 07:48:23,883] {dagbag.py:508} INFO - Filling up the DagBag from /Users/pro/Documents/a_env/proj_data/lib/python3.7/site-packages/airflow/example_dags/example_skip_dag.py
[2022-08-07 07:48:23,891] {processor.py:651} INFO - DAG(s) dict_keys(['example_skip_dag']) retrieved from /Users/pro/Documents/a_env/proj_data/lib/python3.7/site-packages/airflow/example_dags/example_skip_dag.py
[2022-08-07 07:48:23,912] {logging_mixin.py:115} INFO - [2022-08-07 07:48:23,912] {dag.py:2420} INFO - Sync 1 DAGs
[2022-08-07 07:48:23,935] {logging_mixin.py:115} INFO - [2022-08-07 07:48:23,934] {dag.py:2972} INFO - Setting next_dagrun for example_skip_dag to 2022-08-05T23:48:23.934515+00:00, run_after=2022-08-06T23:48:23.934515+00:00
[2022-08-07 07:48:23,948] {processor.py:161} INFO - Processing /Users/pro/Documents/a_env/proj_data/lib/python3.7/site-packages/airflow/example_dags/example_skip_dag.py took 0.072 seconds
[2022-08-07 07:48:59,455] {processor.py:153} INFO - Started process (PID=92813) to work on /Users/pro/Documents/a_env/proj_data/lib/python3.7/site-packages/airflow/example_dags/example_skip_dag.py
[2022-08-07 07:48:59,456] {processor.py:641} INFO - Processing file /Users/pro/Documents/a_env/proj_data/lib/python3.7/site-packages/airflow/example_dags/example_skip_dag.py for tasks to queue
[2022-08-07 07:48:59,457] {logging_mixin.py:115} INFO - [2022-08-07 07:48:59,457] {dagbag.py:508} INFO - Filling up the DagBag from /Users/pro/Documents/a_env/proj_data/lib/python3.7/site-packages/airflow/example_dags/example_skip_dag.py
[2022-08-07 07:48:59,466] {processor.py:651} INFO - DAG(s) dict_keys(['example_skip_dag']) retrieved from /Users/pro/Documents/a_env/proj_data/lib/python3.7/site-packages/airflow/example_dags/example_skip_dag.py
[2022-08-07 07:48:59,487] {logging_mixin.py:115} INFO - [2022-08-07 07:48:59,486] {dag.py:2420} INFO - Sync 1 DAGs
[2022-08-07 07:48:59,509] {logging_mixin.py:115} INFO - [2022-08-07 07:48:59,508] {dag.py:2972} INFO - Setting next_dagrun for example_skip_dag to 2022-08-05T23:48:59.508648+00:00, run_after=2022-08-06T23:48:59.508648+00:00
[2022-08-07 07:48:59,522] {processor.py:161} INFO - Processing /Users/pro/Documents/a_env/proj_data/lib/python3.7/site-packages/airflow/example_dags/example_skip_dag.py took 0.071 seconds
[2022-08-07 07:49:31,599] {processor.py:153} INFO - Started process (PID=92853) to work on /Users/pro/Documents/a_env/proj_data/lib/python3.7/site-packages/airflow/example_dags/example_skip_dag.py
[2022-08-07 07:49:31,600] {processor.py:641} INFO - Processing file /Users/pro/Documents/a_env/proj_data/lib/python3.7/site-packages/airflow/example_dags/example_skip_dag.py for tasks to queue
[2022-08-07 07:49:31,601] {logging_mixin.py:115} INFO - [2022-08-07 07:49:31,601] {dagbag.py:508} INFO - Filling up the DagBag from /Users/pro/Documents/a_env/proj_data/lib/python3.7/site-packages/airflow/example_dags/example_skip_dag.py
[2022-08-07 07:49:31,611] {processor.py:651} INFO - DAG(s) dict_keys(['example_skip_dag']) retrieved from /Users/pro/Documents/a_env/proj_data/lib/python3.7/site-packages/airflow/example_dags/example_skip_dag.py
[2022-08-07 07:49:31,632] {logging_mixin.py:115} INFO - [2022-08-07 07:49:31,632] {dag.py:2420} INFO - Sync 1 DAGs
[2022-08-07 07:49:31,655] {logging_mixin.py:115} INFO - [2022-08-07 07:49:31,654] {dag.py:2972} INFO - Setting next_dagrun for example_skip_dag to 2022-08-05T23:49:31.654538+00:00, run_after=2022-08-06T23:49:31.654538+00:00
[2022-08-07 07:49:31,668] {processor.py:161} INFO - Processing /Users/pro/Documents/a_env/proj_data/lib/python3.7/site-packages/airflow/example_dags/example_skip_dag.py took 0.073 seconds
[2022-08-07 07:50:05,461] {processor.py:153} INFO - Started process (PID=92889) to work on /Users/pro/Documents/a_env/proj_data/lib/python3.7/site-packages/airflow/example_dags/example_skip_dag.py
[2022-08-07 07:50:05,463] {processor.py:641} INFO - Processing file /Users/pro/Documents/a_env/proj_data/lib/python3.7/site-packages/airflow/example_dags/example_skip_dag.py for tasks to queue
[2022-08-07 07:50:05,464] {logging_mixin.py:115} INFO - [2022-08-07 07:50:05,464] {dagbag.py:508} INFO - Filling up the DagBag from /Users/pro/Documents/a_env/proj_data/lib/python3.7/site-packages/airflow/example_dags/example_skip_dag.py
[2022-08-07 07:50:05,472] {processor.py:651} INFO - DAG(s) dict_keys(['example_skip_dag']) retrieved from /Users/pro/Documents/a_env/proj_data/lib/python3.7/site-packages/airflow/example_dags/example_skip_dag.py
[2022-08-07 07:50:05,496] {logging_mixin.py:115} INFO - [2022-08-07 07:50:05,495] {dag.py:2420} INFO - Sync 1 DAGs
[2022-08-07 07:50:05,523] {logging_mixin.py:115} INFO - [2022-08-07 07:50:05,522] {dag.py:2972} INFO - Setting next_dagrun for example_skip_dag to 2022-08-05T23:50:05.522263+00:00, run_after=2022-08-06T23:50:05.522263+00:00
[2022-08-07 07:50:05,537] {processor.py:161} INFO - Processing /Users/pro/Documents/a_env/proj_data/lib/python3.7/site-packages/airflow/example_dags/example_skip_dag.py took 0.081 seconds
[2022-08-07 07:50:38,193] {processor.py:153} INFO - Started process (PID=92924) to work on /Users/pro/Documents/a_env/proj_data/lib/python3.7/site-packages/airflow/example_dags/example_skip_dag.py
[2022-08-07 07:50:38,194] {processor.py:641} INFO - Processing file /Users/pro/Documents/a_env/proj_data/lib/python3.7/site-packages/airflow/example_dags/example_skip_dag.py for tasks to queue
[2022-08-07 07:50:38,196] {logging_mixin.py:115} INFO - [2022-08-07 07:50:38,195] {dagbag.py:508} INFO - Filling up the DagBag from /Users/pro/Documents/a_env/proj_data/lib/python3.7/site-packages/airflow/example_dags/example_skip_dag.py
[2022-08-07 07:50:38,204] {processor.py:651} INFO - DAG(s) dict_keys(['example_skip_dag']) retrieved from /Users/pro/Documents/a_env/proj_data/lib/python3.7/site-packages/airflow/example_dags/example_skip_dag.py
[2022-08-07 07:50:38,226] {logging_mixin.py:115} INFO - [2022-08-07 07:50:38,225] {dag.py:2420} INFO - Sync 1 DAGs
[2022-08-07 07:50:38,251] {logging_mixin.py:115} INFO - [2022-08-07 07:50:38,251] {dag.py:2972} INFO - Setting next_dagrun for example_skip_dag to 2022-08-05T23:50:38.250868+00:00, run_after=2022-08-06T23:50:38.250868+00:00
[2022-08-07 07:50:38,265] {processor.py:161} INFO - Processing /Users/pro/Documents/a_env/proj_data/lib/python3.7/site-packages/airflow/example_dags/example_skip_dag.py took 0.077 seconds
[2022-08-07 07:51:13,721] {processor.py:153} INFO - Started process (PID=92959) to work on /Users/pro/Documents/a_env/proj_data/lib/python3.7/site-packages/airflow/example_dags/example_skip_dag.py
[2022-08-07 07:51:13,723] {processor.py:641} INFO - Processing file /Users/pro/Documents/a_env/proj_data/lib/python3.7/site-packages/airflow/example_dags/example_skip_dag.py for tasks to queue
[2022-08-07 07:51:13,724] {logging_mixin.py:115} INFO - [2022-08-07 07:51:13,723] {dagbag.py:508} INFO - Filling up the DagBag from /Users/pro/Documents/a_env/proj_data/lib/python3.7/site-packages/airflow/example_dags/example_skip_dag.py
[2022-08-07 07:51:13,732] {processor.py:651} INFO - DAG(s) dict_keys(['example_skip_dag']) retrieved from /Users/pro/Documents/a_env/proj_data/lib/python3.7/site-packages/airflow/example_dags/example_skip_dag.py
[2022-08-07 07:51:13,752] {logging_mixin.py:115} INFO - [2022-08-07 07:51:13,752] {dag.py:2420} INFO - Sync 1 DAGs
[2022-08-07 07:51:13,774] {logging_mixin.py:115} INFO - [2022-08-07 07:51:13,773] {dag.py:2972} INFO - Setting next_dagrun for example_skip_dag to 2022-08-05T23:51:13.773495+00:00, run_after=2022-08-06T23:51:13.773495+00:00
[2022-08-07 07:51:13,787] {processor.py:161} INFO - Processing /Users/pro/Documents/a_env/proj_data/lib/python3.7/site-packages/airflow/example_dags/example_skip_dag.py took 0.070 seconds
[2022-08-07 07:51:46,054] {processor.py:153} INFO - Started process (PID=92994) to work on /Users/pro/Documents/a_env/proj_data/lib/python3.7/site-packages/airflow/example_dags/example_skip_dag.py
[2022-08-07 07:51:46,055] {processor.py:641} INFO - Processing file /Users/pro/Documents/a_env/proj_data/lib/python3.7/site-packages/airflow/example_dags/example_skip_dag.py for tasks to queue
[2022-08-07 07:51:46,056] {logging_mixin.py:115} INFO - [2022-08-07 07:51:46,055] {dagbag.py:508} INFO - Filling up the DagBag from /Users/pro/Documents/a_env/proj_data/lib/python3.7/site-packages/airflow/example_dags/example_skip_dag.py
[2022-08-07 07:51:46,063] {processor.py:651} INFO - DAG(s) dict_keys(['example_skip_dag']) retrieved from /Users/pro/Documents/a_env/proj_data/lib/python3.7/site-packages/airflow/example_dags/example_skip_dag.py
[2022-08-07 07:51:46,084] {logging_mixin.py:115} INFO - [2022-08-07 07:51:46,083] {dag.py:2420} INFO - Sync 1 DAGs
[2022-08-07 07:51:46,104] {logging_mixin.py:115} INFO - [2022-08-07 07:51:46,104] {dag.py:2972} INFO - Setting next_dagrun for example_skip_dag to 2022-08-05T23:51:46.104087+00:00, run_after=2022-08-06T23:51:46.104087+00:00
[2022-08-07 07:51:46,118] {processor.py:161} INFO - Processing /Users/pro/Documents/a_env/proj_data/lib/python3.7/site-packages/airflow/example_dags/example_skip_dag.py took 0.068 seconds
[2022-08-07 07:52:18,743] {processor.py:153} INFO - Started process (PID=93027) to work on /Users/pro/Documents/a_env/proj_data/lib/python3.7/site-packages/airflow/example_dags/example_skip_dag.py
[2022-08-07 07:52:18,743] {processor.py:641} INFO - Processing file /Users/pro/Documents/a_env/proj_data/lib/python3.7/site-packages/airflow/example_dags/example_skip_dag.py for tasks to queue
[2022-08-07 07:52:18,744] {logging_mixin.py:115} INFO - [2022-08-07 07:52:18,744] {dagbag.py:508} INFO - Filling up the DagBag from /Users/pro/Documents/a_env/proj_data/lib/python3.7/site-packages/airflow/example_dags/example_skip_dag.py
[2022-08-07 07:52:18,752] {processor.py:651} INFO - DAG(s) dict_keys(['example_skip_dag']) retrieved from /Users/pro/Documents/a_env/proj_data/lib/python3.7/site-packages/airflow/example_dags/example_skip_dag.py
[2022-08-07 07:52:18,772] {logging_mixin.py:115} INFO - [2022-08-07 07:52:18,771] {dag.py:2420} INFO - Sync 1 DAGs
[2022-08-07 07:52:18,794] {logging_mixin.py:115} INFO - [2022-08-07 07:52:18,794] {dag.py:2972} INFO - Setting next_dagrun for example_skip_dag to 2022-08-05T23:52:18.793768+00:00, run_after=2022-08-06T23:52:18.793768+00:00
[2022-08-07 07:52:18,805] {processor.py:161} INFO - Processing /Users/pro/Documents/a_env/proj_data/lib/python3.7/site-packages/airflow/example_dags/example_skip_dag.py took 0.067 seconds
[2022-08-07 07:52:56,777] {processor.py:153} INFO - Started process (PID=93068) to work on /Users/pro/Documents/a_env/proj_data/lib/python3.7/site-packages/airflow/example_dags/example_skip_dag.py
[2022-08-07 07:52:56,778] {processor.py:641} INFO - Processing file /Users/pro/Documents/a_env/proj_data/lib/python3.7/site-packages/airflow/example_dags/example_skip_dag.py for tasks to queue
[2022-08-07 07:52:56,779] {logging_mixin.py:115} INFO - [2022-08-07 07:52:56,779] {dagbag.py:508} INFO - Filling up the DagBag from /Users/pro/Documents/a_env/proj_data/lib/python3.7/site-packages/airflow/example_dags/example_skip_dag.py
[2022-08-07 07:52:56,789] {processor.py:651} INFO - DAG(s) dict_keys(['example_skip_dag']) retrieved from /Users/pro/Documents/a_env/proj_data/lib/python3.7/site-packages/airflow/example_dags/example_skip_dag.py
[2022-08-07 07:52:56,811] {logging_mixin.py:115} INFO - [2022-08-07 07:52:56,811] {dag.py:2420} INFO - Sync 1 DAGs
[2022-08-07 07:52:56,834] {logging_mixin.py:115} INFO - [2022-08-07 07:52:56,834] {dag.py:2972} INFO - Setting next_dagrun for example_skip_dag to 2022-08-05T23:52:56.833798+00:00, run_after=2022-08-06T23:52:56.833798+00:00
[2022-08-07 07:52:56,846] {processor.py:161} INFO - Processing /Users/pro/Documents/a_env/proj_data/lib/python3.7/site-packages/airflow/example_dags/example_skip_dag.py took 0.074 seconds
[2022-08-07 07:53:29,262] {processor.py:153} INFO - Started process (PID=93115) to work on /Users/pro/Documents/a_env/proj_data/lib/python3.7/site-packages/airflow/example_dags/example_skip_dag.py
[2022-08-07 07:53:29,263] {processor.py:641} INFO - Processing file /Users/pro/Documents/a_env/proj_data/lib/python3.7/site-packages/airflow/example_dags/example_skip_dag.py for tasks to queue
[2022-08-07 07:53:29,264] {logging_mixin.py:115} INFO - [2022-08-07 07:53:29,264] {dagbag.py:508} INFO - Filling up the DagBag from /Users/pro/Documents/a_env/proj_data/lib/python3.7/site-packages/airflow/example_dags/example_skip_dag.py
[2022-08-07 07:53:29,272] {processor.py:651} INFO - DAG(s) dict_keys(['example_skip_dag']) retrieved from /Users/pro/Documents/a_env/proj_data/lib/python3.7/site-packages/airflow/example_dags/example_skip_dag.py
[2022-08-07 07:53:29,294] {logging_mixin.py:115} INFO - [2022-08-07 07:53:29,293] {dag.py:2420} INFO - Sync 1 DAGs
[2022-08-07 07:53:29,316] {logging_mixin.py:115} INFO - [2022-08-07 07:53:29,316] {dag.py:2972} INFO - Setting next_dagrun for example_skip_dag to 2022-08-05T23:53:29.315973+00:00, run_after=2022-08-06T23:53:29.315973+00:00
[2022-08-07 07:53:29,330] {processor.py:161} INFO - Processing /Users/pro/Documents/a_env/proj_data/lib/python3.7/site-packages/airflow/example_dags/example_skip_dag.py took 0.073 seconds
[2022-08-07 07:54:03,717] {processor.py:153} INFO - Started process (PID=93167) to work on /Users/pro/Documents/a_env/proj_data/lib/python3.7/site-packages/airflow/example_dags/example_skip_dag.py
[2022-08-07 07:54:03,719] {processor.py:641} INFO - Processing file /Users/pro/Documents/a_env/proj_data/lib/python3.7/site-packages/airflow/example_dags/example_skip_dag.py for tasks to queue
[2022-08-07 07:54:03,720] {logging_mixin.py:115} INFO - [2022-08-07 07:54:03,720] {dagbag.py:508} INFO - Filling up the DagBag from /Users/pro/Documents/a_env/proj_data/lib/python3.7/site-packages/airflow/example_dags/example_skip_dag.py
[2022-08-07 07:54:03,729] {processor.py:651} INFO - DAG(s) dict_keys(['example_skip_dag']) retrieved from /Users/pro/Documents/a_env/proj_data/lib/python3.7/site-packages/airflow/example_dags/example_skip_dag.py
[2022-08-07 07:54:03,758] {logging_mixin.py:115} INFO - [2022-08-07 07:54:03,757] {dag.py:2420} INFO - Sync 1 DAGs
[2022-08-07 07:54:03,778] {logging_mixin.py:115} INFO - [2022-08-07 07:54:03,777] {dag.py:2972} INFO - Setting next_dagrun for example_skip_dag to 2022-08-05T23:54:03.777466+00:00, run_after=2022-08-06T23:54:03.777466+00:00
[2022-08-07 07:54:03,792] {processor.py:161} INFO - Processing /Users/pro/Documents/a_env/proj_data/lib/python3.7/site-packages/airflow/example_dags/example_skip_dag.py took 0.079 seconds
[2022-08-07 07:54:37,633] {processor.py:153} INFO - Started process (PID=93202) to work on /Users/pro/Documents/a_env/proj_data/lib/python3.7/site-packages/airflow/example_dags/example_skip_dag.py
[2022-08-07 07:54:37,633] {processor.py:641} INFO - Processing file /Users/pro/Documents/a_env/proj_data/lib/python3.7/site-packages/airflow/example_dags/example_skip_dag.py for tasks to queue
[2022-08-07 07:54:37,635] {logging_mixin.py:115} INFO - [2022-08-07 07:54:37,634] {dagbag.py:508} INFO - Filling up the DagBag from /Users/pro/Documents/a_env/proj_data/lib/python3.7/site-packages/airflow/example_dags/example_skip_dag.py
[2022-08-07 07:54:37,644] {processor.py:651} INFO - DAG(s) dict_keys(['example_skip_dag']) retrieved from /Users/pro/Documents/a_env/proj_data/lib/python3.7/site-packages/airflow/example_dags/example_skip_dag.py
[2022-08-07 07:54:37,668] {logging_mixin.py:115} INFO - [2022-08-07 07:54:37,668] {dag.py:2420} INFO - Sync 1 DAGs
[2022-08-07 07:54:37,688] {logging_mixin.py:115} INFO - [2022-08-07 07:54:37,687] {dag.py:2972} INFO - Setting next_dagrun for example_skip_dag to 2022-08-05T23:54:37.687363+00:00, run_after=2022-08-06T23:54:37.687363+00:00
[2022-08-07 07:54:37,700] {processor.py:161} INFO - Processing /Users/pro/Documents/a_env/proj_data/lib/python3.7/site-packages/airflow/example_dags/example_skip_dag.py took 0.072 seconds
[2022-08-07 07:55:12,775] {processor.py:153} INFO - Started process (PID=93243) to work on /Users/pro/Documents/a_env/proj_data/lib/python3.7/site-packages/airflow/example_dags/example_skip_dag.py
[2022-08-07 07:55:12,777] {processor.py:641} INFO - Processing file /Users/pro/Documents/a_env/proj_data/lib/python3.7/site-packages/airflow/example_dags/example_skip_dag.py for tasks to queue
[2022-08-07 07:55:12,778] {logging_mixin.py:115} INFO - [2022-08-07 07:55:12,778] {dagbag.py:508} INFO - Filling up the DagBag from /Users/pro/Documents/a_env/proj_data/lib/python3.7/site-packages/airflow/example_dags/example_skip_dag.py
[2022-08-07 07:55:12,787] {processor.py:651} INFO - DAG(s) dict_keys(['example_skip_dag']) retrieved from /Users/pro/Documents/a_env/proj_data/lib/python3.7/site-packages/airflow/example_dags/example_skip_dag.py
[2022-08-07 07:55:12,812] {logging_mixin.py:115} INFO - [2022-08-07 07:55:12,811] {dag.py:2420} INFO - Sync 1 DAGs
[2022-08-07 07:55:12,832] {logging_mixin.py:115} INFO - [2022-08-07 07:55:12,832] {dag.py:2972} INFO - Setting next_dagrun for example_skip_dag to 2022-08-05T23:55:12.832275+00:00, run_after=2022-08-06T23:55:12.832275+00:00
[2022-08-07 07:55:12,846] {processor.py:161} INFO - Processing /Users/pro/Documents/a_env/proj_data/lib/python3.7/site-packages/airflow/example_dags/example_skip_dag.py took 0.076 seconds
[2022-08-07 07:55:50,593] {processor.py:153} INFO - Started process (PID=93280) to work on /Users/pro/Documents/a_env/proj_data/lib/python3.7/site-packages/airflow/example_dags/example_skip_dag.py
[2022-08-07 07:55:50,594] {processor.py:641} INFO - Processing file /Users/pro/Documents/a_env/proj_data/lib/python3.7/site-packages/airflow/example_dags/example_skip_dag.py for tasks to queue
[2022-08-07 07:55:50,595] {logging_mixin.py:115} INFO - [2022-08-07 07:55:50,595] {dagbag.py:508} INFO - Filling up the DagBag from /Users/pro/Documents/a_env/proj_data/lib/python3.7/site-packages/airflow/example_dags/example_skip_dag.py
[2022-08-07 07:55:50,603] {processor.py:651} INFO - DAG(s) dict_keys(['example_skip_dag']) retrieved from /Users/pro/Documents/a_env/proj_data/lib/python3.7/site-packages/airflow/example_dags/example_skip_dag.py
[2022-08-07 07:55:50,627] {logging_mixin.py:115} INFO - [2022-08-07 07:55:50,627] {dag.py:2420} INFO - Sync 1 DAGs
[2022-08-07 07:55:50,647] {logging_mixin.py:115} INFO - [2022-08-07 07:55:50,646] {dag.py:2972} INFO - Setting next_dagrun for example_skip_dag to 2022-08-05T23:55:50.646105+00:00, run_after=2022-08-06T23:55:50.646105+00:00
[2022-08-07 07:55:50,664] {processor.py:161} INFO - Processing /Users/pro/Documents/a_env/proj_data/lib/python3.7/site-packages/airflow/example_dags/example_skip_dag.py took 0.076 seconds
[2022-08-07 07:56:28,742] {processor.py:153} INFO - Started process (PID=93317) to work on /Users/pro/Documents/a_env/proj_data/lib/python3.7/site-packages/airflow/example_dags/example_skip_dag.py
[2022-08-07 07:56:28,744] {processor.py:641} INFO - Processing file /Users/pro/Documents/a_env/proj_data/lib/python3.7/site-packages/airflow/example_dags/example_skip_dag.py for tasks to queue
[2022-08-07 07:56:28,745] {logging_mixin.py:115} INFO - [2022-08-07 07:56:28,745] {dagbag.py:508} INFO - Filling up the DagBag from /Users/pro/Documents/a_env/proj_data/lib/python3.7/site-packages/airflow/example_dags/example_skip_dag.py
[2022-08-07 07:56:28,754] {processor.py:651} INFO - DAG(s) dict_keys(['example_skip_dag']) retrieved from /Users/pro/Documents/a_env/proj_data/lib/python3.7/site-packages/airflow/example_dags/example_skip_dag.py
[2022-08-07 07:56:28,783] {logging_mixin.py:115} INFO - [2022-08-07 07:56:28,783] {dag.py:2420} INFO - Sync 1 DAGs
[2022-08-07 07:56:28,804] {logging_mixin.py:115} INFO - [2022-08-07 07:56:28,803] {dag.py:2972} INFO - Setting next_dagrun for example_skip_dag to 2022-08-05T23:56:28.803646+00:00, run_after=2022-08-06T23:56:28.803646+00:00
[2022-08-07 07:56:28,818] {processor.py:161} INFO - Processing /Users/pro/Documents/a_env/proj_data/lib/python3.7/site-packages/airflow/example_dags/example_skip_dag.py took 0.080 seconds
[2022-08-07 07:57:00,535] {processor.py:153} INFO - Started process (PID=93354) to work on /Users/pro/Documents/a_env/proj_data/lib/python3.7/site-packages/airflow/example_dags/example_skip_dag.py
[2022-08-07 07:57:00,536] {processor.py:641} INFO - Processing file /Users/pro/Documents/a_env/proj_data/lib/python3.7/site-packages/airflow/example_dags/example_skip_dag.py for tasks to queue
[2022-08-07 07:57:00,538] {logging_mixin.py:115} INFO - [2022-08-07 07:57:00,537] {dagbag.py:508} INFO - Filling up the DagBag from /Users/pro/Documents/a_env/proj_data/lib/python3.7/site-packages/airflow/example_dags/example_skip_dag.py
[2022-08-07 07:57:00,547] {processor.py:651} INFO - DAG(s) dict_keys(['example_skip_dag']) retrieved from /Users/pro/Documents/a_env/proj_data/lib/python3.7/site-packages/airflow/example_dags/example_skip_dag.py
[2022-08-07 07:57:00,571] {logging_mixin.py:115} INFO - [2022-08-07 07:57:00,571] {dag.py:2420} INFO - Sync 1 DAGs
[2022-08-07 07:57:00,592] {logging_mixin.py:115} INFO - [2022-08-07 07:57:00,592] {dag.py:2972} INFO - Setting next_dagrun for example_skip_dag to 2022-08-05T23:57:00.591918+00:00, run_after=2022-08-06T23:57:00.591918+00:00
[2022-08-07 07:57:00,606] {processor.py:161} INFO - Processing /Users/pro/Documents/a_env/proj_data/lib/python3.7/site-packages/airflow/example_dags/example_skip_dag.py took 0.075 seconds
[2022-08-07 07:57:34,493] {processor.py:153} INFO - Started process (PID=93395) to work on /Users/pro/Documents/a_env/proj_data/lib/python3.7/site-packages/airflow/example_dags/example_skip_dag.py
[2022-08-07 07:57:34,494] {processor.py:641} INFO - Processing file /Users/pro/Documents/a_env/proj_data/lib/python3.7/site-packages/airflow/example_dags/example_skip_dag.py for tasks to queue
[2022-08-07 07:57:34,495] {logging_mixin.py:115} INFO - [2022-08-07 07:57:34,495] {dagbag.py:508} INFO - Filling up the DagBag from /Users/pro/Documents/a_env/proj_data/lib/python3.7/site-packages/airflow/example_dags/example_skip_dag.py
[2022-08-07 07:57:34,503] {processor.py:651} INFO - DAG(s) dict_keys(['example_skip_dag']) retrieved from /Users/pro/Documents/a_env/proj_data/lib/python3.7/site-packages/airflow/example_dags/example_skip_dag.py
[2022-08-07 07:57:34,527] {logging_mixin.py:115} INFO - [2022-08-07 07:57:34,526] {dag.py:2420} INFO - Sync 1 DAGs
[2022-08-07 07:57:34,547] {logging_mixin.py:115} INFO - [2022-08-07 07:57:34,546] {dag.py:2972} INFO - Setting next_dagrun for example_skip_dag to 2022-08-05T23:57:34.546384+00:00, run_after=2022-08-06T23:57:34.546384+00:00
[2022-08-07 07:57:34,560] {processor.py:161} INFO - Processing /Users/pro/Documents/a_env/proj_data/lib/python3.7/site-packages/airflow/example_dags/example_skip_dag.py took 0.072 seconds
[2022-08-07 07:58:10,087] {processor.py:153} INFO - Started process (PID=93437) to work on /Users/pro/Documents/a_env/proj_data/lib/python3.7/site-packages/airflow/example_dags/example_skip_dag.py
[2022-08-07 07:58:10,088] {processor.py:641} INFO - Processing file /Users/pro/Documents/a_env/proj_data/lib/python3.7/site-packages/airflow/example_dags/example_skip_dag.py for tasks to queue
[2022-08-07 07:58:10,090] {logging_mixin.py:115} INFO - [2022-08-07 07:58:10,090] {dagbag.py:508} INFO - Filling up the DagBag from /Users/pro/Documents/a_env/proj_data/lib/python3.7/site-packages/airflow/example_dags/example_skip_dag.py
[2022-08-07 07:58:10,100] {processor.py:651} INFO - DAG(s) dict_keys(['example_skip_dag']) retrieved from /Users/pro/Documents/a_env/proj_data/lib/python3.7/site-packages/airflow/example_dags/example_skip_dag.py
[2022-08-07 07:58:10,134] {logging_mixin.py:115} INFO - [2022-08-07 07:58:10,134] {dag.py:2420} INFO - Sync 1 DAGs
[2022-08-07 07:58:10,158] {logging_mixin.py:115} INFO - [2022-08-07 07:58:10,157] {dag.py:2972} INFO - Setting next_dagrun for example_skip_dag to 2022-08-05T23:58:10.157392+00:00, run_after=2022-08-06T23:58:10.157392+00:00
[2022-08-07 07:58:10,175] {processor.py:161} INFO - Processing /Users/pro/Documents/a_env/proj_data/lib/python3.7/site-packages/airflow/example_dags/example_skip_dag.py took 0.094 seconds
[2022-08-07 07:58:44,120] {processor.py:153} INFO - Started process (PID=93471) to work on /Users/pro/Documents/a_env/proj_data/lib/python3.7/site-packages/airflow/example_dags/example_skip_dag.py
[2022-08-07 07:58:44,121] {processor.py:641} INFO - Processing file /Users/pro/Documents/a_env/proj_data/lib/python3.7/site-packages/airflow/example_dags/example_skip_dag.py for tasks to queue
[2022-08-07 07:58:44,122] {logging_mixin.py:115} INFO - [2022-08-07 07:58:44,122] {dagbag.py:508} INFO - Filling up the DagBag from /Users/pro/Documents/a_env/proj_data/lib/python3.7/site-packages/airflow/example_dags/example_skip_dag.py
[2022-08-07 07:58:44,130] {processor.py:651} INFO - DAG(s) dict_keys(['example_skip_dag']) retrieved from /Users/pro/Documents/a_env/proj_data/lib/python3.7/site-packages/airflow/example_dags/example_skip_dag.py
[2022-08-07 07:58:44,153] {logging_mixin.py:115} INFO - [2022-08-07 07:58:44,153] {dag.py:2420} INFO - Sync 1 DAGs
[2022-08-07 07:58:44,172] {logging_mixin.py:115} INFO - [2022-08-07 07:58:44,172] {dag.py:2972} INFO - Setting next_dagrun for example_skip_dag to 2022-08-05T23:58:44.172118+00:00, run_after=2022-08-06T23:58:44.172118+00:00
[2022-08-07 07:58:44,187] {processor.py:161} INFO - Processing /Users/pro/Documents/a_env/proj_data/lib/python3.7/site-packages/airflow/example_dags/example_skip_dag.py took 0.072 seconds
[2022-08-07 07:59:18,614] {processor.py:153} INFO - Started process (PID=93506) to work on /Users/pro/Documents/a_env/proj_data/lib/python3.7/site-packages/airflow/example_dags/example_skip_dag.py
[2022-08-07 07:59:18,615] {processor.py:641} INFO - Processing file /Users/pro/Documents/a_env/proj_data/lib/python3.7/site-packages/airflow/example_dags/example_skip_dag.py for tasks to queue
[2022-08-07 07:59:18,616] {logging_mixin.py:115} INFO - [2022-08-07 07:59:18,616] {dagbag.py:508} INFO - Filling up the DagBag from /Users/pro/Documents/a_env/proj_data/lib/python3.7/site-packages/airflow/example_dags/example_skip_dag.py
[2022-08-07 07:59:18,624] {processor.py:651} INFO - DAG(s) dict_keys(['example_skip_dag']) retrieved from /Users/pro/Documents/a_env/proj_data/lib/python3.7/site-packages/airflow/example_dags/example_skip_dag.py
[2022-08-07 07:59:18,648] {logging_mixin.py:115} INFO - [2022-08-07 07:59:18,648] {dag.py:2420} INFO - Sync 1 DAGs
[2022-08-07 07:59:18,669] {logging_mixin.py:115} INFO - [2022-08-07 07:59:18,669] {dag.py:2972} INFO - Setting next_dagrun for example_skip_dag to 2022-08-05T23:59:18.669030+00:00, run_after=2022-08-06T23:59:18.669030+00:00
[2022-08-07 07:59:18,683] {processor.py:161} INFO - Processing /Users/pro/Documents/a_env/proj_data/lib/python3.7/site-packages/airflow/example_dags/example_skip_dag.py took 0.074 seconds
[2022-08-07 07:59:52,340] {processor.py:153} INFO - Started process (PID=93555) to work on /Users/pro/Documents/a_env/proj_data/lib/python3.7/site-packages/airflow/example_dags/example_skip_dag.py
[2022-08-07 07:59:52,342] {processor.py:641} INFO - Processing file /Users/pro/Documents/a_env/proj_data/lib/python3.7/site-packages/airflow/example_dags/example_skip_dag.py for tasks to queue
[2022-08-07 07:59:52,343] {logging_mixin.py:115} INFO - [2022-08-07 07:59:52,342] {dagbag.py:508} INFO - Filling up the DagBag from /Users/pro/Documents/a_env/proj_data/lib/python3.7/site-packages/airflow/example_dags/example_skip_dag.py
[2022-08-07 07:59:52,351] {processor.py:651} INFO - DAG(s) dict_keys(['example_skip_dag']) retrieved from /Users/pro/Documents/a_env/proj_data/lib/python3.7/site-packages/airflow/example_dags/example_skip_dag.py
[2022-08-07 07:59:52,378] {logging_mixin.py:115} INFO - [2022-08-07 07:59:52,378] {dag.py:2420} INFO - Sync 1 DAGs
[2022-08-07 07:59:52,399] {logging_mixin.py:115} INFO - [2022-08-07 07:59:52,399] {dag.py:2972} INFO - Setting next_dagrun for example_skip_dag to 2022-08-05T23:59:52.398974+00:00, run_after=2022-08-06T23:59:52.398974+00:00
[2022-08-07 07:59:52,414] {processor.py:161} INFO - Processing /Users/pro/Documents/a_env/proj_data/lib/python3.7/site-packages/airflow/example_dags/example_skip_dag.py took 0.078 seconds
