[2022-08-06 11:35:18,330] {processor.py:153} INFO - Started process (PID=91269) to work on /Users/pro/Documents/a_env/proj_data/lib/python3.7/site-packages/airflow/example_dags/example_kubernetes_executor.py
[2022-08-06 11:35:18,331] {processor.py:641} INFO - Processing file /Users/pro/Documents/a_env/proj_data/lib/python3.7/site-packages/airflow/example_dags/example_kubernetes_executor.py for tasks to queue
[2022-08-06 11:35:18,332] {logging_mixin.py:115} INFO - [2022-08-06 11:35:18,332] {dagbag.py:508} INFO - Filling up the DagBag from /Users/pro/Documents/a_env/proj_data/lib/python3.7/site-packages/airflow/example_dags/example_kubernetes_executor.py
[2022-08-06 11:35:18,358] {logging_mixin.py:115} INFO - [2022-08-06 11:35:18,357] {example_kubernetes_executor.py:40} WARNING - The example_kubernetes_executor example DAG requires the kubernetes provider. Please install it with: pip install apache-airflow[cncf.kubernetes]
[2022-08-06 11:35:18,358] {processor.py:653} WARNING - No viable dags retrieved from /Users/pro/Documents/a_env/proj_data/lib/python3.7/site-packages/airflow/example_dags/example_kubernetes_executor.py
[2022-08-06 11:35:18,370] {processor.py:161} INFO - Processing /Users/pro/Documents/a_env/proj_data/lib/python3.7/site-packages/airflow/example_dags/example_kubernetes_executor.py took 0.044 seconds
[2022-08-06 21:09:56,725] {processor.py:153} INFO - Started process (PID=91561) to work on /Users/pro/Documents/a_env/proj_data/lib/python3.7/site-packages/airflow/example_dags/example_kubernetes_executor.py
[2022-08-06 21:09:56,727] {processor.py:641} INFO - Processing file /Users/pro/Documents/a_env/proj_data/lib/python3.7/site-packages/airflow/example_dags/example_kubernetes_executor.py for tasks to queue
[2022-08-06 21:09:56,728] {logging_mixin.py:115} INFO - [2022-08-06 21:09:56,727] {dagbag.py:508} INFO - Filling up the DagBag from /Users/pro/Documents/a_env/proj_data/lib/python3.7/site-packages/airflow/example_dags/example_kubernetes_executor.py
[2022-08-06 21:09:56,747] {logging_mixin.py:115} INFO - [2022-08-06 21:09:56,747] {example_kubernetes_executor.py:40} WARNING - The example_kubernetes_executor example DAG requires the kubernetes provider. Please install it with: pip install apache-airflow[cncf.kubernetes]
[2022-08-06 21:09:56,748] {processor.py:653} WARNING - No viable dags retrieved from /Users/pro/Documents/a_env/proj_data/lib/python3.7/site-packages/airflow/example_dags/example_kubernetes_executor.py
[2022-08-06 21:09:56,760] {processor.py:161} INFO - Processing /Users/pro/Documents/a_env/proj_data/lib/python3.7/site-packages/airflow/example_dags/example_kubernetes_executor.py took 0.038 seconds
[2022-08-06 21:10:32,106] {processor.py:153} INFO - Started process (PID=91607) to work on /Users/pro/Documents/a_env/proj_data/lib/python3.7/site-packages/airflow/example_dags/example_kubernetes_executor.py
[2022-08-06 21:10:32,107] {processor.py:641} INFO - Processing file /Users/pro/Documents/a_env/proj_data/lib/python3.7/site-packages/airflow/example_dags/example_kubernetes_executor.py for tasks to queue
[2022-08-06 21:10:32,108] {logging_mixin.py:115} INFO - [2022-08-06 21:10:32,108] {dagbag.py:508} INFO - Filling up the DagBag from /Users/pro/Documents/a_env/proj_data/lib/python3.7/site-packages/airflow/example_dags/example_kubernetes_executor.py
[2022-08-06 21:10:32,128] {logging_mixin.py:115} INFO - [2022-08-06 21:10:32,128] {example_kubernetes_executor.py:40} WARNING - The example_kubernetes_executor example DAG requires the kubernetes provider. Please install it with: pip install apache-airflow[cncf.kubernetes]
[2022-08-06 21:10:32,129] {processor.py:653} WARNING - No viable dags retrieved from /Users/pro/Documents/a_env/proj_data/lib/python3.7/site-packages/airflow/example_dags/example_kubernetes_executor.py
[2022-08-06 21:10:32,142] {processor.py:161} INFO - Processing /Users/pro/Documents/a_env/proj_data/lib/python3.7/site-packages/airflow/example_dags/example_kubernetes_executor.py took 0.040 seconds
[2022-08-06 21:11:06,260] {processor.py:153} INFO - Started process (PID=91655) to work on /Users/pro/Documents/a_env/proj_data/lib/python3.7/site-packages/airflow/example_dags/example_kubernetes_executor.py
[2022-08-06 21:11:06,262] {processor.py:641} INFO - Processing file /Users/pro/Documents/a_env/proj_data/lib/python3.7/site-packages/airflow/example_dags/example_kubernetes_executor.py for tasks to queue
[2022-08-06 21:11:06,263] {logging_mixin.py:115} INFO - [2022-08-06 21:11:06,262] {dagbag.py:508} INFO - Filling up the DagBag from /Users/pro/Documents/a_env/proj_data/lib/python3.7/site-packages/airflow/example_dags/example_kubernetes_executor.py
[2022-08-06 21:11:06,281] {logging_mixin.py:115} INFO - [2022-08-06 21:11:06,280] {example_kubernetes_executor.py:40} WARNING - The example_kubernetes_executor example DAG requires the kubernetes provider. Please install it with: pip install apache-airflow[cncf.kubernetes]
[2022-08-06 21:11:06,281] {processor.py:653} WARNING - No viable dags retrieved from /Users/pro/Documents/a_env/proj_data/lib/python3.7/site-packages/airflow/example_dags/example_kubernetes_executor.py
[2022-08-06 21:11:06,294] {processor.py:161} INFO - Processing /Users/pro/Documents/a_env/proj_data/lib/python3.7/site-packages/airflow/example_dags/example_kubernetes_executor.py took 0.038 seconds
[2022-08-06 21:11:42,343] {processor.py:153} INFO - Started process (PID=91703) to work on /Users/pro/Documents/a_env/proj_data/lib/python3.7/site-packages/airflow/example_dags/example_kubernetes_executor.py
[2022-08-06 21:11:42,344] {processor.py:641} INFO - Processing file /Users/pro/Documents/a_env/proj_data/lib/python3.7/site-packages/airflow/example_dags/example_kubernetes_executor.py for tasks to queue
[2022-08-06 21:11:42,345] {logging_mixin.py:115} INFO - [2022-08-06 21:11:42,345] {dagbag.py:508} INFO - Filling up the DagBag from /Users/pro/Documents/a_env/proj_data/lib/python3.7/site-packages/airflow/example_dags/example_kubernetes_executor.py
[2022-08-06 21:11:42,364] {logging_mixin.py:115} INFO - [2022-08-06 21:11:42,364] {example_kubernetes_executor.py:40} WARNING - The example_kubernetes_executor example DAG requires the kubernetes provider. Please install it with: pip install apache-airflow[cncf.kubernetes]
[2022-08-06 21:11:42,364] {processor.py:653} WARNING - No viable dags retrieved from /Users/pro/Documents/a_env/proj_data/lib/python3.7/site-packages/airflow/example_dags/example_kubernetes_executor.py
[2022-08-06 21:11:42,377] {processor.py:161} INFO - Processing /Users/pro/Documents/a_env/proj_data/lib/python3.7/site-packages/airflow/example_dags/example_kubernetes_executor.py took 0.038 seconds
[2022-08-07 00:14:56,818] {processor.py:153} INFO - Started process (PID=91847) to work on /Users/pro/Documents/a_env/proj_data/lib/python3.7/site-packages/airflow/example_dags/example_kubernetes_executor.py
[2022-08-07 00:14:56,819] {processor.py:641} INFO - Processing file /Users/pro/Documents/a_env/proj_data/lib/python3.7/site-packages/airflow/example_dags/example_kubernetes_executor.py for tasks to queue
[2022-08-07 00:14:56,820] {logging_mixin.py:115} INFO - [2022-08-07 00:14:56,820] {dagbag.py:508} INFO - Filling up the DagBag from /Users/pro/Documents/a_env/proj_data/lib/python3.7/site-packages/airflow/example_dags/example_kubernetes_executor.py
[2022-08-07 00:14:56,842] {logging_mixin.py:115} INFO - [2022-08-07 00:14:56,842] {example_kubernetes_executor.py:40} WARNING - The example_kubernetes_executor example DAG requires the kubernetes provider. Please install it with: pip install apache-airflow[cncf.kubernetes]
[2022-08-07 00:14:56,842] {processor.py:653} WARNING - No viable dags retrieved from /Users/pro/Documents/a_env/proj_data/lib/python3.7/site-packages/airflow/example_dags/example_kubernetes_executor.py
[2022-08-07 00:14:56,855] {processor.py:161} INFO - Processing /Users/pro/Documents/a_env/proj_data/lib/python3.7/site-packages/airflow/example_dags/example_kubernetes_executor.py took 0.041 seconds
[2022-08-07 07:14:57,192] {processor.py:153} INFO - Started process (PID=91995) to work on /Users/pro/Documents/a_env/proj_data/lib/python3.7/site-packages/airflow/example_dags/example_kubernetes_executor.py
[2022-08-07 07:14:57,193] {processor.py:641} INFO - Processing file /Users/pro/Documents/a_env/proj_data/lib/python3.7/site-packages/airflow/example_dags/example_kubernetes_executor.py for tasks to queue
[2022-08-07 07:14:57,194] {logging_mixin.py:115} INFO - [2022-08-07 07:14:57,194] {dagbag.py:508} INFO - Filling up the DagBag from /Users/pro/Documents/a_env/proj_data/lib/python3.7/site-packages/airflow/example_dags/example_kubernetes_executor.py
[2022-08-07 07:14:57,213] {logging_mixin.py:115} INFO - [2022-08-07 07:14:57,213] {example_kubernetes_executor.py:40} WARNING - The example_kubernetes_executor example DAG requires the kubernetes provider. Please install it with: pip install apache-airflow[cncf.kubernetes]
[2022-08-07 07:14:57,214] {processor.py:653} WARNING - No viable dags retrieved from /Users/pro/Documents/a_env/proj_data/lib/python3.7/site-packages/airflow/example_dags/example_kubernetes_executor.py
[2022-08-07 07:14:57,226] {processor.py:161} INFO - Processing /Users/pro/Documents/a_env/proj_data/lib/python3.7/site-packages/airflow/example_dags/example_kubernetes_executor.py took 0.038 seconds
[2022-08-07 07:39:09,887] {processor.py:153} INFO - Started process (PID=92087) to work on /Users/pro/Documents/a_env/proj_data/lib/python3.7/site-packages/airflow/example_dags/example_kubernetes_executor.py
[2022-08-07 07:39:09,888] {processor.py:641} INFO - Processing file /Users/pro/Documents/a_env/proj_data/lib/python3.7/site-packages/airflow/example_dags/example_kubernetes_executor.py for tasks to queue
[2022-08-07 07:39:09,890] {logging_mixin.py:115} INFO - [2022-08-07 07:39:09,889] {dagbag.py:508} INFO - Filling up the DagBag from /Users/pro/Documents/a_env/proj_data/lib/python3.7/site-packages/airflow/example_dags/example_kubernetes_executor.py
[2022-08-07 07:39:09,910] {logging_mixin.py:115} INFO - [2022-08-07 07:39:09,909] {example_kubernetes_executor.py:40} WARNING - The example_kubernetes_executor example DAG requires the kubernetes provider. Please install it with: pip install apache-airflow[cncf.kubernetes]
[2022-08-07 07:39:09,910] {processor.py:653} WARNING - No viable dags retrieved from /Users/pro/Documents/a_env/proj_data/lib/python3.7/site-packages/airflow/example_dags/example_kubernetes_executor.py
[2022-08-07 07:39:09,923] {processor.py:161} INFO - Processing /Users/pro/Documents/a_env/proj_data/lib/python3.7/site-packages/airflow/example_dags/example_kubernetes_executor.py took 0.042 seconds
[2022-08-07 07:39:44,235] {processor.py:153} INFO - Started process (PID=92132) to work on /Users/pro/Documents/a_env/proj_data/lib/python3.7/site-packages/airflow/example_dags/example_kubernetes_executor.py
[2022-08-07 07:39:44,236] {processor.py:641} INFO - Processing file /Users/pro/Documents/a_env/proj_data/lib/python3.7/site-packages/airflow/example_dags/example_kubernetes_executor.py for tasks to queue
[2022-08-07 07:39:44,260] {logging_mixin.py:115} INFO - [2022-08-07 07:39:44,259] {dagbag.py:508} INFO - Filling up the DagBag from /Users/pro/Documents/a_env/proj_data/lib/python3.7/site-packages/airflow/example_dags/example_kubernetes_executor.py
[2022-08-07 07:39:44,288] {logging_mixin.py:115} INFO - [2022-08-07 07:39:44,287] {example_kubernetes_executor.py:40} WARNING - The example_kubernetes_executor example DAG requires the kubernetes provider. Please install it with: pip install apache-airflow[cncf.kubernetes]
[2022-08-07 07:39:44,288] {processor.py:653} WARNING - No viable dags retrieved from /Users/pro/Documents/a_env/proj_data/lib/python3.7/site-packages/airflow/example_dags/example_kubernetes_executor.py
[2022-08-07 07:39:44,305] {processor.py:161} INFO - Processing /Users/pro/Documents/a_env/proj_data/lib/python3.7/site-packages/airflow/example_dags/example_kubernetes_executor.py took 0.074 seconds
[2022-08-07 07:40:19,160] {processor.py:153} INFO - Started process (PID=92207) to work on /Users/pro/Documents/a_env/proj_data/lib/python3.7/site-packages/airflow/example_dags/example_kubernetes_executor.py
[2022-08-07 07:40:19,161] {processor.py:641} INFO - Processing file /Users/pro/Documents/a_env/proj_data/lib/python3.7/site-packages/airflow/example_dags/example_kubernetes_executor.py for tasks to queue
[2022-08-07 07:40:19,162] {logging_mixin.py:115} INFO - [2022-08-07 07:40:19,162] {dagbag.py:508} INFO - Filling up the DagBag from /Users/pro/Documents/a_env/proj_data/lib/python3.7/site-packages/airflow/example_dags/example_kubernetes_executor.py
[2022-08-07 07:40:19,184] {logging_mixin.py:115} INFO - [2022-08-07 07:40:19,184] {example_kubernetes_executor.py:40} WARNING - The example_kubernetes_executor example DAG requires the kubernetes provider. Please install it with: pip install apache-airflow[cncf.kubernetes]
[2022-08-07 07:40:19,185] {processor.py:653} WARNING - No viable dags retrieved from /Users/pro/Documents/a_env/proj_data/lib/python3.7/site-packages/airflow/example_dags/example_kubernetes_executor.py
[2022-08-07 07:40:19,197] {processor.py:161} INFO - Processing /Users/pro/Documents/a_env/proj_data/lib/python3.7/site-packages/airflow/example_dags/example_kubernetes_executor.py took 0.042 seconds
[2022-08-07 07:40:56,680] {processor.py:153} INFO - Started process (PID=92271) to work on /Users/pro/Documents/a_env/proj_data/lib/python3.7/site-packages/airflow/example_dags/example_kubernetes_executor.py
[2022-08-07 07:40:56,682] {processor.py:641} INFO - Processing file /Users/pro/Documents/a_env/proj_data/lib/python3.7/site-packages/airflow/example_dags/example_kubernetes_executor.py for tasks to queue
[2022-08-07 07:40:56,683] {logging_mixin.py:115} INFO - [2022-08-07 07:40:56,682] {dagbag.py:508} INFO - Filling up the DagBag from /Users/pro/Documents/a_env/proj_data/lib/python3.7/site-packages/airflow/example_dags/example_kubernetes_executor.py
[2022-08-07 07:40:56,702] {logging_mixin.py:115} INFO - [2022-08-07 07:40:56,701] {example_kubernetes_executor.py:40} WARNING - The example_kubernetes_executor example DAG requires the kubernetes provider. Please install it with: pip install apache-airflow[cncf.kubernetes]
[2022-08-07 07:40:56,702] {processor.py:653} WARNING - No viable dags retrieved from /Users/pro/Documents/a_env/proj_data/lib/python3.7/site-packages/airflow/example_dags/example_kubernetes_executor.py
[2022-08-07 07:40:56,715] {processor.py:161} INFO - Processing /Users/pro/Documents/a_env/proj_data/lib/python3.7/site-packages/airflow/example_dags/example_kubernetes_executor.py took 0.038 seconds
[2022-08-07 07:41:31,173] {processor.py:153} INFO - Started process (PID=92313) to work on /Users/pro/Documents/a_env/proj_data/lib/python3.7/site-packages/airflow/example_dags/example_kubernetes_executor.py
[2022-08-07 07:41:31,175] {processor.py:641} INFO - Processing file /Users/pro/Documents/a_env/proj_data/lib/python3.7/site-packages/airflow/example_dags/example_kubernetes_executor.py for tasks to queue
[2022-08-07 07:41:31,176] {logging_mixin.py:115} INFO - [2022-08-07 07:41:31,176] {dagbag.py:508} INFO - Filling up the DagBag from /Users/pro/Documents/a_env/proj_data/lib/python3.7/site-packages/airflow/example_dags/example_kubernetes_executor.py
[2022-08-07 07:41:31,198] {logging_mixin.py:115} INFO - [2022-08-07 07:41:31,197] {example_kubernetes_executor.py:40} WARNING - The example_kubernetes_executor example DAG requires the kubernetes provider. Please install it with: pip install apache-airflow[cncf.kubernetes]
[2022-08-07 07:41:31,198] {processor.py:653} WARNING - No viable dags retrieved from /Users/pro/Documents/a_env/proj_data/lib/python3.7/site-packages/airflow/example_dags/example_kubernetes_executor.py
[2022-08-07 07:41:31,212] {processor.py:161} INFO - Processing /Users/pro/Documents/a_env/proj_data/lib/python3.7/site-packages/airflow/example_dags/example_kubernetes_executor.py took 0.043 seconds
[2022-08-07 07:42:05,869] {processor.py:153} INFO - Started process (PID=92358) to work on /Users/pro/Documents/a_env/proj_data/lib/python3.7/site-packages/airflow/example_dags/example_kubernetes_executor.py
[2022-08-07 07:42:05,870] {processor.py:641} INFO - Processing file /Users/pro/Documents/a_env/proj_data/lib/python3.7/site-packages/airflow/example_dags/example_kubernetes_executor.py for tasks to queue
[2022-08-07 07:42:05,871] {logging_mixin.py:115} INFO - [2022-08-07 07:42:05,871] {dagbag.py:508} INFO - Filling up the DagBag from /Users/pro/Documents/a_env/proj_data/lib/python3.7/site-packages/airflow/example_dags/example_kubernetes_executor.py
[2022-08-07 07:42:05,897] {logging_mixin.py:115} INFO - [2022-08-07 07:42:05,896] {example_kubernetes_executor.py:40} WARNING - The example_kubernetes_executor example DAG requires the kubernetes provider. Please install it with: pip install apache-airflow[cncf.kubernetes]
[2022-08-07 07:42:05,897] {processor.py:653} WARNING - No viable dags retrieved from /Users/pro/Documents/a_env/proj_data/lib/python3.7/site-packages/airflow/example_dags/example_kubernetes_executor.py
[2022-08-07 07:42:05,912] {processor.py:161} INFO - Processing /Users/pro/Documents/a_env/proj_data/lib/python3.7/site-packages/airflow/example_dags/example_kubernetes_executor.py took 0.047 seconds
[2022-08-07 07:42:40,659] {processor.py:153} INFO - Started process (PID=92393) to work on /Users/pro/Documents/a_env/proj_data/lib/python3.7/site-packages/airflow/example_dags/example_kubernetes_executor.py
[2022-08-07 07:42:40,660] {processor.py:641} INFO - Processing file /Users/pro/Documents/a_env/proj_data/lib/python3.7/site-packages/airflow/example_dags/example_kubernetes_executor.py for tasks to queue
[2022-08-07 07:42:40,661] {logging_mixin.py:115} INFO - [2022-08-07 07:42:40,661] {dagbag.py:508} INFO - Filling up the DagBag from /Users/pro/Documents/a_env/proj_data/lib/python3.7/site-packages/airflow/example_dags/example_kubernetes_executor.py
[2022-08-07 07:42:40,681] {logging_mixin.py:115} INFO - [2022-08-07 07:42:40,680] {example_kubernetes_executor.py:40} WARNING - The example_kubernetes_executor example DAG requires the kubernetes provider. Please install it with: pip install apache-airflow[cncf.kubernetes]
[2022-08-07 07:42:40,681] {processor.py:653} WARNING - No viable dags retrieved from /Users/pro/Documents/a_env/proj_data/lib/python3.7/site-packages/airflow/example_dags/example_kubernetes_executor.py
[2022-08-07 07:42:40,694] {processor.py:161} INFO - Processing /Users/pro/Documents/a_env/proj_data/lib/python3.7/site-packages/airflow/example_dags/example_kubernetes_executor.py took 0.040 seconds
[2022-08-07 07:43:17,213] {processor.py:153} INFO - Started process (PID=92433) to work on /Users/pro/Documents/a_env/proj_data/lib/python3.7/site-packages/airflow/example_dags/example_kubernetes_executor.py
[2022-08-07 07:43:17,215] {processor.py:641} INFO - Processing file /Users/pro/Documents/a_env/proj_data/lib/python3.7/site-packages/airflow/example_dags/example_kubernetes_executor.py for tasks to queue
[2022-08-07 07:43:17,217] {logging_mixin.py:115} INFO - [2022-08-07 07:43:17,216] {dagbag.py:508} INFO - Filling up the DagBag from /Users/pro/Documents/a_env/proj_data/lib/python3.7/site-packages/airflow/example_dags/example_kubernetes_executor.py
[2022-08-07 07:43:17,244] {logging_mixin.py:115} INFO - [2022-08-07 07:43:17,243] {example_kubernetes_executor.py:40} WARNING - The example_kubernetes_executor example DAG requires the kubernetes provider. Please install it with: pip install apache-airflow[cncf.kubernetes]
[2022-08-07 07:43:17,244] {processor.py:653} WARNING - No viable dags retrieved from /Users/pro/Documents/a_env/proj_data/lib/python3.7/site-packages/airflow/example_dags/example_kubernetes_executor.py
[2022-08-07 07:43:17,261] {processor.py:161} INFO - Processing /Users/pro/Documents/a_env/proj_data/lib/python3.7/site-packages/airflow/example_dags/example_kubernetes_executor.py took 0.054 seconds
[2022-08-07 07:43:53,457] {processor.py:153} INFO - Started process (PID=92473) to work on /Users/pro/Documents/a_env/proj_data/lib/python3.7/site-packages/airflow/example_dags/example_kubernetes_executor.py
[2022-08-07 07:43:53,458] {processor.py:641} INFO - Processing file /Users/pro/Documents/a_env/proj_data/lib/python3.7/site-packages/airflow/example_dags/example_kubernetes_executor.py for tasks to queue
[2022-08-07 07:43:53,459] {logging_mixin.py:115} INFO - [2022-08-07 07:43:53,459] {dagbag.py:508} INFO - Filling up the DagBag from /Users/pro/Documents/a_env/proj_data/lib/python3.7/site-packages/airflow/example_dags/example_kubernetes_executor.py
[2022-08-07 07:43:53,479] {logging_mixin.py:115} INFO - [2022-08-07 07:43:53,479] {example_kubernetes_executor.py:40} WARNING - The example_kubernetes_executor example DAG requires the kubernetes provider. Please install it with: pip install apache-airflow[cncf.kubernetes]
[2022-08-07 07:43:53,480] {processor.py:653} WARNING - No viable dags retrieved from /Users/pro/Documents/a_env/proj_data/lib/python3.7/site-packages/airflow/example_dags/example_kubernetes_executor.py
[2022-08-07 07:43:53,500] {processor.py:161} INFO - Processing /Users/pro/Documents/a_env/proj_data/lib/python3.7/site-packages/airflow/example_dags/example_kubernetes_executor.py took 0.047 seconds
[2022-08-07 07:44:31,165] {processor.py:153} INFO - Started process (PID=92527) to work on /Users/pro/Documents/a_env/proj_data/lib/python3.7/site-packages/airflow/example_dags/example_kubernetes_executor.py
[2022-08-07 07:44:31,166] {processor.py:641} INFO - Processing file /Users/pro/Documents/a_env/proj_data/lib/python3.7/site-packages/airflow/example_dags/example_kubernetes_executor.py for tasks to queue
[2022-08-07 07:44:31,167] {logging_mixin.py:115} INFO - [2022-08-07 07:44:31,167] {dagbag.py:508} INFO - Filling up the DagBag from /Users/pro/Documents/a_env/proj_data/lib/python3.7/site-packages/airflow/example_dags/example_kubernetes_executor.py
[2022-08-07 07:44:31,187] {logging_mixin.py:115} INFO - [2022-08-07 07:44:31,186] {example_kubernetes_executor.py:40} WARNING - The example_kubernetes_executor example DAG requires the kubernetes provider. Please install it with: pip install apache-airflow[cncf.kubernetes]
[2022-08-07 07:44:31,187] {processor.py:653} WARNING - No viable dags retrieved from /Users/pro/Documents/a_env/proj_data/lib/python3.7/site-packages/airflow/example_dags/example_kubernetes_executor.py
[2022-08-07 07:44:31,204] {processor.py:161} INFO - Processing /Users/pro/Documents/a_env/proj_data/lib/python3.7/site-packages/airflow/example_dags/example_kubernetes_executor.py took 0.043 seconds
[2022-08-07 07:45:04,605] {processor.py:153} INFO - Started process (PID=92563) to work on /Users/pro/Documents/a_env/proj_data/lib/python3.7/site-packages/airflow/example_dags/example_kubernetes_executor.py
[2022-08-07 07:45:04,607] {processor.py:641} INFO - Processing file /Users/pro/Documents/a_env/proj_data/lib/python3.7/site-packages/airflow/example_dags/example_kubernetes_executor.py for tasks to queue
[2022-08-07 07:45:04,608] {logging_mixin.py:115} INFO - [2022-08-07 07:45:04,608] {dagbag.py:508} INFO - Filling up the DagBag from /Users/pro/Documents/a_env/proj_data/lib/python3.7/site-packages/airflow/example_dags/example_kubernetes_executor.py
[2022-08-07 07:45:04,630] {logging_mixin.py:115} INFO - [2022-08-07 07:45:04,629] {example_kubernetes_executor.py:40} WARNING - The example_kubernetes_executor example DAG requires the kubernetes provider. Please install it with: pip install apache-airflow[cncf.kubernetes]
[2022-08-07 07:45:04,630] {processor.py:653} WARNING - No viable dags retrieved from /Users/pro/Documents/a_env/proj_data/lib/python3.7/site-packages/airflow/example_dags/example_kubernetes_executor.py
[2022-08-07 07:45:04,646] {processor.py:161} INFO - Processing /Users/pro/Documents/a_env/proj_data/lib/python3.7/site-packages/airflow/example_dags/example_kubernetes_executor.py took 0.046 seconds
[2022-08-07 07:45:43,521] {processor.py:153} INFO - Started process (PID=92603) to work on /Users/pro/Documents/a_env/proj_data/lib/python3.7/site-packages/airflow/example_dags/example_kubernetes_executor.py
[2022-08-07 07:45:43,522] {processor.py:641} INFO - Processing file /Users/pro/Documents/a_env/proj_data/lib/python3.7/site-packages/airflow/example_dags/example_kubernetes_executor.py for tasks to queue
[2022-08-07 07:45:43,524] {logging_mixin.py:115} INFO - [2022-08-07 07:45:43,523] {dagbag.py:508} INFO - Filling up the DagBag from /Users/pro/Documents/a_env/proj_data/lib/python3.7/site-packages/airflow/example_dags/example_kubernetes_executor.py
[2022-08-07 07:45:43,544] {logging_mixin.py:115} INFO - [2022-08-07 07:45:43,544] {example_kubernetes_executor.py:40} WARNING - The example_kubernetes_executor example DAG requires the kubernetes provider. Please install it with: pip install apache-airflow[cncf.kubernetes]
[2022-08-07 07:45:43,544] {processor.py:653} WARNING - No viable dags retrieved from /Users/pro/Documents/a_env/proj_data/lib/python3.7/site-packages/airflow/example_dags/example_kubernetes_executor.py
[2022-08-07 07:45:43,558] {processor.py:161} INFO - Processing /Users/pro/Documents/a_env/proj_data/lib/python3.7/site-packages/airflow/example_dags/example_kubernetes_executor.py took 0.043 seconds
[2022-08-07 07:46:17,892] {processor.py:153} INFO - Started process (PID=92639) to work on /Users/pro/Documents/a_env/proj_data/lib/python3.7/site-packages/airflow/example_dags/example_kubernetes_executor.py
[2022-08-07 07:46:17,894] {processor.py:641} INFO - Processing file /Users/pro/Documents/a_env/proj_data/lib/python3.7/site-packages/airflow/example_dags/example_kubernetes_executor.py for tasks to queue
[2022-08-07 07:46:17,896] {logging_mixin.py:115} INFO - [2022-08-07 07:46:17,896] {dagbag.py:508} INFO - Filling up the DagBag from /Users/pro/Documents/a_env/proj_data/lib/python3.7/site-packages/airflow/example_dags/example_kubernetes_executor.py
[2022-08-07 07:46:17,917] {logging_mixin.py:115} INFO - [2022-08-07 07:46:17,917] {example_kubernetes_executor.py:40} WARNING - The example_kubernetes_executor example DAG requires the kubernetes provider. Please install it with: pip install apache-airflow[cncf.kubernetes]
[2022-08-07 07:46:17,917] {processor.py:653} WARNING - No viable dags retrieved from /Users/pro/Documents/a_env/proj_data/lib/python3.7/site-packages/airflow/example_dags/example_kubernetes_executor.py
[2022-08-07 07:46:17,933] {processor.py:161} INFO - Processing /Users/pro/Documents/a_env/proj_data/lib/python3.7/site-packages/airflow/example_dags/example_kubernetes_executor.py took 0.045 seconds
[2022-08-07 07:46:52,840] {processor.py:153} INFO - Started process (PID=92675) to work on /Users/pro/Documents/a_env/proj_data/lib/python3.7/site-packages/airflow/example_dags/example_kubernetes_executor.py
[2022-08-07 07:46:52,841] {processor.py:641} INFO - Processing file /Users/pro/Documents/a_env/proj_data/lib/python3.7/site-packages/airflow/example_dags/example_kubernetes_executor.py for tasks to queue
[2022-08-07 07:46:52,842] {logging_mixin.py:115} INFO - [2022-08-07 07:46:52,842] {dagbag.py:508} INFO - Filling up the DagBag from /Users/pro/Documents/a_env/proj_data/lib/python3.7/site-packages/airflow/example_dags/example_kubernetes_executor.py
[2022-08-07 07:46:52,862] {logging_mixin.py:115} INFO - [2022-08-07 07:46:52,862] {example_kubernetes_executor.py:40} WARNING - The example_kubernetes_executor example DAG requires the kubernetes provider. Please install it with: pip install apache-airflow[cncf.kubernetes]
[2022-08-07 07:46:52,863] {processor.py:653} WARNING - No viable dags retrieved from /Users/pro/Documents/a_env/proj_data/lib/python3.7/site-packages/airflow/example_dags/example_kubernetes_executor.py
[2022-08-07 07:46:52,880] {processor.py:161} INFO - Processing /Users/pro/Documents/a_env/proj_data/lib/python3.7/site-packages/airflow/example_dags/example_kubernetes_executor.py took 0.045 seconds
[2022-08-07 07:47:27,914] {processor.py:153} INFO - Started process (PID=92710) to work on /Users/pro/Documents/a_env/proj_data/lib/python3.7/site-packages/airflow/example_dags/example_kubernetes_executor.py
[2022-08-07 07:47:27,916] {processor.py:641} INFO - Processing file /Users/pro/Documents/a_env/proj_data/lib/python3.7/site-packages/airflow/example_dags/example_kubernetes_executor.py for tasks to queue
[2022-08-07 07:47:27,917] {logging_mixin.py:115} INFO - [2022-08-07 07:47:27,917] {dagbag.py:508} INFO - Filling up the DagBag from /Users/pro/Documents/a_env/proj_data/lib/python3.7/site-packages/airflow/example_dags/example_kubernetes_executor.py
[2022-08-07 07:47:27,939] {logging_mixin.py:115} INFO - [2022-08-07 07:47:27,939] {example_kubernetes_executor.py:40} WARNING - The example_kubernetes_executor example DAG requires the kubernetes provider. Please install it with: pip install apache-airflow[cncf.kubernetes]
[2022-08-07 07:47:27,940] {processor.py:653} WARNING - No viable dags retrieved from /Users/pro/Documents/a_env/proj_data/lib/python3.7/site-packages/airflow/example_dags/example_kubernetes_executor.py
[2022-08-07 07:47:27,954] {processor.py:161} INFO - Processing /Users/pro/Documents/a_env/proj_data/lib/python3.7/site-packages/airflow/example_dags/example_kubernetes_executor.py took 0.045 seconds
[2022-08-07 07:48:02,500] {processor.py:153} INFO - Started process (PID=92752) to work on /Users/pro/Documents/a_env/proj_data/lib/python3.7/site-packages/airflow/example_dags/example_kubernetes_executor.py
[2022-08-07 07:48:02,501] {processor.py:641} INFO - Processing file /Users/pro/Documents/a_env/proj_data/lib/python3.7/site-packages/airflow/example_dags/example_kubernetes_executor.py for tasks to queue
[2022-08-07 07:48:02,503] {logging_mixin.py:115} INFO - [2022-08-07 07:48:02,502] {dagbag.py:508} INFO - Filling up the DagBag from /Users/pro/Documents/a_env/proj_data/lib/python3.7/site-packages/airflow/example_dags/example_kubernetes_executor.py
[2022-08-07 07:48:02,523] {logging_mixin.py:115} INFO - [2022-08-07 07:48:02,522] {example_kubernetes_executor.py:40} WARNING - The example_kubernetes_executor example DAG requires the kubernetes provider. Please install it with: pip install apache-airflow[cncf.kubernetes]
[2022-08-07 07:48:02,523] {processor.py:653} WARNING - No viable dags retrieved from /Users/pro/Documents/a_env/proj_data/lib/python3.7/site-packages/airflow/example_dags/example_kubernetes_executor.py
[2022-08-07 07:48:02,539] {processor.py:161} INFO - Processing /Users/pro/Documents/a_env/proj_data/lib/python3.7/site-packages/airflow/example_dags/example_kubernetes_executor.py took 0.045 seconds
[2022-08-07 07:48:35,645] {processor.py:153} INFO - Started process (PID=92790) to work on /Users/pro/Documents/a_env/proj_data/lib/python3.7/site-packages/airflow/example_dags/example_kubernetes_executor.py
[2022-08-07 07:48:35,646] {processor.py:641} INFO - Processing file /Users/pro/Documents/a_env/proj_data/lib/python3.7/site-packages/airflow/example_dags/example_kubernetes_executor.py for tasks to queue
[2022-08-07 07:48:35,647] {logging_mixin.py:115} INFO - [2022-08-07 07:48:35,647] {dagbag.py:508} INFO - Filling up the DagBag from /Users/pro/Documents/a_env/proj_data/lib/python3.7/site-packages/airflow/example_dags/example_kubernetes_executor.py
[2022-08-07 07:48:35,666] {logging_mixin.py:115} INFO - [2022-08-07 07:48:35,666] {example_kubernetes_executor.py:40} WARNING - The example_kubernetes_executor example DAG requires the kubernetes provider. Please install it with: pip install apache-airflow[cncf.kubernetes]
[2022-08-07 07:48:35,666] {processor.py:653} WARNING - No viable dags retrieved from /Users/pro/Documents/a_env/proj_data/lib/python3.7/site-packages/airflow/example_dags/example_kubernetes_executor.py
[2022-08-07 07:48:35,681] {processor.py:161} INFO - Processing /Users/pro/Documents/a_env/proj_data/lib/python3.7/site-packages/airflow/example_dags/example_kubernetes_executor.py took 0.040 seconds
[2022-08-07 07:49:09,733] {processor.py:153} INFO - Started process (PID=92826) to work on /Users/pro/Documents/a_env/proj_data/lib/python3.7/site-packages/airflow/example_dags/example_kubernetes_executor.py
[2022-08-07 07:49:09,734] {processor.py:641} INFO - Processing file /Users/pro/Documents/a_env/proj_data/lib/python3.7/site-packages/airflow/example_dags/example_kubernetes_executor.py for tasks to queue
[2022-08-07 07:49:09,735] {logging_mixin.py:115} INFO - [2022-08-07 07:49:09,735] {dagbag.py:508} INFO - Filling up the DagBag from /Users/pro/Documents/a_env/proj_data/lib/python3.7/site-packages/airflow/example_dags/example_kubernetes_executor.py
[2022-08-07 07:49:09,754] {logging_mixin.py:115} INFO - [2022-08-07 07:49:09,754] {example_kubernetes_executor.py:40} WARNING - The example_kubernetes_executor example DAG requires the kubernetes provider. Please install it with: pip install apache-airflow[cncf.kubernetes]
[2022-08-07 07:49:09,755] {processor.py:653} WARNING - No viable dags retrieved from /Users/pro/Documents/a_env/proj_data/lib/python3.7/site-packages/airflow/example_dags/example_kubernetes_executor.py
[2022-08-07 07:49:09,771] {processor.py:161} INFO - Processing /Users/pro/Documents/a_env/proj_data/lib/python3.7/site-packages/airflow/example_dags/example_kubernetes_executor.py took 0.043 seconds
[2022-08-07 07:49:44,419] {processor.py:153} INFO - Started process (PID=92866) to work on /Users/pro/Documents/a_env/proj_data/lib/python3.7/site-packages/airflow/example_dags/example_kubernetes_executor.py
[2022-08-07 07:49:44,421] {processor.py:641} INFO - Processing file /Users/pro/Documents/a_env/proj_data/lib/python3.7/site-packages/airflow/example_dags/example_kubernetes_executor.py for tasks to queue
[2022-08-07 07:49:44,422] {logging_mixin.py:115} INFO - [2022-08-07 07:49:44,422] {dagbag.py:508} INFO - Filling up the DagBag from /Users/pro/Documents/a_env/proj_data/lib/python3.7/site-packages/airflow/example_dags/example_kubernetes_executor.py
[2022-08-07 07:49:44,449] {logging_mixin.py:115} INFO - [2022-08-07 07:49:44,449] {example_kubernetes_executor.py:40} WARNING - The example_kubernetes_executor example DAG requires the kubernetes provider. Please install it with: pip install apache-airflow[cncf.kubernetes]
[2022-08-07 07:49:44,450] {processor.py:653} WARNING - No viable dags retrieved from /Users/pro/Documents/a_env/proj_data/lib/python3.7/site-packages/airflow/example_dags/example_kubernetes_executor.py
[2022-08-07 07:49:44,466] {processor.py:161} INFO - Processing /Users/pro/Documents/a_env/proj_data/lib/python3.7/site-packages/airflow/example_dags/example_kubernetes_executor.py took 0.053 seconds
[2022-08-07 07:50:17,411] {processor.py:153} INFO - Started process (PID=92902) to work on /Users/pro/Documents/a_env/proj_data/lib/python3.7/site-packages/airflow/example_dags/example_kubernetes_executor.py
[2022-08-07 07:50:17,412] {processor.py:641} INFO - Processing file /Users/pro/Documents/a_env/proj_data/lib/python3.7/site-packages/airflow/example_dags/example_kubernetes_executor.py for tasks to queue
[2022-08-07 07:50:17,413] {logging_mixin.py:115} INFO - [2022-08-07 07:50:17,413] {dagbag.py:508} INFO - Filling up the DagBag from /Users/pro/Documents/a_env/proj_data/lib/python3.7/site-packages/airflow/example_dags/example_kubernetes_executor.py
[2022-08-07 07:50:17,436] {logging_mixin.py:115} INFO - [2022-08-07 07:50:17,436] {example_kubernetes_executor.py:40} WARNING - The example_kubernetes_executor example DAG requires the kubernetes provider. Please install it with: pip install apache-airflow[cncf.kubernetes]
[2022-08-07 07:50:17,436] {processor.py:653} WARNING - No viable dags retrieved from /Users/pro/Documents/a_env/proj_data/lib/python3.7/site-packages/airflow/example_dags/example_kubernetes_executor.py
[2022-08-07 07:50:17,453] {processor.py:161} INFO - Processing /Users/pro/Documents/a_env/proj_data/lib/python3.7/site-packages/airflow/example_dags/example_kubernetes_executor.py took 0.048 seconds
[2022-08-07 07:50:54,777] {processor.py:153} INFO - Started process (PID=92940) to work on /Users/pro/Documents/a_env/proj_data/lib/python3.7/site-packages/airflow/example_dags/example_kubernetes_executor.py
[2022-08-07 07:50:54,778] {processor.py:641} INFO - Processing file /Users/pro/Documents/a_env/proj_data/lib/python3.7/site-packages/airflow/example_dags/example_kubernetes_executor.py for tasks to queue
[2022-08-07 07:50:54,779] {logging_mixin.py:115} INFO - [2022-08-07 07:50:54,779] {dagbag.py:508} INFO - Filling up the DagBag from /Users/pro/Documents/a_env/proj_data/lib/python3.7/site-packages/airflow/example_dags/example_kubernetes_executor.py
[2022-08-07 07:50:54,798] {logging_mixin.py:115} INFO - [2022-08-07 07:50:54,798] {example_kubernetes_executor.py:40} WARNING - The example_kubernetes_executor example DAG requires the kubernetes provider. Please install it with: pip install apache-airflow[cncf.kubernetes]
[2022-08-07 07:50:54,798] {processor.py:653} WARNING - No viable dags retrieved from /Users/pro/Documents/a_env/proj_data/lib/python3.7/site-packages/airflow/example_dags/example_kubernetes_executor.py
[2022-08-07 07:50:54,813] {processor.py:161} INFO - Processing /Users/pro/Documents/a_env/proj_data/lib/python3.7/site-packages/airflow/example_dags/example_kubernetes_executor.py took 0.041 seconds
[2022-08-07 07:51:29,631] {processor.py:153} INFO - Started process (PID=92977) to work on /Users/pro/Documents/a_env/proj_data/lib/python3.7/site-packages/airflow/example_dags/example_kubernetes_executor.py
[2022-08-07 07:51:29,632] {processor.py:641} INFO - Processing file /Users/pro/Documents/a_env/proj_data/lib/python3.7/site-packages/airflow/example_dags/example_kubernetes_executor.py for tasks to queue
[2022-08-07 07:51:29,633] {logging_mixin.py:115} INFO - [2022-08-07 07:51:29,632] {dagbag.py:508} INFO - Filling up the DagBag from /Users/pro/Documents/a_env/proj_data/lib/python3.7/site-packages/airflow/example_dags/example_kubernetes_executor.py
[2022-08-07 07:51:29,650] {logging_mixin.py:115} INFO - [2022-08-07 07:51:29,650] {example_kubernetes_executor.py:40} WARNING - The example_kubernetes_executor example DAG requires the kubernetes provider. Please install it with: pip install apache-airflow[cncf.kubernetes]
[2022-08-07 07:51:29,651] {processor.py:653} WARNING - No viable dags retrieved from /Users/pro/Documents/a_env/proj_data/lib/python3.7/site-packages/airflow/example_dags/example_kubernetes_executor.py
[2022-08-07 07:51:29,666] {processor.py:161} INFO - Processing /Users/pro/Documents/a_env/proj_data/lib/python3.7/site-packages/airflow/example_dags/example_kubernetes_executor.py took 0.040 seconds
[2022-08-07 07:52:05,053] {processor.py:153} INFO - Started process (PID=93012) to work on /Users/pro/Documents/a_env/proj_data/lib/python3.7/site-packages/airflow/example_dags/example_kubernetes_executor.py
[2022-08-07 07:52:05,054] {processor.py:641} INFO - Processing file /Users/pro/Documents/a_env/proj_data/lib/python3.7/site-packages/airflow/example_dags/example_kubernetes_executor.py for tasks to queue
[2022-08-07 07:52:05,055] {logging_mixin.py:115} INFO - [2022-08-07 07:52:05,055] {dagbag.py:508} INFO - Filling up the DagBag from /Users/pro/Documents/a_env/proj_data/lib/python3.7/site-packages/airflow/example_dags/example_kubernetes_executor.py
[2022-08-07 07:52:05,074] {logging_mixin.py:115} INFO - [2022-08-07 07:52:05,074] {example_kubernetes_executor.py:40} WARNING - The example_kubernetes_executor example DAG requires the kubernetes provider. Please install it with: pip install apache-airflow[cncf.kubernetes]
[2022-08-07 07:52:05,075] {processor.py:653} WARNING - No viable dags retrieved from /Users/pro/Documents/a_env/proj_data/lib/python3.7/site-packages/airflow/example_dags/example_kubernetes_executor.py
[2022-08-07 07:52:05,091] {processor.py:161} INFO - Processing /Users/pro/Documents/a_env/proj_data/lib/python3.7/site-packages/airflow/example_dags/example_kubernetes_executor.py took 0.042 seconds
[2022-08-07 07:52:40,179] {processor.py:153} INFO - Started process (PID=93048) to work on /Users/pro/Documents/a_env/proj_data/lib/python3.7/site-packages/airflow/example_dags/example_kubernetes_executor.py
[2022-08-07 07:52:40,180] {processor.py:641} INFO - Processing file /Users/pro/Documents/a_env/proj_data/lib/python3.7/site-packages/airflow/example_dags/example_kubernetes_executor.py for tasks to queue
[2022-08-07 07:52:40,181] {logging_mixin.py:115} INFO - [2022-08-07 07:52:40,181] {dagbag.py:508} INFO - Filling up the DagBag from /Users/pro/Documents/a_env/proj_data/lib/python3.7/site-packages/airflow/example_dags/example_kubernetes_executor.py
[2022-08-07 07:52:40,201] {logging_mixin.py:115} INFO - [2022-08-07 07:52:40,201] {example_kubernetes_executor.py:40} WARNING - The example_kubernetes_executor example DAG requires the kubernetes provider. Please install it with: pip install apache-airflow[cncf.kubernetes]
[2022-08-07 07:52:40,201] {processor.py:653} WARNING - No viable dags retrieved from /Users/pro/Documents/a_env/proj_data/lib/python3.7/site-packages/airflow/example_dags/example_kubernetes_executor.py
[2022-08-07 07:52:40,217] {processor.py:161} INFO - Processing /Users/pro/Documents/a_env/proj_data/lib/python3.7/site-packages/airflow/example_dags/example_kubernetes_executor.py took 0.042 seconds
[2022-08-07 07:53:13,733] {processor.py:153} INFO - Started process (PID=93087) to work on /Users/pro/Documents/a_env/proj_data/lib/python3.7/site-packages/airflow/example_dags/example_kubernetes_executor.py
[2022-08-07 07:53:13,735] {processor.py:641} INFO - Processing file /Users/pro/Documents/a_env/proj_data/lib/python3.7/site-packages/airflow/example_dags/example_kubernetes_executor.py for tasks to queue
[2022-08-07 07:53:13,737] {logging_mixin.py:115} INFO - [2022-08-07 07:53:13,737] {dagbag.py:508} INFO - Filling up the DagBag from /Users/pro/Documents/a_env/proj_data/lib/python3.7/site-packages/airflow/example_dags/example_kubernetes_executor.py
[2022-08-07 07:53:13,758] {logging_mixin.py:115} INFO - [2022-08-07 07:53:13,757] {example_kubernetes_executor.py:40} WARNING - The example_kubernetes_executor example DAG requires the kubernetes provider. Please install it with: pip install apache-airflow[cncf.kubernetes]
[2022-08-07 07:53:13,758] {processor.py:653} WARNING - No viable dags retrieved from /Users/pro/Documents/a_env/proj_data/lib/python3.7/site-packages/airflow/example_dags/example_kubernetes_executor.py
[2022-08-07 07:53:13,775] {processor.py:161} INFO - Processing /Users/pro/Documents/a_env/proj_data/lib/python3.7/site-packages/airflow/example_dags/example_kubernetes_executor.py took 0.048 seconds
[2022-08-07 07:53:49,814] {processor.py:153} INFO - Started process (PID=93145) to work on /Users/pro/Documents/a_env/proj_data/lib/python3.7/site-packages/airflow/example_dags/example_kubernetes_executor.py
[2022-08-07 07:53:49,816] {processor.py:641} INFO - Processing file /Users/pro/Documents/a_env/proj_data/lib/python3.7/site-packages/airflow/example_dags/example_kubernetes_executor.py for tasks to queue
[2022-08-07 07:53:49,817] {logging_mixin.py:115} INFO - [2022-08-07 07:53:49,816] {dagbag.py:508} INFO - Filling up the DagBag from /Users/pro/Documents/a_env/proj_data/lib/python3.7/site-packages/airflow/example_dags/example_kubernetes_executor.py
[2022-08-07 07:53:49,840] {logging_mixin.py:115} INFO - [2022-08-07 07:53:49,840] {example_kubernetes_executor.py:40} WARNING - The example_kubernetes_executor example DAG requires the kubernetes provider. Please install it with: pip install apache-airflow[cncf.kubernetes]
[2022-08-07 07:53:49,840] {processor.py:653} WARNING - No viable dags retrieved from /Users/pro/Documents/a_env/proj_data/lib/python3.7/site-packages/airflow/example_dags/example_kubernetes_executor.py
[2022-08-07 07:53:49,852] {processor.py:161} INFO - Processing /Users/pro/Documents/a_env/proj_data/lib/python3.7/site-packages/airflow/example_dags/example_kubernetes_executor.py took 0.042 seconds
[2022-08-07 07:54:27,277] {processor.py:153} INFO - Started process (PID=93192) to work on /Users/pro/Documents/a_env/proj_data/lib/python3.7/site-packages/airflow/example_dags/example_kubernetes_executor.py
[2022-08-07 07:54:27,278] {processor.py:641} INFO - Processing file /Users/pro/Documents/a_env/proj_data/lib/python3.7/site-packages/airflow/example_dags/example_kubernetes_executor.py for tasks to queue
[2022-08-07 07:54:27,279] {logging_mixin.py:115} INFO - [2022-08-07 07:54:27,279] {dagbag.py:508} INFO - Filling up the DagBag from /Users/pro/Documents/a_env/proj_data/lib/python3.7/site-packages/airflow/example_dags/example_kubernetes_executor.py
[2022-08-07 07:54:27,301] {logging_mixin.py:115} INFO - [2022-08-07 07:54:27,300] {example_kubernetes_executor.py:40} WARNING - The example_kubernetes_executor example DAG requires the kubernetes provider. Please install it with: pip install apache-airflow[cncf.kubernetes]
[2022-08-07 07:54:27,301] {processor.py:653} WARNING - No viable dags retrieved from /Users/pro/Documents/a_env/proj_data/lib/python3.7/site-packages/airflow/example_dags/example_kubernetes_executor.py
[2022-08-07 07:54:27,313] {processor.py:161} INFO - Processing /Users/pro/Documents/a_env/proj_data/lib/python3.7/site-packages/airflow/example_dags/example_kubernetes_executor.py took 0.040 seconds
[2022-08-07 07:55:04,745] {processor.py:153} INFO - Started process (PID=93234) to work on /Users/pro/Documents/a_env/proj_data/lib/python3.7/site-packages/airflow/example_dags/example_kubernetes_executor.py
[2022-08-07 07:55:04,747] {processor.py:641} INFO - Processing file /Users/pro/Documents/a_env/proj_data/lib/python3.7/site-packages/airflow/example_dags/example_kubernetes_executor.py for tasks to queue
[2022-08-07 07:55:04,748] {logging_mixin.py:115} INFO - [2022-08-07 07:55:04,748] {dagbag.py:508} INFO - Filling up the DagBag from /Users/pro/Documents/a_env/proj_data/lib/python3.7/site-packages/airflow/example_dags/example_kubernetes_executor.py
[2022-08-07 07:55:04,771] {logging_mixin.py:115} INFO - [2022-08-07 07:55:04,771] {example_kubernetes_executor.py:40} WARNING - The example_kubernetes_executor example DAG requires the kubernetes provider. Please install it with: pip install apache-airflow[cncf.kubernetes]
[2022-08-07 07:55:04,771] {processor.py:653} WARNING - No viable dags retrieved from /Users/pro/Documents/a_env/proj_data/lib/python3.7/site-packages/airflow/example_dags/example_kubernetes_executor.py
[2022-08-07 07:55:04,783] {processor.py:161} INFO - Processing /Users/pro/Documents/a_env/proj_data/lib/python3.7/site-packages/airflow/example_dags/example_kubernetes_executor.py took 0.042 seconds
[2022-08-07 07:55:40,450] {processor.py:153} INFO - Started process (PID=93270) to work on /Users/pro/Documents/a_env/proj_data/lib/python3.7/site-packages/airflow/example_dags/example_kubernetes_executor.py
[2022-08-07 07:55:40,451] {processor.py:641} INFO - Processing file /Users/pro/Documents/a_env/proj_data/lib/python3.7/site-packages/airflow/example_dags/example_kubernetes_executor.py for tasks to queue
[2022-08-07 07:55:40,452] {logging_mixin.py:115} INFO - [2022-08-07 07:55:40,452] {dagbag.py:508} INFO - Filling up the DagBag from /Users/pro/Documents/a_env/proj_data/lib/python3.7/site-packages/airflow/example_dags/example_kubernetes_executor.py
[2022-08-07 07:55:40,477] {logging_mixin.py:115} INFO - [2022-08-07 07:55:40,476] {example_kubernetes_executor.py:40} WARNING - The example_kubernetes_executor example DAG requires the kubernetes provider. Please install it with: pip install apache-airflow[cncf.kubernetes]
[2022-08-07 07:55:40,477] {processor.py:653} WARNING - No viable dags retrieved from /Users/pro/Documents/a_env/proj_data/lib/python3.7/site-packages/airflow/example_dags/example_kubernetes_executor.py
[2022-08-07 07:55:40,490] {processor.py:161} INFO - Processing /Users/pro/Documents/a_env/proj_data/lib/python3.7/site-packages/airflow/example_dags/example_kubernetes_executor.py took 0.044 seconds
[2022-08-07 07:56:18,485] {processor.py:153} INFO - Started process (PID=93307) to work on /Users/pro/Documents/a_env/proj_data/lib/python3.7/site-packages/airflow/example_dags/example_kubernetes_executor.py
[2022-08-07 07:56:18,486] {processor.py:641} INFO - Processing file /Users/pro/Documents/a_env/proj_data/lib/python3.7/site-packages/airflow/example_dags/example_kubernetes_executor.py for tasks to queue
[2022-08-07 07:56:18,487] {logging_mixin.py:115} INFO - [2022-08-07 07:56:18,487] {dagbag.py:508} INFO - Filling up the DagBag from /Users/pro/Documents/a_env/proj_data/lib/python3.7/site-packages/airflow/example_dags/example_kubernetes_executor.py
[2022-08-07 07:56:18,511] {logging_mixin.py:115} INFO - [2022-08-07 07:56:18,511] {example_kubernetes_executor.py:40} WARNING - The example_kubernetes_executor example DAG requires the kubernetes provider. Please install it with: pip install apache-airflow[cncf.kubernetes]
[2022-08-07 07:56:18,512] {processor.py:653} WARNING - No viable dags retrieved from /Users/pro/Documents/a_env/proj_data/lib/python3.7/site-packages/airflow/example_dags/example_kubernetes_executor.py
[2022-08-07 07:56:18,525] {processor.py:161} INFO - Processing /Users/pro/Documents/a_env/proj_data/lib/python3.7/site-packages/airflow/example_dags/example_kubernetes_executor.py took 0.044 seconds
[2022-08-07 07:56:52,674] {processor.py:153} INFO - Started process (PID=93342) to work on /Users/pro/Documents/a_env/proj_data/lib/python3.7/site-packages/airflow/example_dags/example_kubernetes_executor.py
[2022-08-07 07:56:52,676] {processor.py:641} INFO - Processing file /Users/pro/Documents/a_env/proj_data/lib/python3.7/site-packages/airflow/example_dags/example_kubernetes_executor.py for tasks to queue
[2022-08-07 07:56:52,678] {logging_mixin.py:115} INFO - [2022-08-07 07:56:52,677] {dagbag.py:508} INFO - Filling up the DagBag from /Users/pro/Documents/a_env/proj_data/lib/python3.7/site-packages/airflow/example_dags/example_kubernetes_executor.py
[2022-08-07 07:56:52,702] {logging_mixin.py:115} INFO - [2022-08-07 07:56:52,702] {example_kubernetes_executor.py:40} WARNING - The example_kubernetes_executor example DAG requires the kubernetes provider. Please install it with: pip install apache-airflow[cncf.kubernetes]
[2022-08-07 07:56:52,703] {processor.py:653} WARNING - No viable dags retrieved from /Users/pro/Documents/a_env/proj_data/lib/python3.7/site-packages/airflow/example_dags/example_kubernetes_executor.py
[2022-08-07 07:56:52,716] {processor.py:161} INFO - Processing /Users/pro/Documents/a_env/proj_data/lib/python3.7/site-packages/airflow/example_dags/example_kubernetes_executor.py took 0.047 seconds
[2022-08-07 07:57:30,952] {processor.py:153} INFO - Started process (PID=93391) to work on /Users/pro/Documents/a_env/proj_data/lib/python3.7/site-packages/airflow/example_dags/example_kubernetes_executor.py
[2022-08-07 07:57:30,952] {processor.py:641} INFO - Processing file /Users/pro/Documents/a_env/proj_data/lib/python3.7/site-packages/airflow/example_dags/example_kubernetes_executor.py for tasks to queue
[2022-08-07 07:57:30,953] {logging_mixin.py:115} INFO - [2022-08-07 07:57:30,953] {dagbag.py:508} INFO - Filling up the DagBag from /Users/pro/Documents/a_env/proj_data/lib/python3.7/site-packages/airflow/example_dags/example_kubernetes_executor.py
[2022-08-07 07:57:30,976] {logging_mixin.py:115} INFO - [2022-08-07 07:57:30,976] {example_kubernetes_executor.py:40} WARNING - The example_kubernetes_executor example DAG requires the kubernetes provider. Please install it with: pip install apache-airflow[cncf.kubernetes]
[2022-08-07 07:57:30,977] {processor.py:653} WARNING - No viable dags retrieved from /Users/pro/Documents/a_env/proj_data/lib/python3.7/site-packages/airflow/example_dags/example_kubernetes_executor.py
[2022-08-07 07:57:30,989] {processor.py:161} INFO - Processing /Users/pro/Documents/a_env/proj_data/lib/python3.7/site-packages/airflow/example_dags/example_kubernetes_executor.py took 0.042 seconds
[2022-08-07 07:58:06,836] {processor.py:153} INFO - Started process (PID=93433) to work on /Users/pro/Documents/a_env/proj_data/lib/python3.7/site-packages/airflow/example_dags/example_kubernetes_executor.py
[2022-08-07 07:58:06,837] {processor.py:641} INFO - Processing file /Users/pro/Documents/a_env/proj_data/lib/python3.7/site-packages/airflow/example_dags/example_kubernetes_executor.py for tasks to queue
[2022-08-07 07:58:06,838] {logging_mixin.py:115} INFO - [2022-08-07 07:58:06,838] {dagbag.py:508} INFO - Filling up the DagBag from /Users/pro/Documents/a_env/proj_data/lib/python3.7/site-packages/airflow/example_dags/example_kubernetes_executor.py
[2022-08-07 07:58:06,861] {logging_mixin.py:115} INFO - [2022-08-07 07:58:06,861] {example_kubernetes_executor.py:40} WARNING - The example_kubernetes_executor example DAG requires the kubernetes provider. Please install it with: pip install apache-airflow[cncf.kubernetes]
[2022-08-07 07:58:06,862] {processor.py:653} WARNING - No viable dags retrieved from /Users/pro/Documents/a_env/proj_data/lib/python3.7/site-packages/airflow/example_dags/example_kubernetes_executor.py
[2022-08-07 07:58:06,873] {processor.py:161} INFO - Processing /Users/pro/Documents/a_env/proj_data/lib/python3.7/site-packages/airflow/example_dags/example_kubernetes_executor.py took 0.041 seconds
[2022-08-07 07:58:45,254] {processor.py:153} INFO - Started process (PID=93472) to work on /Users/pro/Documents/a_env/proj_data/lib/python3.7/site-packages/airflow/example_dags/example_kubernetes_executor.py
[2022-08-07 07:58:45,255] {processor.py:641} INFO - Processing file /Users/pro/Documents/a_env/proj_data/lib/python3.7/site-packages/airflow/example_dags/example_kubernetes_executor.py for tasks to queue
[2022-08-07 07:58:45,256] {logging_mixin.py:115} INFO - [2022-08-07 07:58:45,256] {dagbag.py:508} INFO - Filling up the DagBag from /Users/pro/Documents/a_env/proj_data/lib/python3.7/site-packages/airflow/example_dags/example_kubernetes_executor.py
[2022-08-07 07:58:45,278] {logging_mixin.py:115} INFO - [2022-08-07 07:58:45,278] {example_kubernetes_executor.py:40} WARNING - The example_kubernetes_executor example DAG requires the kubernetes provider. Please install it with: pip install apache-airflow[cncf.kubernetes]
[2022-08-07 07:58:45,279] {processor.py:653} WARNING - No viable dags retrieved from /Users/pro/Documents/a_env/proj_data/lib/python3.7/site-packages/airflow/example_dags/example_kubernetes_executor.py
[2022-08-07 07:58:45,291] {processor.py:161} INFO - Processing /Users/pro/Documents/a_env/proj_data/lib/python3.7/site-packages/airflow/example_dags/example_kubernetes_executor.py took 0.042 seconds
[2022-08-07 07:59:21,280] {processor.py:153} INFO - Started process (PID=93509) to work on /Users/pro/Documents/a_env/proj_data/lib/python3.7/site-packages/airflow/example_dags/example_kubernetes_executor.py
[2022-08-07 07:59:21,281] {processor.py:641} INFO - Processing file /Users/pro/Documents/a_env/proj_data/lib/python3.7/site-packages/airflow/example_dags/example_kubernetes_executor.py for tasks to queue
[2022-08-07 07:59:21,282] {logging_mixin.py:115} INFO - [2022-08-07 07:59:21,282] {dagbag.py:508} INFO - Filling up the DagBag from /Users/pro/Documents/a_env/proj_data/lib/python3.7/site-packages/airflow/example_dags/example_kubernetes_executor.py
[2022-08-07 07:59:21,303] {logging_mixin.py:115} INFO - [2022-08-07 07:59:21,303] {example_kubernetes_executor.py:40} WARNING - The example_kubernetes_executor example DAG requires the kubernetes provider. Please install it with: pip install apache-airflow[cncf.kubernetes]
[2022-08-07 07:59:21,304] {processor.py:653} WARNING - No viable dags retrieved from /Users/pro/Documents/a_env/proj_data/lib/python3.7/site-packages/airflow/example_dags/example_kubernetes_executor.py
[2022-08-07 07:59:21,316] {processor.py:161} INFO - Processing /Users/pro/Documents/a_env/proj_data/lib/python3.7/site-packages/airflow/example_dags/example_kubernetes_executor.py took 0.040 seconds
[2022-08-07 07:59:55,205] {processor.py:153} INFO - Started process (PID=93566) to work on /Users/pro/Documents/a_env/proj_data/lib/python3.7/site-packages/airflow/example_dags/example_kubernetes_executor.py
[2022-08-07 07:59:55,207] {processor.py:641} INFO - Processing file /Users/pro/Documents/a_env/proj_data/lib/python3.7/site-packages/airflow/example_dags/example_kubernetes_executor.py for tasks to queue
[2022-08-07 07:59:55,208] {logging_mixin.py:115} INFO - [2022-08-07 07:59:55,207] {dagbag.py:508} INFO - Filling up the DagBag from /Users/pro/Documents/a_env/proj_data/lib/python3.7/site-packages/airflow/example_dags/example_kubernetes_executor.py
[2022-08-07 07:59:55,231] {logging_mixin.py:115} INFO - [2022-08-07 07:59:55,230] {example_kubernetes_executor.py:40} WARNING - The example_kubernetes_executor example DAG requires the kubernetes provider. Please install it with: pip install apache-airflow[cncf.kubernetes]
[2022-08-07 07:59:55,231] {processor.py:653} WARNING - No viable dags retrieved from /Users/pro/Documents/a_env/proj_data/lib/python3.7/site-packages/airflow/example_dags/example_kubernetes_executor.py
[2022-08-07 07:59:55,242] {processor.py:161} INFO - Processing /Users/pro/Documents/a_env/proj_data/lib/python3.7/site-packages/airflow/example_dags/example_kubernetes_executor.py took 0.041 seconds
