[2022-08-06 21:09:41,271] {processor.py:153} INFO - Started process (PID=91540) to work on /Users/pro/Documents/a_env/proj_data/lib/python3.7/site-packages/airflow/example_dags/example_xcom.py
[2022-08-06 21:09:41,271] {processor.py:641} INFO - Processing file /Users/pro/Documents/a_env/proj_data/lib/python3.7/site-packages/airflow/example_dags/example_xcom.py for tasks to queue
[2022-08-06 21:09:41,273] {logging_mixin.py:115} INFO - [2022-08-06 21:09:41,272] {dagbag.py:508} INFO - Filling up the DagBag from /Users/pro/Documents/a_env/proj_data/lib/python3.7/site-packages/airflow/example_dags/example_xcom.py
[2022-08-06 21:09:41,298] {processor.py:651} INFO - DAG(s) dict_keys(['example_xcom']) retrieved from /Users/pro/Documents/a_env/proj_data/lib/python3.7/site-packages/airflow/example_dags/example_xcom.py
[2022-08-06 21:09:41,388] {logging_mixin.py:115} INFO - [2022-08-06 21:09:41,387] {dag.py:2420} INFO - Sync 1 DAGs
[2022-08-06 21:09:41,403] {logging_mixin.py:115} INFO - [2022-08-06 21:09:41,403] {dag.py:2972} INFO - Setting next_dagrun for example_xcom to 2021-01-01T00:00:00+00:00, run_after=2021-01-01T00:00:00+00:00
[2022-08-06 21:09:41,418] {processor.py:161} INFO - Processing /Users/pro/Documents/a_env/proj_data/lib/python3.7/site-packages/airflow/example_dags/example_xcom.py took 0.152 seconds
[2022-08-06 21:10:16,380] {processor.py:153} INFO - Started process (PID=91587) to work on /Users/pro/Documents/a_env/proj_data/lib/python3.7/site-packages/airflow/example_dags/example_xcom.py
[2022-08-06 21:10:16,382] {processor.py:641} INFO - Processing file /Users/pro/Documents/a_env/proj_data/lib/python3.7/site-packages/airflow/example_dags/example_xcom.py for tasks to queue
[2022-08-06 21:10:16,383] {logging_mixin.py:115} INFO - [2022-08-06 21:10:16,382] {dagbag.py:508} INFO - Filling up the DagBag from /Users/pro/Documents/a_env/proj_data/lib/python3.7/site-packages/airflow/example_dags/example_xcom.py
[2022-08-06 21:10:16,406] {processor.py:651} INFO - DAG(s) dict_keys(['example_xcom']) retrieved from /Users/pro/Documents/a_env/proj_data/lib/python3.7/site-packages/airflow/example_dags/example_xcom.py
[2022-08-06 21:10:16,468] {logging_mixin.py:115} INFO - [2022-08-06 21:10:16,467] {dag.py:2420} INFO - Sync 1 DAGs
[2022-08-06 21:10:16,483] {logging_mixin.py:115} INFO - [2022-08-06 21:10:16,482] {dag.py:2972} INFO - Setting next_dagrun for example_xcom to 2021-01-01T00:00:00+00:00, run_after=2021-01-01T00:00:00+00:00
[2022-08-06 21:10:16,496] {processor.py:161} INFO - Processing /Users/pro/Documents/a_env/proj_data/lib/python3.7/site-packages/airflow/example_dags/example_xcom.py took 0.119 seconds
[2022-08-06 21:10:50,323] {processor.py:153} INFO - Started process (PID=91634) to work on /Users/pro/Documents/a_env/proj_data/lib/python3.7/site-packages/airflow/example_dags/example_xcom.py
[2022-08-06 21:10:50,325] {processor.py:641} INFO - Processing file /Users/pro/Documents/a_env/proj_data/lib/python3.7/site-packages/airflow/example_dags/example_xcom.py for tasks to queue
[2022-08-06 21:10:50,326] {logging_mixin.py:115} INFO - [2022-08-06 21:10:50,326] {dagbag.py:508} INFO - Filling up the DagBag from /Users/pro/Documents/a_env/proj_data/lib/python3.7/site-packages/airflow/example_dags/example_xcom.py
[2022-08-06 21:10:50,350] {processor.py:651} INFO - DAG(s) dict_keys(['example_xcom']) retrieved from /Users/pro/Documents/a_env/proj_data/lib/python3.7/site-packages/airflow/example_dags/example_xcom.py
[2022-08-06 21:10:50,427] {logging_mixin.py:115} INFO - [2022-08-06 21:10:50,427] {dag.py:2420} INFO - Sync 1 DAGs
[2022-08-06 21:10:50,464] {logging_mixin.py:115} INFO - [2022-08-06 21:10:50,464] {dag.py:2972} INFO - Setting next_dagrun for example_xcom to 2021-01-01T00:00:00+00:00, run_after=2021-01-01T00:00:00+00:00
[2022-08-06 21:10:50,479] {processor.py:161} INFO - Processing /Users/pro/Documents/a_env/proj_data/lib/python3.7/site-packages/airflow/example_dags/example_xcom.py took 0.160 seconds
[2022-08-06 21:11:25,695] {processor.py:153} INFO - Started process (PID=91677) to work on /Users/pro/Documents/a_env/proj_data/lib/python3.7/site-packages/airflow/example_dags/example_xcom.py
[2022-08-06 21:11:25,696] {processor.py:641} INFO - Processing file /Users/pro/Documents/a_env/proj_data/lib/python3.7/site-packages/airflow/example_dags/example_xcom.py for tasks to queue
[2022-08-06 21:11:25,697] {logging_mixin.py:115} INFO - [2022-08-06 21:11:25,697] {dagbag.py:508} INFO - Filling up the DagBag from /Users/pro/Documents/a_env/proj_data/lib/python3.7/site-packages/airflow/example_dags/example_xcom.py
[2022-08-06 21:11:25,764] {processor.py:651} INFO - DAG(s) dict_keys(['example_xcom']) retrieved from /Users/pro/Documents/a_env/proj_data/lib/python3.7/site-packages/airflow/example_dags/example_xcom.py
[2022-08-06 21:11:25,791] {logging_mixin.py:115} INFO - [2022-08-06 21:11:25,791] {dag.py:2420} INFO - Sync 1 DAGs
[2022-08-06 21:11:25,816] {logging_mixin.py:115} INFO - [2022-08-06 21:11:25,815] {dag.py:2972} INFO - Setting next_dagrun for example_xcom to 2021-01-01T00:00:00+00:00, run_after=2021-01-01T00:00:00+00:00
[2022-08-06 21:11:25,828] {processor.py:161} INFO - Processing /Users/pro/Documents/a_env/proj_data/lib/python3.7/site-packages/airflow/example_dags/example_xcom.py took 0.139 seconds
[2022-08-06 22:03:07,156] {processor.py:153} INFO - Started process (PID=91743) to work on /Users/pro/Documents/a_env/proj_data/lib/python3.7/site-packages/airflow/example_dags/example_xcom.py
[2022-08-06 22:03:07,157] {processor.py:641} INFO - Processing file /Users/pro/Documents/a_env/proj_data/lib/python3.7/site-packages/airflow/example_dags/example_xcom.py for tasks to queue
[2022-08-06 22:03:07,158] {logging_mixin.py:115} INFO - [2022-08-06 22:03:07,158] {dagbag.py:508} INFO - Filling up the DagBag from /Users/pro/Documents/a_env/proj_data/lib/python3.7/site-packages/airflow/example_dags/example_xcom.py
[2022-08-06 22:03:07,180] {processor.py:651} INFO - DAG(s) dict_keys(['example_xcom']) retrieved from /Users/pro/Documents/a_env/proj_data/lib/python3.7/site-packages/airflow/example_dags/example_xcom.py
[2022-08-06 22:03:07,400] {logging_mixin.py:115} INFO - [2022-08-06 22:03:07,399] {dag.py:2420} INFO - Sync 1 DAGs
[2022-08-06 22:03:07,471] {logging_mixin.py:115} INFO - [2022-08-06 22:03:07,471] {dag.py:2972} INFO - Setting next_dagrun for example_xcom to 2021-01-01T00:00:00+00:00, run_after=2021-01-01T00:00:00+00:00
[2022-08-06 22:03:07,504] {processor.py:161} INFO - Processing /Users/pro/Documents/a_env/proj_data/lib/python3.7/site-packages/airflow/example_dags/example_xcom.py took 0.357 seconds
[2022-08-06 22:57:17,942] {processor.py:153} INFO - Started process (PID=91788) to work on /Users/pro/Documents/a_env/proj_data/lib/python3.7/site-packages/airflow/example_dags/example_xcom.py
[2022-08-06 22:57:17,943] {processor.py:641} INFO - Processing file /Users/pro/Documents/a_env/proj_data/lib/python3.7/site-packages/airflow/example_dags/example_xcom.py for tasks to queue
[2022-08-06 22:57:17,944] {logging_mixin.py:115} INFO - [2022-08-06 22:57:17,943] {dagbag.py:508} INFO - Filling up the DagBag from /Users/pro/Documents/a_env/proj_data/lib/python3.7/site-packages/airflow/example_dags/example_xcom.py
[2022-08-06 22:57:17,966] {processor.py:651} INFO - DAG(s) dict_keys(['example_xcom']) retrieved from /Users/pro/Documents/a_env/proj_data/lib/python3.7/site-packages/airflow/example_dags/example_xcom.py
[2022-08-06 22:57:18,037] {logging_mixin.py:115} INFO - [2022-08-06 22:57:18,036] {dag.py:2420} INFO - Sync 1 DAGs
[2022-08-06 22:57:18,054] {logging_mixin.py:115} INFO - [2022-08-06 22:57:18,053] {dag.py:2972} INFO - Setting next_dagrun for example_xcom to 2021-01-01T00:00:00+00:00, run_after=2021-01-01T00:00:00+00:00
[2022-08-06 22:57:18,070] {processor.py:161} INFO - Processing /Users/pro/Documents/a_env/proj_data/lib/python3.7/site-packages/airflow/example_dags/example_xcom.py took 0.132 seconds
[2022-08-07 03:14:54,718] {processor.py:153} INFO - Started process (PID=91884) to work on /Users/pro/Documents/a_env/proj_data/lib/python3.7/site-packages/airflow/example_dags/example_xcom.py
[2022-08-07 03:14:54,719] {processor.py:641} INFO - Processing file /Users/pro/Documents/a_env/proj_data/lib/python3.7/site-packages/airflow/example_dags/example_xcom.py for tasks to queue
[2022-08-07 03:14:54,720] {logging_mixin.py:115} INFO - [2022-08-07 03:14:54,720] {dagbag.py:508} INFO - Filling up the DagBag from /Users/pro/Documents/a_env/proj_data/lib/python3.7/site-packages/airflow/example_dags/example_xcom.py
[2022-08-07 03:14:54,743] {processor.py:651} INFO - DAG(s) dict_keys(['example_xcom']) retrieved from /Users/pro/Documents/a_env/proj_data/lib/python3.7/site-packages/airflow/example_dags/example_xcom.py
[2022-08-07 03:14:54,811] {logging_mixin.py:115} INFO - [2022-08-07 03:14:54,811] {dag.py:2420} INFO - Sync 1 DAGs
[2022-08-07 03:14:54,827] {logging_mixin.py:115} INFO - [2022-08-07 03:14:54,827] {dag.py:2972} INFO - Setting next_dagrun for example_xcom to 2021-01-01T00:00:00+00:00, run_after=2021-01-01T00:00:00+00:00
[2022-08-07 03:14:54,842] {processor.py:161} INFO - Processing /Users/pro/Documents/a_env/proj_data/lib/python3.7/site-packages/airflow/example_dags/example_xcom.py took 0.129 seconds
[2022-08-07 04:20:52,584] {processor.py:153} INFO - Started process (PID=91966) to work on /Users/pro/Documents/a_env/proj_data/lib/python3.7/site-packages/airflow/example_dags/example_xcom.py
[2022-08-07 04:20:52,586] {processor.py:641} INFO - Processing file /Users/pro/Documents/a_env/proj_data/lib/python3.7/site-packages/airflow/example_dags/example_xcom.py for tasks to queue
[2022-08-07 04:20:52,587] {logging_mixin.py:115} INFO - [2022-08-07 04:20:52,586] {dagbag.py:508} INFO - Filling up the DagBag from /Users/pro/Documents/a_env/proj_data/lib/python3.7/site-packages/airflow/example_dags/example_xcom.py
[2022-08-07 04:20:52,615] {processor.py:651} INFO - DAG(s) dict_keys(['example_xcom']) retrieved from /Users/pro/Documents/a_env/proj_data/lib/python3.7/site-packages/airflow/example_dags/example_xcom.py
[2022-08-07 04:20:52,678] {logging_mixin.py:115} INFO - [2022-08-07 04:20:52,678] {dag.py:2420} INFO - Sync 1 DAGs
[2022-08-07 04:20:52,693] {logging_mixin.py:115} INFO - [2022-08-07 04:20:52,692] {dag.py:2972} INFO - Setting next_dagrun for example_xcom to 2021-01-01T00:00:00+00:00, run_after=2021-01-01T00:00:00+00:00
[2022-08-07 04:20:52,705] {processor.py:161} INFO - Processing /Users/pro/Documents/a_env/proj_data/lib/python3.7/site-packages/airflow/example_dags/example_xcom.py took 0.125 seconds
[2022-08-07 07:38:53,746] {processor.py:153} INFO - Started process (PID=92066) to work on /Users/pro/Documents/a_env/proj_data/lib/python3.7/site-packages/airflow/example_dags/example_xcom.py
[2022-08-07 07:38:53,747] {processor.py:641} INFO - Processing file /Users/pro/Documents/a_env/proj_data/lib/python3.7/site-packages/airflow/example_dags/example_xcom.py for tasks to queue
[2022-08-07 07:38:53,748] {logging_mixin.py:115} INFO - [2022-08-07 07:38:53,748] {dagbag.py:508} INFO - Filling up the DagBag from /Users/pro/Documents/a_env/proj_data/lib/python3.7/site-packages/airflow/example_dags/example_xcom.py
[2022-08-07 07:38:53,773] {processor.py:651} INFO - DAG(s) dict_keys(['example_xcom']) retrieved from /Users/pro/Documents/a_env/proj_data/lib/python3.7/site-packages/airflow/example_dags/example_xcom.py
[2022-08-07 07:38:53,908] {logging_mixin.py:115} INFO - [2022-08-07 07:38:53,908] {dag.py:2420} INFO - Sync 1 DAGs
[2022-08-07 07:38:53,929] {logging_mixin.py:115} INFO - [2022-08-07 07:38:53,928] {dag.py:2972} INFO - Setting next_dagrun for example_xcom to 2021-01-01T00:00:00+00:00, run_after=2021-01-01T00:00:00+00:00
[2022-08-07 07:38:53,945] {processor.py:161} INFO - Processing /Users/pro/Documents/a_env/proj_data/lib/python3.7/site-packages/airflow/example_dags/example_xcom.py took 0.205 seconds
[2022-08-07 07:39:28,955] {processor.py:153} INFO - Started process (PID=92107) to work on /Users/pro/Documents/a_env/proj_data/lib/python3.7/site-packages/airflow/example_dags/example_xcom.py
[2022-08-07 07:39:28,957] {processor.py:641} INFO - Processing file /Users/pro/Documents/a_env/proj_data/lib/python3.7/site-packages/airflow/example_dags/example_xcom.py for tasks to queue
[2022-08-07 07:39:28,958] {logging_mixin.py:115} INFO - [2022-08-07 07:39:28,958] {dagbag.py:508} INFO - Filling up the DagBag from /Users/pro/Documents/a_env/proj_data/lib/python3.7/site-packages/airflow/example_dags/example_xcom.py
[2022-08-07 07:39:28,981] {processor.py:651} INFO - DAG(s) dict_keys(['example_xcom']) retrieved from /Users/pro/Documents/a_env/proj_data/lib/python3.7/site-packages/airflow/example_dags/example_xcom.py
[2022-08-07 07:39:29,040] {logging_mixin.py:115} INFO - [2022-08-07 07:39:29,040] {dag.py:2420} INFO - Sync 1 DAGs
[2022-08-07 07:39:29,055] {logging_mixin.py:115} INFO - [2022-08-07 07:39:29,055] {dag.py:2972} INFO - Setting next_dagrun for example_xcom to 2021-01-01T00:00:00+00:00, run_after=2021-01-01T00:00:00+00:00
[2022-08-07 07:39:29,069] {processor.py:161} INFO - Processing /Users/pro/Documents/a_env/proj_data/lib/python3.7/site-packages/airflow/example_dags/example_xcom.py took 0.118 seconds
[2022-08-07 07:40:03,519] {processor.py:153} INFO - Started process (PID=92187) to work on /Users/pro/Documents/a_env/proj_data/lib/python3.7/site-packages/airflow/example_dags/example_xcom.py
[2022-08-07 07:40:03,521] {processor.py:641} INFO - Processing file /Users/pro/Documents/a_env/proj_data/lib/python3.7/site-packages/airflow/example_dags/example_xcom.py for tasks to queue
[2022-08-07 07:40:03,522] {logging_mixin.py:115} INFO - [2022-08-07 07:40:03,522] {dagbag.py:508} INFO - Filling up the DagBag from /Users/pro/Documents/a_env/proj_data/lib/python3.7/site-packages/airflow/example_dags/example_xcom.py
[2022-08-07 07:40:03,545] {processor.py:651} INFO - DAG(s) dict_keys(['example_xcom']) retrieved from /Users/pro/Documents/a_env/proj_data/lib/python3.7/site-packages/airflow/example_dags/example_xcom.py
[2022-08-07 07:40:03,566] {logging_mixin.py:115} INFO - [2022-08-07 07:40:03,566] {dag.py:2420} INFO - Sync 1 DAGs
[2022-08-07 07:40:03,585] {logging_mixin.py:115} INFO - [2022-08-07 07:40:03,585] {dag.py:2972} INFO - Setting next_dagrun for example_xcom to 2021-01-01T00:00:00+00:00, run_after=2021-01-01T00:00:00+00:00
[2022-08-07 07:40:03,599] {processor.py:161} INFO - Processing /Users/pro/Documents/a_env/proj_data/lib/python3.7/site-packages/airflow/example_dags/example_xcom.py took 0.084 seconds
[2022-08-07 07:40:38,681] {processor.py:153} INFO - Started process (PID=92245) to work on /Users/pro/Documents/a_env/proj_data/lib/python3.7/site-packages/airflow/example_dags/example_xcom.py
[2022-08-07 07:40:38,682] {processor.py:641} INFO - Processing file /Users/pro/Documents/a_env/proj_data/lib/python3.7/site-packages/airflow/example_dags/example_xcom.py for tasks to queue
[2022-08-07 07:40:38,683] {logging_mixin.py:115} INFO - [2022-08-07 07:40:38,683] {dagbag.py:508} INFO - Filling up the DagBag from /Users/pro/Documents/a_env/proj_data/lib/python3.7/site-packages/airflow/example_dags/example_xcom.py
[2022-08-07 07:40:38,709] {processor.py:651} INFO - DAG(s) dict_keys(['example_xcom']) retrieved from /Users/pro/Documents/a_env/proj_data/lib/python3.7/site-packages/airflow/example_dags/example_xcom.py
[2022-08-07 07:40:38,771] {logging_mixin.py:115} INFO - [2022-08-07 07:40:38,771] {dag.py:2420} INFO - Sync 1 DAGs
[2022-08-07 07:40:38,787] {logging_mixin.py:115} INFO - [2022-08-07 07:40:38,787] {dag.py:2972} INFO - Setting next_dagrun for example_xcom to 2021-01-01T00:00:00+00:00, run_after=2021-01-01T00:00:00+00:00
[2022-08-07 07:40:38,803] {processor.py:161} INFO - Processing /Users/pro/Documents/a_env/proj_data/lib/python3.7/site-packages/airflow/example_dags/example_xcom.py took 0.126 seconds
[2022-08-07 07:41:14,225] {processor.py:153} INFO - Started process (PID=92294) to work on /Users/pro/Documents/a_env/proj_data/lib/python3.7/site-packages/airflow/example_dags/example_xcom.py
[2022-08-07 07:41:14,227] {processor.py:641} INFO - Processing file /Users/pro/Documents/a_env/proj_data/lib/python3.7/site-packages/airflow/example_dags/example_xcom.py for tasks to queue
[2022-08-07 07:41:14,228] {logging_mixin.py:115} INFO - [2022-08-07 07:41:14,228] {dagbag.py:508} INFO - Filling up the DagBag from /Users/pro/Documents/a_env/proj_data/lib/python3.7/site-packages/airflow/example_dags/example_xcom.py
[2022-08-07 07:41:14,252] {processor.py:651} INFO - DAG(s) dict_keys(['example_xcom']) retrieved from /Users/pro/Documents/a_env/proj_data/lib/python3.7/site-packages/airflow/example_dags/example_xcom.py
[2022-08-07 07:41:14,275] {logging_mixin.py:115} INFO - [2022-08-07 07:41:14,275] {dag.py:2420} INFO - Sync 1 DAGs
[2022-08-07 07:41:14,297] {logging_mixin.py:115} INFO - [2022-08-07 07:41:14,297] {dag.py:2972} INFO - Setting next_dagrun for example_xcom to 2021-01-01T00:00:00+00:00, run_after=2021-01-01T00:00:00+00:00
[2022-08-07 07:41:14,313] {processor.py:161} INFO - Processing /Users/pro/Documents/a_env/proj_data/lib/python3.7/site-packages/airflow/example_dags/example_xcom.py took 0.093 seconds
[2022-08-07 07:41:47,583] {processor.py:153} INFO - Started process (PID=92339) to work on /Users/pro/Documents/a_env/proj_data/lib/python3.7/site-packages/airflow/example_dags/example_xcom.py
[2022-08-07 07:41:47,585] {processor.py:641} INFO - Processing file /Users/pro/Documents/a_env/proj_data/lib/python3.7/site-packages/airflow/example_dags/example_xcom.py for tasks to queue
[2022-08-07 07:41:47,586] {logging_mixin.py:115} INFO - [2022-08-07 07:41:47,586] {dagbag.py:508} INFO - Filling up the DagBag from /Users/pro/Documents/a_env/proj_data/lib/python3.7/site-packages/airflow/example_dags/example_xcom.py
[2022-08-07 07:41:47,614] {processor.py:651} INFO - DAG(s) dict_keys(['example_xcom']) retrieved from /Users/pro/Documents/a_env/proj_data/lib/python3.7/site-packages/airflow/example_dags/example_xcom.py
[2022-08-07 07:41:47,681] {logging_mixin.py:115} INFO - [2022-08-07 07:41:47,680] {dag.py:2420} INFO - Sync 1 DAGs
[2022-08-07 07:41:47,703] {logging_mixin.py:115} INFO - [2022-08-07 07:41:47,702] {dag.py:2972} INFO - Setting next_dagrun for example_xcom to 2021-01-01T00:00:00+00:00, run_after=2021-01-01T00:00:00+00:00
[2022-08-07 07:41:47,719] {processor.py:161} INFO - Processing /Users/pro/Documents/a_env/proj_data/lib/python3.7/site-packages/airflow/example_dags/example_xcom.py took 0.141 seconds
[2022-08-07 07:42:22,671] {processor.py:153} INFO - Started process (PID=92374) to work on /Users/pro/Documents/a_env/proj_data/lib/python3.7/site-packages/airflow/example_dags/example_xcom.py
[2022-08-07 07:42:22,672] {processor.py:641} INFO - Processing file /Users/pro/Documents/a_env/proj_data/lib/python3.7/site-packages/airflow/example_dags/example_xcom.py for tasks to queue
[2022-08-07 07:42:22,673] {logging_mixin.py:115} INFO - [2022-08-07 07:42:22,672] {dagbag.py:508} INFO - Filling up the DagBag from /Users/pro/Documents/a_env/proj_data/lib/python3.7/site-packages/airflow/example_dags/example_xcom.py
[2022-08-07 07:42:22,698] {processor.py:651} INFO - DAG(s) dict_keys(['example_xcom']) retrieved from /Users/pro/Documents/a_env/proj_data/lib/python3.7/site-packages/airflow/example_dags/example_xcom.py
[2022-08-07 07:42:22,720] {logging_mixin.py:115} INFO - [2022-08-07 07:42:22,719] {dag.py:2420} INFO - Sync 1 DAGs
[2022-08-07 07:42:22,738] {logging_mixin.py:115} INFO - [2022-08-07 07:42:22,737] {dag.py:2972} INFO - Setting next_dagrun for example_xcom to 2021-01-01T00:00:00+00:00, run_after=2021-01-01T00:00:00+00:00
[2022-08-07 07:42:22,751] {processor.py:161} INFO - Processing /Users/pro/Documents/a_env/proj_data/lib/python3.7/site-packages/airflow/example_dags/example_xcom.py took 0.084 seconds
[2022-08-07 07:42:57,183] {processor.py:153} INFO - Started process (PID=92412) to work on /Users/pro/Documents/a_env/proj_data/lib/python3.7/site-packages/airflow/example_dags/example_xcom.py
[2022-08-07 07:42:57,185] {processor.py:641} INFO - Processing file /Users/pro/Documents/a_env/proj_data/lib/python3.7/site-packages/airflow/example_dags/example_xcom.py for tasks to queue
[2022-08-07 07:42:57,186] {logging_mixin.py:115} INFO - [2022-08-07 07:42:57,186] {dagbag.py:508} INFO - Filling up the DagBag from /Users/pro/Documents/a_env/proj_data/lib/python3.7/site-packages/airflow/example_dags/example_xcom.py
[2022-08-07 07:42:57,212] {processor.py:651} INFO - DAG(s) dict_keys(['example_xcom']) retrieved from /Users/pro/Documents/a_env/proj_data/lib/python3.7/site-packages/airflow/example_dags/example_xcom.py
[2022-08-07 07:42:57,276] {logging_mixin.py:115} INFO - [2022-08-07 07:42:57,276] {dag.py:2420} INFO - Sync 1 DAGs
[2022-08-07 07:42:57,294] {logging_mixin.py:115} INFO - [2022-08-07 07:42:57,293] {dag.py:2972} INFO - Setting next_dagrun for example_xcom to 2021-01-01T00:00:00+00:00, run_after=2021-01-01T00:00:00+00:00
[2022-08-07 07:42:57,310] {processor.py:161} INFO - Processing /Users/pro/Documents/a_env/proj_data/lib/python3.7/site-packages/airflow/example_dags/example_xcom.py took 0.131 seconds
[2022-08-07 07:43:28,941] {processor.py:153} INFO - Started process (PID=92445) to work on /Users/pro/Documents/a_env/proj_data/lib/python3.7/site-packages/airflow/example_dags/example_xcom.py
[2022-08-07 07:43:28,943] {processor.py:641} INFO - Processing file /Users/pro/Documents/a_env/proj_data/lib/python3.7/site-packages/airflow/example_dags/example_xcom.py for tasks to queue
[2022-08-07 07:43:28,944] {logging_mixin.py:115} INFO - [2022-08-07 07:43:28,944] {dagbag.py:508} INFO - Filling up the DagBag from /Users/pro/Documents/a_env/proj_data/lib/python3.7/site-packages/airflow/example_dags/example_xcom.py
[2022-08-07 07:43:28,967] {processor.py:651} INFO - DAG(s) dict_keys(['example_xcom']) retrieved from /Users/pro/Documents/a_env/proj_data/lib/python3.7/site-packages/airflow/example_dags/example_xcom.py
[2022-08-07 07:43:28,991] {logging_mixin.py:115} INFO - [2022-08-07 07:43:28,991] {dag.py:2420} INFO - Sync 1 DAGs
[2022-08-07 07:43:29,012] {logging_mixin.py:115} INFO - [2022-08-07 07:43:29,012] {dag.py:2972} INFO - Setting next_dagrun for example_xcom to 2021-01-01T00:00:00+00:00, run_after=2021-01-01T00:00:00+00:00
[2022-08-07 07:43:29,026] {processor.py:161} INFO - Processing /Users/pro/Documents/a_env/proj_data/lib/python3.7/site-packages/airflow/example_dags/example_xcom.py took 0.090 seconds
[2022-08-07 07:44:01,399] {processor.py:153} INFO - Started process (PID=92496) to work on /Users/pro/Documents/a_env/proj_data/lib/python3.7/site-packages/airflow/example_dags/example_xcom.py
[2022-08-07 07:44:01,400] {processor.py:641} INFO - Processing file /Users/pro/Documents/a_env/proj_data/lib/python3.7/site-packages/airflow/example_dags/example_xcom.py for tasks to queue
[2022-08-07 07:44:01,401] {logging_mixin.py:115} INFO - [2022-08-07 07:44:01,401] {dagbag.py:508} INFO - Filling up the DagBag from /Users/pro/Documents/a_env/proj_data/lib/python3.7/site-packages/airflow/example_dags/example_xcom.py
[2022-08-07 07:44:01,430] {processor.py:651} INFO - DAG(s) dict_keys(['example_xcom']) retrieved from /Users/pro/Documents/a_env/proj_data/lib/python3.7/site-packages/airflow/example_dags/example_xcom.py
[2022-08-07 07:44:01,498] {logging_mixin.py:115} INFO - [2022-08-07 07:44:01,497] {dag.py:2420} INFO - Sync 1 DAGs
[2022-08-07 07:44:01,516] {logging_mixin.py:115} INFO - [2022-08-07 07:44:01,516] {dag.py:2972} INFO - Setting next_dagrun for example_xcom to 2021-01-01T00:00:00+00:00, run_after=2021-01-01T00:00:00+00:00
[2022-08-07 07:44:01,533] {processor.py:161} INFO - Processing /Users/pro/Documents/a_env/proj_data/lib/python3.7/site-packages/airflow/example_dags/example_xcom.py took 0.138 seconds
[2022-08-07 07:44:33,053] {processor.py:153} INFO - Started process (PID=92530) to work on /Users/pro/Documents/a_env/proj_data/lib/python3.7/site-packages/airflow/example_dags/example_xcom.py
[2022-08-07 07:44:33,055] {processor.py:641} INFO - Processing file /Users/pro/Documents/a_env/proj_data/lib/python3.7/site-packages/airflow/example_dags/example_xcom.py for tasks to queue
[2022-08-07 07:44:33,057] {logging_mixin.py:115} INFO - [2022-08-07 07:44:33,056] {dagbag.py:508} INFO - Filling up the DagBag from /Users/pro/Documents/a_env/proj_data/lib/python3.7/site-packages/airflow/example_dags/example_xcom.py
[2022-08-07 07:44:33,088] {processor.py:651} INFO - DAG(s) dict_keys(['example_xcom']) retrieved from /Users/pro/Documents/a_env/proj_data/lib/python3.7/site-packages/airflow/example_dags/example_xcom.py
[2022-08-07 07:44:33,111] {logging_mixin.py:115} INFO - [2022-08-07 07:44:33,110] {dag.py:2420} INFO - Sync 1 DAGs
[2022-08-07 07:44:33,129] {logging_mixin.py:115} INFO - [2022-08-07 07:44:33,129] {dag.py:2972} INFO - Setting next_dagrun for example_xcom to 2021-01-01T00:00:00+00:00, run_after=2021-01-01T00:00:00+00:00
[2022-08-07 07:44:33,141] {processor.py:161} INFO - Processing /Users/pro/Documents/a_env/proj_data/lib/python3.7/site-packages/airflow/example_dags/example_xcom.py took 0.094 seconds
[2022-08-07 07:45:08,332] {processor.py:153} INFO - Started process (PID=92568) to work on /Users/pro/Documents/a_env/proj_data/lib/python3.7/site-packages/airflow/example_dags/example_xcom.py
[2022-08-07 07:45:08,333] {processor.py:641} INFO - Processing file /Users/pro/Documents/a_env/proj_data/lib/python3.7/site-packages/airflow/example_dags/example_xcom.py for tasks to queue
[2022-08-07 07:45:08,334] {logging_mixin.py:115} INFO - [2022-08-07 07:45:08,334] {dagbag.py:508} INFO - Filling up the DagBag from /Users/pro/Documents/a_env/proj_data/lib/python3.7/site-packages/airflow/example_dags/example_xcom.py
[2022-08-07 07:45:08,362] {processor.py:651} INFO - DAG(s) dict_keys(['example_xcom']) retrieved from /Users/pro/Documents/a_env/proj_data/lib/python3.7/site-packages/airflow/example_dags/example_xcom.py
[2022-08-07 07:45:08,431] {logging_mixin.py:115} INFO - [2022-08-07 07:45:08,430] {dag.py:2420} INFO - Sync 1 DAGs
[2022-08-07 07:45:08,450] {logging_mixin.py:115} INFO - [2022-08-07 07:45:08,450] {dag.py:2972} INFO - Setting next_dagrun for example_xcom to 2021-01-01T00:00:00+00:00, run_after=2021-01-01T00:00:00+00:00
[2022-08-07 07:45:08,467] {processor.py:161} INFO - Processing /Users/pro/Documents/a_env/proj_data/lib/python3.7/site-packages/airflow/example_dags/example_xcom.py took 0.140 seconds
[2022-08-07 07:45:42,566] {processor.py:153} INFO - Started process (PID=92602) to work on /Users/pro/Documents/a_env/proj_data/lib/python3.7/site-packages/airflow/example_dags/example_xcom.py
[2022-08-07 07:45:42,567] {processor.py:641} INFO - Processing file /Users/pro/Documents/a_env/proj_data/lib/python3.7/site-packages/airflow/example_dags/example_xcom.py for tasks to queue
[2022-08-07 07:45:42,568] {logging_mixin.py:115} INFO - [2022-08-07 07:45:42,568] {dagbag.py:508} INFO - Filling up the DagBag from /Users/pro/Documents/a_env/proj_data/lib/python3.7/site-packages/airflow/example_dags/example_xcom.py
[2022-08-07 07:45:42,594] {processor.py:651} INFO - DAG(s) dict_keys(['example_xcom']) retrieved from /Users/pro/Documents/a_env/proj_data/lib/python3.7/site-packages/airflow/example_dags/example_xcom.py
[2022-08-07 07:45:42,614] {logging_mixin.py:115} INFO - [2022-08-07 07:45:42,613] {dag.py:2420} INFO - Sync 1 DAGs
[2022-08-07 07:45:42,632] {logging_mixin.py:115} INFO - [2022-08-07 07:45:42,632] {dag.py:2972} INFO - Setting next_dagrun for example_xcom to 2021-01-01T00:00:00+00:00, run_after=2021-01-01T00:00:00+00:00
[2022-08-07 07:45:42,646] {processor.py:161} INFO - Processing /Users/pro/Documents/a_env/proj_data/lib/python3.7/site-packages/airflow/example_dags/example_xcom.py took 0.084 seconds
[2022-08-07 07:46:16,909] {processor.py:153} INFO - Started process (PID=92638) to work on /Users/pro/Documents/a_env/proj_data/lib/python3.7/site-packages/airflow/example_dags/example_xcom.py
[2022-08-07 07:46:16,910] {processor.py:641} INFO - Processing file /Users/pro/Documents/a_env/proj_data/lib/python3.7/site-packages/airflow/example_dags/example_xcom.py for tasks to queue
[2022-08-07 07:46:16,912] {logging_mixin.py:115} INFO - [2022-08-07 07:46:16,911] {dagbag.py:508} INFO - Filling up the DagBag from /Users/pro/Documents/a_env/proj_data/lib/python3.7/site-packages/airflow/example_dags/example_xcom.py
[2022-08-07 07:46:16,941] {processor.py:651} INFO - DAG(s) dict_keys(['example_xcom']) retrieved from /Users/pro/Documents/a_env/proj_data/lib/python3.7/site-packages/airflow/example_dags/example_xcom.py
[2022-08-07 07:46:16,960] {logging_mixin.py:115} INFO - [2022-08-07 07:46:16,960] {dag.py:2420} INFO - Sync 1 DAGs
[2022-08-07 07:46:16,981] {logging_mixin.py:115} INFO - [2022-08-07 07:46:16,980] {dag.py:2972} INFO - Setting next_dagrun for example_xcom to 2021-01-01T00:00:00+00:00, run_after=2021-01-01T00:00:00+00:00
[2022-08-07 07:46:16,993] {processor.py:161} INFO - Processing /Users/pro/Documents/a_env/proj_data/lib/python3.7/site-packages/airflow/example_dags/example_xcom.py took 0.090 seconds
[2022-08-07 07:46:50,642] {processor.py:153} INFO - Started process (PID=92673) to work on /Users/pro/Documents/a_env/proj_data/lib/python3.7/site-packages/airflow/example_dags/example_xcom.py
[2022-08-07 07:46:50,643] {processor.py:641} INFO - Processing file /Users/pro/Documents/a_env/proj_data/lib/python3.7/site-packages/airflow/example_dags/example_xcom.py for tasks to queue
[2022-08-07 07:46:50,644] {logging_mixin.py:115} INFO - [2022-08-07 07:46:50,644] {dagbag.py:508} INFO - Filling up the DagBag from /Users/pro/Documents/a_env/proj_data/lib/python3.7/site-packages/airflow/example_dags/example_xcom.py
[2022-08-07 07:46:50,671] {processor.py:651} INFO - DAG(s) dict_keys(['example_xcom']) retrieved from /Users/pro/Documents/a_env/proj_data/lib/python3.7/site-packages/airflow/example_dags/example_xcom.py
[2022-08-07 07:46:50,690] {logging_mixin.py:115} INFO - [2022-08-07 07:46:50,689] {dag.py:2420} INFO - Sync 1 DAGs
[2022-08-07 07:46:50,709] {logging_mixin.py:115} INFO - [2022-08-07 07:46:50,709] {dag.py:2972} INFO - Setting next_dagrun for example_xcom to 2021-01-01T00:00:00+00:00, run_after=2021-01-01T00:00:00+00:00
[2022-08-07 07:46:50,721] {processor.py:161} INFO - Processing /Users/pro/Documents/a_env/proj_data/lib/python3.7/site-packages/airflow/example_dags/example_xcom.py took 0.084 seconds
[2022-08-07 07:47:24,517] {processor.py:153} INFO - Started process (PID=92707) to work on /Users/pro/Documents/a_env/proj_data/lib/python3.7/site-packages/airflow/example_dags/example_xcom.py
[2022-08-07 07:47:24,519] {processor.py:641} INFO - Processing file /Users/pro/Documents/a_env/proj_data/lib/python3.7/site-packages/airflow/example_dags/example_xcom.py for tasks to queue
[2022-08-07 07:47:24,521] {logging_mixin.py:115} INFO - [2022-08-07 07:47:24,520] {dagbag.py:508} INFO - Filling up the DagBag from /Users/pro/Documents/a_env/proj_data/lib/python3.7/site-packages/airflow/example_dags/example_xcom.py
[2022-08-07 07:47:24,549] {processor.py:651} INFO - DAG(s) dict_keys(['example_xcom']) retrieved from /Users/pro/Documents/a_env/proj_data/lib/python3.7/site-packages/airflow/example_dags/example_xcom.py
[2022-08-07 07:47:24,573] {logging_mixin.py:115} INFO - [2022-08-07 07:47:24,573] {dag.py:2420} INFO - Sync 1 DAGs
[2022-08-07 07:47:24,593] {logging_mixin.py:115} INFO - [2022-08-07 07:47:24,592] {dag.py:2972} INFO - Setting next_dagrun for example_xcom to 2021-01-01T00:00:00+00:00, run_after=2021-01-01T00:00:00+00:00
[2022-08-07 07:47:24,605] {processor.py:161} INFO - Processing /Users/pro/Documents/a_env/proj_data/lib/python3.7/site-packages/airflow/example_dags/example_xcom.py took 0.094 seconds
[2022-08-07 07:47:57,257] {processor.py:153} INFO - Started process (PID=92747) to work on /Users/pro/Documents/a_env/proj_data/lib/python3.7/site-packages/airflow/example_dags/example_xcom.py
[2022-08-07 07:47:57,258] {processor.py:641} INFO - Processing file /Users/pro/Documents/a_env/proj_data/lib/python3.7/site-packages/airflow/example_dags/example_xcom.py for tasks to queue
[2022-08-07 07:47:57,259] {logging_mixin.py:115} INFO - [2022-08-07 07:47:57,259] {dagbag.py:508} INFO - Filling up the DagBag from /Users/pro/Documents/a_env/proj_data/lib/python3.7/site-packages/airflow/example_dags/example_xcom.py
[2022-08-07 07:47:57,294] {processor.py:651} INFO - DAG(s) dict_keys(['example_xcom']) retrieved from /Users/pro/Documents/a_env/proj_data/lib/python3.7/site-packages/airflow/example_dags/example_xcom.py
[2022-08-07 07:47:57,323] {logging_mixin.py:115} INFO - [2022-08-07 07:47:57,323] {dag.py:2420} INFO - Sync 1 DAGs
[2022-08-07 07:47:57,349] {logging_mixin.py:115} INFO - [2022-08-07 07:47:57,348] {dag.py:2972} INFO - Setting next_dagrun for example_xcom to 2021-01-01T00:00:00+00:00, run_after=2021-01-01T00:00:00+00:00
[2022-08-07 07:47:57,365] {processor.py:161} INFO - Processing /Users/pro/Documents/a_env/proj_data/lib/python3.7/site-packages/airflow/example_dags/example_xcom.py took 0.113 seconds
[2022-08-07 07:48:31,319] {processor.py:153} INFO - Started process (PID=92785) to work on /Users/pro/Documents/a_env/proj_data/lib/python3.7/site-packages/airflow/example_dags/example_xcom.py
[2022-08-07 07:48:31,320] {processor.py:641} INFO - Processing file /Users/pro/Documents/a_env/proj_data/lib/python3.7/site-packages/airflow/example_dags/example_xcom.py for tasks to queue
[2022-08-07 07:48:31,321] {logging_mixin.py:115} INFO - [2022-08-07 07:48:31,320] {dagbag.py:508} INFO - Filling up the DagBag from /Users/pro/Documents/a_env/proj_data/lib/python3.7/site-packages/airflow/example_dags/example_xcom.py
[2022-08-07 07:48:31,347] {processor.py:651} INFO - DAG(s) dict_keys(['example_xcom']) retrieved from /Users/pro/Documents/a_env/proj_data/lib/python3.7/site-packages/airflow/example_dags/example_xcom.py
[2022-08-07 07:48:31,366] {logging_mixin.py:115} INFO - [2022-08-07 07:48:31,366] {dag.py:2420} INFO - Sync 1 DAGs
[2022-08-07 07:48:31,387] {logging_mixin.py:115} INFO - [2022-08-07 07:48:31,387] {dag.py:2972} INFO - Setting next_dagrun for example_xcom to 2021-01-01T00:00:00+00:00, run_after=2021-01-01T00:00:00+00:00
[2022-08-07 07:48:31,401] {processor.py:161} INFO - Processing /Users/pro/Documents/a_env/proj_data/lib/python3.7/site-packages/airflow/example_dags/example_xcom.py took 0.086 seconds
[2022-08-07 07:49:02,316] {processor.py:153} INFO - Started process (PID=92817) to work on /Users/pro/Documents/a_env/proj_data/lib/python3.7/site-packages/airflow/example_dags/example_xcom.py
[2022-08-07 07:49:02,316] {processor.py:641} INFO - Processing file /Users/pro/Documents/a_env/proj_data/lib/python3.7/site-packages/airflow/example_dags/example_xcom.py for tasks to queue
[2022-08-07 07:49:02,317] {logging_mixin.py:115} INFO - [2022-08-07 07:49:02,317] {dagbag.py:508} INFO - Filling up the DagBag from /Users/pro/Documents/a_env/proj_data/lib/python3.7/site-packages/airflow/example_dags/example_xcom.py
[2022-08-07 07:49:02,348] {processor.py:651} INFO - DAG(s) dict_keys(['example_xcom']) retrieved from /Users/pro/Documents/a_env/proj_data/lib/python3.7/site-packages/airflow/example_dags/example_xcom.py
[2022-08-07 07:49:02,409] {logging_mixin.py:115} INFO - [2022-08-07 07:49:02,408] {dag.py:2420} INFO - Sync 1 DAGs
[2022-08-07 07:49:02,425] {logging_mixin.py:115} INFO - [2022-08-07 07:49:02,425] {dag.py:2972} INFO - Setting next_dagrun for example_xcom to 2021-01-01T00:00:00+00:00, run_after=2021-01-01T00:00:00+00:00
[2022-08-07 07:49:02,440] {processor.py:161} INFO - Processing /Users/pro/Documents/a_env/proj_data/lib/python3.7/site-packages/airflow/example_dags/example_xcom.py took 0.128 seconds
[2022-08-07 07:49:34,273] {processor.py:153} INFO - Started process (PID=92856) to work on /Users/pro/Documents/a_env/proj_data/lib/python3.7/site-packages/airflow/example_dags/example_xcom.py
[2022-08-07 07:49:34,275] {processor.py:641} INFO - Processing file /Users/pro/Documents/a_env/proj_data/lib/python3.7/site-packages/airflow/example_dags/example_xcom.py for tasks to queue
[2022-08-07 07:49:34,276] {logging_mixin.py:115} INFO - [2022-08-07 07:49:34,276] {dagbag.py:508} INFO - Filling up the DagBag from /Users/pro/Documents/a_env/proj_data/lib/python3.7/site-packages/airflow/example_dags/example_xcom.py
[2022-08-07 07:49:34,308] {processor.py:651} INFO - DAG(s) dict_keys(['example_xcom']) retrieved from /Users/pro/Documents/a_env/proj_data/lib/python3.7/site-packages/airflow/example_dags/example_xcom.py
[2022-08-07 07:49:34,329] {logging_mixin.py:115} INFO - [2022-08-07 07:49:34,329] {dag.py:2420} INFO - Sync 1 DAGs
[2022-08-07 07:49:34,348] {logging_mixin.py:115} INFO - [2022-08-07 07:49:34,348] {dag.py:2972} INFO - Setting next_dagrun for example_xcom to 2021-01-01T00:00:00+00:00, run_after=2021-01-01T00:00:00+00:00
[2022-08-07 07:49:34,362] {processor.py:161} INFO - Processing /Users/pro/Documents/a_env/proj_data/lib/python3.7/site-packages/airflow/example_dags/example_xcom.py took 0.092 seconds
[2022-08-07 07:50:08,268] {processor.py:153} INFO - Started process (PID=92892) to work on /Users/pro/Documents/a_env/proj_data/lib/python3.7/site-packages/airflow/example_dags/example_xcom.py
[2022-08-07 07:50:08,270] {processor.py:641} INFO - Processing file /Users/pro/Documents/a_env/proj_data/lib/python3.7/site-packages/airflow/example_dags/example_xcom.py for tasks to queue
[2022-08-07 07:50:08,271] {logging_mixin.py:115} INFO - [2022-08-07 07:50:08,270] {dagbag.py:508} INFO - Filling up the DagBag from /Users/pro/Documents/a_env/proj_data/lib/python3.7/site-packages/airflow/example_dags/example_xcom.py
[2022-08-07 07:50:08,298] {processor.py:651} INFO - DAG(s) dict_keys(['example_xcom']) retrieved from /Users/pro/Documents/a_env/proj_data/lib/python3.7/site-packages/airflow/example_dags/example_xcom.py
[2022-08-07 07:50:08,317] {logging_mixin.py:115} INFO - [2022-08-07 07:50:08,317] {dag.py:2420} INFO - Sync 1 DAGs
[2022-08-07 07:50:08,335] {logging_mixin.py:115} INFO - [2022-08-07 07:50:08,335] {dag.py:2972} INFO - Setting next_dagrun for example_xcom to 2021-01-01T00:00:00+00:00, run_after=2021-01-01T00:00:00+00:00
[2022-08-07 07:50:08,347] {processor.py:161} INFO - Processing /Users/pro/Documents/a_env/proj_data/lib/python3.7/site-packages/airflow/example_dags/example_xcom.py took 0.084 seconds
[2022-08-07 07:50:41,715] {processor.py:153} INFO - Started process (PID=92927) to work on /Users/pro/Documents/a_env/proj_data/lib/python3.7/site-packages/airflow/example_dags/example_xcom.py
[2022-08-07 07:50:41,716] {processor.py:641} INFO - Processing file /Users/pro/Documents/a_env/proj_data/lib/python3.7/site-packages/airflow/example_dags/example_xcom.py for tasks to queue
[2022-08-07 07:50:41,718] {logging_mixin.py:115} INFO - [2022-08-07 07:50:41,718] {dagbag.py:508} INFO - Filling up the DagBag from /Users/pro/Documents/a_env/proj_data/lib/python3.7/site-packages/airflow/example_dags/example_xcom.py
[2022-08-07 07:50:41,745] {processor.py:651} INFO - DAG(s) dict_keys(['example_xcom']) retrieved from /Users/pro/Documents/a_env/proj_data/lib/python3.7/site-packages/airflow/example_dags/example_xcom.py
[2022-08-07 07:50:41,765] {logging_mixin.py:115} INFO - [2022-08-07 07:50:41,764] {dag.py:2420} INFO - Sync 1 DAGs
[2022-08-07 07:50:41,783] {logging_mixin.py:115} INFO - [2022-08-07 07:50:41,783] {dag.py:2972} INFO - Setting next_dagrun for example_xcom to 2021-01-01T00:00:00+00:00, run_after=2021-01-01T00:00:00+00:00
[2022-08-07 07:50:41,796] {processor.py:161} INFO - Processing /Users/pro/Documents/a_env/proj_data/lib/python3.7/site-packages/airflow/example_dags/example_xcom.py took 0.086 seconds
[2022-08-07 07:51:15,642] {processor.py:153} INFO - Started process (PID=92962) to work on /Users/pro/Documents/a_env/proj_data/lib/python3.7/site-packages/airflow/example_dags/example_xcom.py
[2022-08-07 07:51:15,644] {processor.py:641} INFO - Processing file /Users/pro/Documents/a_env/proj_data/lib/python3.7/site-packages/airflow/example_dags/example_xcom.py for tasks to queue
[2022-08-07 07:51:15,645] {logging_mixin.py:115} INFO - [2022-08-07 07:51:15,644] {dagbag.py:508} INFO - Filling up the DagBag from /Users/pro/Documents/a_env/proj_data/lib/python3.7/site-packages/airflow/example_dags/example_xcom.py
[2022-08-07 07:51:15,671] {processor.py:651} INFO - DAG(s) dict_keys(['example_xcom']) retrieved from /Users/pro/Documents/a_env/proj_data/lib/python3.7/site-packages/airflow/example_dags/example_xcom.py
[2022-08-07 07:51:15,689] {logging_mixin.py:115} INFO - [2022-08-07 07:51:15,688] {dag.py:2420} INFO - Sync 1 DAGs
[2022-08-07 07:51:15,706] {logging_mixin.py:115} INFO - [2022-08-07 07:51:15,705] {dag.py:2972} INFO - Setting next_dagrun for example_xcom to 2021-01-01T00:00:00+00:00, run_after=2021-01-01T00:00:00+00:00
[2022-08-07 07:51:15,720] {processor.py:161} INFO - Processing /Users/pro/Documents/a_env/proj_data/lib/python3.7/site-packages/airflow/example_dags/example_xcom.py took 0.082 seconds
[2022-08-07 07:51:48,332] {processor.py:153} INFO - Started process (PID=92996) to work on /Users/pro/Documents/a_env/proj_data/lib/python3.7/site-packages/airflow/example_dags/example_xcom.py
[2022-08-07 07:51:48,332] {processor.py:641} INFO - Processing file /Users/pro/Documents/a_env/proj_data/lib/python3.7/site-packages/airflow/example_dags/example_xcom.py for tasks to queue
[2022-08-07 07:51:48,333] {logging_mixin.py:115} INFO - [2022-08-07 07:51:48,333] {dagbag.py:508} INFO - Filling up the DagBag from /Users/pro/Documents/a_env/proj_data/lib/python3.7/site-packages/airflow/example_dags/example_xcom.py
[2022-08-07 07:51:48,358] {processor.py:651} INFO - DAG(s) dict_keys(['example_xcom']) retrieved from /Users/pro/Documents/a_env/proj_data/lib/python3.7/site-packages/airflow/example_dags/example_xcom.py
[2022-08-07 07:51:48,379] {logging_mixin.py:115} INFO - [2022-08-07 07:51:48,378] {dag.py:2420} INFO - Sync 1 DAGs
[2022-08-07 07:51:48,396] {logging_mixin.py:115} INFO - [2022-08-07 07:51:48,395] {dag.py:2972} INFO - Setting next_dagrun for example_xcom to 2021-01-01T00:00:00+00:00, run_after=2021-01-01T00:00:00+00:00
[2022-08-07 07:51:48,409] {processor.py:161} INFO - Processing /Users/pro/Documents/a_env/proj_data/lib/python3.7/site-packages/airflow/example_dags/example_xcom.py took 0.082 seconds
[2022-08-07 07:52:21,650] {processor.py:153} INFO - Started process (PID=93030) to work on /Users/pro/Documents/a_env/proj_data/lib/python3.7/site-packages/airflow/example_dags/example_xcom.py
[2022-08-07 07:52:21,652] {processor.py:641} INFO - Processing file /Users/pro/Documents/a_env/proj_data/lib/python3.7/site-packages/airflow/example_dags/example_xcom.py for tasks to queue
[2022-08-07 07:52:21,653] {logging_mixin.py:115} INFO - [2022-08-07 07:52:21,652] {dagbag.py:508} INFO - Filling up the DagBag from /Users/pro/Documents/a_env/proj_data/lib/python3.7/site-packages/airflow/example_dags/example_xcom.py
[2022-08-07 07:52:21,678] {processor.py:651} INFO - DAG(s) dict_keys(['example_xcom']) retrieved from /Users/pro/Documents/a_env/proj_data/lib/python3.7/site-packages/airflow/example_dags/example_xcom.py
[2022-08-07 07:52:21,696] {logging_mixin.py:115} INFO - [2022-08-07 07:52:21,695] {dag.py:2420} INFO - Sync 1 DAGs
[2022-08-07 07:52:21,714] {logging_mixin.py:115} INFO - [2022-08-07 07:52:21,713] {dag.py:2972} INFO - Setting next_dagrun for example_xcom to 2021-01-01T00:00:00+00:00, run_after=2021-01-01T00:00:00+00:00
[2022-08-07 07:52:21,727] {processor.py:161} INFO - Processing /Users/pro/Documents/a_env/proj_data/lib/python3.7/site-packages/airflow/example_dags/example_xcom.py took 0.081 seconds
[2022-08-07 07:52:54,407] {processor.py:153} INFO - Started process (PID=93066) to work on /Users/pro/Documents/a_env/proj_data/lib/python3.7/site-packages/airflow/example_dags/example_xcom.py
[2022-08-07 07:52:54,408] {processor.py:641} INFO - Processing file /Users/pro/Documents/a_env/proj_data/lib/python3.7/site-packages/airflow/example_dags/example_xcom.py for tasks to queue
[2022-08-07 07:52:54,409] {logging_mixin.py:115} INFO - [2022-08-07 07:52:54,409] {dagbag.py:508} INFO - Filling up the DagBag from /Users/pro/Documents/a_env/proj_data/lib/python3.7/site-packages/airflow/example_dags/example_xcom.py
[2022-08-07 07:52:54,444] {processor.py:651} INFO - DAG(s) dict_keys(['example_xcom']) retrieved from /Users/pro/Documents/a_env/proj_data/lib/python3.7/site-packages/airflow/example_dags/example_xcom.py
[2022-08-07 07:52:54,470] {logging_mixin.py:115} INFO - [2022-08-07 07:52:54,470] {dag.py:2420} INFO - Sync 1 DAGs
[2022-08-07 07:52:54,494] {logging_mixin.py:115} INFO - [2022-08-07 07:52:54,493] {dag.py:2972} INFO - Setting next_dagrun for example_xcom to 2021-01-01T00:00:00+00:00, run_after=2021-01-01T00:00:00+00:00
[2022-08-07 07:52:54,508] {processor.py:161} INFO - Processing /Users/pro/Documents/a_env/proj_data/lib/python3.7/site-packages/airflow/example_dags/example_xcom.py took 0.108 seconds
[2022-08-07 07:53:27,284] {processor.py:153} INFO - Started process (PID=93112) to work on /Users/pro/Documents/a_env/proj_data/lib/python3.7/site-packages/airflow/example_dags/example_xcom.py
[2022-08-07 07:53:27,284] {processor.py:641} INFO - Processing file /Users/pro/Documents/a_env/proj_data/lib/python3.7/site-packages/airflow/example_dags/example_xcom.py for tasks to queue
[2022-08-07 07:53:27,285] {logging_mixin.py:115} INFO - [2022-08-07 07:53:27,285] {dagbag.py:508} INFO - Filling up the DagBag from /Users/pro/Documents/a_env/proj_data/lib/python3.7/site-packages/airflow/example_dags/example_xcom.py
[2022-08-07 07:53:27,313] {processor.py:651} INFO - DAG(s) dict_keys(['example_xcom']) retrieved from /Users/pro/Documents/a_env/proj_data/lib/python3.7/site-packages/airflow/example_dags/example_xcom.py
[2022-08-07 07:53:27,332] {logging_mixin.py:115} INFO - [2022-08-07 07:53:27,332] {dag.py:2420} INFO - Sync 1 DAGs
[2022-08-07 07:53:27,350] {logging_mixin.py:115} INFO - [2022-08-07 07:53:27,350] {dag.py:2972} INFO - Setting next_dagrun for example_xcom to 2021-01-01T00:00:00+00:00, run_after=2021-01-01T00:00:00+00:00
[2022-08-07 07:53:27,363] {processor.py:161} INFO - Processing /Users/pro/Documents/a_env/proj_data/lib/python3.7/site-packages/airflow/example_dags/example_xcom.py took 0.084 seconds
[2022-08-07 07:54:01,344] {processor.py:153} INFO - Started process (PID=93161) to work on /Users/pro/Documents/a_env/proj_data/lib/python3.7/site-packages/airflow/example_dags/example_xcom.py
[2022-08-07 07:54:01,346] {processor.py:641} INFO - Processing file /Users/pro/Documents/a_env/proj_data/lib/python3.7/site-packages/airflow/example_dags/example_xcom.py for tasks to queue
[2022-08-07 07:54:01,347] {logging_mixin.py:115} INFO - [2022-08-07 07:54:01,347] {dagbag.py:508} INFO - Filling up the DagBag from /Users/pro/Documents/a_env/proj_data/lib/python3.7/site-packages/airflow/example_dags/example_xcom.py
[2022-08-07 07:54:01,376] {processor.py:651} INFO - DAG(s) dict_keys(['example_xcom']) retrieved from /Users/pro/Documents/a_env/proj_data/lib/python3.7/site-packages/airflow/example_dags/example_xcom.py
[2022-08-07 07:54:01,438] {logging_mixin.py:115} INFO - [2022-08-07 07:54:01,438] {dag.py:2420} INFO - Sync 1 DAGs
[2022-08-07 07:54:01,454] {logging_mixin.py:115} INFO - [2022-08-07 07:54:01,453] {dag.py:2972} INFO - Setting next_dagrun for example_xcom to 2021-01-01T00:00:00+00:00, run_after=2021-01-01T00:00:00+00:00
[2022-08-07 07:54:01,468] {processor.py:161} INFO - Processing /Users/pro/Documents/a_env/proj_data/lib/python3.7/site-packages/airflow/example_dags/example_xcom.py took 0.128 seconds
[2022-08-07 07:54:35,254] {processor.py:153} INFO - Started process (PID=93200) to work on /Users/pro/Documents/a_env/proj_data/lib/python3.7/site-packages/airflow/example_dags/example_xcom.py
[2022-08-07 07:54:35,255] {processor.py:641} INFO - Processing file /Users/pro/Documents/a_env/proj_data/lib/python3.7/site-packages/airflow/example_dags/example_xcom.py for tasks to queue
[2022-08-07 07:54:35,256] {logging_mixin.py:115} INFO - [2022-08-07 07:54:35,256] {dagbag.py:508} INFO - Filling up the DagBag from /Users/pro/Documents/a_env/proj_data/lib/python3.7/site-packages/airflow/example_dags/example_xcom.py
[2022-08-07 07:54:35,285] {processor.py:651} INFO - DAG(s) dict_keys(['example_xcom']) retrieved from /Users/pro/Documents/a_env/proj_data/lib/python3.7/site-packages/airflow/example_dags/example_xcom.py
[2022-08-07 07:54:35,343] {logging_mixin.py:115} INFO - [2022-08-07 07:54:35,343] {dag.py:2420} INFO - Sync 1 DAGs
[2022-08-07 07:54:35,361] {logging_mixin.py:115} INFO - [2022-08-07 07:54:35,360] {dag.py:2972} INFO - Setting next_dagrun for example_xcom to 2021-01-01T00:00:00+00:00, run_after=2021-01-01T00:00:00+00:00
[2022-08-07 07:54:35,374] {processor.py:161} INFO - Processing /Users/pro/Documents/a_env/proj_data/lib/python3.7/site-packages/airflow/example_dags/example_xcom.py took 0.125 seconds
[2022-08-07 07:55:06,380] {processor.py:153} INFO - Started process (PID=93236) to work on /Users/pro/Documents/a_env/proj_data/lib/python3.7/site-packages/airflow/example_dags/example_xcom.py
[2022-08-07 07:55:06,381] {processor.py:641} INFO - Processing file /Users/pro/Documents/a_env/proj_data/lib/python3.7/site-packages/airflow/example_dags/example_xcom.py for tasks to queue
[2022-08-07 07:55:06,383] {logging_mixin.py:115} INFO - [2022-08-07 07:55:06,382] {dagbag.py:508} INFO - Filling up the DagBag from /Users/pro/Documents/a_env/proj_data/lib/python3.7/site-packages/airflow/example_dags/example_xcom.py
[2022-08-07 07:55:06,412] {processor.py:651} INFO - DAG(s) dict_keys(['example_xcom']) retrieved from /Users/pro/Documents/a_env/proj_data/lib/python3.7/site-packages/airflow/example_dags/example_xcom.py
[2022-08-07 07:55:06,474] {logging_mixin.py:115} INFO - [2022-08-07 07:55:06,474] {dag.py:2420} INFO - Sync 1 DAGs
[2022-08-07 07:55:06,497] {logging_mixin.py:115} INFO - [2022-08-07 07:55:06,496] {dag.py:2972} INFO - Setting next_dagrun for example_xcom to 2021-01-01T00:00:00+00:00, run_after=2021-01-01T00:00:00+00:00
[2022-08-07 07:55:06,519] {processor.py:161} INFO - Processing /Users/pro/Documents/a_env/proj_data/lib/python3.7/site-packages/airflow/example_dags/example_xcom.py took 0.144 seconds
[2022-08-07 07:55:38,525] {processor.py:153} INFO - Started process (PID=93268) to work on /Users/pro/Documents/a_env/proj_data/lib/python3.7/site-packages/airflow/example_dags/example_xcom.py
[2022-08-07 07:55:38,526] {processor.py:641} INFO - Processing file /Users/pro/Documents/a_env/proj_data/lib/python3.7/site-packages/airflow/example_dags/example_xcom.py for tasks to queue
[2022-08-07 07:55:38,527] {logging_mixin.py:115} INFO - [2022-08-07 07:55:38,527] {dagbag.py:508} INFO - Filling up the DagBag from /Users/pro/Documents/a_env/proj_data/lib/python3.7/site-packages/airflow/example_dags/example_xcom.py
[2022-08-07 07:55:38,556] {processor.py:651} INFO - DAG(s) dict_keys(['example_xcom']) retrieved from /Users/pro/Documents/a_env/proj_data/lib/python3.7/site-packages/airflow/example_dags/example_xcom.py
[2022-08-07 07:55:38,622] {logging_mixin.py:115} INFO - [2022-08-07 07:55:38,621] {dag.py:2420} INFO - Sync 1 DAGs
[2022-08-07 07:55:38,637] {logging_mixin.py:115} INFO - [2022-08-07 07:55:38,637] {dag.py:2972} INFO - Setting next_dagrun for example_xcom to 2021-01-01T00:00:00+00:00, run_after=2021-01-01T00:00:00+00:00
[2022-08-07 07:55:38,651] {processor.py:161} INFO - Processing /Users/pro/Documents/a_env/proj_data/lib/python3.7/site-packages/airflow/example_dags/example_xcom.py took 0.130 seconds
[2022-08-07 07:56:14,492] {processor.py:153} INFO - Started process (PID=93303) to work on /Users/pro/Documents/a_env/proj_data/lib/python3.7/site-packages/airflow/example_dags/example_xcom.py
[2022-08-07 07:56:14,493] {processor.py:641} INFO - Processing file /Users/pro/Documents/a_env/proj_data/lib/python3.7/site-packages/airflow/example_dags/example_xcom.py for tasks to queue
[2022-08-07 07:56:14,494] {logging_mixin.py:115} INFO - [2022-08-07 07:56:14,494] {dagbag.py:508} INFO - Filling up the DagBag from /Users/pro/Documents/a_env/proj_data/lib/python3.7/site-packages/airflow/example_dags/example_xcom.py
[2022-08-07 07:56:14,523] {processor.py:651} INFO - DAG(s) dict_keys(['example_xcom']) retrieved from /Users/pro/Documents/a_env/proj_data/lib/python3.7/site-packages/airflow/example_dags/example_xcom.py
[2022-08-07 07:56:14,591] {logging_mixin.py:115} INFO - [2022-08-07 07:56:14,591] {dag.py:2420} INFO - Sync 1 DAGs
[2022-08-07 07:56:14,607] {logging_mixin.py:115} INFO - [2022-08-07 07:56:14,607] {dag.py:2972} INFO - Setting next_dagrun for example_xcom to 2021-01-01T00:00:00+00:00, run_after=2021-01-01T00:00:00+00:00
[2022-08-07 07:56:14,622] {processor.py:161} INFO - Processing /Users/pro/Documents/a_env/proj_data/lib/python3.7/site-packages/airflow/example_dags/example_xcom.py took 0.134 seconds
[2022-08-07 07:56:48,933] {processor.py:153} INFO - Started process (PID=93338) to work on /Users/pro/Documents/a_env/proj_data/lib/python3.7/site-packages/airflow/example_dags/example_xcom.py
[2022-08-07 07:56:48,934] {processor.py:641} INFO - Processing file /Users/pro/Documents/a_env/proj_data/lib/python3.7/site-packages/airflow/example_dags/example_xcom.py for tasks to queue
[2022-08-07 07:56:48,935] {logging_mixin.py:115} INFO - [2022-08-07 07:56:48,935] {dagbag.py:508} INFO - Filling up the DagBag from /Users/pro/Documents/a_env/proj_data/lib/python3.7/site-packages/airflow/example_dags/example_xcom.py
[2022-08-07 07:56:48,963] {processor.py:651} INFO - DAG(s) dict_keys(['example_xcom']) retrieved from /Users/pro/Documents/a_env/proj_data/lib/python3.7/site-packages/airflow/example_dags/example_xcom.py
[2022-08-07 07:56:49,032] {logging_mixin.py:115} INFO - [2022-08-07 07:56:49,031] {dag.py:2420} INFO - Sync 1 DAGs
[2022-08-07 07:56:49,050] {logging_mixin.py:115} INFO - [2022-08-07 07:56:49,050] {dag.py:2972} INFO - Setting next_dagrun for example_xcom to 2021-01-01T00:00:00+00:00, run_after=2021-01-01T00:00:00+00:00
[2022-08-07 07:56:49,064] {processor.py:161} INFO - Processing /Users/pro/Documents/a_env/proj_data/lib/python3.7/site-packages/airflow/example_dags/example_xcom.py took 0.135 seconds
[2022-08-07 07:57:21,958] {processor.py:153} INFO - Started process (PID=93376) to work on /Users/pro/Documents/a_env/proj_data/lib/python3.7/site-packages/airflow/example_dags/example_xcom.py
[2022-08-07 07:57:21,959] {processor.py:641} INFO - Processing file /Users/pro/Documents/a_env/proj_data/lib/python3.7/site-packages/airflow/example_dags/example_xcom.py for tasks to queue
[2022-08-07 07:57:21,960] {logging_mixin.py:115} INFO - [2022-08-07 07:57:21,960] {dagbag.py:508} INFO - Filling up the DagBag from /Users/pro/Documents/a_env/proj_data/lib/python3.7/site-packages/airflow/example_dags/example_xcom.py
[2022-08-07 07:57:21,988] {processor.py:651} INFO - DAG(s) dict_keys(['example_xcom']) retrieved from /Users/pro/Documents/a_env/proj_data/lib/python3.7/site-packages/airflow/example_dags/example_xcom.py
[2022-08-07 07:57:22,006] {logging_mixin.py:115} INFO - [2022-08-07 07:57:22,006] {dag.py:2420} INFO - Sync 1 DAGs
[2022-08-07 07:57:22,025] {logging_mixin.py:115} INFO - [2022-08-07 07:57:22,025] {dag.py:2972} INFO - Setting next_dagrun for example_xcom to 2021-01-01T00:00:00+00:00, run_after=2021-01-01T00:00:00+00:00
[2022-08-07 07:57:22,039] {processor.py:161} INFO - Processing /Users/pro/Documents/a_env/proj_data/lib/python3.7/site-packages/airflow/example_dags/example_xcom.py took 0.086 seconds
[2022-08-07 07:57:54,833] {processor.py:153} INFO - Started process (PID=93416) to work on /Users/pro/Documents/a_env/proj_data/lib/python3.7/site-packages/airflow/example_dags/example_xcom.py
[2022-08-07 07:57:54,834] {processor.py:641} INFO - Processing file /Users/pro/Documents/a_env/proj_data/lib/python3.7/site-packages/airflow/example_dags/example_xcom.py for tasks to queue
[2022-08-07 07:57:54,835] {logging_mixin.py:115} INFO - [2022-08-07 07:57:54,835] {dagbag.py:508} INFO - Filling up the DagBag from /Users/pro/Documents/a_env/proj_data/lib/python3.7/site-packages/airflow/example_dags/example_xcom.py
[2022-08-07 07:57:54,860] {processor.py:651} INFO - DAG(s) dict_keys(['example_xcom']) retrieved from /Users/pro/Documents/a_env/proj_data/lib/python3.7/site-packages/airflow/example_dags/example_xcom.py
[2022-08-07 07:57:54,914] {logging_mixin.py:115} INFO - [2022-08-07 07:57:54,914] {dag.py:2420} INFO - Sync 1 DAGs
[2022-08-07 07:57:54,929] {logging_mixin.py:115} INFO - [2022-08-07 07:57:54,928] {dag.py:2972} INFO - Setting next_dagrun for example_xcom to 2021-01-01T00:00:00+00:00, run_after=2021-01-01T00:00:00+00:00
[2022-08-07 07:57:54,941] {processor.py:161} INFO - Processing /Users/pro/Documents/a_env/proj_data/lib/python3.7/site-packages/airflow/example_dags/example_xcom.py took 0.113 seconds
[2022-08-07 07:58:30,932] {processor.py:153} INFO - Started process (PID=93457) to work on /Users/pro/Documents/a_env/proj_data/lib/python3.7/site-packages/airflow/example_dags/example_xcom.py
[2022-08-07 07:58:30,934] {processor.py:641} INFO - Processing file /Users/pro/Documents/a_env/proj_data/lib/python3.7/site-packages/airflow/example_dags/example_xcom.py for tasks to queue
[2022-08-07 07:58:30,935] {logging_mixin.py:115} INFO - [2022-08-07 07:58:30,934] {dagbag.py:508} INFO - Filling up the DagBag from /Users/pro/Documents/a_env/proj_data/lib/python3.7/site-packages/airflow/example_dags/example_xcom.py
[2022-08-07 07:58:30,961] {processor.py:651} INFO - DAG(s) dict_keys(['example_xcom']) retrieved from /Users/pro/Documents/a_env/proj_data/lib/python3.7/site-packages/airflow/example_dags/example_xcom.py
[2022-08-07 07:58:31,019] {logging_mixin.py:115} INFO - [2022-08-07 07:58:31,019] {dag.py:2420} INFO - Sync 1 DAGs
[2022-08-07 07:58:31,035] {logging_mixin.py:115} INFO - [2022-08-07 07:58:31,035] {dag.py:2972} INFO - Setting next_dagrun for example_xcom to 2021-01-01T00:00:00+00:00, run_after=2021-01-01T00:00:00+00:00
[2022-08-07 07:58:31,048] {processor.py:161} INFO - Processing /Users/pro/Documents/a_env/proj_data/lib/python3.7/site-packages/airflow/example_dags/example_xcom.py took 0.120 seconds
[2022-08-07 07:59:03,465] {processor.py:153} INFO - Started process (PID=93491) to work on /Users/pro/Documents/a_env/proj_data/lib/python3.7/site-packages/airflow/example_dags/example_xcom.py
[2022-08-07 07:59:03,466] {processor.py:641} INFO - Processing file /Users/pro/Documents/a_env/proj_data/lib/python3.7/site-packages/airflow/example_dags/example_xcom.py for tasks to queue
[2022-08-07 07:59:03,467] {logging_mixin.py:115} INFO - [2022-08-07 07:59:03,467] {dagbag.py:508} INFO - Filling up the DagBag from /Users/pro/Documents/a_env/proj_data/lib/python3.7/site-packages/airflow/example_dags/example_xcom.py
[2022-08-07 07:59:03,492] {processor.py:651} INFO - DAG(s) dict_keys(['example_xcom']) retrieved from /Users/pro/Documents/a_env/proj_data/lib/python3.7/site-packages/airflow/example_dags/example_xcom.py
[2022-08-07 07:59:03,548] {logging_mixin.py:115} INFO - [2022-08-07 07:59:03,547] {dag.py:2420} INFO - Sync 1 DAGs
[2022-08-07 07:59:03,562] {logging_mixin.py:115} INFO - [2022-08-07 07:59:03,562] {dag.py:2972} INFO - Setting next_dagrun for example_xcom to 2021-01-01T00:00:00+00:00, run_after=2021-01-01T00:00:00+00:00
[2022-08-07 07:59:03,578] {processor.py:161} INFO - Processing /Users/pro/Documents/a_env/proj_data/lib/python3.7/site-packages/airflow/example_dags/example_xcom.py took 0.117 seconds
[2022-08-07 07:59:34,532] {processor.py:153} INFO - Started process (PID=93525) to work on /Users/pro/Documents/a_env/proj_data/lib/python3.7/site-packages/airflow/example_dags/example_xcom.py
[2022-08-07 07:59:34,534] {processor.py:641} INFO - Processing file /Users/pro/Documents/a_env/proj_data/lib/python3.7/site-packages/airflow/example_dags/example_xcom.py for tasks to queue
[2022-08-07 07:59:34,535] {logging_mixin.py:115} INFO - [2022-08-07 07:59:34,534] {dagbag.py:508} INFO - Filling up the DagBag from /Users/pro/Documents/a_env/proj_data/lib/python3.7/site-packages/airflow/example_dags/example_xcom.py
[2022-08-07 07:59:34,560] {processor.py:651} INFO - DAG(s) dict_keys(['example_xcom']) retrieved from /Users/pro/Documents/a_env/proj_data/lib/python3.7/site-packages/airflow/example_dags/example_xcom.py
[2022-08-07 07:59:34,584] {logging_mixin.py:115} INFO - [2022-08-07 07:59:34,584] {dag.py:2420} INFO - Sync 1 DAGs
[2022-08-07 07:59:34,605] {logging_mixin.py:115} INFO - [2022-08-07 07:59:34,604] {dag.py:2972} INFO - Setting next_dagrun for example_xcom to 2021-01-01T00:00:00+00:00, run_after=2021-01-01T00:00:00+00:00
[2022-08-07 07:59:34,617] {processor.py:161} INFO - Processing /Users/pro/Documents/a_env/proj_data/lib/python3.7/site-packages/airflow/example_dags/example_xcom.py took 0.089 seconds
