[2022-08-06 21:09:41,774] {processor.py:153} INFO - Started process (PID=91542) to work on /Users/pro/Documents/a_env/proj_data/lib/python3.7/site-packages/airflow/example_dags/example_trigger_controller_dag.py
[2022-08-06 21:09:41,775] {processor.py:641} INFO - Processing file /Users/pro/Documents/a_env/proj_data/lib/python3.7/site-packages/airflow/example_dags/example_trigger_controller_dag.py for tasks to queue
[2022-08-06 21:09:41,776] {logging_mixin.py:115} INFO - [2022-08-06 21:09:41,776] {dagbag.py:508} INFO - Filling up the DagBag from /Users/pro/Documents/a_env/proj_data/lib/python3.7/site-packages/airflow/example_dags/example_trigger_controller_dag.py
[2022-08-06 21:09:41,782] {processor.py:651} INFO - DAG(s) dict_keys(['example_trigger_controller_dag']) retrieved from /Users/pro/Documents/a_env/proj_data/lib/python3.7/site-packages/airflow/example_dags/example_trigger_controller_dag.py
[2022-08-06 21:09:41,802] {logging_mixin.py:115} INFO - [2022-08-06 21:09:41,801] {dag.py:2420} INFO - Sync 1 DAGs
[2022-08-06 21:09:41,820] {logging_mixin.py:115} INFO - [2022-08-06 21:09:41,819] {dag.py:2972} INFO - Setting next_dagrun for example_trigger_controller_dag to 2021-01-01T00:00:00+00:00, run_after=2021-01-01T00:00:00+00:00
[2022-08-06 21:09:41,832] {processor.py:161} INFO - Processing /Users/pro/Documents/a_env/proj_data/lib/python3.7/site-packages/airflow/example_dags/example_trigger_controller_dag.py took 0.062 seconds
[2022-08-06 21:10:18,004] {processor.py:153} INFO - Started process (PID=91589) to work on /Users/pro/Documents/a_env/proj_data/lib/python3.7/site-packages/airflow/example_dags/example_trigger_controller_dag.py
[2022-08-06 21:10:18,006] {processor.py:641} INFO - Processing file /Users/pro/Documents/a_env/proj_data/lib/python3.7/site-packages/airflow/example_dags/example_trigger_controller_dag.py for tasks to queue
[2022-08-06 21:10:18,008] {logging_mixin.py:115} INFO - [2022-08-06 21:10:18,007] {dagbag.py:508} INFO - Filling up the DagBag from /Users/pro/Documents/a_env/proj_data/lib/python3.7/site-packages/airflow/example_dags/example_trigger_controller_dag.py
[2022-08-06 21:10:18,014] {processor.py:651} INFO - DAG(s) dict_keys(['example_trigger_controller_dag']) retrieved from /Users/pro/Documents/a_env/proj_data/lib/python3.7/site-packages/airflow/example_dags/example_trigger_controller_dag.py
[2022-08-06 21:10:18,036] {logging_mixin.py:115} INFO - [2022-08-06 21:10:18,036] {dag.py:2420} INFO - Sync 1 DAGs
[2022-08-06 21:10:18,054] {logging_mixin.py:115} INFO - [2022-08-06 21:10:18,054] {dag.py:2972} INFO - Setting next_dagrun for example_trigger_controller_dag to 2021-01-01T00:00:00+00:00, run_after=2021-01-01T00:00:00+00:00
[2022-08-06 21:10:18,068] {processor.py:161} INFO - Processing /Users/pro/Documents/a_env/proj_data/lib/python3.7/site-packages/airflow/example_dags/example_trigger_controller_dag.py took 0.068 seconds
[2022-08-06 21:10:52,720] {processor.py:153} INFO - Started process (PID=91636) to work on /Users/pro/Documents/a_env/proj_data/lib/python3.7/site-packages/airflow/example_dags/example_trigger_controller_dag.py
[2022-08-06 21:10:52,721] {processor.py:641} INFO - Processing file /Users/pro/Documents/a_env/proj_data/lib/python3.7/site-packages/airflow/example_dags/example_trigger_controller_dag.py for tasks to queue
[2022-08-06 21:10:52,723] {logging_mixin.py:115} INFO - [2022-08-06 21:10:52,722] {dagbag.py:508} INFO - Filling up the DagBag from /Users/pro/Documents/a_env/proj_data/lib/python3.7/site-packages/airflow/example_dags/example_trigger_controller_dag.py
[2022-08-06 21:10:52,729] {processor.py:651} INFO - DAG(s) dict_keys(['example_trigger_controller_dag']) retrieved from /Users/pro/Documents/a_env/proj_data/lib/python3.7/site-packages/airflow/example_dags/example_trigger_controller_dag.py
[2022-08-06 21:10:52,748] {logging_mixin.py:115} INFO - [2022-08-06 21:10:52,748] {dag.py:2420} INFO - Sync 1 DAGs
[2022-08-06 21:10:52,767] {logging_mixin.py:115} INFO - [2022-08-06 21:10:52,767] {dag.py:2972} INFO - Setting next_dagrun for example_trigger_controller_dag to 2021-01-01T00:00:00+00:00, run_after=2021-01-01T00:00:00+00:00
[2022-08-06 21:10:52,780] {processor.py:161} INFO - Processing /Users/pro/Documents/a_env/proj_data/lib/python3.7/site-packages/airflow/example_dags/example_trigger_controller_dag.py took 0.063 seconds
[2022-08-06 21:11:28,083] {processor.py:153} INFO - Started process (PID=91680) to work on /Users/pro/Documents/a_env/proj_data/lib/python3.7/site-packages/airflow/example_dags/example_trigger_controller_dag.py
[2022-08-06 21:11:28,085] {processor.py:641} INFO - Processing file /Users/pro/Documents/a_env/proj_data/lib/python3.7/site-packages/airflow/example_dags/example_trigger_controller_dag.py for tasks to queue
[2022-08-06 21:11:28,086] {logging_mixin.py:115} INFO - [2022-08-06 21:11:28,086] {dagbag.py:508} INFO - Filling up the DagBag from /Users/pro/Documents/a_env/proj_data/lib/python3.7/site-packages/airflow/example_dags/example_trigger_controller_dag.py
[2022-08-06 21:11:28,092] {processor.py:651} INFO - DAG(s) dict_keys(['example_trigger_controller_dag']) retrieved from /Users/pro/Documents/a_env/proj_data/lib/python3.7/site-packages/airflow/example_dags/example_trigger_controller_dag.py
[2022-08-06 21:11:28,119] {logging_mixin.py:115} INFO - [2022-08-06 21:11:28,119] {dag.py:2420} INFO - Sync 1 DAGs
[2022-08-06 21:11:28,147] {logging_mixin.py:115} INFO - [2022-08-06 21:11:28,146] {dag.py:2972} INFO - Setting next_dagrun for example_trigger_controller_dag to 2021-01-01T00:00:00+00:00, run_after=2021-01-01T00:00:00+00:00
[2022-08-06 21:11:28,164] {processor.py:161} INFO - Processing /Users/pro/Documents/a_env/proj_data/lib/python3.7/site-packages/airflow/example_dags/example_trigger_controller_dag.py took 0.085 seconds
[2022-08-06 22:03:09,732] {processor.py:153} INFO - Started process (PID=91749) to work on /Users/pro/Documents/a_env/proj_data/lib/python3.7/site-packages/airflow/example_dags/example_trigger_controller_dag.py
[2022-08-06 22:03:09,734] {processor.py:641} INFO - Processing file /Users/pro/Documents/a_env/proj_data/lib/python3.7/site-packages/airflow/example_dags/example_trigger_controller_dag.py for tasks to queue
[2022-08-06 22:03:09,735] {logging_mixin.py:115} INFO - [2022-08-06 22:03:09,734] {dagbag.py:508} INFO - Filling up the DagBag from /Users/pro/Documents/a_env/proj_data/lib/python3.7/site-packages/airflow/example_dags/example_trigger_controller_dag.py
[2022-08-06 22:03:09,740] {processor.py:651} INFO - DAG(s) dict_keys(['example_trigger_controller_dag']) retrieved from /Users/pro/Documents/a_env/proj_data/lib/python3.7/site-packages/airflow/example_dags/example_trigger_controller_dag.py
[2022-08-06 22:03:09,764] {logging_mixin.py:115} INFO - [2022-08-06 22:03:09,763] {dag.py:2420} INFO - Sync 1 DAGs
[2022-08-06 22:03:09,785] {logging_mixin.py:115} INFO - [2022-08-06 22:03:09,784] {dag.py:2972} INFO - Setting next_dagrun for example_trigger_controller_dag to 2021-01-01T00:00:00+00:00, run_after=2021-01-01T00:00:00+00:00
[2022-08-06 22:03:09,800] {processor.py:161} INFO - Processing /Users/pro/Documents/a_env/proj_data/lib/python3.7/site-packages/airflow/example_dags/example_trigger_controller_dag.py took 0.074 seconds
[2022-08-06 23:51:16,730] {processor.py:153} INFO - Started process (PID=91806) to work on /Users/pro/Documents/a_env/proj_data/lib/python3.7/site-packages/airflow/example_dags/example_trigger_controller_dag.py
[2022-08-06 23:51:16,731] {processor.py:641} INFO - Processing file /Users/pro/Documents/a_env/proj_data/lib/python3.7/site-packages/airflow/example_dags/example_trigger_controller_dag.py for tasks to queue
[2022-08-06 23:51:16,732] {logging_mixin.py:115} INFO - [2022-08-06 23:51:16,731] {dagbag.py:508} INFO - Filling up the DagBag from /Users/pro/Documents/a_env/proj_data/lib/python3.7/site-packages/airflow/example_dags/example_trigger_controller_dag.py
[2022-08-06 23:51:16,737] {processor.py:651} INFO - DAG(s) dict_keys(['example_trigger_controller_dag']) retrieved from /Users/pro/Documents/a_env/proj_data/lib/python3.7/site-packages/airflow/example_dags/example_trigger_controller_dag.py
[2022-08-06 23:51:16,759] {logging_mixin.py:115} INFO - [2022-08-06 23:51:16,758] {dag.py:2420} INFO - Sync 1 DAGs
[2022-08-06 23:51:16,781] {logging_mixin.py:115} INFO - [2022-08-06 23:51:16,781] {dag.py:2972} INFO - Setting next_dagrun for example_trigger_controller_dag to 2021-01-01T00:00:00+00:00, run_after=2021-01-01T00:00:00+00:00
[2022-08-06 23:51:16,796] {processor.py:161} INFO - Processing /Users/pro/Documents/a_env/proj_data/lib/python3.7/site-packages/airflow/example_dags/example_trigger_controller_dag.py took 0.071 seconds
[2022-08-07 03:14:56,339] {processor.py:153} INFO - Started process (PID=91886) to work on /Users/pro/Documents/a_env/proj_data/lib/python3.7/site-packages/airflow/example_dags/example_trigger_controller_dag.py
[2022-08-07 03:14:56,341] {processor.py:641} INFO - Processing file /Users/pro/Documents/a_env/proj_data/lib/python3.7/site-packages/airflow/example_dags/example_trigger_controller_dag.py for tasks to queue
[2022-08-07 03:14:56,342] {logging_mixin.py:115} INFO - [2022-08-07 03:14:56,341] {dagbag.py:508} INFO - Filling up the DagBag from /Users/pro/Documents/a_env/proj_data/lib/python3.7/site-packages/airflow/example_dags/example_trigger_controller_dag.py
[2022-08-07 03:14:56,347] {processor.py:651} INFO - DAG(s) dict_keys(['example_trigger_controller_dag']) retrieved from /Users/pro/Documents/a_env/proj_data/lib/python3.7/site-packages/airflow/example_dags/example_trigger_controller_dag.py
[2022-08-07 03:14:56,366] {logging_mixin.py:115} INFO - [2022-08-07 03:14:56,366] {dag.py:2420} INFO - Sync 1 DAGs
[2022-08-07 03:14:56,386] {logging_mixin.py:115} INFO - [2022-08-07 03:14:56,386] {dag.py:2972} INFO - Setting next_dagrun for example_trigger_controller_dag to 2021-01-01T00:00:00+00:00, run_after=2021-01-01T00:00:00+00:00
[2022-08-07 03:14:56,398] {processor.py:161} INFO - Processing /Users/pro/Documents/a_env/proj_data/lib/python3.7/site-packages/airflow/example_dags/example_trigger_controller_dag.py took 0.063 seconds
[2022-08-07 04:20:54,219] {processor.py:153} INFO - Started process (PID=91969) to work on /Users/pro/Documents/a_env/proj_data/lib/python3.7/site-packages/airflow/example_dags/example_trigger_controller_dag.py
[2022-08-07 04:20:54,245] {processor.py:641} INFO - Processing file /Users/pro/Documents/a_env/proj_data/lib/python3.7/site-packages/airflow/example_dags/example_trigger_controller_dag.py for tasks to queue
[2022-08-07 04:20:54,246] {logging_mixin.py:115} INFO - [2022-08-07 04:20:54,246] {dagbag.py:508} INFO - Filling up the DagBag from /Users/pro/Documents/a_env/proj_data/lib/python3.7/site-packages/airflow/example_dags/example_trigger_controller_dag.py
[2022-08-07 04:20:54,277] {processor.py:651} INFO - DAG(s) dict_keys(['example_trigger_controller_dag']) retrieved from /Users/pro/Documents/a_env/proj_data/lib/python3.7/site-packages/airflow/example_dags/example_trigger_controller_dag.py
[2022-08-07 04:20:54,307] {logging_mixin.py:115} INFO - [2022-08-07 04:20:54,306] {dag.py:2420} INFO - Sync 1 DAGs
[2022-08-07 04:20:54,327] {logging_mixin.py:115} INFO - [2022-08-07 04:20:54,326] {dag.py:2972} INFO - Setting next_dagrun for example_trigger_controller_dag to 2021-01-01T00:00:00+00:00, run_after=2021-01-01T00:00:00+00:00
[2022-08-07 04:20:54,339] {processor.py:161} INFO - Processing /Users/pro/Documents/a_env/proj_data/lib/python3.7/site-packages/airflow/example_dags/example_trigger_controller_dag.py took 0.125 seconds
[2022-08-07 07:38:55,399] {processor.py:153} INFO - Started process (PID=92068) to work on /Users/pro/Documents/a_env/proj_data/lib/python3.7/site-packages/airflow/example_dags/example_trigger_controller_dag.py
[2022-08-07 07:38:55,400] {processor.py:641} INFO - Processing file /Users/pro/Documents/a_env/proj_data/lib/python3.7/site-packages/airflow/example_dags/example_trigger_controller_dag.py for tasks to queue
[2022-08-07 07:38:55,401] {logging_mixin.py:115} INFO - [2022-08-07 07:38:55,401] {dagbag.py:508} INFO - Filling up the DagBag from /Users/pro/Documents/a_env/proj_data/lib/python3.7/site-packages/airflow/example_dags/example_trigger_controller_dag.py
[2022-08-07 07:38:55,407] {processor.py:651} INFO - DAG(s) dict_keys(['example_trigger_controller_dag']) retrieved from /Users/pro/Documents/a_env/proj_data/lib/python3.7/site-packages/airflow/example_dags/example_trigger_controller_dag.py
[2022-08-07 07:38:55,440] {logging_mixin.py:115} INFO - [2022-08-07 07:38:55,439] {dag.py:2420} INFO - Sync 1 DAGs
[2022-08-07 07:38:55,467] {logging_mixin.py:115} INFO - [2022-08-07 07:38:55,466] {dag.py:2972} INFO - Setting next_dagrun for example_trigger_controller_dag to 2021-01-01T00:00:00+00:00, run_after=2021-01-01T00:00:00+00:00
[2022-08-07 07:38:55,484] {processor.py:161} INFO - Processing /Users/pro/Documents/a_env/proj_data/lib/python3.7/site-packages/airflow/example_dags/example_trigger_controller_dag.py took 0.090 seconds
[2022-08-07 07:39:30,590] {processor.py:153} INFO - Started process (PID=92109) to work on /Users/pro/Documents/a_env/proj_data/lib/python3.7/site-packages/airflow/example_dags/example_trigger_controller_dag.py
[2022-08-07 07:39:30,592] {processor.py:641} INFO - Processing file /Users/pro/Documents/a_env/proj_data/lib/python3.7/site-packages/airflow/example_dags/example_trigger_controller_dag.py for tasks to queue
[2022-08-07 07:39:30,593] {logging_mixin.py:115} INFO - [2022-08-07 07:39:30,592] {dagbag.py:508} INFO - Filling up the DagBag from /Users/pro/Documents/a_env/proj_data/lib/python3.7/site-packages/airflow/example_dags/example_trigger_controller_dag.py
[2022-08-07 07:39:30,598] {processor.py:651} INFO - DAG(s) dict_keys(['example_trigger_controller_dag']) retrieved from /Users/pro/Documents/a_env/proj_data/lib/python3.7/site-packages/airflow/example_dags/example_trigger_controller_dag.py
[2022-08-07 07:39:30,620] {logging_mixin.py:115} INFO - [2022-08-07 07:39:30,620] {dag.py:2420} INFO - Sync 1 DAGs
[2022-08-07 07:39:30,640] {logging_mixin.py:115} INFO - [2022-08-07 07:39:30,640] {dag.py:2972} INFO - Setting next_dagrun for example_trigger_controller_dag to 2021-01-01T00:00:00+00:00, run_after=2021-01-01T00:00:00+00:00
[2022-08-07 07:39:30,655] {processor.py:161} INFO - Processing /Users/pro/Documents/a_env/proj_data/lib/python3.7/site-packages/airflow/example_dags/example_trigger_controller_dag.py took 0.070 seconds
[2022-08-07 07:40:05,784] {processor.py:153} INFO - Started process (PID=92190) to work on /Users/pro/Documents/a_env/proj_data/lib/python3.7/site-packages/airflow/example_dags/example_trigger_controller_dag.py
[2022-08-07 07:40:05,785] {processor.py:641} INFO - Processing file /Users/pro/Documents/a_env/proj_data/lib/python3.7/site-packages/airflow/example_dags/example_trigger_controller_dag.py for tasks to queue
[2022-08-07 07:40:05,787] {logging_mixin.py:115} INFO - [2022-08-07 07:40:05,786] {dagbag.py:508} INFO - Filling up the DagBag from /Users/pro/Documents/a_env/proj_data/lib/python3.7/site-packages/airflow/example_dags/example_trigger_controller_dag.py
[2022-08-07 07:40:05,794] {processor.py:651} INFO - DAG(s) dict_keys(['example_trigger_controller_dag']) retrieved from /Users/pro/Documents/a_env/proj_data/lib/python3.7/site-packages/airflow/example_dags/example_trigger_controller_dag.py
[2022-08-07 07:40:05,819] {logging_mixin.py:115} INFO - [2022-08-07 07:40:05,819] {dag.py:2420} INFO - Sync 1 DAGs
[2022-08-07 07:40:05,848] {logging_mixin.py:115} INFO - [2022-08-07 07:40:05,848] {dag.py:2972} INFO - Setting next_dagrun for example_trigger_controller_dag to 2021-01-01T00:00:00+00:00, run_after=2021-01-01T00:00:00+00:00
[2022-08-07 07:40:05,863] {processor.py:161} INFO - Processing /Users/pro/Documents/a_env/proj_data/lib/python3.7/site-packages/airflow/example_dags/example_trigger_controller_dag.py took 0.086 seconds
[2022-08-07 07:40:41,061] {processor.py:153} INFO - Started process (PID=92250) to work on /Users/pro/Documents/a_env/proj_data/lib/python3.7/site-packages/airflow/example_dags/example_trigger_controller_dag.py
[2022-08-07 07:40:41,063] {processor.py:641} INFO - Processing file /Users/pro/Documents/a_env/proj_data/lib/python3.7/site-packages/airflow/example_dags/example_trigger_controller_dag.py for tasks to queue
[2022-08-07 07:40:41,064] {logging_mixin.py:115} INFO - [2022-08-07 07:40:41,064] {dagbag.py:508} INFO - Filling up the DagBag from /Users/pro/Documents/a_env/proj_data/lib/python3.7/site-packages/airflow/example_dags/example_trigger_controller_dag.py
[2022-08-07 07:40:41,069] {processor.py:651} INFO - DAG(s) dict_keys(['example_trigger_controller_dag']) retrieved from /Users/pro/Documents/a_env/proj_data/lib/python3.7/site-packages/airflow/example_dags/example_trigger_controller_dag.py
[2022-08-07 07:40:41,090] {logging_mixin.py:115} INFO - [2022-08-07 07:40:41,089] {dag.py:2420} INFO - Sync 1 DAGs
[2022-08-07 07:40:41,114] {logging_mixin.py:115} INFO - [2022-08-07 07:40:41,113] {dag.py:2972} INFO - Setting next_dagrun for example_trigger_controller_dag to 2021-01-01T00:00:00+00:00, run_after=2021-01-01T00:00:00+00:00
[2022-08-07 07:40:41,129] {processor.py:161} INFO - Processing /Users/pro/Documents/a_env/proj_data/lib/python3.7/site-packages/airflow/example_dags/example_trigger_controller_dag.py took 0.072 seconds
[2022-08-07 07:41:17,170] {processor.py:153} INFO - Started process (PID=92298) to work on /Users/pro/Documents/a_env/proj_data/lib/python3.7/site-packages/airflow/example_dags/example_trigger_controller_dag.py
[2022-08-07 07:41:17,171] {processor.py:641} INFO - Processing file /Users/pro/Documents/a_env/proj_data/lib/python3.7/site-packages/airflow/example_dags/example_trigger_controller_dag.py for tasks to queue
[2022-08-07 07:41:17,172] {logging_mixin.py:115} INFO - [2022-08-07 07:41:17,172] {dagbag.py:508} INFO - Filling up the DagBag from /Users/pro/Documents/a_env/proj_data/lib/python3.7/site-packages/airflow/example_dags/example_trigger_controller_dag.py
[2022-08-07 07:41:17,179] {processor.py:651} INFO - DAG(s) dict_keys(['example_trigger_controller_dag']) retrieved from /Users/pro/Documents/a_env/proj_data/lib/python3.7/site-packages/airflow/example_dags/example_trigger_controller_dag.py
[2022-08-07 07:41:17,206] {logging_mixin.py:115} INFO - [2022-08-07 07:41:17,206] {dag.py:2420} INFO - Sync 1 DAGs
[2022-08-07 07:41:17,234] {logging_mixin.py:115} INFO - [2022-08-07 07:41:17,234] {dag.py:2972} INFO - Setting next_dagrun for example_trigger_controller_dag to 2021-01-01T00:00:00+00:00, run_after=2021-01-01T00:00:00+00:00
[2022-08-07 07:41:17,248] {processor.py:161} INFO - Processing /Users/pro/Documents/a_env/proj_data/lib/python3.7/site-packages/airflow/example_dags/example_trigger_controller_dag.py took 0.083 seconds
[2022-08-07 07:41:49,970] {processor.py:153} INFO - Started process (PID=92341) to work on /Users/pro/Documents/a_env/proj_data/lib/python3.7/site-packages/airflow/example_dags/example_trigger_controller_dag.py
[2022-08-07 07:41:49,971] {processor.py:641} INFO - Processing file /Users/pro/Documents/a_env/proj_data/lib/python3.7/site-packages/airflow/example_dags/example_trigger_controller_dag.py for tasks to queue
[2022-08-07 07:41:49,972] {logging_mixin.py:115} INFO - [2022-08-07 07:41:49,972] {dagbag.py:508} INFO - Filling up the DagBag from /Users/pro/Documents/a_env/proj_data/lib/python3.7/site-packages/airflow/example_dags/example_trigger_controller_dag.py
[2022-08-07 07:41:49,980] {processor.py:651} INFO - DAG(s) dict_keys(['example_trigger_controller_dag']) retrieved from /Users/pro/Documents/a_env/proj_data/lib/python3.7/site-packages/airflow/example_dags/example_trigger_controller_dag.py
[2022-08-07 07:41:50,001] {logging_mixin.py:115} INFO - [2022-08-07 07:41:50,001] {dag.py:2420} INFO - Sync 1 DAGs
[2022-08-07 07:41:50,029] {logging_mixin.py:115} INFO - [2022-08-07 07:41:50,023] {dag.py:2972} INFO - Setting next_dagrun for example_trigger_controller_dag to 2021-01-01T00:00:00+00:00, run_after=2021-01-01T00:00:00+00:00
[2022-08-07 07:41:50,048] {processor.py:161} INFO - Processing /Users/pro/Documents/a_env/proj_data/lib/python3.7/site-packages/airflow/example_dags/example_trigger_controller_dag.py took 0.082 seconds
[2022-08-07 07:42:24,943] {processor.py:153} INFO - Started process (PID=92376) to work on /Users/pro/Documents/a_env/proj_data/lib/python3.7/site-packages/airflow/example_dags/example_trigger_controller_dag.py
[2022-08-07 07:42:24,944] {processor.py:641} INFO - Processing file /Users/pro/Documents/a_env/proj_data/lib/python3.7/site-packages/airflow/example_dags/example_trigger_controller_dag.py for tasks to queue
[2022-08-07 07:42:24,946] {logging_mixin.py:115} INFO - [2022-08-07 07:42:24,946] {dagbag.py:508} INFO - Filling up the DagBag from /Users/pro/Documents/a_env/proj_data/lib/python3.7/site-packages/airflow/example_dags/example_trigger_controller_dag.py
[2022-08-07 07:42:24,951] {processor.py:651} INFO - DAG(s) dict_keys(['example_trigger_controller_dag']) retrieved from /Users/pro/Documents/a_env/proj_data/lib/python3.7/site-packages/airflow/example_dags/example_trigger_controller_dag.py
[2022-08-07 07:42:24,972] {logging_mixin.py:115} INFO - [2022-08-07 07:42:24,971] {dag.py:2420} INFO - Sync 1 DAGs
[2022-08-07 07:42:24,995] {logging_mixin.py:115} INFO - [2022-08-07 07:42:24,995] {dag.py:2972} INFO - Setting next_dagrun for example_trigger_controller_dag to 2021-01-01T00:00:00+00:00, run_after=2021-01-01T00:00:00+00:00
[2022-08-07 07:42:25,010] {processor.py:161} INFO - Processing /Users/pro/Documents/a_env/proj_data/lib/python3.7/site-packages/airflow/example_dags/example_trigger_controller_dag.py took 0.071 seconds
[2022-08-07 07:42:57,667] {processor.py:153} INFO - Started process (PID=92414) to work on /Users/pro/Documents/a_env/proj_data/lib/python3.7/site-packages/airflow/example_dags/example_trigger_controller_dag.py
[2022-08-07 07:42:57,668] {processor.py:641} INFO - Processing file /Users/pro/Documents/a_env/proj_data/lib/python3.7/site-packages/airflow/example_dags/example_trigger_controller_dag.py for tasks to queue
[2022-08-07 07:42:57,670] {logging_mixin.py:115} INFO - [2022-08-07 07:42:57,669] {dagbag.py:508} INFO - Filling up the DagBag from /Users/pro/Documents/a_env/proj_data/lib/python3.7/site-packages/airflow/example_dags/example_trigger_controller_dag.py
[2022-08-07 07:42:57,675] {processor.py:651} INFO - DAG(s) dict_keys(['example_trigger_controller_dag']) retrieved from /Users/pro/Documents/a_env/proj_data/lib/python3.7/site-packages/airflow/example_dags/example_trigger_controller_dag.py
[2022-08-07 07:42:57,698] {logging_mixin.py:115} INFO - [2022-08-07 07:42:57,697] {dag.py:2420} INFO - Sync 1 DAGs
[2022-08-07 07:42:57,722] {logging_mixin.py:115} INFO - [2022-08-07 07:42:57,722] {dag.py:2972} INFO - Setting next_dagrun for example_trigger_controller_dag to 2021-01-01T00:00:00+00:00, run_after=2021-01-01T00:00:00+00:00
[2022-08-07 07:42:57,737] {processor.py:161} INFO - Processing /Users/pro/Documents/a_env/proj_data/lib/python3.7/site-packages/airflow/example_dags/example_trigger_controller_dag.py took 0.075 seconds
[2022-08-07 07:43:31,209] {processor.py:153} INFO - Started process (PID=92450) to work on /Users/pro/Documents/a_env/proj_data/lib/python3.7/site-packages/airflow/example_dags/example_trigger_controller_dag.py
[2022-08-07 07:43:31,211] {processor.py:641} INFO - Processing file /Users/pro/Documents/a_env/proj_data/lib/python3.7/site-packages/airflow/example_dags/example_trigger_controller_dag.py for tasks to queue
[2022-08-07 07:43:31,212] {logging_mixin.py:115} INFO - [2022-08-07 07:43:31,212] {dagbag.py:508} INFO - Filling up the DagBag from /Users/pro/Documents/a_env/proj_data/lib/python3.7/site-packages/airflow/example_dags/example_trigger_controller_dag.py
[2022-08-07 07:43:31,218] {processor.py:651} INFO - DAG(s) dict_keys(['example_trigger_controller_dag']) retrieved from /Users/pro/Documents/a_env/proj_data/lib/python3.7/site-packages/airflow/example_dags/example_trigger_controller_dag.py
[2022-08-07 07:43:31,239] {logging_mixin.py:115} INFO - [2022-08-07 07:43:31,239] {dag.py:2420} INFO - Sync 1 DAGs
[2022-08-07 07:43:31,263] {logging_mixin.py:115} INFO - [2022-08-07 07:43:31,262] {dag.py:2972} INFO - Setting next_dagrun for example_trigger_controller_dag to 2021-01-01T00:00:00+00:00, run_after=2021-01-01T00:00:00+00:00
[2022-08-07 07:43:31,275] {processor.py:161} INFO - Processing /Users/pro/Documents/a_env/proj_data/lib/python3.7/site-packages/airflow/example_dags/example_trigger_controller_dag.py took 0.071 seconds
[2022-08-07 07:44:06,659] {processor.py:153} INFO - Started process (PID=92502) to work on /Users/pro/Documents/a_env/proj_data/lib/python3.7/site-packages/airflow/example_dags/example_trigger_controller_dag.py
[2022-08-07 07:44:06,661] {processor.py:641} INFO - Processing file /Users/pro/Documents/a_env/proj_data/lib/python3.7/site-packages/airflow/example_dags/example_trigger_controller_dag.py for tasks to queue
[2022-08-07 07:44:06,662] {logging_mixin.py:115} INFO - [2022-08-07 07:44:06,662] {dagbag.py:508} INFO - Filling up the DagBag from /Users/pro/Documents/a_env/proj_data/lib/python3.7/site-packages/airflow/example_dags/example_trigger_controller_dag.py
[2022-08-07 07:44:06,669] {processor.py:651} INFO - DAG(s) dict_keys(['example_trigger_controller_dag']) retrieved from /Users/pro/Documents/a_env/proj_data/lib/python3.7/site-packages/airflow/example_dags/example_trigger_controller_dag.py
[2022-08-07 07:44:06,694] {logging_mixin.py:115} INFO - [2022-08-07 07:44:06,693] {dag.py:2420} INFO - Sync 1 DAGs
[2022-08-07 07:44:06,726] {logging_mixin.py:115} INFO - [2022-08-07 07:44:06,726] {dag.py:2972} INFO - Setting next_dagrun for example_trigger_controller_dag to 2021-01-01T00:00:00+00:00, run_after=2021-01-01T00:00:00+00:00
[2022-08-07 07:44:06,746] {processor.py:161} INFO - Processing /Users/pro/Documents/a_env/proj_data/lib/python3.7/site-packages/airflow/example_dags/example_trigger_controller_dag.py took 0.092 seconds
[2022-08-07 07:44:38,605] {processor.py:153} INFO - Started process (PID=92535) to work on /Users/pro/Documents/a_env/proj_data/lib/python3.7/site-packages/airflow/example_dags/example_trigger_controller_dag.py
[2022-08-07 07:44:38,607] {processor.py:641} INFO - Processing file /Users/pro/Documents/a_env/proj_data/lib/python3.7/site-packages/airflow/example_dags/example_trigger_controller_dag.py for tasks to queue
[2022-08-07 07:44:38,608] {logging_mixin.py:115} INFO - [2022-08-07 07:44:38,608] {dagbag.py:508} INFO - Filling up the DagBag from /Users/pro/Documents/a_env/proj_data/lib/python3.7/site-packages/airflow/example_dags/example_trigger_controller_dag.py
[2022-08-07 07:44:38,614] {processor.py:651} INFO - DAG(s) dict_keys(['example_trigger_controller_dag']) retrieved from /Users/pro/Documents/a_env/proj_data/lib/python3.7/site-packages/airflow/example_dags/example_trigger_controller_dag.py
[2022-08-07 07:44:38,635] {logging_mixin.py:115} INFO - [2022-08-07 07:44:38,634] {dag.py:2420} INFO - Sync 1 DAGs
[2022-08-07 07:44:38,658] {logging_mixin.py:115} INFO - [2022-08-07 07:44:38,658] {dag.py:2972} INFO - Setting next_dagrun for example_trigger_controller_dag to 2021-01-01T00:00:00+00:00, run_after=2021-01-01T00:00:00+00:00
[2022-08-07 07:44:38,671] {processor.py:161} INFO - Processing /Users/pro/Documents/a_env/proj_data/lib/python3.7/site-packages/airflow/example_dags/example_trigger_controller_dag.py took 0.071 seconds
[2022-08-07 07:45:13,585] {processor.py:153} INFO - Started process (PID=92574) to work on /Users/pro/Documents/a_env/proj_data/lib/python3.7/site-packages/airflow/example_dags/example_trigger_controller_dag.py
[2022-08-07 07:45:13,587] {processor.py:641} INFO - Processing file /Users/pro/Documents/a_env/proj_data/lib/python3.7/site-packages/airflow/example_dags/example_trigger_controller_dag.py for tasks to queue
[2022-08-07 07:45:13,588] {logging_mixin.py:115} INFO - [2022-08-07 07:45:13,587] {dagbag.py:508} INFO - Filling up the DagBag from /Users/pro/Documents/a_env/proj_data/lib/python3.7/site-packages/airflow/example_dags/example_trigger_controller_dag.py
[2022-08-07 07:45:13,594] {processor.py:651} INFO - DAG(s) dict_keys(['example_trigger_controller_dag']) retrieved from /Users/pro/Documents/a_env/proj_data/lib/python3.7/site-packages/airflow/example_dags/example_trigger_controller_dag.py
[2022-08-07 07:45:13,615] {logging_mixin.py:115} INFO - [2022-08-07 07:45:13,615] {dag.py:2420} INFO - Sync 1 DAGs
[2022-08-07 07:45:13,654] {logging_mixin.py:115} INFO - [2022-08-07 07:45:13,654] {dag.py:2972} INFO - Setting next_dagrun for example_trigger_controller_dag to 2021-01-01T00:00:00+00:00, run_after=2021-01-01T00:00:00+00:00
[2022-08-07 07:45:13,670] {processor.py:161} INFO - Processing /Users/pro/Documents/a_env/proj_data/lib/python3.7/site-packages/airflow/example_dags/example_trigger_controller_dag.py took 0.089 seconds
[2022-08-07 07:45:48,662] {processor.py:153} INFO - Started process (PID=92608) to work on /Users/pro/Documents/a_env/proj_data/lib/python3.7/site-packages/airflow/example_dags/example_trigger_controller_dag.py
[2022-08-07 07:45:48,663] {processor.py:641} INFO - Processing file /Users/pro/Documents/a_env/proj_data/lib/python3.7/site-packages/airflow/example_dags/example_trigger_controller_dag.py for tasks to queue
[2022-08-07 07:45:48,664] {logging_mixin.py:115} INFO - [2022-08-07 07:45:48,664] {dagbag.py:508} INFO - Filling up the DagBag from /Users/pro/Documents/a_env/proj_data/lib/python3.7/site-packages/airflow/example_dags/example_trigger_controller_dag.py
[2022-08-07 07:45:48,670] {processor.py:651} INFO - DAG(s) dict_keys(['example_trigger_controller_dag']) retrieved from /Users/pro/Documents/a_env/proj_data/lib/python3.7/site-packages/airflow/example_dags/example_trigger_controller_dag.py
[2022-08-07 07:45:48,695] {logging_mixin.py:115} INFO - [2022-08-07 07:45:48,694] {dag.py:2420} INFO - Sync 1 DAGs
[2022-08-07 07:45:48,718] {logging_mixin.py:115} INFO - [2022-08-07 07:45:48,717] {dag.py:2972} INFO - Setting next_dagrun for example_trigger_controller_dag to 2021-01-01T00:00:00+00:00, run_after=2021-01-01T00:00:00+00:00
[2022-08-07 07:45:48,729] {processor.py:161} INFO - Processing /Users/pro/Documents/a_env/proj_data/lib/python3.7/site-packages/airflow/example_dags/example_trigger_controller_dag.py took 0.071 seconds
[2022-08-07 07:46:20,809] {processor.py:153} INFO - Started process (PID=92642) to work on /Users/pro/Documents/a_env/proj_data/lib/python3.7/site-packages/airflow/example_dags/example_trigger_controller_dag.py
[2022-08-07 07:46:20,811] {processor.py:641} INFO - Processing file /Users/pro/Documents/a_env/proj_data/lib/python3.7/site-packages/airflow/example_dags/example_trigger_controller_dag.py for tasks to queue
[2022-08-07 07:46:20,812] {logging_mixin.py:115} INFO - [2022-08-07 07:46:20,812] {dagbag.py:508} INFO - Filling up the DagBag from /Users/pro/Documents/a_env/proj_data/lib/python3.7/site-packages/airflow/example_dags/example_trigger_controller_dag.py
[2022-08-07 07:46:20,818] {processor.py:651} INFO - DAG(s) dict_keys(['example_trigger_controller_dag']) retrieved from /Users/pro/Documents/a_env/proj_data/lib/python3.7/site-packages/airflow/example_dags/example_trigger_controller_dag.py
[2022-08-07 07:46:20,839] {logging_mixin.py:115} INFO - [2022-08-07 07:46:20,839] {dag.py:2420} INFO - Sync 1 DAGs
[2022-08-07 07:46:20,861] {logging_mixin.py:115} INFO - [2022-08-07 07:46:20,860] {dag.py:2972} INFO - Setting next_dagrun for example_trigger_controller_dag to 2021-01-01T00:00:00+00:00, run_after=2021-01-01T00:00:00+00:00
[2022-08-07 07:46:20,876] {processor.py:161} INFO - Processing /Users/pro/Documents/a_env/proj_data/lib/python3.7/site-packages/airflow/example_dags/example_trigger_controller_dag.py took 0.071 seconds
[2022-08-07 07:46:55,219] {processor.py:153} INFO - Started process (PID=92677) to work on /Users/pro/Documents/a_env/proj_data/lib/python3.7/site-packages/airflow/example_dags/example_trigger_controller_dag.py
[2022-08-07 07:46:55,221] {processor.py:641} INFO - Processing file /Users/pro/Documents/a_env/proj_data/lib/python3.7/site-packages/airflow/example_dags/example_trigger_controller_dag.py for tasks to queue
[2022-08-07 07:46:55,222] {logging_mixin.py:115} INFO - [2022-08-07 07:46:55,222] {dagbag.py:508} INFO - Filling up the DagBag from /Users/pro/Documents/a_env/proj_data/lib/python3.7/site-packages/airflow/example_dags/example_trigger_controller_dag.py
[2022-08-07 07:46:55,228] {processor.py:651} INFO - DAG(s) dict_keys(['example_trigger_controller_dag']) retrieved from /Users/pro/Documents/a_env/proj_data/lib/python3.7/site-packages/airflow/example_dags/example_trigger_controller_dag.py
[2022-08-07 07:46:55,248] {logging_mixin.py:115} INFO - [2022-08-07 07:46:55,247] {dag.py:2420} INFO - Sync 1 DAGs
[2022-08-07 07:46:55,271] {logging_mixin.py:115} INFO - [2022-08-07 07:46:55,271] {dag.py:2972} INFO - Setting next_dagrun for example_trigger_controller_dag to 2021-01-01T00:00:00+00:00, run_after=2021-01-01T00:00:00+00:00
[2022-08-07 07:46:55,284] {processor.py:161} INFO - Processing /Users/pro/Documents/a_env/proj_data/lib/python3.7/site-packages/airflow/example_dags/example_trigger_controller_dag.py took 0.070 seconds
[2022-08-07 07:47:30,193] {processor.py:153} INFO - Started process (PID=92712) to work on /Users/pro/Documents/a_env/proj_data/lib/python3.7/site-packages/airflow/example_dags/example_trigger_controller_dag.py
[2022-08-07 07:47:30,194] {processor.py:641} INFO - Processing file /Users/pro/Documents/a_env/proj_data/lib/python3.7/site-packages/airflow/example_dags/example_trigger_controller_dag.py for tasks to queue
[2022-08-07 07:47:30,195] {logging_mixin.py:115} INFO - [2022-08-07 07:47:30,195] {dagbag.py:508} INFO - Filling up the DagBag from /Users/pro/Documents/a_env/proj_data/lib/python3.7/site-packages/airflow/example_dags/example_trigger_controller_dag.py
[2022-08-07 07:47:30,201] {processor.py:651} INFO - DAG(s) dict_keys(['example_trigger_controller_dag']) retrieved from /Users/pro/Documents/a_env/proj_data/lib/python3.7/site-packages/airflow/example_dags/example_trigger_controller_dag.py
[2022-08-07 07:47:30,221] {logging_mixin.py:115} INFO - [2022-08-07 07:47:30,221] {dag.py:2420} INFO - Sync 1 DAGs
[2022-08-07 07:47:30,243] {logging_mixin.py:115} INFO - [2022-08-07 07:47:30,243] {dag.py:2972} INFO - Setting next_dagrun for example_trigger_controller_dag to 2021-01-01T00:00:00+00:00, run_after=2021-01-01T00:00:00+00:00
[2022-08-07 07:47:30,259] {processor.py:161} INFO - Processing /Users/pro/Documents/a_env/proj_data/lib/python3.7/site-packages/airflow/example_dags/example_trigger_controller_dag.py took 0.071 seconds
[2022-08-07 07:48:01,364] {processor.py:153} INFO - Started process (PID=92751) to work on /Users/pro/Documents/a_env/proj_data/lib/python3.7/site-packages/airflow/example_dags/example_trigger_controller_dag.py
[2022-08-07 07:48:01,365] {processor.py:641} INFO - Processing file /Users/pro/Documents/a_env/proj_data/lib/python3.7/site-packages/airflow/example_dags/example_trigger_controller_dag.py for tasks to queue
[2022-08-07 07:48:01,367] {logging_mixin.py:115} INFO - [2022-08-07 07:48:01,367] {dagbag.py:508} INFO - Filling up the DagBag from /Users/pro/Documents/a_env/proj_data/lib/python3.7/site-packages/airflow/example_dags/example_trigger_controller_dag.py
[2022-08-07 07:48:01,373] {processor.py:651} INFO - DAG(s) dict_keys(['example_trigger_controller_dag']) retrieved from /Users/pro/Documents/a_env/proj_data/lib/python3.7/site-packages/airflow/example_dags/example_trigger_controller_dag.py
[2022-08-07 07:48:01,396] {logging_mixin.py:115} INFO - [2022-08-07 07:48:01,396] {dag.py:2420} INFO - Sync 1 DAGs
[2022-08-07 07:48:01,419] {logging_mixin.py:115} INFO - [2022-08-07 07:48:01,419] {dag.py:2972} INFO - Setting next_dagrun for example_trigger_controller_dag to 2021-01-01T00:00:00+00:00, run_after=2021-01-01T00:00:00+00:00
[2022-08-07 07:48:01,433] {processor.py:161} INFO - Processing /Users/pro/Documents/a_env/proj_data/lib/python3.7/site-packages/airflow/example_dags/example_trigger_controller_dag.py took 0.073 seconds
[2022-08-07 07:48:34,508] {processor.py:153} INFO - Started process (PID=92789) to work on /Users/pro/Documents/a_env/proj_data/lib/python3.7/site-packages/airflow/example_dags/example_trigger_controller_dag.py
[2022-08-07 07:48:34,509] {processor.py:641} INFO - Processing file /Users/pro/Documents/a_env/proj_data/lib/python3.7/site-packages/airflow/example_dags/example_trigger_controller_dag.py for tasks to queue
[2022-08-07 07:48:34,510] {logging_mixin.py:115} INFO - [2022-08-07 07:48:34,510] {dagbag.py:508} INFO - Filling up the DagBag from /Users/pro/Documents/a_env/proj_data/lib/python3.7/site-packages/airflow/example_dags/example_trigger_controller_dag.py
[2022-08-07 07:48:34,515] {processor.py:651} INFO - DAG(s) dict_keys(['example_trigger_controller_dag']) retrieved from /Users/pro/Documents/a_env/proj_data/lib/python3.7/site-packages/airflow/example_dags/example_trigger_controller_dag.py
[2022-08-07 07:48:34,536] {logging_mixin.py:115} INFO - [2022-08-07 07:48:34,536] {dag.py:2420} INFO - Sync 1 DAGs
[2022-08-07 07:48:34,557] {logging_mixin.py:115} INFO - [2022-08-07 07:48:34,557] {dag.py:2972} INFO - Setting next_dagrun for example_trigger_controller_dag to 2021-01-01T00:00:00+00:00, run_after=2021-01-01T00:00:00+00:00
[2022-08-07 07:48:34,571] {processor.py:161} INFO - Processing /Users/pro/Documents/a_env/proj_data/lib/python3.7/site-packages/airflow/example_dags/example_trigger_controller_dag.py took 0.067 seconds
[2022-08-07 07:49:07,458] {processor.py:153} INFO - Started process (PID=92824) to work on /Users/pro/Documents/a_env/proj_data/lib/python3.7/site-packages/airflow/example_dags/example_trigger_controller_dag.py
[2022-08-07 07:49:07,459] {processor.py:641} INFO - Processing file /Users/pro/Documents/a_env/proj_data/lib/python3.7/site-packages/airflow/example_dags/example_trigger_controller_dag.py for tasks to queue
[2022-08-07 07:49:07,460] {logging_mixin.py:115} INFO - [2022-08-07 07:49:07,460] {dagbag.py:508} INFO - Filling up the DagBag from /Users/pro/Documents/a_env/proj_data/lib/python3.7/site-packages/airflow/example_dags/example_trigger_controller_dag.py
[2022-08-07 07:49:07,466] {processor.py:651} INFO - DAG(s) dict_keys(['example_trigger_controller_dag']) retrieved from /Users/pro/Documents/a_env/proj_data/lib/python3.7/site-packages/airflow/example_dags/example_trigger_controller_dag.py
[2022-08-07 07:49:07,486] {logging_mixin.py:115} INFO - [2022-08-07 07:49:07,485] {dag.py:2420} INFO - Sync 1 DAGs
[2022-08-07 07:49:07,508] {logging_mixin.py:115} INFO - [2022-08-07 07:49:07,507] {dag.py:2972} INFO - Setting next_dagrun for example_trigger_controller_dag to 2021-01-01T00:00:00+00:00, run_after=2021-01-01T00:00:00+00:00
[2022-08-07 07:49:07,520] {processor.py:161} INFO - Processing /Users/pro/Documents/a_env/proj_data/lib/python3.7/site-packages/airflow/example_dags/example_trigger_controller_dag.py took 0.066 seconds
[2022-08-07 07:49:39,668] {processor.py:153} INFO - Started process (PID=92861) to work on /Users/pro/Documents/a_env/proj_data/lib/python3.7/site-packages/airflow/example_dags/example_trigger_controller_dag.py
[2022-08-07 07:49:39,670] {processor.py:641} INFO - Processing file /Users/pro/Documents/a_env/proj_data/lib/python3.7/site-packages/airflow/example_dags/example_trigger_controller_dag.py for tasks to queue
[2022-08-07 07:49:39,671] {logging_mixin.py:115} INFO - [2022-08-07 07:49:39,671] {dagbag.py:508} INFO - Filling up the DagBag from /Users/pro/Documents/a_env/proj_data/lib/python3.7/site-packages/airflow/example_dags/example_trigger_controller_dag.py
[2022-08-07 07:49:39,677] {processor.py:651} INFO - DAG(s) dict_keys(['example_trigger_controller_dag']) retrieved from /Users/pro/Documents/a_env/proj_data/lib/python3.7/site-packages/airflow/example_dags/example_trigger_controller_dag.py
[2022-08-07 07:49:39,698] {logging_mixin.py:115} INFO - [2022-08-07 07:49:39,698] {dag.py:2420} INFO - Sync 1 DAGs
[2022-08-07 07:49:39,720] {logging_mixin.py:115} INFO - [2022-08-07 07:49:39,719] {dag.py:2972} INFO - Setting next_dagrun for example_trigger_controller_dag to 2021-01-01T00:00:00+00:00, run_after=2021-01-01T00:00:00+00:00
[2022-08-07 07:49:39,734] {processor.py:161} INFO - Processing /Users/pro/Documents/a_env/proj_data/lib/python3.7/site-packages/airflow/example_dags/example_trigger_controller_dag.py took 0.070 seconds
[2022-08-07 07:50:13,411] {processor.py:153} INFO - Started process (PID=92897) to work on /Users/pro/Documents/a_env/proj_data/lib/python3.7/site-packages/airflow/example_dags/example_trigger_controller_dag.py
[2022-08-07 07:50:13,413] {processor.py:641} INFO - Processing file /Users/pro/Documents/a_env/proj_data/lib/python3.7/site-packages/airflow/example_dags/example_trigger_controller_dag.py for tasks to queue
[2022-08-07 07:50:13,414] {logging_mixin.py:115} INFO - [2022-08-07 07:50:13,414] {dagbag.py:508} INFO - Filling up the DagBag from /Users/pro/Documents/a_env/proj_data/lib/python3.7/site-packages/airflow/example_dags/example_trigger_controller_dag.py
[2022-08-07 07:50:13,420] {processor.py:651} INFO - DAG(s) dict_keys(['example_trigger_controller_dag']) retrieved from /Users/pro/Documents/a_env/proj_data/lib/python3.7/site-packages/airflow/example_dags/example_trigger_controller_dag.py
[2022-08-07 07:50:13,440] {logging_mixin.py:115} INFO - [2022-08-07 07:50:13,440] {dag.py:2420} INFO - Sync 1 DAGs
[2022-08-07 07:50:13,462] {logging_mixin.py:115} INFO - [2022-08-07 07:50:13,462] {dag.py:2972} INFO - Setting next_dagrun for example_trigger_controller_dag to 2021-01-01T00:00:00+00:00, run_after=2021-01-01T00:00:00+00:00
[2022-08-07 07:50:13,476] {processor.py:161} INFO - Processing /Users/pro/Documents/a_env/proj_data/lib/python3.7/site-packages/airflow/example_dags/example_trigger_controller_dag.py took 0.070 seconds
[2022-08-07 07:50:46,365] {processor.py:153} INFO - Started process (PID=92932) to work on /Users/pro/Documents/a_env/proj_data/lib/python3.7/site-packages/airflow/example_dags/example_trigger_controller_dag.py
[2022-08-07 07:50:46,366] {processor.py:641} INFO - Processing file /Users/pro/Documents/a_env/proj_data/lib/python3.7/site-packages/airflow/example_dags/example_trigger_controller_dag.py for tasks to queue
[2022-08-07 07:50:46,368] {logging_mixin.py:115} INFO - [2022-08-07 07:50:46,367] {dagbag.py:508} INFO - Filling up the DagBag from /Users/pro/Documents/a_env/proj_data/lib/python3.7/site-packages/airflow/example_dags/example_trigger_controller_dag.py
[2022-08-07 07:50:46,373] {processor.py:651} INFO - DAG(s) dict_keys(['example_trigger_controller_dag']) retrieved from /Users/pro/Documents/a_env/proj_data/lib/python3.7/site-packages/airflow/example_dags/example_trigger_controller_dag.py
[2022-08-07 07:50:46,395] {logging_mixin.py:115} INFO - [2022-08-07 07:50:46,394] {dag.py:2420} INFO - Sync 1 DAGs
[2022-08-07 07:50:46,416] {logging_mixin.py:115} INFO - [2022-08-07 07:50:46,415] {dag.py:2972} INFO - Setting next_dagrun for example_trigger_controller_dag to 2021-01-01T00:00:00+00:00, run_after=2021-01-01T00:00:00+00:00
[2022-08-07 07:50:46,430] {processor.py:161} INFO - Processing /Users/pro/Documents/a_env/proj_data/lib/python3.7/site-packages/airflow/example_dags/example_trigger_controller_dag.py took 0.070 seconds
[2022-08-07 07:51:20,602] {processor.py:153} INFO - Started process (PID=92967) to work on /Users/pro/Documents/a_env/proj_data/lib/python3.7/site-packages/airflow/example_dags/example_trigger_controller_dag.py
[2022-08-07 07:51:20,603] {processor.py:641} INFO - Processing file /Users/pro/Documents/a_env/proj_data/lib/python3.7/site-packages/airflow/example_dags/example_trigger_controller_dag.py for tasks to queue
[2022-08-07 07:51:20,604] {logging_mixin.py:115} INFO - [2022-08-07 07:51:20,603] {dagbag.py:508} INFO - Filling up the DagBag from /Users/pro/Documents/a_env/proj_data/lib/python3.7/site-packages/airflow/example_dags/example_trigger_controller_dag.py
[2022-08-07 07:51:20,609] {processor.py:651} INFO - DAG(s) dict_keys(['example_trigger_controller_dag']) retrieved from /Users/pro/Documents/a_env/proj_data/lib/python3.7/site-packages/airflow/example_dags/example_trigger_controller_dag.py
[2022-08-07 07:51:20,629] {logging_mixin.py:115} INFO - [2022-08-07 07:51:20,629] {dag.py:2420} INFO - Sync 1 DAGs
[2022-08-07 07:51:20,650] {logging_mixin.py:115} INFO - [2022-08-07 07:51:20,649] {dag.py:2972} INFO - Setting next_dagrun for example_trigger_controller_dag to 2021-01-01T00:00:00+00:00, run_after=2021-01-01T00:00:00+00:00
[2022-08-07 07:51:20,663] {processor.py:161} INFO - Processing /Users/pro/Documents/a_env/proj_data/lib/python3.7/site-packages/airflow/example_dags/example_trigger_controller_dag.py took 0.065 seconds
[2022-08-07 07:51:52,503] {processor.py:153} INFO - Started process (PID=93000) to work on /Users/pro/Documents/a_env/proj_data/lib/python3.7/site-packages/airflow/example_dags/example_trigger_controller_dag.py
[2022-08-07 07:51:52,504] {processor.py:641} INFO - Processing file /Users/pro/Documents/a_env/proj_data/lib/python3.7/site-packages/airflow/example_dags/example_trigger_controller_dag.py for tasks to queue
[2022-08-07 07:51:52,505] {logging_mixin.py:115} INFO - [2022-08-07 07:51:52,505] {dagbag.py:508} INFO - Filling up the DagBag from /Users/pro/Documents/a_env/proj_data/lib/python3.7/site-packages/airflow/example_dags/example_trigger_controller_dag.py
[2022-08-07 07:51:52,510] {processor.py:651} INFO - DAG(s) dict_keys(['example_trigger_controller_dag']) retrieved from /Users/pro/Documents/a_env/proj_data/lib/python3.7/site-packages/airflow/example_dags/example_trigger_controller_dag.py
[2022-08-07 07:51:52,530] {logging_mixin.py:115} INFO - [2022-08-07 07:51:52,530] {dag.py:2420} INFO - Sync 1 DAGs
[2022-08-07 07:51:52,550] {logging_mixin.py:115} INFO - [2022-08-07 07:51:52,550] {dag.py:2972} INFO - Setting next_dagrun for example_trigger_controller_dag to 2021-01-01T00:00:00+00:00, run_after=2021-01-01T00:00:00+00:00
[2022-08-07 07:51:52,562] {processor.py:161} INFO - Processing /Users/pro/Documents/a_env/proj_data/lib/python3.7/site-packages/airflow/example_dags/example_trigger_controller_dag.py took 0.063 seconds
[2022-08-07 07:52:26,615] {processor.py:153} INFO - Started process (PID=93035) to work on /Users/pro/Documents/a_env/proj_data/lib/python3.7/site-packages/airflow/example_dags/example_trigger_controller_dag.py
[2022-08-07 07:52:26,616] {processor.py:641} INFO - Processing file /Users/pro/Documents/a_env/proj_data/lib/python3.7/site-packages/airflow/example_dags/example_trigger_controller_dag.py for tasks to queue
[2022-08-07 07:52:26,618] {logging_mixin.py:115} INFO - [2022-08-07 07:52:26,617] {dagbag.py:508} INFO - Filling up the DagBag from /Users/pro/Documents/a_env/proj_data/lib/python3.7/site-packages/airflow/example_dags/example_trigger_controller_dag.py
[2022-08-07 07:52:26,623] {processor.py:651} INFO - DAG(s) dict_keys(['example_trigger_controller_dag']) retrieved from /Users/pro/Documents/a_env/proj_data/lib/python3.7/site-packages/airflow/example_dags/example_trigger_controller_dag.py
[2022-08-07 07:52:26,644] {logging_mixin.py:115} INFO - [2022-08-07 07:52:26,643] {dag.py:2420} INFO - Sync 1 DAGs
[2022-08-07 07:52:26,665] {logging_mixin.py:115} INFO - [2022-08-07 07:52:26,665] {dag.py:2972} INFO - Setting next_dagrun for example_trigger_controller_dag to 2021-01-01T00:00:00+00:00, run_after=2021-01-01T00:00:00+00:00
[2022-08-07 07:52:26,679] {processor.py:161} INFO - Processing /Users/pro/Documents/a_env/proj_data/lib/python3.7/site-packages/airflow/example_dags/example_trigger_controller_dag.py took 0.068 seconds
[2022-08-07 07:52:59,438] {processor.py:153} INFO - Started process (PID=93072) to work on /Users/pro/Documents/a_env/proj_data/lib/python3.7/site-packages/airflow/example_dags/example_trigger_controller_dag.py
[2022-08-07 07:52:59,439] {processor.py:641} INFO - Processing file /Users/pro/Documents/a_env/proj_data/lib/python3.7/site-packages/airflow/example_dags/example_trigger_controller_dag.py for tasks to queue
[2022-08-07 07:52:59,441] {logging_mixin.py:115} INFO - [2022-08-07 07:52:59,440] {dagbag.py:508} INFO - Filling up the DagBag from /Users/pro/Documents/a_env/proj_data/lib/python3.7/site-packages/airflow/example_dags/example_trigger_controller_dag.py
[2022-08-07 07:52:59,447] {processor.py:651} INFO - DAG(s) dict_keys(['example_trigger_controller_dag']) retrieved from /Users/pro/Documents/a_env/proj_data/lib/python3.7/site-packages/airflow/example_dags/example_trigger_controller_dag.py
[2022-08-07 07:52:59,469] {logging_mixin.py:115} INFO - [2022-08-07 07:52:59,468] {dag.py:2420} INFO - Sync 1 DAGs
[2022-08-07 07:52:59,491] {logging_mixin.py:115} INFO - [2022-08-07 07:52:59,491] {dag.py:2972} INFO - Setting next_dagrun for example_trigger_controller_dag to 2021-01-01T00:00:00+00:00, run_after=2021-01-01T00:00:00+00:00
[2022-08-07 07:52:59,505] {processor.py:161} INFO - Processing /Users/pro/Documents/a_env/proj_data/lib/python3.7/site-packages/airflow/example_dags/example_trigger_controller_dag.py took 0.073 seconds
[2022-08-07 07:53:33,269] {processor.py:153} INFO - Started process (PID=93123) to work on /Users/pro/Documents/a_env/proj_data/lib/python3.7/site-packages/airflow/example_dags/example_trigger_controller_dag.py
[2022-08-07 07:53:33,270] {processor.py:641} INFO - Processing file /Users/pro/Documents/a_env/proj_data/lib/python3.7/site-packages/airflow/example_dags/example_trigger_controller_dag.py for tasks to queue
[2022-08-07 07:53:33,271] {logging_mixin.py:115} INFO - [2022-08-07 07:53:33,271] {dagbag.py:508} INFO - Filling up the DagBag from /Users/pro/Documents/a_env/proj_data/lib/python3.7/site-packages/airflow/example_dags/example_trigger_controller_dag.py
[2022-08-07 07:53:33,277] {processor.py:651} INFO - DAG(s) dict_keys(['example_trigger_controller_dag']) retrieved from /Users/pro/Documents/a_env/proj_data/lib/python3.7/site-packages/airflow/example_dags/example_trigger_controller_dag.py
[2022-08-07 07:53:33,297] {logging_mixin.py:115} INFO - [2022-08-07 07:53:33,297] {dag.py:2420} INFO - Sync 1 DAGs
[2022-08-07 07:53:33,318] {logging_mixin.py:115} INFO - [2022-08-07 07:53:33,318] {dag.py:2972} INFO - Setting next_dagrun for example_trigger_controller_dag to 2021-01-01T00:00:00+00:00, run_after=2021-01-01T00:00:00+00:00
[2022-08-07 07:53:33,332] {processor.py:161} INFO - Processing /Users/pro/Documents/a_env/proj_data/lib/python3.7/site-packages/airflow/example_dags/example_trigger_controller_dag.py took 0.067 seconds
[2022-08-07 07:54:06,492] {processor.py:153} INFO - Started process (PID=93170) to work on /Users/pro/Documents/a_env/proj_data/lib/python3.7/site-packages/airflow/example_dags/example_trigger_controller_dag.py
[2022-08-07 07:54:06,494] {processor.py:641} INFO - Processing file /Users/pro/Documents/a_env/proj_data/lib/python3.7/site-packages/airflow/example_dags/example_trigger_controller_dag.py for tasks to queue
[2022-08-07 07:54:06,495] {logging_mixin.py:115} INFO - [2022-08-07 07:54:06,495] {dagbag.py:508} INFO - Filling up the DagBag from /Users/pro/Documents/a_env/proj_data/lib/python3.7/site-packages/airflow/example_dags/example_trigger_controller_dag.py
[2022-08-07 07:54:06,500] {processor.py:651} INFO - DAG(s) dict_keys(['example_trigger_controller_dag']) retrieved from /Users/pro/Documents/a_env/proj_data/lib/python3.7/site-packages/airflow/example_dags/example_trigger_controller_dag.py
[2022-08-07 07:54:06,526] {logging_mixin.py:115} INFO - [2022-08-07 07:54:06,526] {dag.py:2420} INFO - Sync 1 DAGs
[2022-08-07 07:54:06,545] {logging_mixin.py:115} INFO - [2022-08-07 07:54:06,544] {dag.py:2972} INFO - Setting next_dagrun for example_trigger_controller_dag to 2021-01-01T00:00:00+00:00, run_after=2021-01-01T00:00:00+00:00
[2022-08-07 07:54:06,559] {processor.py:161} INFO - Processing /Users/pro/Documents/a_env/proj_data/lib/python3.7/site-packages/airflow/example_dags/example_trigger_controller_dag.py took 0.072 seconds
[2022-08-07 07:54:39,339] {processor.py:153} INFO - Started process (PID=93205) to work on /Users/pro/Documents/a_env/proj_data/lib/python3.7/site-packages/airflow/example_dags/example_trigger_controller_dag.py
[2022-08-07 07:54:39,340] {processor.py:641} INFO - Processing file /Users/pro/Documents/a_env/proj_data/lib/python3.7/site-packages/airflow/example_dags/example_trigger_controller_dag.py for tasks to queue
[2022-08-07 07:54:39,341] {logging_mixin.py:115} INFO - [2022-08-07 07:54:39,341] {dagbag.py:508} INFO - Filling up the DagBag from /Users/pro/Documents/a_env/proj_data/lib/python3.7/site-packages/airflow/example_dags/example_trigger_controller_dag.py
[2022-08-07 07:54:39,347] {processor.py:651} INFO - DAG(s) dict_keys(['example_trigger_controller_dag']) retrieved from /Users/pro/Documents/a_env/proj_data/lib/python3.7/site-packages/airflow/example_dags/example_trigger_controller_dag.py
[2022-08-07 07:54:39,373] {logging_mixin.py:115} INFO - [2022-08-07 07:54:39,373] {dag.py:2420} INFO - Sync 1 DAGs
[2022-08-07 07:54:39,394] {logging_mixin.py:115} INFO - [2022-08-07 07:54:39,393] {dag.py:2972} INFO - Setting next_dagrun for example_trigger_controller_dag to 2021-01-01T00:00:00+00:00, run_after=2021-01-01T00:00:00+00:00
[2022-08-07 07:54:39,409] {processor.py:161} INFO - Processing /Users/pro/Documents/a_env/proj_data/lib/python3.7/site-packages/airflow/example_dags/example_trigger_controller_dag.py took 0.076 seconds
[2022-08-07 07:55:11,628] {processor.py:153} INFO - Started process (PID=93242) to work on /Users/pro/Documents/a_env/proj_data/lib/python3.7/site-packages/airflow/example_dags/example_trigger_controller_dag.py
[2022-08-07 07:55:11,629] {processor.py:641} INFO - Processing file /Users/pro/Documents/a_env/proj_data/lib/python3.7/site-packages/airflow/example_dags/example_trigger_controller_dag.py for tasks to queue
[2022-08-07 07:55:11,630] {logging_mixin.py:115} INFO - [2022-08-07 07:55:11,630] {dagbag.py:508} INFO - Filling up the DagBag from /Users/pro/Documents/a_env/proj_data/lib/python3.7/site-packages/airflow/example_dags/example_trigger_controller_dag.py
[2022-08-07 07:55:11,635] {processor.py:651} INFO - DAG(s) dict_keys(['example_trigger_controller_dag']) retrieved from /Users/pro/Documents/a_env/proj_data/lib/python3.7/site-packages/airflow/example_dags/example_trigger_controller_dag.py
[2022-08-07 07:55:11,658] {logging_mixin.py:115} INFO - [2022-08-07 07:55:11,657] {dag.py:2420} INFO - Sync 1 DAGs
[2022-08-07 07:55:11,677] {logging_mixin.py:115} INFO - [2022-08-07 07:55:11,676] {dag.py:2972} INFO - Setting next_dagrun for example_trigger_controller_dag to 2021-01-01T00:00:00+00:00, run_after=2021-01-01T00:00:00+00:00
[2022-08-07 07:55:11,690] {processor.py:161} INFO - Processing /Users/pro/Documents/a_env/proj_data/lib/python3.7/site-packages/airflow/example_dags/example_trigger_controller_dag.py took 0.067 seconds
[2022-08-07 07:55:43,676] {processor.py:153} INFO - Started process (PID=93273) to work on /Users/pro/Documents/a_env/proj_data/lib/python3.7/site-packages/airflow/example_dags/example_trigger_controller_dag.py
[2022-08-07 07:55:43,677] {processor.py:641} INFO - Processing file /Users/pro/Documents/a_env/proj_data/lib/python3.7/site-packages/airflow/example_dags/example_trigger_controller_dag.py for tasks to queue
[2022-08-07 07:55:43,678] {logging_mixin.py:115} INFO - [2022-08-07 07:55:43,678] {dagbag.py:508} INFO - Filling up the DagBag from /Users/pro/Documents/a_env/proj_data/lib/python3.7/site-packages/airflow/example_dags/example_trigger_controller_dag.py
[2022-08-07 07:55:43,684] {processor.py:651} INFO - DAG(s) dict_keys(['example_trigger_controller_dag']) retrieved from /Users/pro/Documents/a_env/proj_data/lib/python3.7/site-packages/airflow/example_dags/example_trigger_controller_dag.py
[2022-08-07 07:55:43,708] {logging_mixin.py:115} INFO - [2022-08-07 07:55:43,707] {dag.py:2420} INFO - Sync 1 DAGs
[2022-08-07 07:55:43,726] {logging_mixin.py:115} INFO - [2022-08-07 07:55:43,726] {dag.py:2972} INFO - Setting next_dagrun for example_trigger_controller_dag to 2021-01-01T00:00:00+00:00, run_after=2021-01-01T00:00:00+00:00
[2022-08-07 07:55:43,739] {processor.py:161} INFO - Processing /Users/pro/Documents/a_env/proj_data/lib/python3.7/site-packages/airflow/example_dags/example_trigger_controller_dag.py took 0.067 seconds
[2022-08-07 07:56:16,864] {processor.py:153} INFO - Started process (PID=93305) to work on /Users/pro/Documents/a_env/proj_data/lib/python3.7/site-packages/airflow/example_dags/example_trigger_controller_dag.py
[2022-08-07 07:56:16,866] {processor.py:641} INFO - Processing file /Users/pro/Documents/a_env/proj_data/lib/python3.7/site-packages/airflow/example_dags/example_trigger_controller_dag.py for tasks to queue
[2022-08-07 07:56:16,867] {logging_mixin.py:115} INFO - [2022-08-07 07:56:16,866] {dagbag.py:508} INFO - Filling up the DagBag from /Users/pro/Documents/a_env/proj_data/lib/python3.7/site-packages/airflow/example_dags/example_trigger_controller_dag.py
[2022-08-07 07:56:16,873] {processor.py:651} INFO - DAG(s) dict_keys(['example_trigger_controller_dag']) retrieved from /Users/pro/Documents/a_env/proj_data/lib/python3.7/site-packages/airflow/example_dags/example_trigger_controller_dag.py
[2022-08-07 07:56:16,896] {logging_mixin.py:115} INFO - [2022-08-07 07:56:16,895] {dag.py:2420} INFO - Sync 1 DAGs
[2022-08-07 07:56:16,915] {logging_mixin.py:115} INFO - [2022-08-07 07:56:16,915] {dag.py:2972} INFO - Setting next_dagrun for example_trigger_controller_dag to 2021-01-01T00:00:00+00:00, run_after=2021-01-01T00:00:00+00:00
[2022-08-07 07:56:16,928] {processor.py:161} INFO - Processing /Users/pro/Documents/a_env/proj_data/lib/python3.7/site-packages/airflow/example_dags/example_trigger_controller_dag.py took 0.068 seconds
[2022-08-07 07:56:50,398] {processor.py:153} INFO - Started process (PID=93340) to work on /Users/pro/Documents/a_env/proj_data/lib/python3.7/site-packages/airflow/example_dags/example_trigger_controller_dag.py
[2022-08-07 07:56:50,400] {processor.py:641} INFO - Processing file /Users/pro/Documents/a_env/proj_data/lib/python3.7/site-packages/airflow/example_dags/example_trigger_controller_dag.py for tasks to queue
[2022-08-07 07:56:50,401] {logging_mixin.py:115} INFO - [2022-08-07 07:56:50,401] {dagbag.py:508} INFO - Filling up the DagBag from /Users/pro/Documents/a_env/proj_data/lib/python3.7/site-packages/airflow/example_dags/example_trigger_controller_dag.py
[2022-08-07 07:56:50,406] {processor.py:651} INFO - DAG(s) dict_keys(['example_trigger_controller_dag']) retrieved from /Users/pro/Documents/a_env/proj_data/lib/python3.7/site-packages/airflow/example_dags/example_trigger_controller_dag.py
[2022-08-07 07:56:50,430] {logging_mixin.py:115} INFO - [2022-08-07 07:56:50,430] {dag.py:2420} INFO - Sync 1 DAGs
[2022-08-07 07:56:50,450] {logging_mixin.py:115} INFO - [2022-08-07 07:56:50,449] {dag.py:2972} INFO - Setting next_dagrun for example_trigger_controller_dag to 2021-01-01T00:00:00+00:00, run_after=2021-01-01T00:00:00+00:00
[2022-08-07 07:56:50,464] {processor.py:161} INFO - Processing /Users/pro/Documents/a_env/proj_data/lib/python3.7/site-packages/airflow/example_dags/example_trigger_controller_dag.py took 0.070 seconds
[2022-08-07 07:57:24,235] {processor.py:153} INFO - Started process (PID=93378) to work on /Users/pro/Documents/a_env/proj_data/lib/python3.7/site-packages/airflow/example_dags/example_trigger_controller_dag.py
[2022-08-07 07:57:24,236] {processor.py:641} INFO - Processing file /Users/pro/Documents/a_env/proj_data/lib/python3.7/site-packages/airflow/example_dags/example_trigger_controller_dag.py for tasks to queue
[2022-08-07 07:57:24,237] {logging_mixin.py:115} INFO - [2022-08-07 07:57:24,237] {dagbag.py:508} INFO - Filling up the DagBag from /Users/pro/Documents/a_env/proj_data/lib/python3.7/site-packages/airflow/example_dags/example_trigger_controller_dag.py
[2022-08-07 07:57:24,242] {processor.py:651} INFO - DAG(s) dict_keys(['example_trigger_controller_dag']) retrieved from /Users/pro/Documents/a_env/proj_data/lib/python3.7/site-packages/airflow/example_dags/example_trigger_controller_dag.py
[2022-08-07 07:57:24,266] {logging_mixin.py:115} INFO - [2022-08-07 07:57:24,266] {dag.py:2420} INFO - Sync 1 DAGs
[2022-08-07 07:57:24,285] {logging_mixin.py:115} INFO - [2022-08-07 07:57:24,284] {dag.py:2972} INFO - Setting next_dagrun for example_trigger_controller_dag to 2021-01-01T00:00:00+00:00, run_after=2021-01-01T00:00:00+00:00
[2022-08-07 07:57:24,299] {processor.py:161} INFO - Processing /Users/pro/Documents/a_env/proj_data/lib/python3.7/site-packages/airflow/example_dags/example_trigger_controller_dag.py took 0.068 seconds
[2022-08-07 07:57:56,551] {processor.py:153} INFO - Started process (PID=93418) to work on /Users/pro/Documents/a_env/proj_data/lib/python3.7/site-packages/airflow/example_dags/example_trigger_controller_dag.py
[2022-08-07 07:57:56,552] {processor.py:641} INFO - Processing file /Users/pro/Documents/a_env/proj_data/lib/python3.7/site-packages/airflow/example_dags/example_trigger_controller_dag.py for tasks to queue
[2022-08-07 07:57:56,553] {logging_mixin.py:115} INFO - [2022-08-07 07:57:56,553] {dagbag.py:508} INFO - Filling up the DagBag from /Users/pro/Documents/a_env/proj_data/lib/python3.7/site-packages/airflow/example_dags/example_trigger_controller_dag.py
[2022-08-07 07:57:56,558] {processor.py:651} INFO - DAG(s) dict_keys(['example_trigger_controller_dag']) retrieved from /Users/pro/Documents/a_env/proj_data/lib/python3.7/site-packages/airflow/example_dags/example_trigger_controller_dag.py
[2022-08-07 07:57:56,582] {logging_mixin.py:115} INFO - [2022-08-07 07:57:56,582] {dag.py:2420} INFO - Sync 1 DAGs
[2022-08-07 07:57:56,599] {logging_mixin.py:115} INFO - [2022-08-07 07:57:56,599] {dag.py:2972} INFO - Setting next_dagrun for example_trigger_controller_dag to 2021-01-01T00:00:00+00:00, run_after=2021-01-01T00:00:00+00:00
[2022-08-07 07:57:56,612] {processor.py:161} INFO - Processing /Users/pro/Documents/a_env/proj_data/lib/python3.7/site-packages/airflow/example_dags/example_trigger_controller_dag.py took 0.065 seconds
[2022-08-07 07:58:32,656] {processor.py:153} INFO - Started process (PID=93459) to work on /Users/pro/Documents/a_env/proj_data/lib/python3.7/site-packages/airflow/example_dags/example_trigger_controller_dag.py
[2022-08-07 07:58:32,657] {processor.py:641} INFO - Processing file /Users/pro/Documents/a_env/proj_data/lib/python3.7/site-packages/airflow/example_dags/example_trigger_controller_dag.py for tasks to queue
[2022-08-07 07:58:32,659] {logging_mixin.py:115} INFO - [2022-08-07 07:58:32,658] {dagbag.py:508} INFO - Filling up the DagBag from /Users/pro/Documents/a_env/proj_data/lib/python3.7/site-packages/airflow/example_dags/example_trigger_controller_dag.py
[2022-08-07 07:58:32,664] {processor.py:651} INFO - DAG(s) dict_keys(['example_trigger_controller_dag']) retrieved from /Users/pro/Documents/a_env/proj_data/lib/python3.7/site-packages/airflow/example_dags/example_trigger_controller_dag.py
[2022-08-07 07:58:32,688] {logging_mixin.py:115} INFO - [2022-08-07 07:58:32,688] {dag.py:2420} INFO - Sync 1 DAGs
[2022-08-07 07:58:32,707] {logging_mixin.py:115} INFO - [2022-08-07 07:58:32,706] {dag.py:2972} INFO - Setting next_dagrun for example_trigger_controller_dag to 2021-01-01T00:00:00+00:00, run_after=2021-01-01T00:00:00+00:00
[2022-08-07 07:58:32,720] {processor.py:161} INFO - Processing /Users/pro/Documents/a_env/proj_data/lib/python3.7/site-packages/airflow/example_dags/example_trigger_controller_dag.py took 0.069 seconds
[2022-08-07 07:59:08,121] {processor.py:153} INFO - Started process (PID=93495) to work on /Users/pro/Documents/a_env/proj_data/lib/python3.7/site-packages/airflow/example_dags/example_trigger_controller_dag.py
[2022-08-07 07:59:08,122] {processor.py:641} INFO - Processing file /Users/pro/Documents/a_env/proj_data/lib/python3.7/site-packages/airflow/example_dags/example_trigger_controller_dag.py for tasks to queue
[2022-08-07 07:59:08,123] {logging_mixin.py:115} INFO - [2022-08-07 07:59:08,123] {dagbag.py:508} INFO - Filling up the DagBag from /Users/pro/Documents/a_env/proj_data/lib/python3.7/site-packages/airflow/example_dags/example_trigger_controller_dag.py
[2022-08-07 07:59:08,128] {processor.py:651} INFO - DAG(s) dict_keys(['example_trigger_controller_dag']) retrieved from /Users/pro/Documents/a_env/proj_data/lib/python3.7/site-packages/airflow/example_dags/example_trigger_controller_dag.py
[2022-08-07 07:59:08,151] {logging_mixin.py:115} INFO - [2022-08-07 07:59:08,150] {dag.py:2420} INFO - Sync 1 DAGs
[2022-08-07 07:59:08,169] {logging_mixin.py:115} INFO - [2022-08-07 07:59:08,168] {dag.py:2972} INFO - Setting next_dagrun for example_trigger_controller_dag to 2021-01-01T00:00:00+00:00, run_after=2021-01-01T00:00:00+00:00
[2022-08-07 07:59:08,181] {processor.py:161} INFO - Processing /Users/pro/Documents/a_env/proj_data/lib/python3.7/site-packages/airflow/example_dags/example_trigger_controller_dag.py took 0.064 seconds
[2022-08-07 07:59:40,826] {processor.py:153} INFO - Started process (PID=93532) to work on /Users/pro/Documents/a_env/proj_data/lib/python3.7/site-packages/airflow/example_dags/example_trigger_controller_dag.py
[2022-08-07 07:59:40,828] {processor.py:641} INFO - Processing file /Users/pro/Documents/a_env/proj_data/lib/python3.7/site-packages/airflow/example_dags/example_trigger_controller_dag.py for tasks to queue
[2022-08-07 07:59:40,829] {logging_mixin.py:115} INFO - [2022-08-07 07:59:40,829] {dagbag.py:508} INFO - Filling up the DagBag from /Users/pro/Documents/a_env/proj_data/lib/python3.7/site-packages/airflow/example_dags/example_trigger_controller_dag.py
[2022-08-07 07:59:40,834] {processor.py:651} INFO - DAG(s) dict_keys(['example_trigger_controller_dag']) retrieved from /Users/pro/Documents/a_env/proj_data/lib/python3.7/site-packages/airflow/example_dags/example_trigger_controller_dag.py
[2022-08-07 07:59:40,856] {logging_mixin.py:115} INFO - [2022-08-07 07:59:40,856] {dag.py:2420} INFO - Sync 1 DAGs
[2022-08-07 07:59:40,874] {logging_mixin.py:115} INFO - [2022-08-07 07:59:40,874] {dag.py:2972} INFO - Setting next_dagrun for example_trigger_controller_dag to 2021-01-01T00:00:00+00:00, run_after=2021-01-01T00:00:00+00:00
[2022-08-07 07:59:40,887] {processor.py:161} INFO - Processing /Users/pro/Documents/a_env/proj_data/lib/python3.7/site-packages/airflow/example_dags/example_trigger_controller_dag.py took 0.066 seconds
