[2022-08-06 10:35:17,908] {processor.py:153} INFO - Started process (PID=91252) to work on /Users/pro/Documents/a_env/proj_data/lib/python3.7/site-packages/airflow/example_dags/example_latest_only_with_trigger.py
[2022-08-06 10:35:17,909] {processor.py:641} INFO - Processing file /Users/pro/Documents/a_env/proj_data/lib/python3.7/site-packages/airflow/example_dags/example_latest_only_with_trigger.py for tasks to queue
[2022-08-06 10:35:17,910] {logging_mixin.py:115} INFO - [2022-08-06 10:35:17,910] {dagbag.py:508} INFO - Filling up the DagBag from /Users/pro/Documents/a_env/proj_data/lib/python3.7/site-packages/airflow/example_dags/example_latest_only_with_trigger.py
[2022-08-06 10:35:17,920] {processor.py:651} INFO - DAG(s) dict_keys(['latest_only_with_trigger']) retrieved from /Users/pro/Documents/a_env/proj_data/lib/python3.7/site-packages/airflow/example_dags/example_latest_only_with_trigger.py
[2022-08-06 10:35:17,957] {logging_mixin.py:115} INFO - [2022-08-06 10:35:17,956] {dag.py:2420} INFO - Sync 1 DAGs
[2022-08-06 10:35:17,979] {logging_mixin.py:115} INFO - [2022-08-06 10:35:17,979] {dag.py:2972} INFO - Setting next_dagrun for latest_only_with_trigger to 2022-08-05T22:35:17.978616+00:00, run_after=2022-08-06T02:35:17.978616+00:00
[2022-08-06 10:35:18,015] {processor.py:161} INFO - Processing /Users/pro/Documents/a_env/proj_data/lib/python3.7/site-packages/airflow/example_dags/example_latest_only_with_trigger.py took 0.111 seconds
[2022-08-06 21:09:54,451] {processor.py:153} INFO - Started process (PID=91558) to work on /Users/pro/Documents/a_env/proj_data/lib/python3.7/site-packages/airflow/example_dags/example_latest_only_with_trigger.py
[2022-08-06 21:09:54,453] {processor.py:641} INFO - Processing file /Users/pro/Documents/a_env/proj_data/lib/python3.7/site-packages/airflow/example_dags/example_latest_only_with_trigger.py for tasks to queue
[2022-08-06 21:09:54,454] {logging_mixin.py:115} INFO - [2022-08-06 21:09:54,454] {dagbag.py:508} INFO - Filling up the DagBag from /Users/pro/Documents/a_env/proj_data/lib/python3.7/site-packages/airflow/example_dags/example_latest_only_with_trigger.py
[2022-08-06 21:09:54,465] {processor.py:651} INFO - DAG(s) dict_keys(['latest_only_with_trigger']) retrieved from /Users/pro/Documents/a_env/proj_data/lib/python3.7/site-packages/airflow/example_dags/example_latest_only_with_trigger.py
[2022-08-06 21:09:54,486] {logging_mixin.py:115} INFO - [2022-08-06 21:09:54,485] {dag.py:2420} INFO - Sync 1 DAGs
[2022-08-06 21:09:54,505] {logging_mixin.py:115} INFO - [2022-08-06 21:09:54,504] {dag.py:2972} INFO - Setting next_dagrun for latest_only_with_trigger to 2022-08-06T09:09:54.504566+00:00, run_after=2022-08-06T13:09:54.504566+00:00
[2022-08-06 21:09:54,517] {processor.py:161} INFO - Processing /Users/pro/Documents/a_env/proj_data/lib/python3.7/site-packages/airflow/example_dags/example_latest_only_with_trigger.py took 0.069 seconds
[2022-08-06 21:10:30,680] {processor.py:153} INFO - Started process (PID=91605) to work on /Users/pro/Documents/a_env/proj_data/lib/python3.7/site-packages/airflow/example_dags/example_latest_only_with_trigger.py
[2022-08-06 21:10:30,682] {processor.py:641} INFO - Processing file /Users/pro/Documents/a_env/proj_data/lib/python3.7/site-packages/airflow/example_dags/example_latest_only_with_trigger.py for tasks to queue
[2022-08-06 21:10:30,683] {logging_mixin.py:115} INFO - [2022-08-06 21:10:30,683] {dagbag.py:508} INFO - Filling up the DagBag from /Users/pro/Documents/a_env/proj_data/lib/python3.7/site-packages/airflow/example_dags/example_latest_only_with_trigger.py
[2022-08-06 21:10:30,696] {processor.py:651} INFO - DAG(s) dict_keys(['latest_only_with_trigger']) retrieved from /Users/pro/Documents/a_env/proj_data/lib/python3.7/site-packages/airflow/example_dags/example_latest_only_with_trigger.py
[2022-08-06 21:10:30,722] {logging_mixin.py:115} INFO - [2022-08-06 21:10:30,722] {dag.py:2420} INFO - Sync 1 DAGs
[2022-08-06 21:10:30,746] {logging_mixin.py:115} INFO - [2022-08-06 21:10:30,746] {dag.py:2972} INFO - Setting next_dagrun for latest_only_with_trigger to 2022-08-06T09:10:30.746198+00:00, run_after=2022-08-06T13:10:30.746198+00:00
[2022-08-06 21:10:30,760] {processor.py:161} INFO - Processing /Users/pro/Documents/a_env/proj_data/lib/python3.7/site-packages/airflow/example_dags/example_latest_only_with_trigger.py took 0.084 seconds
[2022-08-06 21:11:04,067] {processor.py:153} INFO - Started process (PID=91651) to work on /Users/pro/Documents/a_env/proj_data/lib/python3.7/site-packages/airflow/example_dags/example_latest_only_with_trigger.py
[2022-08-06 21:11:04,068] {processor.py:641} INFO - Processing file /Users/pro/Documents/a_env/proj_data/lib/python3.7/site-packages/airflow/example_dags/example_latest_only_with_trigger.py for tasks to queue
[2022-08-06 21:11:04,069] {logging_mixin.py:115} INFO - [2022-08-06 21:11:04,069] {dagbag.py:508} INFO - Filling up the DagBag from /Users/pro/Documents/a_env/proj_data/lib/python3.7/site-packages/airflow/example_dags/example_latest_only_with_trigger.py
[2022-08-06 21:11:04,079] {processor.py:651} INFO - DAG(s) dict_keys(['latest_only_with_trigger']) retrieved from /Users/pro/Documents/a_env/proj_data/lib/python3.7/site-packages/airflow/example_dags/example_latest_only_with_trigger.py
[2022-08-06 21:11:04,109] {logging_mixin.py:115} INFO - [2022-08-06 21:11:04,109] {dag.py:2420} INFO - Sync 1 DAGs
[2022-08-06 21:11:04,134] {logging_mixin.py:115} INFO - [2022-08-06 21:11:04,133] {dag.py:2972} INFO - Setting next_dagrun for latest_only_with_trigger to 2022-08-06T09:11:04.133643+00:00, run_after=2022-08-06T13:11:04.133643+00:00
[2022-08-06 21:11:04,151] {processor.py:161} INFO - Processing /Users/pro/Documents/a_env/proj_data/lib/python3.7/site-packages/airflow/example_dags/example_latest_only_with_trigger.py took 0.088 seconds
[2022-08-06 21:11:40,844] {processor.py:153} INFO - Started process (PID=91701) to work on /Users/pro/Documents/a_env/proj_data/lib/python3.7/site-packages/airflow/example_dags/example_latest_only_with_trigger.py
[2022-08-06 21:11:40,847] {processor.py:641} INFO - Processing file /Users/pro/Documents/a_env/proj_data/lib/python3.7/site-packages/airflow/example_dags/example_latest_only_with_trigger.py for tasks to queue
[2022-08-06 21:11:40,848] {logging_mixin.py:115} INFO - [2022-08-06 21:11:40,848] {dagbag.py:508} INFO - Filling up the DagBag from /Users/pro/Documents/a_env/proj_data/lib/python3.7/site-packages/airflow/example_dags/example_latest_only_with_trigger.py
[2022-08-06 21:11:40,862] {processor.py:651} INFO - DAG(s) dict_keys(['latest_only_with_trigger']) retrieved from /Users/pro/Documents/a_env/proj_data/lib/python3.7/site-packages/airflow/example_dags/example_latest_only_with_trigger.py
[2022-08-06 21:11:40,885] {logging_mixin.py:115} INFO - [2022-08-06 21:11:40,885] {dag.py:2420} INFO - Sync 1 DAGs
[2022-08-06 21:11:40,906] {logging_mixin.py:115} INFO - [2022-08-06 21:11:40,906] {dag.py:2972} INFO - Setting next_dagrun for latest_only_with_trigger to 2022-08-06T09:11:40.905968+00:00, run_after=2022-08-06T13:11:40.905968+00:00
[2022-08-06 21:11:40,921] {processor.py:161} INFO - Processing /Users/pro/Documents/a_env/proj_data/lib/python3.7/site-packages/airflow/example_dags/example_latest_only_with_trigger.py took 0.081 seconds
[2022-08-07 00:14:54,490] {processor.py:153} INFO - Started process (PID=91841) to work on /Users/pro/Documents/a_env/proj_data/lib/python3.7/site-packages/airflow/example_dags/example_latest_only_with_trigger.py
[2022-08-07 00:14:54,494] {processor.py:641} INFO - Processing file /Users/pro/Documents/a_env/proj_data/lib/python3.7/site-packages/airflow/example_dags/example_latest_only_with_trigger.py for tasks to queue
[2022-08-07 00:14:54,495] {logging_mixin.py:115} INFO - [2022-08-07 00:14:54,495] {dagbag.py:508} INFO - Filling up the DagBag from /Users/pro/Documents/a_env/proj_data/lib/python3.7/site-packages/airflow/example_dags/example_latest_only_with_trigger.py
[2022-08-07 00:14:54,504] {processor.py:651} INFO - DAG(s) dict_keys(['latest_only_with_trigger']) retrieved from /Users/pro/Documents/a_env/proj_data/lib/python3.7/site-packages/airflow/example_dags/example_latest_only_with_trigger.py
[2022-08-07 00:14:54,524] {logging_mixin.py:115} INFO - [2022-08-07 00:14:54,523] {dag.py:2420} INFO - Sync 1 DAGs
[2022-08-07 00:14:54,544] {logging_mixin.py:115} INFO - [2022-08-07 00:14:54,544] {dag.py:2972} INFO - Setting next_dagrun for latest_only_with_trigger to 2022-08-06T12:14:54.544010+00:00, run_after=2022-08-06T16:14:54.544010+00:00
[2022-08-07 00:14:54,559] {processor.py:161} INFO - Processing /Users/pro/Documents/a_env/proj_data/lib/python3.7/site-packages/airflow/example_dags/example_latest_only_with_trigger.py took 0.073 seconds
[2022-08-07 07:14:55,444] {processor.py:153} INFO - Started process (PID=91993) to work on /Users/pro/Documents/a_env/proj_data/lib/python3.7/site-packages/airflow/example_dags/example_latest_only_with_trigger.py
[2022-08-07 07:14:55,445] {processor.py:641} INFO - Processing file /Users/pro/Documents/a_env/proj_data/lib/python3.7/site-packages/airflow/example_dags/example_latest_only_with_trigger.py for tasks to queue
[2022-08-07 07:14:55,447] {logging_mixin.py:115} INFO - [2022-08-07 07:14:55,446] {dagbag.py:508} INFO - Filling up the DagBag from /Users/pro/Documents/a_env/proj_data/lib/python3.7/site-packages/airflow/example_dags/example_latest_only_with_trigger.py
[2022-08-07 07:14:55,455] {processor.py:651} INFO - DAG(s) dict_keys(['latest_only_with_trigger']) retrieved from /Users/pro/Documents/a_env/proj_data/lib/python3.7/site-packages/airflow/example_dags/example_latest_only_with_trigger.py
[2022-08-07 07:14:55,476] {logging_mixin.py:115} INFO - [2022-08-07 07:14:55,476] {dag.py:2420} INFO - Sync 1 DAGs
[2022-08-07 07:14:55,499] {logging_mixin.py:115} INFO - [2022-08-07 07:14:55,499] {dag.py:2972} INFO - Setting next_dagrun for latest_only_with_trigger to 2022-08-06T19:14:55.499111+00:00, run_after=2022-08-06T23:14:55.499111+00:00
[2022-08-07 07:14:55,511] {processor.py:161} INFO - Processing /Users/pro/Documents/a_env/proj_data/lib/python3.7/site-packages/airflow/example_dags/example_latest_only_with_trigger.py took 0.071 seconds
[2022-08-07 07:39:08,160] {processor.py:153} INFO - Started process (PID=92085) to work on /Users/pro/Documents/a_env/proj_data/lib/python3.7/site-packages/airflow/example_dags/example_latest_only_with_trigger.py
[2022-08-07 07:39:08,161] {processor.py:641} INFO - Processing file /Users/pro/Documents/a_env/proj_data/lib/python3.7/site-packages/airflow/example_dags/example_latest_only_with_trigger.py for tasks to queue
[2022-08-07 07:39:08,162] {logging_mixin.py:115} INFO - [2022-08-07 07:39:08,162] {dagbag.py:508} INFO - Filling up the DagBag from /Users/pro/Documents/a_env/proj_data/lib/python3.7/site-packages/airflow/example_dags/example_latest_only_with_trigger.py
[2022-08-07 07:39:08,172] {processor.py:651} INFO - DAG(s) dict_keys(['latest_only_with_trigger']) retrieved from /Users/pro/Documents/a_env/proj_data/lib/python3.7/site-packages/airflow/example_dags/example_latest_only_with_trigger.py
[2022-08-07 07:39:08,196] {logging_mixin.py:115} INFO - [2022-08-07 07:39:08,196] {dag.py:2420} INFO - Sync 1 DAGs
[2022-08-07 07:39:08,256] {logging_mixin.py:115} INFO - [2022-08-07 07:39:08,254] {dag.py:2972} INFO - Setting next_dagrun for latest_only_with_trigger to 2022-08-06T19:39:08.252254+00:00, run_after=2022-08-06T23:39:08.252254+00:00
[2022-08-07 07:39:08,301] {processor.py:161} INFO - Processing /Users/pro/Documents/a_env/proj_data/lib/python3.7/site-packages/airflow/example_dags/example_latest_only_with_trigger.py took 0.149 seconds
[2022-08-07 07:39:43,303] {processor.py:153} INFO - Started process (PID=92126) to work on /Users/pro/Documents/a_env/proj_data/lib/python3.7/site-packages/airflow/example_dags/example_latest_only_with_trigger.py
[2022-08-07 07:39:43,304] {processor.py:641} INFO - Processing file /Users/pro/Documents/a_env/proj_data/lib/python3.7/site-packages/airflow/example_dags/example_latest_only_with_trigger.py for tasks to queue
[2022-08-07 07:39:43,307] {logging_mixin.py:115} INFO - [2022-08-07 07:39:43,306] {dagbag.py:508} INFO - Filling up the DagBag from /Users/pro/Documents/a_env/proj_data/lib/python3.7/site-packages/airflow/example_dags/example_latest_only_with_trigger.py
[2022-08-07 07:39:43,318] {processor.py:651} INFO - DAG(s) dict_keys(['latest_only_with_trigger']) retrieved from /Users/pro/Documents/a_env/proj_data/lib/python3.7/site-packages/airflow/example_dags/example_latest_only_with_trigger.py
[2022-08-07 07:39:43,345] {logging_mixin.py:115} INFO - [2022-08-07 07:39:43,344] {dag.py:2420} INFO - Sync 1 DAGs
[2022-08-07 07:39:43,373] {logging_mixin.py:115} INFO - [2022-08-07 07:39:43,373] {dag.py:2972} INFO - Setting next_dagrun for latest_only_with_trigger to 2022-08-06T19:39:43.372595+00:00, run_after=2022-08-06T23:39:43.372595+00:00
[2022-08-07 07:39:43,387] {processor.py:161} INFO - Processing /Users/pro/Documents/a_env/proj_data/lib/python3.7/site-packages/airflow/example_dags/example_latest_only_with_trigger.py took 0.095 seconds
[2022-08-07 07:40:16,775] {processor.py:153} INFO - Started process (PID=92205) to work on /Users/pro/Documents/a_env/proj_data/lib/python3.7/site-packages/airflow/example_dags/example_latest_only_with_trigger.py
[2022-08-07 07:40:16,779] {processor.py:641} INFO - Processing file /Users/pro/Documents/a_env/proj_data/lib/python3.7/site-packages/airflow/example_dags/example_latest_only_with_trigger.py for tasks to queue
[2022-08-07 07:40:16,780] {logging_mixin.py:115} INFO - [2022-08-07 07:40:16,780] {dagbag.py:508} INFO - Filling up the DagBag from /Users/pro/Documents/a_env/proj_data/lib/python3.7/site-packages/airflow/example_dags/example_latest_only_with_trigger.py
[2022-08-07 07:40:16,792] {processor.py:651} INFO - DAG(s) dict_keys(['latest_only_with_trigger']) retrieved from /Users/pro/Documents/a_env/proj_data/lib/python3.7/site-packages/airflow/example_dags/example_latest_only_with_trigger.py
[2022-08-07 07:40:16,814] {logging_mixin.py:115} INFO - [2022-08-07 07:40:16,814] {dag.py:2420} INFO - Sync 1 DAGs
[2022-08-07 07:40:16,839] {logging_mixin.py:115} INFO - [2022-08-07 07:40:16,838] {dag.py:2972} INFO - Setting next_dagrun for latest_only_with_trigger to 2022-08-06T19:40:16.838313+00:00, run_after=2022-08-06T23:40:16.838313+00:00
[2022-08-07 07:40:16,860] {processor.py:161} INFO - Processing /Users/pro/Documents/a_env/proj_data/lib/python3.7/site-packages/airflow/example_dags/example_latest_only_with_trigger.py took 0.090 seconds
[2022-08-07 07:40:53,431] {processor.py:153} INFO - Started process (PID=92268) to work on /Users/pro/Documents/a_env/proj_data/lib/python3.7/site-packages/airflow/example_dags/example_latest_only_with_trigger.py
[2022-08-07 07:40:53,432] {processor.py:641} INFO - Processing file /Users/pro/Documents/a_env/proj_data/lib/python3.7/site-packages/airflow/example_dags/example_latest_only_with_trigger.py for tasks to queue
[2022-08-07 07:40:53,433] {logging_mixin.py:115} INFO - [2022-08-07 07:40:53,433] {dagbag.py:508} INFO - Filling up the DagBag from /Users/pro/Documents/a_env/proj_data/lib/python3.7/site-packages/airflow/example_dags/example_latest_only_with_trigger.py
[2022-08-07 07:40:53,444] {processor.py:651} INFO - DAG(s) dict_keys(['latest_only_with_trigger']) retrieved from /Users/pro/Documents/a_env/proj_data/lib/python3.7/site-packages/airflow/example_dags/example_latest_only_with_trigger.py
[2022-08-07 07:40:53,466] {logging_mixin.py:115} INFO - [2022-08-07 07:40:53,465] {dag.py:2420} INFO - Sync 1 DAGs
[2022-08-07 07:40:53,490] {logging_mixin.py:115} INFO - [2022-08-07 07:40:53,489] {dag.py:2972} INFO - Setting next_dagrun for latest_only_with_trigger to 2022-08-06T19:40:53.489330+00:00, run_after=2022-08-06T23:40:53.489330+00:00
[2022-08-07 07:40:53,502] {processor.py:161} INFO - Processing /Users/pro/Documents/a_env/proj_data/lib/python3.7/site-packages/airflow/example_dags/example_latest_only_with_trigger.py took 0.075 seconds
[2022-08-07 07:41:29,568] {processor.py:153} INFO - Started process (PID=92310) to work on /Users/pro/Documents/a_env/proj_data/lib/python3.7/site-packages/airflow/example_dags/example_latest_only_with_trigger.py
[2022-08-07 07:41:29,570] {processor.py:641} INFO - Processing file /Users/pro/Documents/a_env/proj_data/lib/python3.7/site-packages/airflow/example_dags/example_latest_only_with_trigger.py for tasks to queue
[2022-08-07 07:41:29,571] {logging_mixin.py:115} INFO - [2022-08-07 07:41:29,570] {dagbag.py:508} INFO - Filling up the DagBag from /Users/pro/Documents/a_env/proj_data/lib/python3.7/site-packages/airflow/example_dags/example_latest_only_with_trigger.py
[2022-08-07 07:41:29,580] {processor.py:651} INFO - DAG(s) dict_keys(['latest_only_with_trigger']) retrieved from /Users/pro/Documents/a_env/proj_data/lib/python3.7/site-packages/airflow/example_dags/example_latest_only_with_trigger.py
[2022-08-07 07:41:29,602] {logging_mixin.py:115} INFO - [2022-08-07 07:41:29,601] {dag.py:2420} INFO - Sync 1 DAGs
[2022-08-07 07:41:29,629] {logging_mixin.py:115} INFO - [2022-08-07 07:41:29,629] {dag.py:2972} INFO - Setting next_dagrun for latest_only_with_trigger to 2022-08-06T19:41:29.629215+00:00, run_after=2022-08-06T23:41:29.629215+00:00
[2022-08-07 07:41:29,641] {processor.py:161} INFO - Processing /Users/pro/Documents/a_env/proj_data/lib/python3.7/site-packages/airflow/example_dags/example_latest_only_with_trigger.py took 0.077 seconds
[2022-08-07 07:42:03,005] {processor.py:153} INFO - Started process (PID=92355) to work on /Users/pro/Documents/a_env/proj_data/lib/python3.7/site-packages/airflow/example_dags/example_latest_only_with_trigger.py
[2022-08-07 07:42:03,006] {processor.py:641} INFO - Processing file /Users/pro/Documents/a_env/proj_data/lib/python3.7/site-packages/airflow/example_dags/example_latest_only_with_trigger.py for tasks to queue
[2022-08-07 07:42:03,007] {logging_mixin.py:115} INFO - [2022-08-07 07:42:03,007] {dagbag.py:508} INFO - Filling up the DagBag from /Users/pro/Documents/a_env/proj_data/lib/python3.7/site-packages/airflow/example_dags/example_latest_only_with_trigger.py
[2022-08-07 07:42:03,017] {processor.py:651} INFO - DAG(s) dict_keys(['latest_only_with_trigger']) retrieved from /Users/pro/Documents/a_env/proj_data/lib/python3.7/site-packages/airflow/example_dags/example_latest_only_with_trigger.py
[2022-08-07 07:42:03,038] {logging_mixin.py:115} INFO - [2022-08-07 07:42:03,038] {dag.py:2420} INFO - Sync 1 DAGs
[2022-08-07 07:42:03,062] {logging_mixin.py:115} INFO - [2022-08-07 07:42:03,062] {dag.py:2972} INFO - Setting next_dagrun for latest_only_with_trigger to 2022-08-06T19:42:03.061718+00:00, run_after=2022-08-06T23:42:03.061718+00:00
[2022-08-07 07:42:03,074] {processor.py:161} INFO - Processing /Users/pro/Documents/a_env/proj_data/lib/python3.7/site-packages/airflow/example_dags/example_latest_only_with_trigger.py took 0.074 seconds
[2022-08-07 07:42:38,390] {processor.py:153} INFO - Started process (PID=92391) to work on /Users/pro/Documents/a_env/proj_data/lib/python3.7/site-packages/airflow/example_dags/example_latest_only_with_trigger.py
[2022-08-07 07:42:38,391] {processor.py:641} INFO - Processing file /Users/pro/Documents/a_env/proj_data/lib/python3.7/site-packages/airflow/example_dags/example_latest_only_with_trigger.py for tasks to queue
[2022-08-07 07:42:38,393] {logging_mixin.py:115} INFO - [2022-08-07 07:42:38,393] {dagbag.py:508} INFO - Filling up the DagBag from /Users/pro/Documents/a_env/proj_data/lib/python3.7/site-packages/airflow/example_dags/example_latest_only_with_trigger.py
[2022-08-07 07:42:38,403] {processor.py:651} INFO - DAG(s) dict_keys(['latest_only_with_trigger']) retrieved from /Users/pro/Documents/a_env/proj_data/lib/python3.7/site-packages/airflow/example_dags/example_latest_only_with_trigger.py
[2022-08-07 07:42:38,424] {logging_mixin.py:115} INFO - [2022-08-07 07:42:38,424] {dag.py:2420} INFO - Sync 1 DAGs
[2022-08-07 07:42:38,446] {logging_mixin.py:115} INFO - [2022-08-07 07:42:38,446] {dag.py:2972} INFO - Setting next_dagrun for latest_only_with_trigger to 2022-08-06T19:42:38.445970+00:00, run_after=2022-08-06T23:42:38.445970+00:00
[2022-08-07 07:42:38,460] {processor.py:161} INFO - Processing /Users/pro/Documents/a_env/proj_data/lib/python3.7/site-packages/airflow/example_dags/example_latest_only_with_trigger.py took 0.074 seconds
[2022-08-07 07:43:13,307] {processor.py:153} INFO - Started process (PID=92429) to work on /Users/pro/Documents/a_env/proj_data/lib/python3.7/site-packages/airflow/example_dags/example_latest_only_with_trigger.py
[2022-08-07 07:43:13,309] {processor.py:641} INFO - Processing file /Users/pro/Documents/a_env/proj_data/lib/python3.7/site-packages/airflow/example_dags/example_latest_only_with_trigger.py for tasks to queue
[2022-08-07 07:43:13,311] {logging_mixin.py:115} INFO - [2022-08-07 07:43:13,310] {dagbag.py:508} INFO - Filling up the DagBag from /Users/pro/Documents/a_env/proj_data/lib/python3.7/site-packages/airflow/example_dags/example_latest_only_with_trigger.py
[2022-08-07 07:43:13,320] {processor.py:651} INFO - DAG(s) dict_keys(['latest_only_with_trigger']) retrieved from /Users/pro/Documents/a_env/proj_data/lib/python3.7/site-packages/airflow/example_dags/example_latest_only_with_trigger.py
[2022-08-07 07:43:13,344] {logging_mixin.py:115} INFO - [2022-08-07 07:43:13,344] {dag.py:2420} INFO - Sync 1 DAGs
[2022-08-07 07:43:13,373] {logging_mixin.py:115} INFO - [2022-08-07 07:43:13,373] {dag.py:2972} INFO - Setting next_dagrun for latest_only_with_trigger to 2022-08-06T19:43:13.373073+00:00, run_after=2022-08-06T23:43:13.373073+00:00
[2022-08-07 07:43:13,387] {processor.py:161} INFO - Processing /Users/pro/Documents/a_env/proj_data/lib/python3.7/site-packages/airflow/example_dags/example_latest_only_with_trigger.py took 0.085 seconds
[2022-08-07 07:43:49,461] {processor.py:153} INFO - Started process (PID=92468) to work on /Users/pro/Documents/a_env/proj_data/lib/python3.7/site-packages/airflow/example_dags/example_latest_only_with_trigger.py
[2022-08-07 07:43:49,463] {processor.py:641} INFO - Processing file /Users/pro/Documents/a_env/proj_data/lib/python3.7/site-packages/airflow/example_dags/example_latest_only_with_trigger.py for tasks to queue
[2022-08-07 07:43:49,464] {logging_mixin.py:115} INFO - [2022-08-07 07:43:49,464] {dagbag.py:508} INFO - Filling up the DagBag from /Users/pro/Documents/a_env/proj_data/lib/python3.7/site-packages/airflow/example_dags/example_latest_only_with_trigger.py
[2022-08-07 07:43:49,476] {processor.py:651} INFO - DAG(s) dict_keys(['latest_only_with_trigger']) retrieved from /Users/pro/Documents/a_env/proj_data/lib/python3.7/site-packages/airflow/example_dags/example_latest_only_with_trigger.py
[2022-08-07 07:43:49,496] {logging_mixin.py:115} INFO - [2022-08-07 07:43:49,495] {dag.py:2420} INFO - Sync 1 DAGs
[2022-08-07 07:43:49,518] {logging_mixin.py:115} INFO - [2022-08-07 07:43:49,518] {dag.py:2972} INFO - Setting next_dagrun for latest_only_with_trigger to 2022-08-06T19:43:49.517782+00:00, run_after=2022-08-06T23:43:49.517782+00:00
[2022-08-07 07:43:49,531] {processor.py:161} INFO - Processing /Users/pro/Documents/a_env/proj_data/lib/python3.7/site-packages/airflow/example_dags/example_latest_only_with_trigger.py took 0.074 seconds
[2022-08-07 07:44:26,106] {processor.py:153} INFO - Started process (PID=92522) to work on /Users/pro/Documents/a_env/proj_data/lib/python3.7/site-packages/airflow/example_dags/example_latest_only_with_trigger.py
[2022-08-07 07:44:26,107] {processor.py:641} INFO - Processing file /Users/pro/Documents/a_env/proj_data/lib/python3.7/site-packages/airflow/example_dags/example_latest_only_with_trigger.py for tasks to queue
[2022-08-07 07:44:26,109] {logging_mixin.py:115} INFO - [2022-08-07 07:44:26,108] {dagbag.py:508} INFO - Filling up the DagBag from /Users/pro/Documents/a_env/proj_data/lib/python3.7/site-packages/airflow/example_dags/example_latest_only_with_trigger.py
[2022-08-07 07:44:26,118] {processor.py:651} INFO - DAG(s) dict_keys(['latest_only_with_trigger']) retrieved from /Users/pro/Documents/a_env/proj_data/lib/python3.7/site-packages/airflow/example_dags/example_latest_only_with_trigger.py
[2022-08-07 07:44:26,140] {logging_mixin.py:115} INFO - [2022-08-07 07:44:26,140] {dag.py:2420} INFO - Sync 1 DAGs
[2022-08-07 07:44:26,163] {logging_mixin.py:115} INFO - [2022-08-07 07:44:26,162] {dag.py:2972} INFO - Setting next_dagrun for latest_only_with_trigger to 2022-08-06T19:44:26.162589+00:00, run_after=2022-08-06T23:44:26.162589+00:00
[2022-08-07 07:44:26,177] {processor.py:161} INFO - Processing /Users/pro/Documents/a_env/proj_data/lib/python3.7/site-packages/airflow/example_dags/example_latest_only_with_trigger.py took 0.075 seconds
[2022-08-07 07:45:01,792] {processor.py:153} INFO - Started process (PID=92558) to work on /Users/pro/Documents/a_env/proj_data/lib/python3.7/site-packages/airflow/example_dags/example_latest_only_with_trigger.py
[2022-08-07 07:45:01,793] {processor.py:641} INFO - Processing file /Users/pro/Documents/a_env/proj_data/lib/python3.7/site-packages/airflow/example_dags/example_latest_only_with_trigger.py for tasks to queue
[2022-08-07 07:45:01,794] {logging_mixin.py:115} INFO - [2022-08-07 07:45:01,794] {dagbag.py:508} INFO - Filling up the DagBag from /Users/pro/Documents/a_env/proj_data/lib/python3.7/site-packages/airflow/example_dags/example_latest_only_with_trigger.py
[2022-08-07 07:45:01,803] {processor.py:651} INFO - DAG(s) dict_keys(['latest_only_with_trigger']) retrieved from /Users/pro/Documents/a_env/proj_data/lib/python3.7/site-packages/airflow/example_dags/example_latest_only_with_trigger.py
[2022-08-07 07:45:01,823] {logging_mixin.py:115} INFO - [2022-08-07 07:45:01,822] {dag.py:2420} INFO - Sync 1 DAGs
[2022-08-07 07:45:01,846] {logging_mixin.py:115} INFO - [2022-08-07 07:45:01,846] {dag.py:2972} INFO - Setting next_dagrun for latest_only_with_trigger to 2022-08-06T19:45:01.845955+00:00, run_after=2022-08-06T23:45:01.845955+00:00
[2022-08-07 07:45:01,858] {processor.py:161} INFO - Processing /Users/pro/Documents/a_env/proj_data/lib/python3.7/site-packages/airflow/example_dags/example_latest_only_with_trigger.py took 0.071 seconds
[2022-08-07 07:45:39,520] {processor.py:153} INFO - Started process (PID=92599) to work on /Users/pro/Documents/a_env/proj_data/lib/python3.7/site-packages/airflow/example_dags/example_latest_only_with_trigger.py
[2022-08-07 07:45:39,521] {processor.py:641} INFO - Processing file /Users/pro/Documents/a_env/proj_data/lib/python3.7/site-packages/airflow/example_dags/example_latest_only_with_trigger.py for tasks to queue
[2022-08-07 07:45:39,522] {logging_mixin.py:115} INFO - [2022-08-07 07:45:39,522] {dagbag.py:508} INFO - Filling up the DagBag from /Users/pro/Documents/a_env/proj_data/lib/python3.7/site-packages/airflow/example_dags/example_latest_only_with_trigger.py
[2022-08-07 07:45:39,531] {processor.py:651} INFO - DAG(s) dict_keys(['latest_only_with_trigger']) retrieved from /Users/pro/Documents/a_env/proj_data/lib/python3.7/site-packages/airflow/example_dags/example_latest_only_with_trigger.py
[2022-08-07 07:45:39,552] {logging_mixin.py:115} INFO - [2022-08-07 07:45:39,552] {dag.py:2420} INFO - Sync 1 DAGs
[2022-08-07 07:45:39,575] {logging_mixin.py:115} INFO - [2022-08-07 07:45:39,574] {dag.py:2972} INFO - Setting next_dagrun for latest_only_with_trigger to 2022-08-06T19:45:39.574386+00:00, run_after=2022-08-06T23:45:39.574386+00:00
[2022-08-07 07:45:39,587] {processor.py:161} INFO - Processing /Users/pro/Documents/a_env/proj_data/lib/python3.7/site-packages/airflow/example_dags/example_latest_only_with_trigger.py took 0.072 seconds
[2022-08-07 07:46:14,328] {processor.py:153} INFO - Started process (PID=92635) to work on /Users/pro/Documents/a_env/proj_data/lib/python3.7/site-packages/airflow/example_dags/example_latest_only_with_trigger.py
[2022-08-07 07:46:14,329] {processor.py:641} INFO - Processing file /Users/pro/Documents/a_env/proj_data/lib/python3.7/site-packages/airflow/example_dags/example_latest_only_with_trigger.py for tasks to queue
[2022-08-07 07:46:14,331] {logging_mixin.py:115} INFO - [2022-08-07 07:46:14,330] {dagbag.py:508} INFO - Filling up the DagBag from /Users/pro/Documents/a_env/proj_data/lib/python3.7/site-packages/airflow/example_dags/example_latest_only_with_trigger.py
[2022-08-07 07:46:14,340] {processor.py:651} INFO - DAG(s) dict_keys(['latest_only_with_trigger']) retrieved from /Users/pro/Documents/a_env/proj_data/lib/python3.7/site-packages/airflow/example_dags/example_latest_only_with_trigger.py
[2022-08-07 07:46:14,362] {logging_mixin.py:115} INFO - [2022-08-07 07:46:14,361] {dag.py:2420} INFO - Sync 1 DAGs
[2022-08-07 07:46:14,388] {logging_mixin.py:115} INFO - [2022-08-07 07:46:14,388] {dag.py:2972} INFO - Setting next_dagrun for latest_only_with_trigger to 2022-08-06T19:46:14.388108+00:00, run_after=2022-08-06T23:46:14.388108+00:00
[2022-08-07 07:46:14,407] {processor.py:161} INFO - Processing /Users/pro/Documents/a_env/proj_data/lib/python3.7/site-packages/airflow/example_dags/example_latest_only_with_trigger.py took 0.084 seconds
[2022-08-07 07:46:49,328] {processor.py:153} INFO - Started process (PID=92671) to work on /Users/pro/Documents/a_env/proj_data/lib/python3.7/site-packages/airflow/example_dags/example_latest_only_with_trigger.py
[2022-08-07 07:46:49,330] {processor.py:641} INFO - Processing file /Users/pro/Documents/a_env/proj_data/lib/python3.7/site-packages/airflow/example_dags/example_latest_only_with_trigger.py for tasks to queue
[2022-08-07 07:46:49,331] {logging_mixin.py:115} INFO - [2022-08-07 07:46:49,331] {dagbag.py:508} INFO - Filling up the DagBag from /Users/pro/Documents/a_env/proj_data/lib/python3.7/site-packages/airflow/example_dags/example_latest_only_with_trigger.py
[2022-08-07 07:46:49,342] {processor.py:651} INFO - DAG(s) dict_keys(['latest_only_with_trigger']) retrieved from /Users/pro/Documents/a_env/proj_data/lib/python3.7/site-packages/airflow/example_dags/example_latest_only_with_trigger.py
[2022-08-07 07:46:49,366] {logging_mixin.py:115} INFO - [2022-08-07 07:46:49,365] {dag.py:2420} INFO - Sync 1 DAGs
[2022-08-07 07:46:49,394] {logging_mixin.py:115} INFO - [2022-08-07 07:46:49,394] {dag.py:2972} INFO - Setting next_dagrun for latest_only_with_trigger to 2022-08-06T19:46:49.394123+00:00, run_after=2022-08-06T23:46:49.394123+00:00
[2022-08-07 07:46:49,408] {processor.py:161} INFO - Processing /Users/pro/Documents/a_env/proj_data/lib/python3.7/site-packages/airflow/example_dags/example_latest_only_with_trigger.py took 0.084 seconds
[2022-08-07 07:47:22,214] {processor.py:153} INFO - Started process (PID=92705) to work on /Users/pro/Documents/a_env/proj_data/lib/python3.7/site-packages/airflow/example_dags/example_latest_only_with_trigger.py
[2022-08-07 07:47:22,215] {processor.py:641} INFO - Processing file /Users/pro/Documents/a_env/proj_data/lib/python3.7/site-packages/airflow/example_dags/example_latest_only_with_trigger.py for tasks to queue
[2022-08-07 07:47:22,216] {logging_mixin.py:115} INFO - [2022-08-07 07:47:22,216] {dagbag.py:508} INFO - Filling up the DagBag from /Users/pro/Documents/a_env/proj_data/lib/python3.7/site-packages/airflow/example_dags/example_latest_only_with_trigger.py
[2022-08-07 07:47:22,226] {processor.py:651} INFO - DAG(s) dict_keys(['latest_only_with_trigger']) retrieved from /Users/pro/Documents/a_env/proj_data/lib/python3.7/site-packages/airflow/example_dags/example_latest_only_with_trigger.py
[2022-08-07 07:47:22,262] {logging_mixin.py:115} INFO - [2022-08-07 07:47:22,261] {dag.py:2420} INFO - Sync 1 DAGs
[2022-08-07 07:47:22,285] {logging_mixin.py:115} INFO - [2022-08-07 07:47:22,285] {dag.py:2972} INFO - Setting next_dagrun for latest_only_with_trigger to 2022-08-06T19:47:22.285140+00:00, run_after=2022-08-06T23:47:22.285140+00:00
[2022-08-07 07:47:22,301] {processor.py:161} INFO - Processing /Users/pro/Documents/a_env/proj_data/lib/python3.7/site-packages/airflow/example_dags/example_latest_only_with_trigger.py took 0.092 seconds
[2022-08-07 07:47:56,113] {processor.py:153} INFO - Started process (PID=92746) to work on /Users/pro/Documents/a_env/proj_data/lib/python3.7/site-packages/airflow/example_dags/example_latest_only_with_trigger.py
[2022-08-07 07:47:56,115] {processor.py:641} INFO - Processing file /Users/pro/Documents/a_env/proj_data/lib/python3.7/site-packages/airflow/example_dags/example_latest_only_with_trigger.py for tasks to queue
[2022-08-07 07:47:56,117] {logging_mixin.py:115} INFO - [2022-08-07 07:47:56,116] {dagbag.py:508} INFO - Filling up the DagBag from /Users/pro/Documents/a_env/proj_data/lib/python3.7/site-packages/airflow/example_dags/example_latest_only_with_trigger.py
[2022-08-07 07:47:56,126] {processor.py:651} INFO - DAG(s) dict_keys(['latest_only_with_trigger']) retrieved from /Users/pro/Documents/a_env/proj_data/lib/python3.7/site-packages/airflow/example_dags/example_latest_only_with_trigger.py
[2022-08-07 07:47:56,147] {logging_mixin.py:115} INFO - [2022-08-07 07:47:56,147] {dag.py:2420} INFO - Sync 1 DAGs
[2022-08-07 07:47:56,172] {logging_mixin.py:115} INFO - [2022-08-07 07:47:56,171] {dag.py:2972} INFO - Setting next_dagrun for latest_only_with_trigger to 2022-08-06T19:47:56.171462+00:00, run_after=2022-08-06T23:47:56.171462+00:00
[2022-08-07 07:47:56,186] {processor.py:161} INFO - Processing /Users/pro/Documents/a_env/proj_data/lib/python3.7/site-packages/airflow/example_dags/example_latest_only_with_trigger.py took 0.078 seconds
[2022-08-07 07:48:30,177] {processor.py:153} INFO - Started process (PID=92784) to work on /Users/pro/Documents/a_env/proj_data/lib/python3.7/site-packages/airflow/example_dags/example_latest_only_with_trigger.py
[2022-08-07 07:48:30,178] {processor.py:641} INFO - Processing file /Users/pro/Documents/a_env/proj_data/lib/python3.7/site-packages/airflow/example_dags/example_latest_only_with_trigger.py for tasks to queue
[2022-08-07 07:48:30,179] {logging_mixin.py:115} INFO - [2022-08-07 07:48:30,179] {dagbag.py:508} INFO - Filling up the DagBag from /Users/pro/Documents/a_env/proj_data/lib/python3.7/site-packages/airflow/example_dags/example_latest_only_with_trigger.py
[2022-08-07 07:48:30,188] {processor.py:651} INFO - DAG(s) dict_keys(['latest_only_with_trigger']) retrieved from /Users/pro/Documents/a_env/proj_data/lib/python3.7/site-packages/airflow/example_dags/example_latest_only_with_trigger.py
[2022-08-07 07:48:30,213] {logging_mixin.py:115} INFO - [2022-08-07 07:48:30,212] {dag.py:2420} INFO - Sync 1 DAGs
[2022-08-07 07:48:30,238] {logging_mixin.py:115} INFO - [2022-08-07 07:48:30,237] {dag.py:2972} INFO - Setting next_dagrun for latest_only_with_trigger to 2022-08-06T19:48:30.237549+00:00, run_after=2022-08-06T23:48:30.237549+00:00
[2022-08-07 07:48:30,253] {processor.py:161} INFO - Processing /Users/pro/Documents/a_env/proj_data/lib/python3.7/site-packages/airflow/example_dags/example_latest_only_with_trigger.py took 0.080 seconds
[2022-08-07 07:49:05,175] {processor.py:153} INFO - Started process (PID=92822) to work on /Users/pro/Documents/a_env/proj_data/lib/python3.7/site-packages/airflow/example_dags/example_latest_only_with_trigger.py
[2022-08-07 07:49:05,176] {processor.py:641} INFO - Processing file /Users/pro/Documents/a_env/proj_data/lib/python3.7/site-packages/airflow/example_dags/example_latest_only_with_trigger.py for tasks to queue
[2022-08-07 07:49:05,177] {logging_mixin.py:115} INFO - [2022-08-07 07:49:05,177] {dagbag.py:508} INFO - Filling up the DagBag from /Users/pro/Documents/a_env/proj_data/lib/python3.7/site-packages/airflow/example_dags/example_latest_only_with_trigger.py
[2022-08-07 07:49:05,186] {processor.py:651} INFO - DAG(s) dict_keys(['latest_only_with_trigger']) retrieved from /Users/pro/Documents/a_env/proj_data/lib/python3.7/site-packages/airflow/example_dags/example_latest_only_with_trigger.py
[2022-08-07 07:49:05,207] {logging_mixin.py:115} INFO - [2022-08-07 07:49:05,206] {dag.py:2420} INFO - Sync 1 DAGs
[2022-08-07 07:49:05,229] {logging_mixin.py:115} INFO - [2022-08-07 07:49:05,229] {dag.py:2972} INFO - Setting next_dagrun for latest_only_with_trigger to 2022-08-06T19:49:05.228523+00:00, run_after=2022-08-06T23:49:05.228523+00:00
[2022-08-07 07:49:05,242] {processor.py:161} INFO - Processing /Users/pro/Documents/a_env/proj_data/lib/python3.7/site-packages/airflow/example_dags/example_latest_only_with_trigger.py took 0.071 seconds
[2022-08-07 07:49:41,388] {processor.py:153} INFO - Started process (PID=92863) to work on /Users/pro/Documents/a_env/proj_data/lib/python3.7/site-packages/airflow/example_dags/example_latest_only_with_trigger.py
[2022-08-07 07:49:41,390] {processor.py:641} INFO - Processing file /Users/pro/Documents/a_env/proj_data/lib/python3.7/site-packages/airflow/example_dags/example_latest_only_with_trigger.py for tasks to queue
[2022-08-07 07:49:41,391] {logging_mixin.py:115} INFO - [2022-08-07 07:49:41,391] {dagbag.py:508} INFO - Filling up the DagBag from /Users/pro/Documents/a_env/proj_data/lib/python3.7/site-packages/airflow/example_dags/example_latest_only_with_trigger.py
[2022-08-07 07:49:41,403] {processor.py:651} INFO - DAG(s) dict_keys(['latest_only_with_trigger']) retrieved from /Users/pro/Documents/a_env/proj_data/lib/python3.7/site-packages/airflow/example_dags/example_latest_only_with_trigger.py
[2022-08-07 07:49:41,423] {logging_mixin.py:115} INFO - [2022-08-07 07:49:41,423] {dag.py:2420} INFO - Sync 1 DAGs
[2022-08-07 07:49:41,445] {logging_mixin.py:115} INFO - [2022-08-07 07:49:41,445] {dag.py:2972} INFO - Setting next_dagrun for latest_only_with_trigger to 2022-08-06T19:49:41.445077+00:00, run_after=2022-08-06T23:49:41.445077+00:00
[2022-08-07 07:49:41,459] {processor.py:161} INFO - Processing /Users/pro/Documents/a_env/proj_data/lib/python3.7/site-packages/airflow/example_dags/example_latest_only_with_trigger.py took 0.075 seconds
[2022-08-07 07:50:14,932] {processor.py:153} INFO - Started process (PID=92899) to work on /Users/pro/Documents/a_env/proj_data/lib/python3.7/site-packages/airflow/example_dags/example_latest_only_with_trigger.py
[2022-08-07 07:50:14,934] {processor.py:641} INFO - Processing file /Users/pro/Documents/a_env/proj_data/lib/python3.7/site-packages/airflow/example_dags/example_latest_only_with_trigger.py for tasks to queue
[2022-08-07 07:50:14,935] {logging_mixin.py:115} INFO - [2022-08-07 07:50:14,935] {dagbag.py:508} INFO - Filling up the DagBag from /Users/pro/Documents/a_env/proj_data/lib/python3.7/site-packages/airflow/example_dags/example_latest_only_with_trigger.py
[2022-08-07 07:50:14,945] {processor.py:651} INFO - DAG(s) dict_keys(['latest_only_with_trigger']) retrieved from /Users/pro/Documents/a_env/proj_data/lib/python3.7/site-packages/airflow/example_dags/example_latest_only_with_trigger.py
[2022-08-07 07:50:14,966] {logging_mixin.py:115} INFO - [2022-08-07 07:50:14,965] {dag.py:2420} INFO - Sync 1 DAGs
[2022-08-07 07:50:14,988] {logging_mixin.py:115} INFO - [2022-08-07 07:50:14,987] {dag.py:2972} INFO - Setting next_dagrun for latest_only_with_trigger to 2022-08-06T19:50:14.987468+00:00, run_after=2022-08-06T23:50:14.987468+00:00
[2022-08-07 07:50:14,999] {processor.py:161} INFO - Processing /Users/pro/Documents/a_env/proj_data/lib/python3.7/site-packages/airflow/example_dags/example_latest_only_with_trigger.py took 0.071 seconds
[2022-08-07 07:50:49,636] {processor.py:153} INFO - Started process (PID=92935) to work on /Users/pro/Documents/a_env/proj_data/lib/python3.7/site-packages/airflow/example_dags/example_latest_only_with_trigger.py
[2022-08-07 07:50:49,637] {processor.py:641} INFO - Processing file /Users/pro/Documents/a_env/proj_data/lib/python3.7/site-packages/airflow/example_dags/example_latest_only_with_trigger.py for tasks to queue
[2022-08-07 07:50:49,638] {logging_mixin.py:115} INFO - [2022-08-07 07:50:49,638] {dagbag.py:508} INFO - Filling up the DagBag from /Users/pro/Documents/a_env/proj_data/lib/python3.7/site-packages/airflow/example_dags/example_latest_only_with_trigger.py
[2022-08-07 07:50:49,654] {processor.py:651} INFO - DAG(s) dict_keys(['latest_only_with_trigger']) retrieved from /Users/pro/Documents/a_env/proj_data/lib/python3.7/site-packages/airflow/example_dags/example_latest_only_with_trigger.py
[2022-08-07 07:50:49,682] {logging_mixin.py:115} INFO - [2022-08-07 07:50:49,682] {dag.py:2420} INFO - Sync 1 DAGs
[2022-08-07 07:50:49,707] {logging_mixin.py:115} INFO - [2022-08-07 07:50:49,707] {dag.py:2972} INFO - Setting next_dagrun for latest_only_with_trigger to 2022-08-06T19:50:49.707216+00:00, run_after=2022-08-06T23:50:49.707216+00:00
[2022-08-07 07:50:49,720] {processor.py:161} INFO - Processing /Users/pro/Documents/a_env/proj_data/lib/python3.7/site-packages/airflow/example_dags/example_latest_only_with_trigger.py took 0.090 seconds
[2022-08-07 07:51:23,350] {processor.py:153} INFO - Started process (PID=92970) to work on /Users/pro/Documents/a_env/proj_data/lib/python3.7/site-packages/airflow/example_dags/example_latest_only_with_trigger.py
[2022-08-07 07:51:23,351] {processor.py:641} INFO - Processing file /Users/pro/Documents/a_env/proj_data/lib/python3.7/site-packages/airflow/example_dags/example_latest_only_with_trigger.py for tasks to queue
[2022-08-07 07:51:23,352] {logging_mixin.py:115} INFO - [2022-08-07 07:51:23,352] {dagbag.py:508} INFO - Filling up the DagBag from /Users/pro/Documents/a_env/proj_data/lib/python3.7/site-packages/airflow/example_dags/example_latest_only_with_trigger.py
[2022-08-07 07:51:23,360] {processor.py:651} INFO - DAG(s) dict_keys(['latest_only_with_trigger']) retrieved from /Users/pro/Documents/a_env/proj_data/lib/python3.7/site-packages/airflow/example_dags/example_latest_only_with_trigger.py
[2022-08-07 07:51:23,382] {logging_mixin.py:115} INFO - [2022-08-07 07:51:23,382] {dag.py:2420} INFO - Sync 1 DAGs
[2022-08-07 07:51:23,402] {logging_mixin.py:115} INFO - [2022-08-07 07:51:23,402] {dag.py:2972} INFO - Setting next_dagrun for latest_only_with_trigger to 2022-08-06T19:51:23.401702+00:00, run_after=2022-08-06T23:51:23.401702+00:00
[2022-08-07 07:51:23,414] {processor.py:161} INFO - Processing /Users/pro/Documents/a_env/proj_data/lib/python3.7/site-packages/airflow/example_dags/example_latest_only_with_trigger.py took 0.068 seconds
[2022-08-07 07:52:00,501] {processor.py:153} INFO - Started process (PID=93008) to work on /Users/pro/Documents/a_env/proj_data/lib/python3.7/site-packages/airflow/example_dags/example_latest_only_with_trigger.py
[2022-08-07 07:52:00,502] {processor.py:641} INFO - Processing file /Users/pro/Documents/a_env/proj_data/lib/python3.7/site-packages/airflow/example_dags/example_latest_only_with_trigger.py for tasks to queue
[2022-08-07 07:52:00,503] {logging_mixin.py:115} INFO - [2022-08-07 07:52:00,503] {dagbag.py:508} INFO - Filling up the DagBag from /Users/pro/Documents/a_env/proj_data/lib/python3.7/site-packages/airflow/example_dags/example_latest_only_with_trigger.py
[2022-08-07 07:52:00,511] {processor.py:651} INFO - DAG(s) dict_keys(['latest_only_with_trigger']) retrieved from /Users/pro/Documents/a_env/proj_data/lib/python3.7/site-packages/airflow/example_dags/example_latest_only_with_trigger.py
[2022-08-07 07:52:00,531] {logging_mixin.py:115} INFO - [2022-08-07 07:52:00,530] {dag.py:2420} INFO - Sync 1 DAGs
[2022-08-07 07:52:00,552] {logging_mixin.py:115} INFO - [2022-08-07 07:52:00,552] {dag.py:2972} INFO - Setting next_dagrun for latest_only_with_trigger to 2022-08-06T19:52:00.551753+00:00, run_after=2022-08-06T23:52:00.551753+00:00
[2022-08-07 07:52:00,565] {processor.py:161} INFO - Processing /Users/pro/Documents/a_env/proj_data/lib/python3.7/site-packages/airflow/example_dags/example_latest_only_with_trigger.py took 0.068 seconds
[2022-08-07 07:52:35,931] {processor.py:153} INFO - Started process (PID=93043) to work on /Users/pro/Documents/a_env/proj_data/lib/python3.7/site-packages/airflow/example_dags/example_latest_only_with_trigger.py
[2022-08-07 07:52:35,933] {processor.py:641} INFO - Processing file /Users/pro/Documents/a_env/proj_data/lib/python3.7/site-packages/airflow/example_dags/example_latest_only_with_trigger.py for tasks to queue
[2022-08-07 07:52:35,934] {logging_mixin.py:115} INFO - [2022-08-07 07:52:35,934] {dagbag.py:508} INFO - Filling up the DagBag from /Users/pro/Documents/a_env/proj_data/lib/python3.7/site-packages/airflow/example_dags/example_latest_only_with_trigger.py
[2022-08-07 07:52:35,945] {processor.py:651} INFO - DAG(s) dict_keys(['latest_only_with_trigger']) retrieved from /Users/pro/Documents/a_env/proj_data/lib/python3.7/site-packages/airflow/example_dags/example_latest_only_with_trigger.py
[2022-08-07 07:52:35,966] {logging_mixin.py:115} INFO - [2022-08-07 07:52:35,966] {dag.py:2420} INFO - Sync 1 DAGs
[2022-08-07 07:52:35,991] {logging_mixin.py:115} INFO - [2022-08-07 07:52:35,990] {dag.py:2972} INFO - Setting next_dagrun for latest_only_with_trigger to 2022-08-06T19:52:35.990388+00:00, run_after=2022-08-06T23:52:35.990388+00:00
[2022-08-07 07:52:36,004] {processor.py:161} INFO - Processing /Users/pro/Documents/a_env/proj_data/lib/python3.7/site-packages/airflow/example_dags/example_latest_only_with_trigger.py took 0.076 seconds
[2022-08-07 07:53:09,723] {processor.py:153} INFO - Started process (PID=93083) to work on /Users/pro/Documents/a_env/proj_data/lib/python3.7/site-packages/airflow/example_dags/example_latest_only_with_trigger.py
[2022-08-07 07:53:09,725] {processor.py:641} INFO - Processing file /Users/pro/Documents/a_env/proj_data/lib/python3.7/site-packages/airflow/example_dags/example_latest_only_with_trigger.py for tasks to queue
[2022-08-07 07:53:09,726] {logging_mixin.py:115} INFO - [2022-08-07 07:53:09,725] {dagbag.py:508} INFO - Filling up the DagBag from /Users/pro/Documents/a_env/proj_data/lib/python3.7/site-packages/airflow/example_dags/example_latest_only_with_trigger.py
[2022-08-07 07:53:09,735] {processor.py:651} INFO - DAG(s) dict_keys(['latest_only_with_trigger']) retrieved from /Users/pro/Documents/a_env/proj_data/lib/python3.7/site-packages/airflow/example_dags/example_latest_only_with_trigger.py
[2022-08-07 07:53:09,757] {logging_mixin.py:115} INFO - [2022-08-07 07:53:09,756] {dag.py:2420} INFO - Sync 1 DAGs
[2022-08-07 07:53:09,778] {logging_mixin.py:115} INFO - [2022-08-07 07:53:09,777] {dag.py:2972} INFO - Setting next_dagrun for latest_only_with_trigger to 2022-08-06T19:53:09.777477+00:00, run_after=2022-08-06T23:53:09.777477+00:00
[2022-08-07 07:53:09,791] {processor.py:161} INFO - Processing /Users/pro/Documents/a_env/proj_data/lib/python3.7/site-packages/airflow/example_dags/example_latest_only_with_trigger.py took 0.073 seconds
[2022-08-07 07:53:47,528] {processor.py:153} INFO - Started process (PID=93140) to work on /Users/pro/Documents/a_env/proj_data/lib/python3.7/site-packages/airflow/example_dags/example_latest_only_with_trigger.py
[2022-08-07 07:53:47,530] {processor.py:641} INFO - Processing file /Users/pro/Documents/a_env/proj_data/lib/python3.7/site-packages/airflow/example_dags/example_latest_only_with_trigger.py for tasks to queue
[2022-08-07 07:53:47,531] {logging_mixin.py:115} INFO - [2022-08-07 07:53:47,531] {dagbag.py:508} INFO - Filling up the DagBag from /Users/pro/Documents/a_env/proj_data/lib/python3.7/site-packages/airflow/example_dags/example_latest_only_with_trigger.py
[2022-08-07 07:53:47,540] {processor.py:651} INFO - DAG(s) dict_keys(['latest_only_with_trigger']) retrieved from /Users/pro/Documents/a_env/proj_data/lib/python3.7/site-packages/airflow/example_dags/example_latest_only_with_trigger.py
[2022-08-07 07:53:47,562] {logging_mixin.py:115} INFO - [2022-08-07 07:53:47,562] {dag.py:2420} INFO - Sync 1 DAGs
[2022-08-07 07:53:47,581] {logging_mixin.py:115} INFO - [2022-08-07 07:53:47,580] {dag.py:2972} INFO - Setting next_dagrun for latest_only_with_trigger to 2022-08-06T19:53:47.580707+00:00, run_after=2022-08-06T23:53:47.580707+00:00
[2022-08-07 07:53:47,594] {processor.py:161} INFO - Processing /Users/pro/Documents/a_env/proj_data/lib/python3.7/site-packages/airflow/example_dags/example_latest_only_with_trigger.py took 0.071 seconds
[2022-08-07 07:54:22,033] {processor.py:153} INFO - Started process (PID=93187) to work on /Users/pro/Documents/a_env/proj_data/lib/python3.7/site-packages/airflow/example_dags/example_latest_only_with_trigger.py
[2022-08-07 07:54:22,035] {processor.py:641} INFO - Processing file /Users/pro/Documents/a_env/proj_data/lib/python3.7/site-packages/airflow/example_dags/example_latest_only_with_trigger.py for tasks to queue
[2022-08-07 07:54:22,036] {logging_mixin.py:115} INFO - [2022-08-07 07:54:22,036] {dagbag.py:508} INFO - Filling up the DagBag from /Users/pro/Documents/a_env/proj_data/lib/python3.7/site-packages/airflow/example_dags/example_latest_only_with_trigger.py
[2022-08-07 07:54:22,046] {processor.py:651} INFO - DAG(s) dict_keys(['latest_only_with_trigger']) retrieved from /Users/pro/Documents/a_env/proj_data/lib/python3.7/site-packages/airflow/example_dags/example_latest_only_with_trigger.py
[2022-08-07 07:54:22,068] {logging_mixin.py:115} INFO - [2022-08-07 07:54:22,068] {dag.py:2420} INFO - Sync 1 DAGs
[2022-08-07 07:54:22,089] {logging_mixin.py:115} INFO - [2022-08-07 07:54:22,089] {dag.py:2972} INFO - Setting next_dagrun for latest_only_with_trigger to 2022-08-06T19:54:22.089100+00:00, run_after=2022-08-06T23:54:22.089100+00:00
[2022-08-07 07:54:22,101] {processor.py:161} INFO - Processing /Users/pro/Documents/a_env/proj_data/lib/python3.7/site-packages/airflow/example_dags/example_latest_only_with_trigger.py took 0.072 seconds
[2022-08-07 07:54:59,698] {processor.py:153} INFO - Started process (PID=93229) to work on /Users/pro/Documents/a_env/proj_data/lib/python3.7/site-packages/airflow/example_dags/example_latest_only_with_trigger.py
[2022-08-07 07:54:59,700] {processor.py:641} INFO - Processing file /Users/pro/Documents/a_env/proj_data/lib/python3.7/site-packages/airflow/example_dags/example_latest_only_with_trigger.py for tasks to queue
[2022-08-07 07:54:59,701] {logging_mixin.py:115} INFO - [2022-08-07 07:54:59,701] {dagbag.py:508} INFO - Filling up the DagBag from /Users/pro/Documents/a_env/proj_data/lib/python3.7/site-packages/airflow/example_dags/example_latest_only_with_trigger.py
[2022-08-07 07:54:59,711] {processor.py:651} INFO - DAG(s) dict_keys(['latest_only_with_trigger']) retrieved from /Users/pro/Documents/a_env/proj_data/lib/python3.7/site-packages/airflow/example_dags/example_latest_only_with_trigger.py
[2022-08-07 07:54:59,734] {logging_mixin.py:115} INFO - [2022-08-07 07:54:59,734] {dag.py:2420} INFO - Sync 1 DAGs
[2022-08-07 07:54:59,753] {logging_mixin.py:115} INFO - [2022-08-07 07:54:59,752] {dag.py:2972} INFO - Setting next_dagrun for latest_only_with_trigger to 2022-08-06T19:54:59.752628+00:00, run_after=2022-08-06T23:54:59.752628+00:00
[2022-08-07 07:54:59,765] {processor.py:161} INFO - Processing /Users/pro/Documents/a_env/proj_data/lib/python3.7/site-packages/airflow/example_dags/example_latest_only_with_trigger.py took 0.071 seconds
[2022-08-07 07:55:35,645] {processor.py:153} INFO - Started process (PID=93265) to work on /Users/pro/Documents/a_env/proj_data/lib/python3.7/site-packages/airflow/example_dags/example_latest_only_with_trigger.py
[2022-08-07 07:55:35,646] {processor.py:641} INFO - Processing file /Users/pro/Documents/a_env/proj_data/lib/python3.7/site-packages/airflow/example_dags/example_latest_only_with_trigger.py for tasks to queue
[2022-08-07 07:55:35,648] {logging_mixin.py:115} INFO - [2022-08-07 07:55:35,648] {dagbag.py:508} INFO - Filling up the DagBag from /Users/pro/Documents/a_env/proj_data/lib/python3.7/site-packages/airflow/example_dags/example_latest_only_with_trigger.py
[2022-08-07 07:55:35,657] {processor.py:651} INFO - DAG(s) dict_keys(['latest_only_with_trigger']) retrieved from /Users/pro/Documents/a_env/proj_data/lib/python3.7/site-packages/airflow/example_dags/example_latest_only_with_trigger.py
[2022-08-07 07:55:35,681] {logging_mixin.py:115} INFO - [2022-08-07 07:55:35,680] {dag.py:2420} INFO - Sync 1 DAGs
[2022-08-07 07:55:35,701] {logging_mixin.py:115} INFO - [2022-08-07 07:55:35,701] {dag.py:2972} INFO - Setting next_dagrun for latest_only_with_trigger to 2022-08-06T19:55:35.700811+00:00, run_after=2022-08-06T23:55:35.700811+00:00
[2022-08-07 07:55:35,717] {processor.py:161} INFO - Processing /Users/pro/Documents/a_env/proj_data/lib/python3.7/site-packages/airflow/example_dags/example_latest_only_with_trigger.py took 0.076 seconds
[2022-08-07 07:56:12,208] {processor.py:153} INFO - Started process (PID=93301) to work on /Users/pro/Documents/a_env/proj_data/lib/python3.7/site-packages/airflow/example_dags/example_latest_only_with_trigger.py
[2022-08-07 07:56:12,210] {processor.py:641} INFO - Processing file /Users/pro/Documents/a_env/proj_data/lib/python3.7/site-packages/airflow/example_dags/example_latest_only_with_trigger.py for tasks to queue
[2022-08-07 07:56:12,211] {logging_mixin.py:115} INFO - [2022-08-07 07:56:12,211] {dagbag.py:508} INFO - Filling up the DagBag from /Users/pro/Documents/a_env/proj_data/lib/python3.7/site-packages/airflow/example_dags/example_latest_only_with_trigger.py
[2022-08-07 07:56:12,222] {processor.py:651} INFO - DAG(s) dict_keys(['latest_only_with_trigger']) retrieved from /Users/pro/Documents/a_env/proj_data/lib/python3.7/site-packages/airflow/example_dags/example_latest_only_with_trigger.py
[2022-08-07 07:56:12,245] {logging_mixin.py:115} INFO - [2022-08-07 07:56:12,245] {dag.py:2420} INFO - Sync 1 DAGs
[2022-08-07 07:56:12,266] {logging_mixin.py:115} INFO - [2022-08-07 07:56:12,266] {dag.py:2972} INFO - Setting next_dagrun for latest_only_with_trigger to 2022-08-06T19:56:12.265757+00:00, run_after=2022-08-06T23:56:12.265757+00:00
[2022-08-07 07:56:12,278] {processor.py:161} INFO - Processing /Users/pro/Documents/a_env/proj_data/lib/python3.7/site-packages/airflow/example_dags/example_latest_only_with_trigger.py took 0.074 seconds
[2022-08-07 07:56:46,654] {processor.py:153} INFO - Started process (PID=93336) to work on /Users/pro/Documents/a_env/proj_data/lib/python3.7/site-packages/airflow/example_dags/example_latest_only_with_trigger.py
[2022-08-07 07:56:46,655] {processor.py:641} INFO - Processing file /Users/pro/Documents/a_env/proj_data/lib/python3.7/site-packages/airflow/example_dags/example_latest_only_with_trigger.py for tasks to queue
[2022-08-07 07:56:46,657] {logging_mixin.py:115} INFO - [2022-08-07 07:56:46,657] {dagbag.py:508} INFO - Filling up the DagBag from /Users/pro/Documents/a_env/proj_data/lib/python3.7/site-packages/airflow/example_dags/example_latest_only_with_trigger.py
[2022-08-07 07:56:46,668] {processor.py:651} INFO - DAG(s) dict_keys(['latest_only_with_trigger']) retrieved from /Users/pro/Documents/a_env/proj_data/lib/python3.7/site-packages/airflow/example_dags/example_latest_only_with_trigger.py
[2022-08-07 07:56:46,691] {logging_mixin.py:115} INFO - [2022-08-07 07:56:46,690] {dag.py:2420} INFO - Sync 1 DAGs
[2022-08-07 07:56:46,713] {logging_mixin.py:115} INFO - [2022-08-07 07:56:46,713] {dag.py:2972} INFO - Setting next_dagrun for latest_only_with_trigger to 2022-08-06T19:56:46.713231+00:00, run_after=2022-08-06T23:56:46.713231+00:00
[2022-08-07 07:56:46,728] {processor.py:161} INFO - Processing /Users/pro/Documents/a_env/proj_data/lib/python3.7/site-packages/airflow/example_dags/example_latest_only_with_trigger.py took 0.078 seconds
[2022-08-07 07:57:25,511] {processor.py:153} INFO - Started process (PID=93382) to work on /Users/pro/Documents/a_env/proj_data/lib/python3.7/site-packages/airflow/example_dags/example_latest_only_with_trigger.py
[2022-08-07 07:57:25,513] {processor.py:641} INFO - Processing file /Users/pro/Documents/a_env/proj_data/lib/python3.7/site-packages/airflow/example_dags/example_latest_only_with_trigger.py for tasks to queue
[2022-08-07 07:57:25,514] {logging_mixin.py:115} INFO - [2022-08-07 07:57:25,514] {dagbag.py:508} INFO - Filling up the DagBag from /Users/pro/Documents/a_env/proj_data/lib/python3.7/site-packages/airflow/example_dags/example_latest_only_with_trigger.py
[2022-08-07 07:57:25,523] {processor.py:651} INFO - DAG(s) dict_keys(['latest_only_with_trigger']) retrieved from /Users/pro/Documents/a_env/proj_data/lib/python3.7/site-packages/airflow/example_dags/example_latest_only_with_trigger.py
[2022-08-07 07:57:25,547] {logging_mixin.py:115} INFO - [2022-08-07 07:57:25,547] {dag.py:2420} INFO - Sync 1 DAGs
[2022-08-07 07:57:25,569] {logging_mixin.py:115} INFO - [2022-08-07 07:57:25,569] {dag.py:2972} INFO - Setting next_dagrun for latest_only_with_trigger to 2022-08-06T19:57:25.568997+00:00, run_after=2022-08-06T23:57:25.568997+00:00
[2022-08-07 07:57:25,585] {processor.py:161} INFO - Processing /Users/pro/Documents/a_env/proj_data/lib/python3.7/site-packages/airflow/example_dags/example_latest_only_with_trigger.py took 0.078 seconds
[2022-08-07 07:58:01,215] {processor.py:153} INFO - Started process (PID=93424) to work on /Users/pro/Documents/a_env/proj_data/lib/python3.7/site-packages/airflow/example_dags/example_latest_only_with_trigger.py
[2022-08-07 07:58:01,216] {processor.py:641} INFO - Processing file /Users/pro/Documents/a_env/proj_data/lib/python3.7/site-packages/airflow/example_dags/example_latest_only_with_trigger.py for tasks to queue
[2022-08-07 07:58:01,217] {logging_mixin.py:115} INFO - [2022-08-07 07:58:01,217] {dagbag.py:508} INFO - Filling up the DagBag from /Users/pro/Documents/a_env/proj_data/lib/python3.7/site-packages/airflow/example_dags/example_latest_only_with_trigger.py
[2022-08-07 07:58:01,227] {processor.py:651} INFO - DAG(s) dict_keys(['latest_only_with_trigger']) retrieved from /Users/pro/Documents/a_env/proj_data/lib/python3.7/site-packages/airflow/example_dags/example_latest_only_with_trigger.py
[2022-08-07 07:58:01,251] {logging_mixin.py:115} INFO - [2022-08-07 07:58:01,250] {dag.py:2420} INFO - Sync 1 DAGs
[2022-08-07 07:58:01,270] {logging_mixin.py:115} INFO - [2022-08-07 07:58:01,270] {dag.py:2972} INFO - Setting next_dagrun for latest_only_with_trigger to 2022-08-06T19:58:01.270105+00:00, run_after=2022-08-06T23:58:01.270105+00:00
[2022-08-07 07:58:01,283] {processor.py:161} INFO - Processing /Users/pro/Documents/a_env/proj_data/lib/python3.7/site-packages/airflow/example_dags/example_latest_only_with_trigger.py took 0.072 seconds
[2022-08-07 07:58:40,179] {processor.py:153} INFO - Started process (PID=93466) to work on /Users/pro/Documents/a_env/proj_data/lib/python3.7/site-packages/airflow/example_dags/example_latest_only_with_trigger.py
[2022-08-07 07:58:40,179] {processor.py:641} INFO - Processing file /Users/pro/Documents/a_env/proj_data/lib/python3.7/site-packages/airflow/example_dags/example_latest_only_with_trigger.py for tasks to queue
[2022-08-07 07:58:40,180] {logging_mixin.py:115} INFO - [2022-08-07 07:58:40,180] {dagbag.py:508} INFO - Filling up the DagBag from /Users/pro/Documents/a_env/proj_data/lib/python3.7/site-packages/airflow/example_dags/example_latest_only_with_trigger.py
[2022-08-07 07:58:40,192] {processor.py:651} INFO - DAG(s) dict_keys(['latest_only_with_trigger']) retrieved from /Users/pro/Documents/a_env/proj_data/lib/python3.7/site-packages/airflow/example_dags/example_latest_only_with_trigger.py
[2022-08-07 07:58:40,213] {logging_mixin.py:115} INFO - [2022-08-07 07:58:40,213] {dag.py:2420} INFO - Sync 1 DAGs
[2022-08-07 07:58:40,233] {logging_mixin.py:115} INFO - [2022-08-07 07:58:40,233] {dag.py:2972} INFO - Setting next_dagrun for latest_only_with_trigger to 2022-08-06T19:58:40.232748+00:00, run_after=2022-08-06T23:58:40.232748+00:00
[2022-08-07 07:58:40,245] {processor.py:161} INFO - Processing /Users/pro/Documents/a_env/proj_data/lib/python3.7/site-packages/airflow/example_dags/example_latest_only_with_trigger.py took 0.071 seconds
[2022-08-07 07:59:13,703] {processor.py:153} INFO - Started process (PID=93501) to work on /Users/pro/Documents/a_env/proj_data/lib/python3.7/site-packages/airflow/example_dags/example_latest_only_with_trigger.py
[2022-08-07 07:59:13,704] {processor.py:641} INFO - Processing file /Users/pro/Documents/a_env/proj_data/lib/python3.7/site-packages/airflow/example_dags/example_latest_only_with_trigger.py for tasks to queue
[2022-08-07 07:59:13,705] {logging_mixin.py:115} INFO - [2022-08-07 07:59:13,704] {dagbag.py:508} INFO - Filling up the DagBag from /Users/pro/Documents/a_env/proj_data/lib/python3.7/site-packages/airflow/example_dags/example_latest_only_with_trigger.py
[2022-08-07 07:59:13,713] {processor.py:651} INFO - DAG(s) dict_keys(['latest_only_with_trigger']) retrieved from /Users/pro/Documents/a_env/proj_data/lib/python3.7/site-packages/airflow/example_dags/example_latest_only_with_trigger.py
[2022-08-07 07:59:13,736] {logging_mixin.py:115} INFO - [2022-08-07 07:59:13,735] {dag.py:2420} INFO - Sync 1 DAGs
[2022-08-07 07:59:13,754] {logging_mixin.py:115} INFO - [2022-08-07 07:59:13,754] {dag.py:2972} INFO - Setting next_dagrun for latest_only_with_trigger to 2022-08-06T19:59:13.753750+00:00, run_after=2022-08-06T23:59:13.753750+00:00
[2022-08-07 07:59:13,766] {processor.py:161} INFO - Processing /Users/pro/Documents/a_env/proj_data/lib/python3.7/site-packages/airflow/example_dags/example_latest_only_with_trigger.py took 0.067 seconds
[2022-08-07 07:59:47,304] {processor.py:153} INFO - Started process (PID=93539) to work on /Users/pro/Documents/a_env/proj_data/lib/python3.7/site-packages/airflow/example_dags/example_latest_only_with_trigger.py
[2022-08-07 07:59:47,306] {processor.py:641} INFO - Processing file /Users/pro/Documents/a_env/proj_data/lib/python3.7/site-packages/airflow/example_dags/example_latest_only_with_trigger.py for tasks to queue
[2022-08-07 07:59:47,307] {logging_mixin.py:115} INFO - [2022-08-07 07:59:47,307] {dagbag.py:508} INFO - Filling up the DagBag from /Users/pro/Documents/a_env/proj_data/lib/python3.7/site-packages/airflow/example_dags/example_latest_only_with_trigger.py
[2022-08-07 07:59:47,317] {processor.py:651} INFO - DAG(s) dict_keys(['latest_only_with_trigger']) retrieved from /Users/pro/Documents/a_env/proj_data/lib/python3.7/site-packages/airflow/example_dags/example_latest_only_with_trigger.py
[2022-08-07 07:59:47,339] {logging_mixin.py:115} INFO - [2022-08-07 07:59:47,339] {dag.py:2420} INFO - Sync 1 DAGs
[2022-08-07 07:59:47,358] {logging_mixin.py:115} INFO - [2022-08-07 07:59:47,357] {dag.py:2972} INFO - Setting next_dagrun for latest_only_with_trigger to 2022-08-06T19:59:47.357566+00:00, run_after=2022-08-06T23:59:47.357566+00:00
[2022-08-07 07:59:47,370] {processor.py:161} INFO - Processing /Users/pro/Documents/a_env/proj_data/lib/python3.7/site-packages/airflow/example_dags/example_latest_only_with_trigger.py took 0.070 seconds
