[2022-08-06 10:35:13,330] {processor.py:153} INFO - Started process (PID=91246) to work on /Users/pro/Documents/a_env/proj_data/lib/python3.7/site-packages/airflow/example_dags/example_short_circuit_operator.py
[2022-08-06 10:35:13,331] {processor.py:641} INFO - Processing file /Users/pro/Documents/a_env/proj_data/lib/python3.7/site-packages/airflow/example_dags/example_short_circuit_operator.py for tasks to queue
[2022-08-06 10:35:13,332] {logging_mixin.py:115} INFO - [2022-08-06 10:35:13,332] {dagbag.py:508} INFO - Filling up the DagBag from /Users/pro/Documents/a_env/proj_data/lib/python3.7/site-packages/airflow/example_dags/example_short_circuit_operator.py
[2022-08-06 10:35:13,344] {processor.py:651} INFO - DAG(s) dict_keys(['example_short_circuit_operator']) retrieved from /Users/pro/Documents/a_env/proj_data/lib/python3.7/site-packages/airflow/example_dags/example_short_circuit_operator.py
[2022-08-06 10:35:13,365] {logging_mixin.py:115} INFO - [2022-08-06 10:35:13,365] {dag.py:2420} INFO - Sync 1 DAGs
[2022-08-06 10:35:13,383] {logging_mixin.py:115} INFO - [2022-08-06 10:35:13,383] {dag.py:2972} INFO - Setting next_dagrun for example_short_circuit_operator to 2022-08-05T02:35:13.383150+00:00, run_after=2022-08-06T02:35:13.383150+00:00
[2022-08-06 10:35:13,399] {processor.py:161} INFO - Processing /Users/pro/Documents/a_env/proj_data/lib/python3.7/site-packages/airflow/example_dags/example_short_circuit_operator.py took 0.072 seconds
[2022-08-06 21:09:49,309] {processor.py:153} INFO - Started process (PID=91553) to work on /Users/pro/Documents/a_env/proj_data/lib/python3.7/site-packages/airflow/example_dags/example_short_circuit_operator.py
[2022-08-06 21:09:49,313] {processor.py:641} INFO - Processing file /Users/pro/Documents/a_env/proj_data/lib/python3.7/site-packages/airflow/example_dags/example_short_circuit_operator.py for tasks to queue
[2022-08-06 21:09:49,316] {logging_mixin.py:115} INFO - [2022-08-06 21:09:49,315] {dagbag.py:508} INFO - Filling up the DagBag from /Users/pro/Documents/a_env/proj_data/lib/python3.7/site-packages/airflow/example_dags/example_short_circuit_operator.py
[2022-08-06 21:09:49,353] {processor.py:651} INFO - DAG(s) dict_keys(['example_short_circuit_operator']) retrieved from /Users/pro/Documents/a_env/proj_data/lib/python3.7/site-packages/airflow/example_dags/example_short_circuit_operator.py
[2022-08-06 21:09:49,384] {logging_mixin.py:115} INFO - [2022-08-06 21:09:49,384] {dag.py:2420} INFO - Sync 1 DAGs
[2022-08-06 21:09:49,418] {logging_mixin.py:115} INFO - [2022-08-06 21:09:49,418] {dag.py:2972} INFO - Setting next_dagrun for example_short_circuit_operator to 2022-08-05T13:09:49.418023+00:00, run_after=2022-08-06T13:09:49.418023+00:00
[2022-08-06 21:09:49,433] {processor.py:161} INFO - Processing /Users/pro/Documents/a_env/proj_data/lib/python3.7/site-packages/airflow/example_dags/example_short_circuit_operator.py took 0.130 seconds
[2022-08-06 21:10:25,544] {processor.py:153} INFO - Started process (PID=91598) to work on /Users/pro/Documents/a_env/proj_data/lib/python3.7/site-packages/airflow/example_dags/example_short_circuit_operator.py
[2022-08-06 21:10:25,545] {processor.py:641} INFO - Processing file /Users/pro/Documents/a_env/proj_data/lib/python3.7/site-packages/airflow/example_dags/example_short_circuit_operator.py for tasks to queue
[2022-08-06 21:10:25,546] {logging_mixin.py:115} INFO - [2022-08-06 21:10:25,546] {dagbag.py:508} INFO - Filling up the DagBag from /Users/pro/Documents/a_env/proj_data/lib/python3.7/site-packages/airflow/example_dags/example_short_circuit_operator.py
[2022-08-06 21:10:25,558] {processor.py:651} INFO - DAG(s) dict_keys(['example_short_circuit_operator']) retrieved from /Users/pro/Documents/a_env/proj_data/lib/python3.7/site-packages/airflow/example_dags/example_short_circuit_operator.py
[2022-08-06 21:10:25,583] {logging_mixin.py:115} INFO - [2022-08-06 21:10:25,582] {dag.py:2420} INFO - Sync 1 DAGs
[2022-08-06 21:10:25,601] {logging_mixin.py:115} INFO - [2022-08-06 21:10:25,601] {dag.py:2972} INFO - Setting next_dagrun for example_short_circuit_operator to 2022-08-05T13:10:25.601336+00:00, run_after=2022-08-06T13:10:25.601336+00:00
[2022-08-06 21:10:25,614] {processor.py:161} INFO - Processing /Users/pro/Documents/a_env/proj_data/lib/python3.7/site-packages/airflow/example_dags/example_short_circuit_operator.py took 0.075 seconds
[2022-08-06 21:10:59,572] {processor.py:153} INFO - Started process (PID=91644) to work on /Users/pro/Documents/a_env/proj_data/lib/python3.7/site-packages/airflow/example_dags/example_short_circuit_operator.py
[2022-08-06 21:10:59,573] {processor.py:641} INFO - Processing file /Users/pro/Documents/a_env/proj_data/lib/python3.7/site-packages/airflow/example_dags/example_short_circuit_operator.py for tasks to queue
[2022-08-06 21:10:59,576] {logging_mixin.py:115} INFO - [2022-08-06 21:10:59,576] {dagbag.py:508} INFO - Filling up the DagBag from /Users/pro/Documents/a_env/proj_data/lib/python3.7/site-packages/airflow/example_dags/example_short_circuit_operator.py
[2022-08-06 21:10:59,623] {processor.py:651} INFO - DAG(s) dict_keys(['example_short_circuit_operator']) retrieved from /Users/pro/Documents/a_env/proj_data/lib/python3.7/site-packages/airflow/example_dags/example_short_circuit_operator.py
[2022-08-06 21:10:59,686] {logging_mixin.py:115} INFO - [2022-08-06 21:10:59,685] {dag.py:2420} INFO - Sync 1 DAGs
[2022-08-06 21:10:59,726] {logging_mixin.py:115} INFO - [2022-08-06 21:10:59,726] {dag.py:2972} INFO - Setting next_dagrun for example_short_circuit_operator to 2022-08-05T13:10:59.725565+00:00, run_after=2022-08-06T13:10:59.725565+00:00
[2022-08-06 21:10:59,758] {processor.py:161} INFO - Processing /Users/pro/Documents/a_env/proj_data/lib/python3.7/site-packages/airflow/example_dags/example_short_circuit_operator.py took 0.194 seconds
[2022-08-06 21:11:34,803] {processor.py:153} INFO - Started process (PID=91693) to work on /Users/pro/Documents/a_env/proj_data/lib/python3.7/site-packages/airflow/example_dags/example_short_circuit_operator.py
[2022-08-06 21:11:34,805] {processor.py:641} INFO - Processing file /Users/pro/Documents/a_env/proj_data/lib/python3.7/site-packages/airflow/example_dags/example_short_circuit_operator.py for tasks to queue
[2022-08-06 21:11:34,806] {logging_mixin.py:115} INFO - [2022-08-06 21:11:34,806] {dagbag.py:508} INFO - Filling up the DagBag from /Users/pro/Documents/a_env/proj_data/lib/python3.7/site-packages/airflow/example_dags/example_short_circuit_operator.py
[2022-08-06 21:11:34,820] {processor.py:651} INFO - DAG(s) dict_keys(['example_short_circuit_operator']) retrieved from /Users/pro/Documents/a_env/proj_data/lib/python3.7/site-packages/airflow/example_dags/example_short_circuit_operator.py
[2022-08-06 21:11:34,843] {logging_mixin.py:115} INFO - [2022-08-06 21:11:34,843] {dag.py:2420} INFO - Sync 1 DAGs
[2022-08-06 21:11:34,864] {logging_mixin.py:115} INFO - [2022-08-06 21:11:34,864] {dag.py:2972} INFO - Setting next_dagrun for example_short_circuit_operator to 2022-08-05T13:11:34.863636+00:00, run_after=2022-08-06T13:11:34.863636+00:00
[2022-08-06 21:11:34,880] {processor.py:161} INFO - Processing /Users/pro/Documents/a_env/proj_data/lib/python3.7/site-packages/airflow/example_dags/example_short_circuit_operator.py took 0.081 seconds
[2022-08-06 23:51:24,264] {processor.py:153} INFO - Started process (PID=91817) to work on /Users/pro/Documents/a_env/proj_data/lib/python3.7/site-packages/airflow/example_dags/example_short_circuit_operator.py
[2022-08-06 23:51:24,266] {processor.py:641} INFO - Processing file /Users/pro/Documents/a_env/proj_data/lib/python3.7/site-packages/airflow/example_dags/example_short_circuit_operator.py for tasks to queue
[2022-08-06 23:51:24,267] {logging_mixin.py:115} INFO - [2022-08-06 23:51:24,267] {dagbag.py:508} INFO - Filling up the DagBag from /Users/pro/Documents/a_env/proj_data/lib/python3.7/site-packages/airflow/example_dags/example_short_circuit_operator.py
[2022-08-06 23:51:24,283] {processor.py:651} INFO - DAG(s) dict_keys(['example_short_circuit_operator']) retrieved from /Users/pro/Documents/a_env/proj_data/lib/python3.7/site-packages/airflow/example_dags/example_short_circuit_operator.py
[2022-08-06 23:51:24,307] {logging_mixin.py:115} INFO - [2022-08-06 23:51:24,307] {dag.py:2420} INFO - Sync 1 DAGs
[2022-08-06 23:51:24,329] {logging_mixin.py:115} INFO - [2022-08-06 23:51:24,328] {dag.py:2972} INFO - Setting next_dagrun for example_short_circuit_operator to 2022-08-05T15:51:24.328661+00:00, run_after=2022-08-06T15:51:24.328661+00:00
[2022-08-06 23:51:24,354] {processor.py:161} INFO - Processing /Users/pro/Documents/a_env/proj_data/lib/python3.7/site-packages/airflow/example_dags/example_short_circuit_operator.py took 0.095 seconds
[2022-08-07 04:14:55,748] {processor.py:153} INFO - Started process (PID=91929) to work on /Users/pro/Documents/a_env/proj_data/lib/python3.7/site-packages/airflow/example_dags/example_short_circuit_operator.py
[2022-08-07 04:14:55,750] {processor.py:641} INFO - Processing file /Users/pro/Documents/a_env/proj_data/lib/python3.7/site-packages/airflow/example_dags/example_short_circuit_operator.py for tasks to queue
[2022-08-07 04:14:55,751] {logging_mixin.py:115} INFO - [2022-08-07 04:14:55,750] {dagbag.py:508} INFO - Filling up the DagBag from /Users/pro/Documents/a_env/proj_data/lib/python3.7/site-packages/airflow/example_dags/example_short_circuit_operator.py
[2022-08-07 04:14:55,765] {processor.py:651} INFO - DAG(s) dict_keys(['example_short_circuit_operator']) retrieved from /Users/pro/Documents/a_env/proj_data/lib/python3.7/site-packages/airflow/example_dags/example_short_circuit_operator.py
[2022-08-07 04:14:55,788] {logging_mixin.py:115} INFO - [2022-08-07 04:14:55,787] {dag.py:2420} INFO - Sync 1 DAGs
[2022-08-07 04:14:55,809] {logging_mixin.py:115} INFO - [2022-08-07 04:14:55,808] {dag.py:2972} INFO - Setting next_dagrun for example_short_circuit_operator to 2022-08-05T20:14:55.808556+00:00, run_after=2022-08-06T20:14:55.808556+00:00
[2022-08-07 04:14:55,824] {processor.py:161} INFO - Processing /Users/pro/Documents/a_env/proj_data/lib/python3.7/site-packages/airflow/example_dags/example_short_circuit_operator.py took 0.083 seconds
[2022-08-07 07:39:03,128] {processor.py:153} INFO - Started process (PID=92079) to work on /Users/pro/Documents/a_env/proj_data/lib/python3.7/site-packages/airflow/example_dags/example_short_circuit_operator.py
[2022-08-07 07:39:03,130] {processor.py:641} INFO - Processing file /Users/pro/Documents/a_env/proj_data/lib/python3.7/site-packages/airflow/example_dags/example_short_circuit_operator.py for tasks to queue
[2022-08-07 07:39:03,134] {logging_mixin.py:115} INFO - [2022-08-07 07:39:03,133] {dagbag.py:508} INFO - Filling up the DagBag from /Users/pro/Documents/a_env/proj_data/lib/python3.7/site-packages/airflow/example_dags/example_short_circuit_operator.py
[2022-08-07 07:39:03,160] {processor.py:651} INFO - DAG(s) dict_keys(['example_short_circuit_operator']) retrieved from /Users/pro/Documents/a_env/proj_data/lib/python3.7/site-packages/airflow/example_dags/example_short_circuit_operator.py
[2022-08-07 07:39:03,188] {logging_mixin.py:115} INFO - [2022-08-07 07:39:03,187] {dag.py:2420} INFO - Sync 1 DAGs
[2022-08-07 07:39:03,218] {logging_mixin.py:115} INFO - [2022-08-07 07:39:03,218] {dag.py:2972} INFO - Setting next_dagrun for example_short_circuit_operator to 2022-08-05T23:39:03.218151+00:00, run_after=2022-08-06T23:39:03.218151+00:00
[2022-08-07 07:39:03,235] {processor.py:161} INFO - Processing /Users/pro/Documents/a_env/proj_data/lib/python3.7/site-packages/airflow/example_dags/example_short_circuit_operator.py took 0.112 seconds
[2022-08-07 07:39:38,230] {processor.py:153} INFO - Started process (PID=92118) to work on /Users/pro/Documents/a_env/proj_data/lib/python3.7/site-packages/airflow/example_dags/example_short_circuit_operator.py
[2022-08-07 07:39:38,231] {processor.py:641} INFO - Processing file /Users/pro/Documents/a_env/proj_data/lib/python3.7/site-packages/airflow/example_dags/example_short_circuit_operator.py for tasks to queue
[2022-08-07 07:39:38,233] {logging_mixin.py:115} INFO - [2022-08-07 07:39:38,233] {dagbag.py:508} INFO - Filling up the DagBag from /Users/pro/Documents/a_env/proj_data/lib/python3.7/site-packages/airflow/example_dags/example_short_circuit_operator.py
[2022-08-07 07:39:38,250] {processor.py:651} INFO - DAG(s) dict_keys(['example_short_circuit_operator']) retrieved from /Users/pro/Documents/a_env/proj_data/lib/python3.7/site-packages/airflow/example_dags/example_short_circuit_operator.py
[2022-08-07 07:39:38,281] {logging_mixin.py:115} INFO - [2022-08-07 07:39:38,281] {dag.py:2420} INFO - Sync 1 DAGs
[2022-08-07 07:39:38,312] {logging_mixin.py:115} INFO - [2022-08-07 07:39:38,311] {dag.py:2972} INFO - Setting next_dagrun for example_short_circuit_operator to 2022-08-05T23:39:38.311603+00:00, run_after=2022-08-06T23:39:38.311603+00:00
[2022-08-07 07:39:38,326] {processor.py:161} INFO - Processing /Users/pro/Documents/a_env/proj_data/lib/python3.7/site-packages/airflow/example_dags/example_short_circuit_operator.py took 0.103 seconds
[2022-08-07 07:40:12,773] {processor.py:153} INFO - Started process (PID=92197) to work on /Users/pro/Documents/a_env/proj_data/lib/python3.7/site-packages/airflow/example_dags/example_short_circuit_operator.py
[2022-08-07 07:40:12,774] {processor.py:641} INFO - Processing file /Users/pro/Documents/a_env/proj_data/lib/python3.7/site-packages/airflow/example_dags/example_short_circuit_operator.py for tasks to queue
[2022-08-07 07:40:12,776] {logging_mixin.py:115} INFO - [2022-08-07 07:40:12,775] {dagbag.py:508} INFO - Filling up the DagBag from /Users/pro/Documents/a_env/proj_data/lib/python3.7/site-packages/airflow/example_dags/example_short_circuit_operator.py
[2022-08-07 07:40:12,790] {processor.py:651} INFO - DAG(s) dict_keys(['example_short_circuit_operator']) retrieved from /Users/pro/Documents/a_env/proj_data/lib/python3.7/site-packages/airflow/example_dags/example_short_circuit_operator.py
[2022-08-07 07:40:12,811] {logging_mixin.py:115} INFO - [2022-08-07 07:40:12,811] {dag.py:2420} INFO - Sync 1 DAGs
[2022-08-07 07:40:12,833] {logging_mixin.py:115} INFO - [2022-08-07 07:40:12,833] {dag.py:2972} INFO - Setting next_dagrun for example_short_circuit_operator to 2022-08-05T23:40:12.832731+00:00, run_after=2022-08-06T23:40:12.832731+00:00
[2022-08-07 07:40:12,847] {processor.py:161} INFO - Processing /Users/pro/Documents/a_env/proj_data/lib/python3.7/site-packages/airflow/example_dags/example_short_circuit_operator.py took 0.078 seconds
[2022-08-07 07:40:48,293] {processor.py:153} INFO - Started process (PID=92263) to work on /Users/pro/Documents/a_env/proj_data/lib/python3.7/site-packages/airflow/example_dags/example_short_circuit_operator.py
[2022-08-07 07:40:48,295] {processor.py:641} INFO - Processing file /Users/pro/Documents/a_env/proj_data/lib/python3.7/site-packages/airflow/example_dags/example_short_circuit_operator.py for tasks to queue
[2022-08-07 07:40:48,296] {logging_mixin.py:115} INFO - [2022-08-07 07:40:48,296] {dagbag.py:508} INFO - Filling up the DagBag from /Users/pro/Documents/a_env/proj_data/lib/python3.7/site-packages/airflow/example_dags/example_short_circuit_operator.py
[2022-08-07 07:40:48,310] {processor.py:651} INFO - DAG(s) dict_keys(['example_short_circuit_operator']) retrieved from /Users/pro/Documents/a_env/proj_data/lib/python3.7/site-packages/airflow/example_dags/example_short_circuit_operator.py
[2022-08-07 07:40:48,331] {logging_mixin.py:115} INFO - [2022-08-07 07:40:48,331] {dag.py:2420} INFO - Sync 1 DAGs
[2022-08-07 07:40:48,354] {logging_mixin.py:115} INFO - [2022-08-07 07:40:48,354] {dag.py:2972} INFO - Setting next_dagrun for example_short_circuit_operator to 2022-08-05T23:40:48.353846+00:00, run_after=2022-08-06T23:40:48.353846+00:00
[2022-08-07 07:40:48,368] {processor.py:161} INFO - Processing /Users/pro/Documents/a_env/proj_data/lib/python3.7/site-packages/airflow/example_dags/example_short_circuit_operator.py took 0.079 seconds
[2022-08-07 07:41:24,610] {processor.py:153} INFO - Started process (PID=92305) to work on /Users/pro/Documents/a_env/proj_data/lib/python3.7/site-packages/airflow/example_dags/example_short_circuit_operator.py
[2022-08-07 07:41:24,612] {processor.py:641} INFO - Processing file /Users/pro/Documents/a_env/proj_data/lib/python3.7/site-packages/airflow/example_dags/example_short_circuit_operator.py for tasks to queue
[2022-08-07 07:41:24,613] {logging_mixin.py:115} INFO - [2022-08-07 07:41:24,612] {dagbag.py:508} INFO - Filling up the DagBag from /Users/pro/Documents/a_env/proj_data/lib/python3.7/site-packages/airflow/example_dags/example_short_circuit_operator.py
[2022-08-07 07:41:24,633] {processor.py:651} INFO - DAG(s) dict_keys(['example_short_circuit_operator']) retrieved from /Users/pro/Documents/a_env/proj_data/lib/python3.7/site-packages/airflow/example_dags/example_short_circuit_operator.py
[2022-08-07 07:41:24,659] {logging_mixin.py:115} INFO - [2022-08-07 07:41:24,658] {dag.py:2420} INFO - Sync 1 DAGs
[2022-08-07 07:41:24,691] {logging_mixin.py:115} INFO - [2022-08-07 07:41:24,690] {dag.py:2972} INFO - Setting next_dagrun for example_short_circuit_operator to 2022-08-05T23:41:24.690317+00:00, run_after=2022-08-06T23:41:24.690317+00:00
[2022-08-07 07:41:24,711] {processor.py:161} INFO - Processing /Users/pro/Documents/a_env/proj_data/lib/python3.7/site-packages/airflow/example_dags/example_short_circuit_operator.py took 0.106 seconds
[2022-08-07 07:41:57,727] {processor.py:153} INFO - Started process (PID=92349) to work on /Users/pro/Documents/a_env/proj_data/lib/python3.7/site-packages/airflow/example_dags/example_short_circuit_operator.py
[2022-08-07 07:41:57,729] {processor.py:641} INFO - Processing file /Users/pro/Documents/a_env/proj_data/lib/python3.7/site-packages/airflow/example_dags/example_short_circuit_operator.py for tasks to queue
[2022-08-07 07:41:57,730] {logging_mixin.py:115} INFO - [2022-08-07 07:41:57,729] {dagbag.py:508} INFO - Filling up the DagBag from /Users/pro/Documents/a_env/proj_data/lib/python3.7/site-packages/airflow/example_dags/example_short_circuit_operator.py
[2022-08-07 07:41:57,743] {processor.py:651} INFO - DAG(s) dict_keys(['example_short_circuit_operator']) retrieved from /Users/pro/Documents/a_env/proj_data/lib/python3.7/site-packages/airflow/example_dags/example_short_circuit_operator.py
[2022-08-07 07:41:57,766] {logging_mixin.py:115} INFO - [2022-08-07 07:41:57,765] {dag.py:2420} INFO - Sync 1 DAGs
[2022-08-07 07:41:57,787] {logging_mixin.py:115} INFO - [2022-08-07 07:41:57,787] {dag.py:2972} INFO - Setting next_dagrun for example_short_circuit_operator to 2022-08-05T23:41:57.787089+00:00, run_after=2022-08-06T23:41:57.787089+00:00
[2022-08-07 07:41:57,801] {processor.py:161} INFO - Processing /Users/pro/Documents/a_env/proj_data/lib/python3.7/site-packages/airflow/example_dags/example_short_circuit_operator.py took 0.079 seconds
[2022-08-07 07:42:33,069] {processor.py:153} INFO - Started process (PID=92385) to work on /Users/pro/Documents/a_env/proj_data/lib/python3.7/site-packages/airflow/example_dags/example_short_circuit_operator.py
[2022-08-07 07:42:33,070] {processor.py:641} INFO - Processing file /Users/pro/Documents/a_env/proj_data/lib/python3.7/site-packages/airflow/example_dags/example_short_circuit_operator.py for tasks to queue
[2022-08-07 07:42:33,071] {logging_mixin.py:115} INFO - [2022-08-07 07:42:33,071] {dagbag.py:508} INFO - Filling up the DagBag from /Users/pro/Documents/a_env/proj_data/lib/python3.7/site-packages/airflow/example_dags/example_short_circuit_operator.py
[2022-08-07 07:42:33,084] {processor.py:651} INFO - DAG(s) dict_keys(['example_short_circuit_operator']) retrieved from /Users/pro/Documents/a_env/proj_data/lib/python3.7/site-packages/airflow/example_dags/example_short_circuit_operator.py
[2022-08-07 07:42:33,105] {logging_mixin.py:115} INFO - [2022-08-07 07:42:33,105] {dag.py:2420} INFO - Sync 1 DAGs
[2022-08-07 07:42:33,128] {logging_mixin.py:115} INFO - [2022-08-07 07:42:33,127] {dag.py:2972} INFO - Setting next_dagrun for example_short_circuit_operator to 2022-08-05T23:42:33.127605+00:00, run_after=2022-08-06T23:42:33.127605+00:00
[2022-08-07 07:42:33,142] {processor.py:161} INFO - Processing /Users/pro/Documents/a_env/proj_data/lib/python3.7/site-packages/airflow/example_dags/example_short_circuit_operator.py took 0.077 seconds
[2022-08-07 07:43:07,658] {processor.py:153} INFO - Started process (PID=92423) to work on /Users/pro/Documents/a_env/proj_data/lib/python3.7/site-packages/airflow/example_dags/example_short_circuit_operator.py
[2022-08-07 07:43:07,660] {processor.py:641} INFO - Processing file /Users/pro/Documents/a_env/proj_data/lib/python3.7/site-packages/airflow/example_dags/example_short_circuit_operator.py for tasks to queue
[2022-08-07 07:43:07,661] {logging_mixin.py:115} INFO - [2022-08-07 07:43:07,661] {dagbag.py:508} INFO - Filling up the DagBag from /Users/pro/Documents/a_env/proj_data/lib/python3.7/site-packages/airflow/example_dags/example_short_circuit_operator.py
[2022-08-07 07:43:07,676] {processor.py:651} INFO - DAG(s) dict_keys(['example_short_circuit_operator']) retrieved from /Users/pro/Documents/a_env/proj_data/lib/python3.7/site-packages/airflow/example_dags/example_short_circuit_operator.py
[2022-08-07 07:43:07,696] {logging_mixin.py:115} INFO - [2022-08-07 07:43:07,696] {dag.py:2420} INFO - Sync 1 DAGs
[2022-08-07 07:43:07,718] {logging_mixin.py:115} INFO - [2022-08-07 07:43:07,718] {dag.py:2972} INFO - Setting next_dagrun for example_short_circuit_operator to 2022-08-05T23:43:07.717861+00:00, run_after=2022-08-06T23:43:07.717861+00:00
[2022-08-07 07:43:07,738] {processor.py:161} INFO - Processing /Users/pro/Documents/a_env/proj_data/lib/python3.7/site-packages/airflow/example_dags/example_short_circuit_operator.py took 0.085 seconds
[2022-08-07 07:43:41,711] {processor.py:153} INFO - Started process (PID=92460) to work on /Users/pro/Documents/a_env/proj_data/lib/python3.7/site-packages/airflow/example_dags/example_short_circuit_operator.py
[2022-08-07 07:43:41,713] {processor.py:641} INFO - Processing file /Users/pro/Documents/a_env/proj_data/lib/python3.7/site-packages/airflow/example_dags/example_short_circuit_operator.py for tasks to queue
[2022-08-07 07:43:41,714] {logging_mixin.py:115} INFO - [2022-08-07 07:43:41,714] {dagbag.py:508} INFO - Filling up the DagBag from /Users/pro/Documents/a_env/proj_data/lib/python3.7/site-packages/airflow/example_dags/example_short_circuit_operator.py
[2022-08-07 07:43:41,729] {processor.py:651} INFO - DAG(s) dict_keys(['example_short_circuit_operator']) retrieved from /Users/pro/Documents/a_env/proj_data/lib/python3.7/site-packages/airflow/example_dags/example_short_circuit_operator.py
[2022-08-07 07:43:41,753] {logging_mixin.py:115} INFO - [2022-08-07 07:43:41,752] {dag.py:2420} INFO - Sync 1 DAGs
[2022-08-07 07:43:41,776] {logging_mixin.py:115} INFO - [2022-08-07 07:43:41,775] {dag.py:2972} INFO - Setting next_dagrun for example_short_circuit_operator to 2022-08-05T23:43:41.775256+00:00, run_after=2022-08-06T23:43:41.775256+00:00
[2022-08-07 07:43:41,788] {processor.py:161} INFO - Processing /Users/pro/Documents/a_env/proj_data/lib/python3.7/site-packages/airflow/example_dags/example_short_circuit_operator.py took 0.082 seconds
[2022-08-07 07:44:17,793] {processor.py:153} INFO - Started process (PID=92513) to work on /Users/pro/Documents/a_env/proj_data/lib/python3.7/site-packages/airflow/example_dags/example_short_circuit_operator.py
[2022-08-07 07:44:17,794] {processor.py:641} INFO - Processing file /Users/pro/Documents/a_env/proj_data/lib/python3.7/site-packages/airflow/example_dags/example_short_circuit_operator.py for tasks to queue
[2022-08-07 07:44:17,795] {logging_mixin.py:115} INFO - [2022-08-07 07:44:17,795] {dagbag.py:508} INFO - Filling up the DagBag from /Users/pro/Documents/a_env/proj_data/lib/python3.7/site-packages/airflow/example_dags/example_short_circuit_operator.py
[2022-08-07 07:44:17,812] {processor.py:651} INFO - DAG(s) dict_keys(['example_short_circuit_operator']) retrieved from /Users/pro/Documents/a_env/proj_data/lib/python3.7/site-packages/airflow/example_dags/example_short_circuit_operator.py
[2022-08-07 07:44:17,838] {logging_mixin.py:115} INFO - [2022-08-07 07:44:17,838] {dag.py:2420} INFO - Sync 1 DAGs
[2022-08-07 07:44:17,861] {logging_mixin.py:115} INFO - [2022-08-07 07:44:17,860] {dag.py:2972} INFO - Setting next_dagrun for example_short_circuit_operator to 2022-08-05T23:44:17.860396+00:00, run_after=2022-08-06T23:44:17.860396+00:00
[2022-08-07 07:44:17,877] {processor.py:161} INFO - Processing /Users/pro/Documents/a_env/proj_data/lib/python3.7/site-packages/airflow/example_dags/example_short_circuit_operator.py took 0.090 seconds
[2022-08-07 07:44:55,077] {processor.py:153} INFO - Started process (PID=92551) to work on /Users/pro/Documents/a_env/proj_data/lib/python3.7/site-packages/airflow/example_dags/example_short_circuit_operator.py
[2022-08-07 07:44:55,079] {processor.py:641} INFO - Processing file /Users/pro/Documents/a_env/proj_data/lib/python3.7/site-packages/airflow/example_dags/example_short_circuit_operator.py for tasks to queue
[2022-08-07 07:44:55,080] {logging_mixin.py:115} INFO - [2022-08-07 07:44:55,079] {dagbag.py:508} INFO - Filling up the DagBag from /Users/pro/Documents/a_env/proj_data/lib/python3.7/site-packages/airflow/example_dags/example_short_circuit_operator.py
[2022-08-07 07:44:55,094] {processor.py:651} INFO - DAG(s) dict_keys(['example_short_circuit_operator']) retrieved from /Users/pro/Documents/a_env/proj_data/lib/python3.7/site-packages/airflow/example_dags/example_short_circuit_operator.py
[2022-08-07 07:44:55,122] {logging_mixin.py:115} INFO - [2022-08-07 07:44:55,121] {dag.py:2420} INFO - Sync 1 DAGs
[2022-08-07 07:44:55,142] {logging_mixin.py:115} INFO - [2022-08-07 07:44:55,142] {dag.py:2972} INFO - Setting next_dagrun for example_short_circuit_operator to 2022-08-05T23:44:55.142057+00:00, run_after=2022-08-06T23:44:55.142057+00:00
[2022-08-07 07:44:55,155] {processor.py:161} INFO - Processing /Users/pro/Documents/a_env/proj_data/lib/python3.7/site-packages/airflow/example_dags/example_short_circuit_operator.py took 0.084 seconds
[2022-08-07 07:45:31,187] {processor.py:153} INFO - Started process (PID=92591) to work on /Users/pro/Documents/a_env/proj_data/lib/python3.7/site-packages/airflow/example_dags/example_short_circuit_operator.py
[2022-08-07 07:45:31,189] {processor.py:641} INFO - Processing file /Users/pro/Documents/a_env/proj_data/lib/python3.7/site-packages/airflow/example_dags/example_short_circuit_operator.py for tasks to queue
[2022-08-07 07:45:31,191] {logging_mixin.py:115} INFO - [2022-08-07 07:45:31,190] {dagbag.py:508} INFO - Filling up the DagBag from /Users/pro/Documents/a_env/proj_data/lib/python3.7/site-packages/airflow/example_dags/example_short_circuit_operator.py
[2022-08-07 07:45:31,207] {processor.py:651} INFO - DAG(s) dict_keys(['example_short_circuit_operator']) retrieved from /Users/pro/Documents/a_env/proj_data/lib/python3.7/site-packages/airflow/example_dags/example_short_circuit_operator.py
[2022-08-07 07:45:31,247] {logging_mixin.py:115} INFO - [2022-08-07 07:45:31,246] {dag.py:2420} INFO - Sync 1 DAGs
[2022-08-07 07:45:31,278] {logging_mixin.py:115} INFO - [2022-08-07 07:45:31,277] {dag.py:2972} INFO - Setting next_dagrun for example_short_circuit_operator to 2022-08-05T23:45:31.276999+00:00, run_after=2022-08-06T23:45:31.276999+00:00
[2022-08-07 07:45:31,295] {processor.py:161} INFO - Processing /Users/pro/Documents/a_env/proj_data/lib/python3.7/site-packages/airflow/example_dags/example_short_circuit_operator.py took 0.113 seconds
[2022-08-07 07:46:08,786] {processor.py:153} INFO - Started process (PID=92629) to work on /Users/pro/Documents/a_env/proj_data/lib/python3.7/site-packages/airflow/example_dags/example_short_circuit_operator.py
[2022-08-07 07:46:08,788] {processor.py:641} INFO - Processing file /Users/pro/Documents/a_env/proj_data/lib/python3.7/site-packages/airflow/example_dags/example_short_circuit_operator.py for tasks to queue
[2022-08-07 07:46:08,790] {logging_mixin.py:115} INFO - [2022-08-07 07:46:08,789] {dagbag.py:508} INFO - Filling up the DagBag from /Users/pro/Documents/a_env/proj_data/lib/python3.7/site-packages/airflow/example_dags/example_short_circuit_operator.py
[2022-08-07 07:46:08,804] {processor.py:651} INFO - DAG(s) dict_keys(['example_short_circuit_operator']) retrieved from /Users/pro/Documents/a_env/proj_data/lib/python3.7/site-packages/airflow/example_dags/example_short_circuit_operator.py
[2022-08-07 07:46:08,835] {logging_mixin.py:115} INFO - [2022-08-07 07:46:08,834] {dag.py:2420} INFO - Sync 1 DAGs
[2022-08-07 07:46:08,855] {logging_mixin.py:115} INFO - [2022-08-07 07:46:08,855] {dag.py:2972} INFO - Setting next_dagrun for example_short_circuit_operator to 2022-08-05T23:46:08.855052+00:00, run_after=2022-08-06T23:46:08.855052+00:00
[2022-08-07 07:46:08,872] {processor.py:161} INFO - Processing /Users/pro/Documents/a_env/proj_data/lib/python3.7/site-packages/airflow/example_dags/example_short_circuit_operator.py took 0.091 seconds
[2022-08-07 07:46:42,595] {processor.py:153} INFO - Started process (PID=92664) to work on /Users/pro/Documents/a_env/proj_data/lib/python3.7/site-packages/airflow/example_dags/example_short_circuit_operator.py
[2022-08-07 07:46:42,598] {processor.py:641} INFO - Processing file /Users/pro/Documents/a_env/proj_data/lib/python3.7/site-packages/airflow/example_dags/example_short_circuit_operator.py for tasks to queue
[2022-08-07 07:46:42,599] {logging_mixin.py:115} INFO - [2022-08-07 07:46:42,599] {dagbag.py:508} INFO - Filling up the DagBag from /Users/pro/Documents/a_env/proj_data/lib/python3.7/site-packages/airflow/example_dags/example_short_circuit_operator.py
[2022-08-07 07:46:42,612] {processor.py:651} INFO - DAG(s) dict_keys(['example_short_circuit_operator']) retrieved from /Users/pro/Documents/a_env/proj_data/lib/python3.7/site-packages/airflow/example_dags/example_short_circuit_operator.py
[2022-08-07 07:46:42,636] {logging_mixin.py:115} INFO - [2022-08-07 07:46:42,635] {dag.py:2420} INFO - Sync 1 DAGs
[2022-08-07 07:46:42,658] {logging_mixin.py:115} INFO - [2022-08-07 07:46:42,657] {dag.py:2972} INFO - Setting next_dagrun for example_short_circuit_operator to 2022-08-05T23:46:42.657568+00:00, run_after=2022-08-06T23:46:42.657568+00:00
[2022-08-07 07:46:42,671] {processor.py:161} INFO - Processing /Users/pro/Documents/a_env/proj_data/lib/python3.7/site-packages/airflow/example_dags/example_short_circuit_operator.py took 0.081 seconds
[2022-08-07 07:47:16,479] {processor.py:153} INFO - Started process (PID=92699) to work on /Users/pro/Documents/a_env/proj_data/lib/python3.7/site-packages/airflow/example_dags/example_short_circuit_operator.py
[2022-08-07 07:47:16,481] {processor.py:641} INFO - Processing file /Users/pro/Documents/a_env/proj_data/lib/python3.7/site-packages/airflow/example_dags/example_short_circuit_operator.py for tasks to queue
[2022-08-07 07:47:16,483] {logging_mixin.py:115} INFO - [2022-08-07 07:47:16,482] {dagbag.py:508} INFO - Filling up the DagBag from /Users/pro/Documents/a_env/proj_data/lib/python3.7/site-packages/airflow/example_dags/example_short_circuit_operator.py
[2022-08-07 07:47:16,497] {processor.py:651} INFO - DAG(s) dict_keys(['example_short_circuit_operator']) retrieved from /Users/pro/Documents/a_env/proj_data/lib/python3.7/site-packages/airflow/example_dags/example_short_circuit_operator.py
[2022-08-07 07:47:16,522] {logging_mixin.py:115} INFO - [2022-08-07 07:47:16,521] {dag.py:2420} INFO - Sync 1 DAGs
[2022-08-07 07:47:16,540] {logging_mixin.py:115} INFO - [2022-08-07 07:47:16,540] {dag.py:2972} INFO - Setting next_dagrun for example_short_circuit_operator to 2022-08-05T23:47:16.539968+00:00, run_after=2022-08-06T23:47:16.539968+00:00
[2022-08-07 07:47:16,552] {processor.py:161} INFO - Processing /Users/pro/Documents/a_env/proj_data/lib/python3.7/site-packages/airflow/example_dags/example_short_circuit_operator.py took 0.077 seconds
[2022-08-07 07:47:50,118] {processor.py:153} INFO - Started process (PID=92734) to work on /Users/pro/Documents/a_env/proj_data/lib/python3.7/site-packages/airflow/example_dags/example_short_circuit_operator.py
[2022-08-07 07:47:50,119] {processor.py:641} INFO - Processing file /Users/pro/Documents/a_env/proj_data/lib/python3.7/site-packages/airflow/example_dags/example_short_circuit_operator.py for tasks to queue
[2022-08-07 07:47:50,120] {logging_mixin.py:115} INFO - [2022-08-07 07:47:50,120] {dagbag.py:508} INFO - Filling up the DagBag from /Users/pro/Documents/a_env/proj_data/lib/python3.7/site-packages/airflow/example_dags/example_short_circuit_operator.py
[2022-08-07 07:47:50,133] {processor.py:651} INFO - DAG(s) dict_keys(['example_short_circuit_operator']) retrieved from /Users/pro/Documents/a_env/proj_data/lib/python3.7/site-packages/airflow/example_dags/example_short_circuit_operator.py
[2022-08-07 07:47:50,157] {logging_mixin.py:115} INFO - [2022-08-07 07:47:50,156] {dag.py:2420} INFO - Sync 1 DAGs
[2022-08-07 07:47:50,178] {logging_mixin.py:115} INFO - [2022-08-07 07:47:50,178] {dag.py:2972} INFO - Setting next_dagrun for example_short_circuit_operator to 2022-08-05T23:47:50.178159+00:00, run_after=2022-08-06T23:47:50.178159+00:00
[2022-08-07 07:47:50,193] {processor.py:161} INFO - Processing /Users/pro/Documents/a_env/proj_data/lib/python3.7/site-packages/airflow/example_dags/example_short_circuit_operator.py took 0.080 seconds
[2022-08-07 07:48:25,024] {processor.py:153} INFO - Started process (PID=92776) to work on /Users/pro/Documents/a_env/proj_data/lib/python3.7/site-packages/airflow/example_dags/example_short_circuit_operator.py
[2022-08-07 07:48:25,025] {processor.py:641} INFO - Processing file /Users/pro/Documents/a_env/proj_data/lib/python3.7/site-packages/airflow/example_dags/example_short_circuit_operator.py for tasks to queue
[2022-08-07 07:48:25,026] {logging_mixin.py:115} INFO - [2022-08-07 07:48:25,026] {dagbag.py:508} INFO - Filling up the DagBag from /Users/pro/Documents/a_env/proj_data/lib/python3.7/site-packages/airflow/example_dags/example_short_circuit_operator.py
[2022-08-07 07:48:25,040] {processor.py:651} INFO - DAG(s) dict_keys(['example_short_circuit_operator']) retrieved from /Users/pro/Documents/a_env/proj_data/lib/python3.7/site-packages/airflow/example_dags/example_short_circuit_operator.py
[2022-08-07 07:48:25,067] {logging_mixin.py:115} INFO - [2022-08-07 07:48:25,067] {dag.py:2420} INFO - Sync 1 DAGs
[2022-08-07 07:48:25,086] {logging_mixin.py:115} INFO - [2022-08-07 07:48:25,086] {dag.py:2972} INFO - Setting next_dagrun for example_short_circuit_operator to 2022-08-05T23:48:25.085749+00:00, run_after=2022-08-06T23:48:25.085749+00:00
[2022-08-07 07:48:25,099] {processor.py:161} INFO - Processing /Users/pro/Documents/a_env/proj_data/lib/python3.7/site-packages/airflow/example_dags/example_short_circuit_operator.py took 0.079 seconds
[2022-08-07 07:48:59,940] {processor.py:153} INFO - Started process (PID=92814) to work on /Users/pro/Documents/a_env/proj_data/lib/python3.7/site-packages/airflow/example_dags/example_short_circuit_operator.py
[2022-08-07 07:48:59,941] {processor.py:641} INFO - Processing file /Users/pro/Documents/a_env/proj_data/lib/python3.7/site-packages/airflow/example_dags/example_short_circuit_operator.py for tasks to queue
[2022-08-07 07:48:59,942] {logging_mixin.py:115} INFO - [2022-08-07 07:48:59,942] {dagbag.py:508} INFO - Filling up the DagBag from /Users/pro/Documents/a_env/proj_data/lib/python3.7/site-packages/airflow/example_dags/example_short_circuit_operator.py
[2022-08-07 07:48:59,955] {processor.py:651} INFO - DAG(s) dict_keys(['example_short_circuit_operator']) retrieved from /Users/pro/Documents/a_env/proj_data/lib/python3.7/site-packages/airflow/example_dags/example_short_circuit_operator.py
[2022-08-07 07:48:59,979] {logging_mixin.py:115} INFO - [2022-08-07 07:48:59,978] {dag.py:2420} INFO - Sync 1 DAGs
[2022-08-07 07:48:59,997] {logging_mixin.py:115} INFO - [2022-08-07 07:48:59,997] {dag.py:2972} INFO - Setting next_dagrun for example_short_circuit_operator to 2022-08-05T23:48:59.997198+00:00, run_after=2022-08-06T23:48:59.997198+00:00
[2022-08-07 07:49:00,011] {processor.py:161} INFO - Processing /Users/pro/Documents/a_env/proj_data/lib/python3.7/site-packages/airflow/example_dags/example_short_circuit_operator.py took 0.075 seconds
[2022-08-07 07:49:32,738] {processor.py:153} INFO - Started process (PID=92854) to work on /Users/pro/Documents/a_env/proj_data/lib/python3.7/site-packages/airflow/example_dags/example_short_circuit_operator.py
[2022-08-07 07:49:32,740] {processor.py:641} INFO - Processing file /Users/pro/Documents/a_env/proj_data/lib/python3.7/site-packages/airflow/example_dags/example_short_circuit_operator.py for tasks to queue
[2022-08-07 07:49:32,741] {logging_mixin.py:115} INFO - [2022-08-07 07:49:32,740] {dagbag.py:508} INFO - Filling up the DagBag from /Users/pro/Documents/a_env/proj_data/lib/python3.7/site-packages/airflow/example_dags/example_short_circuit_operator.py
[2022-08-07 07:49:32,756] {processor.py:651} INFO - DAG(s) dict_keys(['example_short_circuit_operator']) retrieved from /Users/pro/Documents/a_env/proj_data/lib/python3.7/site-packages/airflow/example_dags/example_short_circuit_operator.py
[2022-08-07 07:49:32,783] {logging_mixin.py:115} INFO - [2022-08-07 07:49:32,783] {dag.py:2420} INFO - Sync 1 DAGs
[2022-08-07 07:49:32,803] {logging_mixin.py:115} INFO - [2022-08-07 07:49:32,803] {dag.py:2972} INFO - Setting next_dagrun for example_short_circuit_operator to 2022-08-05T23:49:32.802845+00:00, run_after=2022-08-06T23:49:32.802845+00:00
[2022-08-07 07:49:32,817] {processor.py:161} INFO - Processing /Users/pro/Documents/a_env/proj_data/lib/python3.7/site-packages/airflow/example_dags/example_short_circuit_operator.py took 0.083 seconds
[2022-08-07 07:50:06,598] {processor.py:153} INFO - Started process (PID=92890) to work on /Users/pro/Documents/a_env/proj_data/lib/python3.7/site-packages/airflow/example_dags/example_short_circuit_operator.py
[2022-08-07 07:50:06,600] {processor.py:641} INFO - Processing file /Users/pro/Documents/a_env/proj_data/lib/python3.7/site-packages/airflow/example_dags/example_short_circuit_operator.py for tasks to queue
[2022-08-07 07:50:06,601] {logging_mixin.py:115} INFO - [2022-08-07 07:50:06,600] {dagbag.py:508} INFO - Filling up the DagBag from /Users/pro/Documents/a_env/proj_data/lib/python3.7/site-packages/airflow/example_dags/example_short_circuit_operator.py
[2022-08-07 07:50:06,616] {processor.py:651} INFO - DAG(s) dict_keys(['example_short_circuit_operator']) retrieved from /Users/pro/Documents/a_env/proj_data/lib/python3.7/site-packages/airflow/example_dags/example_short_circuit_operator.py
[2022-08-07 07:50:06,638] {logging_mixin.py:115} INFO - [2022-08-07 07:50:06,638] {dag.py:2420} INFO - Sync 1 DAGs
[2022-08-07 07:50:06,658] {logging_mixin.py:115} INFO - [2022-08-07 07:50:06,657] {dag.py:2972} INFO - Setting next_dagrun for example_short_circuit_operator to 2022-08-05T23:50:06.657432+00:00, run_after=2022-08-06T23:50:06.657432+00:00
[2022-08-07 07:50:06,672] {processor.py:161} INFO - Processing /Users/pro/Documents/a_env/proj_data/lib/python3.7/site-packages/airflow/example_dags/example_short_circuit_operator.py took 0.078 seconds
[2022-08-07 07:50:39,337] {processor.py:153} INFO - Started process (PID=92925) to work on /Users/pro/Documents/a_env/proj_data/lib/python3.7/site-packages/airflow/example_dags/example_short_circuit_operator.py
[2022-08-07 07:50:39,338] {processor.py:641} INFO - Processing file /Users/pro/Documents/a_env/proj_data/lib/python3.7/site-packages/airflow/example_dags/example_short_circuit_operator.py for tasks to queue
[2022-08-07 07:50:39,340] {logging_mixin.py:115} INFO - [2022-08-07 07:50:39,339] {dagbag.py:508} INFO - Filling up the DagBag from /Users/pro/Documents/a_env/proj_data/lib/python3.7/site-packages/airflow/example_dags/example_short_circuit_operator.py
[2022-08-07 07:50:39,355] {processor.py:651} INFO - DAG(s) dict_keys(['example_short_circuit_operator']) retrieved from /Users/pro/Documents/a_env/proj_data/lib/python3.7/site-packages/airflow/example_dags/example_short_circuit_operator.py
[2022-08-07 07:50:39,384] {logging_mixin.py:115} INFO - [2022-08-07 07:50:39,384] {dag.py:2420} INFO - Sync 1 DAGs
[2022-08-07 07:50:39,408] {logging_mixin.py:115} INFO - [2022-08-07 07:50:39,407] {dag.py:2972} INFO - Setting next_dagrun for example_short_circuit_operator to 2022-08-05T23:50:39.407477+00:00, run_after=2022-08-06T23:50:39.407477+00:00
[2022-08-07 07:50:39,422] {processor.py:161} INFO - Processing /Users/pro/Documents/a_env/proj_data/lib/python3.7/site-packages/airflow/example_dags/example_short_circuit_operator.py took 0.090 seconds
[2022-08-07 07:51:14,309] {processor.py:153} INFO - Started process (PID=92960) to work on /Users/pro/Documents/a_env/proj_data/lib/python3.7/site-packages/airflow/example_dags/example_short_circuit_operator.py
[2022-08-07 07:51:14,310] {processor.py:641} INFO - Processing file /Users/pro/Documents/a_env/proj_data/lib/python3.7/site-packages/airflow/example_dags/example_short_circuit_operator.py for tasks to queue
[2022-08-07 07:51:14,311] {logging_mixin.py:115} INFO - [2022-08-07 07:51:14,311] {dagbag.py:508} INFO - Filling up the DagBag from /Users/pro/Documents/a_env/proj_data/lib/python3.7/site-packages/airflow/example_dags/example_short_circuit_operator.py
[2022-08-07 07:51:14,325] {processor.py:651} INFO - DAG(s) dict_keys(['example_short_circuit_operator']) retrieved from /Users/pro/Documents/a_env/proj_data/lib/python3.7/site-packages/airflow/example_dags/example_short_circuit_operator.py
[2022-08-07 07:51:14,348] {logging_mixin.py:115} INFO - [2022-08-07 07:51:14,347] {dag.py:2420} INFO - Sync 1 DAGs
[2022-08-07 07:51:14,368] {logging_mixin.py:115} INFO - [2022-08-07 07:51:14,368] {dag.py:2972} INFO - Setting next_dagrun for example_short_circuit_operator to 2022-08-05T23:51:14.368110+00:00, run_after=2022-08-06T23:51:14.368110+00:00
[2022-08-07 07:51:14,381] {processor.py:161} INFO - Processing /Users/pro/Documents/a_env/proj_data/lib/python3.7/site-packages/airflow/example_dags/example_short_circuit_operator.py took 0.076 seconds
[2022-08-07 07:51:47,191] {processor.py:153} INFO - Started process (PID=92995) to work on /Users/pro/Documents/a_env/proj_data/lib/python3.7/site-packages/airflow/example_dags/example_short_circuit_operator.py
[2022-08-07 07:51:47,192] {processor.py:641} INFO - Processing file /Users/pro/Documents/a_env/proj_data/lib/python3.7/site-packages/airflow/example_dags/example_short_circuit_operator.py for tasks to queue
[2022-08-07 07:51:47,193] {logging_mixin.py:115} INFO - [2022-08-07 07:51:47,193] {dagbag.py:508} INFO - Filling up the DagBag from /Users/pro/Documents/a_env/proj_data/lib/python3.7/site-packages/airflow/example_dags/example_short_circuit_operator.py
[2022-08-07 07:51:47,206] {processor.py:651} INFO - DAG(s) dict_keys(['example_short_circuit_operator']) retrieved from /Users/pro/Documents/a_env/proj_data/lib/python3.7/site-packages/airflow/example_dags/example_short_circuit_operator.py
[2022-08-07 07:51:47,229] {logging_mixin.py:115} INFO - [2022-08-07 07:51:47,228] {dag.py:2420} INFO - Sync 1 DAGs
[2022-08-07 07:51:47,247] {logging_mixin.py:115} INFO - [2022-08-07 07:51:47,246] {dag.py:2972} INFO - Setting next_dagrun for example_short_circuit_operator to 2022-08-05T23:51:47.246596+00:00, run_after=2022-08-06T23:51:47.246596+00:00
[2022-08-07 07:51:47,260] {processor.py:161} INFO - Processing /Users/pro/Documents/a_env/proj_data/lib/python3.7/site-packages/airflow/example_dags/example_short_circuit_operator.py took 0.073 seconds
[2022-08-07 07:52:23,935] {processor.py:153} INFO - Started process (PID=93032) to work on /Users/pro/Documents/a_env/proj_data/lib/python3.7/site-packages/airflow/example_dags/example_short_circuit_operator.py
[2022-08-07 07:52:23,937] {processor.py:641} INFO - Processing file /Users/pro/Documents/a_env/proj_data/lib/python3.7/site-packages/airflow/example_dags/example_short_circuit_operator.py for tasks to queue
[2022-08-07 07:52:23,938] {logging_mixin.py:115} INFO - [2022-08-07 07:52:23,938] {dagbag.py:508} INFO - Filling up the DagBag from /Users/pro/Documents/a_env/proj_data/lib/python3.7/site-packages/airflow/example_dags/example_short_circuit_operator.py
[2022-08-07 07:52:23,954] {processor.py:651} INFO - DAG(s) dict_keys(['example_short_circuit_operator']) retrieved from /Users/pro/Documents/a_env/proj_data/lib/python3.7/site-packages/airflow/example_dags/example_short_circuit_operator.py
[2022-08-07 07:52:23,980] {logging_mixin.py:115} INFO - [2022-08-07 07:52:23,980] {dag.py:2420} INFO - Sync 1 DAGs
[2022-08-07 07:52:24,002] {logging_mixin.py:115} INFO - [2022-08-07 07:52:24,001] {dag.py:2972} INFO - Setting next_dagrun for example_short_circuit_operator to 2022-08-05T23:52:24.001511+00:00, run_after=2022-08-06T23:52:24.001511+00:00
[2022-08-07 07:52:24,016] {processor.py:161} INFO - Processing /Users/pro/Documents/a_env/proj_data/lib/python3.7/site-packages/airflow/example_dags/example_short_circuit_operator.py took 0.085 seconds
[2022-08-07 07:52:56,962] {processor.py:153} INFO - Started process (PID=93069) to work on /Users/pro/Documents/a_env/proj_data/lib/python3.7/site-packages/airflow/example_dags/example_short_circuit_operator.py
[2022-08-07 07:52:56,963] {processor.py:641} INFO - Processing file /Users/pro/Documents/a_env/proj_data/lib/python3.7/site-packages/airflow/example_dags/example_short_circuit_operator.py for tasks to queue
[2022-08-07 07:52:56,964] {logging_mixin.py:115} INFO - [2022-08-07 07:52:56,964] {dagbag.py:508} INFO - Filling up the DagBag from /Users/pro/Documents/a_env/proj_data/lib/python3.7/site-packages/airflow/example_dags/example_short_circuit_operator.py
[2022-08-07 07:52:56,979] {processor.py:651} INFO - DAG(s) dict_keys(['example_short_circuit_operator']) retrieved from /Users/pro/Documents/a_env/proj_data/lib/python3.7/site-packages/airflow/example_dags/example_short_circuit_operator.py
[2022-08-07 07:52:57,004] {logging_mixin.py:115} INFO - [2022-08-07 07:52:57,004] {dag.py:2420} INFO - Sync 1 DAGs
[2022-08-07 07:52:57,023] {logging_mixin.py:115} INFO - [2022-08-07 07:52:57,023] {dag.py:2972} INFO - Setting next_dagrun for example_short_circuit_operator to 2022-08-05T23:52:57.023143+00:00, run_after=2022-08-06T23:52:57.023143+00:00
[2022-08-07 07:52:57,038] {processor.py:161} INFO - Processing /Users/pro/Documents/a_env/proj_data/lib/python3.7/site-packages/airflow/example_dags/example_short_circuit_operator.py took 0.081 seconds
[2022-08-07 07:53:30,399] {processor.py:153} INFO - Started process (PID=93119) to work on /Users/pro/Documents/a_env/proj_data/lib/python3.7/site-packages/airflow/example_dags/example_short_circuit_operator.py
[2022-08-07 07:53:30,400] {processor.py:641} INFO - Processing file /Users/pro/Documents/a_env/proj_data/lib/python3.7/site-packages/airflow/example_dags/example_short_circuit_operator.py for tasks to queue
[2022-08-07 07:53:30,401] {logging_mixin.py:115} INFO - [2022-08-07 07:53:30,401] {dagbag.py:508} INFO - Filling up the DagBag from /Users/pro/Documents/a_env/proj_data/lib/python3.7/site-packages/airflow/example_dags/example_short_circuit_operator.py
[2022-08-07 07:53:30,415] {processor.py:651} INFO - DAG(s) dict_keys(['example_short_circuit_operator']) retrieved from /Users/pro/Documents/a_env/proj_data/lib/python3.7/site-packages/airflow/example_dags/example_short_circuit_operator.py
[2022-08-07 07:53:30,441] {logging_mixin.py:115} INFO - [2022-08-07 07:53:30,441] {dag.py:2420} INFO - Sync 1 DAGs
[2022-08-07 07:53:30,463] {logging_mixin.py:115} INFO - [2022-08-07 07:53:30,463] {dag.py:2972} INFO - Setting next_dagrun for example_short_circuit_operator to 2022-08-05T23:53:30.463110+00:00, run_after=2022-08-06T23:53:30.463110+00:00
[2022-08-07 07:53:30,475] {processor.py:161} INFO - Processing /Users/pro/Documents/a_env/proj_data/lib/python3.7/site-packages/airflow/example_dags/example_short_circuit_operator.py took 0.081 seconds
[2022-08-07 07:54:04,202] {processor.py:153} INFO - Started process (PID=93168) to work on /Users/pro/Documents/a_env/proj_data/lib/python3.7/site-packages/airflow/example_dags/example_short_circuit_operator.py
[2022-08-07 07:54:04,204] {processor.py:641} INFO - Processing file /Users/pro/Documents/a_env/proj_data/lib/python3.7/site-packages/airflow/example_dags/example_short_circuit_operator.py for tasks to queue
[2022-08-07 07:54:04,205] {logging_mixin.py:115} INFO - [2022-08-07 07:54:04,205] {dagbag.py:508} INFO - Filling up the DagBag from /Users/pro/Documents/a_env/proj_data/lib/python3.7/site-packages/airflow/example_dags/example_short_circuit_operator.py
[2022-08-07 07:54:04,219] {processor.py:651} INFO - DAG(s) dict_keys(['example_short_circuit_operator']) retrieved from /Users/pro/Documents/a_env/proj_data/lib/python3.7/site-packages/airflow/example_dags/example_short_circuit_operator.py
[2022-08-07 07:54:04,245] {logging_mixin.py:115} INFO - [2022-08-07 07:54:04,245] {dag.py:2420} INFO - Sync 1 DAGs
[2022-08-07 07:54:04,264] {logging_mixin.py:115} INFO - [2022-08-07 07:54:04,264] {dag.py:2972} INFO - Setting next_dagrun for example_short_circuit_operator to 2022-08-05T23:54:04.264084+00:00, run_after=2022-08-06T23:54:04.264084+00:00
[2022-08-07 07:54:04,278] {processor.py:161} INFO - Processing /Users/pro/Documents/a_env/proj_data/lib/python3.7/site-packages/airflow/example_dags/example_short_circuit_operator.py took 0.080 seconds
[2022-08-07 07:54:37,912] {processor.py:153} INFO - Started process (PID=93203) to work on /Users/pro/Documents/a_env/proj_data/lib/python3.7/site-packages/airflow/example_dags/example_short_circuit_operator.py
[2022-08-07 07:54:37,913] {processor.py:641} INFO - Processing file /Users/pro/Documents/a_env/proj_data/lib/python3.7/site-packages/airflow/example_dags/example_short_circuit_operator.py for tasks to queue
[2022-08-07 07:54:37,914] {logging_mixin.py:115} INFO - [2022-08-07 07:54:37,914] {dagbag.py:508} INFO - Filling up the DagBag from /Users/pro/Documents/a_env/proj_data/lib/python3.7/site-packages/airflow/example_dags/example_short_circuit_operator.py
[2022-08-07 07:54:37,928] {processor.py:651} INFO - DAG(s) dict_keys(['example_short_circuit_operator']) retrieved from /Users/pro/Documents/a_env/proj_data/lib/python3.7/site-packages/airflow/example_dags/example_short_circuit_operator.py
[2022-08-07 07:54:37,951] {logging_mixin.py:115} INFO - [2022-08-07 07:54:37,951] {dag.py:2420} INFO - Sync 1 DAGs
[2022-08-07 07:54:37,970] {logging_mixin.py:115} INFO - [2022-08-07 07:54:37,970] {dag.py:2972} INFO - Setting next_dagrun for example_short_circuit_operator to 2022-08-05T23:54:37.969731+00:00, run_after=2022-08-06T23:54:37.969731+00:00
[2022-08-07 07:54:37,982] {processor.py:161} INFO - Processing /Users/pro/Documents/a_env/proj_data/lib/python3.7/site-packages/airflow/example_dags/example_short_circuit_operator.py took 0.075 seconds
[2022-08-07 07:55:13,908] {processor.py:153} INFO - Started process (PID=93244) to work on /Users/pro/Documents/a_env/proj_data/lib/python3.7/site-packages/airflow/example_dags/example_short_circuit_operator.py
[2022-08-07 07:55:13,909] {processor.py:641} INFO - Processing file /Users/pro/Documents/a_env/proj_data/lib/python3.7/site-packages/airflow/example_dags/example_short_circuit_operator.py for tasks to queue
[2022-08-07 07:55:13,910] {logging_mixin.py:115} INFO - [2022-08-07 07:55:13,910] {dagbag.py:508} INFO - Filling up the DagBag from /Users/pro/Documents/a_env/proj_data/lib/python3.7/site-packages/airflow/example_dags/example_short_circuit_operator.py
[2022-08-07 07:55:13,924] {processor.py:651} INFO - DAG(s) dict_keys(['example_short_circuit_operator']) retrieved from /Users/pro/Documents/a_env/proj_data/lib/python3.7/site-packages/airflow/example_dags/example_short_circuit_operator.py
[2022-08-07 07:55:13,948] {logging_mixin.py:115} INFO - [2022-08-07 07:55:13,947] {dag.py:2420} INFO - Sync 1 DAGs
[2022-08-07 07:55:13,968] {logging_mixin.py:115} INFO - [2022-08-07 07:55:13,967] {dag.py:2972} INFO - Setting next_dagrun for example_short_circuit_operator to 2022-08-05T23:55:13.967592+00:00, run_after=2022-08-06T23:55:13.967592+00:00
[2022-08-07 07:55:13,979] {processor.py:161} INFO - Processing /Users/pro/Documents/a_env/proj_data/lib/python3.7/site-packages/airflow/example_dags/example_short_circuit_operator.py took 0.076 seconds
[2022-08-07 07:55:51,728] {processor.py:153} INFO - Started process (PID=93281) to work on /Users/pro/Documents/a_env/proj_data/lib/python3.7/site-packages/airflow/example_dags/example_short_circuit_operator.py
[2022-08-07 07:55:51,729] {processor.py:641} INFO - Processing file /Users/pro/Documents/a_env/proj_data/lib/python3.7/site-packages/airflow/example_dags/example_short_circuit_operator.py for tasks to queue
[2022-08-07 07:55:51,731] {logging_mixin.py:115} INFO - [2022-08-07 07:55:51,731] {dagbag.py:508} INFO - Filling up the DagBag from /Users/pro/Documents/a_env/proj_data/lib/python3.7/site-packages/airflow/example_dags/example_short_circuit_operator.py
[2022-08-07 07:55:51,743] {processor.py:651} INFO - DAG(s) dict_keys(['example_short_circuit_operator']) retrieved from /Users/pro/Documents/a_env/proj_data/lib/python3.7/site-packages/airflow/example_dags/example_short_circuit_operator.py
[2022-08-07 07:55:51,768] {logging_mixin.py:115} INFO - [2022-08-07 07:55:51,768] {dag.py:2420} INFO - Sync 1 DAGs
[2022-08-07 07:55:51,788] {logging_mixin.py:115} INFO - [2022-08-07 07:55:51,788] {dag.py:2972} INFO - Setting next_dagrun for example_short_circuit_operator to 2022-08-05T23:55:51.787739+00:00, run_after=2022-08-06T23:55:51.787739+00:00
[2022-08-07 07:55:51,800] {processor.py:161} INFO - Processing /Users/pro/Documents/a_env/proj_data/lib/python3.7/site-packages/airflow/example_dags/example_short_circuit_operator.py took 0.076 seconds
[2022-08-07 07:56:29,887] {processor.py:153} INFO - Started process (PID=93318) to work on /Users/pro/Documents/a_env/proj_data/lib/python3.7/site-packages/airflow/example_dags/example_short_circuit_operator.py
[2022-08-07 07:56:29,888] {processor.py:641} INFO - Processing file /Users/pro/Documents/a_env/proj_data/lib/python3.7/site-packages/airflow/example_dags/example_short_circuit_operator.py for tasks to queue
[2022-08-07 07:56:29,890] {logging_mixin.py:115} INFO - [2022-08-07 07:56:29,889] {dagbag.py:508} INFO - Filling up the DagBag from /Users/pro/Documents/a_env/proj_data/lib/python3.7/site-packages/airflow/example_dags/example_short_circuit_operator.py
[2022-08-07 07:56:29,902] {processor.py:651} INFO - DAG(s) dict_keys(['example_short_circuit_operator']) retrieved from /Users/pro/Documents/a_env/proj_data/lib/python3.7/site-packages/airflow/example_dags/example_short_circuit_operator.py
[2022-08-07 07:56:29,928] {logging_mixin.py:115} INFO - [2022-08-07 07:56:29,928] {dag.py:2420} INFO - Sync 1 DAGs
[2022-08-07 07:56:29,949] {logging_mixin.py:115} INFO - [2022-08-07 07:56:29,949] {dag.py:2972} INFO - Setting next_dagrun for example_short_circuit_operator to 2022-08-05T23:56:29.948726+00:00, run_after=2022-08-06T23:56:29.948726+00:00
[2022-08-07 07:56:29,962] {processor.py:161} INFO - Processing /Users/pro/Documents/a_env/proj_data/lib/python3.7/site-packages/airflow/example_dags/example_short_circuit_operator.py took 0.080 seconds
[2022-08-07 07:57:04,933] {processor.py:153} INFO - Started process (PID=93358) to work on /Users/pro/Documents/a_env/proj_data/lib/python3.7/site-packages/airflow/example_dags/example_short_circuit_operator.py
[2022-08-07 07:57:04,934] {processor.py:641} INFO - Processing file /Users/pro/Documents/a_env/proj_data/lib/python3.7/site-packages/airflow/example_dags/example_short_circuit_operator.py for tasks to queue
[2022-08-07 07:57:04,935] {logging_mixin.py:115} INFO - [2022-08-07 07:57:04,935] {dagbag.py:508} INFO - Filling up the DagBag from /Users/pro/Documents/a_env/proj_data/lib/python3.7/site-packages/airflow/example_dags/example_short_circuit_operator.py
[2022-08-07 07:57:04,949] {processor.py:651} INFO - DAG(s) dict_keys(['example_short_circuit_operator']) retrieved from /Users/pro/Documents/a_env/proj_data/lib/python3.7/site-packages/airflow/example_dags/example_short_circuit_operator.py
[2022-08-07 07:57:04,973] {logging_mixin.py:115} INFO - [2022-08-07 07:57:04,972] {dag.py:2420} INFO - Sync 1 DAGs
[2022-08-07 07:57:04,993] {logging_mixin.py:115} INFO - [2022-08-07 07:57:04,993] {dag.py:2972} INFO - Setting next_dagrun for example_short_circuit_operator to 2022-08-05T23:57:04.993033+00:00, run_after=2022-08-06T23:57:04.993033+00:00
[2022-08-07 07:57:05,007] {processor.py:161} INFO - Processing /Users/pro/Documents/a_env/proj_data/lib/python3.7/site-packages/airflow/example_dags/example_short_circuit_operator.py took 0.079 seconds
[2022-08-07 07:57:38,289] {processor.py:153} INFO - Started process (PID=93399) to work on /Users/pro/Documents/a_env/proj_data/lib/python3.7/site-packages/airflow/example_dags/example_short_circuit_operator.py
[2022-08-07 07:57:38,290] {processor.py:641} INFO - Processing file /Users/pro/Documents/a_env/proj_data/lib/python3.7/site-packages/airflow/example_dags/example_short_circuit_operator.py for tasks to queue
[2022-08-07 07:57:38,291] {logging_mixin.py:115} INFO - [2022-08-07 07:57:38,291] {dagbag.py:508} INFO - Filling up the DagBag from /Users/pro/Documents/a_env/proj_data/lib/python3.7/site-packages/airflow/example_dags/example_short_circuit_operator.py
[2022-08-07 07:57:38,304] {processor.py:651} INFO - DAG(s) dict_keys(['example_short_circuit_operator']) retrieved from /Users/pro/Documents/a_env/proj_data/lib/python3.7/site-packages/airflow/example_dags/example_short_circuit_operator.py
[2022-08-07 07:57:38,330] {logging_mixin.py:115} INFO - [2022-08-07 07:57:38,329] {dag.py:2420} INFO - Sync 1 DAGs
[2022-08-07 07:57:38,349] {logging_mixin.py:115} INFO - [2022-08-07 07:57:38,348] {dag.py:2972} INFO - Setting next_dagrun for example_short_circuit_operator to 2022-08-05T23:57:38.348645+00:00, run_after=2022-08-06T23:57:38.348645+00:00
[2022-08-07 07:57:38,361] {processor.py:161} INFO - Processing /Users/pro/Documents/a_env/proj_data/lib/python3.7/site-packages/airflow/example_dags/example_short_circuit_operator.py took 0.076 seconds
[2022-08-07 07:58:15,503] {processor.py:153} INFO - Started process (PID=93442) to work on /Users/pro/Documents/a_env/proj_data/lib/python3.7/site-packages/airflow/example_dags/example_short_circuit_operator.py
[2022-08-07 07:58:15,505] {processor.py:641} INFO - Processing file /Users/pro/Documents/a_env/proj_data/lib/python3.7/site-packages/airflow/example_dags/example_short_circuit_operator.py for tasks to queue
[2022-08-07 07:58:15,506] {logging_mixin.py:115} INFO - [2022-08-07 07:58:15,506] {dagbag.py:508} INFO - Filling up the DagBag from /Users/pro/Documents/a_env/proj_data/lib/python3.7/site-packages/airflow/example_dags/example_short_circuit_operator.py
[2022-08-07 07:58:15,519] {processor.py:651} INFO - DAG(s) dict_keys(['example_short_circuit_operator']) retrieved from /Users/pro/Documents/a_env/proj_data/lib/python3.7/site-packages/airflow/example_dags/example_short_circuit_operator.py
[2022-08-07 07:58:15,543] {logging_mixin.py:115} INFO - [2022-08-07 07:58:15,543] {dag.py:2420} INFO - Sync 1 DAGs
[2022-08-07 07:58:15,576] {logging_mixin.py:115} INFO - [2022-08-07 07:58:15,576] {dag.py:2972} INFO - Setting next_dagrun for example_short_circuit_operator to 2022-08-05T23:58:15.576271+00:00, run_after=2022-08-06T23:58:15.576271+00:00
[2022-08-07 07:58:15,595] {processor.py:161} INFO - Processing /Users/pro/Documents/a_env/proj_data/lib/python3.7/site-packages/airflow/example_dags/example_short_circuit_operator.py took 0.097 seconds
[2022-08-07 07:58:49,234] {processor.py:153} INFO - Started process (PID=93476) to work on /Users/pro/Documents/a_env/proj_data/lib/python3.7/site-packages/airflow/example_dags/example_short_circuit_operator.py
[2022-08-07 07:58:49,235] {processor.py:641} INFO - Processing file /Users/pro/Documents/a_env/proj_data/lib/python3.7/site-packages/airflow/example_dags/example_short_circuit_operator.py for tasks to queue
[2022-08-07 07:58:49,236] {logging_mixin.py:115} INFO - [2022-08-07 07:58:49,236] {dagbag.py:508} INFO - Filling up the DagBag from /Users/pro/Documents/a_env/proj_data/lib/python3.7/site-packages/airflow/example_dags/example_short_circuit_operator.py
[2022-08-07 07:58:49,254] {processor.py:651} INFO - DAG(s) dict_keys(['example_short_circuit_operator']) retrieved from /Users/pro/Documents/a_env/proj_data/lib/python3.7/site-packages/airflow/example_dags/example_short_circuit_operator.py
[2022-08-07 07:58:49,274] {logging_mixin.py:115} INFO - [2022-08-07 07:58:49,273] {dag.py:2420} INFO - Sync 1 DAGs
[2022-08-07 07:58:49,292] {logging_mixin.py:115} INFO - [2022-08-07 07:58:49,292] {dag.py:2972} INFO - Setting next_dagrun for example_short_circuit_operator to 2022-08-05T23:58:49.291960+00:00, run_after=2022-08-06T23:58:49.291960+00:00
[2022-08-07 07:58:49,305] {processor.py:161} INFO - Processing /Users/pro/Documents/a_env/proj_data/lib/python3.7/site-packages/airflow/example_dags/example_short_circuit_operator.py took 0.076 seconds
[2022-08-07 07:59:22,708] {processor.py:153} INFO - Started process (PID=93511) to work on /Users/pro/Documents/a_env/proj_data/lib/python3.7/site-packages/airflow/example_dags/example_short_circuit_operator.py
[2022-08-07 07:59:22,709] {processor.py:641} INFO - Processing file /Users/pro/Documents/a_env/proj_data/lib/python3.7/site-packages/airflow/example_dags/example_short_circuit_operator.py for tasks to queue
[2022-08-07 07:59:22,710] {logging_mixin.py:115} INFO - [2022-08-07 07:59:22,710] {dagbag.py:508} INFO - Filling up the DagBag from /Users/pro/Documents/a_env/proj_data/lib/python3.7/site-packages/airflow/example_dags/example_short_circuit_operator.py
[2022-08-07 07:59:22,726] {processor.py:651} INFO - DAG(s) dict_keys(['example_short_circuit_operator']) retrieved from /Users/pro/Documents/a_env/proj_data/lib/python3.7/site-packages/airflow/example_dags/example_short_circuit_operator.py
[2022-08-07 07:59:22,747] {logging_mixin.py:115} INFO - [2022-08-07 07:59:22,746] {dag.py:2420} INFO - Sync 1 DAGs
[2022-08-07 07:59:22,767] {logging_mixin.py:115} INFO - [2022-08-07 07:59:22,767] {dag.py:2972} INFO - Setting next_dagrun for example_short_circuit_operator to 2022-08-05T23:59:22.767240+00:00, run_after=2022-08-06T23:59:22.767240+00:00
[2022-08-07 07:59:22,781] {processor.py:161} INFO - Processing /Users/pro/Documents/a_env/proj_data/lib/python3.7/site-packages/airflow/example_dags/example_short_circuit_operator.py took 0.077 seconds
[2022-08-07 07:59:54,275] {processor.py:153} INFO - Started process (PID=93564) to work on /Users/pro/Documents/a_env/proj_data/lib/python3.7/site-packages/airflow/example_dags/example_short_circuit_operator.py
[2022-08-07 07:59:54,276] {processor.py:641} INFO - Processing file /Users/pro/Documents/a_env/proj_data/lib/python3.7/site-packages/airflow/example_dags/example_short_circuit_operator.py for tasks to queue
[2022-08-07 07:59:54,277] {logging_mixin.py:115} INFO - [2022-08-07 07:59:54,277] {dagbag.py:508} INFO - Filling up the DagBag from /Users/pro/Documents/a_env/proj_data/lib/python3.7/site-packages/airflow/example_dags/example_short_circuit_operator.py
[2022-08-07 07:59:54,299] {processor.py:651} INFO - DAG(s) dict_keys(['example_short_circuit_operator']) retrieved from /Users/pro/Documents/a_env/proj_data/lib/python3.7/site-packages/airflow/example_dags/example_short_circuit_operator.py
[2022-08-07 07:59:54,325] {logging_mixin.py:115} INFO - [2022-08-07 07:59:54,325] {dag.py:2420} INFO - Sync 1 DAGs
[2022-08-07 07:59:54,347] {logging_mixin.py:115} INFO - [2022-08-07 07:59:54,347] {dag.py:2972} INFO - Setting next_dagrun for example_short_circuit_operator to 2022-08-05T23:59:54.346717+00:00, run_after=2022-08-06T23:59:54.346717+00:00
[2022-08-07 07:59:54,359] {processor.py:161} INFO - Processing /Users/pro/Documents/a_env/proj_data/lib/python3.7/site-packages/airflow/example_dags/example_short_circuit_operator.py took 0.092 seconds
