[2022-08-06 11:35:23,400] {processor.py:153} INFO - Started process (PID=91279) to work on /Users/pro/Documents/a_env/proj_data/lib/python3.7/site-packages/airflow/example_dags/example_branch_operator_decorator.py
[2022-08-06 11:35:23,401] {processor.py:641} INFO - Processing file /Users/pro/Documents/a_env/proj_data/lib/python3.7/site-packages/airflow/example_dags/example_branch_operator_decorator.py for tasks to queue
[2022-08-06 11:35:23,402] {logging_mixin.py:115} INFO - [2022-08-06 11:35:23,401] {dagbag.py:508} INFO - Filling up the DagBag from /Users/pro/Documents/a_env/proj_data/lib/python3.7/site-packages/airflow/example_dags/example_branch_operator_decorator.py
[2022-08-06 11:35:23,429] {processor.py:651} INFO - DAG(s) dict_keys(['example_branch_python_operator_decorator']) retrieved from /Users/pro/Documents/a_env/proj_data/lib/python3.7/site-packages/airflow/example_dags/example_branch_operator_decorator.py
[2022-08-06 11:35:23,447] {logging_mixin.py:115} INFO - [2022-08-06 11:35:23,447] {dag.py:2420} INFO - Sync 1 DAGs
[2022-08-06 11:35:23,468] {logging_mixin.py:115} INFO - [2022-08-06 11:35:23,467] {dag.py:2972} INFO - Setting next_dagrun for example_branch_python_operator_decorator to 2022-08-05T00:00:00+00:00, run_after=2022-08-06T00:00:00+00:00
[2022-08-06 11:35:23,481] {processor.py:161} INFO - Processing /Users/pro/Documents/a_env/proj_data/lib/python3.7/site-packages/airflow/example_dags/example_branch_operator_decorator.py took 0.086 seconds
[2022-08-06 21:10:01,819] {processor.py:153} INFO - Started process (PID=91568) to work on /Users/pro/Documents/a_env/proj_data/lib/python3.7/site-packages/airflow/example_dags/example_branch_operator_decorator.py
[2022-08-06 21:10:01,820] {processor.py:641} INFO - Processing file /Users/pro/Documents/a_env/proj_data/lib/python3.7/site-packages/airflow/example_dags/example_branch_operator_decorator.py for tasks to queue
[2022-08-06 21:10:01,821] {logging_mixin.py:115} INFO - [2022-08-06 21:10:01,820] {dagbag.py:508} INFO - Filling up the DagBag from /Users/pro/Documents/a_env/proj_data/lib/python3.7/site-packages/airflow/example_dags/example_branch_operator_decorator.py
[2022-08-06 21:10:01,845] {processor.py:651} INFO - DAG(s) dict_keys(['example_branch_python_operator_decorator']) retrieved from /Users/pro/Documents/a_env/proj_data/lib/python3.7/site-packages/airflow/example_dags/example_branch_operator_decorator.py
[2022-08-06 21:10:01,865] {logging_mixin.py:115} INFO - [2022-08-06 21:10:01,865] {dag.py:2420} INFO - Sync 1 DAGs
[2022-08-06 21:10:01,885] {logging_mixin.py:115} INFO - [2022-08-06 21:10:01,885] {dag.py:2972} INFO - Setting next_dagrun for example_branch_python_operator_decorator to 2022-08-05T00:00:00+00:00, run_after=2022-08-06T00:00:00+00:00
[2022-08-06 21:10:01,896] {processor.py:161} INFO - Processing /Users/pro/Documents/a_env/proj_data/lib/python3.7/site-packages/airflow/example_dags/example_branch_operator_decorator.py took 0.082 seconds
[2022-08-06 21:10:37,169] {processor.py:153} INFO - Started process (PID=91613) to work on /Users/pro/Documents/a_env/proj_data/lib/python3.7/site-packages/airflow/example_dags/example_branch_operator_decorator.py
[2022-08-06 21:10:37,170] {processor.py:641} INFO - Processing file /Users/pro/Documents/a_env/proj_data/lib/python3.7/site-packages/airflow/example_dags/example_branch_operator_decorator.py for tasks to queue
[2022-08-06 21:10:37,171] {logging_mixin.py:115} INFO - [2022-08-06 21:10:37,171] {dagbag.py:508} INFO - Filling up the DagBag from /Users/pro/Documents/a_env/proj_data/lib/python3.7/site-packages/airflow/example_dags/example_branch_operator_decorator.py
[2022-08-06 21:10:37,207] {processor.py:651} INFO - DAG(s) dict_keys(['example_branch_python_operator_decorator']) retrieved from /Users/pro/Documents/a_env/proj_data/lib/python3.7/site-packages/airflow/example_dags/example_branch_operator_decorator.py
[2022-08-06 21:10:37,229] {logging_mixin.py:115} INFO - [2022-08-06 21:10:37,229] {dag.py:2420} INFO - Sync 1 DAGs
[2022-08-06 21:10:37,251] {logging_mixin.py:115} INFO - [2022-08-06 21:10:37,251] {dag.py:2972} INFO - Setting next_dagrun for example_branch_python_operator_decorator to 2022-08-05T00:00:00+00:00, run_after=2022-08-06T00:00:00+00:00
[2022-08-06 21:10:37,266] {processor.py:161} INFO - Processing /Users/pro/Documents/a_env/proj_data/lib/python3.7/site-packages/airflow/example_dags/example_branch_operator_decorator.py took 0.102 seconds
[2022-08-06 21:11:11,408] {processor.py:153} INFO - Started process (PID=91661) to work on /Users/pro/Documents/a_env/proj_data/lib/python3.7/site-packages/airflow/example_dags/example_branch_operator_decorator.py
[2022-08-06 21:11:11,409] {processor.py:641} INFO - Processing file /Users/pro/Documents/a_env/proj_data/lib/python3.7/site-packages/airflow/example_dags/example_branch_operator_decorator.py for tasks to queue
[2022-08-06 21:11:11,411] {logging_mixin.py:115} INFO - [2022-08-06 21:11:11,411] {dagbag.py:508} INFO - Filling up the DagBag from /Users/pro/Documents/a_env/proj_data/lib/python3.7/site-packages/airflow/example_dags/example_branch_operator_decorator.py
[2022-08-06 21:11:11,444] {processor.py:651} INFO - DAG(s) dict_keys(['example_branch_python_operator_decorator']) retrieved from /Users/pro/Documents/a_env/proj_data/lib/python3.7/site-packages/airflow/example_dags/example_branch_operator_decorator.py
[2022-08-06 21:11:11,468] {logging_mixin.py:115} INFO - [2022-08-06 21:11:11,468] {dag.py:2420} INFO - Sync 1 DAGs
[2022-08-06 21:11:11,490] {logging_mixin.py:115} INFO - [2022-08-06 21:11:11,489] {dag.py:2972} INFO - Setting next_dagrun for example_branch_python_operator_decorator to 2022-08-05T00:00:00+00:00, run_after=2022-08-06T00:00:00+00:00
[2022-08-06 21:11:11,505] {processor.py:161} INFO - Processing /Users/pro/Documents/a_env/proj_data/lib/python3.7/site-packages/airflow/example_dags/example_branch_operator_decorator.py took 0.102 seconds
[2022-08-06 21:11:47,972] {processor.py:153} INFO - Started process (PID=91710) to work on /Users/pro/Documents/a_env/proj_data/lib/python3.7/site-packages/airflow/example_dags/example_branch_operator_decorator.py
[2022-08-06 21:11:47,974] {processor.py:641} INFO - Processing file /Users/pro/Documents/a_env/proj_data/lib/python3.7/site-packages/airflow/example_dags/example_branch_operator_decorator.py for tasks to queue
[2022-08-06 21:11:47,975] {logging_mixin.py:115} INFO - [2022-08-06 21:11:47,975] {dagbag.py:508} INFO - Filling up the DagBag from /Users/pro/Documents/a_env/proj_data/lib/python3.7/site-packages/airflow/example_dags/example_branch_operator_decorator.py
[2022-08-06 21:11:48,012] {processor.py:651} INFO - DAG(s) dict_keys(['example_branch_python_operator_decorator']) retrieved from /Users/pro/Documents/a_env/proj_data/lib/python3.7/site-packages/airflow/example_dags/example_branch_operator_decorator.py
[2022-08-06 21:11:48,035] {logging_mixin.py:115} INFO - [2022-08-06 21:11:48,035] {dag.py:2420} INFO - Sync 1 DAGs
[2022-08-06 21:11:48,064] {logging_mixin.py:115} INFO - [2022-08-06 21:11:48,064] {dag.py:2972} INFO - Setting next_dagrun for example_branch_python_operator_decorator to 2022-08-05T00:00:00+00:00, run_after=2022-08-06T00:00:00+00:00
[2022-08-06 21:11:48,126] {processor.py:161} INFO - Processing /Users/pro/Documents/a_env/proj_data/lib/python3.7/site-packages/airflow/example_dags/example_branch_operator_decorator.py took 0.161 seconds
[2022-08-07 00:15:02,356] {processor.py:153} INFO - Started process (PID=91853) to work on /Users/pro/Documents/a_env/proj_data/lib/python3.7/site-packages/airflow/example_dags/example_branch_operator_decorator.py
[2022-08-07 00:15:02,365] {processor.py:641} INFO - Processing file /Users/pro/Documents/a_env/proj_data/lib/python3.7/site-packages/airflow/example_dags/example_branch_operator_decorator.py for tasks to queue
[2022-08-07 00:15:02,373] {logging_mixin.py:115} INFO - [2022-08-07 00:15:02,371] {dagbag.py:508} INFO - Filling up the DagBag from /Users/pro/Documents/a_env/proj_data/lib/python3.7/site-packages/airflow/example_dags/example_branch_operator_decorator.py
[2022-08-07 00:15:02,724] {processor.py:651} INFO - DAG(s) dict_keys(['example_branch_python_operator_decorator']) retrieved from /Users/pro/Documents/a_env/proj_data/lib/python3.7/site-packages/airflow/example_dags/example_branch_operator_decorator.py
[2022-08-07 00:15:02,881] {logging_mixin.py:115} INFO - [2022-08-07 00:15:02,878] {dag.py:2420} INFO - Sync 1 DAGs
[2022-08-07 00:15:03,156] {logging_mixin.py:115} INFO - [2022-08-07 00:15:03,153] {dag.py:2972} INFO - Setting next_dagrun for example_branch_python_operator_decorator to 2022-08-05T00:00:00+00:00, run_after=2022-08-06T00:00:00+00:00
[2022-08-07 00:15:03,279] {processor.py:161} INFO - Processing /Users/pro/Documents/a_env/proj_data/lib/python3.7/site-packages/airflow/example_dags/example_branch_operator_decorator.py took 0.958 seconds
[2022-08-07 07:15:05,872] {processor.py:153} INFO - Started process (PID=92009) to work on /Users/pro/Documents/a_env/proj_data/lib/python3.7/site-packages/airflow/example_dags/example_branch_operator_decorator.py
[2022-08-07 07:15:05,873] {processor.py:641} INFO - Processing file /Users/pro/Documents/a_env/proj_data/lib/python3.7/site-packages/airflow/example_dags/example_branch_operator_decorator.py for tasks to queue
[2022-08-07 07:15:05,874] {logging_mixin.py:115} INFO - [2022-08-07 07:15:05,874] {dagbag.py:508} INFO - Filling up the DagBag from /Users/pro/Documents/a_env/proj_data/lib/python3.7/site-packages/airflow/example_dags/example_branch_operator_decorator.py
[2022-08-07 07:15:05,899] {processor.py:651} INFO - DAG(s) dict_keys(['example_branch_python_operator_decorator']) retrieved from /Users/pro/Documents/a_env/proj_data/lib/python3.7/site-packages/airflow/example_dags/example_branch_operator_decorator.py
[2022-08-07 07:15:05,919] {logging_mixin.py:115} INFO - [2022-08-07 07:15:05,919] {dag.py:2420} INFO - Sync 1 DAGs
[2022-08-07 07:15:05,940] {logging_mixin.py:115} INFO - [2022-08-07 07:15:05,940] {dag.py:2972} INFO - Setting next_dagrun for example_branch_python_operator_decorator to 2022-08-05T00:00:00+00:00, run_after=2022-08-06T00:00:00+00:00
[2022-08-07 07:15:05,953] {processor.py:161} INFO - Processing /Users/pro/Documents/a_env/proj_data/lib/python3.7/site-packages/airflow/example_dags/example_branch_operator_decorator.py took 0.085 seconds
[2022-08-07 07:39:14,223] {processor.py:153} INFO - Started process (PID=92092) to work on /Users/pro/Documents/a_env/proj_data/lib/python3.7/site-packages/airflow/example_dags/example_branch_operator_decorator.py
[2022-08-07 07:39:14,225] {processor.py:641} INFO - Processing file /Users/pro/Documents/a_env/proj_data/lib/python3.7/site-packages/airflow/example_dags/example_branch_operator_decorator.py for tasks to queue
[2022-08-07 07:39:14,226] {logging_mixin.py:115} INFO - [2022-08-07 07:39:14,225] {dagbag.py:508} INFO - Filling up the DagBag from /Users/pro/Documents/a_env/proj_data/lib/python3.7/site-packages/airflow/example_dags/example_branch_operator_decorator.py
[2022-08-07 07:39:14,253] {processor.py:651} INFO - DAG(s) dict_keys(['example_branch_python_operator_decorator']) retrieved from /Users/pro/Documents/a_env/proj_data/lib/python3.7/site-packages/airflow/example_dags/example_branch_operator_decorator.py
[2022-08-07 07:39:14,276] {logging_mixin.py:115} INFO - [2022-08-07 07:39:14,275] {dag.py:2420} INFO - Sync 1 DAGs
[2022-08-07 07:39:14,297] {logging_mixin.py:115} INFO - [2022-08-07 07:39:14,296] {dag.py:2972} INFO - Setting next_dagrun for example_branch_python_operator_decorator to 2022-08-05T00:00:00+00:00, run_after=2022-08-06T00:00:00+00:00
[2022-08-07 07:39:14,311] {processor.py:161} INFO - Processing /Users/pro/Documents/a_env/proj_data/lib/python3.7/site-packages/airflow/example_dags/example_branch_operator_decorator.py took 0.093 seconds
[2022-08-07 07:39:49,371] {processor.py:153} INFO - Started process (PID=92145) to work on /Users/pro/Documents/a_env/proj_data/lib/python3.7/site-packages/airflow/example_dags/example_branch_operator_decorator.py
[2022-08-07 07:39:49,373] {processor.py:641} INFO - Processing file /Users/pro/Documents/a_env/proj_data/lib/python3.7/site-packages/airflow/example_dags/example_branch_operator_decorator.py for tasks to queue
[2022-08-07 07:39:49,375] {logging_mixin.py:115} INFO - [2022-08-07 07:39:49,374] {dagbag.py:508} INFO - Filling up the DagBag from /Users/pro/Documents/a_env/proj_data/lib/python3.7/site-packages/airflow/example_dags/example_branch_operator_decorator.py
[2022-08-07 07:39:49,421] {processor.py:651} INFO - DAG(s) dict_keys(['example_branch_python_operator_decorator']) retrieved from /Users/pro/Documents/a_env/proj_data/lib/python3.7/site-packages/airflow/example_dags/example_branch_operator_decorator.py
[2022-08-07 07:39:49,451] {logging_mixin.py:115} INFO - [2022-08-07 07:39:49,450] {dag.py:2420} INFO - Sync 1 DAGs
[2022-08-07 07:39:49,524] {logging_mixin.py:115} INFO - [2022-08-07 07:39:49,523] {dag.py:2972} INFO - Setting next_dagrun for example_branch_python_operator_decorator to 2022-08-05T00:00:00+00:00, run_after=2022-08-06T00:00:00+00:00
[2022-08-07 07:39:49,536] {processor.py:161} INFO - Processing /Users/pro/Documents/a_env/proj_data/lib/python3.7/site-packages/airflow/example_dags/example_branch_operator_decorator.py took 0.174 seconds
[2022-08-07 07:40:24,918] {processor.py:153} INFO - Started process (PID=92213) to work on /Users/pro/Documents/a_env/proj_data/lib/python3.7/site-packages/airflow/example_dags/example_branch_operator_decorator.py
[2022-08-07 07:40:24,919] {processor.py:641} INFO - Processing file /Users/pro/Documents/a_env/proj_data/lib/python3.7/site-packages/airflow/example_dags/example_branch_operator_decorator.py for tasks to queue
[2022-08-07 07:40:24,921] {logging_mixin.py:115} INFO - [2022-08-07 07:40:24,920] {dagbag.py:508} INFO - Filling up the DagBag from /Users/pro/Documents/a_env/proj_data/lib/python3.7/site-packages/airflow/example_dags/example_branch_operator_decorator.py
[2022-08-07 07:40:24,948] {processor.py:651} INFO - DAG(s) dict_keys(['example_branch_python_operator_decorator']) retrieved from /Users/pro/Documents/a_env/proj_data/lib/python3.7/site-packages/airflow/example_dags/example_branch_operator_decorator.py
[2022-08-07 07:40:24,975] {logging_mixin.py:115} INFO - [2022-08-07 07:40:24,975] {dag.py:2420} INFO - Sync 1 DAGs
[2022-08-07 07:40:24,996] {logging_mixin.py:115} INFO - [2022-08-07 07:40:24,996] {dag.py:2972} INFO - Setting next_dagrun for example_branch_python_operator_decorator to 2022-08-05T00:00:00+00:00, run_after=2022-08-06T00:00:00+00:00
[2022-08-07 07:40:25,010] {processor.py:161} INFO - Processing /Users/pro/Documents/a_env/proj_data/lib/python3.7/site-packages/airflow/example_dags/example_branch_operator_decorator.py took 0.097 seconds
[2022-08-07 07:41:01,943] {processor.py:153} INFO - Started process (PID=92277) to work on /Users/pro/Documents/a_env/proj_data/lib/python3.7/site-packages/airflow/example_dags/example_branch_operator_decorator.py
[2022-08-07 07:41:01,945] {processor.py:641} INFO - Processing file /Users/pro/Documents/a_env/proj_data/lib/python3.7/site-packages/airflow/example_dags/example_branch_operator_decorator.py for tasks to queue
[2022-08-07 07:41:01,948] {logging_mixin.py:115} INFO - [2022-08-07 07:41:01,947] {dagbag.py:508} INFO - Filling up the DagBag from /Users/pro/Documents/a_env/proj_data/lib/python3.7/site-packages/airflow/example_dags/example_branch_operator_decorator.py
[2022-08-07 07:41:01,991] {processor.py:651} INFO - DAG(s) dict_keys(['example_branch_python_operator_decorator']) retrieved from /Users/pro/Documents/a_env/proj_data/lib/python3.7/site-packages/airflow/example_dags/example_branch_operator_decorator.py
[2022-08-07 07:41:02,023] {logging_mixin.py:115} INFO - [2022-08-07 07:41:02,023] {dag.py:2420} INFO - Sync 1 DAGs
[2022-08-07 07:41:02,046] {logging_mixin.py:115} INFO - [2022-08-07 07:41:02,046] {dag.py:2972} INFO - Setting next_dagrun for example_branch_python_operator_decorator to 2022-08-05T00:00:00+00:00, run_after=2022-08-06T00:00:00+00:00
[2022-08-07 07:41:02,143] {processor.py:161} INFO - Processing /Users/pro/Documents/a_env/proj_data/lib/python3.7/site-packages/airflow/example_dags/example_branch_operator_decorator.py took 0.208 seconds
[2022-08-07 07:41:37,439] {processor.py:153} INFO - Started process (PID=92320) to work on /Users/pro/Documents/a_env/proj_data/lib/python3.7/site-packages/airflow/example_dags/example_branch_operator_decorator.py
[2022-08-07 07:41:37,440] {processor.py:641} INFO - Processing file /Users/pro/Documents/a_env/proj_data/lib/python3.7/site-packages/airflow/example_dags/example_branch_operator_decorator.py for tasks to queue
[2022-08-07 07:41:37,441] {logging_mixin.py:115} INFO - [2022-08-07 07:41:37,441] {dagbag.py:508} INFO - Filling up the DagBag from /Users/pro/Documents/a_env/proj_data/lib/python3.7/site-packages/airflow/example_dags/example_branch_operator_decorator.py
[2022-08-07 07:41:37,469] {processor.py:651} INFO - DAG(s) dict_keys(['example_branch_python_operator_decorator']) retrieved from /Users/pro/Documents/a_env/proj_data/lib/python3.7/site-packages/airflow/example_dags/example_branch_operator_decorator.py
[2022-08-07 07:41:37,493] {logging_mixin.py:115} INFO - [2022-08-07 07:41:37,493] {dag.py:2420} INFO - Sync 1 DAGs
[2022-08-07 07:41:37,516] {logging_mixin.py:115} INFO - [2022-08-07 07:41:37,515] {dag.py:2972} INFO - Setting next_dagrun for example_branch_python_operator_decorator to 2022-08-05T00:00:00+00:00, run_after=2022-08-06T00:00:00+00:00
[2022-08-07 07:41:37,530] {processor.py:161} INFO - Processing /Users/pro/Documents/a_env/proj_data/lib/python3.7/site-packages/airflow/example_dags/example_branch_operator_decorator.py took 0.096 seconds
[2022-08-07 07:42:13,403] {processor.py:153} INFO - Started process (PID=92365) to work on /Users/pro/Documents/a_env/proj_data/lib/python3.7/site-packages/airflow/example_dags/example_branch_operator_decorator.py
[2022-08-07 07:42:13,404] {processor.py:641} INFO - Processing file /Users/pro/Documents/a_env/proj_data/lib/python3.7/site-packages/airflow/example_dags/example_branch_operator_decorator.py for tasks to queue
[2022-08-07 07:42:13,405] {logging_mixin.py:115} INFO - [2022-08-07 07:42:13,405] {dagbag.py:508} INFO - Filling up the DagBag from /Users/pro/Documents/a_env/proj_data/lib/python3.7/site-packages/airflow/example_dags/example_branch_operator_decorator.py
[2022-08-07 07:42:13,433] {processor.py:651} INFO - DAG(s) dict_keys(['example_branch_python_operator_decorator']) retrieved from /Users/pro/Documents/a_env/proj_data/lib/python3.7/site-packages/airflow/example_dags/example_branch_operator_decorator.py
[2022-08-07 07:42:13,456] {logging_mixin.py:115} INFO - [2022-08-07 07:42:13,456] {dag.py:2420} INFO - Sync 1 DAGs
[2022-08-07 07:42:13,479] {logging_mixin.py:115} INFO - [2022-08-07 07:42:13,479] {dag.py:2972} INFO - Setting next_dagrun for example_branch_python_operator_decorator to 2022-08-05T00:00:00+00:00, run_after=2022-08-06T00:00:00+00:00
[2022-08-07 07:42:13,492] {processor.py:161} INFO - Processing /Users/pro/Documents/a_env/proj_data/lib/python3.7/site-packages/airflow/example_dags/example_branch_operator_decorator.py took 0.095 seconds
[2022-08-07 07:42:48,517] {processor.py:153} INFO - Started process (PID=92401) to work on /Users/pro/Documents/a_env/proj_data/lib/python3.7/site-packages/airflow/example_dags/example_branch_operator_decorator.py
[2022-08-07 07:42:48,519] {processor.py:641} INFO - Processing file /Users/pro/Documents/a_env/proj_data/lib/python3.7/site-packages/airflow/example_dags/example_branch_operator_decorator.py for tasks to queue
[2022-08-07 07:42:48,520] {logging_mixin.py:115} INFO - [2022-08-07 07:42:48,520] {dagbag.py:508} INFO - Filling up the DagBag from /Users/pro/Documents/a_env/proj_data/lib/python3.7/site-packages/airflow/example_dags/example_branch_operator_decorator.py
[2022-08-07 07:42:48,549] {processor.py:651} INFO - DAG(s) dict_keys(['example_branch_python_operator_decorator']) retrieved from /Users/pro/Documents/a_env/proj_data/lib/python3.7/site-packages/airflow/example_dags/example_branch_operator_decorator.py
[2022-08-07 07:42:48,578] {logging_mixin.py:115} INFO - [2022-08-07 07:42:48,577] {dag.py:2420} INFO - Sync 1 DAGs
[2022-08-07 07:42:48,602] {logging_mixin.py:115} INFO - [2022-08-07 07:42:48,602] {dag.py:2972} INFO - Setting next_dagrun for example_branch_python_operator_decorator to 2022-08-05T00:00:00+00:00, run_after=2022-08-06T00:00:00+00:00
[2022-08-07 07:42:48,616] {processor.py:161} INFO - Processing /Users/pro/Documents/a_env/proj_data/lib/python3.7/site-packages/airflow/example_dags/example_branch_operator_decorator.py took 0.104 seconds
[2022-08-07 07:43:24,941] {processor.py:153} INFO - Started process (PID=92441) to work on /Users/pro/Documents/a_env/proj_data/lib/python3.7/site-packages/airflow/example_dags/example_branch_operator_decorator.py
[2022-08-07 07:43:24,942] {processor.py:641} INFO - Processing file /Users/pro/Documents/a_env/proj_data/lib/python3.7/site-packages/airflow/example_dags/example_branch_operator_decorator.py for tasks to queue
[2022-08-07 07:43:24,943] {logging_mixin.py:115} INFO - [2022-08-07 07:43:24,943] {dagbag.py:508} INFO - Filling up the DagBag from /Users/pro/Documents/a_env/proj_data/lib/python3.7/site-packages/airflow/example_dags/example_branch_operator_decorator.py
[2022-08-07 07:43:24,972] {processor.py:651} INFO - DAG(s) dict_keys(['example_branch_python_operator_decorator']) retrieved from /Users/pro/Documents/a_env/proj_data/lib/python3.7/site-packages/airflow/example_dags/example_branch_operator_decorator.py
[2022-08-07 07:43:24,999] {logging_mixin.py:115} INFO - [2022-08-07 07:43:24,999] {dag.py:2420} INFO - Sync 1 DAGs
[2022-08-07 07:43:25,020] {logging_mixin.py:115} INFO - [2022-08-07 07:43:25,020] {dag.py:2972} INFO - Setting next_dagrun for example_branch_python_operator_decorator to 2022-08-05T00:00:00+00:00, run_after=2022-08-06T00:00:00+00:00
[2022-08-07 07:43:25,036] {processor.py:161} INFO - Processing /Users/pro/Documents/a_env/proj_data/lib/python3.7/site-packages/airflow/example_dags/example_branch_operator_decorator.py took 0.100 seconds
[2022-08-07 07:44:02,639] {processor.py:153} INFO - Started process (PID=92497) to work on /Users/pro/Documents/a_env/proj_data/lib/python3.7/site-packages/airflow/example_dags/example_branch_operator_decorator.py
[2022-08-07 07:44:02,641] {processor.py:641} INFO - Processing file /Users/pro/Documents/a_env/proj_data/lib/python3.7/site-packages/airflow/example_dags/example_branch_operator_decorator.py for tasks to queue
[2022-08-07 07:44:02,642] {logging_mixin.py:115} INFO - [2022-08-07 07:44:02,642] {dagbag.py:508} INFO - Filling up the DagBag from /Users/pro/Documents/a_env/proj_data/lib/python3.7/site-packages/airflow/example_dags/example_branch_operator_decorator.py
[2022-08-07 07:44:02,679] {processor.py:651} INFO - DAG(s) dict_keys(['example_branch_python_operator_decorator']) retrieved from /Users/pro/Documents/a_env/proj_data/lib/python3.7/site-packages/airflow/example_dags/example_branch_operator_decorator.py
[2022-08-07 07:44:02,700] {logging_mixin.py:115} INFO - [2022-08-07 07:44:02,699] {dag.py:2420} INFO - Sync 1 DAGs
[2022-08-07 07:44:02,725] {logging_mixin.py:115} INFO - [2022-08-07 07:44:02,725] {dag.py:2972} INFO - Setting next_dagrun for example_branch_python_operator_decorator to 2022-08-05T00:00:00+00:00, run_after=2022-08-06T00:00:00+00:00
[2022-08-07 07:44:02,742] {processor.py:161} INFO - Processing /Users/pro/Documents/a_env/proj_data/lib/python3.7/site-packages/airflow/example_dags/example_branch_operator_decorator.py took 0.108 seconds
[2022-08-07 07:44:39,027] {processor.py:153} INFO - Started process (PID=92536) to work on /Users/pro/Documents/a_env/proj_data/lib/python3.7/site-packages/airflow/example_dags/example_branch_operator_decorator.py
[2022-08-07 07:44:39,030] {processor.py:641} INFO - Processing file /Users/pro/Documents/a_env/proj_data/lib/python3.7/site-packages/airflow/example_dags/example_branch_operator_decorator.py for tasks to queue
[2022-08-07 07:44:39,031] {logging_mixin.py:115} INFO - [2022-08-07 07:44:39,031] {dagbag.py:508} INFO - Filling up the DagBag from /Users/pro/Documents/a_env/proj_data/lib/python3.7/site-packages/airflow/example_dags/example_branch_operator_decorator.py
[2022-08-07 07:44:39,071] {processor.py:651} INFO - DAG(s) dict_keys(['example_branch_python_operator_decorator']) retrieved from /Users/pro/Documents/a_env/proj_data/lib/python3.7/site-packages/airflow/example_dags/example_branch_operator_decorator.py
[2022-08-07 07:44:39,094] {logging_mixin.py:115} INFO - [2022-08-07 07:44:39,093] {dag.py:2420} INFO - Sync 1 DAGs
[2022-08-07 07:44:39,123] {logging_mixin.py:115} INFO - [2022-08-07 07:44:39,123] {dag.py:2972} INFO - Setting next_dagrun for example_branch_python_operator_decorator to 2022-08-05T00:00:00+00:00, run_after=2022-08-06T00:00:00+00:00
[2022-08-07 07:44:39,136] {processor.py:161} INFO - Processing /Users/pro/Documents/a_env/proj_data/lib/python3.7/site-packages/airflow/example_dags/example_branch_operator_decorator.py took 0.117 seconds
[2022-08-07 07:45:14,745] {processor.py:153} INFO - Started process (PID=92575) to work on /Users/pro/Documents/a_env/proj_data/lib/python3.7/site-packages/airflow/example_dags/example_branch_operator_decorator.py
[2022-08-07 07:45:14,746] {processor.py:641} INFO - Processing file /Users/pro/Documents/a_env/proj_data/lib/python3.7/site-packages/airflow/example_dags/example_branch_operator_decorator.py for tasks to queue
[2022-08-07 07:45:14,751] {logging_mixin.py:115} INFO - [2022-08-07 07:45:14,751] {dagbag.py:508} INFO - Filling up the DagBag from /Users/pro/Documents/a_env/proj_data/lib/python3.7/site-packages/airflow/example_dags/example_branch_operator_decorator.py
[2022-08-07 07:45:14,788] {processor.py:651} INFO - DAG(s) dict_keys(['example_branch_python_operator_decorator']) retrieved from /Users/pro/Documents/a_env/proj_data/lib/python3.7/site-packages/airflow/example_dags/example_branch_operator_decorator.py
[2022-08-07 07:45:14,808] {logging_mixin.py:115} INFO - [2022-08-07 07:45:14,807] {dag.py:2420} INFO - Sync 1 DAGs
[2022-08-07 07:45:14,829] {logging_mixin.py:115} INFO - [2022-08-07 07:45:14,829] {dag.py:2972} INFO - Setting next_dagrun for example_branch_python_operator_decorator to 2022-08-05T00:00:00+00:00, run_after=2022-08-06T00:00:00+00:00
[2022-08-07 07:45:14,845] {processor.py:161} INFO - Processing /Users/pro/Documents/a_env/proj_data/lib/python3.7/site-packages/airflow/example_dags/example_branch_operator_decorator.py took 0.106 seconds
[2022-08-07 07:45:50,327] {processor.py:153} INFO - Started process (PID=92610) to work on /Users/pro/Documents/a_env/proj_data/lib/python3.7/site-packages/airflow/example_dags/example_branch_operator_decorator.py
[2022-08-07 07:45:50,328] {processor.py:641} INFO - Processing file /Users/pro/Documents/a_env/proj_data/lib/python3.7/site-packages/airflow/example_dags/example_branch_operator_decorator.py for tasks to queue
[2022-08-07 07:45:50,330] {logging_mixin.py:115} INFO - [2022-08-07 07:45:50,329] {dagbag.py:508} INFO - Filling up the DagBag from /Users/pro/Documents/a_env/proj_data/lib/python3.7/site-packages/airflow/example_dags/example_branch_operator_decorator.py
[2022-08-07 07:45:50,364] {processor.py:651} INFO - DAG(s) dict_keys(['example_branch_python_operator_decorator']) retrieved from /Users/pro/Documents/a_env/proj_data/lib/python3.7/site-packages/airflow/example_dags/example_branch_operator_decorator.py
[2022-08-07 07:45:50,392] {logging_mixin.py:115} INFO - [2022-08-07 07:45:50,392] {dag.py:2420} INFO - Sync 1 DAGs
[2022-08-07 07:45:50,416] {logging_mixin.py:115} INFO - [2022-08-07 07:45:50,416] {dag.py:2972} INFO - Setting next_dagrun for example_branch_python_operator_decorator to 2022-08-05T00:00:00+00:00, run_after=2022-08-06T00:00:00+00:00
[2022-08-07 07:45:50,432] {processor.py:161} INFO - Processing /Users/pro/Documents/a_env/proj_data/lib/python3.7/site-packages/airflow/example_dags/example_branch_operator_decorator.py took 0.110 seconds
[2022-08-07 07:46:24,568] {processor.py:153} INFO - Started process (PID=92646) to work on /Users/pro/Documents/a_env/proj_data/lib/python3.7/site-packages/airflow/example_dags/example_branch_operator_decorator.py
[2022-08-07 07:46:24,570] {processor.py:641} INFO - Processing file /Users/pro/Documents/a_env/proj_data/lib/python3.7/site-packages/airflow/example_dags/example_branch_operator_decorator.py for tasks to queue
[2022-08-07 07:46:24,572] {logging_mixin.py:115} INFO - [2022-08-07 07:46:24,571] {dagbag.py:508} INFO - Filling up the DagBag from /Users/pro/Documents/a_env/proj_data/lib/python3.7/site-packages/airflow/example_dags/example_branch_operator_decorator.py
[2022-08-07 07:46:24,601] {processor.py:651} INFO - DAG(s) dict_keys(['example_branch_python_operator_decorator']) retrieved from /Users/pro/Documents/a_env/proj_data/lib/python3.7/site-packages/airflow/example_dags/example_branch_operator_decorator.py
[2022-08-07 07:46:24,620] {logging_mixin.py:115} INFO - [2022-08-07 07:46:24,620] {dag.py:2420} INFO - Sync 1 DAGs
[2022-08-07 07:46:24,640] {logging_mixin.py:115} INFO - [2022-08-07 07:46:24,640] {dag.py:2972} INFO - Setting next_dagrun for example_branch_python_operator_decorator to 2022-08-05T00:00:00+00:00, run_after=2022-08-06T00:00:00+00:00
[2022-08-07 07:46:24,653] {processor.py:161} INFO - Processing /Users/pro/Documents/a_env/proj_data/lib/python3.7/site-packages/airflow/example_dags/example_branch_operator_decorator.py took 0.090 seconds
[2022-08-07 07:46:59,305] {processor.py:153} INFO - Started process (PID=92681) to work on /Users/pro/Documents/a_env/proj_data/lib/python3.7/site-packages/airflow/example_dags/example_branch_operator_decorator.py
[2022-08-07 07:46:59,306] {processor.py:641} INFO - Processing file /Users/pro/Documents/a_env/proj_data/lib/python3.7/site-packages/airflow/example_dags/example_branch_operator_decorator.py for tasks to queue
[2022-08-07 07:46:59,307] {logging_mixin.py:115} INFO - [2022-08-07 07:46:59,307] {dagbag.py:508} INFO - Filling up the DagBag from /Users/pro/Documents/a_env/proj_data/lib/python3.7/site-packages/airflow/example_dags/example_branch_operator_decorator.py
[2022-08-07 07:46:59,340] {processor.py:651} INFO - DAG(s) dict_keys(['example_branch_python_operator_decorator']) retrieved from /Users/pro/Documents/a_env/proj_data/lib/python3.7/site-packages/airflow/example_dags/example_branch_operator_decorator.py
[2022-08-07 07:46:59,360] {logging_mixin.py:115} INFO - [2022-08-07 07:46:59,360] {dag.py:2420} INFO - Sync 1 DAGs
[2022-08-07 07:46:59,386] {logging_mixin.py:115} INFO - [2022-08-07 07:46:59,386] {dag.py:2972} INFO - Setting next_dagrun for example_branch_python_operator_decorator to 2022-08-05T00:00:00+00:00, run_after=2022-08-06T00:00:00+00:00
[2022-08-07 07:46:59,399] {processor.py:161} INFO - Processing /Users/pro/Documents/a_env/proj_data/lib/python3.7/site-packages/airflow/example_dags/example_branch_operator_decorator.py took 0.099 seconds
[2022-08-07 07:47:33,498] {processor.py:153} INFO - Started process (PID=92716) to work on /Users/pro/Documents/a_env/proj_data/lib/python3.7/site-packages/airflow/example_dags/example_branch_operator_decorator.py
[2022-08-07 07:47:33,500] {processor.py:641} INFO - Processing file /Users/pro/Documents/a_env/proj_data/lib/python3.7/site-packages/airflow/example_dags/example_branch_operator_decorator.py for tasks to queue
[2022-08-07 07:47:33,501] {logging_mixin.py:115} INFO - [2022-08-07 07:47:33,500] {dagbag.py:508} INFO - Filling up the DagBag from /Users/pro/Documents/a_env/proj_data/lib/python3.7/site-packages/airflow/example_dags/example_branch_operator_decorator.py
[2022-08-07 07:47:33,542] {processor.py:651} INFO - DAG(s) dict_keys(['example_branch_python_operator_decorator']) retrieved from /Users/pro/Documents/a_env/proj_data/lib/python3.7/site-packages/airflow/example_dags/example_branch_operator_decorator.py
[2022-08-07 07:47:33,566] {logging_mixin.py:115} INFO - [2022-08-07 07:47:33,566] {dag.py:2420} INFO - Sync 1 DAGs
[2022-08-07 07:47:33,591] {logging_mixin.py:115} INFO - [2022-08-07 07:47:33,591] {dag.py:2972} INFO - Setting next_dagrun for example_branch_python_operator_decorator to 2022-08-05T00:00:00+00:00, run_after=2022-08-06T00:00:00+00:00
[2022-08-07 07:47:33,604] {processor.py:161} INFO - Processing /Users/pro/Documents/a_env/proj_data/lib/python3.7/site-packages/airflow/example_dags/example_branch_operator_decorator.py took 0.113 seconds
[2022-08-07 07:48:09,487] {processor.py:153} INFO - Started process (PID=92760) to work on /Users/pro/Documents/a_env/proj_data/lib/python3.7/site-packages/airflow/example_dags/example_branch_operator_decorator.py
[2022-08-07 07:48:09,488] {processor.py:641} INFO - Processing file /Users/pro/Documents/a_env/proj_data/lib/python3.7/site-packages/airflow/example_dags/example_branch_operator_decorator.py for tasks to queue
[2022-08-07 07:48:09,489] {logging_mixin.py:115} INFO - [2022-08-07 07:48:09,488] {dagbag.py:508} INFO - Filling up the DagBag from /Users/pro/Documents/a_env/proj_data/lib/python3.7/site-packages/airflow/example_dags/example_branch_operator_decorator.py
[2022-08-07 07:48:09,521] {processor.py:651} INFO - DAG(s) dict_keys(['example_branch_python_operator_decorator']) retrieved from /Users/pro/Documents/a_env/proj_data/lib/python3.7/site-packages/airflow/example_dags/example_branch_operator_decorator.py
[2022-08-07 07:48:09,545] {logging_mixin.py:115} INFO - [2022-08-07 07:48:09,545] {dag.py:2420} INFO - Sync 1 DAGs
[2022-08-07 07:48:09,567] {logging_mixin.py:115} INFO - [2022-08-07 07:48:09,567] {dag.py:2972} INFO - Setting next_dagrun for example_branch_python_operator_decorator to 2022-08-05T00:00:00+00:00, run_after=2022-08-06T00:00:00+00:00
[2022-08-07 07:48:09,580] {processor.py:161} INFO - Processing /Users/pro/Documents/a_env/proj_data/lib/python3.7/site-packages/airflow/example_dags/example_branch_operator_decorator.py took 0.099 seconds
[2022-08-07 07:48:45,708] {processor.py:153} INFO - Started process (PID=92800) to work on /Users/pro/Documents/a_env/proj_data/lib/python3.7/site-packages/airflow/example_dags/example_branch_operator_decorator.py
[2022-08-07 07:48:45,708] {processor.py:641} INFO - Processing file /Users/pro/Documents/a_env/proj_data/lib/python3.7/site-packages/airflow/example_dags/example_branch_operator_decorator.py for tasks to queue
[2022-08-07 07:48:45,709] {logging_mixin.py:115} INFO - [2022-08-07 07:48:45,709] {dagbag.py:508} INFO - Filling up the DagBag from /Users/pro/Documents/a_env/proj_data/lib/python3.7/site-packages/airflow/example_dags/example_branch_operator_decorator.py
[2022-08-07 07:48:45,739] {processor.py:651} INFO - DAG(s) dict_keys(['example_branch_python_operator_decorator']) retrieved from /Users/pro/Documents/a_env/proj_data/lib/python3.7/site-packages/airflow/example_dags/example_branch_operator_decorator.py
[2022-08-07 07:48:45,759] {logging_mixin.py:115} INFO - [2022-08-07 07:48:45,758] {dag.py:2420} INFO - Sync 1 DAGs
[2022-08-07 07:48:45,780] {logging_mixin.py:115} INFO - [2022-08-07 07:48:45,780] {dag.py:2972} INFO - Setting next_dagrun for example_branch_python_operator_decorator to 2022-08-05T00:00:00+00:00, run_after=2022-08-06T00:00:00+00:00
[2022-08-07 07:48:45,791] {processor.py:161} INFO - Processing /Users/pro/Documents/a_env/proj_data/lib/python3.7/site-packages/airflow/example_dags/example_branch_operator_decorator.py took 0.088 seconds
[2022-08-07 07:49:21,752] {processor.py:153} INFO - Started process (PID=92839) to work on /Users/pro/Documents/a_env/proj_data/lib/python3.7/site-packages/airflow/example_dags/example_branch_operator_decorator.py
[2022-08-07 07:49:21,753] {processor.py:641} INFO - Processing file /Users/pro/Documents/a_env/proj_data/lib/python3.7/site-packages/airflow/example_dags/example_branch_operator_decorator.py for tasks to queue
[2022-08-07 07:49:21,754] {logging_mixin.py:115} INFO - [2022-08-07 07:49:21,754] {dagbag.py:508} INFO - Filling up the DagBag from /Users/pro/Documents/a_env/proj_data/lib/python3.7/site-packages/airflow/example_dags/example_branch_operator_decorator.py
[2022-08-07 07:49:21,784] {processor.py:651} INFO - DAG(s) dict_keys(['example_branch_python_operator_decorator']) retrieved from /Users/pro/Documents/a_env/proj_data/lib/python3.7/site-packages/airflow/example_dags/example_branch_operator_decorator.py
[2022-08-07 07:49:21,804] {logging_mixin.py:115} INFO - [2022-08-07 07:49:21,803] {dag.py:2420} INFO - Sync 1 DAGs
[2022-08-07 07:49:21,824] {logging_mixin.py:115} INFO - [2022-08-07 07:49:21,823] {dag.py:2972} INFO - Setting next_dagrun for example_branch_python_operator_decorator to 2022-08-05T00:00:00+00:00, run_after=2022-08-06T00:00:00+00:00
[2022-08-07 07:49:21,837] {processor.py:161} INFO - Processing /Users/pro/Documents/a_env/proj_data/lib/python3.7/site-packages/airflow/example_dags/example_branch_operator_decorator.py took 0.089 seconds
[2022-08-07 07:49:56,828] {processor.py:153} INFO - Started process (PID=92880) to work on /Users/pro/Documents/a_env/proj_data/lib/python3.7/site-packages/airflow/example_dags/example_branch_operator_decorator.py
[2022-08-07 07:49:56,832] {processor.py:641} INFO - Processing file /Users/pro/Documents/a_env/proj_data/lib/python3.7/site-packages/airflow/example_dags/example_branch_operator_decorator.py for tasks to queue
[2022-08-07 07:49:56,833] {logging_mixin.py:115} INFO - [2022-08-07 07:49:56,833] {dagbag.py:508} INFO - Filling up the DagBag from /Users/pro/Documents/a_env/proj_data/lib/python3.7/site-packages/airflow/example_dags/example_branch_operator_decorator.py
[2022-08-07 07:49:56,864] {processor.py:651} INFO - DAG(s) dict_keys(['example_branch_python_operator_decorator']) retrieved from /Users/pro/Documents/a_env/proj_data/lib/python3.7/site-packages/airflow/example_dags/example_branch_operator_decorator.py
[2022-08-07 07:49:56,883] {logging_mixin.py:115} INFO - [2022-08-07 07:49:56,883] {dag.py:2420} INFO - Sync 1 DAGs
[2022-08-07 07:49:56,903] {logging_mixin.py:115} INFO - [2022-08-07 07:49:56,902] {dag.py:2972} INFO - Setting next_dagrun for example_branch_python_operator_decorator to 2022-08-05T00:00:00+00:00, run_after=2022-08-06T00:00:00+00:00
[2022-08-07 07:49:56,915] {processor.py:161} INFO - Processing /Users/pro/Documents/a_env/proj_data/lib/python3.7/site-packages/airflow/example_dags/example_branch_operator_decorator.py took 0.091 seconds
[2022-08-07 07:50:31,320] {processor.py:153} INFO - Started process (PID=92916) to work on /Users/pro/Documents/a_env/proj_data/lib/python3.7/site-packages/airflow/example_dags/example_branch_operator_decorator.py
[2022-08-07 07:50:31,321] {processor.py:641} INFO - Processing file /Users/pro/Documents/a_env/proj_data/lib/python3.7/site-packages/airflow/example_dags/example_branch_operator_decorator.py for tasks to queue
[2022-08-07 07:50:31,322] {logging_mixin.py:115} INFO - [2022-08-07 07:50:31,322] {dagbag.py:508} INFO - Filling up the DagBag from /Users/pro/Documents/a_env/proj_data/lib/python3.7/site-packages/airflow/example_dags/example_branch_operator_decorator.py
[2022-08-07 07:50:31,353] {processor.py:651} INFO - DAG(s) dict_keys(['example_branch_python_operator_decorator']) retrieved from /Users/pro/Documents/a_env/proj_data/lib/python3.7/site-packages/airflow/example_dags/example_branch_operator_decorator.py
[2022-08-07 07:50:31,374] {logging_mixin.py:115} INFO - [2022-08-07 07:50:31,374] {dag.py:2420} INFO - Sync 1 DAGs
[2022-08-07 07:50:31,400] {logging_mixin.py:115} INFO - [2022-08-07 07:50:31,400] {dag.py:2972} INFO - Setting next_dagrun for example_branch_python_operator_decorator to 2022-08-05T00:00:00+00:00, run_after=2022-08-06T00:00:00+00:00
[2022-08-07 07:50:31,414] {processor.py:161} INFO - Processing /Users/pro/Documents/a_env/proj_data/lib/python3.7/site-packages/airflow/example_dags/example_branch_operator_decorator.py took 0.099 seconds
[2022-08-07 07:51:05,501] {processor.py:153} INFO - Started process (PID=92951) to work on /Users/pro/Documents/a_env/proj_data/lib/python3.7/site-packages/airflow/example_dags/example_branch_operator_decorator.py
[2022-08-07 07:51:05,502] {processor.py:641} INFO - Processing file /Users/pro/Documents/a_env/proj_data/lib/python3.7/site-packages/airflow/example_dags/example_branch_operator_decorator.py for tasks to queue
[2022-08-07 07:51:05,503] {logging_mixin.py:115} INFO - [2022-08-07 07:51:05,503] {dagbag.py:508} INFO - Filling up the DagBag from /Users/pro/Documents/a_env/proj_data/lib/python3.7/site-packages/airflow/example_dags/example_branch_operator_decorator.py
[2022-08-07 07:51:05,532] {processor.py:651} INFO - DAG(s) dict_keys(['example_branch_python_operator_decorator']) retrieved from /Users/pro/Documents/a_env/proj_data/lib/python3.7/site-packages/airflow/example_dags/example_branch_operator_decorator.py
[2022-08-07 07:51:05,550] {logging_mixin.py:115} INFO - [2022-08-07 07:51:05,550] {dag.py:2420} INFO - Sync 1 DAGs
[2022-08-07 07:51:05,570] {logging_mixin.py:115} INFO - [2022-08-07 07:51:05,569] {dag.py:2972} INFO - Setting next_dagrun for example_branch_python_operator_decorator to 2022-08-05T00:00:00+00:00, run_after=2022-08-06T00:00:00+00:00
[2022-08-07 07:51:05,581] {processor.py:161} INFO - Processing /Users/pro/Documents/a_env/proj_data/lib/python3.7/site-packages/airflow/example_dags/example_branch_operator_decorator.py took 0.085 seconds
[2022-08-07 07:51:39,923] {processor.py:153} INFO - Started process (PID=92988) to work on /Users/pro/Documents/a_env/proj_data/lib/python3.7/site-packages/airflow/example_dags/example_branch_operator_decorator.py
[2022-08-07 07:51:39,924] {processor.py:641} INFO - Processing file /Users/pro/Documents/a_env/proj_data/lib/python3.7/site-packages/airflow/example_dags/example_branch_operator_decorator.py for tasks to queue
[2022-08-07 07:51:39,925] {logging_mixin.py:115} INFO - [2022-08-07 07:51:39,925] {dagbag.py:508} INFO - Filling up the DagBag from /Users/pro/Documents/a_env/proj_data/lib/python3.7/site-packages/airflow/example_dags/example_branch_operator_decorator.py
[2022-08-07 07:51:39,953] {processor.py:651} INFO - DAG(s) dict_keys(['example_branch_python_operator_decorator']) retrieved from /Users/pro/Documents/a_env/proj_data/lib/python3.7/site-packages/airflow/example_dags/example_branch_operator_decorator.py
[2022-08-07 07:51:39,971] {logging_mixin.py:115} INFO - [2022-08-07 07:51:39,971] {dag.py:2420} INFO - Sync 1 DAGs
[2022-08-07 07:51:39,990] {logging_mixin.py:115} INFO - [2022-08-07 07:51:39,989] {dag.py:2972} INFO - Setting next_dagrun for example_branch_python_operator_decorator to 2022-08-05T00:00:00+00:00, run_after=2022-08-06T00:00:00+00:00
[2022-08-07 07:51:40,001] {processor.py:161} INFO - Processing /Users/pro/Documents/a_env/proj_data/lib/python3.7/site-packages/airflow/example_dags/example_branch_operator_decorator.py took 0.082 seconds
[2022-08-07 07:52:15,928] {processor.py:153} INFO - Started process (PID=93024) to work on /Users/pro/Documents/a_env/proj_data/lib/python3.7/site-packages/airflow/example_dags/example_branch_operator_decorator.py
[2022-08-07 07:52:15,929] {processor.py:641} INFO - Processing file /Users/pro/Documents/a_env/proj_data/lib/python3.7/site-packages/airflow/example_dags/example_branch_operator_decorator.py for tasks to queue
[2022-08-07 07:52:15,929] {logging_mixin.py:115} INFO - [2022-08-07 07:52:15,929] {dagbag.py:508} INFO - Filling up the DagBag from /Users/pro/Documents/a_env/proj_data/lib/python3.7/site-packages/airflow/example_dags/example_branch_operator_decorator.py
[2022-08-07 07:52:15,957] {processor.py:651} INFO - DAG(s) dict_keys(['example_branch_python_operator_decorator']) retrieved from /Users/pro/Documents/a_env/proj_data/lib/python3.7/site-packages/airflow/example_dags/example_branch_operator_decorator.py
[2022-08-07 07:52:15,975] {logging_mixin.py:115} INFO - [2022-08-07 07:52:15,975] {dag.py:2420} INFO - Sync 1 DAGs
[2022-08-07 07:52:15,994] {logging_mixin.py:115} INFO - [2022-08-07 07:52:15,994] {dag.py:2972} INFO - Setting next_dagrun for example_branch_python_operator_decorator to 2022-08-05T00:00:00+00:00, run_after=2022-08-06T00:00:00+00:00
[2022-08-07 07:52:16,008] {processor.py:161} INFO - Processing /Users/pro/Documents/a_env/proj_data/lib/python3.7/site-packages/airflow/example_dags/example_branch_operator_decorator.py took 0.084 seconds
[2022-08-07 07:52:53,175] {processor.py:153} INFO - Started process (PID=93063) to work on /Users/pro/Documents/a_env/proj_data/lib/python3.7/site-packages/airflow/example_dags/example_branch_operator_decorator.py
[2022-08-07 07:52:53,178] {processor.py:641} INFO - Processing file /Users/pro/Documents/a_env/proj_data/lib/python3.7/site-packages/airflow/example_dags/example_branch_operator_decorator.py for tasks to queue
[2022-08-07 07:52:53,179] {logging_mixin.py:115} INFO - [2022-08-07 07:52:53,178] {dagbag.py:508} INFO - Filling up the DagBag from /Users/pro/Documents/a_env/proj_data/lib/python3.7/site-packages/airflow/example_dags/example_branch_operator_decorator.py
[2022-08-07 07:52:53,228] {processor.py:651} INFO - DAG(s) dict_keys(['example_branch_python_operator_decorator']) retrieved from /Users/pro/Documents/a_env/proj_data/lib/python3.7/site-packages/airflow/example_dags/example_branch_operator_decorator.py
[2022-08-07 07:52:53,264] {logging_mixin.py:115} INFO - [2022-08-07 07:52:53,264] {dag.py:2420} INFO - Sync 1 DAGs
[2022-08-07 07:52:53,299] {logging_mixin.py:115} INFO - [2022-08-07 07:52:53,298] {dag.py:2972} INFO - Setting next_dagrun for example_branch_python_operator_decorator to 2022-08-05T00:00:00+00:00, run_after=2022-08-06T00:00:00+00:00
[2022-08-07 07:52:53,315] {processor.py:161} INFO - Processing /Users/pro/Documents/a_env/proj_data/lib/python3.7/site-packages/airflow/example_dags/example_branch_operator_decorator.py took 0.163 seconds
[2022-08-07 07:53:31,534] {processor.py:153} INFO - Started process (PID=93121) to work on /Users/pro/Documents/a_env/proj_data/lib/python3.7/site-packages/airflow/example_dags/example_branch_operator_decorator.py
[2022-08-07 07:53:31,534] {processor.py:641} INFO - Processing file /Users/pro/Documents/a_env/proj_data/lib/python3.7/site-packages/airflow/example_dags/example_branch_operator_decorator.py for tasks to queue
[2022-08-07 07:53:31,535] {logging_mixin.py:115} INFO - [2022-08-07 07:53:31,535] {dagbag.py:508} INFO - Filling up the DagBag from /Users/pro/Documents/a_env/proj_data/lib/python3.7/site-packages/airflow/example_dags/example_branch_operator_decorator.py
[2022-08-07 07:53:31,565] {processor.py:651} INFO - DAG(s) dict_keys(['example_branch_python_operator_decorator']) retrieved from /Users/pro/Documents/a_env/proj_data/lib/python3.7/site-packages/airflow/example_dags/example_branch_operator_decorator.py
[2022-08-07 07:53:31,583] {logging_mixin.py:115} INFO - [2022-08-07 07:53:31,583] {dag.py:2420} INFO - Sync 1 DAGs
[2022-08-07 07:53:31,604] {logging_mixin.py:115} INFO - [2022-08-07 07:53:31,604] {dag.py:2972} INFO - Setting next_dagrun for example_branch_python_operator_decorator to 2022-08-05T00:00:00+00:00, run_after=2022-08-06T00:00:00+00:00
[2022-08-07 07:53:31,617] {processor.py:161} INFO - Processing /Users/pro/Documents/a_env/proj_data/lib/python3.7/site-packages/airflow/example_dags/example_branch_operator_decorator.py took 0.087 seconds
[2022-08-07 07:54:09,022] {processor.py:153} INFO - Started process (PID=93174) to work on /Users/pro/Documents/a_env/proj_data/lib/python3.7/site-packages/airflow/example_dags/example_branch_operator_decorator.py
[2022-08-07 07:54:09,024] {processor.py:641} INFO - Processing file /Users/pro/Documents/a_env/proj_data/lib/python3.7/site-packages/airflow/example_dags/example_branch_operator_decorator.py for tasks to queue
[2022-08-07 07:54:09,026] {logging_mixin.py:115} INFO - [2022-08-07 07:54:09,025] {dagbag.py:508} INFO - Filling up the DagBag from /Users/pro/Documents/a_env/proj_data/lib/python3.7/site-packages/airflow/example_dags/example_branch_operator_decorator.py
[2022-08-07 07:54:09,060] {processor.py:651} INFO - DAG(s) dict_keys(['example_branch_python_operator_decorator']) retrieved from /Users/pro/Documents/a_env/proj_data/lib/python3.7/site-packages/airflow/example_dags/example_branch_operator_decorator.py
[2022-08-07 07:54:09,082] {logging_mixin.py:115} INFO - [2022-08-07 07:54:09,082] {dag.py:2420} INFO - Sync 1 DAGs
[2022-08-07 07:54:09,103] {logging_mixin.py:115} INFO - [2022-08-07 07:54:09,103] {dag.py:2972} INFO - Setting next_dagrun for example_branch_python_operator_decorator to 2022-08-05T00:00:00+00:00, run_after=2022-08-06T00:00:00+00:00
[2022-08-07 07:54:09,117] {processor.py:161} INFO - Processing /Users/pro/Documents/a_env/proj_data/lib/python3.7/site-packages/airflow/example_dags/example_branch_operator_decorator.py took 0.100 seconds
[2022-08-07 07:54:44,238] {processor.py:153} INFO - Started process (PID=93210) to work on /Users/pro/Documents/a_env/proj_data/lib/python3.7/site-packages/airflow/example_dags/example_branch_operator_decorator.py
[2022-08-07 07:54:44,239] {processor.py:641} INFO - Processing file /Users/pro/Documents/a_env/proj_data/lib/python3.7/site-packages/airflow/example_dags/example_branch_operator_decorator.py for tasks to queue
[2022-08-07 07:54:44,241] {logging_mixin.py:115} INFO - [2022-08-07 07:54:44,240] {dagbag.py:508} INFO - Filling up the DagBag from /Users/pro/Documents/a_env/proj_data/lib/python3.7/site-packages/airflow/example_dags/example_branch_operator_decorator.py
[2022-08-07 07:54:44,282] {processor.py:651} INFO - DAG(s) dict_keys(['example_branch_python_operator_decorator']) retrieved from /Users/pro/Documents/a_env/proj_data/lib/python3.7/site-packages/airflow/example_dags/example_branch_operator_decorator.py
[2022-08-07 07:54:44,310] {logging_mixin.py:115} INFO - [2022-08-07 07:54:44,309] {dag.py:2420} INFO - Sync 1 DAGs
[2022-08-07 07:54:44,337] {logging_mixin.py:115} INFO - [2022-08-07 07:54:44,336] {dag.py:2972} INFO - Setting next_dagrun for example_branch_python_operator_decorator to 2022-08-05T00:00:00+00:00, run_after=2022-08-06T00:00:00+00:00
[2022-08-07 07:54:44,350] {processor.py:161} INFO - Processing /Users/pro/Documents/a_env/proj_data/lib/python3.7/site-packages/airflow/example_dags/example_branch_operator_decorator.py took 0.118 seconds
[2022-08-07 07:55:21,309] {processor.py:153} INFO - Started process (PID=93251) to work on /Users/pro/Documents/a_env/proj_data/lib/python3.7/site-packages/airflow/example_dags/example_branch_operator_decorator.py
[2022-08-07 07:55:21,310] {processor.py:641} INFO - Processing file /Users/pro/Documents/a_env/proj_data/lib/python3.7/site-packages/airflow/example_dags/example_branch_operator_decorator.py for tasks to queue
[2022-08-07 07:55:21,311] {logging_mixin.py:115} INFO - [2022-08-07 07:55:21,311] {dagbag.py:508} INFO - Filling up the DagBag from /Users/pro/Documents/a_env/proj_data/lib/python3.7/site-packages/airflow/example_dags/example_branch_operator_decorator.py
[2022-08-07 07:55:21,340] {processor.py:651} INFO - DAG(s) dict_keys(['example_branch_python_operator_decorator']) retrieved from /Users/pro/Documents/a_env/proj_data/lib/python3.7/site-packages/airflow/example_dags/example_branch_operator_decorator.py
[2022-08-07 07:55:21,360] {logging_mixin.py:115} INFO - [2022-08-07 07:55:21,360] {dag.py:2420} INFO - Sync 1 DAGs
[2022-08-07 07:55:21,381] {logging_mixin.py:115} INFO - [2022-08-07 07:55:21,380] {dag.py:2972} INFO - Setting next_dagrun for example_branch_python_operator_decorator to 2022-08-05T00:00:00+00:00, run_after=2022-08-06T00:00:00+00:00
[2022-08-07 07:55:21,393] {processor.py:161} INFO - Processing /Users/pro/Documents/a_env/proj_data/lib/python3.7/site-packages/airflow/example_dags/example_branch_operator_decorator.py took 0.088 seconds
[2022-08-07 07:55:59,592] {processor.py:153} INFO - Started process (PID=93289) to work on /Users/pro/Documents/a_env/proj_data/lib/python3.7/site-packages/airflow/example_dags/example_branch_operator_decorator.py
[2022-08-07 07:55:59,593] {processor.py:641} INFO - Processing file /Users/pro/Documents/a_env/proj_data/lib/python3.7/site-packages/airflow/example_dags/example_branch_operator_decorator.py for tasks to queue
[2022-08-07 07:55:59,594] {logging_mixin.py:115} INFO - [2022-08-07 07:55:59,593] {dagbag.py:508} INFO - Filling up the DagBag from /Users/pro/Documents/a_env/proj_data/lib/python3.7/site-packages/airflow/example_dags/example_branch_operator_decorator.py
[2022-08-07 07:55:59,623] {processor.py:651} INFO - DAG(s) dict_keys(['example_branch_python_operator_decorator']) retrieved from /Users/pro/Documents/a_env/proj_data/lib/python3.7/site-packages/airflow/example_dags/example_branch_operator_decorator.py
[2022-08-07 07:55:59,644] {logging_mixin.py:115} INFO - [2022-08-07 07:55:59,643] {dag.py:2420} INFO - Sync 1 DAGs
[2022-08-07 07:55:59,667] {logging_mixin.py:115} INFO - [2022-08-07 07:55:59,666] {dag.py:2972} INFO - Setting next_dagrun for example_branch_python_operator_decorator to 2022-08-05T00:00:00+00:00, run_after=2022-08-06T00:00:00+00:00
[2022-08-07 07:55:59,680] {processor.py:161} INFO - Processing /Users/pro/Documents/a_env/proj_data/lib/python3.7/site-packages/airflow/example_dags/example_branch_operator_decorator.py took 0.092 seconds
[2022-08-07 07:56:36,168] {processor.py:153} INFO - Started process (PID=93325) to work on /Users/pro/Documents/a_env/proj_data/lib/python3.7/site-packages/airflow/example_dags/example_branch_operator_decorator.py
[2022-08-07 07:56:36,170] {processor.py:641} INFO - Processing file /Users/pro/Documents/a_env/proj_data/lib/python3.7/site-packages/airflow/example_dags/example_branch_operator_decorator.py for tasks to queue
[2022-08-07 07:56:36,171] {logging_mixin.py:115} INFO - [2022-08-07 07:56:36,171] {dagbag.py:508} INFO - Filling up the DagBag from /Users/pro/Documents/a_env/proj_data/lib/python3.7/site-packages/airflow/example_dags/example_branch_operator_decorator.py
[2022-08-07 07:56:36,200] {processor.py:651} INFO - DAG(s) dict_keys(['example_branch_python_operator_decorator']) retrieved from /Users/pro/Documents/a_env/proj_data/lib/python3.7/site-packages/airflow/example_dags/example_branch_operator_decorator.py
[2022-08-07 07:56:36,221] {logging_mixin.py:115} INFO - [2022-08-07 07:56:36,221] {dag.py:2420} INFO - Sync 1 DAGs
[2022-08-07 07:56:36,240] {logging_mixin.py:115} INFO - [2022-08-07 07:56:36,240] {dag.py:2972} INFO - Setting next_dagrun for example_branch_python_operator_decorator to 2022-08-05T00:00:00+00:00, run_after=2022-08-06T00:00:00+00:00
[2022-08-07 07:56:36,254] {processor.py:161} INFO - Processing /Users/pro/Documents/a_env/proj_data/lib/python3.7/site-packages/airflow/example_dags/example_branch_operator_decorator.py took 0.094 seconds
[2022-08-07 07:57:14,082] {processor.py:153} INFO - Started process (PID=93367) to work on /Users/pro/Documents/a_env/proj_data/lib/python3.7/site-packages/airflow/example_dags/example_branch_operator_decorator.py
[2022-08-07 07:57:14,084] {processor.py:641} INFO - Processing file /Users/pro/Documents/a_env/proj_data/lib/python3.7/site-packages/airflow/example_dags/example_branch_operator_decorator.py for tasks to queue
[2022-08-07 07:57:14,085] {logging_mixin.py:115} INFO - [2022-08-07 07:57:14,085] {dagbag.py:508} INFO - Filling up the DagBag from /Users/pro/Documents/a_env/proj_data/lib/python3.7/site-packages/airflow/example_dags/example_branch_operator_decorator.py
[2022-08-07 07:57:14,115] {processor.py:651} INFO - DAG(s) dict_keys(['example_branch_python_operator_decorator']) retrieved from /Users/pro/Documents/a_env/proj_data/lib/python3.7/site-packages/airflow/example_dags/example_branch_operator_decorator.py
[2022-08-07 07:57:14,136] {logging_mixin.py:115} INFO - [2022-08-07 07:57:14,136] {dag.py:2420} INFO - Sync 1 DAGs
[2022-08-07 07:57:14,158] {logging_mixin.py:115} INFO - [2022-08-07 07:57:14,158] {dag.py:2972} INFO - Setting next_dagrun for example_branch_python_operator_decorator to 2022-08-05T00:00:00+00:00, run_after=2022-08-06T00:00:00+00:00
[2022-08-07 07:57:14,172] {processor.py:161} INFO - Processing /Users/pro/Documents/a_env/proj_data/lib/python3.7/site-packages/airflow/example_dags/example_branch_operator_decorator.py took 0.095 seconds
[2022-08-07 07:57:48,446] {processor.py:153} INFO - Started process (PID=93409) to work on /Users/pro/Documents/a_env/proj_data/lib/python3.7/site-packages/airflow/example_dags/example_branch_operator_decorator.py
[2022-08-07 07:57:48,447] {processor.py:641} INFO - Processing file /Users/pro/Documents/a_env/proj_data/lib/python3.7/site-packages/airflow/example_dags/example_branch_operator_decorator.py for tasks to queue
[2022-08-07 07:57:48,448] {logging_mixin.py:115} INFO - [2022-08-07 07:57:48,448] {dagbag.py:508} INFO - Filling up the DagBag from /Users/pro/Documents/a_env/proj_data/lib/python3.7/site-packages/airflow/example_dags/example_branch_operator_decorator.py
[2022-08-07 07:57:48,477] {processor.py:651} INFO - DAG(s) dict_keys(['example_branch_python_operator_decorator']) retrieved from /Users/pro/Documents/a_env/proj_data/lib/python3.7/site-packages/airflow/example_dags/example_branch_operator_decorator.py
[2022-08-07 07:57:48,498] {logging_mixin.py:115} INFO - [2022-08-07 07:57:48,498] {dag.py:2420} INFO - Sync 1 DAGs
[2022-08-07 07:57:48,520] {logging_mixin.py:115} INFO - [2022-08-07 07:57:48,519] {dag.py:2972} INFO - Setting next_dagrun for example_branch_python_operator_decorator to 2022-08-05T00:00:00+00:00, run_after=2022-08-06T00:00:00+00:00
[2022-08-07 07:57:48,533] {processor.py:161} INFO - Processing /Users/pro/Documents/a_env/proj_data/lib/python3.7/site-packages/airflow/example_dags/example_branch_operator_decorator.py took 0.093 seconds
[2022-08-07 07:58:26,576] {processor.py:153} INFO - Started process (PID=93453) to work on /Users/pro/Documents/a_env/proj_data/lib/python3.7/site-packages/airflow/example_dags/example_branch_operator_decorator.py
[2022-08-07 07:58:26,578] {processor.py:641} INFO - Processing file /Users/pro/Documents/a_env/proj_data/lib/python3.7/site-packages/airflow/example_dags/example_branch_operator_decorator.py for tasks to queue
[2022-08-07 07:58:26,579] {logging_mixin.py:115} INFO - [2022-08-07 07:58:26,579] {dagbag.py:508} INFO - Filling up the DagBag from /Users/pro/Documents/a_env/proj_data/lib/python3.7/site-packages/airflow/example_dags/example_branch_operator_decorator.py
[2022-08-07 07:58:26,608] {processor.py:651} INFO - DAG(s) dict_keys(['example_branch_python_operator_decorator']) retrieved from /Users/pro/Documents/a_env/proj_data/lib/python3.7/site-packages/airflow/example_dags/example_branch_operator_decorator.py
[2022-08-07 07:58:26,628] {logging_mixin.py:115} INFO - [2022-08-07 07:58:26,628] {dag.py:2420} INFO - Sync 1 DAGs
[2022-08-07 07:58:26,648] {logging_mixin.py:115} INFO - [2022-08-07 07:58:26,647] {dag.py:2972} INFO - Setting next_dagrun for example_branch_python_operator_decorator to 2022-08-05T00:00:00+00:00, run_after=2022-08-06T00:00:00+00:00
[2022-08-07 07:58:26,661] {processor.py:161} INFO - Processing /Users/pro/Documents/a_env/proj_data/lib/python3.7/site-packages/airflow/example_dags/example_branch_operator_decorator.py took 0.090 seconds
[2022-08-07 07:59:00,769] {processor.py:153} INFO - Started process (PID=93488) to work on /Users/pro/Documents/a_env/proj_data/lib/python3.7/site-packages/airflow/example_dags/example_branch_operator_decorator.py
[2022-08-07 07:59:00,770] {processor.py:641} INFO - Processing file /Users/pro/Documents/a_env/proj_data/lib/python3.7/site-packages/airflow/example_dags/example_branch_operator_decorator.py for tasks to queue
[2022-08-07 07:59:00,771] {logging_mixin.py:115} INFO - [2022-08-07 07:59:00,770] {dagbag.py:508} INFO - Filling up the DagBag from /Users/pro/Documents/a_env/proj_data/lib/python3.7/site-packages/airflow/example_dags/example_branch_operator_decorator.py
[2022-08-07 07:59:00,799] {processor.py:651} INFO - DAG(s) dict_keys(['example_branch_python_operator_decorator']) retrieved from /Users/pro/Documents/a_env/proj_data/lib/python3.7/site-packages/airflow/example_dags/example_branch_operator_decorator.py
[2022-08-07 07:59:00,818] {logging_mixin.py:115} INFO - [2022-08-07 07:59:00,818] {dag.py:2420} INFO - Sync 1 DAGs
[2022-08-07 07:59:00,837] {logging_mixin.py:115} INFO - [2022-08-07 07:59:00,837] {dag.py:2972} INFO - Setting next_dagrun for example_branch_python_operator_decorator to 2022-08-05T00:00:00+00:00, run_after=2022-08-06T00:00:00+00:00
[2022-08-07 07:59:00,849] {processor.py:161} INFO - Processing /Users/pro/Documents/a_env/proj_data/lib/python3.7/site-packages/airflow/example_dags/example_branch_operator_decorator.py took 0.084 seconds
[2022-08-07 07:59:35,677] {processor.py:153} INFO - Started process (PID=93527) to work on /Users/pro/Documents/a_env/proj_data/lib/python3.7/site-packages/airflow/example_dags/example_branch_operator_decorator.py
[2022-08-07 07:59:35,679] {processor.py:641} INFO - Processing file /Users/pro/Documents/a_env/proj_data/lib/python3.7/site-packages/airflow/example_dags/example_branch_operator_decorator.py for tasks to queue
[2022-08-07 07:59:35,680] {logging_mixin.py:115} INFO - [2022-08-07 07:59:35,679] {dagbag.py:508} INFO - Filling up the DagBag from /Users/pro/Documents/a_env/proj_data/lib/python3.7/site-packages/airflow/example_dags/example_branch_operator_decorator.py
[2022-08-07 07:59:35,708] {processor.py:651} INFO - DAG(s) dict_keys(['example_branch_python_operator_decorator']) retrieved from /Users/pro/Documents/a_env/proj_data/lib/python3.7/site-packages/airflow/example_dags/example_branch_operator_decorator.py
[2022-08-07 07:59:35,727] {logging_mixin.py:115} INFO - [2022-08-07 07:59:35,727] {dag.py:2420} INFO - Sync 1 DAGs
[2022-08-07 07:59:35,747] {logging_mixin.py:115} INFO - [2022-08-07 07:59:35,746] {dag.py:2972} INFO - Setting next_dagrun for example_branch_python_operator_decorator to 2022-08-05T00:00:00+00:00, run_after=2022-08-06T00:00:00+00:00
[2022-08-07 07:59:35,760] {processor.py:161} INFO - Processing /Users/pro/Documents/a_env/proj_data/lib/python3.7/site-packages/airflow/example_dags/example_branch_operator_decorator.py took 0.087 seconds
