[2022-08-06 21:09:38,889] {processor.py:153} INFO - Started process (PID=91538) to work on /Users/pro/Documents/a_env/proj_data/lib/python3.7/site-packages/airflow/example_dags/tutorial.py
[2022-08-06 21:09:38,890] {processor.py:641} INFO - Processing file /Users/pro/Documents/a_env/proj_data/lib/python3.7/site-packages/airflow/example_dags/tutorial.py for tasks to queue
[2022-08-06 21:09:38,891] {logging_mixin.py:115} INFO - [2022-08-06 21:09:38,891] {dagbag.py:508} INFO - Filling up the DagBag from /Users/pro/Documents/a_env/proj_data/lib/python3.7/site-packages/airflow/example_dags/tutorial.py
[2022-08-06 21:09:38,900] {processor.py:651} INFO - DAG(s) dict_keys(['tutorial']) retrieved from /Users/pro/Documents/a_env/proj_data/lib/python3.7/site-packages/airflow/example_dags/tutorial.py
[2022-08-06 21:09:38,919] {logging_mixin.py:115} INFO - [2022-08-06 21:09:38,918] {dag.py:2420} INFO - Sync 1 DAGs
[2022-08-06 21:09:38,937] {logging_mixin.py:115} INFO - [2022-08-06 21:09:38,937] {dag.py:2972} INFO - Setting next_dagrun for tutorial to 2022-08-05T13:09:38.937024+00:00, run_after=2022-08-06T13:09:38.937024+00:00
[2022-08-06 21:09:38,949] {processor.py:161} INFO - Processing /Users/pro/Documents/a_env/proj_data/lib/python3.7/site-packages/airflow/example_dags/tutorial.py took 0.063 seconds
[2022-08-06 21:10:14,006] {processor.py:153} INFO - Started process (PID=91584) to work on /Users/pro/Documents/a_env/proj_data/lib/python3.7/site-packages/airflow/example_dags/tutorial.py
[2022-08-06 21:10:14,008] {processor.py:641} INFO - Processing file /Users/pro/Documents/a_env/proj_data/lib/python3.7/site-packages/airflow/example_dags/tutorial.py for tasks to queue
[2022-08-06 21:10:14,009] {logging_mixin.py:115} INFO - [2022-08-06 21:10:14,009] {dagbag.py:508} INFO - Filling up the DagBag from /Users/pro/Documents/a_env/proj_data/lib/python3.7/site-packages/airflow/example_dags/tutorial.py
[2022-08-06 21:10:14,018] {processor.py:651} INFO - DAG(s) dict_keys(['tutorial']) retrieved from /Users/pro/Documents/a_env/proj_data/lib/python3.7/site-packages/airflow/example_dags/tutorial.py
[2022-08-06 21:10:14,036] {logging_mixin.py:115} INFO - [2022-08-06 21:10:14,036] {dag.py:2420} INFO - Sync 1 DAGs
[2022-08-06 21:10:14,055] {logging_mixin.py:115} INFO - [2022-08-06 21:10:14,055] {dag.py:2972} INFO - Setting next_dagrun for tutorial to 2022-08-05T13:10:14.054761+00:00, run_after=2022-08-06T13:10:14.054761+00:00
[2022-08-06 21:10:14,068] {processor.py:161} INFO - Processing /Users/pro/Documents/a_env/proj_data/lib/python3.7/site-packages/airflow/example_dags/tutorial.py took 0.066 seconds
[2022-08-06 21:10:48,389] {processor.py:153} INFO - Started process (PID=91629) to work on /Users/pro/Documents/a_env/proj_data/lib/python3.7/site-packages/airflow/example_dags/tutorial.py
[2022-08-06 21:10:48,390] {processor.py:641} INFO - Processing file /Users/pro/Documents/a_env/proj_data/lib/python3.7/site-packages/airflow/example_dags/tutorial.py for tasks to queue
[2022-08-06 21:10:48,391] {logging_mixin.py:115} INFO - [2022-08-06 21:10:48,391] {dagbag.py:508} INFO - Filling up the DagBag from /Users/pro/Documents/a_env/proj_data/lib/python3.7/site-packages/airflow/example_dags/tutorial.py
[2022-08-06 21:10:48,401] {processor.py:651} INFO - DAG(s) dict_keys(['tutorial']) retrieved from /Users/pro/Documents/a_env/proj_data/lib/python3.7/site-packages/airflow/example_dags/tutorial.py
[2022-08-06 21:10:48,420] {logging_mixin.py:115} INFO - [2022-08-06 21:10:48,420] {dag.py:2420} INFO - Sync 1 DAGs
[2022-08-06 21:10:48,442] {logging_mixin.py:115} INFO - [2022-08-06 21:10:48,442] {dag.py:2972} INFO - Setting next_dagrun for tutorial to 2022-08-05T13:10:48.442188+00:00, run_after=2022-08-06T13:10:48.442188+00:00
[2022-08-06 21:10:48,456] {processor.py:161} INFO - Processing /Users/pro/Documents/a_env/proj_data/lib/python3.7/site-packages/airflow/example_dags/tutorial.py took 0.072 seconds
[2022-08-06 21:11:23,415] {processor.py:153} INFO - Started process (PID=91675) to work on /Users/pro/Documents/a_env/proj_data/lib/python3.7/site-packages/airflow/example_dags/tutorial.py
[2022-08-06 21:11:23,418] {processor.py:641} INFO - Processing file /Users/pro/Documents/a_env/proj_data/lib/python3.7/site-packages/airflow/example_dags/tutorial.py for tasks to queue
[2022-08-06 21:11:23,419] {logging_mixin.py:115} INFO - [2022-08-06 21:11:23,419] {dagbag.py:508} INFO - Filling up the DagBag from /Users/pro/Documents/a_env/proj_data/lib/python3.7/site-packages/airflow/example_dags/tutorial.py
[2022-08-06 21:11:23,429] {processor.py:651} INFO - DAG(s) dict_keys(['tutorial']) retrieved from /Users/pro/Documents/a_env/proj_data/lib/python3.7/site-packages/airflow/example_dags/tutorial.py
[2022-08-06 21:11:23,451] {logging_mixin.py:115} INFO - [2022-08-06 21:11:23,451] {dag.py:2420} INFO - Sync 1 DAGs
[2022-08-06 21:11:23,473] {logging_mixin.py:115} INFO - [2022-08-06 21:11:23,473] {dag.py:2972} INFO - Setting next_dagrun for tutorial to 2022-08-05T13:11:23.473078+00:00, run_after=2022-08-06T13:11:23.473078+00:00
[2022-08-06 21:11:23,488] {processor.py:161} INFO - Processing /Users/pro/Documents/a_env/proj_data/lib/python3.7/site-packages/airflow/example_dags/tutorial.py took 0.077 seconds
[2022-08-06 21:11:58,839] {processor.py:153} INFO - Started process (PID=91725) to work on /Users/pro/Documents/a_env/proj_data/lib/python3.7/site-packages/airflow/example_dags/tutorial.py
[2022-08-06 21:11:58,840] {processor.py:641} INFO - Processing file /Users/pro/Documents/a_env/proj_data/lib/python3.7/site-packages/airflow/example_dags/tutorial.py for tasks to queue
[2022-08-06 21:11:58,841] {logging_mixin.py:115} INFO - [2022-08-06 21:11:58,841] {dagbag.py:508} INFO - Filling up the DagBag from /Users/pro/Documents/a_env/proj_data/lib/python3.7/site-packages/airflow/example_dags/tutorial.py
[2022-08-06 21:11:58,850] {processor.py:651} INFO - DAG(s) dict_keys(['tutorial']) retrieved from /Users/pro/Documents/a_env/proj_data/lib/python3.7/site-packages/airflow/example_dags/tutorial.py
[2022-08-06 21:11:58,870] {logging_mixin.py:115} INFO - [2022-08-06 21:11:58,870] {dag.py:2420} INFO - Sync 1 DAGs
[2022-08-06 21:11:58,890] {logging_mixin.py:115} INFO - [2022-08-06 21:11:58,889] {dag.py:2972} INFO - Setting next_dagrun for tutorial to 2022-08-05T13:11:58.889562+00:00, run_after=2022-08-06T13:11:58.889562+00:00
[2022-08-06 21:11:58,904] {processor.py:161} INFO - Processing /Users/pro/Documents/a_env/proj_data/lib/python3.7/site-packages/airflow/example_dags/tutorial.py took 0.070 seconds
[2022-08-06 22:57:15,569] {processor.py:153} INFO - Started process (PID=91785) to work on /Users/pro/Documents/a_env/proj_data/lib/python3.7/site-packages/airflow/example_dags/tutorial.py
[2022-08-06 22:57:15,572] {processor.py:641} INFO - Processing file /Users/pro/Documents/a_env/proj_data/lib/python3.7/site-packages/airflow/example_dags/tutorial.py for tasks to queue
[2022-08-06 22:57:15,573] {logging_mixin.py:115} INFO - [2022-08-06 22:57:15,572] {dagbag.py:508} INFO - Filling up the DagBag from /Users/pro/Documents/a_env/proj_data/lib/python3.7/site-packages/airflow/example_dags/tutorial.py
[2022-08-06 22:57:15,581] {processor.py:651} INFO - DAG(s) dict_keys(['tutorial']) retrieved from /Users/pro/Documents/a_env/proj_data/lib/python3.7/site-packages/airflow/example_dags/tutorial.py
[2022-08-06 22:57:15,600] {logging_mixin.py:115} INFO - [2022-08-06 22:57:15,600] {dag.py:2420} INFO - Sync 1 DAGs
[2022-08-06 22:57:15,620] {logging_mixin.py:115} INFO - [2022-08-06 22:57:15,620] {dag.py:2972} INFO - Setting next_dagrun for tutorial to 2022-08-05T14:57:15.619867+00:00, run_after=2022-08-06T14:57:15.619867+00:00
[2022-08-06 22:57:15,632] {processor.py:161} INFO - Processing /Users/pro/Documents/a_env/proj_data/lib/python3.7/site-packages/airflow/example_dags/tutorial.py took 0.067 seconds
[2022-08-07 03:14:52,329] {processor.py:153} INFO - Started process (PID=91881) to work on /Users/pro/Documents/a_env/proj_data/lib/python3.7/site-packages/airflow/example_dags/tutorial.py
[2022-08-07 03:14:52,331] {processor.py:641} INFO - Processing file /Users/pro/Documents/a_env/proj_data/lib/python3.7/site-packages/airflow/example_dags/tutorial.py for tasks to queue
[2022-08-07 03:14:52,332] {logging_mixin.py:115} INFO - [2022-08-07 03:14:52,331] {dagbag.py:508} INFO - Filling up the DagBag from /Users/pro/Documents/a_env/proj_data/lib/python3.7/site-packages/airflow/example_dags/tutorial.py
[2022-08-07 03:14:52,340] {processor.py:651} INFO - DAG(s) dict_keys(['tutorial']) retrieved from /Users/pro/Documents/a_env/proj_data/lib/python3.7/site-packages/airflow/example_dags/tutorial.py
[2022-08-07 03:14:52,358] {logging_mixin.py:115} INFO - [2022-08-07 03:14:52,358] {dag.py:2420} INFO - Sync 1 DAGs
[2022-08-07 03:14:52,378] {logging_mixin.py:115} INFO - [2022-08-07 03:14:52,378] {dag.py:2972} INFO - Setting next_dagrun for tutorial to 2022-08-05T19:14:52.377853+00:00, run_after=2022-08-06T19:14:52.377853+00:00
[2022-08-07 03:14:52,391] {processor.py:161} INFO - Processing /Users/pro/Documents/a_env/proj_data/lib/python3.7/site-packages/airflow/example_dags/tutorial.py took 0.066 seconds
[2022-08-07 04:20:50,212] {processor.py:153} INFO - Started process (PID=91964) to work on /Users/pro/Documents/a_env/proj_data/lib/python3.7/site-packages/airflow/example_dags/tutorial.py
[2022-08-07 04:20:50,213] {processor.py:641} INFO - Processing file /Users/pro/Documents/a_env/proj_data/lib/python3.7/site-packages/airflow/example_dags/tutorial.py for tasks to queue
[2022-08-07 04:20:50,214] {logging_mixin.py:115} INFO - [2022-08-07 04:20:50,214] {dagbag.py:508} INFO - Filling up the DagBag from /Users/pro/Documents/a_env/proj_data/lib/python3.7/site-packages/airflow/example_dags/tutorial.py
[2022-08-07 04:20:50,223] {processor.py:651} INFO - DAG(s) dict_keys(['tutorial']) retrieved from /Users/pro/Documents/a_env/proj_data/lib/python3.7/site-packages/airflow/example_dags/tutorial.py
[2022-08-07 04:20:50,242] {logging_mixin.py:115} INFO - [2022-08-07 04:20:50,242] {dag.py:2420} INFO - Sync 1 DAGs
[2022-08-07 04:20:50,261] {logging_mixin.py:115} INFO - [2022-08-07 04:20:50,261] {dag.py:2972} INFO - Setting next_dagrun for tutorial to 2022-08-05T20:20:50.260996+00:00, run_after=2022-08-06T20:20:50.260996+00:00
[2022-08-07 04:20:50,273] {processor.py:161} INFO - Processing /Users/pro/Documents/a_env/proj_data/lib/python3.7/site-packages/airflow/example_dags/tutorial.py took 0.065 seconds
[2022-08-07 07:38:51,271] {processor.py:153} INFO - Started process (PID=92061) to work on /Users/pro/Documents/a_env/proj_data/lib/python3.7/site-packages/airflow/example_dags/tutorial.py
[2022-08-07 07:38:51,272] {processor.py:641} INFO - Processing file /Users/pro/Documents/a_env/proj_data/lib/python3.7/site-packages/airflow/example_dags/tutorial.py for tasks to queue
[2022-08-07 07:38:51,273] {logging_mixin.py:115} INFO - [2022-08-07 07:38:51,273] {dagbag.py:508} INFO - Filling up the DagBag from /Users/pro/Documents/a_env/proj_data/lib/python3.7/site-packages/airflow/example_dags/tutorial.py
[2022-08-07 07:38:51,282] {processor.py:651} INFO - DAG(s) dict_keys(['tutorial']) retrieved from /Users/pro/Documents/a_env/proj_data/lib/python3.7/site-packages/airflow/example_dags/tutorial.py
[2022-08-07 07:38:51,301] {logging_mixin.py:115} INFO - [2022-08-07 07:38:51,301] {dag.py:2420} INFO - Sync 1 DAGs
[2022-08-07 07:38:51,325] {logging_mixin.py:115} INFO - [2022-08-07 07:38:51,324] {dag.py:2972} INFO - Setting next_dagrun for tutorial to 2022-08-05T23:38:51.324672+00:00, run_after=2022-08-06T23:38:51.324672+00:00
[2022-08-07 07:38:51,344] {processor.py:161} INFO - Processing /Users/pro/Documents/a_env/proj_data/lib/python3.7/site-packages/airflow/example_dags/tutorial.py took 0.077 seconds
[2022-08-07 07:39:26,584] {processor.py:153} INFO - Started process (PID=92105) to work on /Users/pro/Documents/a_env/proj_data/lib/python3.7/site-packages/airflow/example_dags/tutorial.py
[2022-08-07 07:39:26,586] {processor.py:641} INFO - Processing file /Users/pro/Documents/a_env/proj_data/lib/python3.7/site-packages/airflow/example_dags/tutorial.py for tasks to queue
[2022-08-07 07:39:26,588] {logging_mixin.py:115} INFO - [2022-08-07 07:39:26,587] {dagbag.py:508} INFO - Filling up the DagBag from /Users/pro/Documents/a_env/proj_data/lib/python3.7/site-packages/airflow/example_dags/tutorial.py
[2022-08-07 07:39:26,597] {processor.py:651} INFO - DAG(s) dict_keys(['tutorial']) retrieved from /Users/pro/Documents/a_env/proj_data/lib/python3.7/site-packages/airflow/example_dags/tutorial.py
[2022-08-07 07:39:26,617] {logging_mixin.py:115} INFO - [2022-08-07 07:39:26,617] {dag.py:2420} INFO - Sync 1 DAGs
[2022-08-07 07:39:26,638] {logging_mixin.py:115} INFO - [2022-08-07 07:39:26,638] {dag.py:2972} INFO - Setting next_dagrun for tutorial to 2022-08-05T23:39:26.637764+00:00, run_after=2022-08-06T23:39:26.637764+00:00
[2022-08-07 07:39:26,663] {processor.py:161} INFO - Processing /Users/pro/Documents/a_env/proj_data/lib/python3.7/site-packages/airflow/example_dags/tutorial.py took 0.083 seconds
[2022-08-07 07:40:01,244] {processor.py:153} INFO - Started process (PID=92184) to work on /Users/pro/Documents/a_env/proj_data/lib/python3.7/site-packages/airflow/example_dags/tutorial.py
[2022-08-07 07:40:01,246] {processor.py:641} INFO - Processing file /Users/pro/Documents/a_env/proj_data/lib/python3.7/site-packages/airflow/example_dags/tutorial.py for tasks to queue
[2022-08-07 07:40:01,247] {logging_mixin.py:115} INFO - [2022-08-07 07:40:01,247] {dagbag.py:508} INFO - Filling up the DagBag from /Users/pro/Documents/a_env/proj_data/lib/python3.7/site-packages/airflow/example_dags/tutorial.py
[2022-08-07 07:40:01,257] {processor.py:651} INFO - DAG(s) dict_keys(['tutorial']) retrieved from /Users/pro/Documents/a_env/proj_data/lib/python3.7/site-packages/airflow/example_dags/tutorial.py
[2022-08-07 07:40:01,276] {logging_mixin.py:115} INFO - [2022-08-07 07:40:01,276] {dag.py:2420} INFO - Sync 1 DAGs
[2022-08-07 07:40:01,298] {logging_mixin.py:115} INFO - [2022-08-07 07:40:01,298] {dag.py:2972} INFO - Setting next_dagrun for tutorial to 2022-08-05T23:40:01.298202+00:00, run_after=2022-08-06T23:40:01.298202+00:00
[2022-08-07 07:40:01,312] {processor.py:161} INFO - Processing /Users/pro/Documents/a_env/proj_data/lib/python3.7/site-packages/airflow/example_dags/tutorial.py took 0.072 seconds
[2022-08-07 07:40:35,159] {processor.py:153} INFO - Started process (PID=92242) to work on /Users/pro/Documents/a_env/proj_data/lib/python3.7/site-packages/airflow/example_dags/tutorial.py
[2022-08-07 07:40:35,161] {processor.py:641} INFO - Processing file /Users/pro/Documents/a_env/proj_data/lib/python3.7/site-packages/airflow/example_dags/tutorial.py for tasks to queue
[2022-08-07 07:40:35,162] {logging_mixin.py:115} INFO - [2022-08-07 07:40:35,162] {dagbag.py:508} INFO - Filling up the DagBag from /Users/pro/Documents/a_env/proj_data/lib/python3.7/site-packages/airflow/example_dags/tutorial.py
[2022-08-07 07:40:35,172] {processor.py:651} INFO - DAG(s) dict_keys(['tutorial']) retrieved from /Users/pro/Documents/a_env/proj_data/lib/python3.7/site-packages/airflow/example_dags/tutorial.py
[2022-08-07 07:40:35,192] {logging_mixin.py:115} INFO - [2022-08-07 07:40:35,192] {dag.py:2420} INFO - Sync 1 DAGs
[2022-08-07 07:40:35,215] {logging_mixin.py:115} INFO - [2022-08-07 07:40:35,214] {dag.py:2972} INFO - Setting next_dagrun for tutorial to 2022-08-05T23:40:35.214691+00:00, run_after=2022-08-06T23:40:35.214691+00:00
[2022-08-07 07:40:35,228] {processor.py:161} INFO - Processing /Users/pro/Documents/a_env/proj_data/lib/python3.7/site-packages/airflow/example_dags/tutorial.py took 0.073 seconds
[2022-08-07 07:41:12,614] {processor.py:153} INFO - Started process (PID=92292) to work on /Users/pro/Documents/a_env/proj_data/lib/python3.7/site-packages/airflow/example_dags/tutorial.py
[2022-08-07 07:41:12,616] {processor.py:641} INFO - Processing file /Users/pro/Documents/a_env/proj_data/lib/python3.7/site-packages/airflow/example_dags/tutorial.py for tasks to queue
[2022-08-07 07:41:12,617] {logging_mixin.py:115} INFO - [2022-08-07 07:41:12,617] {dagbag.py:508} INFO - Filling up the DagBag from /Users/pro/Documents/a_env/proj_data/lib/python3.7/site-packages/airflow/example_dags/tutorial.py
[2022-08-07 07:41:12,629] {processor.py:651} INFO - DAG(s) dict_keys(['tutorial']) retrieved from /Users/pro/Documents/a_env/proj_data/lib/python3.7/site-packages/airflow/example_dags/tutorial.py
[2022-08-07 07:41:12,651] {logging_mixin.py:115} INFO - [2022-08-07 07:41:12,651] {dag.py:2420} INFO - Sync 1 DAGs
[2022-08-07 07:41:12,677] {logging_mixin.py:115} INFO - [2022-08-07 07:41:12,677] {dag.py:2972} INFO - Setting next_dagrun for tutorial to 2022-08-05T23:41:12.677090+00:00, run_after=2022-08-06T23:41:12.677090+00:00
[2022-08-07 07:41:12,693] {processor.py:161} INFO - Processing /Users/pro/Documents/a_env/proj_data/lib/python3.7/site-packages/airflow/example_dags/tutorial.py took 0.083 seconds
[2022-08-07 07:41:45,178] {processor.py:153} INFO - Started process (PID=92336) to work on /Users/pro/Documents/a_env/proj_data/lib/python3.7/site-packages/airflow/example_dags/tutorial.py
[2022-08-07 07:41:45,179] {processor.py:641} INFO - Processing file /Users/pro/Documents/a_env/proj_data/lib/python3.7/site-packages/airflow/example_dags/tutorial.py for tasks to queue
[2022-08-07 07:41:45,180] {logging_mixin.py:115} INFO - [2022-08-07 07:41:45,180] {dagbag.py:508} INFO - Filling up the DagBag from /Users/pro/Documents/a_env/proj_data/lib/python3.7/site-packages/airflow/example_dags/tutorial.py
[2022-08-07 07:41:45,190] {processor.py:651} INFO - DAG(s) dict_keys(['tutorial']) retrieved from /Users/pro/Documents/a_env/proj_data/lib/python3.7/site-packages/airflow/example_dags/tutorial.py
[2022-08-07 07:41:45,211] {logging_mixin.py:115} INFO - [2022-08-07 07:41:45,211] {dag.py:2420} INFO - Sync 1 DAGs
[2022-08-07 07:41:45,235] {logging_mixin.py:115} INFO - [2022-08-07 07:41:45,234] {dag.py:2972} INFO - Setting next_dagrun for tutorial to 2022-08-05T23:41:45.234488+00:00, run_after=2022-08-06T23:41:45.234488+00:00
[2022-08-07 07:41:45,248] {processor.py:161} INFO - Processing /Users/pro/Documents/a_env/proj_data/lib/python3.7/site-packages/airflow/example_dags/tutorial.py took 0.075 seconds
[2022-08-07 07:42:18,113] {processor.py:153} INFO - Started process (PID=92370) to work on /Users/pro/Documents/a_env/proj_data/lib/python3.7/site-packages/airflow/example_dags/tutorial.py
[2022-08-07 07:42:18,114] {processor.py:641} INFO - Processing file /Users/pro/Documents/a_env/proj_data/lib/python3.7/site-packages/airflow/example_dags/tutorial.py for tasks to queue
[2022-08-07 07:42:18,115] {logging_mixin.py:115} INFO - [2022-08-07 07:42:18,115] {dagbag.py:508} INFO - Filling up the DagBag from /Users/pro/Documents/a_env/proj_data/lib/python3.7/site-packages/airflow/example_dags/tutorial.py
[2022-08-07 07:42:18,125] {processor.py:651} INFO - DAG(s) dict_keys(['tutorial']) retrieved from /Users/pro/Documents/a_env/proj_data/lib/python3.7/site-packages/airflow/example_dags/tutorial.py
[2022-08-07 07:42:18,145] {logging_mixin.py:115} INFO - [2022-08-07 07:42:18,145] {dag.py:2420} INFO - Sync 1 DAGs
[2022-08-07 07:42:18,167] {logging_mixin.py:115} INFO - [2022-08-07 07:42:18,167] {dag.py:2972} INFO - Setting next_dagrun for tutorial to 2022-08-05T23:42:18.167290+00:00, run_after=2022-08-06T23:42:18.167290+00:00
[2022-08-07 07:42:18,182] {processor.py:161} INFO - Processing /Users/pro/Documents/a_env/proj_data/lib/python3.7/site-packages/airflow/example_dags/tutorial.py took 0.075 seconds
[2022-08-07 07:42:52,519] {processor.py:153} INFO - Started process (PID=92405) to work on /Users/pro/Documents/a_env/proj_data/lib/python3.7/site-packages/airflow/example_dags/tutorial.py
[2022-08-07 07:42:52,520] {processor.py:641} INFO - Processing file /Users/pro/Documents/a_env/proj_data/lib/python3.7/site-packages/airflow/example_dags/tutorial.py for tasks to queue
[2022-08-07 07:42:52,521] {logging_mixin.py:115} INFO - [2022-08-07 07:42:52,521] {dagbag.py:508} INFO - Filling up the DagBag from /Users/pro/Documents/a_env/proj_data/lib/python3.7/site-packages/airflow/example_dags/tutorial.py
[2022-08-07 07:42:52,532] {processor.py:651} INFO - DAG(s) dict_keys(['tutorial']) retrieved from /Users/pro/Documents/a_env/proj_data/lib/python3.7/site-packages/airflow/example_dags/tutorial.py
[2022-08-07 07:42:52,554] {logging_mixin.py:115} INFO - [2022-08-07 07:42:52,553] {dag.py:2420} INFO - Sync 1 DAGs
[2022-08-07 07:42:52,582] {logging_mixin.py:115} INFO - [2022-08-07 07:42:52,582] {dag.py:2972} INFO - Setting next_dagrun for tutorial to 2022-08-05T23:42:52.581643+00:00, run_after=2022-08-06T23:42:52.581643+00:00
[2022-08-07 07:42:52,597] {processor.py:161} INFO - Processing /Users/pro/Documents/a_env/proj_data/lib/python3.7/site-packages/airflow/example_dags/tutorial.py took 0.082 seconds
[2022-08-07 07:43:23,796] {processor.py:153} INFO - Started process (PID=92440) to work on /Users/pro/Documents/a_env/proj_data/lib/python3.7/site-packages/airflow/example_dags/tutorial.py
[2022-08-07 07:43:23,798] {processor.py:641} INFO - Processing file /Users/pro/Documents/a_env/proj_data/lib/python3.7/site-packages/airflow/example_dags/tutorial.py for tasks to queue
[2022-08-07 07:43:23,799] {logging_mixin.py:115} INFO - [2022-08-07 07:43:23,799] {dagbag.py:508} INFO - Filling up the DagBag from /Users/pro/Documents/a_env/proj_data/lib/python3.7/site-packages/airflow/example_dags/tutorial.py
[2022-08-07 07:43:23,809] {processor.py:651} INFO - DAG(s) dict_keys(['tutorial']) retrieved from /Users/pro/Documents/a_env/proj_data/lib/python3.7/site-packages/airflow/example_dags/tutorial.py
[2022-08-07 07:43:23,830] {logging_mixin.py:115} INFO - [2022-08-07 07:43:23,829] {dag.py:2420} INFO - Sync 1 DAGs
[2022-08-07 07:43:23,851] {logging_mixin.py:115} INFO - [2022-08-07 07:43:23,851] {dag.py:2972} INFO - Setting next_dagrun for tutorial to 2022-08-05T23:43:23.851093+00:00, run_after=2022-08-06T23:43:23.851093+00:00
[2022-08-07 07:43:23,864] {processor.py:161} INFO - Processing /Users/pro/Documents/a_env/proj_data/lib/python3.7/site-packages/airflow/example_dags/tutorial.py took 0.071 seconds
[2022-08-07 07:43:56,147] {processor.py:153} INFO - Started process (PID=92489) to work on /Users/pro/Documents/a_env/proj_data/lib/python3.7/site-packages/airflow/example_dags/tutorial.py
[2022-08-07 07:43:56,148] {processor.py:641} INFO - Processing file /Users/pro/Documents/a_env/proj_data/lib/python3.7/site-packages/airflow/example_dags/tutorial.py for tasks to queue
[2022-08-07 07:43:56,150] {logging_mixin.py:115} INFO - [2022-08-07 07:43:56,149] {dagbag.py:508} INFO - Filling up the DagBag from /Users/pro/Documents/a_env/proj_data/lib/python3.7/site-packages/airflow/example_dags/tutorial.py
[2022-08-07 07:43:56,160] {processor.py:651} INFO - DAG(s) dict_keys(['tutorial']) retrieved from /Users/pro/Documents/a_env/proj_data/lib/python3.7/site-packages/airflow/example_dags/tutorial.py
[2022-08-07 07:43:56,182] {logging_mixin.py:115} INFO - [2022-08-07 07:43:56,182] {dag.py:2420} INFO - Sync 1 DAGs
[2022-08-07 07:43:56,204] {logging_mixin.py:115} INFO - [2022-08-07 07:43:56,204] {dag.py:2972} INFO - Setting next_dagrun for tutorial to 2022-08-05T23:43:56.204020+00:00, run_after=2022-08-06T23:43:56.204020+00:00
[2022-08-07 07:43:56,218] {processor.py:161} INFO - Processing /Users/pro/Documents/a_env/proj_data/lib/python3.7/site-packages/airflow/example_dags/tutorial.py took 0.076 seconds
[2022-08-07 07:44:28,888] {processor.py:153} INFO - Started process (PID=92525) to work on /Users/pro/Documents/a_env/proj_data/lib/python3.7/site-packages/airflow/example_dags/tutorial.py
[2022-08-07 07:44:28,889] {processor.py:641} INFO - Processing file /Users/pro/Documents/a_env/proj_data/lib/python3.7/site-packages/airflow/example_dags/tutorial.py for tasks to queue
[2022-08-07 07:44:28,891] {logging_mixin.py:115} INFO - [2022-08-07 07:44:28,890] {dagbag.py:508} INFO - Filling up the DagBag from /Users/pro/Documents/a_env/proj_data/lib/python3.7/site-packages/airflow/example_dags/tutorial.py
[2022-08-07 07:44:28,905] {processor.py:651} INFO - DAG(s) dict_keys(['tutorial']) retrieved from /Users/pro/Documents/a_env/proj_data/lib/python3.7/site-packages/airflow/example_dags/tutorial.py
[2022-08-07 07:44:28,933] {logging_mixin.py:115} INFO - [2022-08-07 07:44:28,933] {dag.py:2420} INFO - Sync 1 DAGs
[2022-08-07 07:44:28,957] {logging_mixin.py:115} INFO - [2022-08-07 07:44:28,957] {dag.py:2972} INFO - Setting next_dagrun for tutorial to 2022-08-05T23:44:28.956911+00:00, run_after=2022-08-06T23:44:28.956911+00:00
[2022-08-07 07:44:28,971] {processor.py:161} INFO - Processing /Users/pro/Documents/a_env/proj_data/lib/python3.7/site-packages/airflow/example_dags/tutorial.py took 0.089 seconds
[2022-08-07 07:45:02,199] {processor.py:153} INFO - Started process (PID=92560) to work on /Users/pro/Documents/a_env/proj_data/lib/python3.7/site-packages/airflow/example_dags/tutorial.py
[2022-08-07 07:45:02,201] {processor.py:641} INFO - Processing file /Users/pro/Documents/a_env/proj_data/lib/python3.7/site-packages/airflow/example_dags/tutorial.py for tasks to queue
[2022-08-07 07:45:02,202] {logging_mixin.py:115} INFO - [2022-08-07 07:45:02,202] {dagbag.py:508} INFO - Filling up the DagBag from /Users/pro/Documents/a_env/proj_data/lib/python3.7/site-packages/airflow/example_dags/tutorial.py
[2022-08-07 07:45:02,217] {processor.py:651} INFO - DAG(s) dict_keys(['tutorial']) retrieved from /Users/pro/Documents/a_env/proj_data/lib/python3.7/site-packages/airflow/example_dags/tutorial.py
[2022-08-07 07:45:02,240] {logging_mixin.py:115} INFO - [2022-08-07 07:45:02,240] {dag.py:2420} INFO - Sync 1 DAGs
[2022-08-07 07:45:02,271] {logging_mixin.py:115} INFO - [2022-08-07 07:45:02,271] {dag.py:2972} INFO - Setting next_dagrun for tutorial to 2022-08-05T23:45:02.270774+00:00, run_after=2022-08-06T23:45:02.270774+00:00
[2022-08-07 07:45:02,286] {processor.py:161} INFO - Processing /Users/pro/Documents/a_env/proj_data/lib/python3.7/site-packages/airflow/example_dags/tutorial.py took 0.092 seconds
[2022-08-07 07:45:35,518] {processor.py:153} INFO - Started process (PID=92595) to work on /Users/pro/Documents/a_env/proj_data/lib/python3.7/site-packages/airflow/example_dags/tutorial.py
[2022-08-07 07:45:35,520] {processor.py:641} INFO - Processing file /Users/pro/Documents/a_env/proj_data/lib/python3.7/site-packages/airflow/example_dags/tutorial.py for tasks to queue
[2022-08-07 07:45:35,521] {logging_mixin.py:115} INFO - [2022-08-07 07:45:35,520] {dagbag.py:508} INFO - Filling up the DagBag from /Users/pro/Documents/a_env/proj_data/lib/python3.7/site-packages/airflow/example_dags/tutorial.py
[2022-08-07 07:45:35,529] {processor.py:651} INFO - DAG(s) dict_keys(['tutorial']) retrieved from /Users/pro/Documents/a_env/proj_data/lib/python3.7/site-packages/airflow/example_dags/tutorial.py
[2022-08-07 07:45:35,551] {logging_mixin.py:115} INFO - [2022-08-07 07:45:35,550] {dag.py:2420} INFO - Sync 1 DAGs
[2022-08-07 07:45:35,573] {logging_mixin.py:115} INFO - [2022-08-07 07:45:35,573] {dag.py:2972} INFO - Setting next_dagrun for tutorial to 2022-08-05T23:45:35.572821+00:00, run_after=2022-08-06T23:45:35.572821+00:00
[2022-08-07 07:45:35,586] {processor.py:161} INFO - Processing /Users/pro/Documents/a_env/proj_data/lib/python3.7/site-packages/airflow/example_dags/tutorial.py took 0.073 seconds
[2022-08-07 07:46:07,651] {processor.py:153} INFO - Started process (PID=92628) to work on /Users/pro/Documents/a_env/proj_data/lib/python3.7/site-packages/airflow/example_dags/tutorial.py
[2022-08-07 07:46:07,653] {processor.py:641} INFO - Processing file /Users/pro/Documents/a_env/proj_data/lib/python3.7/site-packages/airflow/example_dags/tutorial.py for tasks to queue
[2022-08-07 07:46:07,655] {logging_mixin.py:115} INFO - [2022-08-07 07:46:07,654] {dagbag.py:508} INFO - Filling up the DagBag from /Users/pro/Documents/a_env/proj_data/lib/python3.7/site-packages/airflow/example_dags/tutorial.py
[2022-08-07 07:46:07,664] {processor.py:651} INFO - DAG(s) dict_keys(['tutorial']) retrieved from /Users/pro/Documents/a_env/proj_data/lib/python3.7/site-packages/airflow/example_dags/tutorial.py
[2022-08-07 07:46:07,685] {logging_mixin.py:115} INFO - [2022-08-07 07:46:07,685] {dag.py:2420} INFO - Sync 1 DAGs
[2022-08-07 07:46:07,710] {logging_mixin.py:115} INFO - [2022-08-07 07:46:07,710] {dag.py:2972} INFO - Setting next_dagrun for tutorial to 2022-08-05T23:46:07.710011+00:00, run_after=2022-08-06T23:46:07.710011+00:00
[2022-08-07 07:46:07,725] {processor.py:161} INFO - Processing /Users/pro/Documents/a_env/proj_data/lib/python3.7/site-packages/airflow/example_dags/tutorial.py took 0.079 seconds
[2022-08-07 07:46:41,361] {processor.py:153} INFO - Started process (PID=92663) to work on /Users/pro/Documents/a_env/proj_data/lib/python3.7/site-packages/airflow/example_dags/tutorial.py
[2022-08-07 07:46:41,363] {processor.py:641} INFO - Processing file /Users/pro/Documents/a_env/proj_data/lib/python3.7/site-packages/airflow/example_dags/tutorial.py for tasks to queue
[2022-08-07 07:46:41,365] {logging_mixin.py:115} INFO - [2022-08-07 07:46:41,364] {dagbag.py:508} INFO - Filling up the DagBag from /Users/pro/Documents/a_env/proj_data/lib/python3.7/site-packages/airflow/example_dags/tutorial.py
[2022-08-07 07:46:41,379] {processor.py:651} INFO - DAG(s) dict_keys(['tutorial']) retrieved from /Users/pro/Documents/a_env/proj_data/lib/python3.7/site-packages/airflow/example_dags/tutorial.py
[2022-08-07 07:46:41,407] {logging_mixin.py:115} INFO - [2022-08-07 07:46:41,407] {dag.py:2420} INFO - Sync 1 DAGs
[2022-08-07 07:46:41,430] {logging_mixin.py:115} INFO - [2022-08-07 07:46:41,430] {dag.py:2972} INFO - Setting next_dagrun for tutorial to 2022-08-05T23:46:41.429825+00:00, run_after=2022-08-06T23:46:41.429825+00:00
[2022-08-07 07:46:41,446] {processor.py:161} INFO - Processing /Users/pro/Documents/a_env/proj_data/lib/python3.7/site-packages/airflow/example_dags/tutorial.py took 0.092 seconds
[2022-08-07 07:47:15,490] {processor.py:153} INFO - Started process (PID=92698) to work on /Users/pro/Documents/a_env/proj_data/lib/python3.7/site-packages/airflow/example_dags/tutorial.py
[2022-08-07 07:47:15,492] {processor.py:641} INFO - Processing file /Users/pro/Documents/a_env/proj_data/lib/python3.7/site-packages/airflow/example_dags/tutorial.py for tasks to queue
[2022-08-07 07:47:15,493] {logging_mixin.py:115} INFO - [2022-08-07 07:47:15,493] {dagbag.py:508} INFO - Filling up the DagBag from /Users/pro/Documents/a_env/proj_data/lib/python3.7/site-packages/airflow/example_dags/tutorial.py
[2022-08-07 07:47:15,502] {processor.py:651} INFO - DAG(s) dict_keys(['tutorial']) retrieved from /Users/pro/Documents/a_env/proj_data/lib/python3.7/site-packages/airflow/example_dags/tutorial.py
[2022-08-07 07:47:15,524] {logging_mixin.py:115} INFO - [2022-08-07 07:47:15,523] {dag.py:2420} INFO - Sync 1 DAGs
[2022-08-07 07:47:15,546] {logging_mixin.py:115} INFO - [2022-08-07 07:47:15,546] {dag.py:2972} INFO - Setting next_dagrun for tutorial to 2022-08-05T23:47:15.545957+00:00, run_after=2022-08-06T23:47:15.545957+00:00
[2022-08-07 07:47:15,561] {processor.py:161} INFO - Processing /Users/pro/Documents/a_env/proj_data/lib/python3.7/site-packages/airflow/example_dags/tutorial.py took 0.076 seconds
[2022-08-07 07:47:48,594] {processor.py:153} INFO - Started process (PID=92732) to work on /Users/pro/Documents/a_env/proj_data/lib/python3.7/site-packages/airflow/example_dags/tutorial.py
[2022-08-07 07:47:48,596] {processor.py:641} INFO - Processing file /Users/pro/Documents/a_env/proj_data/lib/python3.7/site-packages/airflow/example_dags/tutorial.py for tasks to queue
[2022-08-07 07:47:48,597] {logging_mixin.py:115} INFO - [2022-08-07 07:47:48,597] {dagbag.py:508} INFO - Filling up the DagBag from /Users/pro/Documents/a_env/proj_data/lib/python3.7/site-packages/airflow/example_dags/tutorial.py
[2022-08-07 07:47:48,606] {processor.py:651} INFO - DAG(s) dict_keys(['tutorial']) retrieved from /Users/pro/Documents/a_env/proj_data/lib/python3.7/site-packages/airflow/example_dags/tutorial.py
[2022-08-07 07:47:48,626] {logging_mixin.py:115} INFO - [2022-08-07 07:47:48,626] {dag.py:2420} INFO - Sync 1 DAGs
[2022-08-07 07:47:48,648] {logging_mixin.py:115} INFO - [2022-08-07 07:47:48,647] {dag.py:2972} INFO - Setting next_dagrun for tutorial to 2022-08-05T23:47:48.647499+00:00, run_after=2022-08-06T23:47:48.647499+00:00
[2022-08-07 07:47:48,661] {processor.py:161} INFO - Processing /Users/pro/Documents/a_env/proj_data/lib/python3.7/site-packages/airflow/example_dags/tutorial.py took 0.071 seconds
[2022-08-07 07:48:22,778] {processor.py:153} INFO - Started process (PID=92773) to work on /Users/pro/Documents/a_env/proj_data/lib/python3.7/site-packages/airflow/example_dags/tutorial.py
[2022-08-07 07:48:22,779] {processor.py:641} INFO - Processing file /Users/pro/Documents/a_env/proj_data/lib/python3.7/site-packages/airflow/example_dags/tutorial.py for tasks to queue
[2022-08-07 07:48:22,780] {logging_mixin.py:115} INFO - [2022-08-07 07:48:22,780] {dagbag.py:508} INFO - Filling up the DagBag from /Users/pro/Documents/a_env/proj_data/lib/python3.7/site-packages/airflow/example_dags/tutorial.py
[2022-08-07 07:48:22,789] {processor.py:651} INFO - DAG(s) dict_keys(['tutorial']) retrieved from /Users/pro/Documents/a_env/proj_data/lib/python3.7/site-packages/airflow/example_dags/tutorial.py
[2022-08-07 07:48:22,810] {logging_mixin.py:115} INFO - [2022-08-07 07:48:22,810] {dag.py:2420} INFO - Sync 1 DAGs
[2022-08-07 07:48:22,833] {logging_mixin.py:115} INFO - [2022-08-07 07:48:22,832] {dag.py:2972} INFO - Setting next_dagrun for tutorial to 2022-08-05T23:48:22.832405+00:00, run_after=2022-08-06T23:48:22.832405+00:00
[2022-08-07 07:48:22,846] {processor.py:161} INFO - Processing /Users/pro/Documents/a_env/proj_data/lib/python3.7/site-packages/airflow/example_dags/tutorial.py took 0.072 seconds
[2022-08-07 07:48:57,082] {processor.py:153} INFO - Started process (PID=92811) to work on /Users/pro/Documents/a_env/proj_data/lib/python3.7/site-packages/airflow/example_dags/tutorial.py
[2022-08-07 07:48:57,083] {processor.py:641} INFO - Processing file /Users/pro/Documents/a_env/proj_data/lib/python3.7/site-packages/airflow/example_dags/tutorial.py for tasks to queue
[2022-08-07 07:48:57,084] {logging_mixin.py:115} INFO - [2022-08-07 07:48:57,084] {dagbag.py:508} INFO - Filling up the DagBag from /Users/pro/Documents/a_env/proj_data/lib/python3.7/site-packages/airflow/example_dags/tutorial.py
[2022-08-07 07:48:57,094] {processor.py:651} INFO - DAG(s) dict_keys(['tutorial']) retrieved from /Users/pro/Documents/a_env/proj_data/lib/python3.7/site-packages/airflow/example_dags/tutorial.py
[2022-08-07 07:48:57,114] {logging_mixin.py:115} INFO - [2022-08-07 07:48:57,114] {dag.py:2420} INFO - Sync 1 DAGs
[2022-08-07 07:48:57,135] {logging_mixin.py:115} INFO - [2022-08-07 07:48:57,135] {dag.py:2972} INFO - Setting next_dagrun for tutorial to 2022-08-05T23:48:57.135337+00:00, run_after=2022-08-06T23:48:57.135337+00:00
[2022-08-07 07:48:57,147] {processor.py:161} INFO - Processing /Users/pro/Documents/a_env/proj_data/lib/python3.7/site-packages/airflow/example_dags/tutorial.py took 0.070 seconds
[2022-08-07 07:49:30,412] {processor.py:153} INFO - Started process (PID=92851) to work on /Users/pro/Documents/a_env/proj_data/lib/python3.7/site-packages/airflow/example_dags/tutorial.py
[2022-08-07 07:49:30,421] {processor.py:641} INFO - Processing file /Users/pro/Documents/a_env/proj_data/lib/python3.7/site-packages/airflow/example_dags/tutorial.py for tasks to queue
[2022-08-07 07:49:30,442] {logging_mixin.py:115} INFO - [2022-08-07 07:49:30,441] {dagbag.py:508} INFO - Filling up the DagBag from /Users/pro/Documents/a_env/proj_data/lib/python3.7/site-packages/airflow/example_dags/tutorial.py
[2022-08-07 07:49:30,472] {processor.py:651} INFO - DAG(s) dict_keys(['tutorial']) retrieved from /Users/pro/Documents/a_env/proj_data/lib/python3.7/site-packages/airflow/example_dags/tutorial.py
[2022-08-07 07:49:30,493] {logging_mixin.py:115} INFO - [2022-08-07 07:49:30,493] {dag.py:2420} INFO - Sync 1 DAGs
[2022-08-07 07:49:30,517] {logging_mixin.py:115} INFO - [2022-08-07 07:49:30,517] {dag.py:2972} INFO - Setting next_dagrun for tutorial to 2022-08-05T23:49:30.517108+00:00, run_after=2022-08-06T23:49:30.517108+00:00
[2022-08-07 07:49:30,531] {processor.py:161} INFO - Processing /Users/pro/Documents/a_env/proj_data/lib/python3.7/site-packages/airflow/example_dags/tutorial.py took 0.124 seconds
[2022-08-07 07:50:04,261] {processor.py:153} INFO - Started process (PID=92887) to work on /Users/pro/Documents/a_env/proj_data/lib/python3.7/site-packages/airflow/example_dags/tutorial.py
[2022-08-07 07:50:04,262] {processor.py:641} INFO - Processing file /Users/pro/Documents/a_env/proj_data/lib/python3.7/site-packages/airflow/example_dags/tutorial.py for tasks to queue
[2022-08-07 07:50:04,263] {logging_mixin.py:115} INFO - [2022-08-07 07:50:04,263] {dagbag.py:508} INFO - Filling up the DagBag from /Users/pro/Documents/a_env/proj_data/lib/python3.7/site-packages/airflow/example_dags/tutorial.py
[2022-08-07 07:50:04,272] {processor.py:651} INFO - DAG(s) dict_keys(['tutorial']) retrieved from /Users/pro/Documents/a_env/proj_data/lib/python3.7/site-packages/airflow/example_dags/tutorial.py
[2022-08-07 07:50:04,293] {logging_mixin.py:115} INFO - [2022-08-07 07:50:04,292] {dag.py:2420} INFO - Sync 1 DAGs
[2022-08-07 07:50:04,321] {logging_mixin.py:115} INFO - [2022-08-07 07:50:04,320] {dag.py:2972} INFO - Setting next_dagrun for tutorial to 2022-08-05T23:50:04.320362+00:00, run_after=2022-08-06T23:50:04.320362+00:00
[2022-08-07 07:50:04,334] {processor.py:161} INFO - Processing /Users/pro/Documents/a_env/proj_data/lib/python3.7/site-packages/airflow/example_dags/tutorial.py took 0.078 seconds
[2022-08-07 07:50:36,895] {processor.py:153} INFO - Started process (PID=92922) to work on /Users/pro/Documents/a_env/proj_data/lib/python3.7/site-packages/airflow/example_dags/tutorial.py
[2022-08-07 07:50:36,897] {processor.py:641} INFO - Processing file /Users/pro/Documents/a_env/proj_data/lib/python3.7/site-packages/airflow/example_dags/tutorial.py for tasks to queue
[2022-08-07 07:50:36,898] {logging_mixin.py:115} INFO - [2022-08-07 07:50:36,898] {dagbag.py:508} INFO - Filling up the DagBag from /Users/pro/Documents/a_env/proj_data/lib/python3.7/site-packages/airflow/example_dags/tutorial.py
[2022-08-07 07:50:36,907] {processor.py:651} INFO - DAG(s) dict_keys(['tutorial']) retrieved from /Users/pro/Documents/a_env/proj_data/lib/python3.7/site-packages/airflow/example_dags/tutorial.py
[2022-08-07 07:50:36,928] {logging_mixin.py:115} INFO - [2022-08-07 07:50:36,927] {dag.py:2420} INFO - Sync 1 DAGs
[2022-08-07 07:50:36,951] {logging_mixin.py:115} INFO - [2022-08-07 07:50:36,951] {dag.py:2972} INFO - Setting next_dagrun for tutorial to 2022-08-05T23:50:36.950911+00:00, run_after=2022-08-06T23:50:36.950911+00:00
[2022-08-07 07:50:36,964] {processor.py:161} INFO - Processing /Users/pro/Documents/a_env/proj_data/lib/python3.7/site-packages/airflow/example_dags/tutorial.py took 0.074 seconds
[2022-08-07 07:51:11,450] {processor.py:153} INFO - Started process (PID=92957) to work on /Users/pro/Documents/a_env/proj_data/lib/python3.7/site-packages/airflow/example_dags/tutorial.py
[2022-08-07 07:51:11,452] {processor.py:641} INFO - Processing file /Users/pro/Documents/a_env/proj_data/lib/python3.7/site-packages/airflow/example_dags/tutorial.py for tasks to queue
[2022-08-07 07:51:11,453] {logging_mixin.py:115} INFO - [2022-08-07 07:51:11,453] {dagbag.py:508} INFO - Filling up the DagBag from /Users/pro/Documents/a_env/proj_data/lib/python3.7/site-packages/airflow/example_dags/tutorial.py
[2022-08-07 07:51:11,462] {processor.py:651} INFO - DAG(s) dict_keys(['tutorial']) retrieved from /Users/pro/Documents/a_env/proj_data/lib/python3.7/site-packages/airflow/example_dags/tutorial.py
[2022-08-07 07:51:11,482] {logging_mixin.py:115} INFO - [2022-08-07 07:51:11,481] {dag.py:2420} INFO - Sync 1 DAGs
[2022-08-07 07:51:11,502] {logging_mixin.py:115} INFO - [2022-08-07 07:51:11,502] {dag.py:2972} INFO - Setting next_dagrun for tutorial to 2022-08-05T23:51:11.501916+00:00, run_after=2022-08-06T23:51:11.501916+00:00
[2022-08-07 07:51:11,514] {processor.py:161} INFO - Processing /Users/pro/Documents/a_env/proj_data/lib/python3.7/site-packages/airflow/example_dags/tutorial.py took 0.068 seconds
[2022-08-07 07:51:44,486] {processor.py:153} INFO - Started process (PID=92992) to work on /Users/pro/Documents/a_env/proj_data/lib/python3.7/site-packages/airflow/example_dags/tutorial.py
[2022-08-07 07:51:44,486] {processor.py:641} INFO - Processing file /Users/pro/Documents/a_env/proj_data/lib/python3.7/site-packages/airflow/example_dags/tutorial.py for tasks to queue
[2022-08-07 07:51:44,487] {logging_mixin.py:115} INFO - [2022-08-07 07:51:44,487] {dagbag.py:508} INFO - Filling up the DagBag from /Users/pro/Documents/a_env/proj_data/lib/python3.7/site-packages/airflow/example_dags/tutorial.py
[2022-08-07 07:51:44,496] {processor.py:651} INFO - DAG(s) dict_keys(['tutorial']) retrieved from /Users/pro/Documents/a_env/proj_data/lib/python3.7/site-packages/airflow/example_dags/tutorial.py
[2022-08-07 07:51:44,515] {logging_mixin.py:115} INFO - [2022-08-07 07:51:44,515] {dag.py:2420} INFO - Sync 1 DAGs
[2022-08-07 07:51:44,536] {logging_mixin.py:115} INFO - [2022-08-07 07:51:44,535] {dag.py:2972} INFO - Setting next_dagrun for tutorial to 2022-08-05T23:51:44.535426+00:00, run_after=2022-08-06T23:51:44.535426+00:00
[2022-08-07 07:51:44,549] {processor.py:161} INFO - Processing /Users/pro/Documents/a_env/proj_data/lib/python3.7/site-packages/airflow/example_dags/tutorial.py took 0.067 seconds
[2022-08-07 07:52:16,471] {processor.py:153} INFO - Started process (PID=93025) to work on /Users/pro/Documents/a_env/proj_data/lib/python3.7/site-packages/airflow/example_dags/tutorial.py
[2022-08-07 07:52:16,472] {processor.py:641} INFO - Processing file /Users/pro/Documents/a_env/proj_data/lib/python3.7/site-packages/airflow/example_dags/tutorial.py for tasks to queue
[2022-08-07 07:52:16,473] {logging_mixin.py:115} INFO - [2022-08-07 07:52:16,473] {dagbag.py:508} INFO - Filling up the DagBag from /Users/pro/Documents/a_env/proj_data/lib/python3.7/site-packages/airflow/example_dags/tutorial.py
[2022-08-07 07:52:16,482] {processor.py:651} INFO - DAG(s) dict_keys(['tutorial']) retrieved from /Users/pro/Documents/a_env/proj_data/lib/python3.7/site-packages/airflow/example_dags/tutorial.py
[2022-08-07 07:52:16,502] {logging_mixin.py:115} INFO - [2022-08-07 07:52:16,501] {dag.py:2420} INFO - Sync 1 DAGs
[2022-08-07 07:52:16,523] {logging_mixin.py:115} INFO - [2022-08-07 07:52:16,522] {dag.py:2972} INFO - Setting next_dagrun for tutorial to 2022-08-05T23:52:16.522464+00:00, run_after=2022-08-06T23:52:16.522464+00:00
[2022-08-07 07:52:16,535] {processor.py:161} INFO - Processing /Users/pro/Documents/a_env/proj_data/lib/python3.7/site-packages/airflow/example_dags/tutorial.py took 0.068 seconds
[2022-08-07 07:52:47,968] {processor.py:153} INFO - Started process (PID=93056) to work on /Users/pro/Documents/a_env/proj_data/lib/python3.7/site-packages/airflow/example_dags/tutorial.py
[2022-08-07 07:52:47,970] {processor.py:641} INFO - Processing file /Users/pro/Documents/a_env/proj_data/lib/python3.7/site-packages/airflow/example_dags/tutorial.py for tasks to queue
[2022-08-07 07:52:47,971] {logging_mixin.py:115} INFO - [2022-08-07 07:52:47,970] {dagbag.py:508} INFO - Filling up the DagBag from /Users/pro/Documents/a_env/proj_data/lib/python3.7/site-packages/airflow/example_dags/tutorial.py
[2022-08-07 07:52:47,980] {processor.py:651} INFO - DAG(s) dict_keys(['tutorial']) retrieved from /Users/pro/Documents/a_env/proj_data/lib/python3.7/site-packages/airflow/example_dags/tutorial.py
[2022-08-07 07:52:48,000] {logging_mixin.py:115} INFO - [2022-08-07 07:52:47,999] {dag.py:2420} INFO - Sync 1 DAGs
[2022-08-07 07:52:48,022] {logging_mixin.py:115} INFO - [2022-08-07 07:52:48,021] {dag.py:2972} INFO - Setting next_dagrun for tutorial to 2022-08-05T23:52:48.021679+00:00, run_after=2022-08-06T23:52:48.021679+00:00
[2022-08-07 07:52:48,035] {processor.py:161} INFO - Processing /Users/pro/Documents/a_env/proj_data/lib/python3.7/site-packages/airflow/example_dags/tutorial.py took 0.072 seconds
[2022-08-07 07:53:22,244] {processor.py:153} INFO - Started process (PID=93107) to work on /Users/pro/Documents/a_env/proj_data/lib/python3.7/site-packages/airflow/example_dags/tutorial.py
[2022-08-07 07:53:22,245] {processor.py:641} INFO - Processing file /Users/pro/Documents/a_env/proj_data/lib/python3.7/site-packages/airflow/example_dags/tutorial.py for tasks to queue
[2022-08-07 07:53:22,246] {logging_mixin.py:115} INFO - [2022-08-07 07:53:22,246] {dagbag.py:508} INFO - Filling up the DagBag from /Users/pro/Documents/a_env/proj_data/lib/python3.7/site-packages/airflow/example_dags/tutorial.py
[2022-08-07 07:53:22,255] {processor.py:651} INFO - DAG(s) dict_keys(['tutorial']) retrieved from /Users/pro/Documents/a_env/proj_data/lib/python3.7/site-packages/airflow/example_dags/tutorial.py
[2022-08-07 07:53:22,275] {logging_mixin.py:115} INFO - [2022-08-07 07:53:22,275] {dag.py:2420} INFO - Sync 1 DAGs
[2022-08-07 07:53:22,297] {logging_mixin.py:115} INFO - [2022-08-07 07:53:22,297] {dag.py:2972} INFO - Setting next_dagrun for tutorial to 2022-08-05T23:53:22.296786+00:00, run_after=2022-08-06T23:53:22.296786+00:00
[2022-08-07 07:53:22,310] {processor.py:161} INFO - Processing /Users/pro/Documents/a_env/proj_data/lib/python3.7/site-packages/airflow/example_dags/tutorial.py took 0.070 seconds
[2022-08-07 07:53:56,310] {processor.py:153} INFO - Started process (PID=93152) to work on /Users/pro/Documents/a_env/proj_data/lib/python3.7/site-packages/airflow/example_dags/tutorial.py
[2022-08-07 07:53:56,312] {processor.py:641} INFO - Processing file /Users/pro/Documents/a_env/proj_data/lib/python3.7/site-packages/airflow/example_dags/tutorial.py for tasks to queue
[2022-08-07 07:53:56,313] {logging_mixin.py:115} INFO - [2022-08-07 07:53:56,313] {dagbag.py:508} INFO - Filling up the DagBag from /Users/pro/Documents/a_env/proj_data/lib/python3.7/site-packages/airflow/example_dags/tutorial.py
[2022-08-07 07:53:56,323] {processor.py:651} INFO - DAG(s) dict_keys(['tutorial']) retrieved from /Users/pro/Documents/a_env/proj_data/lib/python3.7/site-packages/airflow/example_dags/tutorial.py
[2022-08-07 07:53:56,346] {logging_mixin.py:115} INFO - [2022-08-07 07:53:56,345] {dag.py:2420} INFO - Sync 1 DAGs
[2022-08-07 07:53:56,366] {logging_mixin.py:115} INFO - [2022-08-07 07:53:56,366] {dag.py:2972} INFO - Setting next_dagrun for tutorial to 2022-08-05T23:53:56.365976+00:00, run_after=2022-08-06T23:53:56.365976+00:00
[2022-08-07 07:53:56,380] {processor.py:161} INFO - Processing /Users/pro/Documents/a_env/proj_data/lib/python3.7/site-packages/airflow/example_dags/tutorial.py took 0.075 seconds
[2022-08-07 07:54:29,201] {processor.py:153} INFO - Started process (PID=93194) to work on /Users/pro/Documents/a_env/proj_data/lib/python3.7/site-packages/airflow/example_dags/tutorial.py
[2022-08-07 07:54:29,202] {processor.py:641} INFO - Processing file /Users/pro/Documents/a_env/proj_data/lib/python3.7/site-packages/airflow/example_dags/tutorial.py for tasks to queue
[2022-08-07 07:54:29,204] {logging_mixin.py:115} INFO - [2022-08-07 07:54:29,203] {dagbag.py:508} INFO - Filling up the DagBag from /Users/pro/Documents/a_env/proj_data/lib/python3.7/site-packages/airflow/example_dags/tutorial.py
[2022-08-07 07:54:29,213] {processor.py:651} INFO - DAG(s) dict_keys(['tutorial']) retrieved from /Users/pro/Documents/a_env/proj_data/lib/python3.7/site-packages/airflow/example_dags/tutorial.py
[2022-08-07 07:54:29,235] {logging_mixin.py:115} INFO - [2022-08-07 07:54:29,235] {dag.py:2420} INFO - Sync 1 DAGs
[2022-08-07 07:54:29,254] {logging_mixin.py:115} INFO - [2022-08-07 07:54:29,254] {dag.py:2972} INFO - Setting next_dagrun for tutorial to 2022-08-05T23:54:29.254128+00:00, run_after=2022-08-06T23:54:29.254128+00:00
[2022-08-07 07:54:29,268] {processor.py:161} INFO - Processing /Users/pro/Documents/a_env/proj_data/lib/python3.7/site-packages/airflow/example_dags/tutorial.py took 0.071 seconds
[2022-08-07 07:55:01,231] {processor.py:153} INFO - Started process (PID=93231) to work on /Users/pro/Documents/a_env/proj_data/lib/python3.7/site-packages/airflow/example_dags/tutorial.py
[2022-08-07 07:55:01,233] {processor.py:641} INFO - Processing file /Users/pro/Documents/a_env/proj_data/lib/python3.7/site-packages/airflow/example_dags/tutorial.py for tasks to queue
[2022-08-07 07:55:01,234] {logging_mixin.py:115} INFO - [2022-08-07 07:55:01,233] {dagbag.py:508} INFO - Filling up the DagBag from /Users/pro/Documents/a_env/proj_data/lib/python3.7/site-packages/airflow/example_dags/tutorial.py
[2022-08-07 07:55:01,243] {processor.py:651} INFO - DAG(s) dict_keys(['tutorial']) retrieved from /Users/pro/Documents/a_env/proj_data/lib/python3.7/site-packages/airflow/example_dags/tutorial.py
[2022-08-07 07:55:01,266] {logging_mixin.py:115} INFO - [2022-08-07 07:55:01,266] {dag.py:2420} INFO - Sync 1 DAGs
[2022-08-07 07:55:01,285] {logging_mixin.py:115} INFO - [2022-08-07 07:55:01,285] {dag.py:2972} INFO - Setting next_dagrun for tutorial to 2022-08-05T23:55:01.284863+00:00, run_after=2022-08-06T23:55:01.284863+00:00
[2022-08-07 07:55:01,298] {processor.py:161} INFO - Processing /Users/pro/Documents/a_env/proj_data/lib/python3.7/site-packages/airflow/example_dags/tutorial.py took 0.071 seconds
[2022-08-07 07:55:32,127] {processor.py:153} INFO - Started process (PID=93262) to work on /Users/pro/Documents/a_env/proj_data/lib/python3.7/site-packages/airflow/example_dags/tutorial.py
[2022-08-07 07:55:32,129] {processor.py:641} INFO - Processing file /Users/pro/Documents/a_env/proj_data/lib/python3.7/site-packages/airflow/example_dags/tutorial.py for tasks to queue
[2022-08-07 07:55:32,130] {logging_mixin.py:115} INFO - [2022-08-07 07:55:32,130] {dagbag.py:508} INFO - Filling up the DagBag from /Users/pro/Documents/a_env/proj_data/lib/python3.7/site-packages/airflow/example_dags/tutorial.py
[2022-08-07 07:55:32,140] {processor.py:651} INFO - DAG(s) dict_keys(['tutorial']) retrieved from /Users/pro/Documents/a_env/proj_data/lib/python3.7/site-packages/airflow/example_dags/tutorial.py
[2022-08-07 07:55:32,163] {logging_mixin.py:115} INFO - [2022-08-07 07:55:32,162] {dag.py:2420} INFO - Sync 1 DAGs
[2022-08-07 07:55:32,183] {logging_mixin.py:115} INFO - [2022-08-07 07:55:32,183] {dag.py:2972} INFO - Setting next_dagrun for tutorial to 2022-08-05T23:55:32.182964+00:00, run_after=2022-08-06T23:55:32.182964+00:00
[2022-08-07 07:55:32,195] {processor.py:161} INFO - Processing /Users/pro/Documents/a_env/proj_data/lib/python3.7/site-packages/airflow/example_dags/tutorial.py took 0.073 seconds
[2022-08-07 07:56:08,275] {processor.py:153} INFO - Started process (PID=93297) to work on /Users/pro/Documents/a_env/proj_data/lib/python3.7/site-packages/airflow/example_dags/tutorial.py
[2022-08-07 07:56:08,277] {processor.py:641} INFO - Processing file /Users/pro/Documents/a_env/proj_data/lib/python3.7/site-packages/airflow/example_dags/tutorial.py for tasks to queue
[2022-08-07 07:56:08,279] {logging_mixin.py:115} INFO - [2022-08-07 07:56:08,278] {dagbag.py:508} INFO - Filling up the DagBag from /Users/pro/Documents/a_env/proj_data/lib/python3.7/site-packages/airflow/example_dags/tutorial.py
[2022-08-07 07:56:08,290] {processor.py:651} INFO - DAG(s) dict_keys(['tutorial']) retrieved from /Users/pro/Documents/a_env/proj_data/lib/python3.7/site-packages/airflow/example_dags/tutorial.py
[2022-08-07 07:56:08,316] {logging_mixin.py:115} INFO - [2022-08-07 07:56:08,315] {dag.py:2420} INFO - Sync 1 DAGs
[2022-08-07 07:56:08,338] {logging_mixin.py:115} INFO - [2022-08-07 07:56:08,338] {dag.py:2972} INFO - Setting next_dagrun for tutorial to 2022-08-05T23:56:08.337717+00:00, run_after=2022-08-06T23:56:08.337717+00:00
[2022-08-07 07:56:08,355] {processor.py:161} INFO - Processing /Users/pro/Documents/a_env/proj_data/lib/python3.7/site-packages/airflow/example_dags/tutorial.py took 0.085 seconds
[2022-08-07 07:56:39,029] {processor.py:153} INFO - Started process (PID=93328) to work on /Users/pro/Documents/a_env/proj_data/lib/python3.7/site-packages/airflow/example_dags/tutorial.py
[2022-08-07 07:56:39,030] {processor.py:641} INFO - Processing file /Users/pro/Documents/a_env/proj_data/lib/python3.7/site-packages/airflow/example_dags/tutorial.py for tasks to queue
[2022-08-07 07:56:39,032] {logging_mixin.py:115} INFO - [2022-08-07 07:56:39,031] {dagbag.py:508} INFO - Filling up the DagBag from /Users/pro/Documents/a_env/proj_data/lib/python3.7/site-packages/airflow/example_dags/tutorial.py
[2022-08-07 07:56:39,041] {processor.py:651} INFO - DAG(s) dict_keys(['tutorial']) retrieved from /Users/pro/Documents/a_env/proj_data/lib/python3.7/site-packages/airflow/example_dags/tutorial.py
[2022-08-07 07:56:39,064] {logging_mixin.py:115} INFO - [2022-08-07 07:56:39,064] {dag.py:2420} INFO - Sync 1 DAGs
[2022-08-07 07:56:39,085] {logging_mixin.py:115} INFO - [2022-08-07 07:56:39,085] {dag.py:2972} INFO - Setting next_dagrun for tutorial to 2022-08-05T23:56:39.084658+00:00, run_after=2022-08-06T23:56:39.084658+00:00
[2022-08-07 07:56:39,097] {processor.py:161} INFO - Processing /Users/pro/Documents/a_env/proj_data/lib/python3.7/site-packages/airflow/example_dags/tutorial.py took 0.073 seconds
[2022-08-07 07:57:10,675] {processor.py:153} INFO - Started process (PID=93364) to work on /Users/pro/Documents/a_env/proj_data/lib/python3.7/site-packages/airflow/example_dags/tutorial.py
[2022-08-07 07:57:10,677] {processor.py:641} INFO - Processing file /Users/pro/Documents/a_env/proj_data/lib/python3.7/site-packages/airflow/example_dags/tutorial.py for tasks to queue
[2022-08-07 07:57:10,678] {logging_mixin.py:115} INFO - [2022-08-07 07:57:10,678] {dagbag.py:508} INFO - Filling up the DagBag from /Users/pro/Documents/a_env/proj_data/lib/python3.7/site-packages/airflow/example_dags/tutorial.py
[2022-08-07 07:57:10,687] {processor.py:651} INFO - DAG(s) dict_keys(['tutorial']) retrieved from /Users/pro/Documents/a_env/proj_data/lib/python3.7/site-packages/airflow/example_dags/tutorial.py
[2022-08-07 07:57:10,711] {logging_mixin.py:115} INFO - [2022-08-07 07:57:10,710] {dag.py:2420} INFO - Sync 1 DAGs
[2022-08-07 07:57:10,730] {logging_mixin.py:115} INFO - [2022-08-07 07:57:10,730] {dag.py:2972} INFO - Setting next_dagrun for tutorial to 2022-08-05T23:57:10.730175+00:00, run_after=2022-08-06T23:57:10.730175+00:00
[2022-08-07 07:57:10,744] {processor.py:161} INFO - Processing /Users/pro/Documents/a_env/proj_data/lib/python3.7/site-packages/airflow/example_dags/tutorial.py took 0.073 seconds
[2022-08-07 07:57:42,160] {processor.py:153} INFO - Started process (PID=93403) to work on /Users/pro/Documents/a_env/proj_data/lib/python3.7/site-packages/airflow/example_dags/tutorial.py
[2022-08-07 07:57:42,161] {processor.py:641} INFO - Processing file /Users/pro/Documents/a_env/proj_data/lib/python3.7/site-packages/airflow/example_dags/tutorial.py for tasks to queue
[2022-08-07 07:57:42,163] {logging_mixin.py:115} INFO - [2022-08-07 07:57:42,162] {dagbag.py:508} INFO - Filling up the DagBag from /Users/pro/Documents/a_env/proj_data/lib/python3.7/site-packages/airflow/example_dags/tutorial.py
[2022-08-07 07:57:42,172] {processor.py:651} INFO - DAG(s) dict_keys(['tutorial']) retrieved from /Users/pro/Documents/a_env/proj_data/lib/python3.7/site-packages/airflow/example_dags/tutorial.py
[2022-08-07 07:57:42,195] {logging_mixin.py:115} INFO - [2022-08-07 07:57:42,194] {dag.py:2420} INFO - Sync 1 DAGs
[2022-08-07 07:57:42,215] {logging_mixin.py:115} INFO - [2022-08-07 07:57:42,214] {dag.py:2972} INFO - Setting next_dagrun for tutorial to 2022-08-05T23:57:42.214340+00:00, run_after=2022-08-06T23:57:42.214340+00:00
[2022-08-07 07:57:42,228] {processor.py:161} INFO - Processing /Users/pro/Documents/a_env/proj_data/lib/python3.7/site-packages/airflow/example_dags/tutorial.py took 0.073 seconds
[2022-08-07 07:58:14,368] {processor.py:153} INFO - Started process (PID=93441) to work on /Users/pro/Documents/a_env/proj_data/lib/python3.7/site-packages/airflow/example_dags/tutorial.py
[2022-08-07 07:58:14,370] {processor.py:641} INFO - Processing file /Users/pro/Documents/a_env/proj_data/lib/python3.7/site-packages/airflow/example_dags/tutorial.py for tasks to queue
[2022-08-07 07:58:14,371] {logging_mixin.py:115} INFO - [2022-08-07 07:58:14,370] {dagbag.py:508} INFO - Filling up the DagBag from /Users/pro/Documents/a_env/proj_data/lib/python3.7/site-packages/airflow/example_dags/tutorial.py
[2022-08-07 07:58:14,381] {processor.py:651} INFO - DAG(s) dict_keys(['tutorial']) retrieved from /Users/pro/Documents/a_env/proj_data/lib/python3.7/site-packages/airflow/example_dags/tutorial.py
[2022-08-07 07:58:14,405] {logging_mixin.py:115} INFO - [2022-08-07 07:58:14,405] {dag.py:2420} INFO - Sync 1 DAGs
[2022-08-07 07:58:14,424] {logging_mixin.py:115} INFO - [2022-08-07 07:58:14,424] {dag.py:2972} INFO - Setting next_dagrun for tutorial to 2022-08-05T23:58:14.423982+00:00, run_after=2022-08-06T23:58:14.423982+00:00
[2022-08-07 07:58:14,437] {processor.py:161} INFO - Processing /Users/pro/Documents/a_env/proj_data/lib/python3.7/site-packages/airflow/example_dags/tutorial.py took 0.074 seconds
[2022-08-07 07:58:48,088] {processor.py:153} INFO - Started process (PID=93475) to work on /Users/pro/Documents/a_env/proj_data/lib/python3.7/site-packages/airflow/example_dags/tutorial.py
[2022-08-07 07:58:48,089] {processor.py:641} INFO - Processing file /Users/pro/Documents/a_env/proj_data/lib/python3.7/site-packages/airflow/example_dags/tutorial.py for tasks to queue
[2022-08-07 07:58:48,090] {logging_mixin.py:115} INFO - [2022-08-07 07:58:48,090] {dagbag.py:508} INFO - Filling up the DagBag from /Users/pro/Documents/a_env/proj_data/lib/python3.7/site-packages/airflow/example_dags/tutorial.py
[2022-08-07 07:58:48,099] {processor.py:651} INFO - DAG(s) dict_keys(['tutorial']) retrieved from /Users/pro/Documents/a_env/proj_data/lib/python3.7/site-packages/airflow/example_dags/tutorial.py
[2022-08-07 07:58:48,122] {logging_mixin.py:115} INFO - [2022-08-07 07:58:48,122] {dag.py:2420} INFO - Sync 1 DAGs
[2022-08-07 07:58:48,141] {logging_mixin.py:115} INFO - [2022-08-07 07:58:48,140] {dag.py:2972} INFO - Setting next_dagrun for tutorial to 2022-08-05T23:58:48.140490+00:00, run_after=2022-08-06T23:58:48.140490+00:00
[2022-08-07 07:58:48,153] {processor.py:161} INFO - Processing /Users/pro/Documents/a_env/proj_data/lib/python3.7/site-packages/airflow/example_dags/tutorial.py took 0.069 seconds
[2022-08-07 07:59:20,147] {processor.py:153} INFO - Started process (PID=93508) to work on /Users/pro/Documents/a_env/proj_data/lib/python3.7/site-packages/airflow/example_dags/tutorial.py
[2022-08-07 07:59:20,148] {processor.py:641} INFO - Processing file /Users/pro/Documents/a_env/proj_data/lib/python3.7/site-packages/airflow/example_dags/tutorial.py for tasks to queue
[2022-08-07 07:59:20,149] {logging_mixin.py:115} INFO - [2022-08-07 07:59:20,148] {dagbag.py:508} INFO - Filling up the DagBag from /Users/pro/Documents/a_env/proj_data/lib/python3.7/site-packages/airflow/example_dags/tutorial.py
[2022-08-07 07:59:20,157] {processor.py:651} INFO - DAG(s) dict_keys(['tutorial']) retrieved from /Users/pro/Documents/a_env/proj_data/lib/python3.7/site-packages/airflow/example_dags/tutorial.py
[2022-08-07 07:59:20,179] {logging_mixin.py:115} INFO - [2022-08-07 07:59:20,178] {dag.py:2420} INFO - Sync 1 DAGs
[2022-08-07 07:59:20,196] {logging_mixin.py:115} INFO - [2022-08-07 07:59:20,196] {dag.py:2972} INFO - Setting next_dagrun for tutorial to 2022-08-05T23:59:20.196282+00:00, run_after=2022-08-06T23:59:20.196282+00:00
[2022-08-07 07:59:20,209] {processor.py:161} INFO - Processing /Users/pro/Documents/a_env/proj_data/lib/python3.7/site-packages/airflow/example_dags/tutorial.py took 0.066 seconds
[2022-08-07 07:59:53,134] {processor.py:153} INFO - Started process (PID=93558) to work on /Users/pro/Documents/a_env/proj_data/lib/python3.7/site-packages/airflow/example_dags/tutorial.py
[2022-08-07 07:59:53,136] {processor.py:641} INFO - Processing file /Users/pro/Documents/a_env/proj_data/lib/python3.7/site-packages/airflow/example_dags/tutorial.py for tasks to queue
[2022-08-07 07:59:53,137] {logging_mixin.py:115} INFO - [2022-08-07 07:59:53,137] {dagbag.py:508} INFO - Filling up the DagBag from /Users/pro/Documents/a_env/proj_data/lib/python3.7/site-packages/airflow/example_dags/tutorial.py
[2022-08-07 07:59:53,147] {processor.py:651} INFO - DAG(s) dict_keys(['tutorial']) retrieved from /Users/pro/Documents/a_env/proj_data/lib/python3.7/site-packages/airflow/example_dags/tutorial.py
[2022-08-07 07:59:53,177] {logging_mixin.py:115} INFO - [2022-08-07 07:59:53,176] {dag.py:2420} INFO - Sync 1 DAGs
[2022-08-07 07:59:53,200] {logging_mixin.py:115} INFO - [2022-08-07 07:59:53,200] {dag.py:2972} INFO - Setting next_dagrun for tutorial to 2022-08-05T23:59:53.200020+00:00, run_after=2022-08-06T23:59:53.200020+00:00
[2022-08-07 07:59:53,212] {processor.py:161} INFO - Processing /Users/pro/Documents/a_env/proj_data/lib/python3.7/site-packages/airflow/example_dags/tutorial.py took 0.082 seconds
