[2022-08-06 21:09:34,111] {processor.py:153} INFO - Started process (PID=91532) to work on /Users/pro/Documents/a_env/proj_data/lib/python3.7/site-packages/airflow/example_dags/plugins/workday.py
[2022-08-06 21:09:34,112] {processor.py:641} INFO - Processing file /Users/pro/Documents/a_env/proj_data/lib/python3.7/site-packages/airflow/example_dags/plugins/workday.py for tasks to queue
[2022-08-06 21:09:34,113] {logging_mixin.py:115} INFO - [2022-08-06 21:09:34,112] {dagbag.py:508} INFO - Filling up the DagBag from /Users/pro/Documents/a_env/proj_data/lib/python3.7/site-packages/airflow/example_dags/plugins/workday.py
[2022-08-06 21:09:34,117] {processor.py:653} WARNING - No viable dags retrieved from /Users/pro/Documents/a_env/proj_data/lib/python3.7/site-packages/airflow/example_dags/plugins/workday.py
[2022-08-06 21:09:34,128] {processor.py:161} INFO - Processing /Users/pro/Documents/a_env/proj_data/lib/python3.7/site-packages/airflow/example_dags/plugins/workday.py took 0.021 seconds
[2022-08-06 21:10:09,987] {processor.py:153} INFO - Started process (PID=91578) to work on /Users/pro/Documents/a_env/proj_data/lib/python3.7/site-packages/airflow/example_dags/plugins/workday.py
[2022-08-06 21:10:09,989] {processor.py:641} INFO - Processing file /Users/pro/Documents/a_env/proj_data/lib/python3.7/site-packages/airflow/example_dags/plugins/workday.py for tasks to queue
[2022-08-06 21:10:09,990] {logging_mixin.py:115} INFO - [2022-08-06 21:10:09,989] {dagbag.py:508} INFO - Filling up the DagBag from /Users/pro/Documents/a_env/proj_data/lib/python3.7/site-packages/airflow/example_dags/plugins/workday.py
[2022-08-06 21:10:09,993] {processor.py:653} WARNING - No viable dags retrieved from /Users/pro/Documents/a_env/proj_data/lib/python3.7/site-packages/airflow/example_dags/plugins/workday.py
[2022-08-06 21:10:10,005] {processor.py:161} INFO - Processing /Users/pro/Documents/a_env/proj_data/lib/python3.7/site-packages/airflow/example_dags/plugins/workday.py took 0.022 seconds
[2022-08-06 21:10:43,751] {processor.py:153} INFO - Started process (PID=91620) to work on /Users/pro/Documents/a_env/proj_data/lib/python3.7/site-packages/airflow/example_dags/plugins/workday.py
[2022-08-06 21:10:43,752] {processor.py:641} INFO - Processing file /Users/pro/Documents/a_env/proj_data/lib/python3.7/site-packages/airflow/example_dags/plugins/workday.py for tasks to queue
[2022-08-06 21:10:43,753] {logging_mixin.py:115} INFO - [2022-08-06 21:10:43,753] {dagbag.py:508} INFO - Filling up the DagBag from /Users/pro/Documents/a_env/proj_data/lib/python3.7/site-packages/airflow/example_dags/plugins/workday.py
[2022-08-06 21:10:43,757] {processor.py:653} WARNING - No viable dags retrieved from /Users/pro/Documents/a_env/proj_data/lib/python3.7/site-packages/airflow/example_dags/plugins/workday.py
[2022-08-06 21:10:43,769] {processor.py:161} INFO - Processing /Users/pro/Documents/a_env/proj_data/lib/python3.7/site-packages/airflow/example_dags/plugins/workday.py took 0.022 seconds
[2022-08-06 21:11:18,727] {processor.py:153} INFO - Started process (PID=91669) to work on /Users/pro/Documents/a_env/proj_data/lib/python3.7/site-packages/airflow/example_dags/plugins/workday.py
[2022-08-06 21:11:18,728] {processor.py:641} INFO - Processing file /Users/pro/Documents/a_env/proj_data/lib/python3.7/site-packages/airflow/example_dags/plugins/workday.py for tasks to queue
[2022-08-06 21:11:18,730] {logging_mixin.py:115} INFO - [2022-08-06 21:11:18,729] {dagbag.py:508} INFO - Filling up the DagBag from /Users/pro/Documents/a_env/proj_data/lib/python3.7/site-packages/airflow/example_dags/plugins/workday.py
[2022-08-06 21:11:18,734] {processor.py:653} WARNING - No viable dags retrieved from /Users/pro/Documents/a_env/proj_data/lib/python3.7/site-packages/airflow/example_dags/plugins/workday.py
[2022-08-06 21:11:18,777] {processor.py:161} INFO - Processing /Users/pro/Documents/a_env/proj_data/lib/python3.7/site-packages/airflow/example_dags/plugins/workday.py took 0.055 seconds
[2022-08-06 21:11:54,079] {processor.py:153} INFO - Started process (PID=91717) to work on /Users/pro/Documents/a_env/proj_data/lib/python3.7/site-packages/airflow/example_dags/plugins/workday.py
[2022-08-06 21:11:54,081] {processor.py:641} INFO - Processing file /Users/pro/Documents/a_env/proj_data/lib/python3.7/site-packages/airflow/example_dags/plugins/workday.py for tasks to queue
[2022-08-06 21:11:54,082] {logging_mixin.py:115} INFO - [2022-08-06 21:11:54,082] {dagbag.py:508} INFO - Filling up the DagBag from /Users/pro/Documents/a_env/proj_data/lib/python3.7/site-packages/airflow/example_dags/plugins/workday.py
[2022-08-06 21:11:54,086] {processor.py:653} WARNING - No viable dags retrieved from /Users/pro/Documents/a_env/proj_data/lib/python3.7/site-packages/airflow/example_dags/plugins/workday.py
[2022-08-06 21:11:54,100] {processor.py:161} INFO - Processing /Users/pro/Documents/a_env/proj_data/lib/python3.7/site-packages/airflow/example_dags/plugins/workday.py took 0.025 seconds
[2022-08-06 22:57:11,570] {processor.py:153} INFO - Started process (PID=91779) to work on /Users/pro/Documents/a_env/proj_data/lib/python3.7/site-packages/airflow/example_dags/plugins/workday.py
[2022-08-06 22:57:11,572] {processor.py:641} INFO - Processing file /Users/pro/Documents/a_env/proj_data/lib/python3.7/site-packages/airflow/example_dags/plugins/workday.py for tasks to queue
[2022-08-06 22:57:11,573] {logging_mixin.py:115} INFO - [2022-08-06 22:57:11,573] {dagbag.py:508} INFO - Filling up the DagBag from /Users/pro/Documents/a_env/proj_data/lib/python3.7/site-packages/airflow/example_dags/plugins/workday.py
[2022-08-06 22:57:11,576] {processor.py:653} WARNING - No viable dags retrieved from /Users/pro/Documents/a_env/proj_data/lib/python3.7/site-packages/airflow/example_dags/plugins/workday.py
[2022-08-06 22:57:11,590] {processor.py:161} INFO - Processing /Users/pro/Documents/a_env/proj_data/lib/python3.7/site-packages/airflow/example_dags/plugins/workday.py took 0.024 seconds
[2022-08-07 00:15:15,462] {processor.py:153} INFO - Started process (PID=91862) to work on /Users/pro/Documents/a_env/proj_data/lib/python3.7/site-packages/airflow/example_dags/plugins/workday.py
[2022-08-07 00:15:15,471] {processor.py:641} INFO - Processing file /Users/pro/Documents/a_env/proj_data/lib/python3.7/site-packages/airflow/example_dags/plugins/workday.py for tasks to queue
[2022-08-07 00:15:15,493] {logging_mixin.py:115} INFO - [2022-08-07 00:15:15,481] {dagbag.py:508} INFO - Filling up the DagBag from /Users/pro/Documents/a_env/proj_data/lib/python3.7/site-packages/airflow/example_dags/plugins/workday.py
[2022-08-07 00:15:15,522] {processor.py:653} WARNING - No viable dags retrieved from /Users/pro/Documents/a_env/proj_data/lib/python3.7/site-packages/airflow/example_dags/plugins/workday.py
[2022-08-07 00:15:15,702] {processor.py:161} INFO - Processing /Users/pro/Documents/a_env/proj_data/lib/python3.7/site-packages/airflow/example_dags/plugins/workday.py took 0.271 seconds
[2022-08-07 04:14:58,630] {processor.py:153} INFO - Started process (PID=91946) to work on /Users/pro/Documents/a_env/proj_data/lib/python3.7/site-packages/airflow/example_dags/plugins/workday.py
[2022-08-07 04:14:58,633] {processor.py:641} INFO - Processing file /Users/pro/Documents/a_env/proj_data/lib/python3.7/site-packages/airflow/example_dags/plugins/workday.py for tasks to queue
[2022-08-07 04:14:58,634] {logging_mixin.py:115} INFO - [2022-08-07 04:14:58,634] {dagbag.py:508} INFO - Filling up the DagBag from /Users/pro/Documents/a_env/proj_data/lib/python3.7/site-packages/airflow/example_dags/plugins/workday.py
[2022-08-07 04:14:58,637] {processor.py:653} WARNING - No viable dags retrieved from /Users/pro/Documents/a_env/proj_data/lib/python3.7/site-packages/airflow/example_dags/plugins/workday.py
[2022-08-07 04:14:58,649] {processor.py:161} INFO - Processing /Users/pro/Documents/a_env/proj_data/lib/python3.7/site-packages/airflow/example_dags/plugins/workday.py took 0.022 seconds
[2022-08-07 07:38:47,270] {processor.py:153} INFO - Started process (PID=92051) to work on /Users/pro/Documents/a_env/proj_data/lib/python3.7/site-packages/airflow/example_dags/plugins/workday.py
[2022-08-07 07:38:47,271] {processor.py:641} INFO - Processing file /Users/pro/Documents/a_env/proj_data/lib/python3.7/site-packages/airflow/example_dags/plugins/workday.py for tasks to queue
[2022-08-07 07:38:47,272] {logging_mixin.py:115} INFO - [2022-08-07 07:38:47,272] {dagbag.py:508} INFO - Filling up the DagBag from /Users/pro/Documents/a_env/proj_data/lib/python3.7/site-packages/airflow/example_dags/plugins/workday.py
[2022-08-07 07:38:47,276] {processor.py:653} WARNING - No viable dags retrieved from /Users/pro/Documents/a_env/proj_data/lib/python3.7/site-packages/airflow/example_dags/plugins/workday.py
[2022-08-07 07:38:47,290] {processor.py:161} INFO - Processing /Users/pro/Documents/a_env/proj_data/lib/python3.7/site-packages/airflow/example_dags/plugins/workday.py took 0.024 seconds
[2022-08-07 07:39:21,438] {processor.py:153} INFO - Started process (PID=92100) to work on /Users/pro/Documents/a_env/proj_data/lib/python3.7/site-packages/airflow/example_dags/plugins/workday.py
[2022-08-07 07:39:21,439] {processor.py:641} INFO - Processing file /Users/pro/Documents/a_env/proj_data/lib/python3.7/site-packages/airflow/example_dags/plugins/workday.py for tasks to queue
[2022-08-07 07:39:21,441] {logging_mixin.py:115} INFO - [2022-08-07 07:39:21,441] {dagbag.py:508} INFO - Filling up the DagBag from /Users/pro/Documents/a_env/proj_data/lib/python3.7/site-packages/airflow/example_dags/plugins/workday.py
[2022-08-07 07:39:21,445] {processor.py:653} WARNING - No viable dags retrieved from /Users/pro/Documents/a_env/proj_data/lib/python3.7/site-packages/airflow/example_dags/plugins/workday.py
[2022-08-07 07:39:21,470] {processor.py:161} INFO - Processing /Users/pro/Documents/a_env/proj_data/lib/python3.7/site-packages/airflow/example_dags/plugins/workday.py took 0.036 seconds
[2022-08-07 07:39:56,141] {processor.py:153} INFO - Started process (PID=92178) to work on /Users/pro/Documents/a_env/proj_data/lib/python3.7/site-packages/airflow/example_dags/plugins/workday.py
[2022-08-07 07:39:56,143] {processor.py:641} INFO - Processing file /Users/pro/Documents/a_env/proj_data/lib/python3.7/site-packages/airflow/example_dags/plugins/workday.py for tasks to queue
[2022-08-07 07:39:56,144] {logging_mixin.py:115} INFO - [2022-08-07 07:39:56,144] {dagbag.py:508} INFO - Filling up the DagBag from /Users/pro/Documents/a_env/proj_data/lib/python3.7/site-packages/airflow/example_dags/plugins/workday.py
[2022-08-07 07:39:56,148] {processor.py:653} WARNING - No viable dags retrieved from /Users/pro/Documents/a_env/proj_data/lib/python3.7/site-packages/airflow/example_dags/plugins/workday.py
[2022-08-07 07:39:56,163] {processor.py:161} INFO - Processing /Users/pro/Documents/a_env/proj_data/lib/python3.7/site-packages/airflow/example_dags/plugins/workday.py took 0.027 seconds
[2022-08-07 07:40:28,281] {processor.py:153} INFO - Started process (PID=92221) to work on /Users/pro/Documents/a_env/proj_data/lib/python3.7/site-packages/airflow/example_dags/plugins/workday.py
[2022-08-07 07:40:28,282] {processor.py:641} INFO - Processing file /Users/pro/Documents/a_env/proj_data/lib/python3.7/site-packages/airflow/example_dags/plugins/workday.py for tasks to queue
[2022-08-07 07:40:28,283] {logging_mixin.py:115} INFO - [2022-08-07 07:40:28,283] {dagbag.py:508} INFO - Filling up the DagBag from /Users/pro/Documents/a_env/proj_data/lib/python3.7/site-packages/airflow/example_dags/plugins/workday.py
[2022-08-07 07:40:28,290] {processor.py:653} WARNING - No viable dags retrieved from /Users/pro/Documents/a_env/proj_data/lib/python3.7/site-packages/airflow/example_dags/plugins/workday.py
[2022-08-07 07:40:28,310] {processor.py:161} INFO - Processing /Users/pro/Documents/a_env/proj_data/lib/python3.7/site-packages/airflow/example_dags/plugins/workday.py took 0.035 seconds
[2022-08-07 07:41:03,844] {processor.py:153} INFO - Started process (PID=92280) to work on /Users/pro/Documents/a_env/proj_data/lib/python3.7/site-packages/airflow/example_dags/plugins/workday.py
[2022-08-07 07:41:03,864] {processor.py:641} INFO - Processing file /Users/pro/Documents/a_env/proj_data/lib/python3.7/site-packages/airflow/example_dags/plugins/workday.py for tasks to queue
[2022-08-07 07:41:03,865] {logging_mixin.py:115} INFO - [2022-08-07 07:41:03,865] {dagbag.py:508} INFO - Filling up the DagBag from /Users/pro/Documents/a_env/proj_data/lib/python3.7/site-packages/airflow/example_dags/plugins/workday.py
[2022-08-07 07:41:03,869] {processor.py:653} WARNING - No viable dags retrieved from /Users/pro/Documents/a_env/proj_data/lib/python3.7/site-packages/airflow/example_dags/plugins/workday.py
[2022-08-07 07:41:03,891] {processor.py:161} INFO - Processing /Users/pro/Documents/a_env/proj_data/lib/python3.7/site-packages/airflow/example_dags/plugins/workday.py took 0.053 seconds
[2022-08-07 07:41:36,146] {processor.py:153} INFO - Started process (PID=92318) to work on /Users/pro/Documents/a_env/proj_data/lib/python3.7/site-packages/airflow/example_dags/plugins/workday.py
[2022-08-07 07:41:36,148] {processor.py:641} INFO - Processing file /Users/pro/Documents/a_env/proj_data/lib/python3.7/site-packages/airflow/example_dags/plugins/workday.py for tasks to queue
[2022-08-07 07:41:36,149] {logging_mixin.py:115} INFO - [2022-08-07 07:41:36,149] {dagbag.py:508} INFO - Filling up the DagBag from /Users/pro/Documents/a_env/proj_data/lib/python3.7/site-packages/airflow/example_dags/plugins/workday.py
[2022-08-07 07:41:36,153] {processor.py:653} WARNING - No viable dags retrieved from /Users/pro/Documents/a_env/proj_data/lib/python3.7/site-packages/airflow/example_dags/plugins/workday.py
[2022-08-07 07:41:36,168] {processor.py:161} INFO - Processing /Users/pro/Documents/a_env/proj_data/lib/python3.7/site-packages/airflow/example_dags/plugins/workday.py took 0.026 seconds
[2022-08-07 07:42:10,348] {processor.py:153} INFO - Started process (PID=92362) to work on /Users/pro/Documents/a_env/proj_data/lib/python3.7/site-packages/airflow/example_dags/plugins/workday.py
[2022-08-07 07:42:10,350] {processor.py:641} INFO - Processing file /Users/pro/Documents/a_env/proj_data/lib/python3.7/site-packages/airflow/example_dags/plugins/workday.py for tasks to queue
[2022-08-07 07:42:10,351] {logging_mixin.py:115} INFO - [2022-08-07 07:42:10,351] {dagbag.py:508} INFO - Filling up the DagBag from /Users/pro/Documents/a_env/proj_data/lib/python3.7/site-packages/airflow/example_dags/plugins/workday.py
[2022-08-07 07:42:10,355] {processor.py:653} WARNING - No viable dags retrieved from /Users/pro/Documents/a_env/proj_data/lib/python3.7/site-packages/airflow/example_dags/plugins/workday.py
[2022-08-07 07:42:10,369] {processor.py:161} INFO - Processing /Users/pro/Documents/a_env/proj_data/lib/python3.7/site-packages/airflow/example_dags/plugins/workday.py took 0.025 seconds
[2022-08-07 07:42:42,227] {processor.py:153} INFO - Started process (PID=92395) to work on /Users/pro/Documents/a_env/proj_data/lib/python3.7/site-packages/airflow/example_dags/plugins/workday.py
[2022-08-07 07:42:42,228] {processor.py:641} INFO - Processing file /Users/pro/Documents/a_env/proj_data/lib/python3.7/site-packages/airflow/example_dags/plugins/workday.py for tasks to queue
[2022-08-07 07:42:42,229] {logging_mixin.py:115} INFO - [2022-08-07 07:42:42,229] {dagbag.py:508} INFO - Filling up the DagBag from /Users/pro/Documents/a_env/proj_data/lib/python3.7/site-packages/airflow/example_dags/plugins/workday.py
[2022-08-07 07:42:42,233] {processor.py:653} WARNING - No viable dags retrieved from /Users/pro/Documents/a_env/proj_data/lib/python3.7/site-packages/airflow/example_dags/plugins/workday.py
[2022-08-07 07:42:42,247] {processor.py:161} INFO - Processing /Users/pro/Documents/a_env/proj_data/lib/python3.7/site-packages/airflow/example_dags/plugins/workday.py took 0.026 seconds
[2022-08-07 07:43:14,456] {processor.py:153} INFO - Started process (PID=92430) to work on /Users/pro/Documents/a_env/proj_data/lib/python3.7/site-packages/airflow/example_dags/plugins/workday.py
[2022-08-07 07:43:14,458] {processor.py:641} INFO - Processing file /Users/pro/Documents/a_env/proj_data/lib/python3.7/site-packages/airflow/example_dags/plugins/workday.py for tasks to queue
[2022-08-07 07:43:14,459] {logging_mixin.py:115} INFO - [2022-08-07 07:43:14,459] {dagbag.py:508} INFO - Filling up the DagBag from /Users/pro/Documents/a_env/proj_data/lib/python3.7/site-packages/airflow/example_dags/plugins/workday.py
[2022-08-07 07:43:14,464] {processor.py:653} WARNING - No viable dags retrieved from /Users/pro/Documents/a_env/proj_data/lib/python3.7/site-packages/airflow/example_dags/plugins/workday.py
[2022-08-07 07:43:14,483] {processor.py:161} INFO - Processing /Users/pro/Documents/a_env/proj_data/lib/python3.7/site-packages/airflow/example_dags/plugins/workday.py took 0.032 seconds
[2022-08-07 07:43:45,727] {processor.py:153} INFO - Started process (PID=92464) to work on /Users/pro/Documents/a_env/proj_data/lib/python3.7/site-packages/airflow/example_dags/plugins/workday.py
[2022-08-07 07:43:45,729] {processor.py:641} INFO - Processing file /Users/pro/Documents/a_env/proj_data/lib/python3.7/site-packages/airflow/example_dags/plugins/workday.py for tasks to queue
[2022-08-07 07:43:45,730] {logging_mixin.py:115} INFO - [2022-08-07 07:43:45,729] {dagbag.py:508} INFO - Filling up the DagBag from /Users/pro/Documents/a_env/proj_data/lib/python3.7/site-packages/airflow/example_dags/plugins/workday.py
[2022-08-07 07:43:45,733] {processor.py:653} WARNING - No viable dags retrieved from /Users/pro/Documents/a_env/proj_data/lib/python3.7/site-packages/airflow/example_dags/plugins/workday.py
[2022-08-07 07:43:45,750] {processor.py:161} INFO - Processing /Users/pro/Documents/a_env/proj_data/lib/python3.7/site-packages/airflow/example_dags/plugins/workday.py took 0.027 seconds
[2022-08-07 07:44:20,977] {processor.py:153} INFO - Started process (PID=92517) to work on /Users/pro/Documents/a_env/proj_data/lib/python3.7/site-packages/airflow/example_dags/plugins/workday.py
[2022-08-07 07:44:20,978] {processor.py:641} INFO - Processing file /Users/pro/Documents/a_env/proj_data/lib/python3.7/site-packages/airflow/example_dags/plugins/workday.py for tasks to queue
[2022-08-07 07:44:20,979] {logging_mixin.py:115} INFO - [2022-08-07 07:44:20,979] {dagbag.py:508} INFO - Filling up the DagBag from /Users/pro/Documents/a_env/proj_data/lib/python3.7/site-packages/airflow/example_dags/plugins/workday.py
[2022-08-07 07:44:20,986] {processor.py:653} WARNING - No viable dags retrieved from /Users/pro/Documents/a_env/proj_data/lib/python3.7/site-packages/airflow/example_dags/plugins/workday.py
[2022-08-07 07:44:21,001] {processor.py:161} INFO - Processing /Users/pro/Documents/a_env/proj_data/lib/python3.7/site-packages/airflow/example_dags/plugins/workday.py took 0.034 seconds
[2022-08-07 07:44:52,803] {processor.py:153} INFO - Started process (PID=92549) to work on /Users/pro/Documents/a_env/proj_data/lib/python3.7/site-packages/airflow/example_dags/plugins/workday.py
[2022-08-07 07:44:52,803] {processor.py:641} INFO - Processing file /Users/pro/Documents/a_env/proj_data/lib/python3.7/site-packages/airflow/example_dags/plugins/workday.py for tasks to queue
[2022-08-07 07:44:52,805] {logging_mixin.py:115} INFO - [2022-08-07 07:44:52,804] {dagbag.py:508} INFO - Filling up the DagBag from /Users/pro/Documents/a_env/proj_data/lib/python3.7/site-packages/airflow/example_dags/plugins/workday.py
[2022-08-07 07:44:52,809] {processor.py:653} WARNING - No viable dags retrieved from /Users/pro/Documents/a_env/proj_data/lib/python3.7/site-packages/airflow/example_dags/plugins/workday.py
[2022-08-07 07:44:52,821] {processor.py:161} INFO - Processing /Users/pro/Documents/a_env/proj_data/lib/python3.7/site-packages/airflow/example_dags/plugins/workday.py took 0.023 seconds
[2022-08-07 07:45:23,894] {processor.py:153} INFO - Started process (PID=92584) to work on /Users/pro/Documents/a_env/proj_data/lib/python3.7/site-packages/airflow/example_dags/plugins/workday.py
[2022-08-07 07:45:23,895] {processor.py:641} INFO - Processing file /Users/pro/Documents/a_env/proj_data/lib/python3.7/site-packages/airflow/example_dags/plugins/workday.py for tasks to queue
[2022-08-07 07:45:23,897] {logging_mixin.py:115} INFO - [2022-08-07 07:45:23,896] {dagbag.py:508} INFO - Filling up the DagBag from /Users/pro/Documents/a_env/proj_data/lib/python3.7/site-packages/airflow/example_dags/plugins/workday.py
[2022-08-07 07:45:23,900] {processor.py:653} WARNING - No viable dags retrieved from /Users/pro/Documents/a_env/proj_data/lib/python3.7/site-packages/airflow/example_dags/plugins/workday.py
[2022-08-07 07:45:23,914] {processor.py:161} INFO - Processing /Users/pro/Documents/a_env/proj_data/lib/python3.7/site-packages/airflow/example_dags/plugins/workday.py took 0.025 seconds
[2022-08-07 07:46:00,236] {processor.py:153} INFO - Started process (PID=92620) to work on /Users/pro/Documents/a_env/proj_data/lib/python3.7/site-packages/airflow/example_dags/plugins/workday.py
[2022-08-07 07:46:00,237] {processor.py:641} INFO - Processing file /Users/pro/Documents/a_env/proj_data/lib/python3.7/site-packages/airflow/example_dags/plugins/workday.py for tasks to queue
[2022-08-07 07:46:00,238] {logging_mixin.py:115} INFO - [2022-08-07 07:46:00,238] {dagbag.py:508} INFO - Filling up the DagBag from /Users/pro/Documents/a_env/proj_data/lib/python3.7/site-packages/airflow/example_dags/plugins/workday.py
[2022-08-07 07:46:00,242] {processor.py:653} WARNING - No viable dags retrieved from /Users/pro/Documents/a_env/proj_data/lib/python3.7/site-packages/airflow/example_dags/plugins/workday.py
[2022-08-07 07:46:00,256] {processor.py:161} INFO - Processing /Users/pro/Documents/a_env/proj_data/lib/python3.7/site-packages/airflow/example_dags/plugins/workday.py took 0.025 seconds
[2022-08-07 07:46:33,043] {processor.py:153} INFO - Started process (PID=92655) to work on /Users/pro/Documents/a_env/proj_data/lib/python3.7/site-packages/airflow/example_dags/plugins/workday.py
[2022-08-07 07:46:33,045] {processor.py:641} INFO - Processing file /Users/pro/Documents/a_env/proj_data/lib/python3.7/site-packages/airflow/example_dags/plugins/workday.py for tasks to queue
[2022-08-07 07:46:33,046] {logging_mixin.py:115} INFO - [2022-08-07 07:46:33,046] {dagbag.py:508} INFO - Filling up the DagBag from /Users/pro/Documents/a_env/proj_data/lib/python3.7/site-packages/airflow/example_dags/plugins/workday.py
[2022-08-07 07:46:33,049] {processor.py:653} WARNING - No viable dags retrieved from /Users/pro/Documents/a_env/proj_data/lib/python3.7/site-packages/airflow/example_dags/plugins/workday.py
[2022-08-07 07:46:33,063] {processor.py:161} INFO - Processing /Users/pro/Documents/a_env/proj_data/lib/python3.7/site-packages/airflow/example_dags/plugins/workday.py took 0.024 seconds
[2022-08-07 07:47:05,711] {processor.py:153} INFO - Started process (PID=92688) to work on /Users/pro/Documents/a_env/proj_data/lib/python3.7/site-packages/airflow/example_dags/plugins/workday.py
[2022-08-07 07:47:05,714] {processor.py:641} INFO - Processing file /Users/pro/Documents/a_env/proj_data/lib/python3.7/site-packages/airflow/example_dags/plugins/workday.py for tasks to queue
[2022-08-07 07:47:05,716] {logging_mixin.py:115} INFO - [2022-08-07 07:47:05,716] {dagbag.py:508} INFO - Filling up the DagBag from /Users/pro/Documents/a_env/proj_data/lib/python3.7/site-packages/airflow/example_dags/plugins/workday.py
[2022-08-07 07:47:05,720] {processor.py:653} WARNING - No viable dags retrieved from /Users/pro/Documents/a_env/proj_data/lib/python3.7/site-packages/airflow/example_dags/plugins/workday.py
[2022-08-07 07:47:05,733] {processor.py:161} INFO - Processing /Users/pro/Documents/a_env/proj_data/lib/python3.7/site-packages/airflow/example_dags/plugins/workday.py took 0.026 seconds
[2022-08-07 07:47:39,440] {processor.py:153} INFO - Started process (PID=92722) to work on /Users/pro/Documents/a_env/proj_data/lib/python3.7/site-packages/airflow/example_dags/plugins/workday.py
[2022-08-07 07:47:39,441] {processor.py:641} INFO - Processing file /Users/pro/Documents/a_env/proj_data/lib/python3.7/site-packages/airflow/example_dags/plugins/workday.py for tasks to queue
[2022-08-07 07:47:39,442] {logging_mixin.py:115} INFO - [2022-08-07 07:47:39,442] {dagbag.py:508} INFO - Filling up the DagBag from /Users/pro/Documents/a_env/proj_data/lib/python3.7/site-packages/airflow/example_dags/plugins/workday.py
[2022-08-07 07:47:39,446] {processor.py:653} WARNING - No viable dags retrieved from /Users/pro/Documents/a_env/proj_data/lib/python3.7/site-packages/airflow/example_dags/plugins/workday.py
[2022-08-07 07:47:39,458] {processor.py:161} INFO - Processing /Users/pro/Documents/a_env/proj_data/lib/python3.7/site-packages/airflow/example_dags/plugins/workday.py took 0.022 seconds
[2022-08-07 07:48:10,732] {processor.py:153} INFO - Started process (PID=92761) to work on /Users/pro/Documents/a_env/proj_data/lib/python3.7/site-packages/airflow/example_dags/plugins/workday.py
[2022-08-07 07:48:10,733] {processor.py:641} INFO - Processing file /Users/pro/Documents/a_env/proj_data/lib/python3.7/site-packages/airflow/example_dags/plugins/workday.py for tasks to queue
[2022-08-07 07:48:10,734] {logging_mixin.py:115} INFO - [2022-08-07 07:48:10,734] {dagbag.py:508} INFO - Filling up the DagBag from /Users/pro/Documents/a_env/proj_data/lib/python3.7/site-packages/airflow/example_dags/plugins/workday.py
[2022-08-07 07:48:10,738] {processor.py:653} WARNING - No viable dags retrieved from /Users/pro/Documents/a_env/proj_data/lib/python3.7/site-packages/airflow/example_dags/plugins/workday.py
[2022-08-07 07:48:10,751] {processor.py:161} INFO - Processing /Users/pro/Documents/a_env/proj_data/lib/python3.7/site-packages/airflow/example_dags/plugins/workday.py took 0.023 seconds
[2022-08-07 07:48:43,432] {processor.py:153} INFO - Started process (PID=92798) to work on /Users/pro/Documents/a_env/proj_data/lib/python3.7/site-packages/airflow/example_dags/plugins/workday.py
[2022-08-07 07:48:43,433] {processor.py:641} INFO - Processing file /Users/pro/Documents/a_env/proj_data/lib/python3.7/site-packages/airflow/example_dags/plugins/workday.py for tasks to queue
[2022-08-07 07:48:43,435] {logging_mixin.py:115} INFO - [2022-08-07 07:48:43,434] {dagbag.py:508} INFO - Filling up the DagBag from /Users/pro/Documents/a_env/proj_data/lib/python3.7/site-packages/airflow/example_dags/plugins/workday.py
[2022-08-07 07:48:43,438] {processor.py:653} WARNING - No viable dags retrieved from /Users/pro/Documents/a_env/proj_data/lib/python3.7/site-packages/airflow/example_dags/plugins/workday.py
[2022-08-07 07:48:43,451] {processor.py:161} INFO - Processing /Users/pro/Documents/a_env/proj_data/lib/python3.7/site-packages/airflow/example_dags/plugins/workday.py took 0.024 seconds
[2022-08-07 07:49:15,465] {processor.py:153} INFO - Started process (PID=92833) to work on /Users/pro/Documents/a_env/proj_data/lib/python3.7/site-packages/airflow/example_dags/plugins/workday.py
[2022-08-07 07:49:15,466] {processor.py:641} INFO - Processing file /Users/pro/Documents/a_env/proj_data/lib/python3.7/site-packages/airflow/example_dags/plugins/workday.py for tasks to queue
[2022-08-07 07:49:15,467] {logging_mixin.py:115} INFO - [2022-08-07 07:49:15,467] {dagbag.py:508} INFO - Filling up the DagBag from /Users/pro/Documents/a_env/proj_data/lib/python3.7/site-packages/airflow/example_dags/plugins/workday.py
[2022-08-07 07:49:15,470] {processor.py:653} WARNING - No viable dags retrieved from /Users/pro/Documents/a_env/proj_data/lib/python3.7/site-packages/airflow/example_dags/plugins/workday.py
[2022-08-07 07:49:15,484] {processor.py:161} INFO - Processing /Users/pro/Documents/a_env/proj_data/lib/python3.7/site-packages/airflow/example_dags/plugins/workday.py took 0.024 seconds
[2022-08-07 07:49:47,683] {processor.py:153} INFO - Started process (PID=92869) to work on /Users/pro/Documents/a_env/proj_data/lib/python3.7/site-packages/airflow/example_dags/plugins/workday.py
[2022-08-07 07:49:47,685] {processor.py:641} INFO - Processing file /Users/pro/Documents/a_env/proj_data/lib/python3.7/site-packages/airflow/example_dags/plugins/workday.py for tasks to queue
[2022-08-07 07:49:47,686] {logging_mixin.py:115} INFO - [2022-08-07 07:49:47,686] {dagbag.py:508} INFO - Filling up the DagBag from /Users/pro/Documents/a_env/proj_data/lib/python3.7/site-packages/airflow/example_dags/plugins/workday.py
[2022-08-07 07:49:47,690] {processor.py:653} WARNING - No viable dags retrieved from /Users/pro/Documents/a_env/proj_data/lib/python3.7/site-packages/airflow/example_dags/plugins/workday.py
[2022-08-07 07:49:47,704] {processor.py:161} INFO - Processing /Users/pro/Documents/a_env/proj_data/lib/python3.7/site-packages/airflow/example_dags/plugins/workday.py took 0.025 seconds
[2022-08-07 07:50:20,600] {processor.py:153} INFO - Started process (PID=92906) to work on /Users/pro/Documents/a_env/proj_data/lib/python3.7/site-packages/airflow/example_dags/plugins/workday.py
[2022-08-07 07:50:20,602] {processor.py:641} INFO - Processing file /Users/pro/Documents/a_env/proj_data/lib/python3.7/site-packages/airflow/example_dags/plugins/workday.py for tasks to queue
[2022-08-07 07:50:20,603] {logging_mixin.py:115} INFO - [2022-08-07 07:50:20,603] {dagbag.py:508} INFO - Filling up the DagBag from /Users/pro/Documents/a_env/proj_data/lib/python3.7/site-packages/airflow/example_dags/plugins/workday.py
[2022-08-07 07:50:20,607] {processor.py:653} WARNING - No viable dags retrieved from /Users/pro/Documents/a_env/proj_data/lib/python3.7/site-packages/airflow/example_dags/plugins/workday.py
[2022-08-07 07:50:20,621] {processor.py:161} INFO - Processing /Users/pro/Documents/a_env/proj_data/lib/python3.7/site-packages/airflow/example_dags/plugins/workday.py took 0.027 seconds
[2022-08-07 07:50:53,062] {processor.py:153} INFO - Started process (PID=92938) to work on /Users/pro/Documents/a_env/proj_data/lib/python3.7/site-packages/airflow/example_dags/plugins/workday.py
[2022-08-07 07:50:53,064] {processor.py:641} INFO - Processing file /Users/pro/Documents/a_env/proj_data/lib/python3.7/site-packages/airflow/example_dags/plugins/workday.py for tasks to queue
[2022-08-07 07:50:53,065] {logging_mixin.py:115} INFO - [2022-08-07 07:50:53,065] {dagbag.py:508} INFO - Filling up the DagBag from /Users/pro/Documents/a_env/proj_data/lib/python3.7/site-packages/airflow/example_dags/plugins/workday.py
[2022-08-07 07:50:53,069] {processor.py:653} WARNING - No viable dags retrieved from /Users/pro/Documents/a_env/proj_data/lib/python3.7/site-packages/airflow/example_dags/plugins/workday.py
[2022-08-07 07:50:53,083] {processor.py:161} INFO - Processing /Users/pro/Documents/a_env/proj_data/lib/python3.7/site-packages/airflow/example_dags/plugins/workday.py took 0.026 seconds
[2022-08-07 07:51:25,778] {processor.py:153} INFO - Started process (PID=92973) to work on /Users/pro/Documents/a_env/proj_data/lib/python3.7/site-packages/airflow/example_dags/plugins/workday.py
[2022-08-07 07:51:25,779] {processor.py:641} INFO - Processing file /Users/pro/Documents/a_env/proj_data/lib/python3.7/site-packages/airflow/example_dags/plugins/workday.py for tasks to queue
[2022-08-07 07:51:25,780] {logging_mixin.py:115} INFO - [2022-08-07 07:51:25,780] {dagbag.py:508} INFO - Filling up the DagBag from /Users/pro/Documents/a_env/proj_data/lib/python3.7/site-packages/airflow/example_dags/plugins/workday.py
[2022-08-07 07:51:25,783] {processor.py:653} WARNING - No viable dags retrieved from /Users/pro/Documents/a_env/proj_data/lib/python3.7/site-packages/airflow/example_dags/plugins/workday.py
[2022-08-07 07:51:25,796] {processor.py:161} INFO - Processing /Users/pro/Documents/a_env/proj_data/lib/python3.7/site-packages/airflow/example_dags/plugins/workday.py took 0.022 seconds
[2022-08-07 07:51:59,601] {processor.py:153} INFO - Started process (PID=93007) to work on /Users/pro/Documents/a_env/proj_data/lib/python3.7/site-packages/airflow/example_dags/plugins/workday.py
[2022-08-07 07:51:59,603] {processor.py:641} INFO - Processing file /Users/pro/Documents/a_env/proj_data/lib/python3.7/site-packages/airflow/example_dags/plugins/workday.py for tasks to queue
[2022-08-07 07:51:59,604] {logging_mixin.py:115} INFO - [2022-08-07 07:51:59,604] {dagbag.py:508} INFO - Filling up the DagBag from /Users/pro/Documents/a_env/proj_data/lib/python3.7/site-packages/airflow/example_dags/plugins/workday.py
[2022-08-07 07:51:59,607] {processor.py:653} WARNING - No viable dags retrieved from /Users/pro/Documents/a_env/proj_data/lib/python3.7/site-packages/airflow/example_dags/plugins/workday.py
[2022-08-07 07:51:59,621] {processor.py:161} INFO - Processing /Users/pro/Documents/a_env/proj_data/lib/python3.7/site-packages/airflow/example_dags/plugins/workday.py took 0.024 seconds
[2022-08-07 07:52:34,797] {processor.py:153} INFO - Started process (PID=93042) to work on /Users/pro/Documents/a_env/proj_data/lib/python3.7/site-packages/airflow/example_dags/plugins/workday.py
[2022-08-07 07:52:34,799] {processor.py:641} INFO - Processing file /Users/pro/Documents/a_env/proj_data/lib/python3.7/site-packages/airflow/example_dags/plugins/workday.py for tasks to queue
[2022-08-07 07:52:34,800] {logging_mixin.py:115} INFO - [2022-08-07 07:52:34,800] {dagbag.py:508} INFO - Filling up the DagBag from /Users/pro/Documents/a_env/proj_data/lib/python3.7/site-packages/airflow/example_dags/plugins/workday.py
[2022-08-07 07:52:34,805] {processor.py:653} WARNING - No viable dags retrieved from /Users/pro/Documents/a_env/proj_data/lib/python3.7/site-packages/airflow/example_dags/plugins/workday.py
[2022-08-07 07:52:34,819] {processor.py:161} INFO - Processing /Users/pro/Documents/a_env/proj_data/lib/python3.7/site-packages/airflow/example_dags/plugins/workday.py took 0.026 seconds
[2022-08-07 07:53:07,443] {processor.py:153} INFO - Started process (PID=93081) to work on /Users/pro/Documents/a_env/proj_data/lib/python3.7/site-packages/airflow/example_dags/plugins/workday.py
[2022-08-07 07:53:07,445] {processor.py:641} INFO - Processing file /Users/pro/Documents/a_env/proj_data/lib/python3.7/site-packages/airflow/example_dags/plugins/workday.py for tasks to queue
[2022-08-07 07:53:07,446] {logging_mixin.py:115} INFO - [2022-08-07 07:53:07,445] {dagbag.py:508} INFO - Filling up the DagBag from /Users/pro/Documents/a_env/proj_data/lib/python3.7/site-packages/airflow/example_dags/plugins/workday.py
[2022-08-07 07:53:07,450] {processor.py:653} WARNING - No viable dags retrieved from /Users/pro/Documents/a_env/proj_data/lib/python3.7/site-packages/airflow/example_dags/plugins/workday.py
[2022-08-07 07:53:07,463] {processor.py:161} INFO - Processing /Users/pro/Documents/a_env/proj_data/lib/python3.7/site-packages/airflow/example_dags/plugins/workday.py took 0.024 seconds
[2022-08-07 07:53:40,703] {processor.py:153} INFO - Started process (PID=93131) to work on /Users/pro/Documents/a_env/proj_data/lib/python3.7/site-packages/airflow/example_dags/plugins/workday.py
[2022-08-07 07:53:40,706] {processor.py:641} INFO - Processing file /Users/pro/Documents/a_env/proj_data/lib/python3.7/site-packages/airflow/example_dags/plugins/workday.py for tasks to queue
[2022-08-07 07:53:40,707] {logging_mixin.py:115} INFO - [2022-08-07 07:53:40,706] {dagbag.py:508} INFO - Filling up the DagBag from /Users/pro/Documents/a_env/proj_data/lib/python3.7/site-packages/airflow/example_dags/plugins/workday.py
[2022-08-07 07:53:40,711] {processor.py:653} WARNING - No viable dags retrieved from /Users/pro/Documents/a_env/proj_data/lib/python3.7/site-packages/airflow/example_dags/plugins/workday.py
[2022-08-07 07:53:40,727] {processor.py:161} INFO - Processing /Users/pro/Documents/a_env/proj_data/lib/python3.7/site-packages/airflow/example_dags/plugins/workday.py took 0.030 seconds
[2022-08-07 07:54:14,501] {processor.py:153} INFO - Started process (PID=93180) to work on /Users/pro/Documents/a_env/proj_data/lib/python3.7/site-packages/airflow/example_dags/plugins/workday.py
[2022-08-07 07:54:14,503] {processor.py:641} INFO - Processing file /Users/pro/Documents/a_env/proj_data/lib/python3.7/site-packages/airflow/example_dags/plugins/workday.py for tasks to queue
[2022-08-07 07:54:14,505] {logging_mixin.py:115} INFO - [2022-08-07 07:54:14,504] {dagbag.py:508} INFO - Filling up the DagBag from /Users/pro/Documents/a_env/proj_data/lib/python3.7/site-packages/airflow/example_dags/plugins/workday.py
[2022-08-07 07:54:14,509] {processor.py:653} WARNING - No viable dags retrieved from /Users/pro/Documents/a_env/proj_data/lib/python3.7/site-packages/airflow/example_dags/plugins/workday.py
[2022-08-07 07:54:14,523] {processor.py:161} INFO - Processing /Users/pro/Documents/a_env/proj_data/lib/python3.7/site-packages/airflow/example_dags/plugins/workday.py took 0.026 seconds
[2022-08-07 07:54:46,971] {processor.py:153} INFO - Started process (PID=93215) to work on /Users/pro/Documents/a_env/proj_data/lib/python3.7/site-packages/airflow/example_dags/plugins/workday.py
[2022-08-07 07:54:46,973] {processor.py:641} INFO - Processing file /Users/pro/Documents/a_env/proj_data/lib/python3.7/site-packages/airflow/example_dags/plugins/workday.py for tasks to queue
[2022-08-07 07:54:46,974] {logging_mixin.py:115} INFO - [2022-08-07 07:54:46,974] {dagbag.py:508} INFO - Filling up the DagBag from /Users/pro/Documents/a_env/proj_data/lib/python3.7/site-packages/airflow/example_dags/plugins/workday.py
[2022-08-07 07:54:46,978] {processor.py:653} WARNING - No viable dags retrieved from /Users/pro/Documents/a_env/proj_data/lib/python3.7/site-packages/airflow/example_dags/plugins/workday.py
[2022-08-07 07:54:46,998] {processor.py:161} INFO - Processing /Users/pro/Documents/a_env/proj_data/lib/python3.7/site-packages/airflow/example_dags/plugins/workday.py took 0.033 seconds
[2022-08-07 07:55:21,930] {processor.py:153} INFO - Started process (PID=93252) to work on /Users/pro/Documents/a_env/proj_data/lib/python3.7/site-packages/airflow/example_dags/plugins/workday.py
[2022-08-07 07:55:21,932] {processor.py:641} INFO - Processing file /Users/pro/Documents/a_env/proj_data/lib/python3.7/site-packages/airflow/example_dags/plugins/workday.py for tasks to queue
[2022-08-07 07:55:21,933] {logging_mixin.py:115} INFO - [2022-08-07 07:55:21,933] {dagbag.py:508} INFO - Filling up the DagBag from /Users/pro/Documents/a_env/proj_data/lib/python3.7/site-packages/airflow/example_dags/plugins/workday.py
[2022-08-07 07:55:21,937] {processor.py:653} WARNING - No viable dags retrieved from /Users/pro/Documents/a_env/proj_data/lib/python3.7/site-packages/airflow/example_dags/plugins/workday.py
[2022-08-07 07:55:21,951] {processor.py:161} INFO - Processing /Users/pro/Documents/a_env/proj_data/lib/python3.7/site-packages/airflow/example_dags/plugins/workday.py took 0.025 seconds
[2022-08-07 07:55:54,916] {processor.py:153} INFO - Started process (PID=93284) to work on /Users/pro/Documents/a_env/proj_data/lib/python3.7/site-packages/airflow/example_dags/plugins/workday.py
[2022-08-07 07:55:54,917] {processor.py:641} INFO - Processing file /Users/pro/Documents/a_env/proj_data/lib/python3.7/site-packages/airflow/example_dags/plugins/workday.py for tasks to queue
[2022-08-07 07:55:54,919] {logging_mixin.py:115} INFO - [2022-08-07 07:55:54,918] {dagbag.py:508} INFO - Filling up the DagBag from /Users/pro/Documents/a_env/proj_data/lib/python3.7/site-packages/airflow/example_dags/plugins/workday.py
[2022-08-07 07:55:54,922] {processor.py:653} WARNING - No viable dags retrieved from /Users/pro/Documents/a_env/proj_data/lib/python3.7/site-packages/airflow/example_dags/plugins/workday.py
[2022-08-07 07:55:54,937] {processor.py:161} INFO - Processing /Users/pro/Documents/a_env/proj_data/lib/python3.7/site-packages/airflow/example_dags/plugins/workday.py took 0.026 seconds
[2022-08-07 07:56:26,540] {processor.py:153} INFO - Started process (PID=93315) to work on /Users/pro/Documents/a_env/proj_data/lib/python3.7/site-packages/airflow/example_dags/plugins/workday.py
[2022-08-07 07:56:26,541] {processor.py:641} INFO - Processing file /Users/pro/Documents/a_env/proj_data/lib/python3.7/site-packages/airflow/example_dags/plugins/workday.py for tasks to queue
[2022-08-07 07:56:26,542] {logging_mixin.py:115} INFO - [2022-08-07 07:56:26,542] {dagbag.py:508} INFO - Filling up the DagBag from /Users/pro/Documents/a_env/proj_data/lib/python3.7/site-packages/airflow/example_dags/plugins/workday.py
[2022-08-07 07:56:26,546] {processor.py:653} WARNING - No viable dags retrieved from /Users/pro/Documents/a_env/proj_data/lib/python3.7/site-packages/airflow/example_dags/plugins/workday.py
[2022-08-07 07:56:26,560] {processor.py:161} INFO - Processing /Users/pro/Documents/a_env/proj_data/lib/python3.7/site-packages/airflow/example_dags/plugins/workday.py took 0.025 seconds
[2022-08-07 07:56:59,267] {processor.py:153} INFO - Started process (PID=93352) to work on /Users/pro/Documents/a_env/proj_data/lib/python3.7/site-packages/airflow/example_dags/plugins/workday.py
[2022-08-07 07:56:59,269] {processor.py:641} INFO - Processing file /Users/pro/Documents/a_env/proj_data/lib/python3.7/site-packages/airflow/example_dags/plugins/workday.py for tasks to queue
[2022-08-07 07:56:59,270] {logging_mixin.py:115} INFO - [2022-08-07 07:56:59,270] {dagbag.py:508} INFO - Filling up the DagBag from /Users/pro/Documents/a_env/proj_data/lib/python3.7/site-packages/airflow/example_dags/plugins/workday.py
[2022-08-07 07:56:59,273] {processor.py:653} WARNING - No viable dags retrieved from /Users/pro/Documents/a_env/proj_data/lib/python3.7/site-packages/airflow/example_dags/plugins/workday.py
[2022-08-07 07:56:59,287] {processor.py:161} INFO - Processing /Users/pro/Documents/a_env/proj_data/lib/python3.7/site-packages/airflow/example_dags/plugins/workday.py took 0.025 seconds
[2022-08-07 07:57:32,096] {processor.py:153} INFO - Started process (PID=93392) to work on /Users/pro/Documents/a_env/proj_data/lib/python3.7/site-packages/airflow/example_dags/plugins/workday.py
[2022-08-07 07:57:32,099] {processor.py:641} INFO - Processing file /Users/pro/Documents/a_env/proj_data/lib/python3.7/site-packages/airflow/example_dags/plugins/workday.py for tasks to queue
[2022-08-07 07:57:32,100] {logging_mixin.py:115} INFO - [2022-08-07 07:57:32,100] {dagbag.py:508} INFO - Filling up the DagBag from /Users/pro/Documents/a_env/proj_data/lib/python3.7/site-packages/airflow/example_dags/plugins/workday.py
[2022-08-07 07:57:32,122] {processor.py:653} WARNING - No viable dags retrieved from /Users/pro/Documents/a_env/proj_data/lib/python3.7/site-packages/airflow/example_dags/plugins/workday.py
[2022-08-07 07:57:32,143] {processor.py:161} INFO - Processing /Users/pro/Documents/a_env/proj_data/lib/python3.7/site-packages/airflow/example_dags/plugins/workday.py took 0.052 seconds
[2022-08-07 07:58:03,977] {processor.py:153} INFO - Started process (PID=93429) to work on /Users/pro/Documents/a_env/proj_data/lib/python3.7/site-packages/airflow/example_dags/plugins/workday.py
[2022-08-07 07:58:03,978] {processor.py:641} INFO - Processing file /Users/pro/Documents/a_env/proj_data/lib/python3.7/site-packages/airflow/example_dags/plugins/workday.py for tasks to queue
[2022-08-07 07:58:03,979] {logging_mixin.py:115} INFO - [2022-08-07 07:58:03,978] {dagbag.py:508} INFO - Filling up the DagBag from /Users/pro/Documents/a_env/proj_data/lib/python3.7/site-packages/airflow/example_dags/plugins/workday.py
[2022-08-07 07:58:03,982] {processor.py:653} WARNING - No viable dags retrieved from /Users/pro/Documents/a_env/proj_data/lib/python3.7/site-packages/airflow/example_dags/plugins/workday.py
[2022-08-07 07:58:03,996] {processor.py:161} INFO - Processing /Users/pro/Documents/a_env/proj_data/lib/python3.7/site-packages/airflow/example_dags/plugins/workday.py took 0.024 seconds
[2022-08-07 07:58:37,208] {processor.py:153} INFO - Started process (PID=93463) to work on /Users/pro/Documents/a_env/proj_data/lib/python3.7/site-packages/airflow/example_dags/plugins/workday.py
[2022-08-07 07:58:37,209] {processor.py:641} INFO - Processing file /Users/pro/Documents/a_env/proj_data/lib/python3.7/site-packages/airflow/example_dags/plugins/workday.py for tasks to queue
[2022-08-07 07:58:37,210] {logging_mixin.py:115} INFO - [2022-08-07 07:58:37,210] {dagbag.py:508} INFO - Filling up the DagBag from /Users/pro/Documents/a_env/proj_data/lib/python3.7/site-packages/airflow/example_dags/plugins/workday.py
[2022-08-07 07:58:37,213] {processor.py:653} WARNING - No viable dags retrieved from /Users/pro/Documents/a_env/proj_data/lib/python3.7/site-packages/airflow/example_dags/plugins/workday.py
[2022-08-07 07:58:37,227] {processor.py:161} INFO - Processing /Users/pro/Documents/a_env/proj_data/lib/python3.7/site-packages/airflow/example_dags/plugins/workday.py took 0.022 seconds
[2022-08-07 07:59:10,857] {processor.py:153} INFO - Started process (PID=93498) to work on /Users/pro/Documents/a_env/proj_data/lib/python3.7/site-packages/airflow/example_dags/plugins/workday.py
[2022-08-07 07:59:10,858] {processor.py:641} INFO - Processing file /Users/pro/Documents/a_env/proj_data/lib/python3.7/site-packages/airflow/example_dags/plugins/workday.py for tasks to queue
[2022-08-07 07:59:10,859] {logging_mixin.py:115} INFO - [2022-08-07 07:59:10,859] {dagbag.py:508} INFO - Filling up the DagBag from /Users/pro/Documents/a_env/proj_data/lib/python3.7/site-packages/airflow/example_dags/plugins/workday.py
[2022-08-07 07:59:10,862] {processor.py:653} WARNING - No viable dags retrieved from /Users/pro/Documents/a_env/proj_data/lib/python3.7/site-packages/airflow/example_dags/plugins/workday.py
[2022-08-07 07:59:10,878] {processor.py:161} INFO - Processing /Users/pro/Documents/a_env/proj_data/lib/python3.7/site-packages/airflow/example_dags/plugins/workday.py took 0.025 seconds
[2022-08-07 07:59:42,992] {processor.py:153} INFO - Started process (PID=93535) to work on /Users/pro/Documents/a_env/proj_data/lib/python3.7/site-packages/airflow/example_dags/plugins/workday.py
[2022-08-07 07:59:42,993] {processor.py:641} INFO - Processing file /Users/pro/Documents/a_env/proj_data/lib/python3.7/site-packages/airflow/example_dags/plugins/workday.py for tasks to queue
[2022-08-07 07:59:42,994] {logging_mixin.py:115} INFO - [2022-08-07 07:59:42,994] {dagbag.py:508} INFO - Filling up the DagBag from /Users/pro/Documents/a_env/proj_data/lib/python3.7/site-packages/airflow/example_dags/plugins/workday.py
[2022-08-07 07:59:42,998] {processor.py:653} WARNING - No viable dags retrieved from /Users/pro/Documents/a_env/proj_data/lib/python3.7/site-packages/airflow/example_dags/plugins/workday.py
[2022-08-07 07:59:43,015] {processor.py:161} INFO - Processing /Users/pro/Documents/a_env/proj_data/lib/python3.7/site-packages/airflow/example_dags/plugins/workday.py took 0.027 seconds
