[2022-07-24 23:12:14,133] {processor.py:153} INFO - Started process (PID=12401) to work on /Users/pro/Documents/a_env/proj_data/lib/python3.7/site-packages/airflow/example_dags/example_time_delta_sensor_async.py
[2022-07-24 23:12:14,133] {processor.py:641} INFO - Processing file /Users/pro/Documents/a_env/proj_data/lib/python3.7/site-packages/airflow/example_dags/example_time_delta_sensor_async.py for tasks to queue
[2022-07-24 23:12:14,135] {logging_mixin.py:115} INFO - [2022-07-24 23:12:14,134] {dagbag.py:508} INFO - Filling up the DagBag from /Users/pro/Documents/a_env/proj_data/lib/python3.7/site-packages/airflow/example_dags/example_time_delta_sensor_async.py
[2022-07-24 23:12:14,144] {processor.py:651} INFO - DAG(s) dict_keys(['example_time_delta_sensor_async']) retrieved from /Users/pro/Documents/a_env/proj_data/lib/python3.7/site-packages/airflow/example_dags/example_time_delta_sensor_async.py
[2022-07-24 23:12:14,252] {logging_mixin.py:115} INFO - [2022-07-24 23:12:14,252] {manager.py:508} INFO - Created Permission View: can edit on DAG:example_time_delta_sensor_async
[2022-07-24 23:12:14,262] {logging_mixin.py:115} INFO - [2022-07-24 23:12:14,262] {manager.py:508} INFO - Created Permission View: can delete on DAG:example_time_delta_sensor_async
[2022-07-24 23:12:14,269] {logging_mixin.py:115} INFO - [2022-07-24 23:12:14,269] {manager.py:508} INFO - Created Permission View: can read on DAG:example_time_delta_sensor_async
[2022-07-24 23:12:14,270] {logging_mixin.py:115} INFO - [2022-07-24 23:12:14,270] {dag.py:2420} INFO - Sync 1 DAGs
[2022-07-24 23:12:14,279] {logging_mixin.py:115} INFO - [2022-07-24 23:12:14,279] {dag.py:2439} INFO - Creating ORM DAG for example_time_delta_sensor_async
[2022-07-24 23:12:14,292] {logging_mixin.py:115} INFO - [2022-07-24 23:12:14,291] {dag.py:2972} INFO - Setting next_dagrun for example_time_delta_sensor_async to None, run_after=None
[2022-07-24 23:12:14,308] {processor.py:161} INFO - Processing /Users/pro/Documents/a_env/proj_data/lib/python3.7/site-packages/airflow/example_dags/example_time_delta_sensor_async.py took 0.180 seconds
[2022-07-24 23:12:49,271] {processor.py:153} INFO - Started process (PID=12440) to work on /Users/pro/Documents/a_env/proj_data/lib/python3.7/site-packages/airflow/example_dags/example_time_delta_sensor_async.py
[2022-07-24 23:12:49,273] {processor.py:641} INFO - Processing file /Users/pro/Documents/a_env/proj_data/lib/python3.7/site-packages/airflow/example_dags/example_time_delta_sensor_async.py for tasks to queue
[2022-07-24 23:12:49,274] {logging_mixin.py:115} INFO - [2022-07-24 23:12:49,274] {dagbag.py:508} INFO - Filling up the DagBag from /Users/pro/Documents/a_env/proj_data/lib/python3.7/site-packages/airflow/example_dags/example_time_delta_sensor_async.py
[2022-07-24 23:12:49,283] {processor.py:651} INFO - DAG(s) dict_keys(['example_time_delta_sensor_async']) retrieved from /Users/pro/Documents/a_env/proj_data/lib/python3.7/site-packages/airflow/example_dags/example_time_delta_sensor_async.py
[2022-07-24 23:12:49,316] {logging_mixin.py:115} INFO - [2022-07-24 23:12:49,315] {dag.py:2420} INFO - Sync 1 DAGs
[2022-07-24 23:12:49,338] {logging_mixin.py:115} INFO - [2022-07-24 23:12:49,338] {dag.py:2972} INFO - Setting next_dagrun for example_time_delta_sensor_async to None, run_after=None
[2022-07-24 23:12:49,351] {processor.py:161} INFO - Processing /Users/pro/Documents/a_env/proj_data/lib/python3.7/site-packages/airflow/example_dags/example_time_delta_sensor_async.py took 0.085 seconds
[2022-07-24 23:13:22,892] {processor.py:153} INFO - Started process (PID=12476) to work on /Users/pro/Documents/a_env/proj_data/lib/python3.7/site-packages/airflow/example_dags/example_time_delta_sensor_async.py
[2022-07-24 23:13:22,893] {processor.py:641} INFO - Processing file /Users/pro/Documents/a_env/proj_data/lib/python3.7/site-packages/airflow/example_dags/example_time_delta_sensor_async.py for tasks to queue
[2022-07-24 23:13:22,895] {logging_mixin.py:115} INFO - [2022-07-24 23:13:22,894] {dagbag.py:508} INFO - Filling up the DagBag from /Users/pro/Documents/a_env/proj_data/lib/python3.7/site-packages/airflow/example_dags/example_time_delta_sensor_async.py
[2022-07-24 23:13:22,904] {processor.py:651} INFO - DAG(s) dict_keys(['example_time_delta_sensor_async']) retrieved from /Users/pro/Documents/a_env/proj_data/lib/python3.7/site-packages/airflow/example_dags/example_time_delta_sensor_async.py
[2022-07-24 23:13:22,939] {logging_mixin.py:115} INFO - [2022-07-24 23:13:22,938] {dag.py:2420} INFO - Sync 1 DAGs
[2022-07-24 23:13:22,960] {logging_mixin.py:115} INFO - [2022-07-24 23:13:22,960] {dag.py:2972} INFO - Setting next_dagrun for example_time_delta_sensor_async to None, run_after=None
[2022-07-24 23:13:22,977] {processor.py:161} INFO - Processing /Users/pro/Documents/a_env/proj_data/lib/python3.7/site-packages/airflow/example_dags/example_time_delta_sensor_async.py took 0.089 seconds
[2022-07-24 23:13:56,436] {processor.py:153} INFO - Started process (PID=12513) to work on /Users/pro/Documents/a_env/proj_data/lib/python3.7/site-packages/airflow/example_dags/example_time_delta_sensor_async.py
[2022-07-24 23:13:56,437] {processor.py:641} INFO - Processing file /Users/pro/Documents/a_env/proj_data/lib/python3.7/site-packages/airflow/example_dags/example_time_delta_sensor_async.py for tasks to queue
[2022-07-24 23:13:56,439] {logging_mixin.py:115} INFO - [2022-07-24 23:13:56,438] {dagbag.py:508} INFO - Filling up the DagBag from /Users/pro/Documents/a_env/proj_data/lib/python3.7/site-packages/airflow/example_dags/example_time_delta_sensor_async.py
[2022-07-24 23:13:56,447] {processor.py:651} INFO - DAG(s) dict_keys(['example_time_delta_sensor_async']) retrieved from /Users/pro/Documents/a_env/proj_data/lib/python3.7/site-packages/airflow/example_dags/example_time_delta_sensor_async.py
[2022-07-24 23:13:56,484] {logging_mixin.py:115} INFO - [2022-07-24 23:13:56,484] {dag.py:2420} INFO - Sync 1 DAGs
[2022-07-24 23:13:56,513] {logging_mixin.py:115} INFO - [2022-07-24 23:13:56,512] {dag.py:2972} INFO - Setting next_dagrun for example_time_delta_sensor_async to None, run_after=None
[2022-07-24 23:13:56,529] {processor.py:161} INFO - Processing /Users/pro/Documents/a_env/proj_data/lib/python3.7/site-packages/airflow/example_dags/example_time_delta_sensor_async.py took 0.098 seconds
[2022-07-24 23:14:31,764] {processor.py:153} INFO - Started process (PID=12548) to work on /Users/pro/Documents/a_env/proj_data/lib/python3.7/site-packages/airflow/example_dags/example_time_delta_sensor_async.py
[2022-07-24 23:14:31,765] {processor.py:641} INFO - Processing file /Users/pro/Documents/a_env/proj_data/lib/python3.7/site-packages/airflow/example_dags/example_time_delta_sensor_async.py for tasks to queue
[2022-07-24 23:14:31,767] {logging_mixin.py:115} INFO - [2022-07-24 23:14:31,766] {dagbag.py:508} INFO - Filling up the DagBag from /Users/pro/Documents/a_env/proj_data/lib/python3.7/site-packages/airflow/example_dags/example_time_delta_sensor_async.py
[2022-07-24 23:14:31,775] {processor.py:651} INFO - DAG(s) dict_keys(['example_time_delta_sensor_async']) retrieved from /Users/pro/Documents/a_env/proj_data/lib/python3.7/site-packages/airflow/example_dags/example_time_delta_sensor_async.py
[2022-07-24 23:14:31,812] {logging_mixin.py:115} INFO - [2022-07-24 23:14:31,812] {dag.py:2420} INFO - Sync 1 DAGs
[2022-07-24 23:14:31,836] {logging_mixin.py:115} INFO - [2022-07-24 23:14:31,836] {dag.py:2972} INFO - Setting next_dagrun for example_time_delta_sensor_async to None, run_after=None
[2022-07-24 23:14:31,851] {processor.py:161} INFO - Processing /Users/pro/Documents/a_env/proj_data/lib/python3.7/site-packages/airflow/example_dags/example_time_delta_sensor_async.py took 0.092 seconds
[2022-07-24 23:15:06,161] {processor.py:153} INFO - Started process (PID=12584) to work on /Users/pro/Documents/a_env/proj_data/lib/python3.7/site-packages/airflow/example_dags/example_time_delta_sensor_async.py
[2022-07-24 23:15:06,163] {processor.py:641} INFO - Processing file /Users/pro/Documents/a_env/proj_data/lib/python3.7/site-packages/airflow/example_dags/example_time_delta_sensor_async.py for tasks to queue
[2022-07-24 23:15:06,165] {logging_mixin.py:115} INFO - [2022-07-24 23:15:06,164] {dagbag.py:508} INFO - Filling up the DagBag from /Users/pro/Documents/a_env/proj_data/lib/python3.7/site-packages/airflow/example_dags/example_time_delta_sensor_async.py
[2022-07-24 23:15:06,176] {processor.py:651} INFO - DAG(s) dict_keys(['example_time_delta_sensor_async']) retrieved from /Users/pro/Documents/a_env/proj_data/lib/python3.7/site-packages/airflow/example_dags/example_time_delta_sensor_async.py
[2022-07-24 23:15:06,237] {logging_mixin.py:115} INFO - [2022-07-24 23:15:06,236] {dag.py:2420} INFO - Sync 1 DAGs
[2022-07-24 23:15:06,259] {logging_mixin.py:115} INFO - [2022-07-24 23:15:06,259] {dag.py:2972} INFO - Setting next_dagrun for example_time_delta_sensor_async to None, run_after=None
[2022-07-24 23:15:06,275] {processor.py:161} INFO - Processing /Users/pro/Documents/a_env/proj_data/lib/python3.7/site-packages/airflow/example_dags/example_time_delta_sensor_async.py took 0.119 seconds
[2022-07-24 23:15:42,119] {processor.py:153} INFO - Started process (PID=12722) to work on /Users/pro/Documents/a_env/proj_data/lib/python3.7/site-packages/airflow/example_dags/example_time_delta_sensor_async.py
[2022-07-24 23:15:42,121] {processor.py:641} INFO - Processing file /Users/pro/Documents/a_env/proj_data/lib/python3.7/site-packages/airflow/example_dags/example_time_delta_sensor_async.py for tasks to queue
[2022-07-24 23:15:42,122] {logging_mixin.py:115} INFO - [2022-07-24 23:15:42,121] {dagbag.py:508} INFO - Filling up the DagBag from /Users/pro/Documents/a_env/proj_data/lib/python3.7/site-packages/airflow/example_dags/example_time_delta_sensor_async.py
[2022-07-24 23:15:42,133] {processor.py:651} INFO - DAG(s) dict_keys(['example_time_delta_sensor_async']) retrieved from /Users/pro/Documents/a_env/proj_data/lib/python3.7/site-packages/airflow/example_dags/example_time_delta_sensor_async.py
[2022-07-24 23:15:42,201] {logging_mixin.py:115} INFO - [2022-07-24 23:15:42,200] {dag.py:2420} INFO - Sync 1 DAGs
[2022-07-24 23:15:42,223] {logging_mixin.py:115} INFO - [2022-07-24 23:15:42,223] {dag.py:2972} INFO - Setting next_dagrun for example_time_delta_sensor_async to None, run_after=None
[2022-07-24 23:15:42,237] {processor.py:161} INFO - Processing /Users/pro/Documents/a_env/proj_data/lib/python3.7/site-packages/airflow/example_dags/example_time_delta_sensor_async.py took 0.122 seconds
[2022-07-24 23:16:17,042] {processor.py:153} INFO - Started process (PID=12838) to work on /Users/pro/Documents/a_env/proj_data/lib/python3.7/site-packages/airflow/example_dags/example_time_delta_sensor_async.py
[2022-07-24 23:16:17,043] {processor.py:641} INFO - Processing file /Users/pro/Documents/a_env/proj_data/lib/python3.7/site-packages/airflow/example_dags/example_time_delta_sensor_async.py for tasks to queue
[2022-07-24 23:16:17,044] {logging_mixin.py:115} INFO - [2022-07-24 23:16:17,044] {dagbag.py:508} INFO - Filling up the DagBag from /Users/pro/Documents/a_env/proj_data/lib/python3.7/site-packages/airflow/example_dags/example_time_delta_sensor_async.py
[2022-07-24 23:16:17,052] {processor.py:651} INFO - DAG(s) dict_keys(['example_time_delta_sensor_async']) retrieved from /Users/pro/Documents/a_env/proj_data/lib/python3.7/site-packages/airflow/example_dags/example_time_delta_sensor_async.py
[2022-07-24 23:16:17,088] {logging_mixin.py:115} INFO - [2022-07-24 23:16:17,088] {dag.py:2420} INFO - Sync 1 DAGs
[2022-07-24 23:16:17,111] {logging_mixin.py:115} INFO - [2022-07-24 23:16:17,110] {dag.py:2972} INFO - Setting next_dagrun for example_time_delta_sensor_async to None, run_after=None
[2022-07-24 23:16:17,122] {processor.py:161} INFO - Processing /Users/pro/Documents/a_env/proj_data/lib/python3.7/site-packages/airflow/example_dags/example_time_delta_sensor_async.py took 0.086 seconds
[2022-07-24 23:16:49,308] {processor.py:153} INFO - Started process (PID=12926) to work on /Users/pro/Documents/a_env/proj_data/lib/python3.7/site-packages/airflow/example_dags/example_time_delta_sensor_async.py
[2022-07-24 23:16:49,309] {processor.py:641} INFO - Processing file /Users/pro/Documents/a_env/proj_data/lib/python3.7/site-packages/airflow/example_dags/example_time_delta_sensor_async.py for tasks to queue
[2022-07-24 23:16:49,310] {logging_mixin.py:115} INFO - [2022-07-24 23:16:49,310] {dagbag.py:508} INFO - Filling up the DagBag from /Users/pro/Documents/a_env/proj_data/lib/python3.7/site-packages/airflow/example_dags/example_time_delta_sensor_async.py
[2022-07-24 23:16:49,317] {processor.py:651} INFO - DAG(s) dict_keys(['example_time_delta_sensor_async']) retrieved from /Users/pro/Documents/a_env/proj_data/lib/python3.7/site-packages/airflow/example_dags/example_time_delta_sensor_async.py
[2022-07-24 23:16:49,373] {logging_mixin.py:115} INFO - [2022-07-24 23:16:49,373] {dag.py:2420} INFO - Sync 1 DAGs
[2022-07-24 23:16:49,398] {logging_mixin.py:115} INFO - [2022-07-24 23:16:49,397] {dag.py:2972} INFO - Setting next_dagrun for example_time_delta_sensor_async to None, run_after=None
[2022-07-24 23:16:49,412] {processor.py:161} INFO - Processing /Users/pro/Documents/a_env/proj_data/lib/python3.7/site-packages/airflow/example_dags/example_time_delta_sensor_async.py took 0.108 seconds
[2022-07-24 23:17:24,426] {processor.py:153} INFO - Started process (PID=13015) to work on /Users/pro/Documents/a_env/proj_data/lib/python3.7/site-packages/airflow/example_dags/example_time_delta_sensor_async.py
[2022-07-24 23:17:24,428] {processor.py:641} INFO - Processing file /Users/pro/Documents/a_env/proj_data/lib/python3.7/site-packages/airflow/example_dags/example_time_delta_sensor_async.py for tasks to queue
[2022-07-24 23:17:24,429] {logging_mixin.py:115} INFO - [2022-07-24 23:17:24,429] {dagbag.py:508} INFO - Filling up the DagBag from /Users/pro/Documents/a_env/proj_data/lib/python3.7/site-packages/airflow/example_dags/example_time_delta_sensor_async.py
[2022-07-24 23:17:24,438] {processor.py:651} INFO - DAG(s) dict_keys(['example_time_delta_sensor_async']) retrieved from /Users/pro/Documents/a_env/proj_data/lib/python3.7/site-packages/airflow/example_dags/example_time_delta_sensor_async.py
[2022-07-24 23:17:24,482] {logging_mixin.py:115} INFO - [2022-07-24 23:17:24,482] {dag.py:2420} INFO - Sync 1 DAGs
[2022-07-24 23:17:24,503] {logging_mixin.py:115} INFO - [2022-07-24 23:17:24,503] {dag.py:2972} INFO - Setting next_dagrun for example_time_delta_sensor_async to None, run_after=None
[2022-07-24 23:17:24,517] {processor.py:161} INFO - Processing /Users/pro/Documents/a_env/proj_data/lib/python3.7/site-packages/airflow/example_dags/example_time_delta_sensor_async.py took 0.095 seconds
[2022-07-24 23:17:57,328] {processor.py:153} INFO - Started process (PID=13103) to work on /Users/pro/Documents/a_env/proj_data/lib/python3.7/site-packages/airflow/example_dags/example_time_delta_sensor_async.py
[2022-07-24 23:17:57,342] {processor.py:641} INFO - Processing file /Users/pro/Documents/a_env/proj_data/lib/python3.7/site-packages/airflow/example_dags/example_time_delta_sensor_async.py for tasks to queue
[2022-07-24 23:17:57,343] {logging_mixin.py:115} INFO - [2022-07-24 23:17:57,343] {dagbag.py:508} INFO - Filling up the DagBag from /Users/pro/Documents/a_env/proj_data/lib/python3.7/site-packages/airflow/example_dags/example_time_delta_sensor_async.py
[2022-07-24 23:17:57,353] {processor.py:651} INFO - DAG(s) dict_keys(['example_time_delta_sensor_async']) retrieved from /Users/pro/Documents/a_env/proj_data/lib/python3.7/site-packages/airflow/example_dags/example_time_delta_sensor_async.py
[2022-07-24 23:17:57,413] {logging_mixin.py:115} INFO - [2022-07-24 23:17:57,412] {dag.py:2420} INFO - Sync 1 DAGs
[2022-07-24 23:17:57,435] {logging_mixin.py:115} INFO - [2022-07-24 23:17:57,435] {dag.py:2972} INFO - Setting next_dagrun for example_time_delta_sensor_async to None, run_after=None
[2022-07-24 23:17:57,448] {processor.py:161} INFO - Processing /Users/pro/Documents/a_env/proj_data/lib/python3.7/site-packages/airflow/example_dags/example_time_delta_sensor_async.py took 0.124 seconds
[2022-07-24 23:18:31,820] {processor.py:153} INFO - Started process (PID=13205) to work on /Users/pro/Documents/a_env/proj_data/lib/python3.7/site-packages/airflow/example_dags/example_time_delta_sensor_async.py
[2022-07-24 23:18:31,828] {processor.py:641} INFO - Processing file /Users/pro/Documents/a_env/proj_data/lib/python3.7/site-packages/airflow/example_dags/example_time_delta_sensor_async.py for tasks to queue
[2022-07-24 23:18:31,829] {logging_mixin.py:115} INFO - [2022-07-24 23:18:31,829] {dagbag.py:508} INFO - Filling up the DagBag from /Users/pro/Documents/a_env/proj_data/lib/python3.7/site-packages/airflow/example_dags/example_time_delta_sensor_async.py
[2022-07-24 23:18:31,839] {processor.py:651} INFO - DAG(s) dict_keys(['example_time_delta_sensor_async']) retrieved from /Users/pro/Documents/a_env/proj_data/lib/python3.7/site-packages/airflow/example_dags/example_time_delta_sensor_async.py
[2022-07-24 23:18:31,906] {logging_mixin.py:115} INFO - [2022-07-24 23:18:31,906] {dag.py:2420} INFO - Sync 1 DAGs
[2022-07-24 23:18:31,943] {logging_mixin.py:115} INFO - [2022-07-24 23:18:31,943] {dag.py:2972} INFO - Setting next_dagrun for example_time_delta_sensor_async to None, run_after=None
[2022-07-24 23:18:31,992] {processor.py:161} INFO - Processing /Users/pro/Documents/a_env/proj_data/lib/python3.7/site-packages/airflow/example_dags/example_time_delta_sensor_async.py took 0.176 seconds
[2022-07-24 23:19:05,266] {processor.py:153} INFO - Started process (PID=13305) to work on /Users/pro/Documents/a_env/proj_data/lib/python3.7/site-packages/airflow/example_dags/example_time_delta_sensor_async.py
[2022-07-24 23:19:05,267] {processor.py:641} INFO - Processing file /Users/pro/Documents/a_env/proj_data/lib/python3.7/site-packages/airflow/example_dags/example_time_delta_sensor_async.py for tasks to queue
[2022-07-24 23:19:05,268] {logging_mixin.py:115} INFO - [2022-07-24 23:19:05,268] {dagbag.py:508} INFO - Filling up the DagBag from /Users/pro/Documents/a_env/proj_data/lib/python3.7/site-packages/airflow/example_dags/example_time_delta_sensor_async.py
[2022-07-24 23:19:05,276] {processor.py:651} INFO - DAG(s) dict_keys(['example_time_delta_sensor_async']) retrieved from /Users/pro/Documents/a_env/proj_data/lib/python3.7/site-packages/airflow/example_dags/example_time_delta_sensor_async.py
[2022-07-24 23:19:05,305] {logging_mixin.py:115} INFO - [2022-07-24 23:19:05,305] {dag.py:2420} INFO - Sync 1 DAGs
[2022-07-24 23:19:05,328] {logging_mixin.py:115} INFO - [2022-07-24 23:19:05,328] {dag.py:2972} INFO - Setting next_dagrun for example_time_delta_sensor_async to None, run_after=None
[2022-07-24 23:19:05,341] {processor.py:161} INFO - Processing /Users/pro/Documents/a_env/proj_data/lib/python3.7/site-packages/airflow/example_dags/example_time_delta_sensor_async.py took 0.079 seconds
[2022-07-24 23:19:38,753] {processor.py:153} INFO - Started process (PID=13390) to work on /Users/pro/Documents/a_env/proj_data/lib/python3.7/site-packages/airflow/example_dags/example_time_delta_sensor_async.py
[2022-07-24 23:19:38,755] {processor.py:641} INFO - Processing file /Users/pro/Documents/a_env/proj_data/lib/python3.7/site-packages/airflow/example_dags/example_time_delta_sensor_async.py for tasks to queue
[2022-07-24 23:19:38,756] {logging_mixin.py:115} INFO - [2022-07-24 23:19:38,756] {dagbag.py:508} INFO - Filling up the DagBag from /Users/pro/Documents/a_env/proj_data/lib/python3.7/site-packages/airflow/example_dags/example_time_delta_sensor_async.py
[2022-07-24 23:19:38,766] {processor.py:651} INFO - DAG(s) dict_keys(['example_time_delta_sensor_async']) retrieved from /Users/pro/Documents/a_env/proj_data/lib/python3.7/site-packages/airflow/example_dags/example_time_delta_sensor_async.py
[2022-07-24 23:19:38,812] {logging_mixin.py:115} INFO - [2022-07-24 23:19:38,812] {dag.py:2420} INFO - Sync 1 DAGs
[2022-07-24 23:19:38,835] {logging_mixin.py:115} INFO - [2022-07-24 23:19:38,835] {dag.py:2972} INFO - Setting next_dagrun for example_time_delta_sensor_async to None, run_after=None
[2022-07-24 23:19:38,849] {processor.py:161} INFO - Processing /Users/pro/Documents/a_env/proj_data/lib/python3.7/site-packages/airflow/example_dags/example_time_delta_sensor_async.py took 0.100 seconds
[2022-07-24 23:20:12,368] {processor.py:153} INFO - Started process (PID=13459) to work on /Users/pro/Documents/a_env/proj_data/lib/python3.7/site-packages/airflow/example_dags/example_time_delta_sensor_async.py
[2022-07-24 23:20:12,369] {processor.py:641} INFO - Processing file /Users/pro/Documents/a_env/proj_data/lib/python3.7/site-packages/airflow/example_dags/example_time_delta_sensor_async.py for tasks to queue
[2022-07-24 23:20:12,370] {logging_mixin.py:115} INFO - [2022-07-24 23:20:12,370] {dagbag.py:508} INFO - Filling up the DagBag from /Users/pro/Documents/a_env/proj_data/lib/python3.7/site-packages/airflow/example_dags/example_time_delta_sensor_async.py
[2022-07-24 23:20:12,380] {processor.py:651} INFO - DAG(s) dict_keys(['example_time_delta_sensor_async']) retrieved from /Users/pro/Documents/a_env/proj_data/lib/python3.7/site-packages/airflow/example_dags/example_time_delta_sensor_async.py
[2022-07-24 23:20:12,430] {logging_mixin.py:115} INFO - [2022-07-24 23:20:12,430] {dag.py:2420} INFO - Sync 1 DAGs
[2022-07-24 23:20:12,454] {logging_mixin.py:115} INFO - [2022-07-24 23:20:12,454] {dag.py:2972} INFO - Setting next_dagrun for example_time_delta_sensor_async to None, run_after=None
[2022-07-24 23:20:12,468] {processor.py:161} INFO - Processing /Users/pro/Documents/a_env/proj_data/lib/python3.7/site-packages/airflow/example_dags/example_time_delta_sensor_async.py took 0.105 seconds
[2022-07-24 23:20:47,545] {processor.py:153} INFO - Started process (PID=13588) to work on /Users/pro/Documents/a_env/proj_data/lib/python3.7/site-packages/airflow/example_dags/example_time_delta_sensor_async.py
[2022-07-24 23:20:47,546] {processor.py:641} INFO - Processing file /Users/pro/Documents/a_env/proj_data/lib/python3.7/site-packages/airflow/example_dags/example_time_delta_sensor_async.py for tasks to queue
[2022-07-24 23:20:47,548] {logging_mixin.py:115} INFO - [2022-07-24 23:20:47,547] {dagbag.py:508} INFO - Filling up the DagBag from /Users/pro/Documents/a_env/proj_data/lib/python3.7/site-packages/airflow/example_dags/example_time_delta_sensor_async.py
[2022-07-24 23:20:47,558] {processor.py:651} INFO - DAG(s) dict_keys(['example_time_delta_sensor_async']) retrieved from /Users/pro/Documents/a_env/proj_data/lib/python3.7/site-packages/airflow/example_dags/example_time_delta_sensor_async.py
[2022-07-24 23:20:47,611] {logging_mixin.py:115} INFO - [2022-07-24 23:20:47,610] {dag.py:2420} INFO - Sync 1 DAGs
[2022-07-24 23:20:47,635] {logging_mixin.py:115} INFO - [2022-07-24 23:20:47,635] {dag.py:2972} INFO - Setting next_dagrun for example_time_delta_sensor_async to None, run_after=None
[2022-07-24 23:20:47,651] {processor.py:161} INFO - Processing /Users/pro/Documents/a_env/proj_data/lib/python3.7/site-packages/airflow/example_dags/example_time_delta_sensor_async.py took 0.112 seconds
[2022-07-24 23:21:21,626] {processor.py:153} INFO - Started process (PID=13841) to work on /Users/pro/Documents/a_env/proj_data/lib/python3.7/site-packages/airflow/example_dags/example_time_delta_sensor_async.py
[2022-07-24 23:21:21,627] {processor.py:641} INFO - Processing file /Users/pro/Documents/a_env/proj_data/lib/python3.7/site-packages/airflow/example_dags/example_time_delta_sensor_async.py for tasks to queue
[2022-07-24 23:21:21,629] {logging_mixin.py:115} INFO - [2022-07-24 23:21:21,628] {dagbag.py:508} INFO - Filling up the DagBag from /Users/pro/Documents/a_env/proj_data/lib/python3.7/site-packages/airflow/example_dags/example_time_delta_sensor_async.py
[2022-07-24 23:21:21,641] {processor.py:651} INFO - DAG(s) dict_keys(['example_time_delta_sensor_async']) retrieved from /Users/pro/Documents/a_env/proj_data/lib/python3.7/site-packages/airflow/example_dags/example_time_delta_sensor_async.py
[2022-07-24 23:21:21,687] {logging_mixin.py:115} INFO - [2022-07-24 23:21:21,687] {dag.py:2420} INFO - Sync 1 DAGs
[2022-07-24 23:21:21,711] {logging_mixin.py:115} INFO - [2022-07-24 23:21:21,710] {dag.py:2972} INFO - Setting next_dagrun for example_time_delta_sensor_async to None, run_after=None
[2022-07-24 23:21:21,725] {processor.py:161} INFO - Processing /Users/pro/Documents/a_env/proj_data/lib/python3.7/site-packages/airflow/example_dags/example_time_delta_sensor_async.py took 0.103 seconds
[2022-07-24 23:21:55,415] {processor.py:153} INFO - Started process (PID=13929) to work on /Users/pro/Documents/a_env/proj_data/lib/python3.7/site-packages/airflow/example_dags/example_time_delta_sensor_async.py
[2022-07-24 23:21:55,417] {processor.py:641} INFO - Processing file /Users/pro/Documents/a_env/proj_data/lib/python3.7/site-packages/airflow/example_dags/example_time_delta_sensor_async.py for tasks to queue
[2022-07-24 23:21:55,418] {logging_mixin.py:115} INFO - [2022-07-24 23:21:55,418] {dagbag.py:508} INFO - Filling up the DagBag from /Users/pro/Documents/a_env/proj_data/lib/python3.7/site-packages/airflow/example_dags/example_time_delta_sensor_async.py
[2022-07-24 23:21:55,429] {processor.py:651} INFO - DAG(s) dict_keys(['example_time_delta_sensor_async']) retrieved from /Users/pro/Documents/a_env/proj_data/lib/python3.7/site-packages/airflow/example_dags/example_time_delta_sensor_async.py
[2022-07-24 23:21:55,459] {logging_mixin.py:115} INFO - [2022-07-24 23:21:55,459] {dag.py:2420} INFO - Sync 1 DAGs
[2022-07-24 23:21:55,481] {logging_mixin.py:115} INFO - [2022-07-24 23:21:55,481] {dag.py:2972} INFO - Setting next_dagrun for example_time_delta_sensor_async to None, run_after=None
[2022-07-24 23:21:55,497] {processor.py:161} INFO - Processing /Users/pro/Documents/a_env/proj_data/lib/python3.7/site-packages/airflow/example_dags/example_time_delta_sensor_async.py took 0.087 seconds
[2022-07-24 23:22:27,799] {processor.py:153} INFO - Started process (PID=14021) to work on /Users/pro/Documents/a_env/proj_data/lib/python3.7/site-packages/airflow/example_dags/example_time_delta_sensor_async.py
[2022-07-24 23:22:27,800] {processor.py:641} INFO - Processing file /Users/pro/Documents/a_env/proj_data/lib/python3.7/site-packages/airflow/example_dags/example_time_delta_sensor_async.py for tasks to queue
[2022-07-24 23:22:27,801] {logging_mixin.py:115} INFO - [2022-07-24 23:22:27,801] {dagbag.py:508} INFO - Filling up the DagBag from /Users/pro/Documents/a_env/proj_data/lib/python3.7/site-packages/airflow/example_dags/example_time_delta_sensor_async.py
[2022-07-24 23:22:27,809] {processor.py:651} INFO - DAG(s) dict_keys(['example_time_delta_sensor_async']) retrieved from /Users/pro/Documents/a_env/proj_data/lib/python3.7/site-packages/airflow/example_dags/example_time_delta_sensor_async.py
[2022-07-24 23:22:27,840] {logging_mixin.py:115} INFO - [2022-07-24 23:22:27,839] {dag.py:2420} INFO - Sync 1 DAGs
[2022-07-24 23:22:27,862] {logging_mixin.py:115} INFO - [2022-07-24 23:22:27,862] {dag.py:2972} INFO - Setting next_dagrun for example_time_delta_sensor_async to None, run_after=None
[2022-07-24 23:22:27,876] {processor.py:161} INFO - Processing /Users/pro/Documents/a_env/proj_data/lib/python3.7/site-packages/airflow/example_dags/example_time_delta_sensor_async.py took 0.081 seconds
[2022-07-24 23:23:01,649] {processor.py:153} INFO - Started process (PID=14143) to work on /Users/pro/Documents/a_env/proj_data/lib/python3.7/site-packages/airflow/example_dags/example_time_delta_sensor_async.py
[2022-07-24 23:23:01,651] {processor.py:641} INFO - Processing file /Users/pro/Documents/a_env/proj_data/lib/python3.7/site-packages/airflow/example_dags/example_time_delta_sensor_async.py for tasks to queue
[2022-07-24 23:23:01,652] {logging_mixin.py:115} INFO - [2022-07-24 23:23:01,652] {dagbag.py:508} INFO - Filling up the DagBag from /Users/pro/Documents/a_env/proj_data/lib/python3.7/site-packages/airflow/example_dags/example_time_delta_sensor_async.py
[2022-07-24 23:23:01,662] {processor.py:651} INFO - DAG(s) dict_keys(['example_time_delta_sensor_async']) retrieved from /Users/pro/Documents/a_env/proj_data/lib/python3.7/site-packages/airflow/example_dags/example_time_delta_sensor_async.py
[2022-07-24 23:23:01,717] {logging_mixin.py:115} INFO - [2022-07-24 23:23:01,716] {dag.py:2420} INFO - Sync 1 DAGs
[2022-07-24 23:23:01,742] {logging_mixin.py:115} INFO - [2022-07-24 23:23:01,741] {dag.py:2972} INFO - Setting next_dagrun for example_time_delta_sensor_async to None, run_after=None
[2022-07-24 23:23:01,756] {processor.py:161} INFO - Processing /Users/pro/Documents/a_env/proj_data/lib/python3.7/site-packages/airflow/example_dags/example_time_delta_sensor_async.py took 0.112 seconds
[2022-07-24 23:23:36,488] {processor.py:153} INFO - Started process (PID=14225) to work on /Users/pro/Documents/a_env/proj_data/lib/python3.7/site-packages/airflow/example_dags/example_time_delta_sensor_async.py
[2022-07-24 23:23:36,490] {processor.py:641} INFO - Processing file /Users/pro/Documents/a_env/proj_data/lib/python3.7/site-packages/airflow/example_dags/example_time_delta_sensor_async.py for tasks to queue
[2022-07-24 23:23:36,492] {logging_mixin.py:115} INFO - [2022-07-24 23:23:36,491] {dagbag.py:508} INFO - Filling up the DagBag from /Users/pro/Documents/a_env/proj_data/lib/python3.7/site-packages/airflow/example_dags/example_time_delta_sensor_async.py
[2022-07-24 23:23:36,505] {processor.py:651} INFO - DAG(s) dict_keys(['example_time_delta_sensor_async']) retrieved from /Users/pro/Documents/a_env/proj_data/lib/python3.7/site-packages/airflow/example_dags/example_time_delta_sensor_async.py
[2022-07-24 23:23:36,560] {logging_mixin.py:115} INFO - [2022-07-24 23:23:36,559] {dag.py:2420} INFO - Sync 1 DAGs
[2022-07-24 23:23:36,590] {logging_mixin.py:115} INFO - [2022-07-24 23:23:36,589] {dag.py:2972} INFO - Setting next_dagrun for example_time_delta_sensor_async to None, run_after=None
[2022-07-24 23:23:36,605] {processor.py:161} INFO - Processing /Users/pro/Documents/a_env/proj_data/lib/python3.7/site-packages/airflow/example_dags/example_time_delta_sensor_async.py took 0.127 seconds
[2022-07-24 23:24:10,883] {processor.py:153} INFO - Started process (PID=14316) to work on /Users/pro/Documents/a_env/proj_data/lib/python3.7/site-packages/airflow/example_dags/example_time_delta_sensor_async.py
[2022-07-24 23:24:10,885] {processor.py:641} INFO - Processing file /Users/pro/Documents/a_env/proj_data/lib/python3.7/site-packages/airflow/example_dags/example_time_delta_sensor_async.py for tasks to queue
[2022-07-24 23:24:10,886] {logging_mixin.py:115} INFO - [2022-07-24 23:24:10,886] {dagbag.py:508} INFO - Filling up the DagBag from /Users/pro/Documents/a_env/proj_data/lib/python3.7/site-packages/airflow/example_dags/example_time_delta_sensor_async.py
[2022-07-24 23:24:10,897] {processor.py:651} INFO - DAG(s) dict_keys(['example_time_delta_sensor_async']) retrieved from /Users/pro/Documents/a_env/proj_data/lib/python3.7/site-packages/airflow/example_dags/example_time_delta_sensor_async.py
[2022-07-24 23:24:10,937] {logging_mixin.py:115} INFO - [2022-07-24 23:24:10,936] {dag.py:2420} INFO - Sync 1 DAGs
[2022-07-24 23:24:10,964] {logging_mixin.py:115} INFO - [2022-07-24 23:24:10,964] {dag.py:2972} INFO - Setting next_dagrun for example_time_delta_sensor_async to None, run_after=None
[2022-07-24 23:24:10,981] {processor.py:161} INFO - Processing /Users/pro/Documents/a_env/proj_data/lib/python3.7/site-packages/airflow/example_dags/example_time_delta_sensor_async.py took 0.104 seconds
[2022-07-24 23:24:45,791] {processor.py:153} INFO - Started process (PID=14386) to work on /Users/pro/Documents/a_env/proj_data/lib/python3.7/site-packages/airflow/example_dags/example_time_delta_sensor_async.py
[2022-07-24 23:24:45,795] {processor.py:641} INFO - Processing file /Users/pro/Documents/a_env/proj_data/lib/python3.7/site-packages/airflow/example_dags/example_time_delta_sensor_async.py for tasks to queue
[2022-07-24 23:24:45,796] {logging_mixin.py:115} INFO - [2022-07-24 23:24:45,796] {dagbag.py:508} INFO - Filling up the DagBag from /Users/pro/Documents/a_env/proj_data/lib/python3.7/site-packages/airflow/example_dags/example_time_delta_sensor_async.py
[2022-07-24 23:24:45,805] {processor.py:651} INFO - DAG(s) dict_keys(['example_time_delta_sensor_async']) retrieved from /Users/pro/Documents/a_env/proj_data/lib/python3.7/site-packages/airflow/example_dags/example_time_delta_sensor_async.py
[2022-07-24 23:24:45,834] {logging_mixin.py:115} INFO - [2022-07-24 23:24:45,834] {dag.py:2420} INFO - Sync 1 DAGs
[2022-07-24 23:24:45,858] {logging_mixin.py:115} INFO - [2022-07-24 23:24:45,858] {dag.py:2972} INFO - Setting next_dagrun for example_time_delta_sensor_async to None, run_after=None
[2022-07-24 23:24:45,874] {processor.py:161} INFO - Processing /Users/pro/Documents/a_env/proj_data/lib/python3.7/site-packages/airflow/example_dags/example_time_delta_sensor_async.py took 0.088 seconds
[2022-07-24 23:25:21,882] {processor.py:153} INFO - Started process (PID=14446) to work on /Users/pro/Documents/a_env/proj_data/lib/python3.7/site-packages/airflow/example_dags/example_time_delta_sensor_async.py
[2022-07-24 23:25:21,884] {processor.py:641} INFO - Processing file /Users/pro/Documents/a_env/proj_data/lib/python3.7/site-packages/airflow/example_dags/example_time_delta_sensor_async.py for tasks to queue
[2022-07-24 23:25:21,885] {logging_mixin.py:115} INFO - [2022-07-24 23:25:21,885] {dagbag.py:508} INFO - Filling up the DagBag from /Users/pro/Documents/a_env/proj_data/lib/python3.7/site-packages/airflow/example_dags/example_time_delta_sensor_async.py
[2022-07-24 23:25:21,895] {processor.py:651} INFO - DAG(s) dict_keys(['example_time_delta_sensor_async']) retrieved from /Users/pro/Documents/a_env/proj_data/lib/python3.7/site-packages/airflow/example_dags/example_time_delta_sensor_async.py
[2022-07-24 23:25:21,940] {logging_mixin.py:115} INFO - [2022-07-24 23:25:21,940] {dag.py:2420} INFO - Sync 1 DAGs
[2022-07-24 23:25:21,962] {logging_mixin.py:115} INFO - [2022-07-24 23:25:21,961] {dag.py:2972} INFO - Setting next_dagrun for example_time_delta_sensor_async to None, run_after=None
[2022-07-24 23:25:21,975] {processor.py:161} INFO - Processing /Users/pro/Documents/a_env/proj_data/lib/python3.7/site-packages/airflow/example_dags/example_time_delta_sensor_async.py took 0.097 seconds
[2022-07-24 23:25:56,901] {processor.py:153} INFO - Started process (PID=14490) to work on /Users/pro/Documents/a_env/proj_data/lib/python3.7/site-packages/airflow/example_dags/example_time_delta_sensor_async.py
[2022-07-24 23:25:56,903] {processor.py:641} INFO - Processing file /Users/pro/Documents/a_env/proj_data/lib/python3.7/site-packages/airflow/example_dags/example_time_delta_sensor_async.py for tasks to queue
[2022-07-24 23:25:56,905] {logging_mixin.py:115} INFO - [2022-07-24 23:25:56,904] {dagbag.py:508} INFO - Filling up the DagBag from /Users/pro/Documents/a_env/proj_data/lib/python3.7/site-packages/airflow/example_dags/example_time_delta_sensor_async.py
[2022-07-24 23:25:56,916] {processor.py:651} INFO - DAG(s) dict_keys(['example_time_delta_sensor_async']) retrieved from /Users/pro/Documents/a_env/proj_data/lib/python3.7/site-packages/airflow/example_dags/example_time_delta_sensor_async.py
[2022-07-24 23:25:56,962] {logging_mixin.py:115} INFO - [2022-07-24 23:25:56,962] {dag.py:2420} INFO - Sync 1 DAGs
[2022-07-24 23:25:56,987] {logging_mixin.py:115} INFO - [2022-07-24 23:25:56,987] {dag.py:2972} INFO - Setting next_dagrun for example_time_delta_sensor_async to None, run_after=None
[2022-07-24 23:25:57,002] {processor.py:161} INFO - Processing /Users/pro/Documents/a_env/proj_data/lib/python3.7/site-packages/airflow/example_dags/example_time_delta_sensor_async.py took 0.106 seconds
[2022-07-24 23:26:32,909] {processor.py:153} INFO - Started process (PID=14533) to work on /Users/pro/Documents/a_env/proj_data/lib/python3.7/site-packages/airflow/example_dags/example_time_delta_sensor_async.py
[2022-07-24 23:26:32,911] {processor.py:641} INFO - Processing file /Users/pro/Documents/a_env/proj_data/lib/python3.7/site-packages/airflow/example_dags/example_time_delta_sensor_async.py for tasks to queue
[2022-07-24 23:26:32,912] {logging_mixin.py:115} INFO - [2022-07-24 23:26:32,912] {dagbag.py:508} INFO - Filling up the DagBag from /Users/pro/Documents/a_env/proj_data/lib/python3.7/site-packages/airflow/example_dags/example_time_delta_sensor_async.py
[2022-07-24 23:26:32,922] {processor.py:651} INFO - DAG(s) dict_keys(['example_time_delta_sensor_async']) retrieved from /Users/pro/Documents/a_env/proj_data/lib/python3.7/site-packages/airflow/example_dags/example_time_delta_sensor_async.py
[2022-07-24 23:26:32,964] {logging_mixin.py:115} INFO - [2022-07-24 23:26:32,963] {dag.py:2420} INFO - Sync 1 DAGs
[2022-07-24 23:26:32,988] {logging_mixin.py:115} INFO - [2022-07-24 23:26:32,988] {dag.py:2972} INFO - Setting next_dagrun for example_time_delta_sensor_async to None, run_after=None
[2022-07-24 23:26:33,001] {processor.py:161} INFO - Processing /Users/pro/Documents/a_env/proj_data/lib/python3.7/site-packages/airflow/example_dags/example_time_delta_sensor_async.py took 0.098 seconds
[2022-07-24 23:27:07,024] {processor.py:153} INFO - Started process (PID=14588) to work on /Users/pro/Documents/a_env/proj_data/lib/python3.7/site-packages/airflow/example_dags/example_time_delta_sensor_async.py
[2022-07-24 23:27:07,026] {processor.py:641} INFO - Processing file /Users/pro/Documents/a_env/proj_data/lib/python3.7/site-packages/airflow/example_dags/example_time_delta_sensor_async.py for tasks to queue
[2022-07-24 23:27:07,027] {logging_mixin.py:115} INFO - [2022-07-24 23:27:07,027] {dagbag.py:508} INFO - Filling up the DagBag from /Users/pro/Documents/a_env/proj_data/lib/python3.7/site-packages/airflow/example_dags/example_time_delta_sensor_async.py
[2022-07-24 23:27:07,038] {processor.py:651} INFO - DAG(s) dict_keys(['example_time_delta_sensor_async']) retrieved from /Users/pro/Documents/a_env/proj_data/lib/python3.7/site-packages/airflow/example_dags/example_time_delta_sensor_async.py
[2022-07-24 23:27:07,068] {logging_mixin.py:115} INFO - [2022-07-24 23:27:07,068] {dag.py:2420} INFO - Sync 1 DAGs
[2022-07-24 23:27:07,094] {logging_mixin.py:115} INFO - [2022-07-24 23:27:07,094] {dag.py:2972} INFO - Setting next_dagrun for example_time_delta_sensor_async to None, run_after=None
[2022-07-24 23:27:07,109] {processor.py:161} INFO - Processing /Users/pro/Documents/a_env/proj_data/lib/python3.7/site-packages/airflow/example_dags/example_time_delta_sensor_async.py took 0.090 seconds
[2022-07-24 23:27:41,811] {processor.py:153} INFO - Started process (PID=14699) to work on /Users/pro/Documents/a_env/proj_data/lib/python3.7/site-packages/airflow/example_dags/example_time_delta_sensor_async.py
[2022-07-24 23:27:41,814] {processor.py:641} INFO - Processing file /Users/pro/Documents/a_env/proj_data/lib/python3.7/site-packages/airflow/example_dags/example_time_delta_sensor_async.py for tasks to queue
[2022-07-24 23:27:41,816] {logging_mixin.py:115} INFO - [2022-07-24 23:27:41,815] {dagbag.py:508} INFO - Filling up the DagBag from /Users/pro/Documents/a_env/proj_data/lib/python3.7/site-packages/airflow/example_dags/example_time_delta_sensor_async.py
[2022-07-24 23:27:41,829] {processor.py:651} INFO - DAG(s) dict_keys(['example_time_delta_sensor_async']) retrieved from /Users/pro/Documents/a_env/proj_data/lib/python3.7/site-packages/airflow/example_dags/example_time_delta_sensor_async.py
[2022-07-24 23:27:41,881] {logging_mixin.py:115} INFO - [2022-07-24 23:27:41,881] {dag.py:2420} INFO - Sync 1 DAGs
[2022-07-24 23:27:41,909] {logging_mixin.py:115} INFO - [2022-07-24 23:27:41,909] {dag.py:2972} INFO - Setting next_dagrun for example_time_delta_sensor_async to None, run_after=None
[2022-07-24 23:27:41,924] {processor.py:161} INFO - Processing /Users/pro/Documents/a_env/proj_data/lib/python3.7/site-packages/airflow/example_dags/example_time_delta_sensor_async.py took 0.119 seconds
[2022-07-24 23:28:15,543] {processor.py:153} INFO - Started process (PID=14791) to work on /Users/pro/Documents/a_env/proj_data/lib/python3.7/site-packages/airflow/example_dags/example_time_delta_sensor_async.py
[2022-07-24 23:28:15,544] {processor.py:641} INFO - Processing file /Users/pro/Documents/a_env/proj_data/lib/python3.7/site-packages/airflow/example_dags/example_time_delta_sensor_async.py for tasks to queue
[2022-07-24 23:28:15,546] {logging_mixin.py:115} INFO - [2022-07-24 23:28:15,545] {dagbag.py:508} INFO - Filling up the DagBag from /Users/pro/Documents/a_env/proj_data/lib/python3.7/site-packages/airflow/example_dags/example_time_delta_sensor_async.py
[2022-07-24 23:28:15,556] {processor.py:651} INFO - DAG(s) dict_keys(['example_time_delta_sensor_async']) retrieved from /Users/pro/Documents/a_env/proj_data/lib/python3.7/site-packages/airflow/example_dags/example_time_delta_sensor_async.py
[2022-07-24 23:28:15,606] {logging_mixin.py:115} INFO - [2022-07-24 23:28:15,605] {dag.py:2420} INFO - Sync 1 DAGs
[2022-07-24 23:28:15,631] {logging_mixin.py:115} INFO - [2022-07-24 23:28:15,631] {dag.py:2972} INFO - Setting next_dagrun for example_time_delta_sensor_async to None, run_after=None
[2022-07-24 23:28:15,647] {processor.py:161} INFO - Processing /Users/pro/Documents/a_env/proj_data/lib/python3.7/site-packages/airflow/example_dags/example_time_delta_sensor_async.py took 0.108 seconds
[2022-07-24 23:28:49,725] {processor.py:153} INFO - Started process (PID=14848) to work on /Users/pro/Documents/a_env/proj_data/lib/python3.7/site-packages/airflow/example_dags/example_time_delta_sensor_async.py
[2022-07-24 23:28:49,727] {processor.py:641} INFO - Processing file /Users/pro/Documents/a_env/proj_data/lib/python3.7/site-packages/airflow/example_dags/example_time_delta_sensor_async.py for tasks to queue
[2022-07-24 23:28:49,729] {logging_mixin.py:115} INFO - [2022-07-24 23:28:49,728] {dagbag.py:508} INFO - Filling up the DagBag from /Users/pro/Documents/a_env/proj_data/lib/python3.7/site-packages/airflow/example_dags/example_time_delta_sensor_async.py
[2022-07-24 23:28:49,741] {processor.py:651} INFO - DAG(s) dict_keys(['example_time_delta_sensor_async']) retrieved from /Users/pro/Documents/a_env/proj_data/lib/python3.7/site-packages/airflow/example_dags/example_time_delta_sensor_async.py
[2022-07-24 23:28:49,793] {logging_mixin.py:115} INFO - [2022-07-24 23:28:49,792] {dag.py:2420} INFO - Sync 1 DAGs
[2022-07-24 23:28:49,816] {logging_mixin.py:115} INFO - [2022-07-24 23:28:49,815] {dag.py:2972} INFO - Setting next_dagrun for example_time_delta_sensor_async to None, run_after=None
[2022-07-24 23:28:49,829] {processor.py:161} INFO - Processing /Users/pro/Documents/a_env/proj_data/lib/python3.7/site-packages/airflow/example_dags/example_time_delta_sensor_async.py took 0.109 seconds
[2022-07-24 23:29:24,587] {processor.py:153} INFO - Started process (PID=14882) to work on /Users/pro/Documents/a_env/proj_data/lib/python3.7/site-packages/airflow/example_dags/example_time_delta_sensor_async.py
[2022-07-24 23:29:24,588] {processor.py:641} INFO - Processing file /Users/pro/Documents/a_env/proj_data/lib/python3.7/site-packages/airflow/example_dags/example_time_delta_sensor_async.py for tasks to queue
[2022-07-24 23:29:24,590] {logging_mixin.py:115} INFO - [2022-07-24 23:29:24,589] {dagbag.py:508} INFO - Filling up the DagBag from /Users/pro/Documents/a_env/proj_data/lib/python3.7/site-packages/airflow/example_dags/example_time_delta_sensor_async.py
[2022-07-24 23:29:24,598] {processor.py:651} INFO - DAG(s) dict_keys(['example_time_delta_sensor_async']) retrieved from /Users/pro/Documents/a_env/proj_data/lib/python3.7/site-packages/airflow/example_dags/example_time_delta_sensor_async.py
[2022-07-24 23:29:24,629] {logging_mixin.py:115} INFO - [2022-07-24 23:29:24,629] {dag.py:2420} INFO - Sync 1 DAGs
[2022-07-24 23:29:24,652] {logging_mixin.py:115} INFO - [2022-07-24 23:29:24,652] {dag.py:2972} INFO - Setting next_dagrun for example_time_delta_sensor_async to None, run_after=None
[2022-07-24 23:29:24,668] {processor.py:161} INFO - Processing /Users/pro/Documents/a_env/proj_data/lib/python3.7/site-packages/airflow/example_dags/example_time_delta_sensor_async.py took 0.086 seconds
[2022-07-24 23:29:58,534] {processor.py:153} INFO - Started process (PID=14931) to work on /Users/pro/Documents/a_env/proj_data/lib/python3.7/site-packages/airflow/example_dags/example_time_delta_sensor_async.py
[2022-07-24 23:29:58,536] {processor.py:641} INFO - Processing file /Users/pro/Documents/a_env/proj_data/lib/python3.7/site-packages/airflow/example_dags/example_time_delta_sensor_async.py for tasks to queue
[2022-07-24 23:29:58,538] {logging_mixin.py:115} INFO - [2022-07-24 23:29:58,538] {dagbag.py:508} INFO - Filling up the DagBag from /Users/pro/Documents/a_env/proj_data/lib/python3.7/site-packages/airflow/example_dags/example_time_delta_sensor_async.py
[2022-07-24 23:29:58,551] {processor.py:651} INFO - DAG(s) dict_keys(['example_time_delta_sensor_async']) retrieved from /Users/pro/Documents/a_env/proj_data/lib/python3.7/site-packages/airflow/example_dags/example_time_delta_sensor_async.py
[2022-07-24 23:29:58,584] {logging_mixin.py:115} INFO - [2022-07-24 23:29:58,583] {dag.py:2420} INFO - Sync 1 DAGs
[2022-07-24 23:29:58,607] {logging_mixin.py:115} INFO - [2022-07-24 23:29:58,607] {dag.py:2972} INFO - Setting next_dagrun for example_time_delta_sensor_async to None, run_after=None
[2022-07-24 23:29:58,621] {processor.py:161} INFO - Processing /Users/pro/Documents/a_env/proj_data/lib/python3.7/site-packages/airflow/example_dags/example_time_delta_sensor_async.py took 0.091 seconds
[2022-07-24 23:30:30,819] {processor.py:153} INFO - Started process (PID=14972) to work on /Users/pro/Documents/a_env/proj_data/lib/python3.7/site-packages/airflow/example_dags/example_time_delta_sensor_async.py
[2022-07-24 23:30:30,820] {processor.py:641} INFO - Processing file /Users/pro/Documents/a_env/proj_data/lib/python3.7/site-packages/airflow/example_dags/example_time_delta_sensor_async.py for tasks to queue
[2022-07-24 23:30:30,821] {logging_mixin.py:115} INFO - [2022-07-24 23:30:30,821] {dagbag.py:508} INFO - Filling up the DagBag from /Users/pro/Documents/a_env/proj_data/lib/python3.7/site-packages/airflow/example_dags/example_time_delta_sensor_async.py
[2022-07-24 23:30:30,831] {processor.py:651} INFO - DAG(s) dict_keys(['example_time_delta_sensor_async']) retrieved from /Users/pro/Documents/a_env/proj_data/lib/python3.7/site-packages/airflow/example_dags/example_time_delta_sensor_async.py
[2022-07-24 23:30:30,862] {logging_mixin.py:115} INFO - [2022-07-24 23:30:30,861] {dag.py:2420} INFO - Sync 1 DAGs
[2022-07-24 23:30:30,885] {logging_mixin.py:115} INFO - [2022-07-24 23:30:30,885] {dag.py:2972} INFO - Setting next_dagrun for example_time_delta_sensor_async to None, run_after=None
[2022-07-24 23:30:30,900] {processor.py:161} INFO - Processing /Users/pro/Documents/a_env/proj_data/lib/python3.7/site-packages/airflow/example_dags/example_time_delta_sensor_async.py took 0.087 seconds
[2022-07-24 23:31:04,656] {processor.py:153} INFO - Started process (PID=15006) to work on /Users/pro/Documents/a_env/proj_data/lib/python3.7/site-packages/airflow/example_dags/example_time_delta_sensor_async.py
[2022-07-24 23:31:04,657] {processor.py:641} INFO - Processing file /Users/pro/Documents/a_env/proj_data/lib/python3.7/site-packages/airflow/example_dags/example_time_delta_sensor_async.py for tasks to queue
[2022-07-24 23:31:04,658] {logging_mixin.py:115} INFO - [2022-07-24 23:31:04,657] {dagbag.py:508} INFO - Filling up the DagBag from /Users/pro/Documents/a_env/proj_data/lib/python3.7/site-packages/airflow/example_dags/example_time_delta_sensor_async.py
[2022-07-24 23:31:04,667] {processor.py:651} INFO - DAG(s) dict_keys(['example_time_delta_sensor_async']) retrieved from /Users/pro/Documents/a_env/proj_data/lib/python3.7/site-packages/airflow/example_dags/example_time_delta_sensor_async.py
[2022-07-24 23:31:04,697] {logging_mixin.py:115} INFO - [2022-07-24 23:31:04,697] {dag.py:2420} INFO - Sync 1 DAGs
[2022-07-24 23:31:04,719] {logging_mixin.py:115} INFO - [2022-07-24 23:31:04,719] {dag.py:2972} INFO - Setting next_dagrun for example_time_delta_sensor_async to None, run_after=None
[2022-07-24 23:31:04,732] {processor.py:161} INFO - Processing /Users/pro/Documents/a_env/proj_data/lib/python3.7/site-packages/airflow/example_dags/example_time_delta_sensor_async.py took 0.082 seconds
[2022-07-24 23:31:39,533] {processor.py:153} INFO - Started process (PID=15051) to work on /Users/pro/Documents/a_env/proj_data/lib/python3.7/site-packages/airflow/example_dags/example_time_delta_sensor_async.py
[2022-07-24 23:31:39,536] {processor.py:641} INFO - Processing file /Users/pro/Documents/a_env/proj_data/lib/python3.7/site-packages/airflow/example_dags/example_time_delta_sensor_async.py for tasks to queue
[2022-07-24 23:31:39,537] {logging_mixin.py:115} INFO - [2022-07-24 23:31:39,537] {dagbag.py:508} INFO - Filling up the DagBag from /Users/pro/Documents/a_env/proj_data/lib/python3.7/site-packages/airflow/example_dags/example_time_delta_sensor_async.py
[2022-07-24 23:31:39,551] {processor.py:651} INFO - DAG(s) dict_keys(['example_time_delta_sensor_async']) retrieved from /Users/pro/Documents/a_env/proj_data/lib/python3.7/site-packages/airflow/example_dags/example_time_delta_sensor_async.py
[2022-07-24 23:31:39,609] {logging_mixin.py:115} INFO - [2022-07-24 23:31:39,609] {dag.py:2420} INFO - Sync 1 DAGs
[2022-07-24 23:31:39,632] {logging_mixin.py:115} INFO - [2022-07-24 23:31:39,632] {dag.py:2972} INFO - Setting next_dagrun for example_time_delta_sensor_async to None, run_after=None
[2022-07-24 23:31:39,646] {processor.py:161} INFO - Processing /Users/pro/Documents/a_env/proj_data/lib/python3.7/site-packages/airflow/example_dags/example_time_delta_sensor_async.py took 0.118 seconds
[2022-07-24 23:32:13,525] {processor.py:153} INFO - Started process (PID=15148) to work on /Users/pro/Documents/a_env/proj_data/lib/python3.7/site-packages/airflow/example_dags/example_time_delta_sensor_async.py
[2022-07-24 23:32:13,528] {processor.py:641} INFO - Processing file /Users/pro/Documents/a_env/proj_data/lib/python3.7/site-packages/airflow/example_dags/example_time_delta_sensor_async.py for tasks to queue
[2022-07-24 23:32:13,529] {logging_mixin.py:115} INFO - [2022-07-24 23:32:13,528] {dagbag.py:508} INFO - Filling up the DagBag from /Users/pro/Documents/a_env/proj_data/lib/python3.7/site-packages/airflow/example_dags/example_time_delta_sensor_async.py
[2022-07-24 23:32:13,538] {processor.py:651} INFO - DAG(s) dict_keys(['example_time_delta_sensor_async']) retrieved from /Users/pro/Documents/a_env/proj_data/lib/python3.7/site-packages/airflow/example_dags/example_time_delta_sensor_async.py
[2022-07-24 23:32:13,583] {logging_mixin.py:115} INFO - [2022-07-24 23:32:13,582] {dag.py:2420} INFO - Sync 1 DAGs
[2022-07-24 23:32:13,605] {logging_mixin.py:115} INFO - [2022-07-24 23:32:13,605] {dag.py:2972} INFO - Setting next_dagrun for example_time_delta_sensor_async to None, run_after=None
[2022-07-24 23:32:13,620] {processor.py:161} INFO - Processing /Users/pro/Documents/a_env/proj_data/lib/python3.7/site-packages/airflow/example_dags/example_time_delta_sensor_async.py took 0.099 seconds
[2022-07-24 23:32:48,667] {processor.py:153} INFO - Started process (PID=15229) to work on /Users/pro/Documents/a_env/proj_data/lib/python3.7/site-packages/airflow/example_dags/example_time_delta_sensor_async.py
[2022-07-24 23:32:48,670] {processor.py:641} INFO - Processing file /Users/pro/Documents/a_env/proj_data/lib/python3.7/site-packages/airflow/example_dags/example_time_delta_sensor_async.py for tasks to queue
[2022-07-24 23:32:48,671] {logging_mixin.py:115} INFO - [2022-07-24 23:32:48,671] {dagbag.py:508} INFO - Filling up the DagBag from /Users/pro/Documents/a_env/proj_data/lib/python3.7/site-packages/airflow/example_dags/example_time_delta_sensor_async.py
[2022-07-24 23:32:48,683] {processor.py:651} INFO - DAG(s) dict_keys(['example_time_delta_sensor_async']) retrieved from /Users/pro/Documents/a_env/proj_data/lib/python3.7/site-packages/airflow/example_dags/example_time_delta_sensor_async.py
[2022-07-24 23:32:48,715] {logging_mixin.py:115} INFO - [2022-07-24 23:32:48,715] {dag.py:2420} INFO - Sync 1 DAGs
[2022-07-24 23:32:48,737] {logging_mixin.py:115} INFO - [2022-07-24 23:32:48,737] {dag.py:2972} INFO - Setting next_dagrun for example_time_delta_sensor_async to None, run_after=None
[2022-07-24 23:32:48,750] {processor.py:161} INFO - Processing /Users/pro/Documents/a_env/proj_data/lib/python3.7/site-packages/airflow/example_dags/example_time_delta_sensor_async.py took 0.088 seconds
[2022-07-24 23:33:23,752] {processor.py:153} INFO - Started process (PID=15325) to work on /Users/pro/Documents/a_env/proj_data/lib/python3.7/site-packages/airflow/example_dags/example_time_delta_sensor_async.py
[2022-07-24 23:33:23,753] {processor.py:641} INFO - Processing file /Users/pro/Documents/a_env/proj_data/lib/python3.7/site-packages/airflow/example_dags/example_time_delta_sensor_async.py for tasks to queue
[2022-07-24 23:33:23,754] {logging_mixin.py:115} INFO - [2022-07-24 23:33:23,754] {dagbag.py:508} INFO - Filling up the DagBag from /Users/pro/Documents/a_env/proj_data/lib/python3.7/site-packages/airflow/example_dags/example_time_delta_sensor_async.py
[2022-07-24 23:33:23,762] {processor.py:651} INFO - DAG(s) dict_keys(['example_time_delta_sensor_async']) retrieved from /Users/pro/Documents/a_env/proj_data/lib/python3.7/site-packages/airflow/example_dags/example_time_delta_sensor_async.py
[2022-07-24 23:33:23,791] {logging_mixin.py:115} INFO - [2022-07-24 23:33:23,791] {dag.py:2420} INFO - Sync 1 DAGs
[2022-07-24 23:33:23,816] {logging_mixin.py:115} INFO - [2022-07-24 23:33:23,815] {dag.py:2972} INFO - Setting next_dagrun for example_time_delta_sensor_async to None, run_after=None
[2022-07-24 23:33:23,829] {processor.py:161} INFO - Processing /Users/pro/Documents/a_env/proj_data/lib/python3.7/site-packages/airflow/example_dags/example_time_delta_sensor_async.py took 0.082 seconds
[2022-07-24 23:33:58,333] {processor.py:153} INFO - Started process (PID=15428) to work on /Users/pro/Documents/a_env/proj_data/lib/python3.7/site-packages/airflow/example_dags/example_time_delta_sensor_async.py
[2022-07-24 23:33:58,340] {processor.py:641} INFO - Processing file /Users/pro/Documents/a_env/proj_data/lib/python3.7/site-packages/airflow/example_dags/example_time_delta_sensor_async.py for tasks to queue
[2022-07-24 23:33:58,343] {logging_mixin.py:115} INFO - [2022-07-24 23:33:58,342] {dagbag.py:508} INFO - Filling up the DagBag from /Users/pro/Documents/a_env/proj_data/lib/python3.7/site-packages/airflow/example_dags/example_time_delta_sensor_async.py
[2022-07-24 23:33:58,356] {processor.py:651} INFO - DAG(s) dict_keys(['example_time_delta_sensor_async']) retrieved from /Users/pro/Documents/a_env/proj_data/lib/python3.7/site-packages/airflow/example_dags/example_time_delta_sensor_async.py
[2022-07-24 23:33:58,433] {logging_mixin.py:115} INFO - [2022-07-24 23:33:58,433] {dag.py:2420} INFO - Sync 1 DAGs
[2022-07-24 23:33:58,468] {logging_mixin.py:115} INFO - [2022-07-24 23:33:58,468] {dag.py:2972} INFO - Setting next_dagrun for example_time_delta_sensor_async to None, run_after=None
[2022-07-24 23:33:58,489] {processor.py:161} INFO - Processing /Users/pro/Documents/a_env/proj_data/lib/python3.7/site-packages/airflow/example_dags/example_time_delta_sensor_async.py took 0.162 seconds
[2022-07-24 23:34:32,269] {processor.py:153} INFO - Started process (PID=15535) to work on /Users/pro/Documents/a_env/proj_data/lib/python3.7/site-packages/airflow/example_dags/example_time_delta_sensor_async.py
[2022-07-24 23:34:32,270] {processor.py:641} INFO - Processing file /Users/pro/Documents/a_env/proj_data/lib/python3.7/site-packages/airflow/example_dags/example_time_delta_sensor_async.py for tasks to queue
[2022-07-24 23:34:32,271] {logging_mixin.py:115} INFO - [2022-07-24 23:34:32,271] {dagbag.py:508} INFO - Filling up the DagBag from /Users/pro/Documents/a_env/proj_data/lib/python3.7/site-packages/airflow/example_dags/example_time_delta_sensor_async.py
[2022-07-24 23:34:32,279] {processor.py:651} INFO - DAG(s) dict_keys(['example_time_delta_sensor_async']) retrieved from /Users/pro/Documents/a_env/proj_data/lib/python3.7/site-packages/airflow/example_dags/example_time_delta_sensor_async.py
[2022-07-24 23:34:32,309] {logging_mixin.py:115} INFO - [2022-07-24 23:34:32,308] {dag.py:2420} INFO - Sync 1 DAGs
[2022-07-24 23:34:32,330] {logging_mixin.py:115} INFO - [2022-07-24 23:34:32,330] {dag.py:2972} INFO - Setting next_dagrun for example_time_delta_sensor_async to None, run_after=None
[2022-07-24 23:34:32,345] {processor.py:161} INFO - Processing /Users/pro/Documents/a_env/proj_data/lib/python3.7/site-packages/airflow/example_dags/example_time_delta_sensor_async.py took 0.081 seconds
