[2022-07-24 23:12:10,122] {processor.py:153} INFO - Started process (PID=12397) to work on /Users/pro/Documents/a_env/proj_data/lib/python3.7/site-packages/airflow/example_dags/example_xcomargs.py
[2022-07-24 23:12:10,123] {processor.py:641} INFO - Processing file /Users/pro/Documents/a_env/proj_data/lib/python3.7/site-packages/airflow/example_dags/example_xcomargs.py for tasks to queue
[2022-07-24 23:12:10,124] {logging_mixin.py:115} INFO - [2022-07-24 23:12:10,124] {dagbag.py:508} INFO - Filling up the DagBag from /Users/pro/Documents/a_env/proj_data/lib/python3.7/site-packages/airflow/example_dags/example_xcomargs.py
[2022-07-24 23:12:10,152] {processor.py:651} INFO - DAG(s) dict_keys(['example_xcom_args', 'example_xcom_args_with_operators']) retrieved from /Users/pro/Documents/a_env/proj_data/lib/python3.7/site-packages/airflow/example_dags/example_xcomargs.py
[2022-07-24 23:12:10,226] {logging_mixin.py:115} INFO - [2022-07-24 23:12:10,225] {manager.py:508} INFO - Created Permission View: can edit on DAG:example_xcom_args
[2022-07-24 23:12:10,235] {logging_mixin.py:115} INFO - [2022-07-24 23:12:10,235] {manager.py:508} INFO - Created Permission View: can delete on DAG:example_xcom_args
[2022-07-24 23:12:10,243] {logging_mixin.py:115} INFO - [2022-07-24 23:12:10,243] {manager.py:508} INFO - Created Permission View: can read on DAG:example_xcom_args
[2022-07-24 23:12:10,256] {logging_mixin.py:115} INFO - [2022-07-24 23:12:10,256] {manager.py:508} INFO - Created Permission View: can edit on DAG:example_xcom_args_with_operators
[2022-07-24 23:12:10,262] {logging_mixin.py:115} INFO - [2022-07-24 23:12:10,262] {manager.py:508} INFO - Created Permission View: can delete on DAG:example_xcom_args_with_operators
[2022-07-24 23:12:10,269] {logging_mixin.py:115} INFO - [2022-07-24 23:12:10,268] {manager.py:508} INFO - Created Permission View: can read on DAG:example_xcom_args_with_operators
[2022-07-24 23:12:10,269] {logging_mixin.py:115} INFO - [2022-07-24 23:12:10,269] {dag.py:2420} INFO - Sync 2 DAGs
[2022-07-24 23:12:10,280] {logging_mixin.py:115} INFO - [2022-07-24 23:12:10,279] {dag.py:2439} INFO - Creating ORM DAG for example_xcom_args_with_operators
[2022-07-24 23:12:10,280] {logging_mixin.py:115} INFO - [2022-07-24 23:12:10,280] {dag.py:2439} INFO - Creating ORM DAG for example_xcom_args
[2022-07-24 23:12:10,292] {logging_mixin.py:115} INFO - [2022-07-24 23:12:10,292] {dag.py:2972} INFO - Setting next_dagrun for example_xcom_args to None, run_after=None
[2022-07-24 23:12:10,293] {logging_mixin.py:115} INFO - [2022-07-24 23:12:10,293] {dag.py:2972} INFO - Setting next_dagrun for example_xcom_args_with_operators to None, run_after=None
[2022-07-24 23:12:10,306] {processor.py:161} INFO - Processing /Users/pro/Documents/a_env/proj_data/lib/python3.7/site-packages/airflow/example_dags/example_xcomargs.py took 0.187 seconds
[2022-07-24 23:12:45,411] {processor.py:153} INFO - Started process (PID=12436) to work on /Users/pro/Documents/a_env/proj_data/lib/python3.7/site-packages/airflow/example_dags/example_xcomargs.py
[2022-07-24 23:12:45,413] {processor.py:641} INFO - Processing file /Users/pro/Documents/a_env/proj_data/lib/python3.7/site-packages/airflow/example_dags/example_xcomargs.py for tasks to queue
[2022-07-24 23:12:45,414] {logging_mixin.py:115} INFO - [2022-07-24 23:12:45,413] {dagbag.py:508} INFO - Filling up the DagBag from /Users/pro/Documents/a_env/proj_data/lib/python3.7/site-packages/airflow/example_dags/example_xcomargs.py
[2022-07-24 23:12:45,443] {processor.py:651} INFO - DAG(s) dict_keys(['example_xcom_args', 'example_xcom_args_with_operators']) retrieved from /Users/pro/Documents/a_env/proj_data/lib/python3.7/site-packages/airflow/example_dags/example_xcomargs.py
[2022-07-24 23:12:45,506] {logging_mixin.py:115} INFO - [2022-07-24 23:12:45,505] {dag.py:2420} INFO - Sync 2 DAGs
[2022-07-24 23:12:45,525] {logging_mixin.py:115} INFO - [2022-07-24 23:12:45,525] {dag.py:2972} INFO - Setting next_dagrun for example_xcom_args to None, run_after=None
[2022-07-24 23:12:45,525] {logging_mixin.py:115} INFO - [2022-07-24 23:12:45,525] {dag.py:2972} INFO - Setting next_dagrun for example_xcom_args_with_operators to None, run_after=None
[2022-07-24 23:12:45,542] {processor.py:161} INFO - Processing /Users/pro/Documents/a_env/proj_data/lib/python3.7/site-packages/airflow/example_dags/example_xcomargs.py took 0.135 seconds
[2022-07-24 23:13:18,464] {processor.py:153} INFO - Started process (PID=12472) to work on /Users/pro/Documents/a_env/proj_data/lib/python3.7/site-packages/airflow/example_dags/example_xcomargs.py
[2022-07-24 23:13:18,465] {processor.py:641} INFO - Processing file /Users/pro/Documents/a_env/proj_data/lib/python3.7/site-packages/airflow/example_dags/example_xcomargs.py for tasks to queue
[2022-07-24 23:13:18,466] {logging_mixin.py:115} INFO - [2022-07-24 23:13:18,466] {dagbag.py:508} INFO - Filling up the DagBag from /Users/pro/Documents/a_env/proj_data/lib/python3.7/site-packages/airflow/example_dags/example_xcomargs.py
[2022-07-24 23:13:18,496] {processor.py:651} INFO - DAG(s) dict_keys(['example_xcom_args', 'example_xcom_args_with_operators']) retrieved from /Users/pro/Documents/a_env/proj_data/lib/python3.7/site-packages/airflow/example_dags/example_xcomargs.py
[2022-07-24 23:13:18,557] {logging_mixin.py:115} INFO - [2022-07-24 23:13:18,557] {dag.py:2420} INFO - Sync 2 DAGs
[2022-07-24 23:13:18,575] {logging_mixin.py:115} INFO - [2022-07-24 23:13:18,575] {dag.py:2972} INFO - Setting next_dagrun for example_xcom_args to None, run_after=None
[2022-07-24 23:13:18,576] {logging_mixin.py:115} INFO - [2022-07-24 23:13:18,576] {dag.py:2972} INFO - Setting next_dagrun for example_xcom_args_with_operators to None, run_after=None
[2022-07-24 23:13:18,591] {processor.py:161} INFO - Processing /Users/pro/Documents/a_env/proj_data/lib/python3.7/site-packages/airflow/example_dags/example_xcomargs.py took 0.132 seconds
[2022-07-24 23:13:51,713] {processor.py:153} INFO - Started process (PID=12509) to work on /Users/pro/Documents/a_env/proj_data/lib/python3.7/site-packages/airflow/example_dags/example_xcomargs.py
[2022-07-24 23:13:51,714] {processor.py:641} INFO - Processing file /Users/pro/Documents/a_env/proj_data/lib/python3.7/site-packages/airflow/example_dags/example_xcomargs.py for tasks to queue
[2022-07-24 23:13:51,715] {logging_mixin.py:115} INFO - [2022-07-24 23:13:51,715] {dagbag.py:508} INFO - Filling up the DagBag from /Users/pro/Documents/a_env/proj_data/lib/python3.7/site-packages/airflow/example_dags/example_xcomargs.py
[2022-07-24 23:13:51,745] {processor.py:651} INFO - DAG(s) dict_keys(['example_xcom_args', 'example_xcom_args_with_operators']) retrieved from /Users/pro/Documents/a_env/proj_data/lib/python3.7/site-packages/airflow/example_dags/example_xcomargs.py
[2022-07-24 23:13:51,805] {logging_mixin.py:115} INFO - [2022-07-24 23:13:51,805] {dag.py:2420} INFO - Sync 2 DAGs
[2022-07-24 23:13:51,825] {logging_mixin.py:115} INFO - [2022-07-24 23:13:51,825] {dag.py:2972} INFO - Setting next_dagrun for example_xcom_args to None, run_after=None
[2022-07-24 23:13:51,826] {logging_mixin.py:115} INFO - [2022-07-24 23:13:51,826] {dag.py:2972} INFO - Setting next_dagrun for example_xcom_args_with_operators to None, run_after=None
[2022-07-24 23:13:51,846] {processor.py:161} INFO - Processing /Users/pro/Documents/a_env/proj_data/lib/python3.7/site-packages/airflow/example_dags/example_xcomargs.py took 0.138 seconds
[2022-07-24 23:14:26,879] {processor.py:153} INFO - Started process (PID=12544) to work on /Users/pro/Documents/a_env/proj_data/lib/python3.7/site-packages/airflow/example_dags/example_xcomargs.py
[2022-07-24 23:14:26,881] {processor.py:641} INFO - Processing file /Users/pro/Documents/a_env/proj_data/lib/python3.7/site-packages/airflow/example_dags/example_xcomargs.py for tasks to queue
[2022-07-24 23:14:26,883] {logging_mixin.py:115} INFO - [2022-07-24 23:14:26,882] {dagbag.py:508} INFO - Filling up the DagBag from /Users/pro/Documents/a_env/proj_data/lib/python3.7/site-packages/airflow/example_dags/example_xcomargs.py
[2022-07-24 23:14:26,915] {processor.py:651} INFO - DAG(s) dict_keys(['example_xcom_args', 'example_xcom_args_with_operators']) retrieved from /Users/pro/Documents/a_env/proj_data/lib/python3.7/site-packages/airflow/example_dags/example_xcomargs.py
[2022-07-24 23:14:26,977] {logging_mixin.py:115} INFO - [2022-07-24 23:14:26,977] {dag.py:2420} INFO - Sync 2 DAGs
[2022-07-24 23:14:26,998] {logging_mixin.py:115} INFO - [2022-07-24 23:14:26,997] {dag.py:2972} INFO - Setting next_dagrun for example_xcom_args to None, run_after=None
[2022-07-24 23:14:26,998] {logging_mixin.py:115} INFO - [2022-07-24 23:14:26,998] {dag.py:2972} INFO - Setting next_dagrun for example_xcom_args_with_operators to None, run_after=None
[2022-07-24 23:14:27,016] {processor.py:161} INFO - Processing /Users/pro/Documents/a_env/proj_data/lib/python3.7/site-packages/airflow/example_dags/example_xcomargs.py took 0.142 seconds
[2022-07-24 23:15:02,880] {processor.py:153} INFO - Started process (PID=12580) to work on /Users/pro/Documents/a_env/proj_data/lib/python3.7/site-packages/airflow/example_dags/example_xcomargs.py
[2022-07-24 23:15:02,882] {processor.py:641} INFO - Processing file /Users/pro/Documents/a_env/proj_data/lib/python3.7/site-packages/airflow/example_dags/example_xcomargs.py for tasks to queue
[2022-07-24 23:15:02,883] {logging_mixin.py:115} INFO - [2022-07-24 23:15:02,883] {dagbag.py:508} INFO - Filling up the DagBag from /Users/pro/Documents/a_env/proj_data/lib/python3.7/site-packages/airflow/example_dags/example_xcomargs.py
[2022-07-24 23:15:02,913] {processor.py:651} INFO - DAG(s) dict_keys(['example_xcom_args', 'example_xcom_args_with_operators']) retrieved from /Users/pro/Documents/a_env/proj_data/lib/python3.7/site-packages/airflow/example_dags/example_xcomargs.py
[2022-07-24 23:15:02,971] {logging_mixin.py:115} INFO - [2022-07-24 23:15:02,971] {dag.py:2420} INFO - Sync 2 DAGs
[2022-07-24 23:15:02,989] {logging_mixin.py:115} INFO - [2022-07-24 23:15:02,989] {dag.py:2972} INFO - Setting next_dagrun for example_xcom_args to None, run_after=None
[2022-07-24 23:15:02,990] {logging_mixin.py:115} INFO - [2022-07-24 23:15:02,990] {dag.py:2972} INFO - Setting next_dagrun for example_xcom_args_with_operators to None, run_after=None
[2022-07-24 23:15:03,007] {processor.py:161} INFO - Processing /Users/pro/Documents/a_env/proj_data/lib/python3.7/site-packages/airflow/example_dags/example_xcomargs.py took 0.132 seconds
[2022-07-24 23:15:38,291] {processor.py:153} INFO - Started process (PID=12710) to work on /Users/pro/Documents/a_env/proj_data/lib/python3.7/site-packages/airflow/example_dags/example_xcomargs.py
[2022-07-24 23:15:38,292] {processor.py:641} INFO - Processing file /Users/pro/Documents/a_env/proj_data/lib/python3.7/site-packages/airflow/example_dags/example_xcomargs.py for tasks to queue
[2022-07-24 23:15:38,294] {logging_mixin.py:115} INFO - [2022-07-24 23:15:38,293] {dagbag.py:508} INFO - Filling up the DagBag from /Users/pro/Documents/a_env/proj_data/lib/python3.7/site-packages/airflow/example_dags/example_xcomargs.py
[2022-07-24 23:15:38,323] {processor.py:651} INFO - DAG(s) dict_keys(['example_xcom_args', 'example_xcom_args_with_operators']) retrieved from /Users/pro/Documents/a_env/proj_data/lib/python3.7/site-packages/airflow/example_dags/example_xcomargs.py
[2022-07-24 23:15:38,344] {logging_mixin.py:115} INFO - [2022-07-24 23:15:38,344] {dag.py:2420} INFO - Sync 2 DAGs
[2022-07-24 23:15:38,380] {logging_mixin.py:115} INFO - [2022-07-24 23:15:38,380] {dag.py:2972} INFO - Setting next_dagrun for example_xcom_args to None, run_after=None
[2022-07-24 23:15:38,381] {logging_mixin.py:115} INFO - [2022-07-24 23:15:38,381] {dag.py:2972} INFO - Setting next_dagrun for example_xcom_args_with_operators to None, run_after=None
[2022-07-24 23:15:38,411] {processor.py:161} INFO - Processing /Users/pro/Documents/a_env/proj_data/lib/python3.7/site-packages/airflow/example_dags/example_xcomargs.py took 0.124 seconds
[2022-07-24 23:16:13,197] {processor.py:153} INFO - Started process (PID=12834) to work on /Users/pro/Documents/a_env/proj_data/lib/python3.7/site-packages/airflow/example_dags/example_xcomargs.py
[2022-07-24 23:16:13,198] {processor.py:641} INFO - Processing file /Users/pro/Documents/a_env/proj_data/lib/python3.7/site-packages/airflow/example_dags/example_xcomargs.py for tasks to queue
[2022-07-24 23:16:13,199] {logging_mixin.py:115} INFO - [2022-07-24 23:16:13,199] {dagbag.py:508} INFO - Filling up the DagBag from /Users/pro/Documents/a_env/proj_data/lib/python3.7/site-packages/airflow/example_dags/example_xcomargs.py
[2022-07-24 23:16:13,229] {processor.py:651} INFO - DAG(s) dict_keys(['example_xcom_args', 'example_xcom_args_with_operators']) retrieved from /Users/pro/Documents/a_env/proj_data/lib/python3.7/site-packages/airflow/example_dags/example_xcomargs.py
[2022-07-24 23:16:13,292] {logging_mixin.py:115} INFO - [2022-07-24 23:16:13,291] {dag.py:2420} INFO - Sync 2 DAGs
[2022-07-24 23:16:13,311] {logging_mixin.py:115} INFO - [2022-07-24 23:16:13,311] {dag.py:2972} INFO - Setting next_dagrun for example_xcom_args to None, run_after=None
[2022-07-24 23:16:13,312] {logging_mixin.py:115} INFO - [2022-07-24 23:16:13,311] {dag.py:2972} INFO - Setting next_dagrun for example_xcom_args_with_operators to None, run_after=None
[2022-07-24 23:16:13,328] {processor.py:161} INFO - Processing /Users/pro/Documents/a_env/proj_data/lib/python3.7/site-packages/airflow/example_dags/example_xcomargs.py took 0.137 seconds
[2022-07-24 23:16:45,300] {processor.py:153} INFO - Started process (PID=12916) to work on /Users/pro/Documents/a_env/proj_data/lib/python3.7/site-packages/airflow/example_dags/example_xcomargs.py
[2022-07-24 23:16:45,301] {processor.py:641} INFO - Processing file /Users/pro/Documents/a_env/proj_data/lib/python3.7/site-packages/airflow/example_dags/example_xcomargs.py for tasks to queue
[2022-07-24 23:16:45,302] {logging_mixin.py:115} INFO - [2022-07-24 23:16:45,302] {dagbag.py:508} INFO - Filling up the DagBag from /Users/pro/Documents/a_env/proj_data/lib/python3.7/site-packages/airflow/example_dags/example_xcomargs.py
[2022-07-24 23:16:45,330] {processor.py:651} INFO - DAG(s) dict_keys(['example_xcom_args', 'example_xcom_args_with_operators']) retrieved from /Users/pro/Documents/a_env/proj_data/lib/python3.7/site-packages/airflow/example_dags/example_xcomargs.py
[2022-07-24 23:16:45,389] {logging_mixin.py:115} INFO - [2022-07-24 23:16:45,389] {dag.py:2420} INFO - Sync 2 DAGs
[2022-07-24 23:16:45,407] {logging_mixin.py:115} INFO - [2022-07-24 23:16:45,407] {dag.py:2972} INFO - Setting next_dagrun for example_xcom_args to None, run_after=None
[2022-07-24 23:16:45,408] {logging_mixin.py:115} INFO - [2022-07-24 23:16:45,408] {dag.py:2972} INFO - Setting next_dagrun for example_xcom_args_with_operators to None, run_after=None
[2022-07-24 23:16:45,422] {processor.py:161} INFO - Processing /Users/pro/Documents/a_env/proj_data/lib/python3.7/site-packages/airflow/example_dags/example_xcomargs.py took 0.126 seconds
[2022-07-24 23:17:20,427] {processor.py:153} INFO - Started process (PID=13004) to work on /Users/pro/Documents/a_env/proj_data/lib/python3.7/site-packages/airflow/example_dags/example_xcomargs.py
[2022-07-24 23:17:20,429] {processor.py:641} INFO - Processing file /Users/pro/Documents/a_env/proj_data/lib/python3.7/site-packages/airflow/example_dags/example_xcomargs.py for tasks to queue
[2022-07-24 23:17:20,430] {logging_mixin.py:115} INFO - [2022-07-24 23:17:20,430] {dagbag.py:508} INFO - Filling up the DagBag from /Users/pro/Documents/a_env/proj_data/lib/python3.7/site-packages/airflow/example_dags/example_xcomargs.py
[2022-07-24 23:17:20,453] {processor.py:651} INFO - DAG(s) dict_keys(['example_xcom_args', 'example_xcom_args_with_operators']) retrieved from /Users/pro/Documents/a_env/proj_data/lib/python3.7/site-packages/airflow/example_dags/example_xcomargs.py
[2022-07-24 23:17:20,515] {logging_mixin.py:115} INFO - [2022-07-24 23:17:20,514] {dag.py:2420} INFO - Sync 2 DAGs
[2022-07-24 23:17:20,537] {logging_mixin.py:115} INFO - [2022-07-24 23:17:20,536] {dag.py:2972} INFO - Setting next_dagrun for example_xcom_args to None, run_after=None
[2022-07-24 23:17:20,537] {logging_mixin.py:115} INFO - [2022-07-24 23:17:20,537] {dag.py:2972} INFO - Setting next_dagrun for example_xcom_args_with_operators to None, run_after=None
[2022-07-24 23:17:20,551] {processor.py:161} INFO - Processing /Users/pro/Documents/a_env/proj_data/lib/python3.7/site-packages/airflow/example_dags/example_xcomargs.py took 0.128 seconds
[2022-07-24 23:17:53,926] {processor.py:153} INFO - Started process (PID=13086) to work on /Users/pro/Documents/a_env/proj_data/lib/python3.7/site-packages/airflow/example_dags/example_xcomargs.py
[2022-07-24 23:17:53,927] {processor.py:641} INFO - Processing file /Users/pro/Documents/a_env/proj_data/lib/python3.7/site-packages/airflow/example_dags/example_xcomargs.py for tasks to queue
[2022-07-24 23:17:53,928] {logging_mixin.py:115} INFO - [2022-07-24 23:17:53,928] {dagbag.py:508} INFO - Filling up the DagBag from /Users/pro/Documents/a_env/proj_data/lib/python3.7/site-packages/airflow/example_dags/example_xcomargs.py
[2022-07-24 23:17:53,958] {processor.py:651} INFO - DAG(s) dict_keys(['example_xcom_args', 'example_xcom_args_with_operators']) retrieved from /Users/pro/Documents/a_env/proj_data/lib/python3.7/site-packages/airflow/example_dags/example_xcomargs.py
[2022-07-24 23:17:54,019] {logging_mixin.py:115} INFO - [2022-07-24 23:17:54,019] {dag.py:2420} INFO - Sync 2 DAGs
[2022-07-24 23:17:54,040] {logging_mixin.py:115} INFO - [2022-07-24 23:17:54,039] {dag.py:2972} INFO - Setting next_dagrun for example_xcom_args to None, run_after=None
[2022-07-24 23:17:54,040] {logging_mixin.py:115} INFO - [2022-07-24 23:17:54,040] {dag.py:2972} INFO - Setting next_dagrun for example_xcom_args_with_operators to None, run_after=None
[2022-07-24 23:17:54,054] {processor.py:161} INFO - Processing /Users/pro/Documents/a_env/proj_data/lib/python3.7/site-packages/airflow/example_dags/example_xcomargs.py took 0.134 seconds
[2022-07-24 23:18:27,754] {processor.py:153} INFO - Started process (PID=13190) to work on /Users/pro/Documents/a_env/proj_data/lib/python3.7/site-packages/airflow/example_dags/example_xcomargs.py
[2022-07-24 23:18:27,756] {processor.py:641} INFO - Processing file /Users/pro/Documents/a_env/proj_data/lib/python3.7/site-packages/airflow/example_dags/example_xcomargs.py for tasks to queue
[2022-07-24 23:18:27,757] {logging_mixin.py:115} INFO - [2022-07-24 23:18:27,756] {dagbag.py:508} INFO - Filling up the DagBag from /Users/pro/Documents/a_env/proj_data/lib/python3.7/site-packages/airflow/example_dags/example_xcomargs.py
[2022-07-24 23:18:27,781] {processor.py:651} INFO - DAG(s) dict_keys(['example_xcom_args', 'example_xcom_args_with_operators']) retrieved from /Users/pro/Documents/a_env/proj_data/lib/python3.7/site-packages/airflow/example_dags/example_xcomargs.py
[2022-07-24 23:18:27,803] {logging_mixin.py:115} INFO - [2022-07-24 23:18:27,802] {dag.py:2420} INFO - Sync 2 DAGs
[2022-07-24 23:18:27,825] {logging_mixin.py:115} INFO - [2022-07-24 23:18:27,825] {dag.py:2972} INFO - Setting next_dagrun for example_xcom_args to None, run_after=None
[2022-07-24 23:18:27,826] {logging_mixin.py:115} INFO - [2022-07-24 23:18:27,826] {dag.py:2972} INFO - Setting next_dagrun for example_xcom_args_with_operators to None, run_after=None
[2022-07-24 23:18:27,839] {processor.py:161} INFO - Processing /Users/pro/Documents/a_env/proj_data/lib/python3.7/site-packages/airflow/example_dags/example_xcomargs.py took 0.090 seconds
[2022-07-24 23:19:01,666] {processor.py:153} INFO - Started process (PID=13297) to work on /Users/pro/Documents/a_env/proj_data/lib/python3.7/site-packages/airflow/example_dags/example_xcomargs.py
[2022-07-24 23:19:01,667] {processor.py:641} INFO - Processing file /Users/pro/Documents/a_env/proj_data/lib/python3.7/site-packages/airflow/example_dags/example_xcomargs.py for tasks to queue
[2022-07-24 23:19:01,668] {logging_mixin.py:115} INFO - [2022-07-24 23:19:01,668] {dagbag.py:508} INFO - Filling up the DagBag from /Users/pro/Documents/a_env/proj_data/lib/python3.7/site-packages/airflow/example_dags/example_xcomargs.py
[2022-07-24 23:19:01,690] {processor.py:651} INFO - DAG(s) dict_keys(['example_xcom_args', 'example_xcom_args_with_operators']) retrieved from /Users/pro/Documents/a_env/proj_data/lib/python3.7/site-packages/airflow/example_dags/example_xcomargs.py
[2022-07-24 23:19:01,712] {logging_mixin.py:115} INFO - [2022-07-24 23:19:01,712] {dag.py:2420} INFO - Sync 2 DAGs
[2022-07-24 23:19:01,734] {logging_mixin.py:115} INFO - [2022-07-24 23:19:01,734] {dag.py:2972} INFO - Setting next_dagrun for example_xcom_args to None, run_after=None
[2022-07-24 23:19:01,735] {logging_mixin.py:115} INFO - [2022-07-24 23:19:01,735] {dag.py:2972} INFO - Setting next_dagrun for example_xcom_args_with_operators to None, run_after=None
[2022-07-24 23:19:01,749] {processor.py:161} INFO - Processing /Users/pro/Documents/a_env/proj_data/lib/python3.7/site-packages/airflow/example_dags/example_xcomargs.py took 0.088 seconds
[2022-07-24 23:19:34,955] {processor.py:153} INFO - Started process (PID=13386) to work on /Users/pro/Documents/a_env/proj_data/lib/python3.7/site-packages/airflow/example_dags/example_xcomargs.py
[2022-07-24 23:19:34,957] {processor.py:641} INFO - Processing file /Users/pro/Documents/a_env/proj_data/lib/python3.7/site-packages/airflow/example_dags/example_xcomargs.py for tasks to queue
[2022-07-24 23:19:34,959] {logging_mixin.py:115} INFO - [2022-07-24 23:19:34,958] {dagbag.py:508} INFO - Filling up the DagBag from /Users/pro/Documents/a_env/proj_data/lib/python3.7/site-packages/airflow/example_dags/example_xcomargs.py
[2022-07-24 23:19:34,983] {processor.py:651} INFO - DAG(s) dict_keys(['example_xcom_args', 'example_xcom_args_with_operators']) retrieved from /Users/pro/Documents/a_env/proj_data/lib/python3.7/site-packages/airflow/example_dags/example_xcomargs.py
[2022-07-24 23:19:35,006] {logging_mixin.py:115} INFO - [2022-07-24 23:19:35,006] {dag.py:2420} INFO - Sync 2 DAGs
[2022-07-24 23:19:35,029] {logging_mixin.py:115} INFO - [2022-07-24 23:19:35,029] {dag.py:2972} INFO - Setting next_dagrun for example_xcom_args to None, run_after=None
[2022-07-24 23:19:35,030] {logging_mixin.py:115} INFO - [2022-07-24 23:19:35,030] {dag.py:2972} INFO - Setting next_dagrun for example_xcom_args_with_operators to None, run_after=None
[2022-07-24 23:19:35,043] {processor.py:161} INFO - Processing /Users/pro/Documents/a_env/proj_data/lib/python3.7/site-packages/airflow/example_dags/example_xcomargs.py took 0.092 seconds
[2022-07-24 23:20:07,992] {processor.py:153} INFO - Started process (PID=13426) to work on /Users/pro/Documents/a_env/proj_data/lib/python3.7/site-packages/airflow/example_dags/example_xcomargs.py
[2022-07-24 23:20:07,993] {processor.py:641} INFO - Processing file /Users/pro/Documents/a_env/proj_data/lib/python3.7/site-packages/airflow/example_dags/example_xcomargs.py for tasks to queue
[2022-07-24 23:20:07,994] {logging_mixin.py:115} INFO - [2022-07-24 23:20:07,994] {dagbag.py:508} INFO - Filling up the DagBag from /Users/pro/Documents/a_env/proj_data/lib/python3.7/site-packages/airflow/example_dags/example_xcomargs.py
[2022-07-24 23:20:08,023] {processor.py:651} INFO - DAG(s) dict_keys(['example_xcom_args', 'example_xcom_args_with_operators']) retrieved from /Users/pro/Documents/a_env/proj_data/lib/python3.7/site-packages/airflow/example_dags/example_xcomargs.py
[2022-07-24 23:20:08,050] {logging_mixin.py:115} INFO - [2022-07-24 23:20:08,050] {dag.py:2420} INFO - Sync 2 DAGs
[2022-07-24 23:20:08,077] {logging_mixin.py:115} INFO - [2022-07-24 23:20:08,077] {dag.py:2972} INFO - Setting next_dagrun for example_xcom_args to None, run_after=None
[2022-07-24 23:20:08,078] {logging_mixin.py:115} INFO - [2022-07-24 23:20:08,078] {dag.py:2972} INFO - Setting next_dagrun for example_xcom_args_with_operators to None, run_after=None
[2022-07-24 23:20:08,097] {processor.py:161} INFO - Processing /Users/pro/Documents/a_env/proj_data/lib/python3.7/site-packages/airflow/example_dags/example_xcomargs.py took 0.109 seconds
[2022-07-24 23:20:43,346] {processor.py:153} INFO - Started process (PID=13557) to work on /Users/pro/Documents/a_env/proj_data/lib/python3.7/site-packages/airflow/example_dags/example_xcomargs.py
[2022-07-24 23:20:43,348] {processor.py:641} INFO - Processing file /Users/pro/Documents/a_env/proj_data/lib/python3.7/site-packages/airflow/example_dags/example_xcomargs.py for tasks to queue
[2022-07-24 23:20:43,349] {logging_mixin.py:115} INFO - [2022-07-24 23:20:43,349] {dagbag.py:508} INFO - Filling up the DagBag from /Users/pro/Documents/a_env/proj_data/lib/python3.7/site-packages/airflow/example_dags/example_xcomargs.py
[2022-07-24 23:20:43,379] {processor.py:651} INFO - DAG(s) dict_keys(['example_xcom_args', 'example_xcom_args_with_operators']) retrieved from /Users/pro/Documents/a_env/proj_data/lib/python3.7/site-packages/airflow/example_dags/example_xcomargs.py
[2022-07-24 23:20:43,405] {logging_mixin.py:115} INFO - [2022-07-24 23:20:43,405] {dag.py:2420} INFO - Sync 2 DAGs
[2022-07-24 23:20:43,431] {logging_mixin.py:115} INFO - [2022-07-24 23:20:43,430] {dag.py:2972} INFO - Setting next_dagrun for example_xcom_args to None, run_after=None
[2022-07-24 23:20:43,431] {logging_mixin.py:115} INFO - [2022-07-24 23:20:43,431] {dag.py:2972} INFO - Setting next_dagrun for example_xcom_args_with_operators to None, run_after=None
[2022-07-24 23:20:43,516] {processor.py:161} INFO - Processing /Users/pro/Documents/a_env/proj_data/lib/python3.7/site-packages/airflow/example_dags/example_xcomargs.py took 0.178 seconds
[2022-07-24 23:21:17,573] {processor.py:153} INFO - Started process (PID=13835) to work on /Users/pro/Documents/a_env/proj_data/lib/python3.7/site-packages/airflow/example_dags/example_xcomargs.py
[2022-07-24 23:21:17,574] {processor.py:641} INFO - Processing file /Users/pro/Documents/a_env/proj_data/lib/python3.7/site-packages/airflow/example_dags/example_xcomargs.py for tasks to queue
[2022-07-24 23:21:17,576] {logging_mixin.py:115} INFO - [2022-07-24 23:21:17,576] {dagbag.py:508} INFO - Filling up the DagBag from /Users/pro/Documents/a_env/proj_data/lib/python3.7/site-packages/airflow/example_dags/example_xcomargs.py
[2022-07-24 23:21:17,606] {processor.py:651} INFO - DAG(s) dict_keys(['example_xcom_args', 'example_xcom_args_with_operators']) retrieved from /Users/pro/Documents/a_env/proj_data/lib/python3.7/site-packages/airflow/example_dags/example_xcomargs.py
[2022-07-24 23:21:17,636] {logging_mixin.py:115} INFO - [2022-07-24 23:21:17,635] {dag.py:2420} INFO - Sync 2 DAGs
[2022-07-24 23:21:17,661] {logging_mixin.py:115} INFO - [2022-07-24 23:21:17,661] {dag.py:2972} INFO - Setting next_dagrun for example_xcom_args to None, run_after=None
[2022-07-24 23:21:17,661] {logging_mixin.py:115} INFO - [2022-07-24 23:21:17,661] {dag.py:2972} INFO - Setting next_dagrun for example_xcom_args_with_operators to None, run_after=None
[2022-07-24 23:21:17,678] {processor.py:161} INFO - Processing /Users/pro/Documents/a_env/proj_data/lib/python3.7/site-packages/airflow/example_dags/example_xcomargs.py took 0.111 seconds
[2022-07-24 23:21:52,001] {processor.py:153} INFO - Started process (PID=13925) to work on /Users/pro/Documents/a_env/proj_data/lib/python3.7/site-packages/airflow/example_dags/example_xcomargs.py
[2022-07-24 23:21:52,003] {processor.py:641} INFO - Processing file /Users/pro/Documents/a_env/proj_data/lib/python3.7/site-packages/airflow/example_dags/example_xcomargs.py for tasks to queue
[2022-07-24 23:21:52,004] {logging_mixin.py:115} INFO - [2022-07-24 23:21:52,004] {dagbag.py:508} INFO - Filling up the DagBag from /Users/pro/Documents/a_env/proj_data/lib/python3.7/site-packages/airflow/example_dags/example_xcomargs.py
[2022-07-24 23:21:52,030] {processor.py:651} INFO - DAG(s) dict_keys(['example_xcom_args', 'example_xcom_args_with_operators']) retrieved from /Users/pro/Documents/a_env/proj_data/lib/python3.7/site-packages/airflow/example_dags/example_xcomargs.py
[2022-07-24 23:21:52,094] {logging_mixin.py:115} INFO - [2022-07-24 23:21:52,094] {dag.py:2420} INFO - Sync 2 DAGs
[2022-07-24 23:21:52,114] {logging_mixin.py:115} INFO - [2022-07-24 23:21:52,114] {dag.py:2972} INFO - Setting next_dagrun for example_xcom_args to None, run_after=None
[2022-07-24 23:21:52,115] {logging_mixin.py:115} INFO - [2022-07-24 23:21:52,114] {dag.py:2972} INFO - Setting next_dagrun for example_xcom_args_with_operators to None, run_after=None
[2022-07-24 23:21:52,130] {processor.py:161} INFO - Processing /Users/pro/Documents/a_env/proj_data/lib/python3.7/site-packages/airflow/example_dags/example_xcomargs.py took 0.135 seconds
[2022-07-24 23:22:23,671] {processor.py:153} INFO - Started process (PID=14011) to work on /Users/pro/Documents/a_env/proj_data/lib/python3.7/site-packages/airflow/example_dags/example_xcomargs.py
[2022-07-24 23:22:23,672] {processor.py:641} INFO - Processing file /Users/pro/Documents/a_env/proj_data/lib/python3.7/site-packages/airflow/example_dags/example_xcomargs.py for tasks to queue
[2022-07-24 23:22:23,673] {logging_mixin.py:115} INFO - [2022-07-24 23:22:23,672] {dagbag.py:508} INFO - Filling up the DagBag from /Users/pro/Documents/a_env/proj_data/lib/python3.7/site-packages/airflow/example_dags/example_xcomargs.py
[2022-07-24 23:22:23,698] {processor.py:651} INFO - DAG(s) dict_keys(['example_xcom_args', 'example_xcom_args_with_operators']) retrieved from /Users/pro/Documents/a_env/proj_data/lib/python3.7/site-packages/airflow/example_dags/example_xcomargs.py
[2022-07-24 23:22:23,760] {logging_mixin.py:115} INFO - [2022-07-24 23:22:23,759] {dag.py:2420} INFO - Sync 2 DAGs
[2022-07-24 23:22:23,780] {logging_mixin.py:115} INFO - [2022-07-24 23:22:23,780] {dag.py:2972} INFO - Setting next_dagrun for example_xcom_args to None, run_after=None
[2022-07-24 23:22:23,781] {logging_mixin.py:115} INFO - [2022-07-24 23:22:23,780] {dag.py:2972} INFO - Setting next_dagrun for example_xcom_args_with_operators to None, run_after=None
[2022-07-24 23:22:23,795] {processor.py:161} INFO - Processing /Users/pro/Documents/a_env/proj_data/lib/python3.7/site-packages/airflow/example_dags/example_xcomargs.py took 0.129 seconds
[2022-07-24 23:22:57,648] {processor.py:153} INFO - Started process (PID=14129) to work on /Users/pro/Documents/a_env/proj_data/lib/python3.7/site-packages/airflow/example_dags/example_xcomargs.py
[2022-07-24 23:22:57,650] {processor.py:641} INFO - Processing file /Users/pro/Documents/a_env/proj_data/lib/python3.7/site-packages/airflow/example_dags/example_xcomargs.py for tasks to queue
[2022-07-24 23:22:57,652] {logging_mixin.py:115} INFO - [2022-07-24 23:22:57,652] {dagbag.py:508} INFO - Filling up the DagBag from /Users/pro/Documents/a_env/proj_data/lib/python3.7/site-packages/airflow/example_dags/example_xcomargs.py
[2022-07-24 23:22:57,678] {processor.py:651} INFO - DAG(s) dict_keys(['example_xcom_args', 'example_xcom_args_with_operators']) retrieved from /Users/pro/Documents/a_env/proj_data/lib/python3.7/site-packages/airflow/example_dags/example_xcomargs.py
[2022-07-24 23:22:57,700] {logging_mixin.py:115} INFO - [2022-07-24 23:22:57,700] {dag.py:2420} INFO - Sync 2 DAGs
[2022-07-24 23:22:57,722] {logging_mixin.py:115} INFO - [2022-07-24 23:22:57,722] {dag.py:2972} INFO - Setting next_dagrun for example_xcom_args to None, run_after=None
[2022-07-24 23:22:57,723] {logging_mixin.py:115} INFO - [2022-07-24 23:22:57,723] {dag.py:2972} INFO - Setting next_dagrun for example_xcom_args_with_operators to None, run_after=None
[2022-07-24 23:22:57,736] {processor.py:161} INFO - Processing /Users/pro/Documents/a_env/proj_data/lib/python3.7/site-packages/airflow/example_dags/example_xcomargs.py took 0.094 seconds
[2022-07-24 23:23:32,351] {processor.py:153} INFO - Started process (PID=14221) to work on /Users/pro/Documents/a_env/proj_data/lib/python3.7/site-packages/airflow/example_dags/example_xcomargs.py
[2022-07-24 23:23:32,353] {processor.py:641} INFO - Processing file /Users/pro/Documents/a_env/proj_data/lib/python3.7/site-packages/airflow/example_dags/example_xcomargs.py for tasks to queue
[2022-07-24 23:23:32,354] {logging_mixin.py:115} INFO - [2022-07-24 23:23:32,354] {dagbag.py:508} INFO - Filling up the DagBag from /Users/pro/Documents/a_env/proj_data/lib/python3.7/site-packages/airflow/example_dags/example_xcomargs.py
[2022-07-24 23:23:32,384] {processor.py:651} INFO - DAG(s) dict_keys(['example_xcom_args', 'example_xcom_args_with_operators']) retrieved from /Users/pro/Documents/a_env/proj_data/lib/python3.7/site-packages/airflow/example_dags/example_xcomargs.py
[2022-07-24 23:23:32,463] {logging_mixin.py:115} INFO - [2022-07-24 23:23:32,462] {dag.py:2420} INFO - Sync 2 DAGs
[2022-07-24 23:23:32,488] {logging_mixin.py:115} INFO - [2022-07-24 23:23:32,487] {dag.py:2972} INFO - Setting next_dagrun for example_xcom_args to None, run_after=None
[2022-07-24 23:23:32,488] {logging_mixin.py:115} INFO - [2022-07-24 23:23:32,488] {dag.py:2972} INFO - Setting next_dagrun for example_xcom_args_with_operators to None, run_after=None
[2022-07-24 23:23:32,504] {processor.py:161} INFO - Processing /Users/pro/Documents/a_env/proj_data/lib/python3.7/site-packages/airflow/example_dags/example_xcomargs.py took 0.159 seconds
[2022-07-24 23:24:07,648] {processor.py:153} INFO - Started process (PID=14272) to work on /Users/pro/Documents/a_env/proj_data/lib/python3.7/site-packages/airflow/example_dags/example_xcomargs.py
[2022-07-24 23:24:07,649] {processor.py:641} INFO - Processing file /Users/pro/Documents/a_env/proj_data/lib/python3.7/site-packages/airflow/example_dags/example_xcomargs.py for tasks to queue
[2022-07-24 23:24:07,651] {logging_mixin.py:115} INFO - [2022-07-24 23:24:07,650] {dagbag.py:508} INFO - Filling up the DagBag from /Users/pro/Documents/a_env/proj_data/lib/python3.7/site-packages/airflow/example_dags/example_xcomargs.py
[2022-07-24 23:24:07,679] {processor.py:651} INFO - DAG(s) dict_keys(['example_xcom_args', 'example_xcom_args_with_operators']) retrieved from /Users/pro/Documents/a_env/proj_data/lib/python3.7/site-packages/airflow/example_dags/example_xcomargs.py
[2022-07-24 23:24:07,704] {logging_mixin.py:115} INFO - [2022-07-24 23:24:07,704] {dag.py:2420} INFO - Sync 2 DAGs
[2022-07-24 23:24:07,729] {logging_mixin.py:115} INFO - [2022-07-24 23:24:07,729] {dag.py:2972} INFO - Setting next_dagrun for example_xcom_args to None, run_after=None
[2022-07-24 23:24:07,730] {logging_mixin.py:115} INFO - [2022-07-24 23:24:07,730] {dag.py:2972} INFO - Setting next_dagrun for example_xcom_args_with_operators to None, run_after=None
[2022-07-24 23:24:07,745] {processor.py:161} INFO - Processing /Users/pro/Documents/a_env/proj_data/lib/python3.7/site-packages/airflow/example_dags/example_xcomargs.py took 0.102 seconds
[2022-07-24 23:24:41,387] {processor.py:153} INFO - Started process (PID=14382) to work on /Users/pro/Documents/a_env/proj_data/lib/python3.7/site-packages/airflow/example_dags/example_xcomargs.py
[2022-07-24 23:24:41,388] {processor.py:641} INFO - Processing file /Users/pro/Documents/a_env/proj_data/lib/python3.7/site-packages/airflow/example_dags/example_xcomargs.py for tasks to queue
[2022-07-24 23:24:41,390] {logging_mixin.py:115} INFO - [2022-07-24 23:24:41,389] {dagbag.py:508} INFO - Filling up the DagBag from /Users/pro/Documents/a_env/proj_data/lib/python3.7/site-packages/airflow/example_dags/example_xcomargs.py
[2022-07-24 23:24:41,416] {processor.py:651} INFO - DAG(s) dict_keys(['example_xcom_args', 'example_xcom_args_with_operators']) retrieved from /Users/pro/Documents/a_env/proj_data/lib/python3.7/site-packages/airflow/example_dags/example_xcomargs.py
[2022-07-24 23:24:41,438] {logging_mixin.py:115} INFO - [2022-07-24 23:24:41,438] {dag.py:2420} INFO - Sync 2 DAGs
[2022-07-24 23:24:41,460] {logging_mixin.py:115} INFO - [2022-07-24 23:24:41,459] {dag.py:2972} INFO - Setting next_dagrun for example_xcom_args to None, run_after=None
[2022-07-24 23:24:41,460] {logging_mixin.py:115} INFO - [2022-07-24 23:24:41,460] {dag.py:2972} INFO - Setting next_dagrun for example_xcom_args_with_operators to None, run_after=None
[2022-07-24 23:24:41,474] {processor.py:161} INFO - Processing /Users/pro/Documents/a_env/proj_data/lib/python3.7/site-packages/airflow/example_dags/example_xcomargs.py took 0.092 seconds
[2022-07-24 23:25:17,884] {processor.py:153} INFO - Started process (PID=14436) to work on /Users/pro/Documents/a_env/proj_data/lib/python3.7/site-packages/airflow/example_dags/example_xcomargs.py
[2022-07-24 23:25:17,886] {processor.py:641} INFO - Processing file /Users/pro/Documents/a_env/proj_data/lib/python3.7/site-packages/airflow/example_dags/example_xcomargs.py for tasks to queue
[2022-07-24 23:25:17,888] {logging_mixin.py:115} INFO - [2022-07-24 23:25:17,887] {dagbag.py:508} INFO - Filling up the DagBag from /Users/pro/Documents/a_env/proj_data/lib/python3.7/site-packages/airflow/example_dags/example_xcomargs.py
[2022-07-24 23:25:17,918] {processor.py:651} INFO - DAG(s) dict_keys(['example_xcom_args', 'example_xcom_args_with_operators']) retrieved from /Users/pro/Documents/a_env/proj_data/lib/python3.7/site-packages/airflow/example_dags/example_xcomargs.py
[2022-07-24 23:25:17,942] {logging_mixin.py:115} INFO - [2022-07-24 23:25:17,942] {dag.py:2420} INFO - Sync 2 DAGs
[2022-07-24 23:25:17,965] {logging_mixin.py:115} INFO - [2022-07-24 23:25:17,964] {dag.py:2972} INFO - Setting next_dagrun for example_xcom_args to None, run_after=None
[2022-07-24 23:25:17,965] {logging_mixin.py:115} INFO - [2022-07-24 23:25:17,965] {dag.py:2972} INFO - Setting next_dagrun for example_xcom_args_with_operators to None, run_after=None
[2022-07-24 23:25:17,981] {processor.py:161} INFO - Processing /Users/pro/Documents/a_env/proj_data/lib/python3.7/site-packages/airflow/example_dags/example_xcomargs.py took 0.103 seconds
[2022-07-24 23:25:52,997] {processor.py:153} INFO - Started process (PID=14486) to work on /Users/pro/Documents/a_env/proj_data/lib/python3.7/site-packages/airflow/example_dags/example_xcomargs.py
[2022-07-24 23:25:52,999] {processor.py:641} INFO - Processing file /Users/pro/Documents/a_env/proj_data/lib/python3.7/site-packages/airflow/example_dags/example_xcomargs.py for tasks to queue
[2022-07-24 23:25:53,000] {logging_mixin.py:115} INFO - [2022-07-24 23:25:53,000] {dagbag.py:508} INFO - Filling up the DagBag from /Users/pro/Documents/a_env/proj_data/lib/python3.7/site-packages/airflow/example_dags/example_xcomargs.py
[2022-07-24 23:25:53,028] {processor.py:651} INFO - DAG(s) dict_keys(['example_xcom_args', 'example_xcom_args_with_operators']) retrieved from /Users/pro/Documents/a_env/proj_data/lib/python3.7/site-packages/airflow/example_dags/example_xcomargs.py
[2022-07-24 23:25:53,051] {logging_mixin.py:115} INFO - [2022-07-24 23:25:53,051] {dag.py:2420} INFO - Sync 2 DAGs
[2022-07-24 23:25:53,075] {logging_mixin.py:115} INFO - [2022-07-24 23:25:53,075] {dag.py:2972} INFO - Setting next_dagrun for example_xcom_args to None, run_after=None
[2022-07-24 23:25:53,076] {logging_mixin.py:115} INFO - [2022-07-24 23:25:53,076] {dag.py:2972} INFO - Setting next_dagrun for example_xcom_args_with_operators to None, run_after=None
[2022-07-24 23:25:53,092] {processor.py:161} INFO - Processing /Users/pro/Documents/a_env/proj_data/lib/python3.7/site-packages/airflow/example_dags/example_xcomargs.py took 0.100 seconds
[2022-07-24 23:26:28,401] {processor.py:153} INFO - Started process (PID=14523) to work on /Users/pro/Documents/a_env/proj_data/lib/python3.7/site-packages/airflow/example_dags/example_xcomargs.py
[2022-07-24 23:26:28,402] {processor.py:641} INFO - Processing file /Users/pro/Documents/a_env/proj_data/lib/python3.7/site-packages/airflow/example_dags/example_xcomargs.py for tasks to queue
[2022-07-24 23:26:28,403] {logging_mixin.py:115} INFO - [2022-07-24 23:26:28,403] {dagbag.py:508} INFO - Filling up the DagBag from /Users/pro/Documents/a_env/proj_data/lib/python3.7/site-packages/airflow/example_dags/example_xcomargs.py
[2022-07-24 23:26:28,430] {processor.py:651} INFO - DAG(s) dict_keys(['example_xcom_args', 'example_xcom_args_with_operators']) retrieved from /Users/pro/Documents/a_env/proj_data/lib/python3.7/site-packages/airflow/example_dags/example_xcomargs.py
[2022-07-24 23:26:28,453] {logging_mixin.py:115} INFO - [2022-07-24 23:26:28,453] {dag.py:2420} INFO - Sync 2 DAGs
[2022-07-24 23:26:28,478] {logging_mixin.py:115} INFO - [2022-07-24 23:26:28,477] {dag.py:2972} INFO - Setting next_dagrun for example_xcom_args to None, run_after=None
[2022-07-24 23:26:28,478] {logging_mixin.py:115} INFO - [2022-07-24 23:26:28,478] {dag.py:2972} INFO - Setting next_dagrun for example_xcom_args_with_operators to None, run_after=None
[2022-07-24 23:26:28,494] {processor.py:161} INFO - Processing /Users/pro/Documents/a_env/proj_data/lib/python3.7/site-packages/airflow/example_dags/example_xcomargs.py took 0.099 seconds
[2022-07-24 23:27:04,138] {processor.py:153} INFO - Started process (PID=14584) to work on /Users/pro/Documents/a_env/proj_data/lib/python3.7/site-packages/airflow/example_dags/example_xcomargs.py
[2022-07-24 23:27:04,139] {processor.py:641} INFO - Processing file /Users/pro/Documents/a_env/proj_data/lib/python3.7/site-packages/airflow/example_dags/example_xcomargs.py for tasks to queue
[2022-07-24 23:27:04,140] {logging_mixin.py:115} INFO - [2022-07-24 23:27:04,140] {dagbag.py:508} INFO - Filling up the DagBag from /Users/pro/Documents/a_env/proj_data/lib/python3.7/site-packages/airflow/example_dags/example_xcomargs.py
[2022-07-24 23:27:04,166] {processor.py:651} INFO - DAG(s) dict_keys(['example_xcom_args', 'example_xcom_args_with_operators']) retrieved from /Users/pro/Documents/a_env/proj_data/lib/python3.7/site-packages/airflow/example_dags/example_xcomargs.py
[2022-07-24 23:27:04,231] {logging_mixin.py:115} INFO - [2022-07-24 23:27:04,231] {dag.py:2420} INFO - Sync 2 DAGs
[2022-07-24 23:27:04,251] {logging_mixin.py:115} INFO - [2022-07-24 23:27:04,251] {dag.py:2972} INFO - Setting next_dagrun for example_xcom_args to None, run_after=None
[2022-07-24 23:27:04,252] {logging_mixin.py:115} INFO - [2022-07-24 23:27:04,252] {dag.py:2972} INFO - Setting next_dagrun for example_xcom_args_with_operators to None, run_after=None
[2022-07-24 23:27:04,266] {processor.py:161} INFO - Processing /Users/pro/Documents/a_env/proj_data/lib/python3.7/site-packages/airflow/example_dags/example_xcomargs.py took 0.133 seconds
[2022-07-24 23:27:36,992] {processor.py:153} INFO - Started process (PID=14695) to work on /Users/pro/Documents/a_env/proj_data/lib/python3.7/site-packages/airflow/example_dags/example_xcomargs.py
[2022-07-24 23:27:36,993] {processor.py:641} INFO - Processing file /Users/pro/Documents/a_env/proj_data/lib/python3.7/site-packages/airflow/example_dags/example_xcomargs.py for tasks to queue
[2022-07-24 23:27:36,995] {logging_mixin.py:115} INFO - [2022-07-24 23:27:36,995] {dagbag.py:508} INFO - Filling up the DagBag from /Users/pro/Documents/a_env/proj_data/lib/python3.7/site-packages/airflow/example_dags/example_xcomargs.py
[2022-07-24 23:27:37,022] {processor.py:651} INFO - DAG(s) dict_keys(['example_xcom_args', 'example_xcom_args_with_operators']) retrieved from /Users/pro/Documents/a_env/proj_data/lib/python3.7/site-packages/airflow/example_dags/example_xcomargs.py
[2022-07-24 23:27:37,107] {logging_mixin.py:115} INFO - [2022-07-24 23:27:37,107] {dag.py:2420} INFO - Sync 2 DAGs
[2022-07-24 23:27:37,130] {logging_mixin.py:115} INFO - [2022-07-24 23:27:37,130] {dag.py:2972} INFO - Setting next_dagrun for example_xcom_args to None, run_after=None
[2022-07-24 23:27:37,131] {logging_mixin.py:115} INFO - [2022-07-24 23:27:37,131] {dag.py:2972} INFO - Setting next_dagrun for example_xcom_args_with_operators to None, run_after=None
[2022-07-24 23:27:37,146] {processor.py:161} INFO - Processing /Users/pro/Documents/a_env/proj_data/lib/python3.7/site-packages/airflow/example_dags/example_xcomargs.py took 0.159 seconds
[2022-07-24 23:28:11,471] {processor.py:153} INFO - Started process (PID=14785) to work on /Users/pro/Documents/a_env/proj_data/lib/python3.7/site-packages/airflow/example_dags/example_xcomargs.py
[2022-07-24 23:28:11,473] {processor.py:641} INFO - Processing file /Users/pro/Documents/a_env/proj_data/lib/python3.7/site-packages/airflow/example_dags/example_xcomargs.py for tasks to queue
[2022-07-24 23:28:11,475] {logging_mixin.py:115} INFO - [2022-07-24 23:28:11,474] {dagbag.py:508} INFO - Filling up the DagBag from /Users/pro/Documents/a_env/proj_data/lib/python3.7/site-packages/airflow/example_dags/example_xcomargs.py
[2022-07-24 23:28:11,502] {processor.py:651} INFO - DAG(s) dict_keys(['example_xcom_args', 'example_xcom_args_with_operators']) retrieved from /Users/pro/Documents/a_env/proj_data/lib/python3.7/site-packages/airflow/example_dags/example_xcomargs.py
[2022-07-24 23:28:11,526] {logging_mixin.py:115} INFO - [2022-07-24 23:28:11,526] {dag.py:2420} INFO - Sync 2 DAGs
[2022-07-24 23:28:11,550] {logging_mixin.py:115} INFO - [2022-07-24 23:28:11,549] {dag.py:2972} INFO - Setting next_dagrun for example_xcom_args to None, run_after=None
[2022-07-24 23:28:11,550] {logging_mixin.py:115} INFO - [2022-07-24 23:28:11,550] {dag.py:2972} INFO - Setting next_dagrun for example_xcom_args_with_operators to None, run_after=None
[2022-07-24 23:28:11,565] {processor.py:161} INFO - Processing /Users/pro/Documents/a_env/proj_data/lib/python3.7/site-packages/airflow/example_dags/example_xcomargs.py took 0.099 seconds
[2022-07-24 23:28:45,726] {processor.py:153} INFO - Started process (PID=14844) to work on /Users/pro/Documents/a_env/proj_data/lib/python3.7/site-packages/airflow/example_dags/example_xcomargs.py
[2022-07-24 23:28:45,727] {processor.py:641} INFO - Processing file /Users/pro/Documents/a_env/proj_data/lib/python3.7/site-packages/airflow/example_dags/example_xcomargs.py for tasks to queue
[2022-07-24 23:28:45,729] {logging_mixin.py:115} INFO - [2022-07-24 23:28:45,728] {dagbag.py:508} INFO - Filling up the DagBag from /Users/pro/Documents/a_env/proj_data/lib/python3.7/site-packages/airflow/example_dags/example_xcomargs.py
[2022-07-24 23:28:45,753] {processor.py:651} INFO - DAG(s) dict_keys(['example_xcom_args', 'example_xcom_args_with_operators']) retrieved from /Users/pro/Documents/a_env/proj_data/lib/python3.7/site-packages/airflow/example_dags/example_xcomargs.py
[2022-07-24 23:28:45,777] {logging_mixin.py:115} INFO - [2022-07-24 23:28:45,777] {dag.py:2420} INFO - Sync 2 DAGs
[2022-07-24 23:28:45,798] {logging_mixin.py:115} INFO - [2022-07-24 23:28:45,798] {dag.py:2972} INFO - Setting next_dagrun for example_xcom_args to None, run_after=None
[2022-07-24 23:28:45,799] {logging_mixin.py:115} INFO - [2022-07-24 23:28:45,799] {dag.py:2972} INFO - Setting next_dagrun for example_xcom_args_with_operators to None, run_after=None
[2022-07-24 23:28:45,813] {processor.py:161} INFO - Processing /Users/pro/Documents/a_env/proj_data/lib/python3.7/site-packages/airflow/example_dags/example_xcomargs.py took 0.093 seconds
[2022-07-24 23:29:20,353] {processor.py:153} INFO - Started process (PID=14878) to work on /Users/pro/Documents/a_env/proj_data/lib/python3.7/site-packages/airflow/example_dags/example_xcomargs.py
[2022-07-24 23:29:20,354] {processor.py:641} INFO - Processing file /Users/pro/Documents/a_env/proj_data/lib/python3.7/site-packages/airflow/example_dags/example_xcomargs.py for tasks to queue
[2022-07-24 23:29:20,355] {logging_mixin.py:115} INFO - [2022-07-24 23:29:20,355] {dagbag.py:508} INFO - Filling up the DagBag from /Users/pro/Documents/a_env/proj_data/lib/python3.7/site-packages/airflow/example_dags/example_xcomargs.py
[2022-07-24 23:29:20,383] {processor.py:651} INFO - DAG(s) dict_keys(['example_xcom_args', 'example_xcom_args_with_operators']) retrieved from /Users/pro/Documents/a_env/proj_data/lib/python3.7/site-packages/airflow/example_dags/example_xcomargs.py
[2022-07-24 23:29:20,408] {logging_mixin.py:115} INFO - [2022-07-24 23:29:20,408] {dag.py:2420} INFO - Sync 2 DAGs
[2022-07-24 23:29:20,432] {logging_mixin.py:115} INFO - [2022-07-24 23:29:20,431] {dag.py:2972} INFO - Setting next_dagrun for example_xcom_args to None, run_after=None
[2022-07-24 23:29:20,432] {logging_mixin.py:115} INFO - [2022-07-24 23:29:20,432] {dag.py:2972} INFO - Setting next_dagrun for example_xcom_args_with_operators to None, run_after=None
[2022-07-24 23:29:20,448] {processor.py:161} INFO - Processing /Users/pro/Documents/a_env/proj_data/lib/python3.7/site-packages/airflow/example_dags/example_xcomargs.py took 0.100 seconds
[2022-07-24 23:29:54,517] {processor.py:153} INFO - Started process (PID=14921) to work on /Users/pro/Documents/a_env/proj_data/lib/python3.7/site-packages/airflow/example_dags/example_xcomargs.py
[2022-07-24 23:29:54,520] {processor.py:641} INFO - Processing file /Users/pro/Documents/a_env/proj_data/lib/python3.7/site-packages/airflow/example_dags/example_xcomargs.py for tasks to queue
[2022-07-24 23:29:54,521] {logging_mixin.py:115} INFO - [2022-07-24 23:29:54,521] {dagbag.py:508} INFO - Filling up the DagBag from /Users/pro/Documents/a_env/proj_data/lib/python3.7/site-packages/airflow/example_dags/example_xcomargs.py
[2022-07-24 23:29:54,546] {processor.py:651} INFO - DAG(s) dict_keys(['example_xcom_args', 'example_xcom_args_with_operators']) retrieved from /Users/pro/Documents/a_env/proj_data/lib/python3.7/site-packages/airflow/example_dags/example_xcomargs.py
[2022-07-24 23:29:54,570] {logging_mixin.py:115} INFO - [2022-07-24 23:29:54,569] {dag.py:2420} INFO - Sync 2 DAGs
[2022-07-24 23:29:54,592] {logging_mixin.py:115} INFO - [2022-07-24 23:29:54,591] {dag.py:2972} INFO - Setting next_dagrun for example_xcom_args to None, run_after=None
[2022-07-24 23:29:54,592] {logging_mixin.py:115} INFO - [2022-07-24 23:29:54,592] {dag.py:2972} INFO - Setting next_dagrun for example_xcom_args_with_operators to None, run_after=None
[2022-07-24 23:29:54,605] {processor.py:161} INFO - Processing /Users/pro/Documents/a_env/proj_data/lib/python3.7/site-packages/airflow/example_dags/example_xcomargs.py took 0.093 seconds
[2022-07-24 23:30:27,773] {processor.py:153} INFO - Started process (PID=14968) to work on /Users/pro/Documents/a_env/proj_data/lib/python3.7/site-packages/airflow/example_dags/example_xcomargs.py
[2022-07-24 23:30:27,774] {processor.py:641} INFO - Processing file /Users/pro/Documents/a_env/proj_data/lib/python3.7/site-packages/airflow/example_dags/example_xcomargs.py for tasks to queue
[2022-07-24 23:30:27,775] {logging_mixin.py:115} INFO - [2022-07-24 23:30:27,774] {dagbag.py:508} INFO - Filling up the DagBag from /Users/pro/Documents/a_env/proj_data/lib/python3.7/site-packages/airflow/example_dags/example_xcomargs.py
[2022-07-24 23:30:27,804] {processor.py:651} INFO - DAG(s) dict_keys(['example_xcom_args', 'example_xcom_args_with_operators']) retrieved from /Users/pro/Documents/a_env/proj_data/lib/python3.7/site-packages/airflow/example_dags/example_xcomargs.py
[2022-07-24 23:30:27,828] {logging_mixin.py:115} INFO - [2022-07-24 23:30:27,828] {dag.py:2420} INFO - Sync 2 DAGs
[2022-07-24 23:30:27,854] {logging_mixin.py:115} INFO - [2022-07-24 23:30:27,854] {dag.py:2972} INFO - Setting next_dagrun for example_xcom_args to None, run_after=None
[2022-07-24 23:30:27,855] {logging_mixin.py:115} INFO - [2022-07-24 23:30:27,855] {dag.py:2972} INFO - Setting next_dagrun for example_xcom_args_with_operators to None, run_after=None
[2022-07-24 23:30:27,874] {processor.py:161} INFO - Processing /Users/pro/Documents/a_env/proj_data/lib/python3.7/site-packages/airflow/example_dags/example_xcomargs.py took 0.107 seconds
[2022-07-24 23:30:59,877] {processor.py:153} INFO - Started process (PID=15002) to work on /Users/pro/Documents/a_env/proj_data/lib/python3.7/site-packages/airflow/example_dags/example_xcomargs.py
[2022-07-24 23:30:59,878] {processor.py:641} INFO - Processing file /Users/pro/Documents/a_env/proj_data/lib/python3.7/site-packages/airflow/example_dags/example_xcomargs.py for tasks to queue
[2022-07-24 23:30:59,880] {logging_mixin.py:115} INFO - [2022-07-24 23:30:59,879] {dagbag.py:508} INFO - Filling up the DagBag from /Users/pro/Documents/a_env/proj_data/lib/python3.7/site-packages/airflow/example_dags/example_xcomargs.py
[2022-07-24 23:30:59,905] {processor.py:651} INFO - DAG(s) dict_keys(['example_xcom_args', 'example_xcom_args_with_operators']) retrieved from /Users/pro/Documents/a_env/proj_data/lib/python3.7/site-packages/airflow/example_dags/example_xcomargs.py
[2022-07-24 23:30:59,927] {logging_mixin.py:115} INFO - [2022-07-24 23:30:59,927] {dag.py:2420} INFO - Sync 2 DAGs
[2022-07-24 23:30:59,948] {logging_mixin.py:115} INFO - [2022-07-24 23:30:59,948] {dag.py:2972} INFO - Setting next_dagrun for example_xcom_args to None, run_after=None
[2022-07-24 23:30:59,949] {logging_mixin.py:115} INFO - [2022-07-24 23:30:59,949] {dag.py:2972} INFO - Setting next_dagrun for example_xcom_args_with_operators to None, run_after=None
[2022-07-24 23:30:59,964] {processor.py:161} INFO - Processing /Users/pro/Documents/a_env/proj_data/lib/python3.7/site-packages/airflow/example_dags/example_xcomargs.py took 0.092 seconds
[2022-07-24 23:31:35,316] {processor.py:153} INFO - Started process (PID=15044) to work on /Users/pro/Documents/a_env/proj_data/lib/python3.7/site-packages/airflow/example_dags/example_xcomargs.py
[2022-07-24 23:31:35,317] {processor.py:641} INFO - Processing file /Users/pro/Documents/a_env/proj_data/lib/python3.7/site-packages/airflow/example_dags/example_xcomargs.py for tasks to queue
[2022-07-24 23:31:35,318] {logging_mixin.py:115} INFO - [2022-07-24 23:31:35,318] {dagbag.py:508} INFO - Filling up the DagBag from /Users/pro/Documents/a_env/proj_data/lib/python3.7/site-packages/airflow/example_dags/example_xcomargs.py
[2022-07-24 23:31:35,349] {processor.py:651} INFO - DAG(s) dict_keys(['example_xcom_args', 'example_xcom_args_with_operators']) retrieved from /Users/pro/Documents/a_env/proj_data/lib/python3.7/site-packages/airflow/example_dags/example_xcomargs.py
[2022-07-24 23:31:35,421] {logging_mixin.py:115} INFO - [2022-07-24 23:31:35,420] {dag.py:2420} INFO - Sync 2 DAGs
[2022-07-24 23:31:35,441] {logging_mixin.py:115} INFO - [2022-07-24 23:31:35,441] {dag.py:2972} INFO - Setting next_dagrun for example_xcom_args to None, run_after=None
[2022-07-24 23:31:35,442] {logging_mixin.py:115} INFO - [2022-07-24 23:31:35,442] {dag.py:2972} INFO - Setting next_dagrun for example_xcom_args_with_operators to None, run_after=None
[2022-07-24 23:31:35,458] {processor.py:161} INFO - Processing /Users/pro/Documents/a_env/proj_data/lib/python3.7/site-packages/airflow/example_dags/example_xcomargs.py took 0.148 seconds
[2022-07-24 23:32:09,520] {processor.py:153} INFO - Started process (PID=15144) to work on /Users/pro/Documents/a_env/proj_data/lib/python3.7/site-packages/airflow/example_dags/example_xcomargs.py
[2022-07-24 23:32:09,522] {processor.py:641} INFO - Processing file /Users/pro/Documents/a_env/proj_data/lib/python3.7/site-packages/airflow/example_dags/example_xcomargs.py for tasks to queue
[2022-07-24 23:32:09,523] {logging_mixin.py:115} INFO - [2022-07-24 23:32:09,523] {dagbag.py:508} INFO - Filling up the DagBag from /Users/pro/Documents/a_env/proj_data/lib/python3.7/site-packages/airflow/example_dags/example_xcomargs.py
[2022-07-24 23:32:09,549] {processor.py:651} INFO - DAG(s) dict_keys(['example_xcom_args', 'example_xcom_args_with_operators']) retrieved from /Users/pro/Documents/a_env/proj_data/lib/python3.7/site-packages/airflow/example_dags/example_xcomargs.py
[2022-07-24 23:32:09,616] {logging_mixin.py:115} INFO - [2022-07-24 23:32:09,616] {dag.py:2420} INFO - Sync 2 DAGs
[2022-07-24 23:32:09,637] {logging_mixin.py:115} INFO - [2022-07-24 23:32:09,637] {dag.py:2972} INFO - Setting next_dagrun for example_xcom_args to None, run_after=None
[2022-07-24 23:32:09,638] {logging_mixin.py:115} INFO - [2022-07-24 23:32:09,638] {dag.py:2972} INFO - Setting next_dagrun for example_xcom_args_with_operators to None, run_after=None
[2022-07-24 23:32:09,653] {processor.py:161} INFO - Processing /Users/pro/Documents/a_env/proj_data/lib/python3.7/site-packages/airflow/example_dags/example_xcomargs.py took 0.137 seconds
[2022-07-24 23:32:44,667] {processor.py:153} INFO - Started process (PID=15217) to work on /Users/pro/Documents/a_env/proj_data/lib/python3.7/site-packages/airflow/example_dags/example_xcomargs.py
[2022-07-24 23:32:44,669] {processor.py:641} INFO - Processing file /Users/pro/Documents/a_env/proj_data/lib/python3.7/site-packages/airflow/example_dags/example_xcomargs.py for tasks to queue
[2022-07-24 23:32:44,671] {logging_mixin.py:115} INFO - [2022-07-24 23:32:44,670] {dagbag.py:508} INFO - Filling up the DagBag from /Users/pro/Documents/a_env/proj_data/lib/python3.7/site-packages/airflow/example_dags/example_xcomargs.py
[2022-07-24 23:32:44,696] {processor.py:651} INFO - DAG(s) dict_keys(['example_xcom_args', 'example_xcom_args_with_operators']) retrieved from /Users/pro/Documents/a_env/proj_data/lib/python3.7/site-packages/airflow/example_dags/example_xcomargs.py
[2022-07-24 23:32:44,756] {logging_mixin.py:115} INFO - [2022-07-24 23:32:44,756] {dag.py:2420} INFO - Sync 2 DAGs
[2022-07-24 23:32:44,777] {logging_mixin.py:115} INFO - [2022-07-24 23:32:44,776] {dag.py:2972} INFO - Setting next_dagrun for example_xcom_args to None, run_after=None
[2022-07-24 23:32:44,777] {logging_mixin.py:115} INFO - [2022-07-24 23:32:44,777] {dag.py:2972} INFO - Setting next_dagrun for example_xcom_args_with_operators to None, run_after=None
[2022-07-24 23:32:44,792] {processor.py:161} INFO - Processing /Users/pro/Documents/a_env/proj_data/lib/python3.7/site-packages/airflow/example_dags/example_xcomargs.py took 0.131 seconds
[2022-07-24 23:33:19,740] {processor.py:153} INFO - Started process (PID=15315) to work on /Users/pro/Documents/a_env/proj_data/lib/python3.7/site-packages/airflow/example_dags/example_xcomargs.py
[2022-07-24 23:33:19,741] {processor.py:641} INFO - Processing file /Users/pro/Documents/a_env/proj_data/lib/python3.7/site-packages/airflow/example_dags/example_xcomargs.py for tasks to queue
[2022-07-24 23:33:19,742] {logging_mixin.py:115} INFO - [2022-07-24 23:33:19,741] {dagbag.py:508} INFO - Filling up the DagBag from /Users/pro/Documents/a_env/proj_data/lib/python3.7/site-packages/airflow/example_dags/example_xcomargs.py
[2022-07-24 23:33:19,766] {processor.py:651} INFO - DAG(s) dict_keys(['example_xcom_args', 'example_xcom_args_with_operators']) retrieved from /Users/pro/Documents/a_env/proj_data/lib/python3.7/site-packages/airflow/example_dags/example_xcomargs.py
[2022-07-24 23:33:19,830] {logging_mixin.py:115} INFO - [2022-07-24 23:33:19,830] {dag.py:2420} INFO - Sync 2 DAGs
[2022-07-24 23:33:19,851] {logging_mixin.py:115} INFO - [2022-07-24 23:33:19,851] {dag.py:2972} INFO - Setting next_dagrun for example_xcom_args to None, run_after=None
[2022-07-24 23:33:19,852] {logging_mixin.py:115} INFO - [2022-07-24 23:33:19,852] {dag.py:2972} INFO - Setting next_dagrun for example_xcom_args_with_operators to None, run_after=None
[2022-07-24 23:33:19,867] {processor.py:161} INFO - Processing /Users/pro/Documents/a_env/proj_data/lib/python3.7/site-packages/airflow/example_dags/example_xcomargs.py took 0.132 seconds
[2022-07-24 23:33:54,050] {processor.py:153} INFO - Started process (PID=15417) to work on /Users/pro/Documents/a_env/proj_data/lib/python3.7/site-packages/airflow/example_dags/example_xcomargs.py
[2022-07-24 23:33:54,053] {processor.py:641} INFO - Processing file /Users/pro/Documents/a_env/proj_data/lib/python3.7/site-packages/airflow/example_dags/example_xcomargs.py for tasks to queue
[2022-07-24 23:33:54,054] {logging_mixin.py:115} INFO - [2022-07-24 23:33:54,054] {dagbag.py:508} INFO - Filling up the DagBag from /Users/pro/Documents/a_env/proj_data/lib/python3.7/site-packages/airflow/example_dags/example_xcomargs.py
[2022-07-24 23:33:54,085] {processor.py:651} INFO - DAG(s) dict_keys(['example_xcom_args', 'example_xcom_args_with_operators']) retrieved from /Users/pro/Documents/a_env/proj_data/lib/python3.7/site-packages/airflow/example_dags/example_xcomargs.py
[2022-07-24 23:33:54,157] {logging_mixin.py:115} INFO - [2022-07-24 23:33:54,157] {dag.py:2420} INFO - Sync 2 DAGs
[2022-07-24 23:33:54,185] {logging_mixin.py:115} INFO - [2022-07-24 23:33:54,185] {dag.py:2972} INFO - Setting next_dagrun for example_xcom_args to None, run_after=None
[2022-07-24 23:33:54,186] {logging_mixin.py:115} INFO - [2022-07-24 23:33:54,185] {dag.py:2972} INFO - Setting next_dagrun for example_xcom_args_with_operators to None, run_after=None
[2022-07-24 23:33:54,207] {processor.py:161} INFO - Processing /Users/pro/Documents/a_env/proj_data/lib/python3.7/site-packages/airflow/example_dags/example_xcomargs.py took 0.171 seconds
[2022-07-24 23:34:29,160] {processor.py:153} INFO - Started process (PID=15520) to work on /Users/pro/Documents/a_env/proj_data/lib/python3.7/site-packages/airflow/example_dags/example_xcomargs.py
[2022-07-24 23:34:29,161] {processor.py:641} INFO - Processing file /Users/pro/Documents/a_env/proj_data/lib/python3.7/site-packages/airflow/example_dags/example_xcomargs.py for tasks to queue
[2022-07-24 23:34:29,162] {logging_mixin.py:115} INFO - [2022-07-24 23:34:29,161] {dagbag.py:508} INFO - Filling up the DagBag from /Users/pro/Documents/a_env/proj_data/lib/python3.7/site-packages/airflow/example_dags/example_xcomargs.py
[2022-07-24 23:34:29,186] {processor.py:651} INFO - DAG(s) dict_keys(['example_xcom_args', 'example_xcom_args_with_operators']) retrieved from /Users/pro/Documents/a_env/proj_data/lib/python3.7/site-packages/airflow/example_dags/example_xcomargs.py
[2022-07-24 23:34:29,209] {logging_mixin.py:115} INFO - [2022-07-24 23:34:29,208] {dag.py:2420} INFO - Sync 2 DAGs
[2022-07-24 23:34:29,231] {logging_mixin.py:115} INFO - [2022-07-24 23:34:29,230] {dag.py:2972} INFO - Setting next_dagrun for example_xcom_args to None, run_after=None
[2022-07-24 23:34:29,231] {logging_mixin.py:115} INFO - [2022-07-24 23:34:29,231] {dag.py:2972} INFO - Setting next_dagrun for example_xcom_args_with_operators to None, run_after=None
[2022-07-24 23:34:29,244] {processor.py:161} INFO - Processing /Users/pro/Documents/a_env/proj_data/lib/python3.7/site-packages/airflow/example_dags/example_xcomargs.py took 0.090 seconds
