[2022-07-24 23:12:32,893] {processor.py:153} INFO - Started process (PID=12423) to work on /Users/pro/Documents/a_env/proj_data/lib/python3.7/site-packages/airflow/example_dags/example_branch_operator_decorator.py
[2022-07-24 23:12:32,895] {processor.py:641} INFO - Processing file /Users/pro/Documents/a_env/proj_data/lib/python3.7/site-packages/airflow/example_dags/example_branch_operator_decorator.py for tasks to queue
[2022-07-24 23:12:32,896] {logging_mixin.py:115} INFO - [2022-07-24 23:12:32,896] {dagbag.py:508} INFO - Filling up the DagBag from /Users/pro/Documents/a_env/proj_data/lib/python3.7/site-packages/airflow/example_dags/example_branch_operator_decorator.py
[2022-07-24 23:12:32,928] {processor.py:651} INFO - DAG(s) dict_keys(['example_branch_python_operator_decorator']) retrieved from /Users/pro/Documents/a_env/proj_data/lib/python3.7/site-packages/airflow/example_dags/example_branch_operator_decorator.py
[2022-07-24 23:12:33,006] {logging_mixin.py:115} INFO - [2022-07-24 23:12:33,006] {manager.py:508} INFO - Created Permission View: can edit on DAG:example_branch_python_operator_decorator
[2022-07-24 23:12:33,015] {logging_mixin.py:115} INFO - [2022-07-24 23:12:33,015] {manager.py:508} INFO - Created Permission View: can delete on DAG:example_branch_python_operator_decorator
[2022-07-24 23:12:33,022] {logging_mixin.py:115} INFO - [2022-07-24 23:12:33,022] {manager.py:508} INFO - Created Permission View: can read on DAG:example_branch_python_operator_decorator
[2022-07-24 23:12:33,023] {logging_mixin.py:115} INFO - [2022-07-24 23:12:33,023] {dag.py:2420} INFO - Sync 1 DAGs
[2022-07-24 23:12:33,034] {logging_mixin.py:115} INFO - [2022-07-24 23:12:33,034] {dag.py:2439} INFO - Creating ORM DAG for example_branch_python_operator_decorator
[2022-07-24 23:12:33,047] {logging_mixin.py:115} INFO - [2022-07-24 23:12:33,047] {dag.py:2972} INFO - Setting next_dagrun for example_branch_python_operator_decorator to 2022-07-23T00:00:00+00:00, run_after=2022-07-24T00:00:00+00:00
[2022-07-24 23:12:33,060] {processor.py:161} INFO - Processing /Users/pro/Documents/a_env/proj_data/lib/python3.7/site-packages/airflow/example_dags/example_branch_operator_decorator.py took 0.171 seconds
[2022-07-24 23:13:06,092] {processor.py:153} INFO - Started process (PID=12460) to work on /Users/pro/Documents/a_env/proj_data/lib/python3.7/site-packages/airflow/example_dags/example_branch_operator_decorator.py
[2022-07-24 23:13:06,093] {processor.py:641} INFO - Processing file /Users/pro/Documents/a_env/proj_data/lib/python3.7/site-packages/airflow/example_dags/example_branch_operator_decorator.py for tasks to queue
[2022-07-24 23:13:06,094] {logging_mixin.py:115} INFO - [2022-07-24 23:13:06,094] {dagbag.py:508} INFO - Filling up the DagBag from /Users/pro/Documents/a_env/proj_data/lib/python3.7/site-packages/airflow/example_dags/example_branch_operator_decorator.py
[2022-07-24 23:13:06,124] {processor.py:651} INFO - DAG(s) dict_keys(['example_branch_python_operator_decorator']) retrieved from /Users/pro/Documents/a_env/proj_data/lib/python3.7/site-packages/airflow/example_dags/example_branch_operator_decorator.py
[2022-07-24 23:13:06,143] {logging_mixin.py:115} INFO - [2022-07-24 23:13:06,143] {dag.py:2420} INFO - Sync 1 DAGs
[2022-07-24 23:13:06,172] {logging_mixin.py:115} INFO - [2022-07-24 23:13:06,171] {dag.py:2972} INFO - Setting next_dagrun for example_branch_python_operator_decorator to 2022-07-23T00:00:00+00:00, run_after=2022-07-24T00:00:00+00:00
[2022-07-24 23:13:06,202] {processor.py:161} INFO - Processing /Users/pro/Documents/a_env/proj_data/lib/python3.7/site-packages/airflow/example_dags/example_branch_operator_decorator.py took 0.114 seconds
[2022-07-24 23:13:40,822] {processor.py:153} INFO - Started process (PID=12495) to work on /Users/pro/Documents/a_env/proj_data/lib/python3.7/site-packages/airflow/example_dags/example_branch_operator_decorator.py
[2022-07-24 23:13:40,823] {processor.py:641} INFO - Processing file /Users/pro/Documents/a_env/proj_data/lib/python3.7/site-packages/airflow/example_dags/example_branch_operator_decorator.py for tasks to queue
[2022-07-24 23:13:40,824] {logging_mixin.py:115} INFO - [2022-07-24 23:13:40,824] {dagbag.py:508} INFO - Filling up the DagBag from /Users/pro/Documents/a_env/proj_data/lib/python3.7/site-packages/airflow/example_dags/example_branch_operator_decorator.py
[2022-07-24 23:13:40,856] {processor.py:651} INFO - DAG(s) dict_keys(['example_branch_python_operator_decorator']) retrieved from /Users/pro/Documents/a_env/proj_data/lib/python3.7/site-packages/airflow/example_dags/example_branch_operator_decorator.py
[2022-07-24 23:13:40,876] {logging_mixin.py:115} INFO - [2022-07-24 23:13:40,876] {dag.py:2420} INFO - Sync 1 DAGs
[2022-07-24 23:13:40,901] {logging_mixin.py:115} INFO - [2022-07-24 23:13:40,900] {dag.py:2972} INFO - Setting next_dagrun for example_branch_python_operator_decorator to 2022-07-23T00:00:00+00:00, run_after=2022-07-24T00:00:00+00:00
[2022-07-24 23:13:40,914] {processor.py:161} INFO - Processing /Users/pro/Documents/a_env/proj_data/lib/python3.7/site-packages/airflow/example_dags/example_branch_operator_decorator.py took 0.096 seconds
[2022-07-24 23:14:14,353] {processor.py:153} INFO - Started process (PID=12532) to work on /Users/pro/Documents/a_env/proj_data/lib/python3.7/site-packages/airflow/example_dags/example_branch_operator_decorator.py
[2022-07-24 23:14:14,355] {processor.py:641} INFO - Processing file /Users/pro/Documents/a_env/proj_data/lib/python3.7/site-packages/airflow/example_dags/example_branch_operator_decorator.py for tasks to queue
[2022-07-24 23:14:14,356] {logging_mixin.py:115} INFO - [2022-07-24 23:14:14,356] {dagbag.py:508} INFO - Filling up the DagBag from /Users/pro/Documents/a_env/proj_data/lib/python3.7/site-packages/airflow/example_dags/example_branch_operator_decorator.py
[2022-07-24 23:14:14,390] {processor.py:651} INFO - DAG(s) dict_keys(['example_branch_python_operator_decorator']) retrieved from /Users/pro/Documents/a_env/proj_data/lib/python3.7/site-packages/airflow/example_dags/example_branch_operator_decorator.py
[2022-07-24 23:14:14,411] {logging_mixin.py:115} INFO - [2022-07-24 23:14:14,411] {dag.py:2420} INFO - Sync 1 DAGs
[2022-07-24 23:14:14,438] {logging_mixin.py:115} INFO - [2022-07-24 23:14:14,438] {dag.py:2972} INFO - Setting next_dagrun for example_branch_python_operator_decorator to 2022-07-23T00:00:00+00:00, run_after=2022-07-24T00:00:00+00:00
[2022-07-24 23:14:14,453] {processor.py:161} INFO - Processing /Users/pro/Documents/a_env/proj_data/lib/python3.7/site-packages/airflow/example_dags/example_branch_operator_decorator.py took 0.104 seconds
[2022-07-24 23:14:49,771] {processor.py:153} INFO - Started process (PID=12568) to work on /Users/pro/Documents/a_env/proj_data/lib/python3.7/site-packages/airflow/example_dags/example_branch_operator_decorator.py
[2022-07-24 23:14:49,773] {processor.py:641} INFO - Processing file /Users/pro/Documents/a_env/proj_data/lib/python3.7/site-packages/airflow/example_dags/example_branch_operator_decorator.py for tasks to queue
[2022-07-24 23:14:49,774] {logging_mixin.py:115} INFO - [2022-07-24 23:14:49,773] {dagbag.py:508} INFO - Filling up the DagBag from /Users/pro/Documents/a_env/proj_data/lib/python3.7/site-packages/airflow/example_dags/example_branch_operator_decorator.py
[2022-07-24 23:14:49,807] {processor.py:651} INFO - DAG(s) dict_keys(['example_branch_python_operator_decorator']) retrieved from /Users/pro/Documents/a_env/proj_data/lib/python3.7/site-packages/airflow/example_dags/example_branch_operator_decorator.py
[2022-07-24 23:14:49,828] {logging_mixin.py:115} INFO - [2022-07-24 23:14:49,828] {dag.py:2420} INFO - Sync 1 DAGs
[2022-07-24 23:14:49,854] {logging_mixin.py:115} INFO - [2022-07-24 23:14:49,853] {dag.py:2972} INFO - Setting next_dagrun for example_branch_python_operator_decorator to 2022-07-23T00:00:00+00:00, run_after=2022-07-24T00:00:00+00:00
[2022-07-24 23:14:49,868] {processor.py:161} INFO - Processing /Users/pro/Documents/a_env/proj_data/lib/python3.7/site-packages/airflow/example_dags/example_branch_operator_decorator.py took 0.102 seconds
[2022-07-24 23:15:25,195] {processor.py:153} INFO - Started process (PID=12653) to work on /Users/pro/Documents/a_env/proj_data/lib/python3.7/site-packages/airflow/example_dags/example_branch_operator_decorator.py
[2022-07-24 23:15:25,197] {processor.py:641} INFO - Processing file /Users/pro/Documents/a_env/proj_data/lib/python3.7/site-packages/airflow/example_dags/example_branch_operator_decorator.py for tasks to queue
[2022-07-24 23:15:25,198] {logging_mixin.py:115} INFO - [2022-07-24 23:15:25,197] {dagbag.py:508} INFO - Filling up the DagBag from /Users/pro/Documents/a_env/proj_data/lib/python3.7/site-packages/airflow/example_dags/example_branch_operator_decorator.py
[2022-07-24 23:15:25,231] {processor.py:651} INFO - DAG(s) dict_keys(['example_branch_python_operator_decorator']) retrieved from /Users/pro/Documents/a_env/proj_data/lib/python3.7/site-packages/airflow/example_dags/example_branch_operator_decorator.py
[2022-07-24 23:15:25,250] {logging_mixin.py:115} INFO - [2022-07-24 23:15:25,250] {dag.py:2420} INFO - Sync 1 DAGs
[2022-07-24 23:15:25,314] {logging_mixin.py:115} INFO - [2022-07-24 23:15:25,314] {dag.py:2972} INFO - Setting next_dagrun for example_branch_python_operator_decorator to 2022-07-23T00:00:00+00:00, run_after=2022-07-24T00:00:00+00:00
[2022-07-24 23:15:25,339] {processor.py:161} INFO - Processing /Users/pro/Documents/a_env/proj_data/lib/python3.7/site-packages/airflow/example_dags/example_branch_operator_decorator.py took 0.149 seconds
[2022-07-24 23:16:01,294] {processor.py:153} INFO - Started process (PID=12778) to work on /Users/pro/Documents/a_env/proj_data/lib/python3.7/site-packages/airflow/example_dags/example_branch_operator_decorator.py
[2022-07-24 23:16:01,296] {processor.py:641} INFO - Processing file /Users/pro/Documents/a_env/proj_data/lib/python3.7/site-packages/airflow/example_dags/example_branch_operator_decorator.py for tasks to queue
[2022-07-24 23:16:01,297] {logging_mixin.py:115} INFO - [2022-07-24 23:16:01,296] {dagbag.py:508} INFO - Filling up the DagBag from /Users/pro/Documents/a_env/proj_data/lib/python3.7/site-packages/airflow/example_dags/example_branch_operator_decorator.py
[2022-07-24 23:16:01,337] {processor.py:651} INFO - DAG(s) dict_keys(['example_branch_python_operator_decorator']) retrieved from /Users/pro/Documents/a_env/proj_data/lib/python3.7/site-packages/airflow/example_dags/example_branch_operator_decorator.py
[2022-07-24 23:16:01,362] {logging_mixin.py:115} INFO - [2022-07-24 23:16:01,361] {dag.py:2420} INFO - Sync 1 DAGs
[2022-07-24 23:16:01,391] {logging_mixin.py:115} INFO - [2022-07-24 23:16:01,391] {dag.py:2972} INFO - Setting next_dagrun for example_branch_python_operator_decorator to 2022-07-23T00:00:00+00:00, run_after=2022-07-24T00:00:00+00:00
[2022-07-24 23:16:01,404] {processor.py:161} INFO - Processing /Users/pro/Documents/a_env/proj_data/lib/python3.7/site-packages/airflow/example_dags/example_branch_operator_decorator.py took 0.114 seconds
[2022-07-24 23:16:33,878] {processor.py:153} INFO - Started process (PID=12892) to work on /Users/pro/Documents/a_env/proj_data/lib/python3.7/site-packages/airflow/example_dags/example_branch_operator_decorator.py
[2022-07-24 23:16:33,879] {processor.py:641} INFO - Processing file /Users/pro/Documents/a_env/proj_data/lib/python3.7/site-packages/airflow/example_dags/example_branch_operator_decorator.py for tasks to queue
[2022-07-24 23:16:33,880] {logging_mixin.py:115} INFO - [2022-07-24 23:16:33,880] {dagbag.py:508} INFO - Filling up the DagBag from /Users/pro/Documents/a_env/proj_data/lib/python3.7/site-packages/airflow/example_dags/example_branch_operator_decorator.py
[2022-07-24 23:16:33,909] {processor.py:651} INFO - DAG(s) dict_keys(['example_branch_python_operator_decorator']) retrieved from /Users/pro/Documents/a_env/proj_data/lib/python3.7/site-packages/airflow/example_dags/example_branch_operator_decorator.py
[2022-07-24 23:16:33,928] {logging_mixin.py:115} INFO - [2022-07-24 23:16:33,927] {dag.py:2420} INFO - Sync 1 DAGs
[2022-07-24 23:16:33,951] {logging_mixin.py:115} INFO - [2022-07-24 23:16:33,951] {dag.py:2972} INFO - Setting next_dagrun for example_branch_python_operator_decorator to 2022-07-23T00:00:00+00:00, run_after=2022-07-24T00:00:00+00:00
[2022-07-24 23:16:33,964] {processor.py:161} INFO - Processing /Users/pro/Documents/a_env/proj_data/lib/python3.7/site-packages/airflow/example_dags/example_branch_operator_decorator.py took 0.090 seconds
[2022-07-24 23:17:07,765] {processor.py:153} INFO - Started process (PID=12972) to work on /Users/pro/Documents/a_env/proj_data/lib/python3.7/site-packages/airflow/example_dags/example_branch_operator_decorator.py
[2022-07-24 23:17:07,766] {processor.py:641} INFO - Processing file /Users/pro/Documents/a_env/proj_data/lib/python3.7/site-packages/airflow/example_dags/example_branch_operator_decorator.py for tasks to queue
[2022-07-24 23:17:07,768] {logging_mixin.py:115} INFO - [2022-07-24 23:17:07,768] {dagbag.py:508} INFO - Filling up the DagBag from /Users/pro/Documents/a_env/proj_data/lib/python3.7/site-packages/airflow/example_dags/example_branch_operator_decorator.py
[2022-07-24 23:17:07,793] {processor.py:651} INFO - DAG(s) dict_keys(['example_branch_python_operator_decorator']) retrieved from /Users/pro/Documents/a_env/proj_data/lib/python3.7/site-packages/airflow/example_dags/example_branch_operator_decorator.py
[2022-07-24 23:17:07,812] {logging_mixin.py:115} INFO - [2022-07-24 23:17:07,812] {dag.py:2420} INFO - Sync 1 DAGs
[2022-07-24 23:17:07,835] {logging_mixin.py:115} INFO - [2022-07-24 23:17:07,834] {dag.py:2972} INFO - Setting next_dagrun for example_branch_python_operator_decorator to 2022-07-23T00:00:00+00:00, run_after=2022-07-24T00:00:00+00:00
[2022-07-24 23:17:07,848] {processor.py:161} INFO - Processing /Users/pro/Documents/a_env/proj_data/lib/python3.7/site-packages/airflow/example_dags/example_branch_operator_decorator.py took 0.088 seconds
[2022-07-24 23:17:42,235] {processor.py:153} INFO - Started process (PID=13052) to work on /Users/pro/Documents/a_env/proj_data/lib/python3.7/site-packages/airflow/example_dags/example_branch_operator_decorator.py
[2022-07-24 23:17:42,236] {processor.py:641} INFO - Processing file /Users/pro/Documents/a_env/proj_data/lib/python3.7/site-packages/airflow/example_dags/example_branch_operator_decorator.py for tasks to queue
[2022-07-24 23:17:42,237] {logging_mixin.py:115} INFO - [2022-07-24 23:17:42,237] {dagbag.py:508} INFO - Filling up the DagBag from /Users/pro/Documents/a_env/proj_data/lib/python3.7/site-packages/airflow/example_dags/example_branch_operator_decorator.py
[2022-07-24 23:17:42,261] {processor.py:651} INFO - DAG(s) dict_keys(['example_branch_python_operator_decorator']) retrieved from /Users/pro/Documents/a_env/proj_data/lib/python3.7/site-packages/airflow/example_dags/example_branch_operator_decorator.py
[2022-07-24 23:17:42,280] {logging_mixin.py:115} INFO - [2022-07-24 23:17:42,280] {dag.py:2420} INFO - Sync 1 DAGs
[2022-07-24 23:17:42,302] {logging_mixin.py:115} INFO - [2022-07-24 23:17:42,302] {dag.py:2972} INFO - Setting next_dagrun for example_branch_python_operator_decorator to 2022-07-23T00:00:00+00:00, run_after=2022-07-24T00:00:00+00:00
[2022-07-24 23:17:42,315] {processor.py:161} INFO - Processing /Users/pro/Documents/a_env/proj_data/lib/python3.7/site-packages/airflow/example_dags/example_branch_operator_decorator.py took 0.085 seconds
[2022-07-24 23:18:15,877] {processor.py:153} INFO - Started process (PID=13160) to work on /Users/pro/Documents/a_env/proj_data/lib/python3.7/site-packages/airflow/example_dags/example_branch_operator_decorator.py
[2022-07-24 23:18:15,879] {processor.py:641} INFO - Processing file /Users/pro/Documents/a_env/proj_data/lib/python3.7/site-packages/airflow/example_dags/example_branch_operator_decorator.py for tasks to queue
[2022-07-24 23:18:15,880] {logging_mixin.py:115} INFO - [2022-07-24 23:18:15,880] {dagbag.py:508} INFO - Filling up the DagBag from /Users/pro/Documents/a_env/proj_data/lib/python3.7/site-packages/airflow/example_dags/example_branch_operator_decorator.py
[2022-07-24 23:18:15,905] {processor.py:651} INFO - DAG(s) dict_keys(['example_branch_python_operator_decorator']) retrieved from /Users/pro/Documents/a_env/proj_data/lib/python3.7/site-packages/airflow/example_dags/example_branch_operator_decorator.py
[2022-07-24 23:18:15,927] {logging_mixin.py:115} INFO - [2022-07-24 23:18:15,927] {dag.py:2420} INFO - Sync 1 DAGs
[2022-07-24 23:18:15,952] {logging_mixin.py:115} INFO - [2022-07-24 23:18:15,951] {dag.py:2972} INFO - Setting next_dagrun for example_branch_python_operator_decorator to 2022-07-23T00:00:00+00:00, run_after=2022-07-24T00:00:00+00:00
[2022-07-24 23:18:15,965] {processor.py:161} INFO - Processing /Users/pro/Documents/a_env/proj_data/lib/python3.7/site-packages/airflow/example_dags/example_branch_operator_decorator.py took 0.093 seconds
[2022-07-24 23:18:50,400] {processor.py:153} INFO - Started process (PID=13259) to work on /Users/pro/Documents/a_env/proj_data/lib/python3.7/site-packages/airflow/example_dags/example_branch_operator_decorator.py
[2022-07-24 23:18:50,403] {processor.py:641} INFO - Processing file /Users/pro/Documents/a_env/proj_data/lib/python3.7/site-packages/airflow/example_dags/example_branch_operator_decorator.py for tasks to queue
[2022-07-24 23:18:50,404] {logging_mixin.py:115} INFO - [2022-07-24 23:18:50,403] {dagbag.py:508} INFO - Filling up the DagBag from /Users/pro/Documents/a_env/proj_data/lib/python3.7/site-packages/airflow/example_dags/example_branch_operator_decorator.py
[2022-07-24 23:18:50,431] {processor.py:651} INFO - DAG(s) dict_keys(['example_branch_python_operator_decorator']) retrieved from /Users/pro/Documents/a_env/proj_data/lib/python3.7/site-packages/airflow/example_dags/example_branch_operator_decorator.py
[2022-07-24 23:18:50,454] {logging_mixin.py:115} INFO - [2022-07-24 23:18:50,454] {dag.py:2420} INFO - Sync 1 DAGs
[2022-07-24 23:18:50,478] {logging_mixin.py:115} INFO - [2022-07-24 23:18:50,477] {dag.py:2972} INFO - Setting next_dagrun for example_branch_python_operator_decorator to 2022-07-23T00:00:00+00:00, run_after=2022-07-24T00:00:00+00:00
[2022-07-24 23:18:50,494] {processor.py:161} INFO - Processing /Users/pro/Documents/a_env/proj_data/lib/python3.7/site-packages/airflow/example_dags/example_branch_operator_decorator.py took 0.100 seconds
[2022-07-24 23:19:22,476] {processor.py:153} INFO - Started process (PID=13353) to work on /Users/pro/Documents/a_env/proj_data/lib/python3.7/site-packages/airflow/example_dags/example_branch_operator_decorator.py
[2022-07-24 23:19:22,477] {processor.py:641} INFO - Processing file /Users/pro/Documents/a_env/proj_data/lib/python3.7/site-packages/airflow/example_dags/example_branch_operator_decorator.py for tasks to queue
[2022-07-24 23:19:22,478] {logging_mixin.py:115} INFO - [2022-07-24 23:19:22,478] {dagbag.py:508} INFO - Filling up the DagBag from /Users/pro/Documents/a_env/proj_data/lib/python3.7/site-packages/airflow/example_dags/example_branch_operator_decorator.py
[2022-07-24 23:19:22,503] {processor.py:651} INFO - DAG(s) dict_keys(['example_branch_python_operator_decorator']) retrieved from /Users/pro/Documents/a_env/proj_data/lib/python3.7/site-packages/airflow/example_dags/example_branch_operator_decorator.py
[2022-07-24 23:19:22,523] {logging_mixin.py:115} INFO - [2022-07-24 23:19:22,523] {dag.py:2420} INFO - Sync 1 DAGs
[2022-07-24 23:19:22,546] {logging_mixin.py:115} INFO - [2022-07-24 23:19:22,545] {dag.py:2972} INFO - Setting next_dagrun for example_branch_python_operator_decorator to 2022-07-23T00:00:00+00:00, run_after=2022-07-24T00:00:00+00:00
[2022-07-24 23:19:22,559] {processor.py:161} INFO - Processing /Users/pro/Documents/a_env/proj_data/lib/python3.7/site-packages/airflow/example_dags/example_branch_operator_decorator.py took 0.087 seconds
[2022-07-24 23:19:55,444] {processor.py:153} INFO - Started process (PID=13408) to work on /Users/pro/Documents/a_env/proj_data/lib/python3.7/site-packages/airflow/example_dags/example_branch_operator_decorator.py
[2022-07-24 23:19:55,446] {processor.py:641} INFO - Processing file /Users/pro/Documents/a_env/proj_data/lib/python3.7/site-packages/airflow/example_dags/example_branch_operator_decorator.py for tasks to queue
[2022-07-24 23:19:55,447] {logging_mixin.py:115} INFO - [2022-07-24 23:19:55,446] {dagbag.py:508} INFO - Filling up the DagBag from /Users/pro/Documents/a_env/proj_data/lib/python3.7/site-packages/airflow/example_dags/example_branch_operator_decorator.py
[2022-07-24 23:19:55,486] {processor.py:651} INFO - DAG(s) dict_keys(['example_branch_python_operator_decorator']) retrieved from /Users/pro/Documents/a_env/proj_data/lib/python3.7/site-packages/airflow/example_dags/example_branch_operator_decorator.py
[2022-07-24 23:19:55,509] {logging_mixin.py:115} INFO - [2022-07-24 23:19:55,509] {dag.py:2420} INFO - Sync 1 DAGs
[2022-07-24 23:19:55,533] {logging_mixin.py:115} INFO - [2022-07-24 23:19:55,533] {dag.py:2972} INFO - Setting next_dagrun for example_branch_python_operator_decorator to 2022-07-23T00:00:00+00:00, run_after=2022-07-24T00:00:00+00:00
[2022-07-24 23:19:55,546] {processor.py:161} INFO - Processing /Users/pro/Documents/a_env/proj_data/lib/python3.7/site-packages/airflow/example_dags/example_branch_operator_decorator.py took 0.107 seconds
[2022-07-24 23:20:30,645] {processor.py:153} INFO - Started process (PID=13518) to work on /Users/pro/Documents/a_env/proj_data/lib/python3.7/site-packages/airflow/example_dags/example_branch_operator_decorator.py
[2022-07-24 23:20:30,646] {processor.py:641} INFO - Processing file /Users/pro/Documents/a_env/proj_data/lib/python3.7/site-packages/airflow/example_dags/example_branch_operator_decorator.py for tasks to queue
[2022-07-24 23:20:30,647] {logging_mixin.py:115} INFO - [2022-07-24 23:20:30,647] {dagbag.py:508} INFO - Filling up the DagBag from /Users/pro/Documents/a_env/proj_data/lib/python3.7/site-packages/airflow/example_dags/example_branch_operator_decorator.py
[2022-07-24 23:20:30,672] {processor.py:651} INFO - DAG(s) dict_keys(['example_branch_python_operator_decorator']) retrieved from /Users/pro/Documents/a_env/proj_data/lib/python3.7/site-packages/airflow/example_dags/example_branch_operator_decorator.py
[2022-07-24 23:20:30,692] {logging_mixin.py:115} INFO - [2022-07-24 23:20:30,692] {dag.py:2420} INFO - Sync 1 DAGs
[2022-07-24 23:20:30,715] {logging_mixin.py:115} INFO - [2022-07-24 23:20:30,715] {dag.py:2972} INFO - Setting next_dagrun for example_branch_python_operator_decorator to 2022-07-23T00:00:00+00:00, run_after=2022-07-24T00:00:00+00:00
[2022-07-24 23:20:30,729] {processor.py:161} INFO - Processing /Users/pro/Documents/a_env/proj_data/lib/python3.7/site-packages/airflow/example_dags/example_branch_operator_decorator.py took 0.088 seconds
[2022-07-24 23:21:06,791] {processor.py:153} INFO - Started process (PID=13813) to work on /Users/pro/Documents/a_env/proj_data/lib/python3.7/site-packages/airflow/example_dags/example_branch_operator_decorator.py
[2022-07-24 23:21:06,793] {processor.py:641} INFO - Processing file /Users/pro/Documents/a_env/proj_data/lib/python3.7/site-packages/airflow/example_dags/example_branch_operator_decorator.py for tasks to queue
[2022-07-24 23:21:06,795] {logging_mixin.py:115} INFO - [2022-07-24 23:21:06,794] {dagbag.py:508} INFO - Filling up the DagBag from /Users/pro/Documents/a_env/proj_data/lib/python3.7/site-packages/airflow/example_dags/example_branch_operator_decorator.py
[2022-07-24 23:21:06,825] {processor.py:651} INFO - DAG(s) dict_keys(['example_branch_python_operator_decorator']) retrieved from /Users/pro/Documents/a_env/proj_data/lib/python3.7/site-packages/airflow/example_dags/example_branch_operator_decorator.py
[2022-07-24 23:21:06,846] {logging_mixin.py:115} INFO - [2022-07-24 23:21:06,846] {dag.py:2420} INFO - Sync 1 DAGs
[2022-07-24 23:21:06,869] {logging_mixin.py:115} INFO - [2022-07-24 23:21:06,869] {dag.py:2972} INFO - Setting next_dagrun for example_branch_python_operator_decorator to 2022-07-23T00:00:00+00:00, run_after=2022-07-24T00:00:00+00:00
[2022-07-24 23:21:06,882] {processor.py:161} INFO - Processing /Users/pro/Documents/a_env/proj_data/lib/python3.7/site-packages/airflow/example_dags/example_branch_operator_decorator.py took 0.095 seconds
[2022-07-24 23:21:40,267] {processor.py:153} INFO - Started process (PID=13891) to work on /Users/pro/Documents/a_env/proj_data/lib/python3.7/site-packages/airflow/example_dags/example_branch_operator_decorator.py
[2022-07-24 23:21:40,268] {processor.py:641} INFO - Processing file /Users/pro/Documents/a_env/proj_data/lib/python3.7/site-packages/airflow/example_dags/example_branch_operator_decorator.py for tasks to queue
[2022-07-24 23:21:40,270] {logging_mixin.py:115} INFO - [2022-07-24 23:21:40,269] {dagbag.py:508} INFO - Filling up the DagBag from /Users/pro/Documents/a_env/proj_data/lib/python3.7/site-packages/airflow/example_dags/example_branch_operator_decorator.py
[2022-07-24 23:21:40,309] {processor.py:651} INFO - DAG(s) dict_keys(['example_branch_python_operator_decorator']) retrieved from /Users/pro/Documents/a_env/proj_data/lib/python3.7/site-packages/airflow/example_dags/example_branch_operator_decorator.py
[2022-07-24 23:21:40,347] {logging_mixin.py:115} INFO - [2022-07-24 23:21:40,346] {dag.py:2420} INFO - Sync 1 DAGs
[2022-07-24 23:21:40,395] {logging_mixin.py:115} INFO - [2022-07-24 23:21:40,394] {dag.py:2972} INFO - Setting next_dagrun for example_branch_python_operator_decorator to 2022-07-23T00:00:00+00:00, run_after=2022-07-24T00:00:00+00:00
[2022-07-24 23:21:40,463] {processor.py:161} INFO - Processing /Users/pro/Documents/a_env/proj_data/lib/python3.7/site-packages/airflow/example_dags/example_branch_operator_decorator.py took 0.201 seconds
[2022-07-24 23:22:11,139] {processor.py:153} INFO - Started process (PID=13966) to work on /Users/pro/Documents/a_env/proj_data/lib/python3.7/site-packages/airflow/example_dags/example_branch_operator_decorator.py
[2022-07-24 23:22:11,140] {processor.py:641} INFO - Processing file /Users/pro/Documents/a_env/proj_data/lib/python3.7/site-packages/airflow/example_dags/example_branch_operator_decorator.py for tasks to queue
[2022-07-24 23:22:11,141] {logging_mixin.py:115} INFO - [2022-07-24 23:22:11,141] {dagbag.py:508} INFO - Filling up the DagBag from /Users/pro/Documents/a_env/proj_data/lib/python3.7/site-packages/airflow/example_dags/example_branch_operator_decorator.py
[2022-07-24 23:22:11,168] {processor.py:651} INFO - DAG(s) dict_keys(['example_branch_python_operator_decorator']) retrieved from /Users/pro/Documents/a_env/proj_data/lib/python3.7/site-packages/airflow/example_dags/example_branch_operator_decorator.py
[2022-07-24 23:22:11,190] {logging_mixin.py:115} INFO - [2022-07-24 23:22:11,190] {dag.py:2420} INFO - Sync 1 DAGs
[2022-07-24 23:22:11,215] {logging_mixin.py:115} INFO - [2022-07-24 23:22:11,215] {dag.py:2972} INFO - Setting next_dagrun for example_branch_python_operator_decorator to 2022-07-23T00:00:00+00:00, run_after=2022-07-24T00:00:00+00:00
[2022-07-24 23:22:11,230] {processor.py:161} INFO - Processing /Users/pro/Documents/a_env/proj_data/lib/python3.7/site-packages/airflow/example_dags/example_branch_operator_decorator.py took 0.095 seconds
[2022-07-24 23:22:46,202] {processor.py:153} INFO - Started process (PID=14074) to work on /Users/pro/Documents/a_env/proj_data/lib/python3.7/site-packages/airflow/example_dags/example_branch_operator_decorator.py
[2022-07-24 23:22:46,203] {processor.py:641} INFO - Processing file /Users/pro/Documents/a_env/proj_data/lib/python3.7/site-packages/airflow/example_dags/example_branch_operator_decorator.py for tasks to queue
[2022-07-24 23:22:46,204] {logging_mixin.py:115} INFO - [2022-07-24 23:22:46,204] {dagbag.py:508} INFO - Filling up the DagBag from /Users/pro/Documents/a_env/proj_data/lib/python3.7/site-packages/airflow/example_dags/example_branch_operator_decorator.py
[2022-07-24 23:22:46,230] {processor.py:651} INFO - DAG(s) dict_keys(['example_branch_python_operator_decorator']) retrieved from /Users/pro/Documents/a_env/proj_data/lib/python3.7/site-packages/airflow/example_dags/example_branch_operator_decorator.py
[2022-07-24 23:22:46,251] {logging_mixin.py:115} INFO - [2022-07-24 23:22:46,251] {dag.py:2420} INFO - Sync 1 DAGs
[2022-07-24 23:22:46,275] {logging_mixin.py:115} INFO - [2022-07-24 23:22:46,274] {dag.py:2972} INFO - Setting next_dagrun for example_branch_python_operator_decorator to 2022-07-23T00:00:00+00:00, run_after=2022-07-24T00:00:00+00:00
[2022-07-24 23:22:46,287] {processor.py:161} INFO - Processing /Users/pro/Documents/a_env/proj_data/lib/python3.7/site-packages/airflow/example_dags/example_branch_operator_decorator.py took 0.090 seconds
[2022-07-24 23:23:20,836] {processor.py:153} INFO - Started process (PID=14196) to work on /Users/pro/Documents/a_env/proj_data/lib/python3.7/site-packages/airflow/example_dags/example_branch_operator_decorator.py
[2022-07-24 23:23:20,838] {processor.py:641} INFO - Processing file /Users/pro/Documents/a_env/proj_data/lib/python3.7/site-packages/airflow/example_dags/example_branch_operator_decorator.py for tasks to queue
[2022-07-24 23:23:20,839] {logging_mixin.py:115} INFO - [2022-07-24 23:23:20,839] {dagbag.py:508} INFO - Filling up the DagBag from /Users/pro/Documents/a_env/proj_data/lib/python3.7/site-packages/airflow/example_dags/example_branch_operator_decorator.py
[2022-07-24 23:23:20,870] {processor.py:651} INFO - DAG(s) dict_keys(['example_branch_python_operator_decorator']) retrieved from /Users/pro/Documents/a_env/proj_data/lib/python3.7/site-packages/airflow/example_dags/example_branch_operator_decorator.py
[2022-07-24 23:23:20,896] {logging_mixin.py:115} INFO - [2022-07-24 23:23:20,895] {dag.py:2420} INFO - Sync 1 DAGs
[2022-07-24 23:23:20,925] {logging_mixin.py:115} INFO - [2022-07-24 23:23:20,925] {dag.py:2972} INFO - Setting next_dagrun for example_branch_python_operator_decorator to 2022-07-23T00:00:00+00:00, run_after=2022-07-24T00:00:00+00:00
[2022-07-24 23:23:20,940] {processor.py:161} INFO - Processing /Users/pro/Documents/a_env/proj_data/lib/python3.7/site-packages/airflow/example_dags/example_branch_operator_decorator.py took 0.111 seconds
[2022-07-24 23:23:54,910] {processor.py:153} INFO - Started process (PID=14244) to work on /Users/pro/Documents/a_env/proj_data/lib/python3.7/site-packages/airflow/example_dags/example_branch_operator_decorator.py
[2022-07-24 23:23:54,911] {processor.py:641} INFO - Processing file /Users/pro/Documents/a_env/proj_data/lib/python3.7/site-packages/airflow/example_dags/example_branch_operator_decorator.py for tasks to queue
[2022-07-24 23:23:54,912] {logging_mixin.py:115} INFO - [2022-07-24 23:23:54,911] {dagbag.py:508} INFO - Filling up the DagBag from /Users/pro/Documents/a_env/proj_data/lib/python3.7/site-packages/airflow/example_dags/example_branch_operator_decorator.py
[2022-07-24 23:23:54,939] {processor.py:651} INFO - DAG(s) dict_keys(['example_branch_python_operator_decorator']) retrieved from /Users/pro/Documents/a_env/proj_data/lib/python3.7/site-packages/airflow/example_dags/example_branch_operator_decorator.py
[2022-07-24 23:23:54,960] {logging_mixin.py:115} INFO - [2022-07-24 23:23:54,959] {dag.py:2420} INFO - Sync 1 DAGs
[2022-07-24 23:23:55,002] {logging_mixin.py:115} INFO - [2022-07-24 23:23:55,002] {dag.py:2972} INFO - Setting next_dagrun for example_branch_python_operator_decorator to 2022-07-23T00:00:00+00:00, run_after=2022-07-24T00:00:00+00:00
[2022-07-24 23:23:55,017] {processor.py:161} INFO - Processing /Users/pro/Documents/a_env/proj_data/lib/python3.7/site-packages/airflow/example_dags/example_branch_operator_decorator.py took 0.111 seconds
[2022-07-24 23:24:29,771] {processor.py:153} INFO - Started process (PID=14370) to work on /Users/pro/Documents/a_env/proj_data/lib/python3.7/site-packages/airflow/example_dags/example_branch_operator_decorator.py
[2022-07-24 23:24:29,772] {processor.py:641} INFO - Processing file /Users/pro/Documents/a_env/proj_data/lib/python3.7/site-packages/airflow/example_dags/example_branch_operator_decorator.py for tasks to queue
[2022-07-24 23:24:29,774] {logging_mixin.py:115} INFO - [2022-07-24 23:24:29,773] {dagbag.py:508} INFO - Filling up the DagBag from /Users/pro/Documents/a_env/proj_data/lib/python3.7/site-packages/airflow/example_dags/example_branch_operator_decorator.py
[2022-07-24 23:24:29,800] {processor.py:651} INFO - DAG(s) dict_keys(['example_branch_python_operator_decorator']) retrieved from /Users/pro/Documents/a_env/proj_data/lib/python3.7/site-packages/airflow/example_dags/example_branch_operator_decorator.py
[2022-07-24 23:24:29,821] {logging_mixin.py:115} INFO - [2022-07-24 23:24:29,820] {dag.py:2420} INFO - Sync 1 DAGs
[2022-07-24 23:24:29,845] {logging_mixin.py:115} INFO - [2022-07-24 23:24:29,844] {dag.py:2972} INFO - Setting next_dagrun for example_branch_python_operator_decorator to 2022-07-23T00:00:00+00:00, run_after=2022-07-24T00:00:00+00:00
[2022-07-24 23:24:29,858] {processor.py:161} INFO - Processing /Users/pro/Documents/a_env/proj_data/lib/python3.7/site-packages/airflow/example_dags/example_branch_operator_decorator.py took 0.092 seconds
[2022-07-24 23:25:05,081] {processor.py:153} INFO - Started process (PID=14423) to work on /Users/pro/Documents/a_env/proj_data/lib/python3.7/site-packages/airflow/example_dags/example_branch_operator_decorator.py
[2022-07-24 23:25:05,083] {processor.py:641} INFO - Processing file /Users/pro/Documents/a_env/proj_data/lib/python3.7/site-packages/airflow/example_dags/example_branch_operator_decorator.py for tasks to queue
[2022-07-24 23:25:05,085] {logging_mixin.py:115} INFO - [2022-07-24 23:25:05,085] {dagbag.py:508} INFO - Filling up the DagBag from /Users/pro/Documents/a_env/proj_data/lib/python3.7/site-packages/airflow/example_dags/example_branch_operator_decorator.py
[2022-07-24 23:25:05,123] {processor.py:651} INFO - DAG(s) dict_keys(['example_branch_python_operator_decorator']) retrieved from /Users/pro/Documents/a_env/proj_data/lib/python3.7/site-packages/airflow/example_dags/example_branch_operator_decorator.py
[2022-07-24 23:25:05,151] {logging_mixin.py:115} INFO - [2022-07-24 23:25:05,150] {dag.py:2420} INFO - Sync 1 DAGs
[2022-07-24 23:25:05,180] {logging_mixin.py:115} INFO - [2022-07-24 23:25:05,179] {dag.py:2972} INFO - Setting next_dagrun for example_branch_python_operator_decorator to 2022-07-23T00:00:00+00:00, run_after=2022-07-24T00:00:00+00:00
[2022-07-24 23:25:05,194] {processor.py:161} INFO - Processing /Users/pro/Documents/a_env/proj_data/lib/python3.7/site-packages/airflow/example_dags/example_branch_operator_decorator.py took 0.119 seconds
[2022-07-24 23:25:41,091] {processor.py:153} INFO - Started process (PID=14472) to work on /Users/pro/Documents/a_env/proj_data/lib/python3.7/site-packages/airflow/example_dags/example_branch_operator_decorator.py
[2022-07-24 23:25:41,092] {processor.py:641} INFO - Processing file /Users/pro/Documents/a_env/proj_data/lib/python3.7/site-packages/airflow/example_dags/example_branch_operator_decorator.py for tasks to queue
[2022-07-24 23:25:41,094] {logging_mixin.py:115} INFO - [2022-07-24 23:25:41,093] {dagbag.py:508} INFO - Filling up the DagBag from /Users/pro/Documents/a_env/proj_data/lib/python3.7/site-packages/airflow/example_dags/example_branch_operator_decorator.py
[2022-07-24 23:25:41,122] {processor.py:651} INFO - DAG(s) dict_keys(['example_branch_python_operator_decorator']) retrieved from /Users/pro/Documents/a_env/proj_data/lib/python3.7/site-packages/airflow/example_dags/example_branch_operator_decorator.py
[2022-07-24 23:25:41,145] {logging_mixin.py:115} INFO - [2022-07-24 23:25:41,144] {dag.py:2420} INFO - Sync 1 DAGs
[2022-07-24 23:25:41,172] {logging_mixin.py:115} INFO - [2022-07-24 23:25:41,171] {dag.py:2972} INFO - Setting next_dagrun for example_branch_python_operator_decorator to 2022-07-23T00:00:00+00:00, run_after=2022-07-24T00:00:00+00:00
[2022-07-24 23:25:41,185] {processor.py:161} INFO - Processing /Users/pro/Documents/a_env/proj_data/lib/python3.7/site-packages/airflow/example_dags/example_branch_operator_decorator.py took 0.100 seconds
[2022-07-24 23:26:16,047] {processor.py:153} INFO - Started process (PID=14511) to work on /Users/pro/Documents/a_env/proj_data/lib/python3.7/site-packages/airflow/example_dags/example_branch_operator_decorator.py
[2022-07-24 23:26:16,048] {processor.py:641} INFO - Processing file /Users/pro/Documents/a_env/proj_data/lib/python3.7/site-packages/airflow/example_dags/example_branch_operator_decorator.py for tasks to queue
[2022-07-24 23:26:16,050] {logging_mixin.py:115} INFO - [2022-07-24 23:26:16,049] {dagbag.py:508} INFO - Filling up the DagBag from /Users/pro/Documents/a_env/proj_data/lib/python3.7/site-packages/airflow/example_dags/example_branch_operator_decorator.py
[2022-07-24 23:26:16,079] {processor.py:651} INFO - DAG(s) dict_keys(['example_branch_python_operator_decorator']) retrieved from /Users/pro/Documents/a_env/proj_data/lib/python3.7/site-packages/airflow/example_dags/example_branch_operator_decorator.py
[2022-07-24 23:26:16,101] {logging_mixin.py:115} INFO - [2022-07-24 23:26:16,101] {dag.py:2420} INFO - Sync 1 DAGs
[2022-07-24 23:26:16,126] {logging_mixin.py:115} INFO - [2022-07-24 23:26:16,125] {dag.py:2972} INFO - Setting next_dagrun for example_branch_python_operator_decorator to 2022-07-23T00:00:00+00:00, run_after=2022-07-24T00:00:00+00:00
[2022-07-24 23:26:16,140] {processor.py:161} INFO - Processing /Users/pro/Documents/a_env/proj_data/lib/python3.7/site-packages/airflow/example_dags/example_branch_operator_decorator.py took 0.098 seconds
[2022-07-24 23:26:51,459] {processor.py:153} INFO - Started process (PID=14572) to work on /Users/pro/Documents/a_env/proj_data/lib/python3.7/site-packages/airflow/example_dags/example_branch_operator_decorator.py
[2022-07-24 23:26:51,462] {processor.py:641} INFO - Processing file /Users/pro/Documents/a_env/proj_data/lib/python3.7/site-packages/airflow/example_dags/example_branch_operator_decorator.py for tasks to queue
[2022-07-24 23:26:51,463] {logging_mixin.py:115} INFO - [2022-07-24 23:26:51,463] {dagbag.py:508} INFO - Filling up the DagBag from /Users/pro/Documents/a_env/proj_data/lib/python3.7/site-packages/airflow/example_dags/example_branch_operator_decorator.py
[2022-07-24 23:26:51,496] {processor.py:651} INFO - DAG(s) dict_keys(['example_branch_python_operator_decorator']) retrieved from /Users/pro/Documents/a_env/proj_data/lib/python3.7/site-packages/airflow/example_dags/example_branch_operator_decorator.py
[2022-07-24 23:26:51,523] {logging_mixin.py:115} INFO - [2022-07-24 23:26:51,522] {dag.py:2420} INFO - Sync 1 DAGs
[2022-07-24 23:26:51,557] {logging_mixin.py:115} INFO - [2022-07-24 23:26:51,556] {dag.py:2972} INFO - Setting next_dagrun for example_branch_python_operator_decorator to 2022-07-23T00:00:00+00:00, run_after=2022-07-24T00:00:00+00:00
[2022-07-24 23:26:51,580] {processor.py:161} INFO - Processing /Users/pro/Documents/a_env/proj_data/lib/python3.7/site-packages/airflow/example_dags/example_branch_operator_decorator.py took 0.126 seconds
[2022-07-24 23:27:25,063] {processor.py:153} INFO - Started process (PID=14671) to work on /Users/pro/Documents/a_env/proj_data/lib/python3.7/site-packages/airflow/example_dags/example_branch_operator_decorator.py
[2022-07-24 23:27:25,065] {processor.py:641} INFO - Processing file /Users/pro/Documents/a_env/proj_data/lib/python3.7/site-packages/airflow/example_dags/example_branch_operator_decorator.py for tasks to queue
[2022-07-24 23:27:25,066] {logging_mixin.py:115} INFO - [2022-07-24 23:27:25,065] {dagbag.py:508} INFO - Filling up the DagBag from /Users/pro/Documents/a_env/proj_data/lib/python3.7/site-packages/airflow/example_dags/example_branch_operator_decorator.py
[2022-07-24 23:27:25,095] {processor.py:651} INFO - DAG(s) dict_keys(['example_branch_python_operator_decorator']) retrieved from /Users/pro/Documents/a_env/proj_data/lib/python3.7/site-packages/airflow/example_dags/example_branch_operator_decorator.py
[2022-07-24 23:27:25,116] {logging_mixin.py:115} INFO - [2022-07-24 23:27:25,116] {dag.py:2420} INFO - Sync 1 DAGs
[2022-07-24 23:27:25,141] {logging_mixin.py:115} INFO - [2022-07-24 23:27:25,141] {dag.py:2972} INFO - Setting next_dagrun for example_branch_python_operator_decorator to 2022-07-23T00:00:00+00:00, run_after=2022-07-24T00:00:00+00:00
[2022-07-24 23:27:25,156] {processor.py:161} INFO - Processing /Users/pro/Documents/a_env/proj_data/lib/python3.7/site-packages/airflow/example_dags/example_branch_operator_decorator.py took 0.099 seconds
[2022-07-24 23:27:59,154] {processor.py:153} INFO - Started process (PID=14750) to work on /Users/pro/Documents/a_env/proj_data/lib/python3.7/site-packages/airflow/example_dags/example_branch_operator_decorator.py
[2022-07-24 23:27:59,157] {processor.py:641} INFO - Processing file /Users/pro/Documents/a_env/proj_data/lib/python3.7/site-packages/airflow/example_dags/example_branch_operator_decorator.py for tasks to queue
[2022-07-24 23:27:59,158] {logging_mixin.py:115} INFO - [2022-07-24 23:27:59,158] {dagbag.py:508} INFO - Filling up the DagBag from /Users/pro/Documents/a_env/proj_data/lib/python3.7/site-packages/airflow/example_dags/example_branch_operator_decorator.py
[2022-07-24 23:27:59,188] {processor.py:651} INFO - DAG(s) dict_keys(['example_branch_python_operator_decorator']) retrieved from /Users/pro/Documents/a_env/proj_data/lib/python3.7/site-packages/airflow/example_dags/example_branch_operator_decorator.py
[2022-07-24 23:27:59,209] {logging_mixin.py:115} INFO - [2022-07-24 23:27:59,208] {dag.py:2420} INFO - Sync 1 DAGs
[2022-07-24 23:27:59,232] {logging_mixin.py:115} INFO - [2022-07-24 23:27:59,231] {dag.py:2972} INFO - Setting next_dagrun for example_branch_python_operator_decorator to 2022-07-23T00:00:00+00:00, run_after=2022-07-24T00:00:00+00:00
[2022-07-24 23:27:59,245] {processor.py:161} INFO - Processing /Users/pro/Documents/a_env/proj_data/lib/python3.7/site-packages/airflow/example_dags/example_branch_operator_decorator.py took 0.096 seconds
[2022-07-24 23:28:33,776] {processor.py:153} INFO - Started process (PID=14829) to work on /Users/pro/Documents/a_env/proj_data/lib/python3.7/site-packages/airflow/example_dags/example_branch_operator_decorator.py
[2022-07-24 23:28:33,778] {processor.py:641} INFO - Processing file /Users/pro/Documents/a_env/proj_data/lib/python3.7/site-packages/airflow/example_dags/example_branch_operator_decorator.py for tasks to queue
[2022-07-24 23:28:33,779] {logging_mixin.py:115} INFO - [2022-07-24 23:28:33,778] {dagbag.py:508} INFO - Filling up the DagBag from /Users/pro/Documents/a_env/proj_data/lib/python3.7/site-packages/airflow/example_dags/example_branch_operator_decorator.py
[2022-07-24 23:28:33,808] {processor.py:651} INFO - DAG(s) dict_keys(['example_branch_python_operator_decorator']) retrieved from /Users/pro/Documents/a_env/proj_data/lib/python3.7/site-packages/airflow/example_dags/example_branch_operator_decorator.py
[2022-07-24 23:28:33,831] {logging_mixin.py:115} INFO - [2022-07-24 23:28:33,831] {dag.py:2420} INFO - Sync 1 DAGs
[2022-07-24 23:28:33,860] {logging_mixin.py:115} INFO - [2022-07-24 23:28:33,860] {dag.py:2972} INFO - Setting next_dagrun for example_branch_python_operator_decorator to 2022-07-23T00:00:00+00:00, run_after=2022-07-24T00:00:00+00:00
[2022-07-24 23:28:33,873] {processor.py:161} INFO - Processing /Users/pro/Documents/a_env/proj_data/lib/python3.7/site-packages/airflow/example_dags/example_branch_operator_decorator.py took 0.102 seconds
[2022-07-24 23:29:07,829] {processor.py:153} INFO - Started process (PID=14866) to work on /Users/pro/Documents/a_env/proj_data/lib/python3.7/site-packages/airflow/example_dags/example_branch_operator_decorator.py
[2022-07-24 23:29:07,830] {processor.py:641} INFO - Processing file /Users/pro/Documents/a_env/proj_data/lib/python3.7/site-packages/airflow/example_dags/example_branch_operator_decorator.py for tasks to queue
[2022-07-24 23:29:07,831] {logging_mixin.py:115} INFO - [2022-07-24 23:29:07,831] {dagbag.py:508} INFO - Filling up the DagBag from /Users/pro/Documents/a_env/proj_data/lib/python3.7/site-packages/airflow/example_dags/example_branch_operator_decorator.py
[2022-07-24 23:29:07,858] {processor.py:651} INFO - DAG(s) dict_keys(['example_branch_python_operator_decorator']) retrieved from /Users/pro/Documents/a_env/proj_data/lib/python3.7/site-packages/airflow/example_dags/example_branch_operator_decorator.py
[2022-07-24 23:29:07,882] {logging_mixin.py:115} INFO - [2022-07-24 23:29:07,881] {dag.py:2420} INFO - Sync 1 DAGs
[2022-07-24 23:29:07,908] {logging_mixin.py:115} INFO - [2022-07-24 23:29:07,908] {dag.py:2972} INFO - Setting next_dagrun for example_branch_python_operator_decorator to 2022-07-23T00:00:00+00:00, run_after=2022-07-24T00:00:00+00:00
[2022-07-24 23:29:07,923] {processor.py:161} INFO - Processing /Users/pro/Documents/a_env/proj_data/lib/python3.7/site-packages/airflow/example_dags/example_branch_operator_decorator.py took 0.100 seconds
[2022-07-24 23:29:41,873] {processor.py:153} INFO - Started process (PID=14902) to work on /Users/pro/Documents/a_env/proj_data/lib/python3.7/site-packages/airflow/example_dags/example_branch_operator_decorator.py
[2022-07-24 23:29:41,875] {processor.py:641} INFO - Processing file /Users/pro/Documents/a_env/proj_data/lib/python3.7/site-packages/airflow/example_dags/example_branch_operator_decorator.py for tasks to queue
[2022-07-24 23:29:41,876] {logging_mixin.py:115} INFO - [2022-07-24 23:29:41,875] {dagbag.py:508} INFO - Filling up the DagBag from /Users/pro/Documents/a_env/proj_data/lib/python3.7/site-packages/airflow/example_dags/example_branch_operator_decorator.py
[2022-07-24 23:29:41,908] {processor.py:651} INFO - DAG(s) dict_keys(['example_branch_python_operator_decorator']) retrieved from /Users/pro/Documents/a_env/proj_data/lib/python3.7/site-packages/airflow/example_dags/example_branch_operator_decorator.py
[2022-07-24 23:29:41,938] {logging_mixin.py:115} INFO - [2022-07-24 23:29:41,937] {dag.py:2420} INFO - Sync 1 DAGs
[2022-07-24 23:29:41,964] {logging_mixin.py:115} INFO - [2022-07-24 23:29:41,963] {dag.py:2972} INFO - Setting next_dagrun for example_branch_python_operator_decorator to 2022-07-23T00:00:00+00:00, run_after=2022-07-24T00:00:00+00:00
[2022-07-24 23:29:41,978] {processor.py:161} INFO - Processing /Users/pro/Documents/a_env/proj_data/lib/python3.7/site-packages/airflow/example_dags/example_branch_operator_decorator.py took 0.112 seconds
[2022-07-24 23:30:14,413] {processor.py:153} INFO - Started process (PID=14951) to work on /Users/pro/Documents/a_env/proj_data/lib/python3.7/site-packages/airflow/example_dags/example_branch_operator_decorator.py
[2022-07-24 23:30:14,415] {processor.py:641} INFO - Processing file /Users/pro/Documents/a_env/proj_data/lib/python3.7/site-packages/airflow/example_dags/example_branch_operator_decorator.py for tasks to queue
[2022-07-24 23:30:14,417] {logging_mixin.py:115} INFO - [2022-07-24 23:30:14,416] {dagbag.py:508} INFO - Filling up the DagBag from /Users/pro/Documents/a_env/proj_data/lib/python3.7/site-packages/airflow/example_dags/example_branch_operator_decorator.py
[2022-07-24 23:30:14,444] {processor.py:651} INFO - DAG(s) dict_keys(['example_branch_python_operator_decorator']) retrieved from /Users/pro/Documents/a_env/proj_data/lib/python3.7/site-packages/airflow/example_dags/example_branch_operator_decorator.py
[2022-07-24 23:30:14,463] {logging_mixin.py:115} INFO - [2022-07-24 23:30:14,463] {dag.py:2420} INFO - Sync 1 DAGs
[2022-07-24 23:30:14,488] {logging_mixin.py:115} INFO - [2022-07-24 23:30:14,488] {dag.py:2972} INFO - Setting next_dagrun for example_branch_python_operator_decorator to 2022-07-23T00:00:00+00:00, run_after=2022-07-24T00:00:00+00:00
[2022-07-24 23:30:14,503] {processor.py:161} INFO - Processing /Users/pro/Documents/a_env/proj_data/lib/python3.7/site-packages/airflow/example_dags/example_branch_operator_decorator.py took 0.095 seconds
[2022-07-24 23:30:49,290] {processor.py:153} INFO - Started process (PID=14990) to work on /Users/pro/Documents/a_env/proj_data/lib/python3.7/site-packages/airflow/example_dags/example_branch_operator_decorator.py
[2022-07-24 23:30:49,291] {processor.py:641} INFO - Processing file /Users/pro/Documents/a_env/proj_data/lib/python3.7/site-packages/airflow/example_dags/example_branch_operator_decorator.py for tasks to queue
[2022-07-24 23:30:49,292] {logging_mixin.py:115} INFO - [2022-07-24 23:30:49,292] {dagbag.py:508} INFO - Filling up the DagBag from /Users/pro/Documents/a_env/proj_data/lib/python3.7/site-packages/airflow/example_dags/example_branch_operator_decorator.py
[2022-07-24 23:30:49,318] {processor.py:651} INFO - DAG(s) dict_keys(['example_branch_python_operator_decorator']) retrieved from /Users/pro/Documents/a_env/proj_data/lib/python3.7/site-packages/airflow/example_dags/example_branch_operator_decorator.py
[2022-07-24 23:30:49,340] {logging_mixin.py:115} INFO - [2022-07-24 23:30:49,339] {dag.py:2420} INFO - Sync 1 DAGs
[2022-07-24 23:30:49,362] {logging_mixin.py:115} INFO - [2022-07-24 23:30:49,362] {dag.py:2972} INFO - Setting next_dagrun for example_branch_python_operator_decorator to 2022-07-23T00:00:00+00:00, run_after=2022-07-24T00:00:00+00:00
[2022-07-24 23:30:49,378] {processor.py:161} INFO - Processing /Users/pro/Documents/a_env/proj_data/lib/python3.7/site-packages/airflow/example_dags/example_branch_operator_decorator.py took 0.094 seconds
[2022-07-24 23:31:22,674] {processor.py:153} INFO - Started process (PID=15025) to work on /Users/pro/Documents/a_env/proj_data/lib/python3.7/site-packages/airflow/example_dags/example_branch_operator_decorator.py
[2022-07-24 23:31:22,676] {processor.py:641} INFO - Processing file /Users/pro/Documents/a_env/proj_data/lib/python3.7/site-packages/airflow/example_dags/example_branch_operator_decorator.py for tasks to queue
[2022-07-24 23:31:22,678] {logging_mixin.py:115} INFO - [2022-07-24 23:31:22,677] {dagbag.py:508} INFO - Filling up the DagBag from /Users/pro/Documents/a_env/proj_data/lib/python3.7/site-packages/airflow/example_dags/example_branch_operator_decorator.py
[2022-07-24 23:31:22,704] {processor.py:651} INFO - DAG(s) dict_keys(['example_branch_python_operator_decorator']) retrieved from /Users/pro/Documents/a_env/proj_data/lib/python3.7/site-packages/airflow/example_dags/example_branch_operator_decorator.py
[2022-07-24 23:31:22,725] {logging_mixin.py:115} INFO - [2022-07-24 23:31:22,724] {dag.py:2420} INFO - Sync 1 DAGs
[2022-07-24 23:31:22,749] {logging_mixin.py:115} INFO - [2022-07-24 23:31:22,748] {dag.py:2972} INFO - Setting next_dagrun for example_branch_python_operator_decorator to 2022-07-23T00:00:00+00:00, run_after=2022-07-24T00:00:00+00:00
[2022-07-24 23:31:22,763] {processor.py:161} INFO - Processing /Users/pro/Documents/a_env/proj_data/lib/python3.7/site-packages/airflow/example_dags/example_branch_operator_decorator.py took 0.094 seconds
[2022-07-24 23:31:57,974] {processor.py:153} INFO - Started process (PID=15131) to work on /Users/pro/Documents/a_env/proj_data/lib/python3.7/site-packages/airflow/example_dags/example_branch_operator_decorator.py
[2022-07-24 23:31:57,975] {processor.py:641} INFO - Processing file /Users/pro/Documents/a_env/proj_data/lib/python3.7/site-packages/airflow/example_dags/example_branch_operator_decorator.py for tasks to queue
[2022-07-24 23:31:57,977] {logging_mixin.py:115} INFO - [2022-07-24 23:31:57,976] {dagbag.py:508} INFO - Filling up the DagBag from /Users/pro/Documents/a_env/proj_data/lib/python3.7/site-packages/airflow/example_dags/example_branch_operator_decorator.py
[2022-07-24 23:31:58,004] {processor.py:651} INFO - DAG(s) dict_keys(['example_branch_python_operator_decorator']) retrieved from /Users/pro/Documents/a_env/proj_data/lib/python3.7/site-packages/airflow/example_dags/example_branch_operator_decorator.py
[2022-07-24 23:31:58,024] {logging_mixin.py:115} INFO - [2022-07-24 23:31:58,024] {dag.py:2420} INFO - Sync 1 DAGs
[2022-07-24 23:31:58,049] {logging_mixin.py:115} INFO - [2022-07-24 23:31:58,048] {dag.py:2972} INFO - Setting next_dagrun for example_branch_python_operator_decorator to 2022-07-23T00:00:00+00:00, run_after=2022-07-24T00:00:00+00:00
[2022-07-24 23:31:58,061] {processor.py:161} INFO - Processing /Users/pro/Documents/a_env/proj_data/lib/python3.7/site-packages/airflow/example_dags/example_branch_operator_decorator.py took 0.092 seconds
[2022-07-24 23:32:31,832] {processor.py:153} INFO - Started process (PID=15182) to work on /Users/pro/Documents/a_env/proj_data/lib/python3.7/site-packages/airflow/example_dags/example_branch_operator_decorator.py
[2022-07-24 23:32:31,834] {processor.py:641} INFO - Processing file /Users/pro/Documents/a_env/proj_data/lib/python3.7/site-packages/airflow/example_dags/example_branch_operator_decorator.py for tasks to queue
[2022-07-24 23:32:31,836] {logging_mixin.py:115} INFO - [2022-07-24 23:32:31,836] {dagbag.py:508} INFO - Filling up the DagBag from /Users/pro/Documents/a_env/proj_data/lib/python3.7/site-packages/airflow/example_dags/example_branch_operator_decorator.py
[2022-07-24 23:32:31,863] {processor.py:651} INFO - DAG(s) dict_keys(['example_branch_python_operator_decorator']) retrieved from /Users/pro/Documents/a_env/proj_data/lib/python3.7/site-packages/airflow/example_dags/example_branch_operator_decorator.py
[2022-07-24 23:32:31,884] {logging_mixin.py:115} INFO - [2022-07-24 23:32:31,884] {dag.py:2420} INFO - Sync 1 DAGs
[2022-07-24 23:32:31,909] {logging_mixin.py:115} INFO - [2022-07-24 23:32:31,909] {dag.py:2972} INFO - Setting next_dagrun for example_branch_python_operator_decorator to 2022-07-23T00:00:00+00:00, run_after=2022-07-24T00:00:00+00:00
[2022-07-24 23:32:31,927] {processor.py:161} INFO - Processing /Users/pro/Documents/a_env/proj_data/lib/python3.7/site-packages/airflow/example_dags/example_branch_operator_decorator.py took 0.100 seconds
[2022-07-24 23:33:07,755] {processor.py:153} INFO - Started process (PID=15291) to work on /Users/pro/Documents/a_env/proj_data/lib/python3.7/site-packages/airflow/example_dags/example_branch_operator_decorator.py
[2022-07-24 23:33:07,756] {processor.py:641} INFO - Processing file /Users/pro/Documents/a_env/proj_data/lib/python3.7/site-packages/airflow/example_dags/example_branch_operator_decorator.py for tasks to queue
[2022-07-24 23:33:07,757] {logging_mixin.py:115} INFO - [2022-07-24 23:33:07,757] {dagbag.py:508} INFO - Filling up the DagBag from /Users/pro/Documents/a_env/proj_data/lib/python3.7/site-packages/airflow/example_dags/example_branch_operator_decorator.py
[2022-07-24 23:33:07,784] {processor.py:651} INFO - DAG(s) dict_keys(['example_branch_python_operator_decorator']) retrieved from /Users/pro/Documents/a_env/proj_data/lib/python3.7/site-packages/airflow/example_dags/example_branch_operator_decorator.py
[2022-07-24 23:33:07,805] {logging_mixin.py:115} INFO - [2022-07-24 23:33:07,805] {dag.py:2420} INFO - Sync 1 DAGs
[2022-07-24 23:33:07,829] {logging_mixin.py:115} INFO - [2022-07-24 23:33:07,828] {dag.py:2972} INFO - Setting next_dagrun for example_branch_python_operator_decorator to 2022-07-23T00:00:00+00:00, run_after=2022-07-24T00:00:00+00:00
[2022-07-24 23:33:07,844] {processor.py:161} INFO - Processing /Users/pro/Documents/a_env/proj_data/lib/python3.7/site-packages/airflow/example_dags/example_branch_operator_decorator.py took 0.094 seconds
[2022-07-24 23:33:41,622] {processor.py:153} INFO - Started process (PID=15379) to work on /Users/pro/Documents/a_env/proj_data/lib/python3.7/site-packages/airflow/example_dags/example_branch_operator_decorator.py
[2022-07-24 23:33:41,622] {processor.py:641} INFO - Processing file /Users/pro/Documents/a_env/proj_data/lib/python3.7/site-packages/airflow/example_dags/example_branch_operator_decorator.py for tasks to queue
[2022-07-24 23:33:41,624] {logging_mixin.py:115} INFO - [2022-07-24 23:33:41,623] {dagbag.py:508} INFO - Filling up the DagBag from /Users/pro/Documents/a_env/proj_data/lib/python3.7/site-packages/airflow/example_dags/example_branch_operator_decorator.py
[2022-07-24 23:33:41,647] {processor.py:651} INFO - DAG(s) dict_keys(['example_branch_python_operator_decorator']) retrieved from /Users/pro/Documents/a_env/proj_data/lib/python3.7/site-packages/airflow/example_dags/example_branch_operator_decorator.py
[2022-07-24 23:33:41,667] {logging_mixin.py:115} INFO - [2022-07-24 23:33:41,666] {dag.py:2420} INFO - Sync 1 DAGs
[2022-07-24 23:33:41,689] {logging_mixin.py:115} INFO - [2022-07-24 23:33:41,689] {dag.py:2972} INFO - Setting next_dagrun for example_branch_python_operator_decorator to 2022-07-23T00:00:00+00:00, run_after=2022-07-24T00:00:00+00:00
[2022-07-24 23:33:41,703] {processor.py:161} INFO - Processing /Users/pro/Documents/a_env/proj_data/lib/python3.7/site-packages/airflow/example_dags/example_branch_operator_decorator.py took 0.086 seconds
[2022-07-24 23:34:16,731] {processor.py:153} INFO - Started process (PID=15477) to work on /Users/pro/Documents/a_env/proj_data/lib/python3.7/site-packages/airflow/example_dags/example_branch_operator_decorator.py
[2022-07-24 23:34:16,733] {processor.py:641} INFO - Processing file /Users/pro/Documents/a_env/proj_data/lib/python3.7/site-packages/airflow/example_dags/example_branch_operator_decorator.py for tasks to queue
[2022-07-24 23:34:16,734] {logging_mixin.py:115} INFO - [2022-07-24 23:34:16,734] {dagbag.py:508} INFO - Filling up the DagBag from /Users/pro/Documents/a_env/proj_data/lib/python3.7/site-packages/airflow/example_dags/example_branch_operator_decorator.py
[2022-07-24 23:34:16,760] {processor.py:651} INFO - DAG(s) dict_keys(['example_branch_python_operator_decorator']) retrieved from /Users/pro/Documents/a_env/proj_data/lib/python3.7/site-packages/airflow/example_dags/example_branch_operator_decorator.py
[2022-07-24 23:34:16,781] {logging_mixin.py:115} INFO - [2022-07-24 23:34:16,781] {dag.py:2420} INFO - Sync 1 DAGs
[2022-07-24 23:34:16,804] {logging_mixin.py:115} INFO - [2022-07-24 23:34:16,804] {dag.py:2972} INFO - Setting next_dagrun for example_branch_python_operator_decorator to 2022-07-23T00:00:00+00:00, run_after=2022-07-24T00:00:00+00:00
[2022-07-24 23:34:16,817] {processor.py:161} INFO - Processing /Users/pro/Documents/a_env/proj_data/lib/python3.7/site-packages/airflow/example_dags/example_branch_operator_decorator.py took 0.090 seconds
