[2022-07-24 23:12:38,842] {processor.py:153} INFO - Started process (PID=12428) to work on /Users/pro/Documents/a_env/proj_data/lib/python3.7/site-packages/airflow/example_dags/example_bash_operator.py
[2022-07-24 23:12:38,843] {processor.py:641} INFO - Processing file /Users/pro/Documents/a_env/proj_data/lib/python3.7/site-packages/airflow/example_dags/example_bash_operator.py for tasks to queue
[2022-07-24 23:12:38,844] {logging_mixin.py:115} INFO - [2022-07-24 23:12:38,844] {dagbag.py:508} INFO - Filling up the DagBag from /Users/pro/Documents/a_env/proj_data/lib/python3.7/site-packages/airflow/example_dags/example_bash_operator.py
[2022-07-24 23:12:38,866] {processor.py:651} INFO - DAG(s) dict_keys(['example_bash_operator']) retrieved from /Users/pro/Documents/a_env/proj_data/lib/python3.7/site-packages/airflow/example_dags/example_bash_operator.py
[2022-07-24 23:12:38,942] {logging_mixin.py:115} INFO - [2022-07-24 23:12:38,942] {manager.py:508} INFO - Created Permission View: can edit on DAG:example_bash_operator
[2022-07-24 23:12:38,950] {logging_mixin.py:115} INFO - [2022-07-24 23:12:38,950] {manager.py:508} INFO - Created Permission View: can delete on DAG:example_bash_operator
[2022-07-24 23:12:38,958] {logging_mixin.py:115} INFO - [2022-07-24 23:12:38,957] {manager.py:508} INFO - Created Permission View: can read on DAG:example_bash_operator
[2022-07-24 23:12:38,958] {logging_mixin.py:115} INFO - [2022-07-24 23:12:38,958] {dag.py:2420} INFO - Sync 1 DAGs
[2022-07-24 23:12:38,966] {logging_mixin.py:115} INFO - [2022-07-24 23:12:38,966] {dag.py:2439} INFO - Creating ORM DAG for example_bash_operator
[2022-07-24 23:12:38,981] {logging_mixin.py:115} INFO - [2022-07-24 23:12:38,981] {dag.py:2972} INFO - Setting next_dagrun for example_bash_operator to 2022-07-23T00:00:00+00:00, run_after=2022-07-24T00:00:00+00:00
[2022-07-24 23:12:38,997] {processor.py:161} INFO - Processing /Users/pro/Documents/a_env/proj_data/lib/python3.7/site-packages/airflow/example_dags/example_bash_operator.py took 0.159 seconds
[2022-07-24 23:13:11,246] {processor.py:153} INFO - Started process (PID=12465) to work on /Users/pro/Documents/a_env/proj_data/lib/python3.7/site-packages/airflow/example_dags/example_bash_operator.py
[2022-07-24 23:13:11,248] {processor.py:641} INFO - Processing file /Users/pro/Documents/a_env/proj_data/lib/python3.7/site-packages/airflow/example_dags/example_bash_operator.py for tasks to queue
[2022-07-24 23:13:11,249] {logging_mixin.py:115} INFO - [2022-07-24 23:13:11,248] {dagbag.py:508} INFO - Filling up the DagBag from /Users/pro/Documents/a_env/proj_data/lib/python3.7/site-packages/airflow/example_dags/example_bash_operator.py
[2022-07-24 23:13:11,271] {processor.py:651} INFO - DAG(s) dict_keys(['example_bash_operator']) retrieved from /Users/pro/Documents/a_env/proj_data/lib/python3.7/site-packages/airflow/example_dags/example_bash_operator.py
[2022-07-24 23:13:11,290] {logging_mixin.py:115} INFO - [2022-07-24 23:13:11,290] {dag.py:2420} INFO - Sync 1 DAGs
[2022-07-24 23:13:11,314] {logging_mixin.py:115} INFO - [2022-07-24 23:13:11,314] {dag.py:2972} INFO - Setting next_dagrun for example_bash_operator to 2022-07-23T00:00:00+00:00, run_after=2022-07-24T00:00:00+00:00
[2022-07-24 23:13:11,328] {processor.py:161} INFO - Processing /Users/pro/Documents/a_env/proj_data/lib/python3.7/site-packages/airflow/example_dags/example_bash_operator.py took 0.085 seconds
[2022-07-24 23:13:45,152] {processor.py:153} INFO - Started process (PID=12502) to work on /Users/pro/Documents/a_env/proj_data/lib/python3.7/site-packages/airflow/example_dags/example_bash_operator.py
[2022-07-24 23:13:45,153] {processor.py:641} INFO - Processing file /Users/pro/Documents/a_env/proj_data/lib/python3.7/site-packages/airflow/example_dags/example_bash_operator.py for tasks to queue
[2022-07-24 23:13:45,154] {logging_mixin.py:115} INFO - [2022-07-24 23:13:45,154] {dagbag.py:508} INFO - Filling up the DagBag from /Users/pro/Documents/a_env/proj_data/lib/python3.7/site-packages/airflow/example_dags/example_bash_operator.py
[2022-07-24 23:13:45,174] {processor.py:651} INFO - DAG(s) dict_keys(['example_bash_operator']) retrieved from /Users/pro/Documents/a_env/proj_data/lib/python3.7/site-packages/airflow/example_dags/example_bash_operator.py
[2022-07-24 23:13:45,193] {logging_mixin.py:115} INFO - [2022-07-24 23:13:45,193] {dag.py:2420} INFO - Sync 1 DAGs
[2022-07-24 23:13:45,215] {logging_mixin.py:115} INFO - [2022-07-24 23:13:45,215] {dag.py:2972} INFO - Setting next_dagrun for example_bash_operator to 2022-07-23T00:00:00+00:00, run_after=2022-07-24T00:00:00+00:00
[2022-07-24 23:13:45,230] {processor.py:161} INFO - Processing /Users/pro/Documents/a_env/proj_data/lib/python3.7/site-packages/airflow/example_dags/example_bash_operator.py took 0.083 seconds
[2022-07-24 23:14:19,350] {processor.py:153} INFO - Started process (PID=12537) to work on /Users/pro/Documents/a_env/proj_data/lib/python3.7/site-packages/airflow/example_dags/example_bash_operator.py
[2022-07-24 23:14:19,352] {processor.py:641} INFO - Processing file /Users/pro/Documents/a_env/proj_data/lib/python3.7/site-packages/airflow/example_dags/example_bash_operator.py for tasks to queue
[2022-07-24 23:14:19,353] {logging_mixin.py:115} INFO - [2022-07-24 23:14:19,353] {dagbag.py:508} INFO - Filling up the DagBag from /Users/pro/Documents/a_env/proj_data/lib/python3.7/site-packages/airflow/example_dags/example_bash_operator.py
[2022-07-24 23:14:19,379] {processor.py:651} INFO - DAG(s) dict_keys(['example_bash_operator']) retrieved from /Users/pro/Documents/a_env/proj_data/lib/python3.7/site-packages/airflow/example_dags/example_bash_operator.py
[2022-07-24 23:14:19,400] {logging_mixin.py:115} INFO - [2022-07-24 23:14:19,400] {dag.py:2420} INFO - Sync 1 DAGs
[2022-07-24 23:14:19,424] {logging_mixin.py:115} INFO - [2022-07-24 23:14:19,424] {dag.py:2972} INFO - Setting next_dagrun for example_bash_operator to 2022-07-23T00:00:00+00:00, run_after=2022-07-24T00:00:00+00:00
[2022-07-24 23:14:19,439] {processor.py:161} INFO - Processing /Users/pro/Documents/a_env/proj_data/lib/python3.7/site-packages/airflow/example_dags/example_bash_operator.py took 0.094 seconds
[2022-07-24 23:14:54,920] {processor.py:153} INFO - Started process (PID=12573) to work on /Users/pro/Documents/a_env/proj_data/lib/python3.7/site-packages/airflow/example_dags/example_bash_operator.py
[2022-07-24 23:14:54,922] {processor.py:641} INFO - Processing file /Users/pro/Documents/a_env/proj_data/lib/python3.7/site-packages/airflow/example_dags/example_bash_operator.py for tasks to queue
[2022-07-24 23:14:54,923] {logging_mixin.py:115} INFO - [2022-07-24 23:14:54,923] {dagbag.py:508} INFO - Filling up the DagBag from /Users/pro/Documents/a_env/proj_data/lib/python3.7/site-packages/airflow/example_dags/example_bash_operator.py
[2022-07-24 23:14:54,946] {processor.py:651} INFO - DAG(s) dict_keys(['example_bash_operator']) retrieved from /Users/pro/Documents/a_env/proj_data/lib/python3.7/site-packages/airflow/example_dags/example_bash_operator.py
[2022-07-24 23:14:54,965] {logging_mixin.py:115} INFO - [2022-07-24 23:14:54,965] {dag.py:2420} INFO - Sync 1 DAGs
[2022-07-24 23:14:54,988] {logging_mixin.py:115} INFO - [2022-07-24 23:14:54,988] {dag.py:2972} INFO - Setting next_dagrun for example_bash_operator to 2022-07-23T00:00:00+00:00, run_after=2022-07-24T00:00:00+00:00
[2022-07-24 23:14:55,004] {processor.py:161} INFO - Processing /Users/pro/Documents/a_env/proj_data/lib/python3.7/site-packages/airflow/example_dags/example_bash_operator.py took 0.089 seconds
[2022-07-24 23:15:30,459] {processor.py:153} INFO - Started process (PID=12666) to work on /Users/pro/Documents/a_env/proj_data/lib/python3.7/site-packages/airflow/example_dags/example_bash_operator.py
[2022-07-24 23:15:30,461] {processor.py:641} INFO - Processing file /Users/pro/Documents/a_env/proj_data/lib/python3.7/site-packages/airflow/example_dags/example_bash_operator.py for tasks to queue
[2022-07-24 23:15:30,463] {logging_mixin.py:115} INFO - [2022-07-24 23:15:30,463] {dagbag.py:508} INFO - Filling up the DagBag from /Users/pro/Documents/a_env/proj_data/lib/python3.7/site-packages/airflow/example_dags/example_bash_operator.py
[2022-07-24 23:15:30,497] {processor.py:651} INFO - DAG(s) dict_keys(['example_bash_operator']) retrieved from /Users/pro/Documents/a_env/proj_data/lib/python3.7/site-packages/airflow/example_dags/example_bash_operator.py
[2022-07-24 23:15:30,527] {logging_mixin.py:115} INFO - [2022-07-24 23:15:30,527] {dag.py:2420} INFO - Sync 1 DAGs
[2022-07-24 23:15:30,554] {logging_mixin.py:115} INFO - [2022-07-24 23:15:30,554] {dag.py:2972} INFO - Setting next_dagrun for example_bash_operator to 2022-07-23T00:00:00+00:00, run_after=2022-07-24T00:00:00+00:00
[2022-07-24 23:15:30,570] {processor.py:161} INFO - Processing /Users/pro/Documents/a_env/proj_data/lib/python3.7/site-packages/airflow/example_dags/example_bash_operator.py took 0.119 seconds
[2022-07-24 23:16:05,716] {processor.py:153} INFO - Started process (PID=12812) to work on /Users/pro/Documents/a_env/proj_data/lib/python3.7/site-packages/airflow/example_dags/example_bash_operator.py
[2022-07-24 23:16:05,718] {processor.py:641} INFO - Processing file /Users/pro/Documents/a_env/proj_data/lib/python3.7/site-packages/airflow/example_dags/example_bash_operator.py for tasks to queue
[2022-07-24 23:16:05,719] {logging_mixin.py:115} INFO - [2022-07-24 23:16:05,718] {dagbag.py:508} INFO - Filling up the DagBag from /Users/pro/Documents/a_env/proj_data/lib/python3.7/site-packages/airflow/example_dags/example_bash_operator.py
[2022-07-24 23:16:05,740] {processor.py:651} INFO - DAG(s) dict_keys(['example_bash_operator']) retrieved from /Users/pro/Documents/a_env/proj_data/lib/python3.7/site-packages/airflow/example_dags/example_bash_operator.py
[2022-07-24 23:16:05,758] {logging_mixin.py:115} INFO - [2022-07-24 23:16:05,757] {dag.py:2420} INFO - Sync 1 DAGs
[2022-07-24 23:16:05,779] {logging_mixin.py:115} INFO - [2022-07-24 23:16:05,779] {dag.py:2972} INFO - Setting next_dagrun for example_bash_operator to 2022-07-23T00:00:00+00:00, run_after=2022-07-24T00:00:00+00:00
[2022-07-24 23:16:05,792] {processor.py:161} INFO - Processing /Users/pro/Documents/a_env/proj_data/lib/python3.7/site-packages/airflow/example_dags/example_bash_operator.py took 0.080 seconds
[2022-07-24 23:16:37,880] {processor.py:153} INFO - Started process (PID=12900) to work on /Users/pro/Documents/a_env/proj_data/lib/python3.7/site-packages/airflow/example_dags/example_bash_operator.py
[2022-07-24 23:16:37,881] {processor.py:641} INFO - Processing file /Users/pro/Documents/a_env/proj_data/lib/python3.7/site-packages/airflow/example_dags/example_bash_operator.py for tasks to queue
[2022-07-24 23:16:37,883] {logging_mixin.py:115} INFO - [2022-07-24 23:16:37,882] {dagbag.py:508} INFO - Filling up the DagBag from /Users/pro/Documents/a_env/proj_data/lib/python3.7/site-packages/airflow/example_dags/example_bash_operator.py
[2022-07-24 23:16:37,905] {processor.py:651} INFO - DAG(s) dict_keys(['example_bash_operator']) retrieved from /Users/pro/Documents/a_env/proj_data/lib/python3.7/site-packages/airflow/example_dags/example_bash_operator.py
[2022-07-24 23:16:37,924] {logging_mixin.py:115} INFO - [2022-07-24 23:16:37,924] {dag.py:2420} INFO - Sync 1 DAGs
[2022-07-24 23:16:37,947] {logging_mixin.py:115} INFO - [2022-07-24 23:16:37,947] {dag.py:2972} INFO - Setting next_dagrun for example_bash_operator to 2022-07-23T00:00:00+00:00, run_after=2022-07-24T00:00:00+00:00
[2022-07-24 23:16:37,961] {processor.py:161} INFO - Processing /Users/pro/Documents/a_env/proj_data/lib/python3.7/site-packages/airflow/example_dags/example_bash_operator.py took 0.085 seconds
[2022-07-24 23:17:13,578] {processor.py:153} INFO - Started process (PID=12989) to work on /Users/pro/Documents/a_env/proj_data/lib/python3.7/site-packages/airflow/example_dags/example_bash_operator.py
[2022-07-24 23:17:13,579] {processor.py:641} INFO - Processing file /Users/pro/Documents/a_env/proj_data/lib/python3.7/site-packages/airflow/example_dags/example_bash_operator.py for tasks to queue
[2022-07-24 23:17:13,581] {logging_mixin.py:115} INFO - [2022-07-24 23:17:13,580] {dagbag.py:508} INFO - Filling up the DagBag from /Users/pro/Documents/a_env/proj_data/lib/python3.7/site-packages/airflow/example_dags/example_bash_operator.py
[2022-07-24 23:17:13,597] {processor.py:651} INFO - DAG(s) dict_keys(['example_bash_operator']) retrieved from /Users/pro/Documents/a_env/proj_data/lib/python3.7/site-packages/airflow/example_dags/example_bash_operator.py
[2022-07-24 23:17:13,617] {logging_mixin.py:115} INFO - [2022-07-24 23:17:13,616] {dag.py:2420} INFO - Sync 1 DAGs
[2022-07-24 23:17:13,643] {logging_mixin.py:115} INFO - [2022-07-24 23:17:13,642] {dag.py:2972} INFO - Setting next_dagrun for example_bash_operator to 2022-07-23T00:00:00+00:00, run_after=2022-07-24T00:00:00+00:00
[2022-07-24 23:17:13,656] {processor.py:161} INFO - Processing /Users/pro/Documents/a_env/proj_data/lib/python3.7/site-packages/airflow/example_dags/example_bash_operator.py took 0.083 seconds
[2022-07-24 23:17:47,177] {processor.py:153} INFO - Started process (PID=13064) to work on /Users/pro/Documents/a_env/proj_data/lib/python3.7/site-packages/airflow/example_dags/example_bash_operator.py
[2022-07-24 23:17:47,178] {processor.py:641} INFO - Processing file /Users/pro/Documents/a_env/proj_data/lib/python3.7/site-packages/airflow/example_dags/example_bash_operator.py for tasks to queue
[2022-07-24 23:17:47,180] {logging_mixin.py:115} INFO - [2022-07-24 23:17:47,179] {dagbag.py:508} INFO - Filling up the DagBag from /Users/pro/Documents/a_env/proj_data/lib/python3.7/site-packages/airflow/example_dags/example_bash_operator.py
[2022-07-24 23:17:47,196] {processor.py:651} INFO - DAG(s) dict_keys(['example_bash_operator']) retrieved from /Users/pro/Documents/a_env/proj_data/lib/python3.7/site-packages/airflow/example_dags/example_bash_operator.py
[2022-07-24 23:17:47,216] {logging_mixin.py:115} INFO - [2022-07-24 23:17:47,215] {dag.py:2420} INFO - Sync 1 DAGs
[2022-07-24 23:17:47,239] {logging_mixin.py:115} INFO - [2022-07-24 23:17:47,239] {dag.py:2972} INFO - Setting next_dagrun for example_bash_operator to 2022-07-23T00:00:00+00:00, run_after=2022-07-24T00:00:00+00:00
[2022-07-24 23:17:47,252] {processor.py:161} INFO - Processing /Users/pro/Documents/a_env/proj_data/lib/python3.7/site-packages/airflow/example_dags/example_bash_operator.py took 0.080 seconds
[2022-07-24 23:18:21,125] {processor.py:153} INFO - Started process (PID=13174) to work on /Users/pro/Documents/a_env/proj_data/lib/python3.7/site-packages/airflow/example_dags/example_bash_operator.py
[2022-07-24 23:18:21,127] {processor.py:641} INFO - Processing file /Users/pro/Documents/a_env/proj_data/lib/python3.7/site-packages/airflow/example_dags/example_bash_operator.py for tasks to queue
[2022-07-24 23:18:21,128] {logging_mixin.py:115} INFO - [2022-07-24 23:18:21,128] {dagbag.py:508} INFO - Filling up the DagBag from /Users/pro/Documents/a_env/proj_data/lib/python3.7/site-packages/airflow/example_dags/example_bash_operator.py
[2022-07-24 23:18:21,145] {processor.py:651} INFO - DAG(s) dict_keys(['example_bash_operator']) retrieved from /Users/pro/Documents/a_env/proj_data/lib/python3.7/site-packages/airflow/example_dags/example_bash_operator.py
[2022-07-24 23:18:21,164] {logging_mixin.py:115} INFO - [2022-07-24 23:18:21,164] {dag.py:2420} INFO - Sync 1 DAGs
[2022-07-24 23:18:21,190] {logging_mixin.py:115} INFO - [2022-07-24 23:18:21,190] {dag.py:2972} INFO - Setting next_dagrun for example_bash_operator to 2022-07-23T00:00:00+00:00, run_after=2022-07-24T00:00:00+00:00
[2022-07-24 23:18:21,205] {processor.py:161} INFO - Processing /Users/pro/Documents/a_env/proj_data/lib/python3.7/site-packages/airflow/example_dags/example_bash_operator.py took 0.084 seconds
[2022-07-24 23:18:54,976] {processor.py:153} INFO - Started process (PID=13277) to work on /Users/pro/Documents/a_env/proj_data/lib/python3.7/site-packages/airflow/example_dags/example_bash_operator.py
[2022-07-24 23:18:54,977] {processor.py:641} INFO - Processing file /Users/pro/Documents/a_env/proj_data/lib/python3.7/site-packages/airflow/example_dags/example_bash_operator.py for tasks to queue
[2022-07-24 23:18:54,978] {logging_mixin.py:115} INFO - [2022-07-24 23:18:54,978] {dagbag.py:508} INFO - Filling up the DagBag from /Users/pro/Documents/a_env/proj_data/lib/python3.7/site-packages/airflow/example_dags/example_bash_operator.py
[2022-07-24 23:18:54,995] {processor.py:651} INFO - DAG(s) dict_keys(['example_bash_operator']) retrieved from /Users/pro/Documents/a_env/proj_data/lib/python3.7/site-packages/airflow/example_dags/example_bash_operator.py
[2022-07-24 23:18:55,014] {logging_mixin.py:115} INFO - [2022-07-24 23:18:55,014] {dag.py:2420} INFO - Sync 1 DAGs
[2022-07-24 23:18:55,036] {logging_mixin.py:115} INFO - [2022-07-24 23:18:55,036] {dag.py:2972} INFO - Setting next_dagrun for example_bash_operator to 2022-07-23T00:00:00+00:00, run_after=2022-07-24T00:00:00+00:00
[2022-07-24 23:18:55,050] {processor.py:161} INFO - Processing /Users/pro/Documents/a_env/proj_data/lib/python3.7/site-packages/airflow/example_dags/example_bash_operator.py took 0.078 seconds
[2022-07-24 23:19:28,175] {processor.py:153} INFO - Started process (PID=13370) to work on /Users/pro/Documents/a_env/proj_data/lib/python3.7/site-packages/airflow/example_dags/example_bash_operator.py
[2022-07-24 23:19:28,176] {processor.py:641} INFO - Processing file /Users/pro/Documents/a_env/proj_data/lib/python3.7/site-packages/airflow/example_dags/example_bash_operator.py for tasks to queue
[2022-07-24 23:19:28,177] {logging_mixin.py:115} INFO - [2022-07-24 23:19:28,176] {dagbag.py:508} INFO - Filling up the DagBag from /Users/pro/Documents/a_env/proj_data/lib/python3.7/site-packages/airflow/example_dags/example_bash_operator.py
[2022-07-24 23:19:28,193] {processor.py:651} INFO - DAG(s) dict_keys(['example_bash_operator']) retrieved from /Users/pro/Documents/a_env/proj_data/lib/python3.7/site-packages/airflow/example_dags/example_bash_operator.py
[2022-07-24 23:19:28,213] {logging_mixin.py:115} INFO - [2022-07-24 23:19:28,213] {dag.py:2420} INFO - Sync 1 DAGs
[2022-07-24 23:19:28,236] {logging_mixin.py:115} INFO - [2022-07-24 23:19:28,236] {dag.py:2972} INFO - Setting next_dagrun for example_bash_operator to 2022-07-23T00:00:00+00:00, run_after=2022-07-24T00:00:00+00:00
[2022-07-24 23:19:28,250] {processor.py:161} INFO - Processing /Users/pro/Documents/a_env/proj_data/lib/python3.7/site-packages/airflow/example_dags/example_bash_operator.py took 0.079 seconds
[2022-07-24 23:20:00,592] {processor.py:153} INFO - Started process (PID=13413) to work on /Users/pro/Documents/a_env/proj_data/lib/python3.7/site-packages/airflow/example_dags/example_bash_operator.py
[2022-07-24 23:20:00,592] {processor.py:641} INFO - Processing file /Users/pro/Documents/a_env/proj_data/lib/python3.7/site-packages/airflow/example_dags/example_bash_operator.py for tasks to queue
[2022-07-24 23:20:00,594] {logging_mixin.py:115} INFO - [2022-07-24 23:20:00,593] {dagbag.py:508} INFO - Filling up the DagBag from /Users/pro/Documents/a_env/proj_data/lib/python3.7/site-packages/airflow/example_dags/example_bash_operator.py
[2022-07-24 23:20:00,611] {processor.py:651} INFO - DAG(s) dict_keys(['example_bash_operator']) retrieved from /Users/pro/Documents/a_env/proj_data/lib/python3.7/site-packages/airflow/example_dags/example_bash_operator.py
[2022-07-24 23:20:00,632] {logging_mixin.py:115} INFO - [2022-07-24 23:20:00,631] {dag.py:2420} INFO - Sync 1 DAGs
[2022-07-24 23:20:00,658] {logging_mixin.py:115} INFO - [2022-07-24 23:20:00,658] {dag.py:2972} INFO - Setting next_dagrun for example_bash_operator to 2022-07-23T00:00:00+00:00, run_after=2022-07-24T00:00:00+00:00
[2022-07-24 23:20:00,673] {processor.py:161} INFO - Processing /Users/pro/Documents/a_env/proj_data/lib/python3.7/site-packages/airflow/example_dags/example_bash_operator.py took 0.087 seconds
[2022-07-24 23:20:35,789] {processor.py:153} INFO - Started process (PID=13533) to work on /Users/pro/Documents/a_env/proj_data/lib/python3.7/site-packages/airflow/example_dags/example_bash_operator.py
[2022-07-24 23:20:35,790] {processor.py:641} INFO - Processing file /Users/pro/Documents/a_env/proj_data/lib/python3.7/site-packages/airflow/example_dags/example_bash_operator.py for tasks to queue
[2022-07-24 23:20:35,792] {logging_mixin.py:115} INFO - [2022-07-24 23:20:35,791] {dagbag.py:508} INFO - Filling up the DagBag from /Users/pro/Documents/a_env/proj_data/lib/python3.7/site-packages/airflow/example_dags/example_bash_operator.py
[2022-07-24 23:20:35,808] {processor.py:651} INFO - DAG(s) dict_keys(['example_bash_operator']) retrieved from /Users/pro/Documents/a_env/proj_data/lib/python3.7/site-packages/airflow/example_dags/example_bash_operator.py
[2022-07-24 23:20:35,827] {logging_mixin.py:115} INFO - [2022-07-24 23:20:35,827] {dag.py:2420} INFO - Sync 1 DAGs
[2022-07-24 23:20:35,849] {logging_mixin.py:115} INFO - [2022-07-24 23:20:35,849] {dag.py:2972} INFO - Setting next_dagrun for example_bash_operator to 2022-07-23T00:00:00+00:00, run_after=2022-07-24T00:00:00+00:00
[2022-07-24 23:20:35,862] {processor.py:161} INFO - Processing /Users/pro/Documents/a_env/proj_data/lib/python3.7/site-packages/airflow/example_dags/example_bash_operator.py took 0.077 seconds
[2022-07-24 23:21:10,332] {processor.py:153} INFO - Started process (PID=13823) to work on /Users/pro/Documents/a_env/proj_data/lib/python3.7/site-packages/airflow/example_dags/example_bash_operator.py
[2022-07-24 23:21:10,334] {processor.py:641} INFO - Processing file /Users/pro/Documents/a_env/proj_data/lib/python3.7/site-packages/airflow/example_dags/example_bash_operator.py for tasks to queue
[2022-07-24 23:21:10,335] {logging_mixin.py:115} INFO - [2022-07-24 23:21:10,335] {dagbag.py:508} INFO - Filling up the DagBag from /Users/pro/Documents/a_env/proj_data/lib/python3.7/site-packages/airflow/example_dags/example_bash_operator.py
[2022-07-24 23:21:10,353] {processor.py:651} INFO - DAG(s) dict_keys(['example_bash_operator']) retrieved from /Users/pro/Documents/a_env/proj_data/lib/python3.7/site-packages/airflow/example_dags/example_bash_operator.py
[2022-07-24 23:21:10,373] {logging_mixin.py:115} INFO - [2022-07-24 23:21:10,373] {dag.py:2420} INFO - Sync 1 DAGs
[2022-07-24 23:21:10,397] {logging_mixin.py:115} INFO - [2022-07-24 23:21:10,396] {dag.py:2972} INFO - Setting next_dagrun for example_bash_operator to 2022-07-23T00:00:00+00:00, run_after=2022-07-24T00:00:00+00:00
[2022-07-24 23:21:10,410] {processor.py:161} INFO - Processing /Users/pro/Documents/a_env/proj_data/lib/python3.7/site-packages/airflow/example_dags/example_bash_operator.py took 0.083 seconds
[2022-07-24 23:21:44,866] {processor.py:153} INFO - Started process (PID=13904) to work on /Users/pro/Documents/a_env/proj_data/lib/python3.7/site-packages/airflow/example_dags/example_bash_operator.py
[2022-07-24 23:21:44,868] {processor.py:641} INFO - Processing file /Users/pro/Documents/a_env/proj_data/lib/python3.7/site-packages/airflow/example_dags/example_bash_operator.py for tasks to queue
[2022-07-24 23:21:44,872] {logging_mixin.py:115} INFO - [2022-07-24 23:21:44,872] {dagbag.py:508} INFO - Filling up the DagBag from /Users/pro/Documents/a_env/proj_data/lib/python3.7/site-packages/airflow/example_dags/example_bash_operator.py
[2022-07-24 23:21:44,908] {processor.py:651} INFO - DAG(s) dict_keys(['example_bash_operator']) retrieved from /Users/pro/Documents/a_env/proj_data/lib/python3.7/site-packages/airflow/example_dags/example_bash_operator.py
[2022-07-24 23:21:44,954] {logging_mixin.py:115} INFO - [2022-07-24 23:21:44,954] {dag.py:2420} INFO - Sync 1 DAGs
[2022-07-24 23:21:44,993] {logging_mixin.py:115} INFO - [2022-07-24 23:21:44,992] {dag.py:2972} INFO - Setting next_dagrun for example_bash_operator to 2022-07-23T00:00:00+00:00, run_after=2022-07-24T00:00:00+00:00
[2022-07-24 23:21:45,011] {processor.py:161} INFO - Processing /Users/pro/Documents/a_env/proj_data/lib/python3.7/site-packages/airflow/example_dags/example_bash_operator.py took 0.152 seconds
[2022-07-24 23:22:16,148] {processor.py:153} INFO - Started process (PID=13982) to work on /Users/pro/Documents/a_env/proj_data/lib/python3.7/site-packages/airflow/example_dags/example_bash_operator.py
[2022-07-24 23:22:16,149] {processor.py:641} INFO - Processing file /Users/pro/Documents/a_env/proj_data/lib/python3.7/site-packages/airflow/example_dags/example_bash_operator.py for tasks to queue
[2022-07-24 23:22:16,151] {logging_mixin.py:115} INFO - [2022-07-24 23:22:16,150] {dagbag.py:508} INFO - Filling up the DagBag from /Users/pro/Documents/a_env/proj_data/lib/python3.7/site-packages/airflow/example_dags/example_bash_operator.py
[2022-07-24 23:22:16,169] {processor.py:651} INFO - DAG(s) dict_keys(['example_bash_operator']) retrieved from /Users/pro/Documents/a_env/proj_data/lib/python3.7/site-packages/airflow/example_dags/example_bash_operator.py
[2022-07-24 23:22:16,189] {logging_mixin.py:115} INFO - [2022-07-24 23:22:16,188] {dag.py:2420} INFO - Sync 1 DAGs
[2022-07-24 23:22:16,213] {logging_mixin.py:115} INFO - [2022-07-24 23:22:16,212] {dag.py:2972} INFO - Setting next_dagrun for example_bash_operator to 2022-07-23T00:00:00+00:00, run_after=2022-07-24T00:00:00+00:00
[2022-07-24 23:22:16,227] {processor.py:161} INFO - Processing /Users/pro/Documents/a_env/proj_data/lib/python3.7/site-packages/airflow/example_dags/example_bash_operator.py took 0.084 seconds
[2022-07-24 23:22:51,353] {processor.py:153} INFO - Started process (PID=14089) to work on /Users/pro/Documents/a_env/proj_data/lib/python3.7/site-packages/airflow/example_dags/example_bash_operator.py
[2022-07-24 23:22:51,354] {processor.py:641} INFO - Processing file /Users/pro/Documents/a_env/proj_data/lib/python3.7/site-packages/airflow/example_dags/example_bash_operator.py for tasks to queue
[2022-07-24 23:22:51,355] {logging_mixin.py:115} INFO - [2022-07-24 23:22:51,354] {dagbag.py:508} INFO - Filling up the DagBag from /Users/pro/Documents/a_env/proj_data/lib/python3.7/site-packages/airflow/example_dags/example_bash_operator.py
[2022-07-24 23:22:51,373] {processor.py:651} INFO - DAG(s) dict_keys(['example_bash_operator']) retrieved from /Users/pro/Documents/a_env/proj_data/lib/python3.7/site-packages/airflow/example_dags/example_bash_operator.py
[2022-07-24 23:22:51,394] {logging_mixin.py:115} INFO - [2022-07-24 23:22:51,394] {dag.py:2420} INFO - Sync 1 DAGs
[2022-07-24 23:22:51,419] {logging_mixin.py:115} INFO - [2022-07-24 23:22:51,419] {dag.py:2972} INFO - Setting next_dagrun for example_bash_operator to 2022-07-23T00:00:00+00:00, run_after=2022-07-24T00:00:00+00:00
[2022-07-24 23:22:51,434] {processor.py:161} INFO - Processing /Users/pro/Documents/a_env/proj_data/lib/python3.7/site-packages/airflow/example_dags/example_bash_operator.py took 0.087 seconds
[2022-07-24 23:23:24,837] {processor.py:153} INFO - Started process (PID=14207) to work on /Users/pro/Documents/a_env/proj_data/lib/python3.7/site-packages/airflow/example_dags/example_bash_operator.py
[2022-07-24 23:23:24,838] {processor.py:641} INFO - Processing file /Users/pro/Documents/a_env/proj_data/lib/python3.7/site-packages/airflow/example_dags/example_bash_operator.py for tasks to queue
[2022-07-24 23:23:24,840] {logging_mixin.py:115} INFO - [2022-07-24 23:23:24,839] {dagbag.py:508} INFO - Filling up the DagBag from /Users/pro/Documents/a_env/proj_data/lib/python3.7/site-packages/airflow/example_dags/example_bash_operator.py
[2022-07-24 23:23:24,858] {processor.py:651} INFO - DAG(s) dict_keys(['example_bash_operator']) retrieved from /Users/pro/Documents/a_env/proj_data/lib/python3.7/site-packages/airflow/example_dags/example_bash_operator.py
[2022-07-24 23:23:24,880] {logging_mixin.py:115} INFO - [2022-07-24 23:23:24,880] {dag.py:2420} INFO - Sync 1 DAGs
[2022-07-24 23:23:24,908] {logging_mixin.py:115} INFO - [2022-07-24 23:23:24,908] {dag.py:2972} INFO - Setting next_dagrun for example_bash_operator to 2022-07-23T00:00:00+00:00, run_after=2022-07-24T00:00:00+00:00
[2022-07-24 23:23:24,923] {processor.py:161} INFO - Processing /Users/pro/Documents/a_env/proj_data/lib/python3.7/site-packages/airflow/example_dags/example_bash_operator.py took 0.091 seconds
[2022-07-24 23:24:00,166] {processor.py:153} INFO - Started process (PID=14249) to work on /Users/pro/Documents/a_env/proj_data/lib/python3.7/site-packages/airflow/example_dags/example_bash_operator.py
[2022-07-24 23:24:00,167] {processor.py:641} INFO - Processing file /Users/pro/Documents/a_env/proj_data/lib/python3.7/site-packages/airflow/example_dags/example_bash_operator.py for tasks to queue
[2022-07-24 23:24:00,168] {logging_mixin.py:115} INFO - [2022-07-24 23:24:00,168] {dagbag.py:508} INFO - Filling up the DagBag from /Users/pro/Documents/a_env/proj_data/lib/python3.7/site-packages/airflow/example_dags/example_bash_operator.py
[2022-07-24 23:24:00,189] {processor.py:651} INFO - DAG(s) dict_keys(['example_bash_operator']) retrieved from /Users/pro/Documents/a_env/proj_data/lib/python3.7/site-packages/airflow/example_dags/example_bash_operator.py
[2022-07-24 23:24:00,216] {logging_mixin.py:115} INFO - [2022-07-24 23:24:00,216] {dag.py:2420} INFO - Sync 1 DAGs
[2022-07-24 23:24:00,265] {logging_mixin.py:115} INFO - [2022-07-24 23:24:00,265] {dag.py:2972} INFO - Setting next_dagrun for example_bash_operator to 2022-07-23T00:00:00+00:00, run_after=2022-07-24T00:00:00+00:00
[2022-07-24 23:24:00,284] {processor.py:161} INFO - Processing /Users/pro/Documents/a_env/proj_data/lib/python3.7/site-packages/airflow/example_dags/example_bash_operator.py took 0.123 seconds
[2022-07-24 23:24:34,550] {processor.py:153} INFO - Started process (PID=14375) to work on /Users/pro/Documents/a_env/proj_data/lib/python3.7/site-packages/airflow/example_dags/example_bash_operator.py
[2022-07-24 23:24:34,551] {processor.py:641} INFO - Processing file /Users/pro/Documents/a_env/proj_data/lib/python3.7/site-packages/airflow/example_dags/example_bash_operator.py for tasks to queue
[2022-07-24 23:24:34,552] {logging_mixin.py:115} INFO - [2022-07-24 23:24:34,552] {dagbag.py:508} INFO - Filling up the DagBag from /Users/pro/Documents/a_env/proj_data/lib/python3.7/site-packages/airflow/example_dags/example_bash_operator.py
[2022-07-24 23:24:34,571] {processor.py:651} INFO - DAG(s) dict_keys(['example_bash_operator']) retrieved from /Users/pro/Documents/a_env/proj_data/lib/python3.7/site-packages/airflow/example_dags/example_bash_operator.py
[2022-07-24 23:24:34,591] {logging_mixin.py:115} INFO - [2022-07-24 23:24:34,590] {dag.py:2420} INFO - Sync 1 DAGs
[2022-07-24 23:24:34,614] {logging_mixin.py:115} INFO - [2022-07-24 23:24:34,613] {dag.py:2972} INFO - Setting next_dagrun for example_bash_operator to 2022-07-23T00:00:00+00:00, run_after=2022-07-24T00:00:00+00:00
[2022-07-24 23:24:34,627] {processor.py:161} INFO - Processing /Users/pro/Documents/a_env/proj_data/lib/python3.7/site-packages/airflow/example_dags/example_bash_operator.py took 0.082 seconds
[2022-07-24 23:25:11,107] {processor.py:153} INFO - Started process (PID=14428) to work on /Users/pro/Documents/a_env/proj_data/lib/python3.7/site-packages/airflow/example_dags/example_bash_operator.py
[2022-07-24 23:25:11,109] {processor.py:641} INFO - Processing file /Users/pro/Documents/a_env/proj_data/lib/python3.7/site-packages/airflow/example_dags/example_bash_operator.py for tasks to queue
[2022-07-24 23:25:11,110] {logging_mixin.py:115} INFO - [2022-07-24 23:25:11,110] {dagbag.py:508} INFO - Filling up the DagBag from /Users/pro/Documents/a_env/proj_data/lib/python3.7/site-packages/airflow/example_dags/example_bash_operator.py
[2022-07-24 23:25:11,129] {processor.py:651} INFO - DAG(s) dict_keys(['example_bash_operator']) retrieved from /Users/pro/Documents/a_env/proj_data/lib/python3.7/site-packages/airflow/example_dags/example_bash_operator.py
[2022-07-24 23:25:11,149] {logging_mixin.py:115} INFO - [2022-07-24 23:25:11,148] {dag.py:2420} INFO - Sync 1 DAGs
[2022-07-24 23:25:11,176] {logging_mixin.py:115} INFO - [2022-07-24 23:25:11,176] {dag.py:2972} INFO - Setting next_dagrun for example_bash_operator to 2022-07-23T00:00:00+00:00, run_after=2022-07-24T00:00:00+00:00
[2022-07-24 23:25:11,192] {processor.py:161} INFO - Processing /Users/pro/Documents/a_env/proj_data/lib/python3.7/site-packages/airflow/example_dags/example_bash_operator.py took 0.090 seconds
[2022-07-24 23:25:45,650] {processor.py:153} INFO - Started process (PID=14479) to work on /Users/pro/Documents/a_env/proj_data/lib/python3.7/site-packages/airflow/example_dags/example_bash_operator.py
[2022-07-24 23:25:45,653] {processor.py:641} INFO - Processing file /Users/pro/Documents/a_env/proj_data/lib/python3.7/site-packages/airflow/example_dags/example_bash_operator.py for tasks to queue
[2022-07-24 23:25:45,655] {logging_mixin.py:115} INFO - [2022-07-24 23:25:45,655] {dagbag.py:508} INFO - Filling up the DagBag from /Users/pro/Documents/a_env/proj_data/lib/python3.7/site-packages/airflow/example_dags/example_bash_operator.py
[2022-07-24 23:25:45,674] {processor.py:651} INFO - DAG(s) dict_keys(['example_bash_operator']) retrieved from /Users/pro/Documents/a_env/proj_data/lib/python3.7/site-packages/airflow/example_dags/example_bash_operator.py
[2022-07-24 23:25:45,696] {logging_mixin.py:115} INFO - [2022-07-24 23:25:45,695] {dag.py:2420} INFO - Sync 1 DAGs
[2022-07-24 23:25:45,723] {logging_mixin.py:115} INFO - [2022-07-24 23:25:45,723] {dag.py:2972} INFO - Setting next_dagrun for example_bash_operator to 2022-07-23T00:00:00+00:00, run_after=2022-07-24T00:00:00+00:00
[2022-07-24 23:25:45,748] {processor.py:161} INFO - Processing /Users/pro/Documents/a_env/proj_data/lib/python3.7/site-packages/airflow/example_dags/example_bash_operator.py took 0.103 seconds
[2022-07-24 23:26:21,356] {processor.py:153} INFO - Started process (PID=14516) to work on /Users/pro/Documents/a_env/proj_data/lib/python3.7/site-packages/airflow/example_dags/example_bash_operator.py
[2022-07-24 23:26:21,357] {processor.py:641} INFO - Processing file /Users/pro/Documents/a_env/proj_data/lib/python3.7/site-packages/airflow/example_dags/example_bash_operator.py for tasks to queue
[2022-07-24 23:26:21,359] {logging_mixin.py:115} INFO - [2022-07-24 23:26:21,358] {dagbag.py:508} INFO - Filling up the DagBag from /Users/pro/Documents/a_env/proj_data/lib/python3.7/site-packages/airflow/example_dags/example_bash_operator.py
[2022-07-24 23:26:21,377] {processor.py:651} INFO - DAG(s) dict_keys(['example_bash_operator']) retrieved from /Users/pro/Documents/a_env/proj_data/lib/python3.7/site-packages/airflow/example_dags/example_bash_operator.py
[2022-07-24 23:26:21,402] {logging_mixin.py:115} INFO - [2022-07-24 23:26:21,401] {dag.py:2420} INFO - Sync 1 DAGs
[2022-07-24 23:26:21,427] {logging_mixin.py:115} INFO - [2022-07-24 23:26:21,426] {dag.py:2972} INFO - Setting next_dagrun for example_bash_operator to 2022-07-23T00:00:00+00:00, run_after=2022-07-24T00:00:00+00:00
[2022-07-24 23:26:21,441] {processor.py:161} INFO - Processing /Users/pro/Documents/a_env/proj_data/lib/python3.7/site-packages/airflow/example_dags/example_bash_operator.py took 0.089 seconds
[2022-07-24 23:26:56,713] {processor.py:153} INFO - Started process (PID=14577) to work on /Users/pro/Documents/a_env/proj_data/lib/python3.7/site-packages/airflow/example_dags/example_bash_operator.py
[2022-07-24 23:26:56,716] {processor.py:641} INFO - Processing file /Users/pro/Documents/a_env/proj_data/lib/python3.7/site-packages/airflow/example_dags/example_bash_operator.py for tasks to queue
[2022-07-24 23:26:56,717] {logging_mixin.py:115} INFO - [2022-07-24 23:26:56,716] {dagbag.py:508} INFO - Filling up the DagBag from /Users/pro/Documents/a_env/proj_data/lib/python3.7/site-packages/airflow/example_dags/example_bash_operator.py
[2022-07-24 23:26:56,736] {processor.py:651} INFO - DAG(s) dict_keys(['example_bash_operator']) retrieved from /Users/pro/Documents/a_env/proj_data/lib/python3.7/site-packages/airflow/example_dags/example_bash_operator.py
[2022-07-24 23:26:56,758] {logging_mixin.py:115} INFO - [2022-07-24 23:26:56,758] {dag.py:2420} INFO - Sync 1 DAGs
[2022-07-24 23:26:56,783] {logging_mixin.py:115} INFO - [2022-07-24 23:26:56,782] {dag.py:2972} INFO - Setting next_dagrun for example_bash_operator to 2022-07-23T00:00:00+00:00, run_after=2022-07-24T00:00:00+00:00
[2022-07-24 23:26:56,798] {processor.py:161} INFO - Processing /Users/pro/Documents/a_env/proj_data/lib/python3.7/site-packages/airflow/example_dags/example_bash_operator.py took 0.090 seconds
[2022-07-24 23:27:30,104] {processor.py:153} INFO - Started process (PID=14682) to work on /Users/pro/Documents/a_env/proj_data/lib/python3.7/site-packages/airflow/example_dags/example_bash_operator.py
[2022-07-24 23:27:30,106] {processor.py:641} INFO - Processing file /Users/pro/Documents/a_env/proj_data/lib/python3.7/site-packages/airflow/example_dags/example_bash_operator.py for tasks to queue
[2022-07-24 23:27:30,107] {logging_mixin.py:115} INFO - [2022-07-24 23:27:30,106] {dagbag.py:508} INFO - Filling up the DagBag from /Users/pro/Documents/a_env/proj_data/lib/python3.7/site-packages/airflow/example_dags/example_bash_operator.py
[2022-07-24 23:27:30,127] {processor.py:651} INFO - DAG(s) dict_keys(['example_bash_operator']) retrieved from /Users/pro/Documents/a_env/proj_data/lib/python3.7/site-packages/airflow/example_dags/example_bash_operator.py
[2022-07-24 23:27:30,149] {logging_mixin.py:115} INFO - [2022-07-24 23:27:30,149] {dag.py:2420} INFO - Sync 1 DAGs
[2022-07-24 23:27:30,174] {logging_mixin.py:115} INFO - [2022-07-24 23:27:30,173] {dag.py:2972} INFO - Setting next_dagrun for example_bash_operator to 2022-07-23T00:00:00+00:00, run_after=2022-07-24T00:00:00+00:00
[2022-07-24 23:27:30,189] {processor.py:161} INFO - Processing /Users/pro/Documents/a_env/proj_data/lib/python3.7/site-packages/airflow/example_dags/example_bash_operator.py took 0.090 seconds
[2022-07-24 23:28:04,078] {processor.py:153} INFO - Started process (PID=14770) to work on /Users/pro/Documents/a_env/proj_data/lib/python3.7/site-packages/airflow/example_dags/example_bash_operator.py
[2022-07-24 23:28:04,080] {processor.py:641} INFO - Processing file /Users/pro/Documents/a_env/proj_data/lib/python3.7/site-packages/airflow/example_dags/example_bash_operator.py for tasks to queue
[2022-07-24 23:28:04,081] {logging_mixin.py:115} INFO - [2022-07-24 23:28:04,081] {dagbag.py:508} INFO - Filling up the DagBag from /Users/pro/Documents/a_env/proj_data/lib/python3.7/site-packages/airflow/example_dags/example_bash_operator.py
[2022-07-24 23:28:04,100] {processor.py:651} INFO - DAG(s) dict_keys(['example_bash_operator']) retrieved from /Users/pro/Documents/a_env/proj_data/lib/python3.7/site-packages/airflow/example_dags/example_bash_operator.py
[2022-07-24 23:28:04,123] {logging_mixin.py:115} INFO - [2022-07-24 23:28:04,122] {dag.py:2420} INFO - Sync 1 DAGs
[2022-07-24 23:28:04,147] {logging_mixin.py:115} INFO - [2022-07-24 23:28:04,147] {dag.py:2972} INFO - Setting next_dagrun for example_bash_operator to 2022-07-23T00:00:00+00:00, run_after=2022-07-24T00:00:00+00:00
[2022-07-24 23:28:04,162] {processor.py:161} INFO - Processing /Users/pro/Documents/a_env/proj_data/lib/python3.7/site-packages/airflow/example_dags/example_bash_operator.py took 0.089 seconds
[2022-07-24 23:28:38,438] {processor.py:153} INFO - Started process (PID=14837) to work on /Users/pro/Documents/a_env/proj_data/lib/python3.7/site-packages/airflow/example_dags/example_bash_operator.py
[2022-07-24 23:28:38,439] {processor.py:641} INFO - Processing file /Users/pro/Documents/a_env/proj_data/lib/python3.7/site-packages/airflow/example_dags/example_bash_operator.py for tasks to queue
[2022-07-24 23:28:38,440] {logging_mixin.py:115} INFO - [2022-07-24 23:28:38,440] {dagbag.py:508} INFO - Filling up the DagBag from /Users/pro/Documents/a_env/proj_data/lib/python3.7/site-packages/airflow/example_dags/example_bash_operator.py
[2022-07-24 23:28:38,459] {processor.py:651} INFO - DAG(s) dict_keys(['example_bash_operator']) retrieved from /Users/pro/Documents/a_env/proj_data/lib/python3.7/site-packages/airflow/example_dags/example_bash_operator.py
[2022-07-24 23:28:38,481] {logging_mixin.py:115} INFO - [2022-07-24 23:28:38,480] {dag.py:2420} INFO - Sync 1 DAGs
[2022-07-24 23:28:38,504] {logging_mixin.py:115} INFO - [2022-07-24 23:28:38,504] {dag.py:2972} INFO - Setting next_dagrun for example_bash_operator to 2022-07-23T00:00:00+00:00, run_after=2022-07-24T00:00:00+00:00
[2022-07-24 23:28:38,517] {processor.py:161} INFO - Processing /Users/pro/Documents/a_env/proj_data/lib/python3.7/site-packages/airflow/example_dags/example_bash_operator.py took 0.084 seconds
[2022-07-24 23:29:12,947] {processor.py:153} INFO - Started process (PID=14871) to work on /Users/pro/Documents/a_env/proj_data/lib/python3.7/site-packages/airflow/example_dags/example_bash_operator.py
[2022-07-24 23:29:12,948] {processor.py:641} INFO - Processing file /Users/pro/Documents/a_env/proj_data/lib/python3.7/site-packages/airflow/example_dags/example_bash_operator.py for tasks to queue
[2022-07-24 23:29:12,950] {logging_mixin.py:115} INFO - [2022-07-24 23:29:12,949] {dagbag.py:508} INFO - Filling up the DagBag from /Users/pro/Documents/a_env/proj_data/lib/python3.7/site-packages/airflow/example_dags/example_bash_operator.py
[2022-07-24 23:29:12,967] {processor.py:651} INFO - DAG(s) dict_keys(['example_bash_operator']) retrieved from /Users/pro/Documents/a_env/proj_data/lib/python3.7/site-packages/airflow/example_dags/example_bash_operator.py
[2022-07-24 23:29:12,990] {logging_mixin.py:115} INFO - [2022-07-24 23:29:12,989] {dag.py:2420} INFO - Sync 1 DAGs
[2022-07-24 23:29:13,013] {logging_mixin.py:115} INFO - [2022-07-24 23:29:13,013] {dag.py:2972} INFO - Setting next_dagrun for example_bash_operator to 2022-07-23T00:00:00+00:00, run_after=2022-07-24T00:00:00+00:00
[2022-07-24 23:29:13,028] {processor.py:161} INFO - Processing /Users/pro/Documents/a_env/proj_data/lib/python3.7/site-packages/airflow/example_dags/example_bash_operator.py took 0.085 seconds
[2022-07-24 23:29:47,119] {processor.py:153} INFO - Started process (PID=14907) to work on /Users/pro/Documents/a_env/proj_data/lib/python3.7/site-packages/airflow/example_dags/example_bash_operator.py
[2022-07-24 23:29:47,121] {processor.py:641} INFO - Processing file /Users/pro/Documents/a_env/proj_data/lib/python3.7/site-packages/airflow/example_dags/example_bash_operator.py for tasks to queue
[2022-07-24 23:29:47,123] {logging_mixin.py:115} INFO - [2022-07-24 23:29:47,123] {dagbag.py:508} INFO - Filling up the DagBag from /Users/pro/Documents/a_env/proj_data/lib/python3.7/site-packages/airflow/example_dags/example_bash_operator.py
[2022-07-24 23:29:47,143] {processor.py:651} INFO - DAG(s) dict_keys(['example_bash_operator']) retrieved from /Users/pro/Documents/a_env/proj_data/lib/python3.7/site-packages/airflow/example_dags/example_bash_operator.py
[2022-07-24 23:29:47,167] {logging_mixin.py:115} INFO - [2022-07-24 23:29:47,167] {dag.py:2420} INFO - Sync 1 DAGs
[2022-07-24 23:29:47,195] {logging_mixin.py:115} INFO - [2022-07-24 23:29:47,194] {dag.py:2972} INFO - Setting next_dagrun for example_bash_operator to 2022-07-23T00:00:00+00:00, run_after=2022-07-24T00:00:00+00:00
[2022-07-24 23:29:47,210] {processor.py:161} INFO - Processing /Users/pro/Documents/a_env/proj_data/lib/python3.7/site-packages/airflow/example_dags/example_bash_operator.py took 0.096 seconds
[2022-07-24 23:30:20,450] {processor.py:153} INFO - Started process (PID=14956) to work on /Users/pro/Documents/a_env/proj_data/lib/python3.7/site-packages/airflow/example_dags/example_bash_operator.py
[2022-07-24 23:30:20,452] {processor.py:641} INFO - Processing file /Users/pro/Documents/a_env/proj_data/lib/python3.7/site-packages/airflow/example_dags/example_bash_operator.py for tasks to queue
[2022-07-24 23:30:20,454] {logging_mixin.py:115} INFO - [2022-07-24 23:30:20,454] {dagbag.py:508} INFO - Filling up the DagBag from /Users/pro/Documents/a_env/proj_data/lib/python3.7/site-packages/airflow/example_dags/example_bash_operator.py
[2022-07-24 23:30:20,473] {processor.py:651} INFO - DAG(s) dict_keys(['example_bash_operator']) retrieved from /Users/pro/Documents/a_env/proj_data/lib/python3.7/site-packages/airflow/example_dags/example_bash_operator.py
[2022-07-24 23:30:20,494] {logging_mixin.py:115} INFO - [2022-07-24 23:30:20,493] {dag.py:2420} INFO - Sync 1 DAGs
[2022-07-24 23:30:20,516] {logging_mixin.py:115} INFO - [2022-07-24 23:30:20,516] {dag.py:2972} INFO - Setting next_dagrun for example_bash_operator to 2022-07-23T00:00:00+00:00, run_after=2022-07-24T00:00:00+00:00
[2022-07-24 23:30:20,531] {processor.py:161} INFO - Processing /Users/pro/Documents/a_env/proj_data/lib/python3.7/site-packages/airflow/example_dags/example_bash_operator.py took 0.086 seconds
[2022-07-24 23:30:54,298] {processor.py:153} INFO - Started process (PID=14995) to work on /Users/pro/Documents/a_env/proj_data/lib/python3.7/site-packages/airflow/example_dags/example_bash_operator.py
[2022-07-24 23:30:54,299] {processor.py:641} INFO - Processing file /Users/pro/Documents/a_env/proj_data/lib/python3.7/site-packages/airflow/example_dags/example_bash_operator.py for tasks to queue
[2022-07-24 23:30:54,300] {logging_mixin.py:115} INFO - [2022-07-24 23:30:54,300] {dagbag.py:508} INFO - Filling up the DagBag from /Users/pro/Documents/a_env/proj_data/lib/python3.7/site-packages/airflow/example_dags/example_bash_operator.py
[2022-07-24 23:30:54,318] {processor.py:651} INFO - DAG(s) dict_keys(['example_bash_operator']) retrieved from /Users/pro/Documents/a_env/proj_data/lib/python3.7/site-packages/airflow/example_dags/example_bash_operator.py
[2022-07-24 23:30:54,339] {logging_mixin.py:115} INFO - [2022-07-24 23:30:54,339] {dag.py:2420} INFO - Sync 1 DAGs
[2022-07-24 23:30:54,363] {logging_mixin.py:115} INFO - [2022-07-24 23:30:54,362] {dag.py:2972} INFO - Setting next_dagrun for example_bash_operator to 2022-07-23T00:00:00+00:00, run_after=2022-07-24T00:00:00+00:00
[2022-07-24 23:30:54,379] {processor.py:161} INFO - Processing /Users/pro/Documents/a_env/proj_data/lib/python3.7/site-packages/airflow/example_dags/example_bash_operator.py took 0.086 seconds
[2022-07-24 23:31:27,934] {processor.py:153} INFO - Started process (PID=15030) to work on /Users/pro/Documents/a_env/proj_data/lib/python3.7/site-packages/airflow/example_dags/example_bash_operator.py
[2022-07-24 23:31:27,936] {processor.py:641} INFO - Processing file /Users/pro/Documents/a_env/proj_data/lib/python3.7/site-packages/airflow/example_dags/example_bash_operator.py for tasks to queue
[2022-07-24 23:31:27,937] {logging_mixin.py:115} INFO - [2022-07-24 23:31:27,937] {dagbag.py:508} INFO - Filling up the DagBag from /Users/pro/Documents/a_env/proj_data/lib/python3.7/site-packages/airflow/example_dags/example_bash_operator.py
[2022-07-24 23:31:27,956] {processor.py:651} INFO - DAG(s) dict_keys(['example_bash_operator']) retrieved from /Users/pro/Documents/a_env/proj_data/lib/python3.7/site-packages/airflow/example_dags/example_bash_operator.py
[2022-07-24 23:31:27,978] {logging_mixin.py:115} INFO - [2022-07-24 23:31:27,977] {dag.py:2420} INFO - Sync 1 DAGs
[2022-07-24 23:31:28,001] {logging_mixin.py:115} INFO - [2022-07-24 23:31:28,001] {dag.py:2972} INFO - Setting next_dagrun for example_bash_operator to 2022-07-23T00:00:00+00:00, run_after=2022-07-24T00:00:00+00:00
[2022-07-24 23:31:28,015] {processor.py:161} INFO - Processing /Users/pro/Documents/a_env/proj_data/lib/python3.7/site-packages/airflow/example_dags/example_bash_operator.py took 0.086 seconds
[2022-07-24 23:32:01,974] {processor.py:153} INFO - Started process (PID=15136) to work on /Users/pro/Documents/a_env/proj_data/lib/python3.7/site-packages/airflow/example_dags/example_bash_operator.py
[2022-07-24 23:32:01,976] {processor.py:641} INFO - Processing file /Users/pro/Documents/a_env/proj_data/lib/python3.7/site-packages/airflow/example_dags/example_bash_operator.py for tasks to queue
[2022-07-24 23:32:01,977] {logging_mixin.py:115} INFO - [2022-07-24 23:32:01,977] {dagbag.py:508} INFO - Filling up the DagBag from /Users/pro/Documents/a_env/proj_data/lib/python3.7/site-packages/airflow/example_dags/example_bash_operator.py
[2022-07-24 23:32:02,000] {processor.py:651} INFO - DAG(s) dict_keys(['example_bash_operator']) retrieved from /Users/pro/Documents/a_env/proj_data/lib/python3.7/site-packages/airflow/example_dags/example_bash_operator.py
[2022-07-24 23:32:02,030] {logging_mixin.py:115} INFO - [2022-07-24 23:32:02,030] {dag.py:2420} INFO - Sync 1 DAGs
[2022-07-24 23:32:02,068] {logging_mixin.py:115} INFO - [2022-07-24 23:32:02,067] {dag.py:2972} INFO - Setting next_dagrun for example_bash_operator to 2022-07-23T00:00:00+00:00, run_after=2022-07-24T00:00:00+00:00
[2022-07-24 23:32:02,084] {processor.py:161} INFO - Processing /Users/pro/Documents/a_env/proj_data/lib/python3.7/site-packages/airflow/example_dags/example_bash_operator.py took 0.116 seconds
[2022-07-24 23:32:37,755] {processor.py:153} INFO - Started process (PID=15202) to work on /Users/pro/Documents/a_env/proj_data/lib/python3.7/site-packages/airflow/example_dags/example_bash_operator.py
[2022-07-24 23:32:37,758] {processor.py:641} INFO - Processing file /Users/pro/Documents/a_env/proj_data/lib/python3.7/site-packages/airflow/example_dags/example_bash_operator.py for tasks to queue
[2022-07-24 23:32:37,759] {logging_mixin.py:115} INFO - [2022-07-24 23:32:37,759] {dagbag.py:508} INFO - Filling up the DagBag from /Users/pro/Documents/a_env/proj_data/lib/python3.7/site-packages/airflow/example_dags/example_bash_operator.py
[2022-07-24 23:32:37,778] {processor.py:651} INFO - DAG(s) dict_keys(['example_bash_operator']) retrieved from /Users/pro/Documents/a_env/proj_data/lib/python3.7/site-packages/airflow/example_dags/example_bash_operator.py
[2022-07-24 23:32:37,799] {logging_mixin.py:115} INFO - [2022-07-24 23:32:37,799] {dag.py:2420} INFO - Sync 1 DAGs
[2022-07-24 23:32:37,823] {logging_mixin.py:115} INFO - [2022-07-24 23:32:37,822] {dag.py:2972} INFO - Setting next_dagrun for example_bash_operator to 2022-07-23T00:00:00+00:00, run_after=2022-07-24T00:00:00+00:00
[2022-07-24 23:32:37,837] {processor.py:161} INFO - Processing /Users/pro/Documents/a_env/proj_data/lib/python3.7/site-packages/airflow/example_dags/example_bash_operator.py took 0.087 seconds
[2022-07-24 23:33:12,460] {processor.py:153} INFO - Started process (PID=15302) to work on /Users/pro/Documents/a_env/proj_data/lib/python3.7/site-packages/airflow/example_dags/example_bash_operator.py
[2022-07-24 23:33:12,461] {processor.py:641} INFO - Processing file /Users/pro/Documents/a_env/proj_data/lib/python3.7/site-packages/airflow/example_dags/example_bash_operator.py for tasks to queue
[2022-07-24 23:33:12,462] {logging_mixin.py:115} INFO - [2022-07-24 23:33:12,462] {dagbag.py:508} INFO - Filling up the DagBag from /Users/pro/Documents/a_env/proj_data/lib/python3.7/site-packages/airflow/example_dags/example_bash_operator.py
[2022-07-24 23:33:12,481] {processor.py:651} INFO - DAG(s) dict_keys(['example_bash_operator']) retrieved from /Users/pro/Documents/a_env/proj_data/lib/python3.7/site-packages/airflow/example_dags/example_bash_operator.py
[2022-07-24 23:33:12,503] {logging_mixin.py:115} INFO - [2022-07-24 23:33:12,502] {dag.py:2420} INFO - Sync 1 DAGs
[2022-07-24 23:33:12,526] {logging_mixin.py:115} INFO - [2022-07-24 23:33:12,525] {dag.py:2972} INFO - Setting next_dagrun for example_bash_operator to 2022-07-23T00:00:00+00:00, run_after=2022-07-24T00:00:00+00:00
[2022-07-24 23:33:12,540] {processor.py:161} INFO - Processing /Users/pro/Documents/a_env/proj_data/lib/python3.7/site-packages/airflow/example_dags/example_bash_operator.py took 0.085 seconds
[2022-07-24 23:33:46,714] {processor.py:153} INFO - Started process (PID=15395) to work on /Users/pro/Documents/a_env/proj_data/lib/python3.7/site-packages/airflow/example_dags/example_bash_operator.py
[2022-07-24 23:33:46,715] {processor.py:641} INFO - Processing file /Users/pro/Documents/a_env/proj_data/lib/python3.7/site-packages/airflow/example_dags/example_bash_operator.py for tasks to queue
[2022-07-24 23:33:46,716] {logging_mixin.py:115} INFO - [2022-07-24 23:33:46,716] {dagbag.py:508} INFO - Filling up the DagBag from /Users/pro/Documents/a_env/proj_data/lib/python3.7/site-packages/airflow/example_dags/example_bash_operator.py
[2022-07-24 23:33:46,734] {processor.py:651} INFO - DAG(s) dict_keys(['example_bash_operator']) retrieved from /Users/pro/Documents/a_env/proj_data/lib/python3.7/site-packages/airflow/example_dags/example_bash_operator.py
[2022-07-24 23:33:46,757] {logging_mixin.py:115} INFO - [2022-07-24 23:33:46,756] {dag.py:2420} INFO - Sync 1 DAGs
[2022-07-24 23:33:46,783] {logging_mixin.py:115} INFO - [2022-07-24 23:33:46,783] {dag.py:2972} INFO - Setting next_dagrun for example_bash_operator to 2022-07-23T00:00:00+00:00, run_after=2022-07-24T00:00:00+00:00
[2022-07-24 23:33:46,798] {processor.py:161} INFO - Processing /Users/pro/Documents/a_env/proj_data/lib/python3.7/site-packages/airflow/example_dags/example_bash_operator.py took 0.089 seconds
[2022-07-24 23:34:21,790] {processor.py:153} INFO - Started process (PID=15492) to work on /Users/pro/Documents/a_env/proj_data/lib/python3.7/site-packages/airflow/example_dags/example_bash_operator.py
[2022-07-24 23:34:21,792] {processor.py:641} INFO - Processing file /Users/pro/Documents/a_env/proj_data/lib/python3.7/site-packages/airflow/example_dags/example_bash_operator.py for tasks to queue
[2022-07-24 23:34:21,793] {logging_mixin.py:115} INFO - [2022-07-24 23:34:21,793] {dagbag.py:508} INFO - Filling up the DagBag from /Users/pro/Documents/a_env/proj_data/lib/python3.7/site-packages/airflow/example_dags/example_bash_operator.py
[2022-07-24 23:34:21,812] {processor.py:651} INFO - DAG(s) dict_keys(['example_bash_operator']) retrieved from /Users/pro/Documents/a_env/proj_data/lib/python3.7/site-packages/airflow/example_dags/example_bash_operator.py
[2022-07-24 23:34:21,832] {logging_mixin.py:115} INFO - [2022-07-24 23:34:21,832] {dag.py:2420} INFO - Sync 1 DAGs
[2022-07-24 23:34:21,857] {logging_mixin.py:115} INFO - [2022-07-24 23:34:21,857] {dag.py:2972} INFO - Setting next_dagrun for example_bash_operator to 2022-07-23T00:00:00+00:00, run_after=2022-07-24T00:00:00+00:00
[2022-07-24 23:34:21,869] {processor.py:161} INFO - Processing /Users/pro/Documents/a_env/proj_data/lib/python3.7/site-packages/airflow/example_dags/example_bash_operator.py took 0.085 seconds
