[2022-07-24 23:12:36,350] {processor.py:153} INFO - Started process (PID=12426) to work on /Users/pro/Documents/a_env/proj_data/lib/python3.7/site-packages/airflow/example_dags/example_branch_day_of_week_operator.py
[2022-07-24 23:12:36,351] {processor.py:641} INFO - Processing file /Users/pro/Documents/a_env/proj_data/lib/python3.7/site-packages/airflow/example_dags/example_branch_day_of_week_operator.py for tasks to queue
[2022-07-24 23:12:36,352] {logging_mixin.py:115} INFO - [2022-07-24 23:12:36,352] {dagbag.py:508} INFO - Filling up the DagBag from /Users/pro/Documents/a_env/proj_data/lib/python3.7/site-packages/airflow/example_dags/example_branch_day_of_week_operator.py
[2022-07-24 23:12:36,367] {processor.py:651} INFO - DAG(s) dict_keys(['example_weekday_branch_operator']) retrieved from /Users/pro/Documents/a_env/proj_data/lib/python3.7/site-packages/airflow/example_dags/example_branch_day_of_week_operator.py
[2022-07-24 23:12:36,463] {logging_mixin.py:115} INFO - [2022-07-24 23:12:36,463] {manager.py:508} INFO - Created Permission View: can edit on DAG:example_weekday_branch_operator
[2022-07-24 23:12:36,478] {logging_mixin.py:115} INFO - [2022-07-24 23:12:36,478] {manager.py:508} INFO - Created Permission View: can delete on DAG:example_weekday_branch_operator
[2022-07-24 23:12:36,486] {logging_mixin.py:115} INFO - [2022-07-24 23:12:36,486] {manager.py:508} INFO - Created Permission View: can read on DAG:example_weekday_branch_operator
[2022-07-24 23:12:36,486] {logging_mixin.py:115} INFO - [2022-07-24 23:12:36,486] {dag.py:2420} INFO - Sync 1 DAGs
[2022-07-24 23:12:36,497] {logging_mixin.py:115} INFO - [2022-07-24 23:12:36,496] {dag.py:2439} INFO - Creating ORM DAG for example_weekday_branch_operator
[2022-07-24 23:12:36,525] {logging_mixin.py:115} INFO - [2022-07-24 23:12:36,524] {dag.py:2972} INFO - Setting next_dagrun for example_weekday_branch_operator to 2022-07-23T00:00:00+00:00, run_after=2022-07-24T00:00:00+00:00
[2022-07-24 23:12:36,542] {processor.py:161} INFO - Processing /Users/pro/Documents/a_env/proj_data/lib/python3.7/site-packages/airflow/example_dags/example_branch_day_of_week_operator.py took 0.196 seconds
[2022-07-24 23:13:09,708] {processor.py:153} INFO - Started process (PID=12463) to work on /Users/pro/Documents/a_env/proj_data/lib/python3.7/site-packages/airflow/example_dags/example_branch_day_of_week_operator.py
[2022-07-24 23:13:09,709] {processor.py:641} INFO - Processing file /Users/pro/Documents/a_env/proj_data/lib/python3.7/site-packages/airflow/example_dags/example_branch_day_of_week_operator.py for tasks to queue
[2022-07-24 23:13:09,710] {logging_mixin.py:115} INFO - [2022-07-24 23:13:09,710] {dagbag.py:508} INFO - Filling up the DagBag from /Users/pro/Documents/a_env/proj_data/lib/python3.7/site-packages/airflow/example_dags/example_branch_day_of_week_operator.py
[2022-07-24 23:13:09,723] {processor.py:651} INFO - DAG(s) dict_keys(['example_weekday_branch_operator']) retrieved from /Users/pro/Documents/a_env/proj_data/lib/python3.7/site-packages/airflow/example_dags/example_branch_day_of_week_operator.py
[2022-07-24 23:13:09,747] {logging_mixin.py:115} INFO - [2022-07-24 23:13:09,747] {dag.py:2420} INFO - Sync 1 DAGs
[2022-07-24 23:13:09,772] {logging_mixin.py:115} INFO - [2022-07-24 23:13:09,771] {dag.py:2972} INFO - Setting next_dagrun for example_weekday_branch_operator to 2022-07-23T00:00:00+00:00, run_after=2022-07-24T00:00:00+00:00
[2022-07-24 23:13:09,787] {processor.py:161} INFO - Processing /Users/pro/Documents/a_env/proj_data/lib/python3.7/site-packages/airflow/example_dags/example_branch_day_of_week_operator.py took 0.083 seconds
[2022-07-24 23:13:43,704] {processor.py:153} INFO - Started process (PID=12500) to work on /Users/pro/Documents/a_env/proj_data/lib/python3.7/site-packages/airflow/example_dags/example_branch_day_of_week_operator.py
[2022-07-24 23:13:43,705] {processor.py:641} INFO - Processing file /Users/pro/Documents/a_env/proj_data/lib/python3.7/site-packages/airflow/example_dags/example_branch_day_of_week_operator.py for tasks to queue
[2022-07-24 23:13:43,706] {logging_mixin.py:115} INFO - [2022-07-24 23:13:43,706] {dagbag.py:508} INFO - Filling up the DagBag from /Users/pro/Documents/a_env/proj_data/lib/python3.7/site-packages/airflow/example_dags/example_branch_day_of_week_operator.py
[2022-07-24 23:13:43,718] {processor.py:651} INFO - DAG(s) dict_keys(['example_weekday_branch_operator']) retrieved from /Users/pro/Documents/a_env/proj_data/lib/python3.7/site-packages/airflow/example_dags/example_branch_day_of_week_operator.py
[2022-07-24 23:13:43,745] {logging_mixin.py:115} INFO - [2022-07-24 23:13:43,744] {dag.py:2420} INFO - Sync 1 DAGs
[2022-07-24 23:13:43,772] {logging_mixin.py:115} INFO - [2022-07-24 23:13:43,772] {dag.py:2972} INFO - Setting next_dagrun for example_weekday_branch_operator to 2022-07-23T00:00:00+00:00, run_after=2022-07-24T00:00:00+00:00
[2022-07-24 23:13:43,788] {processor.py:161} INFO - Processing /Users/pro/Documents/a_env/proj_data/lib/python3.7/site-packages/airflow/example_dags/example_branch_day_of_week_operator.py took 0.088 seconds
[2022-07-24 23:14:17,865] {processor.py:153} INFO - Started process (PID=12535) to work on /Users/pro/Documents/a_env/proj_data/lib/python3.7/site-packages/airflow/example_dags/example_branch_day_of_week_operator.py
[2022-07-24 23:14:17,867] {processor.py:641} INFO - Processing file /Users/pro/Documents/a_env/proj_data/lib/python3.7/site-packages/airflow/example_dags/example_branch_day_of_week_operator.py for tasks to queue
[2022-07-24 23:14:17,869] {logging_mixin.py:115} INFO - [2022-07-24 23:14:17,868] {dagbag.py:508} INFO - Filling up the DagBag from /Users/pro/Documents/a_env/proj_data/lib/python3.7/site-packages/airflow/example_dags/example_branch_day_of_week_operator.py
[2022-07-24 23:14:17,884] {processor.py:651} INFO - DAG(s) dict_keys(['example_weekday_branch_operator']) retrieved from /Users/pro/Documents/a_env/proj_data/lib/python3.7/site-packages/airflow/example_dags/example_branch_day_of_week_operator.py
[2022-07-24 23:14:17,911] {logging_mixin.py:115} INFO - [2022-07-24 23:14:17,911] {dag.py:2420} INFO - Sync 1 DAGs
[2022-07-24 23:14:17,937] {logging_mixin.py:115} INFO - [2022-07-24 23:14:17,937] {dag.py:2972} INFO - Setting next_dagrun for example_weekday_branch_operator to 2022-07-23T00:00:00+00:00, run_after=2022-07-24T00:00:00+00:00
[2022-07-24 23:14:17,951] {processor.py:161} INFO - Processing /Users/pro/Documents/a_env/proj_data/lib/python3.7/site-packages/airflow/example_dags/example_branch_day_of_week_operator.py took 0.092 seconds
[2022-07-24 23:14:53,296] {processor.py:153} INFO - Started process (PID=12571) to work on /Users/pro/Documents/a_env/proj_data/lib/python3.7/site-packages/airflow/example_dags/example_branch_day_of_week_operator.py
[2022-07-24 23:14:53,298] {processor.py:641} INFO - Processing file /Users/pro/Documents/a_env/proj_data/lib/python3.7/site-packages/airflow/example_dags/example_branch_day_of_week_operator.py for tasks to queue
[2022-07-24 23:14:53,299] {logging_mixin.py:115} INFO - [2022-07-24 23:14:53,299] {dagbag.py:508} INFO - Filling up the DagBag from /Users/pro/Documents/a_env/proj_data/lib/python3.7/site-packages/airflow/example_dags/example_branch_day_of_week_operator.py
[2022-07-24 23:14:53,314] {processor.py:651} INFO - DAG(s) dict_keys(['example_weekday_branch_operator']) retrieved from /Users/pro/Documents/a_env/proj_data/lib/python3.7/site-packages/airflow/example_dags/example_branch_day_of_week_operator.py
[2022-07-24 23:14:53,339] {logging_mixin.py:115} INFO - [2022-07-24 23:14:53,339] {dag.py:2420} INFO - Sync 1 DAGs
[2022-07-24 23:14:53,364] {logging_mixin.py:115} INFO - [2022-07-24 23:14:53,363] {dag.py:2972} INFO - Setting next_dagrun for example_weekday_branch_operator to 2022-07-23T00:00:00+00:00, run_after=2022-07-24T00:00:00+00:00
[2022-07-24 23:14:53,379] {processor.py:161} INFO - Processing /Users/pro/Documents/a_env/proj_data/lib/python3.7/site-packages/airflow/example_dags/example_branch_day_of_week_operator.py took 0.088 seconds
[2022-07-24 23:15:28,718] {processor.py:153} INFO - Started process (PID=12662) to work on /Users/pro/Documents/a_env/proj_data/lib/python3.7/site-packages/airflow/example_dags/example_branch_day_of_week_operator.py
[2022-07-24 23:15:28,720] {processor.py:641} INFO - Processing file /Users/pro/Documents/a_env/proj_data/lib/python3.7/site-packages/airflow/example_dags/example_branch_day_of_week_operator.py for tasks to queue
[2022-07-24 23:15:28,721] {logging_mixin.py:115} INFO - [2022-07-24 23:15:28,721] {dagbag.py:508} INFO - Filling up the DagBag from /Users/pro/Documents/a_env/proj_data/lib/python3.7/site-packages/airflow/example_dags/example_branch_day_of_week_operator.py
[2022-07-24 23:15:28,734] {processor.py:651} INFO - DAG(s) dict_keys(['example_weekday_branch_operator']) retrieved from /Users/pro/Documents/a_env/proj_data/lib/python3.7/site-packages/airflow/example_dags/example_branch_day_of_week_operator.py
[2022-07-24 23:15:28,758] {logging_mixin.py:115} INFO - [2022-07-24 23:15:28,758] {dag.py:2420} INFO - Sync 1 DAGs
[2022-07-24 23:15:28,785] {logging_mixin.py:115} INFO - [2022-07-24 23:15:28,784] {dag.py:2972} INFO - Setting next_dagrun for example_weekday_branch_operator to 2022-07-23T00:00:00+00:00, run_after=2022-07-24T00:00:00+00:00
[2022-07-24 23:15:28,800] {processor.py:161} INFO - Processing /Users/pro/Documents/a_env/proj_data/lib/python3.7/site-packages/airflow/example_dags/example_branch_day_of_week_operator.py took 0.086 seconds
[2022-07-24 23:16:04,159] {processor.py:153} INFO - Started process (PID=12808) to work on /Users/pro/Documents/a_env/proj_data/lib/python3.7/site-packages/airflow/example_dags/example_branch_day_of_week_operator.py
[2022-07-24 23:16:04,160] {processor.py:641} INFO - Processing file /Users/pro/Documents/a_env/proj_data/lib/python3.7/site-packages/airflow/example_dags/example_branch_day_of_week_operator.py for tasks to queue
[2022-07-24 23:16:04,161] {logging_mixin.py:115} INFO - [2022-07-24 23:16:04,161] {dagbag.py:508} INFO - Filling up the DagBag from /Users/pro/Documents/a_env/proj_data/lib/python3.7/site-packages/airflow/example_dags/example_branch_day_of_week_operator.py
[2022-07-24 23:16:04,173] {processor.py:651} INFO - DAG(s) dict_keys(['example_weekday_branch_operator']) retrieved from /Users/pro/Documents/a_env/proj_data/lib/python3.7/site-packages/airflow/example_dags/example_branch_day_of_week_operator.py
[2022-07-24 23:16:04,198] {logging_mixin.py:115} INFO - [2022-07-24 23:16:04,198] {dag.py:2420} INFO - Sync 1 DAGs
[2022-07-24 23:16:04,222] {logging_mixin.py:115} INFO - [2022-07-24 23:16:04,221] {dag.py:2972} INFO - Setting next_dagrun for example_weekday_branch_operator to 2022-07-23T00:00:00+00:00, run_after=2022-07-24T00:00:00+00:00
[2022-07-24 23:16:04,234] {processor.py:161} INFO - Processing /Users/pro/Documents/a_env/proj_data/lib/python3.7/site-packages/airflow/example_dags/example_branch_day_of_week_operator.py took 0.080 seconds
[2022-07-24 23:16:36,178] {processor.py:153} INFO - Started process (PID=12895) to work on /Users/pro/Documents/a_env/proj_data/lib/python3.7/site-packages/airflow/example_dags/example_branch_day_of_week_operator.py
[2022-07-24 23:16:36,178] {processor.py:641} INFO - Processing file /Users/pro/Documents/a_env/proj_data/lib/python3.7/site-packages/airflow/example_dags/example_branch_day_of_week_operator.py for tasks to queue
[2022-07-24 23:16:36,180] {logging_mixin.py:115} INFO - [2022-07-24 23:16:36,179] {dagbag.py:508} INFO - Filling up the DagBag from /Users/pro/Documents/a_env/proj_data/lib/python3.7/site-packages/airflow/example_dags/example_branch_day_of_week_operator.py
[2022-07-24 23:16:36,191] {processor.py:651} INFO - DAG(s) dict_keys(['example_weekday_branch_operator']) retrieved from /Users/pro/Documents/a_env/proj_data/lib/python3.7/site-packages/airflow/example_dags/example_branch_day_of_week_operator.py
[2022-07-24 23:16:36,216] {logging_mixin.py:115} INFO - [2022-07-24 23:16:36,215] {dag.py:2420} INFO - Sync 1 DAGs
[2022-07-24 23:16:36,241] {logging_mixin.py:115} INFO - [2022-07-24 23:16:36,241] {dag.py:2972} INFO - Setting next_dagrun for example_weekday_branch_operator to 2022-07-23T00:00:00+00:00, run_after=2022-07-24T00:00:00+00:00
[2022-07-24 23:16:36,255] {processor.py:161} INFO - Processing /Users/pro/Documents/a_env/proj_data/lib/python3.7/site-packages/airflow/example_dags/example_branch_day_of_week_operator.py took 0.082 seconds
[2022-07-24 23:17:11,309] {processor.py:153} INFO - Started process (PID=12981) to work on /Users/pro/Documents/a_env/proj_data/lib/python3.7/site-packages/airflow/example_dags/example_branch_day_of_week_operator.py
[2022-07-24 23:17:11,310] {processor.py:641} INFO - Processing file /Users/pro/Documents/a_env/proj_data/lib/python3.7/site-packages/airflow/example_dags/example_branch_day_of_week_operator.py for tasks to queue
[2022-07-24 23:17:11,312] {logging_mixin.py:115} INFO - [2022-07-24 23:17:11,311] {dagbag.py:508} INFO - Filling up the DagBag from /Users/pro/Documents/a_env/proj_data/lib/python3.7/site-packages/airflow/example_dags/example_branch_day_of_week_operator.py
[2022-07-24 23:17:11,328] {processor.py:651} INFO - DAG(s) dict_keys(['example_weekday_branch_operator']) retrieved from /Users/pro/Documents/a_env/proj_data/lib/python3.7/site-packages/airflow/example_dags/example_branch_day_of_week_operator.py
[2022-07-24 23:17:11,349] {logging_mixin.py:115} INFO - [2022-07-24 23:17:11,349] {dag.py:2420} INFO - Sync 1 DAGs
[2022-07-24 23:17:11,373] {logging_mixin.py:115} INFO - [2022-07-24 23:17:11,373] {dag.py:2972} INFO - Setting next_dagrun for example_weekday_branch_operator to 2022-07-23T00:00:00+00:00, run_after=2022-07-24T00:00:00+00:00
[2022-07-24 23:17:11,388] {processor.py:161} INFO - Processing /Users/pro/Documents/a_env/proj_data/lib/python3.7/site-packages/airflow/example_dags/example_branch_day_of_week_operator.py took 0.085 seconds
[2022-07-24 23:17:45,102] {processor.py:153} INFO - Started process (PID=13061) to work on /Users/pro/Documents/a_env/proj_data/lib/python3.7/site-packages/airflow/example_dags/example_branch_day_of_week_operator.py
[2022-07-24 23:17:45,104] {processor.py:641} INFO - Processing file /Users/pro/Documents/a_env/proj_data/lib/python3.7/site-packages/airflow/example_dags/example_branch_day_of_week_operator.py for tasks to queue
[2022-07-24 23:17:45,105] {logging_mixin.py:115} INFO - [2022-07-24 23:17:45,105] {dagbag.py:508} INFO - Filling up the DagBag from /Users/pro/Documents/a_env/proj_data/lib/python3.7/site-packages/airflow/example_dags/example_branch_day_of_week_operator.py
[2022-07-24 23:17:45,118] {processor.py:651} INFO - DAG(s) dict_keys(['example_weekday_branch_operator']) retrieved from /Users/pro/Documents/a_env/proj_data/lib/python3.7/site-packages/airflow/example_dags/example_branch_day_of_week_operator.py
[2022-07-24 23:17:45,137] {logging_mixin.py:115} INFO - [2022-07-24 23:17:45,136] {dag.py:2420} INFO - Sync 1 DAGs
[2022-07-24 23:17:45,161] {logging_mixin.py:115} INFO - [2022-07-24 23:17:45,160] {dag.py:2972} INFO - Setting next_dagrun for example_weekday_branch_operator to 2022-07-23T00:00:00+00:00, run_after=2022-07-24T00:00:00+00:00
[2022-07-24 23:17:45,174] {processor.py:161} INFO - Processing /Users/pro/Documents/a_env/proj_data/lib/python3.7/site-packages/airflow/example_dags/example_branch_day_of_week_operator.py took 0.076 seconds
[2022-07-24 23:18:18,755] {processor.py:153} INFO - Started process (PID=13166) to work on /Users/pro/Documents/a_env/proj_data/lib/python3.7/site-packages/airflow/example_dags/example_branch_day_of_week_operator.py
[2022-07-24 23:18:18,757] {processor.py:641} INFO - Processing file /Users/pro/Documents/a_env/proj_data/lib/python3.7/site-packages/airflow/example_dags/example_branch_day_of_week_operator.py for tasks to queue
[2022-07-24 23:18:18,758] {logging_mixin.py:115} INFO - [2022-07-24 23:18:18,757] {dagbag.py:508} INFO - Filling up the DagBag from /Users/pro/Documents/a_env/proj_data/lib/python3.7/site-packages/airflow/example_dags/example_branch_day_of_week_operator.py
[2022-07-24 23:18:18,774] {processor.py:651} INFO - DAG(s) dict_keys(['example_weekday_branch_operator']) retrieved from /Users/pro/Documents/a_env/proj_data/lib/python3.7/site-packages/airflow/example_dags/example_branch_day_of_week_operator.py
[2022-07-24 23:18:18,796] {logging_mixin.py:115} INFO - [2022-07-24 23:18:18,795] {dag.py:2420} INFO - Sync 1 DAGs
[2022-07-24 23:18:18,823] {logging_mixin.py:115} INFO - [2022-07-24 23:18:18,823] {dag.py:2972} INFO - Setting next_dagrun for example_weekday_branch_operator to 2022-07-23T00:00:00+00:00, run_after=2022-07-24T00:00:00+00:00
[2022-07-24 23:18:18,837] {processor.py:161} INFO - Processing /Users/pro/Documents/a_env/proj_data/lib/python3.7/site-packages/airflow/example_dags/example_branch_day_of_week_operator.py took 0.087 seconds
[2022-07-24 23:18:52,600] {processor.py:153} INFO - Started process (PID=13273) to work on /Users/pro/Documents/a_env/proj_data/lib/python3.7/site-packages/airflow/example_dags/example_branch_day_of_week_operator.py
[2022-07-24 23:18:52,602] {processor.py:641} INFO - Processing file /Users/pro/Documents/a_env/proj_data/lib/python3.7/site-packages/airflow/example_dags/example_branch_day_of_week_operator.py for tasks to queue
[2022-07-24 23:18:52,603] {logging_mixin.py:115} INFO - [2022-07-24 23:18:52,603] {dagbag.py:508} INFO - Filling up the DagBag from /Users/pro/Documents/a_env/proj_data/lib/python3.7/site-packages/airflow/example_dags/example_branch_day_of_week_operator.py
[2022-07-24 23:18:52,616] {processor.py:651} INFO - DAG(s) dict_keys(['example_weekday_branch_operator']) retrieved from /Users/pro/Documents/a_env/proj_data/lib/python3.7/site-packages/airflow/example_dags/example_branch_day_of_week_operator.py
[2022-07-24 23:18:52,636] {logging_mixin.py:115} INFO - [2022-07-24 23:18:52,635] {dag.py:2420} INFO - Sync 1 DAGs
[2022-07-24 23:18:52,659] {logging_mixin.py:115} INFO - [2022-07-24 23:18:52,659] {dag.py:2972} INFO - Setting next_dagrun for example_weekday_branch_operator to 2022-07-23T00:00:00+00:00, run_after=2022-07-24T00:00:00+00:00
[2022-07-24 23:18:52,672] {processor.py:161} INFO - Processing /Users/pro/Documents/a_env/proj_data/lib/python3.7/site-packages/airflow/example_dags/example_branch_day_of_week_operator.py took 0.076 seconds
[2022-07-24 23:19:25,890] {processor.py:153} INFO - Started process (PID=13358) to work on /Users/pro/Documents/a_env/proj_data/lib/python3.7/site-packages/airflow/example_dags/example_branch_day_of_week_operator.py
[2022-07-24 23:19:25,891] {processor.py:641} INFO - Processing file /Users/pro/Documents/a_env/proj_data/lib/python3.7/site-packages/airflow/example_dags/example_branch_day_of_week_operator.py for tasks to queue
[2022-07-24 23:19:25,892] {logging_mixin.py:115} INFO - [2022-07-24 23:19:25,892] {dagbag.py:508} INFO - Filling up the DagBag from /Users/pro/Documents/a_env/proj_data/lib/python3.7/site-packages/airflow/example_dags/example_branch_day_of_week_operator.py
[2022-07-24 23:19:25,907] {processor.py:651} INFO - DAG(s) dict_keys(['example_weekday_branch_operator']) retrieved from /Users/pro/Documents/a_env/proj_data/lib/python3.7/site-packages/airflow/example_dags/example_branch_day_of_week_operator.py
[2022-07-24 23:19:25,929] {logging_mixin.py:115} INFO - [2022-07-24 23:19:25,929] {dag.py:2420} INFO - Sync 1 DAGs
[2022-07-24 23:19:25,955] {logging_mixin.py:115} INFO - [2022-07-24 23:19:25,955] {dag.py:2972} INFO - Setting next_dagrun for example_weekday_branch_operator to 2022-07-23T00:00:00+00:00, run_after=2022-07-24T00:00:00+00:00
[2022-07-24 23:19:25,970] {processor.py:161} INFO - Processing /Users/pro/Documents/a_env/proj_data/lib/python3.7/site-packages/airflow/example_dags/example_branch_day_of_week_operator.py took 0.084 seconds
[2022-07-24 23:19:59,049] {processor.py:153} INFO - Started process (PID=13411) to work on /Users/pro/Documents/a_env/proj_data/lib/python3.7/site-packages/airflow/example_dags/example_branch_day_of_week_operator.py
[2022-07-24 23:19:59,050] {processor.py:641} INFO - Processing file /Users/pro/Documents/a_env/proj_data/lib/python3.7/site-packages/airflow/example_dags/example_branch_day_of_week_operator.py for tasks to queue
[2022-07-24 23:19:59,051] {logging_mixin.py:115} INFO - [2022-07-24 23:19:59,051] {dagbag.py:508} INFO - Filling up the DagBag from /Users/pro/Documents/a_env/proj_data/lib/python3.7/site-packages/airflow/example_dags/example_branch_day_of_week_operator.py
[2022-07-24 23:19:59,064] {processor.py:651} INFO - DAG(s) dict_keys(['example_weekday_branch_operator']) retrieved from /Users/pro/Documents/a_env/proj_data/lib/python3.7/site-packages/airflow/example_dags/example_branch_day_of_week_operator.py
[2022-07-24 23:19:59,087] {logging_mixin.py:115} INFO - [2022-07-24 23:19:59,086] {dag.py:2420} INFO - Sync 1 DAGs
[2022-07-24 23:19:59,115] {logging_mixin.py:115} INFO - [2022-07-24 23:19:59,115] {dag.py:2972} INFO - Setting next_dagrun for example_weekday_branch_operator to 2022-07-23T00:00:00+00:00, run_after=2022-07-24T00:00:00+00:00
[2022-07-24 23:19:59,139] {processor.py:161} INFO - Processing /Users/pro/Documents/a_env/proj_data/lib/python3.7/site-packages/airflow/example_dags/example_branch_day_of_week_operator.py took 0.094 seconds
[2022-07-24 23:20:34,200] {processor.py:153} INFO - Started process (PID=13526) to work on /Users/pro/Documents/a_env/proj_data/lib/python3.7/site-packages/airflow/example_dags/example_branch_day_of_week_operator.py
[2022-07-24 23:20:34,201] {processor.py:641} INFO - Processing file /Users/pro/Documents/a_env/proj_data/lib/python3.7/site-packages/airflow/example_dags/example_branch_day_of_week_operator.py for tasks to queue
[2022-07-24 23:20:34,202] {logging_mixin.py:115} INFO - [2022-07-24 23:20:34,202] {dagbag.py:508} INFO - Filling up the DagBag from /Users/pro/Documents/a_env/proj_data/lib/python3.7/site-packages/airflow/example_dags/example_branch_day_of_week_operator.py
[2022-07-24 23:20:34,216] {processor.py:651} INFO - DAG(s) dict_keys(['example_weekday_branch_operator']) retrieved from /Users/pro/Documents/a_env/proj_data/lib/python3.7/site-packages/airflow/example_dags/example_branch_day_of_week_operator.py
[2022-07-24 23:20:34,237] {logging_mixin.py:115} INFO - [2022-07-24 23:20:34,237] {dag.py:2420} INFO - Sync 1 DAGs
[2022-07-24 23:20:34,262] {logging_mixin.py:115} INFO - [2022-07-24 23:20:34,262] {dag.py:2972} INFO - Setting next_dagrun for example_weekday_branch_operator to 2022-07-23T00:00:00+00:00, run_after=2022-07-24T00:00:00+00:00
[2022-07-24 23:20:34,276] {processor.py:161} INFO - Processing /Users/pro/Documents/a_env/proj_data/lib/python3.7/site-packages/airflow/example_dags/example_branch_day_of_week_operator.py took 0.081 seconds
[2022-07-24 23:21:08,746] {processor.py:153} INFO - Started process (PID=13819) to work on /Users/pro/Documents/a_env/proj_data/lib/python3.7/site-packages/airflow/example_dags/example_branch_day_of_week_operator.py
[2022-07-24 23:21:08,748] {processor.py:641} INFO - Processing file /Users/pro/Documents/a_env/proj_data/lib/python3.7/site-packages/airflow/example_dags/example_branch_day_of_week_operator.py for tasks to queue
[2022-07-24 23:21:08,749] {logging_mixin.py:115} INFO - [2022-07-24 23:21:08,749] {dagbag.py:508} INFO - Filling up the DagBag from /Users/pro/Documents/a_env/proj_data/lib/python3.7/site-packages/airflow/example_dags/example_branch_day_of_week_operator.py
[2022-07-24 23:21:08,764] {processor.py:651} INFO - DAG(s) dict_keys(['example_weekday_branch_operator']) retrieved from /Users/pro/Documents/a_env/proj_data/lib/python3.7/site-packages/airflow/example_dags/example_branch_day_of_week_operator.py
[2022-07-24 23:21:08,785] {logging_mixin.py:115} INFO - [2022-07-24 23:21:08,784] {dag.py:2420} INFO - Sync 1 DAGs
[2022-07-24 23:21:08,808] {logging_mixin.py:115} INFO - [2022-07-24 23:21:08,807] {dag.py:2972} INFO - Setting next_dagrun for example_weekday_branch_operator to 2022-07-23T00:00:00+00:00, run_after=2022-07-24T00:00:00+00:00
[2022-07-24 23:21:08,822] {processor.py:161} INFO - Processing /Users/pro/Documents/a_env/proj_data/lib/python3.7/site-packages/airflow/example_dags/example_branch_day_of_week_operator.py took 0.080 seconds
[2022-07-24 23:21:43,096] {processor.py:153} INFO - Started process (PID=13902) to work on /Users/pro/Documents/a_env/proj_data/lib/python3.7/site-packages/airflow/example_dags/example_branch_day_of_week_operator.py
[2022-07-24 23:21:43,098] {processor.py:641} INFO - Processing file /Users/pro/Documents/a_env/proj_data/lib/python3.7/site-packages/airflow/example_dags/example_branch_day_of_week_operator.py for tasks to queue
[2022-07-24 23:21:43,099] {logging_mixin.py:115} INFO - [2022-07-24 23:21:43,098] {dagbag.py:508} INFO - Filling up the DagBag from /Users/pro/Documents/a_env/proj_data/lib/python3.7/site-packages/airflow/example_dags/example_branch_day_of_week_operator.py
[2022-07-24 23:21:43,114] {processor.py:651} INFO - DAG(s) dict_keys(['example_weekday_branch_operator']) retrieved from /Users/pro/Documents/a_env/proj_data/lib/python3.7/site-packages/airflow/example_dags/example_branch_day_of_week_operator.py
[2022-07-24 23:21:43,136] {logging_mixin.py:115} INFO - [2022-07-24 23:21:43,136] {dag.py:2420} INFO - Sync 1 DAGs
[2022-07-24 23:21:43,161] {logging_mixin.py:115} INFO - [2022-07-24 23:21:43,160] {dag.py:2972} INFO - Setting next_dagrun for example_weekday_branch_operator to 2022-07-23T00:00:00+00:00, run_after=2022-07-24T00:00:00+00:00
[2022-07-24 23:21:43,174] {processor.py:161} INFO - Processing /Users/pro/Documents/a_env/proj_data/lib/python3.7/site-packages/airflow/example_dags/example_branch_day_of_week_operator.py took 0.083 seconds
[2022-07-24 23:22:14,781] {processor.py:153} INFO - Started process (PID=13978) to work on /Users/pro/Documents/a_env/proj_data/lib/python3.7/site-packages/airflow/example_dags/example_branch_day_of_week_operator.py
[2022-07-24 23:22:14,782] {processor.py:641} INFO - Processing file /Users/pro/Documents/a_env/proj_data/lib/python3.7/site-packages/airflow/example_dags/example_branch_day_of_week_operator.py for tasks to queue
[2022-07-24 23:22:14,783] {logging_mixin.py:115} INFO - [2022-07-24 23:22:14,783] {dagbag.py:508} INFO - Filling up the DagBag from /Users/pro/Documents/a_env/proj_data/lib/python3.7/site-packages/airflow/example_dags/example_branch_day_of_week_operator.py
[2022-07-24 23:22:14,797] {processor.py:651} INFO - DAG(s) dict_keys(['example_weekday_branch_operator']) retrieved from /Users/pro/Documents/a_env/proj_data/lib/python3.7/site-packages/airflow/example_dags/example_branch_day_of_week_operator.py
[2022-07-24 23:22:14,818] {logging_mixin.py:115} INFO - [2022-07-24 23:22:14,818] {dag.py:2420} INFO - Sync 1 DAGs
[2022-07-24 23:22:14,843] {logging_mixin.py:115} INFO - [2022-07-24 23:22:14,842] {dag.py:2972} INFO - Setting next_dagrun for example_weekday_branch_operator to 2022-07-23T00:00:00+00:00, run_after=2022-07-24T00:00:00+00:00
[2022-07-24 23:22:14,856] {processor.py:161} INFO - Processing /Users/pro/Documents/a_env/proj_data/lib/python3.7/site-packages/airflow/example_dags/example_branch_day_of_week_operator.py took 0.080 seconds
[2022-07-24 23:22:49,630] {processor.py:153} INFO - Started process (PID=14083) to work on /Users/pro/Documents/a_env/proj_data/lib/python3.7/site-packages/airflow/example_dags/example_branch_day_of_week_operator.py
[2022-07-24 23:22:49,631] {processor.py:641} INFO - Processing file /Users/pro/Documents/a_env/proj_data/lib/python3.7/site-packages/airflow/example_dags/example_branch_day_of_week_operator.py for tasks to queue
[2022-07-24 23:22:49,632] {logging_mixin.py:115} INFO - [2022-07-24 23:22:49,632] {dagbag.py:508} INFO - Filling up the DagBag from /Users/pro/Documents/a_env/proj_data/lib/python3.7/site-packages/airflow/example_dags/example_branch_day_of_week_operator.py
[2022-07-24 23:22:49,646] {processor.py:651} INFO - DAG(s) dict_keys(['example_weekday_branch_operator']) retrieved from /Users/pro/Documents/a_env/proj_data/lib/python3.7/site-packages/airflow/example_dags/example_branch_day_of_week_operator.py
[2022-07-24 23:22:49,666] {logging_mixin.py:115} INFO - [2022-07-24 23:22:49,666] {dag.py:2420} INFO - Sync 1 DAGs
[2022-07-24 23:22:49,690] {logging_mixin.py:115} INFO - [2022-07-24 23:22:49,690] {dag.py:2972} INFO - Setting next_dagrun for example_weekday_branch_operator to 2022-07-23T00:00:00+00:00, run_after=2022-07-24T00:00:00+00:00
[2022-07-24 23:22:49,705] {processor.py:161} INFO - Processing /Users/pro/Documents/a_env/proj_data/lib/python3.7/site-packages/airflow/example_dags/example_branch_day_of_week_operator.py took 0.081 seconds
[2022-07-24 23:23:22,457] {processor.py:153} INFO - Started process (PID=14201) to work on /Users/pro/Documents/a_env/proj_data/lib/python3.7/site-packages/airflow/example_dags/example_branch_day_of_week_operator.py
[2022-07-24 23:23:22,459] {processor.py:641} INFO - Processing file /Users/pro/Documents/a_env/proj_data/lib/python3.7/site-packages/airflow/example_dags/example_branch_day_of_week_operator.py for tasks to queue
[2022-07-24 23:23:22,460] {logging_mixin.py:115} INFO - [2022-07-24 23:23:22,459] {dagbag.py:508} INFO - Filling up the DagBag from /Users/pro/Documents/a_env/proj_data/lib/python3.7/site-packages/airflow/example_dags/example_branch_day_of_week_operator.py
[2022-07-24 23:23:22,474] {processor.py:651} INFO - DAG(s) dict_keys(['example_weekday_branch_operator']) retrieved from /Users/pro/Documents/a_env/proj_data/lib/python3.7/site-packages/airflow/example_dags/example_branch_day_of_week_operator.py
[2022-07-24 23:23:22,495] {logging_mixin.py:115} INFO - [2022-07-24 23:23:22,495] {dag.py:2420} INFO - Sync 1 DAGs
[2022-07-24 23:23:22,521] {logging_mixin.py:115} INFO - [2022-07-24 23:23:22,520] {dag.py:2972} INFO - Setting next_dagrun for example_weekday_branch_operator to 2022-07-23T00:00:00+00:00, run_after=2022-07-24T00:00:00+00:00
[2022-07-24 23:23:22,556] {processor.py:161} INFO - Processing /Users/pro/Documents/a_env/proj_data/lib/python3.7/site-packages/airflow/example_dags/example_branch_day_of_week_operator.py took 0.104 seconds
[2022-07-24 23:23:58,024] {processor.py:153} INFO - Started process (PID=14247) to work on /Users/pro/Documents/a_env/proj_data/lib/python3.7/site-packages/airflow/example_dags/example_branch_day_of_week_operator.py
[2022-07-24 23:23:58,025] {processor.py:641} INFO - Processing file /Users/pro/Documents/a_env/proj_data/lib/python3.7/site-packages/airflow/example_dags/example_branch_day_of_week_operator.py for tasks to queue
[2022-07-24 23:23:58,026] {logging_mixin.py:115} INFO - [2022-07-24 23:23:58,026] {dagbag.py:508} INFO - Filling up the DagBag from /Users/pro/Documents/a_env/proj_data/lib/python3.7/site-packages/airflow/example_dags/example_branch_day_of_week_operator.py
[2022-07-24 23:23:58,043] {processor.py:651} INFO - DAG(s) dict_keys(['example_weekday_branch_operator']) retrieved from /Users/pro/Documents/a_env/proj_data/lib/python3.7/site-packages/airflow/example_dags/example_branch_day_of_week_operator.py
[2022-07-24 23:23:58,066] {logging_mixin.py:115} INFO - [2022-07-24 23:23:58,066] {dag.py:2420} INFO - Sync 1 DAGs
[2022-07-24 23:23:58,093] {logging_mixin.py:115} INFO - [2022-07-24 23:23:58,093] {dag.py:2972} INFO - Setting next_dagrun for example_weekday_branch_operator to 2022-07-23T00:00:00+00:00, run_after=2022-07-24T00:00:00+00:00
[2022-07-24 23:23:58,109] {processor.py:161} INFO - Processing /Users/pro/Documents/a_env/proj_data/lib/python3.7/site-packages/airflow/example_dags/example_branch_day_of_week_operator.py took 0.090 seconds
[2022-07-24 23:24:32,613] {processor.py:153} INFO - Started process (PID=14373) to work on /Users/pro/Documents/a_env/proj_data/lib/python3.7/site-packages/airflow/example_dags/example_branch_day_of_week_operator.py
[2022-07-24 23:24:32,614] {processor.py:641} INFO - Processing file /Users/pro/Documents/a_env/proj_data/lib/python3.7/site-packages/airflow/example_dags/example_branch_day_of_week_operator.py for tasks to queue
[2022-07-24 23:24:32,616] {logging_mixin.py:115} INFO - [2022-07-24 23:24:32,615] {dagbag.py:508} INFO - Filling up the DagBag from /Users/pro/Documents/a_env/proj_data/lib/python3.7/site-packages/airflow/example_dags/example_branch_day_of_week_operator.py
[2022-07-24 23:24:32,630] {processor.py:651} INFO - DAG(s) dict_keys(['example_weekday_branch_operator']) retrieved from /Users/pro/Documents/a_env/proj_data/lib/python3.7/site-packages/airflow/example_dags/example_branch_day_of_week_operator.py
[2022-07-24 23:24:32,651] {logging_mixin.py:115} INFO - [2022-07-24 23:24:32,651] {dag.py:2420} INFO - Sync 1 DAGs
[2022-07-24 23:24:32,678] {logging_mixin.py:115} INFO - [2022-07-24 23:24:32,677] {dag.py:2972} INFO - Setting next_dagrun for example_weekday_branch_operator to 2022-07-23T00:00:00+00:00, run_after=2022-07-24T00:00:00+00:00
[2022-07-24 23:24:32,691] {processor.py:161} INFO - Processing /Users/pro/Documents/a_env/proj_data/lib/python3.7/site-packages/airflow/example_dags/example_branch_day_of_week_operator.py took 0.083 seconds
[2022-07-24 23:25:08,718] {processor.py:153} INFO - Started process (PID=14426) to work on /Users/pro/Documents/a_env/proj_data/lib/python3.7/site-packages/airflow/example_dags/example_branch_day_of_week_operator.py
[2022-07-24 23:25:08,720] {processor.py:641} INFO - Processing file /Users/pro/Documents/a_env/proj_data/lib/python3.7/site-packages/airflow/example_dags/example_branch_day_of_week_operator.py for tasks to queue
[2022-07-24 23:25:08,722] {logging_mixin.py:115} INFO - [2022-07-24 23:25:08,721] {dagbag.py:508} INFO - Filling up the DagBag from /Users/pro/Documents/a_env/proj_data/lib/python3.7/site-packages/airflow/example_dags/example_branch_day_of_week_operator.py
[2022-07-24 23:25:08,739] {processor.py:651} INFO - DAG(s) dict_keys(['example_weekday_branch_operator']) retrieved from /Users/pro/Documents/a_env/proj_data/lib/python3.7/site-packages/airflow/example_dags/example_branch_day_of_week_operator.py
[2022-07-24 23:25:08,760] {logging_mixin.py:115} INFO - [2022-07-24 23:25:08,759] {dag.py:2420} INFO - Sync 1 DAGs
[2022-07-24 23:25:08,785] {logging_mixin.py:115} INFO - [2022-07-24 23:25:08,785] {dag.py:2972} INFO - Setting next_dagrun for example_weekday_branch_operator to 2022-07-23T00:00:00+00:00, run_after=2022-07-24T00:00:00+00:00
[2022-07-24 23:25:08,801] {processor.py:161} INFO - Processing /Users/pro/Documents/a_env/proj_data/lib/python3.7/site-packages/airflow/example_dags/example_branch_day_of_week_operator.py took 0.089 seconds
[2022-07-24 23:25:43,848] {processor.py:153} INFO - Started process (PID=14476) to work on /Users/pro/Documents/a_env/proj_data/lib/python3.7/site-packages/airflow/example_dags/example_branch_day_of_week_operator.py
[2022-07-24 23:25:43,850] {processor.py:641} INFO - Processing file /Users/pro/Documents/a_env/proj_data/lib/python3.7/site-packages/airflow/example_dags/example_branch_day_of_week_operator.py for tasks to queue
[2022-07-24 23:25:43,851] {logging_mixin.py:115} INFO - [2022-07-24 23:25:43,851] {dagbag.py:508} INFO - Filling up the DagBag from /Users/pro/Documents/a_env/proj_data/lib/python3.7/site-packages/airflow/example_dags/example_branch_day_of_week_operator.py
[2022-07-24 23:25:43,869] {processor.py:651} INFO - DAG(s) dict_keys(['example_weekday_branch_operator']) retrieved from /Users/pro/Documents/a_env/proj_data/lib/python3.7/site-packages/airflow/example_dags/example_branch_day_of_week_operator.py
[2022-07-24 23:25:43,894] {logging_mixin.py:115} INFO - [2022-07-24 23:25:43,894] {dag.py:2420} INFO - Sync 1 DAGs
[2022-07-24 23:25:43,926] {logging_mixin.py:115} INFO - [2022-07-24 23:25:43,926] {dag.py:2972} INFO - Setting next_dagrun for example_weekday_branch_operator to 2022-07-23T00:00:00+00:00, run_after=2022-07-24T00:00:00+00:00
[2022-07-24 23:25:43,941] {processor.py:161} INFO - Processing /Users/pro/Documents/a_env/proj_data/lib/python3.7/site-packages/airflow/example_dags/example_branch_day_of_week_operator.py took 0.099 seconds
[2022-07-24 23:26:19,066] {processor.py:153} INFO - Started process (PID=14514) to work on /Users/pro/Documents/a_env/proj_data/lib/python3.7/site-packages/airflow/example_dags/example_branch_day_of_week_operator.py
[2022-07-24 23:26:19,067] {processor.py:641} INFO - Processing file /Users/pro/Documents/a_env/proj_data/lib/python3.7/site-packages/airflow/example_dags/example_branch_day_of_week_operator.py for tasks to queue
[2022-07-24 23:26:19,068] {logging_mixin.py:115} INFO - [2022-07-24 23:26:19,067] {dagbag.py:508} INFO - Filling up the DagBag from /Users/pro/Documents/a_env/proj_data/lib/python3.7/site-packages/airflow/example_dags/example_branch_day_of_week_operator.py
[2022-07-24 23:26:19,084] {processor.py:651} INFO - DAG(s) dict_keys(['example_weekday_branch_operator']) retrieved from /Users/pro/Documents/a_env/proj_data/lib/python3.7/site-packages/airflow/example_dags/example_branch_day_of_week_operator.py
[2022-07-24 23:26:19,106] {logging_mixin.py:115} INFO - [2022-07-24 23:26:19,105] {dag.py:2420} INFO - Sync 1 DAGs
[2022-07-24 23:26:19,131] {logging_mixin.py:115} INFO - [2022-07-24 23:26:19,131] {dag.py:2972} INFO - Setting next_dagrun for example_weekday_branch_operator to 2022-07-23T00:00:00+00:00, run_after=2022-07-24T00:00:00+00:00
[2022-07-24 23:26:19,147] {processor.py:161} INFO - Processing /Users/pro/Documents/a_env/proj_data/lib/python3.7/site-packages/airflow/example_dags/example_branch_day_of_week_operator.py took 0.086 seconds
[2022-07-24 23:26:54,988] {processor.py:153} INFO - Started process (PID=14575) to work on /Users/pro/Documents/a_env/proj_data/lib/python3.7/site-packages/airflow/example_dags/example_branch_day_of_week_operator.py
[2022-07-24 23:26:54,990] {processor.py:641} INFO - Processing file /Users/pro/Documents/a_env/proj_data/lib/python3.7/site-packages/airflow/example_dags/example_branch_day_of_week_operator.py for tasks to queue
[2022-07-24 23:26:54,992] {logging_mixin.py:115} INFO - [2022-07-24 23:26:54,992] {dagbag.py:508} INFO - Filling up the DagBag from /Users/pro/Documents/a_env/proj_data/lib/python3.7/site-packages/airflow/example_dags/example_branch_day_of_week_operator.py
[2022-07-24 23:26:55,013] {processor.py:651} INFO - DAG(s) dict_keys(['example_weekday_branch_operator']) retrieved from /Users/pro/Documents/a_env/proj_data/lib/python3.7/site-packages/airflow/example_dags/example_branch_day_of_week_operator.py
[2022-07-24 23:26:55,044] {logging_mixin.py:115} INFO - [2022-07-24 23:26:55,044] {dag.py:2420} INFO - Sync 1 DAGs
[2022-07-24 23:26:55,079] {logging_mixin.py:115} INFO - [2022-07-24 23:26:55,078] {dag.py:2972} INFO - Setting next_dagrun for example_weekday_branch_operator to 2022-07-23T00:00:00+00:00, run_after=2022-07-24T00:00:00+00:00
[2022-07-24 23:26:55,098] {processor.py:161} INFO - Processing /Users/pro/Documents/a_env/proj_data/lib/python3.7/site-packages/airflow/example_dags/example_branch_day_of_week_operator.py took 0.116 seconds
[2022-07-24 23:27:27,714] {processor.py:153} INFO - Started process (PID=14680) to work on /Users/pro/Documents/a_env/proj_data/lib/python3.7/site-packages/airflow/example_dags/example_branch_day_of_week_operator.py
[2022-07-24 23:27:27,716] {processor.py:641} INFO - Processing file /Users/pro/Documents/a_env/proj_data/lib/python3.7/site-packages/airflow/example_dags/example_branch_day_of_week_operator.py for tasks to queue
[2022-07-24 23:27:27,717] {logging_mixin.py:115} INFO - [2022-07-24 23:27:27,717] {dagbag.py:508} INFO - Filling up the DagBag from /Users/pro/Documents/a_env/proj_data/lib/python3.7/site-packages/airflow/example_dags/example_branch_day_of_week_operator.py
[2022-07-24 23:27:27,733] {processor.py:651} INFO - DAG(s) dict_keys(['example_weekday_branch_operator']) retrieved from /Users/pro/Documents/a_env/proj_data/lib/python3.7/site-packages/airflow/example_dags/example_branch_day_of_week_operator.py
[2022-07-24 23:27:27,755] {logging_mixin.py:115} INFO - [2022-07-24 23:27:27,754] {dag.py:2420} INFO - Sync 1 DAGs
[2022-07-24 23:27:27,781] {logging_mixin.py:115} INFO - [2022-07-24 23:27:27,781] {dag.py:2972} INFO - Setting next_dagrun for example_weekday_branch_operator to 2022-07-23T00:00:00+00:00, run_after=2022-07-24T00:00:00+00:00
[2022-07-24 23:27:27,796] {processor.py:161} INFO - Processing /Users/pro/Documents/a_env/proj_data/lib/python3.7/site-packages/airflow/example_dags/example_branch_day_of_week_operator.py took 0.088 seconds
[2022-07-24 23:28:02,679] {processor.py:153} INFO - Started process (PID=14757) to work on /Users/pro/Documents/a_env/proj_data/lib/python3.7/site-packages/airflow/example_dags/example_branch_day_of_week_operator.py
[2022-07-24 23:28:02,681] {processor.py:641} INFO - Processing file /Users/pro/Documents/a_env/proj_data/lib/python3.7/site-packages/airflow/example_dags/example_branch_day_of_week_operator.py for tasks to queue
[2022-07-24 23:28:02,682] {logging_mixin.py:115} INFO - [2022-07-24 23:28:02,682] {dagbag.py:508} INFO - Filling up the DagBag from /Users/pro/Documents/a_env/proj_data/lib/python3.7/site-packages/airflow/example_dags/example_branch_day_of_week_operator.py
[2022-07-24 23:28:02,699] {processor.py:651} INFO - DAG(s) dict_keys(['example_weekday_branch_operator']) retrieved from /Users/pro/Documents/a_env/proj_data/lib/python3.7/site-packages/airflow/example_dags/example_branch_day_of_week_operator.py
[2022-07-24 23:28:02,720] {logging_mixin.py:115} INFO - [2022-07-24 23:28:02,720] {dag.py:2420} INFO - Sync 1 DAGs
[2022-07-24 23:28:02,745] {logging_mixin.py:115} INFO - [2022-07-24 23:28:02,744] {dag.py:2972} INFO - Setting next_dagrun for example_weekday_branch_operator to 2022-07-23T00:00:00+00:00, run_after=2022-07-24T00:00:00+00:00
[2022-07-24 23:28:02,758] {processor.py:161} INFO - Processing /Users/pro/Documents/a_env/proj_data/lib/python3.7/site-packages/airflow/example_dags/example_branch_day_of_week_operator.py took 0.084 seconds
[2022-07-24 23:28:36,562] {processor.py:153} INFO - Started process (PID=14835) to work on /Users/pro/Documents/a_env/proj_data/lib/python3.7/site-packages/airflow/example_dags/example_branch_day_of_week_operator.py
[2022-07-24 23:28:36,563] {processor.py:641} INFO - Processing file /Users/pro/Documents/a_env/proj_data/lib/python3.7/site-packages/airflow/example_dags/example_branch_day_of_week_operator.py for tasks to queue
[2022-07-24 23:28:36,565] {logging_mixin.py:115} INFO - [2022-07-24 23:28:36,565] {dagbag.py:508} INFO - Filling up the DagBag from /Users/pro/Documents/a_env/proj_data/lib/python3.7/site-packages/airflow/example_dags/example_branch_day_of_week_operator.py
[2022-07-24 23:28:36,585] {processor.py:651} INFO - DAG(s) dict_keys(['example_weekday_branch_operator']) retrieved from /Users/pro/Documents/a_env/proj_data/lib/python3.7/site-packages/airflow/example_dags/example_branch_day_of_week_operator.py
[2022-07-24 23:28:36,614] {logging_mixin.py:115} INFO - [2022-07-24 23:28:36,614] {dag.py:2420} INFO - Sync 1 DAGs
[2022-07-24 23:28:36,650] {logging_mixin.py:115} INFO - [2022-07-24 23:28:36,649] {dag.py:2972} INFO - Setting next_dagrun for example_weekday_branch_operator to 2022-07-23T00:00:00+00:00, run_after=2022-07-24T00:00:00+00:00
[2022-07-24 23:28:36,701] {processor.py:161} INFO - Processing /Users/pro/Documents/a_env/proj_data/lib/python3.7/site-packages/airflow/example_dags/example_branch_day_of_week_operator.py took 0.145 seconds
[2022-07-24 23:29:10,651] {processor.py:153} INFO - Started process (PID=14869) to work on /Users/pro/Documents/a_env/proj_data/lib/python3.7/site-packages/airflow/example_dags/example_branch_day_of_week_operator.py
[2022-07-24 23:29:10,652] {processor.py:641} INFO - Processing file /Users/pro/Documents/a_env/proj_data/lib/python3.7/site-packages/airflow/example_dags/example_branch_day_of_week_operator.py for tasks to queue
[2022-07-24 23:29:10,653] {logging_mixin.py:115} INFO - [2022-07-24 23:29:10,653] {dagbag.py:508} INFO - Filling up the DagBag from /Users/pro/Documents/a_env/proj_data/lib/python3.7/site-packages/airflow/example_dags/example_branch_day_of_week_operator.py
[2022-07-24 23:29:10,668] {processor.py:651} INFO - DAG(s) dict_keys(['example_weekday_branch_operator']) retrieved from /Users/pro/Documents/a_env/proj_data/lib/python3.7/site-packages/airflow/example_dags/example_branch_day_of_week_operator.py
[2022-07-24 23:29:10,691] {logging_mixin.py:115} INFO - [2022-07-24 23:29:10,690] {dag.py:2420} INFO - Sync 1 DAGs
[2022-07-24 23:29:10,715] {logging_mixin.py:115} INFO - [2022-07-24 23:29:10,715] {dag.py:2972} INFO - Setting next_dagrun for example_weekday_branch_operator to 2022-07-23T00:00:00+00:00, run_after=2022-07-24T00:00:00+00:00
[2022-07-24 23:29:10,729] {processor.py:161} INFO - Processing /Users/pro/Documents/a_env/proj_data/lib/python3.7/site-packages/airflow/example_dags/example_branch_day_of_week_operator.py took 0.084 seconds
[2022-07-24 23:29:45,271] {processor.py:153} INFO - Started process (PID=14905) to work on /Users/pro/Documents/a_env/proj_data/lib/python3.7/site-packages/airflow/example_dags/example_branch_day_of_week_operator.py
[2022-07-24 23:29:45,273] {processor.py:641} INFO - Processing file /Users/pro/Documents/a_env/proj_data/lib/python3.7/site-packages/airflow/example_dags/example_branch_day_of_week_operator.py for tasks to queue
[2022-07-24 23:29:45,274] {logging_mixin.py:115} INFO - [2022-07-24 23:29:45,274] {dagbag.py:508} INFO - Filling up the DagBag from /Users/pro/Documents/a_env/proj_data/lib/python3.7/site-packages/airflow/example_dags/example_branch_day_of_week_operator.py
[2022-07-24 23:29:45,291] {processor.py:651} INFO - DAG(s) dict_keys(['example_weekday_branch_operator']) retrieved from /Users/pro/Documents/a_env/proj_data/lib/python3.7/site-packages/airflow/example_dags/example_branch_day_of_week_operator.py
[2022-07-24 23:29:45,313] {logging_mixin.py:115} INFO - [2022-07-24 23:29:45,313] {dag.py:2420} INFO - Sync 1 DAGs
[2022-07-24 23:29:45,340] {logging_mixin.py:115} INFO - [2022-07-24 23:29:45,339] {dag.py:2972} INFO - Setting next_dagrun for example_weekday_branch_operator to 2022-07-23T00:00:00+00:00, run_after=2022-07-24T00:00:00+00:00
[2022-07-24 23:29:45,354] {processor.py:161} INFO - Processing /Users/pro/Documents/a_env/proj_data/lib/python3.7/site-packages/airflow/example_dags/example_branch_day_of_week_operator.py took 0.088 seconds
[2022-07-24 23:30:18,055] {processor.py:153} INFO - Started process (PID=14954) to work on /Users/pro/Documents/a_env/proj_data/lib/python3.7/site-packages/airflow/example_dags/example_branch_day_of_week_operator.py
[2022-07-24 23:30:18,057] {processor.py:641} INFO - Processing file /Users/pro/Documents/a_env/proj_data/lib/python3.7/site-packages/airflow/example_dags/example_branch_day_of_week_operator.py for tasks to queue
[2022-07-24 23:30:18,059] {logging_mixin.py:115} INFO - [2022-07-24 23:30:18,059] {dagbag.py:508} INFO - Filling up the DagBag from /Users/pro/Documents/a_env/proj_data/lib/python3.7/site-packages/airflow/example_dags/example_branch_day_of_week_operator.py
[2022-07-24 23:30:18,076] {processor.py:651} INFO - DAG(s) dict_keys(['example_weekday_branch_operator']) retrieved from /Users/pro/Documents/a_env/proj_data/lib/python3.7/site-packages/airflow/example_dags/example_branch_day_of_week_operator.py
[2022-07-24 23:30:18,099] {logging_mixin.py:115} INFO - [2022-07-24 23:30:18,098] {dag.py:2420} INFO - Sync 1 DAGs
[2022-07-24 23:30:18,123] {logging_mixin.py:115} INFO - [2022-07-24 23:30:18,123] {dag.py:2972} INFO - Setting next_dagrun for example_weekday_branch_operator to 2022-07-23T00:00:00+00:00, run_after=2022-07-24T00:00:00+00:00
[2022-07-24 23:30:18,139] {processor.py:161} INFO - Processing /Users/pro/Documents/a_env/proj_data/lib/python3.7/site-packages/airflow/example_dags/example_branch_day_of_week_operator.py took 0.090 seconds
[2022-07-24 23:30:52,023] {processor.py:153} INFO - Started process (PID=14993) to work on /Users/pro/Documents/a_env/proj_data/lib/python3.7/site-packages/airflow/example_dags/example_branch_day_of_week_operator.py
[2022-07-24 23:30:52,023] {processor.py:641} INFO - Processing file /Users/pro/Documents/a_env/proj_data/lib/python3.7/site-packages/airflow/example_dags/example_branch_day_of_week_operator.py for tasks to queue
[2022-07-24 23:30:52,025] {logging_mixin.py:115} INFO - [2022-07-24 23:30:52,024] {dagbag.py:508} INFO - Filling up the DagBag from /Users/pro/Documents/a_env/proj_data/lib/python3.7/site-packages/airflow/example_dags/example_branch_day_of_week_operator.py
[2022-07-24 23:30:52,037] {processor.py:651} INFO - DAG(s) dict_keys(['example_weekday_branch_operator']) retrieved from /Users/pro/Documents/a_env/proj_data/lib/python3.7/site-packages/airflow/example_dags/example_branch_day_of_week_operator.py
[2022-07-24 23:30:52,059] {logging_mixin.py:115} INFO - [2022-07-24 23:30:52,058] {dag.py:2420} INFO - Sync 1 DAGs
[2022-07-24 23:30:52,084] {logging_mixin.py:115} INFO - [2022-07-24 23:30:52,084] {dag.py:2972} INFO - Setting next_dagrun for example_weekday_branch_operator to 2022-07-23T00:00:00+00:00, run_after=2022-07-24T00:00:00+00:00
[2022-07-24 23:30:52,098] {processor.py:161} INFO - Processing /Users/pro/Documents/a_env/proj_data/lib/python3.7/site-packages/airflow/example_dags/example_branch_day_of_week_operator.py took 0.081 seconds
[2022-07-24 23:31:25,537] {processor.py:153} INFO - Started process (PID=15028) to work on /Users/pro/Documents/a_env/proj_data/lib/python3.7/site-packages/airflow/example_dags/example_branch_day_of_week_operator.py
[2022-07-24 23:31:25,540] {processor.py:641} INFO - Processing file /Users/pro/Documents/a_env/proj_data/lib/python3.7/site-packages/airflow/example_dags/example_branch_day_of_week_operator.py for tasks to queue
[2022-07-24 23:31:25,542] {logging_mixin.py:115} INFO - [2022-07-24 23:31:25,541] {dagbag.py:508} INFO - Filling up the DagBag from /Users/pro/Documents/a_env/proj_data/lib/python3.7/site-packages/airflow/example_dags/example_branch_day_of_week_operator.py
[2022-07-24 23:31:25,561] {processor.py:651} INFO - DAG(s) dict_keys(['example_weekday_branch_operator']) retrieved from /Users/pro/Documents/a_env/proj_data/lib/python3.7/site-packages/airflow/example_dags/example_branch_day_of_week_operator.py
[2022-07-24 23:31:25,583] {logging_mixin.py:115} INFO - [2022-07-24 23:31:25,582] {dag.py:2420} INFO - Sync 1 DAGs
[2022-07-24 23:31:25,607] {logging_mixin.py:115} INFO - [2022-07-24 23:31:25,607] {dag.py:2972} INFO - Setting next_dagrun for example_weekday_branch_operator to 2022-07-23T00:00:00+00:00, run_after=2022-07-24T00:00:00+00:00
[2022-07-24 23:31:25,622] {processor.py:161} INFO - Processing /Users/pro/Documents/a_env/proj_data/lib/python3.7/site-packages/airflow/example_dags/example_branch_day_of_week_operator.py took 0.091 seconds
[2022-07-24 23:32:00,619] {processor.py:153} INFO - Started process (PID=15134) to work on /Users/pro/Documents/a_env/proj_data/lib/python3.7/site-packages/airflow/example_dags/example_branch_day_of_week_operator.py
[2022-07-24 23:32:00,621] {processor.py:641} INFO - Processing file /Users/pro/Documents/a_env/proj_data/lib/python3.7/site-packages/airflow/example_dags/example_branch_day_of_week_operator.py for tasks to queue
[2022-07-24 23:32:00,623] {logging_mixin.py:115} INFO - [2022-07-24 23:32:00,622] {dagbag.py:508} INFO - Filling up the DagBag from /Users/pro/Documents/a_env/proj_data/lib/python3.7/site-packages/airflow/example_dags/example_branch_day_of_week_operator.py
[2022-07-24 23:32:00,638] {processor.py:651} INFO - DAG(s) dict_keys(['example_weekday_branch_operator']) retrieved from /Users/pro/Documents/a_env/proj_data/lib/python3.7/site-packages/airflow/example_dags/example_branch_day_of_week_operator.py
[2022-07-24 23:32:00,661] {logging_mixin.py:115} INFO - [2022-07-24 23:32:00,660] {dag.py:2420} INFO - Sync 1 DAGs
[2022-07-24 23:32:00,685] {logging_mixin.py:115} INFO - [2022-07-24 23:32:00,684] {dag.py:2972} INFO - Setting next_dagrun for example_weekday_branch_operator to 2022-07-23T00:00:00+00:00, run_after=2022-07-24T00:00:00+00:00
[2022-07-24 23:32:00,698] {processor.py:161} INFO - Processing /Users/pro/Documents/a_env/proj_data/lib/python3.7/site-packages/airflow/example_dags/example_branch_day_of_week_operator.py took 0.084 seconds
[2022-07-24 23:32:35,476] {processor.py:153} INFO - Started process (PID=15197) to work on /Users/pro/Documents/a_env/proj_data/lib/python3.7/site-packages/airflow/example_dags/example_branch_day_of_week_operator.py
[2022-07-24 23:32:35,478] {processor.py:641} INFO - Processing file /Users/pro/Documents/a_env/proj_data/lib/python3.7/site-packages/airflow/example_dags/example_branch_day_of_week_operator.py for tasks to queue
[2022-07-24 23:32:35,479] {logging_mixin.py:115} INFO - [2022-07-24 23:32:35,479] {dagbag.py:508} INFO - Filling up the DagBag from /Users/pro/Documents/a_env/proj_data/lib/python3.7/site-packages/airflow/example_dags/example_branch_day_of_week_operator.py
[2022-07-24 23:32:35,495] {processor.py:651} INFO - DAG(s) dict_keys(['example_weekday_branch_operator']) retrieved from /Users/pro/Documents/a_env/proj_data/lib/python3.7/site-packages/airflow/example_dags/example_branch_day_of_week_operator.py
[2022-07-24 23:32:35,516] {logging_mixin.py:115} INFO - [2022-07-24 23:32:35,516] {dag.py:2420} INFO - Sync 1 DAGs
[2022-07-24 23:32:35,540] {logging_mixin.py:115} INFO - [2022-07-24 23:32:35,539] {dag.py:2972} INFO - Setting next_dagrun for example_weekday_branch_operator to 2022-07-23T00:00:00+00:00, run_after=2022-07-24T00:00:00+00:00
[2022-07-24 23:32:35,554] {processor.py:161} INFO - Processing /Users/pro/Documents/a_env/proj_data/lib/python3.7/site-packages/airflow/example_dags/example_branch_day_of_week_operator.py took 0.084 seconds
[2022-07-24 23:33:10,622] {processor.py:153} INFO - Started process (PID=15300) to work on /Users/pro/Documents/a_env/proj_data/lib/python3.7/site-packages/airflow/example_dags/example_branch_day_of_week_operator.py
[2022-07-24 23:33:10,623] {processor.py:641} INFO - Processing file /Users/pro/Documents/a_env/proj_data/lib/python3.7/site-packages/airflow/example_dags/example_branch_day_of_week_operator.py for tasks to queue
[2022-07-24 23:33:10,624] {logging_mixin.py:115} INFO - [2022-07-24 23:33:10,624] {dagbag.py:508} INFO - Filling up the DagBag from /Users/pro/Documents/a_env/proj_data/lib/python3.7/site-packages/airflow/example_dags/example_branch_day_of_week_operator.py
[2022-07-24 23:33:10,637] {processor.py:651} INFO - DAG(s) dict_keys(['example_weekday_branch_operator']) retrieved from /Users/pro/Documents/a_env/proj_data/lib/python3.7/site-packages/airflow/example_dags/example_branch_day_of_week_operator.py
[2022-07-24 23:33:10,659] {logging_mixin.py:115} INFO - [2022-07-24 23:33:10,659] {dag.py:2420} INFO - Sync 1 DAGs
[2022-07-24 23:33:10,682] {logging_mixin.py:115} INFO - [2022-07-24 23:33:10,682] {dag.py:2972} INFO - Setting next_dagrun for example_weekday_branch_operator to 2022-07-23T00:00:00+00:00, run_after=2022-07-24T00:00:00+00:00
[2022-07-24 23:33:10,696] {processor.py:161} INFO - Processing /Users/pro/Documents/a_env/proj_data/lib/python3.7/site-packages/airflow/example_dags/example_branch_day_of_week_operator.py took 0.078 seconds
[2022-07-24 23:33:45,042] {processor.py:153} INFO - Started process (PID=15385) to work on /Users/pro/Documents/a_env/proj_data/lib/python3.7/site-packages/airflow/example_dags/example_branch_day_of_week_operator.py
[2022-07-24 23:33:45,043] {processor.py:641} INFO - Processing file /Users/pro/Documents/a_env/proj_data/lib/python3.7/site-packages/airflow/example_dags/example_branch_day_of_week_operator.py for tasks to queue
[2022-07-24 23:33:45,044] {logging_mixin.py:115} INFO - [2022-07-24 23:33:45,044] {dagbag.py:508} INFO - Filling up the DagBag from /Users/pro/Documents/a_env/proj_data/lib/python3.7/site-packages/airflow/example_dags/example_branch_day_of_week_operator.py
[2022-07-24 23:33:45,059] {processor.py:651} INFO - DAG(s) dict_keys(['example_weekday_branch_operator']) retrieved from /Users/pro/Documents/a_env/proj_data/lib/python3.7/site-packages/airflow/example_dags/example_branch_day_of_week_operator.py
[2022-07-24 23:33:45,080] {logging_mixin.py:115} INFO - [2022-07-24 23:33:45,079] {dag.py:2420} INFO - Sync 1 DAGs
[2022-07-24 23:33:45,104] {logging_mixin.py:115} INFO - [2022-07-24 23:33:45,104] {dag.py:2972} INFO - Setting next_dagrun for example_weekday_branch_operator to 2022-07-23T00:00:00+00:00, run_after=2022-07-24T00:00:00+00:00
[2022-07-24 23:33:45,117] {processor.py:161} INFO - Processing /Users/pro/Documents/a_env/proj_data/lib/python3.7/site-packages/airflow/example_dags/example_branch_day_of_week_operator.py took 0.081 seconds
[2022-07-24 23:34:19,407] {processor.py:153} INFO - Started process (PID=15482) to work on /Users/pro/Documents/a_env/proj_data/lib/python3.7/site-packages/airflow/example_dags/example_branch_day_of_week_operator.py
[2022-07-24 23:34:19,409] {processor.py:641} INFO - Processing file /Users/pro/Documents/a_env/proj_data/lib/python3.7/site-packages/airflow/example_dags/example_branch_day_of_week_operator.py for tasks to queue
[2022-07-24 23:34:19,411] {logging_mixin.py:115} INFO - [2022-07-24 23:34:19,411] {dagbag.py:508} INFO - Filling up the DagBag from /Users/pro/Documents/a_env/proj_data/lib/python3.7/site-packages/airflow/example_dags/example_branch_day_of_week_operator.py
[2022-07-24 23:34:19,427] {processor.py:651} INFO - DAG(s) dict_keys(['example_weekday_branch_operator']) retrieved from /Users/pro/Documents/a_env/proj_data/lib/python3.7/site-packages/airflow/example_dags/example_branch_day_of_week_operator.py
[2022-07-24 23:34:19,448] {logging_mixin.py:115} INFO - [2022-07-24 23:34:19,447] {dag.py:2420} INFO - Sync 1 DAGs
[2022-07-24 23:34:19,473] {logging_mixin.py:115} INFO - [2022-07-24 23:34:19,473] {dag.py:2972} INFO - Setting next_dagrun for example_weekday_branch_operator to 2022-07-23T00:00:00+00:00, run_after=2022-07-24T00:00:00+00:00
[2022-07-24 23:34:19,487] {processor.py:161} INFO - Processing /Users/pro/Documents/a_env/proj_data/lib/python3.7/site-packages/airflow/example_dags/example_branch_day_of_week_operator.py took 0.086 seconds
