[2022-07-24 23:12:25,753] {processor.py:153} INFO - Started process (PID=12412) to work on /Users/pro/Documents/a_env/proj_data/lib/python3.7/site-packages/airflow/example_dags/example_latest_only_with_trigger.py
[2022-07-24 23:12:25,754] {processor.py:641} INFO - Processing file /Users/pro/Documents/a_env/proj_data/lib/python3.7/site-packages/airflow/example_dags/example_latest_only_with_trigger.py for tasks to queue
[2022-07-24 23:12:25,755] {logging_mixin.py:115} INFO - [2022-07-24 23:12:25,755] {dagbag.py:508} INFO - Filling up the DagBag from /Users/pro/Documents/a_env/proj_data/lib/python3.7/site-packages/airflow/example_dags/example_latest_only_with_trigger.py
[2022-07-24 23:12:25,766] {processor.py:651} INFO - DAG(s) dict_keys(['latest_only_with_trigger']) retrieved from /Users/pro/Documents/a_env/proj_data/lib/python3.7/site-packages/airflow/example_dags/example_latest_only_with_trigger.py
[2022-07-24 23:12:25,843] {logging_mixin.py:115} INFO - [2022-07-24 23:12:25,843] {manager.py:508} INFO - Created Permission View: can edit on DAG:latest_only_with_trigger
[2022-07-24 23:12:25,853] {logging_mixin.py:115} INFO - [2022-07-24 23:12:25,852] {manager.py:508} INFO - Created Permission View: can delete on DAG:latest_only_with_trigger
[2022-07-24 23:12:25,860] {logging_mixin.py:115} INFO - [2022-07-24 23:12:25,859] {manager.py:508} INFO - Created Permission View: can read on DAG:latest_only_with_trigger
[2022-07-24 23:12:25,860] {logging_mixin.py:115} INFO - [2022-07-24 23:12:25,860] {dag.py:2420} INFO - Sync 1 DAGs
[2022-07-24 23:12:25,869] {logging_mixin.py:115} INFO - [2022-07-24 23:12:25,869] {dag.py:2439} INFO - Creating ORM DAG for latest_only_with_trigger
[2022-07-24 23:12:25,881] {logging_mixin.py:115} INFO - [2022-07-24 23:12:25,881] {dag.py:2972} INFO - Setting next_dagrun for latest_only_with_trigger to 2022-07-24T11:12:25.880815+00:00, run_after=2022-07-24T15:12:25.880815+00:00
[2022-07-24 23:12:25,895] {processor.py:161} INFO - Processing /Users/pro/Documents/a_env/proj_data/lib/python3.7/site-packages/airflow/example_dags/example_latest_only_with_trigger.py took 0.145 seconds
[2022-07-24 23:12:59,319] {processor.py:153} INFO - Started process (PID=12451) to work on /Users/pro/Documents/a_env/proj_data/lib/python3.7/site-packages/airflow/example_dags/example_latest_only_with_trigger.py
[2022-07-24 23:12:59,319] {processor.py:641} INFO - Processing file /Users/pro/Documents/a_env/proj_data/lib/python3.7/site-packages/airflow/example_dags/example_latest_only_with_trigger.py for tasks to queue
[2022-07-24 23:12:59,320] {logging_mixin.py:115} INFO - [2022-07-24 23:12:59,320] {dagbag.py:508} INFO - Filling up the DagBag from /Users/pro/Documents/a_env/proj_data/lib/python3.7/site-packages/airflow/example_dags/example_latest_only_with_trigger.py
[2022-07-24 23:12:59,329] {processor.py:651} INFO - DAG(s) dict_keys(['latest_only_with_trigger']) retrieved from /Users/pro/Documents/a_env/proj_data/lib/python3.7/site-packages/airflow/example_dags/example_latest_only_with_trigger.py
[2022-07-24 23:12:59,354] {logging_mixin.py:115} INFO - [2022-07-24 23:12:59,354] {dag.py:2420} INFO - Sync 1 DAGs
[2022-07-24 23:12:59,376] {logging_mixin.py:115} INFO - [2022-07-24 23:12:59,376] {dag.py:2972} INFO - Setting next_dagrun for latest_only_with_trigger to 2022-07-24T11:12:59.375881+00:00, run_after=2022-07-24T15:12:59.375881+00:00
[2022-07-24 23:12:59,390] {processor.py:161} INFO - Processing /Users/pro/Documents/a_env/proj_data/lib/python3.7/site-packages/airflow/example_dags/example_latest_only_with_trigger.py took 0.076 seconds
[2022-07-24 23:13:33,714] {processor.py:153} INFO - Started process (PID=12488) to work on /Users/pro/Documents/a_env/proj_data/lib/python3.7/site-packages/airflow/example_dags/example_latest_only_with_trigger.py
[2022-07-24 23:13:33,715] {processor.py:641} INFO - Processing file /Users/pro/Documents/a_env/proj_data/lib/python3.7/site-packages/airflow/example_dags/example_latest_only_with_trigger.py for tasks to queue
[2022-07-24 23:13:33,716] {logging_mixin.py:115} INFO - [2022-07-24 23:13:33,716] {dagbag.py:508} INFO - Filling up the DagBag from /Users/pro/Documents/a_env/proj_data/lib/python3.7/site-packages/airflow/example_dags/example_latest_only_with_trigger.py
[2022-07-24 23:13:33,725] {processor.py:651} INFO - DAG(s) dict_keys(['latest_only_with_trigger']) retrieved from /Users/pro/Documents/a_env/proj_data/lib/python3.7/site-packages/airflow/example_dags/example_latest_only_with_trigger.py
[2022-07-24 23:13:33,750] {logging_mixin.py:115} INFO - [2022-07-24 23:13:33,750] {dag.py:2420} INFO - Sync 1 DAGs
[2022-07-24 23:13:33,772] {logging_mixin.py:115} INFO - [2022-07-24 23:13:33,772] {dag.py:2972} INFO - Setting next_dagrun for latest_only_with_trigger to 2022-07-24T11:13:33.771898+00:00, run_after=2022-07-24T15:13:33.771898+00:00
[2022-07-24 23:13:33,787] {processor.py:161} INFO - Processing /Users/pro/Documents/a_env/proj_data/lib/python3.7/site-packages/airflow/example_dags/example_latest_only_with_trigger.py took 0.077 seconds
[2022-07-24 23:14:07,464] {processor.py:153} INFO - Started process (PID=12524) to work on /Users/pro/Documents/a_env/proj_data/lib/python3.7/site-packages/airflow/example_dags/example_latest_only_with_trigger.py
[2022-07-24 23:14:07,466] {processor.py:641} INFO - Processing file /Users/pro/Documents/a_env/proj_data/lib/python3.7/site-packages/airflow/example_dags/example_latest_only_with_trigger.py for tasks to queue
[2022-07-24 23:14:07,467] {logging_mixin.py:115} INFO - [2022-07-24 23:14:07,467] {dagbag.py:508} INFO - Filling up the DagBag from /Users/pro/Documents/a_env/proj_data/lib/python3.7/site-packages/airflow/example_dags/example_latest_only_with_trigger.py
[2022-07-24 23:14:07,479] {processor.py:651} INFO - DAG(s) dict_keys(['latest_only_with_trigger']) retrieved from /Users/pro/Documents/a_env/proj_data/lib/python3.7/site-packages/airflow/example_dags/example_latest_only_with_trigger.py
[2022-07-24 23:14:07,508] {logging_mixin.py:115} INFO - [2022-07-24 23:14:07,508] {dag.py:2420} INFO - Sync 1 DAGs
[2022-07-24 23:14:07,534] {logging_mixin.py:115} INFO - [2022-07-24 23:14:07,534] {dag.py:2972} INFO - Setting next_dagrun for latest_only_with_trigger to 2022-07-24T11:14:07.534008+00:00, run_after=2022-07-24T15:14:07.534008+00:00
[2022-07-24 23:14:07,549] {processor.py:161} INFO - Processing /Users/pro/Documents/a_env/proj_data/lib/python3.7/site-packages/airflow/example_dags/example_latest_only_with_trigger.py took 0.091 seconds
[2022-07-24 23:14:43,410] {processor.py:153} INFO - Started process (PID=12560) to work on /Users/pro/Documents/a_env/proj_data/lib/python3.7/site-packages/airflow/example_dags/example_latest_only_with_trigger.py
[2022-07-24 23:14:43,413] {processor.py:641} INFO - Processing file /Users/pro/Documents/a_env/proj_data/lib/python3.7/site-packages/airflow/example_dags/example_latest_only_with_trigger.py for tasks to queue
[2022-07-24 23:14:43,414] {logging_mixin.py:115} INFO - [2022-07-24 23:14:43,414] {dagbag.py:508} INFO - Filling up the DagBag from /Users/pro/Documents/a_env/proj_data/lib/python3.7/site-packages/airflow/example_dags/example_latest_only_with_trigger.py
[2022-07-24 23:14:43,425] {processor.py:651} INFO - DAG(s) dict_keys(['latest_only_with_trigger']) retrieved from /Users/pro/Documents/a_env/proj_data/lib/python3.7/site-packages/airflow/example_dags/example_latest_only_with_trigger.py
[2022-07-24 23:14:43,452] {logging_mixin.py:115} INFO - [2022-07-24 23:14:43,452] {dag.py:2420} INFO - Sync 1 DAGs
[2022-07-24 23:14:43,478] {logging_mixin.py:115} INFO - [2022-07-24 23:14:43,477] {dag.py:2972} INFO - Setting next_dagrun for latest_only_with_trigger to 2022-07-24T11:14:43.477101+00:00, run_after=2022-07-24T15:14:43.477101+00:00
[2022-07-24 23:14:43,496] {processor.py:161} INFO - Processing /Users/pro/Documents/a_env/proj_data/lib/python3.7/site-packages/airflow/example_dags/example_latest_only_with_trigger.py took 0.091 seconds
[2022-07-24 23:15:18,465] {processor.py:153} INFO - Started process (PID=12637) to work on /Users/pro/Documents/a_env/proj_data/lib/python3.7/site-packages/airflow/example_dags/example_latest_only_with_trigger.py
[2022-07-24 23:15:18,467] {processor.py:641} INFO - Processing file /Users/pro/Documents/a_env/proj_data/lib/python3.7/site-packages/airflow/example_dags/example_latest_only_with_trigger.py for tasks to queue
[2022-07-24 23:15:18,468] {logging_mixin.py:115} INFO - [2022-07-24 23:15:18,468] {dagbag.py:508} INFO - Filling up the DagBag from /Users/pro/Documents/a_env/proj_data/lib/python3.7/site-packages/airflow/example_dags/example_latest_only_with_trigger.py
[2022-07-24 23:15:18,477] {processor.py:651} INFO - DAG(s) dict_keys(['latest_only_with_trigger']) retrieved from /Users/pro/Documents/a_env/proj_data/lib/python3.7/site-packages/airflow/example_dags/example_latest_only_with_trigger.py
[2022-07-24 23:15:18,504] {logging_mixin.py:115} INFO - [2022-07-24 23:15:18,504] {dag.py:2420} INFO - Sync 1 DAGs
[2022-07-24 23:15:18,532] {logging_mixin.py:115} INFO - [2022-07-24 23:15:18,532] {dag.py:2972} INFO - Setting next_dagrun for latest_only_with_trigger to 2022-07-24T11:15:18.531968+00:00, run_after=2022-07-24T15:15:18.531968+00:00
[2022-07-24 23:15:18,546] {processor.py:161} INFO - Processing /Users/pro/Documents/a_env/proj_data/lib/python3.7/site-packages/airflow/example_dags/example_latest_only_with_trigger.py took 0.085 seconds
[2022-07-24 23:15:53,778] {processor.py:153} INFO - Started process (PID=12763) to work on /Users/pro/Documents/a_env/proj_data/lib/python3.7/site-packages/airflow/example_dags/example_latest_only_with_trigger.py
[2022-07-24 23:15:53,780] {processor.py:641} INFO - Processing file /Users/pro/Documents/a_env/proj_data/lib/python3.7/site-packages/airflow/example_dags/example_latest_only_with_trigger.py for tasks to queue
[2022-07-24 23:15:53,781] {logging_mixin.py:115} INFO - [2022-07-24 23:15:53,781] {dagbag.py:508} INFO - Filling up the DagBag from /Users/pro/Documents/a_env/proj_data/lib/python3.7/site-packages/airflow/example_dags/example_latest_only_with_trigger.py
[2022-07-24 23:15:53,791] {processor.py:651} INFO - DAG(s) dict_keys(['latest_only_with_trigger']) retrieved from /Users/pro/Documents/a_env/proj_data/lib/python3.7/site-packages/airflow/example_dags/example_latest_only_with_trigger.py
[2022-07-24 23:15:53,814] {logging_mixin.py:115} INFO - [2022-07-24 23:15:53,814] {dag.py:2420} INFO - Sync 1 DAGs
[2022-07-24 23:15:53,836] {logging_mixin.py:115} INFO - [2022-07-24 23:15:53,835] {dag.py:2972} INFO - Setting next_dagrun for latest_only_with_trigger to 2022-07-24T11:15:53.835668+00:00, run_after=2022-07-24T15:15:53.835668+00:00
[2022-07-24 23:15:53,849] {processor.py:161} INFO - Processing /Users/pro/Documents/a_env/proj_data/lib/python3.7/site-packages/airflow/example_dags/example_latest_only_with_trigger.py took 0.075 seconds
[2022-07-24 23:16:27,178] {processor.py:153} INFO - Started process (PID=12861) to work on /Users/pro/Documents/a_env/proj_data/lib/python3.7/site-packages/airflow/example_dags/example_latest_only_with_trigger.py
[2022-07-24 23:16:27,178] {processor.py:641} INFO - Processing file /Users/pro/Documents/a_env/proj_data/lib/python3.7/site-packages/airflow/example_dags/example_latest_only_with_trigger.py for tasks to queue
[2022-07-24 23:16:27,180] {logging_mixin.py:115} INFO - [2022-07-24 23:16:27,179] {dagbag.py:508} INFO - Filling up the DagBag from /Users/pro/Documents/a_env/proj_data/lib/python3.7/site-packages/airflow/example_dags/example_latest_only_with_trigger.py
[2022-07-24 23:16:27,187] {processor.py:651} INFO - DAG(s) dict_keys(['latest_only_with_trigger']) retrieved from /Users/pro/Documents/a_env/proj_data/lib/python3.7/site-packages/airflow/example_dags/example_latest_only_with_trigger.py
[2022-07-24 23:16:27,211] {logging_mixin.py:115} INFO - [2022-07-24 23:16:27,211] {dag.py:2420} INFO - Sync 1 DAGs
[2022-07-24 23:16:27,232] {logging_mixin.py:115} INFO - [2022-07-24 23:16:27,232] {dag.py:2972} INFO - Setting next_dagrun for latest_only_with_trigger to 2022-07-24T11:16:27.231897+00:00, run_after=2022-07-24T15:16:27.231897+00:00
[2022-07-24 23:16:27,245] {processor.py:161} INFO - Processing /Users/pro/Documents/a_env/proj_data/lib/python3.7/site-packages/airflow/example_dags/example_latest_only_with_trigger.py took 0.071 seconds
[2022-07-24 23:17:00,738] {processor.py:153} INFO - Started process (PID=12958) to work on /Users/pro/Documents/a_env/proj_data/lib/python3.7/site-packages/airflow/example_dags/example_latest_only_with_trigger.py
[2022-07-24 23:17:00,740] {processor.py:641} INFO - Processing file /Users/pro/Documents/a_env/proj_data/lib/python3.7/site-packages/airflow/example_dags/example_latest_only_with_trigger.py for tasks to queue
[2022-07-24 23:17:00,741] {logging_mixin.py:115} INFO - [2022-07-24 23:17:00,740] {dagbag.py:508} INFO - Filling up the DagBag from /Users/pro/Documents/a_env/proj_data/lib/python3.7/site-packages/airflow/example_dags/example_latest_only_with_trigger.py
[2022-07-24 23:17:00,750] {processor.py:651} INFO - DAG(s) dict_keys(['latest_only_with_trigger']) retrieved from /Users/pro/Documents/a_env/proj_data/lib/python3.7/site-packages/airflow/example_dags/example_latest_only_with_trigger.py
[2022-07-24 23:17:00,774] {logging_mixin.py:115} INFO - [2022-07-24 23:17:00,774] {dag.py:2420} INFO - Sync 1 DAGs
[2022-07-24 23:17:00,797] {logging_mixin.py:115} INFO - [2022-07-24 23:17:00,797] {dag.py:2972} INFO - Setting next_dagrun for latest_only_with_trigger to 2022-07-24T11:17:00.796922+00:00, run_after=2022-07-24T15:17:00.796922+00:00
[2022-07-24 23:17:00,810] {processor.py:161} INFO - Processing /Users/pro/Documents/a_env/proj_data/lib/python3.7/site-packages/airflow/example_dags/example_latest_only_with_trigger.py took 0.076 seconds
[2022-07-24 23:17:35,959] {processor.py:153} INFO - Started process (PID=13038) to work on /Users/pro/Documents/a_env/proj_data/lib/python3.7/site-packages/airflow/example_dags/example_latest_only_with_trigger.py
[2022-07-24 23:17:35,961] {processor.py:641} INFO - Processing file /Users/pro/Documents/a_env/proj_data/lib/python3.7/site-packages/airflow/example_dags/example_latest_only_with_trigger.py for tasks to queue
[2022-07-24 23:17:35,962] {logging_mixin.py:115} INFO - [2022-07-24 23:17:35,961] {dagbag.py:508} INFO - Filling up the DagBag from /Users/pro/Documents/a_env/proj_data/lib/python3.7/site-packages/airflow/example_dags/example_latest_only_with_trigger.py
[2022-07-24 23:17:35,970] {processor.py:651} INFO - DAG(s) dict_keys(['latest_only_with_trigger']) retrieved from /Users/pro/Documents/a_env/proj_data/lib/python3.7/site-packages/airflow/example_dags/example_latest_only_with_trigger.py
[2022-07-24 23:17:35,989] {logging_mixin.py:115} INFO - [2022-07-24 23:17:35,989] {dag.py:2420} INFO - Sync 1 DAGs
[2022-07-24 23:17:36,011] {logging_mixin.py:115} INFO - [2022-07-24 23:17:36,011] {dag.py:2972} INFO - Setting next_dagrun for latest_only_with_trigger to 2022-07-24T11:17:36.010856+00:00, run_after=2022-07-24T15:17:36.010856+00:00
[2022-07-24 23:17:36,024] {processor.py:161} INFO - Processing /Users/pro/Documents/a_env/proj_data/lib/python3.7/site-packages/airflow/example_dags/example_latest_only_with_trigger.py took 0.069 seconds
[2022-07-24 23:18:08,709] {processor.py:153} INFO - Started process (PID=13141) to work on /Users/pro/Documents/a_env/proj_data/lib/python3.7/site-packages/airflow/example_dags/example_latest_only_with_trigger.py
[2022-07-24 23:18:08,711] {processor.py:641} INFO - Processing file /Users/pro/Documents/a_env/proj_data/lib/python3.7/site-packages/airflow/example_dags/example_latest_only_with_trigger.py for tasks to queue
[2022-07-24 23:18:08,712] {logging_mixin.py:115} INFO - [2022-07-24 23:18:08,712] {dagbag.py:508} INFO - Filling up the DagBag from /Users/pro/Documents/a_env/proj_data/lib/python3.7/site-packages/airflow/example_dags/example_latest_only_with_trigger.py
[2022-07-24 23:18:08,724] {processor.py:651} INFO - DAG(s) dict_keys(['latest_only_with_trigger']) retrieved from /Users/pro/Documents/a_env/proj_data/lib/python3.7/site-packages/airflow/example_dags/example_latest_only_with_trigger.py
[2022-07-24 23:18:08,749] {logging_mixin.py:115} INFO - [2022-07-24 23:18:08,749] {dag.py:2420} INFO - Sync 1 DAGs
[2022-07-24 23:18:08,774] {logging_mixin.py:115} INFO - [2022-07-24 23:18:08,773] {dag.py:2972} INFO - Setting next_dagrun for latest_only_with_trigger to 2022-07-24T11:18:08.773507+00:00, run_after=2022-07-24T15:18:08.773507+00:00
[2022-07-24 23:18:08,789] {processor.py:161} INFO - Processing /Users/pro/Documents/a_env/proj_data/lib/python3.7/site-packages/airflow/example_dags/example_latest_only_with_trigger.py took 0.085 seconds
[2022-07-24 23:18:43,358] {processor.py:153} INFO - Started process (PID=13238) to work on /Users/pro/Documents/a_env/proj_data/lib/python3.7/site-packages/airflow/example_dags/example_latest_only_with_trigger.py
[2022-07-24 23:18:43,360] {processor.py:641} INFO - Processing file /Users/pro/Documents/a_env/proj_data/lib/python3.7/site-packages/airflow/example_dags/example_latest_only_with_trigger.py for tasks to queue
[2022-07-24 23:18:43,361] {logging_mixin.py:115} INFO - [2022-07-24 23:18:43,361] {dagbag.py:508} INFO - Filling up the DagBag from /Users/pro/Documents/a_env/proj_data/lib/python3.7/site-packages/airflow/example_dags/example_latest_only_with_trigger.py
[2022-07-24 23:18:43,372] {processor.py:651} INFO - DAG(s) dict_keys(['latest_only_with_trigger']) retrieved from /Users/pro/Documents/a_env/proj_data/lib/python3.7/site-packages/airflow/example_dags/example_latest_only_with_trigger.py
[2022-07-24 23:18:43,395] {logging_mixin.py:115} INFO - [2022-07-24 23:18:43,395] {dag.py:2420} INFO - Sync 1 DAGs
[2022-07-24 23:18:43,450] {logging_mixin.py:115} INFO - [2022-07-24 23:18:43,447] {dag.py:2972} INFO - Setting next_dagrun for latest_only_with_trigger to 2022-07-24T11:18:43.446893+00:00, run_after=2022-07-24T15:18:43.446893+00:00
[2022-07-24 23:18:43,470] {processor.py:161} INFO - Processing /Users/pro/Documents/a_env/proj_data/lib/python3.7/site-packages/airflow/example_dags/example_latest_only_with_trigger.py took 0.116 seconds
[2022-07-24 23:19:15,651] {processor.py:153} INFO - Started process (PID=13334) to work on /Users/pro/Documents/a_env/proj_data/lib/python3.7/site-packages/airflow/example_dags/example_latest_only_with_trigger.py
[2022-07-24 23:19:15,652] {processor.py:641} INFO - Processing file /Users/pro/Documents/a_env/proj_data/lib/python3.7/site-packages/airflow/example_dags/example_latest_only_with_trigger.py for tasks to queue
[2022-07-24 23:19:15,653] {logging_mixin.py:115} INFO - [2022-07-24 23:19:15,652] {dagbag.py:508} INFO - Filling up the DagBag from /Users/pro/Documents/a_env/proj_data/lib/python3.7/site-packages/airflow/example_dags/example_latest_only_with_trigger.py
[2022-07-24 23:19:15,661] {processor.py:651} INFO - DAG(s) dict_keys(['latest_only_with_trigger']) retrieved from /Users/pro/Documents/a_env/proj_data/lib/python3.7/site-packages/airflow/example_dags/example_latest_only_with_trigger.py
[2022-07-24 23:19:15,680] {logging_mixin.py:115} INFO - [2022-07-24 23:19:15,680] {dag.py:2420} INFO - Sync 1 DAGs
[2022-07-24 23:19:15,703] {logging_mixin.py:115} INFO - [2022-07-24 23:19:15,702] {dag.py:2972} INFO - Setting next_dagrun for latest_only_with_trigger to 2022-07-24T11:19:15.702273+00:00, run_after=2022-07-24T15:19:15.702273+00:00
[2022-07-24 23:19:15,717] {processor.py:161} INFO - Processing /Users/pro/Documents/a_env/proj_data/lib/python3.7/site-packages/airflow/example_dags/example_latest_only_with_trigger.py took 0.071 seconds
[2022-07-24 23:19:49,144] {processor.py:153} INFO - Started process (PID=13401) to work on /Users/pro/Documents/a_env/proj_data/lib/python3.7/site-packages/airflow/example_dags/example_latest_only_with_trigger.py
[2022-07-24 23:19:49,145] {processor.py:641} INFO - Processing file /Users/pro/Documents/a_env/proj_data/lib/python3.7/site-packages/airflow/example_dags/example_latest_only_with_trigger.py for tasks to queue
[2022-07-24 23:19:49,147] {logging_mixin.py:115} INFO - [2022-07-24 23:19:49,146] {dagbag.py:508} INFO - Filling up the DagBag from /Users/pro/Documents/a_env/proj_data/lib/python3.7/site-packages/airflow/example_dags/example_latest_only_with_trigger.py
[2022-07-24 23:19:49,156] {processor.py:651} INFO - DAG(s) dict_keys(['latest_only_with_trigger']) retrieved from /Users/pro/Documents/a_env/proj_data/lib/python3.7/site-packages/airflow/example_dags/example_latest_only_with_trigger.py
[2022-07-24 23:19:49,178] {logging_mixin.py:115} INFO - [2022-07-24 23:19:49,178] {dag.py:2420} INFO - Sync 1 DAGs
[2022-07-24 23:19:49,203] {logging_mixin.py:115} INFO - [2022-07-24 23:19:49,203] {dag.py:2972} INFO - Setting next_dagrun for latest_only_with_trigger to 2022-07-24T11:19:49.202804+00:00, run_after=2022-07-24T15:19:49.202804+00:00
[2022-07-24 23:19:49,216] {processor.py:161} INFO - Processing /Users/pro/Documents/a_env/proj_data/lib/python3.7/site-packages/airflow/example_dags/example_latest_only_with_trigger.py took 0.077 seconds
[2022-07-24 23:20:23,228] {processor.py:153} INFO - Started process (PID=13492) to work on /Users/pro/Documents/a_env/proj_data/lib/python3.7/site-packages/airflow/example_dags/example_latest_only_with_trigger.py
[2022-07-24 23:20:23,230] {processor.py:641} INFO - Processing file /Users/pro/Documents/a_env/proj_data/lib/python3.7/site-packages/airflow/example_dags/example_latest_only_with_trigger.py for tasks to queue
[2022-07-24 23:20:23,231] {logging_mixin.py:115} INFO - [2022-07-24 23:20:23,230] {dagbag.py:508} INFO - Filling up the DagBag from /Users/pro/Documents/a_env/proj_data/lib/python3.7/site-packages/airflow/example_dags/example_latest_only_with_trigger.py
[2022-07-24 23:20:23,240] {processor.py:651} INFO - DAG(s) dict_keys(['latest_only_with_trigger']) retrieved from /Users/pro/Documents/a_env/proj_data/lib/python3.7/site-packages/airflow/example_dags/example_latest_only_with_trigger.py
[2022-07-24 23:20:23,260] {logging_mixin.py:115} INFO - [2022-07-24 23:20:23,260] {dag.py:2420} INFO - Sync 1 DAGs
[2022-07-24 23:20:23,282] {logging_mixin.py:115} INFO - [2022-07-24 23:20:23,282] {dag.py:2972} INFO - Setting next_dagrun for latest_only_with_trigger to 2022-07-24T11:20:23.281804+00:00, run_after=2022-07-24T15:20:23.281804+00:00
[2022-07-24 23:20:23,296] {processor.py:161} INFO - Processing /Users/pro/Documents/a_env/proj_data/lib/python3.7/site-packages/airflow/example_dags/example_latest_only_with_trigger.py took 0.072 seconds
[2022-07-24 23:20:59,167] {processor.py:153} INFO - Started process (PID=13773) to work on /Users/pro/Documents/a_env/proj_data/lib/python3.7/site-packages/airflow/example_dags/example_latest_only_with_trigger.py
[2022-07-24 23:20:59,169] {processor.py:641} INFO - Processing file /Users/pro/Documents/a_env/proj_data/lib/python3.7/site-packages/airflow/example_dags/example_latest_only_with_trigger.py for tasks to queue
[2022-07-24 23:20:59,170] {logging_mixin.py:115} INFO - [2022-07-24 23:20:59,170] {dagbag.py:508} INFO - Filling up the DagBag from /Users/pro/Documents/a_env/proj_data/lib/python3.7/site-packages/airflow/example_dags/example_latest_only_with_trigger.py
[2022-07-24 23:20:59,182] {processor.py:651} INFO - DAG(s) dict_keys(['latest_only_with_trigger']) retrieved from /Users/pro/Documents/a_env/proj_data/lib/python3.7/site-packages/airflow/example_dags/example_latest_only_with_trigger.py
[2022-07-24 23:20:59,202] {logging_mixin.py:115} INFO - [2022-07-24 23:20:59,201] {dag.py:2420} INFO - Sync 1 DAGs
[2022-07-24 23:20:59,227] {logging_mixin.py:115} INFO - [2022-07-24 23:20:59,226] {dag.py:2972} INFO - Setting next_dagrun for latest_only_with_trigger to 2022-07-24T11:20:59.226643+00:00, run_after=2022-07-24T15:20:59.226643+00:00
[2022-07-24 23:20:59,242] {processor.py:161} INFO - Processing /Users/pro/Documents/a_env/proj_data/lib/python3.7/site-packages/airflow/example_dags/example_latest_only_with_trigger.py took 0.079 seconds
[2022-07-24 23:21:33,218] {processor.py:153} INFO - Started process (PID=13871) to work on /Users/pro/Documents/a_env/proj_data/lib/python3.7/site-packages/airflow/example_dags/example_latest_only_with_trigger.py
[2022-07-24 23:21:33,219] {processor.py:641} INFO - Processing file /Users/pro/Documents/a_env/proj_data/lib/python3.7/site-packages/airflow/example_dags/example_latest_only_with_trigger.py for tasks to queue
[2022-07-24 23:21:33,221] {logging_mixin.py:115} INFO - [2022-07-24 23:21:33,220] {dagbag.py:508} INFO - Filling up the DagBag from /Users/pro/Documents/a_env/proj_data/lib/python3.7/site-packages/airflow/example_dags/example_latest_only_with_trigger.py
[2022-07-24 23:21:33,233] {processor.py:651} INFO - DAG(s) dict_keys(['latest_only_with_trigger']) retrieved from /Users/pro/Documents/a_env/proj_data/lib/python3.7/site-packages/airflow/example_dags/example_latest_only_with_trigger.py
[2022-07-24 23:21:33,256] {logging_mixin.py:115} INFO - [2022-07-24 23:21:33,255] {dag.py:2420} INFO - Sync 1 DAGs
[2022-07-24 23:21:33,279] {logging_mixin.py:115} INFO - [2022-07-24 23:21:33,279] {dag.py:2972} INFO - Setting next_dagrun for latest_only_with_trigger to 2022-07-24T11:21:33.279114+00:00, run_after=2022-07-24T15:21:33.279114+00:00
[2022-07-24 23:21:33,293] {processor.py:161} INFO - Processing /Users/pro/Documents/a_env/proj_data/lib/python3.7/site-packages/airflow/example_dags/example_latest_only_with_trigger.py took 0.081 seconds
[2022-07-24 23:22:05,684] {processor.py:153} INFO - Started process (PID=13953) to work on /Users/pro/Documents/a_env/proj_data/lib/python3.7/site-packages/airflow/example_dags/example_latest_only_with_trigger.py
[2022-07-24 23:22:05,686] {processor.py:641} INFO - Processing file /Users/pro/Documents/a_env/proj_data/lib/python3.7/site-packages/airflow/example_dags/example_latest_only_with_trigger.py for tasks to queue
[2022-07-24 23:22:05,687] {logging_mixin.py:115} INFO - [2022-07-24 23:22:05,687] {dagbag.py:508} INFO - Filling up the DagBag from /Users/pro/Documents/a_env/proj_data/lib/python3.7/site-packages/airflow/example_dags/example_latest_only_with_trigger.py
[2022-07-24 23:22:05,697] {processor.py:651} INFO - DAG(s) dict_keys(['latest_only_with_trigger']) retrieved from /Users/pro/Documents/a_env/proj_data/lib/python3.7/site-packages/airflow/example_dags/example_latest_only_with_trigger.py
[2022-07-24 23:22:05,719] {logging_mixin.py:115} INFO - [2022-07-24 23:22:05,719] {dag.py:2420} INFO - Sync 1 DAGs
[2022-07-24 23:22:05,743] {logging_mixin.py:115} INFO - [2022-07-24 23:22:05,742] {dag.py:2972} INFO - Setting next_dagrun for latest_only_with_trigger to 2022-07-24T11:22:05.742422+00:00, run_after=2022-07-24T15:22:05.742422+00:00
[2022-07-24 23:22:05,756] {processor.py:161} INFO - Processing /Users/pro/Documents/a_env/proj_data/lib/python3.7/site-packages/airflow/example_dags/example_latest_only_with_trigger.py took 0.077 seconds
[2022-07-24 23:22:39,448] {processor.py:153} INFO - Started process (PID=14057) to work on /Users/pro/Documents/a_env/proj_data/lib/python3.7/site-packages/airflow/example_dags/example_latest_only_with_trigger.py
[2022-07-24 23:22:39,449] {processor.py:641} INFO - Processing file /Users/pro/Documents/a_env/proj_data/lib/python3.7/site-packages/airflow/example_dags/example_latest_only_with_trigger.py for tasks to queue
[2022-07-24 23:22:39,450] {logging_mixin.py:115} INFO - [2022-07-24 23:22:39,449] {dagbag.py:508} INFO - Filling up the DagBag from /Users/pro/Documents/a_env/proj_data/lib/python3.7/site-packages/airflow/example_dags/example_latest_only_with_trigger.py
[2022-07-24 23:22:39,459] {processor.py:651} INFO - DAG(s) dict_keys(['latest_only_with_trigger']) retrieved from /Users/pro/Documents/a_env/proj_data/lib/python3.7/site-packages/airflow/example_dags/example_latest_only_with_trigger.py
[2022-07-24 23:22:39,481] {logging_mixin.py:115} INFO - [2022-07-24 23:22:39,481] {dag.py:2420} INFO - Sync 1 DAGs
[2022-07-24 23:22:39,504] {logging_mixin.py:115} INFO - [2022-07-24 23:22:39,504] {dag.py:2972} INFO - Setting next_dagrun for latest_only_with_trigger to 2022-07-24T11:22:39.504074+00:00, run_after=2022-07-24T15:22:39.504074+00:00
[2022-07-24 23:22:39,519] {processor.py:161} INFO - Processing /Users/pro/Documents/a_env/proj_data/lib/python3.7/site-packages/airflow/example_dags/example_latest_only_with_trigger.py took 0.076 seconds
[2022-07-24 23:23:13,215] {processor.py:153} INFO - Started process (PID=14181) to work on /Users/pro/Documents/a_env/proj_data/lib/python3.7/site-packages/airflow/example_dags/example_latest_only_with_trigger.py
[2022-07-24 23:23:13,217] {processor.py:641} INFO - Processing file /Users/pro/Documents/a_env/proj_data/lib/python3.7/site-packages/airflow/example_dags/example_latest_only_with_trigger.py for tasks to queue
[2022-07-24 23:23:13,219] {logging_mixin.py:115} INFO - [2022-07-24 23:23:13,218] {dagbag.py:508} INFO - Filling up the DagBag from /Users/pro/Documents/a_env/proj_data/lib/python3.7/site-packages/airflow/example_dags/example_latest_only_with_trigger.py
[2022-07-24 23:23:13,232] {processor.py:651} INFO - DAG(s) dict_keys(['latest_only_with_trigger']) retrieved from /Users/pro/Documents/a_env/proj_data/lib/python3.7/site-packages/airflow/example_dags/example_latest_only_with_trigger.py
[2022-07-24 23:23:13,253] {logging_mixin.py:115} INFO - [2022-07-24 23:23:13,253] {dag.py:2420} INFO - Sync 1 DAGs
[2022-07-24 23:23:13,276] {logging_mixin.py:115} INFO - [2022-07-24 23:23:13,276] {dag.py:2972} INFO - Setting next_dagrun for latest_only_with_trigger to 2022-07-24T11:23:13.276134+00:00, run_after=2022-07-24T15:23:13.276134+00:00
[2022-07-24 23:23:13,291] {processor.py:161} INFO - Processing /Users/pro/Documents/a_env/proj_data/lib/python3.7/site-packages/airflow/example_dags/example_latest_only_with_trigger.py took 0.082 seconds
[2022-07-24 23:23:48,022] {processor.py:153} INFO - Started process (PID=14237) to work on /Users/pro/Documents/a_env/proj_data/lib/python3.7/site-packages/airflow/example_dags/example_latest_only_with_trigger.py
[2022-07-24 23:23:48,024] {processor.py:641} INFO - Processing file /Users/pro/Documents/a_env/proj_data/lib/python3.7/site-packages/airflow/example_dags/example_latest_only_with_trigger.py for tasks to queue
[2022-07-24 23:23:48,025] {logging_mixin.py:115} INFO - [2022-07-24 23:23:48,025] {dagbag.py:508} INFO - Filling up the DagBag from /Users/pro/Documents/a_env/proj_data/lib/python3.7/site-packages/airflow/example_dags/example_latest_only_with_trigger.py
[2022-07-24 23:23:48,037] {processor.py:651} INFO - DAG(s) dict_keys(['latest_only_with_trigger']) retrieved from /Users/pro/Documents/a_env/proj_data/lib/python3.7/site-packages/airflow/example_dags/example_latest_only_with_trigger.py
[2022-07-24 23:23:48,059] {logging_mixin.py:115} INFO - [2022-07-24 23:23:48,059] {dag.py:2420} INFO - Sync 1 DAGs
[2022-07-24 23:23:48,084] {logging_mixin.py:115} INFO - [2022-07-24 23:23:48,084] {dag.py:2972} INFO - Setting next_dagrun for latest_only_with_trigger to 2022-07-24T11:23:48.083959+00:00, run_after=2022-07-24T15:23:48.083959+00:00
[2022-07-24 23:23:48,100] {processor.py:161} INFO - Processing /Users/pro/Documents/a_env/proj_data/lib/python3.7/site-packages/airflow/example_dags/example_latest_only_with_trigger.py took 0.090 seconds
[2022-07-24 23:24:22,202] {processor.py:153} INFO - Started process (PID=14360) to work on /Users/pro/Documents/a_env/proj_data/lib/python3.7/site-packages/airflow/example_dags/example_latest_only_with_trigger.py
[2022-07-24 23:24:22,203] {processor.py:641} INFO - Processing file /Users/pro/Documents/a_env/proj_data/lib/python3.7/site-packages/airflow/example_dags/example_latest_only_with_trigger.py for tasks to queue
[2022-07-24 23:24:22,204] {logging_mixin.py:115} INFO - [2022-07-24 23:24:22,203] {dagbag.py:508} INFO - Filling up the DagBag from /Users/pro/Documents/a_env/proj_data/lib/python3.7/site-packages/airflow/example_dags/example_latest_only_with_trigger.py
[2022-07-24 23:24:22,214] {processor.py:651} INFO - DAG(s) dict_keys(['latest_only_with_trigger']) retrieved from /Users/pro/Documents/a_env/proj_data/lib/python3.7/site-packages/airflow/example_dags/example_latest_only_with_trigger.py
[2022-07-24 23:24:22,236] {logging_mixin.py:115} INFO - [2022-07-24 23:24:22,236] {dag.py:2420} INFO - Sync 1 DAGs
[2022-07-24 23:24:22,262] {logging_mixin.py:115} INFO - [2022-07-24 23:24:22,261] {dag.py:2972} INFO - Setting next_dagrun for latest_only_with_trigger to 2022-07-24T11:24:22.261100+00:00, run_after=2022-07-24T15:24:22.261100+00:00
[2022-07-24 23:24:22,278] {processor.py:161} INFO - Processing /Users/pro/Documents/a_env/proj_data/lib/python3.7/site-packages/airflow/example_dags/example_latest_only_with_trigger.py took 0.081 seconds
[2022-07-24 23:24:56,534] {processor.py:153} INFO - Started process (PID=14415) to work on /Users/pro/Documents/a_env/proj_data/lib/python3.7/site-packages/airflow/example_dags/example_latest_only_with_trigger.py
[2022-07-24 23:24:56,536] {processor.py:641} INFO - Processing file /Users/pro/Documents/a_env/proj_data/lib/python3.7/site-packages/airflow/example_dags/example_latest_only_with_trigger.py for tasks to queue
[2022-07-24 23:24:56,537] {logging_mixin.py:115} INFO - [2022-07-24 23:24:56,537] {dagbag.py:508} INFO - Filling up the DagBag from /Users/pro/Documents/a_env/proj_data/lib/python3.7/site-packages/airflow/example_dags/example_latest_only_with_trigger.py
[2022-07-24 23:24:56,552] {processor.py:651} INFO - DAG(s) dict_keys(['latest_only_with_trigger']) retrieved from /Users/pro/Documents/a_env/proj_data/lib/python3.7/site-packages/airflow/example_dags/example_latest_only_with_trigger.py
[2022-07-24 23:24:56,576] {logging_mixin.py:115} INFO - [2022-07-24 23:24:56,576] {dag.py:2420} INFO - Sync 1 DAGs
[2022-07-24 23:24:56,601] {logging_mixin.py:115} INFO - [2022-07-24 23:24:56,601] {dag.py:2972} INFO - Setting next_dagrun for latest_only_with_trigger to 2022-07-24T11:24:56.601349+00:00, run_after=2022-07-24T15:24:56.601349+00:00
[2022-07-24 23:24:56,618] {processor.py:161} INFO - Processing /Users/pro/Documents/a_env/proj_data/lib/python3.7/site-packages/airflow/example_dags/example_latest_only_with_trigger.py took 0.090 seconds
[2022-07-24 23:25:33,444] {processor.py:153} INFO - Started process (PID=14465) to work on /Users/pro/Documents/a_env/proj_data/lib/python3.7/site-packages/airflow/example_dags/example_latest_only_with_trigger.py
[2022-07-24 23:25:33,446] {processor.py:641} INFO - Processing file /Users/pro/Documents/a_env/proj_data/lib/python3.7/site-packages/airflow/example_dags/example_latest_only_with_trigger.py for tasks to queue
[2022-07-24 23:25:33,447] {logging_mixin.py:115} INFO - [2022-07-24 23:25:33,447] {dagbag.py:508} INFO - Filling up the DagBag from /Users/pro/Documents/a_env/proj_data/lib/python3.7/site-packages/airflow/example_dags/example_latest_only_with_trigger.py
[2022-07-24 23:25:33,458] {processor.py:651} INFO - DAG(s) dict_keys(['latest_only_with_trigger']) retrieved from /Users/pro/Documents/a_env/proj_data/lib/python3.7/site-packages/airflow/example_dags/example_latest_only_with_trigger.py
[2022-07-24 23:25:33,480] {logging_mixin.py:115} INFO - [2022-07-24 23:25:33,480] {dag.py:2420} INFO - Sync 1 DAGs
[2022-07-24 23:25:33,505] {logging_mixin.py:115} INFO - [2022-07-24 23:25:33,504] {dag.py:2972} INFO - Setting next_dagrun for latest_only_with_trigger to 2022-07-24T11:25:33.504456+00:00, run_after=2022-07-24T15:25:33.504456+00:00
[2022-07-24 23:25:33,519] {processor.py:161} INFO - Processing /Users/pro/Documents/a_env/proj_data/lib/python3.7/site-packages/airflow/example_dags/example_latest_only_with_trigger.py took 0.080 seconds
[2022-07-24 23:26:08,663] {processor.py:153} INFO - Started process (PID=14503) to work on /Users/pro/Documents/a_env/proj_data/lib/python3.7/site-packages/airflow/example_dags/example_latest_only_with_trigger.py
[2022-07-24 23:26:08,664] {processor.py:641} INFO - Processing file /Users/pro/Documents/a_env/proj_data/lib/python3.7/site-packages/airflow/example_dags/example_latest_only_with_trigger.py for tasks to queue
[2022-07-24 23:26:08,666] {logging_mixin.py:115} INFO - [2022-07-24 23:26:08,666] {dagbag.py:508} INFO - Filling up the DagBag from /Users/pro/Documents/a_env/proj_data/lib/python3.7/site-packages/airflow/example_dags/example_latest_only_with_trigger.py
[2022-07-24 23:26:08,678] {processor.py:651} INFO - DAG(s) dict_keys(['latest_only_with_trigger']) retrieved from /Users/pro/Documents/a_env/proj_data/lib/python3.7/site-packages/airflow/example_dags/example_latest_only_with_trigger.py
[2022-07-24 23:26:08,700] {logging_mixin.py:115} INFO - [2022-07-24 23:26:08,700] {dag.py:2420} INFO - Sync 1 DAGs
[2022-07-24 23:26:08,724] {logging_mixin.py:115} INFO - [2022-07-24 23:26:08,724] {dag.py:2972} INFO - Setting next_dagrun for latest_only_with_trigger to 2022-07-24T11:26:08.723759+00:00, run_after=2022-07-24T15:26:08.723759+00:00
[2022-07-24 23:26:08,740] {processor.py:161} INFO - Processing /Users/pro/Documents/a_env/proj_data/lib/python3.7/site-packages/airflow/example_dags/example_latest_only_with_trigger.py took 0.083 seconds
[2022-07-24 23:26:44,559] {processor.py:153} INFO - Started process (PID=14558) to work on /Users/pro/Documents/a_env/proj_data/lib/python3.7/site-packages/airflow/example_dags/example_latest_only_with_trigger.py
[2022-07-24 23:26:44,561] {processor.py:641} INFO - Processing file /Users/pro/Documents/a_env/proj_data/lib/python3.7/site-packages/airflow/example_dags/example_latest_only_with_trigger.py for tasks to queue
[2022-07-24 23:26:44,563] {logging_mixin.py:115} INFO - [2022-07-24 23:26:44,562] {dagbag.py:508} INFO - Filling up the DagBag from /Users/pro/Documents/a_env/proj_data/lib/python3.7/site-packages/airflow/example_dags/example_latest_only_with_trigger.py
[2022-07-24 23:26:44,575] {processor.py:651} INFO - DAG(s) dict_keys(['latest_only_with_trigger']) retrieved from /Users/pro/Documents/a_env/proj_data/lib/python3.7/site-packages/airflow/example_dags/example_latest_only_with_trigger.py
[2022-07-24 23:26:44,600] {logging_mixin.py:115} INFO - [2022-07-24 23:26:44,599] {dag.py:2420} INFO - Sync 1 DAGs
[2022-07-24 23:26:44,627] {logging_mixin.py:115} INFO - [2022-07-24 23:26:44,627] {dag.py:2972} INFO - Setting next_dagrun for latest_only_with_trigger to 2022-07-24T11:26:44.626690+00:00, run_after=2022-07-24T15:26:44.626690+00:00
[2022-07-24 23:26:44,641] {processor.py:161} INFO - Processing /Users/pro/Documents/a_env/proj_data/lib/python3.7/site-packages/airflow/example_dags/example_latest_only_with_trigger.py took 0.087 seconds
[2022-07-24 23:27:17,432] {processor.py:153} INFO - Started process (PID=14658) to work on /Users/pro/Documents/a_env/proj_data/lib/python3.7/site-packages/airflow/example_dags/example_latest_only_with_trigger.py
[2022-07-24 23:27:17,434] {processor.py:641} INFO - Processing file /Users/pro/Documents/a_env/proj_data/lib/python3.7/site-packages/airflow/example_dags/example_latest_only_with_trigger.py for tasks to queue
[2022-07-24 23:27:17,436] {logging_mixin.py:115} INFO - [2022-07-24 23:27:17,435] {dagbag.py:508} INFO - Filling up the DagBag from /Users/pro/Documents/a_env/proj_data/lib/python3.7/site-packages/airflow/example_dags/example_latest_only_with_trigger.py
[2022-07-24 23:27:17,448] {processor.py:651} INFO - DAG(s) dict_keys(['latest_only_with_trigger']) retrieved from /Users/pro/Documents/a_env/proj_data/lib/python3.7/site-packages/airflow/example_dags/example_latest_only_with_trigger.py
[2022-07-24 23:27:17,472] {logging_mixin.py:115} INFO - [2022-07-24 23:27:17,471] {dag.py:2420} INFO - Sync 1 DAGs
[2022-07-24 23:27:17,496] {logging_mixin.py:115} INFO - [2022-07-24 23:27:17,495] {dag.py:2972} INFO - Setting next_dagrun for latest_only_with_trigger to 2022-07-24T11:27:17.495309+00:00, run_after=2022-07-24T15:27:17.495309+00:00
[2022-07-24 23:27:17,509] {processor.py:161} INFO - Processing /Users/pro/Documents/a_env/proj_data/lib/python3.7/site-packages/airflow/example_dags/example_latest_only_with_trigger.py took 0.082 seconds
[2022-07-24 23:27:52,658] {processor.py:153} INFO - Started process (PID=14725) to work on /Users/pro/Documents/a_env/proj_data/lib/python3.7/site-packages/airflow/example_dags/example_latest_only_with_trigger.py
[2022-07-24 23:27:52,660] {processor.py:641} INFO - Processing file /Users/pro/Documents/a_env/proj_data/lib/python3.7/site-packages/airflow/example_dags/example_latest_only_with_trigger.py for tasks to queue
[2022-07-24 23:27:52,661] {logging_mixin.py:115} INFO - [2022-07-24 23:27:52,661] {dagbag.py:508} INFO - Filling up the DagBag from /Users/pro/Documents/a_env/proj_data/lib/python3.7/site-packages/airflow/example_dags/example_latest_only_with_trigger.py
[2022-07-24 23:27:52,671] {processor.py:651} INFO - DAG(s) dict_keys(['latest_only_with_trigger']) retrieved from /Users/pro/Documents/a_env/proj_data/lib/python3.7/site-packages/airflow/example_dags/example_latest_only_with_trigger.py
[2022-07-24 23:27:52,693] {logging_mixin.py:115} INFO - [2022-07-24 23:27:52,693] {dag.py:2420} INFO - Sync 1 DAGs
[2022-07-24 23:27:52,716] {logging_mixin.py:115} INFO - [2022-07-24 23:27:52,715] {dag.py:2972} INFO - Setting next_dagrun for latest_only_with_trigger to 2022-07-24T11:27:52.715440+00:00, run_after=2022-07-24T15:27:52.715440+00:00
[2022-07-24 23:27:52,729] {processor.py:161} INFO - Processing /Users/pro/Documents/a_env/proj_data/lib/python3.7/site-packages/airflow/example_dags/example_latest_only_with_trigger.py took 0.077 seconds
[2022-07-24 23:28:27,038] {processor.py:153} INFO - Started process (PID=14813) to work on /Users/pro/Documents/a_env/proj_data/lib/python3.7/site-packages/airflow/example_dags/example_latest_only_with_trigger.py
[2022-07-24 23:28:27,040] {processor.py:641} INFO - Processing file /Users/pro/Documents/a_env/proj_data/lib/python3.7/site-packages/airflow/example_dags/example_latest_only_with_trigger.py for tasks to queue
[2022-07-24 23:28:27,041] {logging_mixin.py:115} INFO - [2022-07-24 23:28:27,040] {dagbag.py:508} INFO - Filling up the DagBag from /Users/pro/Documents/a_env/proj_data/lib/python3.7/site-packages/airflow/example_dags/example_latest_only_with_trigger.py
[2022-07-24 23:28:27,052] {processor.py:651} INFO - DAG(s) dict_keys(['latest_only_with_trigger']) retrieved from /Users/pro/Documents/a_env/proj_data/lib/python3.7/site-packages/airflow/example_dags/example_latest_only_with_trigger.py
[2022-07-24 23:28:27,073] {logging_mixin.py:115} INFO - [2022-07-24 23:28:27,073] {dag.py:2420} INFO - Sync 1 DAGs
[2022-07-24 23:28:27,100] {logging_mixin.py:115} INFO - [2022-07-24 23:28:27,100] {dag.py:2972} INFO - Setting next_dagrun for latest_only_with_trigger to 2022-07-24T11:28:27.099947+00:00, run_after=2022-07-24T15:28:27.099947+00:00
[2022-07-24 23:28:27,116] {processor.py:161} INFO - Processing /Users/pro/Documents/a_env/proj_data/lib/python3.7/site-packages/airflow/example_dags/example_latest_only_with_trigger.py took 0.083 seconds
[2022-07-24 23:29:00,136] {processor.py:153} INFO - Started process (PID=14859) to work on /Users/pro/Documents/a_env/proj_data/lib/python3.7/site-packages/airflow/example_dags/example_latest_only_with_trigger.py
[2022-07-24 23:29:00,138] {processor.py:641} INFO - Processing file /Users/pro/Documents/a_env/proj_data/lib/python3.7/site-packages/airflow/example_dags/example_latest_only_with_trigger.py for tasks to queue
[2022-07-24 23:29:00,139] {logging_mixin.py:115} INFO - [2022-07-24 23:29:00,139] {dagbag.py:508} INFO - Filling up the DagBag from /Users/pro/Documents/a_env/proj_data/lib/python3.7/site-packages/airflow/example_dags/example_latest_only_with_trigger.py
[2022-07-24 23:29:00,150] {processor.py:651} INFO - DAG(s) dict_keys(['latest_only_with_trigger']) retrieved from /Users/pro/Documents/a_env/proj_data/lib/python3.7/site-packages/airflow/example_dags/example_latest_only_with_trigger.py
[2022-07-24 23:29:00,172] {logging_mixin.py:115} INFO - [2022-07-24 23:29:00,172] {dag.py:2420} INFO - Sync 1 DAGs
[2022-07-24 23:29:00,196] {logging_mixin.py:115} INFO - [2022-07-24 23:29:00,195] {dag.py:2972} INFO - Setting next_dagrun for latest_only_with_trigger to 2022-07-24T11:29:00.195654+00:00, run_after=2022-07-24T15:29:00.195654+00:00
[2022-07-24 23:29:00,270] {processor.py:161} INFO - Processing /Users/pro/Documents/a_env/proj_data/lib/python3.7/site-packages/airflow/example_dags/example_latest_only_with_trigger.py took 0.139 seconds
[2022-07-24 23:29:35,000] {processor.py:153} INFO - Started process (PID=14893) to work on /Users/pro/Documents/a_env/proj_data/lib/python3.7/site-packages/airflow/example_dags/example_latest_only_with_trigger.py
[2022-07-24 23:29:35,001] {processor.py:641} INFO - Processing file /Users/pro/Documents/a_env/proj_data/lib/python3.7/site-packages/airflow/example_dags/example_latest_only_with_trigger.py for tasks to queue
[2022-07-24 23:29:35,003] {logging_mixin.py:115} INFO - [2022-07-24 23:29:35,002] {dagbag.py:508} INFO - Filling up the DagBag from /Users/pro/Documents/a_env/proj_data/lib/python3.7/site-packages/airflow/example_dags/example_latest_only_with_trigger.py
[2022-07-24 23:29:35,013] {processor.py:651} INFO - DAG(s) dict_keys(['latest_only_with_trigger']) retrieved from /Users/pro/Documents/a_env/proj_data/lib/python3.7/site-packages/airflow/example_dags/example_latest_only_with_trigger.py
[2022-07-24 23:29:35,036] {logging_mixin.py:115} INFO - [2022-07-24 23:29:35,035] {dag.py:2420} INFO - Sync 1 DAGs
[2022-07-24 23:29:35,061] {logging_mixin.py:115} INFO - [2022-07-24 23:29:35,061] {dag.py:2972} INFO - Setting next_dagrun for latest_only_with_trigger to 2022-07-24T11:29:35.061133+00:00, run_after=2022-07-24T15:29:35.061133+00:00
[2022-07-24 23:29:35,076] {processor.py:161} INFO - Processing /Users/pro/Documents/a_env/proj_data/lib/python3.7/site-packages/airflow/example_dags/example_latest_only_with_trigger.py took 0.081 seconds
[2022-07-24 23:30:08,935] {processor.py:153} INFO - Started process (PID=14944) to work on /Users/pro/Documents/a_env/proj_data/lib/python3.7/site-packages/airflow/example_dags/example_latest_only_with_trigger.py
[2022-07-24 23:30:08,937] {processor.py:641} INFO - Processing file /Users/pro/Documents/a_env/proj_data/lib/python3.7/site-packages/airflow/example_dags/example_latest_only_with_trigger.py for tasks to queue
[2022-07-24 23:30:08,938] {logging_mixin.py:115} INFO - [2022-07-24 23:30:08,938] {dagbag.py:508} INFO - Filling up the DagBag from /Users/pro/Documents/a_env/proj_data/lib/python3.7/site-packages/airflow/example_dags/example_latest_only_with_trigger.py
[2022-07-24 23:30:08,950] {processor.py:651} INFO - DAG(s) dict_keys(['latest_only_with_trigger']) retrieved from /Users/pro/Documents/a_env/proj_data/lib/python3.7/site-packages/airflow/example_dags/example_latest_only_with_trigger.py
[2022-07-24 23:30:08,971] {logging_mixin.py:115} INFO - [2022-07-24 23:30:08,971] {dag.py:2420} INFO - Sync 1 DAGs
[2022-07-24 23:30:08,994] {logging_mixin.py:115} INFO - [2022-07-24 23:30:08,993] {dag.py:2972} INFO - Setting next_dagrun for latest_only_with_trigger to 2022-07-24T11:30:08.993518+00:00, run_after=2022-07-24T15:30:08.993518+00:00
[2022-07-24 23:30:09,008] {processor.py:161} INFO - Processing /Users/pro/Documents/a_env/proj_data/lib/python3.7/site-packages/airflow/example_dags/example_latest_only_with_trigger.py took 0.078 seconds
[2022-07-24 23:30:41,881] {processor.py:153} INFO - Started process (PID=14983) to work on /Users/pro/Documents/a_env/proj_data/lib/python3.7/site-packages/airflow/example_dags/example_latest_only_with_trigger.py
[2022-07-24 23:30:41,882] {processor.py:641} INFO - Processing file /Users/pro/Documents/a_env/proj_data/lib/python3.7/site-packages/airflow/example_dags/example_latest_only_with_trigger.py for tasks to queue
[2022-07-24 23:30:41,884] {logging_mixin.py:115} INFO - [2022-07-24 23:30:41,883] {dagbag.py:508} INFO - Filling up the DagBag from /Users/pro/Documents/a_env/proj_data/lib/python3.7/site-packages/airflow/example_dags/example_latest_only_with_trigger.py
[2022-07-24 23:30:41,894] {processor.py:651} INFO - DAG(s) dict_keys(['latest_only_with_trigger']) retrieved from /Users/pro/Documents/a_env/proj_data/lib/python3.7/site-packages/airflow/example_dags/example_latest_only_with_trigger.py
[2022-07-24 23:30:41,915] {logging_mixin.py:115} INFO - [2022-07-24 23:30:41,915] {dag.py:2420} INFO - Sync 1 DAGs
[2022-07-24 23:30:41,938] {logging_mixin.py:115} INFO - [2022-07-24 23:30:41,938] {dag.py:2972} INFO - Setting next_dagrun for latest_only_with_trigger to 2022-07-24T11:30:41.938221+00:00, run_after=2022-07-24T15:30:41.938221+00:00
[2022-07-24 23:30:41,952] {processor.py:161} INFO - Processing /Users/pro/Documents/a_env/proj_data/lib/python3.7/site-packages/airflow/example_dags/example_latest_only_with_trigger.py took 0.077 seconds
[2022-07-24 23:31:15,129] {processor.py:153} INFO - Started process (PID=15017) to work on /Users/pro/Documents/a_env/proj_data/lib/python3.7/site-packages/airflow/example_dags/example_latest_only_with_trigger.py
[2022-07-24 23:31:15,130] {processor.py:641} INFO - Processing file /Users/pro/Documents/a_env/proj_data/lib/python3.7/site-packages/airflow/example_dags/example_latest_only_with_trigger.py for tasks to queue
[2022-07-24 23:31:15,132] {logging_mixin.py:115} INFO - [2022-07-24 23:31:15,131] {dagbag.py:508} INFO - Filling up the DagBag from /Users/pro/Documents/a_env/proj_data/lib/python3.7/site-packages/airflow/example_dags/example_latest_only_with_trigger.py
[2022-07-24 23:31:15,141] {processor.py:651} INFO - DAG(s) dict_keys(['latest_only_with_trigger']) retrieved from /Users/pro/Documents/a_env/proj_data/lib/python3.7/site-packages/airflow/example_dags/example_latest_only_with_trigger.py
[2022-07-24 23:31:15,163] {logging_mixin.py:115} INFO - [2022-07-24 23:31:15,162] {dag.py:2420} INFO - Sync 1 DAGs
[2022-07-24 23:31:15,186] {logging_mixin.py:115} INFO - [2022-07-24 23:31:15,186] {dag.py:2972} INFO - Setting next_dagrun for latest_only_with_trigger to 2022-07-24T11:31:15.186126+00:00, run_after=2022-07-24T15:31:15.186126+00:00
[2022-07-24 23:31:15,201] {processor.py:161} INFO - Processing /Users/pro/Documents/a_env/proj_data/lib/python3.7/site-packages/airflow/example_dags/example_latest_only_with_trigger.py took 0.077 seconds
[2022-07-24 23:31:51,033] {processor.py:153} INFO - Started process (PID=15109) to work on /Users/pro/Documents/a_env/proj_data/lib/python3.7/site-packages/airflow/example_dags/example_latest_only_with_trigger.py
[2022-07-24 23:31:51,035] {processor.py:641} INFO - Processing file /Users/pro/Documents/a_env/proj_data/lib/python3.7/site-packages/airflow/example_dags/example_latest_only_with_trigger.py for tasks to queue
[2022-07-24 23:31:51,037] {logging_mixin.py:115} INFO - [2022-07-24 23:31:51,037] {dagbag.py:508} INFO - Filling up the DagBag from /Users/pro/Documents/a_env/proj_data/lib/python3.7/site-packages/airflow/example_dags/example_latest_only_with_trigger.py
[2022-07-24 23:31:51,049] {processor.py:651} INFO - DAG(s) dict_keys(['latest_only_with_trigger']) retrieved from /Users/pro/Documents/a_env/proj_data/lib/python3.7/site-packages/airflow/example_dags/example_latest_only_with_trigger.py
[2022-07-24 23:31:51,076] {logging_mixin.py:115} INFO - [2022-07-24 23:31:51,076] {dag.py:2420} INFO - Sync 1 DAGs
[2022-07-24 23:31:51,105] {logging_mixin.py:115} INFO - [2022-07-24 23:31:51,105] {dag.py:2972} INFO - Setting next_dagrun for latest_only_with_trigger to 2022-07-24T11:31:51.104765+00:00, run_after=2022-07-24T15:31:51.104765+00:00
[2022-07-24 23:31:51,122] {processor.py:161} INFO - Processing /Users/pro/Documents/a_env/proj_data/lib/python3.7/site-packages/airflow/example_dags/example_latest_only_with_trigger.py took 0.095 seconds
[2022-07-24 23:32:25,084] {processor.py:153} INFO - Started process (PID=15165) to work on /Users/pro/Documents/a_env/proj_data/lib/python3.7/site-packages/airflow/example_dags/example_latest_only_with_trigger.py
[2022-07-24 23:32:25,085] {processor.py:641} INFO - Processing file /Users/pro/Documents/a_env/proj_data/lib/python3.7/site-packages/airflow/example_dags/example_latest_only_with_trigger.py for tasks to queue
[2022-07-24 23:32:25,087] {logging_mixin.py:115} INFO - [2022-07-24 23:32:25,086] {dagbag.py:508} INFO - Filling up the DagBag from /Users/pro/Documents/a_env/proj_data/lib/python3.7/site-packages/airflow/example_dags/example_latest_only_with_trigger.py
[2022-07-24 23:32:25,097] {processor.py:651} INFO - DAG(s) dict_keys(['latest_only_with_trigger']) retrieved from /Users/pro/Documents/a_env/proj_data/lib/python3.7/site-packages/airflow/example_dags/example_latest_only_with_trigger.py
[2022-07-24 23:32:25,120] {logging_mixin.py:115} INFO - [2022-07-24 23:32:25,120] {dag.py:2420} INFO - Sync 1 DAGs
[2022-07-24 23:32:25,148] {logging_mixin.py:115} INFO - [2022-07-24 23:32:25,148] {dag.py:2972} INFO - Setting next_dagrun for latest_only_with_trigger to 2022-07-24T11:32:25.147718+00:00, run_after=2022-07-24T15:32:25.147718+00:00
[2022-07-24 23:32:25,166] {processor.py:161} INFO - Processing /Users/pro/Documents/a_env/proj_data/lib/python3.7/site-packages/airflow/example_dags/example_latest_only_with_trigger.py took 0.088 seconds
[2022-07-24 23:33:00,224] {processor.py:153} INFO - Started process (PID=15259) to work on /Users/pro/Documents/a_env/proj_data/lib/python3.7/site-packages/airflow/example_dags/example_latest_only_with_trigger.py
[2022-07-24 23:33:00,231] {processor.py:641} INFO - Processing file /Users/pro/Documents/a_env/proj_data/lib/python3.7/site-packages/airflow/example_dags/example_latest_only_with_trigger.py for tasks to queue
[2022-07-24 23:33:00,233] {logging_mixin.py:115} INFO - [2022-07-24 23:33:00,232] {dagbag.py:508} INFO - Filling up the DagBag from /Users/pro/Documents/a_env/proj_data/lib/python3.7/site-packages/airflow/example_dags/example_latest_only_with_trigger.py
[2022-07-24 23:33:00,244] {processor.py:651} INFO - DAG(s) dict_keys(['latest_only_with_trigger']) retrieved from /Users/pro/Documents/a_env/proj_data/lib/python3.7/site-packages/airflow/example_dags/example_latest_only_with_trigger.py
[2022-07-24 23:33:00,288] {logging_mixin.py:115} INFO - [2022-07-24 23:33:00,287] {dag.py:2420} INFO - Sync 1 DAGs
[2022-07-24 23:33:00,319] {logging_mixin.py:115} INFO - [2022-07-24 23:33:00,318] {dag.py:2972} INFO - Setting next_dagrun for latest_only_with_trigger to 2022-07-24T11:33:00.318439+00:00, run_after=2022-07-24T15:33:00.318439+00:00
[2022-07-24 23:33:00,332] {processor.py:161} INFO - Processing /Users/pro/Documents/a_env/proj_data/lib/python3.7/site-packages/airflow/example_dags/example_latest_only_with_trigger.py took 0.114 seconds
[2022-07-24 23:33:35,003] {processor.py:153} INFO - Started process (PID=15348) to work on /Users/pro/Documents/a_env/proj_data/lib/python3.7/site-packages/airflow/example_dags/example_latest_only_with_trigger.py
[2022-07-24 23:33:35,004] {processor.py:641} INFO - Processing file /Users/pro/Documents/a_env/proj_data/lib/python3.7/site-packages/airflow/example_dags/example_latest_only_with_trigger.py for tasks to queue
[2022-07-24 23:33:35,005] {logging_mixin.py:115} INFO - [2022-07-24 23:33:35,004] {dagbag.py:508} INFO - Filling up the DagBag from /Users/pro/Documents/a_env/proj_data/lib/python3.7/site-packages/airflow/example_dags/example_latest_only_with_trigger.py
[2022-07-24 23:33:35,015] {processor.py:651} INFO - DAG(s) dict_keys(['latest_only_with_trigger']) retrieved from /Users/pro/Documents/a_env/proj_data/lib/python3.7/site-packages/airflow/example_dags/example_latest_only_with_trigger.py
[2022-07-24 23:33:35,038] {logging_mixin.py:115} INFO - [2022-07-24 23:33:35,037] {dag.py:2420} INFO - Sync 1 DAGs
[2022-07-24 23:33:35,062] {logging_mixin.py:115} INFO - [2022-07-24 23:33:35,062] {dag.py:2972} INFO - Setting next_dagrun for latest_only_with_trigger to 2022-07-24T11:33:35.061784+00:00, run_after=2022-07-24T15:33:35.061784+00:00
[2022-07-24 23:33:35,077] {processor.py:161} INFO - Processing /Users/pro/Documents/a_env/proj_data/lib/python3.7/site-packages/airflow/example_dags/example_latest_only_with_trigger.py took 0.080 seconds
[2022-07-24 23:34:09,972] {processor.py:153} INFO - Started process (PID=15455) to work on /Users/pro/Documents/a_env/proj_data/lib/python3.7/site-packages/airflow/example_dags/example_latest_only_with_trigger.py
[2022-07-24 23:34:09,974] {processor.py:641} INFO - Processing file /Users/pro/Documents/a_env/proj_data/lib/python3.7/site-packages/airflow/example_dags/example_latest_only_with_trigger.py for tasks to queue
[2022-07-24 23:34:09,975] {logging_mixin.py:115} INFO - [2022-07-24 23:34:09,975] {dagbag.py:508} INFO - Filling up the DagBag from /Users/pro/Documents/a_env/proj_data/lib/python3.7/site-packages/airflow/example_dags/example_latest_only_with_trigger.py
[2022-07-24 23:34:09,988] {processor.py:651} INFO - DAG(s) dict_keys(['latest_only_with_trigger']) retrieved from /Users/pro/Documents/a_env/proj_data/lib/python3.7/site-packages/airflow/example_dags/example_latest_only_with_trigger.py
[2022-07-24 23:34:10,008] {logging_mixin.py:115} INFO - [2022-07-24 23:34:10,008] {dag.py:2420} INFO - Sync 1 DAGs
[2022-07-24 23:34:10,031] {logging_mixin.py:115} INFO - [2022-07-24 23:34:10,031] {dag.py:2972} INFO - Setting next_dagrun for latest_only_with_trigger to 2022-07-24T11:34:10.031158+00:00, run_after=2022-07-24T15:34:10.031158+00:00
[2022-07-24 23:34:10,045] {processor.py:161} INFO - Processing /Users/pro/Documents/a_env/proj_data/lib/python3.7/site-packages/airflow/example_dags/example_latest_only_with_trigger.py took 0.079 seconds
