[2022-07-24 23:12:12,593] {processor.py:153} INFO - Started process (PID=12399) to work on /Users/pro/Documents/a_env/proj_data/lib/python3.7/site-packages/airflow/example_dags/example_trigger_target_dag.py
[2022-07-24 23:12:12,594] {processor.py:641} INFO - Processing file /Users/pro/Documents/a_env/proj_data/lib/python3.7/site-packages/airflow/example_dags/example_trigger_target_dag.py for tasks to queue
[2022-07-24 23:12:12,596] {logging_mixin.py:115} INFO - [2022-07-24 23:12:12,595] {dagbag.py:508} INFO - Filling up the DagBag from /Users/pro/Documents/a_env/proj_data/lib/python3.7/site-packages/airflow/example_dags/example_trigger_target_dag.py
[2022-07-24 23:12:12,621] {processor.py:651} INFO - DAG(s) dict_keys(['example_trigger_target_dag']) retrieved from /Users/pro/Documents/a_env/proj_data/lib/python3.7/site-packages/airflow/example_dags/example_trigger_target_dag.py
[2022-07-24 23:12:12,695] {logging_mixin.py:115} INFO - [2022-07-24 23:12:12,694] {manager.py:508} INFO - Created Permission View: can edit on DAG:example_trigger_target_dag
[2022-07-24 23:12:12,704] {logging_mixin.py:115} INFO - [2022-07-24 23:12:12,703] {manager.py:508} INFO - Created Permission View: can delete on DAG:example_trigger_target_dag
[2022-07-24 23:12:12,710] {logging_mixin.py:115} INFO - [2022-07-24 23:12:12,710] {manager.py:508} INFO - Created Permission View: can read on DAG:example_trigger_target_dag
[2022-07-24 23:12:12,711] {logging_mixin.py:115} INFO - [2022-07-24 23:12:12,710] {dag.py:2420} INFO - Sync 1 DAGs
[2022-07-24 23:12:12,720] {logging_mixin.py:115} INFO - [2022-07-24 23:12:12,720] {dag.py:2439} INFO - Creating ORM DAG for example_trigger_target_dag
[2022-07-24 23:12:12,733] {logging_mixin.py:115} INFO - [2022-07-24 23:12:12,733] {dag.py:2972} INFO - Setting next_dagrun for example_trigger_target_dag to None, run_after=None
[2022-07-24 23:12:12,748] {processor.py:161} INFO - Processing /Users/pro/Documents/a_env/proj_data/lib/python3.7/site-packages/airflow/example_dags/example_trigger_target_dag.py took 0.159 seconds
[2022-07-24 23:12:47,882] {processor.py:153} INFO - Started process (PID=12438) to work on /Users/pro/Documents/a_env/proj_data/lib/python3.7/site-packages/airflow/example_dags/example_trigger_target_dag.py
[2022-07-24 23:12:47,884] {processor.py:641} INFO - Processing file /Users/pro/Documents/a_env/proj_data/lib/python3.7/site-packages/airflow/example_dags/example_trigger_target_dag.py for tasks to queue
[2022-07-24 23:12:47,886] {logging_mixin.py:115} INFO - [2022-07-24 23:12:47,885] {dagbag.py:508} INFO - Filling up the DagBag from /Users/pro/Documents/a_env/proj_data/lib/python3.7/site-packages/airflow/example_dags/example_trigger_target_dag.py
[2022-07-24 23:12:47,914] {processor.py:651} INFO - DAG(s) dict_keys(['example_trigger_target_dag']) retrieved from /Users/pro/Documents/a_env/proj_data/lib/python3.7/site-packages/airflow/example_dags/example_trigger_target_dag.py
[2022-07-24 23:12:47,935] {logging_mixin.py:115} INFO - [2022-07-24 23:12:47,935] {dag.py:2420} INFO - Sync 1 DAGs
[2022-07-24 23:12:47,959] {logging_mixin.py:115} INFO - [2022-07-24 23:12:47,958] {dag.py:2972} INFO - Setting next_dagrun for example_trigger_target_dag to None, run_after=None
[2022-07-24 23:12:47,997] {processor.py:161} INFO - Processing /Users/pro/Documents/a_env/proj_data/lib/python3.7/site-packages/airflow/example_dags/example_trigger_target_dag.py took 0.119 seconds
[2022-07-24 23:13:20,506] {processor.py:153} INFO - Started process (PID=12474) to work on /Users/pro/Documents/a_env/proj_data/lib/python3.7/site-packages/airflow/example_dags/example_trigger_target_dag.py
[2022-07-24 23:13:20,507] {processor.py:641} INFO - Processing file /Users/pro/Documents/a_env/proj_data/lib/python3.7/site-packages/airflow/example_dags/example_trigger_target_dag.py for tasks to queue
[2022-07-24 23:13:20,509] {logging_mixin.py:115} INFO - [2022-07-24 23:13:20,508] {dagbag.py:508} INFO - Filling up the DagBag from /Users/pro/Documents/a_env/proj_data/lib/python3.7/site-packages/airflow/example_dags/example_trigger_target_dag.py
[2022-07-24 23:13:20,545] {processor.py:651} INFO - DAG(s) dict_keys(['example_trigger_target_dag']) retrieved from /Users/pro/Documents/a_env/proj_data/lib/python3.7/site-packages/airflow/example_dags/example_trigger_target_dag.py
[2022-07-24 23:13:20,567] {logging_mixin.py:115} INFO - [2022-07-24 23:13:20,567] {dag.py:2420} INFO - Sync 1 DAGs
[2022-07-24 23:13:20,595] {logging_mixin.py:115} INFO - [2022-07-24 23:13:20,594] {dag.py:2972} INFO - Setting next_dagrun for example_trigger_target_dag to None, run_after=None
[2022-07-24 23:13:20,612] {processor.py:161} INFO - Processing /Users/pro/Documents/a_env/proj_data/lib/python3.7/site-packages/airflow/example_dags/example_trigger_target_dag.py took 0.114 seconds
[2022-07-24 23:13:54,151] {processor.py:153} INFO - Started process (PID=12511) to work on /Users/pro/Documents/a_env/proj_data/lib/python3.7/site-packages/airflow/example_dags/example_trigger_target_dag.py
[2022-07-24 23:13:54,152] {processor.py:641} INFO - Processing file /Users/pro/Documents/a_env/proj_data/lib/python3.7/site-packages/airflow/example_dags/example_trigger_target_dag.py for tasks to queue
[2022-07-24 23:13:54,153] {logging_mixin.py:115} INFO - [2022-07-24 23:13:54,153] {dagbag.py:508} INFO - Filling up the DagBag from /Users/pro/Documents/a_env/proj_data/lib/python3.7/site-packages/airflow/example_dags/example_trigger_target_dag.py
[2022-07-24 23:13:54,179] {processor.py:651} INFO - DAG(s) dict_keys(['example_trigger_target_dag']) retrieved from /Users/pro/Documents/a_env/proj_data/lib/python3.7/site-packages/airflow/example_dags/example_trigger_target_dag.py
[2022-07-24 23:13:54,199] {logging_mixin.py:115} INFO - [2022-07-24 23:13:54,199] {dag.py:2420} INFO - Sync 1 DAGs
[2022-07-24 23:13:54,222] {logging_mixin.py:115} INFO - [2022-07-24 23:13:54,222] {dag.py:2972} INFO - Setting next_dagrun for example_trigger_target_dag to None, run_after=None
[2022-07-24 23:13:54,235] {processor.py:161} INFO - Processing /Users/pro/Documents/a_env/proj_data/lib/python3.7/site-packages/airflow/example_dags/example_trigger_target_dag.py took 0.090 seconds
[2022-07-24 23:14:29,382] {processor.py:153} INFO - Started process (PID=12546) to work on /Users/pro/Documents/a_env/proj_data/lib/python3.7/site-packages/airflow/example_dags/example_trigger_target_dag.py
[2022-07-24 23:14:29,384] {processor.py:641} INFO - Processing file /Users/pro/Documents/a_env/proj_data/lib/python3.7/site-packages/airflow/example_dags/example_trigger_target_dag.py for tasks to queue
[2022-07-24 23:14:29,386] {logging_mixin.py:115} INFO - [2022-07-24 23:14:29,386] {dagbag.py:508} INFO - Filling up the DagBag from /Users/pro/Documents/a_env/proj_data/lib/python3.7/site-packages/airflow/example_dags/example_trigger_target_dag.py
[2022-07-24 23:14:29,416] {processor.py:651} INFO - DAG(s) dict_keys(['example_trigger_target_dag']) retrieved from /Users/pro/Documents/a_env/proj_data/lib/python3.7/site-packages/airflow/example_dags/example_trigger_target_dag.py
[2022-07-24 23:14:29,437] {logging_mixin.py:115} INFO - [2022-07-24 23:14:29,437] {dag.py:2420} INFO - Sync 1 DAGs
[2022-07-24 23:14:29,462] {logging_mixin.py:115} INFO - [2022-07-24 23:14:29,462] {dag.py:2972} INFO - Setting next_dagrun for example_trigger_target_dag to None, run_after=None
[2022-07-24 23:14:29,477] {processor.py:161} INFO - Processing /Users/pro/Documents/a_env/proj_data/lib/python3.7/site-packages/airflow/example_dags/example_trigger_target_dag.py took 0.100 seconds
[2022-07-24 23:15:04,599] {processor.py:153} INFO - Started process (PID=12582) to work on /Users/pro/Documents/a_env/proj_data/lib/python3.7/site-packages/airflow/example_dags/example_trigger_target_dag.py
[2022-07-24 23:15:04,601] {processor.py:641} INFO - Processing file /Users/pro/Documents/a_env/proj_data/lib/python3.7/site-packages/airflow/example_dags/example_trigger_target_dag.py for tasks to queue
[2022-07-24 23:15:04,603] {logging_mixin.py:115} INFO - [2022-07-24 23:15:04,602] {dagbag.py:508} INFO - Filling up the DagBag from /Users/pro/Documents/a_env/proj_data/lib/python3.7/site-packages/airflow/example_dags/example_trigger_target_dag.py
[2022-07-24 23:15:04,632] {processor.py:651} INFO - DAG(s) dict_keys(['example_trigger_target_dag']) retrieved from /Users/pro/Documents/a_env/proj_data/lib/python3.7/site-packages/airflow/example_dags/example_trigger_target_dag.py
[2022-07-24 23:15:04,652] {logging_mixin.py:115} INFO - [2022-07-24 23:15:04,652] {dag.py:2420} INFO - Sync 1 DAGs
[2022-07-24 23:15:04,675] {logging_mixin.py:115} INFO - [2022-07-24 23:15:04,675] {dag.py:2972} INFO - Setting next_dagrun for example_trigger_target_dag to None, run_after=None
[2022-07-24 23:15:04,689] {processor.py:161} INFO - Processing /Users/pro/Documents/a_env/proj_data/lib/python3.7/site-packages/airflow/example_dags/example_trigger_target_dag.py took 0.094 seconds
[2022-07-24 23:15:40,786] {processor.py:153} INFO - Started process (PID=12712) to work on /Users/pro/Documents/a_env/proj_data/lib/python3.7/site-packages/airflow/example_dags/example_trigger_target_dag.py
[2022-07-24 23:15:40,788] {processor.py:641} INFO - Processing file /Users/pro/Documents/a_env/proj_data/lib/python3.7/site-packages/airflow/example_dags/example_trigger_target_dag.py for tasks to queue
[2022-07-24 23:15:40,790] {logging_mixin.py:115} INFO - [2022-07-24 23:15:40,789] {dagbag.py:508} INFO - Filling up the DagBag from /Users/pro/Documents/a_env/proj_data/lib/python3.7/site-packages/airflow/example_dags/example_trigger_target_dag.py
[2022-07-24 23:15:40,817] {processor.py:651} INFO - DAG(s) dict_keys(['example_trigger_target_dag']) retrieved from /Users/pro/Documents/a_env/proj_data/lib/python3.7/site-packages/airflow/example_dags/example_trigger_target_dag.py
[2022-07-24 23:15:40,836] {logging_mixin.py:115} INFO - [2022-07-24 23:15:40,836] {dag.py:2420} INFO - Sync 1 DAGs
[2022-07-24 23:15:40,860] {logging_mixin.py:115} INFO - [2022-07-24 23:15:40,860] {dag.py:2972} INFO - Setting next_dagrun for example_trigger_target_dag to None, run_after=None
[2022-07-24 23:15:40,873] {processor.py:161} INFO - Processing /Users/pro/Documents/a_env/proj_data/lib/python3.7/site-packages/airflow/example_dags/example_trigger_target_dag.py took 0.091 seconds
[2022-07-24 23:16:15,669] {processor.py:153} INFO - Started process (PID=12836) to work on /Users/pro/Documents/a_env/proj_data/lib/python3.7/site-packages/airflow/example_dags/example_trigger_target_dag.py
[2022-07-24 23:16:15,669] {processor.py:641} INFO - Processing file /Users/pro/Documents/a_env/proj_data/lib/python3.7/site-packages/airflow/example_dags/example_trigger_target_dag.py for tasks to queue
[2022-07-24 23:16:15,671] {logging_mixin.py:115} INFO - [2022-07-24 23:16:15,670] {dagbag.py:508} INFO - Filling up the DagBag from /Users/pro/Documents/a_env/proj_data/lib/python3.7/site-packages/airflow/example_dags/example_trigger_target_dag.py
[2022-07-24 23:16:15,697] {processor.py:651} INFO - DAG(s) dict_keys(['example_trigger_target_dag']) retrieved from /Users/pro/Documents/a_env/proj_data/lib/python3.7/site-packages/airflow/example_dags/example_trigger_target_dag.py
[2022-07-24 23:16:15,715] {logging_mixin.py:115} INFO - [2022-07-24 23:16:15,715] {dag.py:2420} INFO - Sync 1 DAGs
[2022-07-24 23:16:15,737] {logging_mixin.py:115} INFO - [2022-07-24 23:16:15,737] {dag.py:2972} INFO - Setting next_dagrun for example_trigger_target_dag to None, run_after=None
[2022-07-24 23:16:15,750] {processor.py:161} INFO - Processing /Users/pro/Documents/a_env/proj_data/lib/python3.7/site-packages/airflow/example_dags/example_trigger_target_dag.py took 0.085 seconds
[2022-07-24 23:16:47,592] {processor.py:153} INFO - Started process (PID=12918) to work on /Users/pro/Documents/a_env/proj_data/lib/python3.7/site-packages/airflow/example_dags/example_trigger_target_dag.py
[2022-07-24 23:16:47,593] {processor.py:641} INFO - Processing file /Users/pro/Documents/a_env/proj_data/lib/python3.7/site-packages/airflow/example_dags/example_trigger_target_dag.py for tasks to queue
[2022-07-24 23:16:47,595] {logging_mixin.py:115} INFO - [2022-07-24 23:16:47,594] {dagbag.py:508} INFO - Filling up the DagBag from /Users/pro/Documents/a_env/proj_data/lib/python3.7/site-packages/airflow/example_dags/example_trigger_target_dag.py
[2022-07-24 23:16:47,620] {processor.py:651} INFO - DAG(s) dict_keys(['example_trigger_target_dag']) retrieved from /Users/pro/Documents/a_env/proj_data/lib/python3.7/site-packages/airflow/example_dags/example_trigger_target_dag.py
[2022-07-24 23:16:47,639] {logging_mixin.py:115} INFO - [2022-07-24 23:16:47,638] {dag.py:2420} INFO - Sync 1 DAGs
[2022-07-24 23:16:47,660] {logging_mixin.py:115} INFO - [2022-07-24 23:16:47,660] {dag.py:2972} INFO - Setting next_dagrun for example_trigger_target_dag to None, run_after=None
[2022-07-24 23:16:47,673] {processor.py:161} INFO - Processing /Users/pro/Documents/a_env/proj_data/lib/python3.7/site-packages/airflow/example_dags/example_trigger_target_dag.py took 0.089 seconds
[2022-07-24 23:17:22,512] {processor.py:153} INFO - Started process (PID=13006) to work on /Users/pro/Documents/a_env/proj_data/lib/python3.7/site-packages/airflow/example_dags/example_trigger_target_dag.py
[2022-07-24 23:17:22,514] {processor.py:641} INFO - Processing file /Users/pro/Documents/a_env/proj_data/lib/python3.7/site-packages/airflow/example_dags/example_trigger_target_dag.py for tasks to queue
[2022-07-24 23:17:22,515] {logging_mixin.py:115} INFO - [2022-07-24 23:17:22,515] {dagbag.py:508} INFO - Filling up the DagBag from /Users/pro/Documents/a_env/proj_data/lib/python3.7/site-packages/airflow/example_dags/example_trigger_target_dag.py
[2022-07-24 23:17:22,535] {processor.py:651} INFO - DAG(s) dict_keys(['example_trigger_target_dag']) retrieved from /Users/pro/Documents/a_env/proj_data/lib/python3.7/site-packages/airflow/example_dags/example_trigger_target_dag.py
[2022-07-24 23:17:22,553] {logging_mixin.py:115} INFO - [2022-07-24 23:17:22,553] {dag.py:2420} INFO - Sync 1 DAGs
[2022-07-24 23:17:22,575] {logging_mixin.py:115} INFO - [2022-07-24 23:17:22,575] {dag.py:2972} INFO - Setting next_dagrun for example_trigger_target_dag to None, run_after=None
[2022-07-24 23:17:22,588] {processor.py:161} INFO - Processing /Users/pro/Documents/a_env/proj_data/lib/python3.7/site-packages/airflow/example_dags/example_trigger_target_dag.py took 0.080 seconds
[2022-07-24 23:17:55,506] {processor.py:153} INFO - Started process (PID=13099) to work on /Users/pro/Documents/a_env/proj_data/lib/python3.7/site-packages/airflow/example_dags/example_trigger_target_dag.py
[2022-07-24 23:17:55,507] {processor.py:641} INFO - Processing file /Users/pro/Documents/a_env/proj_data/lib/python3.7/site-packages/airflow/example_dags/example_trigger_target_dag.py for tasks to queue
[2022-07-24 23:17:55,509] {logging_mixin.py:115} INFO - [2022-07-24 23:17:55,508] {dagbag.py:508} INFO - Filling up the DagBag from /Users/pro/Documents/a_env/proj_data/lib/python3.7/site-packages/airflow/example_dags/example_trigger_target_dag.py
[2022-07-24 23:17:55,530] {processor.py:651} INFO - DAG(s) dict_keys(['example_trigger_target_dag']) retrieved from /Users/pro/Documents/a_env/proj_data/lib/python3.7/site-packages/airflow/example_dags/example_trigger_target_dag.py
[2022-07-24 23:17:55,552] {logging_mixin.py:115} INFO - [2022-07-24 23:17:55,552] {dag.py:2420} INFO - Sync 1 DAGs
[2022-07-24 23:17:55,579] {logging_mixin.py:115} INFO - [2022-07-24 23:17:55,578] {dag.py:2972} INFO - Setting next_dagrun for example_trigger_target_dag to None, run_after=None
[2022-07-24 23:17:55,646] {processor.py:161} INFO - Processing /Users/pro/Documents/a_env/proj_data/lib/python3.7/site-packages/airflow/example_dags/example_trigger_target_dag.py took 0.144 seconds
[2022-07-24 23:18:30,136] {processor.py:153} INFO - Started process (PID=13195) to work on /Users/pro/Documents/a_env/proj_data/lib/python3.7/site-packages/airflow/example_dags/example_trigger_target_dag.py
[2022-07-24 23:18:30,137] {processor.py:641} INFO - Processing file /Users/pro/Documents/a_env/proj_data/lib/python3.7/site-packages/airflow/example_dags/example_trigger_target_dag.py for tasks to queue
[2022-07-24 23:18:30,138] {logging_mixin.py:115} INFO - [2022-07-24 23:18:30,138] {dagbag.py:508} INFO - Filling up the DagBag from /Users/pro/Documents/a_env/proj_data/lib/python3.7/site-packages/airflow/example_dags/example_trigger_target_dag.py
[2022-07-24 23:18:30,168] {processor.py:651} INFO - DAG(s) dict_keys(['example_trigger_target_dag']) retrieved from /Users/pro/Documents/a_env/proj_data/lib/python3.7/site-packages/airflow/example_dags/example_trigger_target_dag.py
[2022-07-24 23:18:30,199] {logging_mixin.py:115} INFO - [2022-07-24 23:18:30,198] {dag.py:2420} INFO - Sync 1 DAGs
[2022-07-24 23:18:30,247] {logging_mixin.py:115} INFO - [2022-07-24 23:18:30,246] {dag.py:2972} INFO - Setting next_dagrun for example_trigger_target_dag to None, run_after=None
[2022-07-24 23:18:30,269] {processor.py:161} INFO - Processing /Users/pro/Documents/a_env/proj_data/lib/python3.7/site-packages/airflow/example_dags/example_trigger_target_dag.py took 0.138 seconds
[2022-07-24 23:19:02,989] {processor.py:153} INFO - Started process (PID=13301) to work on /Users/pro/Documents/a_env/proj_data/lib/python3.7/site-packages/airflow/example_dags/example_trigger_target_dag.py
[2022-07-24 23:19:02,990] {processor.py:641} INFO - Processing file /Users/pro/Documents/a_env/proj_data/lib/python3.7/site-packages/airflow/example_dags/example_trigger_target_dag.py for tasks to queue
[2022-07-24 23:19:02,991] {logging_mixin.py:115} INFO - [2022-07-24 23:19:02,991] {dagbag.py:508} INFO - Filling up the DagBag from /Users/pro/Documents/a_env/proj_data/lib/python3.7/site-packages/airflow/example_dags/example_trigger_target_dag.py
[2022-07-24 23:19:03,011] {processor.py:651} INFO - DAG(s) dict_keys(['example_trigger_target_dag']) retrieved from /Users/pro/Documents/a_env/proj_data/lib/python3.7/site-packages/airflow/example_dags/example_trigger_target_dag.py
[2022-07-24 23:19:03,032] {logging_mixin.py:115} INFO - [2022-07-24 23:19:03,031] {dag.py:2420} INFO - Sync 1 DAGs
[2022-07-24 23:19:03,052] {logging_mixin.py:115} INFO - [2022-07-24 23:19:03,052] {dag.py:2972} INFO - Setting next_dagrun for example_trigger_target_dag to None, run_after=None
[2022-07-24 23:19:03,064] {processor.py:161} INFO - Processing /Users/pro/Documents/a_env/proj_data/lib/python3.7/site-packages/airflow/example_dags/example_trigger_target_dag.py took 0.080 seconds
[2022-07-24 23:19:37,326] {processor.py:153} INFO - Started process (PID=13388) to work on /Users/pro/Documents/a_env/proj_data/lib/python3.7/site-packages/airflow/example_dags/example_trigger_target_dag.py
[2022-07-24 23:19:37,327] {processor.py:641} INFO - Processing file /Users/pro/Documents/a_env/proj_data/lib/python3.7/site-packages/airflow/example_dags/example_trigger_target_dag.py for tasks to queue
[2022-07-24 23:19:37,328] {logging_mixin.py:115} INFO - [2022-07-24 23:19:37,328] {dagbag.py:508} INFO - Filling up the DagBag from /Users/pro/Documents/a_env/proj_data/lib/python3.7/site-packages/airflow/example_dags/example_trigger_target_dag.py
[2022-07-24 23:19:37,351] {processor.py:651} INFO - DAG(s) dict_keys(['example_trigger_target_dag']) retrieved from /Users/pro/Documents/a_env/proj_data/lib/python3.7/site-packages/airflow/example_dags/example_trigger_target_dag.py
[2022-07-24 23:19:37,371] {logging_mixin.py:115} INFO - [2022-07-24 23:19:37,371] {dag.py:2420} INFO - Sync 1 DAGs
[2022-07-24 23:19:37,394] {logging_mixin.py:115} INFO - [2022-07-24 23:19:37,394] {dag.py:2972} INFO - Setting next_dagrun for example_trigger_target_dag to None, run_after=None
[2022-07-24 23:19:37,410] {processor.py:161} INFO - Processing /Users/pro/Documents/a_env/proj_data/lib/python3.7/site-packages/airflow/example_dags/example_trigger_target_dag.py took 0.089 seconds
[2022-07-24 23:20:09,945] {processor.py:153} INFO - Started process (PID=13434) to work on /Users/pro/Documents/a_env/proj_data/lib/python3.7/site-packages/airflow/example_dags/example_trigger_target_dag.py
[2022-07-24 23:20:09,947] {processor.py:641} INFO - Processing file /Users/pro/Documents/a_env/proj_data/lib/python3.7/site-packages/airflow/example_dags/example_trigger_target_dag.py for tasks to queue
[2022-07-24 23:20:09,948] {logging_mixin.py:115} INFO - [2022-07-24 23:20:09,948] {dagbag.py:508} INFO - Filling up the DagBag from /Users/pro/Documents/a_env/proj_data/lib/python3.7/site-packages/airflow/example_dags/example_trigger_target_dag.py
[2022-07-24 23:20:09,976] {processor.py:651} INFO - DAG(s) dict_keys(['example_trigger_target_dag']) retrieved from /Users/pro/Documents/a_env/proj_data/lib/python3.7/site-packages/airflow/example_dags/example_trigger_target_dag.py
[2022-07-24 23:20:10,016] {logging_mixin.py:115} INFO - [2022-07-24 23:20:10,015] {dag.py:2420} INFO - Sync 1 DAGs
[2022-07-24 23:20:10,059] {logging_mixin.py:115} INFO - [2022-07-24 23:20:10,059] {dag.py:2972} INFO - Setting next_dagrun for example_trigger_target_dag to None, run_after=None
[2022-07-24 23:20:10,081] {processor.py:161} INFO - Processing /Users/pro/Documents/a_env/proj_data/lib/python3.7/site-packages/airflow/example_dags/example_trigger_target_dag.py took 0.141 seconds
[2022-07-24 23:20:45,821] {processor.py:153} INFO - Started process (PID=13571) to work on /Users/pro/Documents/a_env/proj_data/lib/python3.7/site-packages/airflow/example_dags/example_trigger_target_dag.py
[2022-07-24 23:20:45,824] {processor.py:641} INFO - Processing file /Users/pro/Documents/a_env/proj_data/lib/python3.7/site-packages/airflow/example_dags/example_trigger_target_dag.py for tasks to queue
[2022-07-24 23:20:45,826] {logging_mixin.py:115} INFO - [2022-07-24 23:20:45,825] {dagbag.py:508} INFO - Filling up the DagBag from /Users/pro/Documents/a_env/proj_data/lib/python3.7/site-packages/airflow/example_dags/example_trigger_target_dag.py
[2022-07-24 23:20:45,849] {processor.py:651} INFO - DAG(s) dict_keys(['example_trigger_target_dag']) retrieved from /Users/pro/Documents/a_env/proj_data/lib/python3.7/site-packages/airflow/example_dags/example_trigger_target_dag.py
[2022-07-24 23:20:45,900] {logging_mixin.py:115} INFO - [2022-07-24 23:20:45,899] {dag.py:2420} INFO - Sync 1 DAGs
[2022-07-24 23:20:45,946] {logging_mixin.py:115} INFO - [2022-07-24 23:20:45,946] {dag.py:2972} INFO - Setting next_dagrun for example_trigger_target_dag to None, run_after=None
[2022-07-24 23:20:45,966] {processor.py:161} INFO - Processing /Users/pro/Documents/a_env/proj_data/lib/python3.7/site-packages/airflow/example_dags/example_trigger_target_dag.py took 0.150 seconds
[2022-07-24 23:21:20,051] {processor.py:153} INFO - Started process (PID=13839) to work on /Users/pro/Documents/a_env/proj_data/lib/python3.7/site-packages/airflow/example_dags/example_trigger_target_dag.py
[2022-07-24 23:21:20,052] {processor.py:641} INFO - Processing file /Users/pro/Documents/a_env/proj_data/lib/python3.7/site-packages/airflow/example_dags/example_trigger_target_dag.py for tasks to queue
[2022-07-24 23:21:20,054] {logging_mixin.py:115} INFO - [2022-07-24 23:21:20,054] {dagbag.py:508} INFO - Filling up the DagBag from /Users/pro/Documents/a_env/proj_data/lib/python3.7/site-packages/airflow/example_dags/example_trigger_target_dag.py
[2022-07-24 23:21:20,077] {processor.py:651} INFO - DAG(s) dict_keys(['example_trigger_target_dag']) retrieved from /Users/pro/Documents/a_env/proj_data/lib/python3.7/site-packages/airflow/example_dags/example_trigger_target_dag.py
[2022-07-24 23:21:20,097] {logging_mixin.py:115} INFO - [2022-07-24 23:21:20,096] {dag.py:2420} INFO - Sync 1 DAGs
[2022-07-24 23:21:20,120] {logging_mixin.py:115} INFO - [2022-07-24 23:21:20,120] {dag.py:2972} INFO - Setting next_dagrun for example_trigger_target_dag to None, run_after=None
[2022-07-24 23:21:20,134] {processor.py:161} INFO - Processing /Users/pro/Documents/a_env/proj_data/lib/python3.7/site-packages/airflow/example_dags/example_trigger_target_dag.py took 0.088 seconds
[2022-07-24 23:21:54,116] {processor.py:153} INFO - Started process (PID=13927) to work on /Users/pro/Documents/a_env/proj_data/lib/python3.7/site-packages/airflow/example_dags/example_trigger_target_dag.py
[2022-07-24 23:21:54,118] {processor.py:641} INFO - Processing file /Users/pro/Documents/a_env/proj_data/lib/python3.7/site-packages/airflow/example_dags/example_trigger_target_dag.py for tasks to queue
[2022-07-24 23:21:54,120] {logging_mixin.py:115} INFO - [2022-07-24 23:21:54,119] {dagbag.py:508} INFO - Filling up the DagBag from /Users/pro/Documents/a_env/proj_data/lib/python3.7/site-packages/airflow/example_dags/example_trigger_target_dag.py
[2022-07-24 23:21:54,143] {processor.py:651} INFO - DAG(s) dict_keys(['example_trigger_target_dag']) retrieved from /Users/pro/Documents/a_env/proj_data/lib/python3.7/site-packages/airflow/example_dags/example_trigger_target_dag.py
[2022-07-24 23:21:54,162] {logging_mixin.py:115} INFO - [2022-07-24 23:21:54,162] {dag.py:2420} INFO - Sync 1 DAGs
[2022-07-24 23:21:54,185] {logging_mixin.py:115} INFO - [2022-07-24 23:21:54,184] {dag.py:2972} INFO - Setting next_dagrun for example_trigger_target_dag to None, run_after=None
[2022-07-24 23:21:54,199] {processor.py:161} INFO - Processing /Users/pro/Documents/a_env/proj_data/lib/python3.7/site-packages/airflow/example_dags/example_trigger_target_dag.py took 0.088 seconds
[2022-07-24 23:22:25,404] {processor.py:153} INFO - Started process (PID=14013) to work on /Users/pro/Documents/a_env/proj_data/lib/python3.7/site-packages/airflow/example_dags/example_trigger_target_dag.py
[2022-07-24 23:22:25,405] {processor.py:641} INFO - Processing file /Users/pro/Documents/a_env/proj_data/lib/python3.7/site-packages/airflow/example_dags/example_trigger_target_dag.py for tasks to queue
[2022-07-24 23:22:25,406] {logging_mixin.py:115} INFO - [2022-07-24 23:22:25,406] {dagbag.py:508} INFO - Filling up the DagBag from /Users/pro/Documents/a_env/proj_data/lib/python3.7/site-packages/airflow/example_dags/example_trigger_target_dag.py
[2022-07-24 23:22:25,432] {processor.py:651} INFO - DAG(s) dict_keys(['example_trigger_target_dag']) retrieved from /Users/pro/Documents/a_env/proj_data/lib/python3.7/site-packages/airflow/example_dags/example_trigger_target_dag.py
[2022-07-24 23:22:25,453] {logging_mixin.py:115} INFO - [2022-07-24 23:22:25,452] {dag.py:2420} INFO - Sync 1 DAGs
[2022-07-24 23:22:25,475] {logging_mixin.py:115} INFO - [2022-07-24 23:22:25,474] {dag.py:2972} INFO - Setting next_dagrun for example_trigger_target_dag to None, run_after=None
[2022-07-24 23:22:25,489] {processor.py:161} INFO - Processing /Users/pro/Documents/a_env/proj_data/lib/python3.7/site-packages/airflow/example_dags/example_trigger_target_dag.py took 0.091 seconds
[2022-07-24 23:23:00,133] {processor.py:153} INFO - Started process (PID=14138) to work on /Users/pro/Documents/a_env/proj_data/lib/python3.7/site-packages/airflow/example_dags/example_trigger_target_dag.py
[2022-07-24 23:23:00,135] {processor.py:641} INFO - Processing file /Users/pro/Documents/a_env/proj_data/lib/python3.7/site-packages/airflow/example_dags/example_trigger_target_dag.py for tasks to queue
[2022-07-24 23:23:00,136] {logging_mixin.py:115} INFO - [2022-07-24 23:23:00,136] {dagbag.py:508} INFO - Filling up the DagBag from /Users/pro/Documents/a_env/proj_data/lib/python3.7/site-packages/airflow/example_dags/example_trigger_target_dag.py
[2022-07-24 23:23:00,158] {processor.py:651} INFO - DAG(s) dict_keys(['example_trigger_target_dag']) retrieved from /Users/pro/Documents/a_env/proj_data/lib/python3.7/site-packages/airflow/example_dags/example_trigger_target_dag.py
[2022-07-24 23:23:00,178] {logging_mixin.py:115} INFO - [2022-07-24 23:23:00,177] {dag.py:2420} INFO - Sync 1 DAGs
[2022-07-24 23:23:00,199] {logging_mixin.py:115} INFO - [2022-07-24 23:23:00,199] {dag.py:2972} INFO - Setting next_dagrun for example_trigger_target_dag to None, run_after=None
[2022-07-24 23:23:00,213] {processor.py:161} INFO - Processing /Users/pro/Documents/a_env/proj_data/lib/python3.7/site-packages/airflow/example_dags/example_trigger_target_dag.py took 0.085 seconds
[2022-07-24 23:23:34,099] {processor.py:153} INFO - Started process (PID=14223) to work on /Users/pro/Documents/a_env/proj_data/lib/python3.7/site-packages/airflow/example_dags/example_trigger_target_dag.py
[2022-07-24 23:23:34,101] {processor.py:641} INFO - Processing file /Users/pro/Documents/a_env/proj_data/lib/python3.7/site-packages/airflow/example_dags/example_trigger_target_dag.py for tasks to queue
[2022-07-24 23:23:34,105] {logging_mixin.py:115} INFO - [2022-07-24 23:23:34,105] {dagbag.py:508} INFO - Filling up the DagBag from /Users/pro/Documents/a_env/proj_data/lib/python3.7/site-packages/airflow/example_dags/example_trigger_target_dag.py
[2022-07-24 23:23:34,130] {processor.py:651} INFO - DAG(s) dict_keys(['example_trigger_target_dag']) retrieved from /Users/pro/Documents/a_env/proj_data/lib/python3.7/site-packages/airflow/example_dags/example_trigger_target_dag.py
[2022-07-24 23:23:34,154] {logging_mixin.py:115} INFO - [2022-07-24 23:23:34,154] {dag.py:2420} INFO - Sync 1 DAGs
[2022-07-24 23:23:34,180] {logging_mixin.py:115} INFO - [2022-07-24 23:23:34,180] {dag.py:2972} INFO - Setting next_dagrun for example_trigger_target_dag to None, run_after=None
[2022-07-24 23:23:34,196] {processor.py:161} INFO - Processing /Users/pro/Documents/a_env/proj_data/lib/python3.7/site-packages/airflow/example_dags/example_trigger_target_dag.py took 0.103 seconds
[2022-07-24 23:24:09,289] {processor.py:153} INFO - Started process (PID=14304) to work on /Users/pro/Documents/a_env/proj_data/lib/python3.7/site-packages/airflow/example_dags/example_trigger_target_dag.py
[2022-07-24 23:24:09,295] {processor.py:641} INFO - Processing file /Users/pro/Documents/a_env/proj_data/lib/python3.7/site-packages/airflow/example_dags/example_trigger_target_dag.py for tasks to queue
[2022-07-24 23:24:09,297] {logging_mixin.py:115} INFO - [2022-07-24 23:24:09,296] {dagbag.py:508} INFO - Filling up the DagBag from /Users/pro/Documents/a_env/proj_data/lib/python3.7/site-packages/airflow/example_dags/example_trigger_target_dag.py
[2022-07-24 23:24:09,323] {processor.py:651} INFO - DAG(s) dict_keys(['example_trigger_target_dag']) retrieved from /Users/pro/Documents/a_env/proj_data/lib/python3.7/site-packages/airflow/example_dags/example_trigger_target_dag.py
[2022-07-24 23:24:09,347] {logging_mixin.py:115} INFO - [2022-07-24 23:24:09,346] {dag.py:2420} INFO - Sync 1 DAGs
[2022-07-24 23:24:09,374] {logging_mixin.py:115} INFO - [2022-07-24 23:24:09,374] {dag.py:2972} INFO - Setting next_dagrun for example_trigger_target_dag to None, run_after=None
[2022-07-24 23:24:09,394] {processor.py:161} INFO - Processing /Users/pro/Documents/a_env/proj_data/lib/python3.7/site-packages/airflow/example_dags/example_trigger_target_dag.py took 0.109 seconds
[2022-07-24 23:24:43,550] {processor.py:153} INFO - Started process (PID=14384) to work on /Users/pro/Documents/a_env/proj_data/lib/python3.7/site-packages/airflow/example_dags/example_trigger_target_dag.py
[2022-07-24 23:24:43,551] {processor.py:641} INFO - Processing file /Users/pro/Documents/a_env/proj_data/lib/python3.7/site-packages/airflow/example_dags/example_trigger_target_dag.py for tasks to queue
[2022-07-24 23:24:43,552] {logging_mixin.py:115} INFO - [2022-07-24 23:24:43,552] {dagbag.py:508} INFO - Filling up the DagBag from /Users/pro/Documents/a_env/proj_data/lib/python3.7/site-packages/airflow/example_dags/example_trigger_target_dag.py
[2022-07-24 23:24:43,574] {processor.py:651} INFO - DAG(s) dict_keys(['example_trigger_target_dag']) retrieved from /Users/pro/Documents/a_env/proj_data/lib/python3.7/site-packages/airflow/example_dags/example_trigger_target_dag.py
[2022-07-24 23:24:43,594] {logging_mixin.py:115} INFO - [2022-07-24 23:24:43,594] {dag.py:2420} INFO - Sync 1 DAGs
[2022-07-24 23:24:43,617] {logging_mixin.py:115} INFO - [2022-07-24 23:24:43,616] {dag.py:2972} INFO - Setting next_dagrun for example_trigger_target_dag to None, run_after=None
[2022-07-24 23:24:43,631] {processor.py:161} INFO - Processing /Users/pro/Documents/a_env/proj_data/lib/python3.7/site-packages/airflow/example_dags/example_trigger_target_dag.py took 0.086 seconds
[2022-07-24 23:25:20,372] {processor.py:153} INFO - Started process (PID=14438) to work on /Users/pro/Documents/a_env/proj_data/lib/python3.7/site-packages/airflow/example_dags/example_trigger_target_dag.py
[2022-07-24 23:25:20,374] {processor.py:641} INFO - Processing file /Users/pro/Documents/a_env/proj_data/lib/python3.7/site-packages/airflow/example_dags/example_trigger_target_dag.py for tasks to queue
[2022-07-24 23:25:20,376] {logging_mixin.py:115} INFO - [2022-07-24 23:25:20,375] {dagbag.py:508} INFO - Filling up the DagBag from /Users/pro/Documents/a_env/proj_data/lib/python3.7/site-packages/airflow/example_dags/example_trigger_target_dag.py
[2022-07-24 23:25:20,406] {processor.py:651} INFO - DAG(s) dict_keys(['example_trigger_target_dag']) retrieved from /Users/pro/Documents/a_env/proj_data/lib/python3.7/site-packages/airflow/example_dags/example_trigger_target_dag.py
[2022-07-24 23:25:20,432] {logging_mixin.py:115} INFO - [2022-07-24 23:25:20,431] {dag.py:2420} INFO - Sync 1 DAGs
[2022-07-24 23:25:20,464] {logging_mixin.py:115} INFO - [2022-07-24 23:25:20,463] {dag.py:2972} INFO - Setting next_dagrun for example_trigger_target_dag to None, run_after=None
[2022-07-24 23:25:20,500] {processor.py:161} INFO - Processing /Users/pro/Documents/a_env/proj_data/lib/python3.7/site-packages/airflow/example_dags/example_trigger_target_dag.py took 0.133 seconds
[2022-07-24 23:25:54,652] {processor.py:153} INFO - Started process (PID=14488) to work on /Users/pro/Documents/a_env/proj_data/lib/python3.7/site-packages/airflow/example_dags/example_trigger_target_dag.py
[2022-07-24 23:25:54,654] {processor.py:641} INFO - Processing file /Users/pro/Documents/a_env/proj_data/lib/python3.7/site-packages/airflow/example_dags/example_trigger_target_dag.py for tasks to queue
[2022-07-24 23:25:54,655] {logging_mixin.py:115} INFO - [2022-07-24 23:25:54,654] {dagbag.py:508} INFO - Filling up the DagBag from /Users/pro/Documents/a_env/proj_data/lib/python3.7/site-packages/airflow/example_dags/example_trigger_target_dag.py
[2022-07-24 23:25:54,676] {processor.py:651} INFO - DAG(s) dict_keys(['example_trigger_target_dag']) retrieved from /Users/pro/Documents/a_env/proj_data/lib/python3.7/site-packages/airflow/example_dags/example_trigger_target_dag.py
[2022-07-24 23:25:54,695] {logging_mixin.py:115} INFO - [2022-07-24 23:25:54,695] {dag.py:2420} INFO - Sync 1 DAGs
[2022-07-24 23:25:54,716] {logging_mixin.py:115} INFO - [2022-07-24 23:25:54,716] {dag.py:2972} INFO - Setting next_dagrun for example_trigger_target_dag to None, run_after=None
[2022-07-24 23:25:54,729] {processor.py:161} INFO - Processing /Users/pro/Documents/a_env/proj_data/lib/python3.7/site-packages/airflow/example_dags/example_trigger_target_dag.py took 0.082 seconds
[2022-07-24 23:26:30,628] {processor.py:153} INFO - Started process (PID=14525) to work on /Users/pro/Documents/a_env/proj_data/lib/python3.7/site-packages/airflow/example_dags/example_trigger_target_dag.py
[2022-07-24 23:26:30,629] {processor.py:641} INFO - Processing file /Users/pro/Documents/a_env/proj_data/lib/python3.7/site-packages/airflow/example_dags/example_trigger_target_dag.py for tasks to queue
[2022-07-24 23:26:30,630] {logging_mixin.py:115} INFO - [2022-07-24 23:26:30,630] {dagbag.py:508} INFO - Filling up the DagBag from /Users/pro/Documents/a_env/proj_data/lib/python3.7/site-packages/airflow/example_dags/example_trigger_target_dag.py
[2022-07-24 23:26:30,652] {processor.py:651} INFO - DAG(s) dict_keys(['example_trigger_target_dag']) retrieved from /Users/pro/Documents/a_env/proj_data/lib/python3.7/site-packages/airflow/example_dags/example_trigger_target_dag.py
[2022-07-24 23:26:30,672] {logging_mixin.py:115} INFO - [2022-07-24 23:26:30,672] {dag.py:2420} INFO - Sync 1 DAGs
[2022-07-24 23:26:30,694] {logging_mixin.py:115} INFO - [2022-07-24 23:26:30,694] {dag.py:2972} INFO - Setting next_dagrun for example_trigger_target_dag to None, run_after=None
[2022-07-24 23:26:30,708] {processor.py:161} INFO - Processing /Users/pro/Documents/a_env/proj_data/lib/python3.7/site-packages/airflow/example_dags/example_trigger_target_dag.py took 0.085 seconds
[2022-07-24 23:27:05,715] {processor.py:153} INFO - Started process (PID=14586) to work on /Users/pro/Documents/a_env/proj_data/lib/python3.7/site-packages/airflow/example_dags/example_trigger_target_dag.py
[2022-07-24 23:27:05,717] {processor.py:641} INFO - Processing file /Users/pro/Documents/a_env/proj_data/lib/python3.7/site-packages/airflow/example_dags/example_trigger_target_dag.py for tasks to queue
[2022-07-24 23:27:05,718] {logging_mixin.py:115} INFO - [2022-07-24 23:27:05,718] {dagbag.py:508} INFO - Filling up the DagBag from /Users/pro/Documents/a_env/proj_data/lib/python3.7/site-packages/airflow/example_dags/example_trigger_target_dag.py
[2022-07-24 23:27:05,739] {processor.py:651} INFO - DAG(s) dict_keys(['example_trigger_target_dag']) retrieved from /Users/pro/Documents/a_env/proj_data/lib/python3.7/site-packages/airflow/example_dags/example_trigger_target_dag.py
[2022-07-24 23:27:05,760] {logging_mixin.py:115} INFO - [2022-07-24 23:27:05,759] {dag.py:2420} INFO - Sync 1 DAGs
[2022-07-24 23:27:05,783] {logging_mixin.py:115} INFO - [2022-07-24 23:27:05,783] {dag.py:2972} INFO - Setting next_dagrun for example_trigger_target_dag to None, run_after=None
[2022-07-24 23:27:05,797] {processor.py:161} INFO - Processing /Users/pro/Documents/a_env/proj_data/lib/python3.7/site-packages/airflow/example_dags/example_trigger_target_dag.py took 0.087 seconds
[2022-07-24 23:27:39,499] {processor.py:153} INFO - Started process (PID=14697) to work on /Users/pro/Documents/a_env/proj_data/lib/python3.7/site-packages/airflow/example_dags/example_trigger_target_dag.py
[2022-07-24 23:27:39,501] {processor.py:641} INFO - Processing file /Users/pro/Documents/a_env/proj_data/lib/python3.7/site-packages/airflow/example_dags/example_trigger_target_dag.py for tasks to queue
[2022-07-24 23:27:39,503] {logging_mixin.py:115} INFO - [2022-07-24 23:27:39,502] {dagbag.py:508} INFO - Filling up the DagBag from /Users/pro/Documents/a_env/proj_data/lib/python3.7/site-packages/airflow/example_dags/example_trigger_target_dag.py
[2022-07-24 23:27:39,527] {processor.py:651} INFO - DAG(s) dict_keys(['example_trigger_target_dag']) retrieved from /Users/pro/Documents/a_env/proj_data/lib/python3.7/site-packages/airflow/example_dags/example_trigger_target_dag.py
[2022-07-24 23:27:39,547] {logging_mixin.py:115} INFO - [2022-07-24 23:27:39,547] {dag.py:2420} INFO - Sync 1 DAGs
[2022-07-24 23:27:39,571] {logging_mixin.py:115} INFO - [2022-07-24 23:27:39,570] {dag.py:2972} INFO - Setting next_dagrun for example_trigger_target_dag to None, run_after=None
[2022-07-24 23:27:39,585] {processor.py:161} INFO - Processing /Users/pro/Documents/a_env/proj_data/lib/python3.7/site-packages/airflow/example_dags/example_trigger_target_dag.py took 0.091 seconds
[2022-07-24 23:28:13,149] {processor.py:153} INFO - Started process (PID=14787) to work on /Users/pro/Documents/a_env/proj_data/lib/python3.7/site-packages/airflow/example_dags/example_trigger_target_dag.py
[2022-07-24 23:28:13,158] {processor.py:641} INFO - Processing file /Users/pro/Documents/a_env/proj_data/lib/python3.7/site-packages/airflow/example_dags/example_trigger_target_dag.py for tasks to queue
[2022-07-24 23:28:13,159] {logging_mixin.py:115} INFO - [2022-07-24 23:28:13,159] {dagbag.py:508} INFO - Filling up the DagBag from /Users/pro/Documents/a_env/proj_data/lib/python3.7/site-packages/airflow/example_dags/example_trigger_target_dag.py
[2022-07-24 23:28:13,210] {processor.py:651} INFO - DAG(s) dict_keys(['example_trigger_target_dag']) retrieved from /Users/pro/Documents/a_env/proj_data/lib/python3.7/site-packages/airflow/example_dags/example_trigger_target_dag.py
[2022-07-24 23:28:13,247] {logging_mixin.py:115} INFO - [2022-07-24 23:28:13,246] {dag.py:2420} INFO - Sync 1 DAGs
[2022-07-24 23:28:13,276] {logging_mixin.py:115} INFO - [2022-07-24 23:28:13,276] {dag.py:2972} INFO - Setting next_dagrun for example_trigger_target_dag to None, run_after=None
[2022-07-24 23:28:13,295] {processor.py:161} INFO - Processing /Users/pro/Documents/a_env/proj_data/lib/python3.7/site-packages/airflow/example_dags/example_trigger_target_dag.py took 0.151 seconds
[2022-07-24 23:28:47,435] {processor.py:153} INFO - Started process (PID=14846) to work on /Users/pro/Documents/a_env/proj_data/lib/python3.7/site-packages/airflow/example_dags/example_trigger_target_dag.py
[2022-07-24 23:28:47,437] {processor.py:641} INFO - Processing file /Users/pro/Documents/a_env/proj_data/lib/python3.7/site-packages/airflow/example_dags/example_trigger_target_dag.py for tasks to queue
[2022-07-24 23:28:47,438] {logging_mixin.py:115} INFO - [2022-07-24 23:28:47,438] {dagbag.py:508} INFO - Filling up the DagBag from /Users/pro/Documents/a_env/proj_data/lib/python3.7/site-packages/airflow/example_dags/example_trigger_target_dag.py
[2022-07-24 23:28:47,461] {processor.py:651} INFO - DAG(s) dict_keys(['example_trigger_target_dag']) retrieved from /Users/pro/Documents/a_env/proj_data/lib/python3.7/site-packages/airflow/example_dags/example_trigger_target_dag.py
[2022-07-24 23:28:47,483] {logging_mixin.py:115} INFO - [2022-07-24 23:28:47,482] {dag.py:2420} INFO - Sync 1 DAGs
[2022-07-24 23:28:47,505] {logging_mixin.py:115} INFO - [2022-07-24 23:28:47,505] {dag.py:2972} INFO - Setting next_dagrun for example_trigger_target_dag to None, run_after=None
[2022-07-24 23:28:47,521] {processor.py:161} INFO - Processing /Users/pro/Documents/a_env/proj_data/lib/python3.7/site-packages/airflow/example_dags/example_trigger_target_dag.py took 0.091 seconds
[2022-07-24 23:29:22,307] {processor.py:153} INFO - Started process (PID=14880) to work on /Users/pro/Documents/a_env/proj_data/lib/python3.7/site-packages/airflow/example_dags/example_trigger_target_dag.py
[2022-07-24 23:29:22,308] {processor.py:641} INFO - Processing file /Users/pro/Documents/a_env/proj_data/lib/python3.7/site-packages/airflow/example_dags/example_trigger_target_dag.py for tasks to queue
[2022-07-24 23:29:22,309] {logging_mixin.py:115} INFO - [2022-07-24 23:29:22,309] {dagbag.py:508} INFO - Filling up the DagBag from /Users/pro/Documents/a_env/proj_data/lib/python3.7/site-packages/airflow/example_dags/example_trigger_target_dag.py
[2022-07-24 23:29:22,331] {processor.py:651} INFO - DAG(s) dict_keys(['example_trigger_target_dag']) retrieved from /Users/pro/Documents/a_env/proj_data/lib/python3.7/site-packages/airflow/example_dags/example_trigger_target_dag.py
[2022-07-24 23:29:22,353] {logging_mixin.py:115} INFO - [2022-07-24 23:29:22,353] {dag.py:2420} INFO - Sync 1 DAGs
[2022-07-24 23:29:22,377] {logging_mixin.py:115} INFO - [2022-07-24 23:29:22,377] {dag.py:2972} INFO - Setting next_dagrun for example_trigger_target_dag to None, run_after=None
[2022-07-24 23:29:22,394] {processor.py:161} INFO - Processing /Users/pro/Documents/a_env/proj_data/lib/python3.7/site-packages/airflow/example_dags/example_trigger_target_dag.py took 0.091 seconds
[2022-07-24 23:29:56,902] {processor.py:153} INFO - Started process (PID=14929) to work on /Users/pro/Documents/a_env/proj_data/lib/python3.7/site-packages/airflow/example_dags/example_trigger_target_dag.py
[2022-07-24 23:29:56,904] {processor.py:641} INFO - Processing file /Users/pro/Documents/a_env/proj_data/lib/python3.7/site-packages/airflow/example_dags/example_trigger_target_dag.py for tasks to queue
[2022-07-24 23:29:56,905] {logging_mixin.py:115} INFO - [2022-07-24 23:29:56,905] {dagbag.py:508} INFO - Filling up the DagBag from /Users/pro/Documents/a_env/proj_data/lib/python3.7/site-packages/airflow/example_dags/example_trigger_target_dag.py
[2022-07-24 23:29:56,928] {processor.py:651} INFO - DAG(s) dict_keys(['example_trigger_target_dag']) retrieved from /Users/pro/Documents/a_env/proj_data/lib/python3.7/site-packages/airflow/example_dags/example_trigger_target_dag.py
[2022-07-24 23:29:56,948] {logging_mixin.py:115} INFO - [2022-07-24 23:29:56,948] {dag.py:2420} INFO - Sync 1 DAGs
[2022-07-24 23:29:56,970] {logging_mixin.py:115} INFO - [2022-07-24 23:29:56,970] {dag.py:2972} INFO - Setting next_dagrun for example_trigger_target_dag to None, run_after=None
[2022-07-24 23:29:56,989] {processor.py:161} INFO - Processing /Users/pro/Documents/a_env/proj_data/lib/python3.7/site-packages/airflow/example_dags/example_trigger_target_dag.py took 0.093 seconds
[2022-07-24 23:30:29,450] {processor.py:153} INFO - Started process (PID=14970) to work on /Users/pro/Documents/a_env/proj_data/lib/python3.7/site-packages/airflow/example_dags/example_trigger_target_dag.py
[2022-07-24 23:30:29,451] {processor.py:641} INFO - Processing file /Users/pro/Documents/a_env/proj_data/lib/python3.7/site-packages/airflow/example_dags/example_trigger_target_dag.py for tasks to queue
[2022-07-24 23:30:29,452] {logging_mixin.py:115} INFO - [2022-07-24 23:30:29,452] {dagbag.py:508} INFO - Filling up the DagBag from /Users/pro/Documents/a_env/proj_data/lib/python3.7/site-packages/airflow/example_dags/example_trigger_target_dag.py
[2022-07-24 23:30:29,474] {processor.py:651} INFO - DAG(s) dict_keys(['example_trigger_target_dag']) retrieved from /Users/pro/Documents/a_env/proj_data/lib/python3.7/site-packages/airflow/example_dags/example_trigger_target_dag.py
[2022-07-24 23:30:29,494] {logging_mixin.py:115} INFO - [2022-07-24 23:30:29,494] {dag.py:2420} INFO - Sync 1 DAGs
[2022-07-24 23:30:29,517] {logging_mixin.py:115} INFO - [2022-07-24 23:30:29,516] {dag.py:2972} INFO - Setting next_dagrun for example_trigger_target_dag to None, run_after=None
[2022-07-24 23:30:29,531] {processor.py:161} INFO - Processing /Users/pro/Documents/a_env/proj_data/lib/python3.7/site-packages/airflow/example_dags/example_trigger_target_dag.py took 0.086 seconds
[2022-07-24 23:31:02,377] {processor.py:153} INFO - Started process (PID=15004) to work on /Users/pro/Documents/a_env/proj_data/lib/python3.7/site-packages/airflow/example_dags/example_trigger_target_dag.py
[2022-07-24 23:31:02,378] {processor.py:641} INFO - Processing file /Users/pro/Documents/a_env/proj_data/lib/python3.7/site-packages/airflow/example_dags/example_trigger_target_dag.py for tasks to queue
[2022-07-24 23:31:02,379] {logging_mixin.py:115} INFO - [2022-07-24 23:31:02,379] {dagbag.py:508} INFO - Filling up the DagBag from /Users/pro/Documents/a_env/proj_data/lib/python3.7/site-packages/airflow/example_dags/example_trigger_target_dag.py
[2022-07-24 23:31:02,403] {processor.py:651} INFO - DAG(s) dict_keys(['example_trigger_target_dag']) retrieved from /Users/pro/Documents/a_env/proj_data/lib/python3.7/site-packages/airflow/example_dags/example_trigger_target_dag.py
[2022-07-24 23:31:02,423] {logging_mixin.py:115} INFO - [2022-07-24 23:31:02,422] {dag.py:2420} INFO - Sync 1 DAGs
[2022-07-24 23:31:02,444] {logging_mixin.py:115} INFO - [2022-07-24 23:31:02,443] {dag.py:2972} INFO - Setting next_dagrun for example_trigger_target_dag to None, run_after=None
[2022-07-24 23:31:02,456] {processor.py:161} INFO - Processing /Users/pro/Documents/a_env/proj_data/lib/python3.7/site-packages/airflow/example_dags/example_trigger_target_dag.py took 0.085 seconds
[2022-07-24 23:31:37,053] {processor.py:153} INFO - Started process (PID=15047) to work on /Users/pro/Documents/a_env/proj_data/lib/python3.7/site-packages/airflow/example_dags/example_trigger_target_dag.py
[2022-07-24 23:31:37,055] {processor.py:641} INFO - Processing file /Users/pro/Documents/a_env/proj_data/lib/python3.7/site-packages/airflow/example_dags/example_trigger_target_dag.py for tasks to queue
[2022-07-24 23:31:37,056] {logging_mixin.py:115} INFO - [2022-07-24 23:31:37,056] {dagbag.py:508} INFO - Filling up the DagBag from /Users/pro/Documents/a_env/proj_data/lib/python3.7/site-packages/airflow/example_dags/example_trigger_target_dag.py
[2022-07-24 23:31:37,078] {processor.py:651} INFO - DAG(s) dict_keys(['example_trigger_target_dag']) retrieved from /Users/pro/Documents/a_env/proj_data/lib/python3.7/site-packages/airflow/example_dags/example_trigger_target_dag.py
[2022-07-24 23:31:37,099] {logging_mixin.py:115} INFO - [2022-07-24 23:31:37,098] {dag.py:2420} INFO - Sync 1 DAGs
[2022-07-24 23:31:37,121] {logging_mixin.py:115} INFO - [2022-07-24 23:31:37,120] {dag.py:2972} INFO - Setting next_dagrun for example_trigger_target_dag to None, run_after=None
[2022-07-24 23:31:37,135] {processor.py:161} INFO - Processing /Users/pro/Documents/a_env/proj_data/lib/python3.7/site-packages/airflow/example_dags/example_trigger_target_dag.py took 0.087 seconds
[2022-07-24 23:32:11,428] {processor.py:153} INFO - Started process (PID=15146) to work on /Users/pro/Documents/a_env/proj_data/lib/python3.7/site-packages/airflow/example_dags/example_trigger_target_dag.py
[2022-07-24 23:32:11,430] {processor.py:641} INFO - Processing file /Users/pro/Documents/a_env/proj_data/lib/python3.7/site-packages/airflow/example_dags/example_trigger_target_dag.py for tasks to queue
[2022-07-24 23:32:11,431] {logging_mixin.py:115} INFO - [2022-07-24 23:32:11,431] {dagbag.py:508} INFO - Filling up the DagBag from /Users/pro/Documents/a_env/proj_data/lib/python3.7/site-packages/airflow/example_dags/example_trigger_target_dag.py
[2022-07-24 23:32:11,453] {processor.py:651} INFO - DAG(s) dict_keys(['example_trigger_target_dag']) retrieved from /Users/pro/Documents/a_env/proj_data/lib/python3.7/site-packages/airflow/example_dags/example_trigger_target_dag.py
[2022-07-24 23:32:11,474] {logging_mixin.py:115} INFO - [2022-07-24 23:32:11,473] {dag.py:2420} INFO - Sync 1 DAGs
[2022-07-24 23:32:11,498] {logging_mixin.py:115} INFO - [2022-07-24 23:32:11,497] {dag.py:2972} INFO - Setting next_dagrun for example_trigger_target_dag to None, run_after=None
[2022-07-24 23:32:11,513] {processor.py:161} INFO - Processing /Users/pro/Documents/a_env/proj_data/lib/python3.7/site-packages/airflow/example_dags/example_trigger_target_dag.py took 0.090 seconds
[2022-07-24 23:32:47,169] {processor.py:153} INFO - Started process (PID=15225) to work on /Users/pro/Documents/a_env/proj_data/lib/python3.7/site-packages/airflow/example_dags/example_trigger_target_dag.py
[2022-07-24 23:32:47,171] {processor.py:641} INFO - Processing file /Users/pro/Documents/a_env/proj_data/lib/python3.7/site-packages/airflow/example_dags/example_trigger_target_dag.py for tasks to queue
[2022-07-24 23:32:47,172] {logging_mixin.py:115} INFO - [2022-07-24 23:32:47,172] {dagbag.py:508} INFO - Filling up the DagBag from /Users/pro/Documents/a_env/proj_data/lib/python3.7/site-packages/airflow/example_dags/example_trigger_target_dag.py
[2022-07-24 23:32:47,195] {processor.py:651} INFO - DAG(s) dict_keys(['example_trigger_target_dag']) retrieved from /Users/pro/Documents/a_env/proj_data/lib/python3.7/site-packages/airflow/example_dags/example_trigger_target_dag.py
[2022-07-24 23:32:47,214] {logging_mixin.py:115} INFO - [2022-07-24 23:32:47,213] {dag.py:2420} INFO - Sync 1 DAGs
[2022-07-24 23:32:47,235] {logging_mixin.py:115} INFO - [2022-07-24 23:32:47,235] {dag.py:2972} INFO - Setting next_dagrun for example_trigger_target_dag to None, run_after=None
[2022-07-24 23:32:47,249] {processor.py:161} INFO - Processing /Users/pro/Documents/a_env/proj_data/lib/python3.7/site-packages/airflow/example_dags/example_trigger_target_dag.py took 0.085 seconds
[2022-07-24 23:33:22,133] {processor.py:153} INFO - Started process (PID=15323) to work on /Users/pro/Documents/a_env/proj_data/lib/python3.7/site-packages/airflow/example_dags/example_trigger_target_dag.py
[2022-07-24 23:33:22,134] {processor.py:641} INFO - Processing file /Users/pro/Documents/a_env/proj_data/lib/python3.7/site-packages/airflow/example_dags/example_trigger_target_dag.py for tasks to queue
[2022-07-24 23:33:22,135] {logging_mixin.py:115} INFO - [2022-07-24 23:33:22,135] {dagbag.py:508} INFO - Filling up the DagBag from /Users/pro/Documents/a_env/proj_data/lib/python3.7/site-packages/airflow/example_dags/example_trigger_target_dag.py
[2022-07-24 23:33:22,159] {processor.py:651} INFO - DAG(s) dict_keys(['example_trigger_target_dag']) retrieved from /Users/pro/Documents/a_env/proj_data/lib/python3.7/site-packages/airflow/example_dags/example_trigger_target_dag.py
[2022-07-24 23:33:22,179] {logging_mixin.py:115} INFO - [2022-07-24 23:33:22,178] {dag.py:2420} INFO - Sync 1 DAGs
[2022-07-24 23:33:22,202] {logging_mixin.py:115} INFO - [2022-07-24 23:33:22,202] {dag.py:2972} INFO - Setting next_dagrun for example_trigger_target_dag to None, run_after=None
[2022-07-24 23:33:22,216] {processor.py:161} INFO - Processing /Users/pro/Documents/a_env/proj_data/lib/python3.7/site-packages/airflow/example_dags/example_trigger_target_dag.py took 0.088 seconds
[2022-07-24 23:33:56,036] {processor.py:153} INFO - Started process (PID=15420) to work on /Users/pro/Documents/a_env/proj_data/lib/python3.7/site-packages/airflow/example_dags/example_trigger_target_dag.py
[2022-07-24 23:33:56,038] {processor.py:641} INFO - Processing file /Users/pro/Documents/a_env/proj_data/lib/python3.7/site-packages/airflow/example_dags/example_trigger_target_dag.py for tasks to queue
[2022-07-24 23:33:56,040] {logging_mixin.py:115} INFO - [2022-07-24 23:33:56,039] {dagbag.py:508} INFO - Filling up the DagBag from /Users/pro/Documents/a_env/proj_data/lib/python3.7/site-packages/airflow/example_dags/example_trigger_target_dag.py
[2022-07-24 23:33:56,063] {processor.py:651} INFO - DAG(s) dict_keys(['example_trigger_target_dag']) retrieved from /Users/pro/Documents/a_env/proj_data/lib/python3.7/site-packages/airflow/example_dags/example_trigger_target_dag.py
[2022-07-24 23:33:56,082] {logging_mixin.py:115} INFO - [2022-07-24 23:33:56,082] {dag.py:2420} INFO - Sync 1 DAGs
[2022-07-24 23:33:56,104] {logging_mixin.py:115} INFO - [2022-07-24 23:33:56,103] {dag.py:2972} INFO - Setting next_dagrun for example_trigger_target_dag to None, run_after=None
[2022-07-24 23:33:56,118] {processor.py:161} INFO - Processing /Users/pro/Documents/a_env/proj_data/lib/python3.7/site-packages/airflow/example_dags/example_trigger_target_dag.py took 0.088 seconds
[2022-07-24 23:34:31,443] {processor.py:153} INFO - Started process (PID=15527) to work on /Users/pro/Documents/a_env/proj_data/lib/python3.7/site-packages/airflow/example_dags/example_trigger_target_dag.py
[2022-07-24 23:34:31,445] {processor.py:641} INFO - Processing file /Users/pro/Documents/a_env/proj_data/lib/python3.7/site-packages/airflow/example_dags/example_trigger_target_dag.py for tasks to queue
[2022-07-24 23:34:31,446] {logging_mixin.py:115} INFO - [2022-07-24 23:34:31,446] {dagbag.py:508} INFO - Filling up the DagBag from /Users/pro/Documents/a_env/proj_data/lib/python3.7/site-packages/airflow/example_dags/example_trigger_target_dag.py
[2022-07-24 23:34:31,471] {processor.py:651} INFO - DAG(s) dict_keys(['example_trigger_target_dag']) retrieved from /Users/pro/Documents/a_env/proj_data/lib/python3.7/site-packages/airflow/example_dags/example_trigger_target_dag.py
[2022-07-24 23:34:31,494] {logging_mixin.py:115} INFO - [2022-07-24 23:34:31,494] {dag.py:2420} INFO - Sync 1 DAGs
[2022-07-24 23:34:31,521] {logging_mixin.py:115} INFO - [2022-07-24 23:34:31,521] {dag.py:2972} INFO - Setting next_dagrun for example_trigger_target_dag to None, run_after=None
[2022-07-24 23:34:31,536] {processor.py:161} INFO - Processing /Users/pro/Documents/a_env/proj_data/lib/python3.7/site-packages/airflow/example_dags/example_trigger_target_dag.py took 0.099 seconds
