[2022-07-24 23:12:33,864] {processor.py:153} INFO - Started process (PID=12424) to work on /Users/pro/Documents/a_env/proj_data/lib/python3.7/site-packages/airflow/example_dags/example_branch_operator.py
[2022-07-24 23:12:33,865] {processor.py:641} INFO - Processing file /Users/pro/Documents/a_env/proj_data/lib/python3.7/site-packages/airflow/example_dags/example_branch_operator.py for tasks to queue
[2022-07-24 23:12:33,866] {logging_mixin.py:115} INFO - [2022-07-24 23:12:33,865] {dagbag.py:508} INFO - Filling up the DagBag from /Users/pro/Documents/a_env/proj_data/lib/python3.7/site-packages/airflow/example_dags/example_branch_operator.py
[2022-07-24 23:12:33,887] {processor.py:651} INFO - DAG(s) dict_keys(['example_branch_operator']) retrieved from /Users/pro/Documents/a_env/proj_data/lib/python3.7/site-packages/airflow/example_dags/example_branch_operator.py
[2022-07-24 23:12:33,963] {logging_mixin.py:115} INFO - [2022-07-24 23:12:33,963] {manager.py:508} INFO - Created Permission View: can edit on DAG:example_branch_operator
[2022-07-24 23:12:33,973] {logging_mixin.py:115} INFO - [2022-07-24 23:12:33,973] {manager.py:508} INFO - Created Permission View: can delete on DAG:example_branch_operator
[2022-07-24 23:12:33,980] {logging_mixin.py:115} INFO - [2022-07-24 23:12:33,980] {manager.py:508} INFO - Created Permission View: can read on DAG:example_branch_operator
[2022-07-24 23:12:33,981] {logging_mixin.py:115} INFO - [2022-07-24 23:12:33,981] {dag.py:2420} INFO - Sync 1 DAGs
[2022-07-24 23:12:33,992] {logging_mixin.py:115} INFO - [2022-07-24 23:12:33,992] {dag.py:2439} INFO - Creating ORM DAG for example_branch_operator
[2022-07-24 23:12:34,009] {logging_mixin.py:115} INFO - [2022-07-24 23:12:34,009] {dag.py:2972} INFO - Setting next_dagrun for example_branch_operator to 2022-07-23T00:00:00+00:00, run_after=2022-07-24T00:00:00+00:00
[2022-07-24 23:12:34,023] {processor.py:161} INFO - Processing /Users/pro/Documents/a_env/proj_data/lib/python3.7/site-packages/airflow/example_dags/example_branch_operator.py took 0.164 seconds
[2022-07-24 23:13:07,330] {processor.py:153} INFO - Started process (PID=12461) to work on /Users/pro/Documents/a_env/proj_data/lib/python3.7/site-packages/airflow/example_dags/example_branch_operator.py
[2022-07-24 23:13:07,331] {processor.py:641} INFO - Processing file /Users/pro/Documents/a_env/proj_data/lib/python3.7/site-packages/airflow/example_dags/example_branch_operator.py for tasks to queue
[2022-07-24 23:13:07,332] {logging_mixin.py:115} INFO - [2022-07-24 23:13:07,332] {dagbag.py:508} INFO - Filling up the DagBag from /Users/pro/Documents/a_env/proj_data/lib/python3.7/site-packages/airflow/example_dags/example_branch_operator.py
[2022-07-24 23:13:07,362] {processor.py:651} INFO - DAG(s) dict_keys(['example_branch_operator']) retrieved from /Users/pro/Documents/a_env/proj_data/lib/python3.7/site-packages/airflow/example_dags/example_branch_operator.py
[2022-07-24 23:13:07,383] {logging_mixin.py:115} INFO - [2022-07-24 23:13:07,383] {dag.py:2420} INFO - Sync 1 DAGs
[2022-07-24 23:13:07,408] {logging_mixin.py:115} INFO - [2022-07-24 23:13:07,408] {dag.py:2972} INFO - Setting next_dagrun for example_branch_operator to 2022-07-23T00:00:00+00:00, run_after=2022-07-24T00:00:00+00:00
[2022-07-24 23:13:07,422] {processor.py:161} INFO - Processing /Users/pro/Documents/a_env/proj_data/lib/python3.7/site-packages/airflow/example_dags/example_branch_operator.py took 0.096 seconds
[2022-07-24 23:13:41,311] {processor.py:153} INFO - Started process (PID=12496) to work on /Users/pro/Documents/a_env/proj_data/lib/python3.7/site-packages/airflow/example_dags/example_branch_operator.py
[2022-07-24 23:13:41,313] {processor.py:641} INFO - Processing file /Users/pro/Documents/a_env/proj_data/lib/python3.7/site-packages/airflow/example_dags/example_branch_operator.py for tasks to queue
[2022-07-24 23:13:41,315] {logging_mixin.py:115} INFO - [2022-07-24 23:13:41,314] {dagbag.py:508} INFO - Filling up the DagBag from /Users/pro/Documents/a_env/proj_data/lib/python3.7/site-packages/airflow/example_dags/example_branch_operator.py
[2022-07-24 23:13:41,341] {processor.py:651} INFO - DAG(s) dict_keys(['example_branch_operator']) retrieved from /Users/pro/Documents/a_env/proj_data/lib/python3.7/site-packages/airflow/example_dags/example_branch_operator.py
[2022-07-24 23:13:41,365] {logging_mixin.py:115} INFO - [2022-07-24 23:13:41,364] {dag.py:2420} INFO - Sync 1 DAGs
[2022-07-24 23:13:41,393] {logging_mixin.py:115} INFO - [2022-07-24 23:13:41,393] {dag.py:2972} INFO - Setting next_dagrun for example_branch_operator to 2022-07-23T00:00:00+00:00, run_after=2022-07-24T00:00:00+00:00
[2022-07-24 23:13:41,408] {processor.py:161} INFO - Processing /Users/pro/Documents/a_env/proj_data/lib/python3.7/site-packages/airflow/example_dags/example_branch_operator.py took 0.104 seconds
[2022-07-24 23:14:15,595] {processor.py:153} INFO - Started process (PID=12533) to work on /Users/pro/Documents/a_env/proj_data/lib/python3.7/site-packages/airflow/example_dags/example_branch_operator.py
[2022-07-24 23:14:15,597] {processor.py:641} INFO - Processing file /Users/pro/Documents/a_env/proj_data/lib/python3.7/site-packages/airflow/example_dags/example_branch_operator.py for tasks to queue
[2022-07-24 23:14:15,598] {logging_mixin.py:115} INFO - [2022-07-24 23:14:15,598] {dagbag.py:508} INFO - Filling up the DagBag from /Users/pro/Documents/a_env/proj_data/lib/python3.7/site-packages/airflow/example_dags/example_branch_operator.py
[2022-07-24 23:14:15,621] {processor.py:651} INFO - DAG(s) dict_keys(['example_branch_operator']) retrieved from /Users/pro/Documents/a_env/proj_data/lib/python3.7/site-packages/airflow/example_dags/example_branch_operator.py
[2022-07-24 23:14:15,642] {logging_mixin.py:115} INFO - [2022-07-24 23:14:15,641] {dag.py:2420} INFO - Sync 1 DAGs
[2022-07-24 23:14:15,669] {logging_mixin.py:115} INFO - [2022-07-24 23:14:15,668] {dag.py:2972} INFO - Setting next_dagrun for example_branch_operator to 2022-07-23T00:00:00+00:00, run_after=2022-07-24T00:00:00+00:00
[2022-07-24 23:14:15,683] {processor.py:161} INFO - Processing /Users/pro/Documents/a_env/proj_data/lib/python3.7/site-packages/airflow/example_dags/example_branch_operator.py took 0.094 seconds
[2022-07-24 23:14:51,014] {processor.py:153} INFO - Started process (PID=12569) to work on /Users/pro/Documents/a_env/proj_data/lib/python3.7/site-packages/airflow/example_dags/example_branch_operator.py
[2022-07-24 23:14:51,017] {processor.py:641} INFO - Processing file /Users/pro/Documents/a_env/proj_data/lib/python3.7/site-packages/airflow/example_dags/example_branch_operator.py for tasks to queue
[2022-07-24 23:14:51,018] {logging_mixin.py:115} INFO - [2022-07-24 23:14:51,017] {dagbag.py:508} INFO - Filling up the DagBag from /Users/pro/Documents/a_env/proj_data/lib/python3.7/site-packages/airflow/example_dags/example_branch_operator.py
[2022-07-24 23:14:51,040] {processor.py:651} INFO - DAG(s) dict_keys(['example_branch_operator']) retrieved from /Users/pro/Documents/a_env/proj_data/lib/python3.7/site-packages/airflow/example_dags/example_branch_operator.py
[2022-07-24 23:14:51,061] {logging_mixin.py:115} INFO - [2022-07-24 23:14:51,061] {dag.py:2420} INFO - Sync 1 DAGs
[2022-07-24 23:14:51,085] {logging_mixin.py:115} INFO - [2022-07-24 23:14:51,085] {dag.py:2972} INFO - Setting next_dagrun for example_branch_operator to 2022-07-23T00:00:00+00:00, run_after=2022-07-24T00:00:00+00:00
[2022-07-24 23:14:51,099] {processor.py:161} INFO - Processing /Users/pro/Documents/a_env/proj_data/lib/python3.7/site-packages/airflow/example_dags/example_branch_operator.py took 0.090 seconds
[2022-07-24 23:15:26,446] {processor.py:153} INFO - Started process (PID=12654) to work on /Users/pro/Documents/a_env/proj_data/lib/python3.7/site-packages/airflow/example_dags/example_branch_operator.py
[2022-07-24 23:15:26,447] {processor.py:641} INFO - Processing file /Users/pro/Documents/a_env/proj_data/lib/python3.7/site-packages/airflow/example_dags/example_branch_operator.py for tasks to queue
[2022-07-24 23:15:26,448] {logging_mixin.py:115} INFO - [2022-07-24 23:15:26,448] {dagbag.py:508} INFO - Filling up the DagBag from /Users/pro/Documents/a_env/proj_data/lib/python3.7/site-packages/airflow/example_dags/example_branch_operator.py
[2022-07-24 23:15:26,469] {processor.py:651} INFO - DAG(s) dict_keys(['example_branch_operator']) retrieved from /Users/pro/Documents/a_env/proj_data/lib/python3.7/site-packages/airflow/example_dags/example_branch_operator.py
[2022-07-24 23:15:26,490] {logging_mixin.py:115} INFO - [2022-07-24 23:15:26,490] {dag.py:2420} INFO - Sync 1 DAGs
[2022-07-24 23:15:26,518] {logging_mixin.py:115} INFO - [2022-07-24 23:15:26,518] {dag.py:2972} INFO - Setting next_dagrun for example_branch_operator to 2022-07-23T00:00:00+00:00, run_after=2022-07-24T00:00:00+00:00
[2022-07-24 23:15:26,534] {processor.py:161} INFO - Processing /Users/pro/Documents/a_env/proj_data/lib/python3.7/site-packages/airflow/example_dags/example_branch_operator.py took 0.092 seconds
[2022-07-24 23:16:01,776] {processor.py:153} INFO - Started process (PID=12779) to work on /Users/pro/Documents/a_env/proj_data/lib/python3.7/site-packages/airflow/example_dags/example_branch_operator.py
[2022-07-24 23:16:01,778] {processor.py:641} INFO - Processing file /Users/pro/Documents/a_env/proj_data/lib/python3.7/site-packages/airflow/example_dags/example_branch_operator.py for tasks to queue
[2022-07-24 23:16:01,779] {logging_mixin.py:115} INFO - [2022-07-24 23:16:01,779] {dagbag.py:508} INFO - Filling up the DagBag from /Users/pro/Documents/a_env/proj_data/lib/python3.7/site-packages/airflow/example_dags/example_branch_operator.py
[2022-07-24 23:16:01,800] {processor.py:651} INFO - DAG(s) dict_keys(['example_branch_operator']) retrieved from /Users/pro/Documents/a_env/proj_data/lib/python3.7/site-packages/airflow/example_dags/example_branch_operator.py
[2022-07-24 23:16:01,821] {logging_mixin.py:115} INFO - [2022-07-24 23:16:01,821] {dag.py:2420} INFO - Sync 1 DAGs
[2022-07-24 23:16:01,845] {logging_mixin.py:115} INFO - [2022-07-24 23:16:01,845] {dag.py:2972} INFO - Setting next_dagrun for example_branch_operator to 2022-07-23T00:00:00+00:00, run_after=2022-07-24T00:00:00+00:00
[2022-07-24 23:16:01,858] {processor.py:161} INFO - Processing /Users/pro/Documents/a_env/proj_data/lib/python3.7/site-packages/airflow/example_dags/example_branch_operator.py took 0.086 seconds
[2022-07-24 23:16:35,033] {processor.py:153} INFO - Started process (PID=12893) to work on /Users/pro/Documents/a_env/proj_data/lib/python3.7/site-packages/airflow/example_dags/example_branch_operator.py
[2022-07-24 23:16:35,034] {processor.py:641} INFO - Processing file /Users/pro/Documents/a_env/proj_data/lib/python3.7/site-packages/airflow/example_dags/example_branch_operator.py for tasks to queue
[2022-07-24 23:16:35,036] {logging_mixin.py:115} INFO - [2022-07-24 23:16:35,035] {dagbag.py:508} INFO - Filling up the DagBag from /Users/pro/Documents/a_env/proj_data/lib/python3.7/site-packages/airflow/example_dags/example_branch_operator.py
[2022-07-24 23:16:35,058] {processor.py:651} INFO - DAG(s) dict_keys(['example_branch_operator']) retrieved from /Users/pro/Documents/a_env/proj_data/lib/python3.7/site-packages/airflow/example_dags/example_branch_operator.py
[2022-07-24 23:16:35,079] {logging_mixin.py:115} INFO - [2022-07-24 23:16:35,078] {dag.py:2420} INFO - Sync 1 DAGs
[2022-07-24 23:16:35,105] {logging_mixin.py:115} INFO - [2022-07-24 23:16:35,105] {dag.py:2972} INFO - Setting next_dagrun for example_branch_operator to 2022-07-23T00:00:00+00:00, run_after=2022-07-24T00:00:00+00:00
[2022-07-24 23:16:35,121] {processor.py:161} INFO - Processing /Users/pro/Documents/a_env/proj_data/lib/python3.7/site-packages/airflow/example_dags/example_branch_operator.py took 0.092 seconds
[2022-07-24 23:17:08,909] {processor.py:153} INFO - Started process (PID=12979) to work on /Users/pro/Documents/a_env/proj_data/lib/python3.7/site-packages/airflow/example_dags/example_branch_operator.py
[2022-07-24 23:17:08,912] {processor.py:641} INFO - Processing file /Users/pro/Documents/a_env/proj_data/lib/python3.7/site-packages/airflow/example_dags/example_branch_operator.py for tasks to queue
[2022-07-24 23:17:08,913] {logging_mixin.py:115} INFO - [2022-07-24 23:17:08,913] {dagbag.py:508} INFO - Filling up the DagBag from /Users/pro/Documents/a_env/proj_data/lib/python3.7/site-packages/airflow/example_dags/example_branch_operator.py
[2022-07-24 23:17:08,931] {processor.py:651} INFO - DAG(s) dict_keys(['example_branch_operator']) retrieved from /Users/pro/Documents/a_env/proj_data/lib/python3.7/site-packages/airflow/example_dags/example_branch_operator.py
[2022-07-24 23:17:08,954] {logging_mixin.py:115} INFO - [2022-07-24 23:17:08,954] {dag.py:2420} INFO - Sync 1 DAGs
[2022-07-24 23:17:08,981] {logging_mixin.py:115} INFO - [2022-07-24 23:17:08,981] {dag.py:2972} INFO - Setting next_dagrun for example_branch_operator to 2022-07-23T00:00:00+00:00, run_after=2022-07-24T00:00:00+00:00
[2022-07-24 23:17:09,002] {processor.py:161} INFO - Processing /Users/pro/Documents/a_env/proj_data/lib/python3.7/site-packages/airflow/example_dags/example_branch_operator.py took 0.101 seconds
[2022-07-24 23:17:43,370] {processor.py:153} INFO - Started process (PID=13053) to work on /Users/pro/Documents/a_env/proj_data/lib/python3.7/site-packages/airflow/example_dags/example_branch_operator.py
[2022-07-24 23:17:43,372] {processor.py:641} INFO - Processing file /Users/pro/Documents/a_env/proj_data/lib/python3.7/site-packages/airflow/example_dags/example_branch_operator.py for tasks to queue
[2022-07-24 23:17:43,374] {logging_mixin.py:115} INFO - [2022-07-24 23:17:43,373] {dagbag.py:508} INFO - Filling up the DagBag from /Users/pro/Documents/a_env/proj_data/lib/python3.7/site-packages/airflow/example_dags/example_branch_operator.py
[2022-07-24 23:17:43,390] {processor.py:651} INFO - DAG(s) dict_keys(['example_branch_operator']) retrieved from /Users/pro/Documents/a_env/proj_data/lib/python3.7/site-packages/airflow/example_dags/example_branch_operator.py
[2022-07-24 23:17:43,413] {logging_mixin.py:115} INFO - [2022-07-24 23:17:43,413] {dag.py:2420} INFO - Sync 1 DAGs
[2022-07-24 23:17:43,438] {logging_mixin.py:115} INFO - [2022-07-24 23:17:43,438] {dag.py:2972} INFO - Setting next_dagrun for example_branch_operator to 2022-07-23T00:00:00+00:00, run_after=2022-07-24T00:00:00+00:00
[2022-07-24 23:17:43,450] {processor.py:161} INFO - Processing /Users/pro/Documents/a_env/proj_data/lib/python3.7/site-packages/airflow/example_dags/example_branch_operator.py took 0.084 seconds
[2022-07-24 23:18:16,372] {processor.py:153} INFO - Started process (PID=13164) to work on /Users/pro/Documents/a_env/proj_data/lib/python3.7/site-packages/airflow/example_dags/example_branch_operator.py
[2022-07-24 23:18:16,374] {processor.py:641} INFO - Processing file /Users/pro/Documents/a_env/proj_data/lib/python3.7/site-packages/airflow/example_dags/example_branch_operator.py for tasks to queue
[2022-07-24 23:18:16,375] {logging_mixin.py:115} INFO - [2022-07-24 23:18:16,375] {dagbag.py:508} INFO - Filling up the DagBag from /Users/pro/Documents/a_env/proj_data/lib/python3.7/site-packages/airflow/example_dags/example_branch_operator.py
[2022-07-24 23:18:16,395] {processor.py:651} INFO - DAG(s) dict_keys(['example_branch_operator']) retrieved from /Users/pro/Documents/a_env/proj_data/lib/python3.7/site-packages/airflow/example_dags/example_branch_operator.py
[2022-07-24 23:18:16,416] {logging_mixin.py:115} INFO - [2022-07-24 23:18:16,416] {dag.py:2420} INFO - Sync 1 DAGs
[2022-07-24 23:18:16,460] {logging_mixin.py:115} INFO - [2022-07-24 23:18:16,460] {dag.py:2972} INFO - Setting next_dagrun for example_branch_operator to 2022-07-23T00:00:00+00:00, run_after=2022-07-24T00:00:00+00:00
[2022-07-24 23:18:16,477] {processor.py:161} INFO - Processing /Users/pro/Documents/a_env/proj_data/lib/python3.7/site-packages/airflow/example_dags/example_branch_operator.py took 0.111 seconds
[2022-07-24 23:18:51,633] {processor.py:153} INFO - Started process (PID=13268) to work on /Users/pro/Documents/a_env/proj_data/lib/python3.7/site-packages/airflow/example_dags/example_branch_operator.py
[2022-07-24 23:18:51,634] {processor.py:641} INFO - Processing file /Users/pro/Documents/a_env/proj_data/lib/python3.7/site-packages/airflow/example_dags/example_branch_operator.py for tasks to queue
[2022-07-24 23:18:51,636] {logging_mixin.py:115} INFO - [2022-07-24 23:18:51,635] {dagbag.py:508} INFO - Filling up the DagBag from /Users/pro/Documents/a_env/proj_data/lib/python3.7/site-packages/airflow/example_dags/example_branch_operator.py
[2022-07-24 23:18:51,652] {processor.py:651} INFO - DAG(s) dict_keys(['example_branch_operator']) retrieved from /Users/pro/Documents/a_env/proj_data/lib/python3.7/site-packages/airflow/example_dags/example_branch_operator.py
[2022-07-24 23:18:51,672] {logging_mixin.py:115} INFO - [2022-07-24 23:18:51,672] {dag.py:2420} INFO - Sync 1 DAGs
[2022-07-24 23:18:51,696] {logging_mixin.py:115} INFO - [2022-07-24 23:18:51,696] {dag.py:2972} INFO - Setting next_dagrun for example_branch_operator to 2022-07-23T00:00:00+00:00, run_after=2022-07-24T00:00:00+00:00
[2022-07-24 23:18:51,708] {processor.py:161} INFO - Processing /Users/pro/Documents/a_env/proj_data/lib/python3.7/site-packages/airflow/example_dags/example_branch_operator.py took 0.080 seconds
[2022-07-24 23:19:23,615] {processor.py:153} INFO - Started process (PID=13354) to work on /Users/pro/Documents/a_env/proj_data/lib/python3.7/site-packages/airflow/example_dags/example_branch_operator.py
[2022-07-24 23:19:23,616] {processor.py:641} INFO - Processing file /Users/pro/Documents/a_env/proj_data/lib/python3.7/site-packages/airflow/example_dags/example_branch_operator.py for tasks to queue
[2022-07-24 23:19:23,617] {logging_mixin.py:115} INFO - [2022-07-24 23:19:23,616] {dagbag.py:508} INFO - Filling up the DagBag from /Users/pro/Documents/a_env/proj_data/lib/python3.7/site-packages/airflow/example_dags/example_branch_operator.py
[2022-07-24 23:19:23,632] {processor.py:651} INFO - DAG(s) dict_keys(['example_branch_operator']) retrieved from /Users/pro/Documents/a_env/proj_data/lib/python3.7/site-packages/airflow/example_dags/example_branch_operator.py
[2022-07-24 23:19:23,652] {logging_mixin.py:115} INFO - [2022-07-24 23:19:23,651] {dag.py:2420} INFO - Sync 1 DAGs
[2022-07-24 23:19:23,675] {logging_mixin.py:115} INFO - [2022-07-24 23:19:23,674] {dag.py:2972} INFO - Setting next_dagrun for example_branch_operator to 2022-07-23T00:00:00+00:00, run_after=2022-07-24T00:00:00+00:00
[2022-07-24 23:19:23,688] {processor.py:161} INFO - Processing /Users/pro/Documents/a_env/proj_data/lib/python3.7/site-packages/airflow/example_dags/example_branch_operator.py took 0.078 seconds
[2022-07-24 23:19:56,680] {processor.py:153} INFO - Started process (PID=13409) to work on /Users/pro/Documents/a_env/proj_data/lib/python3.7/site-packages/airflow/example_dags/example_branch_operator.py
[2022-07-24 23:19:56,681] {processor.py:641} INFO - Processing file /Users/pro/Documents/a_env/proj_data/lib/python3.7/site-packages/airflow/example_dags/example_branch_operator.py for tasks to queue
[2022-07-24 23:19:56,682] {logging_mixin.py:115} INFO - [2022-07-24 23:19:56,682] {dagbag.py:508} INFO - Filling up the DagBag from /Users/pro/Documents/a_env/proj_data/lib/python3.7/site-packages/airflow/example_dags/example_branch_operator.py
[2022-07-24 23:19:56,711] {processor.py:651} INFO - DAG(s) dict_keys(['example_branch_operator']) retrieved from /Users/pro/Documents/a_env/proj_data/lib/python3.7/site-packages/airflow/example_dags/example_branch_operator.py
[2022-07-24 23:19:56,735] {logging_mixin.py:115} INFO - [2022-07-24 23:19:56,734] {dag.py:2420} INFO - Sync 1 DAGs
[2022-07-24 23:19:56,760] {logging_mixin.py:115} INFO - [2022-07-24 23:19:56,760] {dag.py:2972} INFO - Setting next_dagrun for example_branch_operator to 2022-07-23T00:00:00+00:00, run_after=2022-07-24T00:00:00+00:00
[2022-07-24 23:19:56,776] {processor.py:161} INFO - Processing /Users/pro/Documents/a_env/proj_data/lib/python3.7/site-packages/airflow/example_dags/example_branch_operator.py took 0.100 seconds
[2022-07-24 23:20:31,791] {processor.py:153} INFO - Started process (PID=13524) to work on /Users/pro/Documents/a_env/proj_data/lib/python3.7/site-packages/airflow/example_dags/example_branch_operator.py
[2022-07-24 23:20:31,793] {processor.py:641} INFO - Processing file /Users/pro/Documents/a_env/proj_data/lib/python3.7/site-packages/airflow/example_dags/example_branch_operator.py for tasks to queue
[2022-07-24 23:20:31,794] {logging_mixin.py:115} INFO - [2022-07-24 23:20:31,793] {dagbag.py:508} INFO - Filling up the DagBag from /Users/pro/Documents/a_env/proj_data/lib/python3.7/site-packages/airflow/example_dags/example_branch_operator.py
[2022-07-24 23:20:31,811] {processor.py:651} INFO - DAG(s) dict_keys(['example_branch_operator']) retrieved from /Users/pro/Documents/a_env/proj_data/lib/python3.7/site-packages/airflow/example_dags/example_branch_operator.py
[2022-07-24 23:20:31,835] {logging_mixin.py:115} INFO - [2022-07-24 23:20:31,834] {dag.py:2420} INFO - Sync 1 DAGs
[2022-07-24 23:20:31,862] {logging_mixin.py:115} INFO - [2022-07-24 23:20:31,861] {dag.py:2972} INFO - Setting next_dagrun for example_branch_operator to 2022-07-23T00:00:00+00:00, run_after=2022-07-24T00:00:00+00:00
[2022-07-24 23:20:31,877] {processor.py:161} INFO - Processing /Users/pro/Documents/a_env/proj_data/lib/python3.7/site-packages/airflow/example_dags/example_branch_operator.py took 0.092 seconds
[2022-07-24 23:21:07,284] {processor.py:153} INFO - Started process (PID=13814) to work on /Users/pro/Documents/a_env/proj_data/lib/python3.7/site-packages/airflow/example_dags/example_branch_operator.py
[2022-07-24 23:21:07,285] {processor.py:641} INFO - Processing file /Users/pro/Documents/a_env/proj_data/lib/python3.7/site-packages/airflow/example_dags/example_branch_operator.py for tasks to queue
[2022-07-24 23:21:07,286] {logging_mixin.py:115} INFO - [2022-07-24 23:21:07,286] {dagbag.py:508} INFO - Filling up the DagBag from /Users/pro/Documents/a_env/proj_data/lib/python3.7/site-packages/airflow/example_dags/example_branch_operator.py
[2022-07-24 23:21:07,302] {processor.py:651} INFO - DAG(s) dict_keys(['example_branch_operator']) retrieved from /Users/pro/Documents/a_env/proj_data/lib/python3.7/site-packages/airflow/example_dags/example_branch_operator.py
[2022-07-24 23:21:07,322] {logging_mixin.py:115} INFO - [2022-07-24 23:21:07,322] {dag.py:2420} INFO - Sync 1 DAGs
[2022-07-24 23:21:07,346] {logging_mixin.py:115} INFO - [2022-07-24 23:21:07,346] {dag.py:2972} INFO - Setting next_dagrun for example_branch_operator to 2022-07-23T00:00:00+00:00, run_after=2022-07-24T00:00:00+00:00
[2022-07-24 23:21:07,361] {processor.py:161} INFO - Processing /Users/pro/Documents/a_env/proj_data/lib/python3.7/site-packages/airflow/example_dags/example_branch_operator.py took 0.082 seconds
[2022-07-24 23:21:40,706] {processor.py:153} INFO - Started process (PID=13892) to work on /Users/pro/Documents/a_env/proj_data/lib/python3.7/site-packages/airflow/example_dags/example_branch_operator.py
[2022-07-24 23:21:40,708] {processor.py:641} INFO - Processing file /Users/pro/Documents/a_env/proj_data/lib/python3.7/site-packages/airflow/example_dags/example_branch_operator.py for tasks to queue
[2022-07-24 23:21:40,710] {logging_mixin.py:115} INFO - [2022-07-24 23:21:40,709] {dagbag.py:508} INFO - Filling up the DagBag from /Users/pro/Documents/a_env/proj_data/lib/python3.7/site-packages/airflow/example_dags/example_branch_operator.py
[2022-07-24 23:21:40,726] {processor.py:651} INFO - DAG(s) dict_keys(['example_branch_operator']) retrieved from /Users/pro/Documents/a_env/proj_data/lib/python3.7/site-packages/airflow/example_dags/example_branch_operator.py
[2022-07-24 23:21:40,748] {logging_mixin.py:115} INFO - [2022-07-24 23:21:40,748] {dag.py:2420} INFO - Sync 1 DAGs
[2022-07-24 23:21:40,773] {logging_mixin.py:115} INFO - [2022-07-24 23:21:40,773] {dag.py:2972} INFO - Setting next_dagrun for example_branch_operator to 2022-07-23T00:00:00+00:00, run_after=2022-07-24T00:00:00+00:00
[2022-07-24 23:21:40,787] {processor.py:161} INFO - Processing /Users/pro/Documents/a_env/proj_data/lib/python3.7/site-packages/airflow/example_dags/example_branch_operator.py took 0.086 seconds
[2022-07-24 23:22:12,392] {processor.py:153} INFO - Started process (PID=13973) to work on /Users/pro/Documents/a_env/proj_data/lib/python3.7/site-packages/airflow/example_dags/example_branch_operator.py
[2022-07-24 23:22:12,393] {processor.py:641} INFO - Processing file /Users/pro/Documents/a_env/proj_data/lib/python3.7/site-packages/airflow/example_dags/example_branch_operator.py for tasks to queue
[2022-07-24 23:22:12,395] {logging_mixin.py:115} INFO - [2022-07-24 23:22:12,394] {dagbag.py:508} INFO - Filling up the DagBag from /Users/pro/Documents/a_env/proj_data/lib/python3.7/site-packages/airflow/example_dags/example_branch_operator.py
[2022-07-24 23:22:12,417] {processor.py:651} INFO - DAG(s) dict_keys(['example_branch_operator']) retrieved from /Users/pro/Documents/a_env/proj_data/lib/python3.7/site-packages/airflow/example_dags/example_branch_operator.py
[2022-07-24 23:22:12,442] {logging_mixin.py:115} INFO - [2022-07-24 23:22:12,441] {dag.py:2420} INFO - Sync 1 DAGs
[2022-07-24 23:22:12,467] {logging_mixin.py:115} INFO - [2022-07-24 23:22:12,467] {dag.py:2972} INFO - Setting next_dagrun for example_branch_operator to 2022-07-23T00:00:00+00:00, run_after=2022-07-24T00:00:00+00:00
[2022-07-24 23:22:12,481] {processor.py:161} INFO - Processing /Users/pro/Documents/a_env/proj_data/lib/python3.7/site-packages/airflow/example_dags/example_branch_operator.py took 0.094 seconds
[2022-07-24 23:22:47,352] {processor.py:153} INFO - Started process (PID=14081) to work on /Users/pro/Documents/a_env/proj_data/lib/python3.7/site-packages/airflow/example_dags/example_branch_operator.py
[2022-07-24 23:22:47,353] {processor.py:641} INFO - Processing file /Users/pro/Documents/a_env/proj_data/lib/python3.7/site-packages/airflow/example_dags/example_branch_operator.py for tasks to queue
[2022-07-24 23:22:47,354] {logging_mixin.py:115} INFO - [2022-07-24 23:22:47,353] {dagbag.py:508} INFO - Filling up the DagBag from /Users/pro/Documents/a_env/proj_data/lib/python3.7/site-packages/airflow/example_dags/example_branch_operator.py
[2022-07-24 23:22:47,370] {processor.py:651} INFO - DAG(s) dict_keys(['example_branch_operator']) retrieved from /Users/pro/Documents/a_env/proj_data/lib/python3.7/site-packages/airflow/example_dags/example_branch_operator.py
[2022-07-24 23:22:47,394] {logging_mixin.py:115} INFO - [2022-07-24 23:22:47,393] {dag.py:2420} INFO - Sync 1 DAGs
[2022-07-24 23:22:47,422] {logging_mixin.py:115} INFO - [2022-07-24 23:22:47,422] {dag.py:2972} INFO - Setting next_dagrun for example_branch_operator to 2022-07-23T00:00:00+00:00, run_after=2022-07-24T00:00:00+00:00
[2022-07-24 23:22:47,436] {processor.py:161} INFO - Processing /Users/pro/Documents/a_env/proj_data/lib/python3.7/site-packages/airflow/example_dags/example_branch_operator.py took 0.089 seconds
[2022-07-24 23:23:22,071] {processor.py:153} INFO - Started process (PID=14198) to work on /Users/pro/Documents/a_env/proj_data/lib/python3.7/site-packages/airflow/example_dags/example_branch_operator.py
[2022-07-24 23:23:22,073] {processor.py:641} INFO - Processing file /Users/pro/Documents/a_env/proj_data/lib/python3.7/site-packages/airflow/example_dags/example_branch_operator.py for tasks to queue
[2022-07-24 23:23:22,074] {logging_mixin.py:115} INFO - [2022-07-24 23:23:22,074] {dagbag.py:508} INFO - Filling up the DagBag from /Users/pro/Documents/a_env/proj_data/lib/python3.7/site-packages/airflow/example_dags/example_branch_operator.py
[2022-07-24 23:23:22,091] {processor.py:651} INFO - DAG(s) dict_keys(['example_branch_operator']) retrieved from /Users/pro/Documents/a_env/proj_data/lib/python3.7/site-packages/airflow/example_dags/example_branch_operator.py
[2022-07-24 23:23:22,113] {logging_mixin.py:115} INFO - [2022-07-24 23:23:22,113] {dag.py:2420} INFO - Sync 1 DAGs
[2022-07-24 23:23:22,138] {logging_mixin.py:115} INFO - [2022-07-24 23:23:22,138] {dag.py:2972} INFO - Setting next_dagrun for example_branch_operator to 2022-07-23T00:00:00+00:00, run_after=2022-07-24T00:00:00+00:00
[2022-07-24 23:23:22,151] {processor.py:161} INFO - Processing /Users/pro/Documents/a_env/proj_data/lib/python3.7/site-packages/airflow/example_dags/example_branch_operator.py took 0.084 seconds
[2022-07-24 23:23:55,743] {processor.py:153} INFO - Started process (PID=14245) to work on /Users/pro/Documents/a_env/proj_data/lib/python3.7/site-packages/airflow/example_dags/example_branch_operator.py
[2022-07-24 23:23:55,744] {processor.py:641} INFO - Processing file /Users/pro/Documents/a_env/proj_data/lib/python3.7/site-packages/airflow/example_dags/example_branch_operator.py for tasks to queue
[2022-07-24 23:23:55,745] {logging_mixin.py:115} INFO - [2022-07-24 23:23:55,744] {dagbag.py:508} INFO - Filling up the DagBag from /Users/pro/Documents/a_env/proj_data/lib/python3.7/site-packages/airflow/example_dags/example_branch_operator.py
[2022-07-24 23:23:55,762] {processor.py:651} INFO - DAG(s) dict_keys(['example_branch_operator']) retrieved from /Users/pro/Documents/a_env/proj_data/lib/python3.7/site-packages/airflow/example_dags/example_branch_operator.py
[2022-07-24 23:23:55,783] {logging_mixin.py:115} INFO - [2022-07-24 23:23:55,783] {dag.py:2420} INFO - Sync 1 DAGs
[2022-07-24 23:23:55,808] {logging_mixin.py:115} INFO - [2022-07-24 23:23:55,807] {dag.py:2972} INFO - Setting next_dagrun for example_branch_operator to 2022-07-23T00:00:00+00:00, run_after=2022-07-24T00:00:00+00:00
[2022-07-24 23:23:55,821] {processor.py:161} INFO - Processing /Users/pro/Documents/a_env/proj_data/lib/python3.7/site-packages/airflow/example_dags/example_branch_operator.py took 0.083 seconds
[2022-07-24 23:24:30,217] {processor.py:153} INFO - Started process (PID=14371) to work on /Users/pro/Documents/a_env/proj_data/lib/python3.7/site-packages/airflow/example_dags/example_branch_operator.py
[2022-07-24 23:24:30,218] {processor.py:641} INFO - Processing file /Users/pro/Documents/a_env/proj_data/lib/python3.7/site-packages/airflow/example_dags/example_branch_operator.py for tasks to queue
[2022-07-24 23:24:30,220] {logging_mixin.py:115} INFO - [2022-07-24 23:24:30,219] {dagbag.py:508} INFO - Filling up the DagBag from /Users/pro/Documents/a_env/proj_data/lib/python3.7/site-packages/airflow/example_dags/example_branch_operator.py
[2022-07-24 23:24:30,239] {processor.py:651} INFO - DAG(s) dict_keys(['example_branch_operator']) retrieved from /Users/pro/Documents/a_env/proj_data/lib/python3.7/site-packages/airflow/example_dags/example_branch_operator.py
[2022-07-24 23:24:30,264] {logging_mixin.py:115} INFO - [2022-07-24 23:24:30,263] {dag.py:2420} INFO - Sync 1 DAGs
[2022-07-24 23:24:30,292] {logging_mixin.py:115} INFO - [2022-07-24 23:24:30,291] {dag.py:2972} INFO - Setting next_dagrun for example_branch_operator to 2022-07-23T00:00:00+00:00, run_after=2022-07-24T00:00:00+00:00
[2022-07-24 23:24:30,307] {processor.py:161} INFO - Processing /Users/pro/Documents/a_env/proj_data/lib/python3.7/site-packages/airflow/example_dags/example_branch_operator.py took 0.096 seconds
[2022-07-24 23:25:06,323] {processor.py:153} INFO - Started process (PID=14424) to work on /Users/pro/Documents/a_env/proj_data/lib/python3.7/site-packages/airflow/example_dags/example_branch_operator.py
[2022-07-24 23:25:06,325] {processor.py:641} INFO - Processing file /Users/pro/Documents/a_env/proj_data/lib/python3.7/site-packages/airflow/example_dags/example_branch_operator.py for tasks to queue
[2022-07-24 23:25:06,326] {logging_mixin.py:115} INFO - [2022-07-24 23:25:06,326] {dagbag.py:508} INFO - Filling up the DagBag from /Users/pro/Documents/a_env/proj_data/lib/python3.7/site-packages/airflow/example_dags/example_branch_operator.py
[2022-07-24 23:25:06,346] {processor.py:651} INFO - DAG(s) dict_keys(['example_branch_operator']) retrieved from /Users/pro/Documents/a_env/proj_data/lib/python3.7/site-packages/airflow/example_dags/example_branch_operator.py
[2022-07-24 23:25:06,370] {logging_mixin.py:115} INFO - [2022-07-24 23:25:06,370] {dag.py:2420} INFO - Sync 1 DAGs
[2022-07-24 23:25:06,407] {logging_mixin.py:115} INFO - [2022-07-24 23:25:06,406] {dag.py:2972} INFO - Setting next_dagrun for example_branch_operator to 2022-07-23T00:00:00+00:00, run_after=2022-07-24T00:00:00+00:00
[2022-07-24 23:25:06,425] {processor.py:161} INFO - Processing /Users/pro/Documents/a_env/proj_data/lib/python3.7/site-packages/airflow/example_dags/example_branch_operator.py took 0.108 seconds
[2022-07-24 23:25:41,755] {processor.py:153} INFO - Started process (PID=14473) to work on /Users/pro/Documents/a_env/proj_data/lib/python3.7/site-packages/airflow/example_dags/example_branch_operator.py
[2022-07-24 23:25:41,756] {processor.py:641} INFO - Processing file /Users/pro/Documents/a_env/proj_data/lib/python3.7/site-packages/airflow/example_dags/example_branch_operator.py for tasks to queue
[2022-07-24 23:25:41,758] {logging_mixin.py:115} INFO - [2022-07-24 23:25:41,757] {dagbag.py:508} INFO - Filling up the DagBag from /Users/pro/Documents/a_env/proj_data/lib/python3.7/site-packages/airflow/example_dags/example_branch_operator.py
[2022-07-24 23:25:41,775] {processor.py:651} INFO - DAG(s) dict_keys(['example_branch_operator']) retrieved from /Users/pro/Documents/a_env/proj_data/lib/python3.7/site-packages/airflow/example_dags/example_branch_operator.py
[2022-07-24 23:25:41,799] {logging_mixin.py:115} INFO - [2022-07-24 23:25:41,798] {dag.py:2420} INFO - Sync 1 DAGs
[2022-07-24 23:25:41,824] {logging_mixin.py:115} INFO - [2022-07-24 23:25:41,824] {dag.py:2972} INFO - Setting next_dagrun for example_branch_operator to 2022-07-23T00:00:00+00:00, run_after=2022-07-24T00:00:00+00:00
[2022-07-24 23:25:41,839] {processor.py:161} INFO - Processing /Users/pro/Documents/a_env/proj_data/lib/python3.7/site-packages/airflow/example_dags/example_branch_operator.py took 0.089 seconds
[2022-07-24 23:26:17,290] {processor.py:153} INFO - Started process (PID=14512) to work on /Users/pro/Documents/a_env/proj_data/lib/python3.7/site-packages/airflow/example_dags/example_branch_operator.py
[2022-07-24 23:26:17,291] {processor.py:641} INFO - Processing file /Users/pro/Documents/a_env/proj_data/lib/python3.7/site-packages/airflow/example_dags/example_branch_operator.py for tasks to queue
[2022-07-24 23:26:17,292] {logging_mixin.py:115} INFO - [2022-07-24 23:26:17,292] {dagbag.py:508} INFO - Filling up the DagBag from /Users/pro/Documents/a_env/proj_data/lib/python3.7/site-packages/airflow/example_dags/example_branch_operator.py
[2022-07-24 23:26:17,310] {processor.py:651} INFO - DAG(s) dict_keys(['example_branch_operator']) retrieved from /Users/pro/Documents/a_env/proj_data/lib/python3.7/site-packages/airflow/example_dags/example_branch_operator.py
[2022-07-24 23:26:17,333] {logging_mixin.py:115} INFO - [2022-07-24 23:26:17,332] {dag.py:2420} INFO - Sync 1 DAGs
[2022-07-24 23:26:17,360] {logging_mixin.py:115} INFO - [2022-07-24 23:26:17,360] {dag.py:2972} INFO - Setting next_dagrun for example_branch_operator to 2022-07-23T00:00:00+00:00, run_after=2022-07-24T00:00:00+00:00
[2022-07-24 23:26:17,376] {processor.py:161} INFO - Processing /Users/pro/Documents/a_env/proj_data/lib/python3.7/site-packages/airflow/example_dags/example_branch_operator.py took 0.091 seconds
[2022-07-24 23:26:52,706] {processor.py:153} INFO - Started process (PID=14573) to work on /Users/pro/Documents/a_env/proj_data/lib/python3.7/site-packages/airflow/example_dags/example_branch_operator.py
[2022-07-24 23:26:52,708] {processor.py:641} INFO - Processing file /Users/pro/Documents/a_env/proj_data/lib/python3.7/site-packages/airflow/example_dags/example_branch_operator.py for tasks to queue
[2022-07-24 23:26:52,709] {logging_mixin.py:115} INFO - [2022-07-24 23:26:52,709] {dagbag.py:508} INFO - Filling up the DagBag from /Users/pro/Documents/a_env/proj_data/lib/python3.7/site-packages/airflow/example_dags/example_branch_operator.py
[2022-07-24 23:26:52,727] {processor.py:651} INFO - DAG(s) dict_keys(['example_branch_operator']) retrieved from /Users/pro/Documents/a_env/proj_data/lib/python3.7/site-packages/airflow/example_dags/example_branch_operator.py
[2022-07-24 23:26:52,749] {logging_mixin.py:115} INFO - [2022-07-24 23:26:52,748] {dag.py:2420} INFO - Sync 1 DAGs
[2022-07-24 23:26:52,776] {logging_mixin.py:115} INFO - [2022-07-24 23:26:52,776] {dag.py:2972} INFO - Setting next_dagrun for example_branch_operator to 2022-07-23T00:00:00+00:00, run_after=2022-07-24T00:00:00+00:00
[2022-07-24 23:26:52,791] {processor.py:161} INFO - Processing /Users/pro/Documents/a_env/proj_data/lib/python3.7/site-packages/airflow/example_dags/example_branch_operator.py took 0.090 seconds
[2022-07-24 23:27:26,104] {processor.py:153} INFO - Started process (PID=14672) to work on /Users/pro/Documents/a_env/proj_data/lib/python3.7/site-packages/airflow/example_dags/example_branch_operator.py
[2022-07-24 23:27:26,106] {processor.py:641} INFO - Processing file /Users/pro/Documents/a_env/proj_data/lib/python3.7/site-packages/airflow/example_dags/example_branch_operator.py for tasks to queue
[2022-07-24 23:27:26,107] {logging_mixin.py:115} INFO - [2022-07-24 23:27:26,107] {dagbag.py:508} INFO - Filling up the DagBag from /Users/pro/Documents/a_env/proj_data/lib/python3.7/site-packages/airflow/example_dags/example_branch_operator.py
[2022-07-24 23:27:26,125] {processor.py:651} INFO - DAG(s) dict_keys(['example_branch_operator']) retrieved from /Users/pro/Documents/a_env/proj_data/lib/python3.7/site-packages/airflow/example_dags/example_branch_operator.py
[2022-07-24 23:27:26,148] {logging_mixin.py:115} INFO - [2022-07-24 23:27:26,147] {dag.py:2420} INFO - Sync 1 DAGs
[2022-07-24 23:27:26,172] {logging_mixin.py:115} INFO - [2022-07-24 23:27:26,172] {dag.py:2972} INFO - Setting next_dagrun for example_branch_operator to 2022-07-23T00:00:00+00:00, run_after=2022-07-24T00:00:00+00:00
[2022-07-24 23:27:26,187] {processor.py:161} INFO - Processing /Users/pro/Documents/a_env/proj_data/lib/python3.7/site-packages/airflow/example_dags/example_branch_operator.py took 0.088 seconds
[2022-07-24 23:28:00,397] {processor.py:153} INFO - Started process (PID=14751) to work on /Users/pro/Documents/a_env/proj_data/lib/python3.7/site-packages/airflow/example_dags/example_branch_operator.py
[2022-07-24 23:28:00,399] {processor.py:641} INFO - Processing file /Users/pro/Documents/a_env/proj_data/lib/python3.7/site-packages/airflow/example_dags/example_branch_operator.py for tasks to queue
[2022-07-24 23:28:00,400] {logging_mixin.py:115} INFO - [2022-07-24 23:28:00,400] {dagbag.py:508} INFO - Filling up the DagBag from /Users/pro/Documents/a_env/proj_data/lib/python3.7/site-packages/airflow/example_dags/example_branch_operator.py
[2022-07-24 23:28:00,419] {processor.py:651} INFO - DAG(s) dict_keys(['example_branch_operator']) retrieved from /Users/pro/Documents/a_env/proj_data/lib/python3.7/site-packages/airflow/example_dags/example_branch_operator.py
[2022-07-24 23:28:00,441] {logging_mixin.py:115} INFO - [2022-07-24 23:28:00,440] {dag.py:2420} INFO - Sync 1 DAGs
[2022-07-24 23:28:00,465] {logging_mixin.py:115} INFO - [2022-07-24 23:28:00,464] {dag.py:2972} INFO - Setting next_dagrun for example_branch_operator to 2022-07-23T00:00:00+00:00, run_after=2022-07-24T00:00:00+00:00
[2022-07-24 23:28:00,480] {processor.py:161} INFO - Processing /Users/pro/Documents/a_env/proj_data/lib/python3.7/site-packages/airflow/example_dags/example_branch_operator.py took 0.088 seconds
[2022-07-24 23:28:34,171] {processor.py:153} INFO - Started process (PID=14831) to work on /Users/pro/Documents/a_env/proj_data/lib/python3.7/site-packages/airflow/example_dags/example_branch_operator.py
[2022-07-24 23:28:34,173] {processor.py:641} INFO - Processing file /Users/pro/Documents/a_env/proj_data/lib/python3.7/site-packages/airflow/example_dags/example_branch_operator.py for tasks to queue
[2022-07-24 23:28:34,174] {logging_mixin.py:115} INFO - [2022-07-24 23:28:34,174] {dagbag.py:508} INFO - Filling up the DagBag from /Users/pro/Documents/a_env/proj_data/lib/python3.7/site-packages/airflow/example_dags/example_branch_operator.py
[2022-07-24 23:28:34,195] {processor.py:651} INFO - DAG(s) dict_keys(['example_branch_operator']) retrieved from /Users/pro/Documents/a_env/proj_data/lib/python3.7/site-packages/airflow/example_dags/example_branch_operator.py
[2022-07-24 23:28:34,236] {logging_mixin.py:115} INFO - [2022-07-24 23:28:34,236] {dag.py:2420} INFO - Sync 1 DAGs
[2022-07-24 23:28:34,263] {logging_mixin.py:115} INFO - [2022-07-24 23:28:34,263] {dag.py:2972} INFO - Setting next_dagrun for example_branch_operator to 2022-07-23T00:00:00+00:00, run_after=2022-07-24T00:00:00+00:00
[2022-07-24 23:28:34,281] {processor.py:161} INFO - Processing /Users/pro/Documents/a_env/proj_data/lib/python3.7/site-packages/airflow/example_dags/example_branch_operator.py took 0.117 seconds
[2022-07-24 23:29:09,072] {processor.py:153} INFO - Started process (PID=14867) to work on /Users/pro/Documents/a_env/proj_data/lib/python3.7/site-packages/airflow/example_dags/example_branch_operator.py
[2022-07-24 23:29:09,073] {processor.py:641} INFO - Processing file /Users/pro/Documents/a_env/proj_data/lib/python3.7/site-packages/airflow/example_dags/example_branch_operator.py for tasks to queue
[2022-07-24 23:29:09,075] {logging_mixin.py:115} INFO - [2022-07-24 23:29:09,074] {dagbag.py:508} INFO - Filling up the DagBag from /Users/pro/Documents/a_env/proj_data/lib/python3.7/site-packages/airflow/example_dags/example_branch_operator.py
[2022-07-24 23:29:09,094] {processor.py:651} INFO - DAG(s) dict_keys(['example_branch_operator']) retrieved from /Users/pro/Documents/a_env/proj_data/lib/python3.7/site-packages/airflow/example_dags/example_branch_operator.py
[2022-07-24 23:29:09,117] {logging_mixin.py:115} INFO - [2022-07-24 23:29:09,116] {dag.py:2420} INFO - Sync 1 DAGs
[2022-07-24 23:29:09,143] {logging_mixin.py:115} INFO - [2022-07-24 23:29:09,142] {dag.py:2972} INFO - Setting next_dagrun for example_branch_operator to 2022-07-23T00:00:00+00:00, run_after=2022-07-24T00:00:00+00:00
[2022-07-24 23:29:09,156] {processor.py:161} INFO - Processing /Users/pro/Documents/a_env/proj_data/lib/python3.7/site-packages/airflow/example_dags/example_branch_operator.py took 0.090 seconds
[2022-07-24 23:29:43,121] {processor.py:153} INFO - Started process (PID=14903) to work on /Users/pro/Documents/a_env/proj_data/lib/python3.7/site-packages/airflow/example_dags/example_branch_operator.py
[2022-07-24 23:29:43,128] {processor.py:641} INFO - Processing file /Users/pro/Documents/a_env/proj_data/lib/python3.7/site-packages/airflow/example_dags/example_branch_operator.py for tasks to queue
[2022-07-24 23:29:43,129] {logging_mixin.py:115} INFO - [2022-07-24 23:29:43,129] {dagbag.py:508} INFO - Filling up the DagBag from /Users/pro/Documents/a_env/proj_data/lib/python3.7/site-packages/airflow/example_dags/example_branch_operator.py
[2022-07-24 23:29:43,149] {processor.py:651} INFO - DAG(s) dict_keys(['example_branch_operator']) retrieved from /Users/pro/Documents/a_env/proj_data/lib/python3.7/site-packages/airflow/example_dags/example_branch_operator.py
[2022-07-24 23:29:43,175] {logging_mixin.py:115} INFO - [2022-07-24 23:29:43,175] {dag.py:2420} INFO - Sync 1 DAGs
[2022-07-24 23:29:43,204] {logging_mixin.py:115} INFO - [2022-07-24 23:29:43,204] {dag.py:2972} INFO - Setting next_dagrun for example_branch_operator to 2022-07-23T00:00:00+00:00, run_after=2022-07-24T00:00:00+00:00
[2022-07-24 23:29:43,222] {processor.py:161} INFO - Processing /Users/pro/Documents/a_env/proj_data/lib/python3.7/site-packages/airflow/example_dags/example_branch_operator.py took 0.107 seconds
[2022-07-24 23:30:15,673] {processor.py:153} INFO - Started process (PID=14952) to work on /Users/pro/Documents/a_env/proj_data/lib/python3.7/site-packages/airflow/example_dags/example_branch_operator.py
[2022-07-24 23:30:15,675] {processor.py:641} INFO - Processing file /Users/pro/Documents/a_env/proj_data/lib/python3.7/site-packages/airflow/example_dags/example_branch_operator.py for tasks to queue
[2022-07-24 23:30:15,677] {logging_mixin.py:115} INFO - [2022-07-24 23:30:15,676] {dagbag.py:508} INFO - Filling up the DagBag from /Users/pro/Documents/a_env/proj_data/lib/python3.7/site-packages/airflow/example_dags/example_branch_operator.py
[2022-07-24 23:30:15,697] {processor.py:651} INFO - DAG(s) dict_keys(['example_branch_operator']) retrieved from /Users/pro/Documents/a_env/proj_data/lib/python3.7/site-packages/airflow/example_dags/example_branch_operator.py
[2022-07-24 23:30:15,723] {logging_mixin.py:115} INFO - [2022-07-24 23:30:15,722] {dag.py:2420} INFO - Sync 1 DAGs
[2022-07-24 23:30:15,754] {logging_mixin.py:115} INFO - [2022-07-24 23:30:15,753] {dag.py:2972} INFO - Setting next_dagrun for example_branch_operator to 2022-07-23T00:00:00+00:00, run_after=2022-07-24T00:00:00+00:00
[2022-07-24 23:30:15,772] {processor.py:161} INFO - Processing /Users/pro/Documents/a_env/proj_data/lib/python3.7/site-packages/airflow/example_dags/example_branch_operator.py took 0.105 seconds
[2022-07-24 23:30:49,735] {processor.py:153} INFO - Started process (PID=14991) to work on /Users/pro/Documents/a_env/proj_data/lib/python3.7/site-packages/airflow/example_dags/example_branch_operator.py
[2022-07-24 23:30:49,736] {processor.py:641} INFO - Processing file /Users/pro/Documents/a_env/proj_data/lib/python3.7/site-packages/airflow/example_dags/example_branch_operator.py for tasks to queue
[2022-07-24 23:30:49,737] {logging_mixin.py:115} INFO - [2022-07-24 23:30:49,737] {dagbag.py:508} INFO - Filling up the DagBag from /Users/pro/Documents/a_env/proj_data/lib/python3.7/site-packages/airflow/example_dags/example_branch_operator.py
[2022-07-24 23:30:49,753] {processor.py:651} INFO - DAG(s) dict_keys(['example_branch_operator']) retrieved from /Users/pro/Documents/a_env/proj_data/lib/python3.7/site-packages/airflow/example_dags/example_branch_operator.py
[2022-07-24 23:30:49,775] {logging_mixin.py:115} INFO - [2022-07-24 23:30:49,774] {dag.py:2420} INFO - Sync 1 DAGs
[2022-07-24 23:30:49,801] {logging_mixin.py:115} INFO - [2022-07-24 23:30:49,800] {dag.py:2972} INFO - Setting next_dagrun for example_branch_operator to 2022-07-23T00:00:00+00:00, run_after=2022-07-24T00:00:00+00:00
[2022-07-24 23:30:49,815] {processor.py:161} INFO - Processing /Users/pro/Documents/a_env/proj_data/lib/python3.7/site-packages/airflow/example_dags/example_branch_operator.py took 0.086 seconds
[2022-07-24 23:31:23,922] {processor.py:153} INFO - Started process (PID=15026) to work on /Users/pro/Documents/a_env/proj_data/lib/python3.7/site-packages/airflow/example_dags/example_branch_operator.py
[2022-07-24 23:31:23,924] {processor.py:641} INFO - Processing file /Users/pro/Documents/a_env/proj_data/lib/python3.7/site-packages/airflow/example_dags/example_branch_operator.py for tasks to queue
[2022-07-24 23:31:23,926] {logging_mixin.py:115} INFO - [2022-07-24 23:31:23,926] {dagbag.py:508} INFO - Filling up the DagBag from /Users/pro/Documents/a_env/proj_data/lib/python3.7/site-packages/airflow/example_dags/example_branch_operator.py
[2022-07-24 23:31:23,943] {processor.py:651} INFO - DAG(s) dict_keys(['example_branch_operator']) retrieved from /Users/pro/Documents/a_env/proj_data/lib/python3.7/site-packages/airflow/example_dags/example_branch_operator.py
[2022-07-24 23:31:23,963] {logging_mixin.py:115} INFO - [2022-07-24 23:31:23,963] {dag.py:2420} INFO - Sync 1 DAGs
[2022-07-24 23:31:23,987] {logging_mixin.py:115} INFO - [2022-07-24 23:31:23,986] {dag.py:2972} INFO - Setting next_dagrun for example_branch_operator to 2022-07-23T00:00:00+00:00, run_after=2022-07-24T00:00:00+00:00
[2022-07-24 23:31:24,000] {processor.py:161} INFO - Processing /Users/pro/Documents/a_env/proj_data/lib/python3.7/site-packages/airflow/example_dags/example_branch_operator.py took 0.083 seconds
[2022-07-24 23:31:59,110] {processor.py:153} INFO - Started process (PID=15132) to work on /Users/pro/Documents/a_env/proj_data/lib/python3.7/site-packages/airflow/example_dags/example_branch_operator.py
[2022-07-24 23:31:59,111] {processor.py:641} INFO - Processing file /Users/pro/Documents/a_env/proj_data/lib/python3.7/site-packages/airflow/example_dags/example_branch_operator.py for tasks to queue
[2022-07-24 23:31:59,112] {logging_mixin.py:115} INFO - [2022-07-24 23:31:59,112] {dagbag.py:508} INFO - Filling up the DagBag from /Users/pro/Documents/a_env/proj_data/lib/python3.7/site-packages/airflow/example_dags/example_branch_operator.py
[2022-07-24 23:31:59,131] {processor.py:651} INFO - DAG(s) dict_keys(['example_branch_operator']) retrieved from /Users/pro/Documents/a_env/proj_data/lib/python3.7/site-packages/airflow/example_dags/example_branch_operator.py
[2022-07-24 23:31:59,155] {logging_mixin.py:115} INFO - [2022-07-24 23:31:59,155] {dag.py:2420} INFO - Sync 1 DAGs
[2022-07-24 23:31:59,184] {logging_mixin.py:115} INFO - [2022-07-24 23:31:59,184] {dag.py:2972} INFO - Setting next_dagrun for example_branch_operator to 2022-07-23T00:00:00+00:00, run_after=2022-07-24T00:00:00+00:00
[2022-07-24 23:31:59,199] {processor.py:161} INFO - Processing /Users/pro/Documents/a_env/proj_data/lib/python3.7/site-packages/airflow/example_dags/example_branch_operator.py took 0.094 seconds
[2022-07-24 23:32:33,084] {processor.py:153} INFO - Started process (PID=15183) to work on /Users/pro/Documents/a_env/proj_data/lib/python3.7/site-packages/airflow/example_dags/example_branch_operator.py
[2022-07-24 23:32:33,086] {processor.py:641} INFO - Processing file /Users/pro/Documents/a_env/proj_data/lib/python3.7/site-packages/airflow/example_dags/example_branch_operator.py for tasks to queue
[2022-07-24 23:32:33,088] {logging_mixin.py:115} INFO - [2022-07-24 23:32:33,087] {dagbag.py:508} INFO - Filling up the DagBag from /Users/pro/Documents/a_env/proj_data/lib/python3.7/site-packages/airflow/example_dags/example_branch_operator.py
[2022-07-24 23:32:33,104] {processor.py:651} INFO - DAG(s) dict_keys(['example_branch_operator']) retrieved from /Users/pro/Documents/a_env/proj_data/lib/python3.7/site-packages/airflow/example_dags/example_branch_operator.py
[2022-07-24 23:32:33,127] {logging_mixin.py:115} INFO - [2022-07-24 23:32:33,126] {dag.py:2420} INFO - Sync 1 DAGs
[2022-07-24 23:32:33,153] {logging_mixin.py:115} INFO - [2022-07-24 23:32:33,153] {dag.py:2972} INFO - Setting next_dagrun for example_branch_operator to 2022-07-23T00:00:00+00:00, run_after=2022-07-24T00:00:00+00:00
[2022-07-24 23:32:33,171] {processor.py:161} INFO - Processing /Users/pro/Documents/a_env/proj_data/lib/python3.7/site-packages/airflow/example_dags/example_branch_operator.py took 0.092 seconds
[2022-07-24 23:33:09,000] {processor.py:153} INFO - Started process (PID=15292) to work on /Users/pro/Documents/a_env/proj_data/lib/python3.7/site-packages/airflow/example_dags/example_branch_operator.py
[2022-07-24 23:33:09,001] {processor.py:641} INFO - Processing file /Users/pro/Documents/a_env/proj_data/lib/python3.7/site-packages/airflow/example_dags/example_branch_operator.py for tasks to queue
[2022-07-24 23:33:09,002] {logging_mixin.py:115} INFO - [2022-07-24 23:33:09,002] {dagbag.py:508} INFO - Filling up the DagBag from /Users/pro/Documents/a_env/proj_data/lib/python3.7/site-packages/airflow/example_dags/example_branch_operator.py
[2022-07-24 23:33:09,019] {processor.py:651} INFO - DAG(s) dict_keys(['example_branch_operator']) retrieved from /Users/pro/Documents/a_env/proj_data/lib/python3.7/site-packages/airflow/example_dags/example_branch_operator.py
[2022-07-24 23:33:09,044] {logging_mixin.py:115} INFO - [2022-07-24 23:33:09,043] {dag.py:2420} INFO - Sync 1 DAGs
[2022-07-24 23:33:09,070] {logging_mixin.py:115} INFO - [2022-07-24 23:33:09,070] {dag.py:2972} INFO - Setting next_dagrun for example_branch_operator to 2022-07-23T00:00:00+00:00, run_after=2022-07-24T00:00:00+00:00
[2022-07-24 23:33:09,084] {processor.py:161} INFO - Processing /Users/pro/Documents/a_env/proj_data/lib/python3.7/site-packages/airflow/example_dags/example_branch_operator.py took 0.089 seconds
[2022-07-24 23:33:42,761] {processor.py:153} INFO - Started process (PID=15383) to work on /Users/pro/Documents/a_env/proj_data/lib/python3.7/site-packages/airflow/example_dags/example_branch_operator.py
[2022-07-24 23:33:42,762] {processor.py:641} INFO - Processing file /Users/pro/Documents/a_env/proj_data/lib/python3.7/site-packages/airflow/example_dags/example_branch_operator.py for tasks to queue
[2022-07-24 23:33:42,763] {logging_mixin.py:115} INFO - [2022-07-24 23:33:42,763] {dagbag.py:508} INFO - Filling up the DagBag from /Users/pro/Documents/a_env/proj_data/lib/python3.7/site-packages/airflow/example_dags/example_branch_operator.py
[2022-07-24 23:33:42,780] {processor.py:651} INFO - DAG(s) dict_keys(['example_branch_operator']) retrieved from /Users/pro/Documents/a_env/proj_data/lib/python3.7/site-packages/airflow/example_dags/example_branch_operator.py
[2022-07-24 23:33:42,803] {logging_mixin.py:115} INFO - [2022-07-24 23:33:42,803] {dag.py:2420} INFO - Sync 1 DAGs
[2022-07-24 23:33:42,828] {logging_mixin.py:115} INFO - [2022-07-24 23:33:42,828] {dag.py:2972} INFO - Setting next_dagrun for example_branch_operator to 2022-07-23T00:00:00+00:00, run_after=2022-07-24T00:00:00+00:00
[2022-07-24 23:33:42,843] {processor.py:161} INFO - Processing /Users/pro/Documents/a_env/proj_data/lib/python3.7/site-packages/airflow/example_dags/example_branch_operator.py took 0.087 seconds
[2022-07-24 23:34:17,125] {processor.py:153} INFO - Started process (PID=15478) to work on /Users/pro/Documents/a_env/proj_data/lib/python3.7/site-packages/airflow/example_dags/example_branch_operator.py
[2022-07-24 23:34:17,127] {processor.py:641} INFO - Processing file /Users/pro/Documents/a_env/proj_data/lib/python3.7/site-packages/airflow/example_dags/example_branch_operator.py for tasks to queue
[2022-07-24 23:34:17,128] {logging_mixin.py:115} INFO - [2022-07-24 23:34:17,128] {dagbag.py:508} INFO - Filling up the DagBag from /Users/pro/Documents/a_env/proj_data/lib/python3.7/site-packages/airflow/example_dags/example_branch_operator.py
[2022-07-24 23:34:17,145] {processor.py:651} INFO - DAG(s) dict_keys(['example_branch_operator']) retrieved from /Users/pro/Documents/a_env/proj_data/lib/python3.7/site-packages/airflow/example_dags/example_branch_operator.py
[2022-07-24 23:34:17,166] {logging_mixin.py:115} INFO - [2022-07-24 23:34:17,165] {dag.py:2420} INFO - Sync 1 DAGs
[2022-07-24 23:34:17,190] {logging_mixin.py:115} INFO - [2022-07-24 23:34:17,190] {dag.py:2972} INFO - Setting next_dagrun for example_branch_operator to 2022-07-23T00:00:00+00:00, run_after=2022-07-24T00:00:00+00:00
[2022-07-24 23:34:17,203] {processor.py:161} INFO - Processing /Users/pro/Documents/a_env/proj_data/lib/python3.7/site-packages/airflow/example_dags/example_branch_operator.py took 0.083 seconds
