[2022-07-24 23:12:37,607] {processor.py:153} INFO - Started process (PID=12427) to work on /Users/pro/Documents/a_env/proj_data/lib/python3.7/site-packages/airflow/example_dags/example_branch_datetime_operator.py
[2022-07-24 23:12:37,608] {processor.py:641} INFO - Processing file /Users/pro/Documents/a_env/proj_data/lib/python3.7/site-packages/airflow/example_dags/example_branch_datetime_operator.py for tasks to queue
[2022-07-24 23:12:37,609] {logging_mixin.py:115} INFO - [2022-07-24 23:12:37,609] {dagbag.py:508} INFO - Filling up the DagBag from /Users/pro/Documents/a_env/proj_data/lib/python3.7/site-packages/airflow/example_dags/example_branch_datetime_operator.py
[2022-07-24 23:12:37,623] {processor.py:651} INFO - DAG(s) dict_keys(['example_branch_datetime_operator', 'example_branch_datetime_operator_2']) retrieved from /Users/pro/Documents/a_env/proj_data/lib/python3.7/site-packages/airflow/example_dags/example_branch_datetime_operator.py
[2022-07-24 23:12:37,703] {logging_mixin.py:115} INFO - [2022-07-24 23:12:37,702] {manager.py:508} INFO - Created Permission View: can edit on DAG:example_branch_datetime_operator
[2022-07-24 23:12:37,712] {logging_mixin.py:115} INFO - [2022-07-24 23:12:37,712] {manager.py:508} INFO - Created Permission View: can delete on DAG:example_branch_datetime_operator
[2022-07-24 23:12:37,719] {logging_mixin.py:115} INFO - [2022-07-24 23:12:37,719] {manager.py:508} INFO - Created Permission View: can read on DAG:example_branch_datetime_operator
[2022-07-24 23:12:37,733] {logging_mixin.py:115} INFO - [2022-07-24 23:12:37,732] {manager.py:508} INFO - Created Permission View: can edit on DAG:example_branch_datetime_operator_2
[2022-07-24 23:12:37,740] {logging_mixin.py:115} INFO - [2022-07-24 23:12:37,739] {manager.py:508} INFO - Created Permission View: can delete on DAG:example_branch_datetime_operator_2
[2022-07-24 23:12:37,746] {logging_mixin.py:115} INFO - [2022-07-24 23:12:37,746] {manager.py:508} INFO - Created Permission View: can read on DAG:example_branch_datetime_operator_2
[2022-07-24 23:12:37,747] {logging_mixin.py:115} INFO - [2022-07-24 23:12:37,746] {dag.py:2420} INFO - Sync 2 DAGs
[2022-07-24 23:12:37,757] {logging_mixin.py:115} INFO - [2022-07-24 23:12:37,756] {dag.py:2439} INFO - Creating ORM DAG for example_branch_datetime_operator_2
[2022-07-24 23:12:37,757] {logging_mixin.py:115} INFO - [2022-07-24 23:12:37,757] {dag.py:2439} INFO - Creating ORM DAG for example_branch_datetime_operator
[2022-07-24 23:12:37,772] {logging_mixin.py:115} INFO - [2022-07-24 23:12:37,771] {dag.py:2972} INFO - Setting next_dagrun for example_branch_datetime_operator to 2022-07-23T00:00:00+00:00, run_after=2022-07-24T00:00:00+00:00
[2022-07-24 23:12:37,774] {logging_mixin.py:115} INFO - [2022-07-24 23:12:37,774] {dag.py:2972} INFO - Setting next_dagrun for example_branch_datetime_operator_2 to 2022-07-23T00:00:00+00:00, run_after=2022-07-24T00:00:00+00:00
[2022-07-24 23:12:37,788] {processor.py:161} INFO - Processing /Users/pro/Documents/a_env/proj_data/lib/python3.7/site-packages/airflow/example_dags/example_branch_datetime_operator.py took 0.185 seconds
[2022-07-24 23:13:10,096] {processor.py:153} INFO - Started process (PID=12464) to work on /Users/pro/Documents/a_env/proj_data/lib/python3.7/site-packages/airflow/example_dags/example_branch_datetime_operator.py
[2022-07-24 23:13:10,097] {processor.py:641} INFO - Processing file /Users/pro/Documents/a_env/proj_data/lib/python3.7/site-packages/airflow/example_dags/example_branch_datetime_operator.py for tasks to queue
[2022-07-24 23:13:10,098] {logging_mixin.py:115} INFO - [2022-07-24 23:13:10,098] {dagbag.py:508} INFO - Filling up the DagBag from /Users/pro/Documents/a_env/proj_data/lib/python3.7/site-packages/airflow/example_dags/example_branch_datetime_operator.py
[2022-07-24 23:13:10,111] {processor.py:651} INFO - DAG(s) dict_keys(['example_branch_datetime_operator', 'example_branch_datetime_operator_2']) retrieved from /Users/pro/Documents/a_env/proj_data/lib/python3.7/site-packages/airflow/example_dags/example_branch_datetime_operator.py
[2022-07-24 23:13:10,141] {logging_mixin.py:115} INFO - [2022-07-24 23:13:10,141] {dag.py:2420} INFO - Sync 2 DAGs
[2022-07-24 23:13:10,165] {logging_mixin.py:115} INFO - [2022-07-24 23:13:10,165] {dag.py:2972} INFO - Setting next_dagrun for example_branch_datetime_operator to 2022-07-23T00:00:00+00:00, run_after=2022-07-24T00:00:00+00:00
[2022-07-24 23:13:10,168] {logging_mixin.py:115} INFO - [2022-07-24 23:13:10,168] {dag.py:2972} INFO - Setting next_dagrun for example_branch_datetime_operator_2 to 2022-07-23T00:00:00+00:00, run_after=2022-07-24T00:00:00+00:00
[2022-07-24 23:13:10,181] {processor.py:161} INFO - Processing /Users/pro/Documents/a_env/proj_data/lib/python3.7/site-packages/airflow/example_dags/example_branch_datetime_operator.py took 0.090 seconds
[2022-07-24 23:13:44,010] {processor.py:153} INFO - Started process (PID=12501) to work on /Users/pro/Documents/a_env/proj_data/lib/python3.7/site-packages/airflow/example_dags/example_branch_datetime_operator.py
[2022-07-24 23:13:44,011] {processor.py:641} INFO - Processing file /Users/pro/Documents/a_env/proj_data/lib/python3.7/site-packages/airflow/example_dags/example_branch_datetime_operator.py for tasks to queue
[2022-07-24 23:13:44,012] {logging_mixin.py:115} INFO - [2022-07-24 23:13:44,012] {dagbag.py:508} INFO - Filling up the DagBag from /Users/pro/Documents/a_env/proj_data/lib/python3.7/site-packages/airflow/example_dags/example_branch_datetime_operator.py
[2022-07-24 23:13:44,025] {processor.py:651} INFO - DAG(s) dict_keys(['example_branch_datetime_operator', 'example_branch_datetime_operator_2']) retrieved from /Users/pro/Documents/a_env/proj_data/lib/python3.7/site-packages/airflow/example_dags/example_branch_datetime_operator.py
[2022-07-24 23:13:44,052] {logging_mixin.py:115} INFO - [2022-07-24 23:13:44,051] {dag.py:2420} INFO - Sync 2 DAGs
[2022-07-24 23:13:44,075] {logging_mixin.py:115} INFO - [2022-07-24 23:13:44,074] {dag.py:2972} INFO - Setting next_dagrun for example_branch_datetime_operator to 2022-07-23T00:00:00+00:00, run_after=2022-07-24T00:00:00+00:00
[2022-07-24 23:13:44,077] {logging_mixin.py:115} INFO - [2022-07-24 23:13:44,076] {dag.py:2972} INFO - Setting next_dagrun for example_branch_datetime_operator_2 to 2022-07-23T00:00:00+00:00, run_after=2022-07-24T00:00:00+00:00
[2022-07-24 23:13:44,090] {processor.py:161} INFO - Processing /Users/pro/Documents/a_env/proj_data/lib/python3.7/site-packages/airflow/example_dags/example_branch_datetime_operator.py took 0.085 seconds
[2022-07-24 23:14:19,024] {processor.py:153} INFO - Started process (PID=12536) to work on /Users/pro/Documents/a_env/proj_data/lib/python3.7/site-packages/airflow/example_dags/example_branch_datetime_operator.py
[2022-07-24 23:14:19,026] {processor.py:641} INFO - Processing file /Users/pro/Documents/a_env/proj_data/lib/python3.7/site-packages/airflow/example_dags/example_branch_datetime_operator.py for tasks to queue
[2022-07-24 23:14:19,028] {logging_mixin.py:115} INFO - [2022-07-24 23:14:19,027] {dagbag.py:508} INFO - Filling up the DagBag from /Users/pro/Documents/a_env/proj_data/lib/python3.7/site-packages/airflow/example_dags/example_branch_datetime_operator.py
[2022-07-24 23:14:19,044] {processor.py:651} INFO - DAG(s) dict_keys(['example_branch_datetime_operator', 'example_branch_datetime_operator_2']) retrieved from /Users/pro/Documents/a_env/proj_data/lib/python3.7/site-packages/airflow/example_dags/example_branch_datetime_operator.py
[2022-07-24 23:14:19,073] {logging_mixin.py:115} INFO - [2022-07-24 23:14:19,072] {dag.py:2420} INFO - Sync 2 DAGs
[2022-07-24 23:14:19,100] {logging_mixin.py:115} INFO - [2022-07-24 23:14:19,100] {dag.py:2972} INFO - Setting next_dagrun for example_branch_datetime_operator to 2022-07-23T00:00:00+00:00, run_after=2022-07-24T00:00:00+00:00
[2022-07-24 23:14:19,102] {logging_mixin.py:115} INFO - [2022-07-24 23:14:19,102] {dag.py:2972} INFO - Setting next_dagrun for example_branch_datetime_operator_2 to 2022-07-23T00:00:00+00:00, run_after=2022-07-24T00:00:00+00:00
[2022-07-24 23:14:19,118] {processor.py:161} INFO - Processing /Users/pro/Documents/a_env/proj_data/lib/python3.7/site-packages/airflow/example_dags/example_branch_datetime_operator.py took 0.099 seconds
[2022-07-24 23:14:54,193] {processor.py:153} INFO - Started process (PID=12572) to work on /Users/pro/Documents/a_env/proj_data/lib/python3.7/site-packages/airflow/example_dags/example_branch_datetime_operator.py
[2022-07-24 23:14:54,195] {processor.py:641} INFO - Processing file /Users/pro/Documents/a_env/proj_data/lib/python3.7/site-packages/airflow/example_dags/example_branch_datetime_operator.py for tasks to queue
[2022-07-24 23:14:54,196] {logging_mixin.py:115} INFO - [2022-07-24 23:14:54,196] {dagbag.py:508} INFO - Filling up the DagBag from /Users/pro/Documents/a_env/proj_data/lib/python3.7/site-packages/airflow/example_dags/example_branch_datetime_operator.py
[2022-07-24 23:14:54,211] {processor.py:651} INFO - DAG(s) dict_keys(['example_branch_datetime_operator', 'example_branch_datetime_operator_2']) retrieved from /Users/pro/Documents/a_env/proj_data/lib/python3.7/site-packages/airflow/example_dags/example_branch_datetime_operator.py
[2022-07-24 23:14:54,240] {logging_mixin.py:115} INFO - [2022-07-24 23:14:54,239] {dag.py:2420} INFO - Sync 2 DAGs
[2022-07-24 23:14:54,264] {logging_mixin.py:115} INFO - [2022-07-24 23:14:54,264] {dag.py:2972} INFO - Setting next_dagrun for example_branch_datetime_operator to 2022-07-23T00:00:00+00:00, run_after=2022-07-24T00:00:00+00:00
[2022-07-24 23:14:54,266] {logging_mixin.py:115} INFO - [2022-07-24 23:14:54,266] {dag.py:2972} INFO - Setting next_dagrun for example_branch_datetime_operator_2 to 2022-07-23T00:00:00+00:00, run_after=2022-07-24T00:00:00+00:00
[2022-07-24 23:14:54,281] {processor.py:161} INFO - Processing /Users/pro/Documents/a_env/proj_data/lib/python3.7/site-packages/airflow/example_dags/example_branch_datetime_operator.py took 0.092 seconds
[2022-07-24 23:15:29,871] {processor.py:153} INFO - Started process (PID=12665) to work on /Users/pro/Documents/a_env/proj_data/lib/python3.7/site-packages/airflow/example_dags/example_branch_datetime_operator.py
[2022-07-24 23:15:29,872] {processor.py:641} INFO - Processing file /Users/pro/Documents/a_env/proj_data/lib/python3.7/site-packages/airflow/example_dags/example_branch_datetime_operator.py for tasks to queue
[2022-07-24 23:15:29,873] {logging_mixin.py:115} INFO - [2022-07-24 23:15:29,873] {dagbag.py:508} INFO - Filling up the DagBag from /Users/pro/Documents/a_env/proj_data/lib/python3.7/site-packages/airflow/example_dags/example_branch_datetime_operator.py
[2022-07-24 23:15:29,892] {processor.py:651} INFO - DAG(s) dict_keys(['example_branch_datetime_operator', 'example_branch_datetime_operator_2']) retrieved from /Users/pro/Documents/a_env/proj_data/lib/python3.7/site-packages/airflow/example_dags/example_branch_datetime_operator.py
[2022-07-24 23:15:29,925] {logging_mixin.py:115} INFO - [2022-07-24 23:15:29,925] {dag.py:2420} INFO - Sync 2 DAGs
[2022-07-24 23:15:29,961] {logging_mixin.py:115} INFO - [2022-07-24 23:15:29,961] {dag.py:2972} INFO - Setting next_dagrun for example_branch_datetime_operator to 2022-07-23T00:00:00+00:00, run_after=2022-07-24T00:00:00+00:00
[2022-07-24 23:15:29,964] {logging_mixin.py:115} INFO - [2022-07-24 23:15:29,964] {dag.py:2972} INFO - Setting next_dagrun for example_branch_datetime_operator_2 to 2022-07-23T00:00:00+00:00, run_after=2022-07-24T00:00:00+00:00
[2022-07-24 23:15:30,032] {processor.py:161} INFO - Processing /Users/pro/Documents/a_env/proj_data/lib/python3.7/site-packages/airflow/example_dags/example_branch_datetime_operator.py took 0.167 seconds
[2022-07-24 23:16:05,296] {processor.py:153} INFO - Started process (PID=12811) to work on /Users/pro/Documents/a_env/proj_data/lib/python3.7/site-packages/airflow/example_dags/example_branch_datetime_operator.py
[2022-07-24 23:16:05,298] {processor.py:641} INFO - Processing file /Users/pro/Documents/a_env/proj_data/lib/python3.7/site-packages/airflow/example_dags/example_branch_datetime_operator.py for tasks to queue
[2022-07-24 23:16:05,299] {logging_mixin.py:115} INFO - [2022-07-24 23:16:05,299] {dagbag.py:508} INFO - Filling up the DagBag from /Users/pro/Documents/a_env/proj_data/lib/python3.7/site-packages/airflow/example_dags/example_branch_datetime_operator.py
[2022-07-24 23:16:05,312] {processor.py:651} INFO - DAG(s) dict_keys(['example_branch_datetime_operator', 'example_branch_datetime_operator_2']) retrieved from /Users/pro/Documents/a_env/proj_data/lib/python3.7/site-packages/airflow/example_dags/example_branch_datetime_operator.py
[2022-07-24 23:16:05,339] {logging_mixin.py:115} INFO - [2022-07-24 23:16:05,338] {dag.py:2420} INFO - Sync 2 DAGs
[2022-07-24 23:16:05,362] {logging_mixin.py:115} INFO - [2022-07-24 23:16:05,362] {dag.py:2972} INFO - Setting next_dagrun for example_branch_datetime_operator to 2022-07-23T00:00:00+00:00, run_after=2022-07-24T00:00:00+00:00
[2022-07-24 23:16:05,364] {logging_mixin.py:115} INFO - [2022-07-24 23:16:05,364] {dag.py:2972} INFO - Setting next_dagrun for example_branch_datetime_operator_2 to 2022-07-23T00:00:00+00:00, run_after=2022-07-24T00:00:00+00:00
[2022-07-24 23:16:05,377] {processor.py:161} INFO - Processing /Users/pro/Documents/a_env/proj_data/lib/python3.7/site-packages/airflow/example_dags/example_branch_datetime_operator.py took 0.086 seconds
[2022-07-24 23:16:37,318] {processor.py:153} INFO - Started process (PID=12896) to work on /Users/pro/Documents/a_env/proj_data/lib/python3.7/site-packages/airflow/example_dags/example_branch_datetime_operator.py
[2022-07-24 23:16:37,319] {processor.py:641} INFO - Processing file /Users/pro/Documents/a_env/proj_data/lib/python3.7/site-packages/airflow/example_dags/example_branch_datetime_operator.py for tasks to queue
[2022-07-24 23:16:37,320] {logging_mixin.py:115} INFO - [2022-07-24 23:16:37,320] {dagbag.py:508} INFO - Filling up the DagBag from /Users/pro/Documents/a_env/proj_data/lib/python3.7/site-packages/airflow/example_dags/example_branch_datetime_operator.py
[2022-07-24 23:16:37,333] {processor.py:651} INFO - DAG(s) dict_keys(['example_branch_datetime_operator', 'example_branch_datetime_operator_2']) retrieved from /Users/pro/Documents/a_env/proj_data/lib/python3.7/site-packages/airflow/example_dags/example_branch_datetime_operator.py
[2022-07-24 23:16:37,360] {logging_mixin.py:115} INFO - [2022-07-24 23:16:37,360] {dag.py:2420} INFO - Sync 2 DAGs
[2022-07-24 23:16:37,384] {logging_mixin.py:115} INFO - [2022-07-24 23:16:37,384] {dag.py:2972} INFO - Setting next_dagrun for example_branch_datetime_operator to 2022-07-23T00:00:00+00:00, run_after=2022-07-24T00:00:00+00:00
[2022-07-24 23:16:37,387] {logging_mixin.py:115} INFO - [2022-07-24 23:16:37,387] {dag.py:2972} INFO - Setting next_dagrun for example_branch_datetime_operator_2 to 2022-07-23T00:00:00+00:00, run_after=2022-07-24T00:00:00+00:00
[2022-07-24 23:16:37,401] {processor.py:161} INFO - Processing /Users/pro/Documents/a_env/proj_data/lib/python3.7/site-packages/airflow/example_dags/example_branch_datetime_operator.py took 0.087 seconds
[2022-07-24 23:17:12,444] {processor.py:153} INFO - Started process (PID=12982) to work on /Users/pro/Documents/a_env/proj_data/lib/python3.7/site-packages/airflow/example_dags/example_branch_datetime_operator.py
[2022-07-24 23:17:12,446] {processor.py:641} INFO - Processing file /Users/pro/Documents/a_env/proj_data/lib/python3.7/site-packages/airflow/example_dags/example_branch_datetime_operator.py for tasks to queue
[2022-07-24 23:17:12,447] {logging_mixin.py:115} INFO - [2022-07-24 23:17:12,447] {dagbag.py:508} INFO - Filling up the DagBag from /Users/pro/Documents/a_env/proj_data/lib/python3.7/site-packages/airflow/example_dags/example_branch_datetime_operator.py
[2022-07-24 23:17:12,460] {processor.py:651} INFO - DAG(s) dict_keys(['example_branch_datetime_operator', 'example_branch_datetime_operator_2']) retrieved from /Users/pro/Documents/a_env/proj_data/lib/python3.7/site-packages/airflow/example_dags/example_branch_datetime_operator.py
[2022-07-24 23:17:12,483] {logging_mixin.py:115} INFO - [2022-07-24 23:17:12,482] {dag.py:2420} INFO - Sync 2 DAGs
[2022-07-24 23:17:12,506] {logging_mixin.py:115} INFO - [2022-07-24 23:17:12,506] {dag.py:2972} INFO - Setting next_dagrun for example_branch_datetime_operator to 2022-07-23T00:00:00+00:00, run_after=2022-07-24T00:00:00+00:00
[2022-07-24 23:17:12,508] {logging_mixin.py:115} INFO - [2022-07-24 23:17:12,508] {dag.py:2972} INFO - Setting next_dagrun for example_branch_datetime_operator_2 to 2022-07-23T00:00:00+00:00, run_after=2022-07-24T00:00:00+00:00
[2022-07-24 23:17:12,521] {processor.py:161} INFO - Processing /Users/pro/Documents/a_env/proj_data/lib/python3.7/site-packages/airflow/example_dags/example_branch_datetime_operator.py took 0.081 seconds
[2022-07-24 23:17:46,245] {processor.py:153} INFO - Started process (PID=13062) to work on /Users/pro/Documents/a_env/proj_data/lib/python3.7/site-packages/airflow/example_dags/example_branch_datetime_operator.py
[2022-07-24 23:17:46,246] {processor.py:641} INFO - Processing file /Users/pro/Documents/a_env/proj_data/lib/python3.7/site-packages/airflow/example_dags/example_branch_datetime_operator.py for tasks to queue
[2022-07-24 23:17:46,247] {logging_mixin.py:115} INFO - [2022-07-24 23:17:46,247] {dagbag.py:508} INFO - Filling up the DagBag from /Users/pro/Documents/a_env/proj_data/lib/python3.7/site-packages/airflow/example_dags/example_branch_datetime_operator.py
[2022-07-24 23:17:46,262] {processor.py:651} INFO - DAG(s) dict_keys(['example_branch_datetime_operator', 'example_branch_datetime_operator_2']) retrieved from /Users/pro/Documents/a_env/proj_data/lib/python3.7/site-packages/airflow/example_dags/example_branch_datetime_operator.py
[2022-07-24 23:17:46,286] {logging_mixin.py:115} INFO - [2022-07-24 23:17:46,286] {dag.py:2420} INFO - Sync 2 DAGs
[2022-07-24 23:17:46,313] {logging_mixin.py:115} INFO - [2022-07-24 23:17:46,313] {dag.py:2972} INFO - Setting next_dagrun for example_branch_datetime_operator to 2022-07-23T00:00:00+00:00, run_after=2022-07-24T00:00:00+00:00
[2022-07-24 23:17:46,315] {logging_mixin.py:115} INFO - [2022-07-24 23:17:46,315] {dag.py:2972} INFO - Setting next_dagrun for example_branch_datetime_operator_2 to 2022-07-23T00:00:00+00:00, run_after=2022-07-24T00:00:00+00:00
[2022-07-24 23:17:46,330] {processor.py:161} INFO - Processing /Users/pro/Documents/a_env/proj_data/lib/python3.7/site-packages/airflow/example_dags/example_branch_datetime_operator.py took 0.089 seconds
[2022-07-24 23:18:19,892] {processor.py:153} INFO - Started process (PID=13167) to work on /Users/pro/Documents/a_env/proj_data/lib/python3.7/site-packages/airflow/example_dags/example_branch_datetime_operator.py
[2022-07-24 23:18:19,894] {processor.py:641} INFO - Processing file /Users/pro/Documents/a_env/proj_data/lib/python3.7/site-packages/airflow/example_dags/example_branch_datetime_operator.py for tasks to queue
[2022-07-24 23:18:19,895] {logging_mixin.py:115} INFO - [2022-07-24 23:18:19,895] {dagbag.py:508} INFO - Filling up the DagBag from /Users/pro/Documents/a_env/proj_data/lib/python3.7/site-packages/airflow/example_dags/example_branch_datetime_operator.py
[2022-07-24 23:18:19,912] {processor.py:651} INFO - DAG(s) dict_keys(['example_branch_datetime_operator', 'example_branch_datetime_operator_2']) retrieved from /Users/pro/Documents/a_env/proj_data/lib/python3.7/site-packages/airflow/example_dags/example_branch_datetime_operator.py
[2022-07-24 23:18:19,942] {logging_mixin.py:115} INFO - [2022-07-24 23:18:19,942] {dag.py:2420} INFO - Sync 2 DAGs
[2022-07-24 23:18:19,967] {logging_mixin.py:115} INFO - [2022-07-24 23:18:19,967] {dag.py:2972} INFO - Setting next_dagrun for example_branch_datetime_operator to 2022-07-23T00:00:00+00:00, run_after=2022-07-24T00:00:00+00:00
[2022-07-24 23:18:19,970] {logging_mixin.py:115} INFO - [2022-07-24 23:18:19,970] {dag.py:2972} INFO - Setting next_dagrun for example_branch_datetime_operator_2 to 2022-07-23T00:00:00+00:00, run_after=2022-07-24T00:00:00+00:00
[2022-07-24 23:18:19,986] {processor.py:161} INFO - Processing /Users/pro/Documents/a_env/proj_data/lib/python3.7/site-packages/airflow/example_dags/example_branch_datetime_operator.py took 0.099 seconds
[2022-07-24 23:18:53,742] {processor.py:153} INFO - Started process (PID=13274) to work on /Users/pro/Documents/a_env/proj_data/lib/python3.7/site-packages/airflow/example_dags/example_branch_datetime_operator.py
[2022-07-24 23:18:53,755] {processor.py:641} INFO - Processing file /Users/pro/Documents/a_env/proj_data/lib/python3.7/site-packages/airflow/example_dags/example_branch_datetime_operator.py for tasks to queue
[2022-07-24 23:18:53,756] {logging_mixin.py:115} INFO - [2022-07-24 23:18:53,756] {dagbag.py:508} INFO - Filling up the DagBag from /Users/pro/Documents/a_env/proj_data/lib/python3.7/site-packages/airflow/example_dags/example_branch_datetime_operator.py
[2022-07-24 23:18:53,771] {processor.py:651} INFO - DAG(s) dict_keys(['example_branch_datetime_operator', 'example_branch_datetime_operator_2']) retrieved from /Users/pro/Documents/a_env/proj_data/lib/python3.7/site-packages/airflow/example_dags/example_branch_datetime_operator.py
[2022-07-24 23:18:53,795] {logging_mixin.py:115} INFO - [2022-07-24 23:18:53,795] {dag.py:2420} INFO - Sync 2 DAGs
[2022-07-24 23:18:53,819] {logging_mixin.py:115} INFO - [2022-07-24 23:18:53,819] {dag.py:2972} INFO - Setting next_dagrun for example_branch_datetime_operator to 2022-07-23T00:00:00+00:00, run_after=2022-07-24T00:00:00+00:00
[2022-07-24 23:18:53,821] {logging_mixin.py:115} INFO - [2022-07-24 23:18:53,821] {dag.py:2972} INFO - Setting next_dagrun for example_branch_datetime_operator_2 to 2022-07-23T00:00:00+00:00, run_after=2022-07-24T00:00:00+00:00
[2022-07-24 23:18:53,835] {processor.py:161} INFO - Processing /Users/pro/Documents/a_env/proj_data/lib/python3.7/site-packages/airflow/example_dags/example_branch_datetime_operator.py took 0.097 seconds
[2022-07-24 23:19:27,041] {processor.py:153} INFO - Started process (PID=13365) to work on /Users/pro/Documents/a_env/proj_data/lib/python3.7/site-packages/airflow/example_dags/example_branch_datetime_operator.py
[2022-07-24 23:19:27,042] {processor.py:641} INFO - Processing file /Users/pro/Documents/a_env/proj_data/lib/python3.7/site-packages/airflow/example_dags/example_branch_datetime_operator.py for tasks to queue
[2022-07-24 23:19:27,043] {logging_mixin.py:115} INFO - [2022-07-24 23:19:27,043] {dagbag.py:508} INFO - Filling up the DagBag from /Users/pro/Documents/a_env/proj_data/lib/python3.7/site-packages/airflow/example_dags/example_branch_datetime_operator.py
[2022-07-24 23:19:27,055] {processor.py:651} INFO - DAG(s) dict_keys(['example_branch_datetime_operator', 'example_branch_datetime_operator_2']) retrieved from /Users/pro/Documents/a_env/proj_data/lib/python3.7/site-packages/airflow/example_dags/example_branch_datetime_operator.py
[2022-07-24 23:19:27,079] {logging_mixin.py:115} INFO - [2022-07-24 23:19:27,079] {dag.py:2420} INFO - Sync 2 DAGs
[2022-07-24 23:19:27,102] {logging_mixin.py:115} INFO - [2022-07-24 23:19:27,102] {dag.py:2972} INFO - Setting next_dagrun for example_branch_datetime_operator to 2022-07-23T00:00:00+00:00, run_after=2022-07-24T00:00:00+00:00
[2022-07-24 23:19:27,104] {logging_mixin.py:115} INFO - [2022-07-24 23:19:27,104] {dag.py:2972} INFO - Setting next_dagrun for example_branch_datetime_operator_2 to 2022-07-23T00:00:00+00:00, run_after=2022-07-24T00:00:00+00:00
[2022-07-24 23:19:27,118] {processor.py:161} INFO - Processing /Users/pro/Documents/a_env/proj_data/lib/python3.7/site-packages/airflow/example_dags/example_branch_datetime_operator.py took 0.081 seconds
[2022-07-24 23:19:59,445] {processor.py:153} INFO - Started process (PID=13412) to work on /Users/pro/Documents/a_env/proj_data/lib/python3.7/site-packages/airflow/example_dags/example_branch_datetime_operator.py
[2022-07-24 23:19:59,446] {processor.py:641} INFO - Processing file /Users/pro/Documents/a_env/proj_data/lib/python3.7/site-packages/airflow/example_dags/example_branch_datetime_operator.py for tasks to queue
[2022-07-24 23:19:59,446] {logging_mixin.py:115} INFO - [2022-07-24 23:19:59,446] {dagbag.py:508} INFO - Filling up the DagBag from /Users/pro/Documents/a_env/proj_data/lib/python3.7/site-packages/airflow/example_dags/example_branch_datetime_operator.py
[2022-07-24 23:19:59,460] {processor.py:651} INFO - DAG(s) dict_keys(['example_branch_datetime_operator', 'example_branch_datetime_operator_2']) retrieved from /Users/pro/Documents/a_env/proj_data/lib/python3.7/site-packages/airflow/example_dags/example_branch_datetime_operator.py
[2022-07-24 23:19:59,482] {logging_mixin.py:115} INFO - [2022-07-24 23:19:59,482] {dag.py:2420} INFO - Sync 2 DAGs
[2022-07-24 23:19:59,507] {logging_mixin.py:115} INFO - [2022-07-24 23:19:59,507] {dag.py:2972} INFO - Setting next_dagrun for example_branch_datetime_operator to 2022-07-23T00:00:00+00:00, run_after=2022-07-24T00:00:00+00:00
[2022-07-24 23:19:59,509] {logging_mixin.py:115} INFO - [2022-07-24 23:19:59,509] {dag.py:2972} INFO - Setting next_dagrun for example_branch_datetime_operator_2 to 2022-07-23T00:00:00+00:00, run_after=2022-07-24T00:00:00+00:00
[2022-07-24 23:19:59,522] {processor.py:161} INFO - Processing /Users/pro/Documents/a_env/proj_data/lib/python3.7/site-packages/airflow/example_dags/example_branch_datetime_operator.py took 0.082 seconds
[2022-07-24 23:20:35,334] {processor.py:153} INFO - Started process (PID=13532) to work on /Users/pro/Documents/a_env/proj_data/lib/python3.7/site-packages/airflow/example_dags/example_branch_datetime_operator.py
[2022-07-24 23:20:35,335] {processor.py:641} INFO - Processing file /Users/pro/Documents/a_env/proj_data/lib/python3.7/site-packages/airflow/example_dags/example_branch_datetime_operator.py for tasks to queue
[2022-07-24 23:20:35,336] {logging_mixin.py:115} INFO - [2022-07-24 23:20:35,336] {dagbag.py:508} INFO - Filling up the DagBag from /Users/pro/Documents/a_env/proj_data/lib/python3.7/site-packages/airflow/example_dags/example_branch_datetime_operator.py
[2022-07-24 23:20:35,349] {processor.py:651} INFO - DAG(s) dict_keys(['example_branch_datetime_operator', 'example_branch_datetime_operator_2']) retrieved from /Users/pro/Documents/a_env/proj_data/lib/python3.7/site-packages/airflow/example_dags/example_branch_datetime_operator.py
[2022-07-24 23:20:35,372] {logging_mixin.py:115} INFO - [2022-07-24 23:20:35,371] {dag.py:2420} INFO - Sync 2 DAGs
[2022-07-24 23:20:35,397] {logging_mixin.py:115} INFO - [2022-07-24 23:20:35,396] {dag.py:2972} INFO - Setting next_dagrun for example_branch_datetime_operator to 2022-07-23T00:00:00+00:00, run_after=2022-07-24T00:00:00+00:00
[2022-07-24 23:20:35,400] {logging_mixin.py:115} INFO - [2022-07-24 23:20:35,399] {dag.py:2972} INFO - Setting next_dagrun for example_branch_datetime_operator_2 to 2022-07-23T00:00:00+00:00, run_after=2022-07-24T00:00:00+00:00
[2022-07-24 23:20:35,414] {processor.py:161} INFO - Processing /Users/pro/Documents/a_env/proj_data/lib/python3.7/site-packages/airflow/example_dags/example_branch_datetime_operator.py took 0.084 seconds
[2022-07-24 23:21:09,885] {processor.py:153} INFO - Started process (PID=13822) to work on /Users/pro/Documents/a_env/proj_data/lib/python3.7/site-packages/airflow/example_dags/example_branch_datetime_operator.py
[2022-07-24 23:21:09,886] {processor.py:641} INFO - Processing file /Users/pro/Documents/a_env/proj_data/lib/python3.7/site-packages/airflow/example_dags/example_branch_datetime_operator.py for tasks to queue
[2022-07-24 23:21:09,887] {logging_mixin.py:115} INFO - [2022-07-24 23:21:09,887] {dagbag.py:508} INFO - Filling up the DagBag from /Users/pro/Documents/a_env/proj_data/lib/python3.7/site-packages/airflow/example_dags/example_branch_datetime_operator.py
[2022-07-24 23:21:09,906] {processor.py:651} INFO - DAG(s) dict_keys(['example_branch_datetime_operator', 'example_branch_datetime_operator_2']) retrieved from /Users/pro/Documents/a_env/proj_data/lib/python3.7/site-packages/airflow/example_dags/example_branch_datetime_operator.py
[2022-07-24 23:21:09,932] {logging_mixin.py:115} INFO - [2022-07-24 23:21:09,932] {dag.py:2420} INFO - Sync 2 DAGs
[2022-07-24 23:21:09,959] {logging_mixin.py:115} INFO - [2022-07-24 23:21:09,959] {dag.py:2972} INFO - Setting next_dagrun for example_branch_datetime_operator to 2022-07-23T00:00:00+00:00, run_after=2022-07-24T00:00:00+00:00
[2022-07-24 23:21:09,962] {logging_mixin.py:115} INFO - [2022-07-24 23:21:09,961] {dag.py:2972} INFO - Setting next_dagrun for example_branch_datetime_operator_2 to 2022-07-23T00:00:00+00:00, run_after=2022-07-24T00:00:00+00:00
[2022-07-24 23:21:09,978] {processor.py:161} INFO - Processing /Users/pro/Documents/a_env/proj_data/lib/python3.7/site-packages/airflow/example_dags/example_branch_datetime_operator.py took 0.098 seconds
[2022-07-24 23:21:43,617] {processor.py:153} INFO - Started process (PID=13903) to work on /Users/pro/Documents/a_env/proj_data/lib/python3.7/site-packages/airflow/example_dags/example_branch_datetime_operator.py
[2022-07-24 23:21:43,619] {processor.py:641} INFO - Processing file /Users/pro/Documents/a_env/proj_data/lib/python3.7/site-packages/airflow/example_dags/example_branch_datetime_operator.py for tasks to queue
[2022-07-24 23:21:43,621] {logging_mixin.py:115} INFO - [2022-07-24 23:21:43,621] {dagbag.py:508} INFO - Filling up the DagBag from /Users/pro/Documents/a_env/proj_data/lib/python3.7/site-packages/airflow/example_dags/example_branch_datetime_operator.py
[2022-07-24 23:21:43,637] {processor.py:651} INFO - DAG(s) dict_keys(['example_branch_datetime_operator', 'example_branch_datetime_operator_2']) retrieved from /Users/pro/Documents/a_env/proj_data/lib/python3.7/site-packages/airflow/example_dags/example_branch_datetime_operator.py
[2022-07-24 23:21:43,662] {logging_mixin.py:115} INFO - [2022-07-24 23:21:43,661] {dag.py:2420} INFO - Sync 2 DAGs
[2022-07-24 23:21:43,688] {logging_mixin.py:115} INFO - [2022-07-24 23:21:43,687] {dag.py:2972} INFO - Setting next_dagrun for example_branch_datetime_operator to 2022-07-23T00:00:00+00:00, run_after=2022-07-24T00:00:00+00:00
[2022-07-24 23:21:43,690] {logging_mixin.py:115} INFO - [2022-07-24 23:21:43,690] {dag.py:2972} INFO - Setting next_dagrun for example_branch_datetime_operator_2 to 2022-07-23T00:00:00+00:00, run_after=2022-07-24T00:00:00+00:00
[2022-07-24 23:21:43,704] {processor.py:161} INFO - Processing /Users/pro/Documents/a_env/proj_data/lib/python3.7/site-packages/airflow/example_dags/example_branch_datetime_operator.py took 0.091 seconds
[2022-07-24 23:22:14,998] {processor.py:153} INFO - Started process (PID=13979) to work on /Users/pro/Documents/a_env/proj_data/lib/python3.7/site-packages/airflow/example_dags/example_branch_datetime_operator.py
[2022-07-24 23:22:15,000] {processor.py:641} INFO - Processing file /Users/pro/Documents/a_env/proj_data/lib/python3.7/site-packages/airflow/example_dags/example_branch_datetime_operator.py for tasks to queue
[2022-07-24 23:22:15,001] {logging_mixin.py:115} INFO - [2022-07-24 23:22:15,001] {dagbag.py:508} INFO - Filling up the DagBag from /Users/pro/Documents/a_env/proj_data/lib/python3.7/site-packages/airflow/example_dags/example_branch_datetime_operator.py
[2022-07-24 23:22:15,015] {processor.py:651} INFO - DAG(s) dict_keys(['example_branch_datetime_operator', 'example_branch_datetime_operator_2']) retrieved from /Users/pro/Documents/a_env/proj_data/lib/python3.7/site-packages/airflow/example_dags/example_branch_datetime_operator.py
[2022-07-24 23:22:15,040] {logging_mixin.py:115} INFO - [2022-07-24 23:22:15,039] {dag.py:2420} INFO - Sync 2 DAGs
[2022-07-24 23:22:15,065] {logging_mixin.py:115} INFO - [2022-07-24 23:22:15,065] {dag.py:2972} INFO - Setting next_dagrun for example_branch_datetime_operator to 2022-07-23T00:00:00+00:00, run_after=2022-07-24T00:00:00+00:00
[2022-07-24 23:22:15,067] {logging_mixin.py:115} INFO - [2022-07-24 23:22:15,067] {dag.py:2972} INFO - Setting next_dagrun for example_branch_datetime_operator_2 to 2022-07-23T00:00:00+00:00, run_after=2022-07-24T00:00:00+00:00
[2022-07-24 23:22:15,082] {processor.py:161} INFO - Processing /Users/pro/Documents/a_env/proj_data/lib/python3.7/site-packages/airflow/example_dags/example_branch_datetime_operator.py took 0.089 seconds
[2022-07-24 23:22:50,768] {processor.py:153} INFO - Started process (PID=14087) to work on /Users/pro/Documents/a_env/proj_data/lib/python3.7/site-packages/airflow/example_dags/example_branch_datetime_operator.py
[2022-07-24 23:22:50,769] {processor.py:641} INFO - Processing file /Users/pro/Documents/a_env/proj_data/lib/python3.7/site-packages/airflow/example_dags/example_branch_datetime_operator.py for tasks to queue
[2022-07-24 23:22:50,770] {logging_mixin.py:115} INFO - [2022-07-24 23:22:50,769] {dagbag.py:508} INFO - Filling up the DagBag from /Users/pro/Documents/a_env/proj_data/lib/python3.7/site-packages/airflow/example_dags/example_branch_datetime_operator.py
[2022-07-24 23:22:50,784] {processor.py:651} INFO - DAG(s) dict_keys(['example_branch_datetime_operator', 'example_branch_datetime_operator_2']) retrieved from /Users/pro/Documents/a_env/proj_data/lib/python3.7/site-packages/airflow/example_dags/example_branch_datetime_operator.py
[2022-07-24 23:22:50,807] {logging_mixin.py:115} INFO - [2022-07-24 23:22:50,806] {dag.py:2420} INFO - Sync 2 DAGs
[2022-07-24 23:22:50,831] {logging_mixin.py:115} INFO - [2022-07-24 23:22:50,831] {dag.py:2972} INFO - Setting next_dagrun for example_branch_datetime_operator to 2022-07-23T00:00:00+00:00, run_after=2022-07-24T00:00:00+00:00
[2022-07-24 23:22:50,833] {logging_mixin.py:115} INFO - [2022-07-24 23:22:50,833] {dag.py:2972} INFO - Setting next_dagrun for example_branch_datetime_operator_2 to 2022-07-23T00:00:00+00:00, run_after=2022-07-24T00:00:00+00:00
[2022-07-24 23:22:50,847] {processor.py:161} INFO - Processing /Users/pro/Documents/a_env/proj_data/lib/python3.7/site-packages/airflow/example_dags/example_branch_datetime_operator.py took 0.084 seconds
[2022-07-24 23:23:23,705] {processor.py:153} INFO - Started process (PID=14204) to work on /Users/pro/Documents/a_env/proj_data/lib/python3.7/site-packages/airflow/example_dags/example_branch_datetime_operator.py
[2022-07-24 23:23:23,706] {processor.py:641} INFO - Processing file /Users/pro/Documents/a_env/proj_data/lib/python3.7/site-packages/airflow/example_dags/example_branch_datetime_operator.py for tasks to queue
[2022-07-24 23:23:23,707] {logging_mixin.py:115} INFO - [2022-07-24 23:23:23,707] {dagbag.py:508} INFO - Filling up the DagBag from /Users/pro/Documents/a_env/proj_data/lib/python3.7/site-packages/airflow/example_dags/example_branch_datetime_operator.py
[2022-07-24 23:23:23,722] {processor.py:651} INFO - DAG(s) dict_keys(['example_branch_datetime_operator', 'example_branch_datetime_operator_2']) retrieved from /Users/pro/Documents/a_env/proj_data/lib/python3.7/site-packages/airflow/example_dags/example_branch_datetime_operator.py
[2022-07-24 23:23:23,745] {logging_mixin.py:115} INFO - [2022-07-24 23:23:23,745] {dag.py:2420} INFO - Sync 2 DAGs
[2022-07-24 23:23:23,770] {logging_mixin.py:115} INFO - [2022-07-24 23:23:23,769] {dag.py:2972} INFO - Setting next_dagrun for example_branch_datetime_operator to 2022-07-23T00:00:00+00:00, run_after=2022-07-24T00:00:00+00:00
[2022-07-24 23:23:23,772] {logging_mixin.py:115} INFO - [2022-07-24 23:23:23,772] {dag.py:2972} INFO - Setting next_dagrun for example_branch_datetime_operator_2 to 2022-07-23T00:00:00+00:00, run_after=2022-07-24T00:00:00+00:00
[2022-07-24 23:23:23,785] {processor.py:161} INFO - Processing /Users/pro/Documents/a_env/proj_data/lib/python3.7/site-packages/airflow/example_dags/example_branch_datetime_operator.py took 0.087 seconds
[2022-07-24 23:23:58,912] {processor.py:153} INFO - Started process (PID=14248) to work on /Users/pro/Documents/a_env/proj_data/lib/python3.7/site-packages/airflow/example_dags/example_branch_datetime_operator.py
[2022-07-24 23:23:58,914] {processor.py:641} INFO - Processing file /Users/pro/Documents/a_env/proj_data/lib/python3.7/site-packages/airflow/example_dags/example_branch_datetime_operator.py for tasks to queue
[2022-07-24 23:23:58,915] {logging_mixin.py:115} INFO - [2022-07-24 23:23:58,915] {dagbag.py:508} INFO - Filling up the DagBag from /Users/pro/Documents/a_env/proj_data/lib/python3.7/site-packages/airflow/example_dags/example_branch_datetime_operator.py
[2022-07-24 23:23:58,931] {processor.py:651} INFO - DAG(s) dict_keys(['example_branch_datetime_operator', 'example_branch_datetime_operator_2']) retrieved from /Users/pro/Documents/a_env/proj_data/lib/python3.7/site-packages/airflow/example_dags/example_branch_datetime_operator.py
[2022-07-24 23:23:58,957] {logging_mixin.py:115} INFO - [2022-07-24 23:23:58,957] {dag.py:2420} INFO - Sync 2 DAGs
[2022-07-24 23:23:58,985] {logging_mixin.py:115} INFO - [2022-07-24 23:23:58,985] {dag.py:2972} INFO - Setting next_dagrun for example_branch_datetime_operator to 2022-07-23T00:00:00+00:00, run_after=2022-07-24T00:00:00+00:00
[2022-07-24 23:23:58,987] {logging_mixin.py:115} INFO - [2022-07-24 23:23:58,987] {dag.py:2972} INFO - Setting next_dagrun for example_branch_datetime_operator_2 to 2022-07-23T00:00:00+00:00, run_after=2022-07-24T00:00:00+00:00
[2022-07-24 23:23:59,003] {processor.py:161} INFO - Processing /Users/pro/Documents/a_env/proj_data/lib/python3.7/site-packages/airflow/example_dags/example_branch_datetime_operator.py took 0.095 seconds
[2022-07-24 23:24:33,408] {processor.py:153} INFO - Started process (PID=14374) to work on /Users/pro/Documents/a_env/proj_data/lib/python3.7/site-packages/airflow/example_dags/example_branch_datetime_operator.py
[2022-07-24 23:24:33,410] {processor.py:641} INFO - Processing file /Users/pro/Documents/a_env/proj_data/lib/python3.7/site-packages/airflow/example_dags/example_branch_datetime_operator.py for tasks to queue
[2022-07-24 23:24:33,411] {logging_mixin.py:115} INFO - [2022-07-24 23:24:33,411] {dagbag.py:508} INFO - Filling up the DagBag from /Users/pro/Documents/a_env/proj_data/lib/python3.7/site-packages/airflow/example_dags/example_branch_datetime_operator.py
[2022-07-24 23:24:33,425] {processor.py:651} INFO - DAG(s) dict_keys(['example_branch_datetime_operator', 'example_branch_datetime_operator_2']) retrieved from /Users/pro/Documents/a_env/proj_data/lib/python3.7/site-packages/airflow/example_dags/example_branch_datetime_operator.py
[2022-07-24 23:24:33,449] {logging_mixin.py:115} INFO - [2022-07-24 23:24:33,448] {dag.py:2420} INFO - Sync 2 DAGs
[2022-07-24 23:24:33,475] {logging_mixin.py:115} INFO - [2022-07-24 23:24:33,474] {dag.py:2972} INFO - Setting next_dagrun for example_branch_datetime_operator to 2022-07-23T00:00:00+00:00, run_after=2022-07-24T00:00:00+00:00
[2022-07-24 23:24:33,477] {logging_mixin.py:115} INFO - [2022-07-24 23:24:33,476] {dag.py:2972} INFO - Setting next_dagrun for example_branch_datetime_operator_2 to 2022-07-23T00:00:00+00:00, run_after=2022-07-24T00:00:00+00:00
[2022-07-24 23:24:33,491] {processor.py:161} INFO - Processing /Users/pro/Documents/a_env/proj_data/lib/python3.7/site-packages/airflow/example_dags/example_branch_datetime_operator.py took 0.089 seconds
[2022-07-24 23:25:09,870] {processor.py:153} INFO - Started process (PID=14427) to work on /Users/pro/Documents/a_env/proj_data/lib/python3.7/site-packages/airflow/example_dags/example_branch_datetime_operator.py
[2022-07-24 23:25:09,872] {processor.py:641} INFO - Processing file /Users/pro/Documents/a_env/proj_data/lib/python3.7/site-packages/airflow/example_dags/example_branch_datetime_operator.py for tasks to queue
[2022-07-24 23:25:09,873] {logging_mixin.py:115} INFO - [2022-07-24 23:25:09,873] {dagbag.py:508} INFO - Filling up the DagBag from /Users/pro/Documents/a_env/proj_data/lib/python3.7/site-packages/airflow/example_dags/example_branch_datetime_operator.py
[2022-07-24 23:25:09,892] {processor.py:651} INFO - DAG(s) dict_keys(['example_branch_datetime_operator', 'example_branch_datetime_operator_2']) retrieved from /Users/pro/Documents/a_env/proj_data/lib/python3.7/site-packages/airflow/example_dags/example_branch_datetime_operator.py
[2022-07-24 23:25:09,922] {logging_mixin.py:115} INFO - [2022-07-24 23:25:09,922] {dag.py:2420} INFO - Sync 2 DAGs
[2022-07-24 23:25:09,951] {logging_mixin.py:115} INFO - [2022-07-24 23:25:09,951] {dag.py:2972} INFO - Setting next_dagrun for example_branch_datetime_operator to 2022-07-23T00:00:00+00:00, run_after=2022-07-24T00:00:00+00:00
[2022-07-24 23:25:09,954] {logging_mixin.py:115} INFO - [2022-07-24 23:25:09,953] {dag.py:2972} INFO - Setting next_dagrun for example_branch_datetime_operator_2 to 2022-07-23T00:00:00+00:00, run_after=2022-07-24T00:00:00+00:00
[2022-07-24 23:25:09,968] {processor.py:161} INFO - Processing /Users/pro/Documents/a_env/proj_data/lib/python3.7/site-packages/airflow/example_dags/example_branch_datetime_operator.py took 0.103 seconds
[2022-07-24 23:25:44,407] {processor.py:153} INFO - Started process (PID=14477) to work on /Users/pro/Documents/a_env/proj_data/lib/python3.7/site-packages/airflow/example_dags/example_branch_datetime_operator.py
[2022-07-24 23:25:44,409] {processor.py:641} INFO - Processing file /Users/pro/Documents/a_env/proj_data/lib/python3.7/site-packages/airflow/example_dags/example_branch_datetime_operator.py for tasks to queue
[2022-07-24 23:25:44,410] {logging_mixin.py:115} INFO - [2022-07-24 23:25:44,410] {dagbag.py:508} INFO - Filling up the DagBag from /Users/pro/Documents/a_env/proj_data/lib/python3.7/site-packages/airflow/example_dags/example_branch_datetime_operator.py
[2022-07-24 23:25:44,426] {processor.py:651} INFO - DAG(s) dict_keys(['example_branch_datetime_operator', 'example_branch_datetime_operator_2']) retrieved from /Users/pro/Documents/a_env/proj_data/lib/python3.7/site-packages/airflow/example_dags/example_branch_datetime_operator.py
[2022-07-24 23:25:44,451] {logging_mixin.py:115} INFO - [2022-07-24 23:25:44,450] {dag.py:2420} INFO - Sync 2 DAGs
[2022-07-24 23:25:44,477] {logging_mixin.py:115} INFO - [2022-07-24 23:25:44,477] {dag.py:2972} INFO - Setting next_dagrun for example_branch_datetime_operator to 2022-07-23T00:00:00+00:00, run_after=2022-07-24T00:00:00+00:00
[2022-07-24 23:25:44,480] {logging_mixin.py:115} INFO - [2022-07-24 23:25:44,479] {dag.py:2972} INFO - Setting next_dagrun for example_branch_datetime_operator_2 to 2022-07-23T00:00:00+00:00, run_after=2022-07-24T00:00:00+00:00
[2022-07-24 23:25:44,495] {processor.py:161} INFO - Processing /Users/pro/Documents/a_env/proj_data/lib/python3.7/site-packages/airflow/example_dags/example_branch_datetime_operator.py took 0.093 seconds
[2022-07-24 23:26:20,216] {processor.py:153} INFO - Started process (PID=14515) to work on /Users/pro/Documents/a_env/proj_data/lib/python3.7/site-packages/airflow/example_dags/example_branch_datetime_operator.py
[2022-07-24 23:26:20,217] {processor.py:641} INFO - Processing file /Users/pro/Documents/a_env/proj_data/lib/python3.7/site-packages/airflow/example_dags/example_branch_datetime_operator.py for tasks to queue
[2022-07-24 23:26:20,218] {logging_mixin.py:115} INFO - [2022-07-24 23:26:20,217] {dagbag.py:508} INFO - Filling up the DagBag from /Users/pro/Documents/a_env/proj_data/lib/python3.7/site-packages/airflow/example_dags/example_branch_datetime_operator.py
[2022-07-24 23:26:20,235] {processor.py:651} INFO - DAG(s) dict_keys(['example_branch_datetime_operator', 'example_branch_datetime_operator_2']) retrieved from /Users/pro/Documents/a_env/proj_data/lib/python3.7/site-packages/airflow/example_dags/example_branch_datetime_operator.py
[2022-07-24 23:26:20,258] {logging_mixin.py:115} INFO - [2022-07-24 23:26:20,258] {dag.py:2420} INFO - Sync 2 DAGs
[2022-07-24 23:26:20,284] {logging_mixin.py:115} INFO - [2022-07-24 23:26:20,283] {dag.py:2972} INFO - Setting next_dagrun for example_branch_datetime_operator to 2022-07-23T00:00:00+00:00, run_after=2022-07-24T00:00:00+00:00
[2022-07-24 23:26:20,286] {logging_mixin.py:115} INFO - [2022-07-24 23:26:20,285] {dag.py:2972} INFO - Setting next_dagrun for example_branch_datetime_operator_2 to 2022-07-23T00:00:00+00:00, run_after=2022-07-24T00:00:00+00:00
[2022-07-24 23:26:20,301] {processor.py:161} INFO - Processing /Users/pro/Documents/a_env/proj_data/lib/python3.7/site-packages/airflow/example_dags/example_branch_datetime_operator.py took 0.091 seconds
[2022-07-24 23:26:55,458] {processor.py:153} INFO - Started process (PID=14576) to work on /Users/pro/Documents/a_env/proj_data/lib/python3.7/site-packages/airflow/example_dags/example_branch_datetime_operator.py
[2022-07-24 23:26:55,460] {processor.py:641} INFO - Processing file /Users/pro/Documents/a_env/proj_data/lib/python3.7/site-packages/airflow/example_dags/example_branch_datetime_operator.py for tasks to queue
[2022-07-24 23:26:55,462] {logging_mixin.py:115} INFO - [2022-07-24 23:26:55,461] {dagbag.py:508} INFO - Filling up the DagBag from /Users/pro/Documents/a_env/proj_data/lib/python3.7/site-packages/airflow/example_dags/example_branch_datetime_operator.py
[2022-07-24 23:26:55,477] {processor.py:651} INFO - DAG(s) dict_keys(['example_branch_datetime_operator', 'example_branch_datetime_operator_2']) retrieved from /Users/pro/Documents/a_env/proj_data/lib/python3.7/site-packages/airflow/example_dags/example_branch_datetime_operator.py
[2022-07-24 23:26:55,503] {logging_mixin.py:115} INFO - [2022-07-24 23:26:55,503] {dag.py:2420} INFO - Sync 2 DAGs
[2022-07-24 23:26:55,535] {logging_mixin.py:115} INFO - [2022-07-24 23:26:55,535] {dag.py:2972} INFO - Setting next_dagrun for example_branch_datetime_operator to 2022-07-23T00:00:00+00:00, run_after=2022-07-24T00:00:00+00:00
[2022-07-24 23:26:55,537] {logging_mixin.py:115} INFO - [2022-07-24 23:26:55,537] {dag.py:2972} INFO - Setting next_dagrun for example_branch_datetime_operator_2 to 2022-07-23T00:00:00+00:00, run_after=2022-07-24T00:00:00+00:00
[2022-07-24 23:26:55,552] {processor.py:161} INFO - Processing /Users/pro/Documents/a_env/proj_data/lib/python3.7/site-packages/airflow/example_dags/example_branch_datetime_operator.py took 0.100 seconds
[2022-07-24 23:27:28,861] {processor.py:153} INFO - Started process (PID=14681) to work on /Users/pro/Documents/a_env/proj_data/lib/python3.7/site-packages/airflow/example_dags/example_branch_datetime_operator.py
[2022-07-24 23:27:28,863] {processor.py:641} INFO - Processing file /Users/pro/Documents/a_env/proj_data/lib/python3.7/site-packages/airflow/example_dags/example_branch_datetime_operator.py for tasks to queue
[2022-07-24 23:27:28,864] {logging_mixin.py:115} INFO - [2022-07-24 23:27:28,864] {dagbag.py:508} INFO - Filling up the DagBag from /Users/pro/Documents/a_env/proj_data/lib/python3.7/site-packages/airflow/example_dags/example_branch_datetime_operator.py
[2022-07-24 23:27:28,881] {processor.py:651} INFO - DAG(s) dict_keys(['example_branch_datetime_operator', 'example_branch_datetime_operator_2']) retrieved from /Users/pro/Documents/a_env/proj_data/lib/python3.7/site-packages/airflow/example_dags/example_branch_datetime_operator.py
[2022-07-24 23:27:28,907] {logging_mixin.py:115} INFO - [2022-07-24 23:27:28,907] {dag.py:2420} INFO - Sync 2 DAGs
[2022-07-24 23:27:28,934] {logging_mixin.py:115} INFO - [2022-07-24 23:27:28,933] {dag.py:2972} INFO - Setting next_dagrun for example_branch_datetime_operator to 2022-07-23T00:00:00+00:00, run_after=2022-07-24T00:00:00+00:00
[2022-07-24 23:27:28,936] {logging_mixin.py:115} INFO - [2022-07-24 23:27:28,936] {dag.py:2972} INFO - Setting next_dagrun for example_branch_datetime_operator_2 to 2022-07-23T00:00:00+00:00, run_after=2022-07-24T00:00:00+00:00
[2022-07-24 23:27:28,950] {processor.py:161} INFO - Processing /Users/pro/Documents/a_env/proj_data/lib/python3.7/site-packages/airflow/example_dags/example_branch_datetime_operator.py took 0.094 seconds
[2022-07-24 23:28:02,926] {processor.py:153} INFO - Started process (PID=14758) to work on /Users/pro/Documents/a_env/proj_data/lib/python3.7/site-packages/airflow/example_dags/example_branch_datetime_operator.py
[2022-07-24 23:28:02,928] {processor.py:641} INFO - Processing file /Users/pro/Documents/a_env/proj_data/lib/python3.7/site-packages/airflow/example_dags/example_branch_datetime_operator.py for tasks to queue
[2022-07-24 23:28:02,930] {logging_mixin.py:115} INFO - [2022-07-24 23:28:02,929] {dagbag.py:508} INFO - Filling up the DagBag from /Users/pro/Documents/a_env/proj_data/lib/python3.7/site-packages/airflow/example_dags/example_branch_datetime_operator.py
[2022-07-24 23:28:02,944] {processor.py:651} INFO - DAG(s) dict_keys(['example_branch_datetime_operator', 'example_branch_datetime_operator_2']) retrieved from /Users/pro/Documents/a_env/proj_data/lib/python3.7/site-packages/airflow/example_dags/example_branch_datetime_operator.py
[2022-07-24 23:28:02,968] {logging_mixin.py:115} INFO - [2022-07-24 23:28:02,967] {dag.py:2420} INFO - Sync 2 DAGs
[2022-07-24 23:28:02,992] {logging_mixin.py:115} INFO - [2022-07-24 23:28:02,992] {dag.py:2972} INFO - Setting next_dagrun for example_branch_datetime_operator to 2022-07-23T00:00:00+00:00, run_after=2022-07-24T00:00:00+00:00
[2022-07-24 23:28:02,994] {logging_mixin.py:115} INFO - [2022-07-24 23:28:02,994] {dag.py:2972} INFO - Setting next_dagrun for example_branch_datetime_operator_2 to 2022-07-23T00:00:00+00:00, run_after=2022-07-24T00:00:00+00:00
[2022-07-24 23:28:03,009] {processor.py:161} INFO - Processing /Users/pro/Documents/a_env/proj_data/lib/python3.7/site-packages/airflow/example_dags/example_branch_datetime_operator.py took 0.088 seconds
[2022-07-24 23:28:37,213] {processor.py:153} INFO - Started process (PID=14836) to work on /Users/pro/Documents/a_env/proj_data/lib/python3.7/site-packages/airflow/example_dags/example_branch_datetime_operator.py
[2022-07-24 23:28:37,214] {processor.py:641} INFO - Processing file /Users/pro/Documents/a_env/proj_data/lib/python3.7/site-packages/airflow/example_dags/example_branch_datetime_operator.py for tasks to queue
[2022-07-24 23:28:37,218] {logging_mixin.py:115} INFO - [2022-07-24 23:28:37,217] {dagbag.py:508} INFO - Filling up the DagBag from /Users/pro/Documents/a_env/proj_data/lib/python3.7/site-packages/airflow/example_dags/example_branch_datetime_operator.py
[2022-07-24 23:28:37,247] {processor.py:651} INFO - DAG(s) dict_keys(['example_branch_datetime_operator', 'example_branch_datetime_operator_2']) retrieved from /Users/pro/Documents/a_env/proj_data/lib/python3.7/site-packages/airflow/example_dags/example_branch_datetime_operator.py
[2022-07-24 23:28:37,292] {logging_mixin.py:115} INFO - [2022-07-24 23:28:37,292] {dag.py:2420} INFO - Sync 2 DAGs
[2022-07-24 23:28:37,319] {logging_mixin.py:115} INFO - [2022-07-24 23:28:37,318] {dag.py:2972} INFO - Setting next_dagrun for example_branch_datetime_operator to 2022-07-23T00:00:00+00:00, run_after=2022-07-24T00:00:00+00:00
[2022-07-24 23:28:37,321] {logging_mixin.py:115} INFO - [2022-07-24 23:28:37,320] {dag.py:2972} INFO - Setting next_dagrun for example_branch_datetime_operator_2 to 2022-07-23T00:00:00+00:00, run_after=2022-07-24T00:00:00+00:00
[2022-07-24 23:28:37,337] {processor.py:161} INFO - Processing /Users/pro/Documents/a_env/proj_data/lib/python3.7/site-packages/airflow/example_dags/example_branch_datetime_operator.py took 0.140 seconds
[2022-07-24 23:29:11,807] {processor.py:153} INFO - Started process (PID=14870) to work on /Users/pro/Documents/a_env/proj_data/lib/python3.7/site-packages/airflow/example_dags/example_branch_datetime_operator.py
[2022-07-24 23:29:11,808] {processor.py:641} INFO - Processing file /Users/pro/Documents/a_env/proj_data/lib/python3.7/site-packages/airflow/example_dags/example_branch_datetime_operator.py for tasks to queue
[2022-07-24 23:29:11,810] {logging_mixin.py:115} INFO - [2022-07-24 23:29:11,809] {dagbag.py:508} INFO - Filling up the DagBag from /Users/pro/Documents/a_env/proj_data/lib/python3.7/site-packages/airflow/example_dags/example_branch_datetime_operator.py
[2022-07-24 23:29:11,824] {processor.py:651} INFO - DAG(s) dict_keys(['example_branch_datetime_operator', 'example_branch_datetime_operator_2']) retrieved from /Users/pro/Documents/a_env/proj_data/lib/python3.7/site-packages/airflow/example_dags/example_branch_datetime_operator.py
[2022-07-24 23:29:11,849] {logging_mixin.py:115} INFO - [2022-07-24 23:29:11,848] {dag.py:2420} INFO - Sync 2 DAGs
[2022-07-24 23:29:11,875] {logging_mixin.py:115} INFO - [2022-07-24 23:29:11,874] {dag.py:2972} INFO - Setting next_dagrun for example_branch_datetime_operator to 2022-07-23T00:00:00+00:00, run_after=2022-07-24T00:00:00+00:00
[2022-07-24 23:29:11,877] {logging_mixin.py:115} INFO - [2022-07-24 23:29:11,877] {dag.py:2972} INFO - Setting next_dagrun for example_branch_datetime_operator_2 to 2022-07-23T00:00:00+00:00, run_after=2022-07-24T00:00:00+00:00
[2022-07-24 23:29:11,892] {processor.py:161} INFO - Processing /Users/pro/Documents/a_env/proj_data/lib/python3.7/site-packages/airflow/example_dags/example_branch_datetime_operator.py took 0.090 seconds
[2022-07-24 23:29:46,405] {processor.py:153} INFO - Started process (PID=14906) to work on /Users/pro/Documents/a_env/proj_data/lib/python3.7/site-packages/airflow/example_dags/example_branch_datetime_operator.py
[2022-07-24 23:29:46,408] {processor.py:641} INFO - Processing file /Users/pro/Documents/a_env/proj_data/lib/python3.7/site-packages/airflow/example_dags/example_branch_datetime_operator.py for tasks to queue
[2022-07-24 23:29:46,409] {logging_mixin.py:115} INFO - [2022-07-24 23:29:46,409] {dagbag.py:508} INFO - Filling up the DagBag from /Users/pro/Documents/a_env/proj_data/lib/python3.7/site-packages/airflow/example_dags/example_branch_datetime_operator.py
[2022-07-24 23:29:46,427] {processor.py:651} INFO - DAG(s) dict_keys(['example_branch_datetime_operator', 'example_branch_datetime_operator_2']) retrieved from /Users/pro/Documents/a_env/proj_data/lib/python3.7/site-packages/airflow/example_dags/example_branch_datetime_operator.py
[2022-07-24 23:29:46,452] {logging_mixin.py:115} INFO - [2022-07-24 23:29:46,452] {dag.py:2420} INFO - Sync 2 DAGs
[2022-07-24 23:29:46,479] {logging_mixin.py:115} INFO - [2022-07-24 23:29:46,479] {dag.py:2972} INFO - Setting next_dagrun for example_branch_datetime_operator to 2022-07-23T00:00:00+00:00, run_after=2022-07-24T00:00:00+00:00
[2022-07-24 23:29:46,481] {logging_mixin.py:115} INFO - [2022-07-24 23:29:46,481] {dag.py:2972} INFO - Setting next_dagrun for example_branch_datetime_operator_2 to 2022-07-23T00:00:00+00:00, run_after=2022-07-24T00:00:00+00:00
[2022-07-24 23:29:46,496] {processor.py:161} INFO - Processing /Users/pro/Documents/a_env/proj_data/lib/python3.7/site-packages/airflow/example_dags/example_branch_datetime_operator.py took 0.096 seconds
[2022-07-24 23:30:19,205] {processor.py:153} INFO - Started process (PID=14955) to work on /Users/pro/Documents/a_env/proj_data/lib/python3.7/site-packages/airflow/example_dags/example_branch_datetime_operator.py
[2022-07-24 23:30:19,207] {processor.py:641} INFO - Processing file /Users/pro/Documents/a_env/proj_data/lib/python3.7/site-packages/airflow/example_dags/example_branch_datetime_operator.py for tasks to queue
[2022-07-24 23:30:19,208] {logging_mixin.py:115} INFO - [2022-07-24 23:30:19,208] {dagbag.py:508} INFO - Filling up the DagBag from /Users/pro/Documents/a_env/proj_data/lib/python3.7/site-packages/airflow/example_dags/example_branch_datetime_operator.py
[2022-07-24 23:30:19,224] {processor.py:651} INFO - DAG(s) dict_keys(['example_branch_datetime_operator', 'example_branch_datetime_operator_2']) retrieved from /Users/pro/Documents/a_env/proj_data/lib/python3.7/site-packages/airflow/example_dags/example_branch_datetime_operator.py
[2022-07-24 23:30:19,250] {logging_mixin.py:115} INFO - [2022-07-24 23:30:19,249] {dag.py:2420} INFO - Sync 2 DAGs
[2022-07-24 23:30:19,276] {logging_mixin.py:115} INFO - [2022-07-24 23:30:19,276] {dag.py:2972} INFO - Setting next_dagrun for example_branch_datetime_operator to 2022-07-23T00:00:00+00:00, run_after=2022-07-24T00:00:00+00:00
[2022-07-24 23:30:19,279] {logging_mixin.py:115} INFO - [2022-07-24 23:30:19,278] {dag.py:2972} INFO - Setting next_dagrun for example_branch_datetime_operator_2 to 2022-07-23T00:00:00+00:00, run_after=2022-07-24T00:00:00+00:00
[2022-07-24 23:30:19,295] {processor.py:161} INFO - Processing /Users/pro/Documents/a_env/proj_data/lib/python3.7/site-packages/airflow/example_dags/example_branch_datetime_operator.py took 0.095 seconds
[2022-07-24 23:30:53,160] {processor.py:153} INFO - Started process (PID=14994) to work on /Users/pro/Documents/a_env/proj_data/lib/python3.7/site-packages/airflow/example_dags/example_branch_datetime_operator.py
[2022-07-24 23:30:53,161] {processor.py:641} INFO - Processing file /Users/pro/Documents/a_env/proj_data/lib/python3.7/site-packages/airflow/example_dags/example_branch_datetime_operator.py for tasks to queue
[2022-07-24 23:30:53,163] {logging_mixin.py:115} INFO - [2022-07-24 23:30:53,162] {dagbag.py:508} INFO - Filling up the DagBag from /Users/pro/Documents/a_env/proj_data/lib/python3.7/site-packages/airflow/example_dags/example_branch_datetime_operator.py
[2022-07-24 23:30:53,176] {processor.py:651} INFO - DAG(s) dict_keys(['example_branch_datetime_operator', 'example_branch_datetime_operator_2']) retrieved from /Users/pro/Documents/a_env/proj_data/lib/python3.7/site-packages/airflow/example_dags/example_branch_datetime_operator.py
[2022-07-24 23:30:53,199] {logging_mixin.py:115} INFO - [2022-07-24 23:30:53,198] {dag.py:2420} INFO - Sync 2 DAGs
[2022-07-24 23:30:53,223] {logging_mixin.py:115} INFO - [2022-07-24 23:30:53,222] {dag.py:2972} INFO - Setting next_dagrun for example_branch_datetime_operator to 2022-07-23T00:00:00+00:00, run_after=2022-07-24T00:00:00+00:00
[2022-07-24 23:30:53,225] {logging_mixin.py:115} INFO - [2022-07-24 23:30:53,224] {dag.py:2972} INFO - Setting next_dagrun for example_branch_datetime_operator_2 to 2022-07-23T00:00:00+00:00, run_after=2022-07-24T00:00:00+00:00
[2022-07-24 23:30:53,242] {processor.py:161} INFO - Processing /Users/pro/Documents/a_env/proj_data/lib/python3.7/site-packages/airflow/example_dags/example_branch_datetime_operator.py took 0.086 seconds
[2022-07-24 23:31:26,687] {processor.py:153} INFO - Started process (PID=15029) to work on /Users/pro/Documents/a_env/proj_data/lib/python3.7/site-packages/airflow/example_dags/example_branch_datetime_operator.py
[2022-07-24 23:31:26,688] {processor.py:641} INFO - Processing file /Users/pro/Documents/a_env/proj_data/lib/python3.7/site-packages/airflow/example_dags/example_branch_datetime_operator.py for tasks to queue
[2022-07-24 23:31:26,689] {logging_mixin.py:115} INFO - [2022-07-24 23:31:26,689] {dagbag.py:508} INFO - Filling up the DagBag from /Users/pro/Documents/a_env/proj_data/lib/python3.7/site-packages/airflow/example_dags/example_branch_datetime_operator.py
[2022-07-24 23:31:26,705] {processor.py:651} INFO - DAG(s) dict_keys(['example_branch_datetime_operator', 'example_branch_datetime_operator_2']) retrieved from /Users/pro/Documents/a_env/proj_data/lib/python3.7/site-packages/airflow/example_dags/example_branch_datetime_operator.py
[2022-07-24 23:31:26,732] {logging_mixin.py:115} INFO - [2022-07-24 23:31:26,731] {dag.py:2420} INFO - Sync 2 DAGs
[2022-07-24 23:31:26,760] {logging_mixin.py:115} INFO - [2022-07-24 23:31:26,759] {dag.py:2972} INFO - Setting next_dagrun for example_branch_datetime_operator to 2022-07-23T00:00:00+00:00, run_after=2022-07-24T00:00:00+00:00
[2022-07-24 23:31:26,762] {logging_mixin.py:115} INFO - [2022-07-24 23:31:26,762] {dag.py:2972} INFO - Setting next_dagrun for example_branch_datetime_operator_2 to 2022-07-23T00:00:00+00:00, run_after=2022-07-24T00:00:00+00:00
[2022-07-24 23:31:26,777] {processor.py:161} INFO - Processing /Users/pro/Documents/a_env/proj_data/lib/python3.7/site-packages/airflow/example_dags/example_branch_datetime_operator.py took 0.095 seconds
[2022-07-24 23:32:01,283] {processor.py:153} INFO - Started process (PID=15135) to work on /Users/pro/Documents/a_env/proj_data/lib/python3.7/site-packages/airflow/example_dags/example_branch_datetime_operator.py
[2022-07-24 23:32:01,286] {processor.py:641} INFO - Processing file /Users/pro/Documents/a_env/proj_data/lib/python3.7/site-packages/airflow/example_dags/example_branch_datetime_operator.py for tasks to queue
[2022-07-24 23:32:01,287] {logging_mixin.py:115} INFO - [2022-07-24 23:32:01,287] {dagbag.py:508} INFO - Filling up the DagBag from /Users/pro/Documents/a_env/proj_data/lib/python3.7/site-packages/airflow/example_dags/example_branch_datetime_operator.py
[2022-07-24 23:32:01,303] {processor.py:651} INFO - DAG(s) dict_keys(['example_branch_datetime_operator', 'example_branch_datetime_operator_2']) retrieved from /Users/pro/Documents/a_env/proj_data/lib/python3.7/site-packages/airflow/example_dags/example_branch_datetime_operator.py
[2022-07-24 23:32:01,328] {logging_mixin.py:115} INFO - [2022-07-24 23:32:01,327] {dag.py:2420} INFO - Sync 2 DAGs
[2022-07-24 23:32:01,353] {logging_mixin.py:115} INFO - [2022-07-24 23:32:01,352] {dag.py:2972} INFO - Setting next_dagrun for example_branch_datetime_operator to 2022-07-23T00:00:00+00:00, run_after=2022-07-24T00:00:00+00:00
[2022-07-24 23:32:01,355] {logging_mixin.py:115} INFO - [2022-07-24 23:32:01,354] {dag.py:2972} INFO - Setting next_dagrun for example_branch_datetime_operator_2 to 2022-07-23T00:00:00+00:00, run_after=2022-07-24T00:00:00+00:00
[2022-07-24 23:32:01,368] {processor.py:161} INFO - Processing /Users/pro/Documents/a_env/proj_data/lib/python3.7/site-packages/airflow/example_dags/example_branch_datetime_operator.py took 0.091 seconds
[2022-07-24 23:32:36,616] {processor.py:153} INFO - Started process (PID=15201) to work on /Users/pro/Documents/a_env/proj_data/lib/python3.7/site-packages/airflow/example_dags/example_branch_datetime_operator.py
[2022-07-24 23:32:36,618] {processor.py:641} INFO - Processing file /Users/pro/Documents/a_env/proj_data/lib/python3.7/site-packages/airflow/example_dags/example_branch_datetime_operator.py for tasks to queue
[2022-07-24 23:32:36,619] {logging_mixin.py:115} INFO - [2022-07-24 23:32:36,619] {dagbag.py:508} INFO - Filling up the DagBag from /Users/pro/Documents/a_env/proj_data/lib/python3.7/site-packages/airflow/example_dags/example_branch_datetime_operator.py
[2022-07-24 23:32:36,636] {processor.py:651} INFO - DAG(s) dict_keys(['example_branch_datetime_operator', 'example_branch_datetime_operator_2']) retrieved from /Users/pro/Documents/a_env/proj_data/lib/python3.7/site-packages/airflow/example_dags/example_branch_datetime_operator.py
[2022-07-24 23:32:36,660] {logging_mixin.py:115} INFO - [2022-07-24 23:32:36,660] {dag.py:2420} INFO - Sync 2 DAGs
[2022-07-24 23:32:36,685] {logging_mixin.py:115} INFO - [2022-07-24 23:32:36,684] {dag.py:2972} INFO - Setting next_dagrun for example_branch_datetime_operator to 2022-07-23T00:00:00+00:00, run_after=2022-07-24T00:00:00+00:00
[2022-07-24 23:32:36,686] {logging_mixin.py:115} INFO - [2022-07-24 23:32:36,686] {dag.py:2972} INFO - Setting next_dagrun for example_branch_datetime_operator_2 to 2022-07-23T00:00:00+00:00, run_after=2022-07-24T00:00:00+00:00
[2022-07-24 23:32:36,700] {processor.py:161} INFO - Processing /Users/pro/Documents/a_env/proj_data/lib/python3.7/site-packages/airflow/example_dags/example_branch_datetime_operator.py took 0.090 seconds
[2022-07-24 23:33:11,765] {processor.py:153} INFO - Started process (PID=15301) to work on /Users/pro/Documents/a_env/proj_data/lib/python3.7/site-packages/airflow/example_dags/example_branch_datetime_operator.py
[2022-07-24 23:33:11,766] {processor.py:641} INFO - Processing file /Users/pro/Documents/a_env/proj_data/lib/python3.7/site-packages/airflow/example_dags/example_branch_datetime_operator.py for tasks to queue
[2022-07-24 23:33:11,768] {logging_mixin.py:115} INFO - [2022-07-24 23:33:11,767] {dagbag.py:508} INFO - Filling up the DagBag from /Users/pro/Documents/a_env/proj_data/lib/python3.7/site-packages/airflow/example_dags/example_branch_datetime_operator.py
[2022-07-24 23:33:11,782] {processor.py:651} INFO - DAG(s) dict_keys(['example_branch_datetime_operator', 'example_branch_datetime_operator_2']) retrieved from /Users/pro/Documents/a_env/proj_data/lib/python3.7/site-packages/airflow/example_dags/example_branch_datetime_operator.py
[2022-07-24 23:33:11,805] {logging_mixin.py:115} INFO - [2022-07-24 23:33:11,805] {dag.py:2420} INFO - Sync 2 DAGs
[2022-07-24 23:33:11,831] {logging_mixin.py:115} INFO - [2022-07-24 23:33:11,831] {dag.py:2972} INFO - Setting next_dagrun for example_branch_datetime_operator to 2022-07-23T00:00:00+00:00, run_after=2022-07-24T00:00:00+00:00
[2022-07-24 23:33:11,834] {logging_mixin.py:115} INFO - [2022-07-24 23:33:11,833] {dag.py:2972} INFO - Setting next_dagrun for example_branch_datetime_operator_2 to 2022-07-23T00:00:00+00:00, run_after=2022-07-24T00:00:00+00:00
[2022-07-24 23:33:11,849] {processor.py:161} INFO - Processing /Users/pro/Documents/a_env/proj_data/lib/python3.7/site-packages/airflow/example_dags/example_branch_datetime_operator.py took 0.089 seconds
[2022-07-24 23:33:45,618] {processor.py:153} INFO - Started process (PID=15388) to work on /Users/pro/Documents/a_env/proj_data/lib/python3.7/site-packages/airflow/example_dags/example_branch_datetime_operator.py
[2022-07-24 23:33:45,619] {processor.py:641} INFO - Processing file /Users/pro/Documents/a_env/proj_data/lib/python3.7/site-packages/airflow/example_dags/example_branch_datetime_operator.py for tasks to queue
[2022-07-24 23:33:45,622] {logging_mixin.py:115} INFO - [2022-07-24 23:33:45,620] {dagbag.py:508} INFO - Filling up the DagBag from /Users/pro/Documents/a_env/proj_data/lib/python3.7/site-packages/airflow/example_dags/example_branch_datetime_operator.py
[2022-07-24 23:33:45,639] {processor.py:651} INFO - DAG(s) dict_keys(['example_branch_datetime_operator', 'example_branch_datetime_operator_2']) retrieved from /Users/pro/Documents/a_env/proj_data/lib/python3.7/site-packages/airflow/example_dags/example_branch_datetime_operator.py
[2022-07-24 23:33:45,664] {logging_mixin.py:115} INFO - [2022-07-24 23:33:45,664] {dag.py:2420} INFO - Sync 2 DAGs
[2022-07-24 23:33:45,693] {logging_mixin.py:115} INFO - [2022-07-24 23:33:45,693] {dag.py:2972} INFO - Setting next_dagrun for example_branch_datetime_operator to 2022-07-23T00:00:00+00:00, run_after=2022-07-24T00:00:00+00:00
[2022-07-24 23:33:45,696] {logging_mixin.py:115} INFO - [2022-07-24 23:33:45,695] {dag.py:2972} INFO - Setting next_dagrun for example_branch_datetime_operator_2 to 2022-07-23T00:00:00+00:00, run_after=2022-07-24T00:00:00+00:00
[2022-07-24 23:33:45,711] {processor.py:161} INFO - Processing /Users/pro/Documents/a_env/proj_data/lib/python3.7/site-packages/airflow/example_dags/example_branch_datetime_operator.py took 0.098 seconds
[2022-07-24 23:34:20,542] {processor.py:153} INFO - Started process (PID=15485) to work on /Users/pro/Documents/a_env/proj_data/lib/python3.7/site-packages/airflow/example_dags/example_branch_datetime_operator.py
[2022-07-24 23:34:20,544] {processor.py:641} INFO - Processing file /Users/pro/Documents/a_env/proj_data/lib/python3.7/site-packages/airflow/example_dags/example_branch_datetime_operator.py for tasks to queue
[2022-07-24 23:34:20,546] {logging_mixin.py:115} INFO - [2022-07-24 23:34:20,545] {dagbag.py:508} INFO - Filling up the DagBag from /Users/pro/Documents/a_env/proj_data/lib/python3.7/site-packages/airflow/example_dags/example_branch_datetime_operator.py
[2022-07-24 23:34:20,565] {processor.py:651} INFO - DAG(s) dict_keys(['example_branch_datetime_operator', 'example_branch_datetime_operator_2']) retrieved from /Users/pro/Documents/a_env/proj_data/lib/python3.7/site-packages/airflow/example_dags/example_branch_datetime_operator.py
[2022-07-24 23:34:20,611] {logging_mixin.py:115} INFO - [2022-07-24 23:34:20,610] {dag.py:2420} INFO - Sync 2 DAGs
[2022-07-24 23:34:20,650] {logging_mixin.py:115} INFO - [2022-07-24 23:34:20,650] {dag.py:2972} INFO - Setting next_dagrun for example_branch_datetime_operator to 2022-07-23T00:00:00+00:00, run_after=2022-07-24T00:00:00+00:00
[2022-07-24 23:34:20,652] {logging_mixin.py:115} INFO - [2022-07-24 23:34:20,652] {dag.py:2972} INFO - Setting next_dagrun for example_branch_datetime_operator_2 to 2022-07-23T00:00:00+00:00, run_after=2022-07-24T00:00:00+00:00
[2022-07-24 23:34:20,668] {processor.py:161} INFO - Processing /Users/pro/Documents/a_env/proj_data/lib/python3.7/site-packages/airflow/example_dags/example_branch_datetime_operator.py took 0.130 seconds
