[2022-07-24 23:12:29,865] {processor.py:153} INFO - Started process (PID=12417) to work on /Users/pro/Documents/a_env/proj_data/lib/python3.7/site-packages/airflow/example_dags/example_dag_decorator.py
[2022-07-24 23:12:29,866] {processor.py:641} INFO - Processing file /Users/pro/Documents/a_env/proj_data/lib/python3.7/site-packages/airflow/example_dags/example_dag_decorator.py for tasks to queue
[2022-07-24 23:12:29,867] {logging_mixin.py:115} INFO - [2022-07-24 23:12:29,866] {dagbag.py:508} INFO - Filling up the DagBag from /Users/pro/Documents/a_env/proj_data/lib/python3.7/site-packages/airflow/example_dags/example_dag_decorator.py
[2022-07-24 23:12:29,901] {processor.py:651} INFO - DAG(s) dict_keys(['example_dag_decorator']) retrieved from /Users/pro/Documents/a_env/proj_data/lib/python3.7/site-packages/airflow/example_dags/example_dag_decorator.py
[2022-07-24 23:12:30,019] {logging_mixin.py:115} INFO - [2022-07-24 23:12:30,019] {manager.py:508} INFO - Created Permission View: can edit on DAG:example_dag_decorator
[2022-07-24 23:12:30,031] {logging_mixin.py:115} INFO - [2022-07-24 23:12:30,031] {manager.py:508} INFO - Created Permission View: can delete on DAG:example_dag_decorator
[2022-07-24 23:12:30,040] {logging_mixin.py:115} INFO - [2022-07-24 23:12:30,039] {manager.py:508} INFO - Created Permission View: can read on DAG:example_dag_decorator
[2022-07-24 23:12:30,040] {logging_mixin.py:115} INFO - [2022-07-24 23:12:30,040] {dag.py:2420} INFO - Sync 1 DAGs
[2022-07-24 23:12:30,053] {logging_mixin.py:115} INFO - [2022-07-24 23:12:30,053] {dag.py:2439} INFO - Creating ORM DAG for example_dag_decorator
[2022-07-24 23:12:30,068] {logging_mixin.py:115} INFO - [2022-07-24 23:12:30,067] {dag.py:2972} INFO - Setting next_dagrun for example_dag_decorator to None, run_after=None
[2022-07-24 23:12:30,084] {processor.py:161} INFO - Processing /Users/pro/Documents/a_env/proj_data/lib/python3.7/site-packages/airflow/example_dags/example_dag_decorator.py took 0.223 seconds
[2022-07-24 23:13:03,219] {processor.py:153} INFO - Started process (PID=12455) to work on /Users/pro/Documents/a_env/proj_data/lib/python3.7/site-packages/airflow/example_dags/example_dag_decorator.py
[2022-07-24 23:13:03,220] {processor.py:641} INFO - Processing file /Users/pro/Documents/a_env/proj_data/lib/python3.7/site-packages/airflow/example_dags/example_dag_decorator.py for tasks to queue
[2022-07-24 23:13:03,222] {logging_mixin.py:115} INFO - [2022-07-24 23:13:03,221] {dagbag.py:508} INFO - Filling up the DagBag from /Users/pro/Documents/a_env/proj_data/lib/python3.7/site-packages/airflow/example_dags/example_dag_decorator.py
[2022-07-24 23:13:03,260] {processor.py:651} INFO - DAG(s) dict_keys(['example_dag_decorator']) retrieved from /Users/pro/Documents/a_env/proj_data/lib/python3.7/site-packages/airflow/example_dags/example_dag_decorator.py
[2022-07-24 23:13:03,320] {logging_mixin.py:115} INFO - [2022-07-24 23:13:03,320] {dag.py:2420} INFO - Sync 1 DAGs
[2022-07-24 23:13:03,341] {logging_mixin.py:115} INFO - [2022-07-24 23:13:03,341] {dag.py:2972} INFO - Setting next_dagrun for example_dag_decorator to None, run_after=None
[2022-07-24 23:13:03,355] {processor.py:161} INFO - Processing /Users/pro/Documents/a_env/proj_data/lib/python3.7/site-packages/airflow/example_dags/example_dag_decorator.py took 0.141 seconds
[2022-07-24 23:13:37,307] {processor.py:153} INFO - Started process (PID=12492) to work on /Users/pro/Documents/a_env/proj_data/lib/python3.7/site-packages/airflow/example_dags/example_dag_decorator.py
[2022-07-24 23:13:37,308] {processor.py:641} INFO - Processing file /Users/pro/Documents/a_env/proj_data/lib/python3.7/site-packages/airflow/example_dags/example_dag_decorator.py for tasks to queue
[2022-07-24 23:13:37,310] {logging_mixin.py:115} INFO - [2022-07-24 23:13:37,309] {dagbag.py:508} INFO - Filling up the DagBag from /Users/pro/Documents/a_env/proj_data/lib/python3.7/site-packages/airflow/example_dags/example_dag_decorator.py
[2022-07-24 23:13:37,349] {processor.py:651} INFO - DAG(s) dict_keys(['example_dag_decorator']) retrieved from /Users/pro/Documents/a_env/proj_data/lib/python3.7/site-packages/airflow/example_dags/example_dag_decorator.py
[2022-07-24 23:13:37,412] {logging_mixin.py:115} INFO - [2022-07-24 23:13:37,412] {dag.py:2420} INFO - Sync 1 DAGs
[2022-07-24 23:13:37,432] {logging_mixin.py:115} INFO - [2022-07-24 23:13:37,432] {dag.py:2972} INFO - Setting next_dagrun for example_dag_decorator to None, run_after=None
[2022-07-24 23:13:37,448] {processor.py:161} INFO - Processing /Users/pro/Documents/a_env/proj_data/lib/python3.7/site-packages/airflow/example_dags/example_dag_decorator.py took 0.145 seconds
[2022-07-24 23:14:12,144] {processor.py:153} INFO - Started process (PID=12528) to work on /Users/pro/Documents/a_env/proj_data/lib/python3.7/site-packages/airflow/example_dags/example_dag_decorator.py
[2022-07-24 23:14:12,146] {processor.py:641} INFO - Processing file /Users/pro/Documents/a_env/proj_data/lib/python3.7/site-packages/airflow/example_dags/example_dag_decorator.py for tasks to queue
[2022-07-24 23:14:12,148] {logging_mixin.py:115} INFO - [2022-07-24 23:14:12,147] {dagbag.py:508} INFO - Filling up the DagBag from /Users/pro/Documents/a_env/proj_data/lib/python3.7/site-packages/airflow/example_dags/example_dag_decorator.py
[2022-07-24 23:14:12,188] {processor.py:651} INFO - DAG(s) dict_keys(['example_dag_decorator']) retrieved from /Users/pro/Documents/a_env/proj_data/lib/python3.7/site-packages/airflow/example_dags/example_dag_decorator.py
[2022-07-24 23:14:12,249] {logging_mixin.py:115} INFO - [2022-07-24 23:14:12,249] {dag.py:2420} INFO - Sync 1 DAGs
[2022-07-24 23:14:12,271] {logging_mixin.py:115} INFO - [2022-07-24 23:14:12,270] {dag.py:2972} INFO - Setting next_dagrun for example_dag_decorator to None, run_after=None
[2022-07-24 23:14:12,286] {processor.py:161} INFO - Processing /Users/pro/Documents/a_env/proj_data/lib/python3.7/site-packages/airflow/example_dags/example_dag_decorator.py took 0.146 seconds
[2022-07-24 23:14:47,053] {processor.py:153} INFO - Started process (PID=12564) to work on /Users/pro/Documents/a_env/proj_data/lib/python3.7/site-packages/airflow/example_dags/example_dag_decorator.py
[2022-07-24 23:14:47,055] {processor.py:641} INFO - Processing file /Users/pro/Documents/a_env/proj_data/lib/python3.7/site-packages/airflow/example_dags/example_dag_decorator.py for tasks to queue
[2022-07-24 23:14:47,056] {logging_mixin.py:115} INFO - [2022-07-24 23:14:47,056] {dagbag.py:508} INFO - Filling up the DagBag from /Users/pro/Documents/a_env/proj_data/lib/python3.7/site-packages/airflow/example_dags/example_dag_decorator.py
[2022-07-24 23:14:47,093] {processor.py:651} INFO - DAG(s) dict_keys(['example_dag_decorator']) retrieved from /Users/pro/Documents/a_env/proj_data/lib/python3.7/site-packages/airflow/example_dags/example_dag_decorator.py
[2022-07-24 23:14:47,152] {logging_mixin.py:115} INFO - [2022-07-24 23:14:47,152] {dag.py:2420} INFO - Sync 1 DAGs
[2022-07-24 23:14:47,171] {logging_mixin.py:115} INFO - [2022-07-24 23:14:47,170] {dag.py:2972} INFO - Setting next_dagrun for example_dag_decorator to None, run_after=None
[2022-07-24 23:14:47,184] {processor.py:161} INFO - Processing /Users/pro/Documents/a_env/proj_data/lib/python3.7/site-packages/airflow/example_dags/example_dag_decorator.py took 0.135 seconds
[2022-07-24 23:15:22,434] {processor.py:153} INFO - Started process (PID=12650) to work on /Users/pro/Documents/a_env/proj_data/lib/python3.7/site-packages/airflow/example_dags/example_dag_decorator.py
[2022-07-24 23:15:22,436] {processor.py:641} INFO - Processing file /Users/pro/Documents/a_env/proj_data/lib/python3.7/site-packages/airflow/example_dags/example_dag_decorator.py for tasks to queue
[2022-07-24 23:15:22,437] {logging_mixin.py:115} INFO - [2022-07-24 23:15:22,437] {dagbag.py:508} INFO - Filling up the DagBag from /Users/pro/Documents/a_env/proj_data/lib/python3.7/site-packages/airflow/example_dags/example_dag_decorator.py
[2022-07-24 23:15:22,470] {processor.py:651} INFO - DAG(s) dict_keys(['example_dag_decorator']) retrieved from /Users/pro/Documents/a_env/proj_data/lib/python3.7/site-packages/airflow/example_dags/example_dag_decorator.py
[2022-07-24 23:15:22,488] {logging_mixin.py:115} INFO - [2022-07-24 23:15:22,487] {dag.py:2420} INFO - Sync 1 DAGs
[2022-07-24 23:15:22,512] {logging_mixin.py:115} INFO - [2022-07-24 23:15:22,511] {dag.py:2972} INFO - Setting next_dagrun for example_dag_decorator to None, run_after=None
[2022-07-24 23:15:22,527] {processor.py:161} INFO - Processing /Users/pro/Documents/a_env/proj_data/lib/python3.7/site-packages/airflow/example_dags/example_dag_decorator.py took 0.097 seconds
[2022-07-24 23:15:57,776] {processor.py:153} INFO - Started process (PID=12775) to work on /Users/pro/Documents/a_env/proj_data/lib/python3.7/site-packages/airflow/example_dags/example_dag_decorator.py
[2022-07-24 23:15:57,777] {processor.py:641} INFO - Processing file /Users/pro/Documents/a_env/proj_data/lib/python3.7/site-packages/airflow/example_dags/example_dag_decorator.py for tasks to queue
[2022-07-24 23:15:57,778] {logging_mixin.py:115} INFO - [2022-07-24 23:15:57,778] {dagbag.py:508} INFO - Filling up the DagBag from /Users/pro/Documents/a_env/proj_data/lib/python3.7/site-packages/airflow/example_dags/example_dag_decorator.py
[2022-07-24 23:15:57,812] {processor.py:651} INFO - DAG(s) dict_keys(['example_dag_decorator']) retrieved from /Users/pro/Documents/a_env/proj_data/lib/python3.7/site-packages/airflow/example_dags/example_dag_decorator.py
[2022-07-24 23:15:57,868] {logging_mixin.py:115} INFO - [2022-07-24 23:15:57,868] {dag.py:2420} INFO - Sync 1 DAGs
[2022-07-24 23:15:57,888] {logging_mixin.py:115} INFO - [2022-07-24 23:15:57,888] {dag.py:2972} INFO - Setting next_dagrun for example_dag_decorator to None, run_after=None
[2022-07-24 23:15:57,902] {processor.py:161} INFO - Processing /Users/pro/Documents/a_env/proj_data/lib/python3.7/site-packages/airflow/example_dags/example_dag_decorator.py took 0.131 seconds
[2022-07-24 23:16:31,013] {processor.py:153} INFO - Started process (PID=12877) to work on /Users/pro/Documents/a_env/proj_data/lib/python3.7/site-packages/airflow/example_dags/example_dag_decorator.py
[2022-07-24 23:16:31,014] {processor.py:641} INFO - Processing file /Users/pro/Documents/a_env/proj_data/lib/python3.7/site-packages/airflow/example_dags/example_dag_decorator.py for tasks to queue
[2022-07-24 23:16:31,015] {logging_mixin.py:115} INFO - [2022-07-24 23:16:31,015] {dagbag.py:508} INFO - Filling up the DagBag from /Users/pro/Documents/a_env/proj_data/lib/python3.7/site-packages/airflow/example_dags/example_dag_decorator.py
[2022-07-24 23:16:31,049] {processor.py:651} INFO - DAG(s) dict_keys(['example_dag_decorator']) retrieved from /Users/pro/Documents/a_env/proj_data/lib/python3.7/site-packages/airflow/example_dags/example_dag_decorator.py
[2022-07-24 23:16:31,107] {logging_mixin.py:115} INFO - [2022-07-24 23:16:31,106] {dag.py:2420} INFO - Sync 1 DAGs
[2022-07-24 23:16:31,126] {logging_mixin.py:115} INFO - [2022-07-24 23:16:31,126] {dag.py:2972} INFO - Setting next_dagrun for example_dag_decorator to None, run_after=None
[2022-07-24 23:16:31,140] {processor.py:161} INFO - Processing /Users/pro/Documents/a_env/proj_data/lib/python3.7/site-packages/airflow/example_dags/example_dag_decorator.py took 0.132 seconds
[2022-07-24 23:17:04,924] {processor.py:153} INFO - Started process (PID=12969) to work on /Users/pro/Documents/a_env/proj_data/lib/python3.7/site-packages/airflow/example_dags/example_dag_decorator.py
[2022-07-24 23:17:04,925] {processor.py:641} INFO - Processing file /Users/pro/Documents/a_env/proj_data/lib/python3.7/site-packages/airflow/example_dags/example_dag_decorator.py for tasks to queue
[2022-07-24 23:17:04,926] {logging_mixin.py:115} INFO - [2022-07-24 23:17:04,926] {dagbag.py:508} INFO - Filling up the DagBag from /Users/pro/Documents/a_env/proj_data/lib/python3.7/site-packages/airflow/example_dags/example_dag_decorator.py
[2022-07-24 23:17:04,961] {processor.py:651} INFO - DAG(s) dict_keys(['example_dag_decorator']) retrieved from /Users/pro/Documents/a_env/proj_data/lib/python3.7/site-packages/airflow/example_dags/example_dag_decorator.py
[2022-07-24 23:17:05,025] {logging_mixin.py:115} INFO - [2022-07-24 23:17:05,025] {dag.py:2420} INFO - Sync 1 DAGs
[2022-07-24 23:17:05,047] {logging_mixin.py:115} INFO - [2022-07-24 23:17:05,047] {dag.py:2972} INFO - Setting next_dagrun for example_dag_decorator to None, run_after=None
[2022-07-24 23:17:05,062] {processor.py:161} INFO - Processing /Users/pro/Documents/a_env/proj_data/lib/python3.7/site-packages/airflow/example_dags/example_dag_decorator.py took 0.144 seconds
[2022-07-24 23:17:39,311] {processor.py:153} INFO - Started process (PID=13049) to work on /Users/pro/Documents/a_env/proj_data/lib/python3.7/site-packages/airflow/example_dags/example_dag_decorator.py
[2022-07-24 23:17:39,313] {processor.py:641} INFO - Processing file /Users/pro/Documents/a_env/proj_data/lib/python3.7/site-packages/airflow/example_dags/example_dag_decorator.py for tasks to queue
[2022-07-24 23:17:39,314] {logging_mixin.py:115} INFO - [2022-07-24 23:17:39,313] {dagbag.py:508} INFO - Filling up the DagBag from /Users/pro/Documents/a_env/proj_data/lib/python3.7/site-packages/airflow/example_dags/example_dag_decorator.py
[2022-07-24 23:17:39,342] {processor.py:651} INFO - DAG(s) dict_keys(['example_dag_decorator']) retrieved from /Users/pro/Documents/a_env/proj_data/lib/python3.7/site-packages/airflow/example_dags/example_dag_decorator.py
[2022-07-24 23:17:39,360] {logging_mixin.py:115} INFO - [2022-07-24 23:17:39,359] {dag.py:2420} INFO - Sync 1 DAGs
[2022-07-24 23:17:39,380] {logging_mixin.py:115} INFO - [2022-07-24 23:17:39,379] {dag.py:2972} INFO - Setting next_dagrun for example_dag_decorator to None, run_after=None
[2022-07-24 23:17:39,392] {processor.py:161} INFO - Processing /Users/pro/Documents/a_env/proj_data/lib/python3.7/site-packages/airflow/example_dags/example_dag_decorator.py took 0.086 seconds
[2022-07-24 23:18:12,373] {processor.py:153} INFO - Started process (PID=13151) to work on /Users/pro/Documents/a_env/proj_data/lib/python3.7/site-packages/airflow/example_dags/example_dag_decorator.py
[2022-07-24 23:18:12,374] {processor.py:641} INFO - Processing file /Users/pro/Documents/a_env/proj_data/lib/python3.7/site-packages/airflow/example_dags/example_dag_decorator.py for tasks to queue
[2022-07-24 23:18:12,376] {logging_mixin.py:115} INFO - [2022-07-24 23:18:12,375] {dagbag.py:508} INFO - Filling up the DagBag from /Users/pro/Documents/a_env/proj_data/lib/python3.7/site-packages/airflow/example_dags/example_dag_decorator.py
[2022-07-24 23:18:12,410] {processor.py:651} INFO - DAG(s) dict_keys(['example_dag_decorator']) retrieved from /Users/pro/Documents/a_env/proj_data/lib/python3.7/site-packages/airflow/example_dags/example_dag_decorator.py
[2022-07-24 23:18:12,434] {logging_mixin.py:115} INFO - [2022-07-24 23:18:12,434] {dag.py:2420} INFO - Sync 1 DAGs
[2022-07-24 23:18:12,457] {logging_mixin.py:115} INFO - [2022-07-24 23:18:12,457] {dag.py:2972} INFO - Setting next_dagrun for example_dag_decorator to None, run_after=None
[2022-07-24 23:18:12,469] {processor.py:161} INFO - Processing /Users/pro/Documents/a_env/proj_data/lib/python3.7/site-packages/airflow/example_dags/example_dag_decorator.py took 0.101 seconds
[2022-07-24 23:18:47,357] {processor.py:153} INFO - Started process (PID=13252) to work on /Users/pro/Documents/a_env/proj_data/lib/python3.7/site-packages/airflow/example_dags/example_dag_decorator.py
[2022-07-24 23:18:47,358] {processor.py:641} INFO - Processing file /Users/pro/Documents/a_env/proj_data/lib/python3.7/site-packages/airflow/example_dags/example_dag_decorator.py for tasks to queue
[2022-07-24 23:18:47,359] {logging_mixin.py:115} INFO - [2022-07-24 23:18:47,359] {dagbag.py:508} INFO - Filling up the DagBag from /Users/pro/Documents/a_env/proj_data/lib/python3.7/site-packages/airflow/example_dags/example_dag_decorator.py
[2022-07-24 23:18:47,389] {processor.py:651} INFO - DAG(s) dict_keys(['example_dag_decorator']) retrieved from /Users/pro/Documents/a_env/proj_data/lib/python3.7/site-packages/airflow/example_dags/example_dag_decorator.py
[2022-07-24 23:18:47,411] {logging_mixin.py:115} INFO - [2022-07-24 23:18:47,410] {dag.py:2420} INFO - Sync 1 DAGs
[2022-07-24 23:18:47,437] {logging_mixin.py:115} INFO - [2022-07-24 23:18:47,437] {dag.py:2972} INFO - Setting next_dagrun for example_dag_decorator to None, run_after=None
[2022-07-24 23:18:47,451] {processor.py:161} INFO - Processing /Users/pro/Documents/a_env/proj_data/lib/python3.7/site-packages/airflow/example_dags/example_dag_decorator.py took 0.098 seconds
[2022-07-24 23:19:19,659] {processor.py:153} INFO - Started process (PID=13344) to work on /Users/pro/Documents/a_env/proj_data/lib/python3.7/site-packages/airflow/example_dags/example_dag_decorator.py
[2022-07-24 23:19:19,660] {processor.py:641} INFO - Processing file /Users/pro/Documents/a_env/proj_data/lib/python3.7/site-packages/airflow/example_dags/example_dag_decorator.py for tasks to queue
[2022-07-24 23:19:19,661] {logging_mixin.py:115} INFO - [2022-07-24 23:19:19,661] {dagbag.py:508} INFO - Filling up the DagBag from /Users/pro/Documents/a_env/proj_data/lib/python3.7/site-packages/airflow/example_dags/example_dag_decorator.py
[2022-07-24 23:19:19,691] {processor.py:651} INFO - DAG(s) dict_keys(['example_dag_decorator']) retrieved from /Users/pro/Documents/a_env/proj_data/lib/python3.7/site-packages/airflow/example_dags/example_dag_decorator.py
[2022-07-24 23:19:19,747] {logging_mixin.py:115} INFO - [2022-07-24 23:19:19,747] {dag.py:2420} INFO - Sync 1 DAGs
[2022-07-24 23:19:19,767] {logging_mixin.py:115} INFO - [2022-07-24 23:19:19,767] {dag.py:2972} INFO - Setting next_dagrun for example_dag_decorator to None, run_after=None
[2022-07-24 23:19:19,780] {processor.py:161} INFO - Processing /Users/pro/Documents/a_env/proj_data/lib/python3.7/site-packages/airflow/example_dags/example_dag_decorator.py took 0.126 seconds
[2022-07-24 23:19:52,752] {processor.py:153} INFO - Started process (PID=13405) to work on /Users/pro/Documents/a_env/proj_data/lib/python3.7/site-packages/airflow/example_dags/example_dag_decorator.py
[2022-07-24 23:19:52,754] {processor.py:641} INFO - Processing file /Users/pro/Documents/a_env/proj_data/lib/python3.7/site-packages/airflow/example_dags/example_dag_decorator.py for tasks to queue
[2022-07-24 23:19:52,755] {logging_mixin.py:115} INFO - [2022-07-24 23:19:52,755] {dagbag.py:508} INFO - Filling up the DagBag from /Users/pro/Documents/a_env/proj_data/lib/python3.7/site-packages/airflow/example_dags/example_dag_decorator.py
[2022-07-24 23:19:52,786] {processor.py:651} INFO - DAG(s) dict_keys(['example_dag_decorator']) retrieved from /Users/pro/Documents/a_env/proj_data/lib/python3.7/site-packages/airflow/example_dags/example_dag_decorator.py
[2022-07-24 23:19:52,846] {logging_mixin.py:115} INFO - [2022-07-24 23:19:52,846] {dag.py:2420} INFO - Sync 1 DAGs
[2022-07-24 23:19:52,867] {logging_mixin.py:115} INFO - [2022-07-24 23:19:52,866] {dag.py:2972} INFO - Setting next_dagrun for example_dag_decorator to None, run_after=None
[2022-07-24 23:19:52,881] {processor.py:161} INFO - Processing /Users/pro/Documents/a_env/proj_data/lib/python3.7/site-packages/airflow/example_dags/example_dag_decorator.py took 0.133 seconds
[2022-07-24 23:20:27,779] {processor.py:153} INFO - Started process (PID=13504) to work on /Users/pro/Documents/a_env/proj_data/lib/python3.7/site-packages/airflow/example_dags/example_dag_decorator.py
[2022-07-24 23:20:27,780] {processor.py:641} INFO - Processing file /Users/pro/Documents/a_env/proj_data/lib/python3.7/site-packages/airflow/example_dags/example_dag_decorator.py for tasks to queue
[2022-07-24 23:20:27,781] {logging_mixin.py:115} INFO - [2022-07-24 23:20:27,781] {dagbag.py:508} INFO - Filling up the DagBag from /Users/pro/Documents/a_env/proj_data/lib/python3.7/site-packages/airflow/example_dags/example_dag_decorator.py
[2022-07-24 23:20:27,814] {processor.py:651} INFO - DAG(s) dict_keys(['example_dag_decorator']) retrieved from /Users/pro/Documents/a_env/proj_data/lib/python3.7/site-packages/airflow/example_dags/example_dag_decorator.py
[2022-07-24 23:20:27,881] {logging_mixin.py:115} INFO - [2022-07-24 23:20:27,881] {dag.py:2420} INFO - Sync 1 DAGs
[2022-07-24 23:20:27,903] {logging_mixin.py:115} INFO - [2022-07-24 23:20:27,903] {dag.py:2972} INFO - Setting next_dagrun for example_dag_decorator to None, run_after=None
[2022-07-24 23:20:27,918] {processor.py:161} INFO - Processing /Users/pro/Documents/a_env/proj_data/lib/python3.7/site-packages/airflow/example_dags/example_dag_decorator.py took 0.144 seconds
[2022-07-24 23:21:03,280] {processor.py:153} INFO - Started process (PID=13804) to work on /Users/pro/Documents/a_env/proj_data/lib/python3.7/site-packages/airflow/example_dags/example_dag_decorator.py
[2022-07-24 23:21:03,282] {processor.py:641} INFO - Processing file /Users/pro/Documents/a_env/proj_data/lib/python3.7/site-packages/airflow/example_dags/example_dag_decorator.py for tasks to queue
[2022-07-24 23:21:03,283] {logging_mixin.py:115} INFO - [2022-07-24 23:21:03,283] {dagbag.py:508} INFO - Filling up the DagBag from /Users/pro/Documents/a_env/proj_data/lib/python3.7/site-packages/airflow/example_dags/example_dag_decorator.py
[2022-07-24 23:21:03,314] {processor.py:651} INFO - DAG(s) dict_keys(['example_dag_decorator']) retrieved from /Users/pro/Documents/a_env/proj_data/lib/python3.7/site-packages/airflow/example_dags/example_dag_decorator.py
[2022-07-24 23:21:03,373] {logging_mixin.py:115} INFO - [2022-07-24 23:21:03,373] {dag.py:2420} INFO - Sync 1 DAGs
[2022-07-24 23:21:03,393] {logging_mixin.py:115} INFO - [2022-07-24 23:21:03,392] {dag.py:2972} INFO - Setting next_dagrun for example_dag_decorator to None, run_after=None
[2022-07-24 23:21:03,409] {processor.py:161} INFO - Processing /Users/pro/Documents/a_env/proj_data/lib/python3.7/site-packages/airflow/example_dags/example_dag_decorator.py took 0.133 seconds
[2022-07-24 23:21:37,791] {processor.py:153} INFO - Started process (PID=13886) to work on /Users/pro/Documents/a_env/proj_data/lib/python3.7/site-packages/airflow/example_dags/example_dag_decorator.py
[2022-07-24 23:21:37,793] {processor.py:641} INFO - Processing file /Users/pro/Documents/a_env/proj_data/lib/python3.7/site-packages/airflow/example_dags/example_dag_decorator.py for tasks to queue
[2022-07-24 23:21:37,795] {logging_mixin.py:115} INFO - [2022-07-24 23:21:37,794] {dagbag.py:508} INFO - Filling up the DagBag from /Users/pro/Documents/a_env/proj_data/lib/python3.7/site-packages/airflow/example_dags/example_dag_decorator.py
[2022-07-24 23:21:37,830] {processor.py:651} INFO - DAG(s) dict_keys(['example_dag_decorator']) retrieved from /Users/pro/Documents/a_env/proj_data/lib/python3.7/site-packages/airflow/example_dags/example_dag_decorator.py
[2022-07-24 23:21:37,851] {logging_mixin.py:115} INFO - [2022-07-24 23:21:37,851] {dag.py:2420} INFO - Sync 1 DAGs
[2022-07-24 23:21:37,874] {logging_mixin.py:115} INFO - [2022-07-24 23:21:37,874] {dag.py:2972} INFO - Setting next_dagrun for example_dag_decorator to None, run_after=None
[2022-07-24 23:21:37,889] {processor.py:161} INFO - Processing /Users/pro/Documents/a_env/proj_data/lib/python3.7/site-packages/airflow/example_dags/example_dag_decorator.py took 0.104 seconds
[2022-07-24 23:22:09,420] {processor.py:153} INFO - Started process (PID=13963) to work on /Users/pro/Documents/a_env/proj_data/lib/python3.7/site-packages/airflow/example_dags/example_dag_decorator.py
[2022-07-24 23:22:09,421] {processor.py:641} INFO - Processing file /Users/pro/Documents/a_env/proj_data/lib/python3.7/site-packages/airflow/example_dags/example_dag_decorator.py for tasks to queue
[2022-07-24 23:22:09,423] {logging_mixin.py:115} INFO - [2022-07-24 23:22:09,422] {dagbag.py:508} INFO - Filling up the DagBag from /Users/pro/Documents/a_env/proj_data/lib/python3.7/site-packages/airflow/example_dags/example_dag_decorator.py
[2022-07-24 23:22:09,456] {processor.py:651} INFO - DAG(s) dict_keys(['example_dag_decorator']) retrieved from /Users/pro/Documents/a_env/proj_data/lib/python3.7/site-packages/airflow/example_dags/example_dag_decorator.py
[2022-07-24 23:22:09,515] {logging_mixin.py:115} INFO - [2022-07-24 23:22:09,514] {dag.py:2420} INFO - Sync 1 DAGs
[2022-07-24 23:22:09,537] {logging_mixin.py:115} INFO - [2022-07-24 23:22:09,536] {dag.py:2972} INFO - Setting next_dagrun for example_dag_decorator to None, run_after=None
[2022-07-24 23:22:09,554] {processor.py:161} INFO - Processing /Users/pro/Documents/a_env/proj_data/lib/python3.7/site-packages/airflow/example_dags/example_dag_decorator.py took 0.142 seconds
[2022-07-24 23:22:42,815] {processor.py:153} INFO - Started process (PID=14069) to work on /Users/pro/Documents/a_env/proj_data/lib/python3.7/site-packages/airflow/example_dags/example_dag_decorator.py
[2022-07-24 23:22:42,816] {processor.py:641} INFO - Processing file /Users/pro/Documents/a_env/proj_data/lib/python3.7/site-packages/airflow/example_dags/example_dag_decorator.py for tasks to queue
[2022-07-24 23:22:42,817] {logging_mixin.py:115} INFO - [2022-07-24 23:22:42,817] {dagbag.py:508} INFO - Filling up the DagBag from /Users/pro/Documents/a_env/proj_data/lib/python3.7/site-packages/airflow/example_dags/example_dag_decorator.py
[2022-07-24 23:22:42,847] {processor.py:651} INFO - DAG(s) dict_keys(['example_dag_decorator']) retrieved from /Users/pro/Documents/a_env/proj_data/lib/python3.7/site-packages/airflow/example_dags/example_dag_decorator.py
[2022-07-24 23:22:42,866] {logging_mixin.py:115} INFO - [2022-07-24 23:22:42,866] {dag.py:2420} INFO - Sync 1 DAGs
[2022-07-24 23:22:42,887] {logging_mixin.py:115} INFO - [2022-07-24 23:22:42,887] {dag.py:2972} INFO - Setting next_dagrun for example_dag_decorator to None, run_after=None
[2022-07-24 23:22:42,901] {processor.py:161} INFO - Processing /Users/pro/Documents/a_env/proj_data/lib/python3.7/site-packages/airflow/example_dags/example_dag_decorator.py took 0.091 seconds
[2022-07-24 23:23:17,210] {processor.py:153} INFO - Started process (PID=14185) to work on /Users/pro/Documents/a_env/proj_data/lib/python3.7/site-packages/airflow/example_dags/example_dag_decorator.py
[2022-07-24 23:23:17,212] {processor.py:641} INFO - Processing file /Users/pro/Documents/a_env/proj_data/lib/python3.7/site-packages/airflow/example_dags/example_dag_decorator.py for tasks to queue
[2022-07-24 23:23:17,214] {logging_mixin.py:115} INFO - [2022-07-24 23:23:17,213] {dagbag.py:508} INFO - Filling up the DagBag from /Users/pro/Documents/a_env/proj_data/lib/python3.7/site-packages/airflow/example_dags/example_dag_decorator.py
[2022-07-24 23:23:17,247] {processor.py:651} INFO - DAG(s) dict_keys(['example_dag_decorator']) retrieved from /Users/pro/Documents/a_env/proj_data/lib/python3.7/site-packages/airflow/example_dags/example_dag_decorator.py
[2022-07-24 23:23:17,266] {logging_mixin.py:115} INFO - [2022-07-24 23:23:17,266] {dag.py:2420} INFO - Sync 1 DAGs
[2022-07-24 23:23:17,287] {logging_mixin.py:115} INFO - [2022-07-24 23:23:17,287] {dag.py:2972} INFO - Setting next_dagrun for example_dag_decorator to None, run_after=None
[2022-07-24 23:23:17,300] {processor.py:161} INFO - Processing /Users/pro/Documents/a_env/proj_data/lib/python3.7/site-packages/airflow/example_dags/example_dag_decorator.py took 0.095 seconds
[2022-07-24 23:23:51,944] {processor.py:153} INFO - Started process (PID=14241) to work on /Users/pro/Documents/a_env/proj_data/lib/python3.7/site-packages/airflow/example_dags/example_dag_decorator.py
[2022-07-24 23:23:51,946] {processor.py:641} INFO - Processing file /Users/pro/Documents/a_env/proj_data/lib/python3.7/site-packages/airflow/example_dags/example_dag_decorator.py for tasks to queue
[2022-07-24 23:23:51,947] {logging_mixin.py:115} INFO - [2022-07-24 23:23:51,947] {dagbag.py:508} INFO - Filling up the DagBag from /Users/pro/Documents/a_env/proj_data/lib/python3.7/site-packages/airflow/example_dags/example_dag_decorator.py
[2022-07-24 23:23:51,984] {processor.py:651} INFO - DAG(s) dict_keys(['example_dag_decorator']) retrieved from /Users/pro/Documents/a_env/proj_data/lib/python3.7/site-packages/airflow/example_dags/example_dag_decorator.py
[2022-07-24 23:23:52,008] {logging_mixin.py:115} INFO - [2022-07-24 23:23:52,007] {dag.py:2420} INFO - Sync 1 DAGs
[2022-07-24 23:23:52,030] {logging_mixin.py:115} INFO - [2022-07-24 23:23:52,030] {dag.py:2972} INFO - Setting next_dagrun for example_dag_decorator to None, run_after=None
[2022-07-24 23:23:52,043] {processor.py:161} INFO - Processing /Users/pro/Documents/a_env/proj_data/lib/python3.7/site-packages/airflow/example_dags/example_dag_decorator.py took 0.104 seconds
[2022-07-24 23:24:26,136] {processor.py:153} INFO - Started process (PID=14365) to work on /Users/pro/Documents/a_env/proj_data/lib/python3.7/site-packages/airflow/example_dags/example_dag_decorator.py
[2022-07-24 23:24:26,137] {processor.py:641} INFO - Processing file /Users/pro/Documents/a_env/proj_data/lib/python3.7/site-packages/airflow/example_dags/example_dag_decorator.py for tasks to queue
[2022-07-24 23:24:26,138] {logging_mixin.py:115} INFO - [2022-07-24 23:24:26,138] {dagbag.py:508} INFO - Filling up the DagBag from /Users/pro/Documents/a_env/proj_data/lib/python3.7/site-packages/airflow/example_dags/example_dag_decorator.py
[2022-07-24 23:24:26,171] {processor.py:651} INFO - DAG(s) dict_keys(['example_dag_decorator']) retrieved from /Users/pro/Documents/a_env/proj_data/lib/python3.7/site-packages/airflow/example_dags/example_dag_decorator.py
[2022-07-24 23:24:26,229] {logging_mixin.py:115} INFO - [2022-07-24 23:24:26,229] {dag.py:2420} INFO - Sync 1 DAGs
[2022-07-24 23:24:26,247] {logging_mixin.py:115} INFO - [2022-07-24 23:24:26,247] {dag.py:2972} INFO - Setting next_dagrun for example_dag_decorator to None, run_after=None
[2022-07-24 23:24:26,261] {processor.py:161} INFO - Processing /Users/pro/Documents/a_env/proj_data/lib/python3.7/site-packages/airflow/example_dags/example_dag_decorator.py took 0.131 seconds
[2022-07-24 23:25:01,243] {processor.py:153} INFO - Started process (PID=14419) to work on /Users/pro/Documents/a_env/proj_data/lib/python3.7/site-packages/airflow/example_dags/example_dag_decorator.py
[2022-07-24 23:25:01,245] {processor.py:641} INFO - Processing file /Users/pro/Documents/a_env/proj_data/lib/python3.7/site-packages/airflow/example_dags/example_dag_decorator.py for tasks to queue
[2022-07-24 23:25:01,246] {logging_mixin.py:115} INFO - [2022-07-24 23:25:01,246] {dagbag.py:508} INFO - Filling up the DagBag from /Users/pro/Documents/a_env/proj_data/lib/python3.7/site-packages/airflow/example_dags/example_dag_decorator.py
[2022-07-24 23:25:01,279] {processor.py:651} INFO - DAG(s) dict_keys(['example_dag_decorator']) retrieved from /Users/pro/Documents/a_env/proj_data/lib/python3.7/site-packages/airflow/example_dags/example_dag_decorator.py
[2022-07-24 23:25:01,302] {logging_mixin.py:115} INFO - [2022-07-24 23:25:01,301] {dag.py:2420} INFO - Sync 1 DAGs
[2022-07-24 23:25:01,333] {logging_mixin.py:115} INFO - [2022-07-24 23:25:01,333] {dag.py:2972} INFO - Setting next_dagrun for example_dag_decorator to None, run_after=None
[2022-07-24 23:25:01,358] {processor.py:161} INFO - Processing /Users/pro/Documents/a_env/proj_data/lib/python3.7/site-packages/airflow/example_dags/example_dag_decorator.py took 0.120 seconds
[2022-07-24 23:25:37,447] {processor.py:153} INFO - Started process (PID=14469) to work on /Users/pro/Documents/a_env/proj_data/lib/python3.7/site-packages/airflow/example_dags/example_dag_decorator.py
[2022-07-24 23:25:37,449] {processor.py:641} INFO - Processing file /Users/pro/Documents/a_env/proj_data/lib/python3.7/site-packages/airflow/example_dags/example_dag_decorator.py for tasks to queue
[2022-07-24 23:25:37,450] {logging_mixin.py:115} INFO - [2022-07-24 23:25:37,450] {dagbag.py:508} INFO - Filling up the DagBag from /Users/pro/Documents/a_env/proj_data/lib/python3.7/site-packages/airflow/example_dags/example_dag_decorator.py
[2022-07-24 23:25:37,483] {processor.py:651} INFO - DAG(s) dict_keys(['example_dag_decorator']) retrieved from /Users/pro/Documents/a_env/proj_data/lib/python3.7/site-packages/airflow/example_dags/example_dag_decorator.py
[2022-07-24 23:25:37,503] {logging_mixin.py:115} INFO - [2022-07-24 23:25:37,503] {dag.py:2420} INFO - Sync 1 DAGs
[2022-07-24 23:25:37,525] {logging_mixin.py:115} INFO - [2022-07-24 23:25:37,525] {dag.py:2972} INFO - Setting next_dagrun for example_dag_decorator to None, run_after=None
[2022-07-24 23:25:37,540] {processor.py:161} INFO - Processing /Users/pro/Documents/a_env/proj_data/lib/python3.7/site-packages/airflow/example_dags/example_dag_decorator.py took 0.098 seconds
[2022-07-24 23:26:13,261] {processor.py:153} INFO - Started process (PID=14508) to work on /Users/pro/Documents/a_env/proj_data/lib/python3.7/site-packages/airflow/example_dags/example_dag_decorator.py
[2022-07-24 23:26:13,263] {processor.py:641} INFO - Processing file /Users/pro/Documents/a_env/proj_data/lib/python3.7/site-packages/airflow/example_dags/example_dag_decorator.py for tasks to queue
[2022-07-24 23:26:13,264] {logging_mixin.py:115} INFO - [2022-07-24 23:26:13,264] {dagbag.py:508} INFO - Filling up the DagBag from /Users/pro/Documents/a_env/proj_data/lib/python3.7/site-packages/airflow/example_dags/example_dag_decorator.py
[2022-07-24 23:26:13,297] {processor.py:651} INFO - DAG(s) dict_keys(['example_dag_decorator']) retrieved from /Users/pro/Documents/a_env/proj_data/lib/python3.7/site-packages/airflow/example_dags/example_dag_decorator.py
[2022-07-24 23:26:13,318] {logging_mixin.py:115} INFO - [2022-07-24 23:26:13,318] {dag.py:2420} INFO - Sync 1 DAGs
[2022-07-24 23:26:13,340] {logging_mixin.py:115} INFO - [2022-07-24 23:26:13,340] {dag.py:2972} INFO - Setting next_dagrun for example_dag_decorator to None, run_after=None
[2022-07-24 23:26:13,354] {processor.py:161} INFO - Processing /Users/pro/Documents/a_env/proj_data/lib/python3.7/site-packages/airflow/example_dags/example_dag_decorator.py took 0.098 seconds
[2022-07-24 23:26:47,822] {processor.py:153} INFO - Started process (PID=14568) to work on /Users/pro/Documents/a_env/proj_data/lib/python3.7/site-packages/airflow/example_dags/example_dag_decorator.py
[2022-07-24 23:26:47,825] {processor.py:641} INFO - Processing file /Users/pro/Documents/a_env/proj_data/lib/python3.7/site-packages/airflow/example_dags/example_dag_decorator.py for tasks to queue
[2022-07-24 23:26:47,826] {logging_mixin.py:115} INFO - [2022-07-24 23:26:47,826] {dagbag.py:508} INFO - Filling up the DagBag from /Users/pro/Documents/a_env/proj_data/lib/python3.7/site-packages/airflow/example_dags/example_dag_decorator.py
[2022-07-24 23:26:47,860] {processor.py:651} INFO - DAG(s) dict_keys(['example_dag_decorator']) retrieved from /Users/pro/Documents/a_env/proj_data/lib/python3.7/site-packages/airflow/example_dags/example_dag_decorator.py
[2022-07-24 23:26:47,879] {logging_mixin.py:115} INFO - [2022-07-24 23:26:47,879] {dag.py:2420} INFO - Sync 1 DAGs
[2022-07-24 23:26:47,906] {logging_mixin.py:115} INFO - [2022-07-24 23:26:47,906] {dag.py:2972} INFO - Setting next_dagrun for example_dag_decorator to None, run_after=None
[2022-07-24 23:26:47,919] {processor.py:161} INFO - Processing /Users/pro/Documents/a_env/proj_data/lib/python3.7/site-packages/airflow/example_dags/example_dag_decorator.py took 0.102 seconds
[2022-07-24 23:27:21,425] {processor.py:153} INFO - Started process (PID=14668) to work on /Users/pro/Documents/a_env/proj_data/lib/python3.7/site-packages/airflow/example_dags/example_dag_decorator.py
[2022-07-24 23:27:21,427] {processor.py:641} INFO - Processing file /Users/pro/Documents/a_env/proj_data/lib/python3.7/site-packages/airflow/example_dags/example_dag_decorator.py for tasks to queue
[2022-07-24 23:27:21,429] {logging_mixin.py:115} INFO - [2022-07-24 23:27:21,428] {dagbag.py:508} INFO - Filling up the DagBag from /Users/pro/Documents/a_env/proj_data/lib/python3.7/site-packages/airflow/example_dags/example_dag_decorator.py
[2022-07-24 23:27:21,462] {processor.py:651} INFO - DAG(s) dict_keys(['example_dag_decorator']) retrieved from /Users/pro/Documents/a_env/proj_data/lib/python3.7/site-packages/airflow/example_dags/example_dag_decorator.py
[2022-07-24 23:27:21,526] {logging_mixin.py:115} INFO - [2022-07-24 23:27:21,526] {dag.py:2420} INFO - Sync 1 DAGs
[2022-07-24 23:27:21,546] {logging_mixin.py:115} INFO - [2022-07-24 23:27:21,545] {dag.py:2972} INFO - Setting next_dagrun for example_dag_decorator to None, run_after=None
[2022-07-24 23:27:21,560] {processor.py:161} INFO - Processing /Users/pro/Documents/a_env/proj_data/lib/python3.7/site-packages/airflow/example_dags/example_dag_decorator.py took 0.140 seconds
[2022-07-24 23:27:56,527] {processor.py:153} INFO - Started process (PID=14739) to work on /Users/pro/Documents/a_env/proj_data/lib/python3.7/site-packages/airflow/example_dags/example_dag_decorator.py
[2022-07-24 23:27:56,529] {processor.py:641} INFO - Processing file /Users/pro/Documents/a_env/proj_data/lib/python3.7/site-packages/airflow/example_dags/example_dag_decorator.py for tasks to queue
[2022-07-24 23:27:56,531] {logging_mixin.py:115} INFO - [2022-07-24 23:27:56,531] {dagbag.py:508} INFO - Filling up the DagBag from /Users/pro/Documents/a_env/proj_data/lib/python3.7/site-packages/airflow/example_dags/example_dag_decorator.py
[2022-07-24 23:27:56,563] {processor.py:651} INFO - DAG(s) dict_keys(['example_dag_decorator']) retrieved from /Users/pro/Documents/a_env/proj_data/lib/python3.7/site-packages/airflow/example_dags/example_dag_decorator.py
[2022-07-24 23:27:56,620] {logging_mixin.py:115} INFO - [2022-07-24 23:27:56,620] {dag.py:2420} INFO - Sync 1 DAGs
[2022-07-24 23:27:56,639] {logging_mixin.py:115} INFO - [2022-07-24 23:27:56,639] {dag.py:2972} INFO - Setting next_dagrun for example_dag_decorator to None, run_after=None
[2022-07-24 23:27:56,653] {processor.py:161} INFO - Processing /Users/pro/Documents/a_env/proj_data/lib/python3.7/site-packages/airflow/example_dags/example_dag_decorator.py took 0.131 seconds
[2022-07-24 23:28:30,172] {processor.py:153} INFO - Started process (PID=14825) to work on /Users/pro/Documents/a_env/proj_data/lib/python3.7/site-packages/airflow/example_dags/example_dag_decorator.py
[2022-07-24 23:28:30,176] {processor.py:641} INFO - Processing file /Users/pro/Documents/a_env/proj_data/lib/python3.7/site-packages/airflow/example_dags/example_dag_decorator.py for tasks to queue
[2022-07-24 23:28:30,179] {logging_mixin.py:115} INFO - [2022-07-24 23:28:30,178] {dagbag.py:508} INFO - Filling up the DagBag from /Users/pro/Documents/a_env/proj_data/lib/python3.7/site-packages/airflow/example_dags/example_dag_decorator.py
[2022-07-24 23:28:30,238] {processor.py:651} INFO - DAG(s) dict_keys(['example_dag_decorator']) retrieved from /Users/pro/Documents/a_env/proj_data/lib/python3.7/site-packages/airflow/example_dags/example_dag_decorator.py
[2022-07-24 23:28:30,274] {logging_mixin.py:115} INFO - [2022-07-24 23:28:30,274] {dag.py:2420} INFO - Sync 1 DAGs
[2022-07-24 23:28:30,310] {logging_mixin.py:115} INFO - [2022-07-24 23:28:30,310] {dag.py:2972} INFO - Setting next_dagrun for example_dag_decorator to None, run_after=None
[2022-07-24 23:28:30,342] {processor.py:161} INFO - Processing /Users/pro/Documents/a_env/proj_data/lib/python3.7/site-packages/airflow/example_dags/example_dag_decorator.py took 0.180 seconds
[2022-07-24 23:29:04,926] {processor.py:153} INFO - Started process (PID=14863) to work on /Users/pro/Documents/a_env/proj_data/lib/python3.7/site-packages/airflow/example_dags/example_dag_decorator.py
[2022-07-24 23:29:04,928] {processor.py:641} INFO - Processing file /Users/pro/Documents/a_env/proj_data/lib/python3.7/site-packages/airflow/example_dags/example_dag_decorator.py for tasks to queue
[2022-07-24 23:29:04,929] {logging_mixin.py:115} INFO - [2022-07-24 23:29:04,929] {dagbag.py:508} INFO - Filling up the DagBag from /Users/pro/Documents/a_env/proj_data/lib/python3.7/site-packages/airflow/example_dags/example_dag_decorator.py
[2022-07-24 23:29:04,961] {processor.py:651} INFO - DAG(s) dict_keys(['example_dag_decorator']) retrieved from /Users/pro/Documents/a_env/proj_data/lib/python3.7/site-packages/airflow/example_dags/example_dag_decorator.py
[2022-07-24 23:29:04,981] {logging_mixin.py:115} INFO - [2022-07-24 23:29:04,981] {dag.py:2420} INFO - Sync 1 DAGs
[2022-07-24 23:29:05,002] {logging_mixin.py:115} INFO - [2022-07-24 23:29:05,002] {dag.py:2972} INFO - Setting next_dagrun for example_dag_decorator to None, run_after=None
[2022-07-24 23:29:05,019] {processor.py:161} INFO - Processing /Users/pro/Documents/a_env/proj_data/lib/python3.7/site-packages/airflow/example_dags/example_dag_decorator.py took 0.099 seconds
[2022-07-24 23:29:38,455] {processor.py:153} INFO - Started process (PID=14897) to work on /Users/pro/Documents/a_env/proj_data/lib/python3.7/site-packages/airflow/example_dags/example_dag_decorator.py
[2022-07-24 23:29:38,456] {processor.py:641} INFO - Processing file /Users/pro/Documents/a_env/proj_data/lib/python3.7/site-packages/airflow/example_dags/example_dag_decorator.py for tasks to queue
[2022-07-24 23:29:38,457] {logging_mixin.py:115} INFO - [2022-07-24 23:29:38,457] {dagbag.py:508} INFO - Filling up the DagBag from /Users/pro/Documents/a_env/proj_data/lib/python3.7/site-packages/airflow/example_dags/example_dag_decorator.py
[2022-07-24 23:29:38,489] {processor.py:651} INFO - DAG(s) dict_keys(['example_dag_decorator']) retrieved from /Users/pro/Documents/a_env/proj_data/lib/python3.7/site-packages/airflow/example_dags/example_dag_decorator.py
[2022-07-24 23:29:38,509] {logging_mixin.py:115} INFO - [2022-07-24 23:29:38,509] {dag.py:2420} INFO - Sync 1 DAGs
[2022-07-24 23:29:38,533] {logging_mixin.py:115} INFO - [2022-07-24 23:29:38,532] {dag.py:2972} INFO - Setting next_dagrun for example_dag_decorator to None, run_after=None
[2022-07-24 23:29:38,544] {processor.py:161} INFO - Processing /Users/pro/Documents/a_env/proj_data/lib/python3.7/site-packages/airflow/example_dags/example_dag_decorator.py took 0.095 seconds
[2022-07-24 23:30:12,528] {processor.py:153} INFO - Started process (PID=14948) to work on /Users/pro/Documents/a_env/proj_data/lib/python3.7/site-packages/airflow/example_dags/example_dag_decorator.py
[2022-07-24 23:30:12,530] {processor.py:641} INFO - Processing file /Users/pro/Documents/a_env/proj_data/lib/python3.7/site-packages/airflow/example_dags/example_dag_decorator.py for tasks to queue
[2022-07-24 23:30:12,532] {logging_mixin.py:115} INFO - [2022-07-24 23:30:12,532] {dagbag.py:508} INFO - Filling up the DagBag from /Users/pro/Documents/a_env/proj_data/lib/python3.7/site-packages/airflow/example_dags/example_dag_decorator.py
[2022-07-24 23:30:12,566] {processor.py:651} INFO - DAG(s) dict_keys(['example_dag_decorator']) retrieved from /Users/pro/Documents/a_env/proj_data/lib/python3.7/site-packages/airflow/example_dags/example_dag_decorator.py
[2022-07-24 23:30:12,586] {logging_mixin.py:115} INFO - [2022-07-24 23:30:12,586] {dag.py:2420} INFO - Sync 1 DAGs
[2022-07-24 23:30:12,606] {logging_mixin.py:115} INFO - [2022-07-24 23:30:12,606] {dag.py:2972} INFO - Setting next_dagrun for example_dag_decorator to None, run_after=None
[2022-07-24 23:30:12,619] {processor.py:161} INFO - Processing /Users/pro/Documents/a_env/proj_data/lib/python3.7/site-packages/airflow/example_dags/example_dag_decorator.py took 0.096 seconds
[2022-07-24 23:30:45,970] {processor.py:153} INFO - Started process (PID=14987) to work on /Users/pro/Documents/a_env/proj_data/lib/python3.7/site-packages/airflow/example_dags/example_dag_decorator.py
[2022-07-24 23:30:45,971] {processor.py:641} INFO - Processing file /Users/pro/Documents/a_env/proj_data/lib/python3.7/site-packages/airflow/example_dags/example_dag_decorator.py for tasks to queue
[2022-07-24 23:30:45,972] {logging_mixin.py:115} INFO - [2022-07-24 23:30:45,972] {dagbag.py:508} INFO - Filling up the DagBag from /Users/pro/Documents/a_env/proj_data/lib/python3.7/site-packages/airflow/example_dags/example_dag_decorator.py
[2022-07-24 23:30:46,003] {processor.py:651} INFO - DAG(s) dict_keys(['example_dag_decorator']) retrieved from /Users/pro/Documents/a_env/proj_data/lib/python3.7/site-packages/airflow/example_dags/example_dag_decorator.py
[2022-07-24 23:30:46,021] {logging_mixin.py:115} INFO - [2022-07-24 23:30:46,021] {dag.py:2420} INFO - Sync 1 DAGs
[2022-07-24 23:30:46,042] {logging_mixin.py:115} INFO - [2022-07-24 23:30:46,042] {dag.py:2972} INFO - Setting next_dagrun for example_dag_decorator to None, run_after=None
[2022-07-24 23:30:46,056] {processor.py:161} INFO - Processing /Users/pro/Documents/a_env/proj_data/lib/python3.7/site-packages/airflow/example_dags/example_dag_decorator.py took 0.092 seconds
[2022-07-24 23:31:19,822] {processor.py:153} INFO - Started process (PID=15022) to work on /Users/pro/Documents/a_env/proj_data/lib/python3.7/site-packages/airflow/example_dags/example_dag_decorator.py
[2022-07-24 23:31:19,825] {processor.py:641} INFO - Processing file /Users/pro/Documents/a_env/proj_data/lib/python3.7/site-packages/airflow/example_dags/example_dag_decorator.py for tasks to queue
[2022-07-24 23:31:19,826] {logging_mixin.py:115} INFO - [2022-07-24 23:31:19,826] {dagbag.py:508} INFO - Filling up the DagBag from /Users/pro/Documents/a_env/proj_data/lib/python3.7/site-packages/airflow/example_dags/example_dag_decorator.py
[2022-07-24 23:31:19,860] {processor.py:651} INFO - DAG(s) dict_keys(['example_dag_decorator']) retrieved from /Users/pro/Documents/a_env/proj_data/lib/python3.7/site-packages/airflow/example_dags/example_dag_decorator.py
[2022-07-24 23:31:19,920] {logging_mixin.py:115} INFO - [2022-07-24 23:31:19,920] {dag.py:2420} INFO - Sync 1 DAGs
[2022-07-24 23:31:19,939] {logging_mixin.py:115} INFO - [2022-07-24 23:31:19,939] {dag.py:2972} INFO - Setting next_dagrun for example_dag_decorator to None, run_after=None
[2022-07-24 23:31:19,954] {processor.py:161} INFO - Processing /Users/pro/Documents/a_env/proj_data/lib/python3.7/site-packages/airflow/example_dags/example_dag_decorator.py took 0.137 seconds
[2022-07-24 23:31:55,105] {processor.py:153} INFO - Started process (PID=15113) to work on /Users/pro/Documents/a_env/proj_data/lib/python3.7/site-packages/airflow/example_dags/example_dag_decorator.py
[2022-07-24 23:31:55,107] {processor.py:641} INFO - Processing file /Users/pro/Documents/a_env/proj_data/lib/python3.7/site-packages/airflow/example_dags/example_dag_decorator.py for tasks to queue
[2022-07-24 23:31:55,109] {logging_mixin.py:115} INFO - [2022-07-24 23:31:55,108] {dagbag.py:508} INFO - Filling up the DagBag from /Users/pro/Documents/a_env/proj_data/lib/python3.7/site-packages/airflow/example_dags/example_dag_decorator.py
[2022-07-24 23:31:55,145] {processor.py:651} INFO - DAG(s) dict_keys(['example_dag_decorator']) retrieved from /Users/pro/Documents/a_env/proj_data/lib/python3.7/site-packages/airflow/example_dags/example_dag_decorator.py
[2022-07-24 23:31:55,204] {logging_mixin.py:115} INFO - [2022-07-24 23:31:55,204] {dag.py:2420} INFO - Sync 1 DAGs
[2022-07-24 23:31:55,223] {logging_mixin.py:115} INFO - [2022-07-24 23:31:55,222] {dag.py:2972} INFO - Setting next_dagrun for example_dag_decorator to None, run_after=None
[2022-07-24 23:31:55,238] {processor.py:161} INFO - Processing /Users/pro/Documents/a_env/proj_data/lib/python3.7/site-packages/airflow/example_dags/example_dag_decorator.py took 0.138 seconds
[2022-07-24 23:32:29,100] {processor.py:153} INFO - Started process (PID=15169) to work on /Users/pro/Documents/a_env/proj_data/lib/python3.7/site-packages/airflow/example_dags/example_dag_decorator.py
[2022-07-24 23:32:29,101] {processor.py:641} INFO - Processing file /Users/pro/Documents/a_env/proj_data/lib/python3.7/site-packages/airflow/example_dags/example_dag_decorator.py for tasks to queue
[2022-07-24 23:32:29,102] {logging_mixin.py:115} INFO - [2022-07-24 23:32:29,101] {dagbag.py:508} INFO - Filling up the DagBag from /Users/pro/Documents/a_env/proj_data/lib/python3.7/site-packages/airflow/example_dags/example_dag_decorator.py
[2022-07-24 23:32:29,135] {processor.py:651} INFO - DAG(s) dict_keys(['example_dag_decorator']) retrieved from /Users/pro/Documents/a_env/proj_data/lib/python3.7/site-packages/airflow/example_dags/example_dag_decorator.py
[2022-07-24 23:32:29,193] {logging_mixin.py:115} INFO - [2022-07-24 23:32:29,193] {dag.py:2420} INFO - Sync 1 DAGs
[2022-07-24 23:32:29,212] {logging_mixin.py:115} INFO - [2022-07-24 23:32:29,211] {dag.py:2972} INFO - Setting next_dagrun for example_dag_decorator to None, run_after=None
[2022-07-24 23:32:29,226] {processor.py:161} INFO - Processing /Users/pro/Documents/a_env/proj_data/lib/python3.7/site-packages/airflow/example_dags/example_dag_decorator.py took 0.132 seconds
[2022-07-24 23:33:04,224] {processor.py:153} INFO - Started process (PID=15282) to work on /Users/pro/Documents/a_env/proj_data/lib/python3.7/site-packages/airflow/example_dags/example_dag_decorator.py
[2022-07-24 23:33:04,225] {processor.py:641} INFO - Processing file /Users/pro/Documents/a_env/proj_data/lib/python3.7/site-packages/airflow/example_dags/example_dag_decorator.py for tasks to queue
[2022-07-24 23:33:04,227] {logging_mixin.py:115} INFO - [2022-07-24 23:33:04,226] {dagbag.py:508} INFO - Filling up the DagBag from /Users/pro/Documents/a_env/proj_data/lib/python3.7/site-packages/airflow/example_dags/example_dag_decorator.py
[2022-07-24 23:33:04,261] {processor.py:651} INFO - DAG(s) dict_keys(['example_dag_decorator']) retrieved from /Users/pro/Documents/a_env/proj_data/lib/python3.7/site-packages/airflow/example_dags/example_dag_decorator.py
[2022-07-24 23:33:04,316] {logging_mixin.py:115} INFO - [2022-07-24 23:33:04,316] {dag.py:2420} INFO - Sync 1 DAGs
[2022-07-24 23:33:04,335] {logging_mixin.py:115} INFO - [2022-07-24 23:33:04,335] {dag.py:2972} INFO - Setting next_dagrun for example_dag_decorator to None, run_after=None
[2022-07-24 23:33:04,351] {processor.py:161} INFO - Processing /Users/pro/Documents/a_env/proj_data/lib/python3.7/site-packages/airflow/example_dags/example_dag_decorator.py took 0.132 seconds
[2022-07-24 23:33:38,756] {processor.py:153} INFO - Started process (PID=15360) to work on /Users/pro/Documents/a_env/proj_data/lib/python3.7/site-packages/airflow/example_dags/example_dag_decorator.py
[2022-07-24 23:33:38,757] {processor.py:641} INFO - Processing file /Users/pro/Documents/a_env/proj_data/lib/python3.7/site-packages/airflow/example_dags/example_dag_decorator.py for tasks to queue
[2022-07-24 23:33:38,758] {logging_mixin.py:115} INFO - [2022-07-24 23:33:38,758] {dagbag.py:508} INFO - Filling up the DagBag from /Users/pro/Documents/a_env/proj_data/lib/python3.7/site-packages/airflow/example_dags/example_dag_decorator.py
[2022-07-24 23:33:38,791] {processor.py:651} INFO - DAG(s) dict_keys(['example_dag_decorator']) retrieved from /Users/pro/Documents/a_env/proj_data/lib/python3.7/site-packages/airflow/example_dags/example_dag_decorator.py
[2022-07-24 23:33:38,810] {logging_mixin.py:115} INFO - [2022-07-24 23:33:38,810] {dag.py:2420} INFO - Sync 1 DAGs
[2022-07-24 23:33:38,833] {logging_mixin.py:115} INFO - [2022-07-24 23:33:38,833] {dag.py:2972} INFO - Setting next_dagrun for example_dag_decorator to None, run_after=None
[2022-07-24 23:33:38,847] {processor.py:161} INFO - Processing /Users/pro/Documents/a_env/proj_data/lib/python3.7/site-packages/airflow/example_dags/example_dag_decorator.py took 0.096 seconds
[2022-07-24 23:34:13,192] {processor.py:153} INFO - Started process (PID=15468) to work on /Users/pro/Documents/a_env/proj_data/lib/python3.7/site-packages/airflow/example_dags/example_dag_decorator.py
[2022-07-24 23:34:13,195] {processor.py:641} INFO - Processing file /Users/pro/Documents/a_env/proj_data/lib/python3.7/site-packages/airflow/example_dags/example_dag_decorator.py for tasks to queue
[2022-07-24 23:34:13,196] {logging_mixin.py:115} INFO - [2022-07-24 23:34:13,196] {dagbag.py:508} INFO - Filling up the DagBag from /Users/pro/Documents/a_env/proj_data/lib/python3.7/site-packages/airflow/example_dags/example_dag_decorator.py
[2022-07-24 23:34:13,232] {processor.py:651} INFO - DAG(s) dict_keys(['example_dag_decorator']) retrieved from /Users/pro/Documents/a_env/proj_data/lib/python3.7/site-packages/airflow/example_dags/example_dag_decorator.py
[2022-07-24 23:34:13,289] {logging_mixin.py:115} INFO - [2022-07-24 23:34:13,288] {dag.py:2420} INFO - Sync 1 DAGs
[2022-07-24 23:34:13,309] {logging_mixin.py:115} INFO - [2022-07-24 23:34:13,309] {dag.py:2972} INFO - Setting next_dagrun for example_dag_decorator to None, run_after=None
[2022-07-24 23:34:13,322] {processor.py:161} INFO - Processing /Users/pro/Documents/a_env/proj_data/lib/python3.7/site-packages/airflow/example_dags/example_dag_decorator.py took 0.136 seconds
