[2022-07-24 23:12:23,376] {processor.py:153} INFO - Started process (PID=12410) to work on /Users/pro/Documents/a_env/proj_data/lib/python3.7/site-packages/airflow/example_dags/example_nested_branch_dag.py
[2022-07-24 23:12:23,377] {processor.py:641} INFO - Processing file /Users/pro/Documents/a_env/proj_data/lib/python3.7/site-packages/airflow/example_dags/example_nested_branch_dag.py for tasks to queue
[2022-07-24 23:12:23,378] {logging_mixin.py:115} INFO - [2022-07-24 23:12:23,378] {dagbag.py:508} INFO - Filling up the DagBag from /Users/pro/Documents/a_env/proj_data/lib/python3.7/site-packages/airflow/example_dags/example_nested_branch_dag.py
[2022-07-24 23:12:23,394] {processor.py:651} INFO - DAG(s) dict_keys(['example_nested_branch_dag']) retrieved from /Users/pro/Documents/a_env/proj_data/lib/python3.7/site-packages/airflow/example_dags/example_nested_branch_dag.py
[2022-07-24 23:12:23,468] {logging_mixin.py:115} INFO - [2022-07-24 23:12:23,467] {manager.py:508} INFO - Created Permission View: can edit on DAG:example_nested_branch_dag
[2022-07-24 23:12:23,478] {logging_mixin.py:115} INFO - [2022-07-24 23:12:23,477] {manager.py:508} INFO - Created Permission View: can delete on DAG:example_nested_branch_dag
[2022-07-24 23:12:23,485] {logging_mixin.py:115} INFO - [2022-07-24 23:12:23,485] {manager.py:508} INFO - Created Permission View: can read on DAG:example_nested_branch_dag
[2022-07-24 23:12:23,486] {logging_mixin.py:115} INFO - [2022-07-24 23:12:23,485] {dag.py:2420} INFO - Sync 1 DAGs
[2022-07-24 23:12:23,497] {logging_mixin.py:115} INFO - [2022-07-24 23:12:23,497] {dag.py:2439} INFO - Creating ORM DAG for example_nested_branch_dag
[2022-07-24 23:12:23,512] {logging_mixin.py:115} INFO - [2022-07-24 23:12:23,511] {dag.py:2972} INFO - Setting next_dagrun for example_nested_branch_dag to 2022-07-23T00:00:00+00:00, run_after=2022-07-24T00:00:00+00:00
[2022-07-24 23:12:23,526] {processor.py:161} INFO - Processing /Users/pro/Documents/a_env/proj_data/lib/python3.7/site-packages/airflow/example_dags/example_nested_branch_dag.py took 0.154 seconds
[2022-07-24 23:12:56,940] {processor.py:153} INFO - Started process (PID=12449) to work on /Users/pro/Documents/a_env/proj_data/lib/python3.7/site-packages/airflow/example_dags/example_nested_branch_dag.py
[2022-07-24 23:12:56,941] {processor.py:641} INFO - Processing file /Users/pro/Documents/a_env/proj_data/lib/python3.7/site-packages/airflow/example_dags/example_nested_branch_dag.py for tasks to queue
[2022-07-24 23:12:56,942] {logging_mixin.py:115} INFO - [2022-07-24 23:12:56,942] {dagbag.py:508} INFO - Filling up the DagBag from /Users/pro/Documents/a_env/proj_data/lib/python3.7/site-packages/airflow/example_dags/example_nested_branch_dag.py
[2022-07-24 23:12:56,962] {processor.py:651} INFO - DAG(s) dict_keys(['example_nested_branch_dag']) retrieved from /Users/pro/Documents/a_env/proj_data/lib/python3.7/site-packages/airflow/example_dags/example_nested_branch_dag.py
[2022-07-24 23:12:56,981] {logging_mixin.py:115} INFO - [2022-07-24 23:12:56,981] {dag.py:2420} INFO - Sync 1 DAGs
[2022-07-24 23:12:57,024] {logging_mixin.py:115} INFO - [2022-07-24 23:12:57,023] {dag.py:2972} INFO - Setting next_dagrun for example_nested_branch_dag to 2022-07-23T00:00:00+00:00, run_after=2022-07-24T00:00:00+00:00
[2022-07-24 23:12:57,045] {processor.py:161} INFO - Processing /Users/pro/Documents/a_env/proj_data/lib/python3.7/site-packages/airflow/example_dags/example_nested_branch_dag.py took 0.110 seconds
[2022-07-24 23:13:32,279] {processor.py:153} INFO - Started process (PID=12486) to work on /Users/pro/Documents/a_env/proj_data/lib/python3.7/site-packages/airflow/example_dags/example_nested_branch_dag.py
[2022-07-24 23:13:32,281] {processor.py:641} INFO - Processing file /Users/pro/Documents/a_env/proj_data/lib/python3.7/site-packages/airflow/example_dags/example_nested_branch_dag.py for tasks to queue
[2022-07-24 23:13:32,283] {logging_mixin.py:115} INFO - [2022-07-24 23:13:32,283] {dagbag.py:508} INFO - Filling up the DagBag from /Users/pro/Documents/a_env/proj_data/lib/python3.7/site-packages/airflow/example_dags/example_nested_branch_dag.py
[2022-07-24 23:13:32,308] {processor.py:651} INFO - DAG(s) dict_keys(['example_nested_branch_dag']) retrieved from /Users/pro/Documents/a_env/proj_data/lib/python3.7/site-packages/airflow/example_dags/example_nested_branch_dag.py
[2022-07-24 23:13:32,332] {logging_mixin.py:115} INFO - [2022-07-24 23:13:32,332] {dag.py:2420} INFO - Sync 1 DAGs
[2022-07-24 23:13:32,357] {logging_mixin.py:115} INFO - [2022-07-24 23:13:32,356] {dag.py:2972} INFO - Setting next_dagrun for example_nested_branch_dag to 2022-07-23T00:00:00+00:00, run_after=2022-07-24T00:00:00+00:00
[2022-07-24 23:13:32,372] {processor.py:161} INFO - Processing /Users/pro/Documents/a_env/proj_data/lib/python3.7/site-packages/airflow/example_dags/example_nested_branch_dag.py took 0.100 seconds
[2022-07-24 23:14:05,353] {processor.py:153} INFO - Started process (PID=12522) to work on /Users/pro/Documents/a_env/proj_data/lib/python3.7/site-packages/airflow/example_dags/example_nested_branch_dag.py
[2022-07-24 23:14:05,354] {processor.py:641} INFO - Processing file /Users/pro/Documents/a_env/proj_data/lib/python3.7/site-packages/airflow/example_dags/example_nested_branch_dag.py for tasks to queue
[2022-07-24 23:14:05,356] {logging_mixin.py:115} INFO - [2022-07-24 23:14:05,355] {dagbag.py:508} INFO - Filling up the DagBag from /Users/pro/Documents/a_env/proj_data/lib/python3.7/site-packages/airflow/example_dags/example_nested_branch_dag.py
[2022-07-24 23:14:05,389] {processor.py:651} INFO - DAG(s) dict_keys(['example_nested_branch_dag']) retrieved from /Users/pro/Documents/a_env/proj_data/lib/python3.7/site-packages/airflow/example_dags/example_nested_branch_dag.py
[2022-07-24 23:14:05,409] {logging_mixin.py:115} INFO - [2022-07-24 23:14:05,409] {dag.py:2420} INFO - Sync 1 DAGs
[2022-07-24 23:14:05,438] {logging_mixin.py:115} INFO - [2022-07-24 23:14:05,437] {dag.py:2972} INFO - Setting next_dagrun for example_nested_branch_dag to 2022-07-23T00:00:00+00:00, run_after=2022-07-24T00:00:00+00:00
[2022-07-24 23:14:05,451] {processor.py:161} INFO - Processing /Users/pro/Documents/a_env/proj_data/lib/python3.7/site-packages/airflow/example_dags/example_nested_branch_dag.py took 0.103 seconds
[2022-07-24 23:14:41,028] {processor.py:153} INFO - Started process (PID=12558) to work on /Users/pro/Documents/a_env/proj_data/lib/python3.7/site-packages/airflow/example_dags/example_nested_branch_dag.py
[2022-07-24 23:14:41,030] {processor.py:641} INFO - Processing file /Users/pro/Documents/a_env/proj_data/lib/python3.7/site-packages/airflow/example_dags/example_nested_branch_dag.py for tasks to queue
[2022-07-24 23:14:41,031] {logging_mixin.py:115} INFO - [2022-07-24 23:14:41,031] {dagbag.py:508} INFO - Filling up the DagBag from /Users/pro/Documents/a_env/proj_data/lib/python3.7/site-packages/airflow/example_dags/example_nested_branch_dag.py
[2022-07-24 23:14:41,055] {processor.py:651} INFO - DAG(s) dict_keys(['example_nested_branch_dag']) retrieved from /Users/pro/Documents/a_env/proj_data/lib/python3.7/site-packages/airflow/example_dags/example_nested_branch_dag.py
[2022-07-24 23:14:41,078] {logging_mixin.py:115} INFO - [2022-07-24 23:14:41,078] {dag.py:2420} INFO - Sync 1 DAGs
[2022-07-24 23:14:41,106] {logging_mixin.py:115} INFO - [2022-07-24 23:14:41,105] {dag.py:2972} INFO - Setting next_dagrun for example_nested_branch_dag to 2022-07-23T00:00:00+00:00, run_after=2022-07-24T00:00:00+00:00
[2022-07-24 23:14:41,120] {processor.py:161} INFO - Processing /Users/pro/Documents/a_env/proj_data/lib/python3.7/site-packages/airflow/example_dags/example_nested_branch_dag.py took 0.097 seconds
[2022-07-24 23:15:16,195] {processor.py:153} INFO - Started process (PID=12622) to work on /Users/pro/Documents/a_env/proj_data/lib/python3.7/site-packages/airflow/example_dags/example_nested_branch_dag.py
[2022-07-24 23:15:16,197] {processor.py:641} INFO - Processing file /Users/pro/Documents/a_env/proj_data/lib/python3.7/site-packages/airflow/example_dags/example_nested_branch_dag.py for tasks to queue
[2022-07-24 23:15:16,198] {logging_mixin.py:115} INFO - [2022-07-24 23:15:16,197] {dagbag.py:508} INFO - Filling up the DagBag from /Users/pro/Documents/a_env/proj_data/lib/python3.7/site-packages/airflow/example_dags/example_nested_branch_dag.py
[2022-07-24 23:15:16,217] {processor.py:651} INFO - DAG(s) dict_keys(['example_nested_branch_dag']) retrieved from /Users/pro/Documents/a_env/proj_data/lib/python3.7/site-packages/airflow/example_dags/example_nested_branch_dag.py
[2022-07-24 23:15:16,235] {logging_mixin.py:115} INFO - [2022-07-24 23:15:16,234] {dag.py:2420} INFO - Sync 1 DAGs
[2022-07-24 23:15:16,257] {logging_mixin.py:115} INFO - [2022-07-24 23:15:16,257] {dag.py:2972} INFO - Setting next_dagrun for example_nested_branch_dag to 2022-07-23T00:00:00+00:00, run_after=2022-07-24T00:00:00+00:00
[2022-07-24 23:15:16,270] {processor.py:161} INFO - Processing /Users/pro/Documents/a_env/proj_data/lib/python3.7/site-packages/airflow/example_dags/example_nested_branch_dag.py took 0.079 seconds
[2022-07-24 23:15:51,489] {processor.py:153} INFO - Started process (PID=12747) to work on /Users/pro/Documents/a_env/proj_data/lib/python3.7/site-packages/airflow/example_dags/example_nested_branch_dag.py
[2022-07-24 23:15:51,491] {processor.py:641} INFO - Processing file /Users/pro/Documents/a_env/proj_data/lib/python3.7/site-packages/airflow/example_dags/example_nested_branch_dag.py for tasks to queue
[2022-07-24 23:15:51,493] {logging_mixin.py:115} INFO - [2022-07-24 23:15:51,492] {dagbag.py:508} INFO - Filling up the DagBag from /Users/pro/Documents/a_env/proj_data/lib/python3.7/site-packages/airflow/example_dags/example_nested_branch_dag.py
[2022-07-24 23:15:51,517] {processor.py:651} INFO - DAG(s) dict_keys(['example_nested_branch_dag']) retrieved from /Users/pro/Documents/a_env/proj_data/lib/python3.7/site-packages/airflow/example_dags/example_nested_branch_dag.py
[2022-07-24 23:15:51,540] {logging_mixin.py:115} INFO - [2022-07-24 23:15:51,540] {dag.py:2420} INFO - Sync 1 DAGs
[2022-07-24 23:15:51,564] {logging_mixin.py:115} INFO - [2022-07-24 23:15:51,563] {dag.py:2972} INFO - Setting next_dagrun for example_nested_branch_dag to 2022-07-23T00:00:00+00:00, run_after=2022-07-24T00:00:00+00:00
[2022-07-24 23:15:51,576] {processor.py:161} INFO - Processing /Users/pro/Documents/a_env/proj_data/lib/python3.7/site-packages/airflow/example_dags/example_nested_branch_dag.py took 0.092 seconds
[2022-07-24 23:16:25,857] {processor.py:153} INFO - Started process (PID=12859) to work on /Users/pro/Documents/a_env/proj_data/lib/python3.7/site-packages/airflow/example_dags/example_nested_branch_dag.py
[2022-07-24 23:16:25,858] {processor.py:641} INFO - Processing file /Users/pro/Documents/a_env/proj_data/lib/python3.7/site-packages/airflow/example_dags/example_nested_branch_dag.py for tasks to queue
[2022-07-24 23:16:25,859] {logging_mixin.py:115} INFO - [2022-07-24 23:16:25,859] {dagbag.py:508} INFO - Filling up the DagBag from /Users/pro/Documents/a_env/proj_data/lib/python3.7/site-packages/airflow/example_dags/example_nested_branch_dag.py
[2022-07-24 23:16:25,878] {processor.py:651} INFO - DAG(s) dict_keys(['example_nested_branch_dag']) retrieved from /Users/pro/Documents/a_env/proj_data/lib/python3.7/site-packages/airflow/example_dags/example_nested_branch_dag.py
[2022-07-24 23:16:25,897] {logging_mixin.py:115} INFO - [2022-07-24 23:16:25,897] {dag.py:2420} INFO - Sync 1 DAGs
[2022-07-24 23:16:25,921] {logging_mixin.py:115} INFO - [2022-07-24 23:16:25,920] {dag.py:2972} INFO - Setting next_dagrun for example_nested_branch_dag to 2022-07-23T00:00:00+00:00, run_after=2022-07-24T00:00:00+00:00
[2022-07-24 23:16:25,933] {processor.py:161} INFO - Processing /Users/pro/Documents/a_env/proj_data/lib/python3.7/site-packages/airflow/example_dags/example_nested_branch_dag.py took 0.080 seconds
[2022-07-24 23:16:58,457] {processor.py:153} INFO - Started process (PID=12955) to work on /Users/pro/Documents/a_env/proj_data/lib/python3.7/site-packages/airflow/example_dags/example_nested_branch_dag.py
[2022-07-24 23:16:58,458] {processor.py:641} INFO - Processing file /Users/pro/Documents/a_env/proj_data/lib/python3.7/site-packages/airflow/example_dags/example_nested_branch_dag.py for tasks to queue
[2022-07-24 23:16:58,459] {logging_mixin.py:115} INFO - [2022-07-24 23:16:58,459] {dagbag.py:508} INFO - Filling up the DagBag from /Users/pro/Documents/a_env/proj_data/lib/python3.7/site-packages/airflow/example_dags/example_nested_branch_dag.py
[2022-07-24 23:16:58,479] {processor.py:651} INFO - DAG(s) dict_keys(['example_nested_branch_dag']) retrieved from /Users/pro/Documents/a_env/proj_data/lib/python3.7/site-packages/airflow/example_dags/example_nested_branch_dag.py
[2022-07-24 23:16:58,498] {logging_mixin.py:115} INFO - [2022-07-24 23:16:58,497] {dag.py:2420} INFO - Sync 1 DAGs
[2022-07-24 23:16:58,524] {logging_mixin.py:115} INFO - [2022-07-24 23:16:58,523] {dag.py:2972} INFO - Setting next_dagrun for example_nested_branch_dag to 2022-07-23T00:00:00+00:00, run_after=2022-07-24T00:00:00+00:00
[2022-07-24 23:16:58,537] {processor.py:161} INFO - Processing /Users/pro/Documents/a_env/proj_data/lib/python3.7/site-packages/airflow/example_dags/example_nested_branch_dag.py took 0.084 seconds
[2022-07-24 23:17:34,226] {processor.py:153} INFO - Started process (PID=13036) to work on /Users/pro/Documents/a_env/proj_data/lib/python3.7/site-packages/airflow/example_dags/example_nested_branch_dag.py
[2022-07-24 23:17:34,228] {processor.py:641} INFO - Processing file /Users/pro/Documents/a_env/proj_data/lib/python3.7/site-packages/airflow/example_dags/example_nested_branch_dag.py for tasks to queue
[2022-07-24 23:17:34,229] {logging_mixin.py:115} INFO - [2022-07-24 23:17:34,229] {dagbag.py:508} INFO - Filling up the DagBag from /Users/pro/Documents/a_env/proj_data/lib/python3.7/site-packages/airflow/example_dags/example_nested_branch_dag.py
[2022-07-24 23:17:34,244] {processor.py:651} INFO - DAG(s) dict_keys(['example_nested_branch_dag']) retrieved from /Users/pro/Documents/a_env/proj_data/lib/python3.7/site-packages/airflow/example_dags/example_nested_branch_dag.py
[2022-07-24 23:17:34,264] {logging_mixin.py:115} INFO - [2022-07-24 23:17:34,264] {dag.py:2420} INFO - Sync 1 DAGs
[2022-07-24 23:17:34,287] {logging_mixin.py:115} INFO - [2022-07-24 23:17:34,286] {dag.py:2972} INFO - Setting next_dagrun for example_nested_branch_dag to 2022-07-23T00:00:00+00:00, run_after=2022-07-24T00:00:00+00:00
[2022-07-24 23:17:34,299] {processor.py:161} INFO - Processing /Users/pro/Documents/a_env/proj_data/lib/python3.7/site-packages/airflow/example_dags/example_nested_branch_dag.py took 0.077 seconds
[2022-07-24 23:18:06,789] {processor.py:153} INFO - Started process (PID=13128) to work on /Users/pro/Documents/a_env/proj_data/lib/python3.7/site-packages/airflow/example_dags/example_nested_branch_dag.py
[2022-07-24 23:18:06,790] {processor.py:641} INFO - Processing file /Users/pro/Documents/a_env/proj_data/lib/python3.7/site-packages/airflow/example_dags/example_nested_branch_dag.py for tasks to queue
[2022-07-24 23:18:06,791] {logging_mixin.py:115} INFO - [2022-07-24 23:18:06,791] {dagbag.py:508} INFO - Filling up the DagBag from /Users/pro/Documents/a_env/proj_data/lib/python3.7/site-packages/airflow/example_dags/example_nested_branch_dag.py
[2022-07-24 23:18:06,805] {processor.py:651} INFO - DAG(s) dict_keys(['example_nested_branch_dag']) retrieved from /Users/pro/Documents/a_env/proj_data/lib/python3.7/site-packages/airflow/example_dags/example_nested_branch_dag.py
[2022-07-24 23:18:06,825] {logging_mixin.py:115} INFO - [2022-07-24 23:18:06,824] {dag.py:2420} INFO - Sync 1 DAGs
[2022-07-24 23:18:06,847] {logging_mixin.py:115} INFO - [2022-07-24 23:18:06,847] {dag.py:2972} INFO - Setting next_dagrun for example_nested_branch_dag to 2022-07-23T00:00:00+00:00, run_after=2022-07-24T00:00:00+00:00
[2022-07-24 23:18:06,860] {processor.py:161} INFO - Processing /Users/pro/Documents/a_env/proj_data/lib/python3.7/site-packages/airflow/example_dags/example_nested_branch_dag.py took 0.075 seconds
[2022-07-24 23:18:41,400] {processor.py:153} INFO - Started process (PID=13233) to work on /Users/pro/Documents/a_env/proj_data/lib/python3.7/site-packages/airflow/example_dags/example_nested_branch_dag.py
[2022-07-24 23:18:41,401] {processor.py:641} INFO - Processing file /Users/pro/Documents/a_env/proj_data/lib/python3.7/site-packages/airflow/example_dags/example_nested_branch_dag.py for tasks to queue
[2022-07-24 23:18:41,403] {logging_mixin.py:115} INFO - [2022-07-24 23:18:41,402] {dagbag.py:508} INFO - Filling up the DagBag from /Users/pro/Documents/a_env/proj_data/lib/python3.7/site-packages/airflow/example_dags/example_nested_branch_dag.py
[2022-07-24 23:18:41,423] {processor.py:651} INFO - DAG(s) dict_keys(['example_nested_branch_dag']) retrieved from /Users/pro/Documents/a_env/proj_data/lib/python3.7/site-packages/airflow/example_dags/example_nested_branch_dag.py
[2022-07-24 23:18:41,449] {logging_mixin.py:115} INFO - [2022-07-24 23:18:41,449] {dag.py:2420} INFO - Sync 1 DAGs
[2022-07-24 23:18:41,476] {logging_mixin.py:115} INFO - [2022-07-24 23:18:41,476] {dag.py:2972} INFO - Setting next_dagrun for example_nested_branch_dag to 2022-07-23T00:00:00+00:00, run_after=2022-07-24T00:00:00+00:00
[2022-07-24 23:18:41,490] {processor.py:161} INFO - Processing /Users/pro/Documents/a_env/proj_data/lib/python3.7/site-packages/airflow/example_dags/example_nested_branch_dag.py took 0.096 seconds
[2022-07-24 23:19:13,373] {processor.py:153} INFO - Started process (PID=13330) to work on /Users/pro/Documents/a_env/proj_data/lib/python3.7/site-packages/airflow/example_dags/example_nested_branch_dag.py
[2022-07-24 23:19:13,374] {processor.py:641} INFO - Processing file /Users/pro/Documents/a_env/proj_data/lib/python3.7/site-packages/airflow/example_dags/example_nested_branch_dag.py for tasks to queue
[2022-07-24 23:19:13,375] {logging_mixin.py:115} INFO - [2022-07-24 23:19:13,375] {dagbag.py:508} INFO - Filling up the DagBag from /Users/pro/Documents/a_env/proj_data/lib/python3.7/site-packages/airflow/example_dags/example_nested_branch_dag.py
[2022-07-24 23:19:13,390] {processor.py:651} INFO - DAG(s) dict_keys(['example_nested_branch_dag']) retrieved from /Users/pro/Documents/a_env/proj_data/lib/python3.7/site-packages/airflow/example_dags/example_nested_branch_dag.py
[2022-07-24 23:19:13,416] {logging_mixin.py:115} INFO - [2022-07-24 23:19:13,415] {dag.py:2420} INFO - Sync 1 DAGs
[2022-07-24 23:19:13,441] {logging_mixin.py:115} INFO - [2022-07-24 23:19:13,441] {dag.py:2972} INFO - Setting next_dagrun for example_nested_branch_dag to 2022-07-23T00:00:00+00:00, run_after=2022-07-24T00:00:00+00:00
[2022-07-24 23:19:13,455] {processor.py:161} INFO - Processing /Users/pro/Documents/a_env/proj_data/lib/python3.7/site-packages/airflow/example_dags/example_nested_branch_dag.py took 0.086 seconds
[2022-07-24 23:19:48,680] {processor.py:153} INFO - Started process (PID=13399) to work on /Users/pro/Documents/a_env/proj_data/lib/python3.7/site-packages/airflow/example_dags/example_nested_branch_dag.py
[2022-07-24 23:19:48,682] {processor.py:641} INFO - Processing file /Users/pro/Documents/a_env/proj_data/lib/python3.7/site-packages/airflow/example_dags/example_nested_branch_dag.py for tasks to queue
[2022-07-24 23:19:48,683] {logging_mixin.py:115} INFO - [2022-07-24 23:19:48,683] {dagbag.py:508} INFO - Filling up the DagBag from /Users/pro/Documents/a_env/proj_data/lib/python3.7/site-packages/airflow/example_dags/example_nested_branch_dag.py
[2022-07-24 23:19:48,700] {processor.py:651} INFO - DAG(s) dict_keys(['example_nested_branch_dag']) retrieved from /Users/pro/Documents/a_env/proj_data/lib/python3.7/site-packages/airflow/example_dags/example_nested_branch_dag.py
[2022-07-24 23:19:48,721] {logging_mixin.py:115} INFO - [2022-07-24 23:19:48,721] {dag.py:2420} INFO - Sync 1 DAGs
[2022-07-24 23:19:48,747] {logging_mixin.py:115} INFO - [2022-07-24 23:19:48,747] {dag.py:2972} INFO - Setting next_dagrun for example_nested_branch_dag to 2022-07-23T00:00:00+00:00, run_after=2022-07-24T00:00:00+00:00
[2022-07-24 23:19:48,761] {processor.py:161} INFO - Processing /Users/pro/Documents/a_env/proj_data/lib/python3.7/site-packages/airflow/example_dags/example_nested_branch_dag.py took 0.085 seconds
[2022-07-24 23:20:21,615] {processor.py:153} INFO - Started process (PID=13490) to work on /Users/pro/Documents/a_env/proj_data/lib/python3.7/site-packages/airflow/example_dags/example_nested_branch_dag.py
[2022-07-24 23:20:21,616] {processor.py:641} INFO - Processing file /Users/pro/Documents/a_env/proj_data/lib/python3.7/site-packages/airflow/example_dags/example_nested_branch_dag.py for tasks to queue
[2022-07-24 23:20:21,617] {logging_mixin.py:115} INFO - [2022-07-24 23:20:21,617] {dagbag.py:508} INFO - Filling up the DagBag from /Users/pro/Documents/a_env/proj_data/lib/python3.7/site-packages/airflow/example_dags/example_nested_branch_dag.py
[2022-07-24 23:20:21,635] {processor.py:651} INFO - DAG(s) dict_keys(['example_nested_branch_dag']) retrieved from /Users/pro/Documents/a_env/proj_data/lib/python3.7/site-packages/airflow/example_dags/example_nested_branch_dag.py
[2022-07-24 23:20:21,657] {logging_mixin.py:115} INFO - [2022-07-24 23:20:21,656] {dag.py:2420} INFO - Sync 1 DAGs
[2022-07-24 23:20:21,682] {logging_mixin.py:115} INFO - [2022-07-24 23:20:21,682] {dag.py:2972} INFO - Setting next_dagrun for example_nested_branch_dag to 2022-07-23T00:00:00+00:00, run_after=2022-07-24T00:00:00+00:00
[2022-07-24 23:20:21,696] {processor.py:161} INFO - Processing /Users/pro/Documents/a_env/proj_data/lib/python3.7/site-packages/airflow/example_dags/example_nested_branch_dag.py took 0.085 seconds
[2022-07-24 23:20:56,791] {processor.py:153} INFO - Started process (PID=13769) to work on /Users/pro/Documents/a_env/proj_data/lib/python3.7/site-packages/airflow/example_dags/example_nested_branch_dag.py
[2022-07-24 23:20:56,792] {processor.py:641} INFO - Processing file /Users/pro/Documents/a_env/proj_data/lib/python3.7/site-packages/airflow/example_dags/example_nested_branch_dag.py for tasks to queue
[2022-07-24 23:20:56,793] {logging_mixin.py:115} INFO - [2022-07-24 23:20:56,793] {dagbag.py:508} INFO - Filling up the DagBag from /Users/pro/Documents/a_env/proj_data/lib/python3.7/site-packages/airflow/example_dags/example_nested_branch_dag.py
[2022-07-24 23:20:56,809] {processor.py:651} INFO - DAG(s) dict_keys(['example_nested_branch_dag']) retrieved from /Users/pro/Documents/a_env/proj_data/lib/python3.7/site-packages/airflow/example_dags/example_nested_branch_dag.py
[2022-07-24 23:20:56,829] {logging_mixin.py:115} INFO - [2022-07-24 23:20:56,829] {dag.py:2420} INFO - Sync 1 DAGs
[2022-07-24 23:20:56,891] {logging_mixin.py:115} INFO - [2022-07-24 23:20:56,891] {dag.py:2972} INFO - Setting next_dagrun for example_nested_branch_dag to 2022-07-23T00:00:00+00:00, run_after=2022-07-24T00:00:00+00:00
[2022-07-24 23:20:56,910] {processor.py:161} INFO - Processing /Users/pro/Documents/a_env/proj_data/lib/python3.7/site-packages/airflow/example_dags/example_nested_branch_dag.py took 0.123 seconds
[2022-07-24 23:21:31,707] {processor.py:153} INFO - Started process (PID=13864) to work on /Users/pro/Documents/a_env/proj_data/lib/python3.7/site-packages/airflow/example_dags/example_nested_branch_dag.py
[2022-07-24 23:21:31,710] {processor.py:641} INFO - Processing file /Users/pro/Documents/a_env/proj_data/lib/python3.7/site-packages/airflow/example_dags/example_nested_branch_dag.py for tasks to queue
[2022-07-24 23:21:31,711] {logging_mixin.py:115} INFO - [2022-07-24 23:21:31,711] {dagbag.py:508} INFO - Filling up the DagBag from /Users/pro/Documents/a_env/proj_data/lib/python3.7/site-packages/airflow/example_dags/example_nested_branch_dag.py
[2022-07-24 23:21:31,729] {processor.py:651} INFO - DAG(s) dict_keys(['example_nested_branch_dag']) retrieved from /Users/pro/Documents/a_env/proj_data/lib/python3.7/site-packages/airflow/example_dags/example_nested_branch_dag.py
[2022-07-24 23:21:31,753] {logging_mixin.py:115} INFO - [2022-07-24 23:21:31,753] {dag.py:2420} INFO - Sync 1 DAGs
[2022-07-24 23:21:31,780] {logging_mixin.py:115} INFO - [2022-07-24 23:21:31,780] {dag.py:2972} INFO - Setting next_dagrun for example_nested_branch_dag to 2022-07-23T00:00:00+00:00, run_after=2022-07-24T00:00:00+00:00
[2022-07-24 23:21:31,795] {processor.py:161} INFO - Processing /Users/pro/Documents/a_env/proj_data/lib/python3.7/site-packages/airflow/example_dags/example_nested_branch_dag.py took 0.093 seconds
[2022-07-24 23:22:03,993] {processor.py:153} INFO - Started process (PID=13951) to work on /Users/pro/Documents/a_env/proj_data/lib/python3.7/site-packages/airflow/example_dags/example_nested_branch_dag.py
[2022-07-24 23:22:03,995] {processor.py:641} INFO - Processing file /Users/pro/Documents/a_env/proj_data/lib/python3.7/site-packages/airflow/example_dags/example_nested_branch_dag.py for tasks to queue
[2022-07-24 23:22:03,996] {logging_mixin.py:115} INFO - [2022-07-24 23:22:03,996] {dagbag.py:508} INFO - Filling up the DagBag from /Users/pro/Documents/a_env/proj_data/lib/python3.7/site-packages/airflow/example_dags/example_nested_branch_dag.py
[2022-07-24 23:22:04,012] {processor.py:651} INFO - DAG(s) dict_keys(['example_nested_branch_dag']) retrieved from /Users/pro/Documents/a_env/proj_data/lib/python3.7/site-packages/airflow/example_dags/example_nested_branch_dag.py
[2022-07-24 23:22:04,033] {logging_mixin.py:115} INFO - [2022-07-24 23:22:04,032] {dag.py:2420} INFO - Sync 1 DAGs
[2022-07-24 23:22:04,057] {logging_mixin.py:115} INFO - [2022-07-24 23:22:04,057] {dag.py:2972} INFO - Setting next_dagrun for example_nested_branch_dag to 2022-07-23T00:00:00+00:00, run_after=2022-07-24T00:00:00+00:00
[2022-07-24 23:22:04,071] {processor.py:161} INFO - Processing /Users/pro/Documents/a_env/proj_data/lib/python3.7/site-packages/airflow/example_dags/example_nested_branch_dag.py took 0.081 seconds
[2022-07-24 23:22:37,168] {processor.py:153} INFO - Started process (PID=14053) to work on /Users/pro/Documents/a_env/proj_data/lib/python3.7/site-packages/airflow/example_dags/example_nested_branch_dag.py
[2022-07-24 23:22:37,169] {processor.py:641} INFO - Processing file /Users/pro/Documents/a_env/proj_data/lib/python3.7/site-packages/airflow/example_dags/example_nested_branch_dag.py for tasks to queue
[2022-07-24 23:22:37,170] {logging_mixin.py:115} INFO - [2022-07-24 23:22:37,169] {dagbag.py:508} INFO - Filling up the DagBag from /Users/pro/Documents/a_env/proj_data/lib/python3.7/site-packages/airflow/example_dags/example_nested_branch_dag.py
[2022-07-24 23:22:37,185] {processor.py:651} INFO - DAG(s) dict_keys(['example_nested_branch_dag']) retrieved from /Users/pro/Documents/a_env/proj_data/lib/python3.7/site-packages/airflow/example_dags/example_nested_branch_dag.py
[2022-07-24 23:22:37,206] {logging_mixin.py:115} INFO - [2022-07-24 23:22:37,205] {dag.py:2420} INFO - Sync 1 DAGs
[2022-07-24 23:22:37,232] {logging_mixin.py:115} INFO - [2022-07-24 23:22:37,231] {dag.py:2972} INFO - Setting next_dagrun for example_nested_branch_dag to 2022-07-23T00:00:00+00:00, run_after=2022-07-24T00:00:00+00:00
[2022-07-24 23:22:37,247] {processor.py:161} INFO - Processing /Users/pro/Documents/a_env/proj_data/lib/python3.7/site-packages/airflow/example_dags/example_nested_branch_dag.py took 0.084 seconds
[2022-07-24 23:23:11,450] {processor.py:153} INFO - Started process (PID=14173) to work on /Users/pro/Documents/a_env/proj_data/lib/python3.7/site-packages/airflow/example_dags/example_nested_branch_dag.py
[2022-07-24 23:23:11,452] {processor.py:641} INFO - Processing file /Users/pro/Documents/a_env/proj_data/lib/python3.7/site-packages/airflow/example_dags/example_nested_branch_dag.py for tasks to queue
[2022-07-24 23:23:11,453] {logging_mixin.py:115} INFO - [2022-07-24 23:23:11,453] {dagbag.py:508} INFO - Filling up the DagBag from /Users/pro/Documents/a_env/proj_data/lib/python3.7/site-packages/airflow/example_dags/example_nested_branch_dag.py
[2022-07-24 23:23:11,470] {processor.py:651} INFO - DAG(s) dict_keys(['example_nested_branch_dag']) retrieved from /Users/pro/Documents/a_env/proj_data/lib/python3.7/site-packages/airflow/example_dags/example_nested_branch_dag.py
[2022-07-24 23:23:11,490] {logging_mixin.py:115} INFO - [2022-07-24 23:23:11,490] {dag.py:2420} INFO - Sync 1 DAGs
[2022-07-24 23:23:11,516] {logging_mixin.py:115} INFO - [2022-07-24 23:23:11,515] {dag.py:2972} INFO - Setting next_dagrun for example_nested_branch_dag to 2022-07-23T00:00:00+00:00, run_after=2022-07-24T00:00:00+00:00
[2022-07-24 23:23:11,530] {processor.py:161} INFO - Processing /Users/pro/Documents/a_env/proj_data/lib/python3.7/site-packages/airflow/example_dags/example_nested_branch_dag.py took 0.084 seconds
[2022-07-24 23:23:45,743] {processor.py:153} INFO - Started process (PID=14235) to work on /Users/pro/Documents/a_env/proj_data/lib/python3.7/site-packages/airflow/example_dags/example_nested_branch_dag.py
[2022-07-24 23:23:45,745] {processor.py:641} INFO - Processing file /Users/pro/Documents/a_env/proj_data/lib/python3.7/site-packages/airflow/example_dags/example_nested_branch_dag.py for tasks to queue
[2022-07-24 23:23:45,746] {logging_mixin.py:115} INFO - [2022-07-24 23:23:45,746] {dagbag.py:508} INFO - Filling up the DagBag from /Users/pro/Documents/a_env/proj_data/lib/python3.7/site-packages/airflow/example_dags/example_nested_branch_dag.py
[2022-07-24 23:23:45,764] {processor.py:651} INFO - DAG(s) dict_keys(['example_nested_branch_dag']) retrieved from /Users/pro/Documents/a_env/proj_data/lib/python3.7/site-packages/airflow/example_dags/example_nested_branch_dag.py
[2022-07-24 23:23:45,787] {logging_mixin.py:115} INFO - [2022-07-24 23:23:45,786] {dag.py:2420} INFO - Sync 1 DAGs
[2022-07-24 23:23:45,814] {logging_mixin.py:115} INFO - [2022-07-24 23:23:45,813] {dag.py:2972} INFO - Setting next_dagrun for example_nested_branch_dag to 2022-07-23T00:00:00+00:00, run_after=2022-07-24T00:00:00+00:00
[2022-07-24 23:23:45,828] {processor.py:161} INFO - Processing /Users/pro/Documents/a_env/proj_data/lib/python3.7/site-packages/airflow/example_dags/example_nested_branch_dag.py took 0.089 seconds
[2022-07-24 23:24:19,813] {processor.py:153} INFO - Started process (PID=14356) to work on /Users/pro/Documents/a_env/proj_data/lib/python3.7/site-packages/airflow/example_dags/example_nested_branch_dag.py
[2022-07-24 23:24:19,815] {processor.py:641} INFO - Processing file /Users/pro/Documents/a_env/proj_data/lib/python3.7/site-packages/airflow/example_dags/example_nested_branch_dag.py for tasks to queue
[2022-07-24 23:24:19,816] {logging_mixin.py:115} INFO - [2022-07-24 23:24:19,816] {dagbag.py:508} INFO - Filling up the DagBag from /Users/pro/Documents/a_env/proj_data/lib/python3.7/site-packages/airflow/example_dags/example_nested_branch_dag.py
[2022-07-24 23:24:19,838] {processor.py:651} INFO - DAG(s) dict_keys(['example_nested_branch_dag']) retrieved from /Users/pro/Documents/a_env/proj_data/lib/python3.7/site-packages/airflow/example_dags/example_nested_branch_dag.py
[2022-07-24 23:24:19,864] {logging_mixin.py:115} INFO - [2022-07-24 23:24:19,864] {dag.py:2420} INFO - Sync 1 DAGs
[2022-07-24 23:24:19,903] {logging_mixin.py:115} INFO - [2022-07-24 23:24:19,898] {dag.py:2972} INFO - Setting next_dagrun for example_nested_branch_dag to 2022-07-23T00:00:00+00:00, run_after=2022-07-24T00:00:00+00:00
[2022-07-24 23:24:19,932] {processor.py:161} INFO - Processing /Users/pro/Documents/a_env/proj_data/lib/python3.7/site-packages/airflow/example_dags/example_nested_branch_dag.py took 0.126 seconds
[2022-07-24 23:24:54,945] {processor.py:153} INFO - Started process (PID=14413) to work on /Users/pro/Documents/a_env/proj_data/lib/python3.7/site-packages/airflow/example_dags/example_nested_branch_dag.py
[2022-07-24 23:24:54,946] {processor.py:641} INFO - Processing file /Users/pro/Documents/a_env/proj_data/lib/python3.7/site-packages/airflow/example_dags/example_nested_branch_dag.py for tasks to queue
[2022-07-24 23:24:54,948] {logging_mixin.py:115} INFO - [2022-07-24 23:24:54,947] {dagbag.py:508} INFO - Filling up the DagBag from /Users/pro/Documents/a_env/proj_data/lib/python3.7/site-packages/airflow/example_dags/example_nested_branch_dag.py
[2022-07-24 23:24:54,964] {processor.py:651} INFO - DAG(s) dict_keys(['example_nested_branch_dag']) retrieved from /Users/pro/Documents/a_env/proj_data/lib/python3.7/site-packages/airflow/example_dags/example_nested_branch_dag.py
[2022-07-24 23:24:54,986] {logging_mixin.py:115} INFO - [2022-07-24 23:24:54,986] {dag.py:2420} INFO - Sync 1 DAGs
[2022-07-24 23:24:55,009] {logging_mixin.py:115} INFO - [2022-07-24 23:24:55,008] {dag.py:2972} INFO - Setting next_dagrun for example_nested_branch_dag to 2022-07-23T00:00:00+00:00, run_after=2022-07-24T00:00:00+00:00
[2022-07-24 23:24:55,025] {processor.py:161} INFO - Processing /Users/pro/Documents/a_env/proj_data/lib/python3.7/site-packages/airflow/example_dags/example_nested_branch_dag.py took 0.085 seconds
[2022-07-24 23:25:31,907] {processor.py:153} INFO - Started process (PID=14463) to work on /Users/pro/Documents/a_env/proj_data/lib/python3.7/site-packages/airflow/example_dags/example_nested_branch_dag.py
[2022-07-24 23:25:31,908] {processor.py:641} INFO - Processing file /Users/pro/Documents/a_env/proj_data/lib/python3.7/site-packages/airflow/example_dags/example_nested_branch_dag.py for tasks to queue
[2022-07-24 23:25:31,910] {logging_mixin.py:115} INFO - [2022-07-24 23:25:31,909] {dagbag.py:508} INFO - Filling up the DagBag from /Users/pro/Documents/a_env/proj_data/lib/python3.7/site-packages/airflow/example_dags/example_nested_branch_dag.py
[2022-07-24 23:25:31,926] {processor.py:651} INFO - DAG(s) dict_keys(['example_nested_branch_dag']) retrieved from /Users/pro/Documents/a_env/proj_data/lib/python3.7/site-packages/airflow/example_dags/example_nested_branch_dag.py
[2022-07-24 23:25:31,949] {logging_mixin.py:115} INFO - [2022-07-24 23:25:31,949] {dag.py:2420} INFO - Sync 1 DAGs
[2022-07-24 23:25:31,975] {logging_mixin.py:115} INFO - [2022-07-24 23:25:31,974] {dag.py:2972} INFO - Setting next_dagrun for example_nested_branch_dag to 2022-07-23T00:00:00+00:00, run_after=2022-07-24T00:00:00+00:00
[2022-07-24 23:25:31,989] {processor.py:161} INFO - Processing /Users/pro/Documents/a_env/proj_data/lib/python3.7/site-packages/airflow/example_dags/example_nested_branch_dag.py took 0.087 seconds
[2022-07-24 23:26:07,147] {processor.py:153} INFO - Started process (PID=14499) to work on /Users/pro/Documents/a_env/proj_data/lib/python3.7/site-packages/airflow/example_dags/example_nested_branch_dag.py
[2022-07-24 23:26:07,149] {processor.py:641} INFO - Processing file /Users/pro/Documents/a_env/proj_data/lib/python3.7/site-packages/airflow/example_dags/example_nested_branch_dag.py for tasks to queue
[2022-07-24 23:26:07,150] {logging_mixin.py:115} INFO - [2022-07-24 23:26:07,150] {dagbag.py:508} INFO - Filling up the DagBag from /Users/pro/Documents/a_env/proj_data/lib/python3.7/site-packages/airflow/example_dags/example_nested_branch_dag.py
[2022-07-24 23:26:07,168] {processor.py:651} INFO - DAG(s) dict_keys(['example_nested_branch_dag']) retrieved from /Users/pro/Documents/a_env/proj_data/lib/python3.7/site-packages/airflow/example_dags/example_nested_branch_dag.py
[2022-07-24 23:26:07,190] {logging_mixin.py:115} INFO - [2022-07-24 23:26:07,190] {dag.py:2420} INFO - Sync 1 DAGs
[2022-07-24 23:26:07,217] {logging_mixin.py:115} INFO - [2022-07-24 23:26:07,217] {dag.py:2972} INFO - Setting next_dagrun for example_nested_branch_dag to 2022-07-23T00:00:00+00:00, run_after=2022-07-24T00:00:00+00:00
[2022-07-24 23:26:07,232] {processor.py:161} INFO - Processing /Users/pro/Documents/a_env/proj_data/lib/python3.7/site-packages/airflow/example_dags/example_nested_branch_dag.py took 0.091 seconds
[2022-07-24 23:26:42,278] {processor.py:153} INFO - Started process (PID=14555) to work on /Users/pro/Documents/a_env/proj_data/lib/python3.7/site-packages/airflow/example_dags/example_nested_branch_dag.py
[2022-07-24 23:26:42,280] {processor.py:641} INFO - Processing file /Users/pro/Documents/a_env/proj_data/lib/python3.7/site-packages/airflow/example_dags/example_nested_branch_dag.py for tasks to queue
[2022-07-24 23:26:42,282] {logging_mixin.py:115} INFO - [2022-07-24 23:26:42,281] {dagbag.py:508} INFO - Filling up the DagBag from /Users/pro/Documents/a_env/proj_data/lib/python3.7/site-packages/airflow/example_dags/example_nested_branch_dag.py
[2022-07-24 23:26:42,298] {processor.py:651} INFO - DAG(s) dict_keys(['example_nested_branch_dag']) retrieved from /Users/pro/Documents/a_env/proj_data/lib/python3.7/site-packages/airflow/example_dags/example_nested_branch_dag.py
[2022-07-24 23:26:42,320] {logging_mixin.py:115} INFO - [2022-07-24 23:26:42,319] {dag.py:2420} INFO - Sync 1 DAGs
[2022-07-24 23:26:42,345] {logging_mixin.py:115} INFO - [2022-07-24 23:26:42,344] {dag.py:2972} INFO - Setting next_dagrun for example_nested_branch_dag to 2022-07-23T00:00:00+00:00, run_after=2022-07-24T00:00:00+00:00
[2022-07-24 23:26:42,357] {processor.py:161} INFO - Processing /Users/pro/Documents/a_env/proj_data/lib/python3.7/site-packages/airflow/example_dags/example_nested_branch_dag.py took 0.083 seconds
[2022-07-24 23:27:15,855] {processor.py:153} INFO - Started process (PID=14648) to work on /Users/pro/Documents/a_env/proj_data/lib/python3.7/site-packages/airflow/example_dags/example_nested_branch_dag.py
[2022-07-24 23:27:15,857] {processor.py:641} INFO - Processing file /Users/pro/Documents/a_env/proj_data/lib/python3.7/site-packages/airflow/example_dags/example_nested_branch_dag.py for tasks to queue
[2022-07-24 23:27:15,858] {logging_mixin.py:115} INFO - [2022-07-24 23:27:15,858] {dagbag.py:508} INFO - Filling up the DagBag from /Users/pro/Documents/a_env/proj_data/lib/python3.7/site-packages/airflow/example_dags/example_nested_branch_dag.py
[2022-07-24 23:27:15,874] {processor.py:651} INFO - DAG(s) dict_keys(['example_nested_branch_dag']) retrieved from /Users/pro/Documents/a_env/proj_data/lib/python3.7/site-packages/airflow/example_dags/example_nested_branch_dag.py
[2022-07-24 23:27:15,898] {logging_mixin.py:115} INFO - [2022-07-24 23:27:15,898] {dag.py:2420} INFO - Sync 1 DAGs
[2022-07-24 23:27:15,931] {logging_mixin.py:115} INFO - [2022-07-24 23:27:15,931] {dag.py:2972} INFO - Setting next_dagrun for example_nested_branch_dag to 2022-07-23T00:00:00+00:00, run_after=2022-07-24T00:00:00+00:00
[2022-07-24 23:27:15,947] {processor.py:161} INFO - Processing /Users/pro/Documents/a_env/proj_data/lib/python3.7/site-packages/airflow/example_dags/example_nested_branch_dag.py took 0.097 seconds
[2022-07-24 23:27:51,134] {processor.py:153} INFO - Started process (PID=14723) to work on /Users/pro/Documents/a_env/proj_data/lib/python3.7/site-packages/airflow/example_dags/example_nested_branch_dag.py
[2022-07-24 23:27:51,136] {processor.py:641} INFO - Processing file /Users/pro/Documents/a_env/proj_data/lib/python3.7/site-packages/airflow/example_dags/example_nested_branch_dag.py for tasks to queue
[2022-07-24 23:27:51,138] {logging_mixin.py:115} INFO - [2022-07-24 23:27:51,137] {dagbag.py:508} INFO - Filling up the DagBag from /Users/pro/Documents/a_env/proj_data/lib/python3.7/site-packages/airflow/example_dags/example_nested_branch_dag.py
[2022-07-24 23:27:51,153] {processor.py:651} INFO - DAG(s) dict_keys(['example_nested_branch_dag']) retrieved from /Users/pro/Documents/a_env/proj_data/lib/python3.7/site-packages/airflow/example_dags/example_nested_branch_dag.py
[2022-07-24 23:27:51,173] {logging_mixin.py:115} INFO - [2022-07-24 23:27:51,173] {dag.py:2420} INFO - Sync 1 DAGs
[2022-07-24 23:27:51,195] {logging_mixin.py:115} INFO - [2022-07-24 23:27:51,195] {dag.py:2972} INFO - Setting next_dagrun for example_nested_branch_dag to 2022-07-23T00:00:00+00:00, run_after=2022-07-24T00:00:00+00:00
[2022-07-24 23:27:51,208] {processor.py:161} INFO - Processing /Users/pro/Documents/a_env/proj_data/lib/python3.7/site-packages/airflow/example_dags/example_nested_branch_dag.py took 0.079 seconds
[2022-07-24 23:28:24,920] {processor.py:153} INFO - Started process (PID=14810) to work on /Users/pro/Documents/a_env/proj_data/lib/python3.7/site-packages/airflow/example_dags/example_nested_branch_dag.py
[2022-07-24 23:28:24,922] {processor.py:641} INFO - Processing file /Users/pro/Documents/a_env/proj_data/lib/python3.7/site-packages/airflow/example_dags/example_nested_branch_dag.py for tasks to queue
[2022-07-24 23:28:24,923] {logging_mixin.py:115} INFO - [2022-07-24 23:28:24,923] {dagbag.py:508} INFO - Filling up the DagBag from /Users/pro/Documents/a_env/proj_data/lib/python3.7/site-packages/airflow/example_dags/example_nested_branch_dag.py
[2022-07-24 23:28:24,939] {processor.py:651} INFO - DAG(s) dict_keys(['example_nested_branch_dag']) retrieved from /Users/pro/Documents/a_env/proj_data/lib/python3.7/site-packages/airflow/example_dags/example_nested_branch_dag.py
[2022-07-24 23:28:24,959] {logging_mixin.py:115} INFO - [2022-07-24 23:28:24,959] {dag.py:2420} INFO - Sync 1 DAGs
[2022-07-24 23:28:24,983] {logging_mixin.py:115} INFO - [2022-07-24 23:28:24,983] {dag.py:2972} INFO - Setting next_dagrun for example_nested_branch_dag to 2022-07-23T00:00:00+00:00, run_after=2022-07-24T00:00:00+00:00
[2022-07-24 23:28:24,997] {processor.py:161} INFO - Processing /Users/pro/Documents/a_env/proj_data/lib/python3.7/site-packages/airflow/example_dags/example_nested_branch_dag.py took 0.082 seconds
[2022-07-24 23:28:58,678] {processor.py:153} INFO - Started process (PID=14857) to work on /Users/pro/Documents/a_env/proj_data/lib/python3.7/site-packages/airflow/example_dags/example_nested_branch_dag.py
[2022-07-24 23:28:58,680] {processor.py:641} INFO - Processing file /Users/pro/Documents/a_env/proj_data/lib/python3.7/site-packages/airflow/example_dags/example_nested_branch_dag.py for tasks to queue
[2022-07-24 23:28:58,682] {logging_mixin.py:115} INFO - [2022-07-24 23:28:58,681] {dagbag.py:508} INFO - Filling up the DagBag from /Users/pro/Documents/a_env/proj_data/lib/python3.7/site-packages/airflow/example_dags/example_nested_branch_dag.py
[2022-07-24 23:28:58,699] {processor.py:651} INFO - DAG(s) dict_keys(['example_nested_branch_dag']) retrieved from /Users/pro/Documents/a_env/proj_data/lib/python3.7/site-packages/airflow/example_dags/example_nested_branch_dag.py
[2022-07-24 23:28:58,722] {logging_mixin.py:115} INFO - [2022-07-24 23:28:58,721] {dag.py:2420} INFO - Sync 1 DAGs
[2022-07-24 23:28:58,745] {logging_mixin.py:115} INFO - [2022-07-24 23:28:58,745] {dag.py:2972} INFO - Setting next_dagrun for example_nested_branch_dag to 2022-07-23T00:00:00+00:00, run_after=2022-07-24T00:00:00+00:00
[2022-07-24 23:28:58,759] {processor.py:161} INFO - Processing /Users/pro/Documents/a_env/proj_data/lib/python3.7/site-packages/airflow/example_dags/example_nested_branch_dag.py took 0.086 seconds
[2022-07-24 23:29:32,720] {processor.py:153} INFO - Started process (PID=14891) to work on /Users/pro/Documents/a_env/proj_data/lib/python3.7/site-packages/airflow/example_dags/example_nested_branch_dag.py
[2022-07-24 23:29:32,721] {processor.py:641} INFO - Processing file /Users/pro/Documents/a_env/proj_data/lib/python3.7/site-packages/airflow/example_dags/example_nested_branch_dag.py for tasks to queue
[2022-07-24 23:29:32,723] {logging_mixin.py:115} INFO - [2022-07-24 23:29:32,722] {dagbag.py:508} INFO - Filling up the DagBag from /Users/pro/Documents/a_env/proj_data/lib/python3.7/site-packages/airflow/example_dags/example_nested_branch_dag.py
[2022-07-24 23:29:32,739] {processor.py:651} INFO - DAG(s) dict_keys(['example_nested_branch_dag']) retrieved from /Users/pro/Documents/a_env/proj_data/lib/python3.7/site-packages/airflow/example_dags/example_nested_branch_dag.py
[2022-07-24 23:29:32,761] {logging_mixin.py:115} INFO - [2022-07-24 23:29:32,761] {dag.py:2420} INFO - Sync 1 DAGs
[2022-07-24 23:29:32,787] {logging_mixin.py:115} INFO - [2022-07-24 23:29:32,787] {dag.py:2972} INFO - Setting next_dagrun for example_nested_branch_dag to 2022-07-23T00:00:00+00:00, run_after=2022-07-24T00:00:00+00:00
[2022-07-24 23:29:32,802] {processor.py:161} INFO - Processing /Users/pro/Documents/a_env/proj_data/lib/python3.7/site-packages/airflow/example_dags/example_nested_branch_dag.py took 0.087 seconds
[2022-07-24 23:30:07,416] {processor.py:153} INFO - Started process (PID=14942) to work on /Users/pro/Documents/a_env/proj_data/lib/python3.7/site-packages/airflow/example_dags/example_nested_branch_dag.py
[2022-07-24 23:30:07,418] {processor.py:641} INFO - Processing file /Users/pro/Documents/a_env/proj_data/lib/python3.7/site-packages/airflow/example_dags/example_nested_branch_dag.py for tasks to queue
[2022-07-24 23:30:07,419] {logging_mixin.py:115} INFO - [2022-07-24 23:30:07,418] {dagbag.py:508} INFO - Filling up the DagBag from /Users/pro/Documents/a_env/proj_data/lib/python3.7/site-packages/airflow/example_dags/example_nested_branch_dag.py
[2022-07-24 23:30:07,436] {processor.py:651} INFO - DAG(s) dict_keys(['example_nested_branch_dag']) retrieved from /Users/pro/Documents/a_env/proj_data/lib/python3.7/site-packages/airflow/example_dags/example_nested_branch_dag.py
[2022-07-24 23:30:07,457] {logging_mixin.py:115} INFO - [2022-07-24 23:30:07,457] {dag.py:2420} INFO - Sync 1 DAGs
[2022-07-24 23:30:07,481] {logging_mixin.py:115} INFO - [2022-07-24 23:30:07,480] {dag.py:2972} INFO - Setting next_dagrun for example_nested_branch_dag to 2022-07-23T00:00:00+00:00, run_after=2022-07-24T00:00:00+00:00
[2022-07-24 23:30:07,494] {processor.py:161} INFO - Processing /Users/pro/Documents/a_env/proj_data/lib/python3.7/site-packages/airflow/example_dags/example_nested_branch_dag.py took 0.083 seconds
[2022-07-24 23:30:39,594] {processor.py:153} INFO - Started process (PID=14981) to work on /Users/pro/Documents/a_env/proj_data/lib/python3.7/site-packages/airflow/example_dags/example_nested_branch_dag.py
[2022-07-24 23:30:39,595] {processor.py:641} INFO - Processing file /Users/pro/Documents/a_env/proj_data/lib/python3.7/site-packages/airflow/example_dags/example_nested_branch_dag.py for tasks to queue
[2022-07-24 23:30:39,596] {logging_mixin.py:115} INFO - [2022-07-24 23:30:39,596] {dagbag.py:508} INFO - Filling up the DagBag from /Users/pro/Documents/a_env/proj_data/lib/python3.7/site-packages/airflow/example_dags/example_nested_branch_dag.py
[2022-07-24 23:30:39,612] {processor.py:651} INFO - DAG(s) dict_keys(['example_nested_branch_dag']) retrieved from /Users/pro/Documents/a_env/proj_data/lib/python3.7/site-packages/airflow/example_dags/example_nested_branch_dag.py
[2022-07-24 23:30:39,633] {logging_mixin.py:115} INFO - [2022-07-24 23:30:39,632] {dag.py:2420} INFO - Sync 1 DAGs
[2022-07-24 23:30:39,657] {logging_mixin.py:115} INFO - [2022-07-24 23:30:39,657] {dag.py:2972} INFO - Setting next_dagrun for example_nested_branch_dag to 2022-07-23T00:00:00+00:00, run_after=2022-07-24T00:00:00+00:00
[2022-07-24 23:30:39,672] {processor.py:161} INFO - Processing /Users/pro/Documents/a_env/proj_data/lib/python3.7/site-packages/airflow/example_dags/example_nested_branch_dag.py took 0.083 seconds
[2022-07-24 23:31:13,559] {processor.py:153} INFO - Started process (PID=15015) to work on /Users/pro/Documents/a_env/proj_data/lib/python3.7/site-packages/airflow/example_dags/example_nested_branch_dag.py
[2022-07-24 23:31:13,560] {processor.py:641} INFO - Processing file /Users/pro/Documents/a_env/proj_data/lib/python3.7/site-packages/airflow/example_dags/example_nested_branch_dag.py for tasks to queue
[2022-07-24 23:31:13,561] {logging_mixin.py:115} INFO - [2022-07-24 23:31:13,561] {dagbag.py:508} INFO - Filling up the DagBag from /Users/pro/Documents/a_env/proj_data/lib/python3.7/site-packages/airflow/example_dags/example_nested_branch_dag.py
[2022-07-24 23:31:13,576] {processor.py:651} INFO - DAG(s) dict_keys(['example_nested_branch_dag']) retrieved from /Users/pro/Documents/a_env/proj_data/lib/python3.7/site-packages/airflow/example_dags/example_nested_branch_dag.py
[2022-07-24 23:31:13,599] {logging_mixin.py:115} INFO - [2022-07-24 23:31:13,598] {dag.py:2420} INFO - Sync 1 DAGs
[2022-07-24 23:31:13,623] {logging_mixin.py:115} INFO - [2022-07-24 23:31:13,622] {dag.py:2972} INFO - Setting next_dagrun for example_nested_branch_dag to 2022-07-23T00:00:00+00:00, run_after=2022-07-24T00:00:00+00:00
[2022-07-24 23:31:13,636] {processor.py:161} INFO - Processing /Users/pro/Documents/a_env/proj_data/lib/python3.7/site-packages/airflow/example_dags/example_nested_branch_dag.py took 0.082 seconds
[2022-07-24 23:31:48,812] {processor.py:153} INFO - Started process (PID=15105) to work on /Users/pro/Documents/a_env/proj_data/lib/python3.7/site-packages/airflow/example_dags/example_nested_branch_dag.py
[2022-07-24 23:31:48,814] {processor.py:641} INFO - Processing file /Users/pro/Documents/a_env/proj_data/lib/python3.7/site-packages/airflow/example_dags/example_nested_branch_dag.py for tasks to queue
[2022-07-24 23:31:48,815] {logging_mixin.py:115} INFO - [2022-07-24 23:31:48,815] {dagbag.py:508} INFO - Filling up the DagBag from /Users/pro/Documents/a_env/proj_data/lib/python3.7/site-packages/airflow/example_dags/example_nested_branch_dag.py
[2022-07-24 23:31:48,832] {processor.py:651} INFO - DAG(s) dict_keys(['example_nested_branch_dag']) retrieved from /Users/pro/Documents/a_env/proj_data/lib/python3.7/site-packages/airflow/example_dags/example_nested_branch_dag.py
[2022-07-24 23:31:48,855] {logging_mixin.py:115} INFO - [2022-07-24 23:31:48,854] {dag.py:2420} INFO - Sync 1 DAGs
[2022-07-24 23:31:48,881] {logging_mixin.py:115} INFO - [2022-07-24 23:31:48,880] {dag.py:2972} INFO - Setting next_dagrun for example_nested_branch_dag to 2022-07-23T00:00:00+00:00, run_after=2022-07-24T00:00:00+00:00
[2022-07-24 23:31:48,895] {processor.py:161} INFO - Processing /Users/pro/Documents/a_env/proj_data/lib/python3.7/site-packages/airflow/example_dags/example_nested_branch_dag.py took 0.088 seconds
[2022-07-24 23:32:22,793] {processor.py:153} INFO - Started process (PID=15157) to work on /Users/pro/Documents/a_env/proj_data/lib/python3.7/site-packages/airflow/example_dags/example_nested_branch_dag.py
[2022-07-24 23:32:22,795] {processor.py:641} INFO - Processing file /Users/pro/Documents/a_env/proj_data/lib/python3.7/site-packages/airflow/example_dags/example_nested_branch_dag.py for tasks to queue
[2022-07-24 23:32:22,797] {logging_mixin.py:115} INFO - [2022-07-24 23:32:22,796] {dagbag.py:508} INFO - Filling up the DagBag from /Users/pro/Documents/a_env/proj_data/lib/python3.7/site-packages/airflow/example_dags/example_nested_branch_dag.py
[2022-07-24 23:32:22,813] {processor.py:651} INFO - DAG(s) dict_keys(['example_nested_branch_dag']) retrieved from /Users/pro/Documents/a_env/proj_data/lib/python3.7/site-packages/airflow/example_dags/example_nested_branch_dag.py
[2022-07-24 23:32:22,835] {logging_mixin.py:115} INFO - [2022-07-24 23:32:22,834] {dag.py:2420} INFO - Sync 1 DAGs
[2022-07-24 23:32:22,858] {logging_mixin.py:115} INFO - [2022-07-24 23:32:22,858] {dag.py:2972} INFO - Setting next_dagrun for example_nested_branch_dag to 2022-07-23T00:00:00+00:00, run_after=2022-07-24T00:00:00+00:00
[2022-07-24 23:32:22,873] {processor.py:161} INFO - Processing /Users/pro/Documents/a_env/proj_data/lib/python3.7/site-packages/airflow/example_dags/example_nested_branch_dag.py took 0.085 seconds
[2022-07-24 23:32:58,684] {processor.py:153} INFO - Started process (PID=15257) to work on /Users/pro/Documents/a_env/proj_data/lib/python3.7/site-packages/airflow/example_dags/example_nested_branch_dag.py
[2022-07-24 23:32:58,686] {processor.py:641} INFO - Processing file /Users/pro/Documents/a_env/proj_data/lib/python3.7/site-packages/airflow/example_dags/example_nested_branch_dag.py for tasks to queue
[2022-07-24 23:32:58,687] {logging_mixin.py:115} INFO - [2022-07-24 23:32:58,687] {dagbag.py:508} INFO - Filling up the DagBag from /Users/pro/Documents/a_env/proj_data/lib/python3.7/site-packages/airflow/example_dags/example_nested_branch_dag.py
[2022-07-24 23:32:58,703] {processor.py:651} INFO - DAG(s) dict_keys(['example_nested_branch_dag']) retrieved from /Users/pro/Documents/a_env/proj_data/lib/python3.7/site-packages/airflow/example_dags/example_nested_branch_dag.py
[2022-07-24 23:32:58,725] {logging_mixin.py:115} INFO - [2022-07-24 23:32:58,725] {dag.py:2420} INFO - Sync 1 DAGs
[2022-07-24 23:32:58,750] {logging_mixin.py:115} INFO - [2022-07-24 23:32:58,750] {dag.py:2972} INFO - Setting next_dagrun for example_nested_branch_dag to 2022-07-23T00:00:00+00:00, run_after=2022-07-24T00:00:00+00:00
[2022-07-24 23:32:58,764] {processor.py:161} INFO - Processing /Users/pro/Documents/a_env/proj_data/lib/python3.7/site-packages/airflow/example_dags/example_nested_branch_dag.py took 0.085 seconds
[2022-07-24 23:33:32,716] {processor.py:153} INFO - Started process (PID=15346) to work on /Users/pro/Documents/a_env/proj_data/lib/python3.7/site-packages/airflow/example_dags/example_nested_branch_dag.py
[2022-07-24 23:33:32,717] {processor.py:641} INFO - Processing file /Users/pro/Documents/a_env/proj_data/lib/python3.7/site-packages/airflow/example_dags/example_nested_branch_dag.py for tasks to queue
[2022-07-24 23:33:32,718] {logging_mixin.py:115} INFO - [2022-07-24 23:33:32,718] {dagbag.py:508} INFO - Filling up the DagBag from /Users/pro/Documents/a_env/proj_data/lib/python3.7/site-packages/airflow/example_dags/example_nested_branch_dag.py
[2022-07-24 23:33:32,733] {processor.py:651} INFO - DAG(s) dict_keys(['example_nested_branch_dag']) retrieved from /Users/pro/Documents/a_env/proj_data/lib/python3.7/site-packages/airflow/example_dags/example_nested_branch_dag.py
[2022-07-24 23:33:32,755] {logging_mixin.py:115} INFO - [2022-07-24 23:33:32,755] {dag.py:2420} INFO - Sync 1 DAGs
[2022-07-24 23:33:32,781] {logging_mixin.py:115} INFO - [2022-07-24 23:33:32,781] {dag.py:2972} INFO - Setting next_dagrun for example_nested_branch_dag to 2022-07-23T00:00:00+00:00, run_after=2022-07-24T00:00:00+00:00
[2022-07-24 23:33:32,796] {processor.py:161} INFO - Processing /Users/pro/Documents/a_env/proj_data/lib/python3.7/site-packages/airflow/example_dags/example_nested_branch_dag.py took 0.085 seconds
[2022-07-24 23:34:07,694] {processor.py:153} INFO - Started process (PID=15453) to work on /Users/pro/Documents/a_env/proj_data/lib/python3.7/site-packages/airflow/example_dags/example_nested_branch_dag.py
[2022-07-24 23:34:07,697] {processor.py:641} INFO - Processing file /Users/pro/Documents/a_env/proj_data/lib/python3.7/site-packages/airflow/example_dags/example_nested_branch_dag.py for tasks to queue
[2022-07-24 23:34:07,698] {logging_mixin.py:115} INFO - [2022-07-24 23:34:07,698] {dagbag.py:508} INFO - Filling up the DagBag from /Users/pro/Documents/a_env/proj_data/lib/python3.7/site-packages/airflow/example_dags/example_nested_branch_dag.py
[2022-07-24 23:34:07,716] {processor.py:651} INFO - DAG(s) dict_keys(['example_nested_branch_dag']) retrieved from /Users/pro/Documents/a_env/proj_data/lib/python3.7/site-packages/airflow/example_dags/example_nested_branch_dag.py
[2022-07-24 23:34:07,738] {logging_mixin.py:115} INFO - [2022-07-24 23:34:07,738] {dag.py:2420} INFO - Sync 1 DAGs
[2022-07-24 23:34:07,763] {logging_mixin.py:115} INFO - [2022-07-24 23:34:07,763] {dag.py:2972} INFO - Setting next_dagrun for example_nested_branch_dag to 2022-07-23T00:00:00+00:00, run_after=2022-07-24T00:00:00+00:00
[2022-07-24 23:34:07,778] {processor.py:161} INFO - Processing /Users/pro/Documents/a_env/proj_data/lib/python3.7/site-packages/airflow/example_dags/example_nested_branch_dag.py took 0.089 seconds
