[2022-07-24 23:12:31,212] {processor.py:153} INFO - Started process (PID=12421) to work on /Users/pro/Documents/a_env/proj_data/lib/python3.7/site-packages/airflow/example_dags/example_complex.py
[2022-07-24 23:12:31,215] {processor.py:641} INFO - Processing file /Users/pro/Documents/a_env/proj_data/lib/python3.7/site-packages/airflow/example_dags/example_complex.py for tasks to queue
[2022-07-24 23:12:31,216] {logging_mixin.py:115} INFO - [2022-07-24 23:12:31,216] {dagbag.py:508} INFO - Filling up the DagBag from /Users/pro/Documents/a_env/proj_data/lib/python3.7/site-packages/airflow/example_dags/example_complex.py
[2022-07-24 23:12:31,246] {processor.py:651} INFO - DAG(s) dict_keys(['example_complex']) retrieved from /Users/pro/Documents/a_env/proj_data/lib/python3.7/site-packages/airflow/example_dags/example_complex.py
[2022-07-24 23:12:31,340] {logging_mixin.py:115} INFO - [2022-07-24 23:12:31,340] {manager.py:508} INFO - Created Permission View: can edit on DAG:example_complex
[2022-07-24 23:12:31,351] {logging_mixin.py:115} INFO - [2022-07-24 23:12:31,350] {manager.py:508} INFO - Created Permission View: can delete on DAG:example_complex
[2022-07-24 23:12:31,357] {logging_mixin.py:115} INFO - [2022-07-24 23:12:31,357] {manager.py:508} INFO - Created Permission View: can read on DAG:example_complex
[2022-07-24 23:12:31,358] {logging_mixin.py:115} INFO - [2022-07-24 23:12:31,357] {dag.py:2420} INFO - Sync 1 DAGs
[2022-07-24 23:12:31,368] {logging_mixin.py:115} INFO - [2022-07-24 23:12:31,368] {dag.py:2439} INFO - Creating ORM DAG for example_complex
[2022-07-24 23:12:31,384] {logging_mixin.py:115} INFO - [2022-07-24 23:12:31,383] {dag.py:2972} INFO - Setting next_dagrun for example_complex to None, run_after=None
[2022-07-24 23:12:31,398] {processor.py:161} INFO - Processing /Users/pro/Documents/a_env/proj_data/lib/python3.7/site-packages/airflow/example_dags/example_complex.py took 0.193 seconds
[2022-07-24 23:13:04,460] {processor.py:153} INFO - Started process (PID=12456) to work on /Users/pro/Documents/a_env/proj_data/lib/python3.7/site-packages/airflow/example_dags/example_complex.py
[2022-07-24 23:13:04,461] {processor.py:641} INFO - Processing file /Users/pro/Documents/a_env/proj_data/lib/python3.7/site-packages/airflow/example_dags/example_complex.py for tasks to queue
[2022-07-24 23:13:04,462] {logging_mixin.py:115} INFO - [2022-07-24 23:13:04,462] {dagbag.py:508} INFO - Filling up the DagBag from /Users/pro/Documents/a_env/proj_data/lib/python3.7/site-packages/airflow/example_dags/example_complex.py
[2022-07-24 23:13:04,484] {processor.py:651} INFO - DAG(s) dict_keys(['example_complex']) retrieved from /Users/pro/Documents/a_env/proj_data/lib/python3.7/site-packages/airflow/example_dags/example_complex.py
[2022-07-24 23:13:04,511] {logging_mixin.py:115} INFO - [2022-07-24 23:13:04,511] {dag.py:2420} INFO - Sync 1 DAGs
[2022-07-24 23:13:04,533] {logging_mixin.py:115} INFO - [2022-07-24 23:13:04,533] {dag.py:2972} INFO - Setting next_dagrun for example_complex to None, run_after=None
[2022-07-24 23:13:04,548] {processor.py:161} INFO - Processing /Users/pro/Documents/a_env/proj_data/lib/python3.7/site-packages/airflow/example_dags/example_complex.py took 0.092 seconds
[2022-07-24 23:13:38,549] {processor.py:153} INFO - Started process (PID=12493) to work on /Users/pro/Documents/a_env/proj_data/lib/python3.7/site-packages/airflow/example_dags/example_complex.py
[2022-07-24 23:13:38,550] {processor.py:641} INFO - Processing file /Users/pro/Documents/a_env/proj_data/lib/python3.7/site-packages/airflow/example_dags/example_complex.py for tasks to queue
[2022-07-24 23:13:38,551] {logging_mixin.py:115} INFO - [2022-07-24 23:13:38,551] {dagbag.py:508} INFO - Filling up the DagBag from /Users/pro/Documents/a_env/proj_data/lib/python3.7/site-packages/airflow/example_dags/example_complex.py
[2022-07-24 23:13:38,573] {processor.py:651} INFO - DAG(s) dict_keys(['example_complex']) retrieved from /Users/pro/Documents/a_env/proj_data/lib/python3.7/site-packages/airflow/example_dags/example_complex.py
[2022-07-24 23:13:38,597] {logging_mixin.py:115} INFO - [2022-07-24 23:13:38,597] {dag.py:2420} INFO - Sync 1 DAGs
[2022-07-24 23:13:38,619] {logging_mixin.py:115} INFO - [2022-07-24 23:13:38,618] {dag.py:2972} INFO - Setting next_dagrun for example_complex to None, run_after=None
[2022-07-24 23:13:38,633] {processor.py:161} INFO - Processing /Users/pro/Documents/a_env/proj_data/lib/python3.7/site-packages/airflow/example_dags/example_complex.py took 0.088 seconds
[2022-07-24 23:14:12,614] {processor.py:153} INFO - Started process (PID=12529) to work on /Users/pro/Documents/a_env/proj_data/lib/python3.7/site-packages/airflow/example_dags/example_complex.py
[2022-07-24 23:14:12,616] {processor.py:641} INFO - Processing file /Users/pro/Documents/a_env/proj_data/lib/python3.7/site-packages/airflow/example_dags/example_complex.py for tasks to queue
[2022-07-24 23:14:12,617] {logging_mixin.py:115} INFO - [2022-07-24 23:14:12,617] {dagbag.py:508} INFO - Filling up the DagBag from /Users/pro/Documents/a_env/proj_data/lib/python3.7/site-packages/airflow/example_dags/example_complex.py
[2022-07-24 23:14:12,642] {processor.py:651} INFO - DAG(s) dict_keys(['example_complex']) retrieved from /Users/pro/Documents/a_env/proj_data/lib/python3.7/site-packages/airflow/example_dags/example_complex.py
[2022-07-24 23:14:12,669] {logging_mixin.py:115} INFO - [2022-07-24 23:14:12,668] {dag.py:2420} INFO - Sync 1 DAGs
[2022-07-24 23:14:12,693] {logging_mixin.py:115} INFO - [2022-07-24 23:14:12,693] {dag.py:2972} INFO - Setting next_dagrun for example_complex to None, run_after=None
[2022-07-24 23:14:12,709] {processor.py:161} INFO - Processing /Users/pro/Documents/a_env/proj_data/lib/python3.7/site-packages/airflow/example_dags/example_complex.py took 0.101 seconds
[2022-07-24 23:14:48,296] {processor.py:153} INFO - Started process (PID=12566) to work on /Users/pro/Documents/a_env/proj_data/lib/python3.7/site-packages/airflow/example_dags/example_complex.py
[2022-07-24 23:14:48,298] {processor.py:641} INFO - Processing file /Users/pro/Documents/a_env/proj_data/lib/python3.7/site-packages/airflow/example_dags/example_complex.py for tasks to queue
[2022-07-24 23:14:48,299] {logging_mixin.py:115} INFO - [2022-07-24 23:14:48,299] {dagbag.py:508} INFO - Filling up the DagBag from /Users/pro/Documents/a_env/proj_data/lib/python3.7/site-packages/airflow/example_dags/example_complex.py
[2022-07-24 23:14:48,324] {processor.py:651} INFO - DAG(s) dict_keys(['example_complex']) retrieved from /Users/pro/Documents/a_env/proj_data/lib/python3.7/site-packages/airflow/example_dags/example_complex.py
[2022-07-24 23:14:48,352] {logging_mixin.py:115} INFO - [2022-07-24 23:14:48,352] {dag.py:2420} INFO - Sync 1 DAGs
[2022-07-24 23:14:48,376] {logging_mixin.py:115} INFO - [2022-07-24 23:14:48,375] {dag.py:2972} INFO - Setting next_dagrun for example_complex to None, run_after=None
[2022-07-24 23:14:48,394] {processor.py:161} INFO - Processing /Users/pro/Documents/a_env/proj_data/lib/python3.7/site-packages/airflow/example_dags/example_complex.py took 0.103 seconds
[2022-07-24 23:15:23,669] {processor.py:153} INFO - Started process (PID=12651) to work on /Users/pro/Documents/a_env/proj_data/lib/python3.7/site-packages/airflow/example_dags/example_complex.py
[2022-07-24 23:15:23,670] {processor.py:641} INFO - Processing file /Users/pro/Documents/a_env/proj_data/lib/python3.7/site-packages/airflow/example_dags/example_complex.py for tasks to queue
[2022-07-24 23:15:23,671] {logging_mixin.py:115} INFO - [2022-07-24 23:15:23,671] {dagbag.py:508} INFO - Filling up the DagBag from /Users/pro/Documents/a_env/proj_data/lib/python3.7/site-packages/airflow/example_dags/example_complex.py
[2022-07-24 23:15:23,694] {processor.py:651} INFO - DAG(s) dict_keys(['example_complex']) retrieved from /Users/pro/Documents/a_env/proj_data/lib/python3.7/site-packages/airflow/example_dags/example_complex.py
[2022-07-24 23:15:23,719] {logging_mixin.py:115} INFO - [2022-07-24 23:15:23,718] {dag.py:2420} INFO - Sync 1 DAGs
[2022-07-24 23:15:23,742] {logging_mixin.py:115} INFO - [2022-07-24 23:15:23,742] {dag.py:2972} INFO - Setting next_dagrun for example_complex to None, run_after=None
[2022-07-24 23:15:23,756] {processor.py:161} INFO - Processing /Users/pro/Documents/a_env/proj_data/lib/python3.7/site-packages/airflow/example_dags/example_complex.py took 0.092 seconds
[2022-07-24 23:15:59,015] {processor.py:153} INFO - Started process (PID=12776) to work on /Users/pro/Documents/a_env/proj_data/lib/python3.7/site-packages/airflow/example_dags/example_complex.py
[2022-07-24 23:15:59,016] {processor.py:641} INFO - Processing file /Users/pro/Documents/a_env/proj_data/lib/python3.7/site-packages/airflow/example_dags/example_complex.py for tasks to queue
[2022-07-24 23:15:59,018] {logging_mixin.py:115} INFO - [2022-07-24 23:15:59,018] {dagbag.py:508} INFO - Filling up the DagBag from /Users/pro/Documents/a_env/proj_data/lib/python3.7/site-packages/airflow/example_dags/example_complex.py
[2022-07-24 23:15:59,045] {processor.py:651} INFO - DAG(s) dict_keys(['example_complex']) retrieved from /Users/pro/Documents/a_env/proj_data/lib/python3.7/site-packages/airflow/example_dags/example_complex.py
[2022-07-24 23:15:59,068] {logging_mixin.py:115} INFO - [2022-07-24 23:15:59,068] {dag.py:2420} INFO - Sync 1 DAGs
[2022-07-24 23:15:59,091] {logging_mixin.py:115} INFO - [2022-07-24 23:15:59,090] {dag.py:2972} INFO - Setting next_dagrun for example_complex to None, run_after=None
[2022-07-24 23:15:59,103] {processor.py:161} INFO - Processing /Users/pro/Documents/a_env/proj_data/lib/python3.7/site-packages/airflow/example_dags/example_complex.py took 0.093 seconds
[2022-07-24 23:16:32,250] {processor.py:153} INFO - Started process (PID=12878) to work on /Users/pro/Documents/a_env/proj_data/lib/python3.7/site-packages/airflow/example_dags/example_complex.py
[2022-07-24 23:16:32,250] {processor.py:641} INFO - Processing file /Users/pro/Documents/a_env/proj_data/lib/python3.7/site-packages/airflow/example_dags/example_complex.py for tasks to queue
[2022-07-24 23:16:32,252] {logging_mixin.py:115} INFO - [2022-07-24 23:16:32,251] {dagbag.py:508} INFO - Filling up the DagBag from /Users/pro/Documents/a_env/proj_data/lib/python3.7/site-packages/airflow/example_dags/example_complex.py
[2022-07-24 23:16:32,278] {processor.py:651} INFO - DAG(s) dict_keys(['example_complex']) retrieved from /Users/pro/Documents/a_env/proj_data/lib/python3.7/site-packages/airflow/example_dags/example_complex.py
[2022-07-24 23:16:32,305] {logging_mixin.py:115} INFO - [2022-07-24 23:16:32,304] {dag.py:2420} INFO - Sync 1 DAGs
[2022-07-24 23:16:32,328] {logging_mixin.py:115} INFO - [2022-07-24 23:16:32,328] {dag.py:2972} INFO - Setting next_dagrun for example_complex to None, run_after=None
[2022-07-24 23:16:32,342] {processor.py:161} INFO - Processing /Users/pro/Documents/a_env/proj_data/lib/python3.7/site-packages/airflow/example_dags/example_complex.py took 0.097 seconds
[2022-07-24 23:17:06,134] {processor.py:153} INFO - Started process (PID=12970) to work on /Users/pro/Documents/a_env/proj_data/lib/python3.7/site-packages/airflow/example_dags/example_complex.py
[2022-07-24 23:17:06,135] {processor.py:641} INFO - Processing file /Users/pro/Documents/a_env/proj_data/lib/python3.7/site-packages/airflow/example_dags/example_complex.py for tasks to queue
[2022-07-24 23:17:06,136] {logging_mixin.py:115} INFO - [2022-07-24 23:17:06,136] {dagbag.py:508} INFO - Filling up the DagBag from /Users/pro/Documents/a_env/proj_data/lib/python3.7/site-packages/airflow/example_dags/example_complex.py
[2022-07-24 23:17:06,157] {processor.py:651} INFO - DAG(s) dict_keys(['example_complex']) retrieved from /Users/pro/Documents/a_env/proj_data/lib/python3.7/site-packages/airflow/example_dags/example_complex.py
[2022-07-24 23:17:06,185] {logging_mixin.py:115} INFO - [2022-07-24 23:17:06,185] {dag.py:2420} INFO - Sync 1 DAGs
[2022-07-24 23:17:06,208] {logging_mixin.py:115} INFO - [2022-07-24 23:17:06,208] {dag.py:2972} INFO - Setting next_dagrun for example_complex to None, run_after=None
[2022-07-24 23:17:06,221] {processor.py:161} INFO - Processing /Users/pro/Documents/a_env/proj_data/lib/python3.7/site-packages/airflow/example_dags/example_complex.py took 0.092 seconds
[2022-07-24 23:17:39,959] {processor.py:153} INFO - Started process (PID=13050) to work on /Users/pro/Documents/a_env/proj_data/lib/python3.7/site-packages/airflow/example_dags/example_complex.py
[2022-07-24 23:17:39,960] {processor.py:641} INFO - Processing file /Users/pro/Documents/a_env/proj_data/lib/python3.7/site-packages/airflow/example_dags/example_complex.py for tasks to queue
[2022-07-24 23:17:39,961] {logging_mixin.py:115} INFO - [2022-07-24 23:17:39,961] {dagbag.py:508} INFO - Filling up the DagBag from /Users/pro/Documents/a_env/proj_data/lib/python3.7/site-packages/airflow/example_dags/example_complex.py
[2022-07-24 23:17:39,977] {processor.py:651} INFO - DAG(s) dict_keys(['example_complex']) retrieved from /Users/pro/Documents/a_env/proj_data/lib/python3.7/site-packages/airflow/example_dags/example_complex.py
[2022-07-24 23:17:39,999] {logging_mixin.py:115} INFO - [2022-07-24 23:17:39,999] {dag.py:2420} INFO - Sync 1 DAGs
[2022-07-24 23:17:40,020] {logging_mixin.py:115} INFO - [2022-07-24 23:17:40,019] {dag.py:2972} INFO - Setting next_dagrun for example_complex to None, run_after=None
[2022-07-24 23:17:40,032] {processor.py:161} INFO - Processing /Users/pro/Documents/a_env/proj_data/lib/python3.7/site-packages/airflow/example_dags/example_complex.py took 0.077 seconds
[2022-07-24 23:18:13,608] {processor.py:153} INFO - Started process (PID=13152) to work on /Users/pro/Documents/a_env/proj_data/lib/python3.7/site-packages/airflow/example_dags/example_complex.py
[2022-07-24 23:18:13,610] {processor.py:641} INFO - Processing file /Users/pro/Documents/a_env/proj_data/lib/python3.7/site-packages/airflow/example_dags/example_complex.py for tasks to queue
[2022-07-24 23:18:13,611] {logging_mixin.py:115} INFO - [2022-07-24 23:18:13,610] {dagbag.py:508} INFO - Filling up the DagBag from /Users/pro/Documents/a_env/proj_data/lib/python3.7/site-packages/airflow/example_dags/example_complex.py
[2022-07-24 23:18:13,628] {processor.py:651} INFO - DAG(s) dict_keys(['example_complex']) retrieved from /Users/pro/Documents/a_env/proj_data/lib/python3.7/site-packages/airflow/example_dags/example_complex.py
[2022-07-24 23:18:13,654] {logging_mixin.py:115} INFO - [2022-07-24 23:18:13,654] {dag.py:2420} INFO - Sync 1 DAGs
[2022-07-24 23:18:13,677] {logging_mixin.py:115} INFO - [2022-07-24 23:18:13,677] {dag.py:2972} INFO - Setting next_dagrun for example_complex to None, run_after=None
[2022-07-24 23:18:13,692] {processor.py:161} INFO - Processing /Users/pro/Documents/a_env/proj_data/lib/python3.7/site-packages/airflow/example_dags/example_complex.py took 0.088 seconds
[2022-07-24 23:18:48,025] {processor.py:153} INFO - Started process (PID=13253) to work on /Users/pro/Documents/a_env/proj_data/lib/python3.7/site-packages/airflow/example_dags/example_complex.py
[2022-07-24 23:18:48,027] {processor.py:641} INFO - Processing file /Users/pro/Documents/a_env/proj_data/lib/python3.7/site-packages/airflow/example_dags/example_complex.py for tasks to queue
[2022-07-24 23:18:48,028] {logging_mixin.py:115} INFO - [2022-07-24 23:18:48,028] {dagbag.py:508} INFO - Filling up the DagBag from /Users/pro/Documents/a_env/proj_data/lib/python3.7/site-packages/airflow/example_dags/example_complex.py
[2022-07-24 23:18:48,046] {processor.py:651} INFO - DAG(s) dict_keys(['example_complex']) retrieved from /Users/pro/Documents/a_env/proj_data/lib/python3.7/site-packages/airflow/example_dags/example_complex.py
[2022-07-24 23:18:48,073] {logging_mixin.py:115} INFO - [2022-07-24 23:18:48,072] {dag.py:2420} INFO - Sync 1 DAGs
[2022-07-24 23:18:48,106] {logging_mixin.py:115} INFO - [2022-07-24 23:18:48,106] {dag.py:2972} INFO - Setting next_dagrun for example_complex to None, run_after=None
[2022-07-24 23:18:48,119] {processor.py:161} INFO - Processing /Users/pro/Documents/a_env/proj_data/lib/python3.7/site-packages/airflow/example_dags/example_complex.py took 0.098 seconds
[2022-07-24 23:19:20,895] {processor.py:153} INFO - Started process (PID=13345) to work on /Users/pro/Documents/a_env/proj_data/lib/python3.7/site-packages/airflow/example_dags/example_complex.py
[2022-07-24 23:19:20,896] {processor.py:641} INFO - Processing file /Users/pro/Documents/a_env/proj_data/lib/python3.7/site-packages/airflow/example_dags/example_complex.py for tasks to queue
[2022-07-24 23:19:20,897] {logging_mixin.py:115} INFO - [2022-07-24 23:19:20,897] {dagbag.py:508} INFO - Filling up the DagBag from /Users/pro/Documents/a_env/proj_data/lib/python3.7/site-packages/airflow/example_dags/example_complex.py
[2022-07-24 23:19:20,918] {processor.py:651} INFO - DAG(s) dict_keys(['example_complex']) retrieved from /Users/pro/Documents/a_env/proj_data/lib/python3.7/site-packages/airflow/example_dags/example_complex.py
[2022-07-24 23:19:20,946] {logging_mixin.py:115} INFO - [2022-07-24 23:19:20,946] {dag.py:2420} INFO - Sync 1 DAGs
[2022-07-24 23:19:20,967] {logging_mixin.py:115} INFO - [2022-07-24 23:19:20,967] {dag.py:2972} INFO - Setting next_dagrun for example_complex to None, run_after=None
[2022-07-24 23:19:20,979] {processor.py:161} INFO - Processing /Users/pro/Documents/a_env/proj_data/lib/python3.7/site-packages/airflow/example_dags/example_complex.py took 0.089 seconds
[2022-07-24 23:19:53,990] {processor.py:153} INFO - Started process (PID=13406) to work on /Users/pro/Documents/a_env/proj_data/lib/python3.7/site-packages/airflow/example_dags/example_complex.py
[2022-07-24 23:19:53,992] {processor.py:641} INFO - Processing file /Users/pro/Documents/a_env/proj_data/lib/python3.7/site-packages/airflow/example_dags/example_complex.py for tasks to queue
[2022-07-24 23:19:53,994] {logging_mixin.py:115} INFO - [2022-07-24 23:19:53,993] {dagbag.py:508} INFO - Filling up the DagBag from /Users/pro/Documents/a_env/proj_data/lib/python3.7/site-packages/airflow/example_dags/example_complex.py
[2022-07-24 23:19:54,011] {processor.py:651} INFO - DAG(s) dict_keys(['example_complex']) retrieved from /Users/pro/Documents/a_env/proj_data/lib/python3.7/site-packages/airflow/example_dags/example_complex.py
[2022-07-24 23:19:54,036] {logging_mixin.py:115} INFO - [2022-07-24 23:19:54,036] {dag.py:2420} INFO - Sync 1 DAGs
[2022-07-24 23:19:54,059] {logging_mixin.py:115} INFO - [2022-07-24 23:19:54,059] {dag.py:2972} INFO - Setting next_dagrun for example_complex to None, run_after=None
[2022-07-24 23:19:54,073] {processor.py:161} INFO - Processing /Users/pro/Documents/a_env/proj_data/lib/python3.7/site-packages/airflow/example_dags/example_complex.py took 0.087 seconds
[2022-07-24 23:20:29,014] {processor.py:153} INFO - Started process (PID=13505) to work on /Users/pro/Documents/a_env/proj_data/lib/python3.7/site-packages/airflow/example_dags/example_complex.py
[2022-07-24 23:20:29,015] {processor.py:641} INFO - Processing file /Users/pro/Documents/a_env/proj_data/lib/python3.7/site-packages/airflow/example_dags/example_complex.py for tasks to queue
[2022-07-24 23:20:29,017] {logging_mixin.py:115} INFO - [2022-07-24 23:20:29,016] {dagbag.py:508} INFO - Filling up the DagBag from /Users/pro/Documents/a_env/proj_data/lib/python3.7/site-packages/airflow/example_dags/example_complex.py
[2022-07-24 23:20:29,038] {processor.py:651} INFO - DAG(s) dict_keys(['example_complex']) retrieved from /Users/pro/Documents/a_env/proj_data/lib/python3.7/site-packages/airflow/example_dags/example_complex.py
[2022-07-24 23:20:29,066] {logging_mixin.py:115} INFO - [2022-07-24 23:20:29,066] {dag.py:2420} INFO - Sync 1 DAGs
[2022-07-24 23:20:29,088] {logging_mixin.py:115} INFO - [2022-07-24 23:20:29,088] {dag.py:2972} INFO - Setting next_dagrun for example_complex to None, run_after=None
[2022-07-24 23:20:29,101] {processor.py:161} INFO - Processing /Users/pro/Documents/a_env/proj_data/lib/python3.7/site-packages/airflow/example_dags/example_complex.py took 0.091 seconds
[2022-07-24 23:21:04,523] {processor.py:153} INFO - Started process (PID=13805) to work on /Users/pro/Documents/a_env/proj_data/lib/python3.7/site-packages/airflow/example_dags/example_complex.py
[2022-07-24 23:21:04,524] {processor.py:641} INFO - Processing file /Users/pro/Documents/a_env/proj_data/lib/python3.7/site-packages/airflow/example_dags/example_complex.py for tasks to queue
[2022-07-24 23:21:04,525] {logging_mixin.py:115} INFO - [2022-07-24 23:21:04,525] {dagbag.py:508} INFO - Filling up the DagBag from /Users/pro/Documents/a_env/proj_data/lib/python3.7/site-packages/airflow/example_dags/example_complex.py
[2022-07-24 23:21:04,542] {processor.py:651} INFO - DAG(s) dict_keys(['example_complex']) retrieved from /Users/pro/Documents/a_env/proj_data/lib/python3.7/site-packages/airflow/example_dags/example_complex.py
[2022-07-24 23:21:04,567] {logging_mixin.py:115} INFO - [2022-07-24 23:21:04,567] {dag.py:2420} INFO - Sync 1 DAGs
[2022-07-24 23:21:04,590] {logging_mixin.py:115} INFO - [2022-07-24 23:21:04,590] {dag.py:2972} INFO - Setting next_dagrun for example_complex to None, run_after=None
[2022-07-24 23:21:04,603] {processor.py:161} INFO - Processing /Users/pro/Documents/a_env/proj_data/lib/python3.7/site-packages/airflow/example_dags/example_complex.py took 0.084 seconds
[2022-07-24 23:21:38,364] {processor.py:153} INFO - Started process (PID=13889) to work on /Users/pro/Documents/a_env/proj_data/lib/python3.7/site-packages/airflow/example_dags/example_complex.py
[2022-07-24 23:21:38,365] {processor.py:641} INFO - Processing file /Users/pro/Documents/a_env/proj_data/lib/python3.7/site-packages/airflow/example_dags/example_complex.py for tasks to queue
[2022-07-24 23:21:38,367] {logging_mixin.py:115} INFO - [2022-07-24 23:21:38,366] {dagbag.py:508} INFO - Filling up the DagBag from /Users/pro/Documents/a_env/proj_data/lib/python3.7/site-packages/airflow/example_dags/example_complex.py
[2022-07-24 23:21:38,389] {processor.py:651} INFO - DAG(s) dict_keys(['example_complex']) retrieved from /Users/pro/Documents/a_env/proj_data/lib/python3.7/site-packages/airflow/example_dags/example_complex.py
[2022-07-24 23:21:38,423] {logging_mixin.py:115} INFO - [2022-07-24 23:21:38,422] {dag.py:2420} INFO - Sync 1 DAGs
[2022-07-24 23:21:38,447] {logging_mixin.py:115} INFO - [2022-07-24 23:21:38,447] {dag.py:2972} INFO - Setting next_dagrun for example_complex to None, run_after=None
[2022-07-24 23:21:38,462] {processor.py:161} INFO - Processing /Users/pro/Documents/a_env/proj_data/lib/python3.7/site-packages/airflow/example_dags/example_complex.py took 0.104 seconds
[2022-07-24 23:22:09,682] {processor.py:153} INFO - Started process (PID=13964) to work on /Users/pro/Documents/a_env/proj_data/lib/python3.7/site-packages/airflow/example_dags/example_complex.py
[2022-07-24 23:22:09,702] {processor.py:641} INFO - Processing file /Users/pro/Documents/a_env/proj_data/lib/python3.7/site-packages/airflow/example_dags/example_complex.py for tasks to queue
[2022-07-24 23:22:09,704] {logging_mixin.py:115} INFO - [2022-07-24 23:22:09,704] {dagbag.py:508} INFO - Filling up the DagBag from /Users/pro/Documents/a_env/proj_data/lib/python3.7/site-packages/airflow/example_dags/example_complex.py
[2022-07-24 23:22:09,732] {processor.py:651} INFO - DAG(s) dict_keys(['example_complex']) retrieved from /Users/pro/Documents/a_env/proj_data/lib/python3.7/site-packages/airflow/example_dags/example_complex.py
[2022-07-24 23:22:09,774] {logging_mixin.py:115} INFO - [2022-07-24 23:22:09,773] {dag.py:2420} INFO - Sync 1 DAGs
[2022-07-24 23:22:09,806] {logging_mixin.py:115} INFO - [2022-07-24 23:22:09,805] {dag.py:2972} INFO - Setting next_dagrun for example_complex to None, run_after=None
[2022-07-24 23:22:09,820] {processor.py:161} INFO - Processing /Users/pro/Documents/a_env/proj_data/lib/python3.7/site-packages/airflow/example_dags/example_complex.py took 0.143 seconds
[2022-07-24 23:22:43,955] {processor.py:153} INFO - Started process (PID=14070) to work on /Users/pro/Documents/a_env/proj_data/lib/python3.7/site-packages/airflow/example_dags/example_complex.py
[2022-07-24 23:22:43,956] {processor.py:641} INFO - Processing file /Users/pro/Documents/a_env/proj_data/lib/python3.7/site-packages/airflow/example_dags/example_complex.py for tasks to queue
[2022-07-24 23:22:43,957] {logging_mixin.py:115} INFO - [2022-07-24 23:22:43,957] {dagbag.py:508} INFO - Filling up the DagBag from /Users/pro/Documents/a_env/proj_data/lib/python3.7/site-packages/airflow/example_dags/example_complex.py
[2022-07-24 23:22:43,975] {processor.py:651} INFO - DAG(s) dict_keys(['example_complex']) retrieved from /Users/pro/Documents/a_env/proj_data/lib/python3.7/site-packages/airflow/example_dags/example_complex.py
[2022-07-24 23:22:44,000] {logging_mixin.py:115} INFO - [2022-07-24 23:22:44,000] {dag.py:2420} INFO - Sync 1 DAGs
[2022-07-24 23:22:44,022] {logging_mixin.py:115} INFO - [2022-07-24 23:22:44,022] {dag.py:2972} INFO - Setting next_dagrun for example_complex to None, run_after=None
[2022-07-24 23:22:44,035] {processor.py:161} INFO - Processing /Users/pro/Documents/a_env/proj_data/lib/python3.7/site-packages/airflow/example_dags/example_complex.py took 0.085 seconds
[2022-07-24 23:23:18,463] {processor.py:153} INFO - Started process (PID=14193) to work on /Users/pro/Documents/a_env/proj_data/lib/python3.7/site-packages/airflow/example_dags/example_complex.py
[2022-07-24 23:23:18,465] {processor.py:641} INFO - Processing file /Users/pro/Documents/a_env/proj_data/lib/python3.7/site-packages/airflow/example_dags/example_complex.py for tasks to queue
[2022-07-24 23:23:18,466] {logging_mixin.py:115} INFO - [2022-07-24 23:23:18,466] {dagbag.py:508} INFO - Filling up the DagBag from /Users/pro/Documents/a_env/proj_data/lib/python3.7/site-packages/airflow/example_dags/example_complex.py
[2022-07-24 23:23:18,484] {processor.py:651} INFO - DAG(s) dict_keys(['example_complex']) retrieved from /Users/pro/Documents/a_env/proj_data/lib/python3.7/site-packages/airflow/example_dags/example_complex.py
[2022-07-24 23:23:18,509] {logging_mixin.py:115} INFO - [2022-07-24 23:23:18,509] {dag.py:2420} INFO - Sync 1 DAGs
[2022-07-24 23:23:18,532] {logging_mixin.py:115} INFO - [2022-07-24 23:23:18,532] {dag.py:2972} INFO - Setting next_dagrun for example_complex to None, run_after=None
[2022-07-24 23:23:18,546] {processor.py:161} INFO - Processing /Users/pro/Documents/a_env/proj_data/lib/python3.7/site-packages/airflow/example_dags/example_complex.py took 0.088 seconds
[2022-07-24 23:23:52,732] {processor.py:153} INFO - Started process (PID=14242) to work on /Users/pro/Documents/a_env/proj_data/lib/python3.7/site-packages/airflow/example_dags/example_complex.py
[2022-07-24 23:23:52,733] {processor.py:641} INFO - Processing file /Users/pro/Documents/a_env/proj_data/lib/python3.7/site-packages/airflow/example_dags/example_complex.py for tasks to queue
[2022-07-24 23:23:52,734] {logging_mixin.py:115} INFO - [2022-07-24 23:23:52,734] {dagbag.py:508} INFO - Filling up the DagBag from /Users/pro/Documents/a_env/proj_data/lib/python3.7/site-packages/airflow/example_dags/example_complex.py
[2022-07-24 23:23:52,753] {processor.py:651} INFO - DAG(s) dict_keys(['example_complex']) retrieved from /Users/pro/Documents/a_env/proj_data/lib/python3.7/site-packages/airflow/example_dags/example_complex.py
[2022-07-24 23:23:52,779] {logging_mixin.py:115} INFO - [2022-07-24 23:23:52,778] {dag.py:2420} INFO - Sync 1 DAGs
[2022-07-24 23:23:52,802] {logging_mixin.py:115} INFO - [2022-07-24 23:23:52,802] {dag.py:2972} INFO - Setting next_dagrun for example_complex to None, run_after=None
[2022-07-24 23:23:52,815] {processor.py:161} INFO - Processing /Users/pro/Documents/a_env/proj_data/lib/python3.7/site-packages/airflow/example_dags/example_complex.py took 0.088 seconds
[2022-07-24 23:24:27,389] {processor.py:153} INFO - Started process (PID=14366) to work on /Users/pro/Documents/a_env/proj_data/lib/python3.7/site-packages/airflow/example_dags/example_complex.py
[2022-07-24 23:24:27,390] {processor.py:641} INFO - Processing file /Users/pro/Documents/a_env/proj_data/lib/python3.7/site-packages/airflow/example_dags/example_complex.py for tasks to queue
[2022-07-24 23:24:27,392] {logging_mixin.py:115} INFO - [2022-07-24 23:24:27,392] {dagbag.py:508} INFO - Filling up the DagBag from /Users/pro/Documents/a_env/proj_data/lib/python3.7/site-packages/airflow/example_dags/example_complex.py
[2022-07-24 23:24:27,412] {processor.py:651} INFO - DAG(s) dict_keys(['example_complex']) retrieved from /Users/pro/Documents/a_env/proj_data/lib/python3.7/site-packages/airflow/example_dags/example_complex.py
[2022-07-24 23:24:27,441] {logging_mixin.py:115} INFO - [2022-07-24 23:24:27,440] {dag.py:2420} INFO - Sync 1 DAGs
[2022-07-24 23:24:27,462] {logging_mixin.py:115} INFO - [2022-07-24 23:24:27,462] {dag.py:2972} INFO - Setting next_dagrun for example_complex to None, run_after=None
[2022-07-24 23:24:27,477] {processor.py:161} INFO - Processing /Users/pro/Documents/a_env/proj_data/lib/python3.7/site-packages/airflow/example_dags/example_complex.py took 0.093 seconds
[2022-07-24 23:25:02,534] {processor.py:153} INFO - Started process (PID=14421) to work on /Users/pro/Documents/a_env/proj_data/lib/python3.7/site-packages/airflow/example_dags/example_complex.py
[2022-07-24 23:25:02,536] {processor.py:641} INFO - Processing file /Users/pro/Documents/a_env/proj_data/lib/python3.7/site-packages/airflow/example_dags/example_complex.py for tasks to queue
[2022-07-24 23:25:02,537] {logging_mixin.py:115} INFO - [2022-07-24 23:25:02,536] {dagbag.py:508} INFO - Filling up the DagBag from /Users/pro/Documents/a_env/proj_data/lib/python3.7/site-packages/airflow/example_dags/example_complex.py
[2022-07-24 23:25:02,557] {processor.py:651} INFO - DAG(s) dict_keys(['example_complex']) retrieved from /Users/pro/Documents/a_env/proj_data/lib/python3.7/site-packages/airflow/example_dags/example_complex.py
[2022-07-24 23:25:02,586] {logging_mixin.py:115} INFO - [2022-07-24 23:25:02,586] {dag.py:2420} INFO - Sync 1 DAGs
[2022-07-24 23:25:02,612] {logging_mixin.py:115} INFO - [2022-07-24 23:25:02,611] {dag.py:2972} INFO - Setting next_dagrun for example_complex to None, run_after=None
[2022-07-24 23:25:02,630] {processor.py:161} INFO - Processing /Users/pro/Documents/a_env/proj_data/lib/python3.7/site-packages/airflow/example_dags/example_complex.py took 0.102 seconds
[2022-07-24 23:25:38,706] {processor.py:153} INFO - Started process (PID=14470) to work on /Users/pro/Documents/a_env/proj_data/lib/python3.7/site-packages/airflow/example_dags/example_complex.py
[2022-07-24 23:25:38,707] {processor.py:641} INFO - Processing file /Users/pro/Documents/a_env/proj_data/lib/python3.7/site-packages/airflow/example_dags/example_complex.py for tasks to queue
[2022-07-24 23:25:38,708] {logging_mixin.py:115} INFO - [2022-07-24 23:25:38,708] {dagbag.py:508} INFO - Filling up the DagBag from /Users/pro/Documents/a_env/proj_data/lib/python3.7/site-packages/airflow/example_dags/example_complex.py
[2022-07-24 23:25:38,733] {processor.py:651} INFO - DAG(s) dict_keys(['example_complex']) retrieved from /Users/pro/Documents/a_env/proj_data/lib/python3.7/site-packages/airflow/example_dags/example_complex.py
[2022-07-24 23:25:38,760] {logging_mixin.py:115} INFO - [2022-07-24 23:25:38,760] {dag.py:2420} INFO - Sync 1 DAGs
[2022-07-24 23:25:38,787] {logging_mixin.py:115} INFO - [2022-07-24 23:25:38,786] {dag.py:2972} INFO - Setting next_dagrun for example_complex to None, run_after=None
[2022-07-24 23:25:38,800] {processor.py:161} INFO - Processing /Users/pro/Documents/a_env/proj_data/lib/python3.7/site-packages/airflow/example_dags/example_complex.py took 0.101 seconds
[2022-07-24 23:26:13,815] {processor.py:153} INFO - Started process (PID=14509) to work on /Users/pro/Documents/a_env/proj_data/lib/python3.7/site-packages/airflow/example_dags/example_complex.py
[2022-07-24 23:26:13,816] {processor.py:641} INFO - Processing file /Users/pro/Documents/a_env/proj_data/lib/python3.7/site-packages/airflow/example_dags/example_complex.py for tasks to queue
[2022-07-24 23:26:13,817] {logging_mixin.py:115} INFO - [2022-07-24 23:26:13,817] {dagbag.py:508} INFO - Filling up the DagBag from /Users/pro/Documents/a_env/proj_data/lib/python3.7/site-packages/airflow/example_dags/example_complex.py
[2022-07-24 23:26:13,838] {processor.py:651} INFO - DAG(s) dict_keys(['example_complex']) retrieved from /Users/pro/Documents/a_env/proj_data/lib/python3.7/site-packages/airflow/example_dags/example_complex.py
[2022-07-24 23:26:13,864] {logging_mixin.py:115} INFO - [2022-07-24 23:26:13,864] {dag.py:2420} INFO - Sync 1 DAGs
[2022-07-24 23:26:13,889] {logging_mixin.py:115} INFO - [2022-07-24 23:26:13,889] {dag.py:2972} INFO - Setting next_dagrun for example_complex to None, run_after=None
[2022-07-24 23:26:13,904] {processor.py:161} INFO - Processing /Users/pro/Documents/a_env/proj_data/lib/python3.7/site-packages/airflow/example_dags/example_complex.py took 0.095 seconds
[2022-07-24 23:26:49,069] {processor.py:153} INFO - Started process (PID=14570) to work on /Users/pro/Documents/a_env/proj_data/lib/python3.7/site-packages/airflow/example_dags/example_complex.py
[2022-07-24 23:26:49,072] {processor.py:641} INFO - Processing file /Users/pro/Documents/a_env/proj_data/lib/python3.7/site-packages/airflow/example_dags/example_complex.py for tasks to queue
[2022-07-24 23:26:49,073] {logging_mixin.py:115} INFO - [2022-07-24 23:26:49,073] {dagbag.py:508} INFO - Filling up the DagBag from /Users/pro/Documents/a_env/proj_data/lib/python3.7/site-packages/airflow/example_dags/example_complex.py
[2022-07-24 23:26:49,092] {processor.py:651} INFO - DAG(s) dict_keys(['example_complex']) retrieved from /Users/pro/Documents/a_env/proj_data/lib/python3.7/site-packages/airflow/example_dags/example_complex.py
[2022-07-24 23:26:49,118] {logging_mixin.py:115} INFO - [2022-07-24 23:26:49,118] {dag.py:2420} INFO - Sync 1 DAGs
[2022-07-24 23:26:49,139] {logging_mixin.py:115} INFO - [2022-07-24 23:26:49,139] {dag.py:2972} INFO - Setting next_dagrun for example_complex to None, run_after=None
[2022-07-24 23:26:49,151] {processor.py:161} INFO - Processing /Users/pro/Documents/a_env/proj_data/lib/python3.7/site-packages/airflow/example_dags/example_complex.py took 0.087 seconds
[2022-07-24 23:27:22,680] {processor.py:153} INFO - Started process (PID=14669) to work on /Users/pro/Documents/a_env/proj_data/lib/python3.7/site-packages/airflow/example_dags/example_complex.py
[2022-07-24 23:27:22,682] {processor.py:641} INFO - Processing file /Users/pro/Documents/a_env/proj_data/lib/python3.7/site-packages/airflow/example_dags/example_complex.py for tasks to queue
[2022-07-24 23:27:22,683] {logging_mixin.py:115} INFO - [2022-07-24 23:27:22,683] {dagbag.py:508} INFO - Filling up the DagBag from /Users/pro/Documents/a_env/proj_data/lib/python3.7/site-packages/airflow/example_dags/example_complex.py
[2022-07-24 23:27:22,703] {processor.py:651} INFO - DAG(s) dict_keys(['example_complex']) retrieved from /Users/pro/Documents/a_env/proj_data/lib/python3.7/site-packages/airflow/example_dags/example_complex.py
[2022-07-24 23:27:22,729] {logging_mixin.py:115} INFO - [2022-07-24 23:27:22,728] {dag.py:2420} INFO - Sync 1 DAGs
[2022-07-24 23:27:22,753] {logging_mixin.py:115} INFO - [2022-07-24 23:27:22,752] {dag.py:2972} INFO - Setting next_dagrun for example_complex to None, run_after=None
[2022-07-24 23:27:22,767] {processor.py:161} INFO - Processing /Users/pro/Documents/a_env/proj_data/lib/python3.7/site-packages/airflow/example_dags/example_complex.py took 0.092 seconds
[2022-07-24 23:27:57,781] {processor.py:153} INFO - Started process (PID=14740) to work on /Users/pro/Documents/a_env/proj_data/lib/python3.7/site-packages/airflow/example_dags/example_complex.py
[2022-07-24 23:27:57,783] {processor.py:641} INFO - Processing file /Users/pro/Documents/a_env/proj_data/lib/python3.7/site-packages/airflow/example_dags/example_complex.py for tasks to queue
[2022-07-24 23:27:57,785] {logging_mixin.py:115} INFO - [2022-07-24 23:27:57,784] {dagbag.py:508} INFO - Filling up the DagBag from /Users/pro/Documents/a_env/proj_data/lib/python3.7/site-packages/airflow/example_dags/example_complex.py
[2022-07-24 23:27:57,804] {processor.py:651} INFO - DAG(s) dict_keys(['example_complex']) retrieved from /Users/pro/Documents/a_env/proj_data/lib/python3.7/site-packages/airflow/example_dags/example_complex.py
[2022-07-24 23:27:57,830] {logging_mixin.py:115} INFO - [2022-07-24 23:27:57,829] {dag.py:2420} INFO - Sync 1 DAGs
[2022-07-24 23:27:57,851] {logging_mixin.py:115} INFO - [2022-07-24 23:27:57,851] {dag.py:2972} INFO - Setting next_dagrun for example_complex to None, run_after=None
[2022-07-24 23:27:57,865] {processor.py:161} INFO - Processing /Users/pro/Documents/a_env/proj_data/lib/python3.7/site-packages/airflow/example_dags/example_complex.py took 0.090 seconds
[2022-07-24 23:28:31,404] {processor.py:153} INFO - Started process (PID=14827) to work on /Users/pro/Documents/a_env/proj_data/lib/python3.7/site-packages/airflow/example_dags/example_complex.py
[2022-07-24 23:28:31,406] {processor.py:641} INFO - Processing file /Users/pro/Documents/a_env/proj_data/lib/python3.7/site-packages/airflow/example_dags/example_complex.py for tasks to queue
[2022-07-24 23:28:31,407] {logging_mixin.py:115} INFO - [2022-07-24 23:28:31,406] {dagbag.py:508} INFO - Filling up the DagBag from /Users/pro/Documents/a_env/proj_data/lib/python3.7/site-packages/airflow/example_dags/example_complex.py
[2022-07-24 23:28:31,426] {processor.py:651} INFO - DAG(s) dict_keys(['example_complex']) retrieved from /Users/pro/Documents/a_env/proj_data/lib/python3.7/site-packages/airflow/example_dags/example_complex.py
[2022-07-24 23:28:31,453] {logging_mixin.py:115} INFO - [2022-07-24 23:28:31,452] {dag.py:2420} INFO - Sync 1 DAGs
[2022-07-24 23:28:31,476] {logging_mixin.py:115} INFO - [2022-07-24 23:28:31,475] {dag.py:2972} INFO - Setting next_dagrun for example_complex to None, run_after=None
[2022-07-24 23:28:31,490] {processor.py:161} INFO - Processing /Users/pro/Documents/a_env/proj_data/lib/python3.7/site-packages/airflow/example_dags/example_complex.py took 0.091 seconds
[2022-07-24 23:29:05,397] {processor.py:153} INFO - Started process (PID=14864) to work on /Users/pro/Documents/a_env/proj_data/lib/python3.7/site-packages/airflow/example_dags/example_complex.py
[2022-07-24 23:29:05,399] {processor.py:641} INFO - Processing file /Users/pro/Documents/a_env/proj_data/lib/python3.7/site-packages/airflow/example_dags/example_complex.py for tasks to queue
[2022-07-24 23:29:05,401] {logging_mixin.py:115} INFO - [2022-07-24 23:29:05,400] {dagbag.py:508} INFO - Filling up the DagBag from /Users/pro/Documents/a_env/proj_data/lib/python3.7/site-packages/airflow/example_dags/example_complex.py
[2022-07-24 23:29:05,427] {processor.py:651} INFO - DAG(s) dict_keys(['example_complex']) retrieved from /Users/pro/Documents/a_env/proj_data/lib/python3.7/site-packages/airflow/example_dags/example_complex.py
[2022-07-24 23:29:05,463] {logging_mixin.py:115} INFO - [2022-07-24 23:29:05,462] {dag.py:2420} INFO - Sync 1 DAGs
[2022-07-24 23:29:05,494] {logging_mixin.py:115} INFO - [2022-07-24 23:29:05,493] {dag.py:2972} INFO - Setting next_dagrun for example_complex to None, run_after=None
[2022-07-24 23:29:05,532] {processor.py:161} INFO - Processing /Users/pro/Documents/a_env/proj_data/lib/python3.7/site-packages/airflow/example_dags/example_complex.py took 0.142 seconds
[2022-07-24 23:29:39,704] {processor.py:153} INFO - Started process (PID=14899) to work on /Users/pro/Documents/a_env/proj_data/lib/python3.7/site-packages/airflow/example_dags/example_complex.py
[2022-07-24 23:29:39,705] {processor.py:641} INFO - Processing file /Users/pro/Documents/a_env/proj_data/lib/python3.7/site-packages/airflow/example_dags/example_complex.py for tasks to queue
[2022-07-24 23:29:39,706] {logging_mixin.py:115} INFO - [2022-07-24 23:29:39,706] {dagbag.py:508} INFO - Filling up the DagBag from /Users/pro/Documents/a_env/proj_data/lib/python3.7/site-packages/airflow/example_dags/example_complex.py
[2022-07-24 23:29:39,724] {processor.py:651} INFO - DAG(s) dict_keys(['example_complex']) retrieved from /Users/pro/Documents/a_env/proj_data/lib/python3.7/site-packages/airflow/example_dags/example_complex.py
[2022-07-24 23:29:39,749] {logging_mixin.py:115} INFO - [2022-07-24 23:29:39,749] {dag.py:2420} INFO - Sync 1 DAGs
[2022-07-24 23:29:39,774] {logging_mixin.py:115} INFO - [2022-07-24 23:29:39,774] {dag.py:2972} INFO - Setting next_dagrun for example_complex to None, run_after=None
[2022-07-24 23:29:39,789] {processor.py:161} INFO - Processing /Users/pro/Documents/a_env/proj_data/lib/python3.7/site-packages/airflow/example_dags/example_complex.py took 0.091 seconds
[2022-07-24 23:30:12,937] {processor.py:153} INFO - Started process (PID=14949) to work on /Users/pro/Documents/a_env/proj_data/lib/python3.7/site-packages/airflow/example_dags/example_complex.py
[2022-07-24 23:30:12,939] {processor.py:641} INFO - Processing file /Users/pro/Documents/a_env/proj_data/lib/python3.7/site-packages/airflow/example_dags/example_complex.py for tasks to queue
[2022-07-24 23:30:12,941] {logging_mixin.py:115} INFO - [2022-07-24 23:30:12,940] {dagbag.py:508} INFO - Filling up the DagBag from /Users/pro/Documents/a_env/proj_data/lib/python3.7/site-packages/airflow/example_dags/example_complex.py
[2022-07-24 23:30:12,959] {processor.py:651} INFO - DAG(s) dict_keys(['example_complex']) retrieved from /Users/pro/Documents/a_env/proj_data/lib/python3.7/site-packages/airflow/example_dags/example_complex.py
[2022-07-24 23:30:12,985] {logging_mixin.py:115} INFO - [2022-07-24 23:30:12,985] {dag.py:2420} INFO - Sync 1 DAGs
[2022-07-24 23:30:13,008] {logging_mixin.py:115} INFO - [2022-07-24 23:30:13,007] {dag.py:2972} INFO - Setting next_dagrun for example_complex to None, run_after=None
[2022-07-24 23:30:13,022] {processor.py:161} INFO - Processing /Users/pro/Documents/a_env/proj_data/lib/python3.7/site-packages/airflow/example_dags/example_complex.py took 0.090 seconds
[2022-07-24 23:30:47,216] {processor.py:153} INFO - Started process (PID=14988) to work on /Users/pro/Documents/a_env/proj_data/lib/python3.7/site-packages/airflow/example_dags/example_complex.py
[2022-07-24 23:30:47,217] {processor.py:641} INFO - Processing file /Users/pro/Documents/a_env/proj_data/lib/python3.7/site-packages/airflow/example_dags/example_complex.py for tasks to queue
[2022-07-24 23:30:47,218] {logging_mixin.py:115} INFO - [2022-07-24 23:30:47,217] {dagbag.py:508} INFO - Filling up the DagBag from /Users/pro/Documents/a_env/proj_data/lib/python3.7/site-packages/airflow/example_dags/example_complex.py
[2022-07-24 23:30:47,236] {processor.py:651} INFO - DAG(s) dict_keys(['example_complex']) retrieved from /Users/pro/Documents/a_env/proj_data/lib/python3.7/site-packages/airflow/example_dags/example_complex.py
[2022-07-24 23:30:47,263] {logging_mixin.py:115} INFO - [2022-07-24 23:30:47,262] {dag.py:2420} INFO - Sync 1 DAGs
[2022-07-24 23:30:47,284] {logging_mixin.py:115} INFO - [2022-07-24 23:30:47,284] {dag.py:2972} INFO - Setting next_dagrun for example_complex to None, run_after=None
[2022-07-24 23:30:47,299] {processor.py:161} INFO - Processing /Users/pro/Documents/a_env/proj_data/lib/python3.7/site-packages/airflow/example_dags/example_complex.py took 0.089 seconds
[2022-07-24 23:31:20,278] {processor.py:153} INFO - Started process (PID=15023) to work on /Users/pro/Documents/a_env/proj_data/lib/python3.7/site-packages/airflow/example_dags/example_complex.py
[2022-07-24 23:31:20,280] {processor.py:641} INFO - Processing file /Users/pro/Documents/a_env/proj_data/lib/python3.7/site-packages/airflow/example_dags/example_complex.py for tasks to queue
[2022-07-24 23:31:20,282] {logging_mixin.py:115} INFO - [2022-07-24 23:31:20,282] {dagbag.py:508} INFO - Filling up the DagBag from /Users/pro/Documents/a_env/proj_data/lib/python3.7/site-packages/airflow/example_dags/example_complex.py
[2022-07-24 23:31:20,307] {processor.py:651} INFO - DAG(s) dict_keys(['example_complex']) retrieved from /Users/pro/Documents/a_env/proj_data/lib/python3.7/site-packages/airflow/example_dags/example_complex.py
[2022-07-24 23:31:20,334] {logging_mixin.py:115} INFO - [2022-07-24 23:31:20,333] {dag.py:2420} INFO - Sync 1 DAGs
[2022-07-24 23:31:20,355] {logging_mixin.py:115} INFO - [2022-07-24 23:31:20,355] {dag.py:2972} INFO - Setting next_dagrun for example_complex to None, run_after=None
[2022-07-24 23:31:20,368] {processor.py:161} INFO - Processing /Users/pro/Documents/a_env/proj_data/lib/python3.7/site-packages/airflow/example_dags/example_complex.py took 0.096 seconds
[2022-07-24 23:31:56,342] {processor.py:153} INFO - Started process (PID=15129) to work on /Users/pro/Documents/a_env/proj_data/lib/python3.7/site-packages/airflow/example_dags/example_complex.py
[2022-07-24 23:31:56,346] {processor.py:641} INFO - Processing file /Users/pro/Documents/a_env/proj_data/lib/python3.7/site-packages/airflow/example_dags/example_complex.py for tasks to queue
[2022-07-24 23:31:56,347] {logging_mixin.py:115} INFO - [2022-07-24 23:31:56,347] {dagbag.py:508} INFO - Filling up the DagBag from /Users/pro/Documents/a_env/proj_data/lib/python3.7/site-packages/airflow/example_dags/example_complex.py
[2022-07-24 23:31:56,365] {processor.py:651} INFO - DAG(s) dict_keys(['example_complex']) retrieved from /Users/pro/Documents/a_env/proj_data/lib/python3.7/site-packages/airflow/example_dags/example_complex.py
[2022-07-24 23:31:56,395] {logging_mixin.py:115} INFO - [2022-07-24 23:31:56,394] {dag.py:2420} INFO - Sync 1 DAGs
[2022-07-24 23:31:56,419] {logging_mixin.py:115} INFO - [2022-07-24 23:31:56,419] {dag.py:2972} INFO - Setting next_dagrun for example_complex to None, run_after=None
[2022-07-24 23:31:56,434] {processor.py:161} INFO - Processing /Users/pro/Documents/a_env/proj_data/lib/python3.7/site-packages/airflow/example_dags/example_complex.py took 0.096 seconds
[2022-07-24 23:32:30,347] {processor.py:153} INFO - Started process (PID=15179) to work on /Users/pro/Documents/a_env/proj_data/lib/python3.7/site-packages/airflow/example_dags/example_complex.py
[2022-07-24 23:32:30,348] {processor.py:641} INFO - Processing file /Users/pro/Documents/a_env/proj_data/lib/python3.7/site-packages/airflow/example_dags/example_complex.py for tasks to queue
[2022-07-24 23:32:30,350] {logging_mixin.py:115} INFO - [2022-07-24 23:32:30,349] {dagbag.py:508} INFO - Filling up the DagBag from /Users/pro/Documents/a_env/proj_data/lib/python3.7/site-packages/airflow/example_dags/example_complex.py
[2022-07-24 23:32:30,370] {processor.py:651} INFO - DAG(s) dict_keys(['example_complex']) retrieved from /Users/pro/Documents/a_env/proj_data/lib/python3.7/site-packages/airflow/example_dags/example_complex.py
[2022-07-24 23:32:30,402] {logging_mixin.py:115} INFO - [2022-07-24 23:32:30,402] {dag.py:2420} INFO - Sync 1 DAGs
[2022-07-24 23:32:30,430] {logging_mixin.py:115} INFO - [2022-07-24 23:32:30,429] {dag.py:2972} INFO - Setting next_dagrun for example_complex to None, run_after=None
[2022-07-24 23:32:30,446] {processor.py:161} INFO - Processing /Users/pro/Documents/a_env/proj_data/lib/python3.7/site-packages/airflow/example_dags/example_complex.py took 0.104 seconds
[2022-07-24 23:33:05,479] {processor.py:153} INFO - Started process (PID=15283) to work on /Users/pro/Documents/a_env/proj_data/lib/python3.7/site-packages/airflow/example_dags/example_complex.py
[2022-07-24 23:33:05,480] {processor.py:641} INFO - Processing file /Users/pro/Documents/a_env/proj_data/lib/python3.7/site-packages/airflow/example_dags/example_complex.py for tasks to queue
[2022-07-24 23:33:05,482] {logging_mixin.py:115} INFO - [2022-07-24 23:33:05,481] {dagbag.py:508} INFO - Filling up the DagBag from /Users/pro/Documents/a_env/proj_data/lib/python3.7/site-packages/airflow/example_dags/example_complex.py
[2022-07-24 23:33:05,500] {processor.py:651} INFO - DAG(s) dict_keys(['example_complex']) retrieved from /Users/pro/Documents/a_env/proj_data/lib/python3.7/site-packages/airflow/example_dags/example_complex.py
[2022-07-24 23:33:05,526] {logging_mixin.py:115} INFO - [2022-07-24 23:33:05,526] {dag.py:2420} INFO - Sync 1 DAGs
[2022-07-24 23:33:05,549] {logging_mixin.py:115} INFO - [2022-07-24 23:33:05,548] {dag.py:2972} INFO - Setting next_dagrun for example_complex to None, run_after=None
[2022-07-24 23:33:05,561] {processor.py:161} INFO - Processing /Users/pro/Documents/a_env/proj_data/lib/python3.7/site-packages/airflow/example_dags/example_complex.py took 0.087 seconds
[2022-07-24 23:33:39,998] {processor.py:153} INFO - Started process (PID=15361) to work on /Users/pro/Documents/a_env/proj_data/lib/python3.7/site-packages/airflow/example_dags/example_complex.py
[2022-07-24 23:33:39,999] {processor.py:641} INFO - Processing file /Users/pro/Documents/a_env/proj_data/lib/python3.7/site-packages/airflow/example_dags/example_complex.py for tasks to queue
[2022-07-24 23:33:40,000] {logging_mixin.py:115} INFO - [2022-07-24 23:33:40,000] {dagbag.py:508} INFO - Filling up the DagBag from /Users/pro/Documents/a_env/proj_data/lib/python3.7/site-packages/airflow/example_dags/example_complex.py
[2022-07-24 23:33:40,018] {processor.py:651} INFO - DAG(s) dict_keys(['example_complex']) retrieved from /Users/pro/Documents/a_env/proj_data/lib/python3.7/site-packages/airflow/example_dags/example_complex.py
[2022-07-24 23:33:40,043] {logging_mixin.py:115} INFO - [2022-07-24 23:33:40,042] {dag.py:2420} INFO - Sync 1 DAGs
[2022-07-24 23:33:40,064] {logging_mixin.py:115} INFO - [2022-07-24 23:33:40,064] {dag.py:2972} INFO - Setting next_dagrun for example_complex to None, run_after=None
[2022-07-24 23:33:40,078] {processor.py:161} INFO - Processing /Users/pro/Documents/a_env/proj_data/lib/python3.7/site-packages/airflow/example_dags/example_complex.py took 0.085 seconds
[2022-07-24 23:34:14,443] {processor.py:153} INFO - Started process (PID=15469) to work on /Users/pro/Documents/a_env/proj_data/lib/python3.7/site-packages/airflow/example_dags/example_complex.py
[2022-07-24 23:34:14,445] {processor.py:641} INFO - Processing file /Users/pro/Documents/a_env/proj_data/lib/python3.7/site-packages/airflow/example_dags/example_complex.py for tasks to queue
[2022-07-24 23:34:14,446] {logging_mixin.py:115} INFO - [2022-07-24 23:34:14,446] {dagbag.py:508} INFO - Filling up the DagBag from /Users/pro/Documents/a_env/proj_data/lib/python3.7/site-packages/airflow/example_dags/example_complex.py
[2022-07-24 23:34:14,464] {processor.py:651} INFO - DAG(s) dict_keys(['example_complex']) retrieved from /Users/pro/Documents/a_env/proj_data/lib/python3.7/site-packages/airflow/example_dags/example_complex.py
[2022-07-24 23:34:14,488] {logging_mixin.py:115} INFO - [2022-07-24 23:34:14,488] {dag.py:2420} INFO - Sync 1 DAGs
[2022-07-24 23:34:14,509] {logging_mixin.py:115} INFO - [2022-07-24 23:34:14,509] {dag.py:2972} INFO - Setting next_dagrun for example_complex to None, run_after=None
[2022-07-24 23:34:14,523] {processor.py:161} INFO - Processing /Users/pro/Documents/a_env/proj_data/lib/python3.7/site-packages/airflow/example_dags/example_complex.py took 0.085 seconds
