[2022-07-24 23:12:26,998] {processor.py:153} INFO - Started process (PID=12413) to work on /Users/pro/Documents/a_env/proj_data/lib/python3.7/site-packages/airflow/example_dags/example_latest_only.py
[2022-07-24 23:12:26,999] {processor.py:641} INFO - Processing file /Users/pro/Documents/a_env/proj_data/lib/python3.7/site-packages/airflow/example_dags/example_latest_only.py for tasks to queue
[2022-07-24 23:12:27,000] {logging_mixin.py:115} INFO - [2022-07-24 23:12:27,000] {dagbag.py:508} INFO - Filling up the DagBag from /Users/pro/Documents/a_env/proj_data/lib/python3.7/site-packages/airflow/example_dags/example_latest_only.py
[2022-07-24 23:12:27,009] {processor.py:651} INFO - DAG(s) dict_keys(['latest_only']) retrieved from /Users/pro/Documents/a_env/proj_data/lib/python3.7/site-packages/airflow/example_dags/example_latest_only.py
[2022-07-24 23:12:27,088] {logging_mixin.py:115} INFO - [2022-07-24 23:12:27,088] {manager.py:508} INFO - Created Permission View: can edit on DAG:latest_only
[2022-07-24 23:12:27,098] {logging_mixin.py:115} INFO - [2022-07-24 23:12:27,098] {manager.py:508} INFO - Created Permission View: can delete on DAG:latest_only
[2022-07-24 23:12:27,106] {logging_mixin.py:115} INFO - [2022-07-24 23:12:27,106] {manager.py:508} INFO - Created Permission View: can read on DAG:latest_only
[2022-07-24 23:12:27,106] {logging_mixin.py:115} INFO - [2022-07-24 23:12:27,106] {dag.py:2420} INFO - Sync 1 DAGs
[2022-07-24 23:12:27,116] {logging_mixin.py:115} INFO - [2022-07-24 23:12:27,116] {dag.py:2439} INFO - Creating ORM DAG for latest_only
[2022-07-24 23:12:27,129] {logging_mixin.py:115} INFO - [2022-07-24 23:12:27,129] {dag.py:2972} INFO - Setting next_dagrun for latest_only to 2022-07-24T11:12:27.129346+00:00, run_after=2022-07-24T15:12:27.129346+00:00
[2022-07-24 23:12:27,144] {processor.py:161} INFO - Processing /Users/pro/Documents/a_env/proj_data/lib/python3.7/site-packages/airflow/example_dags/example_latest_only.py took 0.150 seconds
[2022-07-24 23:12:59,800] {processor.py:153} INFO - Started process (PID=12452) to work on /Users/pro/Documents/a_env/proj_data/lib/python3.7/site-packages/airflow/example_dags/example_latest_only.py
[2022-07-24 23:12:59,801] {processor.py:641} INFO - Processing file /Users/pro/Documents/a_env/proj_data/lib/python3.7/site-packages/airflow/example_dags/example_latest_only.py for tasks to queue
[2022-07-24 23:12:59,802] {logging_mixin.py:115} INFO - [2022-07-24 23:12:59,801] {dagbag.py:508} INFO - Filling up the DagBag from /Users/pro/Documents/a_env/proj_data/lib/python3.7/site-packages/airflow/example_dags/example_latest_only.py
[2022-07-24 23:12:59,811] {processor.py:651} INFO - DAG(s) dict_keys(['latest_only']) retrieved from /Users/pro/Documents/a_env/proj_data/lib/python3.7/site-packages/airflow/example_dags/example_latest_only.py
[2022-07-24 23:12:59,836] {logging_mixin.py:115} INFO - [2022-07-24 23:12:59,835] {dag.py:2420} INFO - Sync 1 DAGs
[2022-07-24 23:12:59,860] {logging_mixin.py:115} INFO - [2022-07-24 23:12:59,859] {dag.py:2972} INFO - Setting next_dagrun for latest_only to 2022-07-24T11:12:59.859300+00:00, run_after=2022-07-24T15:12:59.859300+00:00
[2022-07-24 23:12:59,873] {processor.py:161} INFO - Processing /Users/pro/Documents/a_env/proj_data/lib/python3.7/site-packages/airflow/example_dags/example_latest_only.py took 0.078 seconds
[2022-07-24 23:13:33,861] {processor.py:153} INFO - Started process (PID=12489) to work on /Users/pro/Documents/a_env/proj_data/lib/python3.7/site-packages/airflow/example_dags/example_latest_only.py
[2022-07-24 23:13:33,862] {processor.py:641} INFO - Processing file /Users/pro/Documents/a_env/proj_data/lib/python3.7/site-packages/airflow/example_dags/example_latest_only.py for tasks to queue
[2022-07-24 23:13:33,863] {logging_mixin.py:115} INFO - [2022-07-24 23:13:33,863] {dagbag.py:508} INFO - Filling up the DagBag from /Users/pro/Documents/a_env/proj_data/lib/python3.7/site-packages/airflow/example_dags/example_latest_only.py
[2022-07-24 23:13:33,871] {processor.py:651} INFO - DAG(s) dict_keys(['latest_only']) retrieved from /Users/pro/Documents/a_env/proj_data/lib/python3.7/site-packages/airflow/example_dags/example_latest_only.py
[2022-07-24 23:13:33,893] {logging_mixin.py:115} INFO - [2022-07-24 23:13:33,893] {dag.py:2420} INFO - Sync 1 DAGs
[2022-07-24 23:13:33,916] {logging_mixin.py:115} INFO - [2022-07-24 23:13:33,915] {dag.py:2972} INFO - Setting next_dagrun for latest_only to 2022-07-24T11:13:33.915374+00:00, run_after=2022-07-24T15:13:33.915374+00:00
[2022-07-24 23:13:33,931] {processor.py:161} INFO - Processing /Users/pro/Documents/a_env/proj_data/lib/python3.7/site-packages/airflow/example_dags/example_latest_only.py took 0.074 seconds
[2022-07-24 23:14:08,616] {processor.py:153} INFO - Started process (PID=12525) to work on /Users/pro/Documents/a_env/proj_data/lib/python3.7/site-packages/airflow/example_dags/example_latest_only.py
[2022-07-24 23:14:08,618] {processor.py:641} INFO - Processing file /Users/pro/Documents/a_env/proj_data/lib/python3.7/site-packages/airflow/example_dags/example_latest_only.py for tasks to queue
[2022-07-24 23:14:08,619] {logging_mixin.py:115} INFO - [2022-07-24 23:14:08,619] {dagbag.py:508} INFO - Filling up the DagBag from /Users/pro/Documents/a_env/proj_data/lib/python3.7/site-packages/airflow/example_dags/example_latest_only.py
[2022-07-24 23:14:08,628] {processor.py:651} INFO - DAG(s) dict_keys(['latest_only']) retrieved from /Users/pro/Documents/a_env/proj_data/lib/python3.7/site-packages/airflow/example_dags/example_latest_only.py
[2022-07-24 23:14:08,655] {logging_mixin.py:115} INFO - [2022-07-24 23:14:08,655] {dag.py:2420} INFO - Sync 1 DAGs
[2022-07-24 23:14:08,680] {logging_mixin.py:115} INFO - [2022-07-24 23:14:08,680] {dag.py:2972} INFO - Setting next_dagrun for latest_only to 2022-07-24T11:14:08.679924+00:00, run_after=2022-07-24T15:14:08.679924+00:00
[2022-07-24 23:14:08,697] {processor.py:161} INFO - Processing /Users/pro/Documents/a_env/proj_data/lib/python3.7/site-packages/airflow/example_dags/example_latest_only.py took 0.086 seconds
[2022-07-24 23:14:43,786] {processor.py:153} INFO - Started process (PID=12561) to work on /Users/pro/Documents/a_env/proj_data/lib/python3.7/site-packages/airflow/example_dags/example_latest_only.py
[2022-07-24 23:14:43,788] {processor.py:641} INFO - Processing file /Users/pro/Documents/a_env/proj_data/lib/python3.7/site-packages/airflow/example_dags/example_latest_only.py for tasks to queue
[2022-07-24 23:14:43,789] {logging_mixin.py:115} INFO - [2022-07-24 23:14:43,789] {dagbag.py:508} INFO - Filling up the DagBag from /Users/pro/Documents/a_env/proj_data/lib/python3.7/site-packages/airflow/example_dags/example_latest_only.py
[2022-07-24 23:14:43,799] {processor.py:651} INFO - DAG(s) dict_keys(['latest_only']) retrieved from /Users/pro/Documents/a_env/proj_data/lib/python3.7/site-packages/airflow/example_dags/example_latest_only.py
[2022-07-24 23:14:43,836] {logging_mixin.py:115} INFO - [2022-07-24 23:14:43,836] {dag.py:2420} INFO - Sync 1 DAGs
[2022-07-24 23:14:43,862] {logging_mixin.py:115} INFO - [2022-07-24 23:14:43,862] {dag.py:2972} INFO - Setting next_dagrun for latest_only to 2022-07-24T11:14:43.861905+00:00, run_after=2022-07-24T15:14:43.861905+00:00
[2022-07-24 23:14:43,877] {processor.py:161} INFO - Processing /Users/pro/Documents/a_env/proj_data/lib/python3.7/site-packages/airflow/example_dags/example_latest_only.py took 0.098 seconds
[2022-07-24 23:15:19,599] {processor.py:153} INFO - Started process (PID=12641) to work on /Users/pro/Documents/a_env/proj_data/lib/python3.7/site-packages/airflow/example_dags/example_latest_only.py
[2022-07-24 23:15:19,601] {processor.py:641} INFO - Processing file /Users/pro/Documents/a_env/proj_data/lib/python3.7/site-packages/airflow/example_dags/example_latest_only.py for tasks to queue
[2022-07-24 23:15:19,602] {logging_mixin.py:115} INFO - [2022-07-24 23:15:19,602] {dagbag.py:508} INFO - Filling up the DagBag from /Users/pro/Documents/a_env/proj_data/lib/python3.7/site-packages/airflow/example_dags/example_latest_only.py
[2022-07-24 23:15:19,610] {processor.py:651} INFO - DAG(s) dict_keys(['latest_only']) retrieved from /Users/pro/Documents/a_env/proj_data/lib/python3.7/site-packages/airflow/example_dags/example_latest_only.py
[2022-07-24 23:15:19,632] {logging_mixin.py:115} INFO - [2022-07-24 23:15:19,631] {dag.py:2420} INFO - Sync 1 DAGs
[2022-07-24 23:15:19,653] {logging_mixin.py:115} INFO - [2022-07-24 23:15:19,653] {dag.py:2972} INFO - Setting next_dagrun for latest_only to 2022-07-24T11:15:19.653008+00:00, run_after=2022-07-24T15:15:19.653008+00:00
[2022-07-24 23:15:19,666] {processor.py:161} INFO - Processing /Users/pro/Documents/a_env/proj_data/lib/python3.7/site-packages/airflow/example_dags/example_latest_only.py took 0.071 seconds
[2022-07-24 23:15:54,912] {processor.py:153} INFO - Started process (PID=12764) to work on /Users/pro/Documents/a_env/proj_data/lib/python3.7/site-packages/airflow/example_dags/example_latest_only.py
[2022-07-24 23:15:54,914] {processor.py:641} INFO - Processing file /Users/pro/Documents/a_env/proj_data/lib/python3.7/site-packages/airflow/example_dags/example_latest_only.py for tasks to queue
[2022-07-24 23:15:54,915] {logging_mixin.py:115} INFO - [2022-07-24 23:15:54,915] {dagbag.py:508} INFO - Filling up the DagBag from /Users/pro/Documents/a_env/proj_data/lib/python3.7/site-packages/airflow/example_dags/example_latest_only.py
[2022-07-24 23:15:54,923] {processor.py:651} INFO - DAG(s) dict_keys(['latest_only']) retrieved from /Users/pro/Documents/a_env/proj_data/lib/python3.7/site-packages/airflow/example_dags/example_latest_only.py
[2022-07-24 23:15:54,946] {logging_mixin.py:115} INFO - [2022-07-24 23:15:54,945] {dag.py:2420} INFO - Sync 1 DAGs
[2022-07-24 23:15:54,966] {logging_mixin.py:115} INFO - [2022-07-24 23:15:54,966] {dag.py:2972} INFO - Setting next_dagrun for latest_only to 2022-07-24T11:15:54.965893+00:00, run_after=2022-07-24T15:15:54.965893+00:00
[2022-07-24 23:15:54,979] {processor.py:161} INFO - Processing /Users/pro/Documents/a_env/proj_data/lib/python3.7/site-packages/airflow/example_dags/example_latest_only.py took 0.071 seconds
[2022-07-24 23:16:27,586] {processor.py:153} INFO - Started process (PID=12862) to work on /Users/pro/Documents/a_env/proj_data/lib/python3.7/site-packages/airflow/example_dags/example_latest_only.py
[2022-07-24 23:16:27,587] {processor.py:641} INFO - Processing file /Users/pro/Documents/a_env/proj_data/lib/python3.7/site-packages/airflow/example_dags/example_latest_only.py for tasks to queue
[2022-07-24 23:16:27,588] {logging_mixin.py:115} INFO - [2022-07-24 23:16:27,587] {dagbag.py:508} INFO - Filling up the DagBag from /Users/pro/Documents/a_env/proj_data/lib/python3.7/site-packages/airflow/example_dags/example_latest_only.py
[2022-07-24 23:16:27,595] {processor.py:651} INFO - DAG(s) dict_keys(['latest_only']) retrieved from /Users/pro/Documents/a_env/proj_data/lib/python3.7/site-packages/airflow/example_dags/example_latest_only.py
[2022-07-24 23:16:27,618] {logging_mixin.py:115} INFO - [2022-07-24 23:16:27,617] {dag.py:2420} INFO - Sync 1 DAGs
[2022-07-24 23:16:27,640] {logging_mixin.py:115} INFO - [2022-07-24 23:16:27,640] {dag.py:2972} INFO - Setting next_dagrun for latest_only to 2022-07-24T11:16:27.639604+00:00, run_after=2022-07-24T15:16:27.639604+00:00
[2022-07-24 23:16:27,652] {processor.py:161} INFO - Processing /Users/pro/Documents/a_env/proj_data/lib/python3.7/site-packages/airflow/example_dags/example_latest_only.py took 0.072 seconds
[2022-07-24 23:17:01,880] {processor.py:153} INFO - Started process (PID=12960) to work on /Users/pro/Documents/a_env/proj_data/lib/python3.7/site-packages/airflow/example_dags/example_latest_only.py
[2022-07-24 23:17:01,882] {processor.py:641} INFO - Processing file /Users/pro/Documents/a_env/proj_data/lib/python3.7/site-packages/airflow/example_dags/example_latest_only.py for tasks to queue
[2022-07-24 23:17:01,883] {logging_mixin.py:115} INFO - [2022-07-24 23:17:01,882] {dagbag.py:508} INFO - Filling up the DagBag from /Users/pro/Documents/a_env/proj_data/lib/python3.7/site-packages/airflow/example_dags/example_latest_only.py
[2022-07-24 23:17:01,891] {processor.py:651} INFO - DAG(s) dict_keys(['latest_only']) retrieved from /Users/pro/Documents/a_env/proj_data/lib/python3.7/site-packages/airflow/example_dags/example_latest_only.py
[2022-07-24 23:17:01,916] {logging_mixin.py:115} INFO - [2022-07-24 23:17:01,916] {dag.py:2420} INFO - Sync 1 DAGs
[2022-07-24 23:17:01,941] {logging_mixin.py:115} INFO - [2022-07-24 23:17:01,940] {dag.py:2972} INFO - Setting next_dagrun for latest_only to 2022-07-24T11:17:01.940349+00:00, run_after=2022-07-24T15:17:01.940349+00:00
[2022-07-24 23:17:01,954] {processor.py:161} INFO - Processing /Users/pro/Documents/a_env/proj_data/lib/python3.7/site-packages/airflow/example_dags/example_latest_only.py took 0.079 seconds
[2022-07-24 23:17:36,511] {processor.py:153} INFO - Started process (PID=13039) to work on /Users/pro/Documents/a_env/proj_data/lib/python3.7/site-packages/airflow/example_dags/example_latest_only.py
[2022-07-24 23:17:36,512] {processor.py:641} INFO - Processing file /Users/pro/Documents/a_env/proj_data/lib/python3.7/site-packages/airflow/example_dags/example_latest_only.py for tasks to queue
[2022-07-24 23:17:36,513] {logging_mixin.py:115} INFO - [2022-07-24 23:17:36,513] {dagbag.py:508} INFO - Filling up the DagBag from /Users/pro/Documents/a_env/proj_data/lib/python3.7/site-packages/airflow/example_dags/example_latest_only.py
[2022-07-24 23:17:36,521] {processor.py:651} INFO - DAG(s) dict_keys(['latest_only']) retrieved from /Users/pro/Documents/a_env/proj_data/lib/python3.7/site-packages/airflow/example_dags/example_latest_only.py
[2022-07-24 23:17:36,541] {logging_mixin.py:115} INFO - [2022-07-24 23:17:36,540] {dag.py:2420} INFO - Sync 1 DAGs
[2022-07-24 23:17:36,563] {logging_mixin.py:115} INFO - [2022-07-24 23:17:36,562] {dag.py:2972} INFO - Setting next_dagrun for latest_only to 2022-07-24T11:17:36.562692+00:00, run_after=2022-07-24T15:17:36.562692+00:00
[2022-07-24 23:17:36,575] {processor.py:161} INFO - Processing /Users/pro/Documents/a_env/proj_data/lib/python3.7/site-packages/airflow/example_dags/example_latest_only.py took 0.069 seconds
[2022-07-24 23:18:09,843] {processor.py:153} INFO - Started process (PID=13148) to work on /Users/pro/Documents/a_env/proj_data/lib/python3.7/site-packages/airflow/example_dags/example_latest_only.py
[2022-07-24 23:18:09,845] {processor.py:641} INFO - Processing file /Users/pro/Documents/a_env/proj_data/lib/python3.7/site-packages/airflow/example_dags/example_latest_only.py for tasks to queue
[2022-07-24 23:18:09,846] {logging_mixin.py:115} INFO - [2022-07-24 23:18:09,845] {dagbag.py:508} INFO - Filling up the DagBag from /Users/pro/Documents/a_env/proj_data/lib/python3.7/site-packages/airflow/example_dags/example_latest_only.py
[2022-07-24 23:18:09,854] {processor.py:651} INFO - DAG(s) dict_keys(['latest_only']) retrieved from /Users/pro/Documents/a_env/proj_data/lib/python3.7/site-packages/airflow/example_dags/example_latest_only.py
[2022-07-24 23:18:09,874] {logging_mixin.py:115} INFO - [2022-07-24 23:18:09,873] {dag.py:2420} INFO - Sync 1 DAGs
[2022-07-24 23:18:09,897] {logging_mixin.py:115} INFO - [2022-07-24 23:18:09,897] {dag.py:2972} INFO - Setting next_dagrun for latest_only to 2022-07-24T11:18:09.896861+00:00, run_after=2022-07-24T15:18:09.896861+00:00
[2022-07-24 23:18:09,912] {processor.py:161} INFO - Processing /Users/pro/Documents/a_env/proj_data/lib/python3.7/site-packages/airflow/example_dags/example_latest_only.py took 0.073 seconds
[2022-07-24 23:18:44,599] {processor.py:153} INFO - Started process (PID=13241) to work on /Users/pro/Documents/a_env/proj_data/lib/python3.7/site-packages/airflow/example_dags/example_latest_only.py
[2022-07-24 23:18:44,601] {processor.py:641} INFO - Processing file /Users/pro/Documents/a_env/proj_data/lib/python3.7/site-packages/airflow/example_dags/example_latest_only.py for tasks to queue
[2022-07-24 23:18:44,602] {logging_mixin.py:115} INFO - [2022-07-24 23:18:44,601] {dagbag.py:508} INFO - Filling up the DagBag from /Users/pro/Documents/a_env/proj_data/lib/python3.7/site-packages/airflow/example_dags/example_latest_only.py
[2022-07-24 23:18:44,609] {processor.py:651} INFO - DAG(s) dict_keys(['latest_only']) retrieved from /Users/pro/Documents/a_env/proj_data/lib/python3.7/site-packages/airflow/example_dags/example_latest_only.py
[2022-07-24 23:18:44,631] {logging_mixin.py:115} INFO - [2022-07-24 23:18:44,631] {dag.py:2420} INFO - Sync 1 DAGs
[2022-07-24 23:18:44,655] {logging_mixin.py:115} INFO - [2022-07-24 23:18:44,655] {dag.py:2972} INFO - Setting next_dagrun for latest_only to 2022-07-24T11:18:44.655266+00:00, run_after=2022-07-24T15:18:44.655266+00:00
[2022-07-24 23:18:44,671] {processor.py:161} INFO - Processing /Users/pro/Documents/a_env/proj_data/lib/python3.7/site-packages/airflow/example_dags/example_latest_only.py took 0.076 seconds
[2022-07-24 23:19:16,785] {processor.py:153} INFO - Started process (PID=13341) to work on /Users/pro/Documents/a_env/proj_data/lib/python3.7/site-packages/airflow/example_dags/example_latest_only.py
[2022-07-24 23:19:16,785] {processor.py:641} INFO - Processing file /Users/pro/Documents/a_env/proj_data/lib/python3.7/site-packages/airflow/example_dags/example_latest_only.py for tasks to queue
[2022-07-24 23:19:16,787] {logging_mixin.py:115} INFO - [2022-07-24 23:19:16,786] {dagbag.py:508} INFO - Filling up the DagBag from /Users/pro/Documents/a_env/proj_data/lib/python3.7/site-packages/airflow/example_dags/example_latest_only.py
[2022-07-24 23:19:16,795] {processor.py:651} INFO - DAG(s) dict_keys(['latest_only']) retrieved from /Users/pro/Documents/a_env/proj_data/lib/python3.7/site-packages/airflow/example_dags/example_latest_only.py
[2022-07-24 23:19:16,814] {logging_mixin.py:115} INFO - [2022-07-24 23:19:16,814] {dag.py:2420} INFO - Sync 1 DAGs
[2022-07-24 23:19:16,837] {logging_mixin.py:115} INFO - [2022-07-24 23:19:16,837] {dag.py:2972} INFO - Setting next_dagrun for latest_only to 2022-07-24T11:19:16.836640+00:00, run_after=2022-07-24T15:19:16.836640+00:00
[2022-07-24 23:19:16,852] {processor.py:161} INFO - Processing /Users/pro/Documents/a_env/proj_data/lib/python3.7/site-packages/airflow/example_dags/example_latest_only.py took 0.072 seconds
[2022-07-24 23:19:50,285] {processor.py:153} INFO - Started process (PID=13402) to work on /Users/pro/Documents/a_env/proj_data/lib/python3.7/site-packages/airflow/example_dags/example_latest_only.py
[2022-07-24 23:19:50,287] {processor.py:641} INFO - Processing file /Users/pro/Documents/a_env/proj_data/lib/python3.7/site-packages/airflow/example_dags/example_latest_only.py for tasks to queue
[2022-07-24 23:19:50,287] {logging_mixin.py:115} INFO - [2022-07-24 23:19:50,287] {dagbag.py:508} INFO - Filling up the DagBag from /Users/pro/Documents/a_env/proj_data/lib/python3.7/site-packages/airflow/example_dags/example_latest_only.py
[2022-07-24 23:19:50,297] {processor.py:651} INFO - DAG(s) dict_keys(['latest_only']) retrieved from /Users/pro/Documents/a_env/proj_data/lib/python3.7/site-packages/airflow/example_dags/example_latest_only.py
[2022-07-24 23:19:50,317] {logging_mixin.py:115} INFO - [2022-07-24 23:19:50,317] {dag.py:2420} INFO - Sync 1 DAGs
[2022-07-24 23:19:50,341] {logging_mixin.py:115} INFO - [2022-07-24 23:19:50,340] {dag.py:2972} INFO - Setting next_dagrun for latest_only to 2022-07-24T11:19:50.340380+00:00, run_after=2022-07-24T15:19:50.340380+00:00
[2022-07-24 23:19:50,355] {processor.py:161} INFO - Processing /Users/pro/Documents/a_env/proj_data/lib/python3.7/site-packages/airflow/example_dags/example_latest_only.py took 0.075 seconds
[2022-07-24 23:20:24,368] {processor.py:153} INFO - Started process (PID=13493) to work on /Users/pro/Documents/a_env/proj_data/lib/python3.7/site-packages/airflow/example_dags/example_latest_only.py
[2022-07-24 23:20:24,371] {processor.py:641} INFO - Processing file /Users/pro/Documents/a_env/proj_data/lib/python3.7/site-packages/airflow/example_dags/example_latest_only.py for tasks to queue
[2022-07-24 23:20:24,372] {logging_mixin.py:115} INFO - [2022-07-24 23:20:24,372] {dagbag.py:508} INFO - Filling up the DagBag from /Users/pro/Documents/a_env/proj_data/lib/python3.7/site-packages/airflow/example_dags/example_latest_only.py
[2022-07-24 23:20:24,381] {processor.py:651} INFO - DAG(s) dict_keys(['latest_only']) retrieved from /Users/pro/Documents/a_env/proj_data/lib/python3.7/site-packages/airflow/example_dags/example_latest_only.py
[2022-07-24 23:20:24,405] {logging_mixin.py:115} INFO - [2022-07-24 23:20:24,404] {dag.py:2420} INFO - Sync 1 DAGs
[2022-07-24 23:20:24,428] {logging_mixin.py:115} INFO - [2022-07-24 23:20:24,428] {dag.py:2972} INFO - Setting next_dagrun for latest_only to 2022-07-24T11:20:24.428231+00:00, run_after=2022-07-24T15:20:24.428231+00:00
[2022-07-24 23:20:24,442] {processor.py:161} INFO - Processing /Users/pro/Documents/a_env/proj_data/lib/python3.7/site-packages/airflow/example_dags/example_latest_only.py took 0.080 seconds
[2022-07-24 23:21:00,196] {processor.py:153} INFO - Started process (PID=13781) to work on /Users/pro/Documents/a_env/proj_data/lib/python3.7/site-packages/airflow/example_dags/example_latest_only.py
[2022-07-24 23:21:00,197] {processor.py:641} INFO - Processing file /Users/pro/Documents/a_env/proj_data/lib/python3.7/site-packages/airflow/example_dags/example_latest_only.py for tasks to queue
[2022-07-24 23:21:00,198] {logging_mixin.py:115} INFO - [2022-07-24 23:21:00,198] {dagbag.py:508} INFO - Filling up the DagBag from /Users/pro/Documents/a_env/proj_data/lib/python3.7/site-packages/airflow/example_dags/example_latest_only.py
[2022-07-24 23:21:00,207] {processor.py:651} INFO - DAG(s) dict_keys(['latest_only']) retrieved from /Users/pro/Documents/a_env/proj_data/lib/python3.7/site-packages/airflow/example_dags/example_latest_only.py
[2022-07-24 23:21:00,227] {logging_mixin.py:115} INFO - [2022-07-24 23:21:00,227] {dag.py:2420} INFO - Sync 1 DAGs
[2022-07-24 23:21:00,250] {logging_mixin.py:115} INFO - [2022-07-24 23:21:00,250] {dag.py:2972} INFO - Setting next_dagrun for latest_only to 2022-07-24T11:21:00.249604+00:00, run_after=2022-07-24T15:21:00.249604+00:00
[2022-07-24 23:21:00,264] {processor.py:161} INFO - Processing /Users/pro/Documents/a_env/proj_data/lib/python3.7/site-packages/airflow/example_dags/example_latest_only.py took 0.073 seconds
[2022-07-24 23:21:34,367] {processor.py:153} INFO - Started process (PID=13874) to work on /Users/pro/Documents/a_env/proj_data/lib/python3.7/site-packages/airflow/example_dags/example_latest_only.py
[2022-07-24 23:21:34,369] {processor.py:641} INFO - Processing file /Users/pro/Documents/a_env/proj_data/lib/python3.7/site-packages/airflow/example_dags/example_latest_only.py for tasks to queue
[2022-07-24 23:21:34,371] {logging_mixin.py:115} INFO - [2022-07-24 23:21:34,370] {dagbag.py:508} INFO - Filling up the DagBag from /Users/pro/Documents/a_env/proj_data/lib/python3.7/site-packages/airflow/example_dags/example_latest_only.py
[2022-07-24 23:21:34,382] {processor.py:651} INFO - DAG(s) dict_keys(['latest_only']) retrieved from /Users/pro/Documents/a_env/proj_data/lib/python3.7/site-packages/airflow/example_dags/example_latest_only.py
[2022-07-24 23:21:34,407] {logging_mixin.py:115} INFO - [2022-07-24 23:21:34,406] {dag.py:2420} INFO - Sync 1 DAGs
[2022-07-24 23:21:34,435] {logging_mixin.py:115} INFO - [2022-07-24 23:21:34,435] {dag.py:2972} INFO - Setting next_dagrun for latest_only to 2022-07-24T11:21:34.434749+00:00, run_after=2022-07-24T15:21:34.434749+00:00
[2022-07-24 23:21:34,448] {processor.py:161} INFO - Processing /Users/pro/Documents/a_env/proj_data/lib/python3.7/site-packages/airflow/example_dags/example_latest_only.py took 0.086 seconds
[2022-07-24 23:22:06,818] {processor.py:153} INFO - Started process (PID=13960) to work on /Users/pro/Documents/a_env/proj_data/lib/python3.7/site-packages/airflow/example_dags/example_latest_only.py
[2022-07-24 23:22:06,819] {processor.py:641} INFO - Processing file /Users/pro/Documents/a_env/proj_data/lib/python3.7/site-packages/airflow/example_dags/example_latest_only.py for tasks to queue
[2022-07-24 23:22:06,820] {logging_mixin.py:115} INFO - [2022-07-24 23:22:06,819] {dagbag.py:508} INFO - Filling up the DagBag from /Users/pro/Documents/a_env/proj_data/lib/python3.7/site-packages/airflow/example_dags/example_latest_only.py
[2022-07-24 23:22:06,829] {processor.py:651} INFO - DAG(s) dict_keys(['latest_only']) retrieved from /Users/pro/Documents/a_env/proj_data/lib/python3.7/site-packages/airflow/example_dags/example_latest_only.py
[2022-07-24 23:22:06,849] {logging_mixin.py:115} INFO - [2022-07-24 23:22:06,849] {dag.py:2420} INFO - Sync 1 DAGs
[2022-07-24 23:22:06,872] {logging_mixin.py:115} INFO - [2022-07-24 23:22:06,872] {dag.py:2972} INFO - Setting next_dagrun for latest_only to 2022-07-24T11:22:06.872002+00:00, run_after=2022-07-24T15:22:06.872002+00:00
[2022-07-24 23:22:06,887] {processor.py:161} INFO - Processing /Users/pro/Documents/a_env/proj_data/lib/python3.7/site-packages/airflow/example_dags/example_latest_only.py took 0.074 seconds
[2022-07-24 23:22:39,907] {processor.py:153} INFO - Started process (PID=14058) to work on /Users/pro/Documents/a_env/proj_data/lib/python3.7/site-packages/airflow/example_dags/example_latest_only.py
[2022-07-24 23:22:39,908] {processor.py:641} INFO - Processing file /Users/pro/Documents/a_env/proj_data/lib/python3.7/site-packages/airflow/example_dags/example_latest_only.py for tasks to queue
[2022-07-24 23:22:39,910] {logging_mixin.py:115} INFO - [2022-07-24 23:22:39,909] {dagbag.py:508} INFO - Filling up the DagBag from /Users/pro/Documents/a_env/proj_data/lib/python3.7/site-packages/airflow/example_dags/example_latest_only.py
[2022-07-24 23:22:39,919] {processor.py:651} INFO - DAG(s) dict_keys(['latest_only']) retrieved from /Users/pro/Documents/a_env/proj_data/lib/python3.7/site-packages/airflow/example_dags/example_latest_only.py
[2022-07-24 23:22:39,941] {logging_mixin.py:115} INFO - [2022-07-24 23:22:39,940] {dag.py:2420} INFO - Sync 1 DAGs
[2022-07-24 23:22:39,964] {logging_mixin.py:115} INFO - [2022-07-24 23:22:39,964] {dag.py:2972} INFO - Setting next_dagrun for latest_only to 2022-07-24T11:22:39.963833+00:00, run_after=2022-07-24T15:22:39.963833+00:00
[2022-07-24 23:22:39,978] {processor.py:161} INFO - Processing /Users/pro/Documents/a_env/proj_data/lib/python3.7/site-packages/airflow/example_dags/example_latest_only.py took 0.076 seconds
[2022-07-24 23:23:14,350] {processor.py:153} INFO - Started process (PID=14182) to work on /Users/pro/Documents/a_env/proj_data/lib/python3.7/site-packages/airflow/example_dags/example_latest_only.py
[2022-07-24 23:23:14,352] {processor.py:641} INFO - Processing file /Users/pro/Documents/a_env/proj_data/lib/python3.7/site-packages/airflow/example_dags/example_latest_only.py for tasks to queue
[2022-07-24 23:23:14,354] {logging_mixin.py:115} INFO - [2022-07-24 23:23:14,353] {dagbag.py:508} INFO - Filling up the DagBag from /Users/pro/Documents/a_env/proj_data/lib/python3.7/site-packages/airflow/example_dags/example_latest_only.py
[2022-07-24 23:23:14,365] {processor.py:651} INFO - DAG(s) dict_keys(['latest_only']) retrieved from /Users/pro/Documents/a_env/proj_data/lib/python3.7/site-packages/airflow/example_dags/example_latest_only.py
[2022-07-24 23:23:14,386] {logging_mixin.py:115} INFO - [2022-07-24 23:23:14,385] {dag.py:2420} INFO - Sync 1 DAGs
[2022-07-24 23:23:14,412] {logging_mixin.py:115} INFO - [2022-07-24 23:23:14,412] {dag.py:2972} INFO - Setting next_dagrun for latest_only to 2022-07-24T11:23:14.411630+00:00, run_after=2022-07-24T15:23:14.411630+00:00
[2022-07-24 23:23:14,428] {processor.py:161} INFO - Processing /Users/pro/Documents/a_env/proj_data/lib/python3.7/site-packages/airflow/example_dags/example_latest_only.py took 0.083 seconds
[2022-07-24 23:23:48,509] {processor.py:153} INFO - Started process (PID=14238) to work on /Users/pro/Documents/a_env/proj_data/lib/python3.7/site-packages/airflow/example_dags/example_latest_only.py
[2022-07-24 23:23:48,512] {processor.py:641} INFO - Processing file /Users/pro/Documents/a_env/proj_data/lib/python3.7/site-packages/airflow/example_dags/example_latest_only.py for tasks to queue
[2022-07-24 23:23:48,513] {logging_mixin.py:115} INFO - [2022-07-24 23:23:48,513] {dagbag.py:508} INFO - Filling up the DagBag from /Users/pro/Documents/a_env/proj_data/lib/python3.7/site-packages/airflow/example_dags/example_latest_only.py
[2022-07-24 23:23:48,525] {processor.py:651} INFO - DAG(s) dict_keys(['latest_only']) retrieved from /Users/pro/Documents/a_env/proj_data/lib/python3.7/site-packages/airflow/example_dags/example_latest_only.py
[2022-07-24 23:23:48,546] {logging_mixin.py:115} INFO - [2022-07-24 23:23:48,546] {dag.py:2420} INFO - Sync 1 DAGs
[2022-07-24 23:23:48,570] {logging_mixin.py:115} INFO - [2022-07-24 23:23:48,570] {dag.py:2972} INFO - Setting next_dagrun for latest_only to 2022-07-24T11:23:48.570026+00:00, run_after=2022-07-24T15:23:48.570026+00:00
[2022-07-24 23:23:48,585] {processor.py:161} INFO - Processing /Users/pro/Documents/a_env/proj_data/lib/python3.7/site-packages/airflow/example_dags/example_latest_only.py took 0.080 seconds
[2022-07-24 23:24:23,261] {processor.py:153} INFO - Started process (PID=14361) to work on /Users/pro/Documents/a_env/proj_data/lib/python3.7/site-packages/airflow/example_dags/example_latest_only.py
[2022-07-24 23:24:23,262] {processor.py:641} INFO - Processing file /Users/pro/Documents/a_env/proj_data/lib/python3.7/site-packages/airflow/example_dags/example_latest_only.py for tasks to queue
[2022-07-24 23:24:23,263] {logging_mixin.py:115} INFO - [2022-07-24 23:24:23,263] {dagbag.py:508} INFO - Filling up the DagBag from /Users/pro/Documents/a_env/proj_data/lib/python3.7/site-packages/airflow/example_dags/example_latest_only.py
[2022-07-24 23:24:23,272] {processor.py:651} INFO - DAG(s) dict_keys(['latest_only']) retrieved from /Users/pro/Documents/a_env/proj_data/lib/python3.7/site-packages/airflow/example_dags/example_latest_only.py
[2022-07-24 23:24:23,293] {logging_mixin.py:115} INFO - [2022-07-24 23:24:23,293] {dag.py:2420} INFO - Sync 1 DAGs
[2022-07-24 23:24:23,320] {logging_mixin.py:115} INFO - [2022-07-24 23:24:23,319] {dag.py:2972} INFO - Setting next_dagrun for latest_only to 2022-07-24T11:24:23.319228+00:00, run_after=2022-07-24T15:24:23.319228+00:00
[2022-07-24 23:24:23,335] {processor.py:161} INFO - Processing /Users/pro/Documents/a_env/proj_data/lib/python3.7/site-packages/airflow/example_dags/example_latest_only.py took 0.079 seconds
[2022-07-24 23:24:57,682] {processor.py:153} INFO - Started process (PID=14416) to work on /Users/pro/Documents/a_env/proj_data/lib/python3.7/site-packages/airflow/example_dags/example_latest_only.py
[2022-07-24 23:24:57,701] {processor.py:641} INFO - Processing file /Users/pro/Documents/a_env/proj_data/lib/python3.7/site-packages/airflow/example_dags/example_latest_only.py for tasks to queue
[2022-07-24 23:24:57,703] {logging_mixin.py:115} INFO - [2022-07-24 23:24:57,702] {dagbag.py:508} INFO - Filling up the DagBag from /Users/pro/Documents/a_env/proj_data/lib/python3.7/site-packages/airflow/example_dags/example_latest_only.py
[2022-07-24 23:24:57,715] {processor.py:651} INFO - DAG(s) dict_keys(['latest_only']) retrieved from /Users/pro/Documents/a_env/proj_data/lib/python3.7/site-packages/airflow/example_dags/example_latest_only.py
[2022-07-24 23:24:57,747] {logging_mixin.py:115} INFO - [2022-07-24 23:24:57,746] {dag.py:2420} INFO - Sync 1 DAGs
[2022-07-24 23:24:57,770] {logging_mixin.py:115} INFO - [2022-07-24 23:24:57,769] {dag.py:2972} INFO - Setting next_dagrun for latest_only to 2022-07-24T11:24:57.769487+00:00, run_after=2022-07-24T15:24:57.769487+00:00
[2022-07-24 23:24:57,787] {processor.py:161} INFO - Processing /Users/pro/Documents/a_env/proj_data/lib/python3.7/site-packages/airflow/example_dags/example_latest_only.py took 0.111 seconds
[2022-07-24 23:25:34,263] {processor.py:153} INFO - Started process (PID=14466) to work on /Users/pro/Documents/a_env/proj_data/lib/python3.7/site-packages/airflow/example_dags/example_latest_only.py
[2022-07-24 23:25:34,265] {processor.py:641} INFO - Processing file /Users/pro/Documents/a_env/proj_data/lib/python3.7/site-packages/airflow/example_dags/example_latest_only.py for tasks to queue
[2022-07-24 23:25:34,266] {logging_mixin.py:115} INFO - [2022-07-24 23:25:34,266] {dagbag.py:508} INFO - Filling up the DagBag from /Users/pro/Documents/a_env/proj_data/lib/python3.7/site-packages/airflow/example_dags/example_latest_only.py
[2022-07-24 23:25:34,276] {processor.py:651} INFO - DAG(s) dict_keys(['latest_only']) retrieved from /Users/pro/Documents/a_env/proj_data/lib/python3.7/site-packages/airflow/example_dags/example_latest_only.py
[2022-07-24 23:25:34,297] {logging_mixin.py:115} INFO - [2022-07-24 23:25:34,297] {dag.py:2420} INFO - Sync 1 DAGs
[2022-07-24 23:25:34,322] {logging_mixin.py:115} INFO - [2022-07-24 23:25:34,321] {dag.py:2972} INFO - Setting next_dagrun for latest_only to 2022-07-24T11:25:34.321505+00:00, run_after=2022-07-24T15:25:34.321505+00:00
[2022-07-24 23:25:34,336] {processor.py:161} INFO - Processing /Users/pro/Documents/a_env/proj_data/lib/python3.7/site-packages/airflow/example_dags/example_latest_only.py took 0.078 seconds
[2022-07-24 23:26:09,814] {processor.py:153} INFO - Started process (PID=14505) to work on /Users/pro/Documents/a_env/proj_data/lib/python3.7/site-packages/airflow/example_dags/example_latest_only.py
[2022-07-24 23:26:09,816] {processor.py:641} INFO - Processing file /Users/pro/Documents/a_env/proj_data/lib/python3.7/site-packages/airflow/example_dags/example_latest_only.py for tasks to queue
[2022-07-24 23:26:09,817] {logging_mixin.py:115} INFO - [2022-07-24 23:26:09,817] {dagbag.py:508} INFO - Filling up the DagBag from /Users/pro/Documents/a_env/proj_data/lib/python3.7/site-packages/airflow/example_dags/example_latest_only.py
[2022-07-24 23:26:09,829] {processor.py:651} INFO - DAG(s) dict_keys(['latest_only']) retrieved from /Users/pro/Documents/a_env/proj_data/lib/python3.7/site-packages/airflow/example_dags/example_latest_only.py
[2022-07-24 23:26:09,851] {logging_mixin.py:115} INFO - [2022-07-24 23:26:09,851] {dag.py:2420} INFO - Sync 1 DAGs
[2022-07-24 23:26:09,876] {logging_mixin.py:115} INFO - [2022-07-24 23:26:09,876] {dag.py:2972} INFO - Setting next_dagrun for latest_only to 2022-07-24T11:26:09.876029+00:00, run_after=2022-07-24T15:26:09.876029+00:00
[2022-07-24 23:26:09,892] {processor.py:161} INFO - Processing /Users/pro/Documents/a_env/proj_data/lib/python3.7/site-packages/airflow/example_dags/example_latest_only.py took 0.084 seconds
[2022-07-24 23:26:45,038] {processor.py:153} INFO - Started process (PID=14559) to work on /Users/pro/Documents/a_env/proj_data/lib/python3.7/site-packages/airflow/example_dags/example_latest_only.py
[2022-07-24 23:26:45,040] {processor.py:641} INFO - Processing file /Users/pro/Documents/a_env/proj_data/lib/python3.7/site-packages/airflow/example_dags/example_latest_only.py for tasks to queue
[2022-07-24 23:26:45,042] {logging_mixin.py:115} INFO - [2022-07-24 23:26:45,041] {dagbag.py:508} INFO - Filling up the DagBag from /Users/pro/Documents/a_env/proj_data/lib/python3.7/site-packages/airflow/example_dags/example_latest_only.py
[2022-07-24 23:26:45,052] {processor.py:651} INFO - DAG(s) dict_keys(['latest_only']) retrieved from /Users/pro/Documents/a_env/proj_data/lib/python3.7/site-packages/airflow/example_dags/example_latest_only.py
[2022-07-24 23:26:45,073] {logging_mixin.py:115} INFO - [2022-07-24 23:26:45,073] {dag.py:2420} INFO - Sync 1 DAGs
[2022-07-24 23:26:45,097] {logging_mixin.py:115} INFO - [2022-07-24 23:26:45,097] {dag.py:2972} INFO - Setting next_dagrun for latest_only to 2022-07-24T11:26:45.096805+00:00, run_after=2022-07-24T15:26:45.096805+00:00
[2022-07-24 23:26:45,185] {processor.py:161} INFO - Processing /Users/pro/Documents/a_env/proj_data/lib/python3.7/site-packages/airflow/example_dags/example_latest_only.py took 0.152 seconds
[2022-07-24 23:27:18,572] {processor.py:153} INFO - Started process (PID=14659) to work on /Users/pro/Documents/a_env/proj_data/lib/python3.7/site-packages/airflow/example_dags/example_latest_only.py
[2022-07-24 23:27:18,575] {processor.py:641} INFO - Processing file /Users/pro/Documents/a_env/proj_data/lib/python3.7/site-packages/airflow/example_dags/example_latest_only.py for tasks to queue
[2022-07-24 23:27:18,578] {logging_mixin.py:115} INFO - [2022-07-24 23:27:18,578] {dagbag.py:508} INFO - Filling up the DagBag from /Users/pro/Documents/a_env/proj_data/lib/python3.7/site-packages/airflow/example_dags/example_latest_only.py
[2022-07-24 23:27:18,588] {processor.py:651} INFO - DAG(s) dict_keys(['latest_only']) retrieved from /Users/pro/Documents/a_env/proj_data/lib/python3.7/site-packages/airflow/example_dags/example_latest_only.py
[2022-07-24 23:27:18,610] {logging_mixin.py:115} INFO - [2022-07-24 23:27:18,610] {dag.py:2420} INFO - Sync 1 DAGs
[2022-07-24 23:27:18,634] {logging_mixin.py:115} INFO - [2022-07-24 23:27:18,633] {dag.py:2972} INFO - Setting next_dagrun for latest_only to 2022-07-24T11:27:18.633346+00:00, run_after=2022-07-24T15:27:18.633346+00:00
[2022-07-24 23:27:18,646] {processor.py:161} INFO - Processing /Users/pro/Documents/a_env/proj_data/lib/python3.7/site-packages/airflow/example_dags/example_latest_only.py took 0.079 seconds
[2022-07-24 23:27:53,811] {processor.py:153} INFO - Started process (PID=14735) to work on /Users/pro/Documents/a_env/proj_data/lib/python3.7/site-packages/airflow/example_dags/example_latest_only.py
[2022-07-24 23:27:53,813] {processor.py:641} INFO - Processing file /Users/pro/Documents/a_env/proj_data/lib/python3.7/site-packages/airflow/example_dags/example_latest_only.py for tasks to queue
[2022-07-24 23:27:53,814] {logging_mixin.py:115} INFO - [2022-07-24 23:27:53,814] {dagbag.py:508} INFO - Filling up the DagBag from /Users/pro/Documents/a_env/proj_data/lib/python3.7/site-packages/airflow/example_dags/example_latest_only.py
[2022-07-24 23:27:53,824] {processor.py:651} INFO - DAG(s) dict_keys(['latest_only']) retrieved from /Users/pro/Documents/a_env/proj_data/lib/python3.7/site-packages/airflow/example_dags/example_latest_only.py
[2022-07-24 23:27:53,847] {logging_mixin.py:115} INFO - [2022-07-24 23:27:53,846] {dag.py:2420} INFO - Sync 1 DAGs
[2022-07-24 23:27:53,871] {logging_mixin.py:115} INFO - [2022-07-24 23:27:53,870] {dag.py:2972} INFO - Setting next_dagrun for latest_only to 2022-07-24T11:27:53.870598+00:00, run_after=2022-07-24T15:27:53.870598+00:00
[2022-07-24 23:27:53,886] {processor.py:161} INFO - Processing /Users/pro/Documents/a_env/proj_data/lib/python3.7/site-packages/airflow/example_dags/example_latest_only.py took 0.080 seconds
[2022-07-24 23:28:28,180] {processor.py:153} INFO - Started process (PID=14814) to work on /Users/pro/Documents/a_env/proj_data/lib/python3.7/site-packages/airflow/example_dags/example_latest_only.py
[2022-07-24 23:28:28,182] {processor.py:641} INFO - Processing file /Users/pro/Documents/a_env/proj_data/lib/python3.7/site-packages/airflow/example_dags/example_latest_only.py for tasks to queue
[2022-07-24 23:28:28,183] {logging_mixin.py:115} INFO - [2022-07-24 23:28:28,182] {dagbag.py:508} INFO - Filling up the DagBag from /Users/pro/Documents/a_env/proj_data/lib/python3.7/site-packages/airflow/example_dags/example_latest_only.py
[2022-07-24 23:28:28,192] {processor.py:651} INFO - DAG(s) dict_keys(['latest_only']) retrieved from /Users/pro/Documents/a_env/proj_data/lib/python3.7/site-packages/airflow/example_dags/example_latest_only.py
[2022-07-24 23:28:28,214] {logging_mixin.py:115} INFO - [2022-07-24 23:28:28,214] {dag.py:2420} INFO - Sync 1 DAGs
[2022-07-24 23:28:28,238] {logging_mixin.py:115} INFO - [2022-07-24 23:28:28,238] {dag.py:2972} INFO - Setting next_dagrun for latest_only to 2022-07-24T11:28:28.238312+00:00, run_after=2022-07-24T15:28:28.238312+00:00
[2022-07-24 23:28:28,252] {processor.py:161} INFO - Processing /Users/pro/Documents/a_env/proj_data/lib/python3.7/site-packages/airflow/example_dags/example_latest_only.py took 0.076 seconds
[2022-07-24 23:29:01,394] {processor.py:153} INFO - Started process (PID=14860) to work on /Users/pro/Documents/a_env/proj_data/lib/python3.7/site-packages/airflow/example_dags/example_latest_only.py
[2022-07-24 23:29:01,396] {processor.py:641} INFO - Processing file /Users/pro/Documents/a_env/proj_data/lib/python3.7/site-packages/airflow/example_dags/example_latest_only.py for tasks to queue
[2022-07-24 23:29:01,398] {logging_mixin.py:115} INFO - [2022-07-24 23:29:01,397] {dagbag.py:508} INFO - Filling up the DagBag from /Users/pro/Documents/a_env/proj_data/lib/python3.7/site-packages/airflow/example_dags/example_latest_only.py
[2022-07-24 23:29:01,408] {processor.py:651} INFO - DAG(s) dict_keys(['latest_only']) retrieved from /Users/pro/Documents/a_env/proj_data/lib/python3.7/site-packages/airflow/example_dags/example_latest_only.py
[2022-07-24 23:29:01,430] {logging_mixin.py:115} INFO - [2022-07-24 23:29:01,429] {dag.py:2420} INFO - Sync 1 DAGs
[2022-07-24 23:29:01,453] {logging_mixin.py:115} INFO - [2022-07-24 23:29:01,452] {dag.py:2972} INFO - Setting next_dagrun for latest_only to 2022-07-24T11:29:01.452611+00:00, run_after=2022-07-24T15:29:01.452611+00:00
[2022-07-24 23:29:01,471] {processor.py:161} INFO - Processing /Users/pro/Documents/a_env/proj_data/lib/python3.7/site-packages/airflow/example_dags/example_latest_only.py took 0.083 seconds
[2022-07-24 23:29:36,139] {processor.py:153} INFO - Started process (PID=14894) to work on /Users/pro/Documents/a_env/proj_data/lib/python3.7/site-packages/airflow/example_dags/example_latest_only.py
[2022-07-24 23:29:36,140] {processor.py:641} INFO - Processing file /Users/pro/Documents/a_env/proj_data/lib/python3.7/site-packages/airflow/example_dags/example_latest_only.py for tasks to queue
[2022-07-24 23:29:36,141] {logging_mixin.py:115} INFO - [2022-07-24 23:29:36,141] {dagbag.py:508} INFO - Filling up the DagBag from /Users/pro/Documents/a_env/proj_data/lib/python3.7/site-packages/airflow/example_dags/example_latest_only.py
[2022-07-24 23:29:36,150] {processor.py:651} INFO - DAG(s) dict_keys(['latest_only']) retrieved from /Users/pro/Documents/a_env/proj_data/lib/python3.7/site-packages/airflow/example_dags/example_latest_only.py
[2022-07-24 23:29:36,172] {logging_mixin.py:115} INFO - [2022-07-24 23:29:36,172] {dag.py:2420} INFO - Sync 1 DAGs
[2022-07-24 23:29:36,197] {logging_mixin.py:115} INFO - [2022-07-24 23:29:36,197] {dag.py:2972} INFO - Setting next_dagrun for latest_only to 2022-07-24T11:29:36.196891+00:00, run_after=2022-07-24T15:29:36.196891+00:00
[2022-07-24 23:29:36,211] {processor.py:161} INFO - Processing /Users/pro/Documents/a_env/proj_data/lib/python3.7/site-packages/airflow/example_dags/example_latest_only.py took 0.078 seconds
[2022-07-24 23:30:09,098] {processor.py:153} INFO - Started process (PID=14945) to work on /Users/pro/Documents/a_env/proj_data/lib/python3.7/site-packages/airflow/example_dags/example_latest_only.py
[2022-07-24 23:30:09,100] {processor.py:641} INFO - Processing file /Users/pro/Documents/a_env/proj_data/lib/python3.7/site-packages/airflow/example_dags/example_latest_only.py for tasks to queue
[2022-07-24 23:30:09,101] {logging_mixin.py:115} INFO - [2022-07-24 23:30:09,101] {dagbag.py:508} INFO - Filling up the DagBag from /Users/pro/Documents/a_env/proj_data/lib/python3.7/site-packages/airflow/example_dags/example_latest_only.py
[2022-07-24 23:30:09,111] {processor.py:651} INFO - DAG(s) dict_keys(['latest_only']) retrieved from /Users/pro/Documents/a_env/proj_data/lib/python3.7/site-packages/airflow/example_dags/example_latest_only.py
[2022-07-24 23:30:09,133] {logging_mixin.py:115} INFO - [2022-07-24 23:30:09,132] {dag.py:2420} INFO - Sync 1 DAGs
[2022-07-24 23:30:09,158] {logging_mixin.py:115} INFO - [2022-07-24 23:30:09,157] {dag.py:2972} INFO - Setting next_dagrun for latest_only to 2022-07-24T11:30:09.157385+00:00, run_after=2022-07-24T15:30:09.157385+00:00
[2022-07-24 23:30:09,172] {processor.py:161} INFO - Processing /Users/pro/Documents/a_env/proj_data/lib/python3.7/site-packages/airflow/example_dags/example_latest_only.py took 0.080 seconds
[2022-07-24 23:30:43,020] {processor.py:153} INFO - Started process (PID=14984) to work on /Users/pro/Documents/a_env/proj_data/lib/python3.7/site-packages/airflow/example_dags/example_latest_only.py
[2022-07-24 23:30:43,021] {processor.py:641} INFO - Processing file /Users/pro/Documents/a_env/proj_data/lib/python3.7/site-packages/airflow/example_dags/example_latest_only.py for tasks to queue
[2022-07-24 23:30:43,022] {logging_mixin.py:115} INFO - [2022-07-24 23:30:43,022] {dagbag.py:508} INFO - Filling up the DagBag from /Users/pro/Documents/a_env/proj_data/lib/python3.7/site-packages/airflow/example_dags/example_latest_only.py
[2022-07-24 23:30:43,030] {processor.py:651} INFO - DAG(s) dict_keys(['latest_only']) retrieved from /Users/pro/Documents/a_env/proj_data/lib/python3.7/site-packages/airflow/example_dags/example_latest_only.py
[2022-07-24 23:30:43,052] {logging_mixin.py:115} INFO - [2022-07-24 23:30:43,051] {dag.py:2420} INFO - Sync 1 DAGs
[2022-07-24 23:30:43,075] {logging_mixin.py:115} INFO - [2022-07-24 23:30:43,074] {dag.py:2972} INFO - Setting next_dagrun for latest_only to 2022-07-24T11:30:43.074623+00:00, run_after=2022-07-24T15:30:43.074623+00:00
[2022-07-24 23:30:43,091] {processor.py:161} INFO - Processing /Users/pro/Documents/a_env/proj_data/lib/python3.7/site-packages/airflow/example_dags/example_latest_only.py took 0.075 seconds
[2022-07-24 23:31:16,296] {processor.py:153} INFO - Started process (PID=15018) to work on /Users/pro/Documents/a_env/proj_data/lib/python3.7/site-packages/airflow/example_dags/example_latest_only.py
[2022-07-24 23:31:16,297] {processor.py:641} INFO - Processing file /Users/pro/Documents/a_env/proj_data/lib/python3.7/site-packages/airflow/example_dags/example_latest_only.py for tasks to queue
[2022-07-24 23:31:16,298] {logging_mixin.py:115} INFO - [2022-07-24 23:31:16,298] {dagbag.py:508} INFO - Filling up the DagBag from /Users/pro/Documents/a_env/proj_data/lib/python3.7/site-packages/airflow/example_dags/example_latest_only.py
[2022-07-24 23:31:16,307] {processor.py:651} INFO - DAG(s) dict_keys(['latest_only']) retrieved from /Users/pro/Documents/a_env/proj_data/lib/python3.7/site-packages/airflow/example_dags/example_latest_only.py
[2022-07-24 23:31:16,329] {logging_mixin.py:115} INFO - [2022-07-24 23:31:16,328] {dag.py:2420} INFO - Sync 1 DAGs
[2022-07-24 23:31:16,353] {logging_mixin.py:115} INFO - [2022-07-24 23:31:16,353] {dag.py:2972} INFO - Setting next_dagrun for latest_only to 2022-07-24T11:31:16.353126+00:00, run_after=2022-07-24T15:31:16.353126+00:00
[2022-07-24 23:31:16,367] {processor.py:161} INFO - Processing /Users/pro/Documents/a_env/proj_data/lib/python3.7/site-packages/airflow/example_dags/example_latest_only.py took 0.077 seconds
[2022-07-24 23:31:51,568] {processor.py:153} INFO - Started process (PID=15110) to work on /Users/pro/Documents/a_env/proj_data/lib/python3.7/site-packages/airflow/example_dags/example_latest_only.py
[2022-07-24 23:31:51,570] {processor.py:641} INFO - Processing file /Users/pro/Documents/a_env/proj_data/lib/python3.7/site-packages/airflow/example_dags/example_latest_only.py for tasks to queue
[2022-07-24 23:31:51,571] {logging_mixin.py:115} INFO - [2022-07-24 23:31:51,571] {dagbag.py:508} INFO - Filling up the DagBag from /Users/pro/Documents/a_env/proj_data/lib/python3.7/site-packages/airflow/example_dags/example_latest_only.py
[2022-07-24 23:31:51,583] {processor.py:651} INFO - DAG(s) dict_keys(['latest_only']) retrieved from /Users/pro/Documents/a_env/proj_data/lib/python3.7/site-packages/airflow/example_dags/example_latest_only.py
[2022-07-24 23:31:51,608] {logging_mixin.py:115} INFO - [2022-07-24 23:31:51,608] {dag.py:2420} INFO - Sync 1 DAGs
[2022-07-24 23:31:51,637] {logging_mixin.py:115} INFO - [2022-07-24 23:31:51,636] {dag.py:2972} INFO - Setting next_dagrun for latest_only to 2022-07-24T11:31:51.636451+00:00, run_after=2022-07-24T15:31:51.636451+00:00
[2022-07-24 23:31:51,654] {processor.py:161} INFO - Processing /Users/pro/Documents/a_env/proj_data/lib/python3.7/site-packages/airflow/example_dags/example_latest_only.py took 0.091 seconds
[2022-07-24 23:32:26,226] {processor.py:153} INFO - Started process (PID=15166) to work on /Users/pro/Documents/a_env/proj_data/lib/python3.7/site-packages/airflow/example_dags/example_latest_only.py
[2022-07-24 23:32:26,228] {processor.py:641} INFO - Processing file /Users/pro/Documents/a_env/proj_data/lib/python3.7/site-packages/airflow/example_dags/example_latest_only.py for tasks to queue
[2022-07-24 23:32:26,230] {logging_mixin.py:115} INFO - [2022-07-24 23:32:26,229] {dagbag.py:508} INFO - Filling up the DagBag from /Users/pro/Documents/a_env/proj_data/lib/python3.7/site-packages/airflow/example_dags/example_latest_only.py
[2022-07-24 23:32:26,239] {processor.py:651} INFO - DAG(s) dict_keys(['latest_only']) retrieved from /Users/pro/Documents/a_env/proj_data/lib/python3.7/site-packages/airflow/example_dags/example_latest_only.py
[2022-07-24 23:32:26,262] {logging_mixin.py:115} INFO - [2022-07-24 23:32:26,262] {dag.py:2420} INFO - Sync 1 DAGs
[2022-07-24 23:32:26,288] {logging_mixin.py:115} INFO - [2022-07-24 23:32:26,287] {dag.py:2972} INFO - Setting next_dagrun for latest_only to 2022-07-24T11:32:26.287464+00:00, run_after=2022-07-24T15:32:26.287464+00:00
[2022-07-24 23:32:26,304] {processor.py:161} INFO - Processing /Users/pro/Documents/a_env/proj_data/lib/python3.7/site-packages/airflow/example_dags/example_latest_only.py took 0.083 seconds
[2022-07-24 23:33:01,170] {processor.py:153} INFO - Started process (PID=15268) to work on /Users/pro/Documents/a_env/proj_data/lib/python3.7/site-packages/airflow/example_dags/example_latest_only.py
[2022-07-24 23:33:01,171] {processor.py:641} INFO - Processing file /Users/pro/Documents/a_env/proj_data/lib/python3.7/site-packages/airflow/example_dags/example_latest_only.py for tasks to queue
[2022-07-24 23:33:01,172] {logging_mixin.py:115} INFO - [2022-07-24 23:33:01,172] {dagbag.py:508} INFO - Filling up the DagBag from /Users/pro/Documents/a_env/proj_data/lib/python3.7/site-packages/airflow/example_dags/example_latest_only.py
[2022-07-24 23:33:01,181] {processor.py:651} INFO - DAG(s) dict_keys(['latest_only']) retrieved from /Users/pro/Documents/a_env/proj_data/lib/python3.7/site-packages/airflow/example_dags/example_latest_only.py
[2022-07-24 23:33:01,205] {logging_mixin.py:115} INFO - [2022-07-24 23:33:01,204] {dag.py:2420} INFO - Sync 1 DAGs
[2022-07-24 23:33:01,228] {logging_mixin.py:115} INFO - [2022-07-24 23:33:01,228] {dag.py:2972} INFO - Setting next_dagrun for latest_only to 2022-07-24T11:33:01.227833+00:00, run_after=2022-07-24T15:33:01.227833+00:00
[2022-07-24 23:33:01,241] {processor.py:161} INFO - Processing /Users/pro/Documents/a_env/proj_data/lib/python3.7/site-packages/airflow/example_dags/example_latest_only.py took 0.076 seconds
[2022-07-24 23:33:35,299] {processor.py:153} INFO - Started process (PID=15349) to work on /Users/pro/Documents/a_env/proj_data/lib/python3.7/site-packages/airflow/example_dags/example_latest_only.py
[2022-07-24 23:33:35,300] {processor.py:641} INFO - Processing file /Users/pro/Documents/a_env/proj_data/lib/python3.7/site-packages/airflow/example_dags/example_latest_only.py for tasks to queue
[2022-07-24 23:33:35,301] {logging_mixin.py:115} INFO - [2022-07-24 23:33:35,301] {dagbag.py:508} INFO - Filling up the DagBag from /Users/pro/Documents/a_env/proj_data/lib/python3.7/site-packages/airflow/example_dags/example_latest_only.py
[2022-07-24 23:33:35,310] {processor.py:651} INFO - DAG(s) dict_keys(['latest_only']) retrieved from /Users/pro/Documents/a_env/proj_data/lib/python3.7/site-packages/airflow/example_dags/example_latest_only.py
[2022-07-24 23:33:35,331] {logging_mixin.py:115} INFO - [2022-07-24 23:33:35,331] {dag.py:2420} INFO - Sync 1 DAGs
[2022-07-24 23:33:35,355] {logging_mixin.py:115} INFO - [2022-07-24 23:33:35,354] {dag.py:2972} INFO - Setting next_dagrun for latest_only to 2022-07-24T11:33:35.354412+00:00, run_after=2022-07-24T15:33:35.354412+00:00
[2022-07-24 23:33:35,369] {processor.py:161} INFO - Processing /Users/pro/Documents/a_env/proj_data/lib/python3.7/site-packages/airflow/example_dags/example_latest_only.py took 0.075 seconds
[2022-07-24 23:34:11,113] {processor.py:153} INFO - Started process (PID=15456) to work on /Users/pro/Documents/a_env/proj_data/lib/python3.7/site-packages/airflow/example_dags/example_latest_only.py
[2022-07-24 23:34:11,115] {processor.py:641} INFO - Processing file /Users/pro/Documents/a_env/proj_data/lib/python3.7/site-packages/airflow/example_dags/example_latest_only.py for tasks to queue
[2022-07-24 23:34:11,116] {logging_mixin.py:115} INFO - [2022-07-24 23:34:11,116] {dagbag.py:508} INFO - Filling up the DagBag from /Users/pro/Documents/a_env/proj_data/lib/python3.7/site-packages/airflow/example_dags/example_latest_only.py
[2022-07-24 23:34:11,126] {processor.py:651} INFO - DAG(s) dict_keys(['latest_only']) retrieved from /Users/pro/Documents/a_env/proj_data/lib/python3.7/site-packages/airflow/example_dags/example_latest_only.py
[2022-07-24 23:34:11,148] {logging_mixin.py:115} INFO - [2022-07-24 23:34:11,148] {dag.py:2420} INFO - Sync 1 DAGs
[2022-07-24 23:34:11,173] {logging_mixin.py:115} INFO - [2022-07-24 23:34:11,172] {dag.py:2972} INFO - Setting next_dagrun for latest_only to 2022-07-24T11:34:11.172630+00:00, run_after=2022-07-24T15:34:11.172630+00:00
[2022-07-24 23:34:11,186] {processor.py:161} INFO - Processing /Users/pro/Documents/a_env/proj_data/lib/python3.7/site-packages/airflow/example_dags/example_latest_only.py took 0.078 seconds
