[2022-07-24 23:12:06,368] {processor.py:153} INFO - Started process (PID=12394) to work on /Users/pro/Documents/a_env/proj_data/lib/python3.7/site-packages/airflow/example_dags/tutorial_taskflow_api_etl.py
[2022-07-24 23:12:06,371] {processor.py:641} INFO - Processing file /Users/pro/Documents/a_env/proj_data/lib/python3.7/site-packages/airflow/example_dags/tutorial_taskflow_api_etl.py for tasks to queue
[2022-07-24 23:12:06,372] {logging_mixin.py:115} INFO - [2022-07-24 23:12:06,371] {dagbag.py:508} INFO - Filling up the DagBag from /Users/pro/Documents/a_env/proj_data/lib/python3.7/site-packages/airflow/example_dags/tutorial_taskflow_api_etl.py
[2022-07-24 23:12:06,398] {processor.py:651} INFO - DAG(s) dict_keys(['tutorial_taskflow_api_etl']) retrieved from /Users/pro/Documents/a_env/proj_data/lib/python3.7/site-packages/airflow/example_dags/tutorial_taskflow_api_etl.py
[2022-07-24 23:12:06,469] {logging_mixin.py:115} INFO - [2022-07-24 23:12:06,469] {manager.py:508} INFO - Created Permission View: can edit on DAG:tutorial_taskflow_api_etl
[2022-07-24 23:12:06,478] {logging_mixin.py:115} INFO - [2022-07-24 23:12:06,478] {manager.py:508} INFO - Created Permission View: can delete on DAG:tutorial_taskflow_api_etl
[2022-07-24 23:12:06,485] {logging_mixin.py:115} INFO - [2022-07-24 23:12:06,485] {manager.py:508} INFO - Created Permission View: can read on DAG:tutorial_taskflow_api_etl
[2022-07-24 23:12:06,486] {logging_mixin.py:115} INFO - [2022-07-24 23:12:06,486] {dag.py:2420} INFO - Sync 1 DAGs
[2022-07-24 23:12:06,499] {logging_mixin.py:115} INFO - [2022-07-24 23:12:06,497] {dag.py:2439} INFO - Creating ORM DAG for tutorial_taskflow_api_etl
[2022-07-24 23:12:06,515] {logging_mixin.py:115} INFO - [2022-07-24 23:12:06,514] {dag.py:2972} INFO - Setting next_dagrun for tutorial_taskflow_api_etl to None, run_after=None
[2022-07-24 23:12:06,530] {processor.py:161} INFO - Processing /Users/pro/Documents/a_env/proj_data/lib/python3.7/site-packages/airflow/example_dags/tutorial_taskflow_api_etl.py took 0.165 seconds
[2022-07-24 23:12:42,639] {processor.py:153} INFO - Started process (PID=12433) to work on /Users/pro/Documents/a_env/proj_data/lib/python3.7/site-packages/airflow/example_dags/tutorial_taskflow_api_etl.py
[2022-07-24 23:12:42,640] {processor.py:641} INFO - Processing file /Users/pro/Documents/a_env/proj_data/lib/python3.7/site-packages/airflow/example_dags/tutorial_taskflow_api_etl.py for tasks to queue
[2022-07-24 23:12:42,641] {logging_mixin.py:115} INFO - [2022-07-24 23:12:42,641] {dagbag.py:508} INFO - Filling up the DagBag from /Users/pro/Documents/a_env/proj_data/lib/python3.7/site-packages/airflow/example_dags/tutorial_taskflow_api_etl.py
[2022-07-24 23:12:42,667] {processor.py:651} INFO - DAG(s) dict_keys(['tutorial_taskflow_api_etl']) retrieved from /Users/pro/Documents/a_env/proj_data/lib/python3.7/site-packages/airflow/example_dags/tutorial_taskflow_api_etl.py
[2022-07-24 23:12:42,728] {logging_mixin.py:115} INFO - [2022-07-24 23:12:42,728] {dag.py:2420} INFO - Sync 1 DAGs
[2022-07-24 23:12:42,748] {logging_mixin.py:115} INFO - [2022-07-24 23:12:42,748] {dag.py:2972} INFO - Setting next_dagrun for tutorial_taskflow_api_etl to None, run_after=None
[2022-07-24 23:12:42,764] {processor.py:161} INFO - Processing /Users/pro/Documents/a_env/proj_data/lib/python3.7/site-packages/airflow/example_dags/tutorial_taskflow_api_etl.py took 0.130 seconds
[2022-07-24 23:13:15,251] {processor.py:153} INFO - Started process (PID=12469) to work on /Users/pro/Documents/a_env/proj_data/lib/python3.7/site-packages/airflow/example_dags/tutorial_taskflow_api_etl.py
[2022-07-24 23:13:15,252] {processor.py:641} INFO - Processing file /Users/pro/Documents/a_env/proj_data/lib/python3.7/site-packages/airflow/example_dags/tutorial_taskflow_api_etl.py for tasks to queue
[2022-07-24 23:13:15,253] {logging_mixin.py:115} INFO - [2022-07-24 23:13:15,253] {dagbag.py:508} INFO - Filling up the DagBag from /Users/pro/Documents/a_env/proj_data/lib/python3.7/site-packages/airflow/example_dags/tutorial_taskflow_api_etl.py
[2022-07-24 23:13:15,292] {processor.py:651} INFO - DAG(s) dict_keys(['tutorial_taskflow_api_etl']) retrieved from /Users/pro/Documents/a_env/proj_data/lib/python3.7/site-packages/airflow/example_dags/tutorial_taskflow_api_etl.py
[2022-07-24 23:13:15,367] {logging_mixin.py:115} INFO - [2022-07-24 23:13:15,366] {dag.py:2420} INFO - Sync 1 DAGs
[2022-07-24 23:13:15,392] {logging_mixin.py:115} INFO - [2022-07-24 23:13:15,392] {dag.py:2972} INFO - Setting next_dagrun for tutorial_taskflow_api_etl to None, run_after=None
[2022-07-24 23:13:15,409] {processor.py:161} INFO - Processing /Users/pro/Documents/a_env/proj_data/lib/python3.7/site-packages/airflow/example_dags/tutorial_taskflow_api_etl.py took 0.164 seconds
[2022-07-24 23:13:48,862] {processor.py:153} INFO - Started process (PID=12506) to work on /Users/pro/Documents/a_env/proj_data/lib/python3.7/site-packages/airflow/example_dags/tutorial_taskflow_api_etl.py
[2022-07-24 23:13:48,863] {processor.py:641} INFO - Processing file /Users/pro/Documents/a_env/proj_data/lib/python3.7/site-packages/airflow/example_dags/tutorial_taskflow_api_etl.py for tasks to queue
[2022-07-24 23:13:48,864] {logging_mixin.py:115} INFO - [2022-07-24 23:13:48,863] {dagbag.py:508} INFO - Filling up the DagBag from /Users/pro/Documents/a_env/proj_data/lib/python3.7/site-packages/airflow/example_dags/tutorial_taskflow_api_etl.py
[2022-07-24 23:13:48,893] {processor.py:651} INFO - DAG(s) dict_keys(['tutorial_taskflow_api_etl']) retrieved from /Users/pro/Documents/a_env/proj_data/lib/python3.7/site-packages/airflow/example_dags/tutorial_taskflow_api_etl.py
[2022-07-24 23:13:48,950] {logging_mixin.py:115} INFO - [2022-07-24 23:13:48,950] {dag.py:2420} INFO - Sync 1 DAGs
[2022-07-24 23:13:48,969] {logging_mixin.py:115} INFO - [2022-07-24 23:13:48,969] {dag.py:2972} INFO - Setting next_dagrun for tutorial_taskflow_api_etl to None, run_after=None
[2022-07-24 23:13:48,985] {processor.py:161} INFO - Processing /Users/pro/Documents/a_env/proj_data/lib/python3.7/site-packages/airflow/example_dags/tutorial_taskflow_api_etl.py took 0.128 seconds
[2022-07-24 23:14:24,138] {processor.py:153} INFO - Started process (PID=12541) to work on /Users/pro/Documents/a_env/proj_data/lib/python3.7/site-packages/airflow/example_dags/tutorial_taskflow_api_etl.py
[2022-07-24 23:14:24,140] {processor.py:641} INFO - Processing file /Users/pro/Documents/a_env/proj_data/lib/python3.7/site-packages/airflow/example_dags/tutorial_taskflow_api_etl.py for tasks to queue
[2022-07-24 23:14:24,141] {logging_mixin.py:115} INFO - [2022-07-24 23:14:24,141] {dagbag.py:508} INFO - Filling up the DagBag from /Users/pro/Documents/a_env/proj_data/lib/python3.7/site-packages/airflow/example_dags/tutorial_taskflow_api_etl.py
[2022-07-24 23:14:24,172] {processor.py:651} INFO - DAG(s) dict_keys(['tutorial_taskflow_api_etl']) retrieved from /Users/pro/Documents/a_env/proj_data/lib/python3.7/site-packages/airflow/example_dags/tutorial_taskflow_api_etl.py
[2022-07-24 23:14:24,251] {logging_mixin.py:115} INFO - [2022-07-24 23:14:24,251] {dag.py:2420} INFO - Sync 1 DAGs
[2022-07-24 23:14:24,273] {logging_mixin.py:115} INFO - [2022-07-24 23:14:24,272] {dag.py:2972} INFO - Setting next_dagrun for tutorial_taskflow_api_etl to None, run_after=None
[2022-07-24 23:14:24,290] {processor.py:161} INFO - Processing /Users/pro/Documents/a_env/proj_data/lib/python3.7/site-packages/airflow/example_dags/tutorial_taskflow_api_etl.py took 0.158 seconds
[2022-07-24 23:14:59,345] {processor.py:153} INFO - Started process (PID=12577) to work on /Users/pro/Documents/a_env/proj_data/lib/python3.7/site-packages/airflow/example_dags/tutorial_taskflow_api_etl.py
[2022-07-24 23:14:59,347] {processor.py:641} INFO - Processing file /Users/pro/Documents/a_env/proj_data/lib/python3.7/site-packages/airflow/example_dags/tutorial_taskflow_api_etl.py for tasks to queue
[2022-07-24 23:14:59,348] {logging_mixin.py:115} INFO - [2022-07-24 23:14:59,348] {dagbag.py:508} INFO - Filling up the DagBag from /Users/pro/Documents/a_env/proj_data/lib/python3.7/site-packages/airflow/example_dags/tutorial_taskflow_api_etl.py
[2022-07-24 23:14:59,376] {processor.py:651} INFO - DAG(s) dict_keys(['tutorial_taskflow_api_etl']) retrieved from /Users/pro/Documents/a_env/proj_data/lib/python3.7/site-packages/airflow/example_dags/tutorial_taskflow_api_etl.py
[2022-07-24 23:14:59,434] {logging_mixin.py:115} INFO - [2022-07-24 23:14:59,434] {dag.py:2420} INFO - Sync 1 DAGs
[2022-07-24 23:14:59,452] {logging_mixin.py:115} INFO - [2022-07-24 23:14:59,452] {dag.py:2972} INFO - Setting next_dagrun for tutorial_taskflow_api_etl to None, run_after=None
[2022-07-24 23:14:59,467] {processor.py:161} INFO - Processing /Users/pro/Documents/a_env/proj_data/lib/python3.7/site-packages/airflow/example_dags/tutorial_taskflow_api_etl.py took 0.127 seconds
[2022-07-24 23:15:35,237] {processor.py:153} INFO - Started process (PID=12676) to work on /Users/pro/Documents/a_env/proj_data/lib/python3.7/site-packages/airflow/example_dags/tutorial_taskflow_api_etl.py
[2022-07-24 23:15:35,239] {processor.py:641} INFO - Processing file /Users/pro/Documents/a_env/proj_data/lib/python3.7/site-packages/airflow/example_dags/tutorial_taskflow_api_etl.py for tasks to queue
[2022-07-24 23:15:35,240] {logging_mixin.py:115} INFO - [2022-07-24 23:15:35,239] {dagbag.py:508} INFO - Filling up the DagBag from /Users/pro/Documents/a_env/proj_data/lib/python3.7/site-packages/airflow/example_dags/tutorial_taskflow_api_etl.py
[2022-07-24 23:15:35,266] {processor.py:651} INFO - DAG(s) dict_keys(['tutorial_taskflow_api_etl']) retrieved from /Users/pro/Documents/a_env/proj_data/lib/python3.7/site-packages/airflow/example_dags/tutorial_taskflow_api_etl.py
[2022-07-24 23:15:35,289] {logging_mixin.py:115} INFO - [2022-07-24 23:15:35,289] {dag.py:2420} INFO - Sync 1 DAGs
[2022-07-24 23:15:35,317] {logging_mixin.py:115} INFO - [2022-07-24 23:15:35,317] {dag.py:2972} INFO - Setting next_dagrun for tutorial_taskflow_api_etl to None, run_after=None
[2022-07-24 23:15:35,335] {processor.py:161} INFO - Processing /Users/pro/Documents/a_env/proj_data/lib/python3.7/site-packages/airflow/example_dags/tutorial_taskflow_api_etl.py took 0.101 seconds
[2022-07-24 23:16:10,425] {processor.py:153} INFO - Started process (PID=12825) to work on /Users/pro/Documents/a_env/proj_data/lib/python3.7/site-packages/airflow/example_dags/tutorial_taskflow_api_etl.py
[2022-07-24 23:16:10,425] {processor.py:641} INFO - Processing file /Users/pro/Documents/a_env/proj_data/lib/python3.7/site-packages/airflow/example_dags/tutorial_taskflow_api_etl.py for tasks to queue
[2022-07-24 23:16:10,426] {logging_mixin.py:115} INFO - [2022-07-24 23:16:10,426] {dagbag.py:508} INFO - Filling up the DagBag from /Users/pro/Documents/a_env/proj_data/lib/python3.7/site-packages/airflow/example_dags/tutorial_taskflow_api_etl.py
[2022-07-24 23:16:10,452] {processor.py:651} INFO - DAG(s) dict_keys(['tutorial_taskflow_api_etl']) retrieved from /Users/pro/Documents/a_env/proj_data/lib/python3.7/site-packages/airflow/example_dags/tutorial_taskflow_api_etl.py
[2022-07-24 23:16:10,517] {logging_mixin.py:115} INFO - [2022-07-24 23:16:10,517] {dag.py:2420} INFO - Sync 1 DAGs
[2022-07-24 23:16:10,538] {logging_mixin.py:115} INFO - [2022-07-24 23:16:10,537] {dag.py:2972} INFO - Setting next_dagrun for tutorial_taskflow_api_etl to None, run_after=None
[2022-07-24 23:16:10,553] {processor.py:161} INFO - Processing /Users/pro/Documents/a_env/proj_data/lib/python3.7/site-packages/airflow/example_dags/tutorial_taskflow_api_etl.py took 0.133 seconds
[2022-07-24 23:16:42,547] {processor.py:153} INFO - Started process (PID=12907) to work on /Users/pro/Documents/a_env/proj_data/lib/python3.7/site-packages/airflow/example_dags/tutorial_taskflow_api_etl.py
[2022-07-24 23:16:42,547] {processor.py:641} INFO - Processing file /Users/pro/Documents/a_env/proj_data/lib/python3.7/site-packages/airflow/example_dags/tutorial_taskflow_api_etl.py for tasks to queue
[2022-07-24 23:16:42,548] {logging_mixin.py:115} INFO - [2022-07-24 23:16:42,548] {dagbag.py:508} INFO - Filling up the DagBag from /Users/pro/Documents/a_env/proj_data/lib/python3.7/site-packages/airflow/example_dags/tutorial_taskflow_api_etl.py
[2022-07-24 23:16:42,576] {processor.py:651} INFO - DAG(s) dict_keys(['tutorial_taskflow_api_etl']) retrieved from /Users/pro/Documents/a_env/proj_data/lib/python3.7/site-packages/airflow/example_dags/tutorial_taskflow_api_etl.py
[2022-07-24 23:16:42,630] {logging_mixin.py:115} INFO - [2022-07-24 23:16:42,630] {dag.py:2420} INFO - Sync 1 DAGs
[2022-07-24 23:16:42,648] {logging_mixin.py:115} INFO - [2022-07-24 23:16:42,648] {dag.py:2972} INFO - Setting next_dagrun for tutorial_taskflow_api_etl to None, run_after=None
[2022-07-24 23:16:42,663] {processor.py:161} INFO - Processing /Users/pro/Documents/a_env/proj_data/lib/python3.7/site-packages/airflow/example_dags/tutorial_taskflow_api_etl.py took 0.121 seconds
[2022-07-24 23:17:16,761] {processor.py:153} INFO - Started process (PID=12995) to work on /Users/pro/Documents/a_env/proj_data/lib/python3.7/site-packages/airflow/example_dags/tutorial_taskflow_api_etl.py
[2022-07-24 23:17:16,762] {processor.py:641} INFO - Processing file /Users/pro/Documents/a_env/proj_data/lib/python3.7/site-packages/airflow/example_dags/tutorial_taskflow_api_etl.py for tasks to queue
[2022-07-24 23:17:16,763] {logging_mixin.py:115} INFO - [2022-07-24 23:17:16,763] {dagbag.py:508} INFO - Filling up the DagBag from /Users/pro/Documents/a_env/proj_data/lib/python3.7/site-packages/airflow/example_dags/tutorial_taskflow_api_etl.py
[2022-07-24 23:17:16,783] {processor.py:651} INFO - DAG(s) dict_keys(['tutorial_taskflow_api_etl']) retrieved from /Users/pro/Documents/a_env/proj_data/lib/python3.7/site-packages/airflow/example_dags/tutorial_taskflow_api_etl.py
[2022-07-24 23:17:16,842] {logging_mixin.py:115} INFO - [2022-07-24 23:17:16,842] {dag.py:2420} INFO - Sync 1 DAGs
[2022-07-24 23:17:16,868] {logging_mixin.py:115} INFO - [2022-07-24 23:17:16,868] {dag.py:2972} INFO - Setting next_dagrun for tutorial_taskflow_api_etl to None, run_after=None
[2022-07-24 23:17:16,886] {processor.py:161} INFO - Processing /Users/pro/Documents/a_env/proj_data/lib/python3.7/site-packages/airflow/example_dags/tutorial_taskflow_api_etl.py took 0.129 seconds
[2022-07-24 23:17:51,506] {processor.py:153} INFO - Started process (PID=13075) to work on /Users/pro/Documents/a_env/proj_data/lib/python3.7/site-packages/airflow/example_dags/tutorial_taskflow_api_etl.py
[2022-07-24 23:17:51,507] {processor.py:641} INFO - Processing file /Users/pro/Documents/a_env/proj_data/lib/python3.7/site-packages/airflow/example_dags/tutorial_taskflow_api_etl.py for tasks to queue
[2022-07-24 23:17:51,509] {logging_mixin.py:115} INFO - [2022-07-24 23:17:51,508] {dagbag.py:508} INFO - Filling up the DagBag from /Users/pro/Documents/a_env/proj_data/lib/python3.7/site-packages/airflow/example_dags/tutorial_taskflow_api_etl.py
[2022-07-24 23:17:51,529] {processor.py:651} INFO - DAG(s) dict_keys(['tutorial_taskflow_api_etl']) retrieved from /Users/pro/Documents/a_env/proj_data/lib/python3.7/site-packages/airflow/example_dags/tutorial_taskflow_api_etl.py
[2022-07-24 23:17:51,547] {logging_mixin.py:115} INFO - [2022-07-24 23:17:51,546] {dag.py:2420} INFO - Sync 1 DAGs
[2022-07-24 23:17:51,567] {logging_mixin.py:115} INFO - [2022-07-24 23:17:51,567] {dag.py:2972} INFO - Setting next_dagrun for tutorial_taskflow_api_etl to None, run_after=None
[2022-07-24 23:17:51,580] {processor.py:161} INFO - Processing /Users/pro/Documents/a_env/proj_data/lib/python3.7/site-packages/airflow/example_dags/tutorial_taskflow_api_etl.py took 0.079 seconds
[2022-07-24 23:18:24,307] {processor.py:153} INFO - Started process (PID=13180) to work on /Users/pro/Documents/a_env/proj_data/lib/python3.7/site-packages/airflow/example_dags/tutorial_taskflow_api_etl.py
[2022-07-24 23:18:24,309] {processor.py:641} INFO - Processing file /Users/pro/Documents/a_env/proj_data/lib/python3.7/site-packages/airflow/example_dags/tutorial_taskflow_api_etl.py for tasks to queue
[2022-07-24 23:18:24,310] {logging_mixin.py:115} INFO - [2022-07-24 23:18:24,309] {dagbag.py:508} INFO - Filling up the DagBag from /Users/pro/Documents/a_env/proj_data/lib/python3.7/site-packages/airflow/example_dags/tutorial_taskflow_api_etl.py
[2022-07-24 23:18:24,333] {processor.py:651} INFO - DAG(s) dict_keys(['tutorial_taskflow_api_etl']) retrieved from /Users/pro/Documents/a_env/proj_data/lib/python3.7/site-packages/airflow/example_dags/tutorial_taskflow_api_etl.py
[2022-07-24 23:18:24,354] {logging_mixin.py:115} INFO - [2022-07-24 23:18:24,354] {dag.py:2420} INFO - Sync 1 DAGs
[2022-07-24 23:18:24,377] {logging_mixin.py:115} INFO - [2022-07-24 23:18:24,377] {dag.py:2972} INFO - Setting next_dagrun for tutorial_taskflow_api_etl to None, run_after=None
[2022-07-24 23:18:24,389] {processor.py:161} INFO - Processing /Users/pro/Documents/a_env/proj_data/lib/python3.7/site-packages/airflow/example_dags/tutorial_taskflow_api_etl.py took 0.086 seconds
[2022-07-24 23:18:58,261] {processor.py:153} INFO - Started process (PID=13288) to work on /Users/pro/Documents/a_env/proj_data/lib/python3.7/site-packages/airflow/example_dags/tutorial_taskflow_api_etl.py
[2022-07-24 23:18:58,262] {processor.py:641} INFO - Processing file /Users/pro/Documents/a_env/proj_data/lib/python3.7/site-packages/airflow/example_dags/tutorial_taskflow_api_etl.py for tasks to queue
[2022-07-24 23:18:58,264] {logging_mixin.py:115} INFO - [2022-07-24 23:18:58,263] {dagbag.py:508} INFO - Filling up the DagBag from /Users/pro/Documents/a_env/proj_data/lib/python3.7/site-packages/airflow/example_dags/tutorial_taskflow_api_etl.py
[2022-07-24 23:18:58,284] {processor.py:651} INFO - DAG(s) dict_keys(['tutorial_taskflow_api_etl']) retrieved from /Users/pro/Documents/a_env/proj_data/lib/python3.7/site-packages/airflow/example_dags/tutorial_taskflow_api_etl.py
[2022-07-24 23:18:58,307] {logging_mixin.py:115} INFO - [2022-07-24 23:18:58,306] {dag.py:2420} INFO - Sync 1 DAGs
[2022-07-24 23:18:58,330] {logging_mixin.py:115} INFO - [2022-07-24 23:18:58,330] {dag.py:2972} INFO - Setting next_dagrun for tutorial_taskflow_api_etl to None, run_after=None
[2022-07-24 23:18:58,344] {processor.py:161} INFO - Processing /Users/pro/Documents/a_env/proj_data/lib/python3.7/site-packages/airflow/example_dags/tutorial_taskflow_api_etl.py took 0.087 seconds
[2022-07-24 23:19:32,188] {processor.py:153} INFO - Started process (PID=13383) to work on /Users/pro/Documents/a_env/proj_data/lib/python3.7/site-packages/airflow/example_dags/tutorial_taskflow_api_etl.py
[2022-07-24 23:19:32,189] {processor.py:641} INFO - Processing file /Users/pro/Documents/a_env/proj_data/lib/python3.7/site-packages/airflow/example_dags/tutorial_taskflow_api_etl.py for tasks to queue
[2022-07-24 23:19:32,191] {logging_mixin.py:115} INFO - [2022-07-24 23:19:32,190] {dagbag.py:508} INFO - Filling up the DagBag from /Users/pro/Documents/a_env/proj_data/lib/python3.7/site-packages/airflow/example_dags/tutorial_taskflow_api_etl.py
[2022-07-24 23:19:32,214] {processor.py:651} INFO - DAG(s) dict_keys(['tutorial_taskflow_api_etl']) retrieved from /Users/pro/Documents/a_env/proj_data/lib/python3.7/site-packages/airflow/example_dags/tutorial_taskflow_api_etl.py
[2022-07-24 23:19:32,281] {logging_mixin.py:115} INFO - [2022-07-24 23:19:32,281] {dag.py:2420} INFO - Sync 1 DAGs
[2022-07-24 23:19:32,303] {logging_mixin.py:115} INFO - [2022-07-24 23:19:32,303] {dag.py:2972} INFO - Setting next_dagrun for tutorial_taskflow_api_etl to None, run_after=None
[2022-07-24 23:19:32,322] {processor.py:161} INFO - Processing /Users/pro/Documents/a_env/proj_data/lib/python3.7/site-packages/airflow/example_dags/tutorial_taskflow_api_etl.py took 0.138 seconds
[2022-07-24 23:20:04,592] {processor.py:153} INFO - Started process (PID=13417) to work on /Users/pro/Documents/a_env/proj_data/lib/python3.7/site-packages/airflow/example_dags/tutorial_taskflow_api_etl.py
[2022-07-24 23:20:04,593] {processor.py:641} INFO - Processing file /Users/pro/Documents/a_env/proj_data/lib/python3.7/site-packages/airflow/example_dags/tutorial_taskflow_api_etl.py for tasks to queue
[2022-07-24 23:20:04,595] {logging_mixin.py:115} INFO - [2022-07-24 23:20:04,595] {dagbag.py:508} INFO - Filling up the DagBag from /Users/pro/Documents/a_env/proj_data/lib/python3.7/site-packages/airflow/example_dags/tutorial_taskflow_api_etl.py
[2022-07-24 23:20:04,620] {processor.py:651} INFO - DAG(s) dict_keys(['tutorial_taskflow_api_etl']) retrieved from /Users/pro/Documents/a_env/proj_data/lib/python3.7/site-packages/airflow/example_dags/tutorial_taskflow_api_etl.py
[2022-07-24 23:20:04,738] {logging_mixin.py:115} INFO - [2022-07-24 23:20:04,737] {dag.py:2420} INFO - Sync 1 DAGs
[2022-07-24 23:20:04,767] {logging_mixin.py:115} INFO - [2022-07-24 23:20:04,767] {dag.py:2972} INFO - Setting next_dagrun for tutorial_taskflow_api_etl to None, run_after=None
[2022-07-24 23:20:04,799] {processor.py:161} INFO - Processing /Users/pro/Documents/a_env/proj_data/lib/python3.7/site-packages/airflow/example_dags/tutorial_taskflow_api_etl.py took 0.212 seconds
[2022-07-24 23:20:39,611] {processor.py:153} INFO - Started process (PID=13550) to work on /Users/pro/Documents/a_env/proj_data/lib/python3.7/site-packages/airflow/example_dags/tutorial_taskflow_api_etl.py
[2022-07-24 23:20:39,613] {processor.py:641} INFO - Processing file /Users/pro/Documents/a_env/proj_data/lib/python3.7/site-packages/airflow/example_dags/tutorial_taskflow_api_etl.py for tasks to queue
[2022-07-24 23:20:39,616] {logging_mixin.py:115} INFO - [2022-07-24 23:20:39,616] {dagbag.py:508} INFO - Filling up the DagBag from /Users/pro/Documents/a_env/proj_data/lib/python3.7/site-packages/airflow/example_dags/tutorial_taskflow_api_etl.py
[2022-07-24 23:20:39,657] {processor.py:651} INFO - DAG(s) dict_keys(['tutorial_taskflow_api_etl']) retrieved from /Users/pro/Documents/a_env/proj_data/lib/python3.7/site-packages/airflow/example_dags/tutorial_taskflow_api_etl.py
[2022-07-24 23:20:39,676] {logging_mixin.py:115} INFO - [2022-07-24 23:20:39,675] {dag.py:2420} INFO - Sync 1 DAGs
[2022-07-24 23:20:39,705] {logging_mixin.py:115} INFO - [2022-07-24 23:20:39,704] {dag.py:2972} INFO - Setting next_dagrun for tutorial_taskflow_api_etl to None, run_after=None
[2022-07-24 23:20:39,748] {processor.py:161} INFO - Processing /Users/pro/Documents/a_env/proj_data/lib/python3.7/site-packages/airflow/example_dags/tutorial_taskflow_api_etl.py took 0.142 seconds
[2022-07-24 23:21:14,708] {processor.py:153} INFO - Started process (PID=13832) to work on /Users/pro/Documents/a_env/proj_data/lib/python3.7/site-packages/airflow/example_dags/tutorial_taskflow_api_etl.py
[2022-07-24 23:21:14,709] {processor.py:641} INFO - Processing file /Users/pro/Documents/a_env/proj_data/lib/python3.7/site-packages/airflow/example_dags/tutorial_taskflow_api_etl.py for tasks to queue
[2022-07-24 23:21:14,711] {logging_mixin.py:115} INFO - [2022-07-24 23:21:14,710] {dagbag.py:508} INFO - Filling up the DagBag from /Users/pro/Documents/a_env/proj_data/lib/python3.7/site-packages/airflow/example_dags/tutorial_taskflow_api_etl.py
[2022-07-24 23:21:14,733] {processor.py:651} INFO - DAG(s) dict_keys(['tutorial_taskflow_api_etl']) retrieved from /Users/pro/Documents/a_env/proj_data/lib/python3.7/site-packages/airflow/example_dags/tutorial_taskflow_api_etl.py
[2022-07-24 23:21:14,754] {logging_mixin.py:115} INFO - [2022-07-24 23:21:14,754] {dag.py:2420} INFO - Sync 1 DAGs
[2022-07-24 23:21:14,776] {logging_mixin.py:115} INFO - [2022-07-24 23:21:14,776] {dag.py:2972} INFO - Setting next_dagrun for tutorial_taskflow_api_etl to None, run_after=None
[2022-07-24 23:21:14,790] {processor.py:161} INFO - Processing /Users/pro/Documents/a_env/proj_data/lib/python3.7/site-packages/airflow/example_dags/tutorial_taskflow_api_etl.py took 0.086 seconds
[2022-07-24 23:21:48,860] {processor.py:153} INFO - Started process (PID=13916) to work on /Users/pro/Documents/a_env/proj_data/lib/python3.7/site-packages/airflow/example_dags/tutorial_taskflow_api_etl.py
[2022-07-24 23:21:48,862] {processor.py:641} INFO - Processing file /Users/pro/Documents/a_env/proj_data/lib/python3.7/site-packages/airflow/example_dags/tutorial_taskflow_api_etl.py for tasks to queue
[2022-07-24 23:21:48,864] {logging_mixin.py:115} INFO - [2022-07-24 23:21:48,863] {dagbag.py:508} INFO - Filling up the DagBag from /Users/pro/Documents/a_env/proj_data/lib/python3.7/site-packages/airflow/example_dags/tutorial_taskflow_api_etl.py
[2022-07-24 23:21:48,887] {processor.py:651} INFO - DAG(s) dict_keys(['tutorial_taskflow_api_etl']) retrieved from /Users/pro/Documents/a_env/proj_data/lib/python3.7/site-packages/airflow/example_dags/tutorial_taskflow_api_etl.py
[2022-07-24 23:21:48,954] {logging_mixin.py:115} INFO - [2022-07-24 23:21:48,953] {dag.py:2420} INFO - Sync 1 DAGs
[2022-07-24 23:21:48,974] {logging_mixin.py:115} INFO - [2022-07-24 23:21:48,974] {dag.py:2972} INFO - Setting next_dagrun for tutorial_taskflow_api_etl to None, run_after=None
[2022-07-24 23:21:48,988] {processor.py:161} INFO - Processing /Users/pro/Documents/a_env/proj_data/lib/python3.7/site-packages/airflow/example_dags/tutorial_taskflow_api_etl.py took 0.133 seconds
[2022-07-24 23:22:20,143] {processor.py:153} INFO - Started process (PID=13999) to work on /Users/pro/Documents/a_env/proj_data/lib/python3.7/site-packages/airflow/example_dags/tutorial_taskflow_api_etl.py
[2022-07-24 23:22:20,144] {processor.py:641} INFO - Processing file /Users/pro/Documents/a_env/proj_data/lib/python3.7/site-packages/airflow/example_dags/tutorial_taskflow_api_etl.py for tasks to queue
[2022-07-24 23:22:20,145] {logging_mixin.py:115} INFO - [2022-07-24 23:22:20,145] {dagbag.py:508} INFO - Filling up the DagBag from /Users/pro/Documents/a_env/proj_data/lib/python3.7/site-packages/airflow/example_dags/tutorial_taskflow_api_etl.py
[2022-07-24 23:22:20,167] {processor.py:651} INFO - DAG(s) dict_keys(['tutorial_taskflow_api_etl']) retrieved from /Users/pro/Documents/a_env/proj_data/lib/python3.7/site-packages/airflow/example_dags/tutorial_taskflow_api_etl.py
[2022-07-24 23:22:20,225] {logging_mixin.py:115} INFO - [2022-07-24 23:22:20,225] {dag.py:2420} INFO - Sync 1 DAGs
[2022-07-24 23:22:20,245] {logging_mixin.py:115} INFO - [2022-07-24 23:22:20,245] {dag.py:2972} INFO - Setting next_dagrun for tutorial_taskflow_api_etl to None, run_after=None
[2022-07-24 23:22:20,260] {processor.py:161} INFO - Processing /Users/pro/Documents/a_env/proj_data/lib/python3.7/site-packages/airflow/example_dags/tutorial_taskflow_api_etl.py took 0.121 seconds
[2022-07-24 23:22:55,057] {processor.py:153} INFO - Started process (PID=14110) to work on /Users/pro/Documents/a_env/proj_data/lib/python3.7/site-packages/airflow/example_dags/tutorial_taskflow_api_etl.py
[2022-07-24 23:22:55,060] {processor.py:641} INFO - Processing file /Users/pro/Documents/a_env/proj_data/lib/python3.7/site-packages/airflow/example_dags/tutorial_taskflow_api_etl.py for tasks to queue
[2022-07-24 23:22:55,061] {logging_mixin.py:115} INFO - [2022-07-24 23:22:55,061] {dagbag.py:508} INFO - Filling up the DagBag from /Users/pro/Documents/a_env/proj_data/lib/python3.7/site-packages/airflow/example_dags/tutorial_taskflow_api_etl.py
[2022-07-24 23:22:55,085] {processor.py:651} INFO - DAG(s) dict_keys(['tutorial_taskflow_api_etl']) retrieved from /Users/pro/Documents/a_env/proj_data/lib/python3.7/site-packages/airflow/example_dags/tutorial_taskflow_api_etl.py
[2022-07-24 23:22:55,105] {logging_mixin.py:115} INFO - [2022-07-24 23:22:55,105] {dag.py:2420} INFO - Sync 1 DAGs
[2022-07-24 23:22:55,127] {logging_mixin.py:115} INFO - [2022-07-24 23:22:55,127] {dag.py:2972} INFO - Setting next_dagrun for tutorial_taskflow_api_etl to None, run_after=None
[2022-07-24 23:22:55,140] {processor.py:161} INFO - Processing /Users/pro/Documents/a_env/proj_data/lib/python3.7/site-packages/airflow/example_dags/tutorial_taskflow_api_etl.py took 0.087 seconds
[2022-07-24 23:23:28,848] {processor.py:153} INFO - Started process (PID=14214) to work on /Users/pro/Documents/a_env/proj_data/lib/python3.7/site-packages/airflow/example_dags/tutorial_taskflow_api_etl.py
[2022-07-24 23:23:28,850] {processor.py:641} INFO - Processing file /Users/pro/Documents/a_env/proj_data/lib/python3.7/site-packages/airflow/example_dags/tutorial_taskflow_api_etl.py for tasks to queue
[2022-07-24 23:23:28,852] {logging_mixin.py:115} INFO - [2022-07-24 23:23:28,851] {dagbag.py:508} INFO - Filling up the DagBag from /Users/pro/Documents/a_env/proj_data/lib/python3.7/site-packages/airflow/example_dags/tutorial_taskflow_api_etl.py
[2022-07-24 23:23:28,875] {processor.py:651} INFO - DAG(s) dict_keys(['tutorial_taskflow_api_etl']) retrieved from /Users/pro/Documents/a_env/proj_data/lib/python3.7/site-packages/airflow/example_dags/tutorial_taskflow_api_etl.py
[2022-07-24 23:23:28,897] {logging_mixin.py:115} INFO - [2022-07-24 23:23:28,897] {dag.py:2420} INFO - Sync 1 DAGs
[2022-07-24 23:23:28,921] {logging_mixin.py:115} INFO - [2022-07-24 23:23:28,921] {dag.py:2972} INFO - Setting next_dagrun for tutorial_taskflow_api_etl to None, run_after=None
[2022-07-24 23:23:28,934] {processor.py:161} INFO - Processing /Users/pro/Documents/a_env/proj_data/lib/python3.7/site-packages/airflow/example_dags/tutorial_taskflow_api_etl.py took 0.091 seconds
[2022-07-24 23:24:04,012] {processor.py:153} INFO - Started process (PID=14254) to work on /Users/pro/Documents/a_env/proj_data/lib/python3.7/site-packages/airflow/example_dags/tutorial_taskflow_api_etl.py
[2022-07-24 23:24:04,013] {processor.py:641} INFO - Processing file /Users/pro/Documents/a_env/proj_data/lib/python3.7/site-packages/airflow/example_dags/tutorial_taskflow_api_etl.py for tasks to queue
[2022-07-24 23:24:04,014] {logging_mixin.py:115} INFO - [2022-07-24 23:24:04,014] {dagbag.py:508} INFO - Filling up the DagBag from /Users/pro/Documents/a_env/proj_data/lib/python3.7/site-packages/airflow/example_dags/tutorial_taskflow_api_etl.py
[2022-07-24 23:24:04,039] {processor.py:651} INFO - DAG(s) dict_keys(['tutorial_taskflow_api_etl']) retrieved from /Users/pro/Documents/a_env/proj_data/lib/python3.7/site-packages/airflow/example_dags/tutorial_taskflow_api_etl.py
[2022-07-24 23:24:04,104] {logging_mixin.py:115} INFO - [2022-07-24 23:24:04,104] {dag.py:2420} INFO - Sync 1 DAGs
[2022-07-24 23:24:04,127] {logging_mixin.py:115} INFO - [2022-07-24 23:24:04,127] {dag.py:2972} INFO - Setting next_dagrun for tutorial_taskflow_api_etl to None, run_after=None
[2022-07-24 23:24:04,144] {processor.py:161} INFO - Processing /Users/pro/Documents/a_env/proj_data/lib/python3.7/site-packages/airflow/example_dags/tutorial_taskflow_api_etl.py took 0.137 seconds
[2022-07-24 23:24:38,923] {processor.py:153} INFO - Started process (PID=14379) to work on /Users/pro/Documents/a_env/proj_data/lib/python3.7/site-packages/airflow/example_dags/tutorial_taskflow_api_etl.py
[2022-07-24 23:24:38,924] {processor.py:641} INFO - Processing file /Users/pro/Documents/a_env/proj_data/lib/python3.7/site-packages/airflow/example_dags/tutorial_taskflow_api_etl.py for tasks to queue
[2022-07-24 23:24:38,925] {logging_mixin.py:115} INFO - [2022-07-24 23:24:38,925] {dagbag.py:508} INFO - Filling up the DagBag from /Users/pro/Documents/a_env/proj_data/lib/python3.7/site-packages/airflow/example_dags/tutorial_taskflow_api_etl.py
[2022-07-24 23:24:38,947] {processor.py:651} INFO - DAG(s) dict_keys(['tutorial_taskflow_api_etl']) retrieved from /Users/pro/Documents/a_env/proj_data/lib/python3.7/site-packages/airflow/example_dags/tutorial_taskflow_api_etl.py
[2022-07-24 23:24:39,004] {logging_mixin.py:115} INFO - [2022-07-24 23:24:39,003] {dag.py:2420} INFO - Sync 1 DAGs
[2022-07-24 23:24:39,024] {logging_mixin.py:115} INFO - [2022-07-24 23:24:39,024] {dag.py:2972} INFO - Setting next_dagrun for tutorial_taskflow_api_etl to None, run_after=None
[2022-07-24 23:24:39,037] {processor.py:161} INFO - Processing /Users/pro/Documents/a_env/proj_data/lib/python3.7/site-packages/airflow/example_dags/tutorial_taskflow_api_etl.py took 0.119 seconds
[2022-07-24 23:25:15,121] {processor.py:153} INFO - Started process (PID=14433) to work on /Users/pro/Documents/a_env/proj_data/lib/python3.7/site-packages/airflow/example_dags/tutorial_taskflow_api_etl.py
[2022-07-24 23:25:15,123] {processor.py:641} INFO - Processing file /Users/pro/Documents/a_env/proj_data/lib/python3.7/site-packages/airflow/example_dags/tutorial_taskflow_api_etl.py for tasks to queue
[2022-07-24 23:25:15,125] {logging_mixin.py:115} INFO - [2022-07-24 23:25:15,124] {dagbag.py:508} INFO - Filling up the DagBag from /Users/pro/Documents/a_env/proj_data/lib/python3.7/site-packages/airflow/example_dags/tutorial_taskflow_api_etl.py
[2022-07-24 23:25:15,149] {processor.py:651} INFO - DAG(s) dict_keys(['tutorial_taskflow_api_etl']) retrieved from /Users/pro/Documents/a_env/proj_data/lib/python3.7/site-packages/airflow/example_dags/tutorial_taskflow_api_etl.py
[2022-07-24 23:25:15,216] {logging_mixin.py:115} INFO - [2022-07-24 23:25:15,215] {dag.py:2420} INFO - Sync 1 DAGs
[2022-07-24 23:25:15,239] {logging_mixin.py:115} INFO - [2022-07-24 23:25:15,239] {dag.py:2972} INFO - Setting next_dagrun for tutorial_taskflow_api_etl to None, run_after=None
[2022-07-24 23:25:15,254] {processor.py:161} INFO - Processing /Users/pro/Documents/a_env/proj_data/lib/python3.7/site-packages/airflow/example_dags/tutorial_taskflow_api_etl.py took 0.138 seconds
[2022-07-24 23:25:50,142] {processor.py:153} INFO - Started process (PID=14483) to work on /Users/pro/Documents/a_env/proj_data/lib/python3.7/site-packages/airflow/example_dags/tutorial_taskflow_api_etl.py
[2022-07-24 23:25:50,144] {processor.py:641} INFO - Processing file /Users/pro/Documents/a_env/proj_data/lib/python3.7/site-packages/airflow/example_dags/tutorial_taskflow_api_etl.py for tasks to queue
[2022-07-24 23:25:50,145] {logging_mixin.py:115} INFO - [2022-07-24 23:25:50,145] {dagbag.py:508} INFO - Filling up the DagBag from /Users/pro/Documents/a_env/proj_data/lib/python3.7/site-packages/airflow/example_dags/tutorial_taskflow_api_etl.py
[2022-07-24 23:25:50,169] {processor.py:651} INFO - DAG(s) dict_keys(['tutorial_taskflow_api_etl']) retrieved from /Users/pro/Documents/a_env/proj_data/lib/python3.7/site-packages/airflow/example_dags/tutorial_taskflow_api_etl.py
[2022-07-24 23:25:50,231] {logging_mixin.py:115} INFO - [2022-07-24 23:25:50,230] {dag.py:2420} INFO - Sync 1 DAGs
[2022-07-24 23:25:50,253] {logging_mixin.py:115} INFO - [2022-07-24 23:25:50,252] {dag.py:2972} INFO - Setting next_dagrun for tutorial_taskflow_api_etl to None, run_after=None
[2022-07-24 23:25:50,287] {processor.py:161} INFO - Processing /Users/pro/Documents/a_env/proj_data/lib/python3.7/site-packages/airflow/example_dags/tutorial_taskflow_api_etl.py took 0.151 seconds
[2022-07-24 23:26:25,048] {processor.py:153} INFO - Started process (PID=14520) to work on /Users/pro/Documents/a_env/proj_data/lib/python3.7/site-packages/airflow/example_dags/tutorial_taskflow_api_etl.py
[2022-07-24 23:26:25,049] {processor.py:641} INFO - Processing file /Users/pro/Documents/a_env/proj_data/lib/python3.7/site-packages/airflow/example_dags/tutorial_taskflow_api_etl.py for tasks to queue
[2022-07-24 23:26:25,050] {logging_mixin.py:115} INFO - [2022-07-24 23:26:25,050] {dagbag.py:508} INFO - Filling up the DagBag from /Users/pro/Documents/a_env/proj_data/lib/python3.7/site-packages/airflow/example_dags/tutorial_taskflow_api_etl.py
[2022-07-24 23:26:25,074] {processor.py:651} INFO - DAG(s) dict_keys(['tutorial_taskflow_api_etl']) retrieved from /Users/pro/Documents/a_env/proj_data/lib/python3.7/site-packages/airflow/example_dags/tutorial_taskflow_api_etl.py
[2022-07-24 23:26:25,137] {logging_mixin.py:115} INFO - [2022-07-24 23:26:25,136] {dag.py:2420} INFO - Sync 1 DAGs
[2022-07-24 23:26:25,158] {logging_mixin.py:115} INFO - [2022-07-24 23:26:25,158] {dag.py:2972} INFO - Setting next_dagrun for tutorial_taskflow_api_etl to None, run_after=None
[2022-07-24 23:26:25,174] {processor.py:161} INFO - Processing /Users/pro/Documents/a_env/proj_data/lib/python3.7/site-packages/airflow/example_dags/tutorial_taskflow_api_etl.py took 0.131 seconds
[2022-07-24 23:27:00,711] {processor.py:153} INFO - Started process (PID=14581) to work on /Users/pro/Documents/a_env/proj_data/lib/python3.7/site-packages/airflow/example_dags/tutorial_taskflow_api_etl.py
[2022-07-24 23:27:00,713] {processor.py:641} INFO - Processing file /Users/pro/Documents/a_env/proj_data/lib/python3.7/site-packages/airflow/example_dags/tutorial_taskflow_api_etl.py for tasks to queue
[2022-07-24 23:27:00,714] {logging_mixin.py:115} INFO - [2022-07-24 23:27:00,714] {dagbag.py:508} INFO - Filling up the DagBag from /Users/pro/Documents/a_env/proj_data/lib/python3.7/site-packages/airflow/example_dags/tutorial_taskflow_api_etl.py
[2022-07-24 23:27:00,738] {processor.py:651} INFO - DAG(s) dict_keys(['tutorial_taskflow_api_etl']) retrieved from /Users/pro/Documents/a_env/proj_data/lib/python3.7/site-packages/airflow/example_dags/tutorial_taskflow_api_etl.py
[2022-07-24 23:27:00,759] {logging_mixin.py:115} INFO - [2022-07-24 23:27:00,758] {dag.py:2420} INFO - Sync 1 DAGs
[2022-07-24 23:27:00,783] {logging_mixin.py:115} INFO - [2022-07-24 23:27:00,783] {dag.py:2972} INFO - Setting next_dagrun for tutorial_taskflow_api_etl to None, run_after=None
[2022-07-24 23:27:00,796] {processor.py:161} INFO - Processing /Users/pro/Documents/a_env/proj_data/lib/python3.7/site-packages/airflow/example_dags/tutorial_taskflow_api_etl.py took 0.090 seconds
[2022-07-24 23:27:34,248] {processor.py:153} INFO - Started process (PID=14692) to work on /Users/pro/Documents/a_env/proj_data/lib/python3.7/site-packages/airflow/example_dags/tutorial_taskflow_api_etl.py
[2022-07-24 23:27:34,250] {processor.py:641} INFO - Processing file /Users/pro/Documents/a_env/proj_data/lib/python3.7/site-packages/airflow/example_dags/tutorial_taskflow_api_etl.py for tasks to queue
[2022-07-24 23:27:34,254] {logging_mixin.py:115} INFO - [2022-07-24 23:27:34,251] {dagbag.py:508} INFO - Filling up the DagBag from /Users/pro/Documents/a_env/proj_data/lib/python3.7/site-packages/airflow/example_dags/tutorial_taskflow_api_etl.py
[2022-07-24 23:27:34,335] {processor.py:651} INFO - DAG(s) dict_keys(['tutorial_taskflow_api_etl']) retrieved from /Users/pro/Documents/a_env/proj_data/lib/python3.7/site-packages/airflow/example_dags/tutorial_taskflow_api_etl.py
[2022-07-24 23:27:34,416] {logging_mixin.py:115} INFO - [2022-07-24 23:27:34,416] {dag.py:2420} INFO - Sync 1 DAGs
[2022-07-24 23:27:34,437] {logging_mixin.py:115} INFO - [2022-07-24 23:27:34,436] {dag.py:2972} INFO - Setting next_dagrun for tutorial_taskflow_api_etl to None, run_after=None
[2022-07-24 23:27:34,450] {processor.py:161} INFO - Processing /Users/pro/Documents/a_env/proj_data/lib/python3.7/site-packages/airflow/example_dags/tutorial_taskflow_api_etl.py took 0.220 seconds
[2022-07-24 23:28:07,921] {processor.py:153} INFO - Started process (PID=14776) to work on /Users/pro/Documents/a_env/proj_data/lib/python3.7/site-packages/airflow/example_dags/tutorial_taskflow_api_etl.py
[2022-07-24 23:28:07,923] {processor.py:641} INFO - Processing file /Users/pro/Documents/a_env/proj_data/lib/python3.7/site-packages/airflow/example_dags/tutorial_taskflow_api_etl.py for tasks to queue
[2022-07-24 23:28:07,924] {logging_mixin.py:115} INFO - [2022-07-24 23:28:07,924] {dagbag.py:508} INFO - Filling up the DagBag from /Users/pro/Documents/a_env/proj_data/lib/python3.7/site-packages/airflow/example_dags/tutorial_taskflow_api_etl.py
[2022-07-24 23:28:07,948] {processor.py:651} INFO - DAG(s) dict_keys(['tutorial_taskflow_api_etl']) retrieved from /Users/pro/Documents/a_env/proj_data/lib/python3.7/site-packages/airflow/example_dags/tutorial_taskflow_api_etl.py
[2022-07-24 23:28:07,969] {logging_mixin.py:115} INFO - [2022-07-24 23:28:07,969] {dag.py:2420} INFO - Sync 1 DAGs
[2022-07-24 23:28:07,997] {logging_mixin.py:115} INFO - [2022-07-24 23:28:07,996] {dag.py:2972} INFO - Setting next_dagrun for tutorial_taskflow_api_etl to None, run_after=None
[2022-07-24 23:28:08,014] {processor.py:161} INFO - Processing /Users/pro/Documents/a_env/proj_data/lib/python3.7/site-packages/airflow/example_dags/tutorial_taskflow_api_etl.py took 0.099 seconds
[2022-07-24 23:28:42,935] {processor.py:153} INFO - Started process (PID=14841) to work on /Users/pro/Documents/a_env/proj_data/lib/python3.7/site-packages/airflow/example_dags/tutorial_taskflow_api_etl.py
[2022-07-24 23:28:42,937] {processor.py:641} INFO - Processing file /Users/pro/Documents/a_env/proj_data/lib/python3.7/site-packages/airflow/example_dags/tutorial_taskflow_api_etl.py for tasks to queue
[2022-07-24 23:28:42,938] {logging_mixin.py:115} INFO - [2022-07-24 23:28:42,938] {dagbag.py:508} INFO - Filling up the DagBag from /Users/pro/Documents/a_env/proj_data/lib/python3.7/site-packages/airflow/example_dags/tutorial_taskflow_api_etl.py
[2022-07-24 23:28:42,965] {processor.py:651} INFO - DAG(s) dict_keys(['tutorial_taskflow_api_etl']) retrieved from /Users/pro/Documents/a_env/proj_data/lib/python3.7/site-packages/airflow/example_dags/tutorial_taskflow_api_etl.py
[2022-07-24 23:28:42,999] {logging_mixin.py:115} INFO - [2022-07-24 23:28:42,998] {dag.py:2420} INFO - Sync 1 DAGs
[2022-07-24 23:28:43,022] {logging_mixin.py:115} INFO - [2022-07-24 23:28:43,022] {dag.py:2972} INFO - Setting next_dagrun for tutorial_taskflow_api_etl to None, run_after=None
[2022-07-24 23:28:43,054] {processor.py:161} INFO - Processing /Users/pro/Documents/a_env/proj_data/lib/python3.7/site-packages/airflow/example_dags/tutorial_taskflow_api_etl.py took 0.125 seconds
[2022-07-24 23:29:17,056] {processor.py:153} INFO - Started process (PID=14875) to work on /Users/pro/Documents/a_env/proj_data/lib/python3.7/site-packages/airflow/example_dags/tutorial_taskflow_api_etl.py
[2022-07-24 23:29:17,057] {processor.py:641} INFO - Processing file /Users/pro/Documents/a_env/proj_data/lib/python3.7/site-packages/airflow/example_dags/tutorial_taskflow_api_etl.py for tasks to queue
[2022-07-24 23:29:17,058] {logging_mixin.py:115} INFO - [2022-07-24 23:29:17,058] {dagbag.py:508} INFO - Filling up the DagBag from /Users/pro/Documents/a_env/proj_data/lib/python3.7/site-packages/airflow/example_dags/tutorial_taskflow_api_etl.py
[2022-07-24 23:29:17,084] {processor.py:651} INFO - DAG(s) dict_keys(['tutorial_taskflow_api_etl']) retrieved from /Users/pro/Documents/a_env/proj_data/lib/python3.7/site-packages/airflow/example_dags/tutorial_taskflow_api_etl.py
[2022-07-24 23:29:17,106] {logging_mixin.py:115} INFO - [2022-07-24 23:29:17,106] {dag.py:2420} INFO - Sync 1 DAGs
[2022-07-24 23:29:17,130] {logging_mixin.py:115} INFO - [2022-07-24 23:29:17,129] {dag.py:2972} INFO - Setting next_dagrun for tutorial_taskflow_api_etl to None, run_after=None
[2022-07-24 23:29:17,143] {processor.py:161} INFO - Processing /Users/pro/Documents/a_env/proj_data/lib/python3.7/site-packages/airflow/example_dags/tutorial_taskflow_api_etl.py took 0.093 seconds
[2022-07-24 23:29:51,090] {processor.py:153} INFO - Started process (PID=14917) to work on /Users/pro/Documents/a_env/proj_data/lib/python3.7/site-packages/airflow/example_dags/tutorial_taskflow_api_etl.py
[2022-07-24 23:29:51,091] {processor.py:641} INFO - Processing file /Users/pro/Documents/a_env/proj_data/lib/python3.7/site-packages/airflow/example_dags/tutorial_taskflow_api_etl.py for tasks to queue
[2022-07-24 23:29:51,093] {logging_mixin.py:115} INFO - [2022-07-24 23:29:51,092] {dagbag.py:508} INFO - Filling up the DagBag from /Users/pro/Documents/a_env/proj_data/lib/python3.7/site-packages/airflow/example_dags/tutorial_taskflow_api_etl.py
[2022-07-24 23:29:51,115] {processor.py:651} INFO - DAG(s) dict_keys(['tutorial_taskflow_api_etl']) retrieved from /Users/pro/Documents/a_env/proj_data/lib/python3.7/site-packages/airflow/example_dags/tutorial_taskflow_api_etl.py
[2022-07-24 23:29:51,134] {logging_mixin.py:115} INFO - [2022-07-24 23:29:51,134] {dag.py:2420} INFO - Sync 1 DAGs
[2022-07-24 23:29:51,158] {logging_mixin.py:115} INFO - [2022-07-24 23:29:51,158] {dag.py:2972} INFO - Setting next_dagrun for tutorial_taskflow_api_etl to None, run_after=None
[2022-07-24 23:29:51,173] {processor.py:161} INFO - Processing /Users/pro/Documents/a_env/proj_data/lib/python3.7/site-packages/airflow/example_dags/tutorial_taskflow_api_etl.py took 0.088 seconds
[2022-07-24 23:30:24,356] {processor.py:153} INFO - Started process (PID=14960) to work on /Users/pro/Documents/a_env/proj_data/lib/python3.7/site-packages/airflow/example_dags/tutorial_taskflow_api_etl.py
[2022-07-24 23:30:24,357] {processor.py:641} INFO - Processing file /Users/pro/Documents/a_env/proj_data/lib/python3.7/site-packages/airflow/example_dags/tutorial_taskflow_api_etl.py for tasks to queue
[2022-07-24 23:30:24,358] {logging_mixin.py:115} INFO - [2022-07-24 23:30:24,358] {dagbag.py:508} INFO - Filling up the DagBag from /Users/pro/Documents/a_env/proj_data/lib/python3.7/site-packages/airflow/example_dags/tutorial_taskflow_api_etl.py
[2022-07-24 23:30:24,382] {processor.py:651} INFO - DAG(s) dict_keys(['tutorial_taskflow_api_etl']) retrieved from /Users/pro/Documents/a_env/proj_data/lib/python3.7/site-packages/airflow/example_dags/tutorial_taskflow_api_etl.py
[2022-07-24 23:30:24,404] {logging_mixin.py:115} INFO - [2022-07-24 23:30:24,404] {dag.py:2420} INFO - Sync 1 DAGs
[2022-07-24 23:30:24,426] {logging_mixin.py:115} INFO - [2022-07-24 23:30:24,426] {dag.py:2972} INFO - Setting next_dagrun for tutorial_taskflow_api_etl to None, run_after=None
[2022-07-24 23:30:24,440] {processor.py:161} INFO - Processing /Users/pro/Documents/a_env/proj_data/lib/python3.7/site-packages/airflow/example_dags/tutorial_taskflow_api_etl.py took 0.090 seconds
[2022-07-24 23:30:57,994] {processor.py:153} INFO - Started process (PID=14999) to work on /Users/pro/Documents/a_env/proj_data/lib/python3.7/site-packages/airflow/example_dags/tutorial_taskflow_api_etl.py
[2022-07-24 23:30:57,995] {processor.py:641} INFO - Processing file /Users/pro/Documents/a_env/proj_data/lib/python3.7/site-packages/airflow/example_dags/tutorial_taskflow_api_etl.py for tasks to queue
[2022-07-24 23:30:57,996] {logging_mixin.py:115} INFO - [2022-07-24 23:30:57,996] {dagbag.py:508} INFO - Filling up the DagBag from /Users/pro/Documents/a_env/proj_data/lib/python3.7/site-packages/airflow/example_dags/tutorial_taskflow_api_etl.py
[2022-07-24 23:30:58,019] {processor.py:651} INFO - DAG(s) dict_keys(['tutorial_taskflow_api_etl']) retrieved from /Users/pro/Documents/a_env/proj_data/lib/python3.7/site-packages/airflow/example_dags/tutorial_taskflow_api_etl.py
[2022-07-24 23:30:58,040] {logging_mixin.py:115} INFO - [2022-07-24 23:30:58,039] {dag.py:2420} INFO - Sync 1 DAGs
[2022-07-24 23:30:58,061] {logging_mixin.py:115} INFO - [2022-07-24 23:30:58,061] {dag.py:2972} INFO - Setting next_dagrun for tutorial_taskflow_api_etl to None, run_after=None
[2022-07-24 23:30:58,075] {processor.py:161} INFO - Processing /Users/pro/Documents/a_env/proj_data/lib/python3.7/site-packages/airflow/example_dags/tutorial_taskflow_api_etl.py took 0.086 seconds
[2022-07-24 23:31:31,803] {processor.py:153} INFO - Started process (PID=15038) to work on /Users/pro/Documents/a_env/proj_data/lib/python3.7/site-packages/airflow/example_dags/tutorial_taskflow_api_etl.py
[2022-07-24 23:31:31,804] {processor.py:641} INFO - Processing file /Users/pro/Documents/a_env/proj_data/lib/python3.7/site-packages/airflow/example_dags/tutorial_taskflow_api_etl.py for tasks to queue
[2022-07-24 23:31:31,805] {logging_mixin.py:115} INFO - [2022-07-24 23:31:31,805] {dagbag.py:508} INFO - Filling up the DagBag from /Users/pro/Documents/a_env/proj_data/lib/python3.7/site-packages/airflow/example_dags/tutorial_taskflow_api_etl.py
[2022-07-24 23:31:31,831] {processor.py:651} INFO - DAG(s) dict_keys(['tutorial_taskflow_api_etl']) retrieved from /Users/pro/Documents/a_env/proj_data/lib/python3.7/site-packages/airflow/example_dags/tutorial_taskflow_api_etl.py
[2022-07-24 23:31:31,901] {logging_mixin.py:115} INFO - [2022-07-24 23:31:31,900] {dag.py:2420} INFO - Sync 1 DAGs
[2022-07-24 23:31:31,922] {logging_mixin.py:115} INFO - [2022-07-24 23:31:31,922] {dag.py:2972} INFO - Setting next_dagrun for tutorial_taskflow_api_etl to None, run_after=None
[2022-07-24 23:31:31,938] {processor.py:161} INFO - Processing /Users/pro/Documents/a_env/proj_data/lib/python3.7/site-packages/airflow/example_dags/tutorial_taskflow_api_etl.py took 0.140 seconds
[2022-07-24 23:32:06,671] {processor.py:153} INFO - Started process (PID=15141) to work on /Users/pro/Documents/a_env/proj_data/lib/python3.7/site-packages/airflow/example_dags/tutorial_taskflow_api_etl.py
[2022-07-24 23:32:06,673] {processor.py:641} INFO - Processing file /Users/pro/Documents/a_env/proj_data/lib/python3.7/site-packages/airflow/example_dags/tutorial_taskflow_api_etl.py for tasks to queue
[2022-07-24 23:32:06,674] {logging_mixin.py:115} INFO - [2022-07-24 23:32:06,674] {dagbag.py:508} INFO - Filling up the DagBag from /Users/pro/Documents/a_env/proj_data/lib/python3.7/site-packages/airflow/example_dags/tutorial_taskflow_api_etl.py
[2022-07-24 23:32:06,714] {processor.py:651} INFO - DAG(s) dict_keys(['tutorial_taskflow_api_etl']) retrieved from /Users/pro/Documents/a_env/proj_data/lib/python3.7/site-packages/airflow/example_dags/tutorial_taskflow_api_etl.py
[2022-07-24 23:32:06,790] {logging_mixin.py:115} INFO - [2022-07-24 23:32:06,790] {dag.py:2420} INFO - Sync 1 DAGs
[2022-07-24 23:32:06,812] {logging_mixin.py:115} INFO - [2022-07-24 23:32:06,812] {dag.py:2972} INFO - Setting next_dagrun for tutorial_taskflow_api_etl to None, run_after=None
[2022-07-24 23:32:06,829] {processor.py:161} INFO - Processing /Users/pro/Documents/a_env/proj_data/lib/python3.7/site-packages/airflow/example_dags/tutorial_taskflow_api_etl.py took 0.164 seconds
[2022-07-24 23:32:41,902] {processor.py:153} INFO - Started process (PID=15214) to work on /Users/pro/Documents/a_env/proj_data/lib/python3.7/site-packages/airflow/example_dags/tutorial_taskflow_api_etl.py
[2022-07-24 23:32:41,904] {processor.py:641} INFO - Processing file /Users/pro/Documents/a_env/proj_data/lib/python3.7/site-packages/airflow/example_dags/tutorial_taskflow_api_etl.py for tasks to queue
[2022-07-24 23:32:41,906] {logging_mixin.py:115} INFO - [2022-07-24 23:32:41,905] {dagbag.py:508} INFO - Filling up the DagBag from /Users/pro/Documents/a_env/proj_data/lib/python3.7/site-packages/airflow/example_dags/tutorial_taskflow_api_etl.py
[2022-07-24 23:32:41,930] {processor.py:651} INFO - DAG(s) dict_keys(['tutorial_taskflow_api_etl']) retrieved from /Users/pro/Documents/a_env/proj_data/lib/python3.7/site-packages/airflow/example_dags/tutorial_taskflow_api_etl.py
[2022-07-24 23:32:41,989] {logging_mixin.py:115} INFO - [2022-07-24 23:32:41,988] {dag.py:2420} INFO - Sync 1 DAGs
[2022-07-24 23:32:42,010] {logging_mixin.py:115} INFO - [2022-07-24 23:32:42,009] {dag.py:2972} INFO - Setting next_dagrun for tutorial_taskflow_api_etl to None, run_after=None
[2022-07-24 23:32:42,026] {processor.py:161} INFO - Processing /Users/pro/Documents/a_env/proj_data/lib/python3.7/site-packages/airflow/example_dags/tutorial_taskflow_api_etl.py took 0.130 seconds
[2022-07-24 23:33:16,317] {processor.py:153} INFO - Started process (PID=15312) to work on /Users/pro/Documents/a_env/proj_data/lib/python3.7/site-packages/airflow/example_dags/tutorial_taskflow_api_etl.py
[2022-07-24 23:33:16,318] {processor.py:641} INFO - Processing file /Users/pro/Documents/a_env/proj_data/lib/python3.7/site-packages/airflow/example_dags/tutorial_taskflow_api_etl.py for tasks to queue
[2022-07-24 23:33:16,319] {logging_mixin.py:115} INFO - [2022-07-24 23:33:16,319] {dagbag.py:508} INFO - Filling up the DagBag from /Users/pro/Documents/a_env/proj_data/lib/python3.7/site-packages/airflow/example_dags/tutorial_taskflow_api_etl.py
[2022-07-24 23:33:16,343] {processor.py:651} INFO - DAG(s) dict_keys(['tutorial_taskflow_api_etl']) retrieved from /Users/pro/Documents/a_env/proj_data/lib/python3.7/site-packages/airflow/example_dags/tutorial_taskflow_api_etl.py
[2022-07-24 23:33:16,363] {logging_mixin.py:115} INFO - [2022-07-24 23:33:16,362] {dag.py:2420} INFO - Sync 1 DAGs
[2022-07-24 23:33:16,386] {logging_mixin.py:115} INFO - [2022-07-24 23:33:16,386] {dag.py:2972} INFO - Setting next_dagrun for tutorial_taskflow_api_etl to None, run_after=None
[2022-07-24 23:33:16,401] {processor.py:161} INFO - Processing /Users/pro/Documents/a_env/proj_data/lib/python3.7/site-packages/airflow/example_dags/tutorial_taskflow_api_etl.py took 0.089 seconds
[2022-07-24 23:33:50,880] {processor.py:153} INFO - Started process (PID=15399) to work on /Users/pro/Documents/a_env/proj_data/lib/python3.7/site-packages/airflow/example_dags/tutorial_taskflow_api_etl.py
[2022-07-24 23:33:50,881] {processor.py:641} INFO - Processing file /Users/pro/Documents/a_env/proj_data/lib/python3.7/site-packages/airflow/example_dags/tutorial_taskflow_api_etl.py for tasks to queue
[2022-07-24 23:33:50,883] {logging_mixin.py:115} INFO - [2022-07-24 23:33:50,882] {dagbag.py:508} INFO - Filling up the DagBag from /Users/pro/Documents/a_env/proj_data/lib/python3.7/site-packages/airflow/example_dags/tutorial_taskflow_api_etl.py
[2022-07-24 23:33:50,908] {processor.py:651} INFO - DAG(s) dict_keys(['tutorial_taskflow_api_etl']) retrieved from /Users/pro/Documents/a_env/proj_data/lib/python3.7/site-packages/airflow/example_dags/tutorial_taskflow_api_etl.py
[2022-07-24 23:33:50,930] {logging_mixin.py:115} INFO - [2022-07-24 23:33:50,929] {dag.py:2420} INFO - Sync 1 DAGs
[2022-07-24 23:33:50,952] {logging_mixin.py:115} INFO - [2022-07-24 23:33:50,952] {dag.py:2972} INFO - Setting next_dagrun for tutorial_taskflow_api_etl to None, run_after=None
[2022-07-24 23:33:50,966] {processor.py:161} INFO - Processing /Users/pro/Documents/a_env/proj_data/lib/python3.7/site-packages/airflow/example_dags/tutorial_taskflow_api_etl.py took 0.091 seconds
[2022-07-24 23:34:25,729] {processor.py:153} INFO - Started process (PID=15498) to work on /Users/pro/Documents/a_env/proj_data/lib/python3.7/site-packages/airflow/example_dags/tutorial_taskflow_api_etl.py
[2022-07-24 23:34:25,731] {processor.py:641} INFO - Processing file /Users/pro/Documents/a_env/proj_data/lib/python3.7/site-packages/airflow/example_dags/tutorial_taskflow_api_etl.py for tasks to queue
[2022-07-24 23:34:25,733] {logging_mixin.py:115} INFO - [2022-07-24 23:34:25,732] {dagbag.py:508} INFO - Filling up the DagBag from /Users/pro/Documents/a_env/proj_data/lib/python3.7/site-packages/airflow/example_dags/tutorial_taskflow_api_etl.py
[2022-07-24 23:34:25,755] {processor.py:651} INFO - DAG(s) dict_keys(['tutorial_taskflow_api_etl']) retrieved from /Users/pro/Documents/a_env/proj_data/lib/python3.7/site-packages/airflow/example_dags/tutorial_taskflow_api_etl.py
[2022-07-24 23:34:25,775] {logging_mixin.py:115} INFO - [2022-07-24 23:34:25,775] {dag.py:2420} INFO - Sync 1 DAGs
[2022-07-24 23:34:25,797] {logging_mixin.py:115} INFO - [2022-07-24 23:34:25,796] {dag.py:2972} INFO - Setting next_dagrun for tutorial_taskflow_api_etl to None, run_after=None
[2022-07-24 23:34:25,810] {processor.py:161} INFO - Processing /Users/pro/Documents/a_env/proj_data/lib/python3.7/site-packages/airflow/example_dags/tutorial_taskflow_api_etl.py took 0.086 seconds
