[2022-07-24 23:12:08,885] {processor.py:153} INFO - Started process (PID=12396) to work on /Users/pro/Documents/a_env/proj_data/lib/python3.7/site-packages/airflow/example_dags/tutorial.py
[2022-07-24 23:12:08,886] {processor.py:641} INFO - Processing file /Users/pro/Documents/a_env/proj_data/lib/python3.7/site-packages/airflow/example_dags/tutorial.py for tasks to queue
[2022-07-24 23:12:08,887] {logging_mixin.py:115} INFO - [2022-07-24 23:12:08,886] {dagbag.py:508} INFO - Filling up the DagBag from /Users/pro/Documents/a_env/proj_data/lib/python3.7/site-packages/airflow/example_dags/tutorial.py
[2022-07-24 23:12:08,897] {processor.py:651} INFO - DAG(s) dict_keys(['tutorial']) retrieved from /Users/pro/Documents/a_env/proj_data/lib/python3.7/site-packages/airflow/example_dags/tutorial.py
[2022-07-24 23:12:08,970] {logging_mixin.py:115} INFO - [2022-07-24 23:12:08,969] {manager.py:508} INFO - Created Permission View: can edit on DAG:tutorial
[2022-07-24 23:12:08,979] {logging_mixin.py:115} INFO - [2022-07-24 23:12:08,978] {manager.py:508} INFO - Created Permission View: can delete on DAG:tutorial
[2022-07-24 23:12:08,986] {logging_mixin.py:115} INFO - [2022-07-24 23:12:08,985] {manager.py:508} INFO - Created Permission View: can read on DAG:tutorial
[2022-07-24 23:12:08,986] {logging_mixin.py:115} INFO - [2022-07-24 23:12:08,986] {dag.py:2420} INFO - Sync 1 DAGs
[2022-07-24 23:12:08,999] {logging_mixin.py:115} INFO - [2022-07-24 23:12:08,998] {dag.py:2439} INFO - Creating ORM DAG for tutorial
[2022-07-24 23:12:09,011] {logging_mixin.py:115} INFO - [2022-07-24 23:12:09,011] {dag.py:2972} INFO - Setting next_dagrun for tutorial to 2022-07-23T15:12:09.010429+00:00, run_after=2022-07-24T15:12:09.010429+00:00
[2022-07-24 23:12:09,026] {processor.py:161} INFO - Processing /Users/pro/Documents/a_env/proj_data/lib/python3.7/site-packages/airflow/example_dags/tutorial.py took 0.145 seconds
[2022-07-24 23:12:44,268] {processor.py:153} INFO - Started process (PID=12435) to work on /Users/pro/Documents/a_env/proj_data/lib/python3.7/site-packages/airflow/example_dags/tutorial.py
[2022-07-24 23:12:44,269] {processor.py:641} INFO - Processing file /Users/pro/Documents/a_env/proj_data/lib/python3.7/site-packages/airflow/example_dags/tutorial.py for tasks to queue
[2022-07-24 23:12:44,270] {logging_mixin.py:115} INFO - [2022-07-24 23:12:44,270] {dagbag.py:508} INFO - Filling up the DagBag from /Users/pro/Documents/a_env/proj_data/lib/python3.7/site-packages/airflow/example_dags/tutorial.py
[2022-07-24 23:12:44,279] {processor.py:651} INFO - DAG(s) dict_keys(['tutorial']) retrieved from /Users/pro/Documents/a_env/proj_data/lib/python3.7/site-packages/airflow/example_dags/tutorial.py
[2022-07-24 23:12:44,305] {logging_mixin.py:115} INFO - [2022-07-24 23:12:44,305] {dag.py:2420} INFO - Sync 1 DAGs
[2022-07-24 23:12:44,327] {logging_mixin.py:115} INFO - [2022-07-24 23:12:44,327] {dag.py:2972} INFO - Setting next_dagrun for tutorial to 2022-07-23T15:12:44.327136+00:00, run_after=2022-07-24T15:12:44.327136+00:00
[2022-07-24 23:12:44,340] {processor.py:161} INFO - Processing /Users/pro/Documents/a_env/proj_data/lib/python3.7/site-packages/airflow/example_dags/tutorial.py took 0.076 seconds
[2022-07-24 23:13:17,641] {processor.py:153} INFO - Started process (PID=12471) to work on /Users/pro/Documents/a_env/proj_data/lib/python3.7/site-packages/airflow/example_dags/tutorial.py
[2022-07-24 23:13:17,643] {processor.py:641} INFO - Processing file /Users/pro/Documents/a_env/proj_data/lib/python3.7/site-packages/airflow/example_dags/tutorial.py for tasks to queue
[2022-07-24 23:13:17,644] {logging_mixin.py:115} INFO - [2022-07-24 23:13:17,643] {dagbag.py:508} INFO - Filling up the DagBag from /Users/pro/Documents/a_env/proj_data/lib/python3.7/site-packages/airflow/example_dags/tutorial.py
[2022-07-24 23:13:17,656] {processor.py:651} INFO - DAG(s) dict_keys(['tutorial']) retrieved from /Users/pro/Documents/a_env/proj_data/lib/python3.7/site-packages/airflow/example_dags/tutorial.py
[2022-07-24 23:13:17,687] {logging_mixin.py:115} INFO - [2022-07-24 23:13:17,686] {dag.py:2420} INFO - Sync 1 DAGs
[2022-07-24 23:13:17,714] {logging_mixin.py:115} INFO - [2022-07-24 23:13:17,714] {dag.py:2972} INFO - Setting next_dagrun for tutorial to 2022-07-23T15:13:17.714243+00:00, run_after=2022-07-24T15:13:17.714243+00:00
[2022-07-24 23:13:17,732] {processor.py:161} INFO - Processing /Users/pro/Documents/a_env/proj_data/lib/python3.7/site-packages/airflow/example_dags/tutorial.py took 0.097 seconds
[2022-07-24 23:13:51,256] {processor.py:153} INFO - Started process (PID=12508) to work on /Users/pro/Documents/a_env/proj_data/lib/python3.7/site-packages/airflow/example_dags/tutorial.py
[2022-07-24 23:13:51,257] {processor.py:641} INFO - Processing file /Users/pro/Documents/a_env/proj_data/lib/python3.7/site-packages/airflow/example_dags/tutorial.py for tasks to queue
[2022-07-24 23:13:51,258] {logging_mixin.py:115} INFO - [2022-07-24 23:13:51,258] {dagbag.py:508} INFO - Filling up the DagBag from /Users/pro/Documents/a_env/proj_data/lib/python3.7/site-packages/airflow/example_dags/tutorial.py
[2022-07-24 23:13:51,268] {processor.py:651} INFO - DAG(s) dict_keys(['tutorial']) retrieved from /Users/pro/Documents/a_env/proj_data/lib/python3.7/site-packages/airflow/example_dags/tutorial.py
[2022-07-24 23:13:51,293] {logging_mixin.py:115} INFO - [2022-07-24 23:13:51,293] {dag.py:2420} INFO - Sync 1 DAGs
[2022-07-24 23:13:51,316] {logging_mixin.py:115} INFO - [2022-07-24 23:13:51,315] {dag.py:2972} INFO - Setting next_dagrun for tutorial to 2022-07-23T15:13:51.315503+00:00, run_after=2022-07-24T15:13:51.315503+00:00
[2022-07-24 23:13:51,330] {processor.py:161} INFO - Processing /Users/pro/Documents/a_env/proj_data/lib/python3.7/site-packages/airflow/example_dags/tutorial.py took 0.080 seconds
[2022-07-24 23:14:25,740] {processor.py:153} INFO - Started process (PID=12543) to work on /Users/pro/Documents/a_env/proj_data/lib/python3.7/site-packages/airflow/example_dags/tutorial.py
[2022-07-24 23:14:25,742] {processor.py:641} INFO - Processing file /Users/pro/Documents/a_env/proj_data/lib/python3.7/site-packages/airflow/example_dags/tutorial.py for tasks to queue
[2022-07-24 23:14:25,743] {logging_mixin.py:115} INFO - [2022-07-24 23:14:25,743] {dagbag.py:508} INFO - Filling up the DagBag from /Users/pro/Documents/a_env/proj_data/lib/python3.7/site-packages/airflow/example_dags/tutorial.py
[2022-07-24 23:14:25,753] {processor.py:651} INFO - DAG(s) dict_keys(['tutorial']) retrieved from /Users/pro/Documents/a_env/proj_data/lib/python3.7/site-packages/airflow/example_dags/tutorial.py
[2022-07-24 23:14:25,779] {logging_mixin.py:115} INFO - [2022-07-24 23:14:25,779] {dag.py:2420} INFO - Sync 1 DAGs
[2022-07-24 23:14:25,801] {logging_mixin.py:115} INFO - [2022-07-24 23:14:25,801] {dag.py:2972} INFO - Setting next_dagrun for tutorial to 2022-07-23T15:14:25.801254+00:00, run_after=2022-07-24T15:14:25.801254+00:00
[2022-07-24 23:14:25,815] {processor.py:161} INFO - Processing /Users/pro/Documents/a_env/proj_data/lib/python3.7/site-packages/airflow/example_dags/tutorial.py took 0.080 seconds
[2022-07-24 23:15:01,745] {processor.py:153} INFO - Started process (PID=12579) to work on /Users/pro/Documents/a_env/proj_data/lib/python3.7/site-packages/airflow/example_dags/tutorial.py
[2022-07-24 23:15:01,747] {processor.py:641} INFO - Processing file /Users/pro/Documents/a_env/proj_data/lib/python3.7/site-packages/airflow/example_dags/tutorial.py for tasks to queue
[2022-07-24 23:15:01,748] {logging_mixin.py:115} INFO - [2022-07-24 23:15:01,748] {dagbag.py:508} INFO - Filling up the DagBag from /Users/pro/Documents/a_env/proj_data/lib/python3.7/site-packages/airflow/example_dags/tutorial.py
[2022-07-24 23:15:01,758] {processor.py:651} INFO - DAG(s) dict_keys(['tutorial']) retrieved from /Users/pro/Documents/a_env/proj_data/lib/python3.7/site-packages/airflow/example_dags/tutorial.py
[2022-07-24 23:15:01,783] {logging_mixin.py:115} INFO - [2022-07-24 23:15:01,783] {dag.py:2420} INFO - Sync 1 DAGs
[2022-07-24 23:15:01,805] {logging_mixin.py:115} INFO - [2022-07-24 23:15:01,805] {dag.py:2972} INFO - Setting next_dagrun for tutorial to 2022-07-23T15:15:01.804929+00:00, run_after=2022-07-24T15:15:01.804929+00:00
[2022-07-24 23:15:01,818] {processor.py:161} INFO - Processing /Users/pro/Documents/a_env/proj_data/lib/python3.7/site-packages/airflow/example_dags/tutorial.py took 0.079 seconds
[2022-07-24 23:15:36,955] {processor.py:153} INFO - Started process (PID=12703) to work on /Users/pro/Documents/a_env/proj_data/lib/python3.7/site-packages/airflow/example_dags/tutorial.py
[2022-07-24 23:15:36,955] {processor.py:641} INFO - Processing file /Users/pro/Documents/a_env/proj_data/lib/python3.7/site-packages/airflow/example_dags/tutorial.py for tasks to queue
[2022-07-24 23:15:36,957] {logging_mixin.py:115} INFO - [2022-07-24 23:15:36,956] {dagbag.py:508} INFO - Filling up the DagBag from /Users/pro/Documents/a_env/proj_data/lib/python3.7/site-packages/airflow/example_dags/tutorial.py
[2022-07-24 23:15:36,970] {processor.py:651} INFO - DAG(s) dict_keys(['tutorial']) retrieved from /Users/pro/Documents/a_env/proj_data/lib/python3.7/site-packages/airflow/example_dags/tutorial.py
[2022-07-24 23:15:36,999] {logging_mixin.py:115} INFO - [2022-07-24 23:15:36,999] {dag.py:2420} INFO - Sync 1 DAGs
[2022-07-24 23:15:37,076] {logging_mixin.py:115} INFO - [2022-07-24 23:15:37,076] {dag.py:2972} INFO - Setting next_dagrun for tutorial to 2022-07-23T15:15:37.075613+00:00, run_after=2022-07-24T15:15:37.075613+00:00
[2022-07-24 23:15:37,172] {processor.py:161} INFO - Processing /Users/pro/Documents/a_env/proj_data/lib/python3.7/site-packages/airflow/example_dags/tutorial.py took 0.222 seconds
[2022-07-24 23:16:12,054] {processor.py:153} INFO - Started process (PID=12827) to work on /Users/pro/Documents/a_env/proj_data/lib/python3.7/site-packages/airflow/example_dags/tutorial.py
[2022-07-24 23:16:12,055] {processor.py:641} INFO - Processing file /Users/pro/Documents/a_env/proj_data/lib/python3.7/site-packages/airflow/example_dags/tutorial.py for tasks to queue
[2022-07-24 23:16:12,056] {logging_mixin.py:115} INFO - [2022-07-24 23:16:12,056] {dagbag.py:508} INFO - Filling up the DagBag from /Users/pro/Documents/a_env/proj_data/lib/python3.7/site-packages/airflow/example_dags/tutorial.py
[2022-07-24 23:16:12,065] {processor.py:651} INFO - DAG(s) dict_keys(['tutorial']) retrieved from /Users/pro/Documents/a_env/proj_data/lib/python3.7/site-packages/airflow/example_dags/tutorial.py
[2022-07-24 23:16:12,089] {logging_mixin.py:115} INFO - [2022-07-24 23:16:12,088] {dag.py:2420} INFO - Sync 1 DAGs
[2022-07-24 23:16:12,112] {logging_mixin.py:115} INFO - [2022-07-24 23:16:12,112] {dag.py:2972} INFO - Setting next_dagrun for tutorial to 2022-07-23T15:16:12.111909+00:00, run_after=2022-07-24T15:16:12.111909+00:00
[2022-07-24 23:16:12,126] {processor.py:161} INFO - Processing /Users/pro/Documents/a_env/proj_data/lib/python3.7/site-packages/airflow/example_dags/tutorial.py took 0.077 seconds
[2022-07-24 23:16:44,165] {processor.py:153} INFO - Started process (PID=12915) to work on /Users/pro/Documents/a_env/proj_data/lib/python3.7/site-packages/airflow/example_dags/tutorial.py
[2022-07-24 23:16:44,166] {processor.py:641} INFO - Processing file /Users/pro/Documents/a_env/proj_data/lib/python3.7/site-packages/airflow/example_dags/tutorial.py for tasks to queue
[2022-07-24 23:16:44,167] {logging_mixin.py:115} INFO - [2022-07-24 23:16:44,166] {dagbag.py:508} INFO - Filling up the DagBag from /Users/pro/Documents/a_env/proj_data/lib/python3.7/site-packages/airflow/example_dags/tutorial.py
[2022-07-24 23:16:44,175] {processor.py:651} INFO - DAG(s) dict_keys(['tutorial']) retrieved from /Users/pro/Documents/a_env/proj_data/lib/python3.7/site-packages/airflow/example_dags/tutorial.py
[2022-07-24 23:16:44,199] {logging_mixin.py:115} INFO - [2022-07-24 23:16:44,198] {dag.py:2420} INFO - Sync 1 DAGs
[2022-07-24 23:16:44,220] {logging_mixin.py:115} INFO - [2022-07-24 23:16:44,219] {dag.py:2972} INFO - Setting next_dagrun for tutorial to 2022-07-23T15:16:44.219357+00:00, run_after=2022-07-24T15:16:44.219357+00:00
[2022-07-24 23:16:44,232] {processor.py:161} INFO - Processing /Users/pro/Documents/a_env/proj_data/lib/python3.7/site-packages/airflow/example_dags/tutorial.py took 0.071 seconds
[2022-07-24 23:17:19,186] {processor.py:153} INFO - Started process (PID=13003) to work on /Users/pro/Documents/a_env/proj_data/lib/python3.7/site-packages/airflow/example_dags/tutorial.py
[2022-07-24 23:17:19,188] {processor.py:641} INFO - Processing file /Users/pro/Documents/a_env/proj_data/lib/python3.7/site-packages/airflow/example_dags/tutorial.py for tasks to queue
[2022-07-24 23:17:19,189] {logging_mixin.py:115} INFO - [2022-07-24 23:17:19,189] {dagbag.py:508} INFO - Filling up the DagBag from /Users/pro/Documents/a_env/proj_data/lib/python3.7/site-packages/airflow/example_dags/tutorial.py
[2022-07-24 23:17:19,198] {processor.py:651} INFO - DAG(s) dict_keys(['tutorial']) retrieved from /Users/pro/Documents/a_env/proj_data/lib/python3.7/site-packages/airflow/example_dags/tutorial.py
[2022-07-24 23:17:19,276] {logging_mixin.py:115} INFO - [2022-07-24 23:17:19,275] {dag.py:2420} INFO - Sync 1 DAGs
[2022-07-24 23:17:19,299] {logging_mixin.py:115} INFO - [2022-07-24 23:17:19,298] {dag.py:2972} INFO - Setting next_dagrun for tutorial to 2022-07-23T15:17:19.298441+00:00, run_after=2022-07-24T15:17:19.298441+00:00
[2022-07-24 23:17:19,312] {processor.py:161} INFO - Processing /Users/pro/Documents/a_env/proj_data/lib/python3.7/site-packages/airflow/example_dags/tutorial.py took 0.134 seconds
[2022-07-24 23:17:52,788] {processor.py:153} INFO - Started process (PID=13078) to work on /Users/pro/Documents/a_env/proj_data/lib/python3.7/site-packages/airflow/example_dags/tutorial.py
[2022-07-24 23:17:52,790] {processor.py:641} INFO - Processing file /Users/pro/Documents/a_env/proj_data/lib/python3.7/site-packages/airflow/example_dags/tutorial.py for tasks to queue
[2022-07-24 23:17:52,791] {logging_mixin.py:115} INFO - [2022-07-24 23:17:52,791] {dagbag.py:508} INFO - Filling up the DagBag from /Users/pro/Documents/a_env/proj_data/lib/python3.7/site-packages/airflow/example_dags/tutorial.py
[2022-07-24 23:17:52,799] {processor.py:651} INFO - DAG(s) dict_keys(['tutorial']) retrieved from /Users/pro/Documents/a_env/proj_data/lib/python3.7/site-packages/airflow/example_dags/tutorial.py
[2022-07-24 23:17:52,818] {logging_mixin.py:115} INFO - [2022-07-24 23:17:52,818] {dag.py:2420} INFO - Sync 1 DAGs
[2022-07-24 23:17:52,840] {logging_mixin.py:115} INFO - [2022-07-24 23:17:52,839] {dag.py:2972} INFO - Setting next_dagrun for tutorial to 2022-07-23T15:17:52.839541+00:00, run_after=2022-07-24T15:17:52.839541+00:00
[2022-07-24 23:17:52,853] {processor.py:161} INFO - Processing /Users/pro/Documents/a_env/proj_data/lib/python3.7/site-packages/airflow/example_dags/tutorial.py took 0.069 seconds
[2022-07-24 23:18:26,578] {processor.py:153} INFO - Started process (PID=13189) to work on /Users/pro/Documents/a_env/proj_data/lib/python3.7/site-packages/airflow/example_dags/tutorial.py
[2022-07-24 23:18:26,580] {processor.py:641} INFO - Processing file /Users/pro/Documents/a_env/proj_data/lib/python3.7/site-packages/airflow/example_dags/tutorial.py for tasks to queue
[2022-07-24 23:18:26,581] {logging_mixin.py:115} INFO - [2022-07-24 23:18:26,581] {dagbag.py:508} INFO - Filling up the DagBag from /Users/pro/Documents/a_env/proj_data/lib/python3.7/site-packages/airflow/example_dags/tutorial.py
[2022-07-24 23:18:26,592] {processor.py:651} INFO - DAG(s) dict_keys(['tutorial']) retrieved from /Users/pro/Documents/a_env/proj_data/lib/python3.7/site-packages/airflow/example_dags/tutorial.py
[2022-07-24 23:18:26,616] {logging_mixin.py:115} INFO - [2022-07-24 23:18:26,615] {dag.py:2420} INFO - Sync 1 DAGs
[2022-07-24 23:18:26,651] {logging_mixin.py:115} INFO - [2022-07-24 23:18:26,651] {dag.py:2972} INFO - Setting next_dagrun for tutorial to 2022-07-23T15:18:26.650934+00:00, run_after=2022-07-24T15:18:26.650934+00:00
[2022-07-24 23:18:26,670] {processor.py:161} INFO - Processing /Users/pro/Documents/a_env/proj_data/lib/python3.7/site-packages/airflow/example_dags/tutorial.py took 0.096 seconds
[2022-07-24 23:19:00,532] {processor.py:153} INFO - Started process (PID=13290) to work on /Users/pro/Documents/a_env/proj_data/lib/python3.7/site-packages/airflow/example_dags/tutorial.py
[2022-07-24 23:19:00,533] {processor.py:641} INFO - Processing file /Users/pro/Documents/a_env/proj_data/lib/python3.7/site-packages/airflow/example_dags/tutorial.py for tasks to queue
[2022-07-24 23:19:00,534] {logging_mixin.py:115} INFO - [2022-07-24 23:19:00,533] {dagbag.py:508} INFO - Filling up the DagBag from /Users/pro/Documents/a_env/proj_data/lib/python3.7/site-packages/airflow/example_dags/tutorial.py
[2022-07-24 23:19:00,543] {processor.py:651} INFO - DAG(s) dict_keys(['tutorial']) retrieved from /Users/pro/Documents/a_env/proj_data/lib/python3.7/site-packages/airflow/example_dags/tutorial.py
[2022-07-24 23:19:00,562] {logging_mixin.py:115} INFO - [2022-07-24 23:19:00,562] {dag.py:2420} INFO - Sync 1 DAGs
[2022-07-24 23:19:00,584] {logging_mixin.py:115} INFO - [2022-07-24 23:19:00,584] {dag.py:2972} INFO - Setting next_dagrun for tutorial to 2022-07-23T15:19:00.583999+00:00, run_after=2022-07-24T15:19:00.583999+00:00
[2022-07-24 23:19:00,598] {processor.py:161} INFO - Processing /Users/pro/Documents/a_env/proj_data/lib/python3.7/site-packages/airflow/example_dags/tutorial.py took 0.071 seconds
[2022-07-24 23:19:33,812] {processor.py:153} INFO - Started process (PID=13385) to work on /Users/pro/Documents/a_env/proj_data/lib/python3.7/site-packages/airflow/example_dags/tutorial.py
[2022-07-24 23:19:33,814] {processor.py:641} INFO - Processing file /Users/pro/Documents/a_env/proj_data/lib/python3.7/site-packages/airflow/example_dags/tutorial.py for tasks to queue
[2022-07-24 23:19:33,815] {logging_mixin.py:115} INFO - [2022-07-24 23:19:33,815] {dagbag.py:508} INFO - Filling up the DagBag from /Users/pro/Documents/a_env/proj_data/lib/python3.7/site-packages/airflow/example_dags/tutorial.py
[2022-07-24 23:19:33,825] {processor.py:651} INFO - DAG(s) dict_keys(['tutorial']) retrieved from /Users/pro/Documents/a_env/proj_data/lib/python3.7/site-packages/airflow/example_dags/tutorial.py
[2022-07-24 23:19:33,847] {logging_mixin.py:115} INFO - [2022-07-24 23:19:33,846] {dag.py:2420} INFO - Sync 1 DAGs
[2022-07-24 23:19:33,870] {logging_mixin.py:115} INFO - [2022-07-24 23:19:33,870] {dag.py:2972} INFO - Setting next_dagrun for tutorial to 2022-07-23T15:19:33.869901+00:00, run_after=2022-07-24T15:19:33.869901+00:00
[2022-07-24 23:19:33,883] {processor.py:161} INFO - Processing /Users/pro/Documents/a_env/proj_data/lib/python3.7/site-packages/airflow/example_dags/tutorial.py took 0.075 seconds
[2022-07-24 23:20:07,181] {processor.py:153} INFO - Started process (PID=13425) to work on /Users/pro/Documents/a_env/proj_data/lib/python3.7/site-packages/airflow/example_dags/tutorial.py
[2022-07-24 23:20:07,183] {processor.py:641} INFO - Processing file /Users/pro/Documents/a_env/proj_data/lib/python3.7/site-packages/airflow/example_dags/tutorial.py for tasks to queue
[2022-07-24 23:20:07,184] {logging_mixin.py:115} INFO - [2022-07-24 23:20:07,184] {dagbag.py:508} INFO - Filling up the DagBag from /Users/pro/Documents/a_env/proj_data/lib/python3.7/site-packages/airflow/example_dags/tutorial.py
[2022-07-24 23:20:07,194] {processor.py:651} INFO - DAG(s) dict_keys(['tutorial']) retrieved from /Users/pro/Documents/a_env/proj_data/lib/python3.7/site-packages/airflow/example_dags/tutorial.py
[2022-07-24 23:20:07,219] {logging_mixin.py:115} INFO - [2022-07-24 23:20:07,219] {dag.py:2420} INFO - Sync 1 DAGs
[2022-07-24 23:20:07,246] {logging_mixin.py:115} INFO - [2022-07-24 23:20:07,244] {dag.py:2972} INFO - Setting next_dagrun for tutorial to 2022-07-23T15:20:07.243764+00:00, run_after=2022-07-24T15:20:07.243764+00:00
[2022-07-24 23:20:07,259] {processor.py:161} INFO - Processing /Users/pro/Documents/a_env/proj_data/lib/python3.7/site-packages/airflow/example_dags/tutorial.py took 0.082 seconds
[2022-07-24 23:20:42,101] {processor.py:153} INFO - Started process (PID=13556) to work on /Users/pro/Documents/a_env/proj_data/lib/python3.7/site-packages/airflow/example_dags/tutorial.py
[2022-07-24 23:20:42,102] {processor.py:641} INFO - Processing file /Users/pro/Documents/a_env/proj_data/lib/python3.7/site-packages/airflow/example_dags/tutorial.py for tasks to queue
[2022-07-24 23:20:42,103] {logging_mixin.py:115} INFO - [2022-07-24 23:20:42,103] {dagbag.py:508} INFO - Filling up the DagBag from /Users/pro/Documents/a_env/proj_data/lib/python3.7/site-packages/airflow/example_dags/tutorial.py
[2022-07-24 23:20:42,116] {processor.py:651} INFO - DAG(s) dict_keys(['tutorial']) retrieved from /Users/pro/Documents/a_env/proj_data/lib/python3.7/site-packages/airflow/example_dags/tutorial.py
[2022-07-24 23:20:42,136] {logging_mixin.py:115} INFO - [2022-07-24 23:20:42,136] {dag.py:2420} INFO - Sync 1 DAGs
[2022-07-24 23:20:42,216] {logging_mixin.py:115} INFO - [2022-07-24 23:20:42,215] {dag.py:2972} INFO - Setting next_dagrun for tutorial to 2022-07-23T15:20:42.215233+00:00, run_after=2022-07-24T15:20:42.215233+00:00
[2022-07-24 23:20:42,237] {processor.py:161} INFO - Processing /Users/pro/Documents/a_env/proj_data/lib/python3.7/site-packages/airflow/example_dags/tutorial.py took 0.141 seconds
[2022-07-24 23:21:16,979] {processor.py:153} INFO - Started process (PID=13834) to work on /Users/pro/Documents/a_env/proj_data/lib/python3.7/site-packages/airflow/example_dags/tutorial.py
[2022-07-24 23:21:16,980] {processor.py:641} INFO - Processing file /Users/pro/Documents/a_env/proj_data/lib/python3.7/site-packages/airflow/example_dags/tutorial.py for tasks to queue
[2022-07-24 23:21:16,982] {logging_mixin.py:115} INFO - [2022-07-24 23:21:16,981] {dagbag.py:508} INFO - Filling up the DagBag from /Users/pro/Documents/a_env/proj_data/lib/python3.7/site-packages/airflow/example_dags/tutorial.py
[2022-07-24 23:21:16,992] {processor.py:651} INFO - DAG(s) dict_keys(['tutorial']) retrieved from /Users/pro/Documents/a_env/proj_data/lib/python3.7/site-packages/airflow/example_dags/tutorial.py
[2022-07-24 23:21:17,013] {logging_mixin.py:115} INFO - [2022-07-24 23:21:17,012] {dag.py:2420} INFO - Sync 1 DAGs
[2022-07-24 23:21:17,036] {logging_mixin.py:115} INFO - [2022-07-24 23:21:17,036] {dag.py:2972} INFO - Setting next_dagrun for tutorial to 2022-07-23T15:21:17.036336+00:00, run_after=2022-07-24T15:21:17.036336+00:00
[2022-07-24 23:21:17,050] {processor.py:161} INFO - Processing /Users/pro/Documents/a_env/proj_data/lib/python3.7/site-packages/airflow/example_dags/tutorial.py took 0.076 seconds
[2022-07-24 23:21:50,856] {processor.py:153} INFO - Started process (PID=13918) to work on /Users/pro/Documents/a_env/proj_data/lib/python3.7/site-packages/airflow/example_dags/tutorial.py
[2022-07-24 23:21:50,858] {processor.py:641} INFO - Processing file /Users/pro/Documents/a_env/proj_data/lib/python3.7/site-packages/airflow/example_dags/tutorial.py for tasks to queue
[2022-07-24 23:21:50,860] {logging_mixin.py:115} INFO - [2022-07-24 23:21:50,859] {dagbag.py:508} INFO - Filling up the DagBag from /Users/pro/Documents/a_env/proj_data/lib/python3.7/site-packages/airflow/example_dags/tutorial.py
[2022-07-24 23:21:50,871] {processor.py:651} INFO - DAG(s) dict_keys(['tutorial']) retrieved from /Users/pro/Documents/a_env/proj_data/lib/python3.7/site-packages/airflow/example_dags/tutorial.py
[2022-07-24 23:21:50,893] {logging_mixin.py:115} INFO - [2022-07-24 23:21:50,893] {dag.py:2420} INFO - Sync 1 DAGs
[2022-07-24 23:21:50,919] {logging_mixin.py:115} INFO - [2022-07-24 23:21:50,919] {dag.py:2972} INFO - Setting next_dagrun for tutorial to 2022-07-23T15:21:50.918717+00:00, run_after=2022-07-24T15:21:50.918717+00:00
[2022-07-24 23:21:50,933] {processor.py:161} INFO - Processing /Users/pro/Documents/a_env/proj_data/lib/python3.7/site-packages/airflow/example_dags/tutorial.py took 0.083 seconds
[2022-07-24 23:22:22,534] {processor.py:153} INFO - Started process (PID=14010) to work on /Users/pro/Documents/a_env/proj_data/lib/python3.7/site-packages/airflow/example_dags/tutorial.py
[2022-07-24 23:22:22,535] {processor.py:641} INFO - Processing file /Users/pro/Documents/a_env/proj_data/lib/python3.7/site-packages/airflow/example_dags/tutorial.py for tasks to queue
[2022-07-24 23:22:22,536] {logging_mixin.py:115} INFO - [2022-07-24 23:22:22,536] {dagbag.py:508} INFO - Filling up the DagBag from /Users/pro/Documents/a_env/proj_data/lib/python3.7/site-packages/airflow/example_dags/tutorial.py
[2022-07-24 23:22:22,546] {processor.py:651} INFO - DAG(s) dict_keys(['tutorial']) retrieved from /Users/pro/Documents/a_env/proj_data/lib/python3.7/site-packages/airflow/example_dags/tutorial.py
[2022-07-24 23:22:22,567] {logging_mixin.py:115} INFO - [2022-07-24 23:22:22,567] {dag.py:2420} INFO - Sync 1 DAGs
[2022-07-24 23:22:22,591] {logging_mixin.py:115} INFO - [2022-07-24 23:22:22,590] {dag.py:2972} INFO - Setting next_dagrun for tutorial to 2022-07-23T15:22:22.590218+00:00, run_after=2022-07-24T15:22:22.590218+00:00
[2022-07-24 23:22:22,607] {processor.py:161} INFO - Processing /Users/pro/Documents/a_env/proj_data/lib/python3.7/site-packages/airflow/example_dags/tutorial.py took 0.078 seconds
[2022-07-24 23:22:56,500] {processor.py:153} INFO - Started process (PID=14119) to work on /Users/pro/Documents/a_env/proj_data/lib/python3.7/site-packages/airflow/example_dags/tutorial.py
[2022-07-24 23:22:56,502] {processor.py:641} INFO - Processing file /Users/pro/Documents/a_env/proj_data/lib/python3.7/site-packages/airflow/example_dags/tutorial.py for tasks to queue
[2022-07-24 23:22:56,503] {logging_mixin.py:115} INFO - [2022-07-24 23:22:56,503] {dagbag.py:508} INFO - Filling up the DagBag from /Users/pro/Documents/a_env/proj_data/lib/python3.7/site-packages/airflow/example_dags/tutorial.py
[2022-07-24 23:22:56,513] {processor.py:651} INFO - DAG(s) dict_keys(['tutorial']) retrieved from /Users/pro/Documents/a_env/proj_data/lib/python3.7/site-packages/airflow/example_dags/tutorial.py
[2022-07-24 23:22:56,533] {logging_mixin.py:115} INFO - [2022-07-24 23:22:56,533] {dag.py:2420} INFO - Sync 1 DAGs
[2022-07-24 23:22:56,557] {logging_mixin.py:115} INFO - [2022-07-24 23:22:56,557] {dag.py:2972} INFO - Setting next_dagrun for tutorial to 2022-07-23T15:22:56.556804+00:00, run_after=2022-07-24T15:22:56.556804+00:00
[2022-07-24 23:22:56,569] {processor.py:161} INFO - Processing /Users/pro/Documents/a_env/proj_data/lib/python3.7/site-packages/airflow/example_dags/tutorial.py took 0.074 seconds
[2022-07-24 23:23:31,238] {processor.py:153} INFO - Started process (PID=14220) to work on /Users/pro/Documents/a_env/proj_data/lib/python3.7/site-packages/airflow/example_dags/tutorial.py
[2022-07-24 23:23:31,241] {processor.py:641} INFO - Processing file /Users/pro/Documents/a_env/proj_data/lib/python3.7/site-packages/airflow/example_dags/tutorial.py for tasks to queue
[2022-07-24 23:23:31,242] {logging_mixin.py:115} INFO - [2022-07-24 23:23:31,242] {dagbag.py:508} INFO - Filling up the DagBag from /Users/pro/Documents/a_env/proj_data/lib/python3.7/site-packages/airflow/example_dags/tutorial.py
[2022-07-24 23:23:31,254] {processor.py:651} INFO - DAG(s) dict_keys(['tutorial']) retrieved from /Users/pro/Documents/a_env/proj_data/lib/python3.7/site-packages/airflow/example_dags/tutorial.py
[2022-07-24 23:23:31,279] {logging_mixin.py:115} INFO - [2022-07-24 23:23:31,278] {dag.py:2420} INFO - Sync 1 DAGs
[2022-07-24 23:23:31,307] {logging_mixin.py:115} INFO - [2022-07-24 23:23:31,306] {dag.py:2972} INFO - Setting next_dagrun for tutorial to 2022-07-23T15:23:31.306150+00:00, run_after=2022-07-24T15:23:31.306150+00:00
[2022-07-24 23:23:31,323] {processor.py:161} INFO - Processing /Users/pro/Documents/a_env/proj_data/lib/python3.7/site-packages/airflow/example_dags/tutorial.py took 0.090 seconds
[2022-07-24 23:24:06,406] {processor.py:153} INFO - Started process (PID=14257) to work on /Users/pro/Documents/a_env/proj_data/lib/python3.7/site-packages/airflow/example_dags/tutorial.py
[2022-07-24 23:24:06,407] {processor.py:641} INFO - Processing file /Users/pro/Documents/a_env/proj_data/lib/python3.7/site-packages/airflow/example_dags/tutorial.py for tasks to queue
[2022-07-24 23:24:06,409] {logging_mixin.py:115} INFO - [2022-07-24 23:24:06,408] {dagbag.py:508} INFO - Filling up the DagBag from /Users/pro/Documents/a_env/proj_data/lib/python3.7/site-packages/airflow/example_dags/tutorial.py
[2022-07-24 23:24:06,424] {processor.py:651} INFO - DAG(s) dict_keys(['tutorial']) retrieved from /Users/pro/Documents/a_env/proj_data/lib/python3.7/site-packages/airflow/example_dags/tutorial.py
[2022-07-24 23:24:06,472] {logging_mixin.py:115} INFO - [2022-07-24 23:24:06,472] {dag.py:2420} INFO - Sync 1 DAGs
[2022-07-24 23:24:06,518] {logging_mixin.py:115} INFO - [2022-07-24 23:24:06,517] {dag.py:2972} INFO - Setting next_dagrun for tutorial to 2022-07-23T15:24:06.512241+00:00, run_after=2022-07-24T15:24:06.512241+00:00
[2022-07-24 23:24:06,543] {processor.py:161} INFO - Processing /Users/pro/Documents/a_env/proj_data/lib/python3.7/site-packages/airflow/example_dags/tutorial.py took 0.145 seconds
[2022-07-24 23:24:40,637] {processor.py:153} INFO - Started process (PID=14381) to work on /Users/pro/Documents/a_env/proj_data/lib/python3.7/site-packages/airflow/example_dags/tutorial.py
[2022-07-24 23:24:40,638] {processor.py:641} INFO - Processing file /Users/pro/Documents/a_env/proj_data/lib/python3.7/site-packages/airflow/example_dags/tutorial.py for tasks to queue
[2022-07-24 23:24:40,639] {logging_mixin.py:115} INFO - [2022-07-24 23:24:40,639] {dagbag.py:508} INFO - Filling up the DagBag from /Users/pro/Documents/a_env/proj_data/lib/python3.7/site-packages/airflow/example_dags/tutorial.py
[2022-07-24 23:24:40,650] {processor.py:651} INFO - DAG(s) dict_keys(['tutorial']) retrieved from /Users/pro/Documents/a_env/proj_data/lib/python3.7/site-packages/airflow/example_dags/tutorial.py
[2022-07-24 23:24:40,673] {logging_mixin.py:115} INFO - [2022-07-24 23:24:40,672] {dag.py:2420} INFO - Sync 1 DAGs
[2022-07-24 23:24:40,695] {logging_mixin.py:115} INFO - [2022-07-24 23:24:40,695] {dag.py:2972} INFO - Setting next_dagrun for tutorial to 2022-07-23T15:24:40.694651+00:00, run_after=2022-07-24T15:24:40.694651+00:00
[2022-07-24 23:24:40,709] {processor.py:161} INFO - Processing /Users/pro/Documents/a_env/proj_data/lib/python3.7/site-packages/airflow/example_dags/tutorial.py took 0.077 seconds
[2022-07-24 23:25:16,736] {processor.py:153} INFO - Started process (PID=14435) to work on /Users/pro/Documents/a_env/proj_data/lib/python3.7/site-packages/airflow/example_dags/tutorial.py
[2022-07-24 23:25:16,738] {processor.py:641} INFO - Processing file /Users/pro/Documents/a_env/proj_data/lib/python3.7/site-packages/airflow/example_dags/tutorial.py for tasks to queue
[2022-07-24 23:25:16,739] {logging_mixin.py:115} INFO - [2022-07-24 23:25:16,739] {dagbag.py:508} INFO - Filling up the DagBag from /Users/pro/Documents/a_env/proj_data/lib/python3.7/site-packages/airflow/example_dags/tutorial.py
[2022-07-24 23:25:16,751] {processor.py:651} INFO - DAG(s) dict_keys(['tutorial']) retrieved from /Users/pro/Documents/a_env/proj_data/lib/python3.7/site-packages/airflow/example_dags/tutorial.py
[2022-07-24 23:25:16,773] {logging_mixin.py:115} INFO - [2022-07-24 23:25:16,773] {dag.py:2420} INFO - Sync 1 DAGs
[2022-07-24 23:25:16,798] {logging_mixin.py:115} INFO - [2022-07-24 23:25:16,798] {dag.py:2972} INFO - Setting next_dagrun for tutorial to 2022-07-23T15:25:16.797983+00:00, run_after=2022-07-24T15:25:16.797983+00:00
[2022-07-24 23:25:16,815] {processor.py:161} INFO - Processing /Users/pro/Documents/a_env/proj_data/lib/python3.7/site-packages/airflow/example_dags/tutorial.py took 0.085 seconds
[2022-07-24 23:25:52,519] {processor.py:153} INFO - Started process (PID=14485) to work on /Users/pro/Documents/a_env/proj_data/lib/python3.7/site-packages/airflow/example_dags/tutorial.py
[2022-07-24 23:25:52,521] {processor.py:641} INFO - Processing file /Users/pro/Documents/a_env/proj_data/lib/python3.7/site-packages/airflow/example_dags/tutorial.py for tasks to queue
[2022-07-24 23:25:52,523] {logging_mixin.py:115} INFO - [2022-07-24 23:25:52,522] {dagbag.py:508} INFO - Filling up the DagBag from /Users/pro/Documents/a_env/proj_data/lib/python3.7/site-packages/airflow/example_dags/tutorial.py
[2022-07-24 23:25:52,534] {processor.py:651} INFO - DAG(s) dict_keys(['tutorial']) retrieved from /Users/pro/Documents/a_env/proj_data/lib/python3.7/site-packages/airflow/example_dags/tutorial.py
[2022-07-24 23:25:52,555] {logging_mixin.py:115} INFO - [2022-07-24 23:25:52,555] {dag.py:2420} INFO - Sync 1 DAGs
[2022-07-24 23:25:52,580] {logging_mixin.py:115} INFO - [2022-07-24 23:25:52,579] {dag.py:2972} INFO - Setting next_dagrun for tutorial to 2022-07-23T15:25:52.579383+00:00, run_after=2022-07-24T15:25:52.579383+00:00
[2022-07-24 23:25:52,596] {processor.py:161} INFO - Processing /Users/pro/Documents/a_env/proj_data/lib/python3.7/site-packages/airflow/example_dags/tutorial.py took 0.082 seconds
[2022-07-24 23:26:27,261] {processor.py:153} INFO - Started process (PID=14522) to work on /Users/pro/Documents/a_env/proj_data/lib/python3.7/site-packages/airflow/example_dags/tutorial.py
[2022-07-24 23:26:27,262] {processor.py:641} INFO - Processing file /Users/pro/Documents/a_env/proj_data/lib/python3.7/site-packages/airflow/example_dags/tutorial.py for tasks to queue
[2022-07-24 23:26:27,263] {logging_mixin.py:115} INFO - [2022-07-24 23:26:27,262] {dagbag.py:508} INFO - Filling up the DagBag from /Users/pro/Documents/a_env/proj_data/lib/python3.7/site-packages/airflow/example_dags/tutorial.py
[2022-07-24 23:26:27,273] {processor.py:651} INFO - DAG(s) dict_keys(['tutorial']) retrieved from /Users/pro/Documents/a_env/proj_data/lib/python3.7/site-packages/airflow/example_dags/tutorial.py
[2022-07-24 23:26:27,295] {logging_mixin.py:115} INFO - [2022-07-24 23:26:27,294] {dag.py:2420} INFO - Sync 1 DAGs
[2022-07-24 23:26:27,319] {logging_mixin.py:115} INFO - [2022-07-24 23:26:27,319] {dag.py:2972} INFO - Setting next_dagrun for tutorial to 2022-07-23T15:26:27.318748+00:00, run_after=2022-07-24T15:26:27.318748+00:00
[2022-07-24 23:26:27,334] {processor.py:161} INFO - Processing /Users/pro/Documents/a_env/proj_data/lib/python3.7/site-packages/airflow/example_dags/tutorial.py took 0.079 seconds
[2022-07-24 23:27:02,948] {processor.py:153} INFO - Started process (PID=14583) to work on /Users/pro/Documents/a_env/proj_data/lib/python3.7/site-packages/airflow/example_dags/tutorial.py
[2022-07-24 23:27:02,949] {processor.py:641} INFO - Processing file /Users/pro/Documents/a_env/proj_data/lib/python3.7/site-packages/airflow/example_dags/tutorial.py for tasks to queue
[2022-07-24 23:27:02,951] {logging_mixin.py:115} INFO - [2022-07-24 23:27:02,950] {dagbag.py:508} INFO - Filling up the DagBag from /Users/pro/Documents/a_env/proj_data/lib/python3.7/site-packages/airflow/example_dags/tutorial.py
[2022-07-24 23:27:02,962] {processor.py:651} INFO - DAG(s) dict_keys(['tutorial']) retrieved from /Users/pro/Documents/a_env/proj_data/lib/python3.7/site-packages/airflow/example_dags/tutorial.py
[2022-07-24 23:27:02,984] {logging_mixin.py:115} INFO - [2022-07-24 23:27:02,983] {dag.py:2420} INFO - Sync 1 DAGs
[2022-07-24 23:27:03,008] {logging_mixin.py:115} INFO - [2022-07-24 23:27:03,007] {dag.py:2972} INFO - Setting next_dagrun for tutorial to 2022-07-23T15:27:03.007268+00:00, run_after=2022-07-24T15:27:03.007268+00:00
[2022-07-24 23:27:03,024] {processor.py:161} INFO - Processing /Users/pro/Documents/a_env/proj_data/lib/python3.7/site-packages/airflow/example_dags/tutorial.py took 0.081 seconds
[2022-07-24 23:27:36,248] {processor.py:153} INFO - Started process (PID=14694) to work on /Users/pro/Documents/a_env/proj_data/lib/python3.7/site-packages/airflow/example_dags/tutorial.py
[2022-07-24 23:27:36,249] {processor.py:641} INFO - Processing file /Users/pro/Documents/a_env/proj_data/lib/python3.7/site-packages/airflow/example_dags/tutorial.py for tasks to queue
[2022-07-24 23:27:36,251] {logging_mixin.py:115} INFO - [2022-07-24 23:27:36,250] {dagbag.py:508} INFO - Filling up the DagBag from /Users/pro/Documents/a_env/proj_data/lib/python3.7/site-packages/airflow/example_dags/tutorial.py
[2022-07-24 23:27:36,262] {processor.py:651} INFO - DAG(s) dict_keys(['tutorial']) retrieved from /Users/pro/Documents/a_env/proj_data/lib/python3.7/site-packages/airflow/example_dags/tutorial.py
[2022-07-24 23:27:36,283] {logging_mixin.py:115} INFO - [2022-07-24 23:27:36,283] {dag.py:2420} INFO - Sync 1 DAGs
[2022-07-24 23:27:36,307] {logging_mixin.py:115} INFO - [2022-07-24 23:27:36,307] {dag.py:2972} INFO - Setting next_dagrun for tutorial to 2022-07-23T15:27:36.306797+00:00, run_after=2022-07-24T15:27:36.306797+00:00
[2022-07-24 23:27:36,322] {processor.py:161} INFO - Processing /Users/pro/Documents/a_env/proj_data/lib/python3.7/site-packages/airflow/example_dags/tutorial.py took 0.080 seconds
[2022-07-24 23:28:10,308] {processor.py:153} INFO - Started process (PID=14778) to work on /Users/pro/Documents/a_env/proj_data/lib/python3.7/site-packages/airflow/example_dags/tutorial.py
[2022-07-24 23:28:10,309] {processor.py:641} INFO - Processing file /Users/pro/Documents/a_env/proj_data/lib/python3.7/site-packages/airflow/example_dags/tutorial.py for tasks to queue
[2022-07-24 23:28:10,310] {logging_mixin.py:115} INFO - [2022-07-24 23:28:10,310] {dagbag.py:508} INFO - Filling up the DagBag from /Users/pro/Documents/a_env/proj_data/lib/python3.7/site-packages/airflow/example_dags/tutorial.py
[2022-07-24 23:28:10,321] {processor.py:651} INFO - DAG(s) dict_keys(['tutorial']) retrieved from /Users/pro/Documents/a_env/proj_data/lib/python3.7/site-packages/airflow/example_dags/tutorial.py
[2022-07-24 23:28:10,343] {logging_mixin.py:115} INFO - [2022-07-24 23:28:10,342] {dag.py:2420} INFO - Sync 1 DAGs
[2022-07-24 23:28:10,369] {logging_mixin.py:115} INFO - [2022-07-24 23:28:10,368] {dag.py:2972} INFO - Setting next_dagrun for tutorial to 2022-07-23T15:28:10.368317+00:00, run_after=2022-07-24T15:28:10.368317+00:00
[2022-07-24 23:28:10,384] {processor.py:161} INFO - Processing /Users/pro/Documents/a_env/proj_data/lib/python3.7/site-packages/airflow/example_dags/tutorial.py took 0.082 seconds
[2022-07-24 23:28:44,559] {processor.py:153} INFO - Started process (PID=14843) to work on /Users/pro/Documents/a_env/proj_data/lib/python3.7/site-packages/airflow/example_dags/tutorial.py
[2022-07-24 23:28:44,561] {processor.py:641} INFO - Processing file /Users/pro/Documents/a_env/proj_data/lib/python3.7/site-packages/airflow/example_dags/tutorial.py for tasks to queue
[2022-07-24 23:28:44,562] {logging_mixin.py:115} INFO - [2022-07-24 23:28:44,561] {dagbag.py:508} INFO - Filling up the DagBag from /Users/pro/Documents/a_env/proj_data/lib/python3.7/site-packages/airflow/example_dags/tutorial.py
[2022-07-24 23:28:44,571] {processor.py:651} INFO - DAG(s) dict_keys(['tutorial']) retrieved from /Users/pro/Documents/a_env/proj_data/lib/python3.7/site-packages/airflow/example_dags/tutorial.py
[2022-07-24 23:28:44,590] {logging_mixin.py:115} INFO - [2022-07-24 23:28:44,590] {dag.py:2420} INFO - Sync 1 DAGs
[2022-07-24 23:28:44,615] {logging_mixin.py:115} INFO - [2022-07-24 23:28:44,615] {dag.py:2972} INFO - Setting next_dagrun for tutorial to 2022-07-23T15:28:44.615149+00:00, run_after=2022-07-24T15:28:44.615149+00:00
[2022-07-24 23:28:44,630] {processor.py:161} INFO - Processing /Users/pro/Documents/a_env/proj_data/lib/python3.7/site-packages/airflow/example_dags/tutorial.py took 0.076 seconds
[2022-07-24 23:29:19,214] {processor.py:153} INFO - Started process (PID=14877) to work on /Users/pro/Documents/a_env/proj_data/lib/python3.7/site-packages/airflow/example_dags/tutorial.py
[2022-07-24 23:29:19,215] {processor.py:641} INFO - Processing file /Users/pro/Documents/a_env/proj_data/lib/python3.7/site-packages/airflow/example_dags/tutorial.py for tasks to queue
[2022-07-24 23:29:19,216] {logging_mixin.py:115} INFO - [2022-07-24 23:29:19,215] {dagbag.py:508} INFO - Filling up the DagBag from /Users/pro/Documents/a_env/proj_data/lib/python3.7/site-packages/airflow/example_dags/tutorial.py
[2022-07-24 23:29:19,226] {processor.py:651} INFO - DAG(s) dict_keys(['tutorial']) retrieved from /Users/pro/Documents/a_env/proj_data/lib/python3.7/site-packages/airflow/example_dags/tutorial.py
[2022-07-24 23:29:19,249] {logging_mixin.py:115} INFO - [2022-07-24 23:29:19,248] {dag.py:2420} INFO - Sync 1 DAGs
[2022-07-24 23:29:19,273] {logging_mixin.py:115} INFO - [2022-07-24 23:29:19,273] {dag.py:2972} INFO - Setting next_dagrun for tutorial to 2022-07-23T15:29:19.272948+00:00, run_after=2022-07-24T15:29:19.272948+00:00
[2022-07-24 23:29:19,288] {processor.py:161} INFO - Processing /Users/pro/Documents/a_env/proj_data/lib/python3.7/site-packages/airflow/example_dags/tutorial.py took 0.079 seconds
[2022-07-24 23:29:53,381] {processor.py:153} INFO - Started process (PID=14919) to work on /Users/pro/Documents/a_env/proj_data/lib/python3.7/site-packages/airflow/example_dags/tutorial.py
[2022-07-24 23:29:53,383] {processor.py:641} INFO - Processing file /Users/pro/Documents/a_env/proj_data/lib/python3.7/site-packages/airflow/example_dags/tutorial.py for tasks to queue
[2022-07-24 23:29:53,384] {logging_mixin.py:115} INFO - [2022-07-24 23:29:53,384] {dagbag.py:508} INFO - Filling up the DagBag from /Users/pro/Documents/a_env/proj_data/lib/python3.7/site-packages/airflow/example_dags/tutorial.py
[2022-07-24 23:29:53,396] {processor.py:651} INFO - DAG(s) dict_keys(['tutorial']) retrieved from /Users/pro/Documents/a_env/proj_data/lib/python3.7/site-packages/airflow/example_dags/tutorial.py
[2022-07-24 23:29:53,418] {logging_mixin.py:115} INFO - [2022-07-24 23:29:53,418] {dag.py:2420} INFO - Sync 1 DAGs
[2022-07-24 23:29:53,442] {logging_mixin.py:115} INFO - [2022-07-24 23:29:53,442] {dag.py:2972} INFO - Setting next_dagrun for tutorial to 2022-07-23T15:29:53.441691+00:00, run_after=2022-07-24T15:29:53.441691+00:00
[2022-07-24 23:29:53,455] {processor.py:161} INFO - Processing /Users/pro/Documents/a_env/proj_data/lib/python3.7/site-packages/airflow/example_dags/tutorial.py took 0.080 seconds
[2022-07-24 23:30:26,629] {processor.py:153} INFO - Started process (PID=14965) to work on /Users/pro/Documents/a_env/proj_data/lib/python3.7/site-packages/airflow/example_dags/tutorial.py
[2022-07-24 23:30:26,630] {processor.py:641} INFO - Processing file /Users/pro/Documents/a_env/proj_data/lib/python3.7/site-packages/airflow/example_dags/tutorial.py for tasks to queue
[2022-07-24 23:30:26,631] {logging_mixin.py:115} INFO - [2022-07-24 23:30:26,631] {dagbag.py:508} INFO - Filling up the DagBag from /Users/pro/Documents/a_env/proj_data/lib/python3.7/site-packages/airflow/example_dags/tutorial.py
[2022-07-24 23:30:26,641] {processor.py:651} INFO - DAG(s) dict_keys(['tutorial']) retrieved from /Users/pro/Documents/a_env/proj_data/lib/python3.7/site-packages/airflow/example_dags/tutorial.py
[2022-07-24 23:30:26,663] {logging_mixin.py:115} INFO - [2022-07-24 23:30:26,663] {dag.py:2420} INFO - Sync 1 DAGs
[2022-07-24 23:30:26,687] {logging_mixin.py:115} INFO - [2022-07-24 23:30:26,686] {dag.py:2972} INFO - Setting next_dagrun for tutorial to 2022-07-23T15:30:26.686345+00:00, run_after=2022-07-24T15:30:26.686345+00:00
[2022-07-24 23:30:26,702] {processor.py:161} INFO - Processing /Users/pro/Documents/a_env/proj_data/lib/python3.7/site-packages/airflow/example_dags/tutorial.py took 0.078 seconds
[2022-07-24 23:30:59,712] {processor.py:153} INFO - Started process (PID=15001) to work on /Users/pro/Documents/a_env/proj_data/lib/python3.7/site-packages/airflow/example_dags/tutorial.py
[2022-07-24 23:30:59,713] {processor.py:641} INFO - Processing file /Users/pro/Documents/a_env/proj_data/lib/python3.7/site-packages/airflow/example_dags/tutorial.py for tasks to queue
[2022-07-24 23:30:59,714] {logging_mixin.py:115} INFO - [2022-07-24 23:30:59,714] {dagbag.py:508} INFO - Filling up the DagBag from /Users/pro/Documents/a_env/proj_data/lib/python3.7/site-packages/airflow/example_dags/tutorial.py
[2022-07-24 23:30:59,724] {processor.py:651} INFO - DAG(s) dict_keys(['tutorial']) retrieved from /Users/pro/Documents/a_env/proj_data/lib/python3.7/site-packages/airflow/example_dags/tutorial.py
[2022-07-24 23:30:59,746] {logging_mixin.py:115} INFO - [2022-07-24 23:30:59,746] {dag.py:2420} INFO - Sync 1 DAGs
[2022-07-24 23:30:59,770] {logging_mixin.py:115} INFO - [2022-07-24 23:30:59,770] {dag.py:2972} INFO - Setting next_dagrun for tutorial to 2022-07-23T15:30:59.769746+00:00, run_after=2022-07-24T15:30:59.769746+00:00
[2022-07-24 23:30:59,784] {processor.py:161} INFO - Processing /Users/pro/Documents/a_env/proj_data/lib/python3.7/site-packages/airflow/example_dags/tutorial.py took 0.078 seconds
[2022-07-24 23:31:34,180] {processor.py:153} INFO - Started process (PID=15042) to work on /Users/pro/Documents/a_env/proj_data/lib/python3.7/site-packages/airflow/example_dags/tutorial.py
[2022-07-24 23:31:34,182] {processor.py:641} INFO - Processing file /Users/pro/Documents/a_env/proj_data/lib/python3.7/site-packages/airflow/example_dags/tutorial.py for tasks to queue
[2022-07-24 23:31:34,183] {logging_mixin.py:115} INFO - [2022-07-24 23:31:34,183] {dagbag.py:508} INFO - Filling up the DagBag from /Users/pro/Documents/a_env/proj_data/lib/python3.7/site-packages/airflow/example_dags/tutorial.py
[2022-07-24 23:31:34,194] {processor.py:651} INFO - DAG(s) dict_keys(['tutorial']) retrieved from /Users/pro/Documents/a_env/proj_data/lib/python3.7/site-packages/airflow/example_dags/tutorial.py
[2022-07-24 23:31:34,218] {logging_mixin.py:115} INFO - [2022-07-24 23:31:34,218] {dag.py:2420} INFO - Sync 1 DAGs
[2022-07-24 23:31:34,241] {logging_mixin.py:115} INFO - [2022-07-24 23:31:34,240] {dag.py:2972} INFO - Setting next_dagrun for tutorial to 2022-07-23T15:31:34.240566+00:00, run_after=2022-07-24T15:31:34.240566+00:00
[2022-07-24 23:31:34,254] {processor.py:161} INFO - Processing /Users/pro/Documents/a_env/proj_data/lib/python3.7/site-packages/airflow/example_dags/tutorial.py took 0.080 seconds
[2022-07-24 23:32:08,383] {processor.py:153} INFO - Started process (PID=15143) to work on /Users/pro/Documents/a_env/proj_data/lib/python3.7/site-packages/airflow/example_dags/tutorial.py
[2022-07-24 23:32:08,385] {processor.py:641} INFO - Processing file /Users/pro/Documents/a_env/proj_data/lib/python3.7/site-packages/airflow/example_dags/tutorial.py for tasks to queue
[2022-07-24 23:32:08,386] {logging_mixin.py:115} INFO - [2022-07-24 23:32:08,386] {dagbag.py:508} INFO - Filling up the DagBag from /Users/pro/Documents/a_env/proj_data/lib/python3.7/site-packages/airflow/example_dags/tutorial.py
[2022-07-24 23:32:08,398] {processor.py:651} INFO - DAG(s) dict_keys(['tutorial']) retrieved from /Users/pro/Documents/a_env/proj_data/lib/python3.7/site-packages/airflow/example_dags/tutorial.py
[2022-07-24 23:32:08,421] {logging_mixin.py:115} INFO - [2022-07-24 23:32:08,420] {dag.py:2420} INFO - Sync 1 DAGs
[2022-07-24 23:32:08,445] {logging_mixin.py:115} INFO - [2022-07-24 23:32:08,445] {dag.py:2972} INFO - Setting next_dagrun for tutorial to 2022-07-23T15:32:08.445094+00:00, run_after=2022-07-24T15:32:08.445094+00:00
[2022-07-24 23:32:08,460] {processor.py:161} INFO - Processing /Users/pro/Documents/a_env/proj_data/lib/python3.7/site-packages/airflow/example_dags/tutorial.py took 0.083 seconds
[2022-07-24 23:32:43,509] {processor.py:153} INFO - Started process (PID=15216) to work on /Users/pro/Documents/a_env/proj_data/lib/python3.7/site-packages/airflow/example_dags/tutorial.py
[2022-07-24 23:32:43,511] {processor.py:641} INFO - Processing file /Users/pro/Documents/a_env/proj_data/lib/python3.7/site-packages/airflow/example_dags/tutorial.py for tasks to queue
[2022-07-24 23:32:43,512] {logging_mixin.py:115} INFO - [2022-07-24 23:32:43,512] {dagbag.py:508} INFO - Filling up the DagBag from /Users/pro/Documents/a_env/proj_data/lib/python3.7/site-packages/airflow/example_dags/tutorial.py
[2022-07-24 23:32:43,523] {processor.py:651} INFO - DAG(s) dict_keys(['tutorial']) retrieved from /Users/pro/Documents/a_env/proj_data/lib/python3.7/site-packages/airflow/example_dags/tutorial.py
[2022-07-24 23:32:43,546] {logging_mixin.py:115} INFO - [2022-07-24 23:32:43,545] {dag.py:2420} INFO - Sync 1 DAGs
[2022-07-24 23:32:43,569] {logging_mixin.py:115} INFO - [2022-07-24 23:32:43,568] {dag.py:2972} INFO - Setting next_dagrun for tutorial to 2022-07-23T15:32:43.568489+00:00, run_after=2022-07-24T15:32:43.568489+00:00
[2022-07-24 23:32:43,583] {processor.py:161} INFO - Processing /Users/pro/Documents/a_env/proj_data/lib/python3.7/site-packages/airflow/example_dags/tutorial.py took 0.079 seconds
[2022-07-24 23:33:18,609] {processor.py:153} INFO - Started process (PID=15314) to work on /Users/pro/Documents/a_env/proj_data/lib/python3.7/site-packages/airflow/example_dags/tutorial.py
[2022-07-24 23:33:18,610] {processor.py:641} INFO - Processing file /Users/pro/Documents/a_env/proj_data/lib/python3.7/site-packages/airflow/example_dags/tutorial.py for tasks to queue
[2022-07-24 23:33:18,611] {logging_mixin.py:115} INFO - [2022-07-24 23:33:18,611] {dagbag.py:508} INFO - Filling up the DagBag from /Users/pro/Documents/a_env/proj_data/lib/python3.7/site-packages/airflow/example_dags/tutorial.py
[2022-07-24 23:33:18,621] {processor.py:651} INFO - DAG(s) dict_keys(['tutorial']) retrieved from /Users/pro/Documents/a_env/proj_data/lib/python3.7/site-packages/airflow/example_dags/tutorial.py
[2022-07-24 23:33:18,644] {logging_mixin.py:115} INFO - [2022-07-24 23:33:18,643] {dag.py:2420} INFO - Sync 1 DAGs
[2022-07-24 23:33:18,667] {logging_mixin.py:115} INFO - [2022-07-24 23:33:18,666] {dag.py:2972} INFO - Setting next_dagrun for tutorial to 2022-07-23T15:33:18.666412+00:00, run_after=2022-07-24T15:33:18.666412+00:00
[2022-07-24 23:33:18,682] {processor.py:161} INFO - Processing /Users/pro/Documents/a_env/proj_data/lib/python3.7/site-packages/airflow/example_dags/tutorial.py took 0.079 seconds
[2022-07-24 23:33:52,907] {processor.py:153} INFO - Started process (PID=15411) to work on /Users/pro/Documents/a_env/proj_data/lib/python3.7/site-packages/airflow/example_dags/tutorial.py
[2022-07-24 23:33:52,909] {processor.py:641} INFO - Processing file /Users/pro/Documents/a_env/proj_data/lib/python3.7/site-packages/airflow/example_dags/tutorial.py for tasks to queue
[2022-07-24 23:33:52,910] {logging_mixin.py:115} INFO - [2022-07-24 23:33:52,910] {dagbag.py:508} INFO - Filling up the DagBag from /Users/pro/Documents/a_env/proj_data/lib/python3.7/site-packages/airflow/example_dags/tutorial.py
[2022-07-24 23:33:52,922] {processor.py:651} INFO - DAG(s) dict_keys(['tutorial']) retrieved from /Users/pro/Documents/a_env/proj_data/lib/python3.7/site-packages/airflow/example_dags/tutorial.py
[2022-07-24 23:33:52,945] {logging_mixin.py:115} INFO - [2022-07-24 23:33:52,945] {dag.py:2420} INFO - Sync 1 DAGs
[2022-07-24 23:33:52,969] {logging_mixin.py:115} INFO - [2022-07-24 23:33:52,969] {dag.py:2972} INFO - Setting next_dagrun for tutorial to 2022-07-23T15:33:52.968952+00:00, run_after=2022-07-24T15:33:52.968952+00:00
[2022-07-24 23:33:52,982] {processor.py:161} INFO - Processing /Users/pro/Documents/a_env/proj_data/lib/python3.7/site-packages/airflow/example_dags/tutorial.py took 0.082 seconds
[2022-07-24 23:34:28,019] {processor.py:153} INFO - Started process (PID=15512) to work on /Users/pro/Documents/a_env/proj_data/lib/python3.7/site-packages/airflow/example_dags/tutorial.py
[2022-07-24 23:34:28,020] {processor.py:641} INFO - Processing file /Users/pro/Documents/a_env/proj_data/lib/python3.7/site-packages/airflow/example_dags/tutorial.py for tasks to queue
[2022-07-24 23:34:28,021] {logging_mixin.py:115} INFO - [2022-07-24 23:34:28,020] {dagbag.py:508} INFO - Filling up the DagBag from /Users/pro/Documents/a_env/proj_data/lib/python3.7/site-packages/airflow/example_dags/tutorial.py
[2022-07-24 23:34:28,032] {processor.py:651} INFO - DAG(s) dict_keys(['tutorial']) retrieved from /Users/pro/Documents/a_env/proj_data/lib/python3.7/site-packages/airflow/example_dags/tutorial.py
[2022-07-24 23:34:28,055] {logging_mixin.py:115} INFO - [2022-07-24 23:34:28,055] {dag.py:2420} INFO - Sync 1 DAGs
[2022-07-24 23:34:28,078] {logging_mixin.py:115} INFO - [2022-07-24 23:34:28,078] {dag.py:2972} INFO - Setting next_dagrun for tutorial to 2022-07-23T15:34:28.077768+00:00, run_after=2022-07-24T15:34:28.077768+00:00
[2022-07-24 23:34:28,092] {processor.py:161} INFO - Processing /Users/pro/Documents/a_env/proj_data/lib/python3.7/site-packages/airflow/example_dags/tutorial.py took 0.079 seconds
