[2022-07-24 23:12:07,637] {processor.py:153} INFO - Started process (PID=12395) to work on /Users/pro/Documents/a_env/proj_data/lib/python3.7/site-packages/airflow/example_dags/tutorial_etl_dag.py
[2022-07-24 23:12:07,638] {processor.py:641} INFO - Processing file /Users/pro/Documents/a_env/proj_data/lib/python3.7/site-packages/airflow/example_dags/tutorial_etl_dag.py for tasks to queue
[2022-07-24 23:12:07,639] {logging_mixin.py:115} INFO - [2022-07-24 23:12:07,639] {dagbag.py:508} INFO - Filling up the DagBag from /Users/pro/Documents/a_env/proj_data/lib/python3.7/site-packages/airflow/example_dags/tutorial_etl_dag.py
[2022-07-24 23:12:07,649] {processor.py:651} INFO - DAG(s) dict_keys(['tutorial_etl_dag']) retrieved from /Users/pro/Documents/a_env/proj_data/lib/python3.7/site-packages/airflow/example_dags/tutorial_etl_dag.py
[2022-07-24 23:12:07,726] {logging_mixin.py:115} INFO - [2022-07-24 23:12:07,726] {manager.py:508} INFO - Created Permission View: can edit on DAG:tutorial_etl_dag
[2022-07-24 23:12:07,735] {logging_mixin.py:115} INFO - [2022-07-24 23:12:07,735] {manager.py:508} INFO - Created Permission View: can delete on DAG:tutorial_etl_dag
[2022-07-24 23:12:07,742] {logging_mixin.py:115} INFO - [2022-07-24 23:12:07,742] {manager.py:508} INFO - Created Permission View: can read on DAG:tutorial_etl_dag
[2022-07-24 23:12:07,743] {logging_mixin.py:115} INFO - [2022-07-24 23:12:07,742] {dag.py:2420} INFO - Sync 1 DAGs
[2022-07-24 23:12:07,752] {logging_mixin.py:115} INFO - [2022-07-24 23:12:07,752] {dag.py:2439} INFO - Creating ORM DAG for tutorial_etl_dag
[2022-07-24 23:12:07,763] {logging_mixin.py:115} INFO - [2022-07-24 23:12:07,763] {dag.py:2972} INFO - Setting next_dagrun for tutorial_etl_dag to None, run_after=None
[2022-07-24 23:12:07,778] {processor.py:161} INFO - Processing /Users/pro/Documents/a_env/proj_data/lib/python3.7/site-packages/airflow/example_dags/tutorial_etl_dag.py took 0.144 seconds
[2022-07-24 23:12:43,135] {processor.py:153} INFO - Started process (PID=12434) to work on /Users/pro/Documents/a_env/proj_data/lib/python3.7/site-packages/airflow/example_dags/tutorial_etl_dag.py
[2022-07-24 23:12:43,137] {processor.py:641} INFO - Processing file /Users/pro/Documents/a_env/proj_data/lib/python3.7/site-packages/airflow/example_dags/tutorial_etl_dag.py for tasks to queue
[2022-07-24 23:12:43,138] {logging_mixin.py:115} INFO - [2022-07-24 23:12:43,138] {dagbag.py:508} INFO - Filling up the DagBag from /Users/pro/Documents/a_env/proj_data/lib/python3.7/site-packages/airflow/example_dags/tutorial_etl_dag.py
[2022-07-24 23:12:43,155] {processor.py:651} INFO - DAG(s) dict_keys(['tutorial_etl_dag']) retrieved from /Users/pro/Documents/a_env/proj_data/lib/python3.7/site-packages/airflow/example_dags/tutorial_etl_dag.py
[2022-07-24 23:12:43,173] {logging_mixin.py:115} INFO - [2022-07-24 23:12:43,173] {dag.py:2420} INFO - Sync 1 DAGs
[2022-07-24 23:12:43,195] {logging_mixin.py:115} INFO - [2022-07-24 23:12:43,195] {dag.py:2972} INFO - Setting next_dagrun for tutorial_etl_dag to None, run_after=None
[2022-07-24 23:12:43,209] {processor.py:161} INFO - Processing /Users/pro/Documents/a_env/proj_data/lib/python3.7/site-packages/airflow/example_dags/tutorial_etl_dag.py took 0.079 seconds
[2022-07-24 23:13:16,500] {processor.py:153} INFO - Started process (PID=12470) to work on /Users/pro/Documents/a_env/proj_data/lib/python3.7/site-packages/airflow/example_dags/tutorial_etl_dag.py
[2022-07-24 23:13:16,501] {processor.py:641} INFO - Processing file /Users/pro/Documents/a_env/proj_data/lib/python3.7/site-packages/airflow/example_dags/tutorial_etl_dag.py for tasks to queue
[2022-07-24 23:13:16,502] {logging_mixin.py:115} INFO - [2022-07-24 23:13:16,502] {dagbag.py:508} INFO - Filling up the DagBag from /Users/pro/Documents/a_env/proj_data/lib/python3.7/site-packages/airflow/example_dags/tutorial_etl_dag.py
[2022-07-24 23:13:16,520] {processor.py:651} INFO - DAG(s) dict_keys(['tutorial_etl_dag']) retrieved from /Users/pro/Documents/a_env/proj_data/lib/python3.7/site-packages/airflow/example_dags/tutorial_etl_dag.py
[2022-07-24 23:13:16,539] {logging_mixin.py:115} INFO - [2022-07-24 23:13:16,539] {dag.py:2420} INFO - Sync 1 DAGs
[2022-07-24 23:13:16,560] {logging_mixin.py:115} INFO - [2022-07-24 23:13:16,560] {dag.py:2972} INFO - Setting next_dagrun for tutorial_etl_dag to None, run_after=None
[2022-07-24 23:13:16,574] {processor.py:161} INFO - Processing /Users/pro/Documents/a_env/proj_data/lib/python3.7/site-packages/airflow/example_dags/tutorial_etl_dag.py took 0.079 seconds
[2022-07-24 23:13:50,111] {processor.py:153} INFO - Started process (PID=12507) to work on /Users/pro/Documents/a_env/proj_data/lib/python3.7/site-packages/airflow/example_dags/tutorial_etl_dag.py
[2022-07-24 23:13:50,112] {processor.py:641} INFO - Processing file /Users/pro/Documents/a_env/proj_data/lib/python3.7/site-packages/airflow/example_dags/tutorial_etl_dag.py for tasks to queue
[2022-07-24 23:13:50,113] {logging_mixin.py:115} INFO - [2022-07-24 23:13:50,113] {dagbag.py:508} INFO - Filling up the DagBag from /Users/pro/Documents/a_env/proj_data/lib/python3.7/site-packages/airflow/example_dags/tutorial_etl_dag.py
[2022-07-24 23:13:50,129] {processor.py:651} INFO - DAG(s) dict_keys(['tutorial_etl_dag']) retrieved from /Users/pro/Documents/a_env/proj_data/lib/python3.7/site-packages/airflow/example_dags/tutorial_etl_dag.py
[2022-07-24 23:13:50,150] {logging_mixin.py:115} INFO - [2022-07-24 23:13:50,150] {dag.py:2420} INFO - Sync 1 DAGs
[2022-07-24 23:13:50,173] {logging_mixin.py:115} INFO - [2022-07-24 23:13:50,173] {dag.py:2972} INFO - Setting next_dagrun for tutorial_etl_dag to None, run_after=None
[2022-07-24 23:13:50,188] {processor.py:161} INFO - Processing /Users/pro/Documents/a_env/proj_data/lib/python3.7/site-packages/airflow/example_dags/tutorial_etl_dag.py took 0.081 seconds
[2022-07-24 23:14:24,597] {processor.py:153} INFO - Started process (PID=12542) to work on /Users/pro/Documents/a_env/proj_data/lib/python3.7/site-packages/airflow/example_dags/tutorial_etl_dag.py
[2022-07-24 23:14:24,599] {processor.py:641} INFO - Processing file /Users/pro/Documents/a_env/proj_data/lib/python3.7/site-packages/airflow/example_dags/tutorial_etl_dag.py for tasks to queue
[2022-07-24 23:14:24,600] {logging_mixin.py:115} INFO - [2022-07-24 23:14:24,600] {dagbag.py:508} INFO - Filling up the DagBag from /Users/pro/Documents/a_env/proj_data/lib/python3.7/site-packages/airflow/example_dags/tutorial_etl_dag.py
[2022-07-24 23:14:24,618] {processor.py:651} INFO - DAG(s) dict_keys(['tutorial_etl_dag']) retrieved from /Users/pro/Documents/a_env/proj_data/lib/python3.7/site-packages/airflow/example_dags/tutorial_etl_dag.py
[2022-07-24 23:14:24,639] {logging_mixin.py:115} INFO - [2022-07-24 23:14:24,638] {dag.py:2420} INFO - Sync 1 DAGs
[2022-07-24 23:14:24,662] {logging_mixin.py:115} INFO - [2022-07-24 23:14:24,662] {dag.py:2972} INFO - Setting next_dagrun for tutorial_etl_dag to None, run_after=None
[2022-07-24 23:14:24,676] {processor.py:161} INFO - Processing /Users/pro/Documents/a_env/proj_data/lib/python3.7/site-packages/airflow/example_dags/tutorial_etl_dag.py took 0.085 seconds
[2022-07-24 23:15:00,607] {processor.py:153} INFO - Started process (PID=12578) to work on /Users/pro/Documents/a_env/proj_data/lib/python3.7/site-packages/airflow/example_dags/tutorial_etl_dag.py
[2022-07-24 23:15:00,609] {processor.py:641} INFO - Processing file /Users/pro/Documents/a_env/proj_data/lib/python3.7/site-packages/airflow/example_dags/tutorial_etl_dag.py for tasks to queue
[2022-07-24 23:15:00,610] {logging_mixin.py:115} INFO - [2022-07-24 23:15:00,609] {dagbag.py:508} INFO - Filling up the DagBag from /Users/pro/Documents/a_env/proj_data/lib/python3.7/site-packages/airflow/example_dags/tutorial_etl_dag.py
[2022-07-24 23:15:00,627] {processor.py:651} INFO - DAG(s) dict_keys(['tutorial_etl_dag']) retrieved from /Users/pro/Documents/a_env/proj_data/lib/python3.7/site-packages/airflow/example_dags/tutorial_etl_dag.py
[2022-07-24 23:15:00,646] {logging_mixin.py:115} INFO - [2022-07-24 23:15:00,645] {dag.py:2420} INFO - Sync 1 DAGs
[2022-07-24 23:15:00,668] {logging_mixin.py:115} INFO - [2022-07-24 23:15:00,667] {dag.py:2972} INFO - Setting next_dagrun for tutorial_etl_dag to None, run_after=None
[2022-07-24 23:15:00,682] {processor.py:161} INFO - Processing /Users/pro/Documents/a_env/proj_data/lib/python3.7/site-packages/airflow/example_dags/tutorial_etl_dag.py took 0.086 seconds
[2022-07-24 23:15:35,709] {processor.py:153} INFO - Started process (PID=12678) to work on /Users/pro/Documents/a_env/proj_data/lib/python3.7/site-packages/airflow/example_dags/tutorial_etl_dag.py
[2022-07-24 23:15:35,710] {processor.py:641} INFO - Processing file /Users/pro/Documents/a_env/proj_data/lib/python3.7/site-packages/airflow/example_dags/tutorial_etl_dag.py for tasks to queue
[2022-07-24 23:15:35,711] {logging_mixin.py:115} INFO - [2022-07-24 23:15:35,711] {dagbag.py:508} INFO - Filling up the DagBag from /Users/pro/Documents/a_env/proj_data/lib/python3.7/site-packages/airflow/example_dags/tutorial_etl_dag.py
[2022-07-24 23:15:35,727] {processor.py:651} INFO - DAG(s) dict_keys(['tutorial_etl_dag']) retrieved from /Users/pro/Documents/a_env/proj_data/lib/python3.7/site-packages/airflow/example_dags/tutorial_etl_dag.py
[2022-07-24 23:15:35,748] {logging_mixin.py:115} INFO - [2022-07-24 23:15:35,748] {dag.py:2420} INFO - Sync 1 DAGs
[2022-07-24 23:15:35,792] {logging_mixin.py:115} INFO - [2022-07-24 23:15:35,792] {dag.py:2972} INFO - Setting next_dagrun for tutorial_etl_dag to None, run_after=None
[2022-07-24 23:15:35,816] {processor.py:161} INFO - Processing /Users/pro/Documents/a_env/proj_data/lib/python3.7/site-packages/airflow/example_dags/tutorial_etl_dag.py took 0.112 seconds
[2022-07-24 23:16:11,661] {processor.py:153} INFO - Started process (PID=12826) to work on /Users/pro/Documents/a_env/proj_data/lib/python3.7/site-packages/airflow/example_dags/tutorial_etl_dag.py
[2022-07-24 23:16:11,662] {processor.py:641} INFO - Processing file /Users/pro/Documents/a_env/proj_data/lib/python3.7/site-packages/airflow/example_dags/tutorial_etl_dag.py for tasks to queue
[2022-07-24 23:16:11,663] {logging_mixin.py:115} INFO - [2022-07-24 23:16:11,663] {dagbag.py:508} INFO - Filling up the DagBag from /Users/pro/Documents/a_env/proj_data/lib/python3.7/site-packages/airflow/example_dags/tutorial_etl_dag.py
[2022-07-24 23:16:11,681] {processor.py:651} INFO - DAG(s) dict_keys(['tutorial_etl_dag']) retrieved from /Users/pro/Documents/a_env/proj_data/lib/python3.7/site-packages/airflow/example_dags/tutorial_etl_dag.py
[2022-07-24 23:16:11,700] {logging_mixin.py:115} INFO - [2022-07-24 23:16:11,700] {dag.py:2420} INFO - Sync 1 DAGs
[2022-07-24 23:16:11,720] {logging_mixin.py:115} INFO - [2022-07-24 23:16:11,720] {dag.py:2972} INFO - Setting next_dagrun for tutorial_etl_dag to None, run_after=None
[2022-07-24 23:16:11,732] {processor.py:161} INFO - Processing /Users/pro/Documents/a_env/proj_data/lib/python3.7/site-packages/airflow/example_dags/tutorial_etl_dag.py took 0.075 seconds
[2022-07-24 23:16:43,024] {processor.py:153} INFO - Started process (PID=12914) to work on /Users/pro/Documents/a_env/proj_data/lib/python3.7/site-packages/airflow/example_dags/tutorial_etl_dag.py
[2022-07-24 23:16:43,025] {processor.py:641} INFO - Processing file /Users/pro/Documents/a_env/proj_data/lib/python3.7/site-packages/airflow/example_dags/tutorial_etl_dag.py for tasks to queue
[2022-07-24 23:16:43,026] {logging_mixin.py:115} INFO - [2022-07-24 23:16:43,026] {dagbag.py:508} INFO - Filling up the DagBag from /Users/pro/Documents/a_env/proj_data/lib/python3.7/site-packages/airflow/example_dags/tutorial_etl_dag.py
[2022-07-24 23:16:43,042] {processor.py:651} INFO - DAG(s) dict_keys(['tutorial_etl_dag']) retrieved from /Users/pro/Documents/a_env/proj_data/lib/python3.7/site-packages/airflow/example_dags/tutorial_etl_dag.py
[2022-07-24 23:16:43,060] {logging_mixin.py:115} INFO - [2022-07-24 23:16:43,060] {dag.py:2420} INFO - Sync 1 DAGs
[2022-07-24 23:16:43,082] {logging_mixin.py:115} INFO - [2022-07-24 23:16:43,082] {dag.py:2972} INFO - Setting next_dagrun for tutorial_etl_dag to None, run_after=None
[2022-07-24 23:16:43,095] {processor.py:161} INFO - Processing /Users/pro/Documents/a_env/proj_data/lib/python3.7/site-packages/airflow/example_dags/tutorial_etl_dag.py took 0.077 seconds
[2022-07-24 23:17:18,008] {processor.py:153} INFO - Started process (PID=12996) to work on /Users/pro/Documents/a_env/proj_data/lib/python3.7/site-packages/airflow/example_dags/tutorial_etl_dag.py
[2022-07-24 23:17:18,010] {processor.py:641} INFO - Processing file /Users/pro/Documents/a_env/proj_data/lib/python3.7/site-packages/airflow/example_dags/tutorial_etl_dag.py for tasks to queue
[2022-07-24 23:17:18,011] {logging_mixin.py:115} INFO - [2022-07-24 23:17:18,011] {dagbag.py:508} INFO - Filling up the DagBag from /Users/pro/Documents/a_env/proj_data/lib/python3.7/site-packages/airflow/example_dags/tutorial_etl_dag.py
[2022-07-24 23:17:18,022] {processor.py:651} INFO - DAG(s) dict_keys(['tutorial_etl_dag']) retrieved from /Users/pro/Documents/a_env/proj_data/lib/python3.7/site-packages/airflow/example_dags/tutorial_etl_dag.py
[2022-07-24 23:17:18,043] {logging_mixin.py:115} INFO - [2022-07-24 23:17:18,043] {dag.py:2420} INFO - Sync 1 DAGs
[2022-07-24 23:17:18,066] {logging_mixin.py:115} INFO - [2022-07-24 23:17:18,066] {dag.py:2972} INFO - Setting next_dagrun for tutorial_etl_dag to None, run_after=None
[2022-07-24 23:17:18,082] {processor.py:161} INFO - Processing /Users/pro/Documents/a_env/proj_data/lib/python3.7/site-packages/airflow/example_dags/tutorial_etl_dag.py took 0.080 seconds
[2022-07-24 23:17:51,648] {processor.py:153} INFO - Started process (PID=13076) to work on /Users/pro/Documents/a_env/proj_data/lib/python3.7/site-packages/airflow/example_dags/tutorial_etl_dag.py
[2022-07-24 23:17:51,650] {processor.py:641} INFO - Processing file /Users/pro/Documents/a_env/proj_data/lib/python3.7/site-packages/airflow/example_dags/tutorial_etl_dag.py for tasks to queue
[2022-07-24 23:17:51,651] {logging_mixin.py:115} INFO - [2022-07-24 23:17:51,651] {dagbag.py:508} INFO - Filling up the DagBag from /Users/pro/Documents/a_env/proj_data/lib/python3.7/site-packages/airflow/example_dags/tutorial_etl_dag.py
[2022-07-24 23:17:51,662] {processor.py:651} INFO - DAG(s) dict_keys(['tutorial_etl_dag']) retrieved from /Users/pro/Documents/a_env/proj_data/lib/python3.7/site-packages/airflow/example_dags/tutorial_etl_dag.py
[2022-07-24 23:17:51,680] {logging_mixin.py:115} INFO - [2022-07-24 23:17:51,680] {dag.py:2420} INFO - Sync 1 DAGs
[2022-07-24 23:17:51,702] {logging_mixin.py:115} INFO - [2022-07-24 23:17:51,702] {dag.py:2972} INFO - Setting next_dagrun for tutorial_etl_dag to None, run_after=None
[2022-07-24 23:17:51,715] {processor.py:161} INFO - Processing /Users/pro/Documents/a_env/proj_data/lib/python3.7/site-packages/airflow/example_dags/tutorial_etl_dag.py took 0.071 seconds
[2022-07-24 23:18:25,444] {processor.py:153} INFO - Started process (PID=13182) to work on /Users/pro/Documents/a_env/proj_data/lib/python3.7/site-packages/airflow/example_dags/tutorial_etl_dag.py
[2022-07-24 23:18:25,445] {processor.py:641} INFO - Processing file /Users/pro/Documents/a_env/proj_data/lib/python3.7/site-packages/airflow/example_dags/tutorial_etl_dag.py for tasks to queue
[2022-07-24 23:18:25,446] {logging_mixin.py:115} INFO - [2022-07-24 23:18:25,446] {dagbag.py:508} INFO - Filling up the DagBag from /Users/pro/Documents/a_env/proj_data/lib/python3.7/site-packages/airflow/example_dags/tutorial_etl_dag.py
[2022-07-24 23:18:25,457] {processor.py:651} INFO - DAG(s) dict_keys(['tutorial_etl_dag']) retrieved from /Users/pro/Documents/a_env/proj_data/lib/python3.7/site-packages/airflow/example_dags/tutorial_etl_dag.py
[2022-07-24 23:18:25,478] {logging_mixin.py:115} INFO - [2022-07-24 23:18:25,477] {dag.py:2420} INFO - Sync 1 DAGs
[2022-07-24 23:18:25,501] {logging_mixin.py:115} INFO - [2022-07-24 23:18:25,500] {dag.py:2972} INFO - Setting next_dagrun for tutorial_etl_dag to None, run_after=None
[2022-07-24 23:18:25,515] {processor.py:161} INFO - Processing /Users/pro/Documents/a_env/proj_data/lib/python3.7/site-packages/airflow/example_dags/tutorial_etl_dag.py took 0.076 seconds
[2022-07-24 23:18:59,399] {processor.py:153} INFO - Started process (PID=13289) to work on /Users/pro/Documents/a_env/proj_data/lib/python3.7/site-packages/airflow/example_dags/tutorial_etl_dag.py
[2022-07-24 23:18:59,400] {processor.py:641} INFO - Processing file /Users/pro/Documents/a_env/proj_data/lib/python3.7/site-packages/airflow/example_dags/tutorial_etl_dag.py for tasks to queue
[2022-07-24 23:18:59,401] {logging_mixin.py:115} INFO - [2022-07-24 23:18:59,401] {dagbag.py:508} INFO - Filling up the DagBag from /Users/pro/Documents/a_env/proj_data/lib/python3.7/site-packages/airflow/example_dags/tutorial_etl_dag.py
[2022-07-24 23:18:59,414] {processor.py:651} INFO - DAG(s) dict_keys(['tutorial_etl_dag']) retrieved from /Users/pro/Documents/a_env/proj_data/lib/python3.7/site-packages/airflow/example_dags/tutorial_etl_dag.py
[2022-07-24 23:18:59,440] {logging_mixin.py:115} INFO - [2022-07-24 23:18:59,439] {dag.py:2420} INFO - Sync 1 DAGs
[2022-07-24 23:18:59,463] {logging_mixin.py:115} INFO - [2022-07-24 23:18:59,463] {dag.py:2972} INFO - Setting next_dagrun for tutorial_etl_dag to None, run_after=None
[2022-07-24 23:18:59,476] {processor.py:161} INFO - Processing /Users/pro/Documents/a_env/proj_data/lib/python3.7/site-packages/airflow/example_dags/tutorial_etl_dag.py took 0.082 seconds
[2022-07-24 23:19:33,432] {processor.py:153} INFO - Started process (PID=13384) to work on /Users/pro/Documents/a_env/proj_data/lib/python3.7/site-packages/airflow/example_dags/tutorial_etl_dag.py
[2022-07-24 23:19:33,434] {processor.py:641} INFO - Processing file /Users/pro/Documents/a_env/proj_data/lib/python3.7/site-packages/airflow/example_dags/tutorial_etl_dag.py for tasks to queue
[2022-07-24 23:19:33,435] {logging_mixin.py:115} INFO - [2022-07-24 23:19:33,435] {dagbag.py:508} INFO - Filling up the DagBag from /Users/pro/Documents/a_env/proj_data/lib/python3.7/site-packages/airflow/example_dags/tutorial_etl_dag.py
[2022-07-24 23:19:33,447] {processor.py:651} INFO - DAG(s) dict_keys(['tutorial_etl_dag']) retrieved from /Users/pro/Documents/a_env/proj_data/lib/python3.7/site-packages/airflow/example_dags/tutorial_etl_dag.py
[2022-07-24 23:19:33,468] {logging_mixin.py:115} INFO - [2022-07-24 23:19:33,468] {dag.py:2420} INFO - Sync 1 DAGs
[2022-07-24 23:19:33,491] {logging_mixin.py:115} INFO - [2022-07-24 23:19:33,491] {dag.py:2972} INFO - Setting next_dagrun for tutorial_etl_dag to None, run_after=None
[2022-07-24 23:19:33,504] {processor.py:161} INFO - Processing /Users/pro/Documents/a_env/proj_data/lib/python3.7/site-packages/airflow/example_dags/tutorial_etl_dag.py took 0.076 seconds
[2022-07-24 23:20:05,943] {processor.py:153} INFO - Started process (PID=13424) to work on /Users/pro/Documents/a_env/proj_data/lib/python3.7/site-packages/airflow/example_dags/tutorial_etl_dag.py
[2022-07-24 23:20:05,948] {processor.py:641} INFO - Processing file /Users/pro/Documents/a_env/proj_data/lib/python3.7/site-packages/airflow/example_dags/tutorial_etl_dag.py for tasks to queue
[2022-07-24 23:20:05,950] {logging_mixin.py:115} INFO - [2022-07-24 23:20:05,949] {dagbag.py:508} INFO - Filling up the DagBag from /Users/pro/Documents/a_env/proj_data/lib/python3.7/site-packages/airflow/example_dags/tutorial_etl_dag.py
[2022-07-24 23:20:05,965] {processor.py:651} INFO - DAG(s) dict_keys(['tutorial_etl_dag']) retrieved from /Users/pro/Documents/a_env/proj_data/lib/python3.7/site-packages/airflow/example_dags/tutorial_etl_dag.py
[2022-07-24 23:20:06,013] {logging_mixin.py:115} INFO - [2022-07-24 23:20:06,009] {dag.py:2420} INFO - Sync 1 DAGs
[2022-07-24 23:20:06,052] {logging_mixin.py:115} INFO - [2022-07-24 23:20:06,052] {dag.py:2972} INFO - Setting next_dagrun for tutorial_etl_dag to None, run_after=None
[2022-07-24 23:20:06,070] {processor.py:161} INFO - Processing /Users/pro/Documents/a_env/proj_data/lib/python3.7/site-packages/airflow/example_dags/tutorial_etl_dag.py took 0.132 seconds
[2022-07-24 23:20:40,857] {processor.py:153} INFO - Started process (PID=13551) to work on /Users/pro/Documents/a_env/proj_data/lib/python3.7/site-packages/airflow/example_dags/tutorial_etl_dag.py
[2022-07-24 23:20:40,859] {processor.py:641} INFO - Processing file /Users/pro/Documents/a_env/proj_data/lib/python3.7/site-packages/airflow/example_dags/tutorial_etl_dag.py for tasks to queue
[2022-07-24 23:20:40,860] {logging_mixin.py:115} INFO - [2022-07-24 23:20:40,860] {dagbag.py:508} INFO - Filling up the DagBag from /Users/pro/Documents/a_env/proj_data/lib/python3.7/site-packages/airflow/example_dags/tutorial_etl_dag.py
[2022-07-24 23:20:40,872] {processor.py:651} INFO - DAG(s) dict_keys(['tutorial_etl_dag']) retrieved from /Users/pro/Documents/a_env/proj_data/lib/python3.7/site-packages/airflow/example_dags/tutorial_etl_dag.py
[2022-07-24 23:20:40,893] {logging_mixin.py:115} INFO - [2022-07-24 23:20:40,893] {dag.py:2420} INFO - Sync 1 DAGs
[2022-07-24 23:20:40,920] {logging_mixin.py:115} INFO - [2022-07-24 23:20:40,919] {dag.py:2972} INFO - Setting next_dagrun for tutorial_etl_dag to None, run_after=None
[2022-07-24 23:20:40,956] {processor.py:161} INFO - Processing /Users/pro/Documents/a_env/proj_data/lib/python3.7/site-packages/airflow/example_dags/tutorial_etl_dag.py took 0.106 seconds
[2022-07-24 23:21:15,843] {processor.py:153} INFO - Started process (PID=13833) to work on /Users/pro/Documents/a_env/proj_data/lib/python3.7/site-packages/airflow/example_dags/tutorial_etl_dag.py
[2022-07-24 23:21:15,844] {processor.py:641} INFO - Processing file /Users/pro/Documents/a_env/proj_data/lib/python3.7/site-packages/airflow/example_dags/tutorial_etl_dag.py for tasks to queue
[2022-07-24 23:21:15,846] {logging_mixin.py:115} INFO - [2022-07-24 23:21:15,846] {dagbag.py:508} INFO - Filling up the DagBag from /Users/pro/Documents/a_env/proj_data/lib/python3.7/site-packages/airflow/example_dags/tutorial_etl_dag.py
[2022-07-24 23:21:15,858] {processor.py:651} INFO - DAG(s) dict_keys(['tutorial_etl_dag']) retrieved from /Users/pro/Documents/a_env/proj_data/lib/python3.7/site-packages/airflow/example_dags/tutorial_etl_dag.py
[2022-07-24 23:21:15,879] {logging_mixin.py:115} INFO - [2022-07-24 23:21:15,878] {dag.py:2420} INFO - Sync 1 DAGs
[2022-07-24 23:21:15,903] {logging_mixin.py:115} INFO - [2022-07-24 23:21:15,902] {dag.py:2972} INFO - Setting next_dagrun for tutorial_etl_dag to None, run_after=None
[2022-07-24 23:21:15,919] {processor.py:161} INFO - Processing /Users/pro/Documents/a_env/proj_data/lib/python3.7/site-packages/airflow/example_dags/tutorial_etl_dag.py took 0.080 seconds
[2022-07-24 23:21:50,111] {processor.py:153} INFO - Started process (PID=13917) to work on /Users/pro/Documents/a_env/proj_data/lib/python3.7/site-packages/airflow/example_dags/tutorial_etl_dag.py
[2022-07-24 23:21:50,113] {processor.py:641} INFO - Processing file /Users/pro/Documents/a_env/proj_data/lib/python3.7/site-packages/airflow/example_dags/tutorial_etl_dag.py for tasks to queue
[2022-07-24 23:21:50,115] {logging_mixin.py:115} INFO - [2022-07-24 23:21:50,115] {dagbag.py:508} INFO - Filling up the DagBag from /Users/pro/Documents/a_env/proj_data/lib/python3.7/site-packages/airflow/example_dags/tutorial_etl_dag.py
[2022-07-24 23:21:50,126] {processor.py:651} INFO - DAG(s) dict_keys(['tutorial_etl_dag']) retrieved from /Users/pro/Documents/a_env/proj_data/lib/python3.7/site-packages/airflow/example_dags/tutorial_etl_dag.py
[2022-07-24 23:21:50,148] {logging_mixin.py:115} INFO - [2022-07-24 23:21:50,148] {dag.py:2420} INFO - Sync 1 DAGs
[2022-07-24 23:21:50,171] {logging_mixin.py:115} INFO - [2022-07-24 23:21:50,171] {dag.py:2972} INFO - Setting next_dagrun for tutorial_etl_dag to None, run_after=None
[2022-07-24 23:21:50,184] {processor.py:161} INFO - Processing /Users/pro/Documents/a_env/proj_data/lib/python3.7/site-packages/airflow/example_dags/tutorial_etl_dag.py took 0.077 seconds
[2022-07-24 23:22:21,392] {processor.py:153} INFO - Started process (PID=14000) to work on /Users/pro/Documents/a_env/proj_data/lib/python3.7/site-packages/airflow/example_dags/tutorial_etl_dag.py
[2022-07-24 23:22:21,393] {processor.py:641} INFO - Processing file /Users/pro/Documents/a_env/proj_data/lib/python3.7/site-packages/airflow/example_dags/tutorial_etl_dag.py for tasks to queue
[2022-07-24 23:22:21,395] {logging_mixin.py:115} INFO - [2022-07-24 23:22:21,394] {dagbag.py:508} INFO - Filling up the DagBag from /Users/pro/Documents/a_env/proj_data/lib/python3.7/site-packages/airflow/example_dags/tutorial_etl_dag.py
[2022-07-24 23:22:21,408] {processor.py:651} INFO - DAG(s) dict_keys(['tutorial_etl_dag']) retrieved from /Users/pro/Documents/a_env/proj_data/lib/python3.7/site-packages/airflow/example_dags/tutorial_etl_dag.py
[2022-07-24 23:22:21,429] {logging_mixin.py:115} INFO - [2022-07-24 23:22:21,429] {dag.py:2420} INFO - Sync 1 DAGs
[2022-07-24 23:22:21,456] {logging_mixin.py:115} INFO - [2022-07-24 23:22:21,456] {dag.py:2972} INFO - Setting next_dagrun for tutorial_etl_dag to None, run_after=None
[2022-07-24 23:22:21,473] {processor.py:161} INFO - Processing /Users/pro/Documents/a_env/proj_data/lib/python3.7/site-packages/airflow/example_dags/tutorial_etl_dag.py took 0.086 seconds
[2022-07-24 23:22:56,198] {processor.py:153} INFO - Started process (PID=14117) to work on /Users/pro/Documents/a_env/proj_data/lib/python3.7/site-packages/airflow/example_dags/tutorial_etl_dag.py
[2022-07-24 23:22:56,200] {processor.py:641} INFO - Processing file /Users/pro/Documents/a_env/proj_data/lib/python3.7/site-packages/airflow/example_dags/tutorial_etl_dag.py for tasks to queue
[2022-07-24 23:22:56,202] {logging_mixin.py:115} INFO - [2022-07-24 23:22:56,201] {dagbag.py:508} INFO - Filling up the DagBag from /Users/pro/Documents/a_env/proj_data/lib/python3.7/site-packages/airflow/example_dags/tutorial_etl_dag.py
[2022-07-24 23:22:56,215] {processor.py:651} INFO - DAG(s) dict_keys(['tutorial_etl_dag']) retrieved from /Users/pro/Documents/a_env/proj_data/lib/python3.7/site-packages/airflow/example_dags/tutorial_etl_dag.py
[2022-07-24 23:22:56,235] {logging_mixin.py:115} INFO - [2022-07-24 23:22:56,235] {dag.py:2420} INFO - Sync 1 DAGs
[2022-07-24 23:22:56,258] {logging_mixin.py:115} INFO - [2022-07-24 23:22:56,258] {dag.py:2972} INFO - Setting next_dagrun for tutorial_etl_dag to None, run_after=None
[2022-07-24 23:22:56,273] {processor.py:161} INFO - Processing /Users/pro/Documents/a_env/proj_data/lib/python3.7/site-packages/airflow/example_dags/tutorial_etl_dag.py took 0.080 seconds
[2022-07-24 23:23:30,000] {processor.py:153} INFO - Started process (PID=14217) to work on /Users/pro/Documents/a_env/proj_data/lib/python3.7/site-packages/airflow/example_dags/tutorial_etl_dag.py
[2022-07-24 23:23:30,002] {processor.py:641} INFO - Processing file /Users/pro/Documents/a_env/proj_data/lib/python3.7/site-packages/airflow/example_dags/tutorial_etl_dag.py for tasks to queue
[2022-07-24 23:23:30,005] {logging_mixin.py:115} INFO - [2022-07-24 23:23:30,004] {dagbag.py:508} INFO - Filling up the DagBag from /Users/pro/Documents/a_env/proj_data/lib/python3.7/site-packages/airflow/example_dags/tutorial_etl_dag.py
[2022-07-24 23:23:30,024] {processor.py:651} INFO - DAG(s) dict_keys(['tutorial_etl_dag']) retrieved from /Users/pro/Documents/a_env/proj_data/lib/python3.7/site-packages/airflow/example_dags/tutorial_etl_dag.py
[2022-07-24 23:23:30,059] {logging_mixin.py:115} INFO - [2022-07-24 23:23:30,059] {dag.py:2420} INFO - Sync 1 DAGs
[2022-07-24 23:23:30,107] {logging_mixin.py:115} INFO - [2022-07-24 23:23:30,107] {dag.py:2972} INFO - Setting next_dagrun for tutorial_etl_dag to None, run_after=None
[2022-07-24 23:23:30,128] {processor.py:161} INFO - Processing /Users/pro/Documents/a_env/proj_data/lib/python3.7/site-packages/airflow/example_dags/tutorial_etl_dag.py took 0.137 seconds
[2022-07-24 23:24:05,269] {processor.py:153} INFO - Started process (PID=14256) to work on /Users/pro/Documents/a_env/proj_data/lib/python3.7/site-packages/airflow/example_dags/tutorial_etl_dag.py
[2022-07-24 23:24:05,271] {processor.py:641} INFO - Processing file /Users/pro/Documents/a_env/proj_data/lib/python3.7/site-packages/airflow/example_dags/tutorial_etl_dag.py for tasks to queue
[2022-07-24 23:24:05,273] {logging_mixin.py:115} INFO - [2022-07-24 23:24:05,272] {dagbag.py:508} INFO - Filling up the DagBag from /Users/pro/Documents/a_env/proj_data/lib/python3.7/site-packages/airflow/example_dags/tutorial_etl_dag.py
[2022-07-24 23:24:05,287] {processor.py:651} INFO - DAG(s) dict_keys(['tutorial_etl_dag']) retrieved from /Users/pro/Documents/a_env/proj_data/lib/python3.7/site-packages/airflow/example_dags/tutorial_etl_dag.py
[2022-07-24 23:24:05,309] {logging_mixin.py:115} INFO - [2022-07-24 23:24:05,309] {dag.py:2420} INFO - Sync 1 DAGs
[2022-07-24 23:24:05,334] {logging_mixin.py:115} INFO - [2022-07-24 23:24:05,334] {dag.py:2972} INFO - Setting next_dagrun for tutorial_etl_dag to None, run_after=None
[2022-07-24 23:24:05,349] {processor.py:161} INFO - Processing /Users/pro/Documents/a_env/proj_data/lib/python3.7/site-packages/airflow/example_dags/tutorial_etl_dag.py took 0.087 seconds
[2022-07-24 23:24:40,170] {processor.py:153} INFO - Started process (PID=14380) to work on /Users/pro/Documents/a_env/proj_data/lib/python3.7/site-packages/airflow/example_dags/tutorial_etl_dag.py
[2022-07-24 23:24:40,171] {processor.py:641} INFO - Processing file /Users/pro/Documents/a_env/proj_data/lib/python3.7/site-packages/airflow/example_dags/tutorial_etl_dag.py for tasks to queue
[2022-07-24 23:24:40,173] {logging_mixin.py:115} INFO - [2022-07-24 23:24:40,172] {dagbag.py:508} INFO - Filling up the DagBag from /Users/pro/Documents/a_env/proj_data/lib/python3.7/site-packages/airflow/example_dags/tutorial_etl_dag.py
[2022-07-24 23:24:40,184] {processor.py:651} INFO - DAG(s) dict_keys(['tutorial_etl_dag']) retrieved from /Users/pro/Documents/a_env/proj_data/lib/python3.7/site-packages/airflow/example_dags/tutorial_etl_dag.py
[2022-07-24 23:24:40,206] {logging_mixin.py:115} INFO - [2022-07-24 23:24:40,205] {dag.py:2420} INFO - Sync 1 DAGs
[2022-07-24 23:24:40,229] {logging_mixin.py:115} INFO - [2022-07-24 23:24:40,229] {dag.py:2972} INFO - Setting next_dagrun for tutorial_etl_dag to None, run_after=None
[2022-07-24 23:24:40,243] {processor.py:161} INFO - Processing /Users/pro/Documents/a_env/proj_data/lib/python3.7/site-packages/airflow/example_dags/tutorial_etl_dag.py took 0.078 seconds
[2022-07-24 23:25:16,363] {processor.py:153} INFO - Started process (PID=14434) to work on /Users/pro/Documents/a_env/proj_data/lib/python3.7/site-packages/airflow/example_dags/tutorial_etl_dag.py
[2022-07-24 23:25:16,365] {processor.py:641} INFO - Processing file /Users/pro/Documents/a_env/proj_data/lib/python3.7/site-packages/airflow/example_dags/tutorial_etl_dag.py for tasks to queue
[2022-07-24 23:25:16,366] {logging_mixin.py:115} INFO - [2022-07-24 23:25:16,366] {dagbag.py:508} INFO - Filling up the DagBag from /Users/pro/Documents/a_env/proj_data/lib/python3.7/site-packages/airflow/example_dags/tutorial_etl_dag.py
[2022-07-24 23:25:16,380] {processor.py:651} INFO - DAG(s) dict_keys(['tutorial_etl_dag']) retrieved from /Users/pro/Documents/a_env/proj_data/lib/python3.7/site-packages/airflow/example_dags/tutorial_etl_dag.py
[2022-07-24 23:25:16,402] {logging_mixin.py:115} INFO - [2022-07-24 23:25:16,401] {dag.py:2420} INFO - Sync 1 DAGs
[2022-07-24 23:25:16,427] {logging_mixin.py:115} INFO - [2022-07-24 23:25:16,426] {dag.py:2972} INFO - Setting next_dagrun for tutorial_etl_dag to None, run_after=None
[2022-07-24 23:25:16,441] {processor.py:161} INFO - Processing /Users/pro/Documents/a_env/proj_data/lib/python3.7/site-packages/airflow/example_dags/tutorial_etl_dag.py took 0.083 seconds
[2022-07-24 23:25:51,382] {processor.py:153} INFO - Started process (PID=14484) to work on /Users/pro/Documents/a_env/proj_data/lib/python3.7/site-packages/airflow/example_dags/tutorial_etl_dag.py
[2022-07-24 23:25:51,384] {processor.py:641} INFO - Processing file /Users/pro/Documents/a_env/proj_data/lib/python3.7/site-packages/airflow/example_dags/tutorial_etl_dag.py for tasks to queue
[2022-07-24 23:25:51,386] {logging_mixin.py:115} INFO - [2022-07-24 23:25:51,386] {dagbag.py:508} INFO - Filling up the DagBag from /Users/pro/Documents/a_env/proj_data/lib/python3.7/site-packages/airflow/example_dags/tutorial_etl_dag.py
[2022-07-24 23:25:51,401] {processor.py:651} INFO - DAG(s) dict_keys(['tutorial_etl_dag']) retrieved from /Users/pro/Documents/a_env/proj_data/lib/python3.7/site-packages/airflow/example_dags/tutorial_etl_dag.py
[2022-07-24 23:25:51,422] {logging_mixin.py:115} INFO - [2022-07-24 23:25:51,422] {dag.py:2420} INFO - Sync 1 DAGs
[2022-07-24 23:25:51,446] {logging_mixin.py:115} INFO - [2022-07-24 23:25:51,446] {dag.py:2972} INFO - Setting next_dagrun for tutorial_etl_dag to None, run_after=None
[2022-07-24 23:25:51,461] {processor.py:161} INFO - Processing /Users/pro/Documents/a_env/proj_data/lib/python3.7/site-packages/airflow/example_dags/tutorial_etl_dag.py took 0.084 seconds
[2022-07-24 23:26:26,299] {processor.py:153} INFO - Started process (PID=14521) to work on /Users/pro/Documents/a_env/proj_data/lib/python3.7/site-packages/airflow/example_dags/tutorial_etl_dag.py
[2022-07-24 23:26:26,300] {processor.py:641} INFO - Processing file /Users/pro/Documents/a_env/proj_data/lib/python3.7/site-packages/airflow/example_dags/tutorial_etl_dag.py for tasks to queue
[2022-07-24 23:26:26,301] {logging_mixin.py:115} INFO - [2022-07-24 23:26:26,301] {dagbag.py:508} INFO - Filling up the DagBag from /Users/pro/Documents/a_env/proj_data/lib/python3.7/site-packages/airflow/example_dags/tutorial_etl_dag.py
[2022-07-24 23:26:26,314] {processor.py:651} INFO - DAG(s) dict_keys(['tutorial_etl_dag']) retrieved from /Users/pro/Documents/a_env/proj_data/lib/python3.7/site-packages/airflow/example_dags/tutorial_etl_dag.py
[2022-07-24 23:26:26,335] {logging_mixin.py:115} INFO - [2022-07-24 23:26:26,335] {dag.py:2420} INFO - Sync 1 DAGs
[2022-07-24 23:26:26,359] {logging_mixin.py:115} INFO - [2022-07-24 23:26:26,358] {dag.py:2972} INFO - Setting next_dagrun for tutorial_etl_dag to None, run_after=None
[2022-07-24 23:26:26,374] {processor.py:161} INFO - Processing /Users/pro/Documents/a_env/proj_data/lib/python3.7/site-packages/airflow/example_dags/tutorial_etl_dag.py took 0.080 seconds
[2022-07-24 23:27:01,867] {processor.py:153} INFO - Started process (PID=14582) to work on /Users/pro/Documents/a_env/proj_data/lib/python3.7/site-packages/airflow/example_dags/tutorial_etl_dag.py
[2022-07-24 23:27:01,869] {processor.py:641} INFO - Processing file /Users/pro/Documents/a_env/proj_data/lib/python3.7/site-packages/airflow/example_dags/tutorial_etl_dag.py for tasks to queue
[2022-07-24 23:27:01,871] {logging_mixin.py:115} INFO - [2022-07-24 23:27:01,870] {dagbag.py:508} INFO - Filling up the DagBag from /Users/pro/Documents/a_env/proj_data/lib/python3.7/site-packages/airflow/example_dags/tutorial_etl_dag.py
[2022-07-24 23:27:01,885] {processor.py:651} INFO - DAG(s) dict_keys(['tutorial_etl_dag']) retrieved from /Users/pro/Documents/a_env/proj_data/lib/python3.7/site-packages/airflow/example_dags/tutorial_etl_dag.py
[2022-07-24 23:27:01,910] {logging_mixin.py:115} INFO - [2022-07-24 23:27:01,910] {dag.py:2420} INFO - Sync 1 DAGs
[2022-07-24 23:27:01,939] {logging_mixin.py:115} INFO - [2022-07-24 23:27:01,938] {dag.py:2972} INFO - Setting next_dagrun for tutorial_etl_dag to None, run_after=None
[2022-07-24 23:27:01,954] {processor.py:161} INFO - Processing /Users/pro/Documents/a_env/proj_data/lib/python3.7/site-packages/airflow/example_dags/tutorial_etl_dag.py took 0.092 seconds
[2022-07-24 23:27:35,579] {processor.py:153} INFO - Started process (PID=14693) to work on /Users/pro/Documents/a_env/proj_data/lib/python3.7/site-packages/airflow/example_dags/tutorial_etl_dag.py
[2022-07-24 23:27:35,581] {processor.py:641} INFO - Processing file /Users/pro/Documents/a_env/proj_data/lib/python3.7/site-packages/airflow/example_dags/tutorial_etl_dag.py for tasks to queue
[2022-07-24 23:27:35,583] {logging_mixin.py:115} INFO - [2022-07-24 23:27:35,582] {dagbag.py:508} INFO - Filling up the DagBag from /Users/pro/Documents/a_env/proj_data/lib/python3.7/site-packages/airflow/example_dags/tutorial_etl_dag.py
[2022-07-24 23:27:35,595] {processor.py:651} INFO - DAG(s) dict_keys(['tutorial_etl_dag']) retrieved from /Users/pro/Documents/a_env/proj_data/lib/python3.7/site-packages/airflow/example_dags/tutorial_etl_dag.py
[2022-07-24 23:27:35,616] {logging_mixin.py:115} INFO - [2022-07-24 23:27:35,616] {dag.py:2420} INFO - Sync 1 DAGs
[2022-07-24 23:27:35,639] {logging_mixin.py:115} INFO - [2022-07-24 23:27:35,638] {dag.py:2972} INFO - Setting next_dagrun for tutorial_etl_dag to None, run_after=None
[2022-07-24 23:27:35,652] {processor.py:161} INFO - Processing /Users/pro/Documents/a_env/proj_data/lib/python3.7/site-packages/airflow/example_dags/tutorial_etl_dag.py took 0.079 seconds
[2022-07-24 23:28:09,169] {processor.py:153} INFO - Started process (PID=14777) to work on /Users/pro/Documents/a_env/proj_data/lib/python3.7/site-packages/airflow/example_dags/tutorial_etl_dag.py
[2022-07-24 23:28:09,171] {processor.py:641} INFO - Processing file /Users/pro/Documents/a_env/proj_data/lib/python3.7/site-packages/airflow/example_dags/tutorial_etl_dag.py for tasks to queue
[2022-07-24 23:28:09,172] {logging_mixin.py:115} INFO - [2022-07-24 23:28:09,172] {dagbag.py:508} INFO - Filling up the DagBag from /Users/pro/Documents/a_env/proj_data/lib/python3.7/site-packages/airflow/example_dags/tutorial_etl_dag.py
[2022-07-24 23:28:09,184] {processor.py:651} INFO - DAG(s) dict_keys(['tutorial_etl_dag']) retrieved from /Users/pro/Documents/a_env/proj_data/lib/python3.7/site-packages/airflow/example_dags/tutorial_etl_dag.py
[2022-07-24 23:28:09,205] {logging_mixin.py:115} INFO - [2022-07-24 23:28:09,205] {dag.py:2420} INFO - Sync 1 DAGs
[2022-07-24 23:28:09,229] {logging_mixin.py:115} INFO - [2022-07-24 23:28:09,229] {dag.py:2972} INFO - Setting next_dagrun for tutorial_etl_dag to None, run_after=None
[2022-07-24 23:28:09,254] {processor.py:161} INFO - Processing /Users/pro/Documents/a_env/proj_data/lib/python3.7/site-packages/airflow/example_dags/tutorial_etl_dag.py took 0.090 seconds
[2022-07-24 23:28:43,535] {processor.py:153} INFO - Started process (PID=14842) to work on /Users/pro/Documents/a_env/proj_data/lib/python3.7/site-packages/airflow/example_dags/tutorial_etl_dag.py
[2022-07-24 23:28:43,536] {processor.py:641} INFO - Processing file /Users/pro/Documents/a_env/proj_data/lib/python3.7/site-packages/airflow/example_dags/tutorial_etl_dag.py for tasks to queue
[2022-07-24 23:28:43,537] {logging_mixin.py:115} INFO - [2022-07-24 23:28:43,537] {dagbag.py:508} INFO - Filling up the DagBag from /Users/pro/Documents/a_env/proj_data/lib/python3.7/site-packages/airflow/example_dags/tutorial_etl_dag.py
[2022-07-24 23:28:43,549] {processor.py:651} INFO - DAG(s) dict_keys(['tutorial_etl_dag']) retrieved from /Users/pro/Documents/a_env/proj_data/lib/python3.7/site-packages/airflow/example_dags/tutorial_etl_dag.py
[2022-07-24 23:28:43,570] {logging_mixin.py:115} INFO - [2022-07-24 23:28:43,569] {dag.py:2420} INFO - Sync 1 DAGs
[2022-07-24 23:28:43,591] {logging_mixin.py:115} INFO - [2022-07-24 23:28:43,591] {dag.py:2972} INFO - Setting next_dagrun for tutorial_etl_dag to None, run_after=None
[2022-07-24 23:28:43,604] {processor.py:161} INFO - Processing /Users/pro/Documents/a_env/proj_data/lib/python3.7/site-packages/airflow/example_dags/tutorial_etl_dag.py took 0.075 seconds
[2022-07-24 23:29:18,071] {processor.py:153} INFO - Started process (PID=14876) to work on /Users/pro/Documents/a_env/proj_data/lib/python3.7/site-packages/airflow/example_dags/tutorial_etl_dag.py
[2022-07-24 23:29:18,072] {processor.py:641} INFO - Processing file /Users/pro/Documents/a_env/proj_data/lib/python3.7/site-packages/airflow/example_dags/tutorial_etl_dag.py for tasks to queue
[2022-07-24 23:29:18,073] {logging_mixin.py:115} INFO - [2022-07-24 23:29:18,073] {dagbag.py:508} INFO - Filling up the DagBag from /Users/pro/Documents/a_env/proj_data/lib/python3.7/site-packages/airflow/example_dags/tutorial_etl_dag.py
[2022-07-24 23:29:18,086] {processor.py:651} INFO - DAG(s) dict_keys(['tutorial_etl_dag']) retrieved from /Users/pro/Documents/a_env/proj_data/lib/python3.7/site-packages/airflow/example_dags/tutorial_etl_dag.py
[2022-07-24 23:29:18,109] {logging_mixin.py:115} INFO - [2022-07-24 23:29:18,109] {dag.py:2420} INFO - Sync 1 DAGs
[2022-07-24 23:29:18,132] {logging_mixin.py:115} INFO - [2022-07-24 23:29:18,132] {dag.py:2972} INFO - Setting next_dagrun for tutorial_etl_dag to None, run_after=None
[2022-07-24 23:29:18,148] {processor.py:161} INFO - Processing /Users/pro/Documents/a_env/proj_data/lib/python3.7/site-packages/airflow/example_dags/tutorial_etl_dag.py took 0.082 seconds
[2022-07-24 23:29:52,226] {processor.py:153} INFO - Started process (PID=14918) to work on /Users/pro/Documents/a_env/proj_data/lib/python3.7/site-packages/airflow/example_dags/tutorial_etl_dag.py
[2022-07-24 23:29:52,228] {processor.py:641} INFO - Processing file /Users/pro/Documents/a_env/proj_data/lib/python3.7/site-packages/airflow/example_dags/tutorial_etl_dag.py for tasks to queue
[2022-07-24 23:29:52,230] {logging_mixin.py:115} INFO - [2022-07-24 23:29:52,229] {dagbag.py:508} INFO - Filling up the DagBag from /Users/pro/Documents/a_env/proj_data/lib/python3.7/site-packages/airflow/example_dags/tutorial_etl_dag.py
[2022-07-24 23:29:52,241] {processor.py:651} INFO - DAG(s) dict_keys(['tutorial_etl_dag']) retrieved from /Users/pro/Documents/a_env/proj_data/lib/python3.7/site-packages/airflow/example_dags/tutorial_etl_dag.py
[2022-07-24 23:29:52,262] {logging_mixin.py:115} INFO - [2022-07-24 23:29:52,261] {dag.py:2420} INFO - Sync 1 DAGs
[2022-07-24 23:29:52,285] {logging_mixin.py:115} INFO - [2022-07-24 23:29:52,285] {dag.py:2972} INFO - Setting next_dagrun for tutorial_etl_dag to None, run_after=None
[2022-07-24 23:29:52,298] {processor.py:161} INFO - Processing /Users/pro/Documents/a_env/proj_data/lib/python3.7/site-packages/airflow/example_dags/tutorial_etl_dag.py took 0.076 seconds
[2022-07-24 23:30:25,490] {processor.py:153} INFO - Started process (PID=14961) to work on /Users/pro/Documents/a_env/proj_data/lib/python3.7/site-packages/airflow/example_dags/tutorial_etl_dag.py
[2022-07-24 23:30:25,492] {processor.py:641} INFO - Processing file /Users/pro/Documents/a_env/proj_data/lib/python3.7/site-packages/airflow/example_dags/tutorial_etl_dag.py for tasks to queue
[2022-07-24 23:30:25,493] {logging_mixin.py:115} INFO - [2022-07-24 23:30:25,492] {dagbag.py:508} INFO - Filling up the DagBag from /Users/pro/Documents/a_env/proj_data/lib/python3.7/site-packages/airflow/example_dags/tutorial_etl_dag.py
[2022-07-24 23:30:25,505] {processor.py:651} INFO - DAG(s) dict_keys(['tutorial_etl_dag']) retrieved from /Users/pro/Documents/a_env/proj_data/lib/python3.7/site-packages/airflow/example_dags/tutorial_etl_dag.py
[2022-07-24 23:30:25,531] {logging_mixin.py:115} INFO - [2022-07-24 23:30:25,530] {dag.py:2420} INFO - Sync 1 DAGs
[2022-07-24 23:30:25,556] {logging_mixin.py:115} INFO - [2022-07-24 23:30:25,556] {dag.py:2972} INFO - Setting next_dagrun for tutorial_etl_dag to None, run_after=None
[2022-07-24 23:30:25,572] {processor.py:161} INFO - Processing /Users/pro/Documents/a_env/proj_data/lib/python3.7/site-packages/airflow/example_dags/tutorial_etl_dag.py took 0.086 seconds
[2022-07-24 23:30:59,132] {processor.py:153} INFO - Started process (PID=15000) to work on /Users/pro/Documents/a_env/proj_data/lib/python3.7/site-packages/airflow/example_dags/tutorial_etl_dag.py
[2022-07-24 23:30:59,133] {processor.py:641} INFO - Processing file /Users/pro/Documents/a_env/proj_data/lib/python3.7/site-packages/airflow/example_dags/tutorial_etl_dag.py for tasks to queue
[2022-07-24 23:30:59,135] {logging_mixin.py:115} INFO - [2022-07-24 23:30:59,134] {dagbag.py:508} INFO - Filling up the DagBag from /Users/pro/Documents/a_env/proj_data/lib/python3.7/site-packages/airflow/example_dags/tutorial_etl_dag.py
[2022-07-24 23:30:59,146] {processor.py:651} INFO - DAG(s) dict_keys(['tutorial_etl_dag']) retrieved from /Users/pro/Documents/a_env/proj_data/lib/python3.7/site-packages/airflow/example_dags/tutorial_etl_dag.py
[2022-07-24 23:30:59,168] {logging_mixin.py:115} INFO - [2022-07-24 23:30:59,168] {dag.py:2420} INFO - Sync 1 DAGs
[2022-07-24 23:30:59,191] {logging_mixin.py:115} INFO - [2022-07-24 23:30:59,191] {dag.py:2972} INFO - Setting next_dagrun for tutorial_etl_dag to None, run_after=None
[2022-07-24 23:30:59,204] {processor.py:161} INFO - Processing /Users/pro/Documents/a_env/proj_data/lib/python3.7/site-packages/airflow/example_dags/tutorial_etl_dag.py took 0.076 seconds
[2022-07-24 23:31:33,040] {processor.py:153} INFO - Started process (PID=15040) to work on /Users/pro/Documents/a_env/proj_data/lib/python3.7/site-packages/airflow/example_dags/tutorial_etl_dag.py
[2022-07-24 23:31:33,042] {processor.py:641} INFO - Processing file /Users/pro/Documents/a_env/proj_data/lib/python3.7/site-packages/airflow/example_dags/tutorial_etl_dag.py for tasks to queue
[2022-07-24 23:31:33,043] {logging_mixin.py:115} INFO - [2022-07-24 23:31:33,043] {dagbag.py:508} INFO - Filling up the DagBag from /Users/pro/Documents/a_env/proj_data/lib/python3.7/site-packages/airflow/example_dags/tutorial_etl_dag.py
[2022-07-24 23:31:33,055] {processor.py:651} INFO - DAG(s) dict_keys(['tutorial_etl_dag']) retrieved from /Users/pro/Documents/a_env/proj_data/lib/python3.7/site-packages/airflow/example_dags/tutorial_etl_dag.py
[2022-07-24 23:31:33,078] {logging_mixin.py:115} INFO - [2022-07-24 23:31:33,077] {dag.py:2420} INFO - Sync 1 DAGs
[2022-07-24 23:31:33,101] {logging_mixin.py:115} INFO - [2022-07-24 23:31:33,101] {dag.py:2972} INFO - Setting next_dagrun for tutorial_etl_dag to None, run_after=None
[2022-07-24 23:31:33,115] {processor.py:161} INFO - Processing /Users/pro/Documents/a_env/proj_data/lib/python3.7/site-packages/airflow/example_dags/tutorial_etl_dag.py took 0.080 seconds
[2022-07-24 23:32:07,230] {processor.py:153} INFO - Started process (PID=15142) to work on /Users/pro/Documents/a_env/proj_data/lib/python3.7/site-packages/airflow/example_dags/tutorial_etl_dag.py
[2022-07-24 23:32:07,232] {processor.py:641} INFO - Processing file /Users/pro/Documents/a_env/proj_data/lib/python3.7/site-packages/airflow/example_dags/tutorial_etl_dag.py for tasks to queue
[2022-07-24 23:32:07,233] {logging_mixin.py:115} INFO - [2022-07-24 23:32:07,233] {dagbag.py:508} INFO - Filling up the DagBag from /Users/pro/Documents/a_env/proj_data/lib/python3.7/site-packages/airflow/example_dags/tutorial_etl_dag.py
[2022-07-24 23:32:07,246] {processor.py:651} INFO - DAG(s) dict_keys(['tutorial_etl_dag']) retrieved from /Users/pro/Documents/a_env/proj_data/lib/python3.7/site-packages/airflow/example_dags/tutorial_etl_dag.py
[2022-07-24 23:32:07,269] {logging_mixin.py:115} INFO - [2022-07-24 23:32:07,268] {dag.py:2420} INFO - Sync 1 DAGs
[2022-07-24 23:32:07,293] {logging_mixin.py:115} INFO - [2022-07-24 23:32:07,292] {dag.py:2972} INFO - Setting next_dagrun for tutorial_etl_dag to None, run_after=None
[2022-07-24 23:32:07,309] {processor.py:161} INFO - Processing /Users/pro/Documents/a_env/proj_data/lib/python3.7/site-packages/airflow/example_dags/tutorial_etl_dag.py took 0.084 seconds
[2022-07-24 23:32:43,148] {processor.py:153} INFO - Started process (PID=15215) to work on /Users/pro/Documents/a_env/proj_data/lib/python3.7/site-packages/airflow/example_dags/tutorial_etl_dag.py
[2022-07-24 23:32:43,149] {processor.py:641} INFO - Processing file /Users/pro/Documents/a_env/proj_data/lib/python3.7/site-packages/airflow/example_dags/tutorial_etl_dag.py for tasks to queue
[2022-07-24 23:32:43,151] {logging_mixin.py:115} INFO - [2022-07-24 23:32:43,150] {dagbag.py:508} INFO - Filling up the DagBag from /Users/pro/Documents/a_env/proj_data/lib/python3.7/site-packages/airflow/example_dags/tutorial_etl_dag.py
[2022-07-24 23:32:43,164] {processor.py:651} INFO - DAG(s) dict_keys(['tutorial_etl_dag']) retrieved from /Users/pro/Documents/a_env/proj_data/lib/python3.7/site-packages/airflow/example_dags/tutorial_etl_dag.py
[2022-07-24 23:32:43,185] {logging_mixin.py:115} INFO - [2022-07-24 23:32:43,185] {dag.py:2420} INFO - Sync 1 DAGs
[2022-07-24 23:32:43,208] {logging_mixin.py:115} INFO - [2022-07-24 23:32:43,208] {dag.py:2972} INFO - Setting next_dagrun for tutorial_etl_dag to None, run_after=None
[2022-07-24 23:32:43,224] {processor.py:161} INFO - Processing /Users/pro/Documents/a_env/proj_data/lib/python3.7/site-packages/airflow/example_dags/tutorial_etl_dag.py took 0.081 seconds
[2022-07-24 23:33:17,468] {processor.py:153} INFO - Started process (PID=15313) to work on /Users/pro/Documents/a_env/proj_data/lib/python3.7/site-packages/airflow/example_dags/tutorial_etl_dag.py
[2022-07-24 23:33:17,469] {processor.py:641} INFO - Processing file /Users/pro/Documents/a_env/proj_data/lib/python3.7/site-packages/airflow/example_dags/tutorial_etl_dag.py for tasks to queue
[2022-07-24 23:33:17,470] {logging_mixin.py:115} INFO - [2022-07-24 23:33:17,470] {dagbag.py:508} INFO - Filling up the DagBag from /Users/pro/Documents/a_env/proj_data/lib/python3.7/site-packages/airflow/example_dags/tutorial_etl_dag.py
[2022-07-24 23:33:17,481] {processor.py:651} INFO - DAG(s) dict_keys(['tutorial_etl_dag']) retrieved from /Users/pro/Documents/a_env/proj_data/lib/python3.7/site-packages/airflow/example_dags/tutorial_etl_dag.py
[2022-07-24 23:33:17,501] {logging_mixin.py:115} INFO - [2022-07-24 23:33:17,501] {dag.py:2420} INFO - Sync 1 DAGs
[2022-07-24 23:33:17,526] {logging_mixin.py:115} INFO - [2022-07-24 23:33:17,525] {dag.py:2972} INFO - Setting next_dagrun for tutorial_etl_dag to None, run_after=None
[2022-07-24 23:33:17,540] {processor.py:161} INFO - Processing /Users/pro/Documents/a_env/proj_data/lib/python3.7/site-packages/airflow/example_dags/tutorial_etl_dag.py took 0.077 seconds
[2022-07-24 23:33:52,032] {processor.py:153} INFO - Started process (PID=15406) to work on /Users/pro/Documents/a_env/proj_data/lib/python3.7/site-packages/airflow/example_dags/tutorial_etl_dag.py
[2022-07-24 23:33:52,033] {processor.py:641} INFO - Processing file /Users/pro/Documents/a_env/proj_data/lib/python3.7/site-packages/airflow/example_dags/tutorial_etl_dag.py for tasks to queue
[2022-07-24 23:33:52,035] {logging_mixin.py:115} INFO - [2022-07-24 23:33:52,034] {dagbag.py:508} INFO - Filling up the DagBag from /Users/pro/Documents/a_env/proj_data/lib/python3.7/site-packages/airflow/example_dags/tutorial_etl_dag.py
[2022-07-24 23:33:52,047] {processor.py:651} INFO - DAG(s) dict_keys(['tutorial_etl_dag']) retrieved from /Users/pro/Documents/a_env/proj_data/lib/python3.7/site-packages/airflow/example_dags/tutorial_etl_dag.py
[2022-07-24 23:33:52,067] {logging_mixin.py:115} INFO - [2022-07-24 23:33:52,067] {dag.py:2420} INFO - Sync 1 DAGs
[2022-07-24 23:33:52,090] {logging_mixin.py:115} INFO - [2022-07-24 23:33:52,090] {dag.py:2972} INFO - Setting next_dagrun for tutorial_etl_dag to None, run_after=None
[2022-07-24 23:33:52,104] {processor.py:161} INFO - Processing /Users/pro/Documents/a_env/proj_data/lib/python3.7/site-packages/airflow/example_dags/tutorial_etl_dag.py took 0.078 seconds
[2022-07-24 23:34:26,867] {processor.py:153} INFO - Started process (PID=15509) to work on /Users/pro/Documents/a_env/proj_data/lib/python3.7/site-packages/airflow/example_dags/tutorial_etl_dag.py
[2022-07-24 23:34:26,868] {processor.py:641} INFO - Processing file /Users/pro/Documents/a_env/proj_data/lib/python3.7/site-packages/airflow/example_dags/tutorial_etl_dag.py for tasks to queue
[2022-07-24 23:34:26,869] {logging_mixin.py:115} INFO - [2022-07-24 23:34:26,869] {dagbag.py:508} INFO - Filling up the DagBag from /Users/pro/Documents/a_env/proj_data/lib/python3.7/site-packages/airflow/example_dags/tutorial_etl_dag.py
[2022-07-24 23:34:26,882] {processor.py:651} INFO - DAG(s) dict_keys(['tutorial_etl_dag']) retrieved from /Users/pro/Documents/a_env/proj_data/lib/python3.7/site-packages/airflow/example_dags/tutorial_etl_dag.py
[2022-07-24 23:34:26,906] {logging_mixin.py:115} INFO - [2022-07-24 23:34:26,905] {dag.py:2420} INFO - Sync 1 DAGs
[2022-07-24 23:34:26,929] {logging_mixin.py:115} INFO - [2022-07-24 23:34:26,928] {dag.py:2972} INFO - Setting next_dagrun for tutorial_etl_dag to None, run_after=None
[2022-07-24 23:34:26,942] {processor.py:161} INFO - Processing /Users/pro/Documents/a_env/proj_data/lib/python3.7/site-packages/airflow/example_dags/tutorial_etl_dag.py took 0.080 seconds
